Academic license - for non-commercial use only
Gurobi Optimizer version 9.0.1 build v9.0.1rc0 (linux64)
Optimize a model with 355 rows, 353 columns and 1398 nonzeros
Model fingerprint: 0x368444e8
Model has 95 quadratic objective terms
Variable types: 224 continuous, 129 integer (129 binary)
Coefficient statistics:
  Matrix range     [5e-02, 1e+00]
  Objective range  [8e-03, 2e+00]
  QObjective range [2e+00, 2e+00]
  Bounds range     [1e+00, 1e+00]
  RHS range        [1e+00, 5e+00]
Found heuristic solution: objective 6.0410676
Presolve removed 65 rows and 65 columns
Presolve time: 0.01s
Presolved: 290 rows, 288 columns, 1322 nonzeros
Presolved model has 41 quadratic objective terms
Variable types: 159 continuous, 129 integer (129 binary)

Root relaxation: objective 2.815298e-01, 35 iterations, 0.00 seconds

    Nodes    |    Current Node    |     Objective Bounds      |     Work
 Expl Unexpl |  Obj  Depth IntInf | Incumbent    BestBd   Gap | It/Node Time

     0     0    0.28153    0    4    6.04107    0.28153  95.3%     -    0s
H    0     0                       0.2819208    0.28153  0.14%     -    0s
     0     0    0.28153    0    3    0.28192    0.28153  0.14%     -    0s
     0     0    0.28153    0    3    0.28192    0.28153  0.14%     -    0s
     0     0    0.28171    0    1    0.28192    0.28171  0.08%     -    0s
     0     0    0.28171    0    1    0.28192    0.28171  0.08%     -    0s
     0     2    0.28171    0    1    0.28192    0.28171  0.08%     -    0s

Explored 9 nodes (303 simplex iterations) in 0.04 seconds
Thread count was 1 (of 28 available processors)

Solution count 2: 0.281921 6.04107 

Optimal solution found (tolerance 1.00e-04)
Best objective 2.819208088735e-01, best bound 2.819208088735e-01, gap 0.0000%
Frob norm 1 after updating U: 0.530962
nrStrains is 129
size of _B is 95 x 129
size of _U is 129 x 1
size of boostB is 95 x 129
size of boostU is 129 x 1
