Academic license - for non-commercial use only
Gurobi Optimizer version 9.0.1 build v9.0.1rc0 (linux64)
Optimize a model with 355 rows, 353 columns and 1398 nonzeros
Model fingerprint: 0x141ceca8
Model has 95 quadratic objective terms
Variable types: 224 continuous, 129 integer (129 binary)
Coefficient statistics:
  Matrix range     [5e-02, 1e+00]
  Objective range  [7e-03, 2e+00]
  QObjective range [2e+00, 2e+00]
  Bounds range     [1e+00, 1e+00]
  RHS range        [1e+00, 1e+01]
Found heuristic solution: objective 2.5165976
Presolve removed 65 rows and 65 columns
Presolve time: 0.01s
Presolved: 290 rows, 288 columns, 1322 nonzeros
Presolved model has 41 quadratic objective terms
Variable types: 159 continuous, 129 integer (129 binary)

Root relaxation: objective 4.026464e-02, 45 iterations, 0.00 seconds

    Nodes    |    Current Node    |     Objective Bounds      |     Work
 Expl Unexpl |  Obj  Depth IntInf | Incumbent    BestBd   Gap | It/Node Time

     0     0    0.04026    0    5    2.51660    0.04026  98.4%     -    0s
H    0     0                       0.0569914    0.04026  29.3%     -    0s
H    0     0                       0.0403032    0.04026  0.10%     -    0s
     0     0    0.04026    0    4    0.04030    0.04026  0.10%     -    0s
     0     0    0.04026    0    4    0.04030    0.04026  0.10%     -    0s
     0     0    0.04027    0    4    0.04030    0.04027  0.09%     -    0s
     0     0    0.04030    0    4    0.04030    0.04030  0.01%     -    0s
     0     0     cutoff    0         0.04030    0.04030  0.00%     -    0s

Explored 1 nodes (135 simplex iterations) in 0.02 seconds
Thread count was 1 (of 28 available processors)

Solution count 3: 0.0403032 0.0569914 2.5166 

Optimal solution found (tolerance 1.00e-04)
Best objective 4.030317775427e-02, best bound 4.030317775427e-02, gap 0.0000%
Frob norm 1 after updating U: 0.200757
nrStrains is 129
size of _B is 95 x 129
size of _U is 129 x 1
size of boostB is 95 x 129
size of boostU is 129 x 1
