Academic license - for non-commercial use only
Gurobi Optimizer version 9.0.1 build v9.0.1rc0 (linux64)
Optimize a model with 355 rows, 353 columns and 1398 nonzeros
Model fingerprint: 0x0c6efaec
Model has 95 quadratic objective terms
Variable types: 224 continuous, 129 integer (129 binary)
Coefficient statistics:
  Matrix range     [5e-02, 1e+00]
  Objective range  [8e-03, 2e+00]
  QObjective range [2e+00, 2e+00]
  Bounds range     [1e+00, 1e+00]
  RHS range        [1e+00, 7e+00]
Found heuristic solution: objective 4.9627862
Presolve removed 65 rows and 65 columns
Presolve time: 0.01s
Presolved: 290 rows, 288 columns, 1322 nonzeros
Presolved model has 41 quadratic objective terms
Variable types: 159 continuous, 129 integer (129 binary)

Root relaxation: objective 1.754660e-02, 46 iterations, 0.00 seconds

    Nodes    |    Current Node    |     Objective Bounds      |     Work
 Expl Unexpl |  Obj  Depth IntInf | Incumbent    BestBd   Gap | It/Node Time

     0     0    0.01755    0    6    4.96279    0.01755   100%     -    0s
H    0     0                       0.0179417    0.01755  2.20%     -    0s
     0     0    0.01772    0    6    0.01794    0.01772  1.26%     -    0s
     0     0    0.01774    0    3    0.01794    0.01774  1.11%     -    0s
     0     0    0.01776    0    2    0.01794    0.01776  1.04%     -    0s
     0     0    0.01776    0    7    0.01794    0.01776  1.04%     -    0s
     0     0    0.01776    0    6    0.01794    0.01776  1.02%     -    0s
     0     0    0.01776    0    2    0.01794    0.01776  1.01%     -    0s
     0     0    0.01776    0    3    0.01794    0.01776  1.00%     -    0s
     0     0    0.01777    0    1    0.01794    0.01777  0.98%     -    0s
     0     0    0.01777    0    1    0.01794    0.01777  0.98%     -    0s
     0     0    0.01777    0    1    0.01794    0.01777  0.98%     -    0s
     0     0    0.01777    0    1    0.01794    0.01777  0.98%     -    0s
     0     2    0.01777    0    1    0.01794    0.01777  0.98%     -    0s

Explored 10 nodes (390 simplex iterations) in 0.06 seconds
Thread count was 1 (of 28 available processors)

Solution count 2: 0.0179417 4.96279 

Optimal solution found (tolerance 1.00e-04)
Best objective 1.794173053584e-02, best bound 1.794173053584e-02, gap 0.0000%
Frob norm 1 after updating U: 0.133947
nrStrains is 129
size of _B is 95 x 129
size of _U is 129 x 1
size of boostB is 95 x 129
size of boostU is 129 x 1
