Academic license - for non-commercial use only
Gurobi Optimizer version 9.0.1 build v9.0.1rc0 (linux64)
Optimize a model with 355 rows, 353 columns and 1398 nonzeros
Model fingerprint: 0x38516d8a
Model has 95 quadratic objective terms
Variable types: 224 continuous, 129 integer (129 binary)
Coefficient statistics:
  Matrix range     [5e-02, 1e+00]
  Objective range  [6e-03, 1e+00]
  QObjective range [2e+00, 2e+00]
  Bounds range     [1e+00, 1e+00]
  RHS range        [1e+00, 9e+00]
Found heuristic solution: objective 0.4489088
Presolve removed 65 rows and 65 columns
Presolve time: 0.01s
Presolved: 290 rows, 288 columns, 1322 nonzeros
Presolved model has 41 quadratic objective terms
Variable types: 159 continuous, 129 integer (129 binary)

Root relaxation: objective 2.854591e-03, 85 iterations, 0.00 seconds

    Nodes    |    Current Node    |     Objective Bounds      |     Work
 Expl Unexpl |  Obj  Depth IntInf | Incumbent    BestBd   Gap | It/Node Time

     0     0    0.00285    0   11    0.44891    0.00285  99.4%     -    0s
H    0     0                       0.0148201    0.00285  80.7%     -    0s
H    0     0                       0.0030581    0.00285  6.65%     -    0s
     0     0    0.00303    0    4    0.00306    0.00303  0.97%     -    0s
     0     0    0.00304    0    6    0.00306    0.00304  0.62%     -    0s
     0     0    0.00304    0    4    0.00306    0.00304  0.55%     -    0s
     0     0     cutoff    0         0.00306    0.00306  0.00%     -    0s

Explored 1 nodes (174 simplex iterations) in 0.02 seconds
Thread count was 1 (of 28 available processors)

Solution count 3: 0.00305807 0.0148201 0.448909 

Optimal solution found (tolerance 1.00e-04)
Best objective 3.058067255573e-03, best bound 3.058067255573e-03, gap 0.0000%
Frob norm 1 after updating U: 0.0552998
nrStrains is 129
size of _B is 95 x 129
size of _U is 129 x 1
size of boostB is 95 x 129
size of boostU is 129 x 1
