Academic license - for non-commercial use only
Frob norm 1 after updating U: 11.2796
200 iterations
f(b) = 49.2539
Frob norm 2 after updating B : 6.68046
Iteration number -------- 1  -----------
lambda : 1
max_diff => 0.104927
performed mixing
Frob norm 1 after updating U: 5.63412
200 iterations
f(b) = 44.3177
Frob norm 2 after updating B : 6.31689
Iteration number -------- 2  -----------
lambda : 1.005
max_diff => 0.101737
performed mixing
Frob norm 1 after updating U: 5.4567
200 iterations
f(b) = 40.4439
Frob norm 2 after updating B : 6.01982
Iteration number -------- 3  -----------
lambda : 1.01002
max_diff => 0.0970634
performed mixing
Frob norm 1 after updating U: 5.32935
200 iterations
f(b) = 37.4403
Frob norm 2 after updating B : 5.78813
Iteration number -------- 4  -----------
lambda : 1.01508
max_diff => 0.0916811
performed mixing
Frob norm 1 after updating U: 5.21726
200 iterations
f(b) = 35.1399
Frob norm 2 after updating B : 5.59532
Iteration number -------- 5  -----------
lambda : 1.02015
max_diff => 0.089969
performed mixing
Frob norm 1 after updating U: 5.17298
200 iterations
f(b) = 33.3492
Frob norm 2 after updating B : 5.47383
Iteration number -------- 6  -----------
lambda : 1.02525
max_diff => 0.0809599
performed mixing
Frob norm 1 after updating U: 5.11641
200 iterations
f(b) = 31.968
Frob norm 2 after updating B : 5.35765
Iteration number -------- 7  -----------
lambda : 1.03038
max_diff => 0.079401
performed mixing
Frob norm 1 after updating U: 5.08851
200 iterations
f(b) = 30.8283
Frob norm 2 after updating B : 5.29368
Iteration number -------- 8  -----------
lambda : 1.03553
max_diff => 0.0719719
performed mixing
Frob norm 1 after updating U: 5.06403
200 iterations
f(b) = 29.9163
Frob norm 2 after updating B : 5.2326
Iteration number -------- 9  -----------
lambda : 1.04071
max_diff => 0.0680635
performed mixing
Frob norm 1 after updating U: 5.04386
200 iterations
f(b) = 29.2277
Frob norm 2 after updating B : 5.1687
Iteration number -------- 10  -----------
lambda : 1.04591
max_diff => 0.0666244
performed mixing
Frob norm 1 after updating U: 5.03268
200 iterations
f(b) = 28.7139
Frob norm 2 after updating B : 5.12335
Iteration number -------- 11  -----------
lambda : 1.05114
max_diff => 0.0645326
performed mixing
Frob norm 1 after updating U: 5.01998
200 iterations
f(b) = 28.3365
Frob norm 2 after updating B : 5.08697
Iteration number -------- 12  -----------
lambda : 1.0564
max_diff => 0.0634415
performed mixing
Frob norm 1 after updating U: 5.00933
200 iterations
f(b) = 28.0325
Frob norm 2 after updating B : 5.05828
Iteration number -------- 13  -----------
lambda : 1.06168
max_diff => 0.0617458
performed mixing
Frob norm 1 after updating U: 4.99644
200 iterations
f(b) = 27.7551
Frob norm 2 after updating B : 5.01362
Iteration number -------- 14  -----------
lambda : 1.06699
max_diff => 0.0633965
performed mixing
Frob norm 1 after updating U: 4.93835
200 iterations
f(b) = 22.174
Frob norm 2 after updating B : 4.44015
Iteration number -------- 15  -----------
lambda : 1.07232
max_diff => 0.0593968
performed mixing
Frob norm 1 after updating U: 2.77391
200 iterations
f(b) = 16.8803
Frob norm 2 after updating B : 3.75596
Iteration number -------- 16  -----------
lambda : 1.07768
max_diff => 0.10664
performed mixing
Frob norm 1 after updating U: 2.22196
200 iterations
f(b) = 13.2854
Frob norm 2 after updating B : 3.25858
Iteration number -------- 17  -----------
lambda : 1.08307
max_diff => 0.143351
performed mixing
Frob norm 1 after updating U: 1.81057
200 iterations
f(b) = 10.7207
Frob norm 2 after updating B : 2.86286
Iteration number -------- 18  -----------
lambda : 1.08849
max_diff => 0.141626
performed mixing
Frob norm 1 after updating U: 1.50024
200 iterations
f(b) = 8.76498
Frob norm 2 after updating B : 2.52579
Iteration number -------- 19  -----------
lambda : 1.09393
max_diff => 0.126338
performed mixing
Frob norm 1 after updating U: 1.26499
200 iterations
f(b) = 7.2495
Frob norm 2 after updating B : 2.22401
Iteration number -------- 20  -----------
lambda : 1.0994
max_diff => 0.107278
performed mixing
Frob norm 1 after updating U: 1.10073
200 iterations
f(b) = 6.04932
Frob norm 2 after updating B : 1.99144
Iteration number -------- 21  -----------
lambda : 1.1049
max_diff => 0.0853547
performed mixing
Frob norm 1 after updating U: 0.917562
200 iterations
f(b) = 5.05026
Frob norm 2 after updating B : 1.75963
Iteration number -------- 22  -----------
lambda : 1.11042
max_diff => 0.0702881
performed mixing
Frob norm 1 after updating U: 0.812345
200 iterations
f(b) = 4.25682
Frob norm 2 after updating B : 1.57949
Iteration number -------- 23  -----------
lambda : 1.11597
max_diff => 0.0545965
performed mixing
Frob norm 1 after updating U: 0.696786
200 iterations
f(b) = 3.58066
Frob norm 2 after updating B : 1.43145
Iteration number -------- 24  -----------
lambda : 1.12155
max_diff => 0.04052
performed mixing
Frob norm 1 after updating U: 0.58793
200 iterations
f(b) = 3.00321
Frob norm 2 after updating B : 1.29659
Iteration number -------- 25  -----------
lambda : 1.12716
max_diff => 0.0297039
performed mixing
Frob norm 1 after updating U: 0.497374
200 iterations
f(b) = 2.58261
Frob norm 2 after updating B : 1.09358
Iteration number -------- 26  -----------
lambda : 1.1328
max_diff => 0.0290291
performed mixing
Frob norm 1 after updating U: 0.491523
200 iterations
f(b) = 2.14419
Frob norm 2 after updating B : 1.07352
Iteration number -------- 27  -----------
lambda : 1.13846
max_diff => 0.0175176
performed mixing
Frob norm 1 after updating U: 0.365103
200 iterations
f(b) = 1.74847
Frob norm 2 after updating B : 1.01916
Iteration number -------- 28  -----------
lambda : 1.14415
max_diff => 0.0106467
performed mixing
Frob norm 1 after updating U: 0.28025
200 iterations
f(b) = 1.45663
Frob norm 2 after updating B : 0.840946
Iteration number -------- 29  -----------
lambda : 1.14987
max_diff => 0.0105434
performed mixing
Frob norm 1 after updating U: 0.278753
200 iterations
f(b) = 1.13039
Frob norm 2 after updating B : 0.85356
Iteration number -------- 30  -----------
lambda : 1.15562
max_diff => 0.0047884
performed mixing
Frob norm 1 after updating U: 0.179299
200 iterations
f(b) = 0.859503
Frob norm 2 after updating B : 0.779528
Iteration number -------- 31  -----------
lambda : 1.1614
max_diff => 0.00250621
performed mixing
Frob norm 1 after updating U: 0.132019
200 iterations
f(b) = 0.683192
Frob norm 2 after updating B : 0.639627
Iteration number -------- 32  -----------
lambda : 1.16721
max_diff => 0.00233829
performed mixing
Frob norm 1 after updating U: 0.127903
200 iterations
f(b) = 0.4641
Frob norm 2 after updating B : 0.626999
Iteration number -------- 33  -----------
lambda : 1.17304
max_diff => 0.000246714
performed mixing
Frob norm 1 after updating U: 0.0536369
200 iterations
f(b) = 0.362625
Frob norm 2 after updating B : 0.506249
Iteration number -------- 34  -----------
lambda : 1.17891
max_diff => 0.000237802
performed mixing
Frob norm 1 after updating U: 0.0530617
200 iterations
f(b) = 0.226019
Frob norm 2 after updating B : 0.450309
Iteration number -------- 35  -----------
lambda : 1.1848
max_diff => 7.97211e-08
performed mixing
Frob norm 1 after updating U: 0.0150704
200 iterations
f(b) = 0.180471
Frob norm 2 after updating B : 0.360613
Iteration number -------- 36  -----------
lambda : 1.19073
max_diff => 7.29385e-08
performed mixing
Frob norm 1 after updating U: 0.0149492
200 iterations
f(b) = 0.13699
Frob norm 2 after updating B : 0.288657
Iteration number -------- 37  -----------
lambda : 1.19668
max_diff => 4.999e-08
performed mixing
Frob norm 1 after updating U: 0.0147656
200 iterations
f(b) = 0.0905836
Frob norm 2 after updating B : 0.231057
Iteration number -------- 38  -----------
lambda : 1.20266
max_diff => 7.32874e-08
performed mixing
Frob norm 1 after updating U: 0.0148236
200 iterations
f(b) = 0.0863142
Frob norm 2 after updating B : 0.18547
Iteration number -------- 39  -----------
lambda : 1.20868
max_diff => 4.999e-08
performed mixing
Frob norm 1 after updating U: 0.0147534
200 iterations
f(b) = 0.0673921
Frob norm 2 after updating B : 0.148671
Iteration number -------- 40  -----------
lambda : 1.21472
max_diff => 4.999e-08
performed mixing
Frob norm 1 after updating U: 0.0146992
200 iterations
f(b) = 0.0663712
Frob norm 2 after updating B : 0.119286
Iteration number -------- 41  -----------
lambda : 1.22079
max_diff => 4.999e-08
performed mixing
Frob norm 1 after updating U: 0.0146774
200 iterations
f(b) = 0.0307673
Frob norm 2 after updating B : 0.0960815
Iteration number -------- 42  -----------
lambda : 1.2269
max_diff => 4.999e-08
performed mixing
Frob norm 1 after updating U: 0.0147487
200 iterations
f(b) = 0.0560608
Frob norm 2 after updating B : 0.0774409
Iteration number -------- 43  -----------
lambda : 1.23303
max_diff => 4.999e-08
performed mixing
Frob norm 1 after updating U: 0.0146819
200 iterations
f(b) = 0.0466848
Frob norm 2 after updating B : 0.0627211
Iteration number -------- 44  -----------
lambda : 1.2392
max_diff => 4.999e-08
performed mixing
Frob norm 1 after updating U: 0.0148626
200 iterations
f(b) = 0.0250816
Frob norm 2 after updating B : 0.0510288
Iteration number -------- 45  -----------
lambda : 1.24539
max_diff => 4.999e-08
performed mixing
Frob norm 1 after updating U: 0.0148548
200 iterations
f(b) = 0.0247193
Frob norm 2 after updating B : 0.0420131
Iteration number -------- 46  -----------
lambda : 1.25162
max_diff => 4.999e-08
performed mixing
Frob norm 1 after updating U: 0.0148583
200 iterations
f(b) = 0.0219475
Frob norm 2 after updating B : 0.0346759
Iteration number -------- 47  -----------
lambda : 1.25788
max_diff => 4.999e-08
performed mixing
Frob norm 1 after updating U: 0.0148454
200 iterations
f(b) = 0.0217708
Frob norm 2 after updating B : 0.0294122
Iteration number -------- 48  -----------
lambda : 1.26417
max_diff => 4.999e-08
performed mixing
Frob norm 1 after updating U: 0.0148697
200 iterations
f(b) = 0.0212287
Frob norm 2 after updating B : 0.0253153
Iteration number -------- 49  -----------
lambda : 1.27049
max_diff => 4.999e-08
performed mixing
Frob norm 1 after updating U: 0.0150201
200 iterations
f(b) = 0.0196034
Frob norm 2 after updating B : 0.0220701
Iteration number -------- 50  -----------
lambda : 1.27684
max_diff => 4.999e-08
performed mixing
Frob norm 1 after updating U: 0.0148227
200 iterations
f(b) = 0.0196706
Frob norm 2 after updating B : 0.0199826
Iteration number -------- 51  -----------
lambda : 1.28323
max_diff => 4.999e-08
performed mixing
Frob norm 1 after updating U: 0.0148942
200 iterations
f(b) = 0.0190855
Frob norm 2 after updating B : 0.0183096
Iteration number -------- 52  -----------
lambda : 1.28964
max_diff => 4.999e-08
performed mixing
Frob norm 1 after updating U: 0.0149657
200 iterations
f(b) = 0.0227049
Frob norm 2 after updating B : 0.0171385
Iteration number -------- 53  -----------
lambda : 1.29609
max_diff => 4.999e-08
performed mixing
Frob norm 1 after updating U: 0.0146989
200 iterations
f(b) = 0.0229812
Frob norm 2 after updating B : 0.01663
Iteration number -------- 54  -----------
lambda : 1.30257
max_diff => 4.999e-08
performed mixing
Frob norm 1 after updating U: 0.0150081
200 iterations
f(b) = 0.0173314
Frob norm 2 after updating B : 0.0159715
Iteration number -------- 55  -----------
lambda : 1.30908
max_diff => 4.999e-08
performed mixing
Frob norm 1 after updating U: 0.0149619
200 iterations
f(b) = 0.0191621
Frob norm 2 after updating B : 0.0155897
Iteration number -------- 56  -----------
lambda : 1.31563
max_diff => 4.999e-08
performed mixing
Frob norm 1 after updating U: 0.0149102
200 iterations
f(b) = 0.0188476
Frob norm 2 after updating B : 0.0152433
Iteration number -------- 57  -----------
lambda : 1.32221
max_diff => 4.999e-08
performed mixing
Frob norm 1 after updating U: 0.0147165
200 iterations
f(b) = 0.0217909
Frob norm 2 after updating B : 0.0151366
Iteration number -------- 58  -----------
lambda : 1.32882
max_diff => 4.999e-08
performed mixing
Frob norm 1 after updating U: 0.0147368
200 iterations
f(b) = 0.015148
Frob norm 2 after updating B : 0.0150303
Iteration number -------- 59  -----------
lambda : 1.33546
max_diff => 4.999e-08
performed mixing
Frob norm 1 after updating U: 0.0147889
200 iterations
f(b) = 0.0181436
Frob norm 2 after updating B : 0.0149148
Iteration number -------- 60  -----------
lambda : 1.34214
max_diff => 4.999e-08
performed mixing
Frob norm 1 after updating U: 0.0147378
200 iterations
f(b) = 0.0180099
Frob norm 2 after updating B : 0.0148418
Iteration number -------- 61  -----------
lambda : 1.34885
max_diff => 4.999e-08
performed mixing
Frob norm 1 after updating U: 0.0147273
200 iterations
f(b) = 0.0176377
Frob norm 2 after updating B : 0.0146395
Iteration number -------- 62  -----------
lambda : 1.35559
max_diff => 4.999e-08
performed mixing
Frob norm 1 after updating U: 0.0145531
200 iterations
f(b) = 0.0167092
Frob norm 2 after updating B : 0.0146877
Iteration number -------- 63  -----------
lambda : 1.36237
max_diff => 4.999e-08
performed mixing
Frob norm 1 after updating U: 0.0146362
200 iterations
f(b) = 0.0223421
Frob norm 2 after updating B : 0.0147848
Iteration number -------- 64  -----------
lambda : 1.36918
max_diff => 4.999e-08
performed mixing
Frob norm 1 after updating U: 0.0147305
200 iterations
f(b) = 0.0202174
Frob norm 2 after updating B : 0.0149019
Iteration number -------- 65  -----------
lambda : 1.37603
max_diff => 4.999e-08
performed mixing
Frob norm 1 after updating U: 0.0148758
200 iterations
f(b) = 0.0200961
Frob norm 2 after updating B : 0.0148673
Iteration number -------- 66  -----------
lambda : 1.38291
max_diff => 4.999e-08
performed mixing
Frob norm 1 after updating U: 0.014844
200 iterations
f(b) = 0.0178319
Frob norm 2 after updating B : 0.0147603
Iteration number -------- 67  -----------
lambda : 1.38982
max_diff => 4.999e-08
performed mixing
Frob norm 1 after updating U: 0.0147447
200 iterations
f(b) = 0.0226399
Frob norm 2 after updating B : 0.0147515
Iteration number -------- 68  -----------
lambda : 1.39677
max_diff => 4.999e-08
performed mixing
Frob norm 1 after updating U: 0.0147338
200 iterations
f(b) = 0.0187219
Frob norm 2 after updating B : 0.0147172
Iteration number -------- 69  -----------
lambda : 1.40376
max_diff => 4.999e-08
performed mixing
Frob norm 1 after updating U: 0.0147051
200 iterations
f(b) = 0.0160408
Frob norm 2 after updating B : 0.0146277
Iteration number -------- 70  -----------
lambda : 1.41078
max_diff => 4.999e-08
performed mixing
Frob norm 1 after updating U: 0.0146144
200 iterations
f(b) = 0.0203508
Frob norm 2 after updating B : 0.0146949
Iteration number -------- 71  -----------
lambda : 1.41783
max_diff => 4.999e-08
performed mixing
Frob norm 1 after updating U: 0.0146861
200 iterations
f(b) = 0.0149248
Frob norm 2 after updating B : 0.0147543
Iteration number -------- 72  -----------
lambda : 1.42492
max_diff => 4.999e-08
performed mixing
Frob norm 1 after updating U: 0.0147469
200 iterations
f(b) = 0.0206781
Frob norm 2 after updating B : 0.0148291
Iteration number -------- 73  -----------
lambda : 1.43204
max_diff => 4.999e-08
performed mixing
Frob norm 1 after updating U: 0.0148183
200 iterations
f(b) = 0.0176368
Frob norm 2 after updating B : 0.0148411
Iteration number -------- 74  -----------
lambda : 1.4392
max_diff => 4.999e-08
performed mixing
Frob norm 1 after updating U: 0.0148341
200 iterations
f(b) = 0.0201282
Frob norm 2 after updating B : 0.0146357
Iteration number -------- 75  -----------
lambda : 1.4464
max_diff => 4.999e-08
performed mixing
Frob norm 1 after updating U: 0.0146328
200 iterations
f(b) = 0.0210114
Frob norm 2 after updating B : 0.0147104
Iteration number -------- 76  -----------
lambda : 1.45363
max_diff => 4.999e-08
performed mixing
Frob norm 1 after updating U: 0.0147074
200 iterations
f(b) = 0.0203333
Frob norm 2 after updating B : 0.0146306
Iteration number -------- 77  -----------
lambda : 1.4609
max_diff => 4.999e-08
performed mixing
Frob norm 1 after updating U: 0.0146253
200 iterations
f(b) = 0.0318239
Frob norm 2 after updating B : 0.0146753
Iteration number -------- 78  -----------
lambda : 1.46821
max_diff => 4.999e-08
performed mixing
Frob norm 1 after updating U: 0.0146699
200 iterations
f(b) = 0.0225655
Frob norm 2 after updating B : 0.0148898
Iteration number -------- 79  -----------
lambda : 1.47555
max_diff => 4.999e-08
performed mixing
Frob norm 1 after updating U: 0.0148829
200 iterations
f(b) = 0.0195408
Frob norm 2 after updating B : 0.0147357
Iteration number -------- 80  -----------
lambda : 1.48292
max_diff => 4.999e-08
performed mixing
Frob norm 1 after updating U: 0.0147311
200 iterations
f(b) = 0.0206736
Frob norm 2 after updating B : 0.0148112
Iteration number -------- 81  -----------
lambda : 1.49034
max_diff => 4.999e-08
performed mixing
Frob norm 1 after updating U: 0.0148058
200 iterations
f(b) = 0.0191989
Frob norm 2 after updating B : 0.0148284
Iteration number -------- 82  -----------
lambda : 1.49779
max_diff => 4.999e-08
performed mixing
Frob norm 1 after updating U: 0.0148252
200 iterations
f(b) = 0.0239585
Frob norm 2 after updating B : 0.0147701
Iteration number -------- 83  -----------
lambda : 1.50528
max_diff => 4.999e-08
performed mixing
Frob norm 1 after updating U: 0.0147654
200 iterations
f(b) = 0.0285524
Frob norm 2 after updating B : 0.0146051
Iteration number -------- 84  -----------
lambda : 1.51281
max_diff => 4.999e-08
performed mixing
Frob norm 1 after updating U: 0.0146011
200 iterations
f(b) = 0.020152
Frob norm 2 after updating B : 0.0147523
Iteration number -------- 85  -----------
lambda : 1.52037
max_diff => 4.999e-08
performed mixing
Frob norm 1 after updating U: 0.0147485
200 iterations
f(b) = 0.0385792
Frob norm 2 after updating B : 0.0145788
Iteration number -------- 86  -----------
lambda : 1.52797
max_diff => 4.999e-08
performed mixing
Frob norm 1 after updating U: 0.0145729
200 iterations
f(b) = 0.0230093
Frob norm 2 after updating B : 0.0148349
Iteration number -------- 87  -----------
lambda : 1.53561
max_diff => 4.999e-08
performed mixing
Frob norm 1 after updating U: 0.0148297
200 iterations
f(b) = 0.0121327
Frob norm 2 after updating B : 0.0148749
Iteration number -------- 88  -----------
lambda : 1.54329
max_diff => 4.999e-08
performed mixing
Frob norm 1 after updating U: 0.0148663
200 iterations
f(b) = 0.0213909
Frob norm 2 after updating B : 0.014676
Iteration number -------- 89  -----------
lambda : 1.55101
max_diff => 4.999e-08
performed mixing
Frob norm 1 after updating U: 0.0146731
200 iterations
f(b) = 0.0227341
Frob norm 2 after updating B : 0.0147071
Iteration number -------- 90  -----------
lambda : 1.55876
max_diff => 4.999e-08
performed mixing
Frob norm 1 after updating U: 0.0146976
200 iterations
f(b) = 0.0257375
Frob norm 2 after updating B : 0.0146934
Iteration number -------- 91  -----------
lambda : 1.56655
max_diff => 4.999e-08
performed mixing
Frob norm 1 after updating U: 0.014692
200 iterations
f(b) = 0.023987
Frob norm 2 after updating B : 0.0146492
Iteration number -------- 92  -----------
lambda : 1.57439
max_diff => 4.999e-08
performed mixing
Frob norm 1 after updating U: 0.0146424
200 iterations
f(b) = 0.0238138
Frob norm 2 after updating B : 0.0146951
Iteration number -------- 93  -----------
lambda : 1.58226
max_diff => 4.999e-08
performed mixing
Frob norm 1 after updating U: 0.0146924
200 iterations
f(b) = 0.0253657
Frob norm 2 after updating B : 0.0147902
Iteration number -------- 94  -----------
lambda : 1.59017
max_diff => 4.999e-08
performed mixing
Frob norm 1 after updating U: 0.0147891
200 iterations
f(b) = 0.0254543
Frob norm 2 after updating B : 0.0147542
Iteration number -------- 95  -----------
lambda : 1.59812
max_diff => 4.999e-08
performed mixing
Frob norm 1 after updating U: 0.0147488
200 iterations
f(b) = 0.023104
Frob norm 2 after updating B : 0.0149135
Iteration number -------- 96  -----------
lambda : 1.60611
max_diff => 4.999e-08
performed mixing
Frob norm 1 after updating U: 0.014907
200 iterations
f(b) = 0.0261742
Frob norm 2 after updating B : 0.0147965
Iteration number -------- 97  -----------
lambda : 1.61414
max_diff => 4.999e-08
performed mixing
Frob norm 1 after updating U: 0.0147936
200 iterations
f(b) = 0.0246024
Frob norm 2 after updating B : 0.0147157
Iteration number -------- 98  -----------
lambda : 1.62221
max_diff => 4.999e-08
performed mixing
Frob norm 1 after updating U: 0.0147128
200 iterations
f(b) = 0.0210521
Frob norm 2 after updating B : 0.0147675
Iteration number -------- 99  -----------
lambda : 1.63032
max_diff => 4.999e-08
performed mixing
Frob norm 1 after updating U: 0.0147647
200 iterations
f(b) = 0.024082
Frob norm 2 after updating B : 0.0147023
Iteration number -------- 100  -----------
lambda : 1.63848
max_diff => 4.999e-08
