Academic license - for non-commercial use only
Frob norm 1 after updating U: 10.6126
200 iterations
f(b) = 40.6625
Frob norm 2 after updating B : 5.91903
Iteration number -------- 1  -----------
lambda : 1
max_diff => 0.110982
performed mixing
Frob norm 1 after updating U: 5.11811
200 iterations
f(b) = 37.2618
Frob norm 2 after updating B : 5.64948
Iteration number -------- 2  -----------
lambda : 1.005
max_diff => 0.103615
performed mixing
Frob norm 1 after updating U: 5.00863
200 iterations
f(b) = 34.5383
Frob norm 2 after updating B : 5.44659
Iteration number -------- 3  -----------
lambda : 1.01002
max_diff => 0.0885907
performed mixing
Frob norm 1 after updating U: 4.92484
200 iterations
f(b) = 32.5211
Frob norm 2 after updating B : 5.27421
Iteration number -------- 4  -----------
lambda : 1.01508
max_diff => 0.0800544
performed mixing
Frob norm 1 after updating U: 4.86209
200 iterations
f(b) = 30.9699
Frob norm 2 after updating B : 5.1394
Iteration number -------- 5  -----------
lambda : 1.02015
max_diff => 0.0727308
performed mixing
Frob norm 1 after updating U: 4.82144
200 iterations
f(b) = 29.7766
Frob norm 2 after updating B : 5.03965
Iteration number -------- 6  -----------
lambda : 1.02525
max_diff => 0.0686207
performed mixing
Frob norm 1 after updating U: 4.78933
200 iterations
f(b) = 28.8403
Frob norm 2 after updating B : 4.96599
Iteration number -------- 7  -----------
lambda : 1.03038
max_diff => 0.0644504
performed mixing
Frob norm 1 after updating U: 4.7643
200 iterations
f(b) = 28.0683
Frob norm 2 after updating B : 4.91169
Iteration number -------- 8  -----------
lambda : 1.03553
max_diff => 0.0610925
performed mixing
Frob norm 1 after updating U: 4.74751
200 iterations
f(b) = 27.4983
Frob norm 2 after updating B : 4.85963
Iteration number -------- 9  -----------
lambda : 1.04071
max_diff => 0.0596679
performed mixing
Frob norm 1 after updating U: 4.73916
200 iterations
f(b) = 27.0517
Frob norm 2 after updating B : 4.82423
Iteration number -------- 10  -----------
lambda : 1.04591
max_diff => 0.0561875
performed mixing
Frob norm 1 after updating U: 4.72305
200 iterations
f(b) = 26.6912
Frob norm 2 after updating B : 4.79793
Iteration number -------- 11  -----------
lambda : 1.05114
max_diff => 0.0570669
performed mixing
Frob norm 1 after updating U: 4.71343
200 iterations
f(b) = 26.4336
Frob norm 2 after updating B : 4.76815
Iteration number -------- 12  -----------
lambda : 1.0564
max_diff => 0.0570936
performed mixing
Frob norm 1 after updating U: 4.71315
200 iterations
f(b) = 26.1803
Frob norm 2 after updating B : 4.76084
Iteration number -------- 13  -----------
lambda : 1.06168
max_diff => 0.0583212
performed mixing
Frob norm 1 after updating U: 4.70158
200 iterations
f(b) = 26
Frob norm 2 after updating B : 4.74012
Iteration number -------- 14  -----------
lambda : 1.06699
max_diff => 0.0583582
performed mixing
Frob norm 1 after updating U: 4.7013
200 iterations
f(b) = 25.8272
Frob norm 2 after updating B : 4.73339
Iteration number -------- 15  -----------
lambda : 1.07232
max_diff => 0.0591996
performed mixing
Frob norm 1 after updating U: 4.69441
200 iterations
f(b) = 25.6905
Frob norm 2 after updating B : 4.72664
Iteration number -------- 16  -----------
lambda : 1.07768
max_diff => 0.0593309
performed mixing
Frob norm 1 after updating U: 4.69341
200 iterations
f(b) = 25.6138
Frob norm 2 after updating B : 4.71491
Iteration number -------- 17  -----------
lambda : 1.08307
max_diff => 0.0593519
performed mixing
Frob norm 1 after updating U: 4.69334
200 iterations
f(b) = 25.5318
Frob norm 2 after updating B : 4.70742
Iteration number -------- 18  -----------
lambda : 1.08849
max_diff => 0.0594148
performed mixing
Frob norm 1 after updating U: 4.69298
200 iterations
f(b) = 25.4492
Frob norm 2 after updating B : 4.70996
Iteration number -------- 19  -----------
lambda : 1.09393
max_diff => 0.0602598
performed mixing
Frob norm 1 after updating U: 4.69002
200 iterations
f(b) = 25.4165
Frob norm 2 after updating B : 4.70309
Iteration number -------- 20  -----------
lambda : 1.0994
max_diff => 0.060267
performed mixing
Frob norm 1 after updating U: 4.69011
200 iterations
f(b) = 25.3559
Frob norm 2 after updating B : 4.70017
Iteration number -------- 21  -----------
lambda : 1.1049
max_diff => 0.0603181
performed mixing
Frob norm 1 after updating U: 4.69017
200 iterations
f(b) = 25.3352
Frob norm 2 after updating B : 4.69809
Iteration number -------- 22  -----------
lambda : 1.11042
max_diff => 0.0603262
performed mixing
Frob norm 1 after updating U: 4.6905
200 iterations
f(b) = 25.3026
Frob norm 2 after updating B : 4.69851
Iteration number -------- 23  -----------
lambda : 1.11597
max_diff => 0.0606287
performed mixing
Frob norm 1 after updating U: 4.69116
200 iterations
f(b) = 25.2968
Frob norm 2 after updating B : 4.69636
Iteration number -------- 24  -----------
lambda : 1.12155
max_diff => 0.0606603
performed mixing
Frob norm 1 after updating U: 4.69143
200 iterations
f(b) = 25.305
Frob norm 2 after updating B : 4.69447
Iteration number -------- 25  -----------
lambda : 1.12716
max_diff => 0.0606785
performed mixing
Frob norm 1 after updating U: 4.69126
200 iterations
f(b) = 25.3174
Frob norm 2 after updating B : 4.69327
Iteration number -------- 26  -----------
lambda : 1.1328
max_diff => 0.0606874
performed mixing
Frob norm 1 after updating U: 4.69121
200 iterations
f(b) = 25.325
Frob norm 2 after updating B : 4.6925
Iteration number -------- 27  -----------
lambda : 1.13846
max_diff => 0.060705
performed mixing
Frob norm 1 after updating U: 4.69116
200 iterations
f(b) = 25.3074
Frob norm 2 after updating B : 4.69203
Iteration number -------- 28  -----------
lambda : 1.14415
max_diff => 0.0607414
performed mixing
Frob norm 1 after updating U: 4.69113
200 iterations
f(b) = 25.3508
Frob norm 2 after updating B : 4.69158
Iteration number -------- 29  -----------
lambda : 1.14987
max_diff => 0.0607603
performed mixing
Frob norm 1 after updating U: 4.69099
200 iterations
f(b) = 25.3662
Frob norm 2 after updating B : 4.69144
Iteration number -------- 30  -----------
lambda : 1.15562
max_diff => 0.0607712
performed mixing
Frob norm 1 after updating U: 4.69106
200 iterations
f(b) = 25.3807
Frob norm 2 after updating B : 4.69128
Iteration number -------- 31  -----------
lambda : 1.1614
max_diff => 0.0607877
performed mixing
Frob norm 1 after updating U: 4.69103
200 iterations
f(b) = 25.3976
Frob norm 2 after updating B : 4.69117
Iteration number -------- 32  -----------
lambda : 1.16721
max_diff => 0.0608011
performed mixing
Frob norm 1 after updating U: 4.691
200 iterations
f(b) = 25.4061
Frob norm 2 after updating B : 4.69111
Iteration number -------- 33  -----------
lambda : 1.17304
max_diff => 0.0608159
performed mixing
Frob norm 1 after updating U: 4.691
200 iterations
f(b) = 25.4237
Frob norm 2 after updating B : 4.6909
Iteration number -------- 34  -----------
lambda : 1.17891
max_diff => 0.0608812
performed mixing
Frob norm 1 after updating U: 4.69082
200 iterations
f(b) = 25.4428
Frob norm 2 after updating B : 4.69085
Iteration number -------- 35  -----------
lambda : 1.1848
max_diff => 0.0608815
performed mixing
Frob norm 1 after updating U: 4.69078
200 iterations
f(b) = 25.4467
Frob norm 2 after updating B : 4.69081
Iteration number -------- 36  -----------
lambda : 1.19073
max_diff => 0.0609174
performed mixing
Frob norm 1 after updating U: 4.69076
200 iterations
f(b) = 25.4804
Frob norm 2 after updating B : 4.69078
Iteration number -------- 37  -----------
lambda : 1.19668
max_diff => 0.060923
performed mixing
Frob norm 1 after updating U: 4.69074
200 iterations
f(b) = 25.4965
Frob norm 2 after updating B : 4.6907
Iteration number -------- 38  -----------
lambda : 1.20266
max_diff => 0.0609406
performed mixing
Frob norm 1 after updating U: 4.69067
200 iterations
f(b) = 25.5092
Frob norm 2 after updating B : 4.69068
Iteration number -------- 39  -----------
lambda : 1.20868
max_diff => 0.0609721
performed mixing
Frob norm 1 after updating U: 4.69066
200 iterations
f(b) = 25.5348
Frob norm 2 after updating B : 4.6904
Iteration number -------- 40  -----------
lambda : 1.21472
max_diff => 0.0610169
performed mixing
Frob norm 1 after updating U: 4.69036
200 iterations
f(b) = 25.5415
Frob norm 2 after updating B : 4.6906
Iteration number -------- 41  -----------
lambda : 1.22079
max_diff => 0.0610692
performed mixing
Frob norm 1 after updating U: 4.69056
200 iterations
f(b) = 25.5727
Frob norm 2 after updating B : 4.68332
Iteration number -------- 42  -----------
lambda : 1.2269
max_diff => 0.0611771
performed mixing
Frob norm 1 after updating U: 4.68219
200 iterations
f(b) = 25.606
Frob norm 2 after updating B : 4.6836
Iteration number -------- 43  -----------
lambda : 1.23303
max_diff => 0.0611915
performed mixing
Frob norm 1 after updating U: 4.683
200 iterations
f(b) = 25.5997
Frob norm 2 after updating B : 4.68871
Iteration number -------- 44  -----------
lambda : 1.2392
max_diff => 0.0611964
performed mixing
Frob norm 1 after updating U: 4.68862
200 iterations
f(b) = 25.6226
Frob norm 2 after updating B : 4.689
Iteration number -------- 45  -----------
lambda : 1.24539
max_diff => 0.0612142
performed mixing
Frob norm 1 after updating U: 4.68894
200 iterations
f(b) = 25.6216
Frob norm 2 after updating B : 4.68974
Iteration number -------- 46  -----------
lambda : 1.25162
max_diff => 0.0612353
performed mixing
Frob norm 1 after updating U: 4.6897
200 iterations
f(b) = 25.6517
Frob norm 2 after updating B : 4.69036
Iteration number -------- 47  -----------
lambda : 1.25788
max_diff => 0.0612586
performed mixing
Frob norm 1 after updating U: 4.69031
200 iterations
f(b) = 25.6703
Frob norm 2 after updating B : 4.69052
Iteration number -------- 48  -----------
lambda : 1.26417
max_diff => 0.0612658
performed mixing
Frob norm 1 after updating U: 4.69048
200 iterations
f(b) = 25.6859
Frob norm 2 after updating B : 4.69071
Iteration number -------- 49  -----------
lambda : 1.27049
max_diff => 0.0612867
performed mixing
Frob norm 1 after updating U: 4.69068
200 iterations
f(b) = 25.6887
Frob norm 2 after updating B : 4.6912
Iteration number -------- 50  -----------
lambda : 1.27684
max_diff => 0.0613023
performed mixing
Frob norm 1 after updating U: 4.69115
200 iterations
f(b) = 25.7224
Frob norm 2 after updating B : 4.6912
Iteration number -------- 51  -----------
lambda : 1.28323
max_diff => 0.0613244
performed mixing
Frob norm 1 after updating U: 4.69116
200 iterations
f(b) = 25.7434
Frob norm 2 after updating B : 4.6912
Iteration number -------- 52  -----------
lambda : 1.28964
max_diff => 0.0613207
performed mixing
Frob norm 1 after updating U: 4.69118
200 iterations
f(b) = 25.7611
Frob norm 2 after updating B : 4.69119
Iteration number -------- 53  -----------
lambda : 1.29609
max_diff => 0.0613264
performed mixing
Frob norm 1 after updating U: 4.69117
200 iterations
f(b) = 25.7502
Frob norm 2 after updating B : 4.69118
Iteration number -------- 54  -----------
lambda : 1.30257
max_diff => 0.0613384
performed mixing
Frob norm 1 after updating U: 4.69117
200 iterations
f(b) = 25.7989
Frob norm 2 after updating B : 4.69117
Iteration number -------- 55  -----------
lambda : 1.30908
max_diff => 0.0613521
performed mixing
Frob norm 1 after updating U: 4.69117
200 iterations
f(b) = 25.8179
Frob norm 2 after updating B : 4.69121
Iteration number -------- 56  -----------
lambda : 1.31563
max_diff => 0.06137
performed mixing
Frob norm 1 after updating U: 4.6912
200 iterations
f(b) = 25.8375
Frob norm 2 after updating B : 4.69121
Iteration number -------- 57  -----------
lambda : 1.32221
max_diff => 0.0613769
performed mixing
Frob norm 1 after updating U: 4.69121
200 iterations
f(b) = 25.8555
Frob norm 2 after updating B : 4.6912
Iteration number -------- 58  -----------
lambda : 1.32882
max_diff => 0.0613858
performed mixing
Frob norm 1 after updating U: 4.69119
200 iterations
f(b) = 25.8746
Frob norm 2 after updating B : 4.69121
Iteration number -------- 59  -----------
lambda : 1.33546
max_diff => 0.0613906
performed mixing
Frob norm 1 after updating U: 4.69121
200 iterations
f(b) = 25.8881
Frob norm 2 after updating B : 4.69127
Iteration number -------- 60  -----------
lambda : 1.34214
max_diff => 0.061431
performed mixing
Frob norm 1 after updating U: 4.69126
200 iterations
f(b) = 25.8912
Frob norm 2 after updating B : 4.69131
Iteration number -------- 61  -----------
lambda : 1.34885
max_diff => 0.0614393
performed mixing
Frob norm 1 after updating U: 4.6913
200 iterations
f(b) = 25.9322
Frob norm 2 after updating B : 4.69134
Iteration number -------- 62  -----------
lambda : 1.35559
max_diff => 0.0614504
performed mixing
Frob norm 1 after updating U: 4.69133
200 iterations
f(b) = 25.9457
Frob norm 2 after updating B : 4.69133
Iteration number -------- 63  -----------
lambda : 1.36237
max_diff => 0.0614563
performed mixing
Frob norm 1 after updating U: 4.69132
200 iterations
f(b) = 25.9705
Frob norm 2 after updating B : 4.69139
Iteration number -------- 64  -----------
lambda : 1.36918
max_diff => 0.0614715
performed mixing
Frob norm 1 after updating U: 4.69138
200 iterations
f(b) = 25.9853
Frob norm 2 after updating B : 4.69138
Iteration number -------- 65  -----------
lambda : 1.37603
max_diff => 0.0614835
performed mixing
Frob norm 1 after updating U: 4.69137
200 iterations
f(b) = 26.0105
Frob norm 2 after updating B : 4.69141
Iteration number -------- 66  -----------
lambda : 1.38291
max_diff => 0.0614921
performed mixing
Frob norm 1 after updating U: 4.6914
200 iterations
f(b) = 26.0129
Frob norm 2 after updating B : 4.69163
Iteration number -------- 67  -----------
lambda : 1.38982
max_diff => 0.0615271
performed mixing
Frob norm 1 after updating U: 4.69162
200 iterations
f(b) = 26.0501
Frob norm 2 after updating B : 4.69164
Iteration number -------- 68  -----------
lambda : 1.39677
max_diff => 0.061533
performed mixing
Frob norm 1 after updating U: 4.69163
200 iterations
f(b) = 26.0588
Frob norm 2 after updating B : 4.69201
Iteration number -------- 69  -----------
lambda : 1.40376
max_diff => 0.0615681
performed mixing
Frob norm 1 after updating U: 4.692
200 iterations
f(b) = 26.0909
Frob norm 2 after updating B : 4.69201
Iteration number -------- 70  -----------
lambda : 1.41078
max_diff => 0.0615621
performed mixing
Frob norm 1 after updating U: 4.69201
200 iterations
f(b) = 26.0941
Frob norm 2 after updating B : 4.69204
Iteration number -------- 71  -----------
lambda : 1.41783
max_diff => 0.0615686
performed mixing
Frob norm 1 after updating U: 4.69204
200 iterations
f(b) = 26.1326
Frob norm 2 after updating B : 4.69202
Iteration number -------- 72  -----------
lambda : 1.42492
max_diff => 0.0615704
performed mixing
Frob norm 1 after updating U: 4.69202
200 iterations
f(b) = 26.1536
Frob norm 2 after updating B : 4.69208
Iteration number -------- 73  -----------
lambda : 1.43204
max_diff => 0.0615745
performed mixing
Frob norm 1 after updating U: 4.69207
200 iterations
f(b) = 26.1737
Frob norm 2 after updating B : 4.69206
Iteration number -------- 74  -----------
lambda : 1.4392
max_diff => 0.0615737
performed mixing
Frob norm 1 after updating U: 4.69206
200 iterations
f(b) = 26.1947
Frob norm 2 after updating B : 4.69208
Iteration number -------- 75  -----------
lambda : 1.4464
max_diff => 0.0615799
performed mixing
Frob norm 1 after updating U: 4.69208
200 iterations
f(b) = 26.2154
Frob norm 2 after updating B : 4.69205
Iteration number -------- 76  -----------
lambda : 1.45363
max_diff => 0.0615817
performed mixing
Frob norm 1 after updating U: 4.69205
200 iterations
f(b) = 26.2369
Frob norm 2 after updating B : 4.69211
Iteration number -------- 77  -----------
lambda : 1.4609
max_diff => 0.0615835
performed mixing
Frob norm 1 after updating U: 4.69211
200 iterations
f(b) = 26.2559
Frob norm 2 after updating B : 4.69217
Iteration number -------- 78  -----------
lambda : 1.46821
max_diff => 0.0615876
performed mixing
Frob norm 1 after updating U: 4.69216
200 iterations
f(b) = 26.2775
Frob norm 2 after updating B : 4.69221
Iteration number -------- 79  -----------
lambda : 1.47555
max_diff => 0.0615923
performed mixing
Frob norm 1 after updating U: 4.69221
200 iterations
f(b) = 26.3002
Frob norm 2 after updating B : 4.6922
Iteration number -------- 80  -----------
lambda : 1.48292
max_diff => 0.0615952
performed mixing
Frob norm 1 after updating U: 4.6922
200 iterations
f(b) = 26.321
Frob norm 2 after updating B : 4.69223
Iteration number -------- 81  -----------
lambda : 1.49034
max_diff => 0.0616015
performed mixing
Frob norm 1 after updating U: 4.69222
200 iterations
f(b) = 26.341
Frob norm 2 after updating B : 4.69227
Iteration number -------- 82  -----------
lambda : 1.49779
max_diff => 0.0616063
performed mixing
Frob norm 1 after updating U: 4.69227
200 iterations
f(b) = 26.364
Frob norm 2 after updating B : 4.69232
Iteration number -------- 83  -----------
lambda : 1.50528
max_diff => 0.0616067
performed mixing
Frob norm 1 after updating U: 4.69232
200 iterations
f(b) = 26.3853
Frob norm 2 after updating B : 4.69235
Iteration number -------- 84  -----------
lambda : 1.51281
max_diff => 0.0616062
performed mixing
Frob norm 1 after updating U: 4.69235
200 iterations
f(b) = 26.4073
Frob norm 2 after updating B : 4.69239
Iteration number -------- 85  -----------
lambda : 1.52037
max_diff => 0.0616084
performed mixing
Frob norm 1 after updating U: 4.69239
200 iterations
f(b) = 26.3852
Frob norm 2 after updating B : 4.69249
Iteration number -------- 86  -----------
lambda : 1.52797
max_diff => 0.0616086
performed mixing
Frob norm 1 after updating U: 4.69249
200 iterations
f(b) = 26.4517
Frob norm 2 after updating B : 4.69255
Iteration number -------- 87  -----------
lambda : 1.53561
max_diff => 0.0616127
performed mixing
Frob norm 1 after updating U: 4.69255
200 iterations
f(b) = 26.4723
Frob norm 2 after updating B : 4.69259
Iteration number -------- 88  -----------
lambda : 1.54329
max_diff => 0.0616121
performed mixing
Frob norm 1 after updating U: 4.69259
200 iterations
f(b) = 26.4947
Frob norm 2 after updating B : 4.69264
Iteration number -------- 89  -----------
lambda : 1.55101
max_diff => 0.0616126
performed mixing
Frob norm 1 after updating U: 4.69264
200 iterations
f(b) = 26.516
Frob norm 2 after updating B : 4.69269
Iteration number -------- 90  -----------
lambda : 1.55876
max_diff => 0.0616133
performed mixing
Frob norm 1 after updating U: 4.69269
200 iterations
f(b) = 26.5397
Frob norm 2 after updating B : 4.69279
Iteration number -------- 91  -----------
lambda : 1.56655
max_diff => 0.0616154
performed mixing
Frob norm 1 after updating U: 4.69279
200 iterations
f(b) = 26.5633
Frob norm 2 after updating B : 4.69288
Iteration number -------- 92  -----------
lambda : 1.57439
max_diff => 0.0616157
performed mixing
Frob norm 1 after updating U: 4.69287
200 iterations
f(b) = 26.5861
Frob norm 2 after updating B : 4.69286
Iteration number -------- 93  -----------
lambda : 1.58226
max_diff => 0.0616176
performed mixing
Frob norm 1 after updating U: 4.69285
200 iterations
f(b) = 26.6041
Frob norm 2 after updating B : 4.69292
Iteration number -------- 94  -----------
lambda : 1.59017
max_diff => 0.0616202
performed mixing
Frob norm 1 after updating U: 4.69292
200 iterations
f(b) = 26.6312
Frob norm 2 after updating B : 4.69297
Iteration number -------- 95  -----------
lambda : 1.59812
max_diff => 0.0616224
performed mixing
Frob norm 1 after updating U: 4.69297
200 iterations
f(b) = 26.6529
Frob norm 2 after updating B : 4.69301
Iteration number -------- 96  -----------
lambda : 1.60611
max_diff => 0.0616283
performed mixing
Frob norm 1 after updating U: 4.69301
200 iterations
f(b) = 26.6773
Frob norm 2 after updating B : 4.69307
Iteration number -------- 97  -----------
lambda : 1.61414
max_diff => 0.0616357
performed mixing
Frob norm 1 after updating U: 4.69307
200 iterations
f(b) = 26.691
Frob norm 2 after updating B : 4.69322
Iteration number -------- 98  -----------
lambda : 1.62221
max_diff => 0.0616332
performed mixing
Frob norm 1 after updating U: 4.69321
200 iterations
f(b) = 26.7181
Frob norm 2 after updating B : 4.69341
Iteration number -------- 99  -----------
lambda : 1.63032
max_diff => 0.0616281
performed mixing
Frob norm 1 after updating U: 4.69341
200 iterations
f(b) = 26.7468
Frob norm 2 after updating B : 4.69344
Iteration number -------- 100  -----------
lambda : 1.63848
max_diff => 0.0616312
