Academic license - for non-commercial use only
Frob norm 1 after updating U: 11.3127
200 iterations
f(b) = 79.8352
Frob norm 2 after updating B : 8.21813
Iteration number -------- 1  -----------
lambda : 1
max_diff => 0.119778
performed mixing
Frob norm 1 after updating U: 7.4273
200 iterations
f(b) = 74.2185
Frob norm 2 after updating B : 7.89078
Iteration number -------- 2  -----------
lambda : 1.005
max_diff => 0.166939
performed mixing
Frob norm 1 after updating U: 7.09428
200 iterations
f(b) = 68.0104
Frob norm 2 after updating B : 7.61976
Iteration number -------- 3  -----------
lambda : 1.01002
max_diff => 0.102097
performed mixing
Frob norm 1 after updating U: 6.8477
200 iterations
f(b) = 63.7443
Frob norm 2 after updating B : 7.36162
Iteration number -------- 4  -----------
lambda : 1.01508
max_diff => 0.107642
performed mixing
Frob norm 1 after updating U: 6.76352
200 iterations
f(b) = 60.3262
Frob norm 2 after updating B : 7.16528
Iteration number -------- 5  -----------
lambda : 1.02015
max_diff => 0.114308
performed mixing
Frob norm 1 after updating U: 6.65162
200 iterations
f(b) = 57.6891
Frob norm 2 after updating B : 6.9857
Iteration number -------- 6  -----------
lambda : 1.02525
max_diff => 0.116805
performed mixing
Frob norm 1 after updating U: 6.5997
200 iterations
f(b) = 55.7193
Frob norm 2 after updating B : 6.84825
Iteration number -------- 7  -----------
lambda : 1.03038
max_diff => 0.119744
performed mixing
Frob norm 1 after updating U: 6.54221
200 iterations
f(b) = 54.1845
Frob norm 2 after updating B : 6.74648
Iteration number -------- 8  -----------
lambda : 1.03553
max_diff => 0.121149
performed mixing
Frob norm 1 after updating U: 6.49357
200 iterations
f(b) = 52.9472
Frob norm 2 after updating B : 6.65707
Iteration number -------- 9  -----------
lambda : 1.04071
max_diff => 0.121729
performed mixing
Frob norm 1 after updating U: 6.45751
200 iterations
f(b) = 51.951
Frob norm 2 after updating B : 6.59269
Iteration number -------- 10  -----------
lambda : 1.04591
max_diff => 0.121609
performed mixing
Frob norm 1 after updating U: 6.42202
200 iterations
f(b) = 51.0685
Frob norm 2 after updating B : 6.5363
Iteration number -------- 11  -----------
lambda : 1.05114
max_diff => 0.120257
performed mixing
Frob norm 1 after updating U: 6.38031
200 iterations
f(b) = 50.4403
Frob norm 2 after updating B : 6.48092
Iteration number -------- 12  -----------
lambda : 1.0564
max_diff => 0.120202
performed mixing
Frob norm 1 after updating U: 6.37947
200 iterations
f(b) = 49.8087
Frob norm 2 after updating B : 6.44514
Iteration number -------- 13  -----------
lambda : 1.06168
max_diff => 0.115993
performed mixing
Frob norm 1 after updating U: 6.33162
200 iterations
f(b) = 45.6729
Frob norm 2 after updating B : 6.13025
Iteration number -------- 14  -----------
lambda : 1.06699
max_diff => 0.110533
performed mixing
Frob norm 1 after updating U: 5.78337
200 iterations
f(b) = 44.096
Frob norm 2 after updating B : 6.03423
Iteration number -------- 15  -----------
lambda : 1.07232
max_diff => 0.107328
performed mixing
Frob norm 1 after updating U: 5.76389
200 iterations
f(b) = 42.9731
Frob norm 2 after updating B : 5.9446
Iteration number -------- 16  -----------
lambda : 1.07768
max_diff => 0.104131
performed mixing
Frob norm 1 after updating U: 5.74815
200 iterations
f(b) = 41.8242
Frob norm 2 after updating B : 5.84931
Iteration number -------- 17  -----------
lambda : 1.08307
max_diff => 0.0860204
performed mixing
Frob norm 1 after updating U: 5.60397
200 iterations
f(b) = 40.8307
Frob norm 2 after updating B : 5.76336
Iteration number -------- 18  -----------
lambda : 1.08849
max_diff => 0.086098
performed mixing
Frob norm 1 after updating U: 5.60254
200 iterations
f(b) = 39.5762
Frob norm 2 after updating B : 5.65291
Iteration number -------- 19  -----------
lambda : 1.09393
max_diff => 0.0730601
performed mixing
Frob norm 1 after updating U: 5.46235
200 iterations
f(b) = 35.9169
Frob norm 2 after updating B : 5.39326
Iteration number -------- 20  -----------
lambda : 1.0994
max_diff => 0.0752027
performed mixing
Frob norm 1 after updating U: 5.15281
200 iterations
f(b) = 34.9694
Frob norm 2 after updating B : 5.31383
Iteration number -------- 21  -----------
lambda : 1.1049
max_diff => 0.0750644
performed mixing
Frob norm 1 after updating U: 5.15142
200 iterations
f(b) = 34.4187
Frob norm 2 after updating B : 5.25767
Iteration number -------- 22  -----------
lambda : 1.11042
max_diff => 0.0750608
performed mixing
Frob norm 1 after updating U: 5.151
200 iterations
f(b) = 33.8091
Frob norm 2 after updating B : 5.22733
Iteration number -------- 23  -----------
lambda : 1.11597
max_diff => 0.076725
performed mixing
Frob norm 1 after updating U: 5.11908
200 iterations
f(b) = 33.4837
Frob norm 2 after updating B : 5.18969
Iteration number -------- 24  -----------
lambda : 1.12155
max_diff => 0.0767709
performed mixing
Frob norm 1 after updating U: 5.11776
200 iterations
f(b) = 33.2461
Frob norm 2 after updating B : 5.16238
Iteration number -------- 25  -----------
lambda : 1.12716
max_diff => 0.0769098
performed mixing
Frob norm 1 after updating U: 5.11273
200 iterations
f(b) = 30.2031
Frob norm 2 after updating B : 4.63693
Iteration number -------- 26  -----------
lambda : 1.1328
max_diff => 0.0786817
performed mixing
Frob norm 1 after updating U: 4.19836
200 iterations
f(b) = 26.3829
Frob norm 2 after updating B : 4.49932
Iteration number -------- 27  -----------
lambda : 1.13846
max_diff => 0.113461
performed mixing
Frob norm 1 after updating U: 4.07026
200 iterations
f(b) = 23.912
Frob norm 2 after updating B : 4.19791
Iteration number -------- 28  -----------
lambda : 1.14415
max_diff => 0.0796536
performed mixing
Frob norm 1 after updating U: 3.75475
200 iterations
f(b) = 22.3258
Frob norm 2 after updating B : 4.06946
Iteration number -------- 29  -----------
lambda : 1.14987
max_diff => 0.0841513
performed mixing
Frob norm 1 after updating U: 3.70579
200 iterations
f(b) = 20.6494
Frob norm 2 after updating B : 3.93167
Iteration number -------- 30  -----------
lambda : 1.15562
max_diff => 0.121834
performed mixing
Frob norm 1 after updating U: 3.32181
200 iterations
f(b) = 17.9262
Frob norm 2 after updating B : 3.75336
Iteration number -------- 31  -----------
lambda : 1.1614
max_diff => 0.0553184
performed mixing
Frob norm 1 after updating U: 3.12925
200 iterations
f(b) = 16.0912
Frob norm 2 after updating B : 3.55761
Iteration number -------- 32  -----------
lambda : 1.16721
max_diff => 0.0548944
performed mixing
Frob norm 1 after updating U: 3.13246
200 iterations
f(b) = 15.1009
Frob norm 2 after updating B : 3.41375
Iteration number -------- 33  -----------
lambda : 1.17304
max_diff => 0.0548868
performed mixing
Frob norm 1 after updating U: 3.13262
200 iterations
f(b) = 14.4586
Frob norm 2 after updating B : 3.31704
Iteration number -------- 34  -----------
lambda : 1.17891
max_diff => 0.054886
performed mixing
Frob norm 1 after updating U: 3.13267
200 iterations
f(b) = 13.9848
Frob norm 2 after updating B : 3.25835
Iteration number -------- 35  -----------
lambda : 1.1848
max_diff => 0.0548811
performed mixing
Frob norm 1 after updating U: 3.13636
200 iterations
f(b) = 13.7286
Frob norm 2 after updating B : 3.21612
Iteration number -------- 36  -----------
lambda : 1.19073
max_diff => 0.0548593
performed mixing
Frob norm 1 after updating U: 3.13644
200 iterations
f(b) = 13.5729
Frob norm 2 after updating B : 3.18845
Iteration number -------- 37  -----------
lambda : 1.19668
max_diff => 0.0548552
performed mixing
Frob norm 1 after updating U: 3.1365
200 iterations
f(b) = 13.457
Frob norm 2 after updating B : 3.17102
Iteration number -------- 38  -----------
lambda : 1.20266
max_diff => 0.0548186
performed mixing
Frob norm 1 after updating U: 3.13679
200 iterations
f(b) = 13.3949
Frob norm 2 after updating B : 3.15964
Iteration number -------- 39  -----------
lambda : 1.20868
max_diff => 0.0548284
performed mixing
Frob norm 1 after updating U: 3.13701
200 iterations
f(b) = 13.3097
Frob norm 2 after updating B : 3.15389
Iteration number -------- 40  -----------
lambda : 1.21472
max_diff => 0.0548692
performed mixing
Frob norm 1 after updating U: 3.13791
200 iterations
f(b) = 13.2821
Frob norm 2 after updating B : 3.14929
Iteration number -------- 41  -----------
lambda : 1.22079
max_diff => 0.0548749
performed mixing
Frob norm 1 after updating U: 3.13853
200 iterations
f(b) = 13.2865
Frob norm 2 after updating B : 3.14591
Iteration number -------- 42  -----------
lambda : 1.2269
max_diff => 0.054891
performed mixing
Frob norm 1 after updating U: 3.13875
200 iterations
f(b) = 13.2734
Frob norm 2 after updating B : 3.14386
Iteration number -------- 43  -----------
lambda : 1.23303
max_diff => 0.0548838
performed mixing
Frob norm 1 after updating U: 3.13905
200 iterations
f(b) = 13.293
Frob norm 2 after updating B : 3.14239
Iteration number -------- 44  -----------
lambda : 1.2392
max_diff => 0.0548929
performed mixing
Frob norm 1 after updating U: 3.13916
200 iterations
f(b) = 13.2975
Frob norm 2 after updating B : 3.1414
Iteration number -------- 45  -----------
lambda : 1.24539
max_diff => 0.0549092
performed mixing
Frob norm 1 after updating U: 3.13918
200 iterations
f(b) = 13.3115
Frob norm 2 after updating B : 3.14085
Iteration number -------- 46  -----------
lambda : 1.25162
max_diff => 0.0549126
performed mixing
Frob norm 1 after updating U: 3.13934
200 iterations
f(b) = 13.3198
Frob norm 2 after updating B : 3.14053
Iteration number -------- 47  -----------
lambda : 1.25788
max_diff => 0.0549222
performed mixing
Frob norm 1 after updating U: 3.13947
200 iterations
f(b) = 13.3367
Frob norm 2 after updating B : 3.14034
Iteration number -------- 48  -----------
lambda : 1.26417
max_diff => 0.054945
performed mixing
Frob norm 1 after updating U: 3.13959
200 iterations
f(b) = 13.3409
Frob norm 2 after updating B : 3.14018
Iteration number -------- 49  -----------
lambda : 1.27049
max_diff => 0.0549517
performed mixing
Frob norm 1 after updating U: 3.13965
200 iterations
f(b) = 13.3664
Frob norm 2 after updating B : 3.14004
Iteration number -------- 50  -----------
lambda : 1.27684
max_diff => 0.0549598
performed mixing
Frob norm 1 after updating U: 3.13965
200 iterations
f(b) = 13.3804
Frob norm 2 after updating B : 3.13996
Iteration number -------- 51  -----------
lambda : 1.28323
max_diff => 0.0549737
performed mixing
Frob norm 1 after updating U: 3.13968
200 iterations
f(b) = 13.3933
Frob norm 2 after updating B : 3.14007
Iteration number -------- 52  -----------
lambda : 1.28964
max_diff => 0.054972
performed mixing
Frob norm 1 after updating U: 3.13986
200 iterations
f(b) = 13.4039
Frob norm 2 after updating B : 3.14003
Iteration number -------- 53  -----------
lambda : 1.29609
max_diff => 0.0549728
performed mixing
Frob norm 1 after updating U: 3.13986
200 iterations
f(b) = 13.4185
Frob norm 2 after updating B : 3.13999
Iteration number -------- 54  -----------
lambda : 1.30257
max_diff => 0.0549811
performed mixing
Frob norm 1 after updating U: 3.13985
200 iterations
f(b) = 13.3932
Frob norm 2 after updating B : 3.14003
Iteration number -------- 55  -----------
lambda : 1.30908
max_diff => 0.0549484
performed mixing
Frob norm 1 after updating U: 3.13988
200 iterations
f(b) = 13.4404
Frob norm 2 after updating B : 3.14024
Iteration number -------- 56  -----------
lambda : 1.31563
max_diff => 0.0549599
performed mixing
Frob norm 1 after updating U: 3.14012
200 iterations
f(b) = 13.4577
Frob norm 2 after updating B : 3.14022
Iteration number -------- 57  -----------
lambda : 1.32221
max_diff => 0.0549552
performed mixing
Frob norm 1 after updating U: 3.14011
200 iterations
f(b) = 13.4625
Frob norm 2 after updating B : 3.14058
Iteration number -------- 58  -----------
lambda : 1.32882
max_diff => 0.0549342
performed mixing
Frob norm 1 after updating U: 3.14048
200 iterations
f(b) = 13.4824
Frob norm 2 after updating B : 3.14083
Iteration number -------- 59  -----------
lambda : 1.33546
max_diff => 0.0549327
performed mixing
Frob norm 1 after updating U: 3.14075
200 iterations
f(b) = 13.4972
Frob norm 2 after updating B : 3.14103
Iteration number -------- 60  -----------
lambda : 1.34214
max_diff => 0.0549385
performed mixing
Frob norm 1 after updating U: 3.14096
200 iterations
f(b) = 13.5128
Frob norm 2 after updating B : 3.14115
Iteration number -------- 61  -----------
lambda : 1.34885
max_diff => 0.054959
performed mixing
Frob norm 1 after updating U: 3.14109
200 iterations
f(b) = 13.5302
Frob norm 2 after updating B : 3.14138
Iteration number -------- 62  -----------
lambda : 1.35559
max_diff => 0.0549566
performed mixing
Frob norm 1 after updating U: 3.14133
200 iterations
f(b) = 13.5474
Frob norm 2 after updating B : 3.14151
Iteration number -------- 63  -----------
lambda : 1.36237
max_diff => 0.0549657
performed mixing
Frob norm 1 after updating U: 3.14146
200 iterations
f(b) = 13.559
Frob norm 2 after updating B : 3.14168
Iteration number -------- 64  -----------
lambda : 1.36918
max_diff => 0.0549697
performed mixing
Frob norm 1 after updating U: 3.14163
200 iterations
f(b) = 13.5484
Frob norm 2 after updating B : 3.14216
Iteration number -------- 65  -----------
lambda : 1.37603
max_diff => 0.054967
performed mixing
Frob norm 1 after updating U: 3.1421
200 iterations
f(b) = 13.5866
Frob norm 2 after updating B : 3.14244
Iteration number -------- 66  -----------
lambda : 1.38291
max_diff => 0.0549559
performed mixing
Frob norm 1 after updating U: 3.14238
200 iterations
f(b) = 13.5978
Frob norm 2 after updating B : 3.14277
Iteration number -------- 67  -----------
lambda : 1.38982
max_diff => 0.0549343
performed mixing
Frob norm 1 after updating U: 3.14271
200 iterations
f(b) = 13.5757
Frob norm 2 after updating B : 3.14341
Iteration number -------- 68  -----------
lambda : 1.39677
max_diff => 0.054942
performed mixing
Frob norm 1 after updating U: 3.14333
200 iterations
f(b) = 13.622
Frob norm 2 after updating B : 3.14381
Iteration number -------- 69  -----------
lambda : 1.40376
max_diff => 0.0549367
performed mixing
Frob norm 1 after updating U: 3.14374
200 iterations
f(b) = 13.6399
Frob norm 2 after updating B : 3.14411
Iteration number -------- 70  -----------
lambda : 1.41078
max_diff => 0.0549364
performed mixing
Frob norm 1 after updating U: 3.14404
200 iterations
f(b) = 13.6431
Frob norm 2 after updating B : 3.14471
Iteration number -------- 71  -----------
lambda : 1.41783
max_diff => 0.0549314
performed mixing
Frob norm 1 after updating U: 3.14463
200 iterations
f(b) = 13.6602
Frob norm 2 after updating B : 3.14512
Iteration number -------- 72  -----------
lambda : 1.42492
max_diff => 0.0549167
performed mixing
Frob norm 1 after updating U: 3.14504
200 iterations
f(b) = 13.6666
Frob norm 2 after updating B : 3.14598
Iteration number -------- 73  -----------
lambda : 1.43204
max_diff => 0.0549138
performed mixing
Frob norm 1 after updating U: 3.14589
200 iterations
f(b) = 13.689
Frob norm 2 after updating B : 3.14646
Iteration number -------- 74  -----------
lambda : 1.4392
max_diff => 0.0549212
performed mixing
Frob norm 1 after updating U: 3.14637
200 iterations
f(b) = 13.5794
Frob norm 2 after updating B : 3.15497
Iteration number -------- 75  -----------
lambda : 1.4464
max_diff => 0.0550218
performed mixing
Frob norm 1 after updating U: 3.15368
200 iterations
f(b) = 13.6214
Frob norm 2 after updating B : 3.15482
Iteration number -------- 76  -----------
lambda : 1.45363
max_diff => 0.0550052
performed mixing
Frob norm 1 after updating U: 3.15396
200 iterations
f(b) = 13.6477
Frob norm 2 after updating B : 3.15463
Iteration number -------- 77  -----------
lambda : 1.4609
max_diff => 0.0550058
performed mixing
Frob norm 1 after updating U: 3.15407
200 iterations
f(b) = 13.6599
Frob norm 2 after updating B : 3.15484
Iteration number -------- 78  -----------
lambda : 1.46821
max_diff => 0.0550101
performed mixing
Frob norm 1 after updating U: 3.15446
200 iterations
f(b) = 13.6722
Frob norm 2 after updating B : 3.15504
Iteration number -------- 79  -----------
lambda : 1.47555
max_diff => 0.0550049
performed mixing
Frob norm 1 after updating U: 3.15477
200 iterations
f(b) = 13.7401
Frob norm 2 after updating B : 3.12097
Iteration number -------- 80  -----------
lambda : 1.48292
max_diff => 0.0540764
performed mixing
Frob norm 1 after updating U: 3.11774
200 iterations
f(b) = 13.7944
Frob norm 2 after updating B : 3.12026
Iteration number -------- 81  -----------
lambda : 1.49034
max_diff => 0.0540619
performed mixing
Frob norm 1 after updating U: 3.11819
200 iterations
f(b) = 13.8044
Frob norm 2 after updating B : 3.12001
Iteration number -------- 82  -----------
lambda : 1.49779
max_diff => 0.0540466
performed mixing
Frob norm 1 after updating U: 3.1187
200 iterations
f(b) = 13.8268
Frob norm 2 after updating B : 3.11982
Iteration number -------- 83  -----------
lambda : 1.50528
max_diff => 0.0540398
performed mixing
Frob norm 1 after updating U: 3.11898
200 iterations
f(b) = 13.8441
Frob norm 2 after updating B : 3.11982
Iteration number -------- 84  -----------
lambda : 1.51281
max_diff => 0.054059
performed mixing
Frob norm 1 after updating U: 3.11928
200 iterations
f(b) = 13.8557
Frob norm 2 after updating B : 3.12025
Iteration number -------- 85  -----------
lambda : 1.52037
max_diff => 0.0540455
performed mixing
Frob norm 1 after updating U: 3.1199
200 iterations
f(b) = 13.8779
Frob norm 2 after updating B : 3.12066
Iteration number -------- 86  -----------
lambda : 1.52797
max_diff => 0.0540355
performed mixing
Frob norm 1 after updating U: 3.12042
200 iterations
f(b) = 13.8958
Frob norm 2 after updating B : 3.12098
Iteration number -------- 87  -----------
lambda : 1.53561
max_diff => 0.0540308
performed mixing
Frob norm 1 after updating U: 3.12082
200 iterations
f(b) = 13.919
Frob norm 2 after updating B : 3.12136
Iteration number -------- 88  -----------
lambda : 1.54329
max_diff => 0.0540197
performed mixing
Frob norm 1 after updating U: 3.12125
200 iterations
f(b) = 13.9384
Frob norm 2 after updating B : 3.1216
Iteration number -------- 89  -----------
lambda : 1.55101
max_diff => 0.0540218
performed mixing
Frob norm 1 after updating U: 3.12153
200 iterations
f(b) = 13.9538
Frob norm 2 after updating B : 3.12217
Iteration number -------- 90  -----------
lambda : 1.55876
max_diff => 0.0540181
performed mixing
Frob norm 1 after updating U: 3.12211
200 iterations
f(b) = 13.9768
Frob norm 2 after updating B : 3.12252
Iteration number -------- 91  -----------
lambda : 1.56655
max_diff => 0.0540054
performed mixing
Frob norm 1 after updating U: 3.12248
200 iterations
f(b) = 13.9964
Frob norm 2 after updating B : 3.12283
Iteration number -------- 92  -----------
lambda : 1.57439
max_diff => 0.0539981
performed mixing
Frob norm 1 after updating U: 3.1228
200 iterations
f(b) = 14.0136
Frob norm 2 after updating B : 3.12324
Iteration number -------- 93  -----------
lambda : 1.58226
max_diff => 0.0539884
performed mixing
Frob norm 1 after updating U: 3.12321
200 iterations
f(b) = 14.0204
Frob norm 2 after updating B : 3.12398
Iteration number -------- 94  -----------
lambda : 1.59017
max_diff => 0.053975
performed mixing
Frob norm 1 after updating U: 3.12394
200 iterations
f(b) = 14.0472
Frob norm 2 after updating B : 3.12447
Iteration number -------- 95  -----------
lambda : 1.59812
max_diff => 0.0539696
performed mixing
Frob norm 1 after updating U: 3.12444
200 iterations
f(b) = 14.0666
Frob norm 2 after updating B : 3.12513
Iteration number -------- 96  -----------
lambda : 1.60611
max_diff => 0.0539545
performed mixing
Frob norm 1 after updating U: 3.12509
200 iterations
f(b) = 14.0982
Frob norm 2 after updating B : 3.1253
Iteration number -------- 97  -----------
lambda : 1.61414
max_diff => 0.0539564
performed mixing
Frob norm 1 after updating U: 3.12526
200 iterations
f(b) = 14.1108
Frob norm 2 after updating B : 3.126
Iteration number -------- 98  -----------
lambda : 1.62221
max_diff => 0.0539192
performed mixing
Frob norm 1 after updating U: 3.12597
200 iterations
f(b) = 14.118
Frob norm 2 after updating B : 3.12656
Iteration number -------- 99  -----------
lambda : 1.63032
max_diff => 0.0539107
performed mixing
Frob norm 1 after updating U: 3.12653
200 iterations
f(b) = 14.146
Frob norm 2 after updating B : 3.1274
Iteration number -------- 100  -----------
lambda : 1.63848
max_diff => 0.0538832
