Academic license - for non-commercial use only
Frob norm 1 after updating U: 10.6312
200 iterations
f(b) = 63.0584
Frob norm 2 after updating B : 7.03095
Iteration number -------- 1  -----------
lambda : 1
max_diff => 0.197103
performed mixing
Frob norm 1 after updating U: 5.77682
200 iterations
f(b) = 55.716
Frob norm 2 after updating B : 6.62055
Iteration number -------- 2  -----------
lambda : 1.005
max_diff => 0.199821
performed mixing
Frob norm 1 after updating U: 5.22116
200 iterations
f(b) = 49.3292
Frob norm 2 after updating B : 6.1819
Iteration number -------- 3  -----------
lambda : 1.01002
max_diff => 0.186209
performed mixing
Frob norm 1 after updating U: 4.86946
200 iterations
f(b) = 43.5141
Frob norm 2 after updating B : 5.7686
Iteration number -------- 4  -----------
lambda : 1.01508
max_diff => 0.160862
performed mixing
Frob norm 1 after updating U: 4.53329
200 iterations
f(b) = 38.5158
Frob norm 2 after updating B : 5.37567
Iteration number -------- 5  -----------
lambda : 1.02015
max_diff => 0.123298
performed mixing
Frob norm 1 after updating U: 4.26757
200 iterations
f(b) = 34.3274
Frob norm 2 after updating B : 5.03682
Iteration number -------- 6  -----------
lambda : 1.02525
max_diff => 0.115759
performed mixing
Frob norm 1 after updating U: 4.06727
200 iterations
f(b) = 30.8984
Frob norm 2 after updating B : 4.77768
Iteration number -------- 7  -----------
lambda : 1.03038
max_diff => 0.110746
performed mixing
Frob norm 1 after updating U: 3.92394
200 iterations
f(b) = 28.3335
Frob norm 2 after updating B : 4.50051
Iteration number -------- 8  -----------
lambda : 1.03553
max_diff => 0.110656
performed mixing
Frob norm 1 after updating U: 3.92095
200 iterations
f(b) = 25.9746
Frob norm 2 after updating B : 4.37201
Iteration number -------- 9  -----------
lambda : 1.04071
max_diff => 0.0988672
performed mixing
Frob norm 1 after updating U: 3.81899
200 iterations
f(b) = 23.733
Frob norm 2 after updating B : 4.27472
Iteration number -------- 10  -----------
lambda : 1.04591
max_diff => 0.0688376
performed mixing
Frob norm 1 after updating U: 3.70868
200 iterations
f(b) = 21.7785
Frob norm 2 after updating B : 4.13722
Iteration number -------- 11  -----------
lambda : 1.05114
max_diff => 0.0622389
performed mixing
Frob norm 1 after updating U: 3.65426
200 iterations
f(b) = 19.9053
Frob norm 2 after updating B : 4.01796
Iteration number -------- 12  -----------
lambda : 1.0564
max_diff => 0.0625224
performed mixing
Frob norm 1 after updating U: 3.58612
200 iterations
f(b) = 18.756
Frob norm 2 after updating B : 3.8723
Iteration number -------- 13  -----------
lambda : 1.06168
max_diff => 0.0625197
performed mixing
Frob norm 1 after updating U: 3.58414
200 iterations
f(b) = 17.9853
Frob norm 2 after updating B : 3.77457
Iteration number -------- 14  -----------
lambda : 1.06699
max_diff => 0.0624167
performed mixing
Frob norm 1 after updating U: 3.58179
200 iterations
f(b) = 17.0466
Frob norm 2 after updating B : 3.70052
Iteration number -------- 15  -----------
lambda : 1.07232
max_diff => 0.0622057
performed mixing
Frob norm 1 after updating U: 3.53015
200 iterations
f(b) = 16.4373
Frob norm 2 after updating B : 3.62184
Iteration number -------- 16  -----------
lambda : 1.07768
max_diff => 0.0623751
performed mixing
Frob norm 1 after updating U: 3.474
200 iterations
f(b) = 15.8744
Frob norm 2 after updating B : 3.56988
Iteration number -------- 17  -----------
lambda : 1.08307
max_diff => 0.0623769
performed mixing
Frob norm 1 after updating U: 3.47273
200 iterations
f(b) = 15.6437
Frob norm 2 after updating B : 3.53497
Iteration number -------- 18  -----------
lambda : 1.08849
max_diff => 0.0623794
performed mixing
Frob norm 1 after updating U: 3.47041
200 iterations
f(b) = 12.5481
Frob norm 2 after updating B : 3.23214
Iteration number -------- 19  -----------
lambda : 1.09393
max_diff => 0.061981
performed mixing
Frob norm 1 after updating U: 2.93815
200 iterations
f(b) = 11.8609
Frob norm 2 after updating B : 3.13304
Iteration number -------- 20  -----------
lambda : 1.0994
max_diff => 0.0619589
performed mixing
Frob norm 1 after updating U: 2.93709
200 iterations
f(b) = 11.4541
Frob norm 2 after updating B : 3.06485
Iteration number -------- 21  -----------
lambda : 1.1049
max_diff => 0.0619443
performed mixing
Frob norm 1 after updating U: 2.93671
200 iterations
f(b) = 11.1883
Frob norm 2 after updating B : 3.0202
Iteration number -------- 22  -----------
lambda : 1.11042
max_diff => 0.0619287
performed mixing
Frob norm 1 after updating U: 2.93632
200 iterations
f(b) = 10.7769
Frob norm 2 after updating B : 3.00544
Iteration number -------- 23  -----------
lambda : 1.11597
max_diff => 0.061931
performed mixing
Frob norm 1 after updating U: 2.91876
200 iterations
f(b) = 10.146
Frob norm 2 after updating B : 2.86597
Iteration number -------- 24  -----------
lambda : 1.12155
max_diff => 0.062428
performed mixing
Frob norm 1 after updating U: 2.75832
200 iterations
f(b) = 9.32856
Frob norm 2 after updating B : 2.76557
Iteration number -------- 25  -----------
lambda : 1.12716
max_diff => 0.0617445
performed mixing
Frob norm 1 after updating U: 2.6923
200 iterations
f(b) = 9.23006
Frob norm 2 after updating B : 2.7404
Iteration number -------- 26  -----------
lambda : 1.1328
max_diff => 0.0617035
performed mixing
Frob norm 1 after updating U: 2.69136
200 iterations
f(b) = 9.12904
Frob norm 2 after updating B : 2.72287
Iteration number -------- 27  -----------
lambda : 1.13846
max_diff => 0.0616619
performed mixing
Frob norm 1 after updating U: 2.69025
200 iterations
f(b) = 8.89508
Frob norm 2 after updating B : 2.7088
Iteration number -------- 28  -----------
lambda : 1.14415
max_diff => 0.0616157
performed mixing
Frob norm 1 after updating U: 2.67257
200 iterations
f(b) = 8.79642
Frob norm 2 after updating B : 2.69352
Iteration number -------- 29  -----------
lambda : 1.14987
max_diff => 0.0619544
performed mixing
Frob norm 1 after updating U: 2.67
200 iterations
f(b) = 8.74921
Frob norm 2 after updating B : 2.68432
Iteration number -------- 30  -----------
lambda : 1.15562
max_diff => 0.0621025
performed mixing
Frob norm 1 after updating U: 2.66879
200 iterations
f(b) = 8.71925
Frob norm 2 after updating B : 2.67805
Iteration number -------- 31  -----------
lambda : 1.1614
max_diff => 0.0622262
performed mixing
Frob norm 1 after updating U: 2.66774
200 iterations
f(b) = 8.70527
Frob norm 2 after updating B : 2.67369
Iteration number -------- 32  -----------
lambda : 1.16721
max_diff => 0.062308
performed mixing
Frob norm 1 after updating U: 2.66682
200 iterations
f(b) = 8.68553
Frob norm 2 after updating B : 2.67008
Iteration number -------- 33  -----------
lambda : 1.17304
max_diff => 0.0624132
performed mixing
Frob norm 1 after updating U: 2.66535
200 iterations
f(b) = 8.6768
Frob norm 2 after updating B : 2.6676
Iteration number -------- 34  -----------
lambda : 1.17891
max_diff => 0.0624624
performed mixing
Frob norm 1 after updating U: 2.66436
200 iterations
f(b) = 8.64505
Frob norm 2 after updating B : 2.66335
Iteration number -------- 35  -----------
lambda : 1.1848
max_diff => 0.062467
performed mixing
Frob norm 1 after updating U: 2.66069
200 iterations
f(b) = 8.28418
Frob norm 2 after updating B : 2.64441
Iteration number -------- 36  -----------
lambda : 1.19073
max_diff => 0.0578487
performed mixing
Frob norm 1 after updating U: 2.63161
200 iterations
f(b) = 7.83827
Frob norm 2 after updating B : 2.64781
Iteration number -------- 37  -----------
lambda : 1.19668
max_diff => 0.0318012
performed mixing
Frob norm 1 after updating U: 2.61474
200 iterations
f(b) = 7.6844
Frob norm 2 after updating B : 2.63796
Iteration number -------- 38  -----------
lambda : 1.20266
max_diff => 0.0318519
performed mixing
Frob norm 1 after updating U: 2.61617
200 iterations
f(b) = 7.6446
Frob norm 2 after updating B : 2.63072
Iteration number -------- 39  -----------
lambda : 1.20868
max_diff => 0.0318027
performed mixing
Frob norm 1 after updating U: 2.61641
200 iterations
f(b) = 7.57593
Frob norm 2 after updating B : 2.62694
Iteration number -------- 40  -----------
lambda : 1.21472
max_diff => 0.0318244
performed mixing
Frob norm 1 after updating U: 2.617
200 iterations
f(b) = 7.43913
Frob norm 2 after updating B : 2.63599
Iteration number -------- 41  -----------
lambda : 1.22079
max_diff => 0.031548
performed mixing
Frob norm 1 after updating U: 2.62392
200 iterations
f(b) = 7.42709
Frob norm 2 after updating B : 2.63198
Iteration number -------- 42  -----------
lambda : 1.2269
max_diff => 0.0315523
performed mixing
Frob norm 1 after updating U: 2.62409
200 iterations
f(b) = 7.40433
Frob norm 2 after updating B : 2.62952
Iteration number -------- 43  -----------
lambda : 1.23303
max_diff => 0.0315471
performed mixing
Frob norm 1 after updating U: 2.6243
200 iterations
f(b) = 7.39502
Frob norm 2 after updating B : 2.62812
Iteration number -------- 44  -----------
lambda : 1.2392
max_diff => 0.0314719
performed mixing
Frob norm 1 after updating U: 2.62462
200 iterations
f(b) = 7.38736
Frob norm 2 after updating B : 2.62721
Iteration number -------- 45  -----------
lambda : 1.24539
max_diff => 0.0314453
performed mixing
Frob norm 1 after updating U: 2.62484
200 iterations
f(b) = 7.37394
Frob norm 2 after updating B : 2.62681
Iteration number -------- 46  -----------
lambda : 1.25162
max_diff => 0.0314694
performed mixing
Frob norm 1 after updating U: 2.62518
200 iterations
f(b) = 7.3732
Frob norm 2 after updating B : 2.62631
Iteration number -------- 47  -----------
lambda : 1.25788
max_diff => 0.0314592
performed mixing
Frob norm 1 after updating U: 2.62524
200 iterations
f(b) = 7.37604
Frob norm 2 after updating B : 2.626
Iteration number -------- 48  -----------
lambda : 1.26417
max_diff => 0.0314535
performed mixing
Frob norm 1 after updating U: 2.62529
200 iterations
f(b) = 7.36665
Frob norm 2 after updating B : 2.6259
Iteration number -------- 49  -----------
lambda : 1.27049
max_diff => 0.0314171
performed mixing
Frob norm 1 after updating U: 2.62542
200 iterations
f(b) = 7.37364
Frob norm 2 after updating B : 2.62583
Iteration number -------- 50  -----------
lambda : 1.27684
max_diff => 0.0314007
performed mixing
Frob norm 1 after updating U: 2.62551
200 iterations
f(b) = 7.36856
Frob norm 2 after updating B : 2.62584
Iteration number -------- 51  -----------
lambda : 1.28323
max_diff => 0.031387
performed mixing
Frob norm 1 after updating U: 2.62562
200 iterations
f(b) = 7.37593
Frob norm 2 after updating B : 2.62587
Iteration number -------- 52  -----------
lambda : 1.28964
max_diff => 0.0313798
performed mixing
Frob norm 1 after updating U: 2.62571
200 iterations
f(b) = 7.37341
Frob norm 2 after updating B : 2.62592
Iteration number -------- 53  -----------
lambda : 1.29609
max_diff => 0.0313686
performed mixing
Frob norm 1 after updating U: 2.62581
200 iterations
f(b) = 7.37795
Frob norm 2 after updating B : 2.62602
Iteration number -------- 54  -----------
lambda : 1.30257
max_diff => 0.0313501
performed mixing
Frob norm 1 after updating U: 2.62594
200 iterations
f(b) = 7.38092
Frob norm 2 after updating B : 2.62608
Iteration number -------- 55  -----------
lambda : 1.30908
max_diff => 0.0313486
performed mixing
Frob norm 1 after updating U: 2.62602
200 iterations
f(b) = 7.38389
Frob norm 2 after updating B : 2.62621
Iteration number -------- 56  -----------
lambda : 1.31563
max_diff => 0.0313344
performed mixing
Frob norm 1 after updating U: 2.62616
200 iterations
f(b) = 7.36961
Frob norm 2 after updating B : 2.62635
Iteration number -------- 57  -----------
lambda : 1.32221
max_diff => 0.031285
performed mixing
Frob norm 1 after updating U: 2.62632
200 iterations
f(b) = 7.37987
Frob norm 2 after updating B : 2.62651
Iteration number -------- 58  -----------
lambda : 1.32882
max_diff => 0.0312671
performed mixing
Frob norm 1 after updating U: 2.62648
200 iterations
f(b) = 7.38255
Frob norm 2 after updating B : 2.62664
Iteration number -------- 59  -----------
lambda : 1.33546
max_diff => 0.0312478
performed mixing
Frob norm 1 after updating U: 2.62661
200 iterations
f(b) = 7.38485
Frob norm 2 after updating B : 2.62673
Iteration number -------- 60  -----------
lambda : 1.34214
max_diff => 0.0312326
performed mixing
Frob norm 1 after updating U: 2.62671
200 iterations
f(b) = 7.38518
Frob norm 2 after updating B : 2.62688
Iteration number -------- 61  -----------
lambda : 1.34885
max_diff => 0.0311723
performed mixing
Frob norm 1 after updating U: 2.62686
200 iterations
f(b) = 7.38546
Frob norm 2 after updating B : 2.62702
Iteration number -------- 62  -----------
lambda : 1.35559
max_diff => 0.0311555
performed mixing
Frob norm 1 after updating U: 2.627
200 iterations
f(b) = 7.38696
Frob norm 2 after updating B : 2.62716
Iteration number -------- 63  -----------
lambda : 1.36237
max_diff => 0.0311259
performed mixing
Frob norm 1 after updating U: 2.62715
200 iterations
f(b) = 7.3836
Frob norm 2 after updating B : 2.62732
Iteration number -------- 64  -----------
lambda : 1.36918
max_diff => 0.031102
performed mixing
Frob norm 1 after updating U: 2.62731
200 iterations
f(b) = 7.38591
Frob norm 2 after updating B : 2.62747
Iteration number -------- 65  -----------
lambda : 1.37603
max_diff => 0.0310803
performed mixing
Frob norm 1 after updating U: 2.62746
200 iterations
f(b) = 7.391
Frob norm 2 after updating B : 2.62764
Iteration number -------- 66  -----------
lambda : 1.38291
max_diff => 0.0310622
performed mixing
Frob norm 1 after updating U: 2.62763
200 iterations
f(b) = 7.39066
Frob norm 2 after updating B : 2.62786
Iteration number -------- 67  -----------
lambda : 1.38982
max_diff => 0.031033
performed mixing
Frob norm 1 after updating U: 2.62785
200 iterations
f(b) = 7.3307
Frob norm 2 after updating B : 2.62818
Iteration number -------- 68  -----------
lambda : 1.39677
max_diff => 0.0309443
performed mixing
Frob norm 1 after updating U: 2.62817
200 iterations
f(b) = 7.39017
Frob norm 2 after updating B : 2.62828
Iteration number -------- 69  -----------
lambda : 1.40376
max_diff => 0.0309186
performed mixing
Frob norm 1 after updating U: 2.62827
200 iterations
f(b) = 7.3907
Frob norm 2 after updating B : 2.62849
Iteration number -------- 70  -----------
lambda : 1.41078
max_diff => 0.0308777
performed mixing
Frob norm 1 after updating U: 2.62848
200 iterations
f(b) = 7.39498
Frob norm 2 after updating B : 2.62858
Iteration number -------- 71  -----------
lambda : 1.41783
max_diff => 0.0308585
performed mixing
Frob norm 1 after updating U: 2.62858
200 iterations
f(b) = 7.39243
Frob norm 2 after updating B : 2.62872
Iteration number -------- 72  -----------
lambda : 1.42492
max_diff => 0.0308292
performed mixing
Frob norm 1 after updating U: 2.62871
200 iterations
f(b) = 7.39701
Frob norm 2 after updating B : 2.62882
Iteration number -------- 73  -----------
lambda : 1.43204
max_diff => 0.0308075
performed mixing
Frob norm 1 after updating U: 2.62881
200 iterations
f(b) = 7.39874
Frob norm 2 after updating B : 2.62901
Iteration number -------- 74  -----------
lambda : 1.4392
max_diff => 0.0307554
performed mixing
Frob norm 1 after updating U: 2.62901
200 iterations
f(b) = 7.39816
Frob norm 2 after updating B : 2.62921
Iteration number -------- 75  -----------
lambda : 1.4464
max_diff => 0.0307131
performed mixing
Frob norm 1 after updating U: 2.6292
200 iterations
f(b) = 7.39952
Frob norm 2 after updating B : 2.62933
Iteration number -------- 76  -----------
lambda : 1.45363
max_diff => 0.0306826
performed mixing
Frob norm 1 after updating U: 2.62932
200 iterations
f(b) = 7.397
Frob norm 2 after updating B : 2.62952
Iteration number -------- 77  -----------
lambda : 1.4609
max_diff => 0.0306096
performed mixing
Frob norm 1 after updating U: 2.62952
200 iterations
f(b) = 7.37229
Frob norm 2 after updating B : 2.62979
Iteration number -------- 78  -----------
lambda : 1.46821
max_diff => 0.0305696
performed mixing
Frob norm 1 after updating U: 2.62979
200 iterations
f(b) = 7.39606
Frob norm 2 after updating B : 2.63004
Iteration number -------- 79  -----------
lambda : 1.47555
max_diff => 0.030497
performed mixing
Frob norm 1 after updating U: 2.63003
200 iterations
f(b) = 7.40044
Frob norm 2 after updating B : 2.63028
Iteration number -------- 80  -----------
lambda : 1.48292
max_diff => 0.0304089
performed mixing
Frob norm 1 after updating U: 2.63028
200 iterations
f(b) = 7.40054
Frob norm 2 after updating B : 2.6307
Iteration number -------- 81  -----------
lambda : 1.49034
max_diff => 0.0302453
performed mixing
Frob norm 1 after updating U: 2.63069
200 iterations
f(b) = 7.3839
Frob norm 2 after updating B : 2.6314
Iteration number -------- 82  -----------
lambda : 1.49779
max_diff => 0.0300062
performed mixing
Frob norm 1 after updating U: 2.63139
200 iterations
f(b) = 7.39677
Frob norm 2 after updating B : 2.63156
Iteration number -------- 83  -----------
lambda : 1.50528
max_diff => 0.0299539
performed mixing
Frob norm 1 after updating U: 2.63154
200 iterations
f(b) = 7.39478
Frob norm 2 after updating B : 2.63154
Iteration number -------- 84  -----------
lambda : 1.51281
max_diff => 0.0299642
performed mixing
Frob norm 1 after updating U: 2.63153
200 iterations
f(b) = 7.39929
Frob norm 2 after updating B : 2.63177
Iteration number -------- 85  -----------
lambda : 1.52037
max_diff => 0.0299091
performed mixing
Frob norm 1 after updating U: 2.63176
200 iterations
f(b) = 7.39523
Frob norm 2 after updating B : 2.63208
Iteration number -------- 86  -----------
lambda : 1.52797
max_diff => 0.0298212
performed mixing
Frob norm 1 after updating U: 2.63207
200 iterations
f(b) = 7.40059
Frob norm 2 after updating B : 2.63236
Iteration number -------- 87  -----------
lambda : 1.53561
max_diff => 0.0297367
performed mixing
Frob norm 1 after updating U: 2.63235
200 iterations
f(b) = 7.38978
Frob norm 2 after updating B : 2.63287
Iteration number -------- 88  -----------
lambda : 1.54329
max_diff => 0.0296296
performed mixing
Frob norm 1 after updating U: 2.63285
200 iterations
f(b) = 7.39218
Frob norm 2 after updating B : 2.63325
Iteration number -------- 89  -----------
lambda : 1.55101
max_diff => 0.0294815
performed mixing
Frob norm 1 after updating U: 2.63324
200 iterations
f(b) = 7.39412
Frob norm 2 after updating B : 2.63354
Iteration number -------- 90  -----------
lambda : 1.55876
max_diff => 0.0294077
performed mixing
Frob norm 1 after updating U: 2.63353
200 iterations
f(b) = 7.38926
Frob norm 2 after updating B : 2.63393
Iteration number -------- 91  -----------
lambda : 1.56655
max_diff => 0.0292911
performed mixing
Frob norm 1 after updating U: 2.63391
200 iterations
f(b) = 7.39276
Frob norm 2 after updating B : 2.63421
Iteration number -------- 92  -----------
lambda : 1.57439
max_diff => 0.0292115
performed mixing
Frob norm 1 after updating U: 2.6342
200 iterations
f(b) = 7.39087
Frob norm 2 after updating B : 2.63486
Iteration number -------- 93  -----------
lambda : 1.58226
max_diff => 0.0290299
performed mixing
Frob norm 1 after updating U: 2.63483
200 iterations
f(b) = 7.3843
Frob norm 2 after updating B : 2.63559
Iteration number -------- 94  -----------
lambda : 1.59017
max_diff => 0.0288433
performed mixing
Frob norm 1 after updating U: 2.63557
200 iterations
f(b) = 7.39022
Frob norm 2 after updating B : 2.63596
Iteration number -------- 95  -----------
lambda : 1.59812
max_diff => 0.0287286
performed mixing
Frob norm 1 after updating U: 2.63594
200 iterations
f(b) = 7.38424
Frob norm 2 after updating B : 2.63632
Iteration number -------- 96  -----------
lambda : 1.60611
max_diff => 0.0286427
performed mixing
Frob norm 1 after updating U: 2.6363
200 iterations
f(b) = 7.37725
Frob norm 2 after updating B : 2.63689
Iteration number -------- 97  -----------
lambda : 1.61414
max_diff => 0.0284775
performed mixing
Frob norm 1 after updating U: 2.63687
200 iterations
f(b) = 7.37989
Frob norm 2 after updating B : 2.63726
Iteration number -------- 98  -----------
lambda : 1.62221
max_diff => 0.0283676
performed mixing
Frob norm 1 after updating U: 2.63724
200 iterations
f(b) = 7.37888
Frob norm 2 after updating B : 2.63767
Iteration number -------- 99  -----------
lambda : 1.63032
max_diff => 0.0282395
performed mixing
Frob norm 1 after updating U: 2.63765
200 iterations
f(b) = 7.37513
Frob norm 2 after updating B : 2.63816
Iteration number -------- 100  -----------
lambda : 1.63848
max_diff => 0.0280959
