Academic license - for non-commercial use only
Frob norm 1 after updating U: 11.3127
200 iterations
f(b) = 78.6767
Frob norm 2 after updating B : 8.12497
Iteration number -------- 1  -----------
lambda : 1
max_diff => 0.166425
performed mixing
Frob norm 1 after updating U: 6.94514
200 iterations
f(b) = 71.7956
Frob norm 2 after updating B : 7.71945
Iteration number -------- 2  -----------
lambda : 1.005
max_diff => 0.149199
performed mixing
Frob norm 1 after updating U: 6.63728
200 iterations
f(b) = 65.5806
Frob norm 2 after updating B : 7.34322
Iteration number -------- 3  -----------
lambda : 1.01002
max_diff => 0.135722
performed mixing
Frob norm 1 after updating U: 6.28798
200 iterations
f(b) = 60.2092
Frob norm 2 after updating B : 7.002
Iteration number -------- 4  -----------
lambda : 1.01508
max_diff => 0.125923
performed mixing
Frob norm 1 after updating U: 6.09964
200 iterations
f(b) = 55.7386
Frob norm 2 after updating B : 6.71386
Iteration number -------- 5  -----------
lambda : 1.02015
max_diff => 0.116849
performed mixing
Frob norm 1 after updating U: 5.92761
200 iterations
f(b) = 52.0389
Frob norm 2 after updating B : 6.46516
Iteration number -------- 6  -----------
lambda : 1.02525
max_diff => 0.111726
performed mixing
Frob norm 1 after updating U: 5.81709
200 iterations
f(b) = 49.0558
Frob norm 2 after updating B : 6.26736
Iteration number -------- 7  -----------
lambda : 1.03038
max_diff => 0.102344
performed mixing
Frob norm 1 after updating U: 5.73817
200 iterations
f(b) = 46.7157
Frob norm 2 after updating B : 6.10785
Iteration number -------- 8  -----------
lambda : 1.03553
max_diff => 0.0978631
performed mixing
Frob norm 1 after updating U: 5.68978
200 iterations
f(b) = 44.8372
Frob norm 2 after updating B : 5.98474
Iteration number -------- 9  -----------
lambda : 1.04071
max_diff => 0.0928305
performed mixing
Frob norm 1 after updating U: 5.6355
200 iterations
f(b) = 43.4128
Frob norm 2 after updating B : 5.86359
Iteration number -------- 10  -----------
lambda : 1.04591
max_diff => 0.092648
performed mixing
Frob norm 1 after updating U: 5.63239
200 iterations
f(b) = 36.4211
Frob norm 2 after updating B : 5.3511
Iteration number -------- 11  -----------
lambda : 1.05114
max_diff => 0.100129
performed mixing
Frob norm 1 after updating U: 4.69752
200 iterations
f(b) = 33.7471
Frob norm 2 after updating B : 5.13282
Iteration number -------- 12  -----------
lambda : 1.0564
max_diff => 0.0671778
performed mixing
Frob norm 1 after updating U: 4.6493
200 iterations
f(b) = 31.8977
Frob norm 2 after updating B : 4.99922
Iteration number -------- 13  -----------
lambda : 1.06168
max_diff => 0.0645117
performed mixing
Frob norm 1 after updating U: 4.59744
200 iterations
f(b) = 30.5708
Frob norm 2 after updating B : 4.8598
Iteration number -------- 14  -----------
lambda : 1.06699
max_diff => 0.0645305
performed mixing
Frob norm 1 after updating U: 4.59562
200 iterations
f(b) = 29.0551
Frob norm 2 after updating B : 4.74446
Iteration number -------- 15  -----------
lambda : 1.07232
max_diff => 0.065929
performed mixing
Frob norm 1 after updating U: 4.4305
200 iterations
f(b) = 27.3566
Frob norm 2 after updating B : 4.62592
Iteration number -------- 16  -----------
lambda : 1.07768
max_diff => 0.0614811
performed mixing
Frob norm 1 after updating U: 4.35196
200 iterations
f(b) = 26.8304
Frob norm 2 after updating B : 4.53229
Iteration number -------- 17  -----------
lambda : 1.08307
max_diff => 0.0604333
performed mixing
Frob norm 1 after updating U: 4.34927
200 iterations
f(b) = 25.6742
Frob norm 2 after updating B : 4.49892
Iteration number -------- 18  -----------
lambda : 1.08849
max_diff => 0.0602046
performed mixing
Frob norm 1 after updating U: 4.30426
200 iterations
f(b) = 21.6008
Frob norm 2 after updating B : 4.12157
Iteration number -------- 19  -----------
lambda : 1.09393
max_diff => 0.0601866
performed mixing
Frob norm 1 after updating U: 3.83618
200 iterations
f(b) = 20.665
Frob norm 2 after updating B : 4.04067
Iteration number -------- 20  -----------
lambda : 1.0994
max_diff => 0.0601733
performed mixing
Frob norm 1 after updating U: 3.83831
200 iterations
f(b) = 20.1313
Frob norm 2 after updating B : 3.97052
Iteration number -------- 21  -----------
lambda : 1.1049
max_diff => 0.060166
performed mixing
Frob norm 1 after updating U: 3.83765
200 iterations
f(b) = 19.7723
Frob norm 2 after updating B : 3.92446
Iteration number -------- 22  -----------
lambda : 1.11042
max_diff => 0.0601564
performed mixing
Frob norm 1 after updating U: 3.83731
200 iterations
f(b) = 19.3365
Frob norm 2 after updating B : 3.90879
Iteration number -------- 23  -----------
lambda : 1.11597
max_diff => 0.0599636
performed mixing
Frob norm 1 after updating U: 3.82647
200 iterations
f(b) = 19.1576
Frob norm 2 after updating B : 3.87887
Iteration number -------- 24  -----------
lambda : 1.12155
max_diff => 0.059956
performed mixing
Frob norm 1 after updating U: 3.82479
200 iterations
f(b) = 19.0227
Frob norm 2 after updating B : 3.8589
Iteration number -------- 25  -----------
lambda : 1.12716
max_diff => 0.0599335
performed mixing
Frob norm 1 after updating U: 3.82316
200 iterations
f(b) = 18.1692
Frob norm 2 after updating B : 3.75596
Iteration number -------- 26  -----------
lambda : 1.1328
max_diff => 0.0590654
performed mixing
Frob norm 1 after updating U: 3.68196
200 iterations
f(b) = 17.8643
Frob norm 2 after updating B : 3.72747
Iteration number -------- 27  -----------
lambda : 1.13846
max_diff => 0.0591424
performed mixing
Frob norm 1 after updating U: 3.68257
200 iterations
f(b) = 17.7949
Frob norm 2 after updating B : 3.71168
Iteration number -------- 28  -----------
lambda : 1.14415
max_diff => 0.0591237
performed mixing
Frob norm 1 after updating U: 3.68266
200 iterations
f(b) = 17.7357
Frob norm 2 after updating B : 3.70145
Iteration number -------- 29  -----------
lambda : 1.14987
max_diff => 0.0591222
performed mixing
Frob norm 1 after updating U: 3.68268
200 iterations
f(b) = 17.7072
Frob norm 2 after updating B : 3.69489
Iteration number -------- 30  -----------
lambda : 1.15562
max_diff => 0.0591065
performed mixing
Frob norm 1 after updating U: 3.68272
200 iterations
f(b) = 17.6959
Frob norm 2 after updating B : 3.69076
Iteration number -------- 31  -----------
lambda : 1.1614
max_diff => 0.059099
performed mixing
Frob norm 1 after updating U: 3.68286
200 iterations
f(b) = 17.6888
Frob norm 2 after updating B : 3.68801
Iteration number -------- 32  -----------
lambda : 1.16721
max_diff => 0.0590994
performed mixing
Frob norm 1 after updating U: 3.68284
200 iterations
f(b) = 17.701
Frob norm 2 after updating B : 3.68619
Iteration number -------- 33  -----------
lambda : 1.17304
max_diff => 0.0590807
performed mixing
Frob norm 1 after updating U: 3.68281
200 iterations
f(b) = 17.713
Frob norm 2 after updating B : 3.68521
Iteration number -------- 34  -----------
lambda : 1.17891
max_diff => 0.0590444
performed mixing
Frob norm 1 after updating U: 3.68297
200 iterations
f(b) = 17.7293
Frob norm 2 after updating B : 3.68454
Iteration number -------- 35  -----------
lambda : 1.1848
max_diff => 0.0590217
performed mixing
Frob norm 1 after updating U: 3.68305
200 iterations
f(b) = 17.7486
Frob norm 2 after updating B : 3.68408
Iteration number -------- 36  -----------
lambda : 1.19073
max_diff => 0.0590074
performed mixing
Frob norm 1 after updating U: 3.68308
200 iterations
f(b) = 17.7655
Frob norm 2 after updating B : 3.6837
Iteration number -------- 37  -----------
lambda : 1.19668
max_diff => 0.0589737
performed mixing
Frob norm 1 after updating U: 3.68303
200 iterations
f(b) = 17.7839
Frob norm 2 after updating B : 3.68353
Iteration number -------- 38  -----------
lambda : 1.20266
max_diff => 0.0589548
performed mixing
Frob norm 1 after updating U: 3.68307
200 iterations
f(b) = 17.8054
Frob norm 2 after updating B : 3.68342
Iteration number -------- 39  -----------
lambda : 1.20868
max_diff => 0.0589377
performed mixing
Frob norm 1 after updating U: 3.68311
200 iterations
f(b) = 17.8236
Frob norm 2 after updating B : 3.68335
Iteration number -------- 40  -----------
lambda : 1.21472
max_diff => 0.0589548
performed mixing
Frob norm 1 after updating U: 3.68314
200 iterations
f(b) = 17.845
Frob norm 2 after updating B : 3.6834
Iteration number -------- 41  -----------
lambda : 1.22079
max_diff => 0.0589075
performed mixing
Frob norm 1 after updating U: 3.68324
200 iterations
f(b) = 17.8698
Frob norm 2 after updating B : 3.68338
Iteration number -------- 42  -----------
lambda : 1.2269
max_diff => 0.0588899
performed mixing
Frob norm 1 after updating U: 3.68326
200 iterations
f(b) = 17.8654
Frob norm 2 after updating B : 3.68353
Iteration number -------- 43  -----------
lambda : 1.23303
max_diff => 0.0588123
performed mixing
Frob norm 1 after updating U: 3.68344
200 iterations
f(b) = 17.8981
Frob norm 2 after updating B : 3.68351
Iteration number -------- 44  -----------
lambda : 1.2392
max_diff => 0.0587698
performed mixing
Frob norm 1 after updating U: 3.68344
200 iterations
f(b) = 17.9325
Frob norm 2 after updating B : 3.68363
Iteration number -------- 45  -----------
lambda : 1.24539
max_diff => 0.0587527
performed mixing
Frob norm 1 after updating U: 3.68358
200 iterations
f(b) = 17.9356
Frob norm 2 after updating B : 3.6837
Iteration number -------- 46  -----------
lambda : 1.25162
max_diff => 0.058708
performed mixing
Frob norm 1 after updating U: 3.68366
200 iterations
f(b) = 17.9084
Frob norm 2 after updating B : 3.68385
Iteration number -------- 47  -----------
lambda : 1.25788
max_diff => 0.0586472
performed mixing
Frob norm 1 after updating U: 3.68381
200 iterations
f(b) = 17.9818
Frob norm 2 after updating B : 3.68428
Iteration number -------- 48  -----------
lambda : 1.26417
max_diff => 0.0584731
performed mixing
Frob norm 1 after updating U: 3.68422
200 iterations
f(b) = 17.9788
Frob norm 2 after updating B : 3.6843
Iteration number -------- 49  -----------
lambda : 1.27049
max_diff => 0.0585116
performed mixing
Frob norm 1 after updating U: 3.68426
200 iterations
f(b) = 18.034
Frob norm 2 after updating B : 3.68446
Iteration number -------- 50  -----------
lambda : 1.27684
max_diff => 0.0584819
performed mixing
Frob norm 1 after updating U: 3.68443
200 iterations
f(b) = 18.0636
Frob norm 2 after updating B : 3.68447
Iteration number -------- 51  -----------
lambda : 1.28323
max_diff => 0.0584552
performed mixing
Frob norm 1 after updating U: 3.68445
200 iterations
f(b) = 18.0462
Frob norm 2 after updating B : 3.68452
Iteration number -------- 52  -----------
lambda : 1.28964
max_diff => 0.058434
performed mixing
Frob norm 1 after updating U: 3.68451
200 iterations
f(b) = 18.1079
Frob norm 2 after updating B : 3.68456
Iteration number -------- 53  -----------
lambda : 1.29609
max_diff => 0.0584048
performed mixing
Frob norm 1 after updating U: 3.68455
200 iterations
f(b) = 18.1254
Frob norm 2 after updating B : 3.68468
Iteration number -------- 54  -----------
lambda : 1.30257
max_diff => 0.0583885
performed mixing
Frob norm 1 after updating U: 3.68467
200 iterations
f(b) = 18.1219
Frob norm 2 after updating B : 3.68479
Iteration number -------- 55  -----------
lambda : 1.30908
max_diff => 0.0583678
performed mixing
Frob norm 1 after updating U: 3.68478
200 iterations
f(b) = 18.1755
Frob norm 2 after updating B : 3.68485
Iteration number -------- 56  -----------
lambda : 1.31563
max_diff => 0.0583435
performed mixing
Frob norm 1 after updating U: 3.68484
200 iterations
f(b) = 18.1962
Frob norm 2 after updating B : 3.68486
Iteration number -------- 57  -----------
lambda : 1.32221
max_diff => 0.0583284
performed mixing
Frob norm 1 after updating U: 3.68485
200 iterations
f(b) = 18.2148
Frob norm 2 after updating B : 3.68503
Iteration number -------- 58  -----------
lambda : 1.32882
max_diff => 0.0583471
performed mixing
Frob norm 1 after updating U: 3.68502
200 iterations
f(b) = 18.2437
Frob norm 2 after updating B : 3.68504
Iteration number -------- 59  -----------
lambda : 1.33546
max_diff => 0.0583527
performed mixing
Frob norm 1 after updating U: 3.68503
200 iterations
f(b) = 18.2615
Frob norm 2 after updating B : 3.68521
Iteration number -------- 60  -----------
lambda : 1.34214
max_diff => 0.0583116
performed mixing
Frob norm 1 after updating U: 3.6852
200 iterations
f(b) = 18.291
Frob norm 2 after updating B : 3.68523
Iteration number -------- 61  -----------
lambda : 1.34885
max_diff => 0.0583051
performed mixing
Frob norm 1 after updating U: 3.68523
200 iterations
f(b) = 18.3119
Frob norm 2 after updating B : 3.68536
Iteration number -------- 62  -----------
lambda : 1.35559
max_diff => 0.0583014
performed mixing
Frob norm 1 after updating U: 3.68536
200 iterations
f(b) = 18.3315
Frob norm 2 after updating B : 3.68549
Iteration number -------- 63  -----------
lambda : 1.36237
max_diff => 0.0583145
performed mixing
Frob norm 1 after updating U: 3.68549
200 iterations
f(b) = 18.357
Frob norm 2 after updating B : 3.68558
Iteration number -------- 64  -----------
lambda : 1.36918
max_diff => 0.0582855
performed mixing
Frob norm 1 after updating U: 3.68557
200 iterations
f(b) = 18.3782
Frob norm 2 after updating B : 3.68564
Iteration number -------- 65  -----------
lambda : 1.37603
max_diff => 0.058278
performed mixing
Frob norm 1 after updating U: 3.68563
200 iterations
f(b) = 18.3971
Frob norm 2 after updating B : 3.68578
Iteration number -------- 66  -----------
lambda : 1.38291
max_diff => 0.0582379
performed mixing
Frob norm 1 after updating U: 3.68578
200 iterations
f(b) = 18.4192
Frob norm 2 after updating B : 3.68618
Iteration number -------- 67  -----------
lambda : 1.38982
max_diff => 0.0582063
performed mixing
Frob norm 1 after updating U: 3.68617
200 iterations
f(b) = 18.4352
Frob norm 2 after updating B : 3.68635
Iteration number -------- 68  -----------
lambda : 1.39677
max_diff => 0.0581884
performed mixing
Frob norm 1 after updating U: 3.68635
200 iterations
f(b) = 18.4784
Frob norm 2 after updating B : 3.68644
Iteration number -------- 69  -----------
lambda : 1.40376
max_diff => 0.0581614
performed mixing
Frob norm 1 after updating U: 3.68644
200 iterations
f(b) = 18.433
Frob norm 2 after updating B : 3.6867
Iteration number -------- 70  -----------
lambda : 1.41078
max_diff => 0.0581154
performed mixing
Frob norm 1 after updating U: 3.6867
200 iterations
f(b) = 18.5218
Frob norm 2 after updating B : 3.68685
Iteration number -------- 71  -----------
lambda : 1.41783
max_diff => 0.0580996
performed mixing
Frob norm 1 after updating U: 3.68684
200 iterations
f(b) = 18.5455
Frob norm 2 after updating B : 3.68697
Iteration number -------- 72  -----------
lambda : 1.42492
max_diff => 0.0580905
performed mixing
Frob norm 1 after updating U: 3.68697
200 iterations
f(b) = 18.571
Frob norm 2 after updating B : 3.68707
Iteration number -------- 73  -----------
lambda : 1.43204
max_diff => 0.0580755
performed mixing
Frob norm 1 after updating U: 3.68707
200 iterations
f(b) = 18.5987
Frob norm 2 after updating B : 3.68722
Iteration number -------- 74  -----------
lambda : 1.4392
max_diff => 0.0580416
performed mixing
Frob norm 1 after updating U: 3.68721
200 iterations
f(b) = 18.6224
Frob norm 2 after updating B : 3.68732
Iteration number -------- 75  -----------
lambda : 1.4464
max_diff => 0.0580126
performed mixing
Frob norm 1 after updating U: 3.68732
200 iterations
f(b) = 18.6309
Frob norm 2 after updating B : 3.68746
Iteration number -------- 76  -----------
lambda : 1.45363
max_diff => 0.0579999
performed mixing
Frob norm 1 after updating U: 3.68746
200 iterations
f(b) = 18.6635
Frob norm 2 after updating B : 3.68768
Iteration number -------- 77  -----------
lambda : 1.4609
max_diff => 0.0579736
performed mixing
Frob norm 1 after updating U: 3.68768
200 iterations
f(b) = 18.6484
Frob norm 2 after updating B : 3.68816
Iteration number -------- 78  -----------
lambda : 1.46821
max_diff => 0.058054
performed mixing
Frob norm 1 after updating U: 3.68816
200 iterations
f(b) = 18.7232
Frob norm 2 after updating B : 3.68821
Iteration number -------- 79  -----------
lambda : 1.47555
max_diff => 0.0580483
performed mixing
Frob norm 1 after updating U: 3.68821
200 iterations
f(b) = 18.743
Frob norm 2 after updating B : 3.68833
Iteration number -------- 80  -----------
lambda : 1.48292
max_diff => 0.0580372
performed mixing
Frob norm 1 after updating U: 3.68833
200 iterations
f(b) = 18.7794
Frob norm 2 after updating B : 3.68848
Iteration number -------- 81  -----------
lambda : 1.49034
max_diff => 0.0580175
performed mixing
Frob norm 1 after updating U: 3.68848
200 iterations
f(b) = 18.7972
Frob norm 2 after updating B : 3.68875
Iteration number -------- 82  -----------
lambda : 1.49779
max_diff => 0.0579951
performed mixing
Frob norm 1 after updating U: 3.68875
200 iterations
f(b) = 18.8274
Frob norm 2 after updating B : 3.6889
Iteration number -------- 83  -----------
lambda : 1.50528
max_diff => 0.0579739
performed mixing
Frob norm 1 after updating U: 3.68889
200 iterations
f(b) = 18.8502
Frob norm 2 after updating B : 3.68908
Iteration number -------- 84  -----------
lambda : 1.51281
max_diff => 0.05795
performed mixing
Frob norm 1 after updating U: 3.68908
200 iterations
f(b) = 18.8719
Frob norm 2 after updating B : 3.68929
Iteration number -------- 85  -----------
lambda : 1.52037
max_diff => 0.0579279
performed mixing
Frob norm 1 after updating U: 3.68928
200 iterations
f(b) = 18.9051
Frob norm 2 after updating B : 3.6894
Iteration number -------- 86  -----------
lambda : 1.52797
max_diff => 0.0578906
performed mixing
Frob norm 1 after updating U: 3.6894
200 iterations
f(b) = 18.9266
Frob norm 2 after updating B : 3.68959
Iteration number -------- 87  -----------
lambda : 1.53561
max_diff => 0.0578873
performed mixing
Frob norm 1 after updating U: 3.68959
200 iterations
f(b) = 18.9588
Frob norm 2 after updating B : 3.68974
Iteration number -------- 88  -----------
lambda : 1.54329
max_diff => 0.0578678
performed mixing
Frob norm 1 after updating U: 3.68974
200 iterations
f(b) = 18.9831
Frob norm 2 after updating B : 3.68992
Iteration number -------- 89  -----------
lambda : 1.55101
max_diff => 0.0578518
performed mixing
Frob norm 1 after updating U: 3.68992
200 iterations
f(b) = 19.0089
Frob norm 2 after updating B : 3.69007
Iteration number -------- 90  -----------
lambda : 1.55876
max_diff => 0.0578317
performed mixing
Frob norm 1 after updating U: 3.69006
200 iterations
f(b) = 19.0262
Frob norm 2 after updating B : 3.69036
Iteration number -------- 91  -----------
lambda : 1.56655
max_diff => 0.0578159
performed mixing
Frob norm 1 after updating U: 3.69036
200 iterations
f(b) = 19.0077
Frob norm 2 after updating B : 3.69007
Iteration number -------- 92  -----------
lambda : 1.57439
max_diff => 0.0578514
performed mixing
Frob norm 1 after updating U: 3.69007
200 iterations
f(b) = 19.09
Frob norm 2 after updating B : 3.69025
Iteration number -------- 93  -----------
lambda : 1.58226
max_diff => 0.0578268
performed mixing
Frob norm 1 after updating U: 3.69025
200 iterations
f(b) = 19.1194
Frob norm 2 after updating B : 3.69042
Iteration number -------- 94  -----------
lambda : 1.59017
max_diff => 0.0578047
performed mixing
Frob norm 1 after updating U: 3.69042
200 iterations
f(b) = 19.1172
Frob norm 2 after updating B : 3.6906
Iteration number -------- 95  -----------
lambda : 1.59812
max_diff => 0.0577804
performed mixing
Frob norm 1 after updating U: 3.6906
200 iterations
f(b) = 19.1668
Frob norm 2 after updating B : 3.69077
Iteration number -------- 96  -----------
lambda : 1.60611
max_diff => 0.0577613
performed mixing
Frob norm 1 after updating U: 3.69077
200 iterations
f(b) = 19.1968
Frob norm 2 after updating B : 3.69094
Iteration number -------- 97  -----------
lambda : 1.61414
max_diff => 0.0577595
performed mixing
Frob norm 1 after updating U: 3.69094
200 iterations
f(b) = 19.2252
Frob norm 2 after updating B : 3.69107
Iteration number -------- 98  -----------
lambda : 1.62221
max_diff => 0.0577504
performed mixing
Frob norm 1 after updating U: 3.69107
200 iterations
f(b) = 19.2506
Frob norm 2 after updating B : 3.69143
Iteration number -------- 99  -----------
lambda : 1.63032
max_diff => 0.0577169
performed mixing
Frob norm 1 after updating U: 3.69143
200 iterations
f(b) = 19.2812
Frob norm 2 after updating B : 3.69172
Iteration number -------- 100  -----------
lambda : 1.63848
max_diff => 0.0576882
