Academic license - for non-commercial use only
Frob norm 1 after updating U: 11.2712
200 iterations
f(b) = 52.1728
Frob norm 2 after updating B : 6.60539
Iteration number -------- 1  -----------
lambda : 1
max_diff => 0.166828
performed mixing
Frob norm 1 after updating U: 6.04136
200 iterations
f(b) = 49.3208
Frob norm 2 after updating B : 6.41962
Iteration number -------- 2  -----------
lambda : 1.005
max_diff => 0.154945
performed mixing
Frob norm 1 after updating U: 5.88722
200 iterations
f(b) = 46.7171
Frob norm 2 after updating B : 6.2383
Iteration number -------- 3  -----------
lambda : 1.01002
max_diff => 0.143073
performed mixing
Frob norm 1 after updating U: 5.73558
200 iterations
f(b) = 38.9513
Frob norm 2 after updating B : 5.69501
Iteration number -------- 4  -----------
lambda : 1.01508
max_diff => 0.128453
performed mixing
Frob norm 1 after updating U: 4.17693
200 iterations
f(b) = 32.8281
Frob norm 2 after updating B : 5.15572
Iteration number -------- 5  -----------
lambda : 1.02015
max_diff => 0.111283
performed mixing
Frob norm 1 after updating U: 3.86962
200 iterations
f(b) = 27.984
Frob norm 2 after updating B : 4.75993
Iteration number -------- 6  -----------
lambda : 1.02525
max_diff => 0.0907435
performed mixing
Frob norm 1 after updating U: 3.70465
200 iterations
f(b) = 24.7276
Frob norm 2 after updating B : 4.45311
Iteration number -------- 7  -----------
lambda : 1.03038
max_diff => 0.0756551
performed mixing
Frob norm 1 after updating U: 3.59514
200 iterations
f(b) = 22.2605
Frob norm 2 after updating B : 4.22064
Iteration number -------- 8  -----------
lambda : 1.03553
max_diff => 0.062646
performed mixing
Frob norm 1 after updating U: 3.52607
200 iterations
f(b) = 20.3798
Frob norm 2 after updating B : 4.02236
Iteration number -------- 9  -----------
lambda : 1.04071
max_diff => 0.0605703
performed mixing
Frob norm 1 after updating U: 3.48385
200 iterations
f(b) = 18.9479
Frob norm 2 after updating B : 3.88329
Iteration number -------- 10  -----------
lambda : 1.04591
max_diff => 0.0594524
performed mixing
Frob norm 1 after updating U: 3.43909
200 iterations
f(b) = 17.7633
Frob norm 2 after updating B : 3.76681
Iteration number -------- 11  -----------
lambda : 1.05114
max_diff => 0.0592407
performed mixing
Frob norm 1 after updating U: 3.40177
200 iterations
f(b) = 16.7917
Frob norm 2 after updating B : 3.67492
Iteration number -------- 12  -----------
lambda : 1.0564
max_diff => 0.059448
performed mixing
Frob norm 1 after updating U: 3.36739
200 iterations
f(b) = 15.9767
Frob norm 2 after updating B : 3.5997
Iteration number -------- 13  -----------
lambda : 1.06168
max_diff => 0.0608758
performed mixing
Frob norm 1 after updating U: 3.3338
200 iterations
f(b) = 15.2644
Frob norm 2 after updating B : 3.53784
Iteration number -------- 14  -----------
lambda : 1.06699
max_diff => 0.063154
performed mixing
Frob norm 1 after updating U: 3.30254
200 iterations
f(b) = 14.6868
Frob norm 2 after updating B : 3.47978
Iteration number -------- 15  -----------
lambda : 1.07232
max_diff => 0.0652433
performed mixing
Frob norm 1 after updating U: 3.28775
200 iterations
f(b) = 14.1802
Frob norm 2 after updating B : 3.42491
Iteration number -------- 16  -----------
lambda : 1.07768
max_diff => 0.0668121
performed mixing
Frob norm 1 after updating U: 3.27688
200 iterations
f(b) = 13.8033
Frob norm 2 after updating B : 3.39198
Iteration number -------- 17  -----------
lambda : 1.08307
max_diff => 0.0701508
performed mixing
Frob norm 1 after updating U: 3.26767
200 iterations
f(b) = 13.5077
Frob norm 2 after updating B : 3.34564
Iteration number -------- 18  -----------
lambda : 1.08849
max_diff => 0.0716071
performed mixing
Frob norm 1 after updating U: 3.26017
200 iterations
f(b) = 13.3517
Frob norm 2 after updating B : 3.31545
Iteration number -------- 19  -----------
lambda : 1.09393
max_diff => 0.0717125
performed mixing
Frob norm 1 after updating U: 3.25969
200 iterations
f(b) = 13.1826
Frob norm 2 after updating B : 3.29902
Iteration number -------- 20  -----------
lambda : 1.0994
max_diff => 0.0717427
performed mixing
Frob norm 1 after updating U: 3.25836
200 iterations
f(b) = 13.0246
Frob norm 2 after updating B : 3.29838
Iteration number -------- 21  -----------
lambda : 1.1049
max_diff => 0.075564
performed mixing
Frob norm 1 after updating U: 3.2472
200 iterations
f(b) = 12.9047
Frob norm 2 after updating B : 3.27526
Iteration number -------- 22  -----------
lambda : 1.11042
max_diff => 0.0773247
performed mixing
Frob norm 1 after updating U: 3.23912
200 iterations
f(b) = 12.8117
Frob norm 2 after updating B : 3.27166
Iteration number -------- 23  -----------
lambda : 1.11597
max_diff => 0.0799783
performed mixing
Frob norm 1 after updating U: 3.23793
200 iterations
f(b) = 12.7789
Frob norm 2 after updating B : 3.25981
Iteration number -------- 24  -----------
lambda : 1.12155
max_diff => 0.0800649
performed mixing
Frob norm 1 after updating U: 3.23776
200 iterations
f(b) = 12.6586
Frob norm 2 after updating B : 3.25779
Iteration number -------- 25  -----------
lambda : 1.12716
max_diff => 0.0821008
performed mixing
Frob norm 1 after updating U: 3.23524
200 iterations
f(b) = 12.618
Frob norm 2 after updating B : 3.24933
Iteration number -------- 26  -----------
lambda : 1.1328
max_diff => 0.083136
performed mixing
Frob norm 1 after updating U: 3.23304
200 iterations
f(b) = 12.5441
Frob norm 2 after updating B : 3.2412
Iteration number -------- 27  -----------
lambda : 1.13846
max_diff => 0.087439
performed mixing
Frob norm 1 after updating U: 3.22319
200 iterations
f(b) = 12.5679
Frob norm 2 after updating B : 3.23497
Iteration number -------- 28  -----------
lambda : 1.14415
max_diff => 0.0875248
performed mixing
Frob norm 1 after updating U: 3.22314
200 iterations
f(b) = 12.4937
Frob norm 2 after updating B : 3.23067
Iteration number -------- 29  -----------
lambda : 1.14987
max_diff => 0.0890772
performed mixing
Frob norm 1 after updating U: 3.22119
200 iterations
f(b) = 12.5356
Frob norm 2 after updating B : 3.22723
Iteration number -------- 30  -----------
lambda : 1.15562
max_diff => 0.0891472
performed mixing
Frob norm 1 after updating U: 3.22106
200 iterations
f(b) = 12.4934
Frob norm 2 after updating B : 3.21662
Iteration number -------- 31  -----------
lambda : 1.1614
max_diff => 0.0910613
performed mixing
Frob norm 1 after updating U: 3.21195
200 iterations
f(b) = 12.4654
Frob norm 2 after updating B : 3.21532
Iteration number -------- 32  -----------
lambda : 1.16721
max_diff => 0.0916077
performed mixing
Frob norm 1 after updating U: 3.21133
200 iterations
f(b) = 12.4708
Frob norm 2 after updating B : 3.21086
Iteration number -------- 33  -----------
lambda : 1.17304
max_diff => 0.0924318
performed mixing
Frob norm 1 after updating U: 3.20748
200 iterations
f(b) = 12.474
Frob norm 2 after updating B : 3.20696
Iteration number -------- 34  -----------
lambda : 1.17891
max_diff => 0.0929488
performed mixing
Frob norm 1 after updating U: 3.20433
200 iterations
f(b) = 12.4681
Frob norm 2 after updating B : 3.20512
Iteration number -------- 35  -----------
lambda : 1.1848
max_diff => 0.0935045
performed mixing
Frob norm 1 after updating U: 3.20289
200 iterations
f(b) = 12.5271
Frob norm 2 after updating B : 3.20429
Iteration number -------- 36  -----------
lambda : 1.19073
max_diff => 0.0935391
performed mixing
Frob norm 1 after updating U: 3.2028
200 iterations
f(b) = 12.4823
Frob norm 2 after updating B : 3.20083
Iteration number -------- 37  -----------
lambda : 1.19668
max_diff => 0.0946789
performed mixing
Frob norm 1 after updating U: 3.19925
200 iterations
f(b) = 12.5384
Frob norm 2 after updating B : 3.20019
Iteration number -------- 38  -----------
lambda : 1.20266
max_diff => 0.0946643
performed mixing
Frob norm 1 after updating U: 3.19914
200 iterations
f(b) = 12.5097
Frob norm 2 after updating B : 3.19629
Iteration number -------- 39  -----------
lambda : 1.20868
max_diff => 0.0947347
performed mixing
Frob norm 1 after updating U: 3.19521
200 iterations
f(b) = 12.5035
Frob norm 2 after updating B : 3.19632
Iteration number -------- 40  -----------
lambda : 1.21472
max_diff => 0.0945079
performed mixing
Frob norm 1 after updating U: 3.19529
200 iterations
f(b) = 12.5069
Frob norm 2 after updating B : 3.19472
Iteration number -------- 41  -----------
lambda : 1.22079
max_diff => 0.0947967
performed mixing
Frob norm 1 after updating U: 3.19361
200 iterations
f(b) = 12.5662
Frob norm 2 after updating B : 3.19416
Iteration number -------- 42  -----------
lambda : 1.2269
max_diff => 0.0948454
performed mixing
Frob norm 1 after updating U: 3.19341
200 iterations
f(b) = 12.5772
Frob norm 2 after updating B : 3.19384
Iteration number -------- 43  -----------
lambda : 1.23303
max_diff => 0.094849
performed mixing
Frob norm 1 after updating U: 3.19334
200 iterations
f(b) = 12.5864
Frob norm 2 after updating B : 3.19358
Iteration number -------- 44  -----------
lambda : 1.2392
max_diff => 0.0947956
performed mixing
Frob norm 1 after updating U: 3.19323
200 iterations
f(b) = 12.5963
Frob norm 2 after updating B : 3.19335
Iteration number -------- 45  -----------
lambda : 1.24539
max_diff => 0.094743
performed mixing
Frob norm 1 after updating U: 3.1931
200 iterations
f(b) = 12.6093
Frob norm 2 after updating B : 3.19311
Iteration number -------- 46  -----------
lambda : 1.25162
max_diff => 0.0947545
performed mixing
Frob norm 1 after updating U: 3.19294
200 iterations
f(b) = 12.6185
Frob norm 2 after updating B : 3.19291
Iteration number -------- 47  -----------
lambda : 1.25788
max_diff => 0.0947343
performed mixing
Frob norm 1 after updating U: 3.19277
200 iterations
f(b) = 12.6324
Frob norm 2 after updating B : 3.19277
Iteration number -------- 48  -----------
lambda : 1.26417
max_diff => 0.0947056
performed mixing
Frob norm 1 after updating U: 3.19267
200 iterations
f(b) = 12.5946
Frob norm 2 after updating B : 3.19143
Iteration number -------- 49  -----------
lambda : 1.27049
max_diff => 0.0949801
performed mixing
Frob norm 1 after updating U: 3.19117
200 iterations
f(b) = 12.6507
Frob norm 2 after updating B : 3.19128
Iteration number -------- 50  -----------
lambda : 1.27684
max_diff => 0.0949369
performed mixing
Frob norm 1 after updating U: 3.1911
200 iterations
f(b) = 12.614
Frob norm 2 after updating B : 3.18973
Iteration number -------- 51  -----------
lambda : 1.28323
max_diff => 0.0948222
performed mixing
Frob norm 1 after updating U: 3.18934
200 iterations
f(b) = 12.6207
Frob norm 2 after updating B : 3.19058
Iteration number -------- 52  -----------
lambda : 1.28964
max_diff => 0.09522
performed mixing
Frob norm 1 after updating U: 3.18984
200 iterations
f(b) = 12.6733
Frob norm 2 after updating B : 3.19031
Iteration number -------- 53  -----------
lambda : 1.29609
max_diff => 0.0951297
performed mixing
Frob norm 1 after updating U: 3.18981
200 iterations
f(b) = 12.6888
Frob norm 2 after updating B : 3.18999
Iteration number -------- 54  -----------
lambda : 1.30257
max_diff => 0.0951373
performed mixing
Frob norm 1 after updating U: 3.18965
200 iterations
f(b) = 12.6999
Frob norm 2 after updating B : 3.18981
Iteration number -------- 55  -----------
lambda : 1.30908
max_diff => 0.0950911
performed mixing
Frob norm 1 after updating U: 3.18958
200 iterations
f(b) = 12.7114
Frob norm 2 after updating B : 3.18973
Iteration number -------- 56  -----------
lambda : 1.31563
max_diff => 0.0950428
performed mixing
Frob norm 1 after updating U: 3.18957
200 iterations
f(b) = 12.7243
Frob norm 2 after updating B : 3.18962
Iteration number -------- 57  -----------
lambda : 1.32221
max_diff => 0.0949985
performed mixing
Frob norm 1 after updating U: 3.18951
200 iterations
f(b) = 12.7328
Frob norm 2 after updating B : 3.18946
Iteration number -------- 58  -----------
lambda : 1.32882
max_diff => 0.0949593
performed mixing
Frob norm 1 after updating U: 3.18937
200 iterations
f(b) = 12.7446
Frob norm 2 after updating B : 3.18928
Iteration number -------- 59  -----------
lambda : 1.33546
max_diff => 0.0948815
performed mixing
Frob norm 1 after updating U: 3.18921
200 iterations
f(b) = 12.7584
Frob norm 2 after updating B : 3.18925
Iteration number -------- 60  -----------
lambda : 1.34214
max_diff => 0.0948305
performed mixing
Frob norm 1 after updating U: 3.18919
200 iterations
f(b) = 12.7306
Frob norm 2 after updating B : 3.1886
Iteration number -------- 61  -----------
lambda : 1.34885
max_diff => 0.0946314
performed mixing
Frob norm 1 after updating U: 3.18851
200 iterations
f(b) = 12.7804
Frob norm 2 after updating B : 3.18848
Iteration number -------- 62  -----------
lambda : 1.35559
max_diff => 0.0945942
performed mixing
Frob norm 1 after updating U: 3.1884
200 iterations
f(b) = 12.7924
Frob norm 2 after updating B : 3.18842
Iteration number -------- 63  -----------
lambda : 1.36237
max_diff => 0.0945267
performed mixing
Frob norm 1 after updating U: 3.18836
200 iterations
f(b) = 12.7528
Frob norm 2 after updating B : 3.18832
Iteration number -------- 64  -----------
lambda : 1.36918
max_diff => 0.0934143
performed mixing
Frob norm 1 after updating U: 3.18801
200 iterations
f(b) = 12.8079
Frob norm 2 after updating B : 3.18834
Iteration number -------- 65  -----------
lambda : 1.37603
max_diff => 0.0933242
performed mixing
Frob norm 1 after updating U: 3.18813
200 iterations
f(b) = 12.8201
Frob norm 2 after updating B : 3.18814
Iteration number -------- 66  -----------
lambda : 1.38291
max_diff => 0.0932776
performed mixing
Frob norm 1 after updating U: 3.18798
200 iterations
f(b) = 12.8337
Frob norm 2 after updating B : 3.18813
Iteration number -------- 67  -----------
lambda : 1.38982
max_diff => 0.0932074
performed mixing
Frob norm 1 after updating U: 3.18802
200 iterations
f(b) = 12.8463
Frob norm 2 after updating B : 3.18808
Iteration number -------- 68  -----------
lambda : 1.39677
max_diff => 0.0931816
performed mixing
Frob norm 1 after updating U: 3.18799
200 iterations
f(b) = 12.8571
Frob norm 2 after updating B : 3.18801
Iteration number -------- 69  -----------
lambda : 1.40376
max_diff => 0.0931332
performed mixing
Frob norm 1 after updating U: 3.18794
200 iterations
f(b) = 12.865
Frob norm 2 after updating B : 3.18804
Iteration number -------- 70  -----------
lambda : 1.41078
max_diff => 0.0930287
performed mixing
Frob norm 1 after updating U: 3.18798
200 iterations
f(b) = 12.8841
Frob norm 2 after updating B : 3.18799
Iteration number -------- 71  -----------
lambda : 1.41783
max_diff => 0.0929609
performed mixing
Frob norm 1 after updating U: 3.18794
200 iterations
f(b) = 12.8967
Frob norm 2 after updating B : 3.18796
Iteration number -------- 72  -----------
lambda : 1.42492
max_diff => 0.0929239
performed mixing
Frob norm 1 after updating U: 3.18792
200 iterations
f(b) = 12.8707
Frob norm 2 after updating B : 3.18809
Iteration number -------- 73  -----------
lambda : 1.43204
max_diff => 0.0926561
performed mixing
Frob norm 1 after updating U: 3.18803
200 iterations
f(b) = 12.9202
Frob norm 2 after updating B : 3.18806
Iteration number -------- 74  -----------
lambda : 1.4392
max_diff => 0.092615
performed mixing
Frob norm 1 after updating U: 3.18801
200 iterations
f(b) = 12.8923
Frob norm 2 after updating B : 3.18812
Iteration number -------- 75  -----------
lambda : 1.4464
max_diff => 0.0923063
performed mixing
Frob norm 1 after updating U: 3.18806
200 iterations
f(b) = 12.9429
Frob norm 2 after updating B : 3.18869
Iteration number -------- 76  -----------
lambda : 1.45363
max_diff => 0.0922111
performed mixing
Frob norm 1 after updating U: 3.18863
200 iterations
f(b) = 12.9561
Frob norm 2 after updating B : 3.1887
Iteration number -------- 77  -----------
lambda : 1.4609
max_diff => 0.0921421
performed mixing
Frob norm 1 after updating U: 3.18865
200 iterations
f(b) = 12.9362
Frob norm 2 after updating B : 3.18862
Iteration number -------- 78  -----------
lambda : 1.46821
max_diff => 0.0919682
performed mixing
Frob norm 1 after updating U: 3.18856
200 iterations
f(b) = 12.9839
Frob norm 2 after updating B : 3.18864
Iteration number -------- 79  -----------
lambda : 1.47555
max_diff => 0.091926
performed mixing
Frob norm 1 after updating U: 3.1886
200 iterations
f(b) = 12.9952
Frob norm 2 after updating B : 3.18868
Iteration number -------- 80  -----------
lambda : 1.48292
max_diff => 0.09184
performed mixing
Frob norm 1 after updating U: 3.18864
200 iterations
f(b) = 13.0099
Frob norm 2 after updating B : 3.18869
Iteration number -------- 81  -----------
lambda : 1.49034
max_diff => 0.0917716
performed mixing
Frob norm 1 after updating U: 3.18866
200 iterations
f(b) = 13.0217
Frob norm 2 after updating B : 3.18867
Iteration number -------- 82  -----------
lambda : 1.49779
max_diff => 0.0917235
performed mixing
Frob norm 1 after updating U: 3.18864
200 iterations
f(b) = 13.0363
Frob norm 2 after updating B : 3.18877
Iteration number -------- 83  -----------
lambda : 1.50528
max_diff => 0.0916766
performed mixing
Frob norm 1 after updating U: 3.18874
200 iterations
f(b) = 13.0532
Frob norm 2 after updating B : 3.18869
Iteration number -------- 84  -----------
lambda : 1.51281
max_diff => 0.091663
performed mixing
Frob norm 1 after updating U: 3.18867
200 iterations
f(b) = 13.0636
Frob norm 2 after updating B : 3.18874
Iteration number -------- 85  -----------
lambda : 1.52037
max_diff => 0.0916088
performed mixing
Frob norm 1 after updating U: 3.18872
200 iterations
f(b) = 13.0762
Frob norm 2 after updating B : 3.18878
Iteration number -------- 86  -----------
lambda : 1.52797
max_diff => 0.0915244
performed mixing
Frob norm 1 after updating U: 3.18876
200 iterations
f(b) = 13.1097
Frob norm 2 after updating B : 3.1884
Iteration number -------- 87  -----------
lambda : 1.53561
max_diff => 0.0913549
performed mixing
Frob norm 1 after updating U: 3.18839
200 iterations
f(b) = 13.057
Frob norm 2 after updating B : 3.18913
Iteration number -------- 88  -----------
lambda : 1.54329
max_diff => 0.0912194
performed mixing
Frob norm 1 after updating U: 3.1891
200 iterations
f(b) = 13.1178
Frob norm 2 after updating B : 3.1892
Iteration number -------- 89  -----------
lambda : 1.55101
max_diff => 0.0911836
performed mixing
Frob norm 1 after updating U: 3.18917
200 iterations
f(b) = 13.1313
Frob norm 2 after updating B : 3.18925
Iteration number -------- 90  -----------
lambda : 1.55876
max_diff => 0.0911327
performed mixing
Frob norm 1 after updating U: 3.18923
200 iterations
f(b) = 13.1444
Frob norm 2 after updating B : 3.18929
Iteration number -------- 91  -----------
lambda : 1.56655
max_diff => 0.0910251
performed mixing
Frob norm 1 after updating U: 3.18927
200 iterations
f(b) = 13.1604
Frob norm 2 after updating B : 3.18933
Iteration number -------- 92  -----------
lambda : 1.57439
max_diff => 0.0909494
performed mixing
Frob norm 1 after updating U: 3.18931
200 iterations
f(b) = 13.1728
Frob norm 2 after updating B : 3.1894
Iteration number -------- 93  -----------
lambda : 1.58226
max_diff => 0.0908767
performed mixing
Frob norm 1 after updating U: 3.18938
200 iterations
f(b) = 13.1869
Frob norm 2 after updating B : 3.18938
Iteration number -------- 94  -----------
lambda : 1.59017
max_diff => 0.090845
performed mixing
Frob norm 1 after updating U: 3.18937
200 iterations
f(b) = 13.2011
Frob norm 2 after updating B : 3.18954
Iteration number -------- 95  -----------
lambda : 1.59812
max_diff => 0.090726
performed mixing
Frob norm 1 after updating U: 3.18952
200 iterations
f(b) = 13.217
Frob norm 2 after updating B : 3.18956
Iteration number -------- 96  -----------
lambda : 1.60611
max_diff => 0.0906873
performed mixing
Frob norm 1 after updating U: 3.18955
200 iterations
f(b) = 13.2303
Frob norm 2 after updating B : 3.18965
Iteration number -------- 97  -----------
lambda : 1.61414
max_diff => 0.0906295
performed mixing
Frob norm 1 after updating U: 3.18963
200 iterations
f(b) = 13.2433
Frob norm 2 after updating B : 3.18978
Iteration number -------- 98  -----------
lambda : 1.62221
max_diff => 0.0905231
performed mixing
Frob norm 1 after updating U: 3.18977
200 iterations
f(b) = 13.258
Frob norm 2 after updating B : 3.1899
Iteration number -------- 99  -----------
lambda : 1.63032
max_diff => 0.0904255
performed mixing
Frob norm 1 after updating U: 3.18988
200 iterations
f(b) = 13.2292
Frob norm 2 after updating B : 3.19019
Iteration number -------- 100  -----------
lambda : 1.63848
max_diff => 0.0900892
