Academic license - for non-commercial use only
Frob norm 1 after updating U: 10.6337
200 iterations
f(b) = 74.6415
Frob norm 2 after updating B : 7.91465
Iteration number -------- 1  -----------
lambda : 1
max_diff => 0.141192
performed mixing
Frob norm 1 after updating U: 6.70388
200 iterations
f(b) = 66.7267
Frob norm 2 after updating B : 7.49799
Iteration number -------- 2  -----------
lambda : 1.005
max_diff => 0.11925
performed mixing
Frob norm 1 after updating U: 6.00906
200 iterations
f(b) = 57.1405
Frob norm 2 after updating B : 7.06482
Iteration number -------- 3  -----------
lambda : 1.01002
max_diff => 0.103148
performed mixing
Frob norm 1 after updating U: 5.57974
200 iterations
f(b) = 49.5168
Frob norm 2 after updating B : 6.58748
Iteration number -------- 4  -----------
lambda : 1.01508
max_diff => 0.0675613
performed mixing
Frob norm 1 after updating U: 5.37234
200 iterations
f(b) = 44.2029
Frob norm 2 after updating B : 6.17369
Iteration number -------- 5  -----------
lambda : 1.02015
max_diff => 0.0631131
performed mixing
Frob norm 1 after updating U: 5.28059
200 iterations
f(b) = 39.8435
Frob norm 2 after updating B : 5.8269
Iteration number -------- 6  -----------
lambda : 1.02525
max_diff => 0.0873456
performed mixing
Frob norm 1 after updating U: 5.18395
200 iterations
f(b) = 37.1143
Frob norm 2 after updating B : 5.59278
Iteration number -------- 7  -----------
lambda : 1.03038
max_diff => 0.0971462
performed mixing
Frob norm 1 after updating U: 5.09302
200 iterations
f(b) = 34.0318
Frob norm 2 after updating B : 5.35938
Iteration number -------- 8  -----------
lambda : 1.03553
max_diff => 0.0621065
performed mixing
Frob norm 1 after updating U: 4.9122
200 iterations
f(b) = 32.336
Frob norm 2 after updating B : 5.20289
Iteration number -------- 9  -----------
lambda : 1.04071
max_diff => 0.0624092
performed mixing
Frob norm 1 after updating U: 4.86833
200 iterations
f(b) = 31.1458
Frob norm 2 after updating B : 5.08495
Iteration number -------- 10  -----------
lambda : 1.04591
max_diff => 0.0624806
performed mixing
Frob norm 1 after updating U: 4.85344
200 iterations
f(b) = 30.2241
Frob norm 2 after updating B : 5.00239
Iteration number -------- 11  -----------
lambda : 1.05114
max_diff => 0.0624948
performed mixing
Frob norm 1 after updating U: 4.80238
200 iterations
f(b) = 29.555
Frob norm 2 after updating B : 4.93163
Iteration number -------- 12  -----------
lambda : 1.0564
max_diff => 0.0624928
performed mixing
Frob norm 1 after updating U: 4.79922
200 iterations
f(b) = 27.7542
Frob norm 2 after updating B : 4.7894
Iteration number -------- 13  -----------
lambda : 1.06168
max_diff => 0.0624505
performed mixing
Frob norm 1 after updating U: 4.50255
200 iterations
f(b) = 26.2869
Frob norm 2 after updating B : 4.6828
Iteration number -------- 14  -----------
lambda : 1.06699
max_diff => 0.0619892
performed mixing
Frob norm 1 after updating U: 4.4395
200 iterations
f(b) = 25.5255
Frob norm 2 after updating B : 4.59862
Iteration number -------- 15  -----------
lambda : 1.07232
max_diff => 0.0619809
performed mixing
Frob norm 1 after updating U: 4.4393
200 iterations
f(b) = 25.0337
Frob norm 2 after updating B : 4.54283
Iteration number -------- 16  -----------
lambda : 1.07768
max_diff => 0.0619642
performed mixing
Frob norm 1 after updating U: 4.43885
200 iterations
f(b) = 24.5059
Frob norm 2 after updating B : 4.51402
Iteration number -------- 17  -----------
lambda : 1.08307
max_diff => 0.0598051
performed mixing
Frob norm 1 after updating U: 4.4084
200 iterations
f(b) = 24.2096
Frob norm 2 after updating B : 4.47698
Iteration number -------- 18  -----------
lambda : 1.08849
max_diff => 0.059771
performed mixing
Frob norm 1 after updating U: 4.40824
200 iterations
f(b) = 23.8532
Frob norm 2 after updating B : 4.46847
Iteration number -------- 19  -----------
lambda : 1.09393
max_diff => 0.0551114
performed mixing
Frob norm 1 after updating U: 4.38174
200 iterations
f(b) = 23.607
Frob norm 2 after updating B : 4.43788
Iteration number -------- 20  -----------
lambda : 1.0994
max_diff => 0.0550898
performed mixing
Frob norm 1 after updating U: 4.38154
200 iterations
f(b) = 23.4657
Frob norm 2 after updating B : 4.41782
Iteration number -------- 21  -----------
lambda : 1.1049
max_diff => 0.0550085
performed mixing
Frob norm 1 after updating U: 4.38077
200 iterations
f(b) = 23.1223
Frob norm 2 after updating B : 4.40567
Iteration number -------- 22  -----------
lambda : 1.11042
max_diff => 0.0497618
performed mixing
Frob norm 1 after updating U: 4.34682
200 iterations
f(b) = 22.9264
Frob norm 2 after updating B : 4.38127
Iteration number -------- 23  -----------
lambda : 1.11597
max_diff => 0.0492899
performed mixing
Frob norm 1 after updating U: 4.34069
200 iterations
f(b) = 21.8751
Frob norm 2 after updating B : 4.07063
Iteration number -------- 24  -----------
lambda : 1.12155
max_diff => 0.0817885
performed mixing
Frob norm 1 after updating U: 3.70823
200 iterations
f(b) = 15.7472
Frob norm 2 after updating B : 3.49599
Iteration number -------- 25  -----------
lambda : 1.12716
max_diff => 0.0690674
performed mixing
Frob norm 1 after updating U: 3.12801
200 iterations
f(b) = 13.7357
Frob norm 2 after updating B : 3.24715
Iteration number -------- 26  -----------
lambda : 1.1328
max_diff => 0.129941
performed mixing
Frob norm 1 after updating U: 2.91233
200 iterations
f(b) = 11.945
Frob norm 2 after updating B : 3.07183
Iteration number -------- 27  -----------
lambda : 1.13846
max_diff => 0.0329524
performed mixing
Frob norm 1 after updating U: 2.79373
200 iterations
f(b) = 11.2728
Frob norm 2 after updating B : 2.98561
Iteration number -------- 28  -----------
lambda : 1.14415
max_diff => 0.0327554
performed mixing
Frob norm 1 after updating U: 2.78843
200 iterations
f(b) = 10.9014
Frob norm 2 after updating B : 2.91697
Iteration number -------- 29  -----------
lambda : 1.14987
max_diff => 0.032748
performed mixing
Frob norm 1 after updating U: 2.78814
200 iterations
f(b) = 10.5721
Frob norm 2 after updating B : 2.87588
Iteration number -------- 30  -----------
lambda : 1.15562
max_diff => 0.0323868
performed mixing
Frob norm 1 after updating U: 2.78523
200 iterations
f(b) = 10.4097
Frob norm 2 after updating B : 2.84462
Iteration number -------- 31  -----------
lambda : 1.1614
max_diff => 0.0322746
performed mixing
Frob norm 1 after updating U: 2.78483
200 iterations
f(b) = 10.1668
Frob norm 2 after updating B : 2.85034
Iteration number -------- 32  -----------
lambda : 1.16721
max_diff => 0.0321756
performed mixing
Frob norm 1 after updating U: 2.77666
200 iterations
f(b) = 10.048
Frob norm 2 after updating B : 2.82427
Iteration number -------- 33  -----------
lambda : 1.17304
max_diff => 0.0322042
performed mixing
Frob norm 1 after updating U: 2.77646
200 iterations
f(b) = 9.9872
Frob norm 2 after updating B : 2.80771
Iteration number -------- 34  -----------
lambda : 1.17891
max_diff => 0.0322173
performed mixing
Frob norm 1 after updating U: 2.77658
200 iterations
f(b) = 9.93213
Frob norm 2 after updating B : 2.79767
Iteration number -------- 35  -----------
lambda : 1.1848
max_diff => 0.032203
performed mixing
Frob norm 1 after updating U: 2.77651
200 iterations
f(b) = 9.89569
Frob norm 2 after updating B : 2.7909
Iteration number -------- 36  -----------
lambda : 1.19073
max_diff => 0.0322632
performed mixing
Frob norm 1 after updating U: 2.77643
200 iterations
f(b) = 9.86041
Frob norm 2 after updating B : 2.78689
Iteration number -------- 37  -----------
lambda : 1.19668
max_diff => 0.0322707
performed mixing
Frob norm 1 after updating U: 2.77639
200 iterations
f(b) = 9.66683
Frob norm 2 after updating B : 2.83756
Iteration number -------- 38  -----------
lambda : 1.20266
max_diff => 0.0312027
performed mixing
Frob norm 1 after updating U: 2.78851
200 iterations
f(b) = 9.62482
Frob norm 2 after updating B : 2.82027
Iteration number -------- 39  -----------
lambda : 1.20868
max_diff => 0.0312266
performed mixing
Frob norm 1 after updating U: 2.78846
200 iterations
f(b) = 9.56237
Frob norm 2 after updating B : 2.80877
Iteration number -------- 40  -----------
lambda : 1.21472
max_diff => 0.0312677
performed mixing
Frob norm 1 after updating U: 2.78773
200 iterations
f(b) = 9.41743
Frob norm 2 after updating B : 2.83404
Iteration number -------- 41  -----------
lambda : 1.22079
max_diff => 0.0285452
performed mixing
Frob norm 1 after updating U: 2.79507
200 iterations
f(b) = 9.38936
Frob norm 2 after updating B : 2.81965
Iteration number -------- 42  -----------
lambda : 1.2269
max_diff => 0.0286197
performed mixing
Frob norm 1 after updating U: 2.79399
200 iterations
f(b) = 9.19808
Frob norm 2 after updating B : 2.77912
Iteration number -------- 43  -----------
lambda : 1.23303
max_diff => 0.0322154
performed mixing
Frob norm 1 after updating U: 2.73622
200 iterations
f(b) = 5.52033
Frob norm 2 after updating B : 1.98658
Iteration number -------- 44  -----------
lambda : 1.2392
max_diff => 0.0850397
performed mixing
Frob norm 1 after updating U: 1.51667
200 iterations
f(b) = 2.5529
Frob norm 2 after updating B : 1.33736
Iteration number -------- 45  -----------
lambda : 1.24539
max_diff => 0.0318267
performed mixing
Frob norm 1 after updating U: 0.317196
200 iterations
f(b) = 1.27031
Frob norm 2 after updating B : 1.06237
Iteration number -------- 46  -----------
lambda : 1.25162
max_diff => 0.000624781
performed mixing
Frob norm 1 after updating U: 0.0324237
200 iterations
f(b) = 0.798956
Frob norm 2 after updating B : 0.847947
Iteration number -------- 47  -----------
lambda : 1.25788
max_diff => 1.0099e-07
performed mixing
Frob norm 1 after updating U: 0.0140541
200 iterations
f(b) = 0.513816
Frob norm 2 after updating B : 0.678467
Iteration number -------- 48  -----------
lambda : 1.26417
max_diff => 9.99859e-08
performed mixing
Frob norm 1 after updating U: 0.0140203
200 iterations
f(b) = 0.399121
Frob norm 2 after updating B : 0.542992
Iteration number -------- 49  -----------
lambda : 1.27049
max_diff => 1.01288e-07
performed mixing
Frob norm 1 after updating U: 0.0140524
200 iterations
f(b) = 0.297215
Frob norm 2 after updating B : 0.434414
Iteration number -------- 50  -----------
lambda : 1.27684
max_diff => 9.998e-08
performed mixing
Frob norm 1 after updating U: 0.0140735
200 iterations
f(b) = 0.228292
Frob norm 2 after updating B : 0.347622
Iteration number -------- 51  -----------
lambda : 1.28323
max_diff => 9.998e-08
performed mixing
Frob norm 1 after updating U: 0.0140835
200 iterations
f(b) = 0.18783
Frob norm 2 after updating B : 0.278298
Iteration number -------- 52  -----------
lambda : 1.28964
max_diff => 9.998e-08
performed mixing
Frob norm 1 after updating U: 0.0140698
200 iterations
f(b) = 0.148692
Frob norm 2 after updating B : 0.222848
Iteration number -------- 53  -----------
lambda : 1.29609
max_diff => 9.998e-08
performed mixing
Frob norm 1 after updating U: 0.0140472
200 iterations
f(b) = 0.130515
Frob norm 2 after updating B : 0.178505
Iteration number -------- 54  -----------
lambda : 1.30257
max_diff => 9.99964e-08
performed mixing
Frob norm 1 after updating U: 0.0140089
200 iterations
f(b) = 0.0735967
Frob norm 2 after updating B : 0.14317
Iteration number -------- 55  -----------
lambda : 1.30908
max_diff => 9.998e-08
performed mixing
Frob norm 1 after updating U: 0.0138973
200 iterations
f(b) = 0.121422
Frob norm 2 after updating B : 0.114869
Iteration number -------- 56  -----------
lambda : 1.31563
max_diff => 9.998e-08
performed mixing
Frob norm 1 after updating U: 0.013923
200 iterations
f(b) = 0.109893
Frob norm 2 after updating B : 0.0922482
Iteration number -------- 57  -----------
lambda : 1.32221
max_diff => 9.998e-08
performed mixing
Frob norm 1 after updating U: 0.0138793
200 iterations
f(b) = 0.0715018
Frob norm 2 after updating B : 0.0743154
Iteration number -------- 58  -----------
lambda : 1.32882
max_diff => 9.998e-08
performed mixing
Frob norm 1 after updating U: 0.0139457
200 iterations
f(b) = 0.0650086
Frob norm 2 after updating B : 0.0602307
Iteration number -------- 59  -----------
lambda : 1.33546
max_diff => 9.998e-08
performed mixing
Frob norm 1 after updating U: 0.0139501
200 iterations
f(b) = 0.0833389
Frob norm 2 after updating B : 0.048898
Iteration number -------- 60  -----------
lambda : 1.34214
max_diff => 9.998e-08
performed mixing
Frob norm 1 after updating U: 0.0139417
200 iterations
f(b) = 0.055899
Frob norm 2 after updating B : 0.04001
Iteration number -------- 61  -----------
lambda : 1.34885
max_diff => 9.998e-08
performed mixing
Frob norm 1 after updating U: 0.0139287
200 iterations
f(b) = 0.0652159
Frob norm 2 after updating B : 0.033169
Iteration number -------- 62  -----------
lambda : 1.35559
max_diff => 9.998e-08
performed mixing
Frob norm 1 after updating U: 0.0139341
200 iterations
f(b) = 0.050351
Frob norm 2 after updating B : 0.0278646
Iteration number -------- 63  -----------
lambda : 1.36237
max_diff => 9.998e-08
performed mixing
Frob norm 1 after updating U: 0.0139289
200 iterations
f(b) = 0.0565431
Frob norm 2 after updating B : 0.0237511
Iteration number -------- 64  -----------
lambda : 1.36918
max_diff => 9.998e-08
performed mixing
Frob norm 1 after updating U: 0.0138844
200 iterations
f(b) = 0.0483903
Frob norm 2 after updating B : 0.0208422
Iteration number -------- 65  -----------
lambda : 1.37603
max_diff => 9.998e-08
performed mixing
Frob norm 1 after updating U: 0.0139033
200 iterations
f(b) = 0.0496183
Frob norm 2 after updating B : 0.0186486
Iteration number -------- 66  -----------
lambda : 1.38291
max_diff => 9.998e-08
performed mixing
Frob norm 1 after updating U: 0.0139412
200 iterations
f(b) = 0.0593169
Frob norm 2 after updating B : 0.0171356
Iteration number -------- 67  -----------
lambda : 1.38982
max_diff => 9.998e-08
performed mixing
Frob norm 1 after updating U: 0.0139707
200 iterations
f(b) = 0.0416861
Frob norm 2 after updating B : 0.0160622
Iteration number -------- 68  -----------
lambda : 1.39677
max_diff => 9.998e-08
performed mixing
Frob norm 1 after updating U: 0.0139474
200 iterations
f(b) = 0.06283
Frob norm 2 after updating B : 0.0152833
Iteration number -------- 69  -----------
lambda : 1.40376
max_diff => 9.998e-08
performed mixing
Frob norm 1 after updating U: 0.0138495
200 iterations
f(b) = 0.0454943
Frob norm 2 after updating B : 0.0149388
Iteration number -------- 70  -----------
lambda : 1.41078
max_diff => 9.998e-08
performed mixing
Frob norm 1 after updating U: 0.0139834
200 iterations
f(b) = 0.0603832
Frob norm 2 after updating B : 0.0144954
Iteration number -------- 71  -----------
lambda : 1.41783
max_diff => 9.998e-08
performed mixing
Frob norm 1 after updating U: 0.0138978
200 iterations
f(b) = 0.0529939
Frob norm 2 after updating B : 0.0144301
Iteration number -------- 72  -----------
lambda : 1.42492
max_diff => 9.998e-08
performed mixing
Frob norm 1 after updating U: 0.0139966
200 iterations
f(b) = 0.0611871
Frob norm 2 after updating B : 0.0141596
Iteration number -------- 73  -----------
lambda : 1.43204
max_diff => 9.998e-08
performed mixing
Frob norm 1 after updating U: 0.0138907
200 iterations
f(b) = 0.0513285
Frob norm 2 after updating B : 0.0141989
Iteration number -------- 74  -----------
lambda : 1.4392
max_diff => 9.998e-08
performed mixing
Frob norm 1 after updating U: 0.0139904
200 iterations
f(b) = 0.0540769
Frob norm 2 after updating B : 0.014056
Iteration number -------- 75  -----------
lambda : 1.4464
max_diff => 9.998e-08
performed mixing
Frob norm 1 after updating U: 0.013917
200 iterations
f(b) = 0.051444
Frob norm 2 after updating B : 0.0141163
Iteration number -------- 76  -----------
lambda : 1.45363
max_diff => 9.998e-08
performed mixing
Frob norm 1 after updating U: 0.0140173
200 iterations
f(b) = 0.047941
Frob norm 2 after updating B : 0.0139714
Iteration number -------- 77  -----------
lambda : 1.4609
max_diff => 9.998e-08
performed mixing
Frob norm 1 after updating U: 0.0139111
200 iterations
f(b) = 0.0566992
Frob norm 2 after updating B : 0.0139025
Iteration number -------- 78  -----------
lambda : 1.46821
max_diff => 9.998e-08
performed mixing
Frob norm 1 after updating U: 0.0138709
200 iterations
f(b) = 0.0554157
Frob norm 2 after updating B : 0.0139895
Iteration number -------- 79  -----------
lambda : 1.47555
max_diff => 9.998e-08
performed mixing
Frob norm 1 after updating U: 0.013956
200 iterations
f(b) = 0.0521713
Frob norm 2 after updating B : 0.0140448
Iteration number -------- 80  -----------
lambda : 1.48292
max_diff => 9.998e-08
performed mixing
Frob norm 1 after updating U: 0.0140095
200 iterations
f(b) = 0.0530021
Frob norm 2 after updating B : 0.0139066
Iteration number -------- 81  -----------
lambda : 1.49034
max_diff => 9.998e-08
performed mixing
Frob norm 1 after updating U: 0.0139
200 iterations
f(b) = 0.0506808
Frob norm 2 after updating B : 0.0140007
Iteration number -------- 82  -----------
lambda : 1.49779
max_diff => 9.998e-08
performed mixing
Frob norm 1 after updating U: 0.0139805
200 iterations
f(b) = 0.058688
Frob norm 2 after updating B : 0.0139494
Iteration number -------- 83  -----------
lambda : 1.50528
max_diff => 9.998e-08
performed mixing
Frob norm 1 after updating U: 0.0139388
200 iterations
f(b) = 0.058763
Frob norm 2 after updating B : 0.0141698
Iteration number -------- 84  -----------
lambda : 1.51281
max_diff => 9.998e-08
performed mixing
Frob norm 1 after updating U: 0.0141197
200 iterations
f(b) = 0.0612806
Frob norm 2 after updating B : 0.0138655
Iteration number -------- 85  -----------
lambda : 1.52037
max_diff => 9.998e-08
performed mixing
Frob norm 1 after updating U: 0.0138779
200 iterations
f(b) = 0.0535477
Frob norm 2 after updating B : 0.0141126
Iteration number -------- 86  -----------
lambda : 1.52797
max_diff => 9.998e-08
performed mixing
Frob norm 1 after updating U: 0.0140785
200 iterations
f(b) = 0.0611283
Frob norm 2 after updating B : 0.0139012
Iteration number -------- 87  -----------
lambda : 1.53561
max_diff => 9.998e-08
performed mixing
Frob norm 1 after updating U: 0.0139135
200 iterations
f(b) = 0.0615852
Frob norm 2 after updating B : 0.0141499
Iteration number -------- 88  -----------
lambda : 1.54329
max_diff => 9.998e-08
performed mixing
Frob norm 1 after updating U: 0.0141015
200 iterations
f(b) = 0.06276
Frob norm 2 after updating B : 0.0138612
Iteration number -------- 89  -----------
lambda : 1.55101
max_diff => 9.998e-08
performed mixing
Frob norm 1 after updating U: 0.0138841
200 iterations
f(b) = 0.0612785
Frob norm 2 after updating B : 0.0141638
Iteration number -------- 90  -----------
lambda : 1.55876
max_diff => 9.998e-08
performed mixing
Frob norm 1 after updating U: 0.014124
200 iterations
f(b) = 0.0626755
Frob norm 2 after updating B : 0.0138731
Iteration number -------- 91  -----------
lambda : 1.56655
max_diff => 9.998e-08
performed mixing
Frob norm 1 after updating U: 0.0138887
200 iterations
f(b) = 0.0601382
Frob norm 2 after updating B : 0.0141177
Iteration number -------- 92  -----------
lambda : 1.57439
max_diff => 9.998e-08
performed mixing
Frob norm 1 after updating U: 0.014089
200 iterations
f(b) = 0.0646734
Frob norm 2 after updating B : 0.0138168
Iteration number -------- 93  -----------
lambda : 1.58226
max_diff => 9.998e-08
performed mixing
Frob norm 1 after updating U: 0.013841
200 iterations
f(b) = 0.0514966
Frob norm 2 after updating B : 0.0140237
Iteration number -------- 94  -----------
lambda : 1.59017
max_diff => 9.998e-08
performed mixing
Frob norm 1 after updating U: 0.0140139
200 iterations
f(b) = 0.0658711
Frob norm 2 after updating B : 0.0138273
Iteration number -------- 95  -----------
lambda : 1.59812
max_diff => 9.998e-08
performed mixing
Frob norm 1 after updating U: 0.0138523
200 iterations
f(b) = 0.0646465
Frob norm 2 after updating B : 0.0139767
Iteration number -------- 96  -----------
lambda : 1.60611
max_diff => 9.998e-08
performed mixing
Frob norm 1 after updating U: 0.0139712
200 iterations
f(b) = 0.0521213
Frob norm 2 after updating B : 0.0140254
Iteration number -------- 97  -----------
lambda : 1.61414
max_diff => 9.998e-08
performed mixing
Frob norm 1 after updating U: 0.0140064
200 iterations
f(b) = 0.0644405
Frob norm 2 after updating B : 0.0139007
Iteration number -------- 98  -----------
lambda : 1.62221
max_diff => 9.998e-08
performed mixing
Frob norm 1 after updating U: 0.0139055
200 iterations
f(b) = 0.0631178
Frob norm 2 after updating B : 0.014075
Iteration number -------- 99  -----------
lambda : 1.63032
max_diff => 9.998e-08
performed mixing
Frob norm 1 after updating U: 0.0140486
200 iterations
f(b) = 0.0623037
Frob norm 2 after updating B : 0.0139583
Iteration number -------- 100  -----------
lambda : 1.63848
max_diff => 9.998e-08
