Academic license - for non-commercial use only
Frob norm 1 after updating U: 11.5079
200 iterations
f(b) = 67.0797
Frob norm 2 after updating B : 7.27335
Iteration number -------- 1  -----------
lambda : 1
max_diff => 0.156973
performed mixing
Frob norm 1 after updating U: 5.76445
200 iterations
f(b) = 58.1298
Frob norm 2 after updating B : 6.74704
Iteration number -------- 2  -----------
lambda : 1.005
max_diff => 0.142347
performed mixing
Frob norm 1 after updating U: 4.92304
200 iterations
f(b) = 48.6261
Frob norm 2 after updating B : 6.19527
Iteration number -------- 3  -----------
lambda : 1.01002
max_diff => 0.118339
performed mixing
Frob norm 1 after updating U: 4.16141
200 iterations
f(b) = 40.076
Frob norm 2 after updating B : 5.67419
Iteration number -------- 4  -----------
lambda : 1.01508
max_diff => 0.0940651
performed mixing
Frob norm 1 after updating U: 3.7208
200 iterations
f(b) = 33.3078
Frob norm 2 after updating B : 5.13202
Iteration number -------- 5  -----------
lambda : 1.02015
max_diff => 0.0844672
performed mixing
Frob norm 1 after updating U: 3.56026
200 iterations
f(b) = 28.1636
Frob norm 2 after updating B : 4.68911
Iteration number -------- 6  -----------
lambda : 1.02525
max_diff => 0.0740886
performed mixing
Frob norm 1 after updating U: 3.45803
200 iterations
f(b) = 24.321
Frob norm 2 after updating B : 4.3359
Iteration number -------- 7  -----------
lambda : 1.03038
max_diff => 0.061711
performed mixing
Frob norm 1 after updating U: 3.37309
200 iterations
f(b) = 21.4782
Frob norm 2 after updating B : 4.05164
Iteration number -------- 8  -----------
lambda : 1.03553
max_diff => 0.0487539
performed mixing
Frob norm 1 after updating U: 3.28636
200 iterations
f(b) = 19.2173
Frob norm 2 after updating B : 3.83563
Iteration number -------- 9  -----------
lambda : 1.04071
max_diff => 0.0451083
performed mixing
Frob norm 1 after updating U: 3.18821
200 iterations
f(b) = 16.2081
Frob norm 2 after updating B : 3.38341
Iteration number -------- 10  -----------
lambda : 1.04591
max_diff => 0.0631364
performed mixing
Frob norm 1 after updating U: 2.4186
200 iterations
f(b) = 12.3161
Frob norm 2 after updating B : 3.12481
Iteration number -------- 11  -----------
lambda : 1.05114
max_diff => 0.0503178
performed mixing
Frob norm 1 after updating U: 2.08375
200 iterations
f(b) = 9.32749
Frob norm 2 after updating B : 2.77448
Iteration number -------- 12  -----------
lambda : 1.0564
max_diff => 0.032539
performed mixing
Frob norm 1 after updating U: 1.72663
200 iterations
f(b) = 7.47842
Frob norm 2 after updating B : 2.4889
Iteration number -------- 13  -----------
lambda : 1.06168
max_diff => 0.0295225
performed mixing
Frob norm 1 after updating U: 1.72206
200 iterations
f(b) = 6.269
Frob norm 2 after updating B : 2.26144
Iteration number -------- 14  -----------
lambda : 1.06699
max_diff => 0.0262672
performed mixing
Frob norm 1 after updating U: 1.70702
200 iterations
f(b) = 5.49043
Frob norm 2 after updating B : 2.07242
Iteration number -------- 15  -----------
lambda : 1.07232
max_diff => 0.025672
performed mixing
Frob norm 1 after updating U: 1.68689
200 iterations
f(b) = 4.61874
Frob norm 2 after updating B : 1.94764
Iteration number -------- 16  -----------
lambda : 1.07768
max_diff => 0.020084
performed mixing
Frob norm 1 after updating U: 1.37057
200 iterations
f(b) = 1.54408
Frob norm 2 after updating B : 1.05307
Iteration number -------- 17  -----------
lambda : 1.08307
max_diff => 0.00402299
performed mixing
Frob norm 1 after updating U: 0.134196
200 iterations
f(b) = 1.07215
Frob norm 2 after updating B : 0.881771
Iteration number -------- 18  -----------
lambda : 1.08849
max_diff => 0.00259652
performed mixing
Frob norm 1 after updating U: 0.0911614
200 iterations
f(b) = 0.719636
Frob norm 2 after updating B : 0.809622
Iteration number -------- 19  -----------
lambda : 1.09393
max_diff => 0.00014312
performed mixing
Frob norm 1 after updating U: 0.023827
200 iterations
f(b) = 0.535204
Frob norm 2 after updating B : 0.654248
Iteration number -------- 20  -----------
lambda : 1.0994
max_diff => 7.16334e-05
performed mixing
Frob norm 1 after updating U: 0.019465
200 iterations
f(b) = 0.371864
Frob norm 2 after updating B : 0.529677
Iteration number -------- 21  -----------
lambda : 1.1049
max_diff => 1.72768e-05
performed mixing
Frob norm 1 after updating U: 0.0150146
200 iterations
f(b) = 0.274039
Frob norm 2 after updating B : 0.428205
Iteration number -------- 22  -----------
lambda : 1.11042
max_diff => 1.00163e-07
performed mixing
Frob norm 1 after updating U: 0.0134651
200 iterations
f(b) = 0.20764
Frob norm 2 after updating B : 0.342858
Iteration number -------- 23  -----------
lambda : 1.11597
max_diff => 1.01886e-07
performed mixing
Frob norm 1 after updating U: 0.0134428
200 iterations
f(b) = 0.162711
Frob norm 2 after updating B : 0.274579
Iteration number -------- 24  -----------
lambda : 1.12155
max_diff => 1.00009e-07
performed mixing
Frob norm 1 after updating U: 0.0134699
200 iterations
f(b) = 0.128946
Frob norm 2 after updating B : 0.220284
Iteration number -------- 25  -----------
lambda : 1.12716
max_diff => 9.998e-08
performed mixing
Frob norm 1 after updating U: 0.0134876
200 iterations
f(b) = 0.115862
Frob norm 2 after updating B : 0.176349
Iteration number -------- 26  -----------
lambda : 1.1328
max_diff => 9.99876e-08
performed mixing
Frob norm 1 after updating U: 0.0134592
200 iterations
f(b) = 0.104222
Frob norm 2 after updating B : 0.141555
Iteration number -------- 27  -----------
lambda : 1.13846
max_diff => 9.998e-08
performed mixing
Frob norm 1 after updating U: 0.0134632
200 iterations
f(b) = 0.105649
Frob norm 2 after updating B : 0.113412
Iteration number -------- 28  -----------
lambda : 1.14415
max_diff => 2.16232e-07
performed mixing
Frob norm 1 after updating U: 0.0135241
200 iterations
f(b) = 0.0978951
Frob norm 2 after updating B : 0.0912536
Iteration number -------- 29  -----------
lambda : 1.14987
max_diff => 9.998e-08
performed mixing
Frob norm 1 after updating U: 0.0134073
200 iterations
f(b) = 0.0765249
Frob norm 2 after updating B : 0.0736954
Iteration number -------- 30  -----------
lambda : 1.15562
max_diff => 9.998e-08
performed mixing
Frob norm 1 after updating U: 0.0134363
200 iterations
f(b) = 0.0426725
Frob norm 2 after updating B : 0.0597607
Iteration number -------- 31  -----------
lambda : 1.1614
max_diff => 9.998e-08
performed mixing
Frob norm 1 after updating U: 0.0134444
200 iterations
f(b) = 0.0671545
Frob norm 2 after updating B : 0.0485186
Iteration number -------- 32  -----------
lambda : 1.16721
max_diff => 9.998e-08
performed mixing
Frob norm 1 after updating U: 0.0134268
200 iterations
f(b) = 0.0427196
Frob norm 2 after updating B : 0.0397602
Iteration number -------- 33  -----------
lambda : 1.17304
max_diff => 9.998e-08
performed mixing
Frob norm 1 after updating U: 0.0134057
200 iterations
f(b) = 0.038191
Frob norm 2 after updating B : 0.033009
Iteration number -------- 34  -----------
lambda : 1.17891
max_diff => 9.998e-08
performed mixing
Frob norm 1 after updating U: 0.0134029
200 iterations
f(b) = 0.0331764
Frob norm 2 after updating B : 0.0277294
Iteration number -------- 35  -----------
lambda : 1.1848
max_diff => 9.998e-08
performed mixing
Frob norm 1 after updating U: 0.0134149
200 iterations
f(b) = 0.0341311
Frob norm 2 after updating B : 0.0236959
Iteration number -------- 36  -----------
lambda : 1.19073
max_diff => 9.998e-08
performed mixing
Frob norm 1 after updating U: 0.0133942
200 iterations
f(b) = 0.0395637
Frob norm 2 after updating B : 0.020605
Iteration number -------- 37  -----------
lambda : 1.19668
max_diff => 9.998e-08
performed mixing
Frob norm 1 after updating U: 0.0134005
200 iterations
f(b) = 0.0322119
Frob norm 2 after updating B : 0.018616
Iteration number -------- 38  -----------
lambda : 1.20266
max_diff => 9.998e-08
performed mixing
Frob norm 1 after updating U: 0.0134391
200 iterations
f(b) = 0.0401635
Frob norm 2 after updating B : 0.0169428
Iteration number -------- 39  -----------
lambda : 1.20868
max_diff => 9.998e-08
performed mixing
Frob norm 1 after updating U: 0.0134082
200 iterations
f(b) = 0.0402878
Frob norm 2 after updating B : 0.0159073
Iteration number -------- 40  -----------
lambda : 1.21472
max_diff => 9.998e-08
performed mixing
Frob norm 1 after updating U: 0.0134173
200 iterations
f(b) = 0.0387399
Frob norm 2 after updating B : 0.0150698
Iteration number -------- 41  -----------
lambda : 1.22079
max_diff => 9.998e-08
performed mixing
Frob norm 1 after updating U: 0.0134207
200 iterations
f(b) = 0.0425081
Frob norm 2 after updating B : 0.0144439
Iteration number -------- 42  -----------
lambda : 1.2269
max_diff => 9.998e-08
performed mixing
Frob norm 1 after updating U: 0.0133594
200 iterations
f(b) = 0.0402632
Frob norm 2 after updating B : 0.0141716
Iteration number -------- 43  -----------
lambda : 1.23303
max_diff => 9.998e-08
performed mixing
Frob norm 1 after updating U: 0.0134131
200 iterations
f(b) = 0.0379832
Frob norm 2 after updating B : 0.0139453
Iteration number -------- 44  -----------
lambda : 1.2392
max_diff => 9.998e-08
performed mixing
Frob norm 1 after updating U: 0.0134105
200 iterations
f(b) = 0.0385342
Frob norm 2 after updating B : 0.0138004
Iteration number -------- 45  -----------
lambda : 1.24539
max_diff => 9.998e-08
performed mixing
Frob norm 1 after updating U: 0.0134261
200 iterations
f(b) = 0.0392987
Frob norm 2 after updating B : 0.0137035
Iteration number -------- 46  -----------
lambda : 1.25162
max_diff => 9.998e-08
performed mixing
Frob norm 1 after updating U: 0.0134313
200 iterations
f(b) = 0.0472913
Frob norm 2 after updating B : 0.0135273
Iteration number -------- 47  -----------
lambda : 1.25788
max_diff => 9.998e-08
performed mixing
Frob norm 1 after updating U: 0.013352
200 iterations
f(b) = 0.0311022
Frob norm 2 after updating B : 0.0135906
Iteration number -------- 48  -----------
lambda : 1.26417
max_diff => 9.998e-08
performed mixing
Frob norm 1 after updating U: 0.0134393
200 iterations
f(b) = 0.0418659
Frob norm 2 after updating B : 0.0134432
Iteration number -------- 49  -----------
lambda : 1.27049
max_diff => 9.998e-08
performed mixing
Frob norm 1 after updating U: 0.0133473
200 iterations
f(b) = 0.0475917
Frob norm 2 after updating B : 0.0134813
Iteration number -------- 50  -----------
lambda : 1.27684
max_diff => 9.998e-08
performed mixing
Frob norm 1 after updating U: 0.0134094
200 iterations
f(b) = 0.0477248
Frob norm 2 after updating B : 0.0134422
Iteration number -------- 51  -----------
lambda : 1.28323
max_diff => 9.998e-08
performed mixing
Frob norm 1 after updating U: 0.0134015
200 iterations
f(b) = 0.0377104
Frob norm 2 after updating B : 0.0134077
Iteration number -------- 52  -----------
lambda : 1.28964
max_diff => 9.998e-08
performed mixing
Frob norm 1 after updating U: 0.0133761
200 iterations
f(b) = 0.0384477
Frob norm 2 after updating B : 0.0134529
Iteration number -------- 53  -----------
lambda : 1.29609
max_diff => 9.998e-08
performed mixing
Frob norm 1 after updating U: 0.013398
200 iterations
f(b) = 0.0494917
Frob norm 2 after updating B : 0.0134037
Iteration number -------- 54  -----------
lambda : 1.30257
max_diff => 9.998e-08
performed mixing
Frob norm 1 after updating U: 0.0133893
200 iterations
f(b) = 0.0492426
Frob norm 2 after updating B : 0.0134092
Iteration number -------- 55  -----------
lambda : 1.30908
max_diff => 9.998e-08
performed mixing
Frob norm 1 after updating U: 0.0133764
200 iterations
f(b) = 0.0482657
Frob norm 2 after updating B : 0.0133422
Iteration number -------- 56  -----------
lambda : 1.31563
max_diff => 9.998e-08
performed mixing
Frob norm 1 after updating U: 0.0133519
200 iterations
f(b) = 0.0444773
Frob norm 2 after updating B : 0.013406
Iteration number -------- 57  -----------
lambda : 1.32221
max_diff => 9.998e-08
performed mixing
Frob norm 1 after updating U: 0.0133993
200 iterations
f(b) = 0.0425742
Frob norm 2 after updating B : 0.013374
Iteration number -------- 58  -----------
lambda : 1.32882
max_diff => 9.998e-08
performed mixing
Frob norm 1 after updating U: 0.0133675
200 iterations
f(b) = 0.0374707
Frob norm 2 after updating B : 0.0134659
Iteration number -------- 59  -----------
lambda : 1.33546
max_diff => 9.998e-08
performed mixing
Frob norm 1 after updating U: 0.0134398
200 iterations
f(b) = 0.0439771
Frob norm 2 after updating B : 0.0133862
Iteration number -------- 60  -----------
lambda : 1.34214
max_diff => 9.998e-08
performed mixing
Frob norm 1 after updating U: 0.0133732
200 iterations
f(b) = 0.0432383
Frob norm 2 after updating B : 0.0133991
Iteration number -------- 61  -----------
lambda : 1.34885
max_diff => 9.998e-08
performed mixing
Frob norm 1 after updating U: 0.0133989
200 iterations
f(b) = 0.0416581
Frob norm 2 after updating B : 0.013409
Iteration number -------- 62  -----------
lambda : 1.35559
max_diff => 9.998e-08
performed mixing
Frob norm 1 after updating U: 0.013401
200 iterations
f(b) = 0.043794
Frob norm 2 after updating B : 0.0133542
Iteration number -------- 63  -----------
lambda : 1.36237
max_diff => 9.998e-08
performed mixing
Frob norm 1 after updating U: 0.0133504
200 iterations
f(b) = 0.0406848
Frob norm 2 after updating B : 0.0133704
Iteration number -------- 64  -----------
lambda : 1.36918
max_diff => 9.998e-08
performed mixing
Frob norm 1 after updating U: 0.0133634
200 iterations
f(b) = 0.0412979
Frob norm 2 after updating B : 0.0134348
Iteration number -------- 65  -----------
lambda : 1.37603
max_diff => 9.998e-08
performed mixing
Frob norm 1 after updating U: 0.0134137
200 iterations
f(b) = 0.0514299
Frob norm 2 after updating B : 0.0133389
Iteration number -------- 66  -----------
lambda : 1.38291
max_diff => 9.998e-08
performed mixing
Frob norm 1 after updating U: 0.0133578
200 iterations
f(b) = 0.0516953
Frob norm 2 after updating B : 0.0133472
Iteration number -------- 67  -----------
lambda : 1.38982
max_diff => 9.998e-08
performed mixing
Frob norm 1 after updating U: 0.0133703
200 iterations
f(b) = 0.0431891
Frob norm 2 after updating B : 0.0134547
Iteration number -------- 68  -----------
lambda : 1.39677
max_diff => 9.998e-08
performed mixing
Frob norm 1 after updating U: 0.0134347
200 iterations
f(b) = 0.050363
Frob norm 2 after updating B : 0.0134213
Iteration number -------- 69  -----------
lambda : 1.40376
max_diff => 9.998e-08
performed mixing
Frob norm 1 after updating U: 0.013394
200 iterations
f(b) = 0.0447852
Frob norm 2 after updating B : 0.0133764
Iteration number -------- 70  -----------
lambda : 1.41078
max_diff => 9.998e-08
performed mixing
Frob norm 1 after updating U: 0.0133769
200 iterations
f(b) = 0.0407297
Frob norm 2 after updating B : 0.0134025
Iteration number -------- 71  -----------
lambda : 1.41783
max_diff => 9.998e-08
performed mixing
Frob norm 1 after updating U: 0.013401
200 iterations
f(b) = 0.0505978
Frob norm 2 after updating B : 0.0133556
Iteration number -------- 72  -----------
lambda : 1.42492
max_diff => 9.998e-08
performed mixing
Frob norm 1 after updating U: 0.013365
200 iterations
f(b) = 0.054659
Frob norm 2 after updating B : 0.0133148
Iteration number -------- 73  -----------
lambda : 1.43204
max_diff => 9.998e-08
performed mixing
Frob norm 1 after updating U: 0.0133316
200 iterations
f(b) = 0.0423411
Frob norm 2 after updating B : 0.0134346
Iteration number -------- 74  -----------
lambda : 1.4392
max_diff => 9.998e-08
performed mixing
Frob norm 1 after updating U: 0.0134227
200 iterations
f(b) = 0.0454763
Frob norm 2 after updating B : 0.0134414
Iteration number -------- 75  -----------
lambda : 1.4464
max_diff => 9.998e-08
performed mixing
Frob norm 1 after updating U: 0.0134294
200 iterations
f(b) = 0.0373523
Frob norm 2 after updating B : 0.0134384
Iteration number -------- 76  -----------
lambda : 1.45363
max_diff => 9.998e-08
performed mixing
Frob norm 1 after updating U: 0.0134291
200 iterations
f(b) = 0.046649
Frob norm 2 after updating B : 0.0133968
Iteration number -------- 77  -----------
lambda : 1.4609
max_diff => 9.998e-08
performed mixing
Frob norm 1 after updating U: 0.0133899
200 iterations
f(b) = 0.0452447
Frob norm 2 after updating B : 0.0133284
Iteration number -------- 78  -----------
lambda : 1.46821
max_diff => 9.998e-08
performed mixing
Frob norm 1 after updating U: 0.013337
200 iterations
f(b) = 0.0556219
Frob norm 2 after updating B : 0.0134189
Iteration number -------- 79  -----------
lambda : 1.47555
max_diff => 9.998e-08
performed mixing
Frob norm 1 after updating U: 0.0134062
200 iterations
f(b) = 0.0377341
Frob norm 2 after updating B : 0.0134802
Iteration number -------- 80  -----------
lambda : 1.48292
max_diff => 9.998e-08
performed mixing
Frob norm 1 after updating U: 0.0134511
200 iterations
f(b) = 0.0429377
Frob norm 2 after updating B : 0.0134935
Iteration number -------- 81  -----------
lambda : 1.49034
max_diff => 9.998e-08
performed mixing
Frob norm 1 after updating U: 0.0134784
200 iterations
f(b) = 0.0426878
Frob norm 2 after updating B : 0.0134756
Iteration number -------- 82  -----------
lambda : 1.49779
max_diff => 9.998e-08
performed mixing
Frob norm 1 after updating U: 0.0134637
200 iterations
f(b) = 0.0465165
Frob norm 2 after updating B : 0.0134388
Iteration number -------- 83  -----------
lambda : 1.50528
max_diff => 9.998e-08
performed mixing
Frob norm 1 after updating U: 0.0134128
200 iterations
f(b) = 0.0474339
Frob norm 2 after updating B : 0.0133574
Iteration number -------- 84  -----------
lambda : 1.51281
max_diff => 9.998e-08
performed mixing
Frob norm 1 after updating U: 0.013357
200 iterations
f(b) = 0.0447568
Frob norm 2 after updating B : 0.013395
Iteration number -------- 85  -----------
lambda : 1.52037
max_diff => 9.998e-08
performed mixing
Frob norm 1 after updating U: 0.013405
200 iterations
f(b) = 0.0480039
Frob norm 2 after updating B : 0.0133589
Iteration number -------- 86  -----------
lambda : 1.52797
max_diff => 9.998e-08
performed mixing
Frob norm 1 after updating U: 0.0133697
200 iterations
f(b) = 0.0464695
Frob norm 2 after updating B : 0.0133765
Iteration number -------- 87  -----------
lambda : 1.53561
max_diff => 9.998e-08
performed mixing
Frob norm 1 after updating U: 0.0133671
200 iterations
f(b) = 0.042232
Frob norm 2 after updating B : 0.0133404
Iteration number -------- 88  -----------
lambda : 1.54329
max_diff => 9.998e-08
performed mixing
Frob norm 1 after updating U: 0.0133485
200 iterations
f(b) = 0.0433188
Frob norm 2 after updating B : 0.013428
Iteration number -------- 89  -----------
lambda : 1.55101
max_diff => 9.998e-08
performed mixing
Frob norm 1 after updating U: 0.013411
200 iterations
f(b) = 0.0495671
Frob norm 2 after updating B : 0.0133699
Iteration number -------- 90  -----------
lambda : 1.55876
max_diff => 9.998e-08
performed mixing
Frob norm 1 after updating U: 0.0133841
200 iterations
f(b) = 0.0434089
Frob norm 2 after updating B : 0.0134651
Iteration number -------- 91  -----------
lambda : 1.56655
max_diff => 9.998e-08
performed mixing
Frob norm 1 after updating U: 0.0134508
200 iterations
f(b) = 0.0469272
Frob norm 2 after updating B : 0.0135229
Iteration number -------- 92  -----------
lambda : 1.57439
max_diff => 9.998e-08
performed mixing
Frob norm 1 after updating U: 0.0134818
200 iterations
f(b) = 0.0505022
Frob norm 2 after updating B : 0.0133815
Iteration number -------- 93  -----------
lambda : 1.58226
max_diff => 9.998e-08
performed mixing
Frob norm 1 after updating U: 0.0133885
200 iterations
f(b) = 0.0487217
Frob norm 2 after updating B : 0.0134126
Iteration number -------- 94  -----------
lambda : 1.59017
max_diff => 9.998e-08
performed mixing
Frob norm 1 after updating U: 0.0133939
200 iterations
f(b) = 0.0500733
Frob norm 2 after updating B : 0.0133383
Iteration number -------- 95  -----------
lambda : 1.59812
max_diff => 9.998e-08
performed mixing
Frob norm 1 after updating U: 0.0133583
200 iterations
f(b) = 0.050753
Frob norm 2 after updating B : 0.0134356
Iteration number -------- 96  -----------
lambda : 1.60611
max_diff => 9.998e-08
performed mixing
Frob norm 1 after updating U: 0.0134425
200 iterations
f(b) = 0.0453879
Frob norm 2 after updating B : 0.0135014
Iteration number -------- 97  -----------
lambda : 1.61414
max_diff => 9.998e-08
performed mixing
Frob norm 1 after updating U: 0.0134645
200 iterations
f(b) = 0.0395239
Frob norm 2 after updating B : 0.0134768
Iteration number -------- 98  -----------
lambda : 1.62221
max_diff => 9.998e-08
performed mixing
Frob norm 1 after updating U: 0.0134562
200 iterations
f(b) = 0.0518674
Frob norm 2 after updating B : 0.013385
Iteration number -------- 99  -----------
lambda : 1.63032
max_diff => 9.998e-08
performed mixing
Frob norm 1 after updating U: 0.0133875
200 iterations
f(b) = 0.0536551
Frob norm 2 after updating B : 0.0134105
Iteration number -------- 100  -----------
lambda : 1.63848
max_diff => 9.998e-08
