Academic license - for non-commercial use only
Frob norm 1 after updating U: 10.9389
200 iterations
f(b) = 76.0449
Frob norm 2 after updating B : 8.00112
Iteration number -------- 1  -----------
lambda : 1
max_diff => 0.164659
performed mixing
Frob norm 1 after updating U: 6.66814
200 iterations
f(b) = 65.8473
Frob norm 2 after updating B : 7.52514
Iteration number -------- 2  -----------
lambda : 1.005
max_diff => 0.147973
performed mixing
Frob norm 1 after updating U: 5.66456
200 iterations
f(b) = 55.1476
Frob norm 2 after updating B : 6.96588
Iteration number -------- 3  -----------
lambda : 1.01002
max_diff => 0.0881743
performed mixing
Frob norm 1 after updating U: 5.23403
200 iterations
f(b) = 47.0182
Frob norm 2 after updating B : 6.41325
Iteration number -------- 4  -----------
lambda : 1.01508
max_diff => 0.0822279
performed mixing
Frob norm 1 after updating U: 5.00908
200 iterations
f(b) = 40.9427
Frob norm 2 after updating B : 5.96314
Iteration number -------- 5  -----------
lambda : 1.02015
max_diff => 0.0796574
performed mixing
Frob norm 1 after updating U: 4.80108
200 iterations
f(b) = 36.2941
Frob norm 2 after updating B : 5.58932
Iteration number -------- 6  -----------
lambda : 1.02525
max_diff => 0.0768352
performed mixing
Frob norm 1 after updating U: 4.68838
200 iterations
f(b) = 32.7052
Frob norm 2 after updating B : 5.29506
Iteration number -------- 7  -----------
lambda : 1.03038
max_diff => 0.0712818
performed mixing
Frob norm 1 after updating U: 4.54232
200 iterations
f(b) = 28.6242
Frob norm 2 after updating B : 4.87844
Iteration number -------- 8  -----------
lambda : 1.03553
max_diff => 0.0866485
performed mixing
Frob norm 1 after updating U: 4.18625
200 iterations
f(b) = 24.8281
Frob norm 2 after updating B : 4.50471
Iteration number -------- 9  -----------
lambda : 1.04071
max_diff => 0.0625414
performed mixing
Frob norm 1 after updating U: 3.7137
200 iterations
f(b) = 20.2928
Frob norm 2 after updating B : 4.01792
Iteration number -------- 10  -----------
lambda : 1.04591
max_diff => 0.115329
performed mixing
Frob norm 1 after updating U: 3.09385
200 iterations
f(b) = 16.9261
Frob norm 2 after updating B : 3.69737
Iteration number -------- 11  -----------
lambda : 1.05114
max_diff => 0.123112
performed mixing
Frob norm 1 after updating U: 2.89519
200 iterations
f(b) = 14.8262
Frob norm 2 after updating B : 3.45199
Iteration number -------- 12  -----------
lambda : 1.0564
max_diff => 0.117474
performed mixing
Frob norm 1 after updating U: 2.84404
200 iterations
f(b) = 13.3269
Frob norm 2 after updating B : 3.25902
Iteration number -------- 13  -----------
lambda : 1.06168
max_diff => 0.108563
performed mixing
Frob norm 1 after updating U: 2.80479
200 iterations
f(b) = 12.0882
Frob norm 2 after updating B : 3.11932
Iteration number -------- 14  -----------
lambda : 1.06699
max_diff => 0.0774579
performed mixing
Frob norm 1 after updating U: 2.73259
200 iterations
f(b) = 11.3209
Frob norm 2 after updating B : 2.98802
Iteration number -------- 15  -----------
lambda : 1.07232
max_diff => 0.0762354
performed mixing
Frob norm 1 after updating U: 2.73094
200 iterations
f(b) = 10.468
Frob norm 2 after updating B : 2.9339
Iteration number -------- 16  -----------
lambda : 1.07768
max_diff => 0.049526
performed mixing
Frob norm 1 after updating U: 2.69666
200 iterations
f(b) = 10.0251
Frob norm 2 after updating B : 2.85282
Iteration number -------- 17  -----------
lambda : 1.08307
max_diff => 0.0489619
performed mixing
Frob norm 1 after updating U: 2.69611
200 iterations
f(b) = 9.55682
Frob norm 2 after updating B : 2.81606
Iteration number -------- 18  -----------
lambda : 1.08849
max_diff => 0.0434545
performed mixing
Frob norm 1 after updating U: 2.69074
200 iterations
f(b) = 9.35292
Frob norm 2 after updating B : 2.77261
Iteration number -------- 19  -----------
lambda : 1.09393
max_diff => 0.0431955
performed mixing
Frob norm 1 after updating U: 2.69058
200 iterations
f(b) = 9.0046
Frob norm 2 after updating B : 2.79345
Iteration number -------- 20  -----------
lambda : 1.0994
max_diff => 0.0353852
performed mixing
Frob norm 1 after updating U: 2.70342
200 iterations
f(b) = 8.88774
Frob norm 2 after updating B : 2.76166
Iteration number -------- 21  -----------
lambda : 1.1049
max_diff => 0.035364
performed mixing
Frob norm 1 after updating U: 2.7034
200 iterations
f(b) = 8.77921
Frob norm 2 after updating B : 2.74119
Iteration number -------- 22  -----------
lambda : 1.11042
max_diff => 0.0353382
performed mixing
Frob norm 1 after updating U: 2.70348
200 iterations
f(b) = 8.71044
Frob norm 2 after updating B : 2.72806
Iteration number -------- 23  -----------
lambda : 1.11597
max_diff => 0.035324
performed mixing
Frob norm 1 after updating U: 2.7036
200 iterations
f(b) = 8.66968
Frob norm 2 after updating B : 2.71993
Iteration number -------- 24  -----------
lambda : 1.12155
max_diff => 0.0352294
performed mixing
Frob norm 1 after updating U: 2.70389
200 iterations
f(b) = 8.64017
Frob norm 2 after updating B : 2.71499
Iteration number -------- 25  -----------
lambda : 1.12716
max_diff => 0.035095
performed mixing
Frob norm 1 after updating U: 2.70432
200 iterations
f(b) = 8.62107
Frob norm 2 after updating B : 2.71213
Iteration number -------- 26  -----------
lambda : 1.1328
max_diff => 0.0349259
performed mixing
Frob norm 1 after updating U: 2.70494
200 iterations
f(b) = 8.61496
Frob norm 2 after updating B : 2.71024
Iteration number -------- 27  -----------
lambda : 1.13846
max_diff => 0.0348091
performed mixing
Frob norm 1 after updating U: 2.70539
200 iterations
f(b) = 8.47926
Frob norm 2 after updating B : 2.76106
Iteration number -------- 28  -----------
lambda : 1.14415
max_diff => 0.0291085
performed mixing
Frob norm 1 after updating U: 2.74063
200 iterations
f(b) = 8.47662
Frob norm 2 after updating B : 2.75423
Iteration number -------- 29  -----------
lambda : 1.14987
max_diff => 0.0290618
performed mixing
Frob norm 1 after updating U: 2.74096
200 iterations
f(b) = 8.46179
Frob norm 2 after updating B : 2.74997
Iteration number -------- 30  -----------
lambda : 1.15562
max_diff => 0.0289941
performed mixing
Frob norm 1 after updating U: 2.74133
200 iterations
f(b) = 8.44067
Frob norm 2 after updating B : 2.74764
Iteration number -------- 31  -----------
lambda : 1.1614
max_diff => 0.0288642
performed mixing
Frob norm 1 after updating U: 2.74192
200 iterations
f(b) = 8.44279
Frob norm 2 after updating B : 2.74622
Iteration number -------- 32  -----------
lambda : 1.16721
max_diff => 0.0287746
performed mixing
Frob norm 1 after updating U: 2.74242
200 iterations
f(b) = 8.43843
Frob norm 2 after updating B : 2.74543
Iteration number -------- 33  -----------
lambda : 1.17304
max_diff => 0.0286945
performed mixing
Frob norm 1 after updating U: 2.74289
200 iterations
f(b) = 8.43356
Frob norm 2 after updating B : 2.74556
Iteration number -------- 34  -----------
lambda : 1.17891
max_diff => 0.0285591
performed mixing
Frob norm 1 after updating U: 2.74379
200 iterations
f(b) = 8.43561
Frob norm 2 after updating B : 2.74571
Iteration number -------- 35  -----------
lambda : 1.1848
max_diff => 0.0284458
performed mixing
Frob norm 1 after updating U: 2.74448
200 iterations
f(b) = 8.43329
Frob norm 2 after updating B : 2.74624
Iteration number -------- 36  -----------
lambda : 1.19073
max_diff => 0.0283479
performed mixing
Frob norm 1 after updating U: 2.74535
200 iterations
f(b) = 8.41087
Frob norm 2 after updating B : 2.74792
Iteration number -------- 37  -----------
lambda : 1.19668
max_diff => 0.0280326
performed mixing
Frob norm 1 after updating U: 2.74716
200 iterations
f(b) = 8.42097
Frob norm 2 after updating B : 2.74902
Iteration number -------- 38  -----------
lambda : 1.20266
max_diff => 0.0278341
performed mixing
Frob norm 1 after updating U: 2.74842
200 iterations
f(b) = 8.42789
Frob norm 2 after updating B : 2.74983
Iteration number -------- 39  -----------
lambda : 1.20868
max_diff => 0.0276676
performed mixing
Frob norm 1 after updating U: 2.74938
200 iterations
f(b) = 8.43724
Frob norm 2 after updating B : 2.75024
Iteration number -------- 40  -----------
lambda : 1.21472
max_diff => 0.0275779
performed mixing
Frob norm 1 after updating U: 2.74992
200 iterations
f(b) = 8.4295
Frob norm 2 after updating B : 2.75094
Iteration number -------- 41  -----------
lambda : 1.22079
max_diff => 0.0273757
performed mixing
Frob norm 1 after updating U: 2.75068
200 iterations
f(b) = 8.43762
Frob norm 2 after updating B : 2.75152
Iteration number -------- 42  -----------
lambda : 1.2269
max_diff => 0.0272637
performed mixing
Frob norm 1 after updating U: 2.75133
200 iterations
f(b) = 8.43329
Frob norm 2 after updating B : 2.75257
Iteration number -------- 43  -----------
lambda : 1.23303
max_diff => 0.0270717
performed mixing
Frob norm 1 after updating U: 2.75239
200 iterations
f(b) = 8.42432
Frob norm 2 after updating B : 2.75405
Iteration number -------- 44  -----------
lambda : 1.2392
max_diff => 0.0267677
performed mixing
Frob norm 1 after updating U: 2.75385
200 iterations
f(b) = 8.43725
Frob norm 2 after updating B : 2.7551
Iteration number -------- 45  -----------
lambda : 1.24539
max_diff => 0.0266352
performed mixing
Frob norm 1 after updating U: 2.75495
200 iterations
f(b) = 8.43258
Frob norm 2 after updating B : 2.75642
Iteration number -------- 46  -----------
lambda : 1.25162
max_diff => 0.0263882
performed mixing
Frob norm 1 after updating U: 2.75626
200 iterations
f(b) = 8.34061
Frob norm 2 after updating B : 2.77048
Iteration number -------- 47  -----------
lambda : 1.25788
max_diff => 0.0240938
performed mixing
Frob norm 1 after updating U: 2.76941
200 iterations
f(b) = 8.39971
Frob norm 2 after updating B : 2.77078
Iteration number -------- 48  -----------
lambda : 1.26417
max_diff => 0.0239251
performed mixing
Frob norm 1 after updating U: 2.77003
200 iterations
f(b) = 8.39133
Frob norm 2 after updating B : 2.77146
Iteration number -------- 49  -----------
lambda : 1.27049
max_diff => 0.0237231
performed mixing
Frob norm 1 after updating U: 2.77092
200 iterations
f(b) = 8.38475
Frob norm 2 after updating B : 2.77209
Iteration number -------- 50  -----------
lambda : 1.27684
max_diff => 0.0235225
performed mixing
Frob norm 1 after updating U: 2.7717
200 iterations
f(b) = 8.40432
Frob norm 2 after updating B : 2.77249
Iteration number -------- 51  -----------
lambda : 1.28323
max_diff => 0.0234161
performed mixing
Frob norm 1 after updating U: 2.77222
200 iterations
f(b) = 8.38289
Frob norm 2 after updating B : 2.77308
Iteration number -------- 52  -----------
lambda : 1.28964
max_diff => 0.0232273
performed mixing
Frob norm 1 after updating U: 2.77287
200 iterations
f(b) = 8.40339
Frob norm 2 after updating B : 2.77396
Iteration number -------- 53  -----------
lambda : 1.29609
max_diff => 0.0230493
performed mixing
Frob norm 1 after updating U: 2.7738
200 iterations
f(b) = 8.36953
Frob norm 2 after updating B : 2.77636
Iteration number -------- 54  -----------
lambda : 1.30257
max_diff => 0.0225011
performed mixing
Frob norm 1 after updating U: 2.77616
200 iterations
f(b) = 8.40447
Frob norm 2 after updating B : 2.77674
Iteration number -------- 55  -----------
lambda : 1.30908
max_diff => 0.0224116
performed mixing
Frob norm 1 after updating U: 2.7766
200 iterations
f(b) = 8.40721
Frob norm 2 after updating B : 2.77694
Iteration number -------- 56  -----------
lambda : 1.31563
max_diff => 0.0223426
performed mixing
Frob norm 1 after updating U: 2.77684
200 iterations
f(b) = 8.40829
Frob norm 2 after updating B : 2.77744
Iteration number -------- 57  -----------
lambda : 1.32221
max_diff => 0.0222245
performed mixing
Frob norm 1 after updating U: 2.77736
200 iterations
f(b) = 8.40472
Frob norm 2 after updating B : 2.77813
Iteration number -------- 58  -----------
lambda : 1.32882
max_diff => 0.0220448
performed mixing
Frob norm 1 after updating U: 2.77806
200 iterations
f(b) = 8.4107
Frob norm 2 after updating B : 2.77887
Iteration number -------- 59  -----------
lambda : 1.33546
max_diff => 0.0219128
performed mixing
Frob norm 1 after updating U: 2.77881
200 iterations
f(b) = 8.41287
Frob norm 2 after updating B : 2.77962
Iteration number -------- 60  -----------
lambda : 1.34214
max_diff => 0.0217236
performed mixing
Frob norm 1 after updating U: 2.77956
200 iterations
f(b) = 8.33575
Frob norm 2 after updating B : 2.78158
Iteration number -------- 61  -----------
lambda : 1.34885
max_diff => 0.0212631
performed mixing
Frob norm 1 after updating U: 2.7815
200 iterations
f(b) = 8.40924
Frob norm 2 after updating B : 2.78231
Iteration number -------- 62  -----------
lambda : 1.35559
max_diff => 0.0211125
performed mixing
Frob norm 1 after updating U: 2.78224
200 iterations
f(b) = 8.40987
Frob norm 2 after updating B : 2.783
Iteration number -------- 63  -----------
lambda : 1.36237
max_diff => 0.0209681
performed mixing
Frob norm 1 after updating U: 2.78294
200 iterations
f(b) = 8.41766
Frob norm 2 after updating B : 2.78346
Iteration number -------- 64  -----------
lambda : 1.36918
max_diff => 0.0208528
performed mixing
Frob norm 1 after updating U: 2.78341
200 iterations
f(b) = 8.41725
Frob norm 2 after updating B : 2.78403
Iteration number -------- 65  -----------
lambda : 1.37603
max_diff => 0.0207352
performed mixing
Frob norm 1 after updating U: 2.78399
200 iterations
f(b) = 8.41923
Frob norm 2 after updating B : 2.78432
Iteration number -------- 66  -----------
lambda : 1.38291
max_diff => 0.0206248
performed mixing
Frob norm 1 after updating U: 2.78429
200 iterations
f(b) = 8.40218
Frob norm 2 after updating B : 2.78586
Iteration number -------- 67  -----------
lambda : 1.38982
max_diff => 0.0201082
performed mixing
Frob norm 1 after updating U: 2.78582
200 iterations
f(b) = 8.42051
Frob norm 2 after updating B : 2.78626
Iteration number -------- 68  -----------
lambda : 1.39677
max_diff => 0.0199787
performed mixing
Frob norm 1 after updating U: 2.78623
200 iterations
f(b) = 8.42206
Frob norm 2 after updating B : 2.78668
Iteration number -------- 69  -----------
lambda : 1.40376
max_diff => 0.0198539
performed mixing
Frob norm 1 after updating U: 2.78666
200 iterations
f(b) = 8.42374
Frob norm 2 after updating B : 2.7872
Iteration number -------- 70  -----------
lambda : 1.41078
max_diff => 0.0197095
performed mixing
Frob norm 1 after updating U: 2.78718
200 iterations
f(b) = 8.42506
Frob norm 2 after updating B : 2.77666
Iteration number -------- 71  -----------
lambda : 1.41783
max_diff => 0.0167839
performed mixing
Frob norm 1 after updating U: 2.77591
200 iterations
f(b) = 8.45393
Frob norm 2 after updating B : 2.77965
Iteration number -------- 72  -----------
lambda : 1.42492
max_diff => 0.0164168
performed mixing
Frob norm 1 after updating U: 2.7792
200 iterations
f(b) = 8.46096
Frob norm 2 after updating B : 2.7812
Iteration number -------- 73  -----------
lambda : 1.43204
max_diff => 0.0161873
performed mixing
Frob norm 1 after updating U: 2.78091
200 iterations
f(b) = 8.46003
Frob norm 2 after updating B : 2.78233
Iteration number -------- 74  -----------
lambda : 1.4392
max_diff => 0.0160416
performed mixing
Frob norm 1 after updating U: 2.78214
200 iterations
f(b) = 8.44972
Frob norm 2 after updating B : 2.78438
Iteration number -------- 75  -----------
lambda : 1.4464
max_diff => 0.015795
performed mixing
Frob norm 1 after updating U: 2.78425
200 iterations
f(b) = 8.44663
Frob norm 2 after updating B : 2.78585
Iteration number -------- 76  -----------
lambda : 1.45363
max_diff => 0.0155972
performed mixing
Frob norm 1 after updating U: 2.78577
200 iterations
f(b) = 8.35974
Frob norm 2 after updating B : 2.79685
Iteration number -------- 77  -----------
lambda : 1.4609
max_diff => 0.01386
performed mixing
Frob norm 1 after updating U: 2.79658
200 iterations
f(b) = 8.32419
Frob norm 2 after updating B : 2.79784
Iteration number -------- 78  -----------
lambda : 1.46821
max_diff => 0.0136142
performed mixing
Frob norm 1 after updating U: 2.79765
200 iterations
f(b) = 8.39374
Frob norm 2 after updating B : 2.79949
Iteration number -------- 79  -----------
lambda : 1.47555
max_diff => 0.0134062
performed mixing
Frob norm 1 after updating U: 2.79935
200 iterations
f(b) = 8.43151
Frob norm 2 after updating B : 2.79981
Iteration number -------- 80  -----------
lambda : 1.48292
max_diff => 0.0133305
performed mixing
Frob norm 1 after updating U: 2.79971
200 iterations
f(b) = 8.34738
Frob norm 2 after updating B : 2.8068
Iteration number -------- 81  -----------
lambda : 1.49034
max_diff => 0.0119763
performed mixing
Frob norm 1 after updating U: 2.80661
200 iterations
f(b) = 8.41934
Frob norm 2 after updating B : 2.80763
Iteration number -------- 82  -----------
lambda : 1.49779
max_diff => 0.0118667
performed mixing
Frob norm 1 after updating U: 2.8075
200 iterations
f(b) = 8.41707
Frob norm 2 after updating B : 2.80853
Iteration number -------- 83  -----------
lambda : 1.50528
max_diff => 0.0117105
performed mixing
Frob norm 1 after updating U: 2.80843
200 iterations
f(b) = 8.41234
Frob norm 2 after updating B : 2.8096
Iteration number -------- 84  -----------
lambda : 1.51281
max_diff => 0.0115187
performed mixing
Frob norm 1 after updating U: 2.80952
200 iterations
f(b) = 8.42089
Frob norm 2 after updating B : 2.81036
Iteration number -------- 85  -----------
lambda : 1.52037
max_diff => 0.0114152
performed mixing
Frob norm 1 after updating U: 2.8103
200 iterations
f(b) = 8.42374
Frob norm 2 after updating B : 2.81106
Iteration number -------- 86  -----------
lambda : 1.52797
max_diff => 0.0113058
performed mixing
Frob norm 1 after updating U: 2.81102
200 iterations
f(b) = 8.42523
Frob norm 2 after updating B : 2.81165
Iteration number -------- 87  -----------
lambda : 1.53561
max_diff => 0.0112018
performed mixing
Frob norm 1 after updating U: 2.81162
200 iterations
f(b) = 8.42401
Frob norm 2 after updating B : 2.8127
Iteration number -------- 88  -----------
lambda : 1.54329
max_diff => 0.0110174
performed mixing
Frob norm 1 after updating U: 2.81267
200 iterations
f(b) = 8.41969
Frob norm 2 after updating B : 2.81378
Iteration number -------- 89  -----------
lambda : 1.55101
max_diff => 0.0108802
performed mixing
Frob norm 1 after updating U: 2.81375
200 iterations
f(b) = 8.36117
Frob norm 2 after updating B : 2.81673
Iteration number -------- 90  -----------
lambda : 1.55876
max_diff => 0.0102246
performed mixing
Frob norm 1 after updating U: 2.81669
200 iterations
f(b) = 8.41584
Frob norm 2 after updating B : 2.81902
Iteration number -------- 91  -----------
lambda : 1.56655
max_diff => 0.00989618
performed mixing
Frob norm 1 after updating U: 2.81897
200 iterations
f(b) = 8.42375
Frob norm 2 after updating B : 2.8198
Iteration number -------- 92  -----------
lambda : 1.57439
max_diff => 0.0097773
performed mixing
Frob norm 1 after updating U: 2.81976
200 iterations
f(b) = 8.42577
Frob norm 2 after updating B : 2.82033
Iteration number -------- 93  -----------
lambda : 1.58226
max_diff => 0.00969245
performed mixing
Frob norm 1 after updating U: 2.8203
200 iterations
f(b) = 8.42223
Frob norm 2 after updating B : 2.82125
Iteration number -------- 94  -----------
lambda : 1.59017
max_diff => 0.00955546
performed mixing
Frob norm 1 after updating U: 2.82123
200 iterations
f(b) = 8.42274
Frob norm 2 after updating B : 2.82212
Iteration number -------- 95  -----------
lambda : 1.59812
max_diff => 0.0094284
performed mixing
Frob norm 1 after updating U: 2.8221
200 iterations
f(b) = 8.42097
Frob norm 2 after updating B : 2.82357
Iteration number -------- 96  -----------
lambda : 1.60611
max_diff => 0.00921629
performed mixing
Frob norm 1 after updating U: 2.82355
200 iterations
f(b) = 8.42086
Frob norm 2 after updating B : 2.82487
Iteration number -------- 97  -----------
lambda : 1.61414
max_diff => 0.00901941
performed mixing
Frob norm 1 after updating U: 2.82485
200 iterations
f(b) = 8.40692
Frob norm 2 after updating B : 2.82667
Iteration number -------- 98  -----------
lambda : 1.62221
max_diff => 0.00870501
performed mixing
Frob norm 1 after updating U: 2.82664
200 iterations
f(b) = 8.41634
Frob norm 2 after updating B : 2.82745
Iteration number -------- 99  -----------
lambda : 1.63032
max_diff => 0.00856981
performed mixing
Frob norm 1 after updating U: 2.82743
200 iterations
f(b) = 8.42229
Frob norm 2 after updating B : 2.82788
Iteration number -------- 100  -----------
lambda : 1.63848
max_diff => 0.00848253
