Academic license - for non-commercial use only
Frob norm 1 after updating U: 13.2182
200 iterations
f(b) = 66.5499
Frob norm 2 after updating B : 7.78158
Iteration number -------- 1  -----------
lambda : 1
max_diff => 0.123483
performed mixing
Frob norm 1 after updating U: 6.70094
200 iterations
f(b) = 60.4832
Frob norm 2 after updating B : 7.39461
Iteration number -------- 2  -----------
lambda : 1.005
max_diff => 0.122063
performed mixing
Frob norm 1 after updating U: 6.48977
200 iterations
f(b) = 55.5382
Frob norm 2 after updating B : 7.0707
Iteration number -------- 3  -----------
lambda : 1.01002
max_diff => 0.116777
performed mixing
Frob norm 1 after updating U: 6.286
200 iterations
f(b) = 51.4992
Frob norm 2 after updating B : 6.78808
Iteration number -------- 4  -----------
lambda : 1.01508
max_diff => 0.111914
performed mixing
Frob norm 1 after updating U: 6.12796
200 iterations
f(b) = 43.4601
Frob norm 2 after updating B : 6.19013
Iteration number -------- 5  -----------
lambda : 1.02015
max_diff => 0.100251
performed mixing
Frob norm 1 after updating U: 4.86723
200 iterations
f(b) = 37.5758
Frob norm 2 after updating B : 5.71097
Iteration number -------- 6  -----------
lambda : 1.02525
max_diff => 0.0896914
performed mixing
Frob norm 1 after updating U: 4.66742
200 iterations
f(b) = 33.4671
Frob norm 2 after updating B : 5.38007
Iteration number -------- 7  -----------
lambda : 1.03038
max_diff => 0.0784748
performed mixing
Frob norm 1 after updating U: 4.52905
200 iterations
f(b) = 30.4032
Frob norm 2 after updating B : 5.11245
Iteration number -------- 8  -----------
lambda : 1.03553
max_diff => 0.0712808
performed mixing
Frob norm 1 after updating U: 4.46513
200 iterations
f(b) = 28.171
Frob norm 2 after updating B : 4.90822
Iteration number -------- 9  -----------
lambda : 1.04071
max_diff => 0.0688241
performed mixing
Frob norm 1 after updating U: 4.4101
200 iterations
f(b) = 26.4422
Frob norm 2 after updating B : 4.76206
Iteration number -------- 10  -----------
lambda : 1.04591
max_diff => 0.0652501
performed mixing
Frob norm 1 after updating U: 4.36902
200 iterations
f(b) = 25.1026
Frob norm 2 after updating B : 4.65532
Iteration number -------- 11  -----------
lambda : 1.05114
max_diff => 0.0627845
performed mixing
Frob norm 1 after updating U: 4.34031
200 iterations
f(b) = 24.0241
Frob norm 2 after updating B : 4.57818
Iteration number -------- 12  -----------
lambda : 1.0564
max_diff => 0.0616824
performed mixing
Frob norm 1 after updating U: 4.3204
200 iterations
f(b) = 23.2032
Frob norm 2 after updating B : 4.49414
Iteration number -------- 13  -----------
lambda : 1.06168
max_diff => 0.0616663
performed mixing
Frob norm 1 after updating U: 4.31594
200 iterations
f(b) = 22.5989
Frob norm 2 after updating B : 4.44736
Iteration number -------- 14  -----------
lambda : 1.06699
max_diff => 0.0610423
performed mixing
Frob norm 1 after updating U: 4.2999
200 iterations
f(b) = 22.1361
Frob norm 2 after updating B : 4.40263
Iteration number -------- 15  -----------
lambda : 1.07232
max_diff => 0.060723
performed mixing
Frob norm 1 after updating U: 4.29242
200 iterations
f(b) = 21.7569
Frob norm 2 after updating B : 4.3745
Iteration number -------- 16  -----------
lambda : 1.07768
max_diff => 0.0602873
performed mixing
Frob norm 1 after updating U: 4.28522
200 iterations
f(b) = 21.4328
Frob norm 2 after updating B : 4.35829
Iteration number -------- 17  -----------
lambda : 1.08307
max_diff => 0.0594791
performed mixing
Frob norm 1 after updating U: 4.27449
200 iterations
f(b) = 21.2123
Frob norm 2 after updating B : 4.32868
Iteration number -------- 18  -----------
lambda : 1.08849
max_diff => 0.0594715
performed mixing
Frob norm 1 after updating U: 4.27448
200 iterations
f(b) = 20.9863
Frob norm 2 after updating B : 4.32063
Iteration number -------- 19  -----------
lambda : 1.09393
max_diff => 0.0587647
performed mixing
Frob norm 1 after updating U: 4.26777
200 iterations
f(b) = 20.8487
Frob norm 2 after updating B : 4.30221
Iteration number -------- 20  -----------
lambda : 1.0994
max_diff => 0.0587316
performed mixing
Frob norm 1 after updating U: 4.26759
200 iterations
f(b) = 20.6707
Frob norm 2 after updating B : 4.30234
Iteration number -------- 21  -----------
lambda : 1.1049
max_diff => 0.0573196
performed mixing
Frob norm 1 after updating U: 4.26318
200 iterations
f(b) = 20.589
Frob norm 2 after updating B : 4.28842
Iteration number -------- 22  -----------
lambda : 1.11042
max_diff => 0.0573431
performed mixing
Frob norm 1 after updating U: 4.26321
200 iterations
f(b) = 20.521
Frob norm 2 after updating B : 4.2797
Iteration number -------- 23  -----------
lambda : 1.11597
max_diff => 0.0573401
performed mixing
Frob norm 1 after updating U: 4.26325
200 iterations
f(b) = 20.4532
Frob norm 2 after updating B : 4.27598
Iteration number -------- 24  -----------
lambda : 1.12155
max_diff => 0.0572268
performed mixing
Frob norm 1 after updating U: 4.26305
200 iterations
f(b) = 20.42
Frob norm 2 after updating B : 4.27141
Iteration number -------- 25  -----------
lambda : 1.12716
max_diff => 0.0569606
performed mixing
Frob norm 1 after updating U: 4.26285
200 iterations
f(b) = 20.4035
Frob norm 2 after updating B : 4.26846
Iteration number -------- 26  -----------
lambda : 1.1328
max_diff => 0.0568192
performed mixing
Frob norm 1 after updating U: 4.26266
200 iterations
f(b) = 20.4069
Frob norm 2 after updating B : 4.26636
Iteration number -------- 27  -----------
lambda : 1.13846
max_diff => 0.056777
performed mixing
Frob norm 1 after updating U: 4.26255
200 iterations
f(b) = 20.4103
Frob norm 2 after updating B : 4.265
Iteration number -------- 28  -----------
lambda : 1.14415
max_diff => 0.0567667
performed mixing
Frob norm 1 after updating U: 4.26254
200 iterations
f(b) = 20.3955
Frob norm 2 after updating B : 4.26357
Iteration number -------- 29  -----------
lambda : 1.14987
max_diff => 0.0565782
performed mixing
Frob norm 1 after updating U: 4.26176
200 iterations
f(b) = 20.4159
Frob norm 2 after updating B : 4.26325
Iteration number -------- 30  -----------
lambda : 1.15562
max_diff => 0.0565068
performed mixing
Frob norm 1 after updating U: 4.26207
200 iterations
f(b) = 20.4244
Frob norm 2 after updating B : 4.2629
Iteration number -------- 31  -----------
lambda : 1.1614
max_diff => 0.0564945
performed mixing
Frob norm 1 after updating U: 4.26213
200 iterations
f(b) = 20.4305
Frob norm 2 after updating B : 4.26271
Iteration number -------- 32  -----------
lambda : 1.16721
max_diff => 0.0564563
performed mixing
Frob norm 1 after updating U: 4.26218
200 iterations
f(b) = 20.4319
Frob norm 2 after updating B : 4.26251
Iteration number -------- 33  -----------
lambda : 1.17304
max_diff => 0.0563897
performed mixing
Frob norm 1 after updating U: 4.26212
200 iterations
f(b) = 20.4499
Frob norm 2 after updating B : 4.26235
Iteration number -------- 34  -----------
lambda : 1.17891
max_diff => 0.0564074
performed mixing
Frob norm 1 after updating U: 4.26208
200 iterations
f(b) = 20.456
Frob norm 2 after updating B : 4.26223
Iteration number -------- 35  -----------
lambda : 1.1848
max_diff => 0.0564504
performed mixing
Frob norm 1 after updating U: 4.26203
200 iterations
f(b) = 20.4683
Frob norm 2 after updating B : 4.26214
Iteration number -------- 36  -----------
lambda : 1.19073
max_diff => 0.0564662
performed mixing
Frob norm 1 after updating U: 4.262
200 iterations
f(b) = 20.4659
Frob norm 2 after updating B : 4.26212
Iteration number -------- 37  -----------
lambda : 1.19668
max_diff => 0.0564996
performed mixing
Frob norm 1 after updating U: 4.26199
200 iterations
f(b) = 20.4725
Frob norm 2 after updating B : 4.2621
Iteration number -------- 38  -----------
lambda : 1.20266
max_diff => 0.0566669
performed mixing
Frob norm 1 after updating U: 4.26188
200 iterations
f(b) = 20.4856
Frob norm 2 after updating B : 4.26195
Iteration number -------- 39  -----------
lambda : 1.20868
max_diff => 0.0566516
performed mixing
Frob norm 1 after updating U: 4.26171
200 iterations
f(b) = 20.508
Frob norm 2 after updating B : 4.2621
Iteration number -------- 40  -----------
lambda : 1.21472
max_diff => 0.0566616
performed mixing
Frob norm 1 after updating U: 4.26197
200 iterations
f(b) = 20.5179
Frob norm 2 after updating B : 4.26208
Iteration number -------- 41  -----------
lambda : 1.22079
max_diff => 0.0566675
performed mixing
Frob norm 1 after updating U: 4.26199
200 iterations
f(b) = 20.5314
Frob norm 2 after updating B : 4.26204
Iteration number -------- 42  -----------
lambda : 1.2269
max_diff => 0.056682
performed mixing
Frob norm 1 after updating U: 4.26198
200 iterations
f(b) = 20.5433
Frob norm 2 after updating B : 4.26202
Iteration number -------- 43  -----------
lambda : 1.23303
max_diff => 0.0567039
performed mixing
Frob norm 1 after updating U: 4.26198
200 iterations
f(b) = 20.5556
Frob norm 2 after updating B : 4.26197
Iteration number -------- 44  -----------
lambda : 1.2392
max_diff => 0.0567076
performed mixing
Frob norm 1 after updating U: 4.26194
200 iterations
f(b) = 20.5667
Frob norm 2 after updating B : 4.26202
Iteration number -------- 45  -----------
lambda : 1.24539
max_diff => 0.0567198
performed mixing
Frob norm 1 after updating U: 4.262
200 iterations
f(b) = 20.5777
Frob norm 2 after updating B : 4.26207
Iteration number -------- 46  -----------
lambda : 1.25162
max_diff => 0.056751
performed mixing
Frob norm 1 after updating U: 4.26205
200 iterations
f(b) = 20.5899
Frob norm 2 after updating B : 4.26203
Iteration number -------- 47  -----------
lambda : 1.25788
max_diff => 0.0567478
performed mixing
Frob norm 1 after updating U: 4.26202
200 iterations
f(b) = 20.6018
Frob norm 2 after updating B : 4.26206
Iteration number -------- 48  -----------
lambda : 1.26417
max_diff => 0.0567543
performed mixing
Frob norm 1 after updating U: 4.26205
200 iterations
f(b) = 20.6159
Frob norm 2 after updating B : 4.26207
Iteration number -------- 49  -----------
lambda : 1.27049
max_diff => 0.0567549
performed mixing
Frob norm 1 after updating U: 4.26206
200 iterations
f(b) = 20.6263
Frob norm 2 after updating B : 4.26206
Iteration number -------- 50  -----------
lambda : 1.27684
max_diff => 0.0567544
performed mixing
Frob norm 1 after updating U: 4.26205
200 iterations
f(b) = 20.6388
Frob norm 2 after updating B : 4.26206
Iteration number -------- 51  -----------
lambda : 1.28323
max_diff => 0.0567781
performed mixing
Frob norm 1 after updating U: 4.26205
200 iterations
f(b) = 20.6497
Frob norm 2 after updating B : 4.2621
Iteration number -------- 52  -----------
lambda : 1.28964
max_diff => 0.0567754
performed mixing
Frob norm 1 after updating U: 4.26209
200 iterations
f(b) = 20.6642
Frob norm 2 after updating B : 4.2621
Iteration number -------- 53  -----------
lambda : 1.29609
max_diff => 0.0567788
performed mixing
Frob norm 1 after updating U: 4.2621
200 iterations
f(b) = 20.6749
Frob norm 2 after updating B : 4.26211
Iteration number -------- 54  -----------
lambda : 1.30257
max_diff => 0.056768
performed mixing
Frob norm 1 after updating U: 4.2621
200 iterations
f(b) = 20.6894
Frob norm 2 after updating B : 4.26213
Iteration number -------- 55  -----------
lambda : 1.30908
max_diff => 0.0567808
performed mixing
Frob norm 1 after updating U: 4.26212
200 iterations
f(b) = 20.7029
Frob norm 2 after updating B : 4.26214
Iteration number -------- 56  -----------
lambda : 1.31563
max_diff => 0.0567818
performed mixing
Frob norm 1 after updating U: 4.26214
200 iterations
f(b) = 20.714
Frob norm 2 after updating B : 4.26214
Iteration number -------- 57  -----------
lambda : 1.32221
max_diff => 0.0567823
performed mixing
Frob norm 1 after updating U: 4.26213
200 iterations
f(b) = 20.7259
Frob norm 2 after updating B : 4.26215
Iteration number -------- 58  -----------
lambda : 1.32882
max_diff => 0.056791
performed mixing
Frob norm 1 after updating U: 4.26214
200 iterations
f(b) = 20.7369
Frob norm 2 after updating B : 4.26217
Iteration number -------- 59  -----------
lambda : 1.33546
max_diff => 0.0567955
performed mixing
Frob norm 1 after updating U: 4.26217
200 iterations
f(b) = 20.7541
Frob norm 2 after updating B : 4.26221
Iteration number -------- 60  -----------
lambda : 1.34214
max_diff => 0.0567945
performed mixing
Frob norm 1 after updating U: 4.26221
200 iterations
f(b) = 20.7654
Frob norm 2 after updating B : 4.26222
Iteration number -------- 61  -----------
lambda : 1.34885
max_diff => 0.0567996
performed mixing
Frob norm 1 after updating U: 4.26222
200 iterations
f(b) = 20.7778
Frob norm 2 after updating B : 4.26223
Iteration number -------- 62  -----------
lambda : 1.35559
max_diff => 0.0567916
performed mixing
Frob norm 1 after updating U: 4.26222
200 iterations
f(b) = 20.7908
Frob norm 2 after updating B : 4.26225
Iteration number -------- 63  -----------
lambda : 1.36237
max_diff => 0.0567914
performed mixing
Frob norm 1 after updating U: 4.26225
200 iterations
f(b) = 20.8024
Frob norm 2 after updating B : 4.26227
Iteration number -------- 64  -----------
lambda : 1.36918
max_diff => 0.0567962
performed mixing
Frob norm 1 after updating U: 4.26227
200 iterations
f(b) = 20.8151
Frob norm 2 after updating B : 4.26227
Iteration number -------- 65  -----------
lambda : 1.37603
max_diff => 0.0567947
performed mixing
Frob norm 1 after updating U: 4.26227
200 iterations
f(b) = 20.8301
Frob norm 2 after updating B : 4.26232
Iteration number -------- 66  -----------
lambda : 1.38291
max_diff => 0.0567847
performed mixing
Frob norm 1 after updating U: 4.26232
200 iterations
f(b) = 20.8423
Frob norm 2 after updating B : 4.26234
Iteration number -------- 67  -----------
lambda : 1.38982
max_diff => 0.056782
performed mixing
Frob norm 1 after updating U: 4.26233
200 iterations
f(b) = 20.8571
Frob norm 2 after updating B : 4.26234
Iteration number -------- 68  -----------
lambda : 1.39677
max_diff => 0.0567896
performed mixing
Frob norm 1 after updating U: 4.26234
200 iterations
f(b) = 20.8693
Frob norm 2 after updating B : 4.26233
Iteration number -------- 69  -----------
lambda : 1.40376
max_diff => 0.0567856
performed mixing
Frob norm 1 after updating U: 4.26233
200 iterations
f(b) = 20.8825
Frob norm 2 after updating B : 4.26239
Iteration number -------- 70  -----------
lambda : 1.41078
max_diff => 0.0567838
performed mixing
Frob norm 1 after updating U: 4.26239
200 iterations
f(b) = 20.894
Frob norm 2 after updating B : 4.2624
Iteration number -------- 71  -----------
lambda : 1.41783
max_diff => 0.0567865
performed mixing
Frob norm 1 after updating U: 4.2624
200 iterations
f(b) = 20.9096
Frob norm 2 after updating B : 4.26243
Iteration number -------- 72  -----------
lambda : 1.42492
max_diff => 0.0567865
performed mixing
Frob norm 1 after updating U: 4.26242
200 iterations
f(b) = 20.9244
Frob norm 2 after updating B : 4.26245
Iteration number -------- 73  -----------
lambda : 1.43204
max_diff => 0.0567884
performed mixing
Frob norm 1 after updating U: 4.26245
200 iterations
f(b) = 20.9378
Frob norm 2 after updating B : 4.26248
Iteration number -------- 74  -----------
lambda : 1.4392
max_diff => 0.0567847
performed mixing
Frob norm 1 after updating U: 4.26248
200 iterations
f(b) = 20.9531
Frob norm 2 after updating B : 4.26246
Iteration number -------- 75  -----------
lambda : 1.4464
max_diff => 0.0567809
performed mixing
Frob norm 1 after updating U: 4.26246
200 iterations
f(b) = 20.9636
Frob norm 2 after updating B : 4.26249
Iteration number -------- 76  -----------
lambda : 1.45363
max_diff => 0.0567781
performed mixing
Frob norm 1 after updating U: 4.26248
200 iterations
f(b) = 20.9764
Frob norm 2 after updating B : 4.26251
Iteration number -------- 77  -----------
lambda : 1.4609
max_diff => 0.0567838
performed mixing
Frob norm 1 after updating U: 4.26251
200 iterations
f(b) = 20.992
Frob norm 2 after updating B : 4.26254
Iteration number -------- 78  -----------
lambda : 1.46821
max_diff => 0.0567741
performed mixing
Frob norm 1 after updating U: 4.26254
200 iterations
f(b) = 21.0051
Frob norm 2 after updating B : 4.26258
Iteration number -------- 79  -----------
lambda : 1.47555
max_diff => 0.0567714
performed mixing
Frob norm 1 after updating U: 4.26257
200 iterations
f(b) = 21.0203
Frob norm 2 after updating B : 4.2626
Iteration number -------- 80  -----------
lambda : 1.48292
max_diff => 0.0567423
performed mixing
Frob norm 1 after updating U: 4.2626
200 iterations
f(b) = 21.0331
Frob norm 2 after updating B : 4.26263
Iteration number -------- 81  -----------
lambda : 1.49034
max_diff => 0.0567442
performed mixing
Frob norm 1 after updating U: 4.26263
200 iterations
f(b) = 21.0469
Frob norm 2 after updating B : 4.26267
Iteration number -------- 82  -----------
lambda : 1.49779
max_diff => 0.05673
performed mixing
Frob norm 1 after updating U: 4.26267
200 iterations
f(b) = 21.0602
Frob norm 2 after updating B : 4.2627
Iteration number -------- 83  -----------
lambda : 1.50528
max_diff => 0.0567301
performed mixing
Frob norm 1 after updating U: 4.2627
200 iterations
f(b) = 21.0775
Frob norm 2 after updating B : 4.26274
Iteration number -------- 84  -----------
lambda : 1.51281
max_diff => 0.0567307
performed mixing
Frob norm 1 after updating U: 4.26274
200 iterations
f(b) = 21.0893
Frob norm 2 after updating B : 4.26281
Iteration number -------- 85  -----------
lambda : 1.52037
max_diff => 0.0567166
performed mixing
Frob norm 1 after updating U: 4.26281
200 iterations
f(b) = 21.1035
Frob norm 2 after updating B : 4.26285
Iteration number -------- 86  -----------
lambda : 1.52797
max_diff => 0.0567118
performed mixing
Frob norm 1 after updating U: 4.26284
200 iterations
f(b) = 21.0999
Frob norm 2 after updating B : 4.263
Iteration number -------- 87  -----------
lambda : 1.53561
max_diff => 0.0566417
performed mixing
Frob norm 1 after updating U: 4.263
200 iterations
f(b) = 21.1348
Frob norm 2 after updating B : 4.263
Iteration number -------- 88  -----------
lambda : 1.54329
max_diff => 0.0566463
performed mixing
Frob norm 1 after updating U: 4.263
200 iterations
f(b) = 21.1523
Frob norm 2 after updating B : 4.26302
Iteration number -------- 89  -----------
lambda : 1.55101
max_diff => 0.056646
performed mixing
Frob norm 1 after updating U: 4.26302
200 iterations
f(b) = 21.1628
Frob norm 2 after updating B : 4.26303
Iteration number -------- 90  -----------
lambda : 1.55876
max_diff => 0.0566456
performed mixing
Frob norm 1 after updating U: 4.26303
200 iterations
f(b) = 21.1791
Frob norm 2 after updating B : 4.26304
Iteration number -------- 91  -----------
lambda : 1.56655
max_diff => 0.0566335
performed mixing
Frob norm 1 after updating U: 4.26304
200 iterations
f(b) = 21.1956
Frob norm 2 after updating B : 4.26307
Iteration number -------- 92  -----------
lambda : 1.57439
max_diff => 0.0566436
performed mixing
Frob norm 1 after updating U: 4.26307
200 iterations
f(b) = 21.2089
Frob norm 2 after updating B : 4.26309
Iteration number -------- 93  -----------
lambda : 1.58226
max_diff => 0.0566599
performed mixing
Frob norm 1 after updating U: 4.26309
200 iterations
f(b) = 21.2245
Frob norm 2 after updating B : 4.26311
Iteration number -------- 94  -----------
lambda : 1.59017
max_diff => 0.056651
performed mixing
Frob norm 1 after updating U: 4.26311
200 iterations
f(b) = 21.241
Frob norm 2 after updating B : 4.26312
Iteration number -------- 95  -----------
lambda : 1.59812
max_diff => 0.0566447
performed mixing
Frob norm 1 after updating U: 4.26312
200 iterations
f(b) = 21.2579
Frob norm 2 after updating B : 4.26315
Iteration number -------- 96  -----------
lambda : 1.60611
max_diff => 0.056647
performed mixing
Frob norm 1 after updating U: 4.26315
200 iterations
f(b) = 21.2699
Frob norm 2 after updating B : 4.26316
Iteration number -------- 97  -----------
lambda : 1.61414
max_diff => 0.0566342
performed mixing
Frob norm 1 after updating U: 4.26316
200 iterations
f(b) = 21.2866
Frob norm 2 after updating B : 4.26322
Iteration number -------- 98  -----------
lambda : 1.62221
max_diff => 0.0566153
performed mixing
Frob norm 1 after updating U: 4.26322
200 iterations
f(b) = 21.2984
Frob norm 2 after updating B : 4.26334
Iteration number -------- 99  -----------
lambda : 1.63032
max_diff => 0.0566068
performed mixing
Frob norm 1 after updating U: 4.26334
200 iterations
f(b) = 21.3169
Frob norm 2 after updating B : 4.26335
Iteration number -------- 100  -----------
lambda : 1.63848
max_diff => 0.0566031
