Academic license - for non-commercial use only
Frob norm 1 after updating U: 13.2437
200 iterations
f(b) = 72.053
Frob norm 2 after updating B : 7.93342
Iteration number -------- 1  -----------
lambda : 1
max_diff => 0.122922
performed mixing
Frob norm 1 after updating U: 6.25421
200 iterations
f(b) = 62.4113
Frob norm 2 after updating B : 7.35709
Iteration number -------- 2  -----------
lambda : 1.005
max_diff => 0.123502
performed mixing
Frob norm 1 after updating U: 5.91946
200 iterations
f(b) = 54.4594
Frob norm 2 after updating B : 6.84556
Iteration number -------- 3  -----------
lambda : 1.01002
max_diff => 0.124797
performed mixing
Frob norm 1 after updating U: 3.96562
200 iterations
f(b) = 41.3411
Frob norm 2 after updating B : 5.88397
Iteration number -------- 4  -----------
lambda : 1.01508
max_diff => 0.142779
performed mixing
Frob norm 1 after updating U: 3.47055
200 iterations
f(b) = 32.3097
Frob norm 2 after updating B : 5.19989
Iteration number -------- 5  -----------
lambda : 1.02015
max_diff => 0.12137
performed mixing
Frob norm 1 after updating U: 2.55052
200 iterations
f(b) = 24.6621
Frob norm 2 after updating B : 4.54264
Iteration number -------- 6  -----------
lambda : 1.02525
max_diff => 0.0917185
performed mixing
Frob norm 1 after updating U: 1.89081
200 iterations
f(b) = 18.5157
Frob norm 2 after updating B : 3.95878
Iteration number -------- 7  -----------
lambda : 1.03038
max_diff => 0.0594495
performed mixing
Frob norm 1 after updating U: 1.34212
200 iterations
f(b) = 13.7841
Frob norm 2 after updating B : 3.40371
Iteration number -------- 8  -----------
lambda : 1.03553
max_diff => 0.0366259
performed mixing
Frob norm 1 after updating U: 1.0272
200 iterations
f(b) = 10.2369
Frob norm 2 after updating B : 2.91541
Iteration number -------- 9  -----------
lambda : 1.04071
max_diff => 0.0259172
performed mixing
Frob norm 1 after updating U: 0.81364
200 iterations
f(b) = 7.57621
Frob norm 2 after updating B : 2.49922
Iteration number -------- 10  -----------
lambda : 1.04591
max_diff => 0.0182865
performed mixing
Frob norm 1 after updating U: 0.652231
200 iterations
f(b) = 5.6263
Frob norm 2 after updating B : 2.12822
Iteration number -------- 11  -----------
lambda : 1.05114
max_diff => 0.0119181
performed mixing
Frob norm 1 after updating U: 0.526225
200 iterations
f(b) = 4.17118
Frob norm 2 after updating B : 1.83356
Iteration number -------- 12  -----------
lambda : 1.0564
max_diff => 0.00722733
performed mixing
Frob norm 1 after updating U: 0.407269
200 iterations
f(b) = 3.13739
Frob norm 2 after updating B : 1.49909
Iteration number -------- 13  -----------
lambda : 1.06168
max_diff => 0.00716028
performed mixing
Frob norm 1 after updating U: 0.405147
200 iterations
f(b) = 2.26245
Frob norm 2 after updating B : 1.3626
Iteration number -------- 14  -----------
lambda : 1.06699
max_diff => 0.0027411
performed mixing
Frob norm 1 after updating U: 0.252593
200 iterations
f(b) = 1.6557
Frob norm 2 after updating B : 1.10964
Iteration number -------- 15  -----------
lambda : 1.07232
max_diff => 0.00264627
performed mixing
Frob norm 1 after updating U: 0.24744
200 iterations
f(b) = 1.13275
Frob norm 2 after updating B : 1.00207
Iteration number -------- 16  -----------
lambda : 1.07768
max_diff => 0.000446162
performed mixing
Frob norm 1 after updating U: 0.0866756
200 iterations
f(b) = 0.801748
Frob norm 2 after updating B : 0.811913
Iteration number -------- 17  -----------
lambda : 1.08307
max_diff => 0.000346923
performed mixing
Frob norm 1 after updating U: 0.0773041
200 iterations
f(b) = 0.574283
Frob norm 2 after updating B : 0.656499
Iteration number -------- 18  -----------
lambda : 1.08849
max_diff => 0.000315017
performed mixing
Frob norm 1 after updating U: 0.0728332
200 iterations
f(b) = 0.35589
Frob norm 2 after updating B : 0.573096
Iteration number -------- 19  -----------
lambda : 1.09393
max_diff => 9.69005e-07
performed mixing
Frob norm 1 after updating U: 0.0158644
200 iterations
f(b) = 0.256941
Frob norm 2 after updating B : 0.459099
Iteration number -------- 20  -----------
lambda : 1.0994
max_diff => 6.13967e-08
performed mixing
Frob norm 1 after updating U: 0.0158978
200 iterations
f(b) = 0.181609
Frob norm 2 after updating B : 0.367627
Iteration number -------- 21  -----------
lambda : 1.1049
max_diff => 5.25411e-08
performed mixing
Frob norm 1 after updating U: 0.0158555
200 iterations
f(b) = 0.132896
Frob norm 2 after updating B : 0.294329
Iteration number -------- 22  -----------
lambda : 1.11042
max_diff => 6.68477e-08
performed mixing
Frob norm 1 after updating U: 0.0157746
200 iterations
f(b) = 0.102328
Frob norm 2 after updating B : 0.235659
Iteration number -------- 23  -----------
lambda : 1.11597
max_diff => 4.99977e-08
performed mixing
Frob norm 1 after updating U: 0.0158056
200 iterations
f(b) = 0.0823518
Frob norm 2 after updating B : 0.188717
Iteration number -------- 24  -----------
lambda : 1.12155
max_diff => 5.03701e-08
performed mixing
Frob norm 1 after updating U: 0.0158771
200 iterations
f(b) = 0.0740268
Frob norm 2 after updating B : 0.151702
Iteration number -------- 25  -----------
lambda : 1.12716
max_diff => 4.999e-08
performed mixing
Frob norm 1 after updating U: 0.0158553
200 iterations
f(b) = 0.0642934
Frob norm 2 after updating B : 0.121655
Iteration number -------- 26  -----------
lambda : 1.1328
max_diff => 4.999e-08
performed mixing
Frob norm 1 after updating U: 0.0158194
200 iterations
f(b) = 0.0463191
Frob norm 2 after updating B : 0.0979395
Iteration number -------- 27  -----------
lambda : 1.13846
max_diff => 4.999e-08
performed mixing
Frob norm 1 after updating U: 0.015804
200 iterations
f(b) = 0.0291567
Frob norm 2 after updating B : 0.0789536
Iteration number -------- 28  -----------
lambda : 1.14415
max_diff => 4.999e-08
performed mixing
Frob norm 1 after updating U: 0.0158224
200 iterations
f(b) = 0.0251186
Frob norm 2 after updating B : 0.0639883
Iteration number -------- 29  -----------
lambda : 1.14987
max_diff => 4.999e-08
performed mixing
Frob norm 1 after updating U: 0.0158258
200 iterations
f(b) = 0.0267799
Frob norm 2 after updating B : 0.0522032
Iteration number -------- 30  -----------
lambda : 1.15562
max_diff => 4.999e-08
performed mixing
Frob norm 1 after updating U: 0.0158278
200 iterations
f(b) = 0.0413492
Frob norm 2 after updating B : 0.0429322
Iteration number -------- 31  -----------
lambda : 1.1614
max_diff => 4.999e-08
performed mixing
Frob norm 1 after updating U: 0.0156868
200 iterations
f(b) = 0.0148545
Frob norm 2 after updating B : 0.035726
Iteration number -------- 32  -----------
lambda : 1.16721
max_diff => 4.999e-08
performed mixing
Frob norm 1 after updating U: 0.0158288
200 iterations
f(b) = 0.0280952
Frob norm 2 after updating B : 0.03016
Iteration number -------- 33  -----------
lambda : 1.17304
max_diff => 4.999e-08
performed mixing
Frob norm 1 after updating U: 0.0157792
200 iterations
f(b) = 0.0143662
Frob norm 2 after updating B : 0.026024
Iteration number -------- 34  -----------
lambda : 1.17891
max_diff => 4.999e-08
performed mixing
Frob norm 1 after updating U: 0.0159156
200 iterations
f(b) = 0.0384404
Frob norm 2 after updating B : 0.0228098
Iteration number -------- 35  -----------
lambda : 1.1848
max_diff => 4.999e-08
performed mixing
Frob norm 1 after updating U: 0.015805
200 iterations
f(b) = 0.0131345
Frob norm 2 after updating B : 0.0206436
Iteration number -------- 36  -----------
lambda : 1.19073
max_diff => 4.999e-08
performed mixing
Frob norm 1 after updating U: 0.0157669
200 iterations
f(b) = 0.0142219
Frob norm 2 after updating B : 0.019268
Iteration number -------- 37  -----------
lambda : 1.19668
max_diff => 4.999e-08
performed mixing
Frob norm 1 after updating U: 0.0159328
200 iterations
f(b) = 0.0143832
Frob norm 2 after updating B : 0.0181337
Iteration number -------- 38  -----------
lambda : 1.20266
max_diff => 4.999e-08
performed mixing
Frob norm 1 after updating U: 0.0158456
200 iterations
f(b) = 0.0107163
Frob norm 2 after updating B : 0.0172866
Iteration number -------- 39  -----------
lambda : 1.20868
max_diff => 4.999e-08
performed mixing
Frob norm 1 after updating U: 0.0158042
200 iterations
f(b) = 0.0295682
Frob norm 2 after updating B : 0.0165729
Iteration number -------- 40  -----------
lambda : 1.21472
max_diff => 4.999e-08
performed mixing
Frob norm 1 after updating U: 0.0155782
200 iterations
f(b) = 0.0115626
Frob norm 2 after updating B : 0.0164069
Iteration number -------- 41  -----------
lambda : 1.22079
max_diff => 4.999e-08
performed mixing
Frob norm 1 after updating U: 0.0157558
200 iterations
f(b) = 0.0161462
Frob norm 2 after updating B : 0.0161327
Iteration number -------- 42  -----------
lambda : 1.2269
max_diff => 4.999e-08
performed mixing
Frob norm 1 after updating U: 0.0156597
200 iterations
f(b) = 0.0133638
Frob norm 2 after updating B : 0.016048
Iteration number -------- 43  -----------
lambda : 1.23303
max_diff => 4.999e-08
performed mixing
Frob norm 1 after updating U: 0.0157491
200 iterations
f(b) = 0.0158721
Frob norm 2 after updating B : 0.0158745
Iteration number -------- 44  -----------
lambda : 1.2392
max_diff => 4.999e-08
performed mixing
Frob norm 1 after updating U: 0.0156799
200 iterations
f(b) = 0.0143151
Frob norm 2 after updating B : 0.0159267
Iteration number -------- 45  -----------
lambda : 1.24539
max_diff => 4.999e-08
performed mixing
Frob norm 1 after updating U: 0.0157659
200 iterations
f(b) = 0.0119781
Frob norm 2 after updating B : 0.015922
Iteration number -------- 46  -----------
lambda : 1.25162
max_diff => 4.999e-08
performed mixing
Frob norm 1 after updating U: 0.0158243
200 iterations
f(b) = 0.0115823
Frob norm 2 after updating B : 0.0158373
Iteration number -------- 47  -----------
lambda : 1.25788
max_diff => 4.999e-08
performed mixing
Frob norm 1 after updating U: 0.0157452
200 iterations
f(b) = 0.0151551
Frob norm 2 after updating B : 0.0158149
Iteration number -------- 48  -----------
lambda : 1.26417
max_diff => 4.999e-08
performed mixing
Frob norm 1 after updating U: 0.0157788
200 iterations
f(b) = 0.0143859
Frob norm 2 after updating B : 0.0158381
Iteration number -------- 49  -----------
lambda : 1.27049
max_diff => 4.999e-08
performed mixing
Frob norm 1 after updating U: 0.0157986
200 iterations
f(b) = 0.013816
Frob norm 2 after updating B : 0.0157782
Iteration number -------- 50  -----------
lambda : 1.27684
max_diff => 4.999e-08
performed mixing
Frob norm 1 after updating U: 0.0157512
200 iterations
f(b) = 0.0197763
Frob norm 2 after updating B : 0.0157385
Iteration number -------- 51  -----------
lambda : 1.28323
max_diff => 4.999e-08
performed mixing
Frob norm 1 after updating U: 0.0157099
200 iterations
f(b) = 0.0148798
Frob norm 2 after updating B : 0.0159293
Iteration number -------- 52  -----------
lambda : 1.28964
max_diff => 4.999e-08
performed mixing
Frob norm 1 after updating U: 0.0159018
200 iterations
f(b) = 0.0128493
Frob norm 2 after updating B : 0.0157326
Iteration number -------- 53  -----------
lambda : 1.29609
max_diff => 4.999e-08
performed mixing
Frob norm 1 after updating U: 0.0157217
200 iterations
f(b) = 0.0169821
Frob norm 2 after updating B : 0.0156552
Iteration number -------- 54  -----------
lambda : 1.30257
max_diff => 4.999e-08
performed mixing
Frob norm 1 after updating U: 0.015639
200 iterations
f(b) = 0.0129164
Frob norm 2 after updating B : 0.0157172
Iteration number -------- 55  -----------
lambda : 1.30908
max_diff => 4.999e-08
performed mixing
Frob norm 1 after updating U: 0.0157064
200 iterations
f(b) = 0.0152857
Frob norm 2 after updating B : 0.0157482
Iteration number -------- 56  -----------
lambda : 1.31563
max_diff => 4.999e-08
performed mixing
Frob norm 1 after updating U: 0.015743
200 iterations
f(b) = 0.0169076
Frob norm 2 after updating B : 0.0157689
Iteration number -------- 57  -----------
lambda : 1.32221
max_diff => 4.999e-08
performed mixing
Frob norm 1 after updating U: 0.0157696
200 iterations
f(b) = 0.0206989
Frob norm 2 after updating B : 0.015613
Iteration number -------- 58  -----------
lambda : 1.32882
max_diff => 4.999e-08
performed mixing
Frob norm 1 after updating U: 0.0156124
200 iterations
f(b) = 0.015558
Frob norm 2 after updating B : 0.0158069
Iteration number -------- 59  -----------
lambda : 1.33546
max_diff => 4.999e-08
performed mixing
Frob norm 1 after updating U: 0.015798
200 iterations
f(b) = 0.0165202
Frob norm 2 after updating B : 0.0156112
Iteration number -------- 60  -----------
lambda : 1.34214
max_diff => 4.999e-08
performed mixing
Frob norm 1 after updating U: 0.0156107
200 iterations
f(b) = 0.0155971
Frob norm 2 after updating B : 0.0156093
Iteration number -------- 61  -----------
lambda : 1.34885
max_diff => 4.999e-08
performed mixing
Frob norm 1 after updating U: 0.0156043
200 iterations
f(b) = 0.0142554
Frob norm 2 after updating B : 0.0158386
Iteration number -------- 62  -----------
lambda : 1.35559
max_diff => 4.999e-08
performed mixing
Frob norm 1 after updating U: 0.0158361
200 iterations
f(b) = 0.0297107
Frob norm 2 after updating B : 0.015647
Iteration number -------- 63  -----------
lambda : 1.36237
max_diff => 4.999e-08
performed mixing
Frob norm 1 after updating U: 0.0156464
200 iterations
f(b) = 0.0219693
Frob norm 2 after updating B : 0.0157254
Iteration number -------- 64  -----------
lambda : 1.36918
max_diff => 4.999e-08
performed mixing
Frob norm 1 after updating U: 0.0157273
200 iterations
f(b) = 0.0158269
Frob norm 2 after updating B : 0.0157858
Iteration number -------- 65  -----------
lambda : 1.37603
max_diff => 4.999e-08
performed mixing
Frob norm 1 after updating U: 0.0157746
200 iterations
f(b) = 0.019897
Frob norm 2 after updating B : 0.0158609
Iteration number -------- 66  -----------
lambda : 1.38291
max_diff => 4.999e-08
performed mixing
Frob norm 1 after updating U: 0.0158501
200 iterations
f(b) = 0.0203464
Frob norm 2 after updating B : 0.0158467
Iteration number -------- 67  -----------
lambda : 1.38982
max_diff => 4.999e-08
performed mixing
Frob norm 1 after updating U: 0.0158351
200 iterations
f(b) = 0.0342479
Frob norm 2 after updating B : 0.0156227
Iteration number -------- 68  -----------
lambda : 1.39677
max_diff => 4.999e-08
performed mixing
Frob norm 1 after updating U: 0.015632
200 iterations
f(b) = 0.0182057
Frob norm 2 after updating B : 0.015532
Iteration number -------- 69  -----------
lambda : 1.40376
max_diff => 4.999e-08
performed mixing
Frob norm 1 after updating U: 0.0155352
200 iterations
f(b) = 0.0180875
Frob norm 2 after updating B : 0.0157806
Iteration number -------- 70  -----------
lambda : 1.41078
max_diff => 4.999e-08
performed mixing
Frob norm 1 after updating U: 0.0157729
200 iterations
f(b) = 0.0188881
Frob norm 2 after updating B : 0.0157398
Iteration number -------- 71  -----------
lambda : 1.41783
max_diff => 4.999e-08
performed mixing
Frob norm 1 after updating U: 0.0157291
200 iterations
f(b) = 0.0209831
Frob norm 2 after updating B : 0.0157631
Iteration number -------- 72  -----------
lambda : 1.42492
max_diff => 4.999e-08
performed mixing
Frob norm 1 after updating U: 0.015753
200 iterations
f(b) = 0.0211067
Frob norm 2 after updating B : 0.0157405
Iteration number -------- 73  -----------
lambda : 1.43204
max_diff => 4.999e-08
performed mixing
Frob norm 1 after updating U: 0.0157288
200 iterations
f(b) = 0.0197298
Frob norm 2 after updating B : 0.0156885
Iteration number -------- 74  -----------
lambda : 1.4392
max_diff => 4.999e-08
performed mixing
Frob norm 1 after updating U: 0.0156864
200 iterations
f(b) = 0.0181253
Frob norm 2 after updating B : 0.0156863
Iteration number -------- 75  -----------
lambda : 1.4464
max_diff => 4.999e-08
performed mixing
Frob norm 1 after updating U: 0.0156846
200 iterations
f(b) = 0.0218119
Frob norm 2 after updating B : 0.0157329
Iteration number -------- 76  -----------
lambda : 1.45363
max_diff => 4.999e-08
performed mixing
Frob norm 1 after updating U: 0.0157292
200 iterations
f(b) = 0.0222724
Frob norm 2 after updating B : 0.0157332
Iteration number -------- 77  -----------
lambda : 1.4609
max_diff => 4.999e-08
performed mixing
Frob norm 1 after updating U: 0.0157286
200 iterations
f(b) = 0.0175344
Frob norm 2 after updating B : 0.0156596
Iteration number -------- 78  -----------
lambda : 1.46821
max_diff => 4.999e-08
performed mixing
Frob norm 1 after updating U: 0.0156646
200 iterations
f(b) = 0.0318959
Frob norm 2 after updating B : 0.0156553
Iteration number -------- 79  -----------
lambda : 1.47555
max_diff => 4.999e-08
performed mixing
Frob norm 1 after updating U: 0.015654
200 iterations
f(b) = 0.0156618
Frob norm 2 after updating B : 0.0156644
Iteration number -------- 80  -----------
lambda : 1.48292
max_diff => 4.999e-08
performed mixing
Frob norm 1 after updating U: 0.0156578
200 iterations
f(b) = 0.0166185
Frob norm 2 after updating B : 0.0157596
Iteration number -------- 81  -----------
lambda : 1.49034
max_diff => 4.999e-08
performed mixing
Frob norm 1 after updating U: 0.015755
200 iterations
f(b) = 0.0132201
Frob norm 2 after updating B : 0.0157363
Iteration number -------- 82  -----------
lambda : 1.49779
max_diff => 4.999e-08
performed mixing
Frob norm 1 after updating U: 0.0157212
200 iterations
f(b) = 0.0324263
Frob norm 2 after updating B : 0.0157671
Iteration number -------- 83  -----------
lambda : 1.50528
max_diff => 4.999e-08
performed mixing
Frob norm 1 after updating U: 0.0157727
200 iterations
f(b) = 0.0226475
Frob norm 2 after updating B : 0.0158063
Iteration number -------- 84  -----------
lambda : 1.51281
max_diff => 4.999e-08
performed mixing
Frob norm 1 after updating U: 0.0157876
200 iterations
f(b) = 0.0243986
Frob norm 2 after updating B : 0.0158143
Iteration number -------- 85  -----------
lambda : 1.52037
max_diff => 4.999e-08
performed mixing
Frob norm 1 after updating U: 0.0158093
200 iterations
f(b) = 0.0184767
Frob norm 2 after updating B : 0.0158039
Iteration number -------- 86  -----------
lambda : 1.52797
max_diff => 4.999e-08
performed mixing
Frob norm 1 after updating U: 0.0158006
200 iterations
f(b) = 0.0169812
Frob norm 2 after updating B : 0.0157515
Iteration number -------- 87  -----------
lambda : 1.53561
max_diff => 4.999e-08
performed mixing
Frob norm 1 after updating U: 0.0157533
200 iterations
f(b) = 0.0173317
Frob norm 2 after updating B : 0.0156993
Iteration number -------- 88  -----------
lambda : 1.54329
max_diff => 4.999e-08
performed mixing
Frob norm 1 after updating U: 0.0156929
200 iterations
f(b) = 0.019357
Frob norm 2 after updating B : 0.0156354
Iteration number -------- 89  -----------
lambda : 1.55101
max_diff => 4.999e-08
performed mixing
Frob norm 1 after updating U: 0.015639
200 iterations
f(b) = 0.0186757
Frob norm 2 after updating B : 0.0156866
Iteration number -------- 90  -----------
lambda : 1.55876
max_diff => 4.999e-08
performed mixing
Frob norm 1 after updating U: 0.0156805
200 iterations
f(b) = 0.0236138
Frob norm 2 after updating B : 0.0157523
Iteration number -------- 91  -----------
lambda : 1.56655
max_diff => 4.999e-08
performed mixing
Frob norm 1 after updating U: 0.0157401
200 iterations
f(b) = 0.0189546
Frob norm 2 after updating B : 0.0158575
Iteration number -------- 92  -----------
lambda : 1.57439
max_diff => 4.999e-08
performed mixing
Frob norm 1 after updating U: 0.015844
200 iterations
f(b) = 0.0202732
Frob norm 2 after updating B : 0.015743
Iteration number -------- 93  -----------
lambda : 1.58226
max_diff => 4.999e-08
performed mixing
Frob norm 1 after updating U: 0.0157426
200 iterations
f(b) = 0.0194344
Frob norm 2 after updating B : 0.0157777
Iteration number -------- 94  -----------
lambda : 1.59017
max_diff => 4.999e-08
performed mixing
Frob norm 1 after updating U: 0.0157664
200 iterations
f(b) = 0.0195548
Frob norm 2 after updating B : 0.0157049
Iteration number -------- 95  -----------
lambda : 1.59812
max_diff => 4.999e-08
performed mixing
Frob norm 1 after updating U: 0.0157069
200 iterations
f(b) = 0.0248086
Frob norm 2 after updating B : 0.0156747
Iteration number -------- 96  -----------
lambda : 1.60611
max_diff => 4.999e-08
performed mixing
Frob norm 1 after updating U: 0.0156773
200 iterations
f(b) = 0.0198414
Frob norm 2 after updating B : 0.0157229
Iteration number -------- 97  -----------
lambda : 1.61414
max_diff => 4.999e-08
performed mixing
Frob norm 1 after updating U: 0.015726
200 iterations
f(b) = 0.0241465
Frob norm 2 after updating B : 0.0158033
Iteration number -------- 98  -----------
lambda : 1.62221
max_diff => 4.999e-08
performed mixing
Frob norm 1 after updating U: 0.0157908
200 iterations
f(b) = 0.0205123
Frob norm 2 after updating B : 0.015706
Iteration number -------- 99  -----------
lambda : 1.63032
max_diff => 4.999e-08
performed mixing
Frob norm 1 after updating U: 0.0157018
200 iterations
f(b) = 0.0196538
Frob norm 2 after updating B : 0.0158544
Iteration number -------- 100  -----------
lambda : 1.63848
max_diff => 4.999e-08
