Academic license - for non-commercial use only
Frob norm 1 after updating U: 10.9372
200 iterations
f(b) = 61.1685
Frob norm 2 after updating B : 6.96237
Iteration number -------- 1  -----------
lambda : 1
max_diff => 0.158264
performed mixing
Frob norm 1 after updating U: 5.48996
200 iterations
f(b) = 53.0186
Frob norm 2 after updating B : 6.4975
Iteration number -------- 2  -----------
lambda : 1.005
max_diff => 0.133355
performed mixing
Frob norm 1 after updating U: 5.00447
200 iterations
f(b) = 45.6282
Frob norm 2 after updating B : 5.99492
Iteration number -------- 3  -----------
lambda : 1.01002
max_diff => 0.125772
performed mixing
Frob norm 1 after updating U: 4.51075
200 iterations
f(b) = 39.4188
Frob norm 2 after updating B : 5.57708
Iteration number -------- 4  -----------
lambda : 1.01508
max_diff => 0.113113
performed mixing
Frob norm 1 after updating U: 4.29801
200 iterations
f(b) = 34.6895
Frob norm 2 after updating B : 5.20656
Iteration number -------- 5  -----------
lambda : 1.02015
max_diff => 0.105069
performed mixing
Frob norm 1 after updating U: 4.16546
200 iterations
f(b) = 30.3432
Frob norm 2 after updating B : 4.90784
Iteration number -------- 6  -----------
lambda : 1.02525
max_diff => 0.0934459
performed mixing
Frob norm 1 after updating U: 3.92587
200 iterations
f(b) = 26.8478
Frob norm 2 after updating B : 4.65817
Iteration number -------- 7  -----------
lambda : 1.03038
max_diff => 0.0779996
performed mixing
Frob norm 1 after updating U: 3.78518
200 iterations
f(b) = 23.9232
Frob norm 2 after updating B : 4.41633
Iteration number -------- 8  -----------
lambda : 1.03553
max_diff => 0.0709722
performed mixing
Frob norm 1 after updating U: 3.74345
200 iterations
f(b) = 21.6907
Frob norm 2 after updating B : 4.23344
Iteration number -------- 9  -----------
lambda : 1.04071
max_diff => 0.0652913
performed mixing
Frob norm 1 after updating U: 3.71211
200 iterations
f(b) = 20.2046
Frob norm 2 after updating B : 4.05671
Iteration number -------- 10  -----------
lambda : 1.04591
max_diff => 0.0650019
performed mixing
Frob norm 1 after updating U: 3.71145
200 iterations
f(b) = 19.0435
Frob norm 2 after updating B : 3.96635
Iteration number -------- 11  -----------
lambda : 1.05114
max_diff => 0.0614437
performed mixing
Frob norm 1 after updating U: 3.69848
200 iterations
f(b) = 18.2095
Frob norm 2 after updating B : 3.88788
Iteration number -------- 12  -----------
lambda : 1.0564
max_diff => 0.0613603
performed mixing
Frob norm 1 after updating U: 3.69657
200 iterations
f(b) = 17.717
Frob norm 2 after updating B : 3.82226
Iteration number -------- 13  -----------
lambda : 1.06168
max_diff => 0.0613427
performed mixing
Frob norm 1 after updating U: 3.69659
200 iterations
f(b) = 17.392
Frob norm 2 after updating B : 3.77827
Iteration number -------- 14  -----------
lambda : 1.06699
max_diff => 0.0613232
performed mixing
Frob norm 1 after updating U: 3.69657
200 iterations
f(b) = 16.9414
Frob norm 2 after updating B : 3.77002
Iteration number -------- 15  -----------
lambda : 1.07232
max_diff => 0.0599962
performed mixing
Frob norm 1 after updating U: 3.69909
200 iterations
f(b) = 16.7993
Frob norm 2 after updating B : 3.7456
Iteration number -------- 16  -----------
lambda : 1.07768
max_diff => 0.0599956
performed mixing
Frob norm 1 after updating U: 3.6993
200 iterations
f(b) = 16.5729
Frob norm 2 after updating B : 3.73814
Iteration number -------- 17  -----------
lambda : 1.08307
max_diff => 0.0598988
performed mixing
Frob norm 1 after updating U: 3.70197
200 iterations
f(b) = 16.5027
Frob norm 2 after updating B : 3.7256
Iteration number -------- 18  -----------
lambda : 1.08849
max_diff => 0.0599106
performed mixing
Frob norm 1 after updating U: 3.70218
200 iterations
f(b) = 16.4601
Frob norm 2 after updating B : 3.7175
Iteration number -------- 19  -----------
lambda : 1.09393
max_diff => 0.0599137
performed mixing
Frob norm 1 after updating U: 3.70235
200 iterations
f(b) = 16.4242
Frob norm 2 after updating B : 3.71265
Iteration number -------- 20  -----------
lambda : 1.0994
max_diff => 0.0599026
performed mixing
Frob norm 1 after updating U: 3.70271
200 iterations
f(b) = 16.4049
Frob norm 2 after updating B : 3.70991
Iteration number -------- 21  -----------
lambda : 1.1049
max_diff => 0.0599138
performed mixing
Frob norm 1 after updating U: 3.70329
200 iterations
f(b) = 16.4047
Frob norm 2 after updating B : 3.70803
Iteration number -------- 22  -----------
lambda : 1.11042
max_diff => 0.0599214
performed mixing
Frob norm 1 after updating U: 3.70365
200 iterations
f(b) = 16.4047
Frob norm 2 after updating B : 3.70681
Iteration number -------- 23  -----------
lambda : 1.11597
max_diff => 0.0599236
performed mixing
Frob norm 1 after updating U: 3.70392
200 iterations
f(b) = 16.4054
Frob norm 2 after updating B : 3.7062
Iteration number -------- 24  -----------
lambda : 1.12155
max_diff => 0.0599266
performed mixing
Frob norm 1 after updating U: 3.70427
200 iterations
f(b) = 16.4091
Frob norm 2 after updating B : 3.70594
Iteration number -------- 25  -----------
lambda : 1.12716
max_diff => 0.0599318
performed mixing
Frob norm 1 after updating U: 3.70463
200 iterations
f(b) = 16.4209
Frob norm 2 after updating B : 3.70599
Iteration number -------- 26  -----------
lambda : 1.1328
max_diff => 0.0599369
performed mixing
Frob norm 1 after updating U: 3.70508
200 iterations
f(b) = 16.422
Frob norm 2 after updating B : 3.70613
Iteration number -------- 27  -----------
lambda : 1.13846
max_diff => 0.0599536
performed mixing
Frob norm 1 after updating U: 3.70549
200 iterations
f(b) = 16.4315
Frob norm 2 after updating B : 3.70646
Iteration number -------- 28  -----------
lambda : 1.14415
max_diff => 0.0599632
performed mixing
Frob norm 1 after updating U: 3.70599
200 iterations
f(b) = 16.2892
Frob norm 2 after updating B : 3.74206
Iteration number -------- 29  -----------
lambda : 1.14987
max_diff => 0.0604736
performed mixing
Frob norm 1 after updating U: 3.73325
200 iterations
f(b) = 16.3193
Frob norm 2 after updating B : 3.73925
Iteration number -------- 30  -----------
lambda : 1.15562
max_diff => 0.0604564
performed mixing
Frob norm 1 after updating U: 3.73355
200 iterations
f(b) = 16.3176
Frob norm 2 after updating B : 3.73745
Iteration number -------- 31  -----------
lambda : 1.1614
max_diff => 0.0604542
performed mixing
Frob norm 1 after updating U: 3.73374
200 iterations
f(b) = 16.3148
Frob norm 2 after updating B : 3.73675
Iteration number -------- 32  -----------
lambda : 1.16721
max_diff => 0.0604303
performed mixing
Frob norm 1 after updating U: 3.73426
200 iterations
f(b) = 16.3233
Frob norm 2 after updating B : 3.73617
Iteration number -------- 33  -----------
lambda : 1.17304
max_diff => 0.0604256
performed mixing
Frob norm 1 after updating U: 3.73452
200 iterations
f(b) = 16.3258
Frob norm 2 after updating B : 3.7361
Iteration number -------- 34  -----------
lambda : 1.17891
max_diff => 0.0604183
performed mixing
Frob norm 1 after updating U: 3.73499
200 iterations
f(b) = 16.3364
Frob norm 2 after updating B : 3.73611
Iteration number -------- 35  -----------
lambda : 1.1848
max_diff => 0.0604155
performed mixing
Frob norm 1 after updating U: 3.73535
200 iterations
f(b) = 16.2976
Frob norm 2 after updating B : 3.73843
Iteration number -------- 36  -----------
lambda : 1.19073
max_diff => 0.0602556
performed mixing
Frob norm 1 after updating U: 3.73731
200 iterations
f(b) = 16.3311
Frob norm 2 after updating B : 3.74135
Iteration number -------- 37  -----------
lambda : 1.19668
max_diff => 0.0602368
performed mixing
Frob norm 1 after updating U: 3.74047
200 iterations
f(b) = 16.3397
Frob norm 2 after updating B : 3.74192
Iteration number -------- 38  -----------
lambda : 1.20266
max_diff => 0.0602373
performed mixing
Frob norm 1 after updating U: 3.74132
200 iterations
f(b) = 16.3489
Frob norm 2 after updating B : 3.74234
Iteration number -------- 39  -----------
lambda : 1.20868
max_diff => 0.0602268
performed mixing
Frob norm 1 after updating U: 3.74192
200 iterations
f(b) = 16.3564
Frob norm 2 after updating B : 3.74275
Iteration number -------- 40  -----------
lambda : 1.21472
max_diff => 0.0602123
performed mixing
Frob norm 1 after updating U: 3.74246
200 iterations
f(b) = 16.3498
Frob norm 2 after updating B : 3.74373
Iteration number -------- 41  -----------
lambda : 1.22079
max_diff => 0.0602019
performed mixing
Frob norm 1 after updating U: 3.74348
200 iterations
f(b) = 16.3568
Frob norm 2 after updating B : 3.74516
Iteration number -------- 42  -----------
lambda : 1.2269
max_diff => 0.0601927
performed mixing
Frob norm 1 after updating U: 3.74494
200 iterations
f(b) = 16.3767
Frob norm 2 after updating B : 3.7459
Iteration number -------- 43  -----------
lambda : 1.23303
max_diff => 0.0601798
performed mixing
Frob norm 1 after updating U: 3.74571
200 iterations
f(b) = 16.3857
Frob norm 2 after updating B : 3.74626
Iteration number -------- 44  -----------
lambda : 1.2392
max_diff => 0.0601735
performed mixing
Frob norm 1 after updating U: 3.74612
200 iterations
f(b) = 16.3955
Frob norm 2 after updating B : 3.74693
Iteration number -------- 45  -----------
lambda : 1.24539
max_diff => 0.0601667
performed mixing
Frob norm 1 after updating U: 3.74681
200 iterations
f(b) = 16.4036
Frob norm 2 after updating B : 3.74737
Iteration number -------- 46  -----------
lambda : 1.25162
max_diff => 0.0601591
performed mixing
Frob norm 1 after updating U: 3.74728
200 iterations
f(b) = 16.4136
Frob norm 2 after updating B : 3.74776
Iteration number -------- 47  -----------
lambda : 1.25788
max_diff => 0.0601504
performed mixing
Frob norm 1 after updating U: 3.74768
200 iterations
f(b) = 16.4231
Frob norm 2 after updating B : 3.74834
Iteration number -------- 48  -----------
lambda : 1.26417
max_diff => 0.0601308
performed mixing
Frob norm 1 after updating U: 3.74828
200 iterations
f(b) = 16.4312
Frob norm 2 after updating B : 3.74885
Iteration number -------- 49  -----------
lambda : 1.27049
max_diff => 0.0601215
performed mixing
Frob norm 1 after updating U: 3.74879
200 iterations
f(b) = 16.439
Frob norm 2 after updating B : 3.74965
Iteration number -------- 50  -----------
lambda : 1.27684
max_diff => 0.0601038
performed mixing
Frob norm 1 after updating U: 3.74959
200 iterations
f(b) = 16.4418
Frob norm 2 after updating B : 3.75076
Iteration number -------- 51  -----------
lambda : 1.28323
max_diff => 0.0600683
performed mixing
Frob norm 1 after updating U: 3.75068
200 iterations
f(b) = 16.455
Frob norm 2 after updating B : 3.75119
Iteration number -------- 52  -----------
lambda : 1.28964
max_diff => 0.0600524
performed mixing
Frob norm 1 after updating U: 3.75113
200 iterations
f(b) = 16.4715
Frob norm 2 after updating B : 3.75142
Iteration number -------- 53  -----------
lambda : 1.29609
max_diff => 0.0600459
performed mixing
Frob norm 1 after updating U: 3.75138
200 iterations
f(b) = 16.4778
Frob norm 2 after updating B : 3.75191
Iteration number -------- 54  -----------
lambda : 1.30257
max_diff => 0.0600344
performed mixing
Frob norm 1 after updating U: 3.75187
200 iterations
f(b) = 16.49
Frob norm 2 after updating B : 3.75231
Iteration number -------- 55  -----------
lambda : 1.30908
max_diff => 0.0600258
performed mixing
Frob norm 1 after updating U: 3.75227
200 iterations
f(b) = 16.5013
Frob norm 2 after updating B : 3.75262
Iteration number -------- 56  -----------
lambda : 1.31563
max_diff => 0.0600063
performed mixing
Frob norm 1 after updating U: 3.7526
200 iterations
f(b) = 16.5109
Frob norm 2 after updating B : 3.75291
Iteration number -------- 57  -----------
lambda : 1.32221
max_diff => 0.0600011
performed mixing
Frob norm 1 after updating U: 3.75288
200 iterations
f(b) = 16.5218
Frob norm 2 after updating B : 3.75322
Iteration number -------- 58  -----------
lambda : 1.32882
max_diff => 0.0599865
performed mixing
Frob norm 1 after updating U: 3.7532
200 iterations
f(b) = 16.534
Frob norm 2 after updating B : 3.75342
Iteration number -------- 59  -----------
lambda : 1.33546
max_diff => 0.05998
performed mixing
Frob norm 1 after updating U: 3.75341
200 iterations
f(b) = 16.5462
Frob norm 2 after updating B : 3.75367
Iteration number -------- 60  -----------
lambda : 1.34214
max_diff => 0.0599676
performed mixing
Frob norm 1 after updating U: 3.75365
200 iterations
f(b) = 16.5459
Frob norm 2 after updating B : 3.75415
Iteration number -------- 61  -----------
lambda : 1.34885
max_diff => 0.0599314
performed mixing
Frob norm 1 after updating U: 3.75413
200 iterations
f(b) = 16.5659
Frob norm 2 after updating B : 3.7544
Iteration number -------- 62  -----------
lambda : 1.35559
max_diff => 0.059922
performed mixing
Frob norm 1 after updating U: 3.75438
200 iterations
f(b) = 16.5744
Frob norm 2 after updating B : 3.75472
Iteration number -------- 63  -----------
lambda : 1.36237
max_diff => 0.0599163
performed mixing
Frob norm 1 after updating U: 3.75471
200 iterations
f(b) = 16.5897
Frob norm 2 after updating B : 3.75504
Iteration number -------- 64  -----------
lambda : 1.36918
max_diff => 0.0599031
performed mixing
Frob norm 1 after updating U: 3.75503
200 iterations
f(b) = 16.5951
Frob norm 2 after updating B : 3.75541
Iteration number -------- 65  -----------
lambda : 1.37603
max_diff => 0.0598878
performed mixing
Frob norm 1 after updating U: 3.7554
200 iterations
f(b) = 16.6106
Frob norm 2 after updating B : 3.75564
Iteration number -------- 66  -----------
lambda : 1.38291
max_diff => 0.059876
performed mixing
Frob norm 1 after updating U: 3.75563
200 iterations
f(b) = 16.6176
Frob norm 2 after updating B : 3.75596
Iteration number -------- 67  -----------
lambda : 1.38982
max_diff => 0.05986
performed mixing
Frob norm 1 after updating U: 3.75595
200 iterations
f(b) = 16.6293
Frob norm 2 after updating B : 3.75638
Iteration number -------- 68  -----------
lambda : 1.39677
max_diff => 0.05984
performed mixing
Frob norm 1 after updating U: 3.75636
200 iterations
f(b) = 16.6133
Frob norm 2 after updating B : 3.75679
Iteration number -------- 69  -----------
lambda : 1.40376
max_diff => 0.0598268
performed mixing
Frob norm 1 after updating U: 3.75678
200 iterations
f(b) = 16.6514
Frob norm 2 after updating B : 3.75723
Iteration number -------- 70  -----------
lambda : 1.41078
max_diff => 0.0598114
performed mixing
Frob norm 1 after updating U: 3.75721
200 iterations
f(b) = 16.669
Frob norm 2 after updating B : 3.75744
Iteration number -------- 71  -----------
lambda : 1.41783
max_diff => 0.0598049
performed mixing
Frob norm 1 after updating U: 3.75743
200 iterations
f(b) = 16.679
Frob norm 2 after updating B : 3.75764
Iteration number -------- 72  -----------
lambda : 1.42492
max_diff => 0.0598043
performed mixing
Frob norm 1 after updating U: 3.75763
200 iterations
f(b) = 16.6893
Frob norm 2 after updating B : 3.75805
Iteration number -------- 73  -----------
lambda : 1.43204
max_diff => 0.0597797
performed mixing
Frob norm 1 after updating U: 3.75804
200 iterations
f(b) = 16.6984
Frob norm 2 after updating B : 3.75847
Iteration number -------- 74  -----------
lambda : 1.4392
max_diff => 0.0597583
performed mixing
Frob norm 1 after updating U: 3.75846
200 iterations
f(b) = 16.7176
Frob norm 2 after updating B : 3.75875
Iteration number -------- 75  -----------
lambda : 1.4464
max_diff => 0.0597471
performed mixing
Frob norm 1 after updating U: 3.75874
200 iterations
f(b) = 16.7172
Frob norm 2 after updating B : 3.75926
Iteration number -------- 76  -----------
lambda : 1.45363
max_diff => 0.0597192
performed mixing
Frob norm 1 after updating U: 3.75925
200 iterations
f(b) = 16.73
Frob norm 2 after updating B : 3.75953
Iteration number -------- 77  -----------
lambda : 1.4609
max_diff => 0.0597122
performed mixing
Frob norm 1 after updating U: 3.75951
200 iterations
f(b) = 16.7445
Frob norm 2 after updating B : 3.75989
Iteration number -------- 78  -----------
lambda : 1.46821
max_diff => 0.0597062
performed mixing
Frob norm 1 after updating U: 3.75988
200 iterations
f(b) = 16.7517
Frob norm 2 after updating B : 3.76034
Iteration number -------- 79  -----------
lambda : 1.47555
max_diff => 0.059704
performed mixing
Frob norm 1 after updating U: 3.76032
200 iterations
f(b) = 16.765
Frob norm 2 after updating B : 3.76067
Iteration number -------- 80  -----------
lambda : 1.48292
max_diff => 0.0596868
performed mixing
Frob norm 1 after updating U: 3.76066
200 iterations
f(b) = 16.7814
Frob norm 2 after updating B : 3.76105
Iteration number -------- 81  -----------
lambda : 1.49034
max_diff => 0.0596787
performed mixing
Frob norm 1 after updating U: 3.76104
200 iterations
f(b) = 16.7931
Frob norm 2 after updating B : 3.76134
Iteration number -------- 82  -----------
lambda : 1.49779
max_diff => 0.0596717
performed mixing
Frob norm 1 after updating U: 3.76133
200 iterations
f(b) = 16.8016
Frob norm 2 after updating B : 3.76183
Iteration number -------- 83  -----------
lambda : 1.50528
max_diff => 0.0596556
performed mixing
Frob norm 1 after updating U: 3.76181
200 iterations
f(b) = 16.8144
Frob norm 2 after updating B : 3.76223
Iteration number -------- 84  -----------
lambda : 1.51281
max_diff => 0.0596344
performed mixing
Frob norm 1 after updating U: 3.76222
200 iterations
f(b) = 16.8247
Frob norm 2 after updating B : 3.76252
Iteration number -------- 85  -----------
lambda : 1.52037
max_diff => 0.0596252
performed mixing
Frob norm 1 after updating U: 3.76251
200 iterations
f(b) = 16.8374
Frob norm 2 after updating B : 3.76287
Iteration number -------- 86  -----------
lambda : 1.52797
max_diff => 0.0596159
performed mixing
Frob norm 1 after updating U: 3.76286
200 iterations
f(b) = 16.8444
Frob norm 2 after updating B : 3.76349
Iteration number -------- 87  -----------
lambda : 1.53561
max_diff => 0.0595993
performed mixing
Frob norm 1 after updating U: 3.76347
200 iterations
f(b) = 16.8579
Frob norm 2 after updating B : 3.76398
Iteration number -------- 88  -----------
lambda : 1.54329
max_diff => 0.0595803
performed mixing
Frob norm 1 after updating U: 3.76397
200 iterations
f(b) = 16.8558
Frob norm 2 after updating B : 3.76516
Iteration number -------- 89  -----------
lambda : 1.55101
max_diff => 0.0595279
performed mixing
Frob norm 1 after updating U: 3.76514
200 iterations
f(b) = 16.8809
Frob norm 2 after updating B : 3.7656
Iteration number -------- 90  -----------
lambda : 1.55876
max_diff => 0.0595181
performed mixing
Frob norm 1 after updating U: 3.76558
200 iterations
f(b) = 16.8329
Frob norm 2 after updating B : 3.76569
Iteration number -------- 91  -----------
lambda : 1.56655
max_diff => 0.0595044
performed mixing
Frob norm 1 after updating U: 3.76567
200 iterations
f(b) = 16.8973
Frob norm 2 after updating B : 3.76633
Iteration number -------- 92  -----------
lambda : 1.57439
max_diff => 0.0594813
performed mixing
Frob norm 1 after updating U: 3.76631
200 iterations
f(b) = 16.9234
Frob norm 2 after updating B : 3.76657
Iteration number -------- 93  -----------
lambda : 1.58226
max_diff => 0.0594753
performed mixing
Frob norm 1 after updating U: 3.76655
200 iterations
f(b) = 16.927
Frob norm 2 after updating B : 3.76709
Iteration number -------- 94  -----------
lambda : 1.59017
max_diff => 0.0594655
performed mixing
Frob norm 1 after updating U: 3.76708
200 iterations
f(b) = 16.9386
Frob norm 2 after updating B : 3.76757
Iteration number -------- 95  -----------
lambda : 1.59812
max_diff => 0.0594431
performed mixing
Frob norm 1 after updating U: 3.76756
200 iterations
f(b) = 16.9451
Frob norm 2 after updating B : 3.76818
Iteration number -------- 96  -----------
lambda : 1.60611
max_diff => 0.0594239
performed mixing
Frob norm 1 after updating U: 3.76816
200 iterations
f(b) = 16.8923
Frob norm 2 after updating B : 3.76928
Iteration number -------- 97  -----------
lambda : 1.61414
max_diff => 0.0593871
performed mixing
Frob norm 1 after updating U: 3.76925
200 iterations
f(b) = 16.9027
Frob norm 2 after updating B : 3.77015
Iteration number -------- 98  -----------
lambda : 1.62221
max_diff => 0.0593696
performed mixing
Frob norm 1 after updating U: 3.77012
200 iterations
f(b) = 16.9806
Frob norm 2 after updating B : 3.77089
Iteration number -------- 99  -----------
lambda : 1.63032
max_diff => 0.0593564
performed mixing
Frob norm 1 after updating U: 3.77086
200 iterations
f(b) = 16.9896
Frob norm 2 after updating B : 3.77148
Iteration number -------- 100  -----------
lambda : 1.63848
max_diff => 0.059338
