Academic license - for non-commercial use only
Frob norm 1 after updating U: 13.2436
200 iterations
f(b) = 45.2761
Frob norm 2 after updating B : 6.02784
Iteration number -------- 1  -----------
lambda : 1
max_diff => 0.123323
performed mixing
Frob norm 1 after updating U: 4.73321
200 iterations
f(b) = 39.8071
Frob norm 2 after updating B : 5.61896
Iteration number -------- 2  -----------
lambda : 1.005
max_diff => 0.112876
performed mixing
Frob norm 1 after updating U: 4.47184
200 iterations
f(b) = 35.2141
Frob norm 2 after updating B : 5.27918
Iteration number -------- 3  -----------
lambda : 1.01002
max_diff => 0.101368
performed mixing
Frob norm 1 after updating U: 4.24986
200 iterations
f(b) = 31.3684
Frob norm 2 after updating B : 4.99442
Iteration number -------- 4  -----------
lambda : 1.01508
max_diff => 0.0906664
performed mixing
Frob norm 1 after updating U: 4.08453
200 iterations
f(b) = 28.153
Frob norm 2 after updating B : 4.74943
Iteration number -------- 5  -----------
lambda : 1.02015
max_diff => 0.0820362
performed mixing
Frob norm 1 after updating U: 3.97253
200 iterations
f(b) = 25.5127
Frob norm 2 after updating B : 4.54759
Iteration number -------- 6  -----------
lambda : 1.02525
max_diff => 0.0744532
performed mixing
Frob norm 1 after updating U: 3.86726
200 iterations
f(b) = 20.3505
Frob norm 2 after updating B : 4.0289
Iteration number -------- 7  -----------
lambda : 1.03038
max_diff => 0.0675734
performed mixing
Frob norm 1 after updating U: 2.14248
200 iterations
f(b) = 15.7788
Frob norm 2 after updating B : 3.54612
Iteration number -------- 8  -----------
lambda : 1.03553
max_diff => 0.0575906
performed mixing
Frob norm 1 after updating U: 1.53362
200 iterations
f(b) = 11.7284
Frob norm 2 after updating B : 3.01591
Iteration number -------- 9  -----------
lambda : 1.04071
max_diff => 0.0675599
performed mixing
Frob norm 1 after updating U: 1.03962
200 iterations
f(b) = 8.80008
Frob norm 2 after updating B : 2.62313
Iteration number -------- 10  -----------
lambda : 1.04591
max_diff => 0.0627835
performed mixing
Frob norm 1 after updating U: 0.756835
200 iterations
f(b) = 6.56078
Frob norm 2 after updating B : 2.29412
Iteration number -------- 11  -----------
lambda : 1.05114
max_diff => 0.0493161
performed mixing
Frob norm 1 after updating U: 0.5791
200 iterations
f(b) = 4.83698
Frob norm 2 after updating B : 1.96281
Iteration number -------- 12  -----------
lambda : 1.0564
max_diff => 0.040196
performed mixing
Frob norm 1 after updating U: 0.49843
200 iterations
f(b) = 3.56855
Frob norm 2 after updating B : 1.70344
Iteration number -------- 13  -----------
lambda : 1.06168
max_diff => 0.0267515
performed mixing
Frob norm 1 after updating U: 0.373267
200 iterations
f(b) = 2.65011
Frob norm 2 after updating B : 1.39421
Iteration number -------- 14  -----------
lambda : 1.06699
max_diff => 0.026439
performed mixing
Frob norm 1 after updating U: 0.370544
200 iterations
f(b) = 1.94197
Frob norm 2 after updating B : 1.19187
Iteration number -------- 15  -----------
lambda : 1.07232
max_diff => 0.0210234
performed mixing
Frob norm 1 after updating U: 0.32862
200 iterations
f(b) = 1.48268
Frob norm 2 after updating B : 1.00006
Iteration number -------- 16  -----------
lambda : 1.07768
max_diff => 0.0181575
performed mixing
Frob norm 1 after updating U: 0.310069
200 iterations
f(b) = 1.09523
Frob norm 2 after updating B : 0.895474
Iteration number -------- 17  -----------
lambda : 1.08307
max_diff => 0.00710579
performed mixing
Frob norm 1 after updating U: 0.209192
200 iterations
f(b) = 0.853638
Frob norm 2 after updating B : 0.736338
Iteration number -------- 18  -----------
lambda : 1.08849
max_diff => 0.00693597
performed mixing
Frob norm 1 after updating U: 0.207118
200 iterations
f(b) = 0.682898
Frob norm 2 after updating B : 0.611018
Iteration number -------- 19  -----------
lambda : 1.09393
max_diff => 0.00670956
performed mixing
Frob norm 1 after updating U: 0.204185
200 iterations
f(b) = 0.462783
Frob norm 2 after updating B : 0.656326
Iteration number -------- 20  -----------
lambda : 1.0994
max_diff => 9.8445e-07
performed mixing
Frob norm 1 after updating U: 0.0168428
200 iterations
f(b) = 0.325105
Frob norm 2 after updating B : 0.526506
Iteration number -------- 21  -----------
lambda : 1.1049
max_diff => 2.62848e-07
performed mixing
Frob norm 1 after updating U: 0.0161217
200 iterations
f(b) = 0.222273
Frob norm 2 after updating B : 0.422319
Iteration number -------- 22  -----------
lambda : 1.11042
max_diff => 5.96184e-08
performed mixing
Frob norm 1 after updating U: 0.0159533
200 iterations
f(b) = 0.160944
Frob norm 2 after updating B : 0.3381
Iteration number -------- 23  -----------
lambda : 1.11597
max_diff => 4.999e-08
performed mixing
Frob norm 1 after updating U: 0.0157518
200 iterations
f(b) = 0.123206
Frob norm 2 after updating B : 0.270529
Iteration number -------- 24  -----------
lambda : 1.12155
max_diff => 4.999e-08
performed mixing
Frob norm 1 after updating U: 0.0156529
200 iterations
f(b) = 0.092307
Frob norm 2 after updating B : 0.216788
Iteration number -------- 25  -----------
lambda : 1.12716
max_diff => 4.999e-08
performed mixing
Frob norm 1 after updating U: 0.0156637
200 iterations
f(b) = 0.0766997
Frob norm 2 after updating B : 0.173817
Iteration number -------- 26  -----------
lambda : 1.1328
max_diff => 4.99949e-08
performed mixing
Frob norm 1 after updating U: 0.015827
200 iterations
f(b) = 0.0657106
Frob norm 2 after updating B : 0.139391
Iteration number -------- 27  -----------
lambda : 1.13846
max_diff => 4.999e-08
performed mixing
Frob norm 1 after updating U: 0.0156624
200 iterations
f(b) = 0.0575808
Frob norm 2 after updating B : 0.112188
Iteration number -------- 28  -----------
lambda : 1.14415
max_diff => 4.999e-08
performed mixing
Frob norm 1 after updating U: 0.0158928
200 iterations
f(b) = 0.0260441
Frob norm 2 after updating B : 0.0902952
Iteration number -------- 29  -----------
lambda : 1.14987
max_diff => 4.999e-08
performed mixing
Frob norm 1 after updating U: 0.0159403
200 iterations
f(b) = 0.0498577
Frob norm 2 after updating B : 0.0728145
Iteration number -------- 30  -----------
lambda : 1.15562
max_diff => 4.999e-08
performed mixing
Frob norm 1 after updating U: 0.0157931
200 iterations
f(b) = 0.019567
Frob norm 2 after updating B : 0.0592517
Iteration number -------- 31  -----------
lambda : 1.1614
max_diff => 4.999e-08
performed mixing
Frob norm 1 after updating U: 0.0159145
200 iterations
f(b) = 0.0249703
Frob norm 2 after updating B : 0.0483544
Iteration number -------- 32  -----------
lambda : 1.16721
max_diff => 4.999e-08
performed mixing
Frob norm 1 after updating U: 0.0158965
200 iterations
f(b) = 0.0327297
Frob norm 2 after updating B : 0.0398535
Iteration number -------- 33  -----------
lambda : 1.17304
max_diff => 4.999e-08
performed mixing
Frob norm 1 after updating U: 0.0157507
200 iterations
f(b) = 0.0163922
Frob norm 2 after updating B : 0.033506
Iteration number -------- 34  -----------
lambda : 1.17891
max_diff => 4.999e-08
performed mixing
Frob norm 1 after updating U: 0.0158716
200 iterations
f(b) = 0.0221313
Frob norm 2 after updating B : 0.0283722
Iteration number -------- 35  -----------
lambda : 1.1848
max_diff => 4.999e-08
performed mixing
Frob norm 1 after updating U: 0.0156907
200 iterations
f(b) = 0.0142734
Frob norm 2 after updating B : 0.0247693
Iteration number -------- 36  -----------
lambda : 1.19073
max_diff => 4.999e-08
performed mixing
Frob norm 1 after updating U: 0.015906
200 iterations
f(b) = 0.0157853
Frob norm 2 after updating B : 0.0217796
Iteration number -------- 37  -----------
lambda : 1.19668
max_diff => 4.999e-08
performed mixing
Frob norm 1 after updating U: 0.0157387
200 iterations
f(b) = 0.01205
Frob norm 2 after updating B : 0.0200124
Iteration number -------- 38  -----------
lambda : 1.20266
max_diff => 4.999e-08
performed mixing
Frob norm 1 after updating U: 0.0157008
200 iterations
f(b) = 0.016604
Frob norm 2 after updating B : 0.0186883
Iteration number -------- 39  -----------
lambda : 1.20868
max_diff => 4.999e-08
performed mixing
Frob norm 1 after updating U: 0.0158373
200 iterations
f(b) = 0.0191434
Frob norm 2 after updating B : 0.0175828
Iteration number -------- 40  -----------
lambda : 1.21472
max_diff => 4.999e-08
performed mixing
Frob norm 1 after updating U: 0.0157619
200 iterations
f(b) = 0.0182706
Frob norm 2 after updating B : 0.0169854
Iteration number -------- 41  -----------
lambda : 1.22079
max_diff => 4.999e-08
performed mixing
Frob norm 1 after updating U: 0.0157558
200 iterations
f(b) = 0.0372377
Frob norm 2 after updating B : 0.0164502
Iteration number -------- 42  -----------
lambda : 1.2269
max_diff => 4.999e-08
performed mixing
Frob norm 1 after updating U: 0.0156189
200 iterations
f(b) = 0.0174038
Frob norm 2 after updating B : 0.0162567
Iteration number -------- 43  -----------
lambda : 1.23303
max_diff => 4.999e-08
performed mixing
Frob norm 1 after updating U: 0.0156622
200 iterations
f(b) = 0.0171531
Frob norm 2 after updating B : 0.0161123
Iteration number -------- 44  -----------
lambda : 1.2392
max_diff => 4.999e-08
performed mixing
Frob norm 1 after updating U: 0.0157216
200 iterations
f(b) = 0.0169696
Frob norm 2 after updating B : 0.0159525
Iteration number -------- 45  -----------
lambda : 1.24539
max_diff => 4.999e-08
performed mixing
Frob norm 1 after updating U: 0.0156994
200 iterations
f(b) = 0.020811
Frob norm 2 after updating B : 0.0158816
Iteration number -------- 46  -----------
lambda : 1.25162
max_diff => 4.999e-08
performed mixing
Frob norm 1 after updating U: 0.015706
200 iterations
f(b) = 0.0139371
Frob norm 2 after updating B : 0.0158101
Iteration number -------- 47  -----------
lambda : 1.25788
max_diff => 4.999e-08
performed mixing
Frob norm 1 after updating U: 0.0156747
200 iterations
f(b) = 0.028608
Frob norm 2 after updating B : 0.0157994
Iteration number -------- 48  -----------
lambda : 1.26417
max_diff => 4.999e-08
performed mixing
Frob norm 1 after updating U: 0.0157184
200 iterations
f(b) = 0.0126916
Frob norm 2 after updating B : 0.0158682
Iteration number -------- 49  -----------
lambda : 1.27049
max_diff => 4.999e-08
performed mixing
Frob norm 1 after updating U: 0.0158059
200 iterations
f(b) = 0.0148015
Frob norm 2 after updating B : 0.0158149
Iteration number -------- 50  -----------
lambda : 1.27684
max_diff => 4.999e-08
performed mixing
Frob norm 1 after updating U: 0.0157697
200 iterations
f(b) = 0.0164455
Frob norm 2 after updating B : 0.0157069
Iteration number -------- 51  -----------
lambda : 1.28323
max_diff => 4.999e-08
performed mixing
Frob norm 1 after updating U: 0.0156825
200 iterations
f(b) = 0.0119966
Frob norm 2 after updating B : 0.0157126
Iteration number -------- 52  -----------
lambda : 1.28964
max_diff => 4.999e-08
performed mixing
Frob norm 1 after updating U: 0.015691
200 iterations
f(b) = 0.0113924
Frob norm 2 after updating B : 0.0158856
Iteration number -------- 53  -----------
lambda : 1.29609
max_diff => 4.999e-08
performed mixing
Frob norm 1 after updating U: 0.0158673
200 iterations
f(b) = 0.013467
Frob norm 2 after updating B : 0.0157139
Iteration number -------- 54  -----------
lambda : 1.30257
max_diff => 4.999e-08
performed mixing
Frob norm 1 after updating U: 0.0156963
200 iterations
f(b) = 0.0210041
Frob norm 2 after updating B : 0.0156476
Iteration number -------- 55  -----------
lambda : 1.30908
max_diff => 4.999e-08
performed mixing
Frob norm 1 after updating U: 0.0156379
200 iterations
f(b) = 0.0134648
Frob norm 2 after updating B : 0.0159305
Iteration number -------- 56  -----------
lambda : 1.31563
max_diff => 4.999e-08
performed mixing
Frob norm 1 after updating U: 0.0159069
200 iterations
f(b) = 0.0178568
Frob norm 2 after updating B : 0.0157589
Iteration number -------- 57  -----------
lambda : 1.32221
max_diff => 4.999e-08
performed mixing
Frob norm 1 after updating U: 0.0157506
200 iterations
f(b) = 0.0153524
Frob norm 2 after updating B : 0.0155774
Iteration number -------- 58  -----------
lambda : 1.32882
max_diff => 4.999e-08
performed mixing
Frob norm 1 after updating U: 0.015569
200 iterations
f(b) = 0.0184848
Frob norm 2 after updating B : 0.0159259
Iteration number -------- 59  -----------
lambda : 1.33546
max_diff => 4.999e-08
performed mixing
Frob norm 1 after updating U: 0.0159127
200 iterations
f(b) = 0.0138863
Frob norm 2 after updating B : 0.0157543
Iteration number -------- 60  -----------
lambda : 1.34214
max_diff => 4.999e-08
performed mixing
Frob norm 1 after updating U: 0.0157502
200 iterations
f(b) = 0.021608
Frob norm 2 after updating B : 0.0157019
Iteration number -------- 61  -----------
lambda : 1.34885
max_diff => 4.999e-08
performed mixing
Frob norm 1 after updating U: 0.0157039
200 iterations
f(b) = 0.0154125
Frob norm 2 after updating B : 0.0158811
Iteration number -------- 62  -----------
lambda : 1.35559
max_diff => 4.999e-08
performed mixing
Frob norm 1 after updating U: 0.0158756
200 iterations
f(b) = 0.0165016
Frob norm 2 after updating B : 0.0158316
Iteration number -------- 63  -----------
lambda : 1.36237
max_diff => 4.999e-08
performed mixing
Frob norm 1 after updating U: 0.0158362
200 iterations
f(b) = 0.0155505
Frob norm 2 after updating B : 0.015657
Iteration number -------- 64  -----------
lambda : 1.36918
max_diff => 4.999e-08
performed mixing
Frob norm 1 after updating U: 0.0156426
200 iterations
f(b) = 0.0194169
Frob norm 2 after updating B : 0.0157599
Iteration number -------- 65  -----------
lambda : 1.37603
max_diff => 4.999e-08
performed mixing
Frob norm 1 after updating U: 0.0157577
200 iterations
f(b) = 0.0165462
Frob norm 2 after updating B : 0.0157534
Iteration number -------- 66  -----------
lambda : 1.38291
max_diff => 4.999e-08
performed mixing
Frob norm 1 after updating U: 0.0157462
200 iterations
f(b) = 0.014332
Frob norm 2 after updating B : 0.0157559
Iteration number -------- 67  -----------
lambda : 1.38982
max_diff => 4.999e-08
performed mixing
Frob norm 1 after updating U: 0.0157387
200 iterations
f(b) = 0.0162311
Frob norm 2 after updating B : 0.0157463
Iteration number -------- 68  -----------
lambda : 1.39677
max_diff => 4.999e-08
performed mixing
Frob norm 1 after updating U: 0.0157516
200 iterations
f(b) = 0.0266292
Frob norm 2 after updating B : 0.0158728
Iteration number -------- 69  -----------
lambda : 1.40376
max_diff => 4.999e-08
performed mixing
Frob norm 1 after updating U: 0.0158692
200 iterations
f(b) = 0.017205
Frob norm 2 after updating B : 0.0158852
Iteration number -------- 70  -----------
lambda : 1.41078
max_diff => 4.999e-08
performed mixing
Frob norm 1 after updating U: 0.015878
200 iterations
f(b) = 0.0166114
Frob norm 2 after updating B : 0.0157124
Iteration number -------- 71  -----------
lambda : 1.41783
max_diff => 4.999e-08
performed mixing
Frob norm 1 after updating U: 0.0157125
200 iterations
f(b) = 0.0242593
Frob norm 2 after updating B : 0.0156105
Iteration number -------- 72  -----------
lambda : 1.42492
max_diff => 4.999e-08
performed mixing
Frob norm 1 after updating U: 0.0156122
200 iterations
f(b) = 0.0229215
Frob norm 2 after updating B : 0.0158017
Iteration number -------- 73  -----------
lambda : 1.43204
max_diff => 4.999e-08
performed mixing
Frob norm 1 after updating U: 0.0157919
200 iterations
f(b) = 0.0168352
Frob norm 2 after updating B : 0.0158394
Iteration number -------- 74  -----------
lambda : 1.4392
max_diff => 4.999e-08
performed mixing
Frob norm 1 after updating U: 0.0158412
200 iterations
f(b) = 0.0165657
Frob norm 2 after updating B : 0.0157925
Iteration number -------- 75  -----------
lambda : 1.4464
max_diff => 4.999e-08
performed mixing
Frob norm 1 after updating U: 0.0157882
200 iterations
f(b) = 0.0212725
Frob norm 2 after updating B : 0.0157587
Iteration number -------- 76  -----------
lambda : 1.45363
max_diff => 4.999e-08
performed mixing
Frob norm 1 after updating U: 0.0157526
200 iterations
f(b) = 0.021868
Frob norm 2 after updating B : 0.015886
Iteration number -------- 77  -----------
lambda : 1.4609
max_diff => 4.999e-08
performed mixing
Frob norm 1 after updating U: 0.0158865
200 iterations
f(b) = 0.0252322
Frob norm 2 after updating B : 0.0156146
Iteration number -------- 78  -----------
lambda : 1.46821
max_diff => 4.999e-08
performed mixing
Frob norm 1 after updating U: 0.0156086
200 iterations
f(b) = 0.0156348
Frob norm 2 after updating B : 0.0156808
Iteration number -------- 79  -----------
lambda : 1.47555
max_diff => 4.999e-08
performed mixing
Frob norm 1 after updating U: 0.01568
200 iterations
f(b) = 0.0151277
Frob norm 2 after updating B : 0.0157692
Iteration number -------- 80  -----------
lambda : 1.48292
max_diff => 4.999e-08
performed mixing
Frob norm 1 after updating U: 0.0157607
200 iterations
f(b) = 0.025729
Frob norm 2 after updating B : 0.0157823
Iteration number -------- 81  -----------
lambda : 1.49034
max_diff => 4.999e-08
performed mixing
Frob norm 1 after updating U: 0.015773
200 iterations
f(b) = 0.0187324
Frob norm 2 after updating B : 0.0157881
Iteration number -------- 82  -----------
lambda : 1.49779
max_diff => 4.999e-08
performed mixing
Frob norm 1 after updating U: 0.0157825
200 iterations
f(b) = 0.02346
Frob norm 2 after updating B : 0.01584
Iteration number -------- 83  -----------
lambda : 1.50528
max_diff => 4.999e-08
performed mixing
Frob norm 1 after updating U: 0.0158339
200 iterations
f(b) = 0.020286
Frob norm 2 after updating B : 0.0155776
Iteration number -------- 84  -----------
lambda : 1.51281
max_diff => 4.999e-08
performed mixing
Frob norm 1 after updating U: 0.0155887
200 iterations
f(b) = 0.0143958
Frob norm 2 after updating B : 0.0157339
Iteration number -------- 85  -----------
lambda : 1.52037
max_diff => 4.999e-08
performed mixing
Frob norm 1 after updating U: 0.015742
200 iterations
f(b) = 0.0211601
Frob norm 2 after updating B : 0.0158264
Iteration number -------- 86  -----------
lambda : 1.52797
max_diff => 4.999e-08
performed mixing
Frob norm 1 after updating U: 0.0158194
200 iterations
f(b) = 0.0181504
Frob norm 2 after updating B : 0.0158701
Iteration number -------- 87  -----------
lambda : 1.53561
max_diff => 4.999e-08
performed mixing
Frob norm 1 after updating U: 0.0158649
200 iterations
f(b) = 0.0171428
Frob norm 2 after updating B : 0.0156332
Iteration number -------- 88  -----------
lambda : 1.54329
max_diff => 4.999e-08
performed mixing
Frob norm 1 after updating U: 0.0156244
200 iterations
f(b) = 0.0209247
Frob norm 2 after updating B : 0.0157069
Iteration number -------- 89  -----------
lambda : 1.55101
max_diff => 4.999e-08
performed mixing
Frob norm 1 after updating U: 0.0157003
200 iterations
f(b) = 0.0278881
Frob norm 2 after updating B : 0.0155671
Iteration number -------- 90  -----------
lambda : 1.55876
max_diff => 4.999e-08
performed mixing
Frob norm 1 after updating U: 0.0155669
200 iterations
f(b) = 0.0250187
Frob norm 2 after updating B : 0.0157537
Iteration number -------- 91  -----------
lambda : 1.56655
max_diff => 4.999e-08
performed mixing
Frob norm 1 after updating U: 0.015741
200 iterations
f(b) = 0.0236654
Frob norm 2 after updating B : 0.0156408
Iteration number -------- 92  -----------
lambda : 1.57439
max_diff => 4.999e-08
performed mixing
Frob norm 1 after updating U: 0.0156454
200 iterations
f(b) = 0.0190054
Frob norm 2 after updating B : 0.015857
Iteration number -------- 93  -----------
lambda : 1.58226
max_diff => 4.999e-08
performed mixing
Frob norm 1 after updating U: 0.0158412
200 iterations
f(b) = 0.0203374
Frob norm 2 after updating B : 0.0158226
Iteration number -------- 94  -----------
lambda : 1.59017
max_diff => 4.999e-08
performed mixing
Frob norm 1 after updating U: 0.0158165
200 iterations
f(b) = 0.0169638
Frob norm 2 after updating B : 0.0157313
Iteration number -------- 95  -----------
lambda : 1.59812
max_diff => 4.999e-08
performed mixing
Frob norm 1 after updating U: 0.0157172
200 iterations
f(b) = 0.0272126
Frob norm 2 after updating B : 0.0158527
Iteration number -------- 96  -----------
lambda : 1.60611
max_diff => 4.999e-08
performed mixing
Frob norm 1 after updating U: 0.0158475
200 iterations
f(b) = 0.017486
Frob norm 2 after updating B : 0.0156937
Iteration number -------- 97  -----------
lambda : 1.61414
max_diff => 4.999e-08
performed mixing
Frob norm 1 after updating U: 0.0156914
200 iterations
f(b) = 0.0180862
Frob norm 2 after updating B : 0.0157316
Iteration number -------- 98  -----------
lambda : 1.62221
max_diff => 4.999e-08
performed mixing
Frob norm 1 after updating U: 0.0157356
200 iterations
f(b) = 0.0213519
Frob norm 2 after updating B : 0.0158677
Iteration number -------- 99  -----------
lambda : 1.63032
max_diff => 4.999e-08
performed mixing
Frob norm 1 after updating U: 0.0158676
200 iterations
f(b) = 0.0247451
Frob norm 2 after updating B : 0.0156886
Iteration number -------- 100  -----------
lambda : 1.63848
max_diff => 4.999e-08
