Academic license - for non-commercial use only
Frob norm 1 after updating U: 10.9403
200 iterations
f(b) = 73.7817
Frob norm 2 after updating B : 7.733
Iteration number -------- 1  -----------
lambda : 1
max_diff => 0.240688
performed mixing
Frob norm 1 after updating U: 6.73415
200 iterations
f(b) = 64.9056
Frob norm 2 after updating B : 7.25161
Iteration number -------- 2  -----------
lambda : 1.005
max_diff => 0.167361
performed mixing
Frob norm 1 after updating U: 6.02221
200 iterations
f(b) = 57.3418
Frob norm 2 after updating B : 6.76637
Iteration number -------- 3  -----------
lambda : 1.01002
max_diff => 0.157893
performed mixing
Frob norm 1 after updating U: 5.66349
200 iterations
f(b) = 51.8878
Frob norm 2 after updating B : 6.39236
Iteration number -------- 4  -----------
lambda : 1.01508
max_diff => 0.137467
performed mixing
Frob norm 1 after updating U: 5.39089
200 iterations
f(b) = 45.8177
Frob norm 2 after updating B : 5.99248
Iteration number -------- 5  -----------
lambda : 1.02015
max_diff => 0.11785
performed mixing
Frob norm 1 after updating U: 4.8789
200 iterations
f(b) = 40.7742
Frob norm 2 after updating B : 5.69376
Iteration number -------- 6  -----------
lambda : 1.02525
max_diff => 0.11399
performed mixing
Frob norm 1 after updating U: 4.58011
200 iterations
f(b) = 35.9972
Frob norm 2 after updating B : 5.36554
Iteration number -------- 7  -----------
lambda : 1.03038
max_diff => 0.0854793
performed mixing
Frob norm 1 after updating U: 4.31934
200 iterations
f(b) = 31.1747
Frob norm 2 after updating B : 5.05229
Iteration number -------- 8  -----------
lambda : 1.03553
max_diff => 0.0692577
performed mixing
Frob norm 1 after updating U: 4.08197
200 iterations
f(b) = 27.536
Frob norm 2 after updating B : 4.75328
Iteration number -------- 9  -----------
lambda : 1.04071
max_diff => 0.0625244
performed mixing
Frob norm 1 after updating U: 4.00286
200 iterations
f(b) = 24.9557
Frob norm 2 after updating B : 4.54692
Iteration number -------- 10  -----------
lambda : 1.04591
max_diff => 0.0624573
performed mixing
Frob norm 1 after updating U: 3.9413
200 iterations
f(b) = 22.9972
Frob norm 2 after updating B : 4.36985
Iteration number -------- 11  -----------
lambda : 1.05114
max_diff => 0.062356
performed mixing
Frob norm 1 after updating U: 3.92223
200 iterations
f(b) = 21.6353
Frob norm 2 after updating B : 4.22448
Iteration number -------- 12  -----------
lambda : 1.0564
max_diff => 0.0623122
performed mixing
Frob norm 1 after updating U: 3.91022
200 iterations
f(b) = 20.5407
Frob norm 2 after updating B : 4.13346
Iteration number -------- 13  -----------
lambda : 1.06168
max_diff => 0.0618218
performed mixing
Frob norm 1 after updating U: 3.87738
200 iterations
f(b) = 19.7623
Frob norm 2 after updating B : 4.048
Iteration number -------- 14  -----------
lambda : 1.06699
max_diff => 0.0616839
performed mixing
Frob norm 1 after updating U: 3.86613
200 iterations
f(b) = 19.2717
Frob norm 2 after updating B : 3.98334
Iteration number -------- 15  -----------
lambda : 1.07232
max_diff => 0.061656
performed mixing
Frob norm 1 after updating U: 3.86368
200 iterations
f(b) = 18.7567
Frob norm 2 after updating B : 3.92513
Iteration number -------- 16  -----------
lambda : 1.07768
max_diff => 0.0613211
performed mixing
Frob norm 1 after updating U: 3.82159
200 iterations
f(b) = 17.5613
Frob norm 2 after updating B : 3.77236
Iteration number -------- 17  -----------
lambda : 1.08307
max_diff => 0.0613635
performed mixing
Frob norm 1 after updating U: 3.50801
200 iterations
f(b) = 16.5465
Frob norm 2 after updating B : 3.67638
Iteration number -------- 18  -----------
lambda : 1.08849
max_diff => 0.061365
performed mixing
Frob norm 1 after updating U: 3.5062
200 iterations
f(b) = 16.1097
Frob norm 2 after updating B : 3.61099
Iteration number -------- 19  -----------
lambda : 1.09393
max_diff => 0.061386
performed mixing
Frob norm 1 after updating U: 3.49755
200 iterations
f(b) = 15.826
Frob norm 2 after updating B : 3.56873
Iteration number -------- 20  -----------
lambda : 1.0994
max_diff => 0.0614311
performed mixing
Frob norm 1 after updating U: 3.49368
200 iterations
f(b) = 12.2263
Frob norm 2 after updating B : 3.07969
Iteration number -------- 21  -----------
lambda : 1.1049
max_diff => 0.100187
performed mixing
Frob norm 1 after updating U: 2.13813
200 iterations
f(b) = 8.7307
Frob norm 2 after updating B : 2.56143
Iteration number -------- 22  -----------
lambda : 1.11042
max_diff => 0.0892765
performed mixing
Frob norm 1 after updating U: 1.24482
200 iterations
f(b) = 4.96444
Frob norm 2 after updating B : 2.13327
Iteration number -------- 23  -----------
lambda : 1.11597
max_diff => 0.00297444
performed mixing
Frob norm 1 after updating U: 0.19935
200 iterations
f(b) = 3.33799
Frob norm 2 after updating B : 1.718
Iteration number -------- 24  -----------
lambda : 1.12155
max_diff => 0.00265823
performed mixing
Frob norm 1 after updating U: 0.183814
200 iterations
f(b) = 2.14788
Frob norm 2 after updating B : 1.42446
Iteration number -------- 25  -----------
lambda : 1.12716
max_diff => 0.000220944
performed mixing
Frob norm 1 after updating U: 0.0443863
200 iterations
f(b) = 1.43774
Frob norm 2 after updating B : 1.14652
Iteration number -------- 26  -----------
lambda : 1.1328
max_diff => 9.7934e-05
performed mixing
Frob norm 1 after updating U: 0.0295342
200 iterations
f(b) = 0.942061
Frob norm 2 after updating B : 0.925134
Iteration number -------- 27  -----------
lambda : 1.13846
max_diff => 1.41775e-06
performed mixing
Frob norm 1 after updating U: 0.012974
200 iterations
f(b) = 0.642014
Frob norm 2 after updating B : 0.740927
Iteration number -------- 28  -----------
lambda : 1.14415
max_diff => 1.15596e-07
performed mixing
Frob norm 1 after updating U: 0.0127355
200 iterations
f(b) = 0.446398
Frob norm 2 after updating B : 0.592998
Iteration number -------- 29  -----------
lambda : 1.14987
max_diff => 1.00261e-07
performed mixing
Frob norm 1 after updating U: 0.0127344
200 iterations
f(b) = 0.322135
Frob norm 2 after updating B : 0.474599
Iteration number -------- 30  -----------
lambda : 1.15562
max_diff => 1.03874e-07
performed mixing
Frob norm 1 after updating U: 0.012719
200 iterations
f(b) = 0.238225
Frob norm 2 after updating B : 0.379984
Iteration number -------- 31  -----------
lambda : 1.1614
max_diff => 9.998e-08
performed mixing
Frob norm 1 after updating U: 0.0127379
200 iterations
f(b) = 0.185655
Frob norm 2 after updating B : 0.304279
Iteration number -------- 32  -----------
lambda : 1.16721
max_diff => 9.998e-08
performed mixing
Frob norm 1 after updating U: 0.0127337
200 iterations
f(b) = 0.156408
Frob norm 2 after updating B : 0.243673
Iteration number -------- 33  -----------
lambda : 1.17304
max_diff => 9.998e-08
performed mixing
Frob norm 1 after updating U: 0.0126897
200 iterations
f(b) = 0.116602
Frob norm 2 after updating B : 0.195303
Iteration number -------- 34  -----------
lambda : 1.17891
max_diff => 9.998e-08
performed mixing
Frob norm 1 after updating U: 0.012696
200 iterations
f(b) = 0.0699452
Frob norm 2 after updating B : 0.156506
Iteration number -------- 35  -----------
lambda : 1.1848
max_diff => 9.998e-08
performed mixing
Frob norm 1 after updating U: 0.0126987
200 iterations
f(b) = 0.100044
Frob norm 2 after updating B : 0.125655
Iteration number -------- 36  -----------
lambda : 1.19073
max_diff => 9.998e-08
performed mixing
Frob norm 1 after updating U: 0.0126766
200 iterations
f(b) = 0.0541126
Frob norm 2 after updating B : 0.100942
Iteration number -------- 37  -----------
lambda : 1.19668
max_diff => 9.998e-08
performed mixing
Frob norm 1 after updating U: 0.0126915
200 iterations
f(b) = 0.0682849
Frob norm 2 after updating B : 0.0813554
Iteration number -------- 38  -----------
lambda : 1.20266
max_diff => 9.998e-08
performed mixing
Frob norm 1 after updating U: 0.0126377
200 iterations
f(b) = 0.0539676
Frob norm 2 after updating B : 0.06569
Iteration number -------- 39  -----------
lambda : 1.20868
max_diff => 9.998e-08
performed mixing
Frob norm 1 after updating U: 0.0127183
200 iterations
f(b) = 0.0465484
Frob norm 2 after updating B : 0.0532956
Iteration number -------- 40  -----------
lambda : 1.21472
max_diff => 9.998e-08
performed mixing
Frob norm 1 after updating U: 0.0127031
200 iterations
f(b) = 0.0516886
Frob norm 2 after updating B : 0.0434486
Iteration number -------- 41  -----------
lambda : 1.22079
max_diff => 9.998e-08
performed mixing
Frob norm 1 after updating U: 0.0126392
200 iterations
f(b) = 0.0433856
Frob norm 2 after updating B : 0.0356794
Iteration number -------- 42  -----------
lambda : 1.2269
max_diff => 9.998e-08
performed mixing
Frob norm 1 after updating U: 0.0126908
200 iterations
f(b) = 0.0407579
Frob norm 2 after updating B : 0.0296705
Iteration number -------- 43  -----------
lambda : 1.23303
max_diff => 9.998e-08
performed mixing
Frob norm 1 after updating U: 0.0127072
200 iterations
f(b) = 0.0407901
Frob norm 2 after updating B : 0.0250909
Iteration number -------- 44  -----------
lambda : 1.2392
max_diff => 9.998e-08
performed mixing
Frob norm 1 after updating U: 0.0126727
200 iterations
f(b) = 0.0451792
Frob norm 2 after updating B : 0.0215753
Iteration number -------- 45  -----------
lambda : 1.24539
max_diff => 9.998e-08
performed mixing
Frob norm 1 after updating U: 0.0126428
200 iterations
f(b) = 0.0371359
Frob norm 2 after updating B : 0.0189719
Iteration number -------- 46  -----------
lambda : 1.25162
max_diff => 9.998e-08
performed mixing
Frob norm 1 after updating U: 0.0126774
200 iterations
f(b) = 0.0411906
Frob norm 2 after updating B : 0.017126
Iteration number -------- 47  -----------
lambda : 1.25788
max_diff => 9.998e-08
performed mixing
Frob norm 1 after updating U: 0.0127142
200 iterations
f(b) = 0.0468322
Frob norm 2 after updating B : 0.0156743
Iteration number -------- 48  -----------
lambda : 1.26417
max_diff => 9.998e-08
performed mixing
Frob norm 1 after updating U: 0.0126301
200 iterations
f(b) = 0.0434757
Frob norm 2 after updating B : 0.0147599
Iteration number -------- 49  -----------
lambda : 1.27049
max_diff => 9.998e-08
performed mixing
Frob norm 1 after updating U: 0.0126745
200 iterations
f(b) = 0.0410867
Frob norm 2 after updating B : 0.0141517
Iteration number -------- 50  -----------
lambda : 1.27684
max_diff => 9.998e-08
performed mixing
Frob norm 1 after updating U: 0.012681
200 iterations
f(b) = 0.0425316
Frob norm 2 after updating B : 0.0136887
Iteration number -------- 51  -----------
lambda : 1.28323
max_diff => 9.998e-08
performed mixing
Frob norm 1 after updating U: 0.0126903
200 iterations
f(b) = 0.0409258
Frob norm 2 after updating B : 0.0134293
Iteration number -------- 52  -----------
lambda : 1.28964
max_diff => 9.998e-08
performed mixing
Frob norm 1 after updating U: 0.0127245
200 iterations
f(b) = 0.0398446
Frob norm 2 after updating B : 0.0131464
Iteration number -------- 53  -----------
lambda : 1.29609
max_diff => 9.998e-08
performed mixing
Frob norm 1 after updating U: 0.0126899
200 iterations
f(b) = 0.048747
Frob norm 2 after updating B : 0.0129917
Iteration number -------- 54  -----------
lambda : 1.30257
max_diff => 9.998e-08
performed mixing
Frob norm 1 after updating U: 0.0126687
200 iterations
f(b) = 0.0430478
Frob norm 2 after updating B : 0.0128927
Iteration number -------- 55  -----------
lambda : 1.30908
max_diff => 9.998e-08
performed mixing
Frob norm 1 after updating U: 0.0126598
200 iterations
f(b) = 0.0466774
Frob norm 2 after updating B : 0.0128006
Iteration number -------- 56  -----------
lambda : 1.31563
max_diff => 9.998e-08
performed mixing
Frob norm 1 after updating U: 0.0126291
200 iterations
f(b) = 0.0450511
Frob norm 2 after updating B : 0.0127619
Iteration number -------- 57  -----------
lambda : 1.32221
max_diff => 9.998e-08
performed mixing
Frob norm 1 after updating U: 0.0126557
200 iterations
f(b) = 0.0378986
Frob norm 2 after updating B : 0.0128216
Iteration number -------- 58  -----------
lambda : 1.32882
max_diff => 9.998e-08
performed mixing
Frob norm 1 after updating U: 0.0127188
200 iterations
f(b) = 0.0412618
Frob norm 2 after updating B : 0.0127993
Iteration number -------- 59  -----------
lambda : 1.33546
max_diff => 9.998e-08
performed mixing
Frob norm 1 after updating U: 0.0127176
200 iterations
f(b) = 0.0429073
Frob norm 2 after updating B : 0.0127206
Iteration number -------- 60  -----------
lambda : 1.34214
max_diff => 9.998e-08
performed mixing
Frob norm 1 after updating U: 0.012668
200 iterations
f(b) = 0.0496049
Frob norm 2 after updating B : 0.0126862
Iteration number -------- 61  -----------
lambda : 1.34885
max_diff => 9.998e-08
performed mixing
Frob norm 1 after updating U: 0.0126485
200 iterations
f(b) = 0.0435367
Frob norm 2 after updating B : 0.0126578
Iteration number -------- 62  -----------
lambda : 1.35559
max_diff => 9.998e-08
performed mixing
Frob norm 1 after updating U: 0.0126365
200 iterations
f(b) = 0.0500143
Frob norm 2 after updating B : 0.0126438
Iteration number -------- 63  -----------
lambda : 1.36237
max_diff => 9.998e-08
performed mixing
Frob norm 1 after updating U: 0.0126292
200 iterations
f(b) = 0.0441193
Frob norm 2 after updating B : 0.0126515
Iteration number -------- 64  -----------
lambda : 1.36918
max_diff => 9.998e-08
performed mixing
Frob norm 1 after updating U: 0.0126343
200 iterations
f(b) = 0.0437181
Frob norm 2 after updating B : 0.0127809
Iteration number -------- 65  -----------
lambda : 1.37603
max_diff => 9.998e-08
performed mixing
Frob norm 1 after updating U: 0.0127357
200 iterations
f(b) = 0.0474455
Frob norm 2 after updating B : 0.0126799
Iteration number -------- 66  -----------
lambda : 1.38291
max_diff => 9.998e-08
performed mixing
Frob norm 1 after updating U: 0.0126703
200 iterations
f(b) = 0.0424532
Frob norm 2 after updating B : 0.0126997
Iteration number -------- 67  -----------
lambda : 1.38982
max_diff => 9.998e-08
performed mixing
Frob norm 1 after updating U: 0.0126876
200 iterations
f(b) = 0.0422379
Frob norm 2 after updating B : 0.0127086
Iteration number -------- 68  -----------
lambda : 1.39677
max_diff => 9.998e-08
performed mixing
Frob norm 1 after updating U: 0.0126914
200 iterations
f(b) = 0.0479891
Frob norm 2 after updating B : 0.0126502
Iteration number -------- 69  -----------
lambda : 1.40376
max_diff => 9.998e-08
performed mixing
Frob norm 1 after updating U: 0.0126514
200 iterations
f(b) = 0.0429477
Frob norm 2 after updating B : 0.0126882
Iteration number -------- 70  -----------
lambda : 1.41078
max_diff => 9.998e-08
performed mixing
Frob norm 1 after updating U: 0.0126713
200 iterations
f(b) = 0.0473722
Frob norm 2 after updating B : 0.0126788
Iteration number -------- 71  -----------
lambda : 1.41783
max_diff => 9.998e-08
performed mixing
Frob norm 1 after updating U: 0.012674
200 iterations
f(b) = 0.0479531
Frob norm 2 after updating B : 0.0126576
Iteration number -------- 72  -----------
lambda : 1.42492
max_diff => 9.998e-08
performed mixing
Frob norm 1 after updating U: 0.0126574
200 iterations
f(b) = 0.0468608
Frob norm 2 after updating B : 0.0126899
Iteration number -------- 73  -----------
lambda : 1.43204
max_diff => 9.998e-08
performed mixing
Frob norm 1 after updating U: 0.0126826
200 iterations
f(b) = 0.0522454
Frob norm 2 after updating B : 0.0125379
Iteration number -------- 74  -----------
lambda : 1.4392
max_diff => 9.99821e-08
performed mixing
Frob norm 1 after updating U: 0.0125653
200 iterations
f(b) = 0.0276539
Frob norm 2 after updating B : 0.0126784
Iteration number -------- 75  -----------
lambda : 1.4464
max_diff => 9.998e-08
performed mixing
Frob norm 1 after updating U: 0.0126595
200 iterations
f(b) = 0.0537438
Frob norm 2 after updating B : 0.0126132
Iteration number -------- 76  -----------
lambda : 1.45363
max_diff => 9.998e-08
performed mixing
Frob norm 1 after updating U: 0.0126306
200 iterations
f(b) = 0.0462871
Frob norm 2 after updating B : 0.0126906
Iteration number -------- 77  -----------
lambda : 1.4609
max_diff => 9.998e-08
performed mixing
Frob norm 1 after updating U: 0.0126721
200 iterations
f(b) = 0.0464282
Frob norm 2 after updating B : 0.0126206
Iteration number -------- 78  -----------
lambda : 1.46821
max_diff => 9.998e-08
performed mixing
Frob norm 1 after updating U: 0.0126324
200 iterations
f(b) = 0.0482488
Frob norm 2 after updating B : 0.0126899
Iteration number -------- 79  -----------
lambda : 1.47555
max_diff => 9.998e-08
performed mixing
Frob norm 1 after updating U: 0.012683
200 iterations
f(b) = 0.0436908
Frob norm 2 after updating B : 0.0127132
Iteration number -------- 80  -----------
lambda : 1.48292
max_diff => 9.998e-08
performed mixing
Frob norm 1 after updating U: 0.0126944
200 iterations
f(b) = 0.0492621
Frob norm 2 after updating B : 0.0126955
Iteration number -------- 81  -----------
lambda : 1.49034
max_diff => 9.998e-08
performed mixing
Frob norm 1 after updating U: 0.0126792
200 iterations
f(b) = 0.0578085
Frob norm 2 after updating B : 0.0126073
Iteration number -------- 82  -----------
lambda : 1.49779
max_diff => 9.998e-08
performed mixing
Frob norm 1 after updating U: 0.0126206
200 iterations
f(b) = 0.0511097
Frob norm 2 after updating B : 0.0126496
Iteration number -------- 83  -----------
lambda : 1.50528
max_diff => 9.998e-08
performed mixing
Frob norm 1 after updating U: 0.0126572
200 iterations
f(b) = 0.0504898
Frob norm 2 after updating B : 0.0125976
Iteration number -------- 84  -----------
lambda : 1.51281
max_diff => 9.998e-08
performed mixing
Frob norm 1 after updating U: 0.0126101
200 iterations
f(b) = 0.0498004
Frob norm 2 after updating B : 0.0126631
Iteration number -------- 85  -----------
lambda : 1.52037
max_diff => 9.998e-08
performed mixing
Frob norm 1 after updating U: 0.0126607
200 iterations
f(b) = 0.050837
Frob norm 2 after updating B : 0.0126974
Iteration number -------- 86  -----------
lambda : 1.52797
max_diff => 9.998e-08
performed mixing
Frob norm 1 after updating U: 0.0126819
200 iterations
f(b) = 0.0463895
Frob norm 2 after updating B : 0.0125932
Iteration number -------- 87  -----------
lambda : 1.53561
max_diff => 9.998e-08
performed mixing
Frob norm 1 after updating U: 0.0126058
200 iterations
f(b) = 0.0470971
Frob norm 2 after updating B : 0.0126631
Iteration number -------- 88  -----------
lambda : 1.54329
max_diff => 9.998e-08
performed mixing
Frob norm 1 after updating U: 0.0126486
200 iterations
f(b) = 0.0551393
Frob norm 2 after updating B : 0.012623
Iteration number -------- 89  -----------
lambda : 1.55101
max_diff => 9.998e-08
performed mixing
Frob norm 1 after updating U: 0.0126274
200 iterations
f(b) = 0.044151
Frob norm 2 after updating B : 0.0126747
Iteration number -------- 90  -----------
lambda : 1.55876
max_diff => 9.998e-08
performed mixing
Frob norm 1 after updating U: 0.0126647
200 iterations
f(b) = 0.0481309
Frob norm 2 after updating B : 0.0127225
Iteration number -------- 91  -----------
lambda : 1.56655
max_diff => 9.998e-08
performed mixing
Frob norm 1 after updating U: 0.0127121
200 iterations
f(b) = 0.0529898
Frob norm 2 after updating B : 0.0127208
Iteration number -------- 92  -----------
lambda : 1.57439
max_diff => 9.998e-08
performed mixing
Frob norm 1 after updating U: 0.012703
200 iterations
f(b) = 0.0497712
Frob norm 2 after updating B : 0.012715
Iteration number -------- 93  -----------
lambda : 1.58226
max_diff => 9.998e-08
performed mixing
Frob norm 1 after updating U: 0.0127049
200 iterations
f(b) = 0.0522644
Frob norm 2 after updating B : 0.0126758
Iteration number -------- 94  -----------
lambda : 1.59017
max_diff => 9.998e-08
performed mixing
Frob norm 1 after updating U: 0.0126732
200 iterations
f(b) = 0.0452613
Frob norm 2 after updating B : 0.0127431
Iteration number -------- 95  -----------
lambda : 1.59812
max_diff => 9.998e-08
performed mixing
Frob norm 1 after updating U: 0.012721
200 iterations
f(b) = 0.0574245
Frob norm 2 after updating B : 0.0126495
Iteration number -------- 96  -----------
lambda : 1.60611
max_diff => 9.998e-08
performed mixing
Frob norm 1 after updating U: 0.0126572
200 iterations
f(b) = 0.0478172
Frob norm 2 after updating B : 0.01266
Iteration number -------- 97  -----------
lambda : 1.61414
max_diff => 9.998e-08
performed mixing
Frob norm 1 after updating U: 0.0126725
200 iterations
f(b) = 0.0527656
Frob norm 2 after updating B : 0.0126299
Iteration number -------- 98  -----------
lambda : 1.62221
max_diff => 9.998e-08
performed mixing
Frob norm 1 after updating U: 0.0126425
200 iterations
f(b) = 0.0439109
Frob norm 2 after updating B : 0.0127883
Iteration number -------- 99  -----------
lambda : 1.63032
max_diff => 9.998e-08
performed mixing
Frob norm 1 after updating U: 0.0127476
200 iterations
f(b) = 0.048772
Frob norm 2 after updating B : 0.0127235
Iteration number -------- 100  -----------
lambda : 1.63848
max_diff => 9.998e-08
