Academic license - for non-commercial use only
Frob norm 1 after updating U: 12.6923
200 iterations
f(b) = 60.4661
Frob norm 2 after updating B : 7.24177
Iteration number -------- 1  -----------
lambda : 1
max_diff => 0.123285
performed mixing
Frob norm 1 after updating U: 6.20396
200 iterations
f(b) = 54.8011
Frob norm 2 after updating B : 6.89645
Iteration number -------- 2  -----------
lambda : 1.005
max_diff => 0.119028
performed mixing
Frob norm 1 after updating U: 5.94728
200 iterations
f(b) = 47.6907
Frob norm 2 after updating B : 6.40491
Iteration number -------- 3  -----------
lambda : 1.01002
max_diff => 0.113815
performed mixing
Frob norm 1 after updating U: 4.95488
200 iterations
f(b) = 39.7941
Frob norm 2 after updating B : 5.81465
Iteration number -------- 4  -----------
lambda : 1.01508
max_diff => 0.102785
performed mixing
Frob norm 1 after updating U: 4.42327
200 iterations
f(b) = 34.3861
Frob norm 2 after updating B : 5.38951
Iteration number -------- 5  -----------
lambda : 1.02015
max_diff => 0.0953551
performed mixing
Frob norm 1 after updating U: 4.25496
200 iterations
f(b) = 30.2842
Frob norm 2 after updating B : 5.03558
Iteration number -------- 6  -----------
lambda : 1.02525
max_diff => 0.0860107
performed mixing
Frob norm 1 after updating U: 4.10981
200 iterations
f(b) = 27.2853
Frob norm 2 after updating B : 4.74567
Iteration number -------- 7  -----------
lambda : 1.03038
max_diff => 0.0797016
performed mixing
Frob norm 1 after updating U: 4.03484
200 iterations
f(b) = 25.0987
Frob norm 2 after updating B : 4.53008
Iteration number -------- 8  -----------
lambda : 1.03553
max_diff => 0.0735363
performed mixing
Frob norm 1 after updating U: 3.96941
200 iterations
f(b) = 23.4128
Frob norm 2 after updating B : 4.36226
Iteration number -------- 9  -----------
lambda : 1.04071
max_diff => 0.0683876
performed mixing
Frob norm 1 after updating U: 3.92313
200 iterations
f(b) = 20.0629
Frob norm 2 after updating B : 4.01497
Iteration number -------- 10  -----------
lambda : 1.04591
max_diff => 0.0610933
performed mixing
Frob norm 1 after updating U: 3.30842
200 iterations
f(b) = 16.1817
Frob norm 2 after updating B : 3.54022
Iteration number -------- 11  -----------
lambda : 1.05114
max_diff => 0.0545363
performed mixing
Frob norm 1 after updating U: 2.37294
200 iterations
f(b) = 13.4001
Frob norm 2 after updating B : 3.19433
Iteration number -------- 12  -----------
lambda : 1.0564
max_diff => 0.0475014
performed mixing
Frob norm 1 after updating U: 2.19499
200 iterations
f(b) = 10.507
Frob norm 2 after updating B : 2.79083
Iteration number -------- 13  -----------
lambda : 1.06168
max_diff => 0.0438748
performed mixing
Frob norm 1 after updating U: 1.06648
200 iterations
f(b) = 8.07635
Frob norm 2 after updating B : 2.44255
Iteration number -------- 14  -----------
lambda : 1.06699
max_diff => 0.0251069
performed mixing
Frob norm 1 after updating U: 0.845713
200 iterations
f(b) = 6.15172
Frob norm 2 after updating B : 2.1339
Iteration number -------- 15  -----------
lambda : 1.07232
max_diff => 0.0156725
performed mixing
Frob norm 1 after updating U: 0.614064
200 iterations
f(b) = 4.61293
Frob norm 2 after updating B : 1.88289
Iteration number -------- 16  -----------
lambda : 1.07768
max_diff => 0.00899893
performed mixing
Frob norm 1 after updating U: 0.411933
200 iterations
f(b) = 3.36096
Frob norm 2 after updating B : 1.64669
Iteration number -------- 17  -----------
lambda : 1.08307
max_diff => 0.00421909
performed mixing
Frob norm 1 after updating U: 0.252341
200 iterations
f(b) = 2.36288
Frob norm 2 after updating B : 1.41722
Iteration number -------- 18  -----------
lambda : 1.08849
max_diff => 0.00191358
performed mixing
Frob norm 1 after updating U: 0.162089
200 iterations
f(b) = 1.60072
Frob norm 2 after updating B : 1.22659
Iteration number -------- 19  -----------
lambda : 1.09393
max_diff => 0.000455997
performed mixing
Frob norm 1 after updating U: 0.0672125
200 iterations
f(b) = 1.09051
Frob norm 2 after updating B : 0.986689
Iteration number -------- 20  -----------
lambda : 1.0994
max_diff => 0.000400384
performed mixing
Frob norm 1 after updating U: 0.0627444
200 iterations
f(b) = 0.704043
Frob norm 2 after updating B : 0.815721
Iteration number -------- 21  -----------
lambda : 1.1049
max_diff => 3.04315e-05
performed mixing
Frob norm 1 after updating U: 0.0208522
200 iterations
f(b) = 0.479408
Frob norm 2 after updating B : 0.654285
Iteration number -------- 22  -----------
lambda : 1.11042
max_diff => 1.7249e-05
performed mixing
Frob norm 1 after updating U: 0.018867
200 iterations
f(b) = 0.324348
Frob norm 2 after updating B : 0.524917
Iteration number -------- 23  -----------
lambda : 1.11597
max_diff => 6.77625e-06
performed mixing
Frob norm 1 after updating U: 0.0167806
200 iterations
f(b) = 0.222314
Frob norm 2 after updating B : 0.421739
Iteration number -------- 24  -----------
lambda : 1.12155
max_diff => 5.21543e-08
performed mixing
Frob norm 1 after updating U: 0.015023
200 iterations
f(b) = 0.163477
Frob norm 2 after updating B : 0.337467
Iteration number -------- 25  -----------
lambda : 1.12716
max_diff => 4.999e-08
performed mixing
Frob norm 1 after updating U: 0.0150033
200 iterations
f(b) = 0.0830695
Frob norm 2 after updating B : 0.270573
Iteration number -------- 26  -----------
lambda : 1.1328
max_diff => 4.999e-08
performed mixing
Frob norm 1 after updating U: 0.0151418
200 iterations
f(b) = 0.095048
Frob norm 2 after updating B : 0.216391
Iteration number -------- 27  -----------
lambda : 1.13846
max_diff => 4.999e-08
performed mixing
Frob norm 1 after updating U: 0.014998
200 iterations
f(b) = 0.041987
Frob norm 2 after updating B : 0.173627
Iteration number -------- 28  -----------
lambda : 1.14415
max_diff => 1.06686e-07
performed mixing
Frob norm 1 after updating U: 0.0150828
200 iterations
f(b) = 0.0687468
Frob norm 2 after updating B : 0.139215
Iteration number -------- 29  -----------
lambda : 1.14987
max_diff => 4.999e-08
performed mixing
Frob norm 1 after updating U: 0.0151191
200 iterations
f(b) = 0.0603026
Frob norm 2 after updating B : 0.111806
Iteration number -------- 30  -----------
lambda : 1.15562
max_diff => 4.999e-08
performed mixing
Frob norm 1 after updating U: 0.0149645
200 iterations
f(b) = 0.0538355
Frob norm 2 after updating B : 0.0900449
Iteration number -------- 31  -----------
lambda : 1.1614
max_diff => 4.999e-08
performed mixing
Frob norm 1 after updating U: 0.0150665
200 iterations
f(b) = 0.0259593
Frob norm 2 after updating B : 0.0726739
Iteration number -------- 32  -----------
lambda : 1.16721
max_diff => 4.999e-08
performed mixing
Frob norm 1 after updating U: 0.0150534
200 iterations
f(b) = 0.0514354
Frob norm 2 after updating B : 0.0588547
Iteration number -------- 33  -----------
lambda : 1.17304
max_diff => 4.999e-08
performed mixing
Frob norm 1 after updating U: 0.0149986
200 iterations
f(b) = 0.0280568
Frob norm 2 after updating B : 0.0481985
Iteration number -------- 34  -----------
lambda : 1.17891
max_diff => 4.999e-08
performed mixing
Frob norm 1 after updating U: 0.0149834
200 iterations
f(b) = 0.0464641
Frob norm 2 after updating B : 0.0393022
Iteration number -------- 35  -----------
lambda : 1.1848
max_diff => 4.999e-08
performed mixing
Frob norm 1 after updating U: 0.0148957
200 iterations
f(b) = 0.0174981
Frob norm 2 after updating B : 0.0330548
Iteration number -------- 36  -----------
lambda : 1.19073
max_diff => 4.999e-08
performed mixing
Frob norm 1 after updating U: 0.014944
200 iterations
f(b) = 0.0179284
Frob norm 2 after updating B : 0.0281306
Iteration number -------- 37  -----------
lambda : 1.19668
max_diff => 4.999e-08
performed mixing
Frob norm 1 after updating U: 0.0150515
200 iterations
f(b) = 0.0272293
Frob norm 2 after updating B : 0.0241528
Iteration number -------- 38  -----------
lambda : 1.20266
max_diff => 4.999e-08
performed mixing
Frob norm 1 after updating U: 0.0149212
200 iterations
f(b) = 0.015599
Frob norm 2 after updating B : 0.0214287
Iteration number -------- 39  -----------
lambda : 1.20868
max_diff => 4.999e-08
performed mixing
Frob norm 1 after updating U: 0.0150017
200 iterations
f(b) = 0.012904
Frob norm 2 after updating B : 0.0194446
Iteration number -------- 40  -----------
lambda : 1.21472
max_diff => 4.999e-08
performed mixing
Frob norm 1 after updating U: 0.0150329
200 iterations
f(b) = 0.0172624
Frob norm 2 after updating B : 0.0180424
Iteration number -------- 41  -----------
lambda : 1.22079
max_diff => 4.999e-08
performed mixing
Frob norm 1 after updating U: 0.0150572
200 iterations
f(b) = 0.011994
Frob norm 2 after updating B : 0.0169954
Iteration number -------- 42  -----------
lambda : 1.2269
max_diff => 4.999e-08
performed mixing
Frob norm 1 after updating U: 0.0150212
200 iterations
f(b) = 0.0208272
Frob norm 2 after updating B : 0.0163464
Iteration number -------- 43  -----------
lambda : 1.23303
max_diff => 4.999e-08
performed mixing
Frob norm 1 after updating U: 0.01497
200 iterations
f(b) = 0.0311062
Frob norm 2 after updating B : 0.0157408
Iteration number -------- 44  -----------
lambda : 1.2392
max_diff => 4.999e-08
performed mixing
Frob norm 1 after updating U: 0.0148879
200 iterations
f(b) = 0.0131389
Frob norm 2 after updating B : 0.0155197
Iteration number -------- 45  -----------
lambda : 1.24539
max_diff => 4.999e-08
performed mixing
Frob norm 1 after updating U: 0.0148952
200 iterations
f(b) = 0.0133285
Frob norm 2 after updating B : 0.0153612
Iteration number -------- 46  -----------
lambda : 1.25162
max_diff => 4.999e-08
performed mixing
Frob norm 1 after updating U: 0.0149481
200 iterations
f(b) = 0.0190756
Frob norm 2 after updating B : 0.0151033
Iteration number -------- 47  -----------
lambda : 1.25788
max_diff => 4.999e-08
performed mixing
Frob norm 1 after updating U: 0.014847
200 iterations
f(b) = 0.0182595
Frob norm 2 after updating B : 0.0151379
Iteration number -------- 48  -----------
lambda : 1.26417
max_diff => 4.999e-08
performed mixing
Frob norm 1 after updating U: 0.0149247
200 iterations
f(b) = 0.014091
Frob norm 2 after updating B : 0.0152316
Iteration number -------- 49  -----------
lambda : 1.27049
max_diff => 4.999e-08
performed mixing
Frob norm 1 after updating U: 0.0150965
200 iterations
f(b) = 0.0175436
Frob norm 2 after updating B : 0.0149432
Iteration number -------- 50  -----------
lambda : 1.27684
max_diff => 4.999e-08
performed mixing
Frob norm 1 after updating U: 0.0148621
200 iterations
f(b) = 0.0310188
Frob norm 2 after updating B : 0.0148176
Iteration number -------- 51  -----------
lambda : 1.28323
max_diff => 4.999e-08
performed mixing
Frob norm 1 after updating U: 0.0147604
200 iterations
f(b) = 0.0191518
Frob norm 2 after updating B : 0.0149344
Iteration number -------- 52  -----------
lambda : 1.28964
max_diff => 4.999e-08
performed mixing
Frob norm 1 after updating U: 0.0148972
200 iterations
f(b) = 0.0204516
Frob norm 2 after updating B : 0.0150139
Iteration number -------- 53  -----------
lambda : 1.29609
max_diff => 4.999e-08
performed mixing
Frob norm 1 after updating U: 0.014984
200 iterations
f(b) = 0.0159142
Frob norm 2 after updating B : 0.0148497
Iteration number -------- 54  -----------
lambda : 1.30257
max_diff => 4.999e-08
performed mixing
Frob norm 1 after updating U: 0.0148238
200 iterations
f(b) = 0.0135937
Frob norm 2 after updating B : 0.0149572
Iteration number -------- 55  -----------
lambda : 1.30908
max_diff => 4.999e-08
performed mixing
Frob norm 1 after updating U: 0.0149388
200 iterations
f(b) = 0.0130446
Frob norm 2 after updating B : 0.0149304
Iteration number -------- 56  -----------
lambda : 1.31563
max_diff => 4.999e-08
performed mixing
Frob norm 1 after updating U: 0.0149192
200 iterations
f(b) = 0.0186065
Frob norm 2 after updating B : 0.014889
Iteration number -------- 57  -----------
lambda : 1.32221
max_diff => 4.999e-08
performed mixing
Frob norm 1 after updating U: 0.0148785
200 iterations
f(b) = 0.0227242
Frob norm 2 after updating B : 0.0148914
Iteration number -------- 58  -----------
lambda : 1.32882
max_diff => 4.99916e-08
performed mixing
Frob norm 1 after updating U: 0.0148874
200 iterations
f(b) = 0.017879
Frob norm 2 after updating B : 0.0150481
Iteration number -------- 59  -----------
lambda : 1.33546
max_diff => 4.999e-08
performed mixing
Frob norm 1 after updating U: 0.0150294
200 iterations
f(b) = 0.0220396
Frob norm 2 after updating B : 0.0149914
Iteration number -------- 60  -----------
lambda : 1.34214
max_diff => 4.999e-08
performed mixing
Frob norm 1 after updating U: 0.0149839
200 iterations
f(b) = 0.0161825
Frob norm 2 after updating B : 0.0148449
Iteration number -------- 61  -----------
lambda : 1.34885
max_diff => 4.999e-08
performed mixing
Frob norm 1 after updating U: 0.0148271
200 iterations
f(b) = 0.0140262
Frob norm 2 after updating B : 0.0149617
Iteration number -------- 62  -----------
lambda : 1.35559
max_diff => 4.999e-08
performed mixing
Frob norm 1 after updating U: 0.0149577
200 iterations
f(b) = 0.0290624
Frob norm 2 after updating B : 0.0148157
Iteration number -------- 63  -----------
lambda : 1.36237
max_diff => 4.999e-08
performed mixing
Frob norm 1 after updating U: 0.0148022
200 iterations
f(b) = 0.0217884
Frob norm 2 after updating B : 0.0148818
Iteration number -------- 64  -----------
lambda : 1.36918
max_diff => 4.999e-08
performed mixing
Frob norm 1 after updating U: 0.0148869
200 iterations
f(b) = 0.0176632
Frob norm 2 after updating B : 0.0151014
Iteration number -------- 65  -----------
lambda : 1.37603
max_diff => 4.999e-08
performed mixing
Frob norm 1 after updating U: 0.0150916
200 iterations
f(b) = 0.0149376
Frob norm 2 after updating B : 0.0149132
Iteration number -------- 66  -----------
lambda : 1.38291
max_diff => 4.999e-08
performed mixing
Frob norm 1 after updating U: 0.0149137
200 iterations
f(b) = 0.023485
Frob norm 2 after updating B : 0.0149458
Iteration number -------- 67  -----------
lambda : 1.38982
max_diff => 4.999e-08
performed mixing
Frob norm 1 after updating U: 0.0149497
200 iterations
f(b) = 0.0319612
Frob norm 2 after updating B : 0.0147602
Iteration number -------- 68  -----------
lambda : 1.39677
max_diff => 4.999e-08
performed mixing
Frob norm 1 after updating U: 0.0147455
200 iterations
f(b) = 0.0166598
Frob norm 2 after updating B : 0.0149714
Iteration number -------- 69  -----------
lambda : 1.40376
max_diff => 4.999e-08
performed mixing
Frob norm 1 after updating U: 0.0149741
200 iterations
f(b) = 0.024935
Frob norm 2 after updating B : 0.0148966
Iteration number -------- 70  -----------
lambda : 1.41078
max_diff => 4.999e-08
performed mixing
Frob norm 1 after updating U: 0.0148927
200 iterations
f(b) = 0.0255922
Frob norm 2 after updating B : 0.0147807
Iteration number -------- 71  -----------
lambda : 1.41783
max_diff => 4.999e-08
performed mixing
Frob norm 1 after updating U: 0.0147872
200 iterations
f(b) = 0.0285463
Frob norm 2 after updating B : 0.0147813
Iteration number -------- 72  -----------
lambda : 1.42492
max_diff => 4.999e-08
performed mixing
Frob norm 1 after updating U: 0.0147881
200 iterations
f(b) = 0.0163288
Frob norm 2 after updating B : 0.0149347
Iteration number -------- 73  -----------
lambda : 1.43204
max_diff => 4.999e-08
performed mixing
Frob norm 1 after updating U: 0.0149349
200 iterations
f(b) = 0.0174929
Frob norm 2 after updating B : 0.0149815
Iteration number -------- 74  -----------
lambda : 1.4392
max_diff => 4.999e-08
performed mixing
Frob norm 1 after updating U: 0.0149581
200 iterations
f(b) = 0.0201035
Frob norm 2 after updating B : 0.0149781
Iteration number -------- 75  -----------
lambda : 1.4464
max_diff => 4.999e-08
performed mixing
Frob norm 1 after updating U: 0.0149615
200 iterations
f(b) = 0.0167633
Frob norm 2 after updating B : 0.0148428
Iteration number -------- 76  -----------
lambda : 1.45363
max_diff => 4.999e-08
performed mixing
Frob norm 1 after updating U: 0.0148467
200 iterations
f(b) = 0.0202774
Frob norm 2 after updating B : 0.0148829
Iteration number -------- 77  -----------
lambda : 1.4609
max_diff => 4.999e-08
performed mixing
Frob norm 1 after updating U: 0.0148855
200 iterations
f(b) = 0.0172562
Frob norm 2 after updating B : 0.0150034
Iteration number -------- 78  -----------
lambda : 1.46821
max_diff => 4.999e-08
performed mixing
Frob norm 1 after updating U: 0.0150005
200 iterations
f(b) = 0.0158507
Frob norm 2 after updating B : 0.0148393
Iteration number -------- 79  -----------
lambda : 1.47555
max_diff => 4.999e-08
performed mixing
Frob norm 1 after updating U: 0.0148483
200 iterations
f(b) = 0.0205316
Frob norm 2 after updating B : 0.0148979
Iteration number -------- 80  -----------
lambda : 1.48292
max_diff => 4.999e-08
performed mixing
Frob norm 1 after updating U: 0.0149012
200 iterations
f(b) = 0.0181705
Frob norm 2 after updating B : 0.0148825
Iteration number -------- 81  -----------
lambda : 1.49034
max_diff => 4.999e-08
performed mixing
Frob norm 1 after updating U: 0.0148815
200 iterations
f(b) = 0.0190654
Frob norm 2 after updating B : 0.014868
Iteration number -------- 82  -----------
lambda : 1.49779
max_diff => 4.999e-08
performed mixing
Frob norm 1 after updating U: 0.0148697
200 iterations
f(b) = 0.0191009
Frob norm 2 after updating B : 0.0149257
Iteration number -------- 83  -----------
lambda : 1.50528
max_diff => 4.999e-08
performed mixing
Frob norm 1 after updating U: 0.0149288
200 iterations
f(b) = 0.0167691
Frob norm 2 after updating B : 0.0149705
Iteration number -------- 84  -----------
lambda : 1.51281
max_diff => 4.999e-08
performed mixing
Frob norm 1 after updating U: 0.0149679
200 iterations
f(b) = 0.0255907
Frob norm 2 after updating B : 0.0148663
Iteration number -------- 85  -----------
lambda : 1.52037
max_diff => 4.999e-08
performed mixing
Frob norm 1 after updating U: 0.0148668
200 iterations
f(b) = 0.0315696
Frob norm 2 after updating B : 0.0148107
Iteration number -------- 86  -----------
lambda : 1.52797
max_diff => 4.999e-08
performed mixing
Frob norm 1 after updating U: 0.0148111
200 iterations
f(b) = 0.0182719
Frob norm 2 after updating B : 0.0149267
Iteration number -------- 87  -----------
lambda : 1.53561
max_diff => 4.999e-08
performed mixing
Frob norm 1 after updating U: 0.0149273
200 iterations
f(b) = 0.0208539
Frob norm 2 after updating B : 0.0148953
Iteration number -------- 88  -----------
lambda : 1.54329
max_diff => 4.999e-08
performed mixing
Frob norm 1 after updating U: 0.0148977
200 iterations
f(b) = 0.0232919
Frob norm 2 after updating B : 0.014925
Iteration number -------- 89  -----------
lambda : 1.55101
max_diff => 4.999e-08
performed mixing
Frob norm 1 after updating U: 0.0149215
200 iterations
f(b) = 0.0217516
Frob norm 2 after updating B : 0.0149328
Iteration number -------- 90  -----------
lambda : 1.55876
max_diff => 4.999e-08
performed mixing
Frob norm 1 after updating U: 0.0149308
200 iterations
f(b) = 0.0190634
Frob norm 2 after updating B : 0.0149865
Iteration number -------- 91  -----------
lambda : 1.56655
max_diff => 4.999e-08
performed mixing
Frob norm 1 after updating U: 0.0149756
200 iterations
f(b) = 0.0202865
Frob norm 2 after updating B : 0.014806
Iteration number -------- 92  -----------
lambda : 1.57439
max_diff => 4.999e-08
performed mixing
Frob norm 1 after updating U: 0.0148021
200 iterations
f(b) = 0.0186759
Frob norm 2 after updating B : 0.0148985
Iteration number -------- 93  -----------
lambda : 1.58226
max_diff => 4.999e-08
performed mixing
Frob norm 1 after updating U: 0.014899
200 iterations
f(b) = 0.0213936
Frob norm 2 after updating B : 0.0148277
Iteration number -------- 94  -----------
lambda : 1.59017
max_diff => 4.999e-08
performed mixing
Frob norm 1 after updating U: 0.0148285
200 iterations
f(b) = 0.0192646
Frob norm 2 after updating B : 0.0148565
Iteration number -------- 95  -----------
lambda : 1.59812
max_diff => 4.999e-08
performed mixing
Frob norm 1 after updating U: 0.0148525
200 iterations
f(b) = 0.0205016
Frob norm 2 after updating B : 0.0148228
Iteration number -------- 96  -----------
lambda : 1.60611
max_diff => 4.999e-08
performed mixing
Frob norm 1 after updating U: 0.0148273
200 iterations
f(b) = 0.0194613
Frob norm 2 after updating B : 0.0148623
Iteration number -------- 97  -----------
lambda : 1.61414
max_diff => 4.999e-08
performed mixing
Frob norm 1 after updating U: 0.0148605
200 iterations
f(b) = 0.0197699
Frob norm 2 after updating B : 0.0148431
Iteration number -------- 98  -----------
lambda : 1.62221
max_diff => 4.999e-08
performed mixing
Frob norm 1 after updating U: 0.0148434
200 iterations
f(b) = 0.0280954
Frob norm 2 after updating B : 0.0150304
Iteration number -------- 99  -----------
lambda : 1.63032
max_diff => 4.999e-08
performed mixing
Frob norm 1 after updating U: 0.0150193
200 iterations
f(b) = 0.0287327
Frob norm 2 after updating B : 0.0149785
Iteration number -------- 100  -----------
lambda : 1.63848
max_diff => 4.999e-08
