Academic license - for non-commercial use only
Frob norm 1 after updating U: 11.5011
200 iterations
f(b) = 66.2853
Frob norm 2 after updating B : 7.29989
Iteration number -------- 1  -----------
lambda : 1
max_diff => 0.139107
performed mixing
Frob norm 1 after updating U: 6.4929
200 iterations
f(b) = 61.7948
Frob norm 2 after updating B : 6.99686
Iteration number -------- 2  -----------
lambda : 1.005
max_diff => 0.135086
performed mixing
Frob norm 1 after updating U: 6.27027
200 iterations
f(b) = 57.7406
Frob norm 2 after updating B : 6.71792
Iteration number -------- 3  -----------
lambda : 1.01002
max_diff => 0.13615
performed mixing
Frob norm 1 after updating U: 5.97481
200 iterations
f(b) = 53.6506
Frob norm 2 after updating B : 6.43957
Iteration number -------- 4  -----------
lambda : 1.01508
max_diff => 0.140671
performed mixing
Frob norm 1 after updating U: 5.64811
200 iterations
f(b) = 48.6748
Frob norm 2 after updating B : 6.20001
Iteration number -------- 5  -----------
lambda : 1.02015
max_diff => 0.116804
performed mixing
Frob norm 1 after updating U: 5.08797
200 iterations
f(b) = 42.6194
Frob norm 2 after updating B : 5.9332
Iteration number -------- 6  -----------
lambda : 1.02525
max_diff => 0.113233
performed mixing
Frob norm 1 after updating U: 4.80935
200 iterations
f(b) = 38.1134
Frob norm 2 after updating B : 5.60573
Iteration number -------- 7  -----------
lambda : 1.03038
max_diff => 0.108797
performed mixing
Frob norm 1 after updating U: 4.72631
200 iterations
f(b) = 34.7846
Frob norm 2 after updating B : 5.33344
Iteration number -------- 8  -----------
lambda : 1.03553
max_diff => 0.104479
performed mixing
Frob norm 1 after updating U: 4.6976
200 iterations
f(b) = 32.5207
Frob norm 2 after updating B : 5.12249
Iteration number -------- 9  -----------
lambda : 1.04071
max_diff => 0.102427
performed mixing
Frob norm 1 after updating U: 4.68539
200 iterations
f(b) = 30.9034
Frob norm 2 after updating B : 4.99438
Iteration number -------- 10  -----------
lambda : 1.04591
max_diff => 0.094685
performed mixing
Frob norm 1 after updating U: 4.65184
200 iterations
f(b) = 29.7608
Frob norm 2 after updating B : 4.87476
Iteration number -------- 11  -----------
lambda : 1.05114
max_diff => 0.0944729
performed mixing
Frob norm 1 after updating U: 4.64996
200 iterations
f(b) = 28.7818
Frob norm 2 after updating B : 4.81433
Iteration number -------- 12  -----------
lambda : 1.0564
max_diff => 0.085016
performed mixing
Frob norm 1 after updating U: 4.59866
200 iterations
f(b) = 25.3658
Frob norm 2 after updating B : 4.5173
Iteration number -------- 13  -----------
lambda : 1.06168
max_diff => 0.0665593
performed mixing
Frob norm 1 after updating U: 3.9711
200 iterations
f(b) = 22.7777
Frob norm 2 after updating B : 4.29874
Iteration number -------- 14  -----------
lambda : 1.06699
max_diff => 0.0685708
performed mixing
Frob norm 1 after updating U: 3.77839
200 iterations
f(b) = 21.13
Frob norm 2 after updating B : 4.13541
Iteration number -------- 15  -----------
lambda : 1.07232
max_diff => 0.0653794
performed mixing
Frob norm 1 after updating U: 3.76664
200 iterations
f(b) = 20.098
Frob norm 2 after updating B : 4.01035
Iteration number -------- 16  -----------
lambda : 1.07768
max_diff => 0.0645444
performed mixing
Frob norm 1 after updating U: 3.76227
200 iterations
f(b) = 19.1916
Frob norm 2 after updating B : 3.93258
Iteration number -------- 17  -----------
lambda : 1.08307
max_diff => 0.0619948
performed mixing
Frob norm 1 after updating U: 3.7284
200 iterations
f(b) = 18.6749
Frob norm 2 after updating B : 3.86127
Iteration number -------- 18  -----------
lambda : 1.08849
max_diff => 0.0618926
performed mixing
Frob norm 1 after updating U: 3.72619
200 iterations
f(b) = 18.237
Frob norm 2 after updating B : 3.81208
Iteration number -------- 19  -----------
lambda : 1.09393
max_diff => 0.0613965
performed mixing
Frob norm 1 after updating U: 3.71686
200 iterations
f(b) = 17.9408
Frob norm 2 after updating B : 3.77062
Iteration number -------- 20  -----------
lambda : 1.0994
max_diff => 0.0612173
performed mixing
Frob norm 1 after updating U: 3.69939
200 iterations
f(b) = 17.1771
Frob norm 2 after updating B : 3.73301
Iteration number -------- 21  -----------
lambda : 1.1049
max_diff => 0.0607867
performed mixing
Frob norm 1 after updating U: 3.48524
200 iterations
f(b) = 16.5828
Frob norm 2 after updating B : 3.64658
Iteration number -------- 22  -----------
lambda : 1.11042
max_diff => 0.0607654
performed mixing
Frob norm 1 after updating U: 3.48476
200 iterations
f(b) = 16.1688
Frob norm 2 after updating B : 3.59007
Iteration number -------- 23  -----------
lambda : 1.11597
max_diff => 0.0607225
performed mixing
Frob norm 1 after updating U: 3.48299
200 iterations
f(b) = 15.8105
Frob norm 2 after updating B : 3.55009
Iteration number -------- 24  -----------
lambda : 1.12155
max_diff => 0.0605911
performed mixing
Frob norm 1 after updating U: 3.47137
200 iterations
f(b) = 15.6351
Frob norm 2 after updating B : 3.52145
Iteration number -------- 25  -----------
lambda : 1.12716
max_diff => 0.0605815
performed mixing
Frob norm 1 after updating U: 3.47018
200 iterations
f(b) = 15.4794
Frob norm 2 after updating B : 3.49897
Iteration number -------- 26  -----------
lambda : 1.1328
max_diff => 0.0605683
performed mixing
Frob norm 1 after updating U: 3.46386
200 iterations
f(b) = 15.41
Frob norm 2 after updating B : 3.48497
Iteration number -------- 27  -----------
lambda : 1.13846
max_diff => 0.0605662
performed mixing
Frob norm 1 after updating U: 3.46204
200 iterations
f(b) = 14.9493
Frob norm 2 after updating B : 3.43611
Iteration number -------- 28  -----------
lambda : 1.14415
max_diff => 0.0599521
performed mixing
Frob norm 1 after updating U: 3.27193
200 iterations
f(b) = 14.0122
Frob norm 2 after updating B : 3.37643
Iteration number -------- 29  -----------
lambda : 1.14987
max_diff => 0.0600079
performed mixing
Frob norm 1 after updating U: 3.26782
200 iterations
f(b) = 13.762
Frob norm 2 after updating B : 3.34159
Iteration number -------- 30  -----------
lambda : 1.15562
max_diff => 0.0599735
performed mixing
Frob norm 1 after updating U: 3.26591
200 iterations
f(b) = 13.6163
Frob norm 2 after updating B : 3.31532
Iteration number -------- 31  -----------
lambda : 1.1614
max_diff => 0.0599784
performed mixing
Frob norm 1 after updating U: 3.2657
200 iterations
f(b) = 13.5126
Frob norm 2 after updating B : 3.29808
Iteration number -------- 32  -----------
lambda : 1.16721
max_diff => 0.0599971
performed mixing
Frob norm 1 after updating U: 3.26511
200 iterations
f(b) = 13.4343
Frob norm 2 after updating B : 3.2865
Iteration number -------- 33  -----------
lambda : 1.17304
max_diff => 0.0599954
performed mixing
Frob norm 1 after updating U: 3.26428
200 iterations
f(b) = 13.4045
Frob norm 2 after updating B : 3.27874
Iteration number -------- 34  -----------
lambda : 1.17891
max_diff => 0.0599992
performed mixing
Frob norm 1 after updating U: 3.26405
200 iterations
f(b) = 13.3857
Frob norm 2 after updating B : 3.27355
Iteration number -------- 35  -----------
lambda : 1.1848
max_diff => 0.0600072
performed mixing
Frob norm 1 after updating U: 3.26376
200 iterations
f(b) = 13.3783
Frob norm 2 after updating B : 3.26962
Iteration number -------- 36  -----------
lambda : 1.19073
max_diff => 0.060008
performed mixing
Frob norm 1 after updating U: 3.263
200 iterations
f(b) = 13.3778
Frob norm 2 after updating B : 3.26745
Iteration number -------- 37  -----------
lambda : 1.19668
max_diff => 0.060012
performed mixing
Frob norm 1 after updating U: 3.263
200 iterations
f(b) = 13.3725
Frob norm 2 after updating B : 3.26489
Iteration number -------- 38  -----------
lambda : 1.20266
max_diff => 0.0602228
performed mixing
Frob norm 1 after updating U: 3.26175
200 iterations
f(b) = 13.3821
Frob norm 2 after updating B : 3.26374
Iteration number -------- 39  -----------
lambda : 1.20868
max_diff => 0.0603065
performed mixing
Frob norm 1 after updating U: 3.26158
200 iterations
f(b) = 13.384
Frob norm 2 after updating B : 3.26219
Iteration number -------- 40  -----------
lambda : 1.21472
max_diff => 0.0605355
performed mixing
Frob norm 1 after updating U: 3.26063
200 iterations
f(b) = 13.3929
Frob norm 2 after updating B : 3.26024
Iteration number -------- 41  -----------
lambda : 1.22079
max_diff => 0.0608601
performed mixing
Frob norm 1 after updating U: 3.25905
200 iterations
f(b) = 13.4029
Frob norm 2 after updating B : 3.25962
Iteration number -------- 42  -----------
lambda : 1.2269
max_diff => 0.0609341
performed mixing
Frob norm 1 after updating U: 3.25877
200 iterations
f(b) = 13.409
Frob norm 2 after updating B : 3.25892
Iteration number -------- 43  -----------
lambda : 1.23303
max_diff => 0.0610598
performed mixing
Frob norm 1 after updating U: 3.2583
200 iterations
f(b) = 13.4206
Frob norm 2 after updating B : 3.25817
Iteration number -------- 44  -----------
lambda : 1.2392
max_diff => 0.0611963
performed mixing
Frob norm 1 after updating U: 3.25769
200 iterations
f(b) = 13.4377
Frob norm 2 after updating B : 3.25773
Iteration number -------- 45  -----------
lambda : 1.24539
max_diff => 0.0612599
performed mixing
Frob norm 1 after updating U: 3.25737
200 iterations
f(b) = 13.4468
Frob norm 2 after updating B : 3.25682
Iteration number -------- 46  -----------
lambda : 1.25162
max_diff => 0.061381
performed mixing
Frob norm 1 after updating U: 3.25653
200 iterations
f(b) = 13.4535
Frob norm 2 after updating B : 3.25585
Iteration number -------- 47  -----------
lambda : 1.25788
max_diff => 0.0615389
performed mixing
Frob norm 1 after updating U: 3.2556
200 iterations
f(b) = 13.4652
Frob norm 2 after updating B : 3.25541
Iteration number -------- 48  -----------
lambda : 1.26417
max_diff => 0.061628
performed mixing
Frob norm 1 after updating U: 3.25521
200 iterations
f(b) = 13.4772
Frob norm 2 after updating B : 3.25487
Iteration number -------- 49  -----------
lambda : 1.27049
max_diff => 0.0617058
performed mixing
Frob norm 1 after updating U: 3.25472
200 iterations
f(b) = 13.4914
Frob norm 2 after updating B : 3.25425
Iteration number -------- 50  -----------
lambda : 1.27684
max_diff => 0.061789
performed mixing
Frob norm 1 after updating U: 3.25412
200 iterations
f(b) = 13.5072
Frob norm 2 after updating B : 3.25401
Iteration number -------- 51  -----------
lambda : 1.28323
max_diff => 0.0618326
performed mixing
Frob norm 1 after updating U: 3.25391
200 iterations
f(b) = 13.5136
Frob norm 2 after updating B : 3.25351
Iteration number -------- 52  -----------
lambda : 1.28964
max_diff => 0.0618986
performed mixing
Frob norm 1 after updating U: 3.25343
200 iterations
f(b) = 12.8656
Frob norm 2 after updating B : 3.26792
Iteration number -------- 53  -----------
lambda : 1.29609
max_diff => 0.0608438
performed mixing
Frob norm 1 after updating U: 3.20726
200 iterations
f(b) = 12.6406
Frob norm 2 after updating B : 3.21535
Iteration number -------- 54  -----------
lambda : 1.30257
max_diff => 0.060671
performed mixing
Frob norm 1 after updating U: 3.16103
200 iterations
f(b) = 10.6858
Frob norm 2 after updating B : 2.80475
Iteration number -------- 55  -----------
lambda : 1.30908
max_diff => 0.0607798
performed mixing
Frob norm 1 after updating U: 2.76343
200 iterations
f(b) = 9.68301
Frob norm 2 after updating B : 2.77918
Iteration number -------- 56  -----------
lambda : 1.31563
max_diff => 0.0602917
performed mixing
Frob norm 1 after updating U: 2.75864
200 iterations
f(b) = 9.70543
Frob norm 2 after updating B : 2.77184
Iteration number -------- 57  -----------
lambda : 1.32221
max_diff => 0.060288
performed mixing
Frob norm 1 after updating U: 2.75865
200 iterations
f(b) = 9.68417
Frob norm 2 after updating B : 2.76706
Iteration number -------- 58  -----------
lambda : 1.32882
max_diff => 0.0602991
performed mixing
Frob norm 1 after updating U: 2.75859
200 iterations
f(b) = 9.68074
Frob norm 2 after updating B : 2.76403
Iteration number -------- 59  -----------
lambda : 1.33546
max_diff => 0.060296
performed mixing
Frob norm 1 after updating U: 2.75859
200 iterations
f(b) = 9.68092
Frob norm 2 after updating B : 2.7621
Iteration number -------- 60  -----------
lambda : 1.34214
max_diff => 0.0602957
performed mixing
Frob norm 1 after updating U: 2.7586
200 iterations
f(b) = 9.68043
Frob norm 2 after updating B : 2.76081
Iteration number -------- 61  -----------
lambda : 1.34885
max_diff => 0.0602929
performed mixing
Frob norm 1 after updating U: 2.75856
200 iterations
f(b) = 9.6919
Frob norm 2 after updating B : 2.76005
Iteration number -------- 62  -----------
lambda : 1.35559
max_diff => 0.0602879
performed mixing
Frob norm 1 after updating U: 2.7586
200 iterations
f(b) = 9.63749
Frob norm 2 after updating B : 2.7596
Iteration number -------- 63  -----------
lambda : 1.36237
max_diff => 0.0602739
performed mixing
Frob norm 1 after updating U: 2.75867
200 iterations
f(b) = 9.70475
Frob norm 2 after updating B : 2.75926
Iteration number -------- 64  -----------
lambda : 1.36918
max_diff => 0.0602734
performed mixing
Frob norm 1 after updating U: 2.75866
200 iterations
f(b) = 9.71777
Frob norm 2 after updating B : 2.75904
Iteration number -------- 65  -----------
lambda : 1.37603
max_diff => 0.0602714
performed mixing
Frob norm 1 after updating U: 2.75865
200 iterations
f(b) = 9.72636
Frob norm 2 after updating B : 2.75893
Iteration number -------- 66  -----------
lambda : 1.38291
max_diff => 0.0602621
performed mixing
Frob norm 1 after updating U: 2.75868
200 iterations
f(b) = 9.7369
Frob norm 2 after updating B : 2.75885
Iteration number -------- 67  -----------
lambda : 1.38982
max_diff => 0.0602592
performed mixing
Frob norm 1 after updating U: 2.75869
200 iterations
f(b) = 9.74397
Frob norm 2 after updating B : 2.75879
Iteration number -------- 68  -----------
lambda : 1.39677
max_diff => 0.0602596
performed mixing
Frob norm 1 after updating U: 2.75868
200 iterations
f(b) = 9.75403
Frob norm 2 after updating B : 2.75879
Iteration number -------- 69  -----------
lambda : 1.40376
max_diff => 0.0602604
performed mixing
Frob norm 1 after updating U: 2.75872
200 iterations
f(b) = 9.76895
Frob norm 2 after updating B : 2.75879
Iteration number -------- 70  -----------
lambda : 1.41078
max_diff => 0.0602557
performed mixing
Frob norm 1 after updating U: 2.75874
200 iterations
f(b) = 9.78061
Frob norm 2 after updating B : 2.75877
Iteration number -------- 71  -----------
lambda : 1.41783
max_diff => 0.0602541
performed mixing
Frob norm 1 after updating U: 2.75874
200 iterations
f(b) = 9.76842
Frob norm 2 after updating B : 2.75878
Iteration number -------- 72  -----------
lambda : 1.42492
max_diff => 0.06026
performed mixing
Frob norm 1 after updating U: 2.75876
200 iterations
f(b) = 9.80226
Frob norm 2 after updating B : 2.75878
Iteration number -------- 73  -----------
lambda : 1.43204
max_diff => 0.0602543
performed mixing
Frob norm 1 after updating U: 2.75876
200 iterations
f(b) = 9.80603
Frob norm 2 after updating B : 2.7588
Iteration number -------- 74  -----------
lambda : 1.4392
max_diff => 0.0602469
performed mixing
Frob norm 1 after updating U: 2.75879
200 iterations
f(b) = 9.82236
Frob norm 2 after updating B : 2.75881
Iteration number -------- 75  -----------
lambda : 1.4464
max_diff => 0.060242
performed mixing
Frob norm 1 after updating U: 2.7588
200 iterations
f(b) = 9.83337
Frob norm 2 after updating B : 2.75882
Iteration number -------- 76  -----------
lambda : 1.45363
max_diff => 0.0602428
performed mixing
Frob norm 1 after updating U: 2.75882
200 iterations
f(b) = 9.84424
Frob norm 2 after updating B : 2.75885
Iteration number -------- 77  -----------
lambda : 1.4609
max_diff => 0.0602375
performed mixing
Frob norm 1 after updating U: 2.75884
200 iterations
f(b) = 9.85988
Frob norm 2 after updating B : 2.75885
Iteration number -------- 78  -----------
lambda : 1.46821
max_diff => 0.0602367
performed mixing
Frob norm 1 after updating U: 2.75885
200 iterations
f(b) = 9.82685
Frob norm 2 after updating B : 2.75891
Iteration number -------- 79  -----------
lambda : 1.47555
max_diff => 0.0602085
performed mixing
Frob norm 1 after updating U: 2.75891
200 iterations
f(b) = 9.87612
Frob norm 2 after updating B : 2.75891
Iteration number -------- 80  -----------
lambda : 1.48292
max_diff => 0.0602011
performed mixing
Frob norm 1 after updating U: 2.75891
200 iterations
f(b) = 9.88635
Frob norm 2 after updating B : 2.75896
Iteration number -------- 81  -----------
lambda : 1.49034
max_diff => 0.0601838
performed mixing
Frob norm 1 after updating U: 2.75895
200 iterations
f(b) = 9.90267
Frob norm 2 after updating B : 2.75897
Iteration number -------- 82  -----------
lambda : 1.49779
max_diff => 0.0601828
performed mixing
Frob norm 1 after updating U: 2.75897
200 iterations
f(b) = 9.91064
Frob norm 2 after updating B : 2.75899
Iteration number -------- 83  -----------
lambda : 1.50528
max_diff => 0.0601679
performed mixing
Frob norm 1 after updating U: 2.75899
200 iterations
f(b) = 9.92248
Frob norm 2 after updating B : 2.75901
Iteration number -------- 84  -----------
lambda : 1.51281
max_diff => 0.0601647
performed mixing
Frob norm 1 after updating U: 2.75901
200 iterations
f(b) = 9.93681
Frob norm 2 after updating B : 2.75904
Iteration number -------- 85  -----------
lambda : 1.52037
max_diff => 0.0601625
performed mixing
Frob norm 1 after updating U: 2.75904
200 iterations
f(b) = 9.95102
Frob norm 2 after updating B : 2.75903
Iteration number -------- 86  -----------
lambda : 1.52797
max_diff => 0.0601559
performed mixing
Frob norm 1 after updating U: 2.75903
200 iterations
f(b) = 9.9626
Frob norm 2 after updating B : 2.75905
Iteration number -------- 87  -----------
lambda : 1.53561
max_diff => 0.0601561
performed mixing
Frob norm 1 after updating U: 2.75905
200 iterations
f(b) = 9.97563
Frob norm 2 after updating B : 2.75906
Iteration number -------- 88  -----------
lambda : 1.54329
max_diff => 0.0601532
performed mixing
Frob norm 1 after updating U: 2.75906
200 iterations
f(b) = 9.9815
Frob norm 2 after updating B : 2.75904
Iteration number -------- 89  -----------
lambda : 1.55101
max_diff => 0.060146
performed mixing
Frob norm 1 after updating U: 2.75904
200 iterations
f(b) = 9.98509
Frob norm 2 after updating B : 2.75914
Iteration number -------- 90  -----------
lambda : 1.55876
max_diff => 0.0601194
performed mixing
Frob norm 1 after updating U: 2.75914
200 iterations
f(b) = 9.99754
Frob norm 2 after updating B : 2.75916
Iteration number -------- 91  -----------
lambda : 1.56655
max_diff => 0.0601141
performed mixing
Frob norm 1 after updating U: 2.75916
200 iterations
f(b) = 10.0151
Frob norm 2 after updating B : 2.75922
Iteration number -------- 92  -----------
lambda : 1.57439
max_diff => 0.0601028
performed mixing
Frob norm 1 after updating U: 2.75921
200 iterations
f(b) = 10.0274
Frob norm 2 after updating B : 2.75923
Iteration number -------- 93  -----------
lambda : 1.58226
max_diff => 0.0600934
performed mixing
Frob norm 1 after updating U: 2.75922
200 iterations
f(b) = 10.0431
Frob norm 2 after updating B : 2.75926
Iteration number -------- 94  -----------
lambda : 1.59017
max_diff => 0.060091
performed mixing
Frob norm 1 after updating U: 2.75926
200 iterations
f(b) = 10.0369
Frob norm 2 after updating B : 2.75936
Iteration number -------- 95  -----------
lambda : 1.59812
max_diff => 0.0600663
performed mixing
Frob norm 1 after updating U: 2.75936
200 iterations
f(b) = 10.0275
Frob norm 2 after updating B : 2.75942
Iteration number -------- 96  -----------
lambda : 1.60611
max_diff => 0.0600562
performed mixing
Frob norm 1 after updating U: 2.75941
200 iterations
f(b) = 10.0735
Frob norm 2 after updating B : 2.75946
Iteration number -------- 97  -----------
lambda : 1.61414
max_diff => 0.0600529
performed mixing
Frob norm 1 after updating U: 2.75946
200 iterations
f(b) = 10.0956
Frob norm 2 after updating B : 2.75945
Iteration number -------- 98  -----------
lambda : 1.62221
max_diff => 0.0600514
performed mixing
Frob norm 1 after updating U: 2.75945
200 iterations
f(b) = 10.1011
Frob norm 2 after updating B : 2.7595
Iteration number -------- 99  -----------
lambda : 1.63032
max_diff => 0.0600448
performed mixing
Frob norm 1 after updating U: 2.75949
200 iterations
f(b) = 10.1181
Frob norm 2 after updating B : 2.75949
Iteration number -------- 100  -----------
lambda : 1.63848
max_diff => 0.060042
