Academic license - for non-commercial use only
Frob norm 1 after updating U: 11.6958
200 iterations
f(b) = 73.3393
Frob norm 2 after updating B : 7.61765
Iteration number -------- 1  -----------
lambda : 1
max_diff => 0.151179
performed mixing
Frob norm 1 after updating U: 5.73584
200 iterations
f(b) = 62.316
Frob norm 2 after updating B : 7.07572
Iteration number -------- 2  -----------
lambda : 1.005
max_diff => 0.110367
performed mixing
Frob norm 1 after updating U: 4.83375
200 iterations
f(b) = 51.1455
Frob norm 2 after updating B : 6.54506
Iteration number -------- 3  -----------
lambda : 1.01002
max_diff => 0.0901464
performed mixing
Frob norm 1 after updating U: 4.39377
200 iterations
f(b) = 41.7298
Frob norm 2 after updating B : 5.95882
Iteration number -------- 4  -----------
lambda : 1.01508
max_diff => 0.0759197
performed mixing
Frob norm 1 after updating U: 4.12703
200 iterations
f(b) = 34.4313
Frob norm 2 after updating B : 5.53478
Iteration number -------- 5  -----------
lambda : 1.02015
max_diff => 0.0645013
performed mixing
Frob norm 1 after updating U: 3.93644
200 iterations
f(b) = 29.022
Frob norm 2 after updating B : 5.02212
Iteration number -------- 6  -----------
lambda : 1.02525
max_diff => 0.0644781
performed mixing
Frob norm 1 after updating U: 3.93549
200 iterations
f(b) = 25.2665
Frob norm 2 after updating B : 4.68492
Iteration number -------- 7  -----------
lambda : 1.03038
max_diff => 0.0643616
performed mixing
Frob norm 1 after updating U: 3.90304
200 iterations
f(b) = 22.8503
Frob norm 2 after updating B : 4.4203
Iteration number -------- 8  -----------
lambda : 1.03553
max_diff => 0.0642735
performed mixing
Frob norm 1 after updating U: 3.89798
200 iterations
f(b) = 21.1703
Frob norm 2 after updating B : 4.23765
Iteration number -------- 9  -----------
lambda : 1.04071
max_diff => 0.0642318
performed mixing
Frob norm 1 after updating U: 3.87056
200 iterations
f(b) = 20.1208
Frob norm 2 after updating B : 4.10917
Iteration number -------- 10  -----------
lambda : 1.04591
max_diff => 0.0643015
performed mixing
Frob norm 1 after updating U: 3.86946
200 iterations
f(b) = 18.886
Frob norm 2 after updating B : 3.89332
Iteration number -------- 11  -----------
lambda : 1.05114
max_diff => 0.0684862
performed mixing
Frob norm 1 after updating U: 3.64938
200 iterations
f(b) = 17.6437
Frob norm 2 after updating B : 3.79785
Iteration number -------- 12  -----------
lambda : 1.0564
max_diff => 0.0623403
performed mixing
Frob norm 1 after updating U: 3.62827
200 iterations
f(b) = 17.116
Frob norm 2 after updating B : 3.73287
Iteration number -------- 13  -----------
lambda : 1.06168
max_diff => 0.0621546
performed mixing
Frob norm 1 after updating U: 3.60853
200 iterations
f(b) = 16.8172
Frob norm 2 after updating B : 3.68849
Iteration number -------- 14  -----------
lambda : 1.06699
max_diff => 0.0621654
performed mixing
Frob norm 1 after updating U: 3.60809
200 iterations
f(b) = 16.6335
Frob norm 2 after updating B : 3.65909
Iteration number -------- 15  -----------
lambda : 1.07232
max_diff => 0.0621971
performed mixing
Frob norm 1 after updating U: 3.60657
200 iterations
f(b) = 16.5043
Frob norm 2 after updating B : 3.63964
Iteration number -------- 16  -----------
lambda : 1.07768
max_diff => 0.0622244
performed mixing
Frob norm 1 after updating U: 3.60537
200 iterations
f(b) = 16.4272
Frob norm 2 after updating B : 3.62583
Iteration number -------- 17  -----------
lambda : 1.08307
max_diff => 0.0622717
performed mixing
Frob norm 1 after updating U: 3.60294
200 iterations
f(b) = 16.2645
Frob norm 2 after updating B : 3.60402
Iteration number -------- 18  -----------
lambda : 1.08849
max_diff => 0.0624101
performed mixing
Frob norm 1 after updating U: 3.56957
200 iterations
f(b) = 16.2326
Frob norm 2 after updating B : 3.59162
Iteration number -------- 19  -----------
lambda : 1.09393
max_diff => 0.0624047
performed mixing
Frob norm 1 after updating U: 3.56932
200 iterations
f(b) = 16.1381
Frob norm 2 after updating B : 3.58321
Iteration number -------- 20  -----------
lambda : 1.0994
max_diff => 0.0623768
performed mixing
Frob norm 1 after updating U: 3.56815
200 iterations
f(b) = 16.1077
Frob norm 2 after updating B : 3.57748
Iteration number -------- 21  -----------
lambda : 1.1049
max_diff => 0.0623558
performed mixing
Frob norm 1 after updating U: 3.56739
200 iterations
f(b) = 16.1334
Frob norm 2 after updating B : 3.57324
Iteration number -------- 22  -----------
lambda : 1.11042
max_diff => 0.0623357
performed mixing
Frob norm 1 after updating U: 3.56633
200 iterations
f(b) = 16.1282
Frob norm 2 after updating B : 3.56911
Iteration number -------- 23  -----------
lambda : 1.11597
max_diff => 0.0622459
performed mixing
Frob norm 1 after updating U: 3.56352
200 iterations
f(b) = 16.0341
Frob norm 2 after updating B : 3.56101
Iteration number -------- 24  -----------
lambda : 1.12155
max_diff => 0.0613052
performed mixing
Frob norm 1 after updating U: 3.54163
200 iterations
f(b) = 16.0432
Frob norm 2 after updating B : 3.55404
Iteration number -------- 25  -----------
lambda : 1.12716
max_diff => 0.0613145
performed mixing
Frob norm 1 after updating U: 3.5415
200 iterations
f(b) = 16.0196
Frob norm 2 after updating B : 3.54952
Iteration number -------- 26  -----------
lambda : 1.1328
max_diff => 0.0612902
performed mixing
Frob norm 1 after updating U: 3.54114
200 iterations
f(b) = 16.0145
Frob norm 2 after updating B : 3.54637
Iteration number -------- 27  -----------
lambda : 1.13846
max_diff => 0.061296
performed mixing
Frob norm 1 after updating U: 3.54075
200 iterations
f(b) = 15.9366
Frob norm 2 after updating B : 3.54417
Iteration number -------- 28  -----------
lambda : 1.14415
max_diff => 0.0614051
performed mixing
Frob norm 1 after updating U: 3.52751
200 iterations
f(b) = 15.9487
Frob norm 2 after updating B : 3.53832
Iteration number -------- 29  -----------
lambda : 1.14987
max_diff => 0.0613982
performed mixing
Frob norm 1 after updating U: 3.52738
200 iterations
f(b) = 15.9456
Frob norm 2 after updating B : 3.53438
Iteration number -------- 30  -----------
lambda : 1.15562
max_diff => 0.0613906
performed mixing
Frob norm 1 after updating U: 3.52719
200 iterations
f(b) = 15.9468
Frob norm 2 after updating B : 3.53174
Iteration number -------- 31  -----------
lambda : 1.1614
max_diff => 0.061401
performed mixing
Frob norm 1 after updating U: 3.52691
200 iterations
f(b) = 15.9516
Frob norm 2 after updating B : 3.52993
Iteration number -------- 32  -----------
lambda : 1.16721
max_diff => 0.0613935
performed mixing
Frob norm 1 after updating U: 3.52668
200 iterations
f(b) = 15.9529
Frob norm 2 after updating B : 3.52854
Iteration number -------- 33  -----------
lambda : 1.17304
max_diff => 0.0614053
performed mixing
Frob norm 1 after updating U: 3.5262
200 iterations
f(b) = 15.9569
Frob norm 2 after updating B : 3.52745
Iteration number -------- 34  -----------
lambda : 1.17891
max_diff => 0.0614023
performed mixing
Frob norm 1 after updating U: 3.52575
200 iterations
f(b) = 15.8439
Frob norm 2 after updating B : 3.52932
Iteration number -------- 35  -----------
lambda : 1.1848
max_diff => 0.0615553
performed mixing
Frob norm 1 after updating U: 3.51144
200 iterations
f(b) = 15.8642
Frob norm 2 after updating B : 3.52303
Iteration number -------- 36  -----------
lambda : 1.19073
max_diff => 0.0615656
performed mixing
Frob norm 1 after updating U: 3.51151
200 iterations
f(b) = 15.783
Frob norm 2 after updating B : 3.51889
Iteration number -------- 37  -----------
lambda : 1.19668
max_diff => 0.0615678
performed mixing
Frob norm 1 after updating U: 3.51114
200 iterations
f(b) = 15.8586
Frob norm 2 after updating B : 3.51622
Iteration number -------- 38  -----------
lambda : 1.20266
max_diff => 0.0615675
performed mixing
Frob norm 1 after updating U: 3.51115
200 iterations
f(b) = 15.8482
Frob norm 2 after updating B : 3.51432
Iteration number -------- 39  -----------
lambda : 1.20868
max_diff => 0.0615775
performed mixing
Frob norm 1 after updating U: 3.51079
200 iterations
f(b) = 15.8505
Frob norm 2 after updating B : 3.51299
Iteration number -------- 40  -----------
lambda : 1.21472
max_diff => 0.0615772
performed mixing
Frob norm 1 after updating U: 3.51052
200 iterations
f(b) = 15.7845
Frob norm 2 after updating B : 3.51363
Iteration number -------- 41  -----------
lambda : 1.22079
max_diff => 0.0617142
performed mixing
Frob norm 1 after updating U: 3.50463
200 iterations
f(b) = 15.7923
Frob norm 2 after updating B : 3.51039
Iteration number -------- 42  -----------
lambda : 1.2269
max_diff => 0.0617121
performed mixing
Frob norm 1 after updating U: 3.5042
200 iterations
f(b) = 15.7888
Frob norm 2 after updating B : 3.50797
Iteration number -------- 43  -----------
lambda : 1.23303
max_diff => 0.0617136
performed mixing
Frob norm 1 after updating U: 3.50354
200 iterations
f(b) = 15.7791
Frob norm 2 after updating B : 3.50629
Iteration number -------- 44  -----------
lambda : 1.2392
max_diff => 0.0617313
performed mixing
Frob norm 1 after updating U: 3.50269
200 iterations
f(b) = 15.7854
Frob norm 2 after updating B : 3.50455
Iteration number -------- 45  -----------
lambda : 1.24539
max_diff => 0.0617052
performed mixing
Frob norm 1 after updating U: 3.50187
200 iterations
f(b) = 15.7775
Frob norm 2 after updating B : 3.5031
Iteration number -------- 46  -----------
lambda : 1.25162
max_diff => 0.0617033
performed mixing
Frob norm 1 after updating U: 3.50086
200 iterations
f(b) = 15.6383
Frob norm 2 after updating B : 3.51115
Iteration number -------- 47  -----------
lambda : 1.25788
max_diff => 0.0621606
performed mixing
Frob norm 1 after updating U: 3.47762
200 iterations
f(b) = 15.5989
Frob norm 2 after updating B : 3.4991
Iteration number -------- 48  -----------
lambda : 1.26417
max_diff => 0.0621698
performed mixing
Frob norm 1 after updating U: 3.47713
200 iterations
f(b) = 15.563
Frob norm 2 after updating B : 3.49082
Iteration number -------- 49  -----------
lambda : 1.27049
max_diff => 0.0621991
performed mixing
Frob norm 1 after updating U: 3.4761
200 iterations
f(b) = 15.5453
Frob norm 2 after updating B : 3.48513
Iteration number -------- 50  -----------
lambda : 1.27684
max_diff => 0.0622259
performed mixing
Frob norm 1 after updating U: 3.47528
200 iterations
f(b) = 15.522
Frob norm 2 after updating B : 3.48021
Iteration number -------- 51  -----------
lambda : 1.28323
max_diff => 0.0622892
performed mixing
Frob norm 1 after updating U: 3.47308
200 iterations
f(b) = 15.2324
Frob norm 2 after updating B : 3.4696
Iteration number -------- 52  -----------
lambda : 1.28964
max_diff => 0.0695466
performed mixing
Frob norm 1 after updating U: 3.35761
200 iterations
f(b) = 15.0018
Frob norm 2 after updating B : 3.42824
Iteration number -------- 53  -----------
lambda : 1.29609
max_diff => 0.0698515
performed mixing
Frob norm 1 after updating U: 3.35382
200 iterations
f(b) = 14.3928
Frob norm 2 after updating B : 3.37619
Iteration number -------- 54  -----------
lambda : 1.30257
max_diff => 0.0923336
performed mixing
Frob norm 1 after updating U: 3.03662
200 iterations
f(b) = 12.8737
Frob norm 2 after updating B : 3.21902
Iteration number -------- 55  -----------
lambda : 1.30908
max_diff => 0.0852499
performed mixing
Frob norm 1 after updating U: 1.66222
200 iterations
f(b) = 9.64872
Frob norm 2 after updating B : 2.89522
Iteration number -------- 56  -----------
lambda : 1.31563
max_diff => 0.0380389
performed mixing
Frob norm 1 after updating U: 1.40799
200 iterations
f(b) = 6.90156
Frob norm 2 after updating B : 2.55529
Iteration number -------- 57  -----------
lambda : 1.32221
max_diff => 0.00771836
performed mixing
Frob norm 1 after updating U: 1.32661
200 iterations
f(b) = 5.08024
Frob norm 2 after updating B : 2.21654
Iteration number -------- 58  -----------
lambda : 1.32882
max_diff => 0.00813137
performed mixing
Frob norm 1 after updating U: 1.31451
200 iterations
f(b) = 4.00968
Frob norm 2 after updating B : 1.94615
Iteration number -------- 59  -----------
lambda : 1.33546
max_diff => 0.00805196
performed mixing
Frob norm 1 after updating U: 1.31449
200 iterations
f(b) = 3.27977
Frob norm 2 after updating B : 1.74995
Iteration number -------- 60  -----------
lambda : 1.34214
max_diff => 0.00789745
performed mixing
Frob norm 1 after updating U: 1.31412
200 iterations
f(b) = 2.81495
Frob norm 2 after updating B : 1.61034
Iteration number -------- 61  -----------
lambda : 1.34885
max_diff => 0.00760741
performed mixing
Frob norm 1 after updating U: 1.31223
200 iterations
f(b) = 1.50292
Frob norm 2 after updating B : 1.20677
Iteration number -------- 62  -----------
lambda : 1.35559
max_diff => 9.998e-08
performed mixing
Frob norm 1 after updating U: 0.0138901
200 iterations
f(b) = 1.01031
Frob norm 2 after updating B : 0.965717
Iteration number -------- 63  -----------
lambda : 1.36237
max_diff => 1.20023e-07
performed mixing
Frob norm 1 after updating U: 0.0138929
200 iterations
f(b) = 0.710889
Frob norm 2 after updating B : 0.772968
Iteration number -------- 64  -----------
lambda : 1.36918
max_diff => 9.998e-08
performed mixing
Frob norm 1 after updating U: 0.0138312
200 iterations
f(b) = 0.472897
Frob norm 2 after updating B : 0.618705
Iteration number -------- 65  -----------
lambda : 1.37603
max_diff => 9.998e-08
performed mixing
Frob norm 1 after updating U: 0.0138798
200 iterations
f(b) = 0.333922
Frob norm 2 after updating B : 0.495354
Iteration number -------- 66  -----------
lambda : 1.38291
max_diff => 9.998e-08
performed mixing
Frob norm 1 after updating U: 0.0138477
200 iterations
f(b) = 0.262531
Frob norm 2 after updating B : 0.396675
Iteration number -------- 67  -----------
lambda : 1.38982
max_diff => 9.998e-08
performed mixing
Frob norm 1 after updating U: 0.0138218
200 iterations
f(b) = 0.185832
Frob norm 2 after updating B : 0.317745
Iteration number -------- 68  -----------
lambda : 1.39677
max_diff => 9.998e-08
performed mixing
Frob norm 1 after updating U: 0.0138026
200 iterations
f(b) = 0.190793
Frob norm 2 after updating B : 0.254655
Iteration number -------- 69  -----------
lambda : 1.40376
max_diff => 9.998e-08
performed mixing
Frob norm 1 after updating U: 0.0138159
200 iterations
f(b) = 0.149861
Frob norm 2 after updating B : 0.204186
Iteration number -------- 70  -----------
lambda : 1.41078
max_diff => 9.998e-08
performed mixing
Frob norm 1 after updating U: 0.0138349
200 iterations
f(b) = 0.0872525
Frob norm 2 after updating B : 0.163814
Iteration number -------- 71  -----------
lambda : 1.41783
max_diff => 9.998e-08
performed mixing
Frob norm 1 after updating U: 0.0138751
200 iterations
f(b) = 0.0807208
Frob norm 2 after updating B : 0.131647
Iteration number -------- 72  -----------
lambda : 1.42492
max_diff => 9.998e-08
performed mixing
Frob norm 1 after updating U: 0.0138812
200 iterations
f(b) = 0.0642435
Frob norm 2 after updating B : 0.105976
Iteration number -------- 73  -----------
lambda : 1.43204
max_diff => 9.998e-08
performed mixing
Frob norm 1 after updating U: 0.0138769
200 iterations
f(b) = 0.0625621
Frob norm 2 after updating B : 0.0854835
Iteration number -------- 74  -----------
lambda : 1.4392
max_diff => 9.998e-08
performed mixing
Frob norm 1 after updating U: 0.0138497
200 iterations
f(b) = 0.0486241
Frob norm 2 after updating B : 0.069195
Iteration number -------- 75  -----------
lambda : 1.4464
max_diff => 9.998e-08
performed mixing
Frob norm 1 after updating U: 0.0138785
200 iterations
f(b) = 0.0558215
Frob norm 2 after updating B : 0.0562343
Iteration number -------- 76  -----------
lambda : 1.45363
max_diff => 9.998e-08
performed mixing
Frob norm 1 after updating U: 0.0138025
200 iterations
f(b) = 0.052907
Frob norm 2 after updating B : 0.045972
Iteration number -------- 77  -----------
lambda : 1.4609
max_diff => 9.998e-08
performed mixing
Frob norm 1 after updating U: 0.0138623
200 iterations
f(b) = 0.0490763
Frob norm 2 after updating B : 0.0380117
Iteration number -------- 78  -----------
lambda : 1.46821
max_diff => 9.998e-08
performed mixing
Frob norm 1 after updating U: 0.0138706
200 iterations
f(b) = 0.0433753
Frob norm 2 after updating B : 0.0318444
Iteration number -------- 79  -----------
lambda : 1.47555
max_diff => 9.998e-08
performed mixing
Frob norm 1 after updating U: 0.0138387
200 iterations
f(b) = 0.039447
Frob norm 2 after updating B : 0.0270416
Iteration number -------- 80  -----------
lambda : 1.48292
max_diff => 9.998e-08
performed mixing
Frob norm 1 after updating U: 0.0139004
200 iterations
f(b) = 0.0419586
Frob norm 2 after updating B : 0.0233911
Iteration number -------- 81  -----------
lambda : 1.49034
max_diff => 9.998e-08
performed mixing
Frob norm 1 after updating U: 0.0138505
200 iterations
f(b) = 0.0399691
Frob norm 2 after updating B : 0.0206228
Iteration number -------- 82  -----------
lambda : 1.49779
max_diff => 9.998e-08
performed mixing
Frob norm 1 after updating U: 0.013793
200 iterations
f(b) = 0.0402578
Frob norm 2 after updating B : 0.018714
Iteration number -------- 83  -----------
lambda : 1.50528
max_diff => 9.998e-08
performed mixing
Frob norm 1 after updating U: 0.0138598
200 iterations
f(b) = 0.0493503
Frob norm 2 after updating B : 0.0172644
Iteration number -------- 84  -----------
lambda : 1.51281
max_diff => 9.998e-08
performed mixing
Frob norm 1 after updating U: 0.0138301
200 iterations
f(b) = 0.0464049
Frob norm 2 after updating B : 0.0163074
Iteration number -------- 85  -----------
lambda : 1.52037
max_diff => 9.998e-08
performed mixing
Frob norm 1 after updating U: 0.0139124
200 iterations
f(b) = 0.0516655
Frob norm 2 after updating B : 0.0155125
Iteration number -------- 86  -----------
lambda : 1.52797
max_diff => 9.998e-08
performed mixing
Frob norm 1 after updating U: 0.0138283
200 iterations
f(b) = 0.0534393
Frob norm 2 after updating B : 0.0150189
Iteration number -------- 87  -----------
lambda : 1.53561
max_diff => 9.998e-08
performed mixing
Frob norm 1 after updating U: 0.0138393
200 iterations
f(b) = 0.0477128
Frob norm 2 after updating B : 0.0146846
Iteration number -------- 88  -----------
lambda : 1.54329
max_diff => 9.998e-08
performed mixing
Frob norm 1 after updating U: 0.0138361
200 iterations
f(b) = 0.0577961
Frob norm 2 after updating B : 0.0144178
Iteration number -------- 89  -----------
lambda : 1.55101
max_diff => 9.998e-08
performed mixing
Frob norm 1 after updating U: 0.013822
200 iterations
f(b) = 0.0500874
Frob norm 2 after updating B : 0.014339
Iteration number -------- 90  -----------
lambda : 1.55876
max_diff => 9.998e-08
performed mixing
Frob norm 1 after updating U: 0.0138702
200 iterations
f(b) = 0.0544672
Frob norm 2 after updating B : 0.0141074
Iteration number -------- 91  -----------
lambda : 1.56655
max_diff => 9.998e-08
performed mixing
Frob norm 1 after updating U: 0.0137801
200 iterations
f(b) = 0.0541836
Frob norm 2 after updating B : 0.0140712
Iteration number -------- 92  -----------
lambda : 1.57439
max_diff => 9.998e-08
performed mixing
Frob norm 1 after updating U: 0.0138128
200 iterations
f(b) = 0.0551093
Frob norm 2 after updating B : 0.0140168
Iteration number -------- 93  -----------
lambda : 1.58226
max_diff => 9.998e-08
performed mixing
Frob norm 1 after updating U: 0.0138353
200 iterations
f(b) = 0.0363462
Frob norm 2 after updating B : 0.0140036
Iteration number -------- 94  -----------
lambda : 1.59017
max_diff => 9.998e-08
performed mixing
Frob norm 1 after updating U: 0.0138573
200 iterations
f(b) = 0.0542619
Frob norm 2 after updating B : 0.0139263
Iteration number -------- 95  -----------
lambda : 1.59812
max_diff => 9.998e-08
performed mixing
Frob norm 1 after updating U: 0.0138263
200 iterations
f(b) = 0.0458897
Frob norm 2 after updating B : 0.0138458
Iteration number -------- 96  -----------
lambda : 1.60611
max_diff => 9.998e-08
performed mixing
Frob norm 1 after updating U: 0.0137624
200 iterations
f(b) = 0.0511534
Frob norm 2 after updating B : 0.0138664
Iteration number -------- 97  -----------
lambda : 1.61414
max_diff => 9.998e-08
performed mixing
Frob norm 1 after updating U: 0.013797
200 iterations
f(b) = 0.049508
Frob norm 2 after updating B : 0.0138628
Iteration number -------- 98  -----------
lambda : 1.62221
max_diff => 9.998e-08
performed mixing
Frob norm 1 after updating U: 0.0138164
200 iterations
f(b) = 0.0569508
Frob norm 2 after updating B : 0.0138174
Iteration number -------- 99  -----------
lambda : 1.63032
max_diff => 9.998e-08
performed mixing
Frob norm 1 after updating U: 0.0137832
200 iterations
f(b) = 0.0593733
Frob norm 2 after updating B : 0.0137968
Iteration number -------- 100  -----------
lambda : 1.63848
max_diff => 9.998e-08
