Academic license - for non-commercial use only
Frob norm 1 after updating U: 11.703
200 iterations
f(b) = 70.4743
Frob norm 2 after updating B : 7.50938
Iteration number -------- 1  -----------
lambda : 1
max_diff => 0.146008
performed mixing
Frob norm 1 after updating U: 5.59859
200 iterations
f(b) = 59.3444
Frob norm 2 after updating B : 6.92797
Iteration number -------- 2  -----------
lambda : 1.005
max_diff => 0.179564
performed mixing
Frob norm 1 after updating U: 5.00768
200 iterations
f(b) = 50.5098
Frob norm 2 after updating B : 6.31775
Iteration number -------- 3  -----------
lambda : 1.01002
max_diff => 0.187429
performed mixing
Frob norm 1 after updating U: 4.66696
200 iterations
f(b) = 43.3949
Frob norm 2 after updating B : 5.79772
Iteration number -------- 4  -----------
lambda : 1.01508
max_diff => 0.190932
performed mixing
Frob norm 1 after updating U: 4.31393
200 iterations
f(b) = 37.4329
Frob norm 2 after updating B : 5.37821
Iteration number -------- 5  -----------
lambda : 1.02015
max_diff => 0.185101
performed mixing
Frob norm 1 after updating U: 4.0377
200 iterations
f(b) = 30.6251
Frob norm 2 after updating B : 4.86981
Iteration number -------- 6  -----------
lambda : 1.02525
max_diff => 0.124966
performed mixing
Frob norm 1 after updating U: 3.33485
200 iterations
f(b) = 25.7603
Frob norm 2 after updating B : 4.43854
Iteration number -------- 7  -----------
lambda : 1.03038
max_diff => 0.12004
performed mixing
Frob norm 1 after updating U: 3.10462
200 iterations
f(b) = 21.9267
Frob norm 2 after updating B : 4.07208
Iteration number -------- 8  -----------
lambda : 1.03553
max_diff => 0.113326
performed mixing
Frob norm 1 after updating U: 2.98983
200 iterations
f(b) = 19.0188
Frob norm 2 after updating B : 3.75805
Iteration number -------- 9  -----------
lambda : 1.04071
max_diff => 0.105464
performed mixing
Frob norm 1 after updating U: 2.90369
200 iterations
f(b) = 16.8943
Frob norm 2 after updating B : 3.48463
Iteration number -------- 10  -----------
lambda : 1.04591
max_diff => 0.0986294
performed mixing
Frob norm 1 after updating U: 2.84237
200 iterations
f(b) = 14.4234
Frob norm 2 after updating B : 3.13132
Iteration number -------- 11  -----------
lambda : 1.05114
max_diff => 0.100201
performed mixing
Frob norm 1 after updating U: 2.60593
200 iterations
f(b) = 13.1152
Frob norm 2 after updating B : 2.97185
Iteration number -------- 12  -----------
lambda : 1.0564
max_diff => 0.0794867
performed mixing
Frob norm 1 after updating U: 2.53054
200 iterations
f(b) = 12.2159
Frob norm 2 after updating B : 2.83869
Iteration number -------- 13  -----------
lambda : 1.06168
max_diff => 0.0765466
performed mixing
Frob norm 1 after updating U: 2.52305
200 iterations
f(b) = 11.6103
Frob norm 2 after updating B : 2.734
Iteration number -------- 14  -----------
lambda : 1.06699
max_diff => 0.0751777
performed mixing
Frob norm 1 after updating U: 2.5207
200 iterations
f(b) = 11.0279
Frob norm 2 after updating B : 2.69737
Iteration number -------- 15  -----------
lambda : 1.07232
max_diff => 0.0612673
performed mixing
Frob norm 1 after updating U: 2.49604
200 iterations
f(b) = 10.71
Frob norm 2 after updating B : 2.62917
Iteration number -------- 16  -----------
lambda : 1.07768
max_diff => 0.0609063
performed mixing
Frob norm 1 after updating U: 2.49592
200 iterations
f(b) = 10.3044
Frob norm 2 after updating B : 2.61787
Iteration number -------- 17  -----------
lambda : 1.08307
max_diff => 0.0513253
performed mixing
Frob norm 1 after updating U: 2.49006
200 iterations
f(b) = 9.96182
Frob norm 2 after updating B : 2.66179
Iteration number -------- 18  -----------
lambda : 1.08849
max_diff => 0.037616
performed mixing
Frob norm 1 after updating U: 2.4891
200 iterations
f(b) = 9.67958
Frob norm 2 after updating B : 2.60299
Iteration number -------- 19  -----------
lambda : 1.09393
max_diff => 0.037589
performed mixing
Frob norm 1 after updating U: 2.4895
200 iterations
f(b) = 9.48727
Frob norm 2 after updating B : 2.56511
Iteration number -------- 20  -----------
lambda : 1.0994
max_diff => 0.037527
performed mixing
Frob norm 1 after updating U: 2.48989
200 iterations
f(b) = 9.21508
Frob norm 2 after updating B : 2.56914
Iteration number -------- 21  -----------
lambda : 1.1049
max_diff => 0.0371755
performed mixing
Frob norm 1 after updating U: 2.49281
200 iterations
f(b) = 9.11723
Frob norm 2 after updating B : 2.54306
Iteration number -------- 22  -----------
lambda : 1.11042
max_diff => 0.0370975
performed mixing
Frob norm 1 after updating U: 2.49341
200 iterations
f(b) = 9.03727
Frob norm 2 after updating B : 2.52702
Iteration number -------- 23  -----------
lambda : 1.11597
max_diff => 0.0370144
performed mixing
Frob norm 1 after updating U: 2.49431
200 iterations
f(b) = 8.97902
Frob norm 2 after updating B : 2.51684
Iteration number -------- 24  -----------
lambda : 1.12155
max_diff => 0.0368739
performed mixing
Frob norm 1 after updating U: 2.4952
200 iterations
f(b) = 8.77113
Frob norm 2 after updating B : 2.61731
Iteration number -------- 25  -----------
lambda : 1.12716
max_diff => 0.030717
performed mixing
Frob norm 1 after updating U: 2.5436
200 iterations
f(b) = 8.66609
Frob norm 2 after updating B : 2.59249
Iteration number -------- 26  -----------
lambda : 1.1328
max_diff => 0.0307077
performed mixing
Frob norm 1 after updating U: 2.54446
200 iterations
f(b) = 8.53197
Frob norm 2 after updating B : 2.57737
Iteration number -------- 27  -----------
lambda : 1.13846
max_diff => 0.0306419
performed mixing
Frob norm 1 after updating U: 2.54529
200 iterations
f(b) = 8.53285
Frob norm 2 after updating B : 2.5679
Iteration number -------- 28  -----------
lambda : 1.14415
max_diff => 0.0305573
performed mixing
Frob norm 1 after updating U: 2.54656
200 iterations
f(b) = 8.49355
Frob norm 2 after updating B : 2.56231
Iteration number -------- 29  -----------
lambda : 1.14987
max_diff => 0.0304394
performed mixing
Frob norm 1 after updating U: 2.54773
200 iterations
f(b) = 8.45719
Frob norm 2 after updating B : 2.56128
Iteration number -------- 30  -----------
lambda : 1.15562
max_diff => 0.0302151
performed mixing
Frob norm 1 after updating U: 2.55031
200 iterations
f(b) = 8.14153
Frob norm 2 after updating B : 2.64687
Iteration number -------- 31  -----------
lambda : 1.1614
max_diff => 0.0272358
performed mixing
Frob norm 1 after updating U: 2.59461
200 iterations
f(b) = 8.0997
Frob norm 2 after updating B : 2.62881
Iteration number -------- 32  -----------
lambda : 1.16721
max_diff => 0.027181
performed mixing
Frob norm 1 after updating U: 2.59505
200 iterations
f(b) = 8.04425
Frob norm 2 after updating B : 2.61719
Iteration number -------- 33  -----------
lambda : 1.17304
max_diff => 0.027117
performed mixing
Frob norm 1 after updating U: 2.59542
200 iterations
f(b) = 8.00304
Frob norm 2 after updating B : 2.60968
Iteration number -------- 34  -----------
lambda : 1.17891
max_diff => 0.0270578
performed mixing
Frob norm 1 after updating U: 2.59555
200 iterations
f(b) = 7.9613
Frob norm 2 after updating B : 2.60541
Iteration number -------- 35  -----------
lambda : 1.1848
max_diff => 0.0269534
performed mixing
Frob norm 1 after updating U: 2.59622
200 iterations
f(b) = 7.92373
Frob norm 2 after updating B : 2.60324
Iteration number -------- 36  -----------
lambda : 1.19073
max_diff => 0.0267207
performed mixing
Frob norm 1 after updating U: 2.59709
200 iterations
f(b) = 7.94738
Frob norm 2 after updating B : 2.60242
Iteration number -------- 37  -----------
lambda : 1.19668
max_diff => 0.0265728
performed mixing
Frob norm 1 after updating U: 2.5983
200 iterations
f(b) = 7.94929
Frob norm 2 after updating B : 2.60199
Iteration number -------- 38  -----------
lambda : 1.20266
max_diff => 0.0264328
performed mixing
Frob norm 1 after updating U: 2.59922
200 iterations
f(b) = 7.94566
Frob norm 2 after updating B : 2.6018
Iteration number -------- 39  -----------
lambda : 1.20868
max_diff => 0.0263067
performed mixing
Frob norm 1 after updating U: 2.59993
200 iterations
f(b) = 7.94649
Frob norm 2 after updating B : 2.60196
Iteration number -------- 40  -----------
lambda : 1.21472
max_diff => 0.0261808
performed mixing
Frob norm 1 after updating U: 2.60068
200 iterations
f(b) = 7.94687
Frob norm 2 after updating B : 2.60232
Iteration number -------- 41  -----------
lambda : 1.22079
max_diff => 0.0260312
performed mixing
Frob norm 1 after updating U: 2.60143
200 iterations
f(b) = 7.945
Frob norm 2 after updating B : 2.60292
Iteration number -------- 42  -----------
lambda : 1.2269
max_diff => 0.0258786
performed mixing
Frob norm 1 after updating U: 2.60227
200 iterations
f(b) = 7.94202
Frob norm 2 after updating B : 2.60391
Iteration number -------- 43  -----------
lambda : 1.23303
max_diff => 0.0256927
performed mixing
Frob norm 1 after updating U: 2.60339
200 iterations
f(b) = 7.94194
Frob norm 2 after updating B : 2.60468
Iteration number -------- 44  -----------
lambda : 1.2392
max_diff => 0.0255259
performed mixing
Frob norm 1 after updating U: 2.60431
200 iterations
f(b) = 7.95026
Frob norm 2 after updating B : 2.60492
Iteration number -------- 45  -----------
lambda : 1.24539
max_diff => 0.0254271
performed mixing
Frob norm 1 after updating U: 2.60467
200 iterations
f(b) = 7.95004
Frob norm 2 after updating B : 2.60563
Iteration number -------- 46  -----------
lambda : 1.25162
max_diff => 0.0252669
performed mixing
Frob norm 1 after updating U: 2.60545
200 iterations
f(b) = 7.95878
Frob norm 2 after updating B : 2.60601
Iteration number -------- 47  -----------
lambda : 1.25788
max_diff => 0.0251269
performed mixing
Frob norm 1 after updating U: 2.60589
200 iterations
f(b) = 7.95661
Frob norm 2 after updating B : 2.60639
Iteration number -------- 48  -----------
lambda : 1.26417
max_diff => 0.0250003
performed mixing
Frob norm 1 after updating U: 2.6063
200 iterations
f(b) = 7.96427
Frob norm 2 after updating B : 2.60665
Iteration number -------- 49  -----------
lambda : 1.27049
max_diff => 0.0248952
performed mixing
Frob norm 1 after updating U: 2.60658
200 iterations
f(b) = 7.96802
Frob norm 2 after updating B : 2.60743
Iteration number -------- 50  -----------
lambda : 1.27684
max_diff => 0.0247514
performed mixing
Frob norm 1 after updating U: 2.60738
200 iterations
f(b) = 7.97142
Frob norm 2 after updating B : 2.60839
Iteration number -------- 51  -----------
lambda : 1.28323
max_diff => 0.0245241
performed mixing
Frob norm 1 after updating U: 2.60834
200 iterations
f(b) = 7.98234
Frob norm 2 after updating B : 2.60914
Iteration number -------- 52  -----------
lambda : 1.28964
max_diff => 0.0243356
performed mixing
Frob norm 1 after updating U: 2.6091
200 iterations
f(b) = 7.92559
Frob norm 2 after updating B : 2.61007
Iteration number -------- 53  -----------
lambda : 1.29609
max_diff => 0.0241418
performed mixing
Frob norm 1 after updating U: 2.61003
200 iterations
f(b) = 7.98691
Frob norm 2 after updating B : 2.61056
Iteration number -------- 54  -----------
lambda : 1.30257
max_diff => 0.024035
performed mixing
Frob norm 1 after updating U: 2.61053
200 iterations
f(b) = 7.98926
Frob norm 2 after updating B : 2.61103
Iteration number -------- 55  -----------
lambda : 1.30908
max_diff => 0.0238859
performed mixing
Frob norm 1 after updating U: 2.611
200 iterations
f(b) = 7.99009
Frob norm 2 after updating B : 2.61187
Iteration number -------- 56  -----------
lambda : 1.31563
max_diff => 0.0237337
performed mixing
Frob norm 1 after updating U: 2.61184
200 iterations
f(b) = 7.99636
Frob norm 2 after updating B : 2.61263
Iteration number -------- 57  -----------
lambda : 1.32221
max_diff => 0.0235729
performed mixing
Frob norm 1 after updating U: 2.61261
200 iterations
f(b) = 7.99983
Frob norm 2 after updating B : 2.61326
Iteration number -------- 58  -----------
lambda : 1.32882
max_diff => 0.0234221
performed mixing
Frob norm 1 after updating U: 2.61323
200 iterations
f(b) = 8.00646
Frob norm 2 after updating B : 2.61363
Iteration number -------- 59  -----------
lambda : 1.33546
max_diff => 0.0232982
performed mixing
Frob norm 1 after updating U: 2.6136
200 iterations
f(b) = 8.00999
Frob norm 2 after updating B : 2.61479
Iteration number -------- 60  -----------
lambda : 1.34214
max_diff => 0.0230677
performed mixing
Frob norm 1 after updating U: 2.61476
200 iterations
f(b) = 8.01265
Frob norm 2 after updating B : 2.6154
Iteration number -------- 61  -----------
lambda : 1.34885
max_diff => 0.0229197
performed mixing
Frob norm 1 after updating U: 2.61538
200 iterations
f(b) = 8.01446
Frob norm 2 after updating B : 2.6163
Iteration number -------- 62  -----------
lambda : 1.35559
max_diff => 0.0226711
performed mixing
Frob norm 1 after updating U: 2.61627
200 iterations
f(b) = 8.01535
Frob norm 2 after updating B : 2.61733
Iteration number -------- 63  -----------
lambda : 1.36237
max_diff => 0.0224997
performed mixing
Frob norm 1 after updating U: 2.6173
200 iterations
f(b) = 8.01829
Frob norm 2 after updating B : 2.61836
Iteration number -------- 64  -----------
lambda : 1.36918
max_diff => 0.0222373
performed mixing
Frob norm 1 after updating U: 2.61833
200 iterations
f(b) = 8.02591
Frob norm 2 after updating B : 2.61925
Iteration number -------- 65  -----------
lambda : 1.37603
max_diff => 0.0220475
performed mixing
Frob norm 1 after updating U: 2.61922
200 iterations
f(b) = 8.0206
Frob norm 2 after updating B : 2.62061
Iteration number -------- 66  -----------
lambda : 1.38291
max_diff => 0.0216935
performed mixing
Frob norm 1 after updating U: 2.62057
200 iterations
f(b) = 8.02965
Frob norm 2 after updating B : 2.62143
Iteration number -------- 67  -----------
lambda : 1.38982
max_diff => 0.0214733
performed mixing
Frob norm 1 after updating U: 2.6214
200 iterations
f(b) = 8.02582
Frob norm 2 after updating B : 2.62305
Iteration number -------- 68  -----------
lambda : 1.39677
max_diff => 0.0211712
performed mixing
Frob norm 1 after updating U: 2.623
200 iterations
f(b) = 8.03501
Frob norm 2 after updating B : 2.62349
Iteration number -------- 69  -----------
lambda : 1.40376
max_diff => 0.0210964
performed mixing
Frob norm 1 after updating U: 2.62344
200 iterations
f(b) = 8.028
Frob norm 2 after updating B : 2.62497
Iteration number -------- 70  -----------
lambda : 1.41078
max_diff => 0.0207725
performed mixing
Frob norm 1 after updating U: 2.62492
200 iterations
f(b) = 8.04384
Frob norm 2 after updating B : 2.62596
Iteration number -------- 71  -----------
lambda : 1.41783
max_diff => 0.0206351
performed mixing
Frob norm 1 after updating U: 2.62592
200 iterations
f(b) = 8.04067
Frob norm 2 after updating B : 2.62645
Iteration number -------- 72  -----------
lambda : 1.42492
max_diff => 0.0204866
performed mixing
Frob norm 1 after updating U: 2.62642
200 iterations
f(b) = 8.03541
Frob norm 2 after updating B : 2.62821
Iteration number -------- 73  -----------
lambda : 1.43204
max_diff => 0.0201808
performed mixing
Frob norm 1 after updating U: 2.62816
200 iterations
f(b) = 8.04829
Frob norm 2 after updating B : 2.62951
Iteration number -------- 74  -----------
lambda : 1.4392
max_diff => 0.0198781
performed mixing
Frob norm 1 after updating U: 2.62946
200 iterations
f(b) = 8.04197
Frob norm 2 after updating B : 2.63074
Iteration number -------- 75  -----------
lambda : 1.4464
max_diff => 0.0196445
performed mixing
Frob norm 1 after updating U: 2.63069
200 iterations
f(b) = 8.04808
Frob norm 2 after updating B : 2.63169
Iteration number -------- 76  -----------
lambda : 1.45363
max_diff => 0.019437
performed mixing
Frob norm 1 after updating U: 2.63165
200 iterations
f(b) = 8.04465
Frob norm 2 after updating B : 2.6337
Iteration number -------- 77  -----------
lambda : 1.4609
max_diff => 0.0190299
performed mixing
Frob norm 1 after updating U: 2.63364
200 iterations
f(b) = 8.04732
Frob norm 2 after updating B : 2.63494
Iteration number -------- 78  -----------
lambda : 1.46821
max_diff => 0.0187857
performed mixing
Frob norm 1 after updating U: 2.63488
200 iterations
f(b) = 8.04763
Frob norm 2 after updating B : 2.63595
Iteration number -------- 79  -----------
lambda : 1.47555
max_diff => 0.0185394
performed mixing
Frob norm 1 after updating U: 2.63589
200 iterations
f(b) = 8.05481
Frob norm 2 after updating B : 2.63678
Iteration number -------- 80  -----------
lambda : 1.48292
max_diff => 0.0183767
performed mixing
Frob norm 1 after updating U: 2.63673
200 iterations
f(b) = 8.04998
Frob norm 2 after updating B : 2.63805
Iteration number -------- 81  -----------
lambda : 1.49034
max_diff => 0.0180374
performed mixing
Frob norm 1 after updating U: 2.638
200 iterations
f(b) = 8.05375
Frob norm 2 after updating B : 2.63882
Iteration number -------- 82  -----------
lambda : 1.49779
max_diff => 0.0178367
performed mixing
Frob norm 1 after updating U: 2.63878
200 iterations
f(b) = 8.06157
Frob norm 2 after updating B : 2.6394
Iteration number -------- 83  -----------
lambda : 1.50528
max_diff => 0.017682
performed mixing
Frob norm 1 after updating U: 2.63936
200 iterations
f(b) = 8.0626
Frob norm 2 after updating B : 2.64041
Iteration number -------- 84  -----------
lambda : 1.51281
max_diff => 0.0174047
performed mixing
Frob norm 1 after updating U: 2.64038
200 iterations
f(b) = 8.06677
Frob norm 2 after updating B : 2.64113
Iteration number -------- 85  -----------
lambda : 1.52037
max_diff => 0.0171961
performed mixing
Frob norm 1 after updating U: 2.6411
200 iterations
f(b) = 8.06686
Frob norm 2 after updating B : 2.64214
Iteration number -------- 86  -----------
lambda : 1.52797
max_diff => 0.0169245
performed mixing
Frob norm 1 after updating U: 2.64211
200 iterations
f(b) = 8.06359
Frob norm 2 after updating B : 2.64274
Iteration number -------- 87  -----------
lambda : 1.53561
max_diff => 0.0167518
performed mixing
Frob norm 1 after updating U: 2.64272
200 iterations
f(b) = 8.07779
Frob norm 2 after updating B : 2.64354
Iteration number -------- 88  -----------
lambda : 1.54329
max_diff => 0.0165606
performed mixing
Frob norm 1 after updating U: 2.64351
200 iterations
f(b) = 8.0706
Frob norm 2 after updating B : 2.64476
Iteration number -------- 89  -----------
lambda : 1.55101
max_diff => 0.0161649
performed mixing
Frob norm 1 after updating U: 2.64474
200 iterations
f(b) = 8.0781
Frob norm 2 after updating B : 2.64556
Iteration number -------- 90  -----------
lambda : 1.55876
max_diff => 0.0159674
performed mixing
Frob norm 1 after updating U: 2.64553
200 iterations
f(b) = 8.08702
Frob norm 2 after updating B : 2.64642
Iteration number -------- 91  -----------
lambda : 1.56655
max_diff => 0.0157744
performed mixing
Frob norm 1 after updating U: 2.6464
200 iterations
f(b) = 7.76448
Frob norm 2 after updating B : 2.76161
Iteration number -------- 92  -----------
lambda : 1.57439
max_diff => 0.000379762
performed mixing
Frob norm 1 after updating U: 2.75063
200 iterations
f(b) = 7.81421
Frob norm 2 after updating B : 2.75958
Iteration number -------- 93  -----------
lambda : 1.58226
max_diff => 0.000325787
performed mixing
Frob norm 1 after updating U: 2.75242
200 iterations
f(b) = 7.79526
Frob norm 2 after updating B : 2.75878
Iteration number -------- 94  -----------
lambda : 1.59017
max_diff => 0.00026468
performed mixing
Frob norm 1 after updating U: 2.75406
200 iterations
f(b) = 7.78071
Frob norm 2 after updating B : 2.7585
Iteration number -------- 95  -----------
lambda : 1.59812
max_diff => 0.000219973
performed mixing
Frob norm 1 after updating U: 2.75538
200 iterations
f(b) = 7.78716
Frob norm 2 after updating B : 2.7583
Iteration number -------- 96  -----------
lambda : 1.60611
max_diff => 0.000184236
performed mixing
Frob norm 1 after updating U: 2.75622
200 iterations
f(b) = 7.7762
Frob norm 2 after updating B : 2.7584
Iteration number -------- 97  -----------
lambda : 1.61414
max_diff => 0.000158829
performed mixing
Frob norm 1 after updating U: 2.75703
200 iterations
f(b) = 7.76708
Frob norm 2 after updating B : 2.75883
Iteration number -------- 98  -----------
lambda : 1.62221
max_diff => 0.000128603
performed mixing
Frob norm 1 after updating U: 2.75791
200 iterations
f(b) = 7.73757
Frob norm 2 after updating B : 2.73243
Iteration number -------- 99  -----------
lambda : 1.63032
max_diff => 0.000684184
performed mixing
Frob norm 1 after updating U: 2.73158
200 iterations
f(b) = 7.79405
Frob norm 2 after updating B : 2.73945
Iteration number -------- 100  -----------
lambda : 1.63848
max_diff => 0.000531855
