Academic license - for non-commercial use only
Frob norm 1 after updating U: 11.6988
200 iterations
f(b) = 87.4091
Frob norm 2 after updating B : 8.712
Iteration number -------- 1  -----------
lambda : 1
max_diff => 0.108714
performed mixing
Frob norm 1 after updating U: 7.78305
200 iterations
f(b) = 80.5465
Frob norm 2 after updating B : 8.43062
Iteration number -------- 2  -----------
lambda : 1.005
max_diff => 0.0944047
performed mixing
Frob norm 1 after updating U: 7.45634
200 iterations
f(b) = 74.3098
Frob norm 2 after updating B : 8.10894
Iteration number -------- 3  -----------
lambda : 1.01002
max_diff => 0.0956523
performed mixing
Frob norm 1 after updating U: 7.21915
200 iterations
f(b) = 68.9796
Frob norm 2 after updating B : 7.79305
Iteration number -------- 4  -----------
lambda : 1.01508
max_diff => 0.097045
performed mixing
Frob norm 1 after updating U: 7.03713
200 iterations
f(b) = 64.7942
Frob norm 2 after updating B : 7.5189
Iteration number -------- 5  -----------
lambda : 1.02015
max_diff => 0.0971372
performed mixing
Frob norm 1 after updating U: 6.90504
200 iterations
f(b) = 61.2369
Frob norm 2 after updating B : 7.29768
Iteration number -------- 6  -----------
lambda : 1.02525
max_diff => 0.095212
performed mixing
Frob norm 1 after updating U: 6.76351
200 iterations
f(b) = 58.3422
Frob norm 2 after updating B : 7.1145
Iteration number -------- 7  -----------
lambda : 1.03038
max_diff => 0.0893865
performed mixing
Frob norm 1 after updating U: 6.66935
200 iterations
f(b) = 56.0062
Frob norm 2 after updating B : 6.96138
Iteration number -------- 8  -----------
lambda : 1.03553
max_diff => 0.0867245
performed mixing
Frob norm 1 after updating U: 6.59428
200 iterations
f(b) = 54.0543
Frob norm 2 after updating B : 6.83854
Iteration number -------- 9  -----------
lambda : 1.04071
max_diff => 0.0814156
performed mixing
Frob norm 1 after updating U: 6.53464
200 iterations
f(b) = 52.4165
Frob norm 2 after updating B : 6.7389
Iteration number -------- 10  -----------
lambda : 1.04591
max_diff => 0.076552
performed mixing
Frob norm 1 after updating U: 6.46336
200 iterations
f(b) = 50.9936
Frob norm 2 after updating B : 6.64805
Iteration number -------- 11  -----------
lambda : 1.05114
max_diff => 0.0711954
performed mixing
Frob norm 1 after updating U: 6.4089
200 iterations
f(b) = 49.6945
Frob norm 2 after updating B : 6.57988
Iteration number -------- 12  -----------
lambda : 1.0564
max_diff => 0.0648021
performed mixing
Frob norm 1 after updating U: 6.33283
200 iterations
f(b) = 42.2736
Frob norm 2 after updating B : 5.84699
Iteration number -------- 13  -----------
lambda : 1.06168
max_diff => 0.602385
performed mixing
Frob norm 1 after updating U: 5.49137
200 iterations
f(b) = 38.2693
Frob norm 2 after updating B : 5.74221
Iteration number -------- 14  -----------
lambda : 1.06699
max_diff => 0.185747
performed mixing
Frob norm 1 after updating U: 5.41569
200 iterations
f(b) = 36.9681
Frob norm 2 after updating B : 5.6319
Iteration number -------- 15  -----------
lambda : 1.07232
max_diff => 0.176191
performed mixing
Frob norm 1 after updating U: 5.41466
200 iterations
f(b) = 36.115
Frob norm 2 after updating B : 5.55738
Iteration number -------- 16  -----------
lambda : 1.07768
max_diff => 0.17103
performed mixing
Frob norm 1 after updating U: 5.41348
200 iterations
f(b) = 35.1802
Frob norm 2 after updating B : 5.52607
Iteration number -------- 17  -----------
lambda : 1.08307
max_diff => 0.0917427
performed mixing
Frob norm 1 after updating U: 5.37912
200 iterations
f(b) = 34.6502
Frob norm 2 after updating B : 5.47655
Iteration number -------- 18  -----------
lambda : 1.08849
max_diff => 0.0906234
performed mixing
Frob norm 1 after updating U: 5.38005
200 iterations
f(b) = 34.2373
Frob norm 2 after updating B : 5.44861
Iteration number -------- 19  -----------
lambda : 1.09393
max_diff => 0.0867891
performed mixing
Frob norm 1 after updating U: 5.38161
200 iterations
f(b) = 33.9967
Frob norm 2 after updating B : 5.42563
Iteration number -------- 20  -----------
lambda : 1.0994
max_diff => 0.0858018
performed mixing
Frob norm 1 after updating U: 5.38184
200 iterations
f(b) = 33.8502
Frob norm 2 after updating B : 5.41052
Iteration number -------- 21  -----------
lambda : 1.1049
max_diff => 0.0848913
performed mixing
Frob norm 1 after updating U: 5.38184
200 iterations
f(b) = 33.7575
Frob norm 2 after updating B : 5.40042
Iteration number -------- 22  -----------
lambda : 1.11042
max_diff => 0.0841591
performed mixing
Frob norm 1 after updating U: 5.38151
200 iterations
f(b) = 33.6998
Frob norm 2 after updating B : 5.39372
Iteration number -------- 23  -----------
lambda : 1.11597
max_diff => 0.082999
performed mixing
Frob norm 1 after updating U: 5.38106
200 iterations
f(b) = 33.5464
Frob norm 2 after updating B : 5.38591
Iteration number -------- 24  -----------
lambda : 1.12155
max_diff => 0.0619479
performed mixing
Frob norm 1 after updating U: 5.36736
200 iterations
f(b) = 33.5155
Frob norm 2 after updating B : 5.37794
Iteration number -------- 25  -----------
lambda : 1.12716
max_diff => 0.0619751
performed mixing
Frob norm 1 after updating U: 5.36496
200 iterations
f(b) = 33.489
Frob norm 2 after updating B : 5.37312
Iteration number -------- 26  -----------
lambda : 1.1328
max_diff => 0.0619858
performed mixing
Frob norm 1 after updating U: 5.36438
200 iterations
f(b) = 33.4629
Frob norm 2 after updating B : 5.36821
Iteration number -------- 27  -----------
lambda : 1.13846
max_diff => 0.0620302
performed mixing
Frob norm 1 after updating U: 5.36152
200 iterations
f(b) = 33.3526
Frob norm 2 after updating B : 5.35071
Iteration number -------- 28  -----------
lambda : 1.14415
max_diff => 0.0624776
performed mixing
Frob norm 1 after updating U: 5.33229
200 iterations
f(b) = 33.3233
Frob norm 2 after updating B : 5.34256
Iteration number -------- 29  -----------
lambda : 1.14987
max_diff => 0.062478
performed mixing
Frob norm 1 after updating U: 5.32996
200 iterations
f(b) = 32.5496
Frob norm 2 after updating B : 5.20048
Iteration number -------- 30  -----------
lambda : 1.15562
max_diff => 0.0988048
performed mixing
Frob norm 1 after updating U: 4.8094
200 iterations
f(b) = 30.1408
Frob norm 2 after updating B : 4.99318
Iteration number -------- 31  -----------
lambda : 1.1614
max_diff => 0.0683588
performed mixing
Frob norm 1 after updating U: 4.31464
200 iterations
f(b) = 27.3276
Frob norm 2 after updating B : 4.85255
Iteration number -------- 32  -----------
lambda : 1.16721
max_diff => 0.0613126
performed mixing
Frob norm 1 after updating U: 4.2018
200 iterations
f(b) = 25.2837
Frob norm 2 after updating B : 4.63447
Iteration number -------- 33  -----------
lambda : 1.17304
max_diff => 0.0612982
performed mixing
Frob norm 1 after updating U: 4.20143
200 iterations
f(b) = 23.7324
Frob norm 2 after updating B : 4.49208
Iteration number -------- 34  -----------
lambda : 1.17891
max_diff => 0.0604892
performed mixing
Frob norm 1 after updating U: 4.18113
200 iterations
f(b) = 22.8306
Frob norm 2 after updating B : 4.38663
Iteration number -------- 35  -----------
lambda : 1.1848
max_diff => 0.0604766
performed mixing
Frob norm 1 after updating U: 4.18141
200 iterations
f(b) = 22.2304
Frob norm 2 after updating B : 4.31678
Iteration number -------- 36  -----------
lambda : 1.19073
max_diff => 0.06046
performed mixing
Frob norm 1 after updating U: 4.18121
200 iterations
f(b) = 21.8158
Frob norm 2 after updating B : 4.27155
Iteration number -------- 37  -----------
lambda : 1.19668
max_diff => 0.060338
performed mixing
Frob norm 1 after updating U: 4.17989
200 iterations
f(b) = 21.5638
Frob norm 2 after updating B : 4.24038
Iteration number -------- 38  -----------
lambda : 1.20266
max_diff => 0.0602929
performed mixing
Frob norm 1 after updating U: 4.17907
200 iterations
f(b) = 21.407
Frob norm 2 after updating B : 4.21944
Iteration number -------- 39  -----------
lambda : 1.20868
max_diff => 0.0602476
performed mixing
Frob norm 1 after updating U: 4.17807
200 iterations
f(b) = 21.3026
Frob norm 2 after updating B : 4.20516
Iteration number -------- 40  -----------
lambda : 1.21472
max_diff => 0.0602028
performed mixing
Frob norm 1 after updating U: 4.17688
200 iterations
f(b) = 21.2265
Frob norm 2 after updating B : 4.1947
Iteration number -------- 41  -----------
lambda : 1.22079
max_diff => 0.0601563
performed mixing
Frob norm 1 after updating U: 4.17483
200 iterations
f(b) = 21.1835
Frob norm 2 after updating B : 4.18736
Iteration number -------- 42  -----------
lambda : 1.2269
max_diff => 0.060107
performed mixing
Frob norm 1 after updating U: 4.17325
200 iterations
f(b) = 20.9712
Frob norm 2 after updating B : 4.18338
Iteration number -------- 43  -----------
lambda : 1.23303
max_diff => 0.0578162
performed mixing
Frob norm 1 after updating U: 4.15349
200 iterations
f(b) = 20.8653
Frob norm 2 after updating B : 4.16565
Iteration number -------- 44  -----------
lambda : 1.2392
max_diff => 0.0578331
performed mixing
Frob norm 1 after updating U: 4.14358
200 iterations
f(b) = 20.8212
Frob norm 2 after updating B : 4.15711
Iteration number -------- 45  -----------
lambda : 1.24539
max_diff => 0.0577999
performed mixing
Frob norm 1 after updating U: 4.14196
200 iterations
f(b) = 20.7716
Frob norm 2 after updating B : 4.14962
Iteration number -------- 46  -----------
lambda : 1.25162
max_diff => 0.0577049
performed mixing
Frob norm 1 after updating U: 4.13847
200 iterations
f(b) = 20.7413
Frob norm 2 after updating B : 4.14338
Iteration number -------- 47  -----------
lambda : 1.25788
max_diff => 0.0576434
performed mixing
Frob norm 1 after updating U: 4.13522
200 iterations
f(b) = 19.5272
Frob norm 2 after updating B : 3.9908
Iteration number -------- 48  -----------
lambda : 1.26417
max_diff => 0.0521993
performed mixing
Frob norm 1 after updating U: 3.93005
200 iterations
f(b) = 19.3102
Frob norm 2 after updating B : 3.96917
Iteration number -------- 49  -----------
lambda : 1.27049
max_diff => 0.0522701
performed mixing
Frob norm 1 after updating U: 3.93037
200 iterations
f(b) = 19.2765
Frob norm 2 after updating B : 3.95554
Iteration number -------- 50  -----------
lambda : 1.27684
max_diff => 0.0522589
performed mixing
Frob norm 1 after updating U: 3.93063
200 iterations
f(b) = 19.2215
Frob norm 2 after updating B : 3.94657
Iteration number -------- 51  -----------
lambda : 1.28323
max_diff => 0.0522391
performed mixing
Frob norm 1 after updating U: 3.93051
200 iterations
f(b) = 19.1845
Frob norm 2 after updating B : 3.94077
Iteration number -------- 52  -----------
lambda : 1.28964
max_diff => 0.0522041
performed mixing
Frob norm 1 after updating U: 3.93039
200 iterations
f(b) = 19.1597
Frob norm 2 after updating B : 3.93715
Iteration number -------- 53  -----------
lambda : 1.29609
max_diff => 0.0520611
performed mixing
Frob norm 1 after updating U: 3.93035
200 iterations
f(b) = 19.1609
Frob norm 2 after updating B : 3.9347
Iteration number -------- 54  -----------
lambda : 1.30257
max_diff => 0.0520187
performed mixing
Frob norm 1 after updating U: 3.93028
200 iterations
f(b) = 19.1543
Frob norm 2 after updating B : 3.93299
Iteration number -------- 55  -----------
lambda : 1.30908
max_diff => 0.0519477
performed mixing
Frob norm 1 after updating U: 3.93009
200 iterations
f(b) = 19.1632
Frob norm 2 after updating B : 3.93196
Iteration number -------- 56  -----------
lambda : 1.31563
max_diff => 0.0518676
performed mixing
Frob norm 1 after updating U: 3.93004
200 iterations
f(b) = 19.1688
Frob norm 2 after updating B : 3.93123
Iteration number -------- 57  -----------
lambda : 1.32221
max_diff => 0.051792
performed mixing
Frob norm 1 after updating U: 3.92996
200 iterations
f(b) = 19.1718
Frob norm 2 after updating B : 3.93089
Iteration number -------- 58  -----------
lambda : 1.32882
max_diff => 0.051598
performed mixing
Frob norm 1 after updating U: 3.92999
200 iterations
f(b) = 19.1907
Frob norm 2 after updating B : 3.93048
Iteration number -------- 59  -----------
lambda : 1.33546
max_diff => 0.051511
performed mixing
Frob norm 1 after updating U: 3.92986
200 iterations
f(b) = 19.207
Frob norm 2 after updating B : 3.9304
Iteration number -------- 60  -----------
lambda : 1.34214
max_diff => 0.0514426
performed mixing
Frob norm 1 after updating U: 3.92997
200 iterations
f(b) = 19.2203
Frob norm 2 after updating B : 3.93026
Iteration number -------- 61  -----------
lambda : 1.34885
max_diff => 0.0513978
performed mixing
Frob norm 1 after updating U: 3.92996
200 iterations
f(b) = 19.2263
Frob norm 2 after updating B : 3.93029
Iteration number -------- 62  -----------
lambda : 1.35559
max_diff => 0.0512879
performed mixing
Frob norm 1 after updating U: 3.93006
200 iterations
f(b) = 19.2219
Frob norm 2 after updating B : 3.93022
Iteration number -------- 63  -----------
lambda : 1.36237
max_diff => 0.0512183
performed mixing
Frob norm 1 after updating U: 3.93006
200 iterations
f(b) = 19.2665
Frob norm 2 after updating B : 3.93019
Iteration number -------- 64  -----------
lambda : 1.36918
max_diff => 0.0511404
performed mixing
Frob norm 1 after updating U: 3.93007
200 iterations
f(b) = 19.2781
Frob norm 2 after updating B : 3.93023
Iteration number -------- 65  -----------
lambda : 1.37603
max_diff => 0.0510753
performed mixing
Frob norm 1 after updating U: 3.93014
200 iterations
f(b) = 19.3001
Frob norm 2 after updating B : 3.93022
Iteration number -------- 66  -----------
lambda : 1.38291
max_diff => 0.0510047
performed mixing
Frob norm 1 after updating U: 3.93015
200 iterations
f(b) = 19.3219
Frob norm 2 after updating B : 3.93025
Iteration number -------- 67  -----------
lambda : 1.38982
max_diff => 0.0509375
performed mixing
Frob norm 1 after updating U: 3.9302
200 iterations
f(b) = 19.3342
Frob norm 2 after updating B : 3.93028
Iteration number -------- 68  -----------
lambda : 1.39677
max_diff => 0.0508196
performed mixing
Frob norm 1 after updating U: 3.93023
200 iterations
f(b) = 19.3549
Frob norm 2 after updating B : 3.9303
Iteration number -------- 69  -----------
lambda : 1.40376
max_diff => 0.0507382
performed mixing
Frob norm 1 after updating U: 3.93026
200 iterations
f(b) = 19.3751
Frob norm 2 after updating B : 3.9303
Iteration number -------- 70  -----------
lambda : 1.41078
max_diff => 0.0506838
performed mixing
Frob norm 1 after updating U: 3.93027
200 iterations
f(b) = 19.3739
Frob norm 2 after updating B : 3.93033
Iteration number -------- 71  -----------
lambda : 1.41783
max_diff => 0.0506107
performed mixing
Frob norm 1 after updating U: 3.93031
200 iterations
f(b) = 19.4076
Frob norm 2 after updating B : 3.93049
Iteration number -------- 72  -----------
lambda : 1.42492
max_diff => 0.050509
performed mixing
Frob norm 1 after updating U: 3.93046
200 iterations
f(b) = 19.4218
Frob norm 2 after updating B : 3.93046
Iteration number -------- 73  -----------
lambda : 1.43204
max_diff => 0.0504699
performed mixing
Frob norm 1 after updating U: 3.93044
200 iterations
f(b) = 19.4509
Frob norm 2 after updating B : 3.93055
Iteration number -------- 74  -----------
lambda : 1.4392
max_diff => 0.05042
performed mixing
Frob norm 1 after updating U: 3.93053
200 iterations
f(b) = 19.4663
Frob norm 2 after updating B : 3.93061
Iteration number -------- 75  -----------
lambda : 1.4464
max_diff => 0.0503523
performed mixing
Frob norm 1 after updating U: 3.93059
200 iterations
f(b) = 19.4877
Frob norm 2 after updating B : 3.93074
Iteration number -------- 76  -----------
lambda : 1.45363
max_diff => 0.0502551
performed mixing
Frob norm 1 after updating U: 3.93072
200 iterations
f(b) = 19.4329
Frob norm 2 after updating B : 3.93106
Iteration number -------- 77  -----------
lambda : 1.4609
max_diff => 0.0500684
performed mixing
Frob norm 1 after updating U: 3.93103
200 iterations
f(b) = 19.5211
Frob norm 2 after updating B : 3.93122
Iteration number -------- 78  -----------
lambda : 1.46821
max_diff => 0.0499864
performed mixing
Frob norm 1 after updating U: 3.93119
200 iterations
f(b) = 19.5403
Frob norm 2 after updating B : 3.9314
Iteration number -------- 79  -----------
lambda : 1.47555
max_diff => 0.0499207
performed mixing
Frob norm 1 after updating U: 3.93138
200 iterations
f(b) = 19.5643
Frob norm 2 after updating B : 3.93156
Iteration number -------- 80  -----------
lambda : 1.48292
max_diff => 0.0498263
performed mixing
Frob norm 1 after updating U: 3.93154
200 iterations
f(b) = 19.5713
Frob norm 2 after updating B : 3.9317
Iteration number -------- 81  -----------
lambda : 1.49034
max_diff => 0.0497401
performed mixing
Frob norm 1 after updating U: 3.93168
200 iterations
f(b) = 19.5996
Frob norm 2 after updating B : 3.93183
Iteration number -------- 82  -----------
lambda : 1.49779
max_diff => 0.0496537
performed mixing
Frob norm 1 after updating U: 3.93181
200 iterations
f(b) = 19.6146
Frob norm 2 after updating B : 3.93203
Iteration number -------- 83  -----------
lambda : 1.50528
max_diff => 0.0495809
performed mixing
Frob norm 1 after updating U: 3.932
200 iterations
f(b) = 19.641
Frob norm 2 after updating B : 3.93213
Iteration number -------- 84  -----------
lambda : 1.51281
max_diff => 0.049481
performed mixing
Frob norm 1 after updating U: 3.93211
200 iterations
f(b) = 19.6556
Frob norm 2 after updating B : 3.93219
Iteration number -------- 85  -----------
lambda : 1.52037
max_diff => 0.0494039
performed mixing
Frob norm 1 after updating U: 3.93217
200 iterations
f(b) = 19.679
Frob norm 2 after updating B : 3.93238
Iteration number -------- 86  -----------
lambda : 1.52797
max_diff => 0.0493547
performed mixing
Frob norm 1 after updating U: 3.93236
200 iterations
f(b) = 19.6965
Frob norm 2 after updating B : 3.93255
Iteration number -------- 87  -----------
lambda : 1.53561
max_diff => 0.0492982
performed mixing
Frob norm 1 after updating U: 3.93253
200 iterations
f(b) = 19.7192
Frob norm 2 after updating B : 3.93266
Iteration number -------- 88  -----------
lambda : 1.54329
max_diff => 0.0492337
performed mixing
Frob norm 1 after updating U: 3.93265
200 iterations
f(b) = 19.7392
Frob norm 2 after updating B : 3.93282
Iteration number -------- 89  -----------
lambda : 1.55101
max_diff => 0.0491605
performed mixing
Frob norm 1 after updating U: 3.9328
200 iterations
f(b) = 19.7619
Frob norm 2 after updating B : 3.93301
Iteration number -------- 90  -----------
lambda : 1.55876
max_diff => 0.0490725
performed mixing
Frob norm 1 after updating U: 3.93299
200 iterations
f(b) = 19.7754
Frob norm 2 after updating B : 3.93327
Iteration number -------- 91  -----------
lambda : 1.56655
max_diff => 0.0489914
performed mixing
Frob norm 1 after updating U: 3.93325
200 iterations
f(b) = 19.8026
Frob norm 2 after updating B : 3.9334
Iteration number -------- 92  -----------
lambda : 1.57439
max_diff => 0.0489267
performed mixing
Frob norm 1 after updating U: 3.93338
200 iterations
f(b) = 19.8201
Frob norm 2 after updating B : 3.93361
Iteration number -------- 93  -----------
lambda : 1.58226
max_diff => 0.0488656
performed mixing
Frob norm 1 after updating U: 3.93359
200 iterations
f(b) = 19.8434
Frob norm 2 after updating B : 3.93396
Iteration number -------- 94  -----------
lambda : 1.59017
max_diff => 0.048748
performed mixing
Frob norm 1 after updating U: 3.93394
200 iterations
f(b) = 19.8626
Frob norm 2 after updating B : 3.93421
Iteration number -------- 95  -----------
lambda : 1.59812
max_diff => 0.0486645
performed mixing
Frob norm 1 after updating U: 3.93419
200 iterations
f(b) = 19.8769
Frob norm 2 after updating B : 3.93454
Iteration number -------- 96  -----------
lambda : 1.60611
max_diff => 0.0485544
performed mixing
Frob norm 1 after updating U: 3.93451
200 iterations
f(b) = 19.836
Frob norm 2 after updating B : 3.9352
Iteration number -------- 97  -----------
lambda : 1.61414
max_diff => 0.0480517
performed mixing
Frob norm 1 after updating U: 3.93511
200 iterations
f(b) = 19.9175
Frob norm 2 after updating B : 3.9356
Iteration number -------- 98  -----------
lambda : 1.62221
max_diff => 0.0479434
performed mixing
Frob norm 1 after updating U: 3.93552
200 iterations
f(b) = 19.9268
Frob norm 2 after updating B : 3.93573
Iteration number -------- 99  -----------
lambda : 1.63032
max_diff => 0.0478571
performed mixing
Frob norm 1 after updating U: 3.93567
200 iterations
f(b) = 19.9504
Frob norm 2 after updating B : 3.93599
Iteration number -------- 100  -----------
lambda : 1.63848
max_diff => 0.047726
