Academic license - for non-commercial use only
Frob norm 1 after updating U: 11.7014
200 iterations
f(b) = 58.432
Frob norm 2 after updating B : 6.83297
Iteration number -------- 1  -----------
lambda : 1
max_diff => 0.113973
performed mixing
Frob norm 1 after updating U: 5.60454
200 iterations
f(b) = 51.6112
Frob norm 2 after updating B : 6.35668
Iteration number -------- 2  -----------
lambda : 1.005
max_diff => 0.115762
performed mixing
Frob norm 1 after updating U: 5.14944
200 iterations
f(b) = 45.874
Frob norm 2 after updating B : 5.9995
Iteration number -------- 3  -----------
lambda : 1.01002
max_diff => 0.113912
performed mixing
Frob norm 1 after updating U: 4.91649
200 iterations
f(b) = 40.8768
Frob norm 2 after updating B : 5.67737
Iteration number -------- 4  -----------
lambda : 1.01508
max_diff => 0.1151
performed mixing
Frob norm 1 after updating U: 4.76502
200 iterations
f(b) = 37.1858
Frob norm 2 after updating B : 5.37214
Iteration number -------- 5  -----------
lambda : 1.02015
max_diff => 0.120001
performed mixing
Frob norm 1 after updating U: 4.6586
200 iterations
f(b) = 34.3285
Frob norm 2 after updating B : 5.13992
Iteration number -------- 6  -----------
lambda : 1.02525
max_diff => 0.118158
performed mixing
Frob norm 1 after updating U: 4.58389
200 iterations
f(b) = 31.9765
Frob norm 2 after updating B : 4.99119
Iteration number -------- 7  -----------
lambda : 1.03038
max_diff => 0.112695
performed mixing
Frob norm 1 after updating U: 4.48121
200 iterations
f(b) = 30.2887
Frob norm 2 after updating B : 4.8144
Iteration number -------- 8  -----------
lambda : 1.03553
max_diff => 0.112509
performed mixing
Frob norm 1 after updating U: 4.47913
200 iterations
f(b) = 28.3313
Frob norm 2 after updating B : 4.70498
Iteration number -------- 9  -----------
lambda : 1.04071
max_diff => 0.123981
performed mixing
Frob norm 1 after updating U: 4.27621
200 iterations
f(b) = 26.092
Frob norm 2 after updating B : 4.51933
Iteration number -------- 10  -----------
lambda : 1.04591
max_diff => 0.0800631
performed mixing
Frob norm 1 after updating U: 4.16484
200 iterations
f(b) = 25.0304
Frob norm 2 after updating B : 4.39703
Iteration number -------- 11  -----------
lambda : 1.05114
max_diff => 0.0799255
performed mixing
Frob norm 1 after updating U: 4.16437
200 iterations
f(b) = 24.2364
Frob norm 2 after updating B : 4.31705
Iteration number -------- 12  -----------
lambda : 1.0564
max_diff => 0.0788774
performed mixing
Frob norm 1 after updating U: 4.15451
200 iterations
f(b) = 23.7866
Frob norm 2 after updating B : 4.25936
Iteration number -------- 13  -----------
lambda : 1.06168
max_diff => 0.0788017
performed mixing
Frob norm 1 after updating U: 4.15397
200 iterations
f(b) = 23.3551
Frob norm 2 after updating B : 4.21629
Iteration number -------- 14  -----------
lambda : 1.06699
max_diff => 0.0776259
performed mixing
Frob norm 1 after updating U: 4.12691
200 iterations
f(b) = 23.1484
Frob norm 2 after updating B : 4.18444
Iteration number -------- 15  -----------
lambda : 1.07232
max_diff => 0.0775836
performed mixing
Frob norm 1 after updating U: 4.12672
200 iterations
f(b) = 22.9933
Frob norm 2 after updating B : 4.16366
Iteration number -------- 16  -----------
lambda : 1.07768
max_diff => 0.0775401
performed mixing
Frob norm 1 after updating U: 4.12627
200 iterations
f(b) = 22.904
Frob norm 2 after updating B : 4.14981
Iteration number -------- 17  -----------
lambda : 1.08307
max_diff => 0.0774812
performed mixing
Frob norm 1 after updating U: 4.12546
200 iterations
f(b) = 22.8569
Frob norm 2 after updating B : 4.14052
Iteration number -------- 18  -----------
lambda : 1.08849
max_diff => 0.0774322
performed mixing
Frob norm 1 after updating U: 4.12462
200 iterations
f(b) = 22.8337
Frob norm 2 after updating B : 4.13426
Iteration number -------- 19  -----------
lambda : 1.09393
max_diff => 0.0773854
performed mixing
Frob norm 1 after updating U: 4.12385
200 iterations
f(b) = 22.8259
Frob norm 2 after updating B : 4.12943
Iteration number -------- 20  -----------
lambda : 1.0994
max_diff => 0.0773138
performed mixing
Frob norm 1 after updating U: 4.12246
200 iterations
f(b) = 22.6863
Frob norm 2 after updating B : 4.11563
Iteration number -------- 21  -----------
lambda : 1.1049
max_diff => 0.0761848
performed mixing
Frob norm 1 after updating U: 4.09621
200 iterations
f(b) = 22.6965
Frob norm 2 after updating B : 4.10841
Iteration number -------- 22  -----------
lambda : 1.11042
max_diff => 0.0762514
performed mixing
Frob norm 1 after updating U: 4.0959
200 iterations
f(b) = 22.6878
Frob norm 2 after updating B : 4.10371
Iteration number -------- 23  -----------
lambda : 1.11597
max_diff => 0.0762975
performed mixing
Frob norm 1 after updating U: 4.09557
200 iterations
f(b) = 22.6828
Frob norm 2 after updating B : 4.10047
Iteration number -------- 24  -----------
lambda : 1.12155
max_diff => 0.0763742
performed mixing
Frob norm 1 after updating U: 4.09506
200 iterations
f(b) = 22.6933
Frob norm 2 after updating B : 4.09803
Iteration number -------- 25  -----------
lambda : 1.12716
max_diff => 0.0764444
performed mixing
Frob norm 1 after updating U: 4.09433
200 iterations
f(b) = 22.702
Frob norm 2 after updating B : 4.09613
Iteration number -------- 26  -----------
lambda : 1.1328
max_diff => 0.0765118
performed mixing
Frob norm 1 after updating U: 4.09352
200 iterations
f(b) = 22.7225
Frob norm 2 after updating B : 4.09461
Iteration number -------- 27  -----------
lambda : 1.13846
max_diff => 0.076605
performed mixing
Frob norm 1 after updating U: 4.09275
200 iterations
f(b) = 22.7447
Frob norm 2 after updating B : 4.09362
Iteration number -------- 28  -----------
lambda : 1.14415
max_diff => 0.0766703
performed mixing
Frob norm 1 after updating U: 4.09233
200 iterations
f(b) = 22.7574
Frob norm 2 after updating B : 4.09225
Iteration number -------- 29  -----------
lambda : 1.14987
max_diff => 0.0768599
performed mixing
Frob norm 1 after updating U: 4.09122
200 iterations
f(b) = 22.6413
Frob norm 2 after updating B : 4.08085
Iteration number -------- 30  -----------
lambda : 1.15562
max_diff => 0.079833
performed mixing
Frob norm 1 after updating U: 4.0647
200 iterations
f(b) = 22.6634
Frob norm 2 after updating B : 4.07505
Iteration number -------- 31  -----------
lambda : 1.1614
max_diff => 0.0799099
performed mixing
Frob norm 1 after updating U: 4.06467
200 iterations
f(b) = 22.6539
Frob norm 2 after updating B : 4.0712
Iteration number -------- 32  -----------
lambda : 1.16721
max_diff => 0.0799788
performed mixing
Frob norm 1 after updating U: 4.06443
200 iterations
f(b) = 22.6681
Frob norm 2 after updating B : 4.06861
Iteration number -------- 33  -----------
lambda : 1.17304
max_diff => 0.0800137
performed mixing
Frob norm 1 after updating U: 4.06413
200 iterations
f(b) = 22.6871
Frob norm 2 after updating B : 4.06692
Iteration number -------- 34  -----------
lambda : 1.17891
max_diff => 0.080055
performed mixing
Frob norm 1 after updating U: 4.06394
200 iterations
f(b) = 22.6978
Frob norm 2 after updating B : 4.06554
Iteration number -------- 35  -----------
lambda : 1.1848
max_diff => 0.0801344
performed mixing
Frob norm 1 after updating U: 4.06347
200 iterations
f(b) = 22.7225
Frob norm 2 after updating B : 4.06456
Iteration number -------- 36  -----------
lambda : 1.19073
max_diff => 0.0801829
performed mixing
Frob norm 1 after updating U: 4.06309
200 iterations
f(b) = 22.7449
Frob norm 2 after updating B : 4.06367
Iteration number -------- 37  -----------
lambda : 1.19668
max_diff => 0.0802285
performed mixing
Frob norm 1 after updating U: 4.06255
200 iterations
f(b) = 22.7629
Frob norm 2 after updating B : 4.0628
Iteration number -------- 38  -----------
lambda : 1.20266
max_diff => 0.0803113
performed mixing
Frob norm 1 after updating U: 4.06189
200 iterations
f(b) = 22.7907
Frob norm 2 after updating B : 4.06217
Iteration number -------- 39  -----------
lambda : 1.20868
max_diff => 0.08036
performed mixing
Frob norm 1 after updating U: 4.06147
200 iterations
f(b) = 22.8265
Frob norm 2 after updating B : 4.06177
Iteration number -------- 40  -----------
lambda : 1.21472
max_diff => 0.0803817
performed mixing
Frob norm 1 after updating U: 4.06127
200 iterations
f(b) = 22.8469
Frob norm 2 after updating B : 4.06132
Iteration number -------- 41  -----------
lambda : 1.22079
max_diff => 0.0804245
performed mixing
Frob norm 1 after updating U: 4.06095
200 iterations
f(b) = 22.8688
Frob norm 2 after updating B : 4.06071
Iteration number -------- 42  -----------
lambda : 1.2269
max_diff => 0.0804959
performed mixing
Frob norm 1 after updating U: 4.06037
200 iterations
f(b) = 22.8945
Frob norm 2 after updating B : 4.06011
Iteration number -------- 43  -----------
lambda : 1.23303
max_diff => 0.0805377
performed mixing
Frob norm 1 after updating U: 4.05977
200 iterations
f(b) = 22.9179
Frob norm 2 after updating B : 4.05963
Iteration number -------- 44  -----------
lambda : 1.2392
max_diff => 0.0805735
performed mixing
Frob norm 1 after updating U: 4.05932
200 iterations
f(b) = 22.9466
Frob norm 2 after updating B : 4.05918
Iteration number -------- 45  -----------
lambda : 1.24539
max_diff => 0.0806007
performed mixing
Frob norm 1 after updating U: 4.0589
200 iterations
f(b) = 22.9745
Frob norm 2 after updating B : 4.05873
Iteration number -------- 46  -----------
lambda : 1.25162
max_diff => 0.0806285
performed mixing
Frob norm 1 after updating U: 4.05848
200 iterations
f(b) = 22.9927
Frob norm 2 after updating B : 4.0581
Iteration number -------- 47  -----------
lambda : 1.25788
max_diff => 0.0806603
performed mixing
Frob norm 1 after updating U: 4.05784
200 iterations
f(b) = 23.0226
Frob norm 2 after updating B : 4.05769
Iteration number -------- 48  -----------
lambda : 1.26417
max_diff => 0.0806915
performed mixing
Frob norm 1 after updating U: 4.05744
200 iterations
f(b) = 23.0494
Frob norm 2 after updating B : 4.05728
Iteration number -------- 49  -----------
lambda : 1.27049
max_diff => 0.0806932
performed mixing
Frob norm 1 after updating U: 4.05703
200 iterations
f(b) = 22.9001
Frob norm 2 after updating B : 4.06226
Iteration number -------- 50  -----------
lambda : 1.27684
max_diff => 0.0807603
performed mixing
Frob norm 1 after updating U: 4.03947
200 iterations
f(b) = 22.9059
Frob norm 2 after updating B : 4.05428
Iteration number -------- 51  -----------
lambda : 1.28323
max_diff => 0.0807648
performed mixing
Frob norm 1 after updating U: 4.03964
200 iterations
f(b) = 22.8837
Frob norm 2 after updating B : 4.04915
Iteration number -------- 52  -----------
lambda : 1.28964
max_diff => 0.080764
performed mixing
Frob norm 1 after updating U: 4.0396
200 iterations
f(b) = 22.8305
Frob norm 2 after updating B : 4.04581
Iteration number -------- 53  -----------
lambda : 1.29609
max_diff => 0.0807449
performed mixing
Frob norm 1 after updating U: 4.03938
200 iterations
f(b) = 22.8519
Frob norm 2 after updating B : 4.04348
Iteration number -------- 54  -----------
lambda : 1.30257
max_diff => 0.0807279
performed mixing
Frob norm 1 after updating U: 4.03893
200 iterations
f(b) = 22.9149
Frob norm 2 after updating B : 4.04174
Iteration number -------- 55  -----------
lambda : 1.30908
max_diff => 0.0807126
performed mixing
Frob norm 1 after updating U: 4.03862
200 iterations
f(b) = 22.9298
Frob norm 2 after updating B : 4.0403
Iteration number -------- 56  -----------
lambda : 1.31563
max_diff => 0.080694
performed mixing
Frob norm 1 after updating U: 4.03788
200 iterations
f(b) = 22.9412
Frob norm 2 after updating B : 4.03913
Iteration number -------- 57  -----------
lambda : 1.32221
max_diff => 0.0806221
performed mixing
Frob norm 1 after updating U: 4.03725
200 iterations
f(b) = 22.9648
Frob norm 2 after updating B : 4.03804
Iteration number -------- 58  -----------
lambda : 1.32882
max_diff => 0.080562
performed mixing
Frob norm 1 after updating U: 4.03656
200 iterations
f(b) = 22.9869
Frob norm 2 after updating B : 4.03715
Iteration number -------- 59  -----------
lambda : 1.33546
max_diff => 0.0805088
performed mixing
Frob norm 1 after updating U: 4.036
200 iterations
f(b) = 22.9971
Frob norm 2 after updating B : 4.03595
Iteration number -------- 60  -----------
lambda : 1.34214
max_diff => 0.080398
performed mixing
Frob norm 1 after updating U: 4.03483
200 iterations
f(b) = 23.0285
Frob norm 2 after updating B : 4.0351
Iteration number -------- 61  -----------
lambda : 1.34885
max_diff => 0.0803398
performed mixing
Frob norm 1 after updating U: 4.03419
200 iterations
f(b) = 23.0432
Frob norm 2 after updating B : 4.03414
Iteration number -------- 62  -----------
lambda : 1.35559
max_diff => 0.0802381
performed mixing
Frob norm 1 after updating U: 4.03331
200 iterations
f(b) = 23.0663
Frob norm 2 after updating B : 4.03346
Iteration number -------- 63  -----------
lambda : 1.36237
max_diff => 0.0801711
performed mixing
Frob norm 1 after updating U: 4.03277
200 iterations
f(b) = 23.087
Frob norm 2 after updating B : 4.03248
Iteration number -------- 64  -----------
lambda : 1.36918
max_diff => 0.080034
performed mixing
Frob norm 1 after updating U: 4.0318
200 iterations
f(b) = 23.098
Frob norm 2 after updating B : 4.03107
Iteration number -------- 65  -----------
lambda : 1.37603
max_diff => 0.0798306
performed mixing
Frob norm 1 after updating U: 4.03016
200 iterations
f(b) = 22.7686
Frob norm 2 after updating B : 4.05766
Iteration number -------- 66  -----------
lambda : 1.38291
max_diff => 0.073606
performed mixing
Frob norm 1 after updating U: 3.98396
200 iterations
f(b) = 22.619
Frob norm 2 after updating B : 4.03154
Iteration number -------- 67  -----------
lambda : 1.38982
max_diff => 0.0736436
performed mixing
Frob norm 1 after updating U: 3.98365
200 iterations
f(b) = 22.5122
Frob norm 2 after updating B : 4.01436
Iteration number -------- 68  -----------
lambda : 1.39677
max_diff => 0.0736228
performed mixing
Frob norm 1 after updating U: 3.98283
200 iterations
f(b) = 22.0535
Frob norm 2 after updating B : 4.0428
Iteration number -------- 69  -----------
lambda : 1.40376
max_diff => 0.0768606
performed mixing
Frob norm 1 after updating U: 3.85443
200 iterations
f(b) = 21.5738
Frob norm 2 after updating B : 3.97635
Iteration number -------- 70  -----------
lambda : 1.41078
max_diff => 0.0771075
performed mixing
Frob norm 1 after updating U: 3.85244
200 iterations
f(b) = 21.1977
Frob norm 2 after updating B : 3.93003
Iteration number -------- 71  -----------
lambda : 1.41783
max_diff => 0.0784202
performed mixing
Frob norm 1 after updating U: 3.8409
200 iterations
f(b) = 20.5688
Frob norm 2 after updating B : 3.79415
Iteration number -------- 72  -----------
lambda : 1.42492
max_diff => 0.107514
performed mixing
Frob norm 1 after updating U: 3.57941
200 iterations
f(b) = 19.8523
Frob norm 2 after updating B : 3.71655
Iteration number -------- 73  -----------
lambda : 1.43204
max_diff => 0.109455
performed mixing
Frob norm 1 after updating U: 3.55652
200 iterations
f(b) = 17.1699
Frob norm 2 after updating B : 3.72322
Iteration number -------- 74  -----------
lambda : 1.4392
max_diff => 0.122792
performed mixing
Frob norm 1 after updating U: 2.6495
200 iterations
f(b) = 14.2099
Frob norm 2 after updating B : 3.43743
Iteration number -------- 75  -----------
lambda : 1.4464
max_diff => 0.0852906
performed mixing
Frob norm 1 after updating U: 2.54449
200 iterations
f(b) = 11.922
Frob norm 2 after updating B : 3.18577
Iteration number -------- 76  -----------
lambda : 1.45363
max_diff => 0.0581015
performed mixing
Frob norm 1 after updating U: 2.50444
200 iterations
f(b) = 10.3514
Frob norm 2 after updating B : 2.9737
Iteration number -------- 77  -----------
lambda : 1.4609
max_diff => 0.0562924
performed mixing
Frob norm 1 after updating U: 2.48994
200 iterations
f(b) = 9.4246
Frob norm 2 after updating B : 2.81041
Iteration number -------- 78  -----------
lambda : 1.46821
max_diff => 0.0562121
performed mixing
Frob norm 1 after updating U: 2.48989
200 iterations
f(b) = 8.82624
Frob norm 2 after updating B : 2.70038
Iteration number -------- 79  -----------
lambda : 1.47555
max_diff => 0.0561395
performed mixing
Frob norm 1 after updating U: 2.48978
200 iterations
f(b) = 8.4337
Frob norm 2 after updating B : 2.62745
Iteration number -------- 80  -----------
lambda : 1.48292
max_diff => 0.0560232
performed mixing
Frob norm 1 after updating U: 2.48963
200 iterations
f(b) = 8.18633
Frob norm 2 after updating B : 2.57949
Iteration number -------- 81  -----------
lambda : 1.49034
max_diff => 0.0558581
performed mixing
Frob norm 1 after updating U: 2.48958
200 iterations
f(b) = 8.02388
Frob norm 2 after updating B : 2.54812
Iteration number -------- 82  -----------
lambda : 1.49779
max_diff => 0.0556512
performed mixing
Frob norm 1 after updating U: 2.4891
200 iterations
f(b) = 7.83957
Frob norm 2 after updating B : 2.52518
Iteration number -------- 83  -----------
lambda : 1.50528
max_diff => 0.05539
performed mixing
Frob norm 1 after updating U: 2.48532
200 iterations
f(b) = 7.60412
Frob norm 2 after updating B : 2.47286
Iteration number -------- 84  -----------
lambda : 1.51281
max_diff => 0.0482865
performed mixing
Frob norm 1 after updating U: 2.42105
200 iterations
f(b) = 6.13337
Frob norm 2 after updating B : 2.3415
Iteration number -------- 85  -----------
lambda : 1.52037
max_diff => 0.0325442
performed mixing
Frob norm 1 after updating U: 2.15
200 iterations
f(b) = 5.54788
Frob norm 2 after updating B : 2.27327
Iteration number -------- 86  -----------
lambda : 1.52797
max_diff => 0.0340279
performed mixing
Frob norm 1 after updating U: 2.14326
200 iterations
f(b) = 5.31226
Frob norm 2 after updating B : 2.22847
Iteration number -------- 87  -----------
lambda : 1.53561
max_diff => 0.0341983
performed mixing
Frob norm 1 after updating U: 2.14356
200 iterations
f(b) = 5.17162
Frob norm 2 after updating B : 2.19776
Iteration number -------- 88  -----------
lambda : 1.54329
max_diff => 0.0342421
performed mixing
Frob norm 1 after updating U: 2.14257
200 iterations
f(b) = 5.15701
Frob norm 2 after updating B : 2.1789
Iteration number -------- 89  -----------
lambda : 1.55101
max_diff => 0.0342706
performed mixing
Frob norm 1 after updating U: 2.14336
200 iterations
f(b) = 5.49366
Frob norm 2 after updating B : 2.14493
Iteration number -------- 90  -----------
lambda : 1.55876
max_diff => 0.0371545
performed mixing
Frob norm 1 after updating U: 2.12241
200 iterations
f(b) = 5.10989
Frob norm 2 after updating B : 2.14804
Iteration number -------- 91  -----------
lambda : 1.56655
max_diff => 0.0366565
performed mixing
Frob norm 1 after updating U: 2.13407
200 iterations
f(b) = 5.07868
Frob norm 2 after updating B : 2.14518
Iteration number -------- 92  -----------
lambda : 1.57439
max_diff => 0.0369154
performed mixing
Frob norm 1 after updating U: 2.13591
200 iterations
f(b) = 5.01936
Frob norm 2 after updating B : 2.1454
Iteration number -------- 93  -----------
lambda : 1.58226
max_diff => 0.0385161
performed mixing
Frob norm 1 after updating U: 2.13832
200 iterations
f(b) = 5.03406
Frob norm 2 after updating B : 2.14301
Iteration number -------- 94  -----------
lambda : 1.59017
max_diff => 0.0385739
performed mixing
Frob norm 1 after updating U: 2.13841
200 iterations
f(b) = 5.02831
Frob norm 2 after updating B : 2.14077
Iteration number -------- 95  -----------
lambda : 1.59812
max_diff => 0.0390652
performed mixing
Frob norm 1 after updating U: 2.13776
200 iterations
f(b) = 5.02347
Frob norm 2 after updating B : 2.13972
Iteration number -------- 96  -----------
lambda : 1.60611
max_diff => 0.0391326
performed mixing
Frob norm 1 after updating U: 2.13775
200 iterations
f(b) = 5.02813
Frob norm 2 after updating B : 2.13899
Iteration number -------- 97  -----------
lambda : 1.61414
max_diff => 0.0391759
performed mixing
Frob norm 1 after updating U: 2.13769
200 iterations
f(b) = 5.02791
Frob norm 2 after updating B : 2.1385
Iteration number -------- 98  -----------
lambda : 1.62221
max_diff => 0.0392363
performed mixing
Frob norm 1 after updating U: 2.13764
200 iterations
f(b) = 5.0287
Frob norm 2 after updating B : 2.13818
Iteration number -------- 99  -----------
lambda : 1.63032
max_diff => 0.0392589
performed mixing
Frob norm 1 after updating U: 2.13761
200 iterations
f(b) = 5.02369
Frob norm 2 after updating B : 2.1376
Iteration number -------- 100  -----------
lambda : 1.63848
max_diff => 0.0393921
