Academic license - for non-commercial use only
Frob norm 1 after updating U: 12.8902
200 iterations
f(b) = 64.2864
Frob norm 2 after updating B : 7.37842
Iteration number -------- 1  -----------
lambda : 1
max_diff => 0.147513
performed mixing
Frob norm 1 after updating U: 5.3904
200 iterations
f(b) = 54.1049
Frob norm 2 after updating B : 6.74626
Iteration number -------- 2  -----------
lambda : 1.005
max_diff => 0.126553
performed mixing
Frob norm 1 after updating U: 4.75168
200 iterations
f(b) = 45.1413
Frob norm 2 after updating B : 6.1786
Iteration number -------- 3  -----------
lambda : 1.01002
max_diff => 0.10519
performed mixing
Frob norm 1 after updating U: 4.30909
200 iterations
f(b) = 37.7182
Frob norm 2 after updating B : 5.58685
Iteration number -------- 4  -----------
lambda : 1.01508
max_diff => 0.102317
performed mixing
Frob norm 1 after updating U: 3.95323
200 iterations
f(b) = 30.4268
Frob norm 2 after updating B : 4.97445
Iteration number -------- 5  -----------
lambda : 1.02015
max_diff => 0.10309
performed mixing
Frob norm 1 after updating U: 2.9443
200 iterations
f(b) = 23.8822
Frob norm 2 after updating B : 4.43434
Iteration number -------- 6  -----------
lambda : 1.02525
max_diff => 0.0975606
performed mixing
Frob norm 1 after updating U: 2.13022
200 iterations
f(b) = 18.1429
Frob norm 2 after updating B : 3.90623
Iteration number -------- 7  -----------
lambda : 1.03038
max_diff => 0.0793693
performed mixing
Frob norm 1 after updating U: 1.4996
200 iterations
f(b) = 13.4278
Frob norm 2 after updating B : 3.42718
Iteration number -------- 8  -----------
lambda : 1.03553
max_diff => 0.0593023
performed mixing
Frob norm 1 after updating U: 1.13584
200 iterations
f(b) = 9.8213
Frob norm 2 after updating B : 2.90382
Iteration number -------- 9  -----------
lambda : 1.04071
max_diff => 0.0543798
performed mixing
Frob norm 1 after updating U: 0.998893
200 iterations
f(b) = 7.28184
Frob norm 2 after updating B : 2.45576
Iteration number -------- 10  -----------
lambda : 1.04591
max_diff => 0.04921
performed mixing
Frob norm 1 after updating U: 0.870792
200 iterations
f(b) = 5.45541
Frob norm 2 after updating B : 2.07231
Iteration number -------- 11  -----------
lambda : 1.05114
max_diff => 0.0449895
performed mixing
Frob norm 1 after updating U: 0.78709
200 iterations
f(b) = 4.13952
Frob norm 2 after updating B : 1.7483
Iteration number -------- 12  -----------
lambda : 1.0564
max_diff => 0.0390235
performed mixing
Frob norm 1 after updating U: 0.677484
200 iterations
f(b) = 3.26717
Frob norm 2 after updating B : 1.45955
Iteration number -------- 13  -----------
lambda : 1.06168
max_diff => 0.0388444
performed mixing
Frob norm 1 after updating U: 0.674544
200 iterations
f(b) = 2.52147
Frob norm 2 after updating B : 1.28501
Iteration number -------- 14  -----------
lambda : 1.06699
max_diff => 0.027169
performed mixing
Frob norm 1 after updating U: 0.50357
200 iterations
f(b) = 2.0489
Frob norm 2 after updating B : 1.07294
Iteration number -------- 15  -----------
lambda : 1.07232
max_diff => 0.0271017
performed mixing
Frob norm 1 after updating U: 0.502758
200 iterations
f(b) = 1.71234
Frob norm 2 after updating B : 0.912841
Iteration number -------- 16  -----------
lambda : 1.07768
max_diff => 0.0264715
performed mixing
Frob norm 1 after updating U: 0.494679
200 iterations
f(b) = 1.36502
Frob norm 2 after updating B : 0.862049
Iteration number -------- 17  -----------
lambda : 1.08307
max_diff => 0.0134245
performed mixing
Frob norm 1 after updating U: 0.313271
200 iterations
f(b) = 1.14637
Frob norm 2 after updating B : 0.719304
Iteration number -------- 18  -----------
lambda : 1.08849
max_diff => 0.0130112
performed mixing
Frob norm 1 after updating U: 0.306984
200 iterations
f(b) = 0.983364
Frob norm 2 after updating B : 0.612436
Iteration number -------- 19  -----------
lambda : 1.09393
max_diff => 0.012057
performed mixing
Frob norm 1 after updating U: 0.292318
200 iterations
f(b) = 0.728532
Frob norm 2 after updating B : 0.722109
Iteration number -------- 20  -----------
lambda : 1.0994
max_diff => 0.00151795
performed mixing
Frob norm 1 after updating U: 0.0885858
200 iterations
f(b) = 0.572112
Frob norm 2 after updating B : 0.581844
Iteration number -------- 21  -----------
lambda : 1.1049
max_diff => 0.00148232
performed mixing
Frob norm 1 after updating U: 0.087506
200 iterations
f(b) = 0.450011
Frob norm 2 after updating B : 0.474285
Iteration number -------- 22  -----------
lambda : 1.11042
max_diff => 0.00136039
performed mixing
Frob norm 1 after updating U: 0.0840566
200 iterations
f(b) = 0.25818
Frob norm 2 after updating B : 0.494598
Iteration number -------- 23  -----------
lambda : 1.11597
max_diff => 5.26164e-08
performed mixing
Frob norm 1 after updating U: 0.0123856
200 iterations
f(b) = 0.17196
Frob norm 2 after updating B : 0.396055
Iteration number -------- 24  -----------
lambda : 1.12155
max_diff => 5.00014e-08
performed mixing
Frob norm 1 after updating U: 0.0123831
200 iterations
f(b) = 0.149593
Frob norm 2 after updating B : 0.316795
Iteration number -------- 25  -----------
lambda : 1.12716
max_diff => 5.00059e-08
performed mixing
Frob norm 1 after updating U: 0.0123778
200 iterations
f(b) = 0.113927
Frob norm 2 after updating B : 0.253647
Iteration number -------- 26  -----------
lambda : 1.1328
max_diff => 4.99955e-08
performed mixing
Frob norm 1 after updating U: 0.0124155
200 iterations
f(b) = 0.0928388
Frob norm 2 after updating B : 0.203106
Iteration number -------- 27  -----------
lambda : 1.13846
max_diff => 4.999e-08
performed mixing
Frob norm 1 after updating U: 0.0123922
200 iterations
f(b) = 0.0748791
Frob norm 2 after updating B : 0.162786
Iteration number -------- 28  -----------
lambda : 1.14415
max_diff => 4.999e-08
performed mixing
Frob norm 1 after updating U: 0.0124357
200 iterations
f(b) = 0.0677033
Frob norm 2 after updating B : 0.130454
Iteration number -------- 29  -----------
lambda : 1.14987
max_diff => 4.999e-08
performed mixing
Frob norm 1 after updating U: 0.0124266
200 iterations
f(b) = 0.0616794
Frob norm 2 after updating B : 0.104609
Iteration number -------- 30  -----------
lambda : 1.15562
max_diff => 4.999e-08
performed mixing
Frob norm 1 after updating U: 0.0123966
200 iterations
f(b) = 0.0548284
Frob norm 2 after updating B : 0.0841305
Iteration number -------- 31  -----------
lambda : 1.1614
max_diff => 4.999e-08
performed mixing
Frob norm 1 after updating U: 0.0124329
200 iterations
f(b) = 0.0192368
Frob norm 2 after updating B : 0.0679417
Iteration number -------- 32  -----------
lambda : 1.16721
max_diff => 4.999e-08
performed mixing
Frob norm 1 after updating U: 0.0123515
200 iterations
f(b) = 0.0211043
Frob norm 2 after updating B : 0.0549501
Iteration number -------- 33  -----------
lambda : 1.17304
max_diff => 4.999e-08
performed mixing
Frob norm 1 after updating U: 0.0122582
200 iterations
f(b) = 0.0185007
Frob norm 2 after updating B : 0.0445102
Iteration number -------- 34  -----------
lambda : 1.17891
max_diff => 4.999e-08
performed mixing
Frob norm 1 after updating U: 0.0123773
200 iterations
f(b) = 0.0172089
Frob norm 2 after updating B : 0.0363375
Iteration number -------- 35  -----------
lambda : 1.1848
max_diff => 4.999e-08
performed mixing
Frob norm 1 after updating U: 0.0122185
200 iterations
f(b) = 0.020378
Frob norm 2 after updating B : 0.030117
Iteration number -------- 36  -----------
lambda : 1.19073
max_diff => 4.999e-08
performed mixing
Frob norm 1 after updating U: 0.012451
200 iterations
f(b) = 0.0154951
Frob norm 2 after updating B : 0.0252042
Iteration number -------- 37  -----------
lambda : 1.19668
max_diff => 4.999e-08
performed mixing
Frob norm 1 after updating U: 0.0122559
200 iterations
f(b) = 0.0180637
Frob norm 2 after updating B : 0.0216332
Iteration number -------- 38  -----------
lambda : 1.20266
max_diff => 4.999e-08
performed mixing
Frob norm 1 after updating U: 0.0123229
200 iterations
f(b) = 0.0152201
Frob norm 2 after updating B : 0.0188475
Iteration number -------- 39  -----------
lambda : 1.20868
max_diff => 4.999e-08
performed mixing
Frob norm 1 after updating U: 0.0124204
200 iterations
f(b) = 0.0132346
Frob norm 2 after updating B : 0.0166686
Iteration number -------- 40  -----------
lambda : 1.21472
max_diff => 4.999e-08
performed mixing
Frob norm 1 after updating U: 0.0122346
200 iterations
f(b) = 0.0155809
Frob norm 2 after updating B : 0.0152974
Iteration number -------- 41  -----------
lambda : 1.22079
max_diff => 4.999e-08
performed mixing
Frob norm 1 after updating U: 0.0122723
200 iterations
f(b) = 0.0142715
Frob norm 2 after updating B : 0.0143727
Iteration number -------- 42  -----------
lambda : 1.2269
max_diff => 4.999e-08
performed mixing
Frob norm 1 after updating U: 0.0122809
200 iterations
f(b) = 0.0141361
Frob norm 2 after updating B : 0.0136796
Iteration number -------- 43  -----------
lambda : 1.23303
max_diff => 4.999e-08
performed mixing
Frob norm 1 after updating U: 0.0123396
200 iterations
f(b) = 0.0136503
Frob norm 2 after updating B : 0.0131364
Iteration number -------- 44  -----------
lambda : 1.2392
max_diff => 4.999e-08
performed mixing
Frob norm 1 after updating U: 0.0121971
200 iterations
f(b) = 0.013833
Frob norm 2 after updating B : 0.0127855
Iteration number -------- 45  -----------
lambda : 1.24539
max_diff => 4.999e-08
performed mixing
Frob norm 1 after updating U: 0.0122231
200 iterations
f(b) = 0.0129688
Frob norm 2 after updating B : 0.0126954
Iteration number -------- 46  -----------
lambda : 1.25162
max_diff => 4.999e-08
performed mixing
Frob norm 1 after updating U: 0.0122789
200 iterations
f(b) = 0.012931
Frob norm 2 after updating B : 0.0124524
Iteration number -------- 47  -----------
lambda : 1.25788
max_diff => 4.999e-08
performed mixing
Frob norm 1 after updating U: 0.0121557
200 iterations
f(b) = 0.0118963
Frob norm 2 after updating B : 0.0124509
Iteration number -------- 48  -----------
lambda : 1.26417
max_diff => 4.999e-08
performed mixing
Frob norm 1 after updating U: 0.0122297
200 iterations
f(b) = 0.0149596
Frob norm 2 after updating B : 0.0123484
Iteration number -------- 49  -----------
lambda : 1.27049
max_diff => 4.999e-08
performed mixing
Frob norm 1 after updating U: 0.0122287
200 iterations
f(b) = 0.0144131
Frob norm 2 after updating B : 0.0122442
Iteration number -------- 50  -----------
lambda : 1.27684
max_diff => 4.999e-08
performed mixing
Frob norm 1 after updating U: 0.0121696
200 iterations
f(b) = 0.0138881
Frob norm 2 after updating B : 0.012236
Iteration number -------- 51  -----------
lambda : 1.28323
max_diff => 4.999e-08
performed mixing
Frob norm 1 after updating U: 0.0121826
200 iterations
f(b) = 0.0135481
Frob norm 2 after updating B : 0.0122008
Iteration number -------- 52  -----------
lambda : 1.28964
max_diff => 4.999e-08
performed mixing
Frob norm 1 after updating U: 0.0121498
200 iterations
f(b) = 0.0138135
Frob norm 2 after updating B : 0.0122935
Iteration number -------- 53  -----------
lambda : 1.29609
max_diff => 4.999e-08
performed mixing
Frob norm 1 after updating U: 0.0122578
200 iterations
f(b) = 0.0128533
Frob norm 2 after updating B : 0.0122779
Iteration number -------- 54  -----------
lambda : 1.30257
max_diff => 4.999e-08
performed mixing
Frob norm 1 after updating U: 0.0122557
200 iterations
f(b) = 0.0106358
Frob norm 2 after updating B : 0.0123042
Iteration number -------- 55  -----------
lambda : 1.30908
max_diff => 4.999e-08
performed mixing
Frob norm 1 after updating U: 0.0122781
200 iterations
f(b) = 0.0155887
Frob norm 2 after updating B : 0.0122789
Iteration number -------- 56  -----------
lambda : 1.31563
max_diff => 4.999e-08
performed mixing
Frob norm 1 after updating U: 0.0122635
200 iterations
f(b) = 0.00973072
Frob norm 2 after updating B : 0.0122159
Iteration number -------- 57  -----------
lambda : 1.32221
max_diff => 4.999e-08
performed mixing
Frob norm 1 after updating U: 0.0122092
200 iterations
f(b) = 0.0147897
Frob norm 2 after updating B : 0.0121761
Iteration number -------- 58  -----------
lambda : 1.32882
max_diff => 4.999e-08
performed mixing
Frob norm 1 after updating U: 0.0121651
200 iterations
f(b) = 0.00861363
Frob norm 2 after updating B : 0.0123366
Iteration number -------- 59  -----------
lambda : 1.33546
max_diff => 4.999e-08
performed mixing
Frob norm 1 after updating U: 0.0123215
200 iterations
f(b) = 0.0140467
Frob norm 2 after updating B : 0.0122214
Iteration number -------- 60  -----------
lambda : 1.34214
max_diff => 4.999e-08
performed mixing
Frob norm 1 after updating U: 0.0122154
200 iterations
f(b) = 0.0102851
Frob norm 2 after updating B : 0.0121987
Iteration number -------- 61  -----------
lambda : 1.34885
max_diff => 4.999e-08
performed mixing
Frob norm 1 after updating U: 0.0121927
200 iterations
f(b) = 0.0150421
Frob norm 2 after updating B : 0.0122216
Iteration number -------- 62  -----------
lambda : 1.35559
max_diff => 4.999e-08
performed mixing
Frob norm 1 after updating U: 0.0122175
200 iterations
f(b) = 0.0121269
Frob norm 2 after updating B : 0.012307
Iteration number -------- 63  -----------
lambda : 1.36237
max_diff => 4.999e-08
performed mixing
Frob norm 1 after updating U: 0.0122935
200 iterations
f(b) = 0.0150767
Frob norm 2 after updating B : 0.0122812
Iteration number -------- 64  -----------
lambda : 1.36918
max_diff => 4.999e-08
performed mixing
Frob norm 1 after updating U: 0.0122797
200 iterations
f(b) = 0.0124244
Frob norm 2 after updating B : 0.0122765
Iteration number -------- 65  -----------
lambda : 1.37603
max_diff => 4.999e-08
performed mixing
Frob norm 1 after updating U: 0.0122721
200 iterations
f(b) = 0.0146316
Frob norm 2 after updating B : 0.0121567
Iteration number -------- 66  -----------
lambda : 1.38291
max_diff => 4.999e-08
performed mixing
Frob norm 1 after updating U: 0.0121658
200 iterations
f(b) = 0.0160534
Frob norm 2 after updating B : 0.0120845
Iteration number -------- 67  -----------
lambda : 1.38982
max_diff => 4.999e-08
performed mixing
Frob norm 1 after updating U: 0.0120902
200 iterations
f(b) = 0.0159705
Frob norm 2 after updating B : 0.0122656
Iteration number -------- 68  -----------
lambda : 1.39677
max_diff => 4.999e-08
performed mixing
Frob norm 1 after updating U: 0.0122586
200 iterations
f(b) = 0.0171442
Frob norm 2 after updating B : 0.0122786
Iteration number -------- 69  -----------
lambda : 1.40376
max_diff => 4.999e-08
performed mixing
Frob norm 1 after updating U: 0.012265
200 iterations
f(b) = 0.0194846
Frob norm 2 after updating B : 0.0121533
Iteration number -------- 70  -----------
lambda : 1.41078
max_diff => 4.999e-08
performed mixing
Frob norm 1 after updating U: 0.0121506
200 iterations
f(b) = 0.0154265
Frob norm 2 after updating B : 0.0122158
Iteration number -------- 71  -----------
lambda : 1.41783
max_diff => 4.999e-08
performed mixing
Frob norm 1 after updating U: 0.0122089
200 iterations
f(b) = 0.015544
Frob norm 2 after updating B : 0.0122593
Iteration number -------- 72  -----------
lambda : 1.42492
max_diff => 4.999e-08
performed mixing
Frob norm 1 after updating U: 0.0122428
200 iterations
f(b) = 0.0167753
Frob norm 2 after updating B : 0.0122733
Iteration number -------- 73  -----------
lambda : 1.43204
max_diff => 4.999e-08
performed mixing
Frob norm 1 after updating U: 0.0122671
200 iterations
f(b) = 0.0145767
Frob norm 2 after updating B : 0.0122262
Iteration number -------- 74  -----------
lambda : 1.4392
max_diff => 4.999e-08
performed mixing
Frob norm 1 after updating U: 0.012233
200 iterations
f(b) = 0.0144941
Frob norm 2 after updating B : 0.012237
Iteration number -------- 75  -----------
lambda : 1.4464
max_diff => 4.999e-08
performed mixing
Frob norm 1 after updating U: 0.0122293
200 iterations
f(b) = 0.015672
Frob norm 2 after updating B : 0.0122997
Iteration number -------- 76  -----------
lambda : 1.45363
max_diff => 4.999e-08
performed mixing
Frob norm 1 after updating U: 0.0123033
200 iterations
f(b) = 0.0155462
Frob norm 2 after updating B : 0.0122922
Iteration number -------- 77  -----------
lambda : 1.4609
max_diff => 4.999e-08
performed mixing
Frob norm 1 after updating U: 0.0122742
200 iterations
f(b) = 0.0165538
Frob norm 2 after updating B : 0.0121288
Iteration number -------- 78  -----------
lambda : 1.46821
max_diff => 4.999e-08
performed mixing
Frob norm 1 after updating U: 0.0121243
200 iterations
f(b) = 0.0157788
Frob norm 2 after updating B : 0.0122413
Iteration number -------- 79  -----------
lambda : 1.47555
max_diff => 4.999e-08
performed mixing
Frob norm 1 after updating U: 0.0122344
200 iterations
f(b) = 0.0160177
Frob norm 2 after updating B : 0.0123191
Iteration number -------- 80  -----------
lambda : 1.48292
max_diff => 4.999e-08
performed mixing
Frob norm 1 after updating U: 0.0123104
200 iterations
f(b) = 0.0161985
Frob norm 2 after updating B : 0.0122059
Iteration number -------- 81  -----------
lambda : 1.49034
max_diff => 4.999e-08
performed mixing
Frob norm 1 after updating U: 0.0121981
200 iterations
f(b) = 0.0113268
Frob norm 2 after updating B : 0.0122488
Iteration number -------- 82  -----------
lambda : 1.49779
max_diff => 4.999e-08
performed mixing
Frob norm 1 after updating U: 0.0122362
200 iterations
f(b) = 0.0155099
Frob norm 2 after updating B : 0.0123585
Iteration number -------- 83  -----------
lambda : 1.50528
max_diff => 4.999e-08
performed mixing
Frob norm 1 after updating U: 0.0123418
200 iterations
f(b) = 0.016004
Frob norm 2 after updating B : 0.0122519
Iteration number -------- 84  -----------
lambda : 1.51281
max_diff => 4.999e-08
performed mixing
Frob norm 1 after updating U: 0.0122493
200 iterations
f(b) = 0.0168134
Frob norm 2 after updating B : 0.012091
Iteration number -------- 85  -----------
lambda : 1.52037
max_diff => 4.999e-08
performed mixing
Frob norm 1 after updating U: 0.0120886
200 iterations
f(b) = 0.0164728
Frob norm 2 after updating B : 0.0122178
Iteration number -------- 86  -----------
lambda : 1.52797
max_diff => 4.999e-08
performed mixing
Frob norm 1 after updating U: 0.0122172
200 iterations
f(b) = 0.0159817
Frob norm 2 after updating B : 0.0122879
Iteration number -------- 87  -----------
lambda : 1.53561
max_diff => 4.999e-08
performed mixing
Frob norm 1 after updating U: 0.012266
200 iterations
f(b) = 0.0101616
Frob norm 2 after updating B : 0.0123408
Iteration number -------- 88  -----------
lambda : 1.54329
max_diff => 4.999e-08
performed mixing
Frob norm 1 after updating U: 0.0123314
200 iterations
f(b) = 0.0151372
Frob norm 2 after updating B : 0.0121399
Iteration number -------- 89  -----------
lambda : 1.55101
max_diff => 4.999e-08
performed mixing
Frob norm 1 after updating U: 0.0121355
200 iterations
f(b) = 0.0162893
Frob norm 2 after updating B : 0.0123075
Iteration number -------- 90  -----------
lambda : 1.55876
max_diff => 4.999e-08
performed mixing
Frob norm 1 after updating U: 0.0123037
200 iterations
f(b) = 0.0174132
Frob norm 2 after updating B : 0.0122893
Iteration number -------- 91  -----------
lambda : 1.56655
max_diff => 4.999e-08
performed mixing
Frob norm 1 after updating U: 0.0122679
200 iterations
f(b) = 0.016199
Frob norm 2 after updating B : 0.0121699
Iteration number -------- 92  -----------
lambda : 1.57439
max_diff => 4.999e-08
performed mixing
Frob norm 1 after updating U: 0.012174
200 iterations
f(b) = 0.0153721
Frob norm 2 after updating B : 0.0122913
Iteration number -------- 93  -----------
lambda : 1.58226
max_diff => 4.999e-08
performed mixing
Frob norm 1 after updating U: 0.0122885
200 iterations
f(b) = 0.0183318
Frob norm 2 after updating B : 0.0122024
Iteration number -------- 94  -----------
lambda : 1.59017
max_diff => 4.999e-08
performed mixing
Frob norm 1 after updating U: 0.0121913
200 iterations
f(b) = 0.0167166
Frob norm 2 after updating B : 0.0123118
Iteration number -------- 95  -----------
lambda : 1.59812
max_diff => 4.999e-08
performed mixing
Frob norm 1 after updating U: 0.012299
200 iterations
f(b) = 0.0106796
Frob norm 2 after updating B : 0.0122828
Iteration number -------- 96  -----------
lambda : 1.60611
max_diff => 4.999e-08
performed mixing
Frob norm 1 after updating U: 0.0122726
200 iterations
f(b) = 0.0175821
Frob norm 2 after updating B : 0.0123327
Iteration number -------- 97  -----------
lambda : 1.61414
max_diff => 4.999e-08
performed mixing
Frob norm 1 after updating U: 0.0123292
200 iterations
f(b) = 0.017137
Frob norm 2 after updating B : 0.012233
Iteration number -------- 98  -----------
lambda : 1.62221
max_diff => 4.999e-08
performed mixing
Frob norm 1 after updating U: 0.0122245
200 iterations
f(b) = 0.0178767
Frob norm 2 after updating B : 0.0121497
Iteration number -------- 99  -----------
lambda : 1.63032
max_diff => 4.999e-08
performed mixing
Frob norm 1 after updating U: 0.0121517
200 iterations
f(b) = 0.0175883
Frob norm 2 after updating B : 0.0122409
Iteration number -------- 100  -----------
lambda : 1.63848
max_diff => 4.999e-08
