Academic license - for non-commercial use only
Frob norm 1 after updating U: 12.8887
200 iterations
f(b) = 74.683
Frob norm 2 after updating B : 8.22579
Iteration number -------- 1  -----------
lambda : 1
max_diff => 0.114908
performed mixing
Frob norm 1 after updating U: 7.27696
200 iterations
f(b) = 68.9166
Frob norm 2 after updating B : 7.88965
Iteration number -------- 2  -----------
lambda : 1.005
max_diff => 0.0906027
performed mixing
Frob norm 1 after updating U: 7.01006
200 iterations
f(b) = 64.0498
Frob norm 2 after updating B : 7.58521
Iteration number -------- 3  -----------
lambda : 1.01002
max_diff => 0.0900342
performed mixing
Frob norm 1 after updating U: 6.83649
200 iterations
f(b) = 59.9189
Frob norm 2 after updating B : 7.32667
Iteration number -------- 4  -----------
lambda : 1.01508
max_diff => 0.0891856
performed mixing
Frob norm 1 after updating U: 6.66033
200 iterations
f(b) = 56.4248
Frob norm 2 after updating B : 7.09811
Iteration number -------- 5  -----------
lambda : 1.02015
max_diff => 0.0922392
performed mixing
Frob norm 1 after updating U: 6.50814
200 iterations
f(b) = 53.4137
Frob norm 2 after updating B : 6.8881
Iteration number -------- 6  -----------
lambda : 1.02525
max_diff => 0.103432
performed mixing
Frob norm 1 after updating U: 6.31513
200 iterations
f(b) = 50.5388
Frob norm 2 after updating B : 6.67618
Iteration number -------- 7  -----------
lambda : 1.03038
max_diff => 0.115537
performed mixing
Frob norm 1 after updating U: 6.07536
200 iterations
f(b) = 47.5911
Frob norm 2 after updating B : 6.45865
Iteration number -------- 8  -----------
lambda : 1.03553
max_diff => 0.123383
performed mixing
Frob norm 1 after updating U: 5.86038
200 iterations
f(b) = 41.361
Frob norm 2 after updating B : 5.98875
Iteration number -------- 9  -----------
lambda : 1.04071
max_diff => 0.128834
performed mixing
Frob norm 1 after updating U: 4.66769
200 iterations
f(b) = 34.9277
Frob norm 2 after updating B : 5.45019
Iteration number -------- 10  -----------
lambda : 1.04591
max_diff => 0.111543
performed mixing
Frob norm 1 after updating U: 3.87001
200 iterations
f(b) = 28.5096
Frob norm 2 after updating B : 4.82954
Iteration number -------- 11  -----------
lambda : 1.05114
max_diff => 0.107406
performed mixing
Frob norm 1 after updating U: 3.11152
200 iterations
f(b) = 23.4951
Frob norm 2 after updating B : 4.36378
Iteration number -------- 12  -----------
lambda : 1.0564
max_diff => 0.0934436
performed mixing
Frob norm 1 after updating U: 2.74531
200 iterations
f(b) = 19.4473
Frob norm 2 after updating B : 3.92372
Iteration number -------- 13  -----------
lambda : 1.06168
max_diff => 0.0848058
performed mixing
Frob norm 1 after updating U: 2.54931
200 iterations
f(b) = 15.3565
Frob norm 2 after updating B : 3.53814
Iteration number -------- 14  -----------
lambda : 1.06699
max_diff => 0.0599365
performed mixing
Frob norm 1 after updating U: 1.33877
200 iterations
f(b) = 11.3327
Frob norm 2 after updating B : 3.10998
Iteration number -------- 15  -----------
lambda : 1.07232
max_diff => 0.04174
performed mixing
Frob norm 1 after updating U: 0.910844
200 iterations
f(b) = 8.26158
Frob norm 2 after updating B : 2.7446
Iteration number -------- 16  -----------
lambda : 1.07768
max_diff => 0.0217177
performed mixing
Frob norm 1 after updating U: 0.593217
200 iterations
f(b) = 5.92152
Frob norm 2 after updating B : 2.36231
Iteration number -------- 17  -----------
lambda : 1.08307
max_diff => 0.00861436
performed mixing
Frob norm 1 after updating U: 0.402667
200 iterations
f(b) = 4.26675
Frob norm 2 after updating B : 1.98195
Iteration number -------- 18  -----------
lambda : 1.08849
max_diff => 0.00676524
performed mixing
Frob norm 1 after updating U: 0.283215
200 iterations
f(b) = 2.99129
Frob norm 2 after updating B : 1.68723
Iteration number -------- 19  -----------
lambda : 1.09393
max_diff => 0.00281218
performed mixing
Frob norm 1 after updating U: 0.15622
200 iterations
f(b) = 2.05748
Frob norm 2 after updating B : 1.41683
Iteration number -------- 20  -----------
lambda : 1.0994
max_diff => 0.00067518
performed mixing
Frob norm 1 after updating U: 0.0683994
200 iterations
f(b) = 1.35609
Frob norm 2 after updating B : 1.17791
Iteration number -------- 21  -----------
lambda : 1.1049
max_diff => 6.37799e-06
performed mixing
Frob norm 1 after updating U: 0.0129967
200 iterations
f(b) = 0.939649
Frob norm 2 after updating B : 0.945382
Iteration number -------- 22  -----------
lambda : 1.11042
max_diff => 2.01163e-06
performed mixing
Frob norm 1 after updating U: 0.0133469
200 iterations
f(b) = 0.618881
Frob norm 2 after updating B : 0.757059
Iteration number -------- 23  -----------
lambda : 1.11597
max_diff => 8.61933e-08
performed mixing
Frob norm 1 after updating U: 0.012409
200 iterations
f(b) = 0.413447
Frob norm 2 after updating B : 0.605865
Iteration number -------- 24  -----------
lambda : 1.12155
max_diff => 5.90633e-08
performed mixing
Frob norm 1 after updating U: 0.0123373
200 iterations
f(b) = 0.282706
Frob norm 2 after updating B : 0.485123
Iteration number -------- 25  -----------
lambda : 1.12716
max_diff => 5.29215e-08
performed mixing
Frob norm 1 after updating U: 0.0123894
200 iterations
f(b) = 0.197722
Frob norm 2 after updating B : 0.388228
Iteration number -------- 26  -----------
lambda : 1.1328
max_diff => 5.05734e-08
performed mixing
Frob norm 1 after updating U: 0.0123257
200 iterations
f(b) = 0.145022
Frob norm 2 after updating B : 0.310853
Iteration number -------- 27  -----------
lambda : 1.13846
max_diff => 5.31779e-08
performed mixing
Frob norm 1 after updating U: 0.0123994
200 iterations
f(b) = 0.111043
Frob norm 2 after updating B : 0.24909
Iteration number -------- 28  -----------
lambda : 1.14415
max_diff => 4.999e-08
performed mixing
Frob norm 1 after updating U: 0.0123205
200 iterations
f(b) = 0.0906309
Frob norm 2 after updating B : 0.199364
Iteration number -------- 29  -----------
lambda : 1.14987
max_diff => 5.03365e-08
performed mixing
Frob norm 1 after updating U: 0.0123263
200 iterations
f(b) = 0.0735859
Frob norm 2 after updating B : 0.160283
Iteration number -------- 30  -----------
lambda : 1.15562
max_diff => 4.999e-08
performed mixing
Frob norm 1 after updating U: 0.0123802
200 iterations
f(b) = 0.0663534
Frob norm 2 after updating B : 0.128288
Iteration number -------- 31  -----------
lambda : 1.1614
max_diff => 4.999e-08
performed mixing
Frob norm 1 after updating U: 0.0122681
200 iterations
f(b) = 0.0578773
Frob norm 2 after updating B : 0.10309
Iteration number -------- 32  -----------
lambda : 1.16721
max_diff => 4.999e-08
performed mixing
Frob norm 1 after updating U: 0.0122445
200 iterations
f(b) = 0.055277
Frob norm 2 after updating B : 0.0831337
Iteration number -------- 33  -----------
lambda : 1.17304
max_diff => 4.999e-08
performed mixing
Frob norm 1 after updating U: 0.0122147
200 iterations
f(b) = 0.0514688
Frob norm 2 after updating B : 0.0671812
Iteration number -------- 34  -----------
lambda : 1.17891
max_diff => 4.999e-08
performed mixing
Frob norm 1 after updating U: 0.0122225
200 iterations
f(b) = 0.0201338
Frob norm 2 after updating B : 0.0544324
Iteration number -------- 35  -----------
lambda : 1.1848
max_diff => 4.999e-08
performed mixing
Frob norm 1 after updating U: 0.0122998
200 iterations
f(b) = 0.0459143
Frob norm 2 after updating B : 0.0442348
Iteration number -------- 36  -----------
lambda : 1.19073
max_diff => 4.999e-08
performed mixing
Frob norm 1 after updating U: 0.0122679
200 iterations
f(b) = 0.01799
Frob norm 2 after updating B : 0.0364733
Iteration number -------- 37  -----------
lambda : 1.19668
max_diff => 4.999e-08
performed mixing
Frob norm 1 after updating U: 0.0123655
200 iterations
f(b) = 0.0259945
Frob norm 2 after updating B : 0.0303201
Iteration number -------- 38  -----------
lambda : 1.20266
max_diff => 4.999e-08
performed mixing
Frob norm 1 after updating U: 0.0122906
200 iterations
f(b) = 0.0166034
Frob norm 2 after updating B : 0.0256183
Iteration number -------- 39  -----------
lambda : 1.20868
max_diff => 4.999e-08
performed mixing
Frob norm 1 after updating U: 0.0124016
200 iterations
f(b) = 0.0210987
Frob norm 2 after updating B : 0.0217324
Iteration number -------- 40  -----------
lambda : 1.21472
max_diff => 4.999e-08
performed mixing
Frob norm 1 after updating U: 0.0123133
200 iterations
f(b) = 0.0160054
Frob norm 2 after updating B : 0.0191471
Iteration number -------- 41  -----------
lambda : 1.22079
max_diff => 4.999e-08
performed mixing
Frob norm 1 after updating U: 0.0123289
200 iterations
f(b) = 0.0157496
Frob norm 2 after updating B : 0.0170401
Iteration number -------- 42  -----------
lambda : 1.2269
max_diff => 4.999e-08
performed mixing
Frob norm 1 after updating U: 0.0123522
200 iterations
f(b) = 0.0185582
Frob norm 2 after updating B : 0.015557
Iteration number -------- 43  -----------
lambda : 1.23303
max_diff => 4.999e-08
performed mixing
Frob norm 1 after updating U: 0.0122435
200 iterations
f(b) = 0.0146918
Frob norm 2 after updating B : 0.0146699
Iteration number -------- 44  -----------
lambda : 1.2392
max_diff => 4.999e-08
performed mixing
Frob norm 1 after updating U: 0.0122674
200 iterations
f(b) = 0.0144454
Frob norm 2 after updating B : 0.0138065
Iteration number -------- 45  -----------
lambda : 1.24539
max_diff => 4.999e-08
performed mixing
Frob norm 1 after updating U: 0.012242
200 iterations
f(b) = 0.0153293
Frob norm 2 after updating B : 0.0134205
Iteration number -------- 46  -----------
lambda : 1.25162
max_diff => 4.999e-08
performed mixing
Frob norm 1 after updating U: 0.0122978
200 iterations
f(b) = 0.0129237
Frob norm 2 after updating B : 0.0129908
Iteration number -------- 47  -----------
lambda : 1.25788
max_diff => 4.999e-08
performed mixing
Frob norm 1 after updating U: 0.0121553
200 iterations
f(b) = 0.0132036
Frob norm 2 after updating B : 0.0127431
Iteration number -------- 48  -----------
lambda : 1.26417
max_diff => 4.999e-08
performed mixing
Frob norm 1 after updating U: 0.0122368
200 iterations
f(b) = 0.0145883
Frob norm 2 after updating B : 0.0125248
Iteration number -------- 49  -----------
lambda : 1.27049
max_diff => 4.999e-08
performed mixing
Frob norm 1 after updating U: 0.0121638
200 iterations
f(b) = 0.0144164
Frob norm 2 after updating B : 0.0124963
Iteration number -------- 50  -----------
lambda : 1.27684
max_diff => 4.999e-08
performed mixing
Frob norm 1 after updating U: 0.0122179
200 iterations
f(b) = 0.0111577
Frob norm 2 after updating B : 0.0125542
Iteration number -------- 51  -----------
lambda : 1.28323
max_diff => 4.999e-08
performed mixing
Frob norm 1 after updating U: 0.0123426
200 iterations
f(b) = 0.014373
Frob norm 2 after updating B : 0.0123142
Iteration number -------- 52  -----------
lambda : 1.28964
max_diff => 4.999e-08
performed mixing
Frob norm 1 after updating U: 0.0121641
200 iterations
f(b) = 0.0136348
Frob norm 2 after updating B : 0.0124012
Iteration number -------- 53  -----------
lambda : 1.29609
max_diff => 4.999e-08
performed mixing
Frob norm 1 after updating U: 0.0122952
200 iterations
f(b) = 0.013723
Frob norm 2 after updating B : 0.0123754
Iteration number -------- 54  -----------
lambda : 1.30257
max_diff => 4.999e-08
performed mixing
Frob norm 1 after updating U: 0.0122818
200 iterations
f(b) = 0.0119957
Frob norm 2 after updating B : 0.0123299
Iteration number -------- 55  -----------
lambda : 1.30908
max_diff => 4.999e-08
performed mixing
Frob norm 1 after updating U: 0.0122526
200 iterations
f(b) = 0.0124867
Frob norm 2 after updating B : 0.0123459
Iteration number -------- 56  -----------
lambda : 1.31563
max_diff => 4.999e-08
performed mixing
Frob norm 1 after updating U: 0.0122866
200 iterations
f(b) = 0.0145529
Frob norm 2 after updating B : 0.0122852
Iteration number -------- 57  -----------
lambda : 1.32221
max_diff => 4.999e-08
performed mixing
Frob norm 1 after updating U: 0.012238
200 iterations
f(b) = 0.0139803
Frob norm 2 after updating B : 0.0122906
Iteration number -------- 58  -----------
lambda : 1.32882
max_diff => 4.999e-08
performed mixing
Frob norm 1 after updating U: 0.0122681
200 iterations
f(b) = 0.0155634
Frob norm 2 after updating B : 0.0121319
Iteration number -------- 59  -----------
lambda : 1.33546
max_diff => 4.999e-08
performed mixing
Frob norm 1 after updating U: 0.0121134
200 iterations
f(b) = 0.00856479
Frob norm 2 after updating B : 0.0123271
Iteration number -------- 60  -----------
lambda : 1.34214
max_diff => 4.999e-08
performed mixing
Frob norm 1 after updating U: 0.0122974
200 iterations
f(b) = 0.0140254
Frob norm 2 after updating B : 0.0122485
Iteration number -------- 61  -----------
lambda : 1.34885
max_diff => 4.999e-08
performed mixing
Frob norm 1 after updating U: 0.0122324
200 iterations
f(b) = 0.0145939
Frob norm 2 after updating B : 0.0122362
Iteration number -------- 62  -----------
lambda : 1.35559
max_diff => 4.999e-08
performed mixing
Frob norm 1 after updating U: 0.0122166
200 iterations
f(b) = 0.0146453
Frob norm 2 after updating B : 0.0122631
Iteration number -------- 63  -----------
lambda : 1.36237
max_diff => 4.999e-08
performed mixing
Frob norm 1 after updating U: 0.0122536
200 iterations
f(b) = 0.0187509
Frob norm 2 after updating B : 0.0121405
Iteration number -------- 64  -----------
lambda : 1.36918
max_diff => 4.999e-08
performed mixing
Frob norm 1 after updating U: 0.0121358
200 iterations
f(b) = 0.0139859
Frob norm 2 after updating B : 0.0121713
Iteration number -------- 65  -----------
lambda : 1.37603
max_diff => 4.999e-08
performed mixing
Frob norm 1 after updating U: 0.0121674
200 iterations
f(b) = 0.014159
Frob norm 2 after updating B : 0.0123335
Iteration number -------- 66  -----------
lambda : 1.38291
max_diff => 4.999e-08
performed mixing
Frob norm 1 after updating U: 0.0123147
200 iterations
f(b) = 0.0167047
Frob norm 2 after updating B : 0.0120892
Iteration number -------- 67  -----------
lambda : 1.38982
max_diff => 4.999e-08
performed mixing
Frob norm 1 after updating U: 0.0120936
200 iterations
f(b) = 0.0138595
Frob norm 2 after updating B : 0.0122772
Iteration number -------- 68  -----------
lambda : 1.39677
max_diff => 4.999e-08
performed mixing
Frob norm 1 after updating U: 0.0122502
200 iterations
f(b) = 0.0151782
Frob norm 2 after updating B : 0.0121586
Iteration number -------- 69  -----------
lambda : 1.40376
max_diff => 4.999e-08
performed mixing
Frob norm 1 after updating U: 0.0121515
200 iterations
f(b) = 0.0168207
Frob norm 2 after updating B : 0.0123236
Iteration number -------- 70  -----------
lambda : 1.41078
max_diff => 4.999e-08
performed mixing
Frob norm 1 after updating U: 0.0122993
200 iterations
f(b) = 0.0141515
Frob norm 2 after updating B : 0.0122097
Iteration number -------- 71  -----------
lambda : 1.41783
max_diff => 4.999e-08
performed mixing
Frob norm 1 after updating U: 0.0122083
200 iterations
f(b) = 0.0175343
Frob norm 2 after updating B : 0.0121525
Iteration number -------- 72  -----------
lambda : 1.42492
max_diff => 4.999e-08
performed mixing
Frob norm 1 after updating U: 0.0121483
200 iterations
f(b) = 0.0155653
Frob norm 2 after updating B : 0.012192
Iteration number -------- 73  -----------
lambda : 1.43204
max_diff => 4.999e-08
performed mixing
Frob norm 1 after updating U: 0.0121886
200 iterations
f(b) = 0.0149911
Frob norm 2 after updating B : 0.012201
Iteration number -------- 74  -----------
lambda : 1.4392
max_diff => 4.999e-08
performed mixing
Frob norm 1 after updating U: 0.012193
200 iterations
f(b) = 0.0180408
Frob norm 2 after updating B : 0.0121772
Iteration number -------- 75  -----------
lambda : 1.4464
max_diff => 4.999e-08
performed mixing
Frob norm 1 after updating U: 0.0121812
200 iterations
f(b) = 0.0153713
Frob norm 2 after updating B : 0.0122819
Iteration number -------- 76  -----------
lambda : 1.45363
max_diff => 4.999e-08
performed mixing
Frob norm 1 after updating U: 0.0122653
200 iterations
f(b) = 0.0148999
Frob norm 2 after updating B : 0.0123443
Iteration number -------- 77  -----------
lambda : 1.4609
max_diff => 4.999e-08
performed mixing
Frob norm 1 after updating U: 0.0123283
200 iterations
f(b) = 0.0157309
Frob norm 2 after updating B : 0.0121585
Iteration number -------- 78  -----------
lambda : 1.46821
max_diff => 4.999e-08
performed mixing
Frob norm 1 after updating U: 0.0121507
200 iterations
f(b) = 0.0155794
Frob norm 2 after updating B : 0.0122211
Iteration number -------- 79  -----------
lambda : 1.47555
max_diff => 4.999e-08
performed mixing
Frob norm 1 after updating U: 0.0122148
200 iterations
f(b) = 0.0157144
Frob norm 2 after updating B : 0.0122144
Iteration number -------- 80  -----------
lambda : 1.48292
max_diff => 4.999e-08
performed mixing
Frob norm 1 after updating U: 0.0122114
200 iterations
f(b) = 0.0154349
Frob norm 2 after updating B : 0.0121548
Iteration number -------- 81  -----------
lambda : 1.49034
max_diff => 4.999e-08
performed mixing
Frob norm 1 after updating U: 0.0121514
200 iterations
f(b) = 0.0153941
Frob norm 2 after updating B : 0.0123075
Iteration number -------- 82  -----------
lambda : 1.49779
max_diff => 4.999e-08
performed mixing
Frob norm 1 after updating U: 0.0123002
200 iterations
f(b) = 0.0157543
Frob norm 2 after updating B : 0.0122891
Iteration number -------- 83  -----------
lambda : 1.50528
max_diff => 4.999e-08
performed mixing
Frob norm 1 after updating U: 0.012286
200 iterations
f(b) = 0.0164074
Frob norm 2 after updating B : 0.0122335
Iteration number -------- 84  -----------
lambda : 1.51281
max_diff => 4.999e-08
performed mixing
Frob norm 1 after updating U: 0.0122221
200 iterations
f(b) = 0.0157698
Frob norm 2 after updating B : 0.0122437
Iteration number -------- 85  -----------
lambda : 1.52037
max_diff => 4.999e-08
performed mixing
Frob norm 1 after updating U: 0.0122402
200 iterations
f(b) = 0.0155111
Frob norm 2 after updating B : 0.0122078
Iteration number -------- 86  -----------
lambda : 1.52797
max_diff => 4.999e-08
performed mixing
Frob norm 1 after updating U: 0.0122091
200 iterations
f(b) = 0.0161623
Frob norm 2 after updating B : 0.0123151
Iteration number -------- 87  -----------
lambda : 1.53561
max_diff => 4.999e-08
performed mixing
Frob norm 1 after updating U: 0.0123058
200 iterations
f(b) = 0.015658
Frob norm 2 after updating B : 0.0121776
Iteration number -------- 88  -----------
lambda : 1.54329
max_diff => 4.999e-08
performed mixing
Frob norm 1 after updating U: 0.0121769
200 iterations
f(b) = 0.0163194
Frob norm 2 after updating B : 0.0123235
Iteration number -------- 89  -----------
lambda : 1.55101
max_diff => 4.999e-08
performed mixing
Frob norm 1 after updating U: 0.012312
200 iterations
f(b) = 0.0165786
Frob norm 2 after updating B : 0.0123127
Iteration number -------- 90  -----------
lambda : 1.55876
max_diff => 4.999e-08
performed mixing
Frob norm 1 after updating U: 0.0123058
200 iterations
f(b) = 0.0183447
Frob norm 2 after updating B : 0.0121417
Iteration number -------- 91  -----------
lambda : 1.56655
max_diff => 4.999e-08
performed mixing
Frob norm 1 after updating U: 0.0121302
200 iterations
f(b) = 0.0163157
Frob norm 2 after updating B : 0.0123039
Iteration number -------- 92  -----------
lambda : 1.57439
max_diff => 4.999e-08
performed mixing
Frob norm 1 after updating U: 0.0122941
200 iterations
f(b) = 0.0138346
Frob norm 2 after updating B : 0.0121875
Iteration number -------- 93  -----------
lambda : 1.58226
max_diff => 4.999e-08
performed mixing
Frob norm 1 after updating U: 0.0121786
200 iterations
f(b) = 0.0115909
Frob norm 2 after updating B : 0.0122791
Iteration number -------- 94  -----------
lambda : 1.59017
max_diff => 4.999e-08
performed mixing
Frob norm 1 after updating U: 0.0122622
200 iterations
f(b) = 0.0150887
Frob norm 2 after updating B : 0.0121664
Iteration number -------- 95  -----------
lambda : 1.59812
max_diff => 4.999e-08
performed mixing
Frob norm 1 after updating U: 0.0121608
200 iterations
f(b) = 0.0165504
Frob norm 2 after updating B : 0.0121996
Iteration number -------- 96  -----------
lambda : 1.60611
max_diff => 4.999e-08
performed mixing
Frob norm 1 after updating U: 0.0121916
200 iterations
f(b) = 0.0164247
Frob norm 2 after updating B : 0.0123018
Iteration number -------- 97  -----------
lambda : 1.61414
max_diff => 4.999e-08
performed mixing
Frob norm 1 after updating U: 0.0122879
200 iterations
f(b) = 0.0142028
Frob norm 2 after updating B : 0.01212
Iteration number -------- 98  -----------
lambda : 1.62221
max_diff => 4.999e-08
performed mixing
Frob norm 1 after updating U: 0.0121289
200 iterations
f(b) = 0.0151043
Frob norm 2 after updating B : 0.0122114
Iteration number -------- 99  -----------
lambda : 1.63032
max_diff => 4.999e-08
performed mixing
Frob norm 1 after updating U: 0.0122015
200 iterations
f(b) = 0.0167793
Frob norm 2 after updating B : 0.0122074
Iteration number -------- 100  -----------
lambda : 1.63848
max_diff => 4.999e-08
