Academic license - for non-commercial use only
Frob norm 1 after updating U: 12.8989
200 iterations
f(b) = 69.8247
Frob norm 2 after updating B : 7.68808
Iteration number -------- 1  -----------
lambda : 1
max_diff => 0.137307
performed mixing
Frob norm 1 after updating U: 6.7285
200 iterations
f(b) = 64.1839
Frob norm 2 after updating B : 7.36498
Iteration number -------- 2  -----------
lambda : 1.005
max_diff => 0.11293
performed mixing
Frob norm 1 after updating U: 6.35459
200 iterations
f(b) = 56.9905
Frob norm 2 after updating B : 6.93266
Iteration number -------- 3  -----------
lambda : 1.01002
max_diff => 0.107195
performed mixing
Frob norm 1 after updating U: 5.61861
200 iterations
f(b) = 50.2847
Frob norm 2 after updating B : 6.46956
Iteration number -------- 4  -----------
lambda : 1.01508
max_diff => 0.12571
performed mixing
Frob norm 1 after updating U: 5.34099
200 iterations
f(b) = 45.2333
Frob norm 2 after updating B : 6.09652
Iteration number -------- 5  -----------
lambda : 1.02015
max_diff => 0.181771
performed mixing
Frob norm 1 after updating U: 5.12455
200 iterations
f(b) = 41.2824
Frob norm 2 after updating B : 5.79149
Iteration number -------- 6  -----------
lambda : 1.02525
max_diff => 0.175024
performed mixing
Frob norm 1 after updating U: 4.92933
200 iterations
f(b) = 38.0733
Frob norm 2 after updating B : 5.52119
Iteration number -------- 7  -----------
lambda : 1.03038
max_diff => 0.146234
performed mixing
Frob norm 1 after updating U: 4.74758
200 iterations
f(b) = 35.3404
Frob norm 2 after updating B : 5.28557
Iteration number -------- 8  -----------
lambda : 1.03553
max_diff => 0.116595
performed mixing
Frob norm 1 after updating U: 4.5652
200 iterations
f(b) = 32.8334
Frob norm 2 after updating B : 5.07143
Iteration number -------- 9  -----------
lambda : 1.04071
max_diff => 0.10176
performed mixing
Frob norm 1 after updating U: 4.37239
200 iterations
f(b) = 29.4532
Frob norm 2 after updating B : 5.0168
Iteration number -------- 10  -----------
lambda : 1.04591
max_diff => 0.0752242
performed mixing
Frob norm 1 after updating U: 4.04988
200 iterations
f(b) = 26.1554
Frob norm 2 after updating B : 4.75324
Iteration number -------- 11  -----------
lambda : 1.05114
max_diff => 0.0718728
performed mixing
Frob norm 1 after updating U: 3.87887
200 iterations
f(b) = 23.5377
Frob norm 2 after updating B : 4.47673
Iteration number -------- 12  -----------
lambda : 1.0564
max_diff => 0.0694359
performed mixing
Frob norm 1 after updating U: 3.81134
200 iterations
f(b) = 21.4903
Frob norm 2 after updating B : 4.27738
Iteration number -------- 13  -----------
lambda : 1.06168
max_diff => 0.0658994
performed mixing
Frob norm 1 after updating U: 3.70639
200 iterations
f(b) = 19.7789
Frob norm 2 after updating B : 4.12081
Iteration number -------- 14  -----------
lambda : 1.06699
max_diff => 0.0606355
performed mixing
Frob norm 1 after updating U: 3.61221
200 iterations
f(b) = 18.3656
Frob norm 2 after updating B : 3.95831
Iteration number -------- 15  -----------
lambda : 1.07232
max_diff => 0.058142
performed mixing
Frob norm 1 after updating U: 3.58315
200 iterations
f(b) = 17.317
Frob norm 2 after updating B : 3.83978
Iteration number -------- 16  -----------
lambda : 1.07768
max_diff => 0.0551351
performed mixing
Frob norm 1 after updating U: 3.54812
200 iterations
f(b) = 16.5119
Frob norm 2 after updating B : 3.75042
Iteration number -------- 17  -----------
lambda : 1.08307
max_diff => 0.0565031
performed mixing
Frob norm 1 after updating U: 3.52998
200 iterations
f(b) = 15.9758
Frob norm 2 after updating B : 3.67296
Iteration number -------- 18  -----------
lambda : 1.08849
max_diff => 0.0569403
performed mixing
Frob norm 1 after updating U: 3.52774
200 iterations
f(b) = 15.5756
Frob norm 2 after updating B : 3.62262
Iteration number -------- 19  -----------
lambda : 1.09393
max_diff => 0.0590495
performed mixing
Frob norm 1 after updating U: 3.52156
200 iterations
f(b) = 15.2416
Frob norm 2 after updating B : 3.56832
Iteration number -------- 20  -----------
lambda : 1.0994
max_diff => 0.079287
performed mixing
Frob norm 1 after updating U: 3.4722
200 iterations
f(b) = 15.0337
Frob norm 2 after updating B : 3.53426
Iteration number -------- 21  -----------
lambda : 1.1049
max_diff => 0.0795703
performed mixing
Frob norm 1 after updating U: 3.47118
200 iterations
f(b) = 14.8918
Frob norm 2 after updating B : 3.51234
Iteration number -------- 22  -----------
lambda : 1.11042
max_diff => 0.0797108
performed mixing
Frob norm 1 after updating U: 3.47078
200 iterations
f(b) = 14.7107
Frob norm 2 after updating B : 3.48705
Iteration number -------- 23  -----------
lambda : 1.11597
max_diff => 0.0944712
performed mixing
Frob norm 1 after updating U: 3.43678
200 iterations
f(b) = 14.6205
Frob norm 2 after updating B : 3.46588
Iteration number -------- 24  -----------
lambda : 1.12155
max_diff => 0.0974661
performed mixing
Frob norm 1 after updating U: 3.43207
200 iterations
f(b) = 14.2335
Frob norm 2 after updating B : 3.31962
Iteration number -------- 25  -----------
lambda : 1.12716
max_diff => 0.110421
performed mixing
Frob norm 1 after updating U: 3.23896
200 iterations
f(b) = 11.3077
Frob norm 2 after updating B : 3.02533
Iteration number -------- 26  -----------
lambda : 1.1328
max_diff => 0.15168
performed mixing
Frob norm 1 after updating U: 2.40061
200 iterations
f(b) = 9.06559
Frob norm 2 after updating B : 2.75091
Iteration number -------- 27  -----------
lambda : 1.13846
max_diff => 0.121311
performed mixing
Frob norm 1 after updating U: 1.78417
200 iterations
f(b) = 7.0879
Frob norm 2 after updating B : 2.46261
Iteration number -------- 28  -----------
lambda : 1.14415
max_diff => 0.0715647
performed mixing
Frob norm 1 after updating U: 1.0121
200 iterations
f(b) = 4.984
Frob norm 2 after updating B : 2.11097
Iteration number -------- 29  -----------
lambda : 1.14987
max_diff => 0.0164669
performed mixing
Frob norm 1 after updating U: 0.448009
200 iterations
f(b) = 3.58021
Frob norm 2 after updating B : 1.74829
Iteration number -------- 30  -----------
lambda : 1.15562
max_diff => 0.0120042
performed mixing
Frob norm 1 after updating U: 0.345809
200 iterations
f(b) = 2.55348
Frob norm 2 after updating B : 1.4791
Iteration number -------- 31  -----------
lambda : 1.1614
max_diff => 0.00596124
performed mixing
Frob norm 1 after updating U: 0.201448
200 iterations
f(b) = 1.73353
Frob norm 2 after updating B : 1.26613
Iteration number -------- 32  -----------
lambda : 1.16721
max_diff => 0.00132474
performed mixing
Frob norm 1 after updating U: 0.0677164
200 iterations
f(b) = 1.15854
Frob norm 2 after updating B : 1.04113
Iteration number -------- 33  -----------
lambda : 1.17304
max_diff => 0.000344364
performed mixing
Frob norm 1 after updating U: 0.0337881
200 iterations
f(b) = 0.753253
Frob norm 2 after updating B : 0.853015
Iteration number -------- 34  -----------
lambda : 1.17891
max_diff => 8.12609e-08
performed mixing
Frob norm 1 after updating U: 0.0124093
200 iterations
f(b) = 0.514619
Frob norm 2 after updating B : 0.682661
Iteration number -------- 35  -----------
lambda : 1.1848
max_diff => 4.999e-08
performed mixing
Frob norm 1 after updating U: 0.0123473
200 iterations
f(b) = 0.344776
Frob norm 2 after updating B : 0.546297
Iteration number -------- 36  -----------
lambda : 1.19073
max_diff => 4.999e-08
performed mixing
Frob norm 1 after updating U: 0.0123902
200 iterations
f(b) = 0.209281
Frob norm 2 after updating B : 0.437229
Iteration number -------- 37  -----------
lambda : 1.19668
max_diff => 4.999e-08
performed mixing
Frob norm 1 after updating U: 0.0123232
200 iterations
f(b) = 0.160986
Frob norm 2 after updating B : 0.349952
Iteration number -------- 38  -----------
lambda : 1.20266
max_diff => 5.0505e-08
performed mixing
Frob norm 1 after updating U: 0.0124732
200 iterations
f(b) = 0.100202
Frob norm 2 after updating B : 0.280235
Iteration number -------- 39  -----------
lambda : 1.20868
max_diff => 4.999e-08
performed mixing
Frob norm 1 after updating U: 0.0122657
200 iterations
f(b) = 0.0999152
Frob norm 2 after updating B : 0.224319
Iteration number -------- 40  -----------
lambda : 1.21472
max_diff => 4.999e-08
performed mixing
Frob norm 1 after updating U: 0.0122995
200 iterations
f(b) = 0.0871532
Frob norm 2 after updating B : 0.179741
Iteration number -------- 41  -----------
lambda : 1.22079
max_diff => 4.999e-08
performed mixing
Frob norm 1 after updating U: 0.0123234
200 iterations
f(b) = 0.0705163
Frob norm 2 after updating B : 0.144161
Iteration number -------- 42  -----------
lambda : 1.2269
max_diff => 4.999e-08
performed mixing
Frob norm 1 after updating U: 0.0122069
200 iterations
f(b) = 0.0327508
Frob norm 2 after updating B : 0.115451
Iteration number -------- 43  -----------
lambda : 1.23303
max_diff => 4.999e-08
performed mixing
Frob norm 1 after updating U: 0.0123626
200 iterations
f(b) = 0.0298257
Frob norm 2 after updating B : 0.09278
Iteration number -------- 44  -----------
lambda : 1.2392
max_diff => 4.999e-08
performed mixing
Frob norm 1 after updating U: 0.0122538
200 iterations
f(b) = 0.028608
Frob norm 2 after updating B : 0.0747987
Iteration number -------- 45  -----------
lambda : 1.24539
max_diff => 4.999e-08
performed mixing
Frob norm 1 after updating U: 0.012424
200 iterations
f(b) = 0.0211208
Frob norm 2 after updating B : 0.0603708
Iteration number -------- 46  -----------
lambda : 1.25162
max_diff => 4.999e-08
performed mixing
Frob norm 1 after updating U: 0.0123407
200 iterations
f(b) = 0.0217509
Frob norm 2 after updating B : 0.0488193
Iteration number -------- 47  -----------
lambda : 1.25788
max_diff => 4.999e-08
performed mixing
Frob norm 1 after updating U: 0.0123964
200 iterations
f(b) = 0.0186944
Frob norm 2 after updating B : 0.0400183
Iteration number -------- 48  -----------
lambda : 1.26417
max_diff => 4.999e-08
performed mixing
Frob norm 1 after updating U: 0.0123424
200 iterations
f(b) = 0.0190841
Frob norm 2 after updating B : 0.0328766
Iteration number -------- 49  -----------
lambda : 1.27049
max_diff => 4.999e-08
performed mixing
Frob norm 1 after updating U: 0.0123968
200 iterations
f(b) = 0.018799
Frob norm 2 after updating B : 0.0272338
Iteration number -------- 50  -----------
lambda : 1.27684
max_diff => 4.999e-08
performed mixing
Frob norm 1 after updating U: 0.012375
200 iterations
f(b) = 0.0181703
Frob norm 2 after updating B : 0.0231141
Iteration number -------- 51  -----------
lambda : 1.28323
max_diff => 4.999e-08
performed mixing
Frob norm 1 after updating U: 0.0123512
200 iterations
f(b) = 0.0164303
Frob norm 2 after updating B : 0.0200335
Iteration number -------- 52  -----------
lambda : 1.28964
max_diff => 4.999e-08
performed mixing
Frob norm 1 after updating U: 0.0123492
200 iterations
f(b) = 0.0188794
Frob norm 2 after updating B : 0.0176545
Iteration number -------- 53  -----------
lambda : 1.29609
max_diff => 4.999e-08
performed mixing
Frob norm 1 after updating U: 0.0122142
200 iterations
f(b) = 0.0160741
Frob norm 2 after updating B : 0.0160244
Iteration number -------- 54  -----------
lambda : 1.30257
max_diff => 4.999e-08
performed mixing
Frob norm 1 after updating U: 0.0123932
200 iterations
f(b) = 0.017225
Frob norm 2 after updating B : 0.0148153
Iteration number -------- 55  -----------
lambda : 1.30908
max_diff => 4.999e-08
performed mixing
Frob norm 1 after updating U: 0.0122577
200 iterations
f(b) = 0.0148911
Frob norm 2 after updating B : 0.0140247
Iteration number -------- 56  -----------
lambda : 1.31563
max_diff => 4.999e-08
performed mixing
Frob norm 1 after updating U: 0.0123296
200 iterations
f(b) = 0.0159405
Frob norm 2 after updating B : 0.0133826
Iteration number -------- 57  -----------
lambda : 1.32221
max_diff => 4.999e-08
performed mixing
Frob norm 1 after updating U: 0.012229
200 iterations
f(b) = 0.0140486
Frob norm 2 after updating B : 0.0130969
Iteration number -------- 58  -----------
lambda : 1.32882
max_diff => 4.999e-08
performed mixing
Frob norm 1 after updating U: 0.012309
200 iterations
f(b) = 0.0144798
Frob norm 2 after updating B : 0.012823
Iteration number -------- 59  -----------
lambda : 1.33546
max_diff => 4.999e-08
performed mixing
Frob norm 1 after updating U: 0.0122889
200 iterations
f(b) = 0.0121084
Frob norm 2 after updating B : 0.0127592
Iteration number -------- 60  -----------
lambda : 1.34214
max_diff => 4.999e-08
performed mixing
Frob norm 1 after updating U: 0.0123808
200 iterations
f(b) = 0.0136189
Frob norm 2 after updating B : 0.0124615
Iteration number -------- 61  -----------
lambda : 1.34885
max_diff => 4.999e-08
performed mixing
Frob norm 1 after updating U: 0.0121918
200 iterations
f(b) = 0.014053
Frob norm 2 after updating B : 0.0124815
Iteration number -------- 62  -----------
lambda : 1.35559
max_diff => 4.999e-08
performed mixing
Frob norm 1 after updating U: 0.0123062
200 iterations
f(b) = 0.0145875
Frob norm 2 after updating B : 0.0124107
Iteration number -------- 63  -----------
lambda : 1.36237
max_diff => 4.999e-08
performed mixing
Frob norm 1 after updating U: 0.0122858
200 iterations
f(b) = 0.0149008
Frob norm 2 after updating B : 0.0122073
Iteration number -------- 64  -----------
lambda : 1.36918
max_diff => 4.999e-08
performed mixing
Frob norm 1 after updating U: 0.0121104
200 iterations
f(b) = 0.0140802
Frob norm 2 after updating B : 0.0123772
Iteration number -------- 65  -----------
lambda : 1.37603
max_diff => 4.999e-08
performed mixing
Frob norm 1 after updating U: 0.0123091
200 iterations
f(b) = 0.0137785
Frob norm 2 after updating B : 0.0123005
Iteration number -------- 66  -----------
lambda : 1.38291
max_diff => 4.999e-08
performed mixing
Frob norm 1 after updating U: 0.0122536
200 iterations
f(b) = 0.013879
Frob norm 2 after updating B : 0.0121939
Iteration number -------- 67  -----------
lambda : 1.38982
max_diff => 4.999e-08
performed mixing
Frob norm 1 after updating U: 0.0121547
200 iterations
f(b) = 0.0143797
Frob norm 2 after updating B : 0.0122819
Iteration number -------- 68  -----------
lambda : 1.39677
max_diff => 4.999e-08
performed mixing
Frob norm 1 after updating U: 0.0122459
200 iterations
f(b) = 0.0158679
Frob norm 2 after updating B : 0.0121859
Iteration number -------- 69  -----------
lambda : 1.40376
max_diff => 4.999e-08
performed mixing
Frob norm 1 after updating U: 0.0121636
200 iterations
f(b) = 0.0125931
Frob norm 2 after updating B : 0.0122951
Iteration number -------- 70  -----------
lambda : 1.41078
max_diff => 4.999e-08
performed mixing
Frob norm 1 after updating U: 0.0122769
200 iterations
f(b) = 0.014187
Frob norm 2 after updating B : 0.0122502
Iteration number -------- 71  -----------
lambda : 1.41783
max_diff => 4.999e-08
performed mixing
Frob norm 1 after updating U: 0.0122403
200 iterations
f(b) = 0.0156922
Frob norm 2 after updating B : 0.0122578
Iteration number -------- 72  -----------
lambda : 1.42492
max_diff => 4.999e-08
performed mixing
Frob norm 1 after updating U: 0.0122408
200 iterations
f(b) = 0.0129807
Frob norm 2 after updating B : 0.0121751
Iteration number -------- 73  -----------
lambda : 1.43204
max_diff => 4.999e-08
performed mixing
Frob norm 1 after updating U: 0.0121673
200 iterations
f(b) = 0.0161596
Frob norm 2 after updating B : 0.0122441
Iteration number -------- 74  -----------
lambda : 1.4392
max_diff => 4.999e-08
performed mixing
Frob norm 1 after updating U: 0.01223
200 iterations
f(b) = 0.0175624
Frob norm 2 after updating B : 0.012216
Iteration number -------- 75  -----------
lambda : 1.4464
max_diff => 4.999e-08
performed mixing
Frob norm 1 after updating U: 0.0122048
200 iterations
f(b) = 0.00882673
Frob norm 2 after updating B : 0.0123361
Iteration number -------- 76  -----------
lambda : 1.45363
max_diff => 4.999e-08
performed mixing
Frob norm 1 after updating U: 0.0123279
200 iterations
f(b) = 0.0121189
Frob norm 2 after updating B : 0.0123063
Iteration number -------- 77  -----------
lambda : 1.4609
max_diff => 4.999e-08
performed mixing
Frob norm 1 after updating U: 0.0122995
200 iterations
f(b) = 0.0118746
Frob norm 2 after updating B : 0.0122777
Iteration number -------- 78  -----------
lambda : 1.46821
max_diff => 4.999e-08
performed mixing
Frob norm 1 after updating U: 0.0122716
200 iterations
f(b) = 0.0165382
Frob norm 2 after updating B : 0.0121704
Iteration number -------- 79  -----------
lambda : 1.47555
max_diff => 4.999e-08
performed mixing
Frob norm 1 after updating U: 0.0121842
200 iterations
f(b) = 0.0154249
Frob norm 2 after updating B : 0.0121969
Iteration number -------- 80  -----------
lambda : 1.48292
max_diff => 4.999e-08
performed mixing
Frob norm 1 after updating U: 0.0121976
200 iterations
f(b) = 0.0153062
Frob norm 2 after updating B : 0.0121982
Iteration number -------- 81  -----------
lambda : 1.49034
max_diff => 4.999e-08
performed mixing
Frob norm 1 after updating U: 0.0121965
200 iterations
f(b) = 0.0196603
Frob norm 2 after updating B : 0.0123218
Iteration number -------- 82  -----------
lambda : 1.49779
max_diff => 4.999e-08
performed mixing
Frob norm 1 after updating U: 0.0123013
200 iterations
f(b) = 0.0174878
Frob norm 2 after updating B : 0.0121867
Iteration number -------- 83  -----------
lambda : 1.50528
max_diff => 4.999e-08
performed mixing
Frob norm 1 after updating U: 0.0121707
200 iterations
f(b) = 0.0155198
Frob norm 2 after updating B : 0.0122923
Iteration number -------- 84  -----------
lambda : 1.51281
max_diff => 4.999e-08
performed mixing
Frob norm 1 after updating U: 0.0122878
200 iterations
f(b) = 0.0166725
Frob norm 2 after updating B : 0.0121902
Iteration number -------- 85  -----------
lambda : 1.52037
max_diff => 4.999e-08
performed mixing
Frob norm 1 after updating U: 0.0121848
200 iterations
f(b) = 0.0149138
Frob norm 2 after updating B : 0.0122845
Iteration number -------- 86  -----------
lambda : 1.52797
max_diff => 4.999e-08
performed mixing
Frob norm 1 after updating U: 0.0122808
200 iterations
f(b) = 0.0177801
Frob norm 2 after updating B : 0.0121464
Iteration number -------- 87  -----------
lambda : 1.53561
max_diff => 4.999e-08
performed mixing
Frob norm 1 after updating U: 0.0121371
200 iterations
f(b) = 0.0159047
Frob norm 2 after updating B : 0.0122176
Iteration number -------- 88  -----------
lambda : 1.54329
max_diff => 4.999e-08
performed mixing
Frob norm 1 after updating U: 0.0122141
200 iterations
f(b) = 0.0122261
Frob norm 2 after updating B : 0.0122968
Iteration number -------- 89  -----------
lambda : 1.55101
max_diff => 4.999e-08
performed mixing
Frob norm 1 after updating U: 0.0122816
200 iterations
f(b) = 0.00992208
Frob norm 2 after updating B : 0.0122663
Iteration number -------- 90  -----------
lambda : 1.55876
max_diff => 4.999e-08
performed mixing
Frob norm 1 after updating U: 0.0122638
200 iterations
f(b) = 0.015959
Frob norm 2 after updating B : 0.0122893
Iteration number -------- 91  -----------
lambda : 1.56655
max_diff => 4.999e-08
performed mixing
Frob norm 1 after updating U: 0.0122774
200 iterations
f(b) = 0.0176662
Frob norm 2 after updating B : 0.0122468
Iteration number -------- 92  -----------
lambda : 1.57439
max_diff => 4.999e-08
performed mixing
Frob norm 1 after updating U: 0.0122432
200 iterations
f(b) = 0.014705
Frob norm 2 after updating B : 0.0123345
Iteration number -------- 93  -----------
lambda : 1.58226
max_diff => 4.999e-08
performed mixing
Frob norm 1 after updating U: 0.0123305
200 iterations
f(b) = 0.0208666
Frob norm 2 after updating B : 0.012127
Iteration number -------- 94  -----------
lambda : 1.59017
max_diff => 4.999e-08
performed mixing
Frob norm 1 after updating U: 0.0121257
200 iterations
f(b) = 0.0159917
Frob norm 2 after updating B : 0.0123244
Iteration number -------- 95  -----------
lambda : 1.59812
max_diff => 4.999e-08
performed mixing
Frob norm 1 after updating U: 0.0123177
200 iterations
f(b) = 0.0163936
Frob norm 2 after updating B : 0.0122003
Iteration number -------- 96  -----------
lambda : 1.60611
max_diff => 4.999e-08
performed mixing
Frob norm 1 after updating U: 0.0122055
200 iterations
f(b) = 0.0186778
Frob norm 2 after updating B : 0.0122636
Iteration number -------- 97  -----------
lambda : 1.61414
max_diff => 4.999e-08
performed mixing
Frob norm 1 after updating U: 0.0122529
200 iterations
f(b) = 0.0165072
Frob norm 2 after updating B : 0.0122614
Iteration number -------- 98  -----------
lambda : 1.62221
max_diff => 4.999e-08
performed mixing
Frob norm 1 after updating U: 0.0122511
200 iterations
f(b) = 0.018709
Frob norm 2 after updating B : 0.0122738
Iteration number -------- 99  -----------
lambda : 1.63032
max_diff => 4.999e-08
performed mixing
Frob norm 1 after updating U: 0.0122717
200 iterations
f(b) = 0.0129801
Frob norm 2 after updating B : 0.0122586
Iteration number -------- 100  -----------
lambda : 1.63848
max_diff => 4.999e-08
