Academic license - for non-commercial use only
Frob norm 1 after updating U: 11.693
200 iterations
f(b) = 67.8725
Frob norm 2 after updating B : 7.33296
Iteration number -------- 1  -----------
lambda : 1
max_diff => 0.138086
performed mixing
Frob norm 1 after updating U: 6.25588
200 iterations
f(b) = 62.0015
Frob norm 2 after updating B : 6.96988
Iteration number -------- 2  -----------
lambda : 1.005
max_diff => 0.13435
performed mixing
Frob norm 1 after updating U: 6.0293
200 iterations
f(b) = 56.7077
Frob norm 2 after updating B : 6.65141
Iteration number -------- 3  -----------
lambda : 1.01002
max_diff => 0.126152
performed mixing
Frob norm 1 after updating U: 5.76526
200 iterations
f(b) = 51.8026
Frob norm 2 after updating B : 6.40326
Iteration number -------- 4  -----------
lambda : 1.01508
max_diff => 0.104265
performed mixing
Frob norm 1 after updating U: 5.53959
200 iterations
f(b) = 47.4554
Frob norm 2 after updating B : 6.14369
Iteration number -------- 5  -----------
lambda : 1.02015
max_diff => 0.0936078
performed mixing
Frob norm 1 after updating U: 5.30259
200 iterations
f(b) = 41.4572
Frob norm 2 after updating B : 5.77889
Iteration number -------- 6  -----------
lambda : 1.02525
max_diff => 0.134488
performed mixing
Frob norm 1 after updating U: 4.67317
200 iterations
f(b) = 36.7755
Frob norm 2 after updating B : 5.43923
Iteration number -------- 7  -----------
lambda : 1.03038
max_diff => 0.102541
performed mixing
Frob norm 1 after updating U: 4.50513
200 iterations
f(b) = 32.9861
Frob norm 2 after updating B : 5.13036
Iteration number -------- 8  -----------
lambda : 1.03553
max_diff => 0.0937948
performed mixing
Frob norm 1 after updating U: 4.47278
200 iterations
f(b) = 30.7132
Frob norm 2 after updating B : 4.90869
Iteration number -------- 9  -----------
lambda : 1.04071
max_diff => 0.0906763
performed mixing
Frob norm 1 after updating U: 4.46491
200 iterations
f(b) = 29.0485
Frob norm 2 after updating B : 4.76852
Iteration number -------- 10  -----------
lambda : 1.04591
max_diff => 0.0686901
performed mixing
Frob norm 1 after updating U: 4.42248
200 iterations
f(b) = 27.9555
Frob norm 2 after updating B : 4.64771
Iteration number -------- 11  -----------
lambda : 1.05114
max_diff => 0.0678342
performed mixing
Frob norm 1 after updating U: 4.42158
200 iterations
f(b) = 27.0038
Frob norm 2 after updating B : 4.59274
Iteration number -------- 12  -----------
lambda : 1.0564
max_diff => 0.0624818
performed mixing
Frob norm 1 after updating U: 4.38213
200 iterations
f(b) = 26.3812
Frob norm 2 after updating B : 4.51853
Iteration number -------- 13  -----------
lambda : 1.06168
max_diff => 0.0624805
performed mixing
Frob norm 1 after updating U: 4.38179
200 iterations
f(b) = 25.9654
Frob norm 2 after updating B : 4.47018
Iteration number -------- 14  -----------
lambda : 1.06699
max_diff => 0.0624782
performed mixing
Frob norm 1 after updating U: 4.38113
200 iterations
f(b) = 25.4069
Frob norm 2 after updating B : 4.4776
Iteration number -------- 15  -----------
lambda : 1.07232
max_diff => 0.0624853
performed mixing
Frob norm 1 after updating U: 4.34995
200 iterations
f(b) = 25.0525
Frob norm 2 after updating B : 4.43257
Iteration number -------- 16  -----------
lambda : 1.07768
max_diff => 0.0624861
performed mixing
Frob norm 1 after updating U: 4.34983
200 iterations
f(b) = 24.8097
Frob norm 2 after updating B : 4.40361
Iteration number -------- 17  -----------
lambda : 1.08307
max_diff => 0.0624886
performed mixing
Frob norm 1 after updating U: 4.34927
200 iterations
f(b) = 24.3862
Frob norm 2 after updating B : 4.43746
Iteration number -------- 18  -----------
lambda : 1.08849
max_diff => 0.0623761
performed mixing
Frob norm 1 after updating U: 4.33351
200 iterations
f(b) = 24.1105
Frob norm 2 after updating B : 4.40086
Iteration number -------- 19  -----------
lambda : 1.09393
max_diff => 0.0623748
performed mixing
Frob norm 1 after updating U: 4.33353
200 iterations
f(b) = 23.9191
Frob norm 2 after updating B : 4.37743
Iteration number -------- 20  -----------
lambda : 1.0994
max_diff => 0.0623717
performed mixing
Frob norm 1 after updating U: 4.33338
200 iterations
f(b) = 23.6588
Frob norm 2 after updating B : 4.37301
Iteration number -------- 21  -----------
lambda : 1.1049
max_diff => 0.0622519
performed mixing
Frob norm 1 after updating U: 4.33007
200 iterations
f(b) = 23.5618
Frob norm 2 after updating B : 4.35797
Iteration number -------- 22  -----------
lambda : 1.11042
max_diff => 0.0622405
performed mixing
Frob norm 1 after updating U: 4.33006
200 iterations
f(b) = 23.4946
Frob norm 2 after updating B : 4.34805
Iteration number -------- 23  -----------
lambda : 1.11597
max_diff => 0.0622293
performed mixing
Frob norm 1 after updating U: 4.32984
200 iterations
f(b) = 23.4547
Frob norm 2 after updating B : 4.34168
Iteration number -------- 24  -----------
lambda : 1.12155
max_diff => 0.0622129
performed mixing
Frob norm 1 after updating U: 4.32963
200 iterations
f(b) = 23.4368
Frob norm 2 after updating B : 4.33743
Iteration number -------- 25  -----------
lambda : 1.12716
max_diff => 0.0622061
performed mixing
Frob norm 1 after updating U: 4.32953
200 iterations
f(b) = 23.416
Frob norm 2 after updating B : 4.33472
Iteration number -------- 26  -----------
lambda : 1.1328
max_diff => 0.0621779
performed mixing
Frob norm 1 after updating U: 4.32916
200 iterations
f(b) = 23.418
Frob norm 2 after updating B : 4.33284
Iteration number -------- 27  -----------
lambda : 1.13846
max_diff => 0.0621576
performed mixing
Frob norm 1 after updating U: 4.32901
200 iterations
f(b) = 23.1284
Frob norm 2 after updating B : 4.37618
Iteration number -------- 28  -----------
lambda : 1.14415
max_diff => 0.0620447
performed mixing
Frob norm 1 after updating U: 4.32878
200 iterations
f(b) = 23.0233
Frob norm 2 after updating B : 4.35953
Iteration number -------- 29  -----------
lambda : 1.14987
max_diff => 0.062044
performed mixing
Frob norm 1 after updating U: 4.329
200 iterations
f(b) = 22.9345
Frob norm 2 after updating B : 4.34918
Iteration number -------- 30  -----------
lambda : 1.15562
max_diff => 0.0620478
performed mixing
Frob norm 1 after updating U: 4.329
200 iterations
f(b) = 22.9015
Frob norm 2 after updating B : 4.34269
Iteration number -------- 31  -----------
lambda : 1.1614
max_diff => 0.0620547
performed mixing
Frob norm 1 after updating U: 4.3294
200 iterations
f(b) = 22.8698
Frob norm 2 after updating B : 4.33853
Iteration number -------- 32  -----------
lambda : 1.16721
max_diff => 0.0620619
performed mixing
Frob norm 1 after updating U: 4.32965
200 iterations
f(b) = 22.8568
Frob norm 2 after updating B : 4.33589
Iteration number -------- 33  -----------
lambda : 1.17304
max_diff => 0.0620682
performed mixing
Frob norm 1 after updating U: 4.32994
200 iterations
f(b) = 22.5583
Frob norm 2 after updating B : 4.3799
Iteration number -------- 34  -----------
lambda : 1.17891
max_diff => 0.0623927
performed mixing
Frob norm 1 after updating U: 4.34858
200 iterations
f(b) = 22.514
Frob norm 2 after updating B : 4.36893
Iteration number -------- 35  -----------
lambda : 1.1848
max_diff => 0.062394
performed mixing
Frob norm 1 after updating U: 4.34879
200 iterations
f(b) = 22.4673
Frob norm 2 after updating B : 4.36195
Iteration number -------- 36  -----------
lambda : 1.19073
max_diff => 0.0623979
performed mixing
Frob norm 1 after updating U: 4.34898
200 iterations
f(b) = 22.4401
Frob norm 2 after updating B : 4.3576
Iteration number -------- 37  -----------
lambda : 1.19668
max_diff => 0.0624008
performed mixing
Frob norm 1 after updating U: 4.34915
200 iterations
f(b) = 22.4306
Frob norm 2 after updating B : 4.35481
Iteration number -------- 38  -----------
lambda : 1.20266
max_diff => 0.0624041
performed mixing
Frob norm 1 after updating U: 4.3493
200 iterations
f(b) = 22.4253
Frob norm 2 after updating B : 4.35303
Iteration number -------- 39  -----------
lambda : 1.20868
max_diff => 0.0624087
performed mixing
Frob norm 1 after updating U: 4.34941
200 iterations
f(b) = 22.4322
Frob norm 2 after updating B : 4.35179
Iteration number -------- 40  -----------
lambda : 1.21472
max_diff => 0.0624105
performed mixing
Frob norm 1 after updating U: 4.34942
200 iterations
f(b) = 22.4381
Frob norm 2 after updating B : 4.35132
Iteration number -------- 41  -----------
lambda : 1.22079
max_diff => 0.062414
performed mixing
Frob norm 1 after updating U: 4.34973
200 iterations
f(b) = 22.452
Frob norm 2 after updating B : 4.35115
Iteration number -------- 42  -----------
lambda : 1.2269
max_diff => 0.0624184
performed mixing
Frob norm 1 after updating U: 4.35007
200 iterations
f(b) = 22.4562
Frob norm 2 after updating B : 4.35093
Iteration number -------- 43  -----------
lambda : 1.23303
max_diff => 0.0624234
performed mixing
Frob norm 1 after updating U: 4.35018
200 iterations
f(b) = 22.466
Frob norm 2 after updating B : 4.35099
Iteration number -------- 44  -----------
lambda : 1.2392
max_diff => 0.0624301
performed mixing
Frob norm 1 after updating U: 4.35044
200 iterations
f(b) = 22.4823
Frob norm 2 after updating B : 4.35102
Iteration number -------- 45  -----------
lambda : 1.24539
max_diff => 0.0624332
performed mixing
Frob norm 1 after updating U: 4.35064
200 iterations
f(b) = 22.4388
Frob norm 2 after updating B : 4.35164
Iteration number -------- 46  -----------
lambda : 1.25162
max_diff => 0.0624418
performed mixing
Frob norm 1 after updating U: 4.35129
200 iterations
f(b) = 22.5018
Frob norm 2 after updating B : 4.35201
Iteration number -------- 47  -----------
lambda : 1.25788
max_diff => 0.0624446
performed mixing
Frob norm 1 after updating U: 4.35173
200 iterations
f(b) = 22.5118
Frob norm 2 after updating B : 4.35236
Iteration number -------- 48  -----------
lambda : 1.26417
max_diff => 0.0624491
performed mixing
Frob norm 1 after updating U: 4.35213
200 iterations
f(b) = 22.5281
Frob norm 2 after updating B : 4.35261
Iteration number -------- 49  -----------
lambda : 1.27049
max_diff => 0.0624514
performed mixing
Frob norm 1 after updating U: 4.35243
200 iterations
f(b) = 22.543
Frob norm 2 after updating B : 4.35288
Iteration number -------- 50  -----------
lambda : 1.27684
max_diff => 0.0624544
performed mixing
Frob norm 1 after updating U: 4.35274
200 iterations
f(b) = 22.553
Frob norm 2 after updating B : 4.35318
Iteration number -------- 51  -----------
lambda : 1.28323
max_diff => 0.0624576
performed mixing
Frob norm 1 after updating U: 4.35306
200 iterations
f(b) = 22.5728
Frob norm 2 after updating B : 4.35354
Iteration number -------- 52  -----------
lambda : 1.28964
max_diff => 0.0624605
performed mixing
Frob norm 1 after updating U: 4.35344
200 iterations
f(b) = 22.5911
Frob norm 2 after updating B : 4.35381
Iteration number -------- 53  -----------
lambda : 1.29609
max_diff => 0.0624628
performed mixing
Frob norm 1 after updating U: 4.35372
200 iterations
f(b) = 22.5968
Frob norm 2 after updating B : 4.3543
Iteration number -------- 54  -----------
lambda : 1.30257
max_diff => 0.0624665
performed mixing
Frob norm 1 after updating U: 4.35421
200 iterations
f(b) = 22.6044
Frob norm 2 after updating B : 4.3548
Iteration number -------- 55  -----------
lambda : 1.30908
max_diff => 0.062469
performed mixing
Frob norm 1 after updating U: 4.35471
200 iterations
f(b) = 22.6221
Frob norm 2 after updating B : 4.35515
Iteration number -------- 56  -----------
lambda : 1.31563
max_diff => 0.0624707
performed mixing
Frob norm 1 after updating U: 4.35506
200 iterations
f(b) = 22.6372
Frob norm 2 after updating B : 4.35541
Iteration number -------- 57  -----------
lambda : 1.32221
max_diff => 0.062474
performed mixing
Frob norm 1 after updating U: 4.35533
200 iterations
f(b) = 22.6526
Frob norm 2 after updating B : 4.35583
Iteration number -------- 58  -----------
lambda : 1.32882
max_diff => 0.0624771
performed mixing
Frob norm 1 after updating U: 4.35575
200 iterations
f(b) = 22.6638
Frob norm 2 after updating B : 4.35635
Iteration number -------- 59  -----------
lambda : 1.33546
max_diff => 0.062479
performed mixing
Frob norm 1 after updating U: 4.35627
200 iterations
f(b) = 22.6647
Frob norm 2 after updating B : 4.35692
Iteration number -------- 60  -----------
lambda : 1.34214
max_diff => 0.0624821
performed mixing
Frob norm 1 after updating U: 4.35681
200 iterations
f(b) = 22.6848
Frob norm 2 after updating B : 4.35742
Iteration number -------- 61  -----------
lambda : 1.34885
max_diff => 0.062484
performed mixing
Frob norm 1 after updating U: 4.35732
200 iterations
f(b) = 22.6941
Frob norm 2 after updating B : 4.35804
Iteration number -------- 62  -----------
lambda : 1.35559
max_diff => 0.0624862
performed mixing
Frob norm 1 after updating U: 4.35794
200 iterations
f(b) = 22.7079
Frob norm 2 after updating B : 4.35874
Iteration number -------- 63  -----------
lambda : 1.36237
max_diff => 0.0624888
performed mixing
Frob norm 1 after updating U: 4.35863
200 iterations
f(b) = 22.7155
Frob norm 2 after updating B : 4.35941
Iteration number -------- 64  -----------
lambda : 1.36918
max_diff => 0.0624907
performed mixing
Frob norm 1 after updating U: 4.3593
200 iterations
f(b) = 22.731
Frob norm 2 after updating B : 4.35978
Iteration number -------- 65  -----------
lambda : 1.37603
max_diff => 0.0624924
performed mixing
Frob norm 1 after updating U: 4.35967
200 iterations
f(b) = 22.747
Frob norm 2 after updating B : 4.36018
Iteration number -------- 66  -----------
lambda : 1.38291
max_diff => 0.0624936
performed mixing
Frob norm 1 after updating U: 4.36009
200 iterations
f(b) = 22.7576
Frob norm 2 after updating B : 4.36078
Iteration number -------- 67  -----------
lambda : 1.38982
max_diff => 0.0624946
performed mixing
Frob norm 1 after updating U: 4.36069
200 iterations
f(b) = 22.7657
Frob norm 2 after updating B : 4.36158
Iteration number -------- 68  -----------
lambda : 1.39677
max_diff => 0.0624967
performed mixing
Frob norm 1 after updating U: 4.36148
200 iterations
f(b) = 22.7787
Frob norm 2 after updating B : 4.36225
Iteration number -------- 69  -----------
lambda : 1.40376
max_diff => 0.0624973
performed mixing
Frob norm 1 after updating U: 4.36216
200 iterations
f(b) = 22.7881
Frob norm 2 after updating B : 4.36303
Iteration number -------- 70  -----------
lambda : 1.41078
max_diff => 0.0624977
performed mixing
Frob norm 1 after updating U: 4.36293
200 iterations
f(b) = 22.8035
Frob norm 2 after updating B : 4.36354
Iteration number -------- 71  -----------
lambda : 1.41783
max_diff => 0.0624984
performed mixing
Frob norm 1 after updating U: 4.36344
200 iterations
f(b) = 22.8068
Frob norm 2 after updating B : 4.36436
Iteration number -------- 72  -----------
lambda : 1.42492
max_diff => 0.0624991
performed mixing
Frob norm 1 after updating U: 4.36426
200 iterations
f(b) = 22.8178
Frob norm 2 after updating B : 4.36523
Iteration number -------- 73  -----------
lambda : 1.43204
max_diff => 0.0624995
performed mixing
Frob norm 1 after updating U: 4.36511
200 iterations
f(b) = 22.8349
Frob norm 2 after updating B : 4.36577
Iteration number -------- 74  -----------
lambda : 1.4392
max_diff => 0.0624997
performed mixing
Frob norm 1 after updating U: 4.36565
200 iterations
f(b) = 22.8435
Frob norm 2 after updating B : 4.36655
Iteration number -------- 75  -----------
lambda : 1.4464
max_diff => 0.0625
performed mixing
Frob norm 1 after updating U: 4.36644
200 iterations
f(b) = 22.8562
Frob norm 2 after updating B : 4.36734
Iteration number -------- 76  -----------
lambda : 1.45363
max_diff => 0.0625001
performed mixing
Frob norm 1 after updating U: 4.36724
200 iterations
f(b) = 22.5286
Frob norm 2 after updating B : 4.42263
Iteration number -------- 77  -----------
lambda : 1.4609
max_diff => 0.0623039
performed mixing
Frob norm 1 after updating U: 4.40768
200 iterations
f(b) = 22.5312
Frob norm 2 after updating B : 4.41798
Iteration number -------- 78  -----------
lambda : 1.46821
max_diff => 0.0622978
performed mixing
Frob norm 1 after updating U: 4.40826
200 iterations
f(b) = 22.5117
Frob norm 2 after updating B : 4.41549
Iteration number -------- 79  -----------
lambda : 1.47555
max_diff => 0.0622957
performed mixing
Frob norm 1 after updating U: 4.40904
200 iterations
f(b) = 22.4975
Frob norm 2 after updating B : 4.41414
Iteration number -------- 80  -----------
lambda : 1.48292
max_diff => 0.0622916
performed mixing
Frob norm 1 after updating U: 4.40972
200 iterations
f(b) = 22.4958
Frob norm 2 after updating B : 4.41354
Iteration number -------- 81  -----------
lambda : 1.49034
max_diff => 0.0622858
performed mixing
Frob norm 1 after updating U: 4.41053
200 iterations
f(b) = 22.4913
Frob norm 2 after updating B : 4.41354
Iteration number -------- 82  -----------
lambda : 1.49779
max_diff => 0.0622807
performed mixing
Frob norm 1 after updating U: 4.41142
200 iterations
f(b) = 22.4936
Frob norm 2 after updating B : 4.41414
Iteration number -------- 83  -----------
lambda : 1.50528
max_diff => 0.0622733
performed mixing
Frob norm 1 after updating U: 4.41254
200 iterations
f(b) = 22.4857
Frob norm 2 after updating B : 4.41567
Iteration number -------- 84  -----------
lambda : 1.51281
max_diff => 0.0622634
performed mixing
Frob norm 1 after updating U: 4.41437
200 iterations
f(b) = 22.4893
Frob norm 2 after updating B : 4.41606
Iteration number -------- 85  -----------
lambda : 1.52037
max_diff => 0.062258
performed mixing
Frob norm 1 after updating U: 4.41511
200 iterations
f(b) = 22.4835
Frob norm 2 after updating B : 4.41745
Iteration number -------- 86  -----------
lambda : 1.52797
max_diff => 0.062251
performed mixing
Frob norm 1 after updating U: 4.41662
200 iterations
f(b) = 22.4822
Frob norm 2 after updating B : 4.41845
Iteration number -------- 87  -----------
lambda : 1.53561
max_diff => 0.062244
performed mixing
Frob norm 1 after updating U: 4.41777
200 iterations
f(b) = 22.4875
Frob norm 2 after updating B : 4.4193
Iteration number -------- 88  -----------
lambda : 1.54329
max_diff => 0.0622322
performed mixing
Frob norm 1 after updating U: 4.41877
200 iterations
f(b) = 22.4803
Frob norm 2 after updating B : 4.421
Iteration number -------- 89  -----------
lambda : 1.55101
max_diff => 0.0622191
performed mixing
Frob norm 1 after updating U: 4.42046
200 iterations
f(b) = 22.0451
Frob norm 2 after updating B : 4.51323
Iteration number -------- 90  -----------
lambda : 1.55876
max_diff => 0.0610431
performed mixing
Frob norm 1 after updating U: 4.43108
200 iterations
f(b) = 21.8219
Frob norm 2 after updating B : 4.48842
Iteration number -------- 91  -----------
lambda : 1.56655
max_diff => 0.0610311
performed mixing
Frob norm 1 after updating U: 4.43475
200 iterations
f(b) = 21.5732
Frob norm 2 after updating B : 4.47431
Iteration number -------- 92  -----------
lambda : 1.57439
max_diff => 0.0610116
performed mixing
Frob norm 1 after updating U: 4.43781
200 iterations
f(b) = 21.4826
Frob norm 2 after updating B : 4.4658
Iteration number -------- 93  -----------
lambda : 1.58226
max_diff => 0.0609648
performed mixing
Frob norm 1 after updating U: 4.44004
200 iterations
f(b) = 21.4011
Frob norm 2 after updating B : 4.45788
Iteration number -------- 94  -----------
lambda : 1.59017
max_diff => 0.0609497
performed mixing
Frob norm 1 after updating U: 4.44091
200 iterations
f(b) = 21.3479
Frob norm 2 after updating B : 4.4527
Iteration number -------- 95  -----------
lambda : 1.59812
max_diff => 0.060933
performed mixing
Frob norm 1 after updating U: 4.44145
200 iterations
f(b) = 21.2962
Frob norm 2 after updating B : 4.44998
Iteration number -------- 96  -----------
lambda : 1.60611
max_diff => 0.060904
performed mixing
Frob norm 1 after updating U: 4.44235
200 iterations
f(b) = 20.9523
Frob norm 2 after updating B : 4.47088
Iteration number -------- 97  -----------
lambda : 1.61414
max_diff => 0.0602662
performed mixing
Frob norm 1 after updating U: 4.45379
200 iterations
f(b) = 20.9472
Frob norm 2 after updating B : 4.46494
Iteration number -------- 98  -----------
lambda : 1.62221
max_diff => 0.0602542
performed mixing
Frob norm 1 after updating U: 4.45391
200 iterations
f(b) = 20.9115
Frob norm 2 after updating B : 4.46118
Iteration number -------- 99  -----------
lambda : 1.63032
max_diff => 0.0602327
performed mixing
Frob norm 1 after updating U: 4.45404
200 iterations
f(b) = 20.8917
Frob norm 2 after updating B : 4.45887
Iteration number -------- 100  -----------
lambda : 1.63848
max_diff => 0.0602217
