Academic license - for non-commercial use only
Frob norm 1 after updating U: 9.69303
200 iterations
f(b) = 27.3599
Frob norm 2 after updating B : 4.44414
Iteration number -------- 1  -----------
lambda : 1
max_diff => 0.182936
performed mixing
Frob norm 1 after updating U: 3.52982
200 iterations
f(b) = 24.497
Frob norm 2 after updating B : 4.15305
Iteration number -------- 2  -----------
lambda : 1.005
max_diff => 0.176439
performed mixing
Frob norm 1 after updating U: 3.33112
200 iterations
f(b) = 22.0864
Frob norm 2 after updating B : 3.88907
Iteration number -------- 3  -----------
lambda : 1.01002
max_diff => 0.169624
performed mixing
Frob norm 1 after updating U: 3.15789
200 iterations
f(b) = 20.0714
Frob norm 2 after updating B : 3.66142
Iteration number -------- 4  -----------
lambda : 1.01508
max_diff => 0.161453
performed mixing
Frob norm 1 after updating U: 2.99493
200 iterations
f(b) = 18.3559
Frob norm 2 after updating B : 3.46257
Iteration number -------- 5  -----------
lambda : 1.02015
max_diff => 0.153663
performed mixing
Frob norm 1 after updating U: 2.87649
200 iterations
f(b) = 16.9353
Frob norm 2 after updating B : 3.29625
Iteration number -------- 6  -----------
lambda : 1.02525
max_diff => 0.14588
performed mixing
Frob norm 1 after updating U: 2.78284
200 iterations
f(b) = 15.7188
Frob norm 2 after updating B : 3.16854
Iteration number -------- 7  -----------
lambda : 1.03038
max_diff => 0.136173
performed mixing
Frob norm 1 after updating U: 2.69154
200 iterations
f(b) = 14.6307
Frob norm 2 after updating B : 3.05242
Iteration number -------- 8  -----------
lambda : 1.03553
max_diff => 0.127279
performed mixing
Frob norm 1 after updating U: 2.62986
200 iterations
f(b) = 13.6827
Frob norm 2 after updating B : 2.96265
Iteration number -------- 9  -----------
lambda : 1.04071
max_diff => 0.117364
performed mixing
Frob norm 1 after updating U: 2.57291
200 iterations
f(b) = 12.8323
Frob norm 2 after updating B : 2.89261
Iteration number -------- 10  -----------
lambda : 1.04591
max_diff => 0.107931
performed mixing
Frob norm 1 after updating U: 2.52804
200 iterations
f(b) = 12.0047
Frob norm 2 after updating B : 2.87284
Iteration number -------- 11  -----------
lambda : 1.05114
max_diff => 0.0947898
performed mixing
Frob norm 1 after updating U: 2.48668
200 iterations
f(b) = 11.1815
Frob norm 2 after updating B : 2.82262
Iteration number -------- 12  -----------
lambda : 1.0564
max_diff => 0.0879516
performed mixing
Frob norm 1 after updating U: 2.4621
200 iterations
f(b) = 10.4049
Frob norm 2 after updating B : 2.78495
Iteration number -------- 13  -----------
lambda : 1.06168
max_diff => 0.0904348
performed mixing
Frob norm 1 after updating U: 2.4369
200 iterations
f(b) = 9.72691
Frob norm 2 after updating B : 2.68298
Iteration number -------- 14  -----------
lambda : 1.06699
max_diff => 0.0917589
performed mixing
Frob norm 1 after updating U: 2.43248
200 iterations
f(b) = 9.17687
Frob norm 2 after updating B : 2.65059
Iteration number -------- 15  -----------
lambda : 1.07232
max_diff => 0.0969474
performed mixing
Frob norm 1 after updating U: 2.41616
200 iterations
f(b) = 8.70657
Frob norm 2 after updating B : 2.61173
Iteration number -------- 16  -----------
lambda : 1.07768
max_diff => 0.104548
performed mixing
Frob norm 1 after updating U: 2.40232
200 iterations
f(b) = 8.34879
Frob norm 2 after updating B : 2.54077
Iteration number -------- 17  -----------
lambda : 1.08307
max_diff => 0.105175
performed mixing
Frob norm 1 after updating U: 2.40185
200 iterations
f(b) = 8.11912
Frob norm 2 after updating B : 2.49241
Iteration number -------- 18  -----------
lambda : 1.08849
max_diff => 0.105294
performed mixing
Frob norm 1 after updating U: 2.40175
200 iterations
f(b) = 7.96789
Frob norm 2 after updating B : 2.46049
Iteration number -------- 19  -----------
lambda : 1.09393
max_diff => 0.105722
performed mixing
Frob norm 1 after updating U: 2.40123
200 iterations
f(b) = 7.84583
Frob norm 2 after updating B : 2.43819
Iteration number -------- 20  -----------
lambda : 1.0994
max_diff => 0.107034
performed mixing
Frob norm 1 after updating U: 2.39876
200 iterations
f(b) = 7.81182
Frob norm 2 after updating B : 2.42404
Iteration number -------- 21  -----------
lambda : 1.1049
max_diff => 0.107351
performed mixing
Frob norm 1 after updating U: 2.39827
200 iterations
f(b) = 7.74375
Frob norm 2 after updating B : 2.4114
Iteration number -------- 22  -----------
lambda : 1.11042
max_diff => 0.109995
performed mixing
Frob norm 1 after updating U: 2.3938
200 iterations
f(b) = 7.71853
Frob norm 2 after updating B : 2.40353
Iteration number -------- 23  -----------
lambda : 1.11597
max_diff => 0.111505
performed mixing
Frob norm 1 after updating U: 2.39193
200 iterations
f(b) = 7.59149
Frob norm 2 after updating B : 2.37192
Iteration number -------- 24  -----------
lambda : 1.12155
max_diff => 0.112076
performed mixing
Frob norm 1 after updating U: 2.32617
200 iterations
f(b) = 7.3424
Frob norm 2 after updating B : 2.36949
Iteration number -------- 25  -----------
lambda : 1.12716
max_diff => 0.062479
performed mixing
Frob norm 1 after updating U: 2.26488
200 iterations
f(b) = 7.19148
Frob norm 2 after updating B : 2.33353
Iteration number -------- 26  -----------
lambda : 1.1328
max_diff => 0.0624716
performed mixing
Frob norm 1 after updating U: 2.2634
200 iterations
f(b) = 7.07848
Frob norm 2 after updating B : 2.30997
Iteration number -------- 27  -----------
lambda : 1.13846
max_diff => 0.06247
performed mixing
Frob norm 1 after updating U: 2.26458
200 iterations
f(b) = 7.01656
Frob norm 2 after updating B : 2.29385
Iteration number -------- 28  -----------
lambda : 1.14415
max_diff => 0.0624694
performed mixing
Frob norm 1 after updating U: 2.26444
200 iterations
f(b) = 6.97652
Frob norm 2 after updating B : 2.28318
Iteration number -------- 29  -----------
lambda : 1.14987
max_diff => 0.0624691
performed mixing
Frob norm 1 after updating U: 2.26411
200 iterations
f(b) = 6.95309
Frob norm 2 after updating B : 2.27622
Iteration number -------- 30  -----------
lambda : 1.15562
max_diff => 0.0624695
performed mixing
Frob norm 1 after updating U: 2.26382
200 iterations
f(b) = 6.94206
Frob norm 2 after updating B : 2.27163
Iteration number -------- 31  -----------
lambda : 1.1614
max_diff => 0.0624706
performed mixing
Frob norm 1 after updating U: 2.26354
200 iterations
f(b) = 6.93721
Frob norm 2 after updating B : 2.2686
Iteration number -------- 32  -----------
lambda : 1.16721
max_diff => 0.0624721
performed mixing
Frob norm 1 after updating U: 2.26331
200 iterations
f(b) = 6.93671
Frob norm 2 after updating B : 2.26647
Iteration number -------- 33  -----------
lambda : 1.17304
max_diff => 0.0624724
performed mixing
Frob norm 1 after updating U: 2.26299
200 iterations
f(b) = 6.9406
Frob norm 2 after updating B : 2.26501
Iteration number -------- 34  -----------
lambda : 1.17891
max_diff => 0.0624741
performed mixing
Frob norm 1 after updating U: 2.2627
200 iterations
f(b) = 6.94179
Frob norm 2 after updating B : 2.26394
Iteration number -------- 35  -----------
lambda : 1.1848
max_diff => 0.0624775
performed mixing
Frob norm 1 after updating U: 2.26237
200 iterations
f(b) = 6.94612
Frob norm 2 after updating B : 2.26265
Iteration number -------- 36  -----------
lambda : 1.19073
max_diff => 0.0624809
performed mixing
Frob norm 1 after updating U: 2.26156
200 iterations
f(b) = 6.96786
Frob norm 2 after updating B : 2.2585
Iteration number -------- 37  -----------
lambda : 1.19668
max_diff => 0.0624885
performed mixing
Frob norm 1 after updating U: 2.25752
200 iterations
f(b) = 6.94932
Frob norm 2 after updating B : 2.26087
Iteration number -------- 38  -----------
lambda : 1.20266
max_diff => 0.0624965
performed mixing
Frob norm 1 after updating U: 2.26015
200 iterations
f(b) = 6.96502
Frob norm 2 after updating B : 2.26053
Iteration number -------- 39  -----------
lambda : 1.20868
max_diff => 0.0624975
performed mixing
Frob norm 1 after updating U: 2.26002
200 iterations
f(b) = 6.97241
Frob norm 2 after updating B : 2.26025
Iteration number -------- 40  -----------
lambda : 1.21472
max_diff => 0.0624987
performed mixing
Frob norm 1 after updating U: 2.25988
200 iterations
f(b) = 6.97883
Frob norm 2 after updating B : 2.25997
Iteration number -------- 41  -----------
lambda : 1.22079
max_diff => 0.0624998
performed mixing
Frob norm 1 after updating U: 2.25968
200 iterations
f(b) = 6.99083
Frob norm 2 after updating B : 2.25982
Iteration number -------- 42  -----------
lambda : 1.2269
max_diff => 0.0625
performed mixing
Frob norm 1 after updating U: 2.25961
200 iterations
f(b) = 6.99988
Frob norm 2 after updating B : 2.25972
Iteration number -------- 43  -----------
lambda : 1.23303
max_diff => 0.0625
performed mixing
Frob norm 1 after updating U: 2.25957
200 iterations
f(b) = 7.00745
Frob norm 2 after updating B : 2.25948
Iteration number -------- 44  -----------
lambda : 1.2392
max_diff => 0.0625
performed mixing
Frob norm 1 after updating U: 2.25936
200 iterations
f(b) = 6.99032
Frob norm 2 after updating B : 2.25922
Iteration number -------- 45  -----------
lambda : 1.24539
max_diff => 0.0625
performed mixing
Frob norm 1 after updating U: 2.25908
200 iterations
f(b) = 7.02563
Frob norm 2 after updating B : 2.25917
Iteration number -------- 46  -----------
lambda : 1.25162
max_diff => 0.0625
performed mixing
Frob norm 1 after updating U: 2.25906
200 iterations
f(b) = 7.03107
Frob norm 2 after updating B : 2.25907
Iteration number -------- 47  -----------
lambda : 1.25788
max_diff => 0.0624997
performed mixing
Frob norm 1 after updating U: 2.25898
200 iterations
f(b) = 7.04413
Frob norm 2 after updating B : 2.25895
Iteration number -------- 48  -----------
lambda : 1.26417
max_diff => 0.0624994
performed mixing
Frob norm 1 after updating U: 2.25888
200 iterations
f(b) = 7.05411
Frob norm 2 after updating B : 2.2589
Iteration number -------- 49  -----------
lambda : 1.27049
max_diff => 0.0624991
performed mixing
Frob norm 1 after updating U: 2.25885
200 iterations
f(b) = 7.0633
Frob norm 2 after updating B : 2.25883
Iteration number -------- 50  -----------
lambda : 1.27684
max_diff => 0.0624987
performed mixing
Frob norm 1 after updating U: 2.25879
200 iterations
f(b) = 7.07151
Frob norm 2 after updating B : 2.25878
Iteration number -------- 51  -----------
lambda : 1.28323
max_diff => 0.0624979
performed mixing
Frob norm 1 after updating U: 2.25874
200 iterations
f(b) = 7.08211
Frob norm 2 after updating B : 2.2587
Iteration number -------- 52  -----------
lambda : 1.28964
max_diff => 0.0624979
performed mixing
Frob norm 1 after updating U: 2.25867
200 iterations
f(b) = 7.11681
Frob norm 2 after updating B : 2.25637
Iteration number -------- 53  -----------
lambda : 1.29609
max_diff => 0.0624989
performed mixing
Frob norm 1 after updating U: 2.2563
200 iterations
f(b) = 7.09976
Frob norm 2 after updating B : 2.25783
Iteration number -------- 54  -----------
lambda : 1.30257
max_diff => 0.0624994
performed mixing
Frob norm 1 after updating U: 2.25779
200 iterations
f(b) = 7.10915
Frob norm 2 after updating B : 2.25846
Iteration number -------- 55  -----------
lambda : 1.30908
max_diff => 0.0624998
performed mixing
Frob norm 1 after updating U: 2.25843
200 iterations
f(b) = 7.1189
Frob norm 2 after updating B : 2.25835
Iteration number -------- 56  -----------
lambda : 1.31563
max_diff => 0.0625
performed mixing
Frob norm 1 after updating U: 2.25832
200 iterations
f(b) = 7.1303
Frob norm 2 after updating B : 2.25831
Iteration number -------- 57  -----------
lambda : 1.32221
max_diff => 0.0625
performed mixing
Frob norm 1 after updating U: 2.25829
200 iterations
f(b) = 7.13994
Frob norm 2 after updating B : 2.25829
Iteration number -------- 58  -----------
lambda : 1.32882
max_diff => 0.0625
performed mixing
Frob norm 1 after updating U: 2.25827
200 iterations
f(b) = 7.15048
Frob norm 2 after updating B : 2.25825
Iteration number -------- 59  -----------
lambda : 1.33546
max_diff => 0.0625
performed mixing
Frob norm 1 after updating U: 2.25823
200 iterations
f(b) = 7.16076
Frob norm 2 after updating B : 2.25822
Iteration number -------- 60  -----------
lambda : 1.34214
max_diff => 0.0624999
performed mixing
Frob norm 1 after updating U: 2.2582
200 iterations
f(b) = 7.17075
Frob norm 2 after updating B : 2.2582
Iteration number -------- 61  -----------
lambda : 1.34885
max_diff => 0.0624999
performed mixing
Frob norm 1 after updating U: 2.25819
200 iterations
f(b) = 7.18133
Frob norm 2 after updating B : 2.25815
Iteration number -------- 62  -----------
lambda : 1.35559
max_diff => 0.0624997
performed mixing
Frob norm 1 after updating U: 2.25814
200 iterations
f(b) = 7.19169
Frob norm 2 after updating B : 2.25813
Iteration number -------- 63  -----------
lambda : 1.36237
max_diff => 0.0624995
performed mixing
Frob norm 1 after updating U: 2.25812
200 iterations
f(b) = 7.20118
Frob norm 2 after updating B : 2.25813
Iteration number -------- 64  -----------
lambda : 1.36918
max_diff => 0.0624993
performed mixing
Frob norm 1 after updating U: 2.25813
200 iterations
f(b) = 7.21169
Frob norm 2 after updating B : 2.25803
Iteration number -------- 65  -----------
lambda : 1.37603
max_diff => 0.0624989
performed mixing
Frob norm 1 after updating U: 2.25802
200 iterations
f(b) = 7.22166
Frob norm 2 after updating B : 2.25803
Iteration number -------- 66  -----------
lambda : 1.38291
max_diff => 0.0624985
performed mixing
Frob norm 1 after updating U: 2.25802
200 iterations
f(b) = 7.23114
Frob norm 2 after updating B : 2.25799
Iteration number -------- 67  -----------
lambda : 1.38982
max_diff => 0.0624983
performed mixing
Frob norm 1 after updating U: 2.25798
200 iterations
f(b) = 7.2428
Frob norm 2 after updating B : 2.25793
Iteration number -------- 68  -----------
lambda : 1.39677
max_diff => 0.0624982
performed mixing
Frob norm 1 after updating U: 2.25792
200 iterations
f(b) = 7.24827
Frob norm 2 after updating B : 2.25779
Iteration number -------- 69  -----------
lambda : 1.40376
max_diff => 0.0624983
performed mixing
Frob norm 1 after updating U: 2.25778
200 iterations
f(b) = 7.2635
Frob norm 2 after updating B : 2.25782
Iteration number -------- 70  -----------
lambda : 1.41078
max_diff => 0.0624986
performed mixing
Frob norm 1 after updating U: 2.25781
200 iterations
f(b) = 7.26947
Frob norm 2 after updating B : 2.2578
Iteration number -------- 71  -----------
lambda : 1.41783
max_diff => 0.0624996
performed mixing
Frob norm 1 after updating U: 2.25778
200 iterations
f(b) = 7.28512
Frob norm 2 after updating B : 2.25776
Iteration number -------- 72  -----------
lambda : 1.42492
max_diff => 0.0624998
performed mixing
Frob norm 1 after updating U: 2.25774
200 iterations
f(b) = 7.32479
Frob norm 2 after updating B : 2.25065
Iteration number -------- 73  -----------
lambda : 1.43204
max_diff => 0.0624996
performed mixing
Frob norm 1 after updating U: 2.25044
200 iterations
f(b) = 7.26725
Frob norm 2 after updating B : 2.258
Iteration number -------- 74  -----------
lambda : 1.4392
max_diff => 0.0624998
performed mixing
Frob norm 1 after updating U: 2.2579
200 iterations
f(b) = 7.31803
Frob norm 2 after updating B : 2.25813
Iteration number -------- 75  -----------
lambda : 1.4464
max_diff => 0.0624994
performed mixing
Frob norm 1 after updating U: 2.25807
200 iterations
f(b) = 7.32841
Frob norm 2 after updating B : 2.2581
Iteration number -------- 76  -----------
lambda : 1.45363
max_diff => 0.062499
performed mixing
Frob norm 1 after updating U: 2.25806
200 iterations
f(b) = 7.29698
Frob norm 2 after updating B : 2.25805
Iteration number -------- 77  -----------
lambda : 1.4609
max_diff => 0.0624974
performed mixing
Frob norm 1 after updating U: 2.25802
200 iterations
f(b) = 7.34832
Frob norm 2 after updating B : 2.25797
Iteration number -------- 78  -----------
lambda : 1.46821
max_diff => 0.0624955
performed mixing
Frob norm 1 after updating U: 2.25794
200 iterations
f(b) = 7.36113
Frob norm 2 after updating B : 2.25796
Iteration number -------- 79  -----------
lambda : 1.47555
max_diff => 0.0624947
performed mixing
Frob norm 1 after updating U: 2.25794
200 iterations
f(b) = 7.37224
Frob norm 2 after updating B : 2.25794
Iteration number -------- 80  -----------
lambda : 1.48292
max_diff => 0.062494
performed mixing
Frob norm 1 after updating U: 2.25793
200 iterations
f(b) = 7.38407
Frob norm 2 after updating B : 2.25786
Iteration number -------- 81  -----------
lambda : 1.49034
max_diff => 0.0624924
performed mixing
Frob norm 1 after updating U: 2.25785
200 iterations
f(b) = 7.39514
Frob norm 2 after updating B : 2.25788
Iteration number -------- 82  -----------
lambda : 1.49779
max_diff => 0.0624908
performed mixing
Frob norm 1 after updating U: 2.25787
200 iterations
f(b) = 7.40717
Frob norm 2 after updating B : 2.25787
Iteration number -------- 83  -----------
lambda : 1.50528
max_diff => 0.0624893
performed mixing
Frob norm 1 after updating U: 2.25786
200 iterations
f(b) = 7.41873
Frob norm 2 after updating B : 2.25784
Iteration number -------- 84  -----------
lambda : 1.51281
max_diff => 0.0624874
performed mixing
Frob norm 1 after updating U: 2.25783
200 iterations
f(b) = 7.42926
Frob norm 2 after updating B : 2.25782
Iteration number -------- 85  -----------
lambda : 1.52037
max_diff => 0.0624853
performed mixing
Frob norm 1 after updating U: 2.25782
200 iterations
f(b) = 7.44209
Frob norm 2 after updating B : 2.25781
Iteration number -------- 86  -----------
lambda : 1.52797
max_diff => 0.0624843
performed mixing
Frob norm 1 after updating U: 2.25781
200 iterations
f(b) = 7.45373
Frob norm 2 after updating B : 2.25782
Iteration number -------- 87  -----------
lambda : 1.53561
max_diff => 0.0624837
performed mixing
Frob norm 1 after updating U: 2.25782
200 iterations
f(b) = 7.46393
Frob norm 2 after updating B : 2.25776
Iteration number -------- 88  -----------
lambda : 1.54329
max_diff => 0.0624835
performed mixing
Frob norm 1 after updating U: 2.25776
200 iterations
f(b) = 7.47508
Frob norm 2 after updating B : 2.25774
Iteration number -------- 89  -----------
lambda : 1.55101
max_diff => 0.0624836
performed mixing
Frob norm 1 after updating U: 2.25774
200 iterations
f(b) = 7.4884
Frob norm 2 after updating B : 2.25772
Iteration number -------- 90  -----------
lambda : 1.55876
max_diff => 0.0624831
performed mixing
Frob norm 1 after updating U: 2.25771
200 iterations
f(b) = 7.49802
Frob norm 2 after updating B : 2.25767
Iteration number -------- 91  -----------
lambda : 1.56655
max_diff => 0.0624821
performed mixing
Frob norm 1 after updating U: 2.25767
200 iterations
f(b) = 7.51025
Frob norm 2 after updating B : 2.25766
Iteration number -------- 92  -----------
lambda : 1.57439
max_diff => 0.0624815
performed mixing
Frob norm 1 after updating U: 2.25766
200 iterations
f(b) = 7.52429
Frob norm 2 after updating B : 2.25769
Iteration number -------- 93  -----------
lambda : 1.58226
max_diff => 0.0624808
performed mixing
Frob norm 1 after updating U: 2.25768
200 iterations
f(b) = 7.53563
Frob norm 2 after updating B : 2.25764
Iteration number -------- 94  -----------
lambda : 1.59017
max_diff => 0.0624792
performed mixing
Frob norm 1 after updating U: 2.25763
200 iterations
f(b) = 7.54772
Frob norm 2 after updating B : 2.25764
Iteration number -------- 95  -----------
lambda : 1.59812
max_diff => 0.0624789
performed mixing
Frob norm 1 after updating U: 2.25763
200 iterations
f(b) = 7.55993
Frob norm 2 after updating B : 2.25764
Iteration number -------- 96  -----------
lambda : 1.60611
max_diff => 0.0624786
performed mixing
Frob norm 1 after updating U: 2.25764
200 iterations
f(b) = 7.57262
Frob norm 2 after updating B : 2.25764
Iteration number -------- 97  -----------
lambda : 1.61414
max_diff => 0.0624767
performed mixing
Frob norm 1 after updating U: 2.25763
200 iterations
f(b) = 7.58439
Frob norm 2 after updating B : 2.2577
Iteration number -------- 98  -----------
lambda : 1.62221
max_diff => 0.0624765
performed mixing
Frob norm 1 after updating U: 2.25769
200 iterations
f(b) = 7.597
Frob norm 2 after updating B : 2.25763
Iteration number -------- 99  -----------
lambda : 1.63032
max_diff => 0.0624762
performed mixing
Frob norm 1 after updating U: 2.25763
200 iterations
f(b) = 7.6095
Frob norm 2 after updating B : 2.2576
Iteration number -------- 100  -----------
lambda : 1.63848
max_diff => 0.0624749
