Academic license - for non-commercial use only
Frob norm 1 after updating U: 10.9062
200 iterations
f(b) = 71.7841
Frob norm 2 after updating B : 7.90634
Iteration number -------- 1  -----------
lambda : 1
max_diff => 0.121871
performed mixing
Frob norm 1 after updating U: 7.01906
200 iterations
f(b) = 66.4559
Frob norm 2 after updating B : 7.60637
Iteration number -------- 2  -----------
lambda : 1.005
max_diff => 0.122138
performed mixing
Frob norm 1 after updating U: 6.9082
200 iterations
f(b) = 62.6495
Frob norm 2 after updating B : 7.35742
Iteration number -------- 3  -----------
lambda : 1.01002
max_diff => 0.120183
performed mixing
Frob norm 1 after updating U: 6.80912
200 iterations
f(b) = 58.1178
Frob norm 2 after updating B : 7.10951
Iteration number -------- 4  -----------
lambda : 1.01508
max_diff => 0.086057
performed mixing
Frob norm 1 after updating U: 6.4406
200 iterations
f(b) = 54.6574
Frob norm 2 after updating B : 6.88236
Iteration number -------- 5  -----------
lambda : 1.02015
max_diff => 0.0908757
performed mixing
Frob norm 1 after updating U: 6.35533
200 iterations
f(b) = 52.0776
Frob norm 2 after updating B : 6.69914
Iteration number -------- 6  -----------
lambda : 1.02525
max_diff => 0.0952207
performed mixing
Frob norm 1 after updating U: 6.29584
200 iterations
f(b) = 50.1659
Frob norm 2 after updating B : 6.55928
Iteration number -------- 7  -----------
lambda : 1.03038
max_diff => 0.0974571
performed mixing
Frob norm 1 after updating U: 6.2587
200 iterations
f(b) = 48.7479
Frob norm 2 after updating B : 6.45237
Iteration number -------- 8  -----------
lambda : 1.03553
max_diff => 0.100044
performed mixing
Frob norm 1 after updating U: 6.21804
200 iterations
f(b) = 47.6561
Frob norm 2 after updating B : 6.37086
Iteration number -------- 9  -----------
lambda : 1.04071
max_diff => 0.102129
performed mixing
Frob norm 1 after updating U: 6.18852
200 iterations
f(b) = 46.8984
Frob norm 2 after updating B : 6.30748
Iteration number -------- 10  -----------
lambda : 1.04591
max_diff => 0.102269
performed mixing
Frob norm 1 after updating U: 6.18637
200 iterations
f(b) = 46.1224
Frob norm 2 after updating B : 6.26078
Iteration number -------- 11  -----------
lambda : 1.05114
max_diff => 0.106005
performed mixing
Frob norm 1 after updating U: 6.12917
200 iterations
f(b) = 45.5981
Frob norm 2 after updating B : 6.21511
Iteration number -------- 12  -----------
lambda : 1.0564
max_diff => 0.106019
performed mixing
Frob norm 1 after updating U: 6.12843
200 iterations
f(b) = 44.7809
Frob norm 2 after updating B : 6.19177
Iteration number -------- 13  -----------
lambda : 1.06168
max_diff => 0.106043
performed mixing
Frob norm 1 after updating U: 6.10683
200 iterations
f(b) = 44.3845
Frob norm 2 after updating B : 6.15832
Iteration number -------- 14  -----------
lambda : 1.06699
max_diff => 0.10923
performed mixing
Frob norm 1 after updating U: 6.08246
200 iterations
f(b) = 44.1081
Frob norm 2 after updating B : 6.13191
Iteration number -------- 15  -----------
lambda : 1.07232
max_diff => 0.109259
performed mixing
Frob norm 1 after updating U: 6.08202
200 iterations
f(b) = 43.7798
Frob norm 2 after updating B : 6.11133
Iteration number -------- 16  -----------
lambda : 1.07768
max_diff => 0.111069
performed mixing
Frob norm 1 after updating U: 6.05063
200 iterations
f(b) = 43.583
Frob norm 2 after updating B : 6.09002
Iteration number -------- 17  -----------
lambda : 1.08307
max_diff => 0.111081
performed mixing
Frob norm 1 after updating U: 6.05035
200 iterations
f(b) = 43.4369
Frob norm 2 after updating B : 6.07582
Iteration number -------- 18  -----------
lambda : 1.08849
max_diff => 0.111119
performed mixing
Frob norm 1 after updating U: 6.0495
200 iterations
f(b) = 43.1685
Frob norm 2 after updating B : 6.06122
Iteration number -------- 19  -----------
lambda : 1.09393
max_diff => 0.113687
performed mixing
Frob norm 1 after updating U: 6.0066
200 iterations
f(b) = 42.9548
Frob norm 2 after updating B : 6.03879
Iteration number -------- 20  -----------
lambda : 1.0994
max_diff => 0.113668
performed mixing
Frob norm 1 after updating U: 6.00153
200 iterations
f(b) = 39.5667
Frob norm 2 after updating B : 5.73011
Iteration number -------- 21  -----------
lambda : 1.1049
max_diff => 0.115688
performed mixing
Frob norm 1 after updating U: 5.54288
200 iterations
f(b) = 37.5445
Frob norm 2 after updating B : 5.61966
Iteration number -------- 22  -----------
lambda : 1.11042
max_diff => 0.114426
performed mixing
Frob norm 1 after updating U: 5.48178
200 iterations
f(b) = 36.8951
Frob norm 2 after updating B : 5.56957
Iteration number -------- 23  -----------
lambda : 1.11597
max_diff => 0.114527
performed mixing
Frob norm 1 after updating U: 5.47207
200 iterations
f(b) = 36.5658
Frob norm 2 after updating B : 5.53476
Iteration number -------- 24  -----------
lambda : 1.12155
max_diff => 0.114526
performed mixing
Frob norm 1 after updating U: 5.47167
200 iterations
f(b) = 36.3309
Frob norm 2 after updating B : 5.51187
Iteration number -------- 25  -----------
lambda : 1.12716
max_diff => 0.114554
performed mixing
Frob norm 1 after updating U: 5.47006
200 iterations
f(b) = 36.0222
Frob norm 2 after updating B : 5.49379
Iteration number -------- 26  -----------
lambda : 1.1328
max_diff => 0.114716
performed mixing
Frob norm 1 after updating U: 5.4503
200 iterations
f(b) = 35.9086
Frob norm 2 after updating B : 5.47781
Iteration number -------- 27  -----------
lambda : 1.13846
max_diff => 0.11469
performed mixing
Frob norm 1 after updating U: 5.44934
200 iterations
f(b) = 35.8172
Frob norm 2 after updating B : 5.46713
Iteration number -------- 28  -----------
lambda : 1.14415
max_diff => 0.114662
performed mixing
Frob norm 1 after updating U: 5.44838
200 iterations
f(b) = 35.7046
Frob norm 2 after updating B : 5.4559
Iteration number -------- 29  -----------
lambda : 1.14987
max_diff => 0.114482
performed mixing
Frob norm 1 after updating U: 5.4395
200 iterations
f(b) = 35.6344
Frob norm 2 after updating B : 5.44778
Iteration number -------- 30  -----------
lambda : 1.15562
max_diff => 0.1144
performed mixing
Frob norm 1 after updating U: 5.43534
200 iterations
f(b) = 35.6036
Frob norm 2 after updating B : 5.44214
Iteration number -------- 31  -----------
lambda : 1.1614
max_diff => 0.114323
performed mixing
Frob norm 1 after updating U: 5.43351
200 iterations
f(b) = 35.5779
Frob norm 2 after updating B : 5.43735
Iteration number -------- 32  -----------
lambda : 1.16721
max_diff => 0.114224
performed mixing
Frob norm 1 after updating U: 5.43111
200 iterations
f(b) = 35.575
Frob norm 2 after updating B : 5.43431
Iteration number -------- 33  -----------
lambda : 1.17304
max_diff => 0.11417
performed mixing
Frob norm 1 after updating U: 5.43001
200 iterations
f(b) = 35.2338
Frob norm 2 after updating B : 5.41941
Iteration number -------- 34  -----------
lambda : 1.17891
max_diff => 0.110716
performed mixing
Frob norm 1 after updating U: 5.37992
200 iterations
f(b) = 35.1427
Frob norm 2 after updating B : 5.40436
Iteration number -------- 35  -----------
lambda : 1.1848
max_diff => 0.110608
performed mixing
Frob norm 1 after updating U: 5.37853
200 iterations
f(b) = 35.0791
Frob norm 2 after updating B : 5.39483
Iteration number -------- 36  -----------
lambda : 1.19073
max_diff => 0.110581
performed mixing
Frob norm 1 after updating U: 5.37811
200 iterations
f(b) = 35.0401
Frob norm 2 after updating B : 5.38839
Iteration number -------- 37  -----------
lambda : 1.19668
max_diff => 0.110512
performed mixing
Frob norm 1 after updating U: 5.37734
200 iterations
f(b) = 35.0057
Frob norm 2 after updating B : 5.38383
Iteration number -------- 38  -----------
lambda : 1.20266
max_diff => 0.110389
performed mixing
Frob norm 1 after updating U: 5.37633
200 iterations
f(b) = 35.0043
Frob norm 2 after updating B : 5.38051
Iteration number -------- 39  -----------
lambda : 1.20868
max_diff => 0.110325
performed mixing
Frob norm 1 after updating U: 5.37539
200 iterations
f(b) = 35.0014
Frob norm 2 after updating B : 5.37793
Iteration number -------- 40  -----------
lambda : 1.21472
max_diff => 0.110199
performed mixing
Frob norm 1 after updating U: 5.37433
200 iterations
f(b) = 35.0064
Frob norm 2 after updating B : 5.37563
Iteration number -------- 41  -----------
lambda : 1.22079
max_diff => 0.110053
performed mixing
Frob norm 1 after updating U: 5.37302
200 iterations
f(b) = 34.3461
Frob norm 2 after updating B : 5.36181
Iteration number -------- 42  -----------
lambda : 1.2269
max_diff => 0.0967441
performed mixing
Frob norm 1 after updating U: 5.28102
200 iterations
f(b) = 34.0606
Frob norm 2 after updating B : 5.33263
Iteration number -------- 43  -----------
lambda : 1.23303
max_diff => 0.0967792
performed mixing
Frob norm 1 after updating U: 5.2801
200 iterations
f(b) = 33.9029
Frob norm 2 after updating B : 5.31343
Iteration number -------- 44  -----------
lambda : 1.2392
max_diff => 0.0967988
performed mixing
Frob norm 1 after updating U: 5.27905
200 iterations
f(b) = 33.173
Frob norm 2 after updating B : 5.27464
Iteration number -------- 45  -----------
lambda : 1.24539
max_diff => 0.0969106
performed mixing
Frob norm 1 after updating U: 5.18582
200 iterations
f(b) = 32.9127
Frob norm 2 after updating B : 5.24224
Iteration number -------- 46  -----------
lambda : 1.25162
max_diff => 0.0969455
performed mixing
Frob norm 1 after updating U: 5.18425
200 iterations
f(b) = 32.6805
Frob norm 2 after updating B : 5.21964
Iteration number -------- 47  -----------
lambda : 1.25788
max_diff => 0.096963
performed mixing
Frob norm 1 after updating U: 5.18067
200 iterations
f(b) = 32.0107
Frob norm 2 after updating B : 5.11176
Iteration number -------- 48  -----------
lambda : 1.26417
max_diff => 0.095431
performed mixing
Frob norm 1 after updating U: 4.99794
200 iterations
f(b) = 31.4359
Frob norm 2 after updating B : 5.05959
Iteration number -------- 49  -----------
lambda : 1.27049
max_diff => 0.0963942
performed mixing
Frob norm 1 after updating U: 4.98051
200 iterations
f(b) = 31.1924
Frob norm 2 after updating B : 5.03066
Iteration number -------- 50  -----------
lambda : 1.27684
max_diff => 0.0964571
performed mixing
Frob norm 1 after updating U: 4.97913
200 iterations
f(b) = 29.9316
Frob norm 2 after updating B : 4.92318
Iteration number -------- 51  -----------
lambda : 1.28323
max_diff => 0.160721
performed mixing
Frob norm 1 after updating U: 4.65296
200 iterations
f(b) = 28.7978
Frob norm 2 after updating B : 4.82362
Iteration number -------- 52  -----------
lambda : 1.28964
max_diff => 0.159336
performed mixing
Frob norm 1 after updating U: 4.61699
200 iterations
f(b) = 26.2512
Frob norm 2 after updating B : 4.66695
Iteration number -------- 53  -----------
lambda : 1.29609
max_diff => 0.0611262
performed mixing
Frob norm 1 after updating U: 4.45061
200 iterations
f(b) = 25.1066
Frob norm 2 after updating B : 4.5863
Iteration number -------- 54  -----------
lambda : 1.30257
max_diff => 0.0610482
performed mixing
Frob norm 1 after updating U: 4.41907
200 iterations
f(b) = 24.6476
Frob norm 2 after updating B : 4.52889
Iteration number -------- 55  -----------
lambda : 1.30908
max_diff => 0.0610566
performed mixing
Frob norm 1 after updating U: 4.41822
200 iterations
f(b) = 24.2783
Frob norm 2 after updating B : 4.48966
Iteration number -------- 56  -----------
lambda : 1.31563
max_diff => 0.0610644
performed mixing
Frob norm 1 after updating U: 4.41347
200 iterations
f(b) = 24.0589
Frob norm 2 after updating B : 4.46265
Iteration number -------- 57  -----------
lambda : 1.32221
max_diff => 0.0610675
performed mixing
Frob norm 1 after updating U: 4.4116
200 iterations
f(b) = 23.9152
Frob norm 2 after updating B : 4.44408
Iteration number -------- 58  -----------
lambda : 1.32882
max_diff => 0.0610768
performed mixing
Frob norm 1 after updating U: 4.40978
200 iterations
f(b) = 23.8189
Frob norm 2 after updating B : 4.42993
Iteration number -------- 59  -----------
lambda : 1.33546
max_diff => 0.0610856
performed mixing
Frob norm 1 after updating U: 4.40633
200 iterations
f(b) = 23.7572
Frob norm 2 after updating B : 4.42022
Iteration number -------- 60  -----------
lambda : 1.34214
max_diff => 0.0610797
performed mixing
Frob norm 1 after updating U: 4.40386
200 iterations
f(b) = 23.6389
Frob norm 2 after updating B : 4.40304
Iteration number -------- 61  -----------
lambda : 1.34885
max_diff => 0.0611485
performed mixing
Frob norm 1 after updating U: 4.38967
200 iterations
f(b) = 23.6233
Frob norm 2 after updating B : 4.39682
Iteration number -------- 62  -----------
lambda : 1.35559
max_diff => 0.0611573
performed mixing
Frob norm 1 after updating U: 4.38754
200 iterations
f(b) = 23.6096
Frob norm 2 after updating B : 4.39189
Iteration number -------- 63  -----------
lambda : 1.36237
max_diff => 0.0611677
performed mixing
Frob norm 1 after updating U: 4.38537
200 iterations
f(b) = 23.0452
Frob norm 2 after updating B : 4.31374
Iteration number -------- 64  -----------
lambda : 1.36918
max_diff => 0.0622347
performed mixing
Frob norm 1 after updating U: 4.23107
200 iterations
f(b) = 22.8469
Frob norm 2 after updating B : 4.28362
Iteration number -------- 65  -----------
lambda : 1.37603
max_diff => 0.0622207
performed mixing
Frob norm 1 after updating U: 4.22996
200 iterations
f(b) = 21.9079
Frob norm 2 after updating B : 4.15151
Iteration number -------- 66  -----------
lambda : 1.38291
max_diff => 0.0624027
performed mixing
Frob norm 1 after updating U: 4.0387
200 iterations
f(b) = 20.59
Frob norm 2 after updating B : 3.95312
Iteration number -------- 67  -----------
lambda : 1.38982
max_diff => 0.0676369
performed mixing
Frob norm 1 after updating U: 3.78355
200 iterations
f(b) = 19.2273
Frob norm 2 after updating B : 3.84128
Iteration number -------- 68  -----------
lambda : 1.39677
max_diff => 0.0775211
performed mixing
Frob norm 1 after updating U: 3.67433
200 iterations
f(b) = 15.7353
Frob norm 2 after updating B : 3.56967
Iteration number -------- 69  -----------
lambda : 1.40376
max_diff => 0.0623949
performed mixing
Frob norm 1 after updating U: 3.22833
200 iterations
f(b) = 14.9439
Frob norm 2 after updating B : 3.45149
Iteration number -------- 70  -----------
lambda : 1.41078
max_diff => 0.0623906
performed mixing
Frob norm 1 after updating U: 3.22861
200 iterations
f(b) = 14.4275
Frob norm 2 after updating B : 3.37356
Iteration number -------- 71  -----------
lambda : 1.41783
max_diff => 0.0623905
performed mixing
Frob norm 1 after updating U: 3.22861
200 iterations
f(b) = 14.0631
Frob norm 2 after updating B : 3.32228
Iteration number -------- 72  -----------
lambda : 1.42492
max_diff => 0.0623968
performed mixing
Frob norm 1 after updating U: 3.22824
200 iterations
f(b) = 13.8984
Frob norm 2 after updating B : 3.28935
Iteration number -------- 73  -----------
lambda : 1.43204
max_diff => 0.062396
performed mixing
Frob norm 1 after updating U: 3.22841
200 iterations
f(b) = 13.773
Frob norm 2 after updating B : 3.26797
Iteration number -------- 74  -----------
lambda : 1.4392
max_diff => 0.0623969
performed mixing
Frob norm 1 after updating U: 3.22848
200 iterations
f(b) = 13.6967
Frob norm 2 after updating B : 3.25419
Iteration number -------- 75  -----------
lambda : 1.4464
max_diff => 0.0623982
performed mixing
Frob norm 1 after updating U: 3.22857
200 iterations
f(b) = 13.6564
Frob norm 2 after updating B : 3.24533
Iteration number -------- 76  -----------
lambda : 1.45363
max_diff => 0.0623987
performed mixing
Frob norm 1 after updating U: 3.22866
200 iterations
f(b) = 13.6303
Frob norm 2 after updating B : 3.23969
Iteration number -------- 77  -----------
lambda : 1.4609
max_diff => 0.0624017
performed mixing
Frob norm 1 after updating U: 3.2288
200 iterations
f(b) = 13.618
Frob norm 2 after updating B : 3.236
Iteration number -------- 78  -----------
lambda : 1.46821
max_diff => 0.0624026
performed mixing
Frob norm 1 after updating U: 3.22886
200 iterations
f(b) = 13.6119
Frob norm 2 after updating B : 3.23411
Iteration number -------- 79  -----------
lambda : 1.47555
max_diff => 0.0624068
performed mixing
Frob norm 1 after updating U: 3.22934
200 iterations
f(b) = 13.6175
Frob norm 2 after updating B : 3.2327
Iteration number -------- 80  -----------
lambda : 1.48292
max_diff => 0.0624065
performed mixing
Frob norm 1 after updating U: 3.22952
200 iterations
f(b) = 13.5453
Frob norm 2 after updating B : 3.23209
Iteration number -------- 81  -----------
lambda : 1.49034
max_diff => 0.0624129
performed mixing
Frob norm 1 after updating U: 3.22993
200 iterations
f(b) = 13.6326
Frob norm 2 after updating B : 3.23179
Iteration number -------- 82  -----------
lambda : 1.49779
max_diff => 0.0624171
performed mixing
Frob norm 1 after updating U: 3.23031
200 iterations
f(b) = 13.637
Frob norm 2 after updating B : 3.23169
Iteration number -------- 83  -----------
lambda : 1.50528
max_diff => 0.0624214
performed mixing
Frob norm 1 after updating U: 3.23064
200 iterations
f(b) = 13.6423
Frob norm 2 after updating B : 3.23099
Iteration number -------- 84  -----------
lambda : 1.51281
max_diff => 0.0624402
performed mixing
Frob norm 1 after updating U: 3.22994
200 iterations
f(b) = 13.6584
Frob norm 2 after updating B : 3.23181
Iteration number -------- 85  -----------
lambda : 1.52037
max_diff => 0.0624421
performed mixing
Frob norm 1 after updating U: 3.23104
200 iterations
f(b) = 13.6635
Frob norm 2 after updating B : 3.2327
Iteration number -------- 86  -----------
lambda : 1.52797
max_diff => 0.062446
performed mixing
Frob norm 1 after updating U: 3.23209
200 iterations
f(b) = 13.6791
Frob norm 2 after updating B : 3.23291
Iteration number -------- 87  -----------
lambda : 1.53561
max_diff => 0.0624481
performed mixing
Frob norm 1 after updating U: 3.23245
200 iterations
f(b) = 13.6922
Frob norm 2 after updating B : 3.23311
Iteration number -------- 88  -----------
lambda : 1.54329
max_diff => 0.0624491
performed mixing
Frob norm 1 after updating U: 3.23277
200 iterations
f(b) = 13.7106
Frob norm 2 after updating B : 3.23329
Iteration number -------- 89  -----------
lambda : 1.55101
max_diff => 0.0624504
performed mixing
Frob norm 1 after updating U: 3.23303
200 iterations
f(b) = 13.7181
Frob norm 2 after updating B : 3.23375
Iteration number -------- 90  -----------
lambda : 1.55876
max_diff => 0.0624527
performed mixing
Frob norm 1 after updating U: 3.23353
200 iterations
f(b) = 13.7307
Frob norm 2 after updating B : 3.2341
Iteration number -------- 91  -----------
lambda : 1.56655
max_diff => 0.0624538
performed mixing
Frob norm 1 after updating U: 3.23392
200 iterations
f(b) = 13.6639
Frob norm 2 after updating B : 3.23546
Iteration number -------- 92  -----------
lambda : 1.57439
max_diff => 0.0624602
performed mixing
Frob norm 1 after updating U: 3.23518
200 iterations
f(b) = 13.7535
Frob norm 2 after updating B : 3.23588
Iteration number -------- 93  -----------
lambda : 1.58226
max_diff => 0.0624614
performed mixing
Frob norm 1 after updating U: 3.23565
200 iterations
f(b) = 13.7645
Frob norm 2 after updating B : 3.23637
Iteration number -------- 94  -----------
lambda : 1.59017
max_diff => 0.0624633
performed mixing
Frob norm 1 after updating U: 3.23616
200 iterations
f(b) = 13.781
Frob norm 2 after updating B : 3.23681
Iteration number -------- 95  -----------
lambda : 1.59812
max_diff => 0.0624642
performed mixing
Frob norm 1 after updating U: 3.23663
200 iterations
f(b) = 13.7935
Frob norm 2 after updating B : 3.23736
Iteration number -------- 96  -----------
lambda : 1.60611
max_diff => 0.0624668
performed mixing
Frob norm 1 after updating U: 3.23719
200 iterations
f(b) = 13.8025
Frob norm 2 after updating B : 3.23797
Iteration number -------- 97  -----------
lambda : 1.61414
max_diff => 0.0624686
performed mixing
Frob norm 1 after updating U: 3.23782
200 iterations
f(b) = 13.8165
Frob norm 2 after updating B : 3.23851
Iteration number -------- 98  -----------
lambda : 1.62221
max_diff => 0.0624705
performed mixing
Frob norm 1 after updating U: 3.23836
200 iterations
f(b) = 13.8266
Frob norm 2 after updating B : 3.23941
Iteration number -------- 99  -----------
lambda : 1.63032
max_diff => 0.0624715
performed mixing
Frob norm 1 after updating U: 3.23924
200 iterations
f(b) = 13.8354
Frob norm 2 after updating B : 3.24016
Iteration number -------- 100  -----------
lambda : 1.63848
max_diff => 0.062474
