Academic license - for non-commercial use only
Frob norm 1 after updating U: 9.70242
200 iterations
f(b) = 31.797
Frob norm 2 after updating B : 4.96546
Iteration number -------- 1  -----------
lambda : 1
max_diff => 0.147927
performed mixing
Frob norm 1 after updating U: 3.94407
200 iterations
f(b) = 27.9646
Frob norm 2 after updating B : 4.62244
Iteration number -------- 2  -----------
lambda : 1.005
max_diff => 0.131252
performed mixing
Frob norm 1 after updating U: 3.50249
200 iterations
f(b) = 24.3106
Frob norm 2 after updating B : 4.26516
Iteration number -------- 3  -----------
lambda : 1.01002
max_diff => 0.117968
performed mixing
Frob norm 1 after updating U: 3.17312
200 iterations
f(b) = 21.0463
Frob norm 2 after updating B : 3.92841
Iteration number -------- 4  -----------
lambda : 1.01508
max_diff => 0.105274
performed mixing
Frob norm 1 after updating U: 2.86906
200 iterations
f(b) = 18.3145
Frob norm 2 after updating B : 3.61645
Iteration number -------- 5  -----------
lambda : 1.02015
max_diff => 0.0953777
performed mixing
Frob norm 1 after updating U: 2.65139
200 iterations
f(b) = 16.0554
Frob norm 2 after updating B : 3.34206
Iteration number -------- 6  -----------
lambda : 1.02525
max_diff => 0.0875464
performed mixing
Frob norm 1 after updating U: 2.49483
200 iterations
f(b) = 13.1393
Frob norm 2 after updating B : 2.95449
Iteration number -------- 7  -----------
lambda : 1.03038
max_diff => 0.0794825
performed mixing
Frob norm 1 after updating U: 1.73165
200 iterations
f(b) = 10.9817
Frob norm 2 after updating B : 2.64743
Iteration number -------- 8  -----------
lambda : 1.03553
max_diff => 0.0681381
performed mixing
Frob norm 1 after updating U: 1.47495
200 iterations
f(b) = 9.17142
Frob norm 2 after updating B : 2.36462
Iteration number -------- 9  -----------
lambda : 1.04071
max_diff => 0.062651
performed mixing
Frob norm 1 after updating U: 1.27626
200 iterations
f(b) = 7.63809
Frob norm 2 after updating B : 2.13497
Iteration number -------- 10  -----------
lambda : 1.04591
max_diff => 0.0568049
performed mixing
Frob norm 1 after updating U: 1.07903
200 iterations
f(b) = 6.32004
Frob norm 2 after updating B : 1.91736
Iteration number -------- 11  -----------
lambda : 1.05114
max_diff => 0.0511445
performed mixing
Frob norm 1 after updating U: 0.921234
200 iterations
f(b) = 5.22528
Frob norm 2 after updating B : 1.72212
Iteration number -------- 12  -----------
lambda : 1.0564
max_diff => 0.0463086
performed mixing
Frob norm 1 after updating U: 0.764711
200 iterations
f(b) = 4.27236
Frob norm 2 after updating B : 1.5576
Iteration number -------- 13  -----------
lambda : 1.06168
max_diff => 0.0415601
performed mixing
Frob norm 1 after updating U: 0.608645
200 iterations
f(b) = 3.48032
Frob norm 2 after updating B : 1.42101
Iteration number -------- 14  -----------
lambda : 1.06699
max_diff => 0.0355737
performed mixing
Frob norm 1 after updating U: 0.476174
200 iterations
f(b) = 2.78576
Frob norm 2 after updating B : 1.2985
Iteration number -------- 15  -----------
lambda : 1.07232
max_diff => 0.0301525
performed mixing
Frob norm 1 after updating U: 0.383962
200 iterations
f(b) = 2.24826
Frob norm 2 after updating B : 1.06609
Iteration number -------- 16  -----------
lambda : 1.07768
max_diff => 0.0300852
performed mixing
Frob norm 1 after updating U: 0.383002
200 iterations
f(b) = 1.76154
Frob norm 2 after updating B : 0.988261
Iteration number -------- 17  -----------
lambda : 1.08307
max_diff => 0.0213955
performed mixing
Frob norm 1 after updating U: 0.273249
200 iterations
f(b) = 1.46989
Frob norm 2 after updating B : 0.811389
Iteration number -------- 18  -----------
lambda : 1.08849
max_diff => 0.0210485
performed mixing
Frob norm 1 after updating U: 0.269673
200 iterations
f(b) = 1.13532
Frob norm 2 after updating B : 0.844426
Iteration number -------- 19  -----------
lambda : 1.09393
max_diff => 0.00717239
performed mixing
Frob norm 1 after updating U: 0.134059
200 iterations
f(b) = 0.91457
Frob norm 2 after updating B : 0.68239
Iteration number -------- 20  -----------
lambda : 1.0994
max_diff => 0.00711101
performed mixing
Frob norm 1 after updating U: 0.13312
200 iterations
f(b) = 0.638718
Frob norm 2 after updating B : 0.728116
Iteration number -------- 21  -----------
lambda : 1.1049
max_diff => 0.00113742
performed mixing
Frob norm 1 after updating U: 0.0467901
200 iterations
f(b) = 0.485241
Frob norm 2 after updating B : 0.588864
Iteration number -------- 22  -----------
lambda : 1.11042
max_diff => 0.00103177
performed mixing
Frob norm 1 after updating U: 0.0449099
200 iterations
f(b) = 0.323207
Frob norm 2 after updating B : 0.514965
Iteration number -------- 23  -----------
lambda : 1.11597
max_diff => 0.000233453
performed mixing
Frob norm 1 after updating U: 0.025972
200 iterations
f(b) = 0.230547
Frob norm 2 after updating B : 0.41684
Iteration number -------- 24  -----------
lambda : 1.12155
max_diff => 8.94226e-05
performed mixing
Frob norm 1 after updating U: 0.018309
200 iterations
f(b) = 0.133127
Frob norm 2 after updating B : 0.340062
Iteration number -------- 25  -----------
lambda : 1.12716
max_diff => 5.00032e-08
performed mixing
Frob norm 1 after updating U: 0.012387
200 iterations
f(b) = 0.12183
Frob norm 2 after updating B : 0.272328
Iteration number -------- 26  -----------
lambda : 1.1328
max_diff => 5.30619e-08
performed mixing
Frob norm 1 after updating U: 0.012435
200 iterations
f(b) = 0.0643408
Frob norm 2 after updating B : 0.217969
Iteration number -------- 27  -----------
lambda : 1.13846
max_diff => 4.99948e-08
performed mixing
Frob norm 1 after updating U: 0.0123454
200 iterations
f(b) = 0.0744082
Frob norm 2 after updating B : 0.174763
Iteration number -------- 28  -----------
lambda : 1.14415
max_diff => 4.999e-08
performed mixing
Frob norm 1 after updating U: 0.0124377
200 iterations
f(b) = 0.0383096
Frob norm 2 after updating B : 0.140045
Iteration number -------- 29  -----------
lambda : 1.14987
max_diff => 4.999e-08
performed mixing
Frob norm 1 after updating U: 0.0123538
200 iterations
f(b) = 0.0279733
Frob norm 2 after updating B : 0.112224
Iteration number -------- 30  -----------
lambda : 1.15562
max_diff => 4.999e-08
performed mixing
Frob norm 1 after updating U: 0.0125127
200 iterations
f(b) = 0.0543042
Frob norm 2 after updating B : 0.0901208
Iteration number -------- 31  -----------
lambda : 1.1614
max_diff => 4.999e-08
performed mixing
Frob norm 1 after updating U: 0.0123893
200 iterations
f(b) = 0.0408559
Frob norm 2 after updating B : 0.0724858
Iteration number -------- 32  -----------
lambda : 1.16721
max_diff => 4.999e-08
performed mixing
Frob norm 1 after updating U: 0.0124188
200 iterations
f(b) = 0.0192836
Frob norm 2 after updating B : 0.0585935
Iteration number -------- 33  -----------
lambda : 1.17304
max_diff => 4.999e-08
performed mixing
Frob norm 1 after updating U: 0.0124109
200 iterations
f(b) = 0.0166481
Frob norm 2 after updating B : 0.0474412
Iteration number -------- 34  -----------
lambda : 1.17891
max_diff => 4.999e-08
performed mixing
Frob norm 1 after updating U: 0.0124391
200 iterations
f(b) = 0.0165162
Frob norm 2 after updating B : 0.0386814
Iteration number -------- 35  -----------
lambda : 1.1848
max_diff => 4.999e-08
performed mixing
Frob norm 1 after updating U: 0.0123479
200 iterations
f(b) = 0.0161823
Frob norm 2 after updating B : 0.0319153
Iteration number -------- 36  -----------
lambda : 1.19073
max_diff => 4.999e-08
performed mixing
Frob norm 1 after updating U: 0.0123491
200 iterations
f(b) = 0.0144661
Frob norm 2 after updating B : 0.0265559
Iteration number -------- 37  -----------
lambda : 1.19668
max_diff => 4.999e-08
performed mixing
Frob norm 1 after updating U: 0.0124749
200 iterations
f(b) = 0.0170074
Frob norm 2 after updating B : 0.0225684
Iteration number -------- 38  -----------
lambda : 1.20266
max_diff => 4.999e-08
performed mixing
Frob norm 1 after updating U: 0.0123432
200 iterations
f(b) = 0.015447
Frob norm 2 after updating B : 0.0195461
Iteration number -------- 39  -----------
lambda : 1.20868
max_diff => 4.999e-08
performed mixing
Frob norm 1 after updating U: 0.0123513
200 iterations
f(b) = 0.0171418
Frob norm 2 after updating B : 0.017306
Iteration number -------- 40  -----------
lambda : 1.21472
max_diff => 4.999e-08
performed mixing
Frob norm 1 after updating U: 0.0123554
200 iterations
f(b) = 0.0162836
Frob norm 2 after updating B : 0.0157162
Iteration number -------- 41  -----------
lambda : 1.22079
max_diff => 4.999e-08
performed mixing
Frob norm 1 after updating U: 0.0123292
200 iterations
f(b) = 0.0149078
Frob norm 2 after updating B : 0.014556
Iteration number -------- 42  -----------
lambda : 1.2269
max_diff => 4.999e-08
performed mixing
Frob norm 1 after updating U: 0.0122464
200 iterations
f(b) = 0.0132467
Frob norm 2 after updating B : 0.0138956
Iteration number -------- 43  -----------
lambda : 1.23303
max_diff => 4.999e-08
performed mixing
Frob norm 1 after updating U: 0.0123375
200 iterations
f(b) = 0.0153116
Frob norm 2 after updating B : 0.0133383
Iteration number -------- 44  -----------
lambda : 1.2392
max_diff => 4.999e-08
performed mixing
Frob norm 1 after updating U: 0.0123558
200 iterations
f(b) = 0.0162138
Frob norm 2 after updating B : 0.0129421
Iteration number -------- 45  -----------
lambda : 1.24539
max_diff => 4.999e-08
performed mixing
Frob norm 1 after updating U: 0.0122669
200 iterations
f(b) = 0.0127541
Frob norm 2 after updating B : 0.0127647
Iteration number -------- 46  -----------
lambda : 1.25162
max_diff => 4.999e-08
performed mixing
Frob norm 1 after updating U: 0.0123119
200 iterations
f(b) = 0.0154552
Frob norm 2 after updating B : 0.0125254
Iteration number -------- 47  -----------
lambda : 1.25788
max_diff => 4.999e-08
performed mixing
Frob norm 1 after updating U: 0.012261
200 iterations
f(b) = 0.0143978
Frob norm 2 after updating B : 0.0125619
Iteration number -------- 48  -----------
lambda : 1.26417
max_diff => 4.999e-08
performed mixing
Frob norm 1 after updating U: 0.0123743
200 iterations
f(b) = 0.0129941
Frob norm 2 after updating B : 0.0124147
Iteration number -------- 49  -----------
lambda : 1.27049
max_diff => 4.999e-08
performed mixing
Frob norm 1 after updating U: 0.0122825
200 iterations
f(b) = 0.0131095
Frob norm 2 after updating B : 0.012287
Iteration number -------- 50  -----------
lambda : 1.27684
max_diff => 4.999e-08
performed mixing
Frob norm 1 after updating U: 0.0121895
200 iterations
f(b) = 0.0150291
Frob norm 2 after updating B : 0.0122927
Iteration number -------- 51  -----------
lambda : 1.28323
max_diff => 4.999e-08
performed mixing
Frob norm 1 after updating U: 0.0122389
200 iterations
f(b) = 0.0149176
Frob norm 2 after updating B : 0.0123657
Iteration number -------- 52  -----------
lambda : 1.28964
max_diff => 4.999e-08
performed mixing
Frob norm 1 after updating U: 0.0123301
200 iterations
f(b) = 0.0117349
Frob norm 2 after updating B : 0.0122973
Iteration number -------- 53  -----------
lambda : 1.29609
max_diff => 4.999e-08
performed mixing
Frob norm 1 after updating U: 0.0122659
200 iterations
f(b) = 0.0131847
Frob norm 2 after updating B : 0.0122851
Iteration number -------- 54  -----------
lambda : 1.30257
max_diff => 4.999e-08
performed mixing
Frob norm 1 after updating U: 0.0122654
200 iterations
f(b) = 0.0135273
Frob norm 2 after updating B : 0.0124008
Iteration number -------- 55  -----------
lambda : 1.30908
max_diff => 4.999e-08
performed mixing
Frob norm 1 after updating U: 0.0123789
200 iterations
f(b) = 0.0141949
Frob norm 2 after updating B : 0.0122885
Iteration number -------- 56  -----------
lambda : 1.31563
max_diff => 4.999e-08
performed mixing
Frob norm 1 after updating U: 0.012281
200 iterations
f(b) = 0.0124414
Frob norm 2 after updating B : 0.0122843
Iteration number -------- 57  -----------
lambda : 1.32221
max_diff => 4.999e-08
performed mixing
Frob norm 1 after updating U: 0.0122779
200 iterations
f(b) = 0.0144546
Frob norm 2 after updating B : 0.012316
Iteration number -------- 58  -----------
lambda : 1.32882
max_diff => 4.999e-08
performed mixing
Frob norm 1 after updating U: 0.0123144
200 iterations
f(b) = 0.0128092
Frob norm 2 after updating B : 0.0123788
Iteration number -------- 59  -----------
lambda : 1.33546
max_diff => 4.999e-08
performed mixing
Frob norm 1 after updating U: 0.0123644
200 iterations
f(b) = 0.0144926
Frob norm 2 after updating B : 0.0123442
Iteration number -------- 60  -----------
lambda : 1.34214
max_diff => 4.999e-08
performed mixing
Frob norm 1 after updating U: 0.0123406
200 iterations
f(b) = 0.0149847
Frob norm 2 after updating B : 0.0122909
Iteration number -------- 61  -----------
lambda : 1.34885
max_diff => 4.999e-08
performed mixing
Frob norm 1 after updating U: 0.012284
200 iterations
f(b) = 0.0155021
Frob norm 2 after updating B : 0.0123589
Iteration number -------- 62  -----------
lambda : 1.35559
max_diff => 4.999e-08
performed mixing
Frob norm 1 after updating U: 0.0123544
200 iterations
f(b) = 0.0148611
Frob norm 2 after updating B : 0.0122332
Iteration number -------- 63  -----------
lambda : 1.36237
max_diff => 4.999e-08
performed mixing
Frob norm 1 after updating U: 0.0122361
200 iterations
f(b) = 0.0145324
Frob norm 2 after updating B : 0.0123506
Iteration number -------- 64  -----------
lambda : 1.36918
max_diff => 4.999e-08
performed mixing
Frob norm 1 after updating U: 0.0123387
200 iterations
f(b) = 0.0141957
Frob norm 2 after updating B : 0.0122535
Iteration number -------- 65  -----------
lambda : 1.37603
max_diff => 4.999e-08
performed mixing
Frob norm 1 after updating U: 0.0122539
200 iterations
f(b) = 0.0139914
Frob norm 2 after updating B : 0.0123422
Iteration number -------- 66  -----------
lambda : 1.38291
max_diff => 4.999e-08
performed mixing
Frob norm 1 after updating U: 0.0123387
200 iterations
f(b) = 0.0147771
Frob norm 2 after updating B : 0.0122212
Iteration number -------- 67  -----------
lambda : 1.38982
max_diff => 4.999e-08
performed mixing
Frob norm 1 after updating U: 0.0122282
200 iterations
f(b) = 0.0145825
Frob norm 2 after updating B : 0.0123163
Iteration number -------- 68  -----------
lambda : 1.39677
max_diff => 4.999e-08
performed mixing
Frob norm 1 after updating U: 0.0123106
200 iterations
f(b) = 0.013017
Frob norm 2 after updating B : 0.0122954
Iteration number -------- 69  -----------
lambda : 1.40376
max_diff => 4.999e-08
performed mixing
Frob norm 1 after updating U: 0.0122931
200 iterations
f(b) = 0.0172147
Frob norm 2 after updating B : 0.0123139
Iteration number -------- 70  -----------
lambda : 1.41078
max_diff => 4.999e-08
performed mixing
Frob norm 1 after updating U: 0.0123135
200 iterations
f(b) = 0.0163916
Frob norm 2 after updating B : 0.012229
Iteration number -------- 71  -----------
lambda : 1.41783
max_diff => 4.999e-08
performed mixing
Frob norm 1 after updating U: 0.0122322
200 iterations
f(b) = 0.0160207
Frob norm 2 after updating B : 0.012227
Iteration number -------- 72  -----------
lambda : 1.42492
max_diff => 4.999e-08
performed mixing
Frob norm 1 after updating U: 0.0122279
200 iterations
f(b) = 0.0145458
Frob norm 2 after updating B : 0.0122713
Iteration number -------- 73  -----------
lambda : 1.43204
max_diff => 4.999e-08
performed mixing
Frob norm 1 after updating U: 0.0122686
200 iterations
f(b) = 0.0167877
Frob norm 2 after updating B : 0.012178
Iteration number -------- 74  -----------
lambda : 1.4392
max_diff => 4.999e-08
performed mixing
Frob norm 1 after updating U: 0.0121808
200 iterations
f(b) = 0.0179313
Frob norm 2 after updating B : 0.0122206
Iteration number -------- 75  -----------
lambda : 1.4464
max_diff => 4.999e-08
performed mixing
Frob norm 1 after updating U: 0.0122157
200 iterations
f(b) = 0.0166814
Frob norm 2 after updating B : 0.0124073
Iteration number -------- 76  -----------
lambda : 1.45363
max_diff => 4.999e-08
performed mixing
Frob norm 1 after updating U: 0.012391
200 iterations
f(b) = 0.0161928
Frob norm 2 after updating B : 0.012245
Iteration number -------- 77  -----------
lambda : 1.4609
max_diff => 4.999e-08
performed mixing
Frob norm 1 after updating U: 0.0122491
200 iterations
f(b) = 0.0165276
Frob norm 2 after updating B : 0.0123546
Iteration number -------- 78  -----------
lambda : 1.46821
max_diff => 4.999e-08
performed mixing
Frob norm 1 after updating U: 0.012346
200 iterations
f(b) = 0.0166633
Frob norm 2 after updating B : 0.0122032
Iteration number -------- 79  -----------
lambda : 1.47555
max_diff => 4.999e-08
performed mixing
Frob norm 1 after updating U: 0.012211
200 iterations
f(b) = 0.0151331
Frob norm 2 after updating B : 0.012208
Iteration number -------- 80  -----------
lambda : 1.48292
max_diff => 4.999e-08
performed mixing
Frob norm 1 after updating U: 0.0122067
200 iterations
f(b) = 0.0160088
Frob norm 2 after updating B : 0.0123302
Iteration number -------- 81  -----------
lambda : 1.49034
max_diff => 4.999e-08
performed mixing
Frob norm 1 after updating U: 0.0123188
200 iterations
f(b) = 0.0154768
Frob norm 2 after updating B : 0.0122628
Iteration number -------- 82  -----------
lambda : 1.49779
max_diff => 4.999e-08
performed mixing
Frob norm 1 after updating U: 0.012263
200 iterations
f(b) = 0.0169171
Frob norm 2 after updating B : 0.012306
Iteration number -------- 83  -----------
lambda : 1.50528
max_diff => 4.999e-08
performed mixing
Frob norm 1 after updating U: 0.0123013
200 iterations
f(b) = 0.0178092
Frob norm 2 after updating B : 0.0123091
Iteration number -------- 84  -----------
lambda : 1.51281
max_diff => 4.999e-08
performed mixing
Frob norm 1 after updating U: 0.0123083
200 iterations
f(b) = 0.0181605
Frob norm 2 after updating B : 0.012227
Iteration number -------- 85  -----------
lambda : 1.52037
max_diff => 4.999e-08
performed mixing
Frob norm 1 after updating U: 0.0122167
200 iterations
f(b) = 0.0178022
Frob norm 2 after updating B : 0.0122985
Iteration number -------- 86  -----------
lambda : 1.52797
max_diff => 4.999e-08
performed mixing
Frob norm 1 after updating U: 0.0122882
200 iterations
f(b) = 0.0158291
Frob norm 2 after updating B : 0.0123967
Iteration number -------- 87  -----------
lambda : 1.53561
max_diff => 4.999e-08
performed mixing
Frob norm 1 after updating U: 0.0123796
200 iterations
f(b) = 0.0160757
Frob norm 2 after updating B : 0.0122633
Iteration number -------- 88  -----------
lambda : 1.54329
max_diff => 4.999e-08
performed mixing
Frob norm 1 after updating U: 0.0122588
200 iterations
f(b) = 0.0167922
Frob norm 2 after updating B : 0.0122303
Iteration number -------- 89  -----------
lambda : 1.55101
max_diff => 4.999e-08
performed mixing
Frob norm 1 after updating U: 0.0122316
200 iterations
f(b) = 0.0191722
Frob norm 2 after updating B : 0.0124026
Iteration number -------- 90  -----------
lambda : 1.55876
max_diff => 4.999e-08
performed mixing
Frob norm 1 after updating U: 0.0123853
200 iterations
f(b) = 0.0168807
Frob norm 2 after updating B : 0.0122822
Iteration number -------- 91  -----------
lambda : 1.56655
max_diff => 4.999e-08
performed mixing
Frob norm 1 after updating U: 0.0122814
200 iterations
f(b) = 0.0168173
Frob norm 2 after updating B : 0.0121934
Iteration number -------- 92  -----------
lambda : 1.57439
max_diff => 4.999e-08
performed mixing
Frob norm 1 after updating U: 0.0122031
200 iterations
f(b) = 0.0186774
Frob norm 2 after updating B : 0.0122361
Iteration number -------- 93  -----------
lambda : 1.58226
max_diff => 4.999e-08
performed mixing
Frob norm 1 after updating U: 0.0122369
200 iterations
f(b) = 0.0180045
Frob norm 2 after updating B : 0.0123412
Iteration number -------- 94  -----------
lambda : 1.59017
max_diff => 4.999e-08
performed mixing
Frob norm 1 after updating U: 0.0123355
200 iterations
f(b) = 0.0164029
Frob norm 2 after updating B : 0.0122789
Iteration number -------- 95  -----------
lambda : 1.59812
max_diff => 4.999e-08
performed mixing
Frob norm 1 after updating U: 0.0122825
200 iterations
f(b) = 0.0181016
Frob norm 2 after updating B : 0.0122871
Iteration number -------- 96  -----------
lambda : 1.60611
max_diff => 4.999e-08
performed mixing
Frob norm 1 after updating U: 0.0122707
200 iterations
f(b) = 0.0181238
Frob norm 2 after updating B : 0.0123309
Iteration number -------- 97  -----------
lambda : 1.61414
max_diff => 4.999e-08
performed mixing
Frob norm 1 after updating U: 0.0123227
200 iterations
f(b) = 0.0166507
Frob norm 2 after updating B : 0.0122578
Iteration number -------- 98  -----------
lambda : 1.62221
max_diff => 4.999e-08
performed mixing
Frob norm 1 after updating U: 0.0122547
200 iterations
f(b) = 0.0169022
Frob norm 2 after updating B : 0.0122311
Iteration number -------- 99  -----------
lambda : 1.63032
max_diff => 4.999e-08
performed mixing
Frob norm 1 after updating U: 0.012235
200 iterations
f(b) = 0.0175919
Frob norm 2 after updating B : 0.0122913
Iteration number -------- 100  -----------
lambda : 1.63848
max_diff => 4.999e-08
