Academic license - for non-commercial use only
Frob norm 1 after updating U: 10.5364
200 iterations
f(b) = 62.8537
Frob norm 2 after updating B : 7.20738
Iteration number -------- 1  -----------
lambda : 1
max_diff => 0.202956
performed mixing
Frob norm 1 after updating U: 5.94202
200 iterations
f(b) = 55.9042
Frob norm 2 after updating B : 6.77581
Iteration number -------- 2  -----------
lambda : 1.005
max_diff => 0.189124
performed mixing
Frob norm 1 after updating U: 5.67348
200 iterations
f(b) = 48.6818
Frob norm 2 after updating B : 6.33171
Iteration number -------- 3  -----------
lambda : 1.01002
max_diff => 0.141536
performed mixing
Frob norm 1 after updating U: 4.92076
200 iterations
f(b) = 41.3907
Frob norm 2 after updating B : 5.88201
Iteration number -------- 4  -----------
lambda : 1.01508
max_diff => 0.117689
performed mixing
Frob norm 1 after updating U: 4.67736
200 iterations
f(b) = 36.2916
Frob norm 2 after updating B : 5.50648
Iteration number -------- 5  -----------
lambda : 1.02015
max_diff => 0.107337
performed mixing
Frob norm 1 after updating U: 4.49318
200 iterations
f(b) = 32.4904
Frob norm 2 after updating B : 5.16831
Iteration number -------- 6  -----------
lambda : 1.02525
max_diff => 0.105733
performed mixing
Frob norm 1 after updating U: 4.38143
200 iterations
f(b) = 29.5451
Frob norm 2 after updating B : 4.91847
Iteration number -------- 7  -----------
lambda : 1.03038
max_diff => 0.0955785
performed mixing
Frob norm 1 after updating U: 4.29522
200 iterations
f(b) = 27.5557
Frob norm 2 after updating B : 4.70872
Iteration number -------- 8  -----------
lambda : 1.03553
max_diff => 0.0949107
performed mixing
Frob norm 1 after updating U: 4.29198
200 iterations
f(b) = 25.8676
Frob norm 2 after updating B : 4.57116
Iteration number -------- 9  -----------
lambda : 1.04071
max_diff => 0.0846362
performed mixing
Frob norm 1 after updating U: 4.20149
200 iterations
f(b) = 24.7747
Frob norm 2 after updating B : 4.44486
Iteration number -------- 10  -----------
lambda : 1.04591
max_diff => 0.0842668
performed mixing
Frob norm 1 after updating U: 4.20107
200 iterations
f(b) = 23.8158
Frob norm 2 after updating B : 4.37127
Iteration number -------- 11  -----------
lambda : 1.05114
max_diff => 0.0735718
performed mixing
Frob norm 1 after updating U: 4.16292
200 iterations
f(b) = 23.183
Frob norm 2 after updating B : 4.3058
Iteration number -------- 12  -----------
lambda : 1.0564
max_diff => 0.0624966
performed mixing
Frob norm 1 after updating U: 4.1522
200 iterations
f(b) = 22.6372
Frob norm 2 after updating B : 4.25219
Iteration number -------- 13  -----------
lambda : 1.06168
max_diff => 0.0624988
performed mixing
Frob norm 1 after updating U: 4.14684
200 iterations
f(b) = 22.0128
Frob norm 2 after updating B : 4.22733
Iteration number -------- 14  -----------
lambda : 1.06699
max_diff => 0.0624851
performed mixing
Frob norm 1 after updating U: 4.1125
200 iterations
f(b) = 21.6231
Frob norm 2 after updating B : 4.19215
Iteration number -------- 15  -----------
lambda : 1.07232
max_diff => 0.0624829
performed mixing
Frob norm 1 after updating U: 4.10383
200 iterations
f(b) = 21.248
Frob norm 2 after updating B : 4.18644
Iteration number -------- 16  -----------
lambda : 1.07768
max_diff => 0.0624842
performed mixing
Frob norm 1 after updating U: 4.08092
200 iterations
f(b) = 20.9921
Frob norm 2 after updating B : 4.14923
Iteration number -------- 17  -----------
lambda : 1.08307
max_diff => 0.0624838
performed mixing
Frob norm 1 after updating U: 4.08063
200 iterations
f(b) = 20.7538
Frob norm 2 after updating B : 4.12735
Iteration number -------- 18  -----------
lambda : 1.08849
max_diff => 0.0624847
performed mixing
Frob norm 1 after updating U: 4.07761
200 iterations
f(b) = 20.4515
Frob norm 2 after updating B : 4.12473
Iteration number -------- 19  -----------
lambda : 1.09393
max_diff => 0.0625195
performed mixing
Frob norm 1 after updating U: 4.06568
200 iterations
f(b) = 20.3304
Frob norm 2 after updating B : 4.10393
Iteration number -------- 20  -----------
lambda : 1.0994
max_diff => 0.0625231
performed mixing
Frob norm 1 after updating U: 4.06548
200 iterations
f(b) = 20.2335
Frob norm 2 after updating B : 4.09028
Iteration number -------- 21  -----------
lambda : 1.1049
max_diff => 0.0625276
performed mixing
Frob norm 1 after updating U: 4.0652
200 iterations
f(b) = 20.1694
Frob norm 2 after updating B : 4.08118
Iteration number -------- 22  -----------
lambda : 1.11042
max_diff => 0.0625378
performed mixing
Frob norm 1 after updating U: 4.06445
200 iterations
f(b) = 20.125
Frob norm 2 after updating B : 4.07455
Iteration number -------- 23  -----------
lambda : 1.11597
max_diff => 0.0625638
performed mixing
Frob norm 1 after updating U: 4.06275
200 iterations
f(b) = 20.1034
Frob norm 2 after updating B : 4.06997
Iteration number -------- 24  -----------
lambda : 1.12155
max_diff => 0.0625722
performed mixing
Frob norm 1 after updating U: 4.06221
200 iterations
f(b) = 20.0991
Frob norm 2 after updating B : 4.06677
Iteration number -------- 25  -----------
lambda : 1.12716
max_diff => 0.0625833
performed mixing
Frob norm 1 after updating U: 4.06161
200 iterations
f(b) = 20.0927
Frob norm 2 after updating B : 4.06438
Iteration number -------- 26  -----------
lambda : 1.1328
max_diff => 0.0625974
performed mixing
Frob norm 1 after updating U: 4.06089
200 iterations
f(b) = 20.0983
Frob norm 2 after updating B : 4.06219
Iteration number -------- 27  -----------
lambda : 1.13846
max_diff => 0.0626179
performed mixing
Frob norm 1 after updating U: 4.05972
200 iterations
f(b) = 20.1242
Frob norm 2 after updating B : 4.06041
Iteration number -------- 28  -----------
lambda : 1.14415
max_diff => 0.0626381
performed mixing
Frob norm 1 after updating U: 4.05867
200 iterations
f(b) = 20.1124
Frob norm 2 after updating B : 4.05919
Iteration number -------- 29  -----------
lambda : 1.14987
max_diff => 0.062656
performed mixing
Frob norm 1 after updating U: 4.05792
200 iterations
f(b) = 19.968
Frob norm 2 after updating B : 4.04376
Iteration number -------- 30  -----------
lambda : 1.15562
max_diff => 0.063679
performed mixing
Frob norm 1 after updating U: 4.03149
200 iterations
f(b) = 19.9948
Frob norm 2 after updating B : 4.03921
Iteration number -------- 31  -----------
lambda : 1.1614
max_diff => 0.0637111
performed mixing
Frob norm 1 after updating U: 4.03113
200 iterations
f(b) = 19.9879
Frob norm 2 after updating B : 4.03603
Iteration number -------- 32  -----------
lambda : 1.16721
max_diff => 0.0637429
performed mixing
Frob norm 1 after updating U: 4.03075
200 iterations
f(b) = 19.9913
Frob norm 2 after updating B : 4.03379
Iteration number -------- 33  -----------
lambda : 1.17304
max_diff => 0.0637815
performed mixing
Frob norm 1 after updating U: 4.03028
200 iterations
f(b) = 19.9966
Frob norm 2 after updating B : 4.03189
Iteration number -------- 34  -----------
lambda : 1.17891
max_diff => 0.0638362
performed mixing
Frob norm 1 after updating U: 4.02949
200 iterations
f(b) = 20.0111
Frob norm 2 after updating B : 4.03063
Iteration number -------- 35  -----------
lambda : 1.1848
max_diff => 0.063877
performed mixing
Frob norm 1 after updating U: 4.02902
200 iterations
f(b) = 20.0192
Frob norm 2 after updating B : 4.02923
Iteration number -------- 36  -----------
lambda : 1.19073
max_diff => 0.0639552
performed mixing
Frob norm 1 after updating U: 4.02807
200 iterations
f(b) = 20.0361
Frob norm 2 after updating B : 4.02821
Iteration number -------- 37  -----------
lambda : 1.19668
max_diff => 0.0640088
performed mixing
Frob norm 1 after updating U: 4.02739
200 iterations
f(b) = 20.0466
Frob norm 2 after updating B : 4.02739
Iteration number -------- 38  -----------
lambda : 1.20266
max_diff => 0.0640626
performed mixing
Frob norm 1 after updating U: 4.02681
200 iterations
f(b) = 20.0673
Frob norm 2 after updating B : 4.02675
Iteration number -------- 39  -----------
lambda : 1.20868
max_diff => 0.0641047
performed mixing
Frob norm 1 after updating U: 4.02635
200 iterations
f(b) = 20.0801
Frob norm 2 after updating B : 4.02604
Iteration number -------- 40  -----------
lambda : 1.21472
max_diff => 0.064161
performed mixing
Frob norm 1 after updating U: 4.02574
200 iterations
f(b) = 20.096
Frob norm 2 after updating B : 4.02516
Iteration number -------- 41  -----------
lambda : 1.22079
max_diff => 0.0642334
performed mixing
Frob norm 1 after updating U: 4.02492
200 iterations
f(b) = 20.1145
Frob norm 2 after updating B : 4.02455
Iteration number -------- 42  -----------
lambda : 1.2269
max_diff => 0.064282
performed mixing
Frob norm 1 after updating U: 4.02437
200 iterations
f(b) = 20.1281
Frob norm 2 after updating B : 4.02368
Iteration number -------- 43  -----------
lambda : 1.23303
max_diff => 0.0643523
performed mixing
Frob norm 1 after updating U: 4.02352
200 iterations
f(b) = 20.1433
Frob norm 2 after updating B : 4.02289
Iteration number -------- 44  -----------
lambda : 1.2392
max_diff => 0.0644265
performed mixing
Frob norm 1 after updating U: 4.02275
200 iterations
f(b) = 20.1595
Frob norm 2 after updating B : 4.02213
Iteration number -------- 45  -----------
lambda : 1.24539
max_diff => 0.0644979
performed mixing
Frob norm 1 after updating U: 4.02201
200 iterations
f(b) = 20.1754
Frob norm 2 after updating B : 4.02134
Iteration number -------- 46  -----------
lambda : 1.25162
max_diff => 0.0645699
performed mixing
Frob norm 1 after updating U: 4.02124
200 iterations
f(b) = 20.1996
Frob norm 2 after updating B : 4.02099
Iteration number -------- 47  -----------
lambda : 1.25788
max_diff => 0.0646083
performed mixing
Frob norm 1 after updating U: 4.02091
200 iterations
f(b) = 20.2104
Frob norm 2 after updating B : 4.01985
Iteration number -------- 48  -----------
lambda : 1.26417
max_diff => 0.0647338
performed mixing
Frob norm 1 after updating U: 4.01976
200 iterations
f(b) = 20.2327
Frob norm 2 after updating B : 4.01929
Iteration number -------- 49  -----------
lambda : 1.27049
max_diff => 0.0647871
performed mixing
Frob norm 1 after updating U: 4.01921
200 iterations
f(b) = 20.2471
Frob norm 2 after updating B : 4.01875
Iteration number -------- 50  -----------
lambda : 1.27684
max_diff => 0.0648392
performed mixing
Frob norm 1 after updating U: 4.01868
200 iterations
f(b) = 20.2656
Frob norm 2 after updating B : 4.01833
Iteration number -------- 51  -----------
lambda : 1.28323
max_diff => 0.0648877
performed mixing
Frob norm 1 after updating U: 4.01828
200 iterations
f(b) = 20.2864
Frob norm 2 after updating B : 4.01767
Iteration number -------- 52  -----------
lambda : 1.28964
max_diff => 0.0649622
performed mixing
Frob norm 1 after updating U: 4.01761
200 iterations
f(b) = 20.3007
Frob norm 2 after updating B : 4.01697
Iteration number -------- 53  -----------
lambda : 1.29609
max_diff => 0.0650423
performed mixing
Frob norm 1 after updating U: 4.01691
200 iterations
f(b) = 20.3164
Frob norm 2 after updating B : 4.01598
Iteration number -------- 54  -----------
lambda : 1.30257
max_diff => 0.0651683
performed mixing
Frob norm 1 after updating U: 4.01591
200 iterations
f(b) = 20.3354
Frob norm 2 after updating B : 4.01531
Iteration number -------- 55  -----------
lambda : 1.30908
max_diff => 0.065249
performed mixing
Frob norm 1 after updating U: 4.01524
200 iterations
f(b) = 20.3602
Frob norm 2 after updating B : 4.01496
Iteration number -------- 56  -----------
lambda : 1.31563
max_diff => 0.0652809
performed mixing
Frob norm 1 after updating U: 4.01491
200 iterations
f(b) = 20.3778
Frob norm 2 after updating B : 4.01446
Iteration number -------- 57  -----------
lambda : 1.32221
max_diff => 0.0653321
performed mixing
Frob norm 1 after updating U: 4.01441
200 iterations
f(b) = 20.3961
Frob norm 2 after updating B : 4.01396
Iteration number -------- 58  -----------
lambda : 1.32882
max_diff => 0.0653876
performed mixing
Frob norm 1 after updating U: 4.01391
200 iterations
f(b) = 20.4142
Frob norm 2 after updating B : 4.01355
Iteration number -------- 59  -----------
lambda : 1.33546
max_diff => 0.0654317
performed mixing
Frob norm 1 after updating U: 4.01352
200 iterations
f(b) = 20.4314
Frob norm 2 after updating B : 4.01288
Iteration number -------- 60  -----------
lambda : 1.34214
max_diff => 0.0655192
performed mixing
Frob norm 1 after updating U: 4.01284
200 iterations
f(b) = 20.4536
Frob norm 2 after updating B : 4.01261
Iteration number -------- 61  -----------
lambda : 1.34885
max_diff => 0.065548
performed mixing
Frob norm 1 after updating U: 4.01258
200 iterations
f(b) = 20.4732
Frob norm 2 after updating B : 4.0121
Iteration number -------- 62  -----------
lambda : 1.35559
max_diff => 0.0656058
performed mixing
Frob norm 1 after updating U: 4.01207
200 iterations
f(b) = 20.4923
Frob norm 2 after updating B : 4.01171
Iteration number -------- 63  -----------
lambda : 1.36237
max_diff => 0.0656618
performed mixing
Frob norm 1 after updating U: 4.01168
200 iterations
f(b) = 20.5098
Frob norm 2 after updating B : 4.01119
Iteration number -------- 64  -----------
lambda : 1.36918
max_diff => 0.0657221
performed mixing
Frob norm 1 after updating U: 4.01115
200 iterations
f(b) = 20.5315
Frob norm 2 after updating B : 4.01079
Iteration number -------- 65  -----------
lambda : 1.37603
max_diff => 0.0657646
performed mixing
Frob norm 1 after updating U: 4.01075
200 iterations
f(b) = 20.5522
Frob norm 2 after updating B : 4.01045
Iteration number -------- 66  -----------
lambda : 1.38291
max_diff => 0.0658195
performed mixing
Frob norm 1 after updating U: 4.01042
200 iterations
f(b) = 20.5734
Frob norm 2 after updating B : 4.01006
Iteration number -------- 67  -----------
lambda : 1.38982
max_diff => 0.0658449
performed mixing
Frob norm 1 after updating U: 4.01003
200 iterations
f(b) = 20.5951
Frob norm 2 after updating B : 4.00974
Iteration number -------- 68  -----------
lambda : 1.39677
max_diff => 0.0658797
performed mixing
Frob norm 1 after updating U: 4.00971
200 iterations
f(b) = 20.5484
Frob norm 2 after updating B : 4.00851
Iteration number -------- 69  -----------
lambda : 1.40376
max_diff => 0.0660356
performed mixing
Frob norm 1 after updating U: 4.00846
200 iterations
f(b) = 20.6351
Frob norm 2 after updating B : 4.00821
Iteration number -------- 70  -----------
lambda : 1.41078
max_diff => 0.066077
performed mixing
Frob norm 1 after updating U: 4.00817
200 iterations
f(b) = 20.6466
Frob norm 2 after updating B : 4.00768
Iteration number -------- 71  -----------
lambda : 1.41783
max_diff => 0.0661459
performed mixing
Frob norm 1 after updating U: 4.00763
200 iterations
f(b) = 20.6746
Frob norm 2 after updating B : 4.00742
Iteration number -------- 72  -----------
lambda : 1.42492
max_diff => 0.0661757
performed mixing
Frob norm 1 after updating U: 4.00738
200 iterations
f(b) = 20.7007
Frob norm 2 after updating B : 4.00715
Iteration number -------- 73  -----------
lambda : 1.43204
max_diff => 0.0662047
performed mixing
Frob norm 1 after updating U: 4.00712
200 iterations
f(b) = 20.7211
Frob norm 2 after updating B : 4.00686
Iteration number -------- 74  -----------
lambda : 1.4392
max_diff => 0.0662385
performed mixing
Frob norm 1 after updating U: 4.00683
200 iterations
f(b) = 20.7412
Frob norm 2 after updating B : 4.00649
Iteration number -------- 75  -----------
lambda : 1.4464
max_diff => 0.0662855
performed mixing
Frob norm 1 after updating U: 4.00647
200 iterations
f(b) = 20.7631
Frob norm 2 after updating B : 4.00619
Iteration number -------- 76  -----------
lambda : 1.45363
max_diff => 0.0663248
performed mixing
Frob norm 1 after updating U: 4.00617
200 iterations
f(b) = 20.7804
Frob norm 2 after updating B : 4.00588
Iteration number -------- 77  -----------
lambda : 1.4609
max_diff => 0.066365
performed mixing
Frob norm 1 after updating U: 4.00585
200 iterations
f(b) = 20.804
Frob norm 2 after updating B : 4.00551
Iteration number -------- 78  -----------
lambda : 1.46821
max_diff => 0.0664068
performed mixing
Frob norm 1 after updating U: 4.00548
200 iterations
f(b) = 20.8252
Frob norm 2 after updating B : 4.00513
Iteration number -------- 79  -----------
lambda : 1.47555
max_diff => 0.0664504
performed mixing
Frob norm 1 after updating U: 4.0051
200 iterations
f(b) = 20.8504
Frob norm 2 after updating B : 4.00487
Iteration number -------- 80  -----------
lambda : 1.48292
max_diff => 0.0664539
performed mixing
Frob norm 1 after updating U: 4.00485
200 iterations
f(b) = 20.8723
Frob norm 2 after updating B : 4.00463
Iteration number -------- 81  -----------
lambda : 1.49034
max_diff => 0.0664848
performed mixing
Frob norm 1 after updating U: 4.0046
200 iterations
f(b) = 20.8903
Frob norm 2 after updating B : 4.00408
Iteration number -------- 82  -----------
lambda : 1.49779
max_diff => 0.0665458
performed mixing
Frob norm 1 after updating U: 4.00404
200 iterations
f(b) = 20.9175
Frob norm 2 after updating B : 4.00392
Iteration number -------- 83  -----------
lambda : 1.50528
max_diff => 0.0665735
performed mixing
Frob norm 1 after updating U: 4.00389
200 iterations
f(b) = 20.9369
Frob norm 2 after updating B : 4.0035
Iteration number -------- 84  -----------
lambda : 1.51281
max_diff => 0.0666155
performed mixing
Frob norm 1 after updating U: 4.00347
200 iterations
f(b) = 20.9541
Frob norm 2 after updating B : 4.00251
Iteration number -------- 85  -----------
lambda : 1.52037
max_diff => 0.0667154
performed mixing
Frob norm 1 after updating U: 4.00246
200 iterations
f(b) = 20.9806
Frob norm 2 after updating B : 4.00245
Iteration number -------- 86  -----------
lambda : 1.52797
max_diff => 0.0667501
performed mixing
Frob norm 1 after updating U: 4.0024
200 iterations
f(b) = 21.0039
Frob norm 2 after updating B : 4.0021
Iteration number -------- 87  -----------
lambda : 1.53561
max_diff => 0.0667963
performed mixing
Frob norm 1 after updating U: 4.00206
200 iterations
f(b) = 21.0089
Frob norm 2 after updating B : 3.9991
Iteration number -------- 88  -----------
lambda : 1.54329
max_diff => 0.0668307
performed mixing
Frob norm 1 after updating U: 3.999
200 iterations
f(b) = 21.0549
Frob norm 2 after updating B : 3.99904
Iteration number -------- 89  -----------
lambda : 1.55101
max_diff => 0.0668402
performed mixing
Frob norm 1 after updating U: 3.99899
200 iterations
f(b) = 21.08
Frob norm 2 after updating B : 3.99918
Iteration number -------- 90  -----------
lambda : 1.55876
max_diff => 0.0668364
performed mixing
Frob norm 1 after updating U: 3.99916
200 iterations
f(b) = 21.0995
Frob norm 2 after updating B : 3.99927
Iteration number -------- 91  -----------
lambda : 1.56655
max_diff => 0.0668461
performed mixing
Frob norm 1 after updating U: 3.99926
200 iterations
f(b) = 21.1258
Frob norm 2 after updating B : 3.9994
Iteration number -------- 92  -----------
lambda : 1.57439
max_diff => 0.0668574
performed mixing
Frob norm 1 after updating U: 3.99939
200 iterations
f(b) = 21.1502
Frob norm 2 after updating B : 3.99974
Iteration number -------- 93  -----------
lambda : 1.58226
max_diff => 0.0668708
performed mixing
Frob norm 1 after updating U: 3.99972
200 iterations
f(b) = 21.1737
Frob norm 2 after updating B : 3.99999
Iteration number -------- 94  -----------
lambda : 1.59017
max_diff => 0.0668904
performed mixing
Frob norm 1 after updating U: 3.99995
200 iterations
f(b) = 21.1985
Frob norm 2 after updating B : 4.00014
Iteration number -------- 95  -----------
lambda : 1.59812
max_diff => 0.0669031
performed mixing
Frob norm 1 after updating U: 4.00007
200 iterations
f(b) = 21.212
Frob norm 2 after updating B : 4.00007
Iteration number -------- 96  -----------
lambda : 1.60611
max_diff => 0.0669097
performed mixing
Frob norm 1 after updating U: 4.00001
200 iterations
f(b) = 21.2429
Frob norm 2 after updating B : 3.99989
Iteration number -------- 97  -----------
lambda : 1.61414
max_diff => 0.0669209
performed mixing
Frob norm 1 after updating U: 3.99984
200 iterations
f(b) = 21.2693
Frob norm 2 after updating B : 3.99975
Iteration number -------- 98  -----------
lambda : 1.62221
max_diff => 0.0669343
performed mixing
Frob norm 1 after updating U: 3.99971
200 iterations
f(b) = 21.295
Frob norm 2 after updating B : 3.99958
Iteration number -------- 99  -----------
lambda : 1.63032
max_diff => 0.066949
performed mixing
Frob norm 1 after updating U: 3.99954
200 iterations
f(b) = 21.3191
Frob norm 2 after updating B : 3.99945
Iteration number -------- 100  -----------
lambda : 1.63848
max_diff => 0.0669609
