Academic license - for non-commercial use only
Frob norm 1 after updating U: 9.67885
200 iterations
f(b) = 41.6882
Frob norm 2 after updating B : 5.95289
Iteration number -------- 1  -----------
lambda : 1
max_diff => 0.103172
performed mixing
Frob norm 1 after updating U: 5.16685
200 iterations
f(b) = 38.0085
Frob norm 2 after updating B : 5.65483
Iteration number -------- 2  -----------
lambda : 1.005
max_diff => 0.0933003
performed mixing
Frob norm 1 after updating U: 4.82801
200 iterations
f(b) = 34.5491
Frob norm 2 after updating B : 5.3651
Iteration number -------- 3  -----------
lambda : 1.01002
max_diff => 0.0892744
performed mixing
Frob norm 1 after updating U: 4.5632
200 iterations
f(b) = 29.965
Frob norm 2 after updating B : 4.96626
Iteration number -------- 4  -----------
lambda : 1.01508
max_diff => 0.0777453
performed mixing
Frob norm 1 after updating U: 3.97176
200 iterations
f(b) = 26.5214
Frob norm 2 after updating B : 4.65532
Iteration number -------- 5  -----------
lambda : 1.02015
max_diff => 0.0665905
performed mixing
Frob norm 1 after updating U: 3.76283
200 iterations
f(b) = 23.7015
Frob norm 2 after updating B : 4.3683
Iteration number -------- 6  -----------
lambda : 1.02525
max_diff => 0.062598
performed mixing
Frob norm 1 after updating U: 3.63793
200 iterations
f(b) = 21.5098
Frob norm 2 after updating B : 4.13029
Iteration number -------- 7  -----------
lambda : 1.03038
max_diff => 0.0614789
performed mixing
Frob norm 1 after updating U: 3.54647
200 iterations
f(b) = 19.811
Frob norm 2 after updating B : 3.94788
Iteration number -------- 8  -----------
lambda : 1.03553
max_diff => 0.0592312
performed mixing
Frob norm 1 after updating U: 3.44149
200 iterations
f(b) = 18.4389
Frob norm 2 after updating B : 3.79372
Iteration number -------- 9  -----------
lambda : 1.04071
max_diff => 0.0574236
performed mixing
Frob norm 1 after updating U: 3.38556
200 iterations
f(b) = 17.3523
Frob norm 2 after updating B : 3.67633
Iteration number -------- 10  -----------
lambda : 1.04591
max_diff => 0.0548356
performed mixing
Frob norm 1 after updating U: 3.33234
200 iterations
f(b) = 16.4611
Frob norm 2 after updating B : 3.57757
Iteration number -------- 11  -----------
lambda : 1.05114
max_diff => 0.0524362
performed mixing
Frob norm 1 after updating U: 3.28926
200 iterations
f(b) = 15.7482
Frob norm 2 after updating B : 3.4934
Iteration number -------- 12  -----------
lambda : 1.0564
max_diff => 0.0506224
performed mixing
Frob norm 1 after updating U: 3.26717
200 iterations
f(b) = 15.1642
Frob norm 2 after updating B : 3.42979
Iteration number -------- 13  -----------
lambda : 1.06168
max_diff => 0.0489185
performed mixing
Frob norm 1 after updating U: 3.23717
200 iterations
f(b) = 14.6885
Frob norm 2 after updating B : 3.37803
Iteration number -------- 14  -----------
lambda : 1.06699
max_diff => 0.0496702
performed mixing
Frob norm 1 after updating U: 3.21056
200 iterations
f(b) = 14.2781
Frob norm 2 after updating B : 3.33237
Iteration number -------- 15  -----------
lambda : 1.07232
max_diff => 0.0513493
performed mixing
Frob norm 1 after updating U: 3.17607
200 iterations
f(b) = 13.8918
Frob norm 2 after updating B : 3.28255
Iteration number -------- 16  -----------
lambda : 1.07768
max_diff => 0.0524687
performed mixing
Frob norm 1 after updating U: 3.14741
200 iterations
f(b) = 13.5431
Frob norm 2 after updating B : 3.23722
Iteration number -------- 17  -----------
lambda : 1.08307
max_diff => 0.0549364
performed mixing
Frob norm 1 after updating U: 3.1107
200 iterations
f(b) = 13.2135
Frob norm 2 after updating B : 3.19573
Iteration number -------- 18  -----------
lambda : 1.08849
max_diff => 0.0574055
performed mixing
Frob norm 1 after updating U: 3.06804
200 iterations
f(b) = 12.8703
Frob norm 2 after updating B : 3.15276
Iteration number -------- 19  -----------
lambda : 1.09393
max_diff => 0.0606068
performed mixing
Frob norm 1 after updating U: 3.02464
200 iterations
f(b) = 12.54
Frob norm 2 after updating B : 3.11264
Iteration number -------- 20  -----------
lambda : 1.0994
max_diff => 0.0639789
performed mixing
Frob norm 1 after updating U: 2.9762
200 iterations
f(b) = 12.2243
Frob norm 2 after updating B : 3.06511
Iteration number -------- 21  -----------
lambda : 1.1049
max_diff => 0.065865
performed mixing
Frob norm 1 after updating U: 2.93989
200 iterations
f(b) = 11.8707
Frob norm 2 after updating B : 3.03163
Iteration number -------- 22  -----------
lambda : 1.11042
max_diff => 0.0688943
performed mixing
Frob norm 1 after updating U: 2.8697
200 iterations
f(b) = 11.4236
Frob norm 2 after updating B : 3.00184
Iteration number -------- 23  -----------
lambda : 1.11597
max_diff => 0.0715689
performed mixing
Frob norm 1 after updating U: 2.77729
200 iterations
f(b) = 10.9241
Frob norm 2 after updating B : 2.93435
Iteration number -------- 24  -----------
lambda : 1.12155
max_diff => 0.0718445
performed mixing
Frob norm 1 after updating U: 2.72007
200 iterations
f(b) = 10.4255
Frob norm 2 after updating B : 2.85739
Iteration number -------- 25  -----------
lambda : 1.12716
max_diff => 0.0715593
performed mixing
Frob norm 1 after updating U: 2.64565
200 iterations
f(b) = 9.91767
Frob norm 2 after updating B : 2.79988
Iteration number -------- 26  -----------
lambda : 1.1328
max_diff => 0.0691947
performed mixing
Frob norm 1 after updating U: 2.53195
200 iterations
f(b) = 9.3719
Frob norm 2 after updating B : 2.70685
Iteration number -------- 27  -----------
lambda : 1.13846
max_diff => 0.0669788
performed mixing
Frob norm 1 after updating U: 2.47358
200 iterations
f(b) = 8.82265
Frob norm 2 after updating B : 2.64772
Iteration number -------- 28  -----------
lambda : 1.14415
max_diff => 0.0648528
performed mixing
Frob norm 1 after updating U: 2.39896
200 iterations
f(b) = 8.30959
Frob norm 2 after updating B : 2.56938
Iteration number -------- 29  -----------
lambda : 1.14987
max_diff => 0.0634604
performed mixing
Frob norm 1 after updating U: 2.32018
200 iterations
f(b) = 7.81446
Frob norm 2 after updating B : 2.49191
Iteration number -------- 30  -----------
lambda : 1.15562
max_diff => 0.0609685
performed mixing
Frob norm 1 after updating U: 2.2549
200 iterations
f(b) = 7.33469
Frob norm 2 after updating B : 2.40787
Iteration number -------- 31  -----------
lambda : 1.1614
max_diff => 0.0620015
performed mixing
Frob norm 1 after updating U: 2.17903
200 iterations
f(b) = 5.58217
Frob norm 2 after updating B : 2.01665
Iteration number -------- 32  -----------
lambda : 1.16721
max_diff => 0.0621837
performed mixing
Frob norm 1 after updating U: 1.06724
200 iterations
f(b) = 4.45387
Frob norm 2 after updating B : 1.728
Iteration number -------- 33  -----------
lambda : 1.17304
max_diff => 0.0615624
performed mixing
Frob norm 1 after updating U: 0.864065
200 iterations
f(b) = 3.54463
Frob norm 2 after updating B : 1.49814
Iteration number -------- 34  -----------
lambda : 1.17891
max_diff => 0.0534635
performed mixing
Frob norm 1 after updating U: 0.644109
200 iterations
f(b) = 2.86975
Frob norm 2 after updating B : 1.27795
Iteration number -------- 35  -----------
lambda : 1.1848
max_diff => 0.049047
performed mixing
Frob norm 1 after updating U: 0.575658
200 iterations
f(b) = 2.33568
Frob norm 2 after updating B : 1.12942
Iteration number -------- 36  -----------
lambda : 1.19073
max_diff => 0.0400781
performed mixing
Frob norm 1 after updating U: 0.459454
200 iterations
f(b) = 1.90536
Frob norm 2 after updating B : 1.00153
Iteration number -------- 37  -----------
lambda : 1.19668
max_diff => 0.0314734
performed mixing
Frob norm 1 after updating U: 0.374533
200 iterations
f(b) = 1.63476
Frob norm 2 after updating B : 0.833315
Iteration number -------- 38  -----------
lambda : 1.20266
max_diff => 0.0313725
performed mixing
Frob norm 1 after updating U: 0.373602
200 iterations
f(b) = 1.25353
Frob norm 2 after updating B : 0.915299
Iteration number -------- 39  -----------
lambda : 1.20868
max_diff => 0.0103612
performed mixing
Frob norm 1 after updating U: 0.182873
200 iterations
f(b) = 0.951803
Frob norm 2 after updating B : 0.770143
Iteration number -------- 40  -----------
lambda : 1.21472
max_diff => 0.00872605
performed mixing
Frob norm 1 after updating U: 0.169157
200 iterations
f(b) = 0.672635
Frob norm 2 after updating B : 0.736651
Iteration number -------- 41  -----------
lambda : 1.22079
max_diff => 0.00300021
performed mixing
Frob norm 1 after updating U: 0.0990255
200 iterations
f(b) = 0.515471
Frob norm 2 after updating B : 0.595292
Iteration number -------- 42  -----------
lambda : 1.2269
max_diff => 0.00274869
performed mixing
Frob norm 1 after updating U: 0.0941917
200 iterations
f(b) = 0.308037
Frob norm 2 after updating B : 0.530878
Iteration number -------- 43  -----------
lambda : 1.23303
max_diff => 0.000115395
performed mixing
Frob norm 1 after updating U: 0.0232796
200 iterations
f(b) = 0.243652
Frob norm 2 after updating B : 0.427468
Iteration number -------- 44  -----------
lambda : 1.2392
max_diff => 4.83588e-05
performed mixing
Frob norm 1 after updating U: 0.0185923
200 iterations
f(b) = 0.16775
Frob norm 2 after updating B : 0.347223
Iteration number -------- 45  -----------
lambda : 1.24539
max_diff => 4.999e-08
performed mixing
Frob norm 1 after updating U: 0.0123269
200 iterations
f(b) = 0.133732
Frob norm 2 after updating B : 0.277856
Iteration number -------- 46  -----------
lambda : 1.25162
max_diff => 4.999e-08
performed mixing
Frob norm 1 after updating U: 0.0122296
200 iterations
f(b) = 0.103959
Frob norm 2 after updating B : 0.222443
Iteration number -------- 47  -----------
lambda : 1.25788
max_diff => 4.999e-08
performed mixing
Frob norm 1 after updating U: 0.0123613
200 iterations
f(b) = 0.0494154
Frob norm 2 after updating B : 0.178265
Iteration number -------- 48  -----------
lambda : 1.26417
max_diff => 4.999e-08
performed mixing
Frob norm 1 after updating U: 0.0123515
200 iterations
f(b) = 0.0426661
Frob norm 2 after updating B : 0.142898
Iteration number -------- 49  -----------
lambda : 1.27049
max_diff => 4.999e-08
performed mixing
Frob norm 1 after updating U: 0.0124416
200 iterations
f(b) = 0.0679076
Frob norm 2 after updating B : 0.114613
Iteration number -------- 50  -----------
lambda : 1.27684
max_diff => 4.999e-08
performed mixing
Frob norm 1 after updating U: 0.012429
200 iterations
f(b) = 0.0263309
Frob norm 2 after updating B : 0.0919471
Iteration number -------- 51  -----------
lambda : 1.28323
max_diff => 4.999e-08
performed mixing
Frob norm 1 after updating U: 0.0123844
200 iterations
f(b) = 0.0605532
Frob norm 2 after updating B : 0.0739523
Iteration number -------- 52  -----------
lambda : 1.28964
max_diff => 4.999e-08
performed mixing
Frob norm 1 after updating U: 0.0123779
200 iterations
f(b) = 0.0207731
Frob norm 2 after updating B : 0.0598179
Iteration number -------- 53  -----------
lambda : 1.29609
max_diff => 4.999e-08
performed mixing
Frob norm 1 after updating U: 0.0123993
200 iterations
f(b) = 0.0203399
Frob norm 2 after updating B : 0.0485008
Iteration number -------- 54  -----------
lambda : 1.30257
max_diff => 4.999e-08
performed mixing
Frob norm 1 after updating U: 0.0124143
200 iterations
f(b) = 0.019862
Frob norm 2 after updating B : 0.0394966
Iteration number -------- 55  -----------
lambda : 1.30908
max_diff => 4.999e-08
performed mixing
Frob norm 1 after updating U: 0.0124834
200 iterations
f(b) = 0.0184818
Frob norm 2 after updating B : 0.0325113
Iteration number -------- 56  -----------
lambda : 1.31563
max_diff => 4.999e-08
performed mixing
Frob norm 1 after updating U: 0.0123654
200 iterations
f(b) = 0.0170729
Frob norm 2 after updating B : 0.0271661
Iteration number -------- 57  -----------
lambda : 1.32221
max_diff => 4.999e-08
performed mixing
Frob norm 1 after updating U: 0.0123932
200 iterations
f(b) = 0.0228147
Frob norm 2 after updating B : 0.022813
Iteration number -------- 58  -----------
lambda : 1.32882
max_diff => 4.999e-08
performed mixing
Frob norm 1 after updating U: 0.0123316
200 iterations
f(b) = 0.0210306
Frob norm 2 after updating B : 0.01987
Iteration number -------- 59  -----------
lambda : 1.33546
max_diff => 4.999e-08
performed mixing
Frob norm 1 after updating U: 0.0124193
200 iterations
f(b) = 0.0168353
Frob norm 2 after updating B : 0.0175692
Iteration number -------- 60  -----------
lambda : 1.34214
max_diff => 4.999e-08
performed mixing
Frob norm 1 after updating U: 0.0123872
200 iterations
f(b) = 0.0179029
Frob norm 2 after updating B : 0.0159733
Iteration number -------- 61  -----------
lambda : 1.34885
max_diff => 4.999e-08
performed mixing
Frob norm 1 after updating U: 0.0124362
200 iterations
f(b) = 0.0179969
Frob norm 2 after updating B : 0.0148036
Iteration number -------- 62  -----------
lambda : 1.35559
max_diff => 4.999e-08
performed mixing
Frob norm 1 after updating U: 0.0123615
200 iterations
f(b) = 0.0143974
Frob norm 2 after updating B : 0.0139362
Iteration number -------- 63  -----------
lambda : 1.36237
max_diff => 4.999e-08
performed mixing
Frob norm 1 after updating U: 0.0123327
200 iterations
f(b) = 0.0156931
Frob norm 2 after updating B : 0.0134758
Iteration number -------- 64  -----------
lambda : 1.36918
max_diff => 4.999e-08
performed mixing
Frob norm 1 after updating U: 0.0123894
200 iterations
f(b) = 0.019685
Frob norm 2 after updating B : 0.013103
Iteration number -------- 65  -----------
lambda : 1.37603
max_diff => 4.999e-08
performed mixing
Frob norm 1 after updating U: 0.0123757
200 iterations
f(b) = 0.0152691
Frob norm 2 after updating B : 0.012888
Iteration number -------- 66  -----------
lambda : 1.38291
max_diff => 4.999e-08
performed mixing
Frob norm 1 after updating U: 0.012416
200 iterations
f(b) = 0.0156616
Frob norm 2 after updating B : 0.0125773
Iteration number -------- 67  -----------
lambda : 1.38982
max_diff => 4.999e-08
performed mixing
Frob norm 1 after updating U: 0.0122749
200 iterations
f(b) = 0.0145823
Frob norm 2 after updating B : 0.0125307
Iteration number -------- 68  -----------
lambda : 1.39677
max_diff => 4.999e-08
performed mixing
Frob norm 1 after updating U: 0.0123238
200 iterations
f(b) = 0.0174105
Frob norm 2 after updating B : 0.0123897
Iteration number -------- 69  -----------
lambda : 1.40376
max_diff => 4.999e-08
performed mixing
Frob norm 1 after updating U: 0.0122372
200 iterations
f(b) = 0.0163471
Frob norm 2 after updating B : 0.0123527
Iteration number -------- 70  -----------
lambda : 1.41078
max_diff => 4.999e-08
performed mixing
Frob norm 1 after updating U: 0.0122392
200 iterations
f(b) = 0.0150347
Frob norm 2 after updating B : 0.012302
Iteration number -------- 71  -----------
lambda : 1.41783
max_diff => 4.999e-08
performed mixing
Frob norm 1 after updating U: 0.0122353
200 iterations
f(b) = 0.015595
Frob norm 2 after updating B : 0.0123328
Iteration number -------- 72  -----------
lambda : 1.42492
max_diff => 4.999e-08
performed mixing
Frob norm 1 after updating U: 0.0122618
200 iterations
f(b) = 0.0160333
Frob norm 2 after updating B : 0.0124128
Iteration number -------- 73  -----------
lambda : 1.43204
max_diff => 4.999e-08
performed mixing
Frob norm 1 after updating U: 0.0123701
200 iterations
f(b) = 0.0166015
Frob norm 2 after updating B : 0.012404
Iteration number -------- 74  -----------
lambda : 1.4392
max_diff => 4.999e-08
performed mixing
Frob norm 1 after updating U: 0.0123798
200 iterations
f(b) = 0.016875
Frob norm 2 after updating B : 0.012263
Iteration number -------- 75  -----------
lambda : 1.4464
max_diff => 4.999e-08
performed mixing
Frob norm 1 after updating U: 0.0122467
200 iterations
f(b) = 0.0144699
Frob norm 2 after updating B : 0.0122835
Iteration number -------- 76  -----------
lambda : 1.45363
max_diff => 4.999e-08
performed mixing
Frob norm 1 after updating U: 0.012275
200 iterations
f(b) = 0.0144994
Frob norm 2 after updating B : 0.0122821
Iteration number -------- 77  -----------
lambda : 1.4609
max_diff => 4.999e-08
performed mixing
Frob norm 1 after updating U: 0.0122778
200 iterations
f(b) = 0.014727
Frob norm 2 after updating B : 0.0123781
Iteration number -------- 78  -----------
lambda : 1.46821
max_diff => 4.999e-08
performed mixing
Frob norm 1 after updating U: 0.0123636
200 iterations
f(b) = 0.0185338
Frob norm 2 after updating B : 0.0122139
Iteration number -------- 79  -----------
lambda : 1.47555
max_diff => 4.999e-08
performed mixing
Frob norm 1 after updating U: 0.0122186
200 iterations
f(b) = 0.0166061
Frob norm 2 after updating B : 0.0122761
Iteration number -------- 80  -----------
lambda : 1.48292
max_diff => 4.999e-08
performed mixing
Frob norm 1 after updating U: 0.0122715
200 iterations
f(b) = 0.0159368
Frob norm 2 after updating B : 0.0122716
Iteration number -------- 81  -----------
lambda : 1.49034
max_diff => 4.999e-08
performed mixing
Frob norm 1 after updating U: 0.0122758
200 iterations
f(b) = 0.0123355
Frob norm 2 after updating B : 0.0124084
Iteration number -------- 82  -----------
lambda : 1.49779
max_diff => 4.999e-08
performed mixing
Frob norm 1 after updating U: 0.0123922
200 iterations
f(b) = 0.0155976
Frob norm 2 after updating B : 0.012181
Iteration number -------- 83  -----------
lambda : 1.50528
max_diff => 4.999e-08
performed mixing
Frob norm 1 after updating U: 0.0121821
200 iterations
f(b) = 0.0196588
Frob norm 2 after updating B : 0.0123868
Iteration number -------- 84  -----------
lambda : 1.51281
max_diff => 4.999e-08
performed mixing
Frob norm 1 after updating U: 0.0123685
200 iterations
f(b) = 0.0171547
Frob norm 2 after updating B : 0.0122706
Iteration number -------- 85  -----------
lambda : 1.52037
max_diff => 4.999e-08
performed mixing
Frob norm 1 after updating U: 0.0122659
200 iterations
f(b) = 0.017328
Frob norm 2 after updating B : 0.0122821
Iteration number -------- 86  -----------
lambda : 1.52797
max_diff => 4.999e-08
performed mixing
Frob norm 1 after updating U: 0.0122735
200 iterations
f(b) = 0.0160293
Frob norm 2 after updating B : 0.0123033
Iteration number -------- 87  -----------
lambda : 1.53561
max_diff => 4.999e-08
performed mixing
Frob norm 1 after updating U: 0.0123015
200 iterations
f(b) = 0.0151419
Frob norm 2 after updating B : 0.0124113
Iteration number -------- 88  -----------
lambda : 1.54329
max_diff => 4.999e-08
performed mixing
Frob norm 1 after updating U: 0.0123981
200 iterations
f(b) = 0.0169126
Frob norm 2 after updating B : 0.0123615
Iteration number -------- 89  -----------
lambda : 1.55101
max_diff => 4.999e-08
performed mixing
Frob norm 1 after updating U: 0.0123528
200 iterations
f(b) = 0.0134115
Frob norm 2 after updating B : 0.0122316
Iteration number -------- 90  -----------
lambda : 1.55876
max_diff => 4.999e-08
performed mixing
Frob norm 1 after updating U: 0.0122326
200 iterations
f(b) = 0.0184085
Frob norm 2 after updating B : 0.0122352
Iteration number -------- 91  -----------
lambda : 1.56655
max_diff => 4.999e-08
performed mixing
Frob norm 1 after updating U: 0.0122349
200 iterations
f(b) = 0.0169489
Frob norm 2 after updating B : 0.01233
Iteration number -------- 92  -----------
lambda : 1.57439
max_diff => 5.01392e-08
performed mixing
Frob norm 1 after updating U: 0.0123161
200 iterations
f(b) = 0.0189641
Frob norm 2 after updating B : 0.012292
Iteration number -------- 93  -----------
lambda : 1.58226
max_diff => 4.999e-08
performed mixing
Frob norm 1 after updating U: 0.0122921
200 iterations
f(b) = 0.0149165
Frob norm 2 after updating B : 0.0122656
Iteration number -------- 94  -----------
lambda : 1.59017
max_diff => 4.999e-08
performed mixing
Frob norm 1 after updating U: 0.0122656
200 iterations
f(b) = 0.0153037
Frob norm 2 after updating B : 0.0123071
Iteration number -------- 95  -----------
lambda : 1.59812
max_diff => 4.999e-08
performed mixing
Frob norm 1 after updating U: 0.0123014
200 iterations
f(b) = 0.0171276
Frob norm 2 after updating B : 0.0123399
Iteration number -------- 96  -----------
lambda : 1.60611
max_diff => 4.999e-08
performed mixing
Frob norm 1 after updating U: 0.0123372
200 iterations
f(b) = 0.0152391
Frob norm 2 after updating B : 0.0122217
Iteration number -------- 97  -----------
lambda : 1.61414
max_diff => 4.999e-08
performed mixing
Frob norm 1 after updating U: 0.0122166
200 iterations
f(b) = 0.0183992
Frob norm 2 after updating B : 0.0122114
Iteration number -------- 98  -----------
lambda : 1.62221
max_diff => 4.999e-08
performed mixing
Frob norm 1 after updating U: 0.0122259
200 iterations
f(b) = 0.00795446
Frob norm 2 after updating B : 0.0123577
Iteration number -------- 99  -----------
lambda : 1.63032
max_diff => 4.999e-08
performed mixing
Frob norm 1 after updating U: 0.0123498
200 iterations
f(b) = 0.0170362
Frob norm 2 after updating B : 0.0123361
Iteration number -------- 100  -----------
lambda : 1.63848
max_diff => 4.999e-08
