Academic license - for non-commercial use only
Frob norm 1 after updating U: 10.5369
200 iterations
f(b) = 72.7466
Frob norm 2 after updating B : 7.91868
Iteration number -------- 1  -----------
lambda : 1
max_diff => 0.114365
performed mixing
Frob norm 1 after updating U: 6.79838
200 iterations
f(b) = 65.3046
Frob norm 2 after updating B : 7.55003
Iteration number -------- 2  -----------
lambda : 1.005
max_diff => 0.104899
performed mixing
Frob norm 1 after updating U: 6.33172
200 iterations
f(b) = 57.6952
Frob norm 2 after updating B : 7.07213
Iteration number -------- 3  -----------
lambda : 1.01002
max_diff => 0.0974861
performed mixing
Frob norm 1 after updating U: 6.01742
200 iterations
f(b) = 52.6605
Frob norm 2 after updating B : 6.70774
Iteration number -------- 4  -----------
lambda : 1.01508
max_diff => 0.100841
performed mixing
Frob norm 1 after updating U: 5.86387
200 iterations
f(b) = 48.7489
Frob norm 2 after updating B : 6.4266
Iteration number -------- 5  -----------
lambda : 1.02015
max_diff => 0.105462
performed mixing
Frob norm 1 after updating U: 5.74047
200 iterations
f(b) = 45.7627
Frob norm 2 after updating B : 6.20272
Iteration number -------- 6  -----------
lambda : 1.02525
max_diff => 0.10687
performed mixing
Frob norm 1 after updating U: 5.66064
200 iterations
f(b) = 43.4847
Frob norm 2 after updating B : 6.02914
Iteration number -------- 7  -----------
lambda : 1.03038
max_diff => 0.107791
performed mixing
Frob norm 1 after updating U: 5.60546
200 iterations
f(b) = 41.7006
Frob norm 2 after updating B : 5.89558
Iteration number -------- 8  -----------
lambda : 1.03553
max_diff => 0.105072
performed mixing
Frob norm 1 after updating U: 5.55084
200 iterations
f(b) = 40.3872
Frob norm 2 after updating B : 5.77991
Iteration number -------- 9  -----------
lambda : 1.04071
max_diff => 0.105005
performed mixing
Frob norm 1 after updating U: 5.54927
200 iterations
f(b) = 39.2684
Frob norm 2 after updating B : 5.72006
Iteration number -------- 10  -----------
lambda : 1.04591
max_diff => 0.0987701
performed mixing
Frob norm 1 after updating U: 5.48147
200 iterations
f(b) = 38.3766
Frob norm 2 after updating B : 5.63929
Iteration number -------- 11  -----------
lambda : 1.05114
max_diff => 0.0985935
performed mixing
Frob norm 1 after updating U: 5.48103
200 iterations
f(b) = 37.8136
Frob norm 2 after updating B : 5.58563
Iteration number -------- 12  -----------
lambda : 1.0564
max_diff => 0.0983887
performed mixing
Frob norm 1 after updating U: 5.47967
200 iterations
f(b) = 37.1555
Frob norm 2 after updating B : 5.5432
Iteration number -------- 13  -----------
lambda : 1.06168
max_diff => 0.0934382
performed mixing
Frob norm 1 after updating U: 5.41843
200 iterations
f(b) = 36.2718
Frob norm 2 after updating B : 5.45189
Iteration number -------- 14  -----------
lambda : 1.06699
max_diff => 0.0881858
performed mixing
Frob norm 1 after updating U: 5.2679
200 iterations
f(b) = 31.8108
Frob norm 2 after updating B : 5.07747
Iteration number -------- 15  -----------
lambda : 1.07232
max_diff => 0.11632
performed mixing
Frob norm 1 after updating U: 4.78763
200 iterations
f(b) = 30.8607
Frob norm 2 after updating B : 4.97795
Iteration number -------- 16  -----------
lambda : 1.07768
max_diff => 0.116936
performed mixing
Frob norm 1 after updating U: 4.78583
200 iterations
f(b) = 29.6746
Frob norm 2 after updating B : 4.90044
Iteration number -------- 17  -----------
lambda : 1.08307
max_diff => 0.0687738
performed mixing
Frob norm 1 after updating U: 4.658
200 iterations
f(b) = 28.8705
Frob norm 2 after updating B : 4.81599
Iteration number -------- 18  -----------
lambda : 1.08849
max_diff => 0.0687353
performed mixing
Frob norm 1 after updating U: 4.65804
200 iterations
f(b) = 28.1497
Frob norm 2 after updating B : 4.7732
Iteration number -------- 19  -----------
lambda : 1.09393
max_diff => 0.0661531
performed mixing
Frob norm 1 after updating U: 4.6548
200 iterations
f(b) = 27.8063
Frob norm 2 after updating B : 4.73213
Iteration number -------- 20  -----------
lambda : 1.0994
max_diff => 0.0659585
performed mixing
Frob norm 1 after updating U: 4.65424
200 iterations
f(b) = 27.4664
Frob norm 2 after updating B : 4.70677
Iteration number -------- 21  -----------
lambda : 1.1049
max_diff => 0.063375
performed mixing
Frob norm 1 after updating U: 4.64437
200 iterations
f(b) = 27.0614
Frob norm 2 after updating B : 4.68257
Iteration number -------- 22  -----------
lambda : 1.11042
max_diff => 0.0624999
performed mixing
Frob norm 1 after updating U: 4.59249
200 iterations
f(b) = 26.7928
Frob norm 2 after updating B : 4.65002
Iteration number -------- 23  -----------
lambda : 1.11597
max_diff => 0.0624991
performed mixing
Frob norm 1 after updating U: 4.58926
200 iterations
f(b) = 23.3284
Frob norm 2 after updating B : 4.28238
Iteration number -------- 24  -----------
lambda : 1.12155
max_diff => 0.0908684
performed mixing
Frob norm 1 after updating U: 3.97104
200 iterations
f(b) = 20.7918
Frob norm 2 after updating B : 4.11433
Iteration number -------- 25  -----------
lambda : 1.12716
max_diff => 0.062498
performed mixing
Frob norm 1 after updating U: 3.82141
200 iterations
f(b) = 19.9384
Frob norm 2 after updating B : 4.01177
Iteration number -------- 26  -----------
lambda : 1.1328
max_diff => 0.0624902
performed mixing
Frob norm 1 after updating U: 3.80623
200 iterations
f(b) = 19.3896
Frob norm 2 after updating B : 3.9401
Iteration number -------- 27  -----------
lambda : 1.13846
max_diff => 0.0624887
performed mixing
Frob norm 1 after updating U: 3.80319
200 iterations
f(b) = 18.4567
Frob norm 2 after updating B : 3.84125
Iteration number -------- 28  -----------
lambda : 1.14415
max_diff => 0.0760864
performed mixing
Frob norm 1 after updating U: 3.63805
200 iterations
f(b) = 16.7625
Frob norm 2 after updating B : 3.61794
Iteration number -------- 29  -----------
lambda : 1.14987
max_diff => 0.0651032
performed mixing
Frob norm 1 after updating U: 3.38138
200 iterations
f(b) = 16.1603
Frob norm 2 after updating B : 3.5344
Iteration number -------- 30  -----------
lambda : 1.15562
max_diff => 0.0638652
performed mixing
Frob norm 1 after updating U: 3.37935
200 iterations
f(b) = 15.7752
Frob norm 2 after updating B : 3.47839
Iteration number -------- 31  -----------
lambda : 1.1614
max_diff => 0.0624875
performed mixing
Frob norm 1 after updating U: 3.37656
200 iterations
f(b) = 15.2835
Frob norm 2 after updating B : 3.42971
Iteration number -------- 32  -----------
lambda : 1.16721
max_diff => 0.0605556
performed mixing
Frob norm 1 after updating U: 3.34558
200 iterations
f(b) = 14.9835
Frob norm 2 after updating B : 3.38115
Iteration number -------- 33  -----------
lambda : 1.17304
max_diff => 0.0608462
performed mixing
Frob norm 1 after updating U: 3.31699
200 iterations
f(b) = 14.1901
Frob norm 2 after updating B : 3.29297
Iteration number -------- 34  -----------
lambda : 1.17891
max_diff => 0.0622649
performed mixing
Frob norm 1 after updating U: 3.21445
200 iterations
f(b) = 14.0524
Frob norm 2 after updating B : 3.26579
Iteration number -------- 35  -----------
lambda : 1.1848
max_diff => 0.0622681
performed mixing
Frob norm 1 after updating U: 3.21442
200 iterations
f(b) = 13.9007
Frob norm 2 after updating B : 3.24809
Iteration number -------- 36  -----------
lambda : 1.19073
max_diff => 0.0622747
performed mixing
Frob norm 1 after updating U: 3.21438
200 iterations
f(b) = 13.8264
Frob norm 2 after updating B : 3.23862
Iteration number -------- 37  -----------
lambda : 1.19668
max_diff => 0.0623231
performed mixing
Frob norm 1 after updating U: 3.21333
200 iterations
f(b) = 13.8179
Frob norm 2 after updating B : 3.23005
Iteration number -------- 38  -----------
lambda : 1.20266
max_diff => 0.0623251
performed mixing
Frob norm 1 after updating U: 3.21329
200 iterations
f(b) = 13.8114
Frob norm 2 after updating B : 3.22443
Iteration number -------- 39  -----------
lambda : 1.20868
max_diff => 0.0623284
performed mixing
Frob norm 1 after updating U: 3.21329
200 iterations
f(b) = 13.8087
Frob norm 2 after updating B : 3.22076
Iteration number -------- 40  -----------
lambda : 1.21472
max_diff => 0.0623344
performed mixing
Frob norm 1 after updating U: 3.21327
200 iterations
f(b) = 13.8129
Frob norm 2 after updating B : 3.21833
Iteration number -------- 41  -----------
lambda : 1.22079
max_diff => 0.0623379
performed mixing
Frob norm 1 after updating U: 3.21326
200 iterations
f(b) = 13.8166
Frob norm 2 after updating B : 3.21675
Iteration number -------- 42  -----------
lambda : 1.2269
max_diff => 0.0623405
performed mixing
Frob norm 1 after updating U: 3.21329
200 iterations
f(b) = 13.819
Frob norm 2 after updating B : 3.21575
Iteration number -------- 43  -----------
lambda : 1.23303
max_diff => 0.0623482
performed mixing
Frob norm 1 after updating U: 3.21331
200 iterations
f(b) = 13.8399
Frob norm 2 after updating B : 3.21492
Iteration number -------- 44  -----------
lambda : 1.2392
max_diff => 0.06236
performed mixing
Frob norm 1 after updating U: 3.2132
200 iterations
f(b) = 13.8492
Frob norm 2 after updating B : 3.21453
Iteration number -------- 45  -----------
lambda : 1.24539
max_diff => 0.0623645
performed mixing
Frob norm 1 after updating U: 3.21332
200 iterations
f(b) = 13.8621
Frob norm 2 after updating B : 3.21423
Iteration number -------- 46  -----------
lambda : 1.25162
max_diff => 0.0623711
performed mixing
Frob norm 1 after updating U: 3.21335
200 iterations
f(b) = 13.8802
Frob norm 2 after updating B : 3.21399
Iteration number -------- 47  -----------
lambda : 1.25788
max_diff => 0.0623771
performed mixing
Frob norm 1 after updating U: 3.21334
200 iterations
f(b) = 13.8915
Frob norm 2 after updating B : 3.21389
Iteration number -------- 48  -----------
lambda : 1.26417
max_diff => 0.0623848
performed mixing
Frob norm 1 after updating U: 3.21338
200 iterations
f(b) = 13.8106
Frob norm 2 after updating B : 3.22049
Iteration number -------- 49  -----------
lambda : 1.27049
max_diff => 0.0624998
performed mixing
Frob norm 1 after updating U: 3.21572
200 iterations
f(b) = 13.8552
Frob norm 2 after updating B : 3.21916
Iteration number -------- 50  -----------
lambda : 1.27684
max_diff => 0.0624992
performed mixing
Frob norm 1 after updating U: 3.21588
200 iterations
f(b) = 13.8772
Frob norm 2 after updating B : 3.21811
Iteration number -------- 51  -----------
lambda : 1.28323
max_diff => 0.062499
performed mixing
Frob norm 1 after updating U: 3.21593
200 iterations
f(b) = 13.8847
Frob norm 2 after updating B : 3.21753
Iteration number -------- 52  -----------
lambda : 1.28964
max_diff => 0.0624986
performed mixing
Frob norm 1 after updating U: 3.21603
200 iterations
f(b) = 13.8993
Frob norm 2 after updating B : 3.21715
Iteration number -------- 53  -----------
lambda : 1.29609
max_diff => 0.0624983
performed mixing
Frob norm 1 after updating U: 3.21612
200 iterations
f(b) = 13.9159
Frob norm 2 after updating B : 3.21696
Iteration number -------- 54  -----------
lambda : 1.30257
max_diff => 0.0624974
performed mixing
Frob norm 1 after updating U: 3.21623
200 iterations
f(b) = 13.9292
Frob norm 2 after updating B : 3.21686
Iteration number -------- 55  -----------
lambda : 1.30908
max_diff => 0.062497
performed mixing
Frob norm 1 after updating U: 3.21634
200 iterations
f(b) = 13.9427
Frob norm 2 after updating B : 3.21683
Iteration number -------- 56  -----------
lambda : 1.31563
max_diff => 0.0624961
performed mixing
Frob norm 1 after updating U: 3.21644
200 iterations
f(b) = 13.9589
Frob norm 2 after updating B : 3.21697
Iteration number -------- 57  -----------
lambda : 1.32221
max_diff => 0.0624944
performed mixing
Frob norm 1 after updating U: 3.21665
200 iterations
f(b) = 13.9669
Frob norm 2 after updating B : 3.2171
Iteration number -------- 58  -----------
lambda : 1.32882
max_diff => 0.0624939
performed mixing
Frob norm 1 after updating U: 3.21683
200 iterations
f(b) = 13.9905
Frob norm 2 after updating B : 3.21713
Iteration number -------- 59  -----------
lambda : 1.33546
max_diff => 0.0624932
performed mixing
Frob norm 1 after updating U: 3.21693
200 iterations
f(b) = 14.0047
Frob norm 2 after updating B : 3.21733
Iteration number -------- 60  -----------
lambda : 1.34214
max_diff => 0.062491
performed mixing
Frob norm 1 after updating U: 3.21715
200 iterations
f(b) = 14.0222
Frob norm 2 after updating B : 3.21747
Iteration number -------- 61  -----------
lambda : 1.34885
max_diff => 0.062489
performed mixing
Frob norm 1 after updating U: 3.21731
200 iterations
f(b) = 14.0323
Frob norm 2 after updating B : 3.21772
Iteration number -------- 62  -----------
lambda : 1.35559
max_diff => 0.062486
performed mixing
Frob norm 1 after updating U: 3.21756
200 iterations
f(b) = 14.0549
Frob norm 2 after updating B : 3.21783
Iteration number -------- 63  -----------
lambda : 1.36237
max_diff => 0.0624841
performed mixing
Frob norm 1 after updating U: 3.2177
200 iterations
f(b) = 14.0698
Frob norm 2 after updating B : 3.21799
Iteration number -------- 64  -----------
lambda : 1.36918
max_diff => 0.0624819
performed mixing
Frob norm 1 after updating U: 3.21788
200 iterations
f(b) = 14.087
Frob norm 2 after updating B : 3.21808
Iteration number -------- 65  -----------
lambda : 1.37603
max_diff => 0.062481
performed mixing
Frob norm 1 after updating U: 3.21799
200 iterations
f(b) = 14.1025
Frob norm 2 after updating B : 3.21822
Iteration number -------- 66  -----------
lambda : 1.38291
max_diff => 0.062479
performed mixing
Frob norm 1 after updating U: 3.21814
200 iterations
f(b) = 14.1185
Frob norm 2 after updating B : 3.21837
Iteration number -------- 67  -----------
lambda : 1.38982
max_diff => 0.0624771
performed mixing
Frob norm 1 after updating U: 3.2183
200 iterations
f(b) = 14.1304
Frob norm 2 after updating B : 3.21876
Iteration number -------- 68  -----------
lambda : 1.39677
max_diff => 0.062473
performed mixing
Frob norm 1 after updating U: 3.21865
200 iterations
f(b) = 14.1416
Frob norm 2 after updating B : 3.21899
Iteration number -------- 69  -----------
lambda : 1.40376
max_diff => 0.0624693
performed mixing
Frob norm 1 after updating U: 3.21887
200 iterations
f(b) = 14.1588
Frob norm 2 after updating B : 3.21918
Iteration number -------- 70  -----------
lambda : 1.41078
max_diff => 0.0624667
performed mixing
Frob norm 1 after updating U: 3.21908
200 iterations
f(b) = 14.181
Frob norm 2 after updating B : 3.21939
Iteration number -------- 71  -----------
lambda : 1.41783
max_diff => 0.062465
performed mixing
Frob norm 1 after updating U: 3.21929
200 iterations
f(b) = 14.1924
Frob norm 2 after updating B : 3.21976
Iteration number -------- 72  -----------
lambda : 1.42492
max_diff => 0.0624598
performed mixing
Frob norm 1 after updating U: 3.21965
200 iterations
f(b) = 14.1966
Frob norm 2 after updating B : 3.22002
Iteration number -------- 73  -----------
lambda : 1.43204
max_diff => 0.0624555
performed mixing
Frob norm 1 after updating U: 3.2199
200 iterations
f(b) = 14.223
Frob norm 2 after updating B : 3.22028
Iteration number -------- 74  -----------
lambda : 1.4392
max_diff => 0.0624503
performed mixing
Frob norm 1 after updating U: 3.22017
200 iterations
f(b) = 14.2421
Frob norm 2 after updating B : 3.2205
Iteration number -------- 75  -----------
lambda : 1.4464
max_diff => 0.0624472
performed mixing
Frob norm 1 after updating U: 3.2204
200 iterations
f(b) = 14.2565
Frob norm 2 after updating B : 3.22075
Iteration number -------- 76  -----------
lambda : 1.45363
max_diff => 0.0624426
performed mixing
Frob norm 1 after updating U: 3.22065
200 iterations
f(b) = 14.2708
Frob norm 2 after updating B : 3.22104
Iteration number -------- 77  -----------
lambda : 1.4609
max_diff => 0.062438
performed mixing
Frob norm 1 after updating U: 3.22093
200 iterations
f(b) = 14.2895
Frob norm 2 after updating B : 3.22135
Iteration number -------- 78  -----------
lambda : 1.46821
max_diff => 0.0624339
performed mixing
Frob norm 1 after updating U: 3.22124
200 iterations
f(b) = 14.3087
Frob norm 2 after updating B : 3.22159
Iteration number -------- 79  -----------
lambda : 1.47555
max_diff => 0.0624288
performed mixing
Frob norm 1 after updating U: 3.22148
200 iterations
f(b) = 14.322
Frob norm 2 after updating B : 3.22185
Iteration number -------- 80  -----------
lambda : 1.48292
max_diff => 0.0624251
performed mixing
Frob norm 1 after updating U: 3.22176
200 iterations
f(b) = 14.3397
Frob norm 2 after updating B : 3.22206
Iteration number -------- 81  -----------
lambda : 1.49034
max_diff => 0.0624215
performed mixing
Frob norm 1 after updating U: 3.22197
200 iterations
f(b) = 14.3517
Frob norm 2 after updating B : 3.2224
Iteration number -------- 82  -----------
lambda : 1.49779
max_diff => 0.0624157
performed mixing
Frob norm 1 after updating U: 3.2223
200 iterations
f(b) = 14.3688
Frob norm 2 after updating B : 3.22262
Iteration number -------- 83  -----------
lambda : 1.50528
max_diff => 0.0624114
performed mixing
Frob norm 1 after updating U: 3.22252
200 iterations
f(b) = 14.388
Frob norm 2 after updating B : 3.22296
Iteration number -------- 84  -----------
lambda : 1.51281
max_diff => 0.0624047
performed mixing
Frob norm 1 after updating U: 3.22286
200 iterations
f(b) = 14.4041
Frob norm 2 after updating B : 3.22326
Iteration number -------- 85  -----------
lambda : 1.52037
max_diff => 0.0624001
performed mixing
Frob norm 1 after updating U: 3.22316
200 iterations
f(b) = 14.2287
Frob norm 2 after updating B : 3.27987
Iteration number -------- 86  -----------
lambda : 1.52797
max_diff => 0.0619102
performed mixing
Frob norm 1 after updating U: 3.25381
200 iterations
f(b) = 14.2377
Frob norm 2 after updating B : 3.27085
Iteration number -------- 87  -----------
lambda : 1.53561
max_diff => 0.0619047
performed mixing
Frob norm 1 after updating U: 3.254
200 iterations
f(b) = 14.2203
Frob norm 2 after updating B : 3.26503
Iteration number -------- 88  -----------
lambda : 1.54329
max_diff => 0.0619002
performed mixing
Frob norm 1 after updating U: 3.2541
200 iterations
f(b) = 14.2112
Frob norm 2 after updating B : 3.26166
Iteration number -------- 89  -----------
lambda : 1.55101
max_diff => 0.0618832
performed mixing
Frob norm 1 after updating U: 3.25444
200 iterations
f(b) = 14.2102
Frob norm 2 after updating B : 3.2596
Iteration number -------- 90  -----------
lambda : 1.55876
max_diff => 0.0618742
performed mixing
Frob norm 1 after updating U: 3.25475
200 iterations
f(b) = 14.2155
Frob norm 2 after updating B : 3.25834
Iteration number -------- 91  -----------
lambda : 1.56655
max_diff => 0.0618651
performed mixing
Frob norm 1 after updating U: 3.25508
200 iterations
f(b) = 14.2203
Frob norm 2 after updating B : 3.25778
Iteration number -------- 92  -----------
lambda : 1.57439
max_diff => 0.0618484
performed mixing
Frob norm 1 after updating U: 3.25552
200 iterations
f(b) = 14.2241
Frob norm 2 after updating B : 3.25792
Iteration number -------- 93  -----------
lambda : 1.58226
max_diff => 0.0618281
performed mixing
Frob norm 1 after updating U: 3.25622
200 iterations
f(b) = 14.2346
Frob norm 2 after updating B : 3.25811
Iteration number -------- 94  -----------
lambda : 1.59017
max_diff => 0.0618078
performed mixing
Frob norm 1 after updating U: 3.25684
200 iterations
f(b) = 14.2342
Frob norm 2 after updating B : 3.25892
Iteration number -------- 95  -----------
lambda : 1.59812
max_diff => 0.0617766
performed mixing
Frob norm 1 after updating U: 3.25783
200 iterations
f(b) = 14.2529
Frob norm 2 after updating B : 3.25926
Iteration number -------- 96  -----------
lambda : 1.60611
max_diff => 0.0617564
performed mixing
Frob norm 1 after updating U: 3.25844
200 iterations
f(b) = 14.2577
Frob norm 2 after updating B : 3.26009
Iteration number -------- 97  -----------
lambda : 1.61414
max_diff => 0.0617268
performed mixing
Frob norm 1 after updating U: 3.25936
200 iterations
f(b) = 14.2671
Frob norm 2 after updating B : 3.26084
Iteration number -------- 98  -----------
lambda : 1.62221
max_diff => 0.0617054
performed mixing
Frob norm 1 after updating U: 3.26021
200 iterations
f(b) = 14.2816
Frob norm 2 after updating B : 3.26107
Iteration number -------- 99  -----------
lambda : 1.63032
max_diff => 0.0616951
performed mixing
Frob norm 1 after updating U: 3.2606
200 iterations
f(b) = 14.2834
Frob norm 2 after updating B : 3.262
Iteration number -------- 100  -----------
lambda : 1.63848
max_diff => 0.0616679
