Academic license - for non-commercial use only
Frob norm 1 after updating U: 12.455
200 iterations
f(b) = 78.7537
Frob norm 2 after updating B : 8.13227
Iteration number -------- 1  -----------
lambda : 1
max_diff => 0.169092
performed mixing
Frob norm 1 after updating U: 6.33619
200 iterations
f(b) = 68.433
Frob norm 2 after updating B : 7.52038
Iteration number -------- 2  -----------
lambda : 1.005
max_diff => 0.156962
performed mixing
Frob norm 1 after updating U: 5.81878
200 iterations
f(b) = 58.1658
Frob norm 2 after updating B : 6.8949
Iteration number -------- 3  -----------
lambda : 1.01002
max_diff => 0.142195
performed mixing
Frob norm 1 after updating U: 5.0253
200 iterations
f(b) = 49.2654
Frob norm 2 after updating B : 6.36141
Iteration number -------- 4  -----------
lambda : 1.01508
max_diff => 0.140894
performed mixing
Frob norm 1 after updating U: 4.68439
200 iterations
f(b) = 42.3752
Frob norm 2 after updating B : 5.87421
Iteration number -------- 5  -----------
lambda : 1.02015
max_diff => 0.135379
performed mixing
Frob norm 1 after updating U: 4.56013
200 iterations
f(b) = 37.3268
Frob norm 2 after updating B : 5.50797
Iteration number -------- 6  -----------
lambda : 1.02525
max_diff => 0.128669
performed mixing
Frob norm 1 after updating U: 4.47852
200 iterations
f(b) = 33.582
Frob norm 2 after updating B : 5.21301
Iteration number -------- 7  -----------
lambda : 1.03038
max_diff => 0.126423
performed mixing
Frob norm 1 after updating U: 4.42464
200 iterations
f(b) = 30.7535
Frob norm 2 after updating B : 5.00839
Iteration number -------- 8  -----------
lambda : 1.03553
max_diff => 0.11983
performed mixing
Frob norm 1 after updating U: 4.37872
200 iterations
f(b) = 28.4862
Frob norm 2 after updating B : 4.88127
Iteration number -------- 9  -----------
lambda : 1.04071
max_diff => 0.105269
performed mixing
Frob norm 1 after updating U: 4.33324
200 iterations
f(b) = 26.5211
Frob norm 2 after updating B : 4.78407
Iteration number -------- 10  -----------
lambda : 1.04591
max_diff => 0.0847582
performed mixing
Frob norm 1 after updating U: 4.29656
200 iterations
f(b) = 24.9521
Frob norm 2 after updating B : 4.65323
Iteration number -------- 11  -----------
lambda : 1.05114
max_diff => 0.0862899
performed mixing
Frob norm 1 after updating U: 4.28102
200 iterations
f(b) = 23.7123
Frob norm 2 after updating B : 4.57814
Iteration number -------- 12  -----------
lambda : 1.0564
max_diff => 0.0805398
performed mixing
Frob norm 1 after updating U: 4.2697
200 iterations
f(b) = 22.7487
Frob norm 2 after updating B : 4.48164
Iteration number -------- 13  -----------
lambda : 1.06168
max_diff => 0.0799747
performed mixing
Frob norm 1 after updating U: 4.26656
200 iterations
f(b) = 22.0688
Frob norm 2 after updating B : 4.41298
Iteration number -------- 14  -----------
lambda : 1.06699
max_diff => 0.077624
performed mixing
Frob norm 1 after updating U: 4.26421
200 iterations
f(b) = 21.6071
Frob norm 2 after updating B : 4.36228
Iteration number -------- 15  -----------
lambda : 1.07232
max_diff => 0.0764841
performed mixing
Frob norm 1 after updating U: 4.26125
200 iterations
f(b) = 21.3304
Frob norm 2 after updating B : 4.32693
Iteration number -------- 16  -----------
lambda : 1.07768
max_diff => 0.0757581
performed mixing
Frob norm 1 after updating U: 4.26107
200 iterations
f(b) = 21.1432
Frob norm 2 after updating B : 4.30362
Iteration number -------- 17  -----------
lambda : 1.08307
max_diff => 0.0755519
performed mixing
Frob norm 1 after updating U: 4.26104
200 iterations
f(b) = 20.934
Frob norm 2 after updating B : 4.29348
Iteration number -------- 18  -----------
lambda : 1.08849
max_diff => 0.06666
performed mixing
Frob norm 1 after updating U: 4.25765
200 iterations
f(b) = 20.862
Frob norm 2 after updating B : 4.28073
Iteration number -------- 19  -----------
lambda : 1.09393
max_diff => 0.0665739
performed mixing
Frob norm 1 after updating U: 4.25766
200 iterations
f(b) = 20.8035
Frob norm 2 after updating B : 4.27245
Iteration number -------- 20  -----------
lambda : 1.0994
max_diff => 0.0664202
performed mixing
Frob norm 1 after updating U: 4.25755
200 iterations
f(b) = 20.7702
Frob norm 2 after updating B : 4.26706
Iteration number -------- 21  -----------
lambda : 1.1049
max_diff => 0.0662262
performed mixing
Frob norm 1 after updating U: 4.25738
200 iterations
f(b) = 20.752
Frob norm 2 after updating B : 4.26358
Iteration number -------- 22  -----------
lambda : 1.11042
max_diff => 0.0660182
performed mixing
Frob norm 1 after updating U: 4.25728
200 iterations
f(b) = 20.7438
Frob norm 2 after updating B : 4.26127
Iteration number -------- 23  -----------
lambda : 1.11597
max_diff => 0.0657162
performed mixing
Frob norm 1 after updating U: 4.25712
200 iterations
f(b) = 20.7437
Frob norm 2 after updating B : 4.25973
Iteration number -------- 24  -----------
lambda : 1.12155
max_diff => 0.0655021
performed mixing
Frob norm 1 after updating U: 4.25701
200 iterations
f(b) = 20.7249
Frob norm 2 after updating B : 4.25691
Iteration number -------- 25  -----------
lambda : 1.12716
max_diff => 0.0645294
performed mixing
Frob norm 1 after updating U: 4.2548
200 iterations
f(b) = 20.7426
Frob norm 2 after updating B : 4.2565
Iteration number -------- 26  -----------
lambda : 1.1328
max_diff => 0.0641921
performed mixing
Frob norm 1 after updating U: 4.25511
200 iterations
f(b) = 20.7477
Frob norm 2 after updating B : 4.25641
Iteration number -------- 27  -----------
lambda : 1.13846
max_diff => 0.0639126
performed mixing
Frob norm 1 after updating U: 4.25549
200 iterations
f(b) = 20.7421
Frob norm 2 after updating B : 4.25605
Iteration number -------- 28  -----------
lambda : 1.14415
max_diff => 0.0635322
performed mixing
Frob norm 1 after updating U: 4.25541
200 iterations
f(b) = 20.7636
Frob norm 2 after updating B : 4.2558
Iteration number -------- 29  -----------
lambda : 1.14987
max_diff => 0.0633354
performed mixing
Frob norm 1 after updating U: 4.25537
200 iterations
f(b) = 20.7736
Frob norm 2 after updating B : 4.25559
Iteration number -------- 30  -----------
lambda : 1.15562
max_diff => 0.0631632
performed mixing
Frob norm 1 after updating U: 4.2553
200 iterations
f(b) = 20.7837
Frob norm 2 after updating B : 4.25542
Iteration number -------- 31  -----------
lambda : 1.1614
max_diff => 0.0629213
performed mixing
Frob norm 1 after updating U: 4.25522
200 iterations
f(b) = 20.7935
Frob norm 2 after updating B : 4.25532
Iteration number -------- 32  -----------
lambda : 1.16721
max_diff => 0.0626822
performed mixing
Frob norm 1 after updating U: 4.25517
200 iterations
f(b) = 20.8058
Frob norm 2 after updating B : 4.25523
Iteration number -------- 33  -----------
lambda : 1.17304
max_diff => 0.062502
performed mixing
Frob norm 1 after updating U: 4.25512
200 iterations
f(b) = 20.8198
Frob norm 2 after updating B : 4.25513
Iteration number -------- 34  -----------
lambda : 1.17891
max_diff => 0.0624709
performed mixing
Frob norm 1 after updating U: 4.25504
200 iterations
f(b) = 20.8274
Frob norm 2 after updating B : 4.25511
Iteration number -------- 35  -----------
lambda : 1.1848
max_diff => 0.062469
performed mixing
Frob norm 1 after updating U: 4.25504
200 iterations
f(b) = 20.8376
Frob norm 2 after updating B : 4.25506
Iteration number -------- 36  -----------
lambda : 1.19073
max_diff => 0.0624672
performed mixing
Frob norm 1 after updating U: 4.255
200 iterations
f(b) = 20.8481
Frob norm 2 after updating B : 4.25501
Iteration number -------- 37  -----------
lambda : 1.19668
max_diff => 0.0624643
performed mixing
Frob norm 1 after updating U: 4.25495
200 iterations
f(b) = 20.8578
Frob norm 2 after updating B : 4.25498
Iteration number -------- 38  -----------
lambda : 1.20266
max_diff => 0.0624609
performed mixing
Frob norm 1 after updating U: 4.25492
200 iterations
f(b) = 20.867
Frob norm 2 after updating B : 4.25497
Iteration number -------- 39  -----------
lambda : 1.20868
max_diff => 0.062458
performed mixing
Frob norm 1 after updating U: 4.2549
200 iterations
f(b) = 20.881
Frob norm 2 after updating B : 4.25495
Iteration number -------- 40  -----------
lambda : 1.21472
max_diff => 0.0624562
performed mixing
Frob norm 1 after updating U: 4.25489
200 iterations
f(b) = 20.8891
Frob norm 2 after updating B : 4.25494
Iteration number -------- 41  -----------
lambda : 1.22079
max_diff => 0.0624541
performed mixing
Frob norm 1 after updating U: 4.25488
200 iterations
f(b) = 20.8988
Frob norm 2 after updating B : 4.25492
Iteration number -------- 42  -----------
lambda : 1.2269
max_diff => 0.0624496
performed mixing
Frob norm 1 after updating U: 4.25487
200 iterations
f(b) = 20.9128
Frob norm 2 after updating B : 4.25492
Iteration number -------- 43  -----------
lambda : 1.23303
max_diff => 0.0624471
performed mixing
Frob norm 1 after updating U: 4.25486
200 iterations
f(b) = 20.9231
Frob norm 2 after updating B : 4.25493
Iteration number -------- 44  -----------
lambda : 1.2392
max_diff => 0.0624441
performed mixing
Frob norm 1 after updating U: 4.25488
200 iterations
f(b) = 20.9362
Frob norm 2 after updating B : 4.25496
Iteration number -------- 45  -----------
lambda : 1.24539
max_diff => 0.0624425
performed mixing
Frob norm 1 after updating U: 4.2549
200 iterations
f(b) = 20.9492
Frob norm 2 after updating B : 4.25497
Iteration number -------- 46  -----------
lambda : 1.25162
max_diff => 0.0624407
performed mixing
Frob norm 1 after updating U: 4.25492
200 iterations
f(b) = 20.9613
Frob norm 2 after updating B : 4.25493
Iteration number -------- 47  -----------
lambda : 1.25788
max_diff => 0.0624382
performed mixing
Frob norm 1 after updating U: 4.2549
200 iterations
f(b) = 20.9719
Frob norm 2 after updating B : 4.25493
Iteration number -------- 48  -----------
lambda : 1.26417
max_diff => 0.0624365
performed mixing
Frob norm 1 after updating U: 4.2549
200 iterations
f(b) = 20.9843
Frob norm 2 after updating B : 4.25498
Iteration number -------- 49  -----------
lambda : 1.27049
max_diff => 0.0624329
performed mixing
Frob norm 1 after updating U: 4.25495
200 iterations
f(b) = 20.9587
Frob norm 2 after updating B : 4.25507
Iteration number -------- 50  -----------
lambda : 1.27684
max_diff => 0.0624289
performed mixing
Frob norm 1 after updating U: 4.25502
200 iterations
f(b) = 21.007
Frob norm 2 after updating B : 4.25511
Iteration number -------- 51  -----------
lambda : 1.28323
max_diff => 0.0624282
performed mixing
Frob norm 1 after updating U: 4.25506
200 iterations
f(b) = 21.0171
Frob norm 2 after updating B : 4.25517
Iteration number -------- 52  -----------
lambda : 1.28964
max_diff => 0.062423
performed mixing
Frob norm 1 after updating U: 4.25512
200 iterations
f(b) = 21.0283
Frob norm 2 after updating B : 4.25525
Iteration number -------- 53  -----------
lambda : 1.29609
max_diff => 0.0624198
performed mixing
Frob norm 1 after updating U: 4.25518
200 iterations
f(b) = 21.0296
Frob norm 2 after updating B : 4.25535
Iteration number -------- 54  -----------
lambda : 1.30257
max_diff => 0.0624164
performed mixing
Frob norm 1 after updating U: 4.25528
200 iterations
f(b) = 21.0532
Frob norm 2 after updating B : 4.25539
Iteration number -------- 55  -----------
lambda : 1.30908
max_diff => 0.062413
performed mixing
Frob norm 1 after updating U: 4.25533
200 iterations
f(b) = 21.0655
Frob norm 2 after updating B : 4.25543
Iteration number -------- 56  -----------
lambda : 1.31563
max_diff => 0.0624084
performed mixing
Frob norm 1 after updating U: 4.25537
200 iterations
f(b) = 21.0807
Frob norm 2 after updating B : 4.2554
Iteration number -------- 57  -----------
lambda : 1.32221
max_diff => 0.0624074
performed mixing
Frob norm 1 after updating U: 4.25536
200 iterations
f(b) = 21.0963
Frob norm 2 after updating B : 4.25535
Iteration number -------- 58  -----------
lambda : 1.32882
max_diff => 0.0624063
performed mixing
Frob norm 1 after updating U: 4.25531
200 iterations
f(b) = 21.1106
Frob norm 2 after updating B : 4.25534
Iteration number -------- 59  -----------
lambda : 1.33546
max_diff => 0.0624066
performed mixing
Frob norm 1 after updating U: 4.25532
200 iterations
f(b) = 21.1254
Frob norm 2 after updating B : 4.25533
Iteration number -------- 60  -----------
lambda : 1.34214
max_diff => 0.0624055
performed mixing
Frob norm 1 after updating U: 4.2553
200 iterations
f(b) = 21.1387
Frob norm 2 after updating B : 4.25534
Iteration number -------- 61  -----------
lambda : 1.34885
max_diff => 0.0624045
performed mixing
Frob norm 1 after updating U: 4.25531
200 iterations
f(b) = 21.153
Frob norm 2 after updating B : 4.25533
Iteration number -------- 62  -----------
lambda : 1.35559
max_diff => 0.062402
performed mixing
Frob norm 1 after updating U: 4.2553
200 iterations
f(b) = 21.1699
Frob norm 2 after updating B : 4.25531
Iteration number -------- 63  -----------
lambda : 1.36237
max_diff => 0.0624004
performed mixing
Frob norm 1 after updating U: 4.25528
200 iterations
f(b) = 21.184
Frob norm 2 after updating B : 4.25529
Iteration number -------- 64  -----------
lambda : 1.36918
max_diff => 0.0623982
performed mixing
Frob norm 1 after updating U: 4.25526
200 iterations
f(b) = 21.1976
Frob norm 2 after updating B : 4.2553
Iteration number -------- 65  -----------
lambda : 1.37603
max_diff => 0.0623944
performed mixing
Frob norm 1 after updating U: 4.25524
200 iterations
f(b) = 21.2158
Frob norm 2 after updating B : 4.25528
Iteration number -------- 66  -----------
lambda : 1.38291
max_diff => 0.0623928
performed mixing
Frob norm 1 after updating U: 4.25523
200 iterations
f(b) = 21.231
Frob norm 2 after updating B : 4.25527
Iteration number -------- 67  -----------
lambda : 1.38982
max_diff => 0.0623917
performed mixing
Frob norm 1 after updating U: 4.25523
200 iterations
f(b) = 21.246
Frob norm 2 after updating B : 4.25527
Iteration number -------- 68  -----------
lambda : 1.39677
max_diff => 0.0623905
performed mixing
Frob norm 1 after updating U: 4.25522
200 iterations
f(b) = 21.2578
Frob norm 2 after updating B : 4.25527
Iteration number -------- 69  -----------
lambda : 1.40376
max_diff => 0.0623894
performed mixing
Frob norm 1 after updating U: 4.25523
200 iterations
f(b) = 21.2776
Frob norm 2 after updating B : 4.25525
Iteration number -------- 70  -----------
lambda : 1.41078
max_diff => 0.0623889
performed mixing
Frob norm 1 after updating U: 4.25521
200 iterations
f(b) = 21.2933
Frob norm 2 after updating B : 4.25526
Iteration number -------- 71  -----------
lambda : 1.41783
max_diff => 0.0623867
performed mixing
Frob norm 1 after updating U: 4.25522
200 iterations
f(b) = 21.3074
Frob norm 2 after updating B : 4.25526
Iteration number -------- 72  -----------
lambda : 1.42492
max_diff => 0.0623832
performed mixing
Frob norm 1 after updating U: 4.25521
200 iterations
f(b) = 21.3257
Frob norm 2 after updating B : 4.25527
Iteration number -------- 73  -----------
lambda : 1.43204
max_diff => 0.0623812
performed mixing
Frob norm 1 after updating U: 4.25522
200 iterations
f(b) = 21.3386
Frob norm 2 after updating B : 4.25529
Iteration number -------- 74  -----------
lambda : 1.4392
max_diff => 0.0623804
performed mixing
Frob norm 1 after updating U: 4.25523
200 iterations
f(b) = 21.3558
Frob norm 2 after updating B : 4.25532
Iteration number -------- 75  -----------
lambda : 1.4464
max_diff => 0.0623809
performed mixing
Frob norm 1 after updating U: 4.25525
200 iterations
f(b) = 21.3733
Frob norm 2 after updating B : 4.25532
Iteration number -------- 76  -----------
lambda : 1.45363
max_diff => 0.0623797
performed mixing
Frob norm 1 after updating U: 4.25525
200 iterations
f(b) = 21.3909
Frob norm 2 after updating B : 4.25522
Iteration number -------- 77  -----------
lambda : 1.4609
max_diff => 0.0623779
performed mixing
Frob norm 1 after updating U: 4.25519
200 iterations
f(b) = 21.4062
Frob norm 2 after updating B : 4.25524
Iteration number -------- 78  -----------
lambda : 1.46821
max_diff => 0.0623762
performed mixing
Frob norm 1 after updating U: 4.25521
200 iterations
f(b) = 21.4159
Frob norm 2 after updating B : 4.25526
Iteration number -------- 79  -----------
lambda : 1.47555
max_diff => 0.0623742
performed mixing
Frob norm 1 after updating U: 4.25522
200 iterations
f(b) = 21.4379
Frob norm 2 after updating B : 4.25527
Iteration number -------- 80  -----------
lambda : 1.48292
max_diff => 0.0623721
performed mixing
Frob norm 1 after updating U: 4.25523
200 iterations
f(b) = 21.4518
Frob norm 2 after updating B : 4.25532
Iteration number -------- 81  -----------
lambda : 1.49034
max_diff => 0.0623708
performed mixing
Frob norm 1 after updating U: 4.25525
200 iterations
f(b) = 21.47
Frob norm 2 after updating B : 4.25537
Iteration number -------- 82  -----------
lambda : 1.49779
max_diff => 0.0623694
performed mixing
Frob norm 1 after updating U: 4.2553
200 iterations
f(b) = 21.4859
Frob norm 2 after updating B : 4.25536
Iteration number -------- 83  -----------
lambda : 1.50528
max_diff => 0.0623677
performed mixing
Frob norm 1 after updating U: 4.25529
200 iterations
f(b) = 21.5053
Frob norm 2 after updating B : 4.25535
Iteration number -------- 84  -----------
lambda : 1.51281
max_diff => 0.0623666
performed mixing
Frob norm 1 after updating U: 4.25529
200 iterations
f(b) = 21.5171
Frob norm 2 after updating B : 4.25537
Iteration number -------- 85  -----------
lambda : 1.52037
max_diff => 0.0623656
performed mixing
Frob norm 1 after updating U: 4.2553
200 iterations
f(b) = 21.5378
Frob norm 2 after updating B : 4.25538
Iteration number -------- 86  -----------
lambda : 1.52797
max_diff => 0.0623641
performed mixing
Frob norm 1 after updating U: 4.25532
200 iterations
f(b) = 21.5561
Frob norm 2 after updating B : 4.25537
Iteration number -------- 87  -----------
lambda : 1.53561
max_diff => 0.0623627
performed mixing
Frob norm 1 after updating U: 4.25532
200 iterations
f(b) = 21.572
Frob norm 2 after updating B : 4.25539
Iteration number -------- 88  -----------
lambda : 1.54329
max_diff => 0.062365
performed mixing
Frob norm 1 after updating U: 4.25534
200 iterations
f(b) = 21.5891
Frob norm 2 after updating B : 4.25542
Iteration number -------- 89  -----------
lambda : 1.55101
max_diff => 0.0623663
performed mixing
Frob norm 1 after updating U: 4.25536
200 iterations
f(b) = 21.6082
Frob norm 2 after updating B : 4.25542
Iteration number -------- 90  -----------
lambda : 1.55876
max_diff => 0.0623651
performed mixing
Frob norm 1 after updating U: 4.25537
200 iterations
f(b) = 21.6247
Frob norm 2 after updating B : 4.25546
Iteration number -------- 91  -----------
lambda : 1.56655
max_diff => 0.0623646
performed mixing
Frob norm 1 after updating U: 4.2554
200 iterations
f(b) = 21.6398
Frob norm 2 after updating B : 4.25552
Iteration number -------- 92  -----------
lambda : 1.57439
max_diff => 0.0623612
performed mixing
Frob norm 1 after updating U: 4.25544
200 iterations
f(b) = 21.6609
Frob norm 2 after updating B : 4.25552
Iteration number -------- 93  -----------
lambda : 1.58226
max_diff => 0.0623604
performed mixing
Frob norm 1 after updating U: 4.25545
200 iterations
f(b) = 21.6777
Frob norm 2 after updating B : 4.25555
Iteration number -------- 94  -----------
lambda : 1.59017
max_diff => 0.0623592
performed mixing
Frob norm 1 after updating U: 4.25548
200 iterations
f(b) = 21.6951
Frob norm 2 after updating B : 4.25556
Iteration number -------- 95  -----------
lambda : 1.59812
max_diff => 0.0623599
performed mixing
Frob norm 1 after updating U: 4.25549
200 iterations
f(b) = 21.7124
Frob norm 2 after updating B : 4.25556
Iteration number -------- 96  -----------
lambda : 1.60611
max_diff => 0.062359
performed mixing
Frob norm 1 after updating U: 4.2555
200 iterations
f(b) = 21.7321
Frob norm 2 after updating B : 4.25558
Iteration number -------- 97  -----------
lambda : 1.61414
max_diff => 0.0623582
performed mixing
Frob norm 1 after updating U: 4.25552
200 iterations
f(b) = 21.748
Frob norm 2 after updating B : 4.25561
Iteration number -------- 98  -----------
lambda : 1.62221
max_diff => 0.0623586
performed mixing
Frob norm 1 after updating U: 4.25555
200 iterations
f(b) = 21.7661
Frob norm 2 after updating B : 4.25565
Iteration number -------- 99  -----------
lambda : 1.63032
max_diff => 0.0623578
performed mixing
Frob norm 1 after updating U: 4.25558
200 iterations
f(b) = 21.7833
Frob norm 2 after updating B : 4.2557
Iteration number -------- 100  -----------
lambda : 1.63848
max_diff => 0.0623566
