Academic license - for non-commercial use only
Frob norm 1 after updating U: 13.3424
200 iterations
f(b) = 65.427
Frob norm 2 after updating B : 7.32898
Iteration number -------- 1  -----------
lambda : 1
max_diff => 0.172265
performed mixing
Frob norm 1 after updating U: 5.97174
200 iterations
f(b) = 57.9785
Frob norm 2 after updating B : 6.88623
Iteration number -------- 2  -----------
lambda : 1.005
max_diff => 0.149281
performed mixing
Frob norm 1 after updating U: 5.55119
200 iterations
f(b) = 51.2361
Frob norm 2 after updating B : 6.47014
Iteration number -------- 3  -----------
lambda : 1.01002
max_diff => 0.126207
performed mixing
Frob norm 1 after updating U: 5.21726
200 iterations
f(b) = 45.3381
Frob norm 2 after updating B : 6.11168
Iteration number -------- 4  -----------
lambda : 1.01508
max_diff => 0.102835
performed mixing
Frob norm 1 after updating U: 4.97822
200 iterations
f(b) = 40.3984
Frob norm 2 after updating B : 5.79935
Iteration number -------- 5  -----------
lambda : 1.02015
max_diff => 0.0836683
performed mixing
Frob norm 1 after updating U: 4.81318
200 iterations
f(b) = 36.3361
Frob norm 2 after updating B : 5.55477
Iteration number -------- 6  -----------
lambda : 1.02525
max_diff => 0.0698976
performed mixing
Frob norm 1 after updating U: 4.71202
200 iterations
f(b) = 33.0919
Frob norm 2 after updating B : 5.32805
Iteration number -------- 7  -----------
lambda : 1.03038
max_diff => 0.0629512
performed mixing
Frob norm 1 after updating U: 4.66597
200 iterations
f(b) = 30.6009
Frob norm 2 after updating B : 5.16424
Iteration number -------- 8  -----------
lambda : 1.03553
max_diff => 0.0567921
performed mixing
Frob norm 1 after updating U: 4.63047
200 iterations
f(b) = 28.6546
Frob norm 2 after updating B : 5.03001
Iteration number -------- 9  -----------
lambda : 1.04071
max_diff => 0.0547501
performed mixing
Frob norm 1 after updating U: 4.61506
200 iterations
f(b) = 27.1227
Frob norm 2 after updating B : 4.94831
Iteration number -------- 10  -----------
lambda : 1.04591
max_diff => 0.054147
performed mixing
Frob norm 1 after updating U: 4.60166
200 iterations
f(b) = 21.1668
Frob norm 2 after updating B : 4.30013
Iteration number -------- 11  -----------
lambda : 1.05114
max_diff => 0.0805646
performed mixing
Frob norm 1 after updating U: 2.73748
200 iterations
f(b) = 16.8696
Frob norm 2 after updating B : 3.82116
Iteration number -------- 12  -----------
lambda : 1.0564
max_diff => 0.062631
performed mixing
Frob norm 1 after updating U: 2.47441
200 iterations
f(b) = 13.4333
Frob norm 2 after updating B : 3.32241
Iteration number -------- 13  -----------
lambda : 1.06168
max_diff => 0.0573637
performed mixing
Frob norm 1 after updating U: 1.96097
200 iterations
f(b) = 9.91624
Frob norm 2 after updating B : 2.74603
Iteration number -------- 14  -----------
lambda : 1.06699
max_diff => 0.0823419
performed mixing
Frob norm 1 after updating U: 1.15647
200 iterations
f(b) = 7.75374
Frob norm 2 after updating B : 2.36902
Iteration number -------- 15  -----------
lambda : 1.07232
max_diff => 0.0616142
performed mixing
Frob norm 1 after updating U: 0.942405
200 iterations
f(b) = 6.09003
Frob norm 2 after updating B : 2.07038
Iteration number -------- 16  -----------
lambda : 1.07768
max_diff => 0.0462694
performed mixing
Frob norm 1 after updating U: 0.744515
200 iterations
f(b) = 4.8363
Frob norm 2 after updating B : 1.82313
Iteration number -------- 17  -----------
lambda : 1.08307
max_diff => 0.0313741
performed mixing
Frob norm 1 after updating U: 0.587185
200 iterations
f(b) = 3.84254
Frob norm 2 after updating B : 1.61786
Iteration number -------- 18  -----------
lambda : 1.08849
max_diff => 0.0195359
performed mixing
Frob norm 1 after updating U: 0.452695
200 iterations
f(b) = 3.07498
Frob norm 2 after updating B : 1.33535
Iteration number -------- 19  -----------
lambda : 1.09393
max_diff => 0.0192465
performed mixing
Frob norm 1 after updating U: 0.449125
200 iterations
f(b) = 2.41168
Frob norm 2 after updating B : 1.24211
Iteration number -------- 20  -----------
lambda : 1.0994
max_diff => 0.0106647
performed mixing
Frob norm 1 after updating U: 0.299438
200 iterations
f(b) = 1.94268
Frob norm 2 after updating B : 1.01973
Iteration number -------- 21  -----------
lambda : 1.1049
max_diff => 0.0105493
performed mixing
Frob norm 1 after updating U: 0.297533
200 iterations
f(b) = 1.4931
Frob norm 2 after updating B : 0.991264
Iteration number -------- 22  -----------
lambda : 1.11042
max_diff => 0.00495918
performed mixing
Frob norm 1 after updating U: 0.184926
200 iterations
f(b) = 1.09088
Frob norm 2 after updating B : 0.905454
Iteration number -------- 23  -----------
lambda : 1.11597
max_diff => 0.0016841
performed mixing
Frob norm 1 after updating U: 0.118573
200 iterations
f(b) = 0.815088
Frob norm 2 after updating B : 0.756337
Iteration number -------- 24  -----------
lambda : 1.12155
max_diff => 0.00129632
performed mixing
Frob norm 1 after updating U: 0.101932
200 iterations
f(b) = 0.531033
Frob norm 2 after updating B : 0.715698
Iteration number -------- 25  -----------
lambda : 1.12716
max_diff => 4.144e-06
performed mixing
Frob norm 1 after updating U: 0.0186377
200 iterations
f(b) = 0.379002
Frob norm 2 after updating B : 0.574549
Iteration number -------- 26  -----------
lambda : 1.1328
max_diff => 1.94836e-06
performed mixing
Frob norm 1 after updating U: 0.0176935
200 iterations
f(b) = 0.258493
Frob norm 2 after updating B : 0.461205
Iteration number -------- 27  -----------
lambda : 1.13846
max_diff => 5.24875e-08
performed mixing
Frob norm 1 after updating U: 0.0167307
200 iterations
f(b) = 0.189422
Frob norm 2 after updating B : 0.369146
Iteration number -------- 28  -----------
lambda : 1.14415
max_diff => 5.46434e-08
performed mixing
Frob norm 1 after updating U: 0.0166984
200 iterations
f(b) = 0.134164
Frob norm 2 after updating B : 0.295736
Iteration number -------- 29  -----------
lambda : 1.14987
max_diff => 5.00038e-08
performed mixing
Frob norm 1 after updating U: 0.0167435
200 iterations
f(b) = 0.0651
Frob norm 2 after updating B : 0.23712
Iteration number -------- 30  -----------
lambda : 1.15562
max_diff => 5.32142e-08
performed mixing
Frob norm 1 after updating U: 0.0169345
200 iterations
f(b) = 0.0782544
Frob norm 2 after updating B : 0.189936
Iteration number -------- 31  -----------
lambda : 1.1614
max_diff => 4.999e-08
performed mixing
Frob norm 1 after updating U: 0.0167078
200 iterations
f(b) = 0.0461419
Frob norm 2 after updating B : 0.152263
Iteration number -------- 32  -----------
lambda : 1.16721
max_diff => 4.999e-08
performed mixing
Frob norm 1 after updating U: 0.0167137
200 iterations
f(b) = 0.0543612
Frob norm 2 after updating B : 0.122506
Iteration number -------- 33  -----------
lambda : 1.17304
max_diff => 4.999e-08
performed mixing
Frob norm 1 after updating U: 0.0166281
200 iterations
f(b) = 0.0487827
Frob norm 2 after updating B : 0.0985342
Iteration number -------- 34  -----------
lambda : 1.17891
max_diff => 4.999e-08
performed mixing
Frob norm 1 after updating U: 0.0166676
200 iterations
f(b) = 0.0324018
Frob norm 2 after updating B : 0.0798621
Iteration number -------- 35  -----------
lambda : 1.1848
max_diff => 4.999e-08
performed mixing
Frob norm 1 after updating U: 0.0168489
200 iterations
f(b) = 0.0414678
Frob norm 2 after updating B : 0.0646079
Iteration number -------- 36  -----------
lambda : 1.19073
max_diff => 4.999e-08
performed mixing
Frob norm 1 after updating U: 0.0168449
200 iterations
f(b) = 0.0201917
Frob norm 2 after updating B : 0.0528523
Iteration number -------- 37  -----------
lambda : 1.19668
max_diff => 4.999e-08
performed mixing
Frob norm 1 after updating U: 0.0166868
200 iterations
f(b) = 0.0202653
Frob norm 2 after updating B : 0.0435305
Iteration number -------- 38  -----------
lambda : 1.20266
max_diff => 4.999e-08
performed mixing
Frob norm 1 after updating U: 0.0167701
200 iterations
f(b) = 0.0236627
Frob norm 2 after updating B : 0.0361302
Iteration number -------- 39  -----------
lambda : 1.20868
max_diff => 4.999e-08
performed mixing
Frob norm 1 after updating U: 0.0165968
200 iterations
f(b) = 0.017941
Frob norm 2 after updating B : 0.0307233
Iteration number -------- 40  -----------
lambda : 1.21472
max_diff => 4.999e-08
performed mixing
Frob norm 1 after updating U: 0.016819
200 iterations
f(b) = 0.0195909
Frob norm 2 after updating B : 0.0265204
Iteration number -------- 41  -----------
lambda : 1.22079
max_diff => 4.999e-08
performed mixing
Frob norm 1 after updating U: 0.0167377
200 iterations
f(b) = 0.0199583
Frob norm 2 after updating B : 0.0237278
Iteration number -------- 42  -----------
lambda : 1.2269
max_diff => 4.999e-08
performed mixing
Frob norm 1 after updating U: 0.0168624
200 iterations
f(b) = 0.0167891
Frob norm 2 after updating B : 0.0215242
Iteration number -------- 43  -----------
lambda : 1.23303
max_diff => 4.999e-08
performed mixing
Frob norm 1 after updating U: 0.0167735
200 iterations
f(b) = 0.0179949
Frob norm 2 after updating B : 0.0199976
Iteration number -------- 44  -----------
lambda : 1.2392
max_diff => 4.999e-08
performed mixing
Frob norm 1 after updating U: 0.0166972
200 iterations
f(b) = 0.0283661
Frob norm 2 after updating B : 0.0188549
Iteration number -------- 45  -----------
lambda : 1.24539
max_diff => 4.999e-08
performed mixing
Frob norm 1 after updating U: 0.0167053
200 iterations
f(b) = 0.0194022
Frob norm 2 after updating B : 0.0182237
Iteration number -------- 46  -----------
lambda : 1.25162
max_diff => 4.999e-08
performed mixing
Frob norm 1 after updating U: 0.016788
200 iterations
f(b) = 0.0154541
Frob norm 2 after updating B : 0.0178516
Iteration number -------- 47  -----------
lambda : 1.25788
max_diff => 4.999e-08
performed mixing
Frob norm 1 after updating U: 0.0168635
200 iterations
f(b) = 0.016587
Frob norm 2 after updating B : 0.0175577
Iteration number -------- 48  -----------
lambda : 1.26417
max_diff => 4.999e-08
performed mixing
Frob norm 1 after updating U: 0.0169256
200 iterations
f(b) = 0.0149297
Frob norm 2 after updating B : 0.0172503
Iteration number -------- 49  -----------
lambda : 1.27049
max_diff => 4.999e-08
performed mixing
Frob norm 1 after updating U: 0.0167886
200 iterations
f(b) = 0.0181941
Frob norm 2 after updating B : 0.0170115
Iteration number -------- 50  -----------
lambda : 1.27684
max_diff => 4.999e-08
performed mixing
Frob norm 1 after updating U: 0.0167076
200 iterations
f(b) = 0.0184969
Frob norm 2 after updating B : 0.0170589
Iteration number -------- 51  -----------
lambda : 1.28323
max_diff => 4.999e-08
performed mixing
Frob norm 1 after updating U: 0.01682
200 iterations
f(b) = 0.0191755
Frob norm 2 after updating B : 0.0167012
Iteration number -------- 52  -----------
lambda : 1.28964
max_diff => 4.999e-08
performed mixing
Frob norm 1 after updating U: 0.0165721
200 iterations
f(b) = 0.0198114
Frob norm 2 after updating B : 0.0170161
Iteration number -------- 53  -----------
lambda : 1.29609
max_diff => 4.999e-08
performed mixing
Frob norm 1 after updating U: 0.0169032
200 iterations
f(b) = 0.0352689
Frob norm 2 after updating B : 0.0167651
Iteration number -------- 54  -----------
lambda : 1.30257
max_diff => 4.999e-08
performed mixing
Frob norm 1 after updating U: 0.0166585
200 iterations
f(b) = 0.0339009
Frob norm 2 after updating B : 0.0166803
Iteration number -------- 55  -----------
lambda : 1.30908
max_diff => 4.999e-08
performed mixing
Frob norm 1 after updating U: 0.0166349
200 iterations
f(b) = 0.01745
Frob norm 2 after updating B : 0.0166951
Iteration number -------- 56  -----------
lambda : 1.31563
max_diff => 4.999e-08
performed mixing
Frob norm 1 after updating U: 0.0166599
200 iterations
f(b) = 0.0407495
Frob norm 2 after updating B : 0.0166422
Iteration number -------- 57  -----------
lambda : 1.32221
max_diff => 4.999e-08
performed mixing
Frob norm 1 after updating U: 0.0166127
200 iterations
f(b) = 0.0208525
Frob norm 2 after updating B : 0.0165294
Iteration number -------- 58  -----------
lambda : 1.32882
max_diff => 4.999e-08
performed mixing
Frob norm 1 after updating U: 0.0165051
200 iterations
f(b) = 0.0210478
Frob norm 2 after updating B : 0.0166796
Iteration number -------- 59  -----------
lambda : 1.33546
max_diff => 4.999e-08
performed mixing
Frob norm 1 after updating U: 0.01666
200 iterations
f(b) = 0.0196876
Frob norm 2 after updating B : 0.0166037
Iteration number -------- 60  -----------
lambda : 1.34214
max_diff => 4.999e-08
performed mixing
Frob norm 1 after updating U: 0.0165896
200 iterations
f(b) = 0.0423536
Frob norm 2 after updating B : 0.0164649
Iteration number -------- 61  -----------
lambda : 1.34885
max_diff => 4.999e-08
performed mixing
Frob norm 1 after updating U: 0.0164529
200 iterations
f(b) = 0.042684
Frob norm 2 after updating B : 0.0164101
Iteration number -------- 62  -----------
lambda : 1.35559
max_diff => 4.999e-08
performed mixing
Frob norm 1 after updating U: 0.016405
200 iterations
f(b) = 0.0219784
Frob norm 2 after updating B : 0.0166029
Iteration number -------- 63  -----------
lambda : 1.36237
max_diff => 4.999e-08
performed mixing
Frob norm 1 after updating U: 0.0165911
200 iterations
f(b) = 0.0215875
Frob norm 2 after updating B : 0.0168041
Iteration number -------- 64  -----------
lambda : 1.36918
max_diff => 4.999e-08
performed mixing
Frob norm 1 after updating U: 0.0167913
200 iterations
f(b) = 0.0220714
Frob norm 2 after updating B : 0.0167401
Iteration number -------- 65  -----------
lambda : 1.37603
max_diff => 4.999e-08
performed mixing
Frob norm 1 after updating U: 0.0167314
200 iterations
f(b) = 0.0197147
Frob norm 2 after updating B : 0.0166339
Iteration number -------- 66  -----------
lambda : 1.38291
max_diff => 4.999e-08
performed mixing
Frob norm 1 after updating U: 0.0166263
200 iterations
f(b) = 0.0190928
Frob norm 2 after updating B : 0.0167679
Iteration number -------- 67  -----------
lambda : 1.38982
max_diff => 4.999e-08
performed mixing
Frob norm 1 after updating U: 0.0167561
200 iterations
f(b) = 0.0149513
Frob norm 2 after updating B : 0.0167896
Iteration number -------- 68  -----------
lambda : 1.39677
max_diff => 4.999e-08
performed mixing
Frob norm 1 after updating U: 0.0167848
200 iterations
f(b) = 0.0179265
Frob norm 2 after updating B : 0.0167714
Iteration number -------- 69  -----------
lambda : 1.40376
max_diff => 4.999e-08
performed mixing
Frob norm 1 after updating U: 0.0167705
200 iterations
f(b) = 0.0176897
Frob norm 2 after updating B : 0.016882
Iteration number -------- 70  -----------
lambda : 1.41078
max_diff => 4.999e-08
performed mixing
Frob norm 1 after updating U: 0.016874
200 iterations
f(b) = 0.0216815
Frob norm 2 after updating B : 0.0165785
Iteration number -------- 71  -----------
lambda : 1.41783
max_diff => 4.999e-08
performed mixing
Frob norm 1 after updating U: 0.0165796
200 iterations
f(b) = 0.014754
Frob norm 2 after updating B : 0.0166451
Iteration number -------- 72  -----------
lambda : 1.42492
max_diff => 4.999e-08
performed mixing
Frob norm 1 after updating U: 0.0166444
200 iterations
f(b) = 0.0179288
Frob norm 2 after updating B : 0.0167672
Iteration number -------- 73  -----------
lambda : 1.43204
max_diff => 4.999e-08
performed mixing
Frob norm 1 after updating U: 0.0167589
200 iterations
f(b) = 0.0186114
Frob norm 2 after updating B : 0.0166788
Iteration number -------- 74  -----------
lambda : 1.4392
max_diff => 4.999e-08
performed mixing
Frob norm 1 after updating U: 0.0166706
200 iterations
f(b) = 0.0180788
Frob norm 2 after updating B : 0.0166136
Iteration number -------- 75  -----------
lambda : 1.4464
max_diff => 4.999e-08
performed mixing
Frob norm 1 after updating U: 0.0166047
200 iterations
f(b) = 0.0206735
Frob norm 2 after updating B : 0.0166851
Iteration number -------- 76  -----------
lambda : 1.45363
max_diff => 4.999e-08
performed mixing
Frob norm 1 after updating U: 0.0166802
200 iterations
f(b) = 0.0222648
Frob norm 2 after updating B : 0.0167964
Iteration number -------- 77  -----------
lambda : 1.4609
max_diff => 4.999e-08
performed mixing
Frob norm 1 after updating U: 0.0167867
200 iterations
f(b) = 0.018172
Frob norm 2 after updating B : 0.0167057
Iteration number -------- 78  -----------
lambda : 1.46821
max_diff => 4.999e-08
performed mixing
Frob norm 1 after updating U: 0.0166938
200 iterations
f(b) = 0.0456791
Frob norm 2 after updating B : 0.0165371
Iteration number -------- 79  -----------
lambda : 1.47555
max_diff => 4.999e-08
performed mixing
Frob norm 1 after updating U: 0.0165353
200 iterations
f(b) = 0.0325731
Frob norm 2 after updating B : 0.0166139
Iteration number -------- 80  -----------
lambda : 1.48292
max_diff => 4.999e-08
performed mixing
Frob norm 1 after updating U: 0.0166125
200 iterations
f(b) = 0.046105
Frob norm 2 after updating B : 0.0165567
Iteration number -------- 81  -----------
lambda : 1.49034
max_diff => 4.999e-08
performed mixing
Frob norm 1 after updating U: 0.0165578
200 iterations
f(b) = 0.0193607
Frob norm 2 after updating B : 0.0166413
Iteration number -------- 82  -----------
lambda : 1.49779
max_diff => 4.999e-08
performed mixing
Frob norm 1 after updating U: 0.0166415
200 iterations
f(b) = 0.0467337
Frob norm 2 after updating B : 0.0164577
Iteration number -------- 83  -----------
lambda : 1.50528
max_diff => 4.999e-08
performed mixing
Frob norm 1 after updating U: 0.0164568
200 iterations
f(b) = 0.0251565
Frob norm 2 after updating B : 0.0166339
Iteration number -------- 84  -----------
lambda : 1.51281
max_diff => 4.999e-08
performed mixing
Frob norm 1 after updating U: 0.0166322
200 iterations
f(b) = 0.0197226
Frob norm 2 after updating B : 0.0167457
Iteration number -------- 85  -----------
lambda : 1.52037
max_diff => 4.999e-08
performed mixing
Frob norm 1 after updating U: 0.0167349
200 iterations
f(b) = 0.0191181
Frob norm 2 after updating B : 0.0168156
Iteration number -------- 86  -----------
lambda : 1.52797
max_diff => 4.999e-08
performed mixing
Frob norm 1 after updating U: 0.016818
200 iterations
f(b) = 0.0245337
Frob norm 2 after updating B : 0.0168264
Iteration number -------- 87  -----------
lambda : 1.53561
max_diff => 4.999e-08
performed mixing
Frob norm 1 after updating U: 0.0168157
200 iterations
f(b) = 0.0161795
Frob norm 2 after updating B : 0.0169047
Iteration number -------- 88  -----------
lambda : 1.54329
max_diff => 4.999e-08
performed mixing
Frob norm 1 after updating U: 0.0168949
200 iterations
f(b) = 0.0473854
Frob norm 2 after updating B : 0.0165919
Iteration number -------- 89  -----------
lambda : 1.55101
max_diff => 4.999e-08
performed mixing
Frob norm 1 after updating U: 0.0165928
200 iterations
f(b) = 0.026898
Frob norm 2 after updating B : 0.0168255
Iteration number -------- 90  -----------
lambda : 1.55876
max_diff => 4.999e-08
performed mixing
Frob norm 1 after updating U: 0.0168195
200 iterations
f(b) = 0.0212157
Frob norm 2 after updating B : 0.0166834
Iteration number -------- 91  -----------
lambda : 1.56655
max_diff => 4.999e-08
performed mixing
Frob norm 1 after updating U: 0.0166795
200 iterations
f(b) = 0.0286276
Frob norm 2 after updating B : 0.016747
Iteration number -------- 92  -----------
lambda : 1.57439
max_diff => 4.999e-08
performed mixing
Frob norm 1 after updating U: 0.0167412
200 iterations
f(b) = 0.0237813
Frob norm 2 after updating B : 0.0166048
Iteration number -------- 93  -----------
lambda : 1.58226
max_diff => 4.999e-08
performed mixing
Frob norm 1 after updating U: 0.0166013
200 iterations
f(b) = 0.0208806
Frob norm 2 after updating B : 0.0168008
Iteration number -------- 94  -----------
lambda : 1.59017
max_diff => 4.999e-08
performed mixing
Frob norm 1 after updating U: 0.0167973
200 iterations
f(b) = 0.0232474
Frob norm 2 after updating B : 0.0167581
Iteration number -------- 95  -----------
lambda : 1.59812
max_diff => 4.999e-08
performed mixing
Frob norm 1 after updating U: 0.0167545
200 iterations
f(b) = 0.049544
Frob norm 2 after updating B : 0.0164201
Iteration number -------- 96  -----------
lambda : 1.60611
max_diff => 4.999e-08
performed mixing
Frob norm 1 after updating U: 0.0164126
200 iterations
f(b) = 0.0241303
Frob norm 2 after updating B : 0.0167157
Iteration number -------- 97  -----------
lambda : 1.61414
max_diff => 4.999e-08
performed mixing
Frob norm 1 after updating U: 0.0167123
200 iterations
f(b) = 0.026564
Frob norm 2 after updating B : 0.0164604
Iteration number -------- 98  -----------
lambda : 1.62221
max_diff => 4.999e-08
performed mixing
Frob norm 1 after updating U: 0.0164585
200 iterations
f(b) = 0.0259014
Frob norm 2 after updating B : 0.01674
Iteration number -------- 99  -----------
lambda : 1.63032
max_diff => 4.999e-08
performed mixing
Frob norm 1 after updating U: 0.0167324
200 iterations
f(b) = 0.0196604
Frob norm 2 after updating B : 0.016843
Iteration number -------- 100  -----------
lambda : 1.63848
max_diff => 4.999e-08
