Academic license - for non-commercial use only
Frob norm 1 after updating U: 12.8011
200 iterations
f(b) = 95.6288
Frob norm 2 after updating B : 9.16819
Iteration number -------- 1  -----------
lambda : 1
max_diff => 0.152895
performed mixing
Frob norm 1 after updating U: 7.7183
200 iterations
f(b) = 85.5916
Frob norm 2 after updating B : 8.68021
Iteration number -------- 2  -----------
lambda : 1.005
max_diff => 0.166297
performed mixing
Frob norm 1 after updating U: 7.30346
200 iterations
f(b) = 77.2207
Frob norm 2 after updating B : 8.22108
Iteration number -------- 3  -----------
lambda : 1.01002
max_diff => 0.168763
performed mixing
Frob norm 1 after updating U: 7.00152
200 iterations
f(b) = 67.8698
Frob norm 2 after updating B : 7.71459
Iteration number -------- 4  -----------
lambda : 1.01508
max_diff => 0.128685
performed mixing
Frob norm 1 after updating U: 6.40518
200 iterations
f(b) = 61.2274
Frob norm 2 after updating B : 7.30482
Iteration number -------- 5  -----------
lambda : 1.02015
max_diff => 0.128935
performed mixing
Frob norm 1 after updating U: 6.2605
200 iterations
f(b) = 55.5621
Frob norm 2 after updating B : 7.01403
Iteration number -------- 6  -----------
lambda : 1.02525
max_diff => 0.12044
performed mixing
Frob norm 1 after updating U: 6.08641
200 iterations
f(b) = 51.3699
Frob norm 2 after updating B : 6.73122
Iteration number -------- 7  -----------
lambda : 1.03038
max_diff => 0.119745
performed mixing
Frob norm 1 after updating U: 6.03002
200 iterations
f(b) = 48.1573
Frob norm 2 after updating B : 6.52117
Iteration number -------- 8  -----------
lambda : 1.03553
max_diff => 0.112491
performed mixing
Frob norm 1 after updating U: 5.96846
200 iterations
f(b) = 45.7234
Frob norm 2 after updating B : 6.35649
Iteration number -------- 9  -----------
lambda : 1.04071
max_diff => 0.102475
performed mixing
Frob norm 1 after updating U: 5.94189
200 iterations
f(b) = 44.0751
Frob norm 2 after updating B : 6.22463
Iteration number -------- 10  -----------
lambda : 1.04591
max_diff => 0.102253
performed mixing
Frob norm 1 after updating U: 5.94105
200 iterations
f(b) = 42.767
Frob norm 2 after updating B : 6.13577
Iteration number -------- 11  -----------
lambda : 1.05114
max_diff => 0.0985702
performed mixing
Frob norm 1 after updating U: 5.88031
200 iterations
f(b) = 41.8237
Frob norm 2 after updating B : 6.05415
Iteration number -------- 12  -----------
lambda : 1.0564
max_diff => 0.0985098
performed mixing
Frob norm 1 after updating U: 5.8799
200 iterations
f(b) = 41.0656
Frob norm 2 after updating B : 6.00055
Iteration number -------- 13  -----------
lambda : 1.06168
max_diff => 0.0973998
performed mixing
Frob norm 1 after updating U: 5.86954
200 iterations
f(b) = 40.4035
Frob norm 2 after updating B : 5.96115
Iteration number -------- 14  -----------
lambda : 1.06699
max_diff => 0.0938593
performed mixing
Frob norm 1 after updating U: 5.83389
200 iterations
f(b) = 39.5491
Frob norm 2 after updating B : 5.88276
Iteration number -------- 15  -----------
lambda : 1.07232
max_diff => 0.084127
performed mixing
Frob norm 1 after updating U: 5.76524
200 iterations
f(b) = 38.216
Frob norm 2 after updating B : 5.76775
Iteration number -------- 16  -----------
lambda : 1.07768
max_diff => 0.105074
performed mixing
Frob norm 1 after updating U: 5.66024
200 iterations
f(b) = 37.8437
Frob norm 2 after updating B : 5.73195
Iteration number -------- 17  -----------
lambda : 1.08307
max_diff => 0.104635
performed mixing
Frob norm 1 after updating U: 5.65867
200 iterations
f(b) = 37.3531
Frob norm 2 after updating B : 5.68585
Iteration number -------- 18  -----------
lambda : 1.08849
max_diff => 0.111858
performed mixing
Frob norm 1 after updating U: 5.59102
200 iterations
f(b) = 34.8409
Frob norm 2 after updating B : 5.44394
Iteration number -------- 19  -----------
lambda : 1.09393
max_diff => 0.0786357
performed mixing
Frob norm 1 after updating U: 5.17573
200 iterations
f(b) = 32.001
Frob norm 2 after updating B : 5.16447
Iteration number -------- 20  -----------
lambda : 1.0994
max_diff => 0.114784
performed mixing
Frob norm 1 after updating U: 4.76783
200 iterations
f(b) = 29.603
Frob norm 2 after updating B : 4.99038
Iteration number -------- 21  -----------
lambda : 1.1049
max_diff => 0.0913919
performed mixing
Frob norm 1 after updating U: 4.60795
200 iterations
f(b) = 28.4247
Frob norm 2 after updating B : 4.86529
Iteration number -------- 22  -----------
lambda : 1.11042
max_diff => 0.091326
performed mixing
Frob norm 1 after updating U: 4.6061
200 iterations
f(b) = 27.3285
Frob norm 2 after updating B : 4.76869
Iteration number -------- 23  -----------
lambda : 1.11597
max_diff => 0.0809292
performed mixing
Frob norm 1 after updating U: 4.41561
200 iterations
f(b) = 26.0544
Frob norm 2 after updating B : 4.64167
Iteration number -------- 24  -----------
lambda : 1.12155
max_diff => 0.0799492
performed mixing
Frob norm 1 after updating U: 4.39894
200 iterations
f(b) = 24.2109
Frob norm 2 after updating B : 4.54386
Iteration number -------- 25  -----------
lambda : 1.12716
max_diff => 0.0745723
performed mixing
Frob norm 1 after updating U: 4.10839
200 iterations
f(b) = 22.9315
Frob norm 2 after updating B : 4.39485
Iteration number -------- 26  -----------
lambda : 1.1328
max_diff => 0.0745391
performed mixing
Frob norm 1 after updating U: 4.10679
200 iterations
f(b) = 21.6076
Frob norm 2 after updating B : 4.28659
Iteration number -------- 27  -----------
lambda : 1.13846
max_diff => 0.0639481
performed mixing
Frob norm 1 after updating U: 4.00784
200 iterations
f(b) = 20.4466
Frob norm 2 after updating B : 4.16642
Iteration number -------- 28  -----------
lambda : 1.14415
max_diff => 0.0592755
performed mixing
Frob norm 1 after updating U: 3.91309
200 iterations
f(b) = 19.7599
Frob norm 2 after updating B : 4.07728
Iteration number -------- 29  -----------
lambda : 1.14987
max_diff => 0.0592409
performed mixing
Frob norm 1 after updating U: 3.91127
200 iterations
f(b) = 19.2957
Frob norm 2 after updating B : 4.01817
Iteration number -------- 30  -----------
lambda : 1.15562
max_diff => 0.059193
performed mixing
Frob norm 1 after updating U: 3.90929
200 iterations
f(b) = 18.558
Frob norm 2 after updating B : 3.95699
Iteration number -------- 31  -----------
lambda : 1.1614
max_diff => 0.0570034
performed mixing
Frob norm 1 after updating U: 3.79001
200 iterations
f(b) = 18.1189
Frob norm 2 after updating B : 3.89704
Iteration number -------- 32  -----------
lambda : 1.16721
max_diff => 0.0572845
performed mixing
Frob norm 1 after updating U: 3.78873
200 iterations
f(b) = 17.8242
Frob norm 2 after updating B : 3.85745
Iteration number -------- 33  -----------
lambda : 1.17304
max_diff => 0.0577275
performed mixing
Frob norm 1 after updating U: 3.78655
200 iterations
f(b) = 17.6406
Frob norm 2 after updating B : 3.8314
Iteration number -------- 34  -----------
lambda : 1.17891
max_diff => 0.0580073
performed mixing
Frob norm 1 after updating U: 3.78502
200 iterations
f(b) = 17.5154
Frob norm 2 after updating B : 3.81292
Iteration number -------- 35  -----------
lambda : 1.1848
max_diff => 0.0585582
performed mixing
Frob norm 1 after updating U: 3.78186
200 iterations
f(b) = 16.8198
Frob norm 2 after updating B : 3.78987
Iteration number -------- 36  -----------
lambda : 1.19073
max_diff => 0.0613852
performed mixing
Frob norm 1 after updating U: 3.6387
200 iterations
f(b) = 16.473
Frob norm 2 after updating B : 3.7357
Iteration number -------- 37  -----------
lambda : 1.19668
max_diff => 0.0613356
performed mixing
Frob norm 1 after updating U: 3.63857
200 iterations
f(b) = 16.2215
Frob norm 2 after updating B : 3.70093
Iteration number -------- 38  -----------
lambda : 1.20266
max_diff => 0.0612825
performed mixing
Frob norm 1 after updating U: 3.63842
200 iterations
f(b) = 16.066
Frob norm 2 after updating B : 3.67853
Iteration number -------- 39  -----------
lambda : 1.20868
max_diff => 0.0612158
performed mixing
Frob norm 1 after updating U: 3.63818
200 iterations
f(b) = 15.9688
Frob norm 2 after updating B : 3.66405
Iteration number -------- 40  -----------
lambda : 1.21472
max_diff => 0.0611104
performed mixing
Frob norm 1 after updating U: 3.63778
200 iterations
f(b) = 15.8936
Frob norm 2 after updating B : 3.65512
Iteration number -------- 41  -----------
lambda : 1.22079
max_diff => 0.0609148
performed mixing
Frob norm 1 after updating U: 3.63737
200 iterations
f(b) = 15.8544
Frob norm 2 after updating B : 3.64902
Iteration number -------- 42  -----------
lambda : 1.2269
max_diff => 0.0607218
performed mixing
Frob norm 1 after updating U: 3.63691
200 iterations
f(b) = 15.4982
Frob norm 2 after updating B : 3.68628
Iteration number -------- 43  -----------
lambda : 1.23303
max_diff => 0.0489112
performed mixing
Frob norm 1 after updating U: 3.64387
200 iterations
f(b) = 15.3815
Frob norm 2 after updating B : 3.67108
Iteration number -------- 44  -----------
lambda : 1.2392
max_diff => 0.0487391
performed mixing
Frob norm 1 after updating U: 3.64342
200 iterations
f(b) = 15.363
Frob norm 2 after updating B : 3.66116
Iteration number -------- 45  -----------
lambda : 1.24539
max_diff => 0.0486328
performed mixing
Frob norm 1 after updating U: 3.64298
200 iterations
f(b) = 14.8419
Frob norm 2 after updating B : 3.67159
Iteration number -------- 46  -----------
lambda : 1.25162
max_diff => 0.0566442
performed mixing
Frob norm 1 after updating U: 3.58635
200 iterations
f(b) = 13.5649
Frob norm 2 after updating B : 3.47504
Iteration number -------- 47  -----------
lambda : 1.25788
max_diff => 0.0296909
performed mixing
Frob norm 1 after updating U: 3.38159
200 iterations
f(b) = 13.2174
Frob norm 2 after updating B : 3.43731
Iteration number -------- 48  -----------
lambda : 1.26417
max_diff => 0.0314008
performed mixing
Frob norm 1 after updating U: 3.37435
200 iterations
f(b) = 12.199
Frob norm 2 after updating B : 3.18179
Iteration number -------- 49  -----------
lambda : 1.27049
max_diff => 0.0598895
performed mixing
Frob norm 1 after updating U: 3.03541
200 iterations
f(b) = 9.77555
Frob norm 2 after updating B : 2.90237
Iteration number -------- 50  -----------
lambda : 1.27684
max_diff => 0.0624395
performed mixing
Frob norm 1 after updating U: 2.64518
200 iterations
f(b) = 6.28797
Frob norm 2 after updating B : 2.36123
Iteration number -------- 51  -----------
lambda : 1.28323
max_diff => 0.0487212
performed mixing
Frob norm 1 after updating U: 1.69201
200 iterations
f(b) = 4.66351
Frob norm 2 after updating B : 2.06466
Iteration number -------- 52  -----------
lambda : 1.28964
max_diff => 0.0319623
performed mixing
Frob norm 1 after updating U: 1.54997
200 iterations
f(b) = 3.98957
Frob norm 2 after updating B : 1.90135
Iteration number -------- 53  -----------
lambda : 1.29609
max_diff => 0.0340506
performed mixing
Frob norm 1 after updating U: 1.53797
200 iterations
f(b) = 1.63188
Frob norm 2 after updating B : 1.25782
Iteration number -------- 54  -----------
lambda : 1.30257
max_diff => 1.01144e-07
performed mixing
Frob norm 1 after updating U: 0.0142163
200 iterations
f(b) = 1.12432
Frob norm 2 after updating B : 1.00639
Iteration number -------- 55  -----------
lambda : 1.30908
max_diff => 1.61587e-07
performed mixing
Frob norm 1 after updating U: 0.0142352
200 iterations
f(b) = 0.750822
Frob norm 2 after updating B : 0.805426
Iteration number -------- 56  -----------
lambda : 1.31563
max_diff => 1.1017e-07
performed mixing
Frob norm 1 after updating U: 0.014221
200 iterations
f(b) = 0.520986
Frob norm 2 after updating B : 0.644613
Iteration number -------- 57  -----------
lambda : 1.32221
max_diff => 9.998e-08
performed mixing
Frob norm 1 after updating U: 0.0142316
200 iterations
f(b) = 0.376358
Frob norm 2 after updating B : 0.51594
Iteration number -------- 58  -----------
lambda : 1.32882
max_diff => 1.02089e-07
performed mixing
Frob norm 1 after updating U: 0.0142116
200 iterations
f(b) = 0.278666
Frob norm 2 after updating B : 0.413031
Iteration number -------- 59  -----------
lambda : 1.33546
max_diff => 1.00376e-07
performed mixing
Frob norm 1 after updating U: 0.0141838
200 iterations
f(b) = 0.2204
Frob norm 2 after updating B : 0.330717
Iteration number -------- 60  -----------
lambda : 1.34214
max_diff => 9.998e-08
performed mixing
Frob norm 1 after updating U: 0.014199
200 iterations
f(b) = 0.170812
Frob norm 2 after updating B : 0.264904
Iteration number -------- 61  -----------
lambda : 1.34885
max_diff => 9.998e-08
performed mixing
Frob norm 1 after updating U: 0.0141875
200 iterations
f(b) = 0.154693
Frob norm 2 after updating B : 0.212275
Iteration number -------- 62  -----------
lambda : 1.35559
max_diff => 9.998e-08
performed mixing
Frob norm 1 after updating U: 0.0141733
200 iterations
f(b) = 0.125045
Frob norm 2 after updating B : 0.170194
Iteration number -------- 63  -----------
lambda : 1.36237
max_diff => 9.998e-08
performed mixing
Frob norm 1 after updating U: 0.0141787
200 iterations
f(b) = 0.112952
Frob norm 2 after updating B : 0.136616
Iteration number -------- 64  -----------
lambda : 1.36918
max_diff => 9.998e-08
performed mixing
Frob norm 1 after updating U: 0.0141476
200 iterations
f(b) = 0.109542
Frob norm 2 after updating B : 0.109868
Iteration number -------- 65  -----------
lambda : 1.37603
max_diff => 9.998e-08
performed mixing
Frob norm 1 after updating U: 0.014169
200 iterations
f(b) = 0.103693
Frob norm 2 after updating B : 0.0884399
Iteration number -------- 66  -----------
lambda : 1.38291
max_diff => 9.998e-08
performed mixing
Frob norm 1 after updating U: 0.0141148
200 iterations
f(b) = 0.0821089
Frob norm 2 after updating B : 0.071474
Iteration number -------- 67  -----------
lambda : 1.38982
max_diff => 9.998e-08
performed mixing
Frob norm 1 after updating U: 0.0141012
200 iterations
f(b) = 0.0627586
Frob norm 2 after updating B : 0.0579861
Iteration number -------- 68  -----------
lambda : 1.39677
max_diff => 9.998e-08
performed mixing
Frob norm 1 after updating U: 0.0141536
200 iterations
f(b) = 0.0665002
Frob norm 2 after updating B : 0.0472613
Iteration number -------- 69  -----------
lambda : 1.40376
max_diff => 9.998e-08
performed mixing
Frob norm 1 after updating U: 0.0141219
200 iterations
f(b) = 0.0638571
Frob norm 2 after updating B : 0.038935
Iteration number -------- 70  -----------
lambda : 1.41078
max_diff => 9.998e-08
performed mixing
Frob norm 1 after updating U: 0.0141362
200 iterations
f(b) = 0.0609768
Frob norm 2 after updating B : 0.0324459
Iteration number -------- 71  -----------
lambda : 1.41783
max_diff => 9.998e-08
performed mixing
Frob norm 1 after updating U: 0.0140957
200 iterations
f(b) = 0.0709862
Frob norm 2 after updating B : 0.0274271
Iteration number -------- 72  -----------
lambda : 1.42492
max_diff => 9.998e-08
performed mixing
Frob norm 1 after updating U: 0.0141097
200 iterations
f(b) = 0.0592764
Frob norm 2 after updating B : 0.0237108
Iteration number -------- 73  -----------
lambda : 1.43204
max_diff => 9.998e-08
performed mixing
Frob norm 1 after updating U: 0.0142016
200 iterations
f(b) = 0.0609267
Frob norm 2 after updating B : 0.0208561
Iteration number -------- 74  -----------
lambda : 1.4392
max_diff => 9.998e-08
performed mixing
Frob norm 1 after updating U: 0.0140959
200 iterations
f(b) = 0.0622704
Frob norm 2 after updating B : 0.0188634
Iteration number -------- 75  -----------
lambda : 1.4464
max_diff => 9.998e-08
performed mixing
Frob norm 1 after updating U: 0.0141383
200 iterations
f(b) = 0.064438
Frob norm 2 after updating B : 0.0173202
Iteration number -------- 76  -----------
lambda : 1.45363
max_diff => 9.998e-08
performed mixing
Frob norm 1 after updating U: 0.0140897
200 iterations
f(b) = 0.0602312
Frob norm 2 after updating B : 0.0163961
Iteration number -------- 77  -----------
lambda : 1.4609
max_diff => 9.998e-08
performed mixing
Frob norm 1 after updating U: 0.0141462
200 iterations
f(b) = 0.0584867
Frob norm 2 after updating B : 0.0157018
Iteration number -------- 78  -----------
lambda : 1.46821
max_diff => 9.998e-08
performed mixing
Frob norm 1 after updating U: 0.0141588
200 iterations
f(b) = 0.0586082
Frob norm 2 after updating B : 0.015167
Iteration number -------- 79  -----------
lambda : 1.47555
max_diff => 9.998e-08
performed mixing
Frob norm 1 after updating U: 0.0140846
200 iterations
f(b) = 0.0555355
Frob norm 2 after updating B : 0.0148599
Iteration number -------- 80  -----------
lambda : 1.48292
max_diff => 9.998e-08
performed mixing
Frob norm 1 after updating U: 0.0141214
200 iterations
f(b) = 0.0593236
Frob norm 2 after updating B : 0.0146678
Iteration number -------- 81  -----------
lambda : 1.49034
max_diff => 9.998e-08
performed mixing
Frob norm 1 after updating U: 0.0141385
200 iterations
f(b) = 0.0560997
Frob norm 2 after updating B : 0.01446
Iteration number -------- 82  -----------
lambda : 1.49779
max_diff => 9.998e-08
performed mixing
Frob norm 1 after updating U: 0.0141112
200 iterations
f(b) = 0.0588347
Frob norm 2 after updating B : 0.0144066
Iteration number -------- 83  -----------
lambda : 1.50528
max_diff => 9.998e-08
performed mixing
Frob norm 1 after updating U: 0.0141338
200 iterations
f(b) = 0.0556554
Frob norm 2 after updating B : 0.0143578
Iteration number -------- 84  -----------
lambda : 1.51281
max_diff => 9.998e-08
performed mixing
Frob norm 1 after updating U: 0.014165
200 iterations
f(b) = 0.0607821
Frob norm 2 after updating B : 0.0141882
Iteration number -------- 85  -----------
lambda : 1.52037
max_diff => 9.998e-08
performed mixing
Frob norm 1 after updating U: 0.0140648
200 iterations
f(b) = 0.0557173
Frob norm 2 after updating B : 0.0141938
Iteration number -------- 86  -----------
lambda : 1.52797
max_diff => 9.998e-08
performed mixing
Frob norm 1 after updating U: 0.0140931
200 iterations
f(b) = 0.0564572
Frob norm 2 after updating B : 0.0141917
Iteration number -------- 87  -----------
lambda : 1.53561
max_diff => 9.998e-08
performed mixing
Frob norm 1 after updating U: 0.0141158
200 iterations
f(b) = 0.0582448
Frob norm 2 after updating B : 0.0141785
Iteration number -------- 88  -----------
lambda : 1.54329
max_diff => 9.998e-08
performed mixing
Frob norm 1 after updating U: 0.0141218
200 iterations
f(b) = 0.0608691
Frob norm 2 after updating B : 0.0140846
Iteration number -------- 89  -----------
lambda : 1.55101
max_diff => 9.998e-08
performed mixing
Frob norm 1 after updating U: 0.0140653
200 iterations
f(b) = 0.0643609
Frob norm 2 after updating B : 0.0141435
Iteration number -------- 90  -----------
lambda : 1.55876
max_diff => 9.998e-08
performed mixing
Frob norm 1 after updating U: 0.0141094
200 iterations
f(b) = 0.0613272
Frob norm 2 after updating B : 0.014067
Iteration number -------- 91  -----------
lambda : 1.56655
max_diff => 9.998e-08
performed mixing
Frob norm 1 after updating U: 0.0140504
200 iterations
f(b) = 0.0540668
Frob norm 2 after updating B : 0.0141868
Iteration number -------- 92  -----------
lambda : 1.57439
max_diff => 9.998e-08
performed mixing
Frob norm 1 after updating U: 0.0141489
200 iterations
f(b) = 0.0563288
Frob norm 2 after updating B : 0.0141731
Iteration number -------- 93  -----------
lambda : 1.58226
max_diff => 9.998e-08
performed mixing
Frob norm 1 after updating U: 0.0141357
200 iterations
f(b) = 0.0578904
Frob norm 2 after updating B : 0.0140951
Iteration number -------- 94  -----------
lambda : 1.59017
max_diff => 9.998e-08
performed mixing
Frob norm 1 after updating U: 0.0140892
200 iterations
f(b) = 0.0627156
Frob norm 2 after updating B : 0.0141019
Iteration number -------- 95  -----------
lambda : 1.59812
max_diff => 9.998e-08
performed mixing
Frob norm 1 after updating U: 0.0140929
200 iterations
f(b) = 0.0628428
Frob norm 2 after updating B : 0.0140115
Iteration number -------- 96  -----------
lambda : 1.60611
max_diff => 9.998e-08
performed mixing
Frob norm 1 after updating U: 0.0140261
200 iterations
f(b) = 0.0597285
Frob norm 2 after updating B : 0.0141329
Iteration number -------- 97  -----------
lambda : 1.61414
max_diff => 9.998e-08
performed mixing
Frob norm 1 after updating U: 0.014119
200 iterations
f(b) = 0.0643391
Frob norm 2 after updating B : 0.0140539
Iteration number -------- 98  -----------
lambda : 1.62221
max_diff => 9.998e-08
performed mixing
Frob norm 1 after updating U: 0.0140555
200 iterations
f(b) = 0.0647423
Frob norm 2 after updating B : 0.0139928
Iteration number -------- 99  -----------
lambda : 1.63032
max_diff => 9.998e-08
performed mixing
Frob norm 1 after updating U: 0.0140116
200 iterations
f(b) = 0.0649656
Frob norm 2 after updating B : 0.0141012
Iteration number -------- 100  -----------
lambda : 1.63848
max_diff => 9.998e-08
