Academic license - for non-commercial use only
Frob norm 1 after updating U: 12.4569
200 iterations
f(b) = 89.1937
Frob norm 2 after updating B : 9.14889
Iteration number -------- 1  -----------
lambda : 1
max_diff => 0.0621985
performed mixing
Frob norm 1 after updating U: 8.66045
200 iterations
f(b) = 85.7338
Frob norm 2 after updating B : 8.99126
Iteration number -------- 2  -----------
lambda : 1.005
max_diff => 0.062492
performed mixing
Frob norm 1 after updating U: 8.61848
200 iterations
f(b) = 83.2097
Frob norm 2 after updating B : 8.86293
Iteration number -------- 3  -----------
lambda : 1.01002
max_diff => 0.0624065
performed mixing
Frob norm 1 after updating U: 8.5858
200 iterations
f(b) = 81.4465
Frob norm 2 after updating B : 8.7635
Iteration number -------- 4  -----------
lambda : 1.01508
max_diff => 0.0621509
performed mixing
Frob norm 1 after updating U: 8.56093
200 iterations
f(b) = 80.1603
Frob norm 2 after updating B : 8.69147
Iteration number -------- 5  -----------
lambda : 1.02015
max_diff => 0.0617432
performed mixing
Frob norm 1 after updating U: 8.54333
200 iterations
f(b) = 79.2359
Frob norm 2 after updating B : 8.63889
Iteration number -------- 6  -----------
lambda : 1.02525
max_diff => 0.0612683
performed mixing
Frob norm 1 after updating U: 8.52894
200 iterations
f(b) = 78.5595
Frob norm 2 after updating B : 8.60001
Iteration number -------- 7  -----------
lambda : 1.03038
max_diff => 0.0607358
performed mixing
Frob norm 1 after updating U: 8.51812
200 iterations
f(b) = 78.0683
Frob norm 2 after updating B : 8.57026
Iteration number -------- 8  -----------
lambda : 1.03553
max_diff => 0.0603644
performed mixing
Frob norm 1 after updating U: 8.51014
200 iterations
f(b) = 77.689
Frob norm 2 after updating B : 8.55023
Iteration number -------- 9  -----------
lambda : 1.04071
max_diff => 0.0596196
performed mixing
Frob norm 1 after updating U: 8.50158
200 iterations
f(b) = 77.406
Frob norm 2 after updating B : 8.53267
Iteration number -------- 10  -----------
lambda : 1.04591
max_diff => 0.0593057
performed mixing
Frob norm 1 after updating U: 8.49777
200 iterations
f(b) = 77.2037
Frob norm 2 after updating B : 8.51933
Iteration number -------- 11  -----------
lambda : 1.05114
max_diff => 0.0584814
performed mixing
Frob norm 1 after updating U: 8.49344
200 iterations
f(b) = 77.0521
Frob norm 2 after updating B : 8.50957
Iteration number -------- 12  -----------
lambda : 1.0564
max_diff => 0.0583279
performed mixing
Frob norm 1 after updating U: 8.49168
200 iterations
f(b) = 76.9563
Frob norm 2 after updating B : 8.50159
Iteration number -------- 13  -----------
lambda : 1.06168
max_diff => 0.0576252
performed mixing
Frob norm 1 after updating U: 8.48732
200 iterations
f(b) = 76.8939
Frob norm 2 after updating B : 8.49612
Iteration number -------- 14  -----------
lambda : 1.06699
max_diff => 0.057434
performed mixing
Frob norm 1 after updating U: 8.48644
200 iterations
f(b) = 76.8396
Frob norm 2 after updating B : 8.49024
Iteration number -------- 15  -----------
lambda : 1.07232
max_diff => 0.0562837
performed mixing
Frob norm 1 after updating U: 8.48138
200 iterations
f(b) = 76.8163
Frob norm 2 after updating B : 8.48703
Iteration number -------- 16  -----------
lambda : 1.07768
max_diff => 0.0562399
performed mixing
Frob norm 1 after updating U: 8.48123
200 iterations
f(b) = 76.8025
Frob norm 2 after updating B : 8.48482
Iteration number -------- 17  -----------
lambda : 1.08307
max_diff => 0.0561877
performed mixing
Frob norm 1 after updating U: 8.48097
200 iterations
f(b) = 76.7844
Frob norm 2 after updating B : 8.48118
Iteration number -------- 18  -----------
lambda : 1.08849
max_diff => 0.054756
performed mixing
Frob norm 1 after updating U: 8.47683
200 iterations
f(b) = 76.7482
Frob norm 2 after updating B : 8.47831
Iteration number -------- 19  -----------
lambda : 1.09393
max_diff => 0.0547443
performed mixing
Frob norm 1 after updating U: 8.47517
200 iterations
f(b) = 76.6684
Frob norm 2 after updating B : 8.46161
Iteration number -------- 20  -----------
lambda : 1.0994
max_diff => 0.0542109
performed mixing
Frob norm 1 after updating U: 8.44391
200 iterations
f(b) = 70.0333
Frob norm 2 after updating B : 8.03967
Iteration number -------- 21  -----------
lambda : 1.1049
max_diff => 0.066762
performed mixing
Frob norm 1 after updating U: 7.31605
200 iterations
f(b) = 63.227
Frob norm 2 after updating B : 7.58252
Iteration number -------- 22  -----------
lambda : 1.11042
max_diff => 0.0987819
performed mixing
Frob norm 1 after updating U: 6.90613
200 iterations
f(b) = 59.675
Frob norm 2 after updating B : 7.35102
Iteration number -------- 23  -----------
lambda : 1.11597
max_diff => 0.087544
performed mixing
Frob norm 1 after updating U: 6.83128
200 iterations
f(b) = 57.0195
Frob norm 2 after updating B : 7.17362
Iteration number -------- 24  -----------
lambda : 1.12155
max_diff => 0.0781881
performed mixing
Frob norm 1 after updating U: 6.78775
200 iterations
f(b) = 55.1007
Frob norm 2 after updating B : 7.04379
Iteration number -------- 25  -----------
lambda : 1.12716
max_diff => 0.0707006
performed mixing
Frob norm 1 after updating U: 6.75863
200 iterations
f(b) = 53.7076
Frob norm 2 after updating B : 6.94964
Iteration number -------- 26  -----------
lambda : 1.1328
max_diff => 0.0630559
performed mixing
Frob norm 1 after updating U: 6.74103
200 iterations
f(b) = 52.6926
Frob norm 2 after updating B : 6.88508
Iteration number -------- 27  -----------
lambda : 1.13846
max_diff => 0.0582898
performed mixing
Frob norm 1 after updating U: 6.72664
200 iterations
f(b) = 51.9287
Frob norm 2 after updating B : 6.8393
Iteration number -------- 28  -----------
lambda : 1.14415
max_diff => 0.0589647
performed mixing
Frob norm 1 after updating U: 6.7167
200 iterations
f(b) = 51.3045
Frob norm 2 after updating B : 6.815
Iteration number -------- 29  -----------
lambda : 1.14987
max_diff => 0.0591127
performed mixing
Frob norm 1 after updating U: 6.71168
200 iterations
f(b) = 50.8052
Frob norm 2 after updating B : 6.7848
Iteration number -------- 30  -----------
lambda : 1.15562
max_diff => 0.0593431
performed mixing
Frob norm 1 after updating U: 6.70809
200 iterations
f(b) = 50.4111
Frob norm 2 after updating B : 6.76964
Iteration number -------- 31  -----------
lambda : 1.1614
max_diff => 0.0598018
performed mixing
Frob norm 1 after updating U: 6.70392
200 iterations
f(b) = 50.0974
Frob norm 2 after updating B : 6.74934
Iteration number -------- 32  -----------
lambda : 1.16721
max_diff => 0.0603387
performed mixing
Frob norm 1 after updating U: 6.70165
200 iterations
f(b) = 49.7872
Frob norm 2 after updating B : 6.75082
Iteration number -------- 33  -----------
lambda : 1.17304
max_diff => 0.0603228
performed mixing
Frob norm 1 after updating U: 6.69928
200 iterations
f(b) = 49.5757
Frob norm 2 after updating B : 6.73274
Iteration number -------- 34  -----------
lambda : 1.17891
max_diff => 0.0603039
performed mixing
Frob norm 1 after updating U: 6.69919
200 iterations
f(b) = 49.3876
Frob norm 2 after updating B : 6.72384
Iteration number -------- 35  -----------
lambda : 1.1848
max_diff => 0.0605805
performed mixing
Frob norm 1 after updating U: 6.69669
200 iterations
f(b) = 49.2891
Frob norm 2 after updating B : 6.71433
Iteration number -------- 36  -----------
lambda : 1.19073
max_diff => 0.0605945
performed mixing
Frob norm 1 after updating U: 6.69659
200 iterations
f(b) = 49.1999
Frob norm 2 after updating B : 6.70844
Iteration number -------- 37  -----------
lambda : 1.19668
max_diff => 0.0607421
performed mixing
Frob norm 1 after updating U: 6.69539
200 iterations
f(b) = 49.1553
Frob norm 2 after updating B : 6.70322
Iteration number -------- 38  -----------
lambda : 1.20266
max_diff => 0.0608947
performed mixing
Frob norm 1 after updating U: 6.6942
200 iterations
f(b) = 49.1425
Frob norm 2 after updating B : 6.69997
Iteration number -------- 39  -----------
lambda : 1.20868
max_diff => 0.0609045
performed mixing
Frob norm 1 after updating U: 6.69414
200 iterations
f(b) = 49.1343
Frob norm 2 after updating B : 6.69779
Iteration number -------- 40  -----------
lambda : 1.21472
max_diff => 0.0609174
performed mixing
Frob norm 1 after updating U: 6.69398
200 iterations
f(b) = 49.1205
Frob norm 2 after updating B : 6.69583
Iteration number -------- 41  -----------
lambda : 1.22079
max_diff => 0.0609693
performed mixing
Frob norm 1 after updating U: 6.69314
200 iterations
f(b) = 49.1393
Frob norm 2 after updating B : 6.69482
Iteration number -------- 42  -----------
lambda : 1.2269
max_diff => 0.0610146
performed mixing
Frob norm 1 after updating U: 6.69299
200 iterations
f(b) = 49.149
Frob norm 2 after updating B : 6.69392
Iteration number -------- 43  -----------
lambda : 1.23303
max_diff => 0.0610707
performed mixing
Frob norm 1 after updating U: 6.69263
200 iterations
f(b) = 49.164
Frob norm 2 after updating B : 6.69319
Iteration number -------- 44  -----------
lambda : 1.2392
max_diff => 0.0611241
performed mixing
Frob norm 1 after updating U: 6.69227
200 iterations
f(b) = 49.1527
Frob norm 2 after updating B : 6.69098
Iteration number -------- 45  -----------
lambda : 1.24539
max_diff => 0.0616137
performed mixing
Frob norm 1 after updating U: 6.68867
200 iterations
f(b) = 49.1773
Frob norm 2 after updating B : 6.69015
Iteration number -------- 46  -----------
lambda : 1.25162
max_diff => 0.0616237
performed mixing
Frob norm 1 after updating U: 6.68864
200 iterations
f(b) = 49.1905
Frob norm 2 after updating B : 6.68956
Iteration number -------- 47  -----------
lambda : 1.25788
max_diff => 0.0616355
performed mixing
Frob norm 1 after updating U: 6.68854
200 iterations
f(b) = 49.1916
Frob norm 2 after updating B : 6.68877
Iteration number -------- 48  -----------
lambda : 1.26417
max_diff => 0.0618135
performed mixing
Frob norm 1 after updating U: 6.68742
200 iterations
f(b) = 49.221
Frob norm 2 after updating B : 6.68829
Iteration number -------- 49  -----------
lambda : 1.27049
max_diff => 0.0618173
performed mixing
Frob norm 1 after updating U: 6.68741
200 iterations
f(b) = 49.2229
Frob norm 2 after updating B : 6.68737
Iteration number -------- 50  -----------
lambda : 1.27684
max_diff => 0.0618582
performed mixing
Frob norm 1 after updating U: 6.68615
200 iterations
f(b) = 49.242
Frob norm 2 after updating B : 6.68691
Iteration number -------- 51  -----------
lambda : 1.28323
max_diff => 0.0618774
performed mixing
Frob norm 1 after updating U: 6.68607
200 iterations
f(b) = 49.2675
Frob norm 2 after updating B : 6.68653
Iteration number -------- 52  -----------
lambda : 1.28964
max_diff => 0.061899
performed mixing
Frob norm 1 after updating U: 6.68593
200 iterations
f(b) = 49.2741
Frob norm 2 after updating B : 6.68617
Iteration number -------- 53  -----------
lambda : 1.29609
max_diff => 0.0619408
performed mixing
Frob norm 1 after updating U: 6.68569
200 iterations
f(b) = 49.2879
Frob norm 2 after updating B : 6.68536
Iteration number -------- 54  -----------
lambda : 1.30257
max_diff => 0.0621194
performed mixing
Frob norm 1 after updating U: 6.68443
200 iterations
f(b) = 49.3104
Frob norm 2 after updating B : 6.68491
Iteration number -------- 55  -----------
lambda : 1.30908
max_diff => 0.0621659
performed mixing
Frob norm 1 after updating U: 6.68411
200 iterations
f(b) = 49.332
Frob norm 2 after updating B : 6.68454
Iteration number -------- 56  -----------
lambda : 1.31563
max_diff => 0.0621793
performed mixing
Frob norm 1 after updating U: 6.68395
200 iterations
f(b) = 49.3576
Frob norm 2 after updating B : 6.68424
Iteration number -------- 57  -----------
lambda : 1.32221
max_diff => 0.0621813
performed mixing
Frob norm 1 after updating U: 6.68384
200 iterations
f(b) = 49.3757
Frob norm 2 after updating B : 6.68411
Iteration number -------- 58  -----------
lambda : 1.32882
max_diff => 0.0621911
performed mixing
Frob norm 1 after updating U: 6.68383
200 iterations
f(b) = 49.3854
Frob norm 2 after updating B : 6.68285
Iteration number -------- 59  -----------
lambda : 1.33546
max_diff => 0.062249
performed mixing
Frob norm 1 after updating U: 6.68239
200 iterations
f(b) = 49.4162
Frob norm 2 after updating B : 6.68282
Iteration number -------- 60  -----------
lambda : 1.34214
max_diff => 0.0622589
performed mixing
Frob norm 1 after updating U: 6.68251
200 iterations
f(b) = 49.4165
Frob norm 2 after updating B : 6.68224
Iteration number -------- 61  -----------
lambda : 1.34885
max_diff => 0.0623619
performed mixing
Frob norm 1 after updating U: 6.68137
200 iterations
f(b) = 49.4509
Frob norm 2 after updating B : 6.68194
Iteration number -------- 62  -----------
lambda : 1.35559
max_diff => 0.0623644
performed mixing
Frob norm 1 after updating U: 6.68137
200 iterations
f(b) = 49.4363
Frob norm 2 after updating B : 6.68168
Iteration number -------- 63  -----------
lambda : 1.36237
max_diff => 0.0623685
performed mixing
Frob norm 1 after updating U: 6.68129
200 iterations
f(b) = 49.4917
Frob norm 2 after updating B : 6.68146
Iteration number -------- 64  -----------
lambda : 1.36918
max_diff => 0.0623742
performed mixing
Frob norm 1 after updating U: 6.68117
200 iterations
f(b) = 49.4952
Frob norm 2 after updating B : 6.68084
Iteration number -------- 65  -----------
lambda : 1.37603
max_diff => 0.0624474
performed mixing
Frob norm 1 after updating U: 6.68011
200 iterations
f(b) = 49.5163
Frob norm 2 after updating B : 6.68043
Iteration number -------- 66  -----------
lambda : 1.38291
max_diff => 0.0624561
performed mixing
Frob norm 1 after updating U: 6.67987
200 iterations
f(b) = 49.5485
Frob norm 2 after updating B : 6.68002
Iteration number -------- 67  -----------
lambda : 1.38982
max_diff => 0.0624594
performed mixing
Frob norm 1 after updating U: 6.67961
200 iterations
f(b) = 49.5726
Frob norm 2 after updating B : 6.67964
Iteration number -------- 68  -----------
lambda : 1.39677
max_diff => 0.0624616
performed mixing
Frob norm 1 after updating U: 6.67935
200 iterations
f(b) = 49.5907
Frob norm 2 after updating B : 6.67885
Iteration number -------- 69  -----------
lambda : 1.40376
max_diff => 0.0624688
performed mixing
Frob norm 1 after updating U: 6.67856
200 iterations
f(b) = 49.6159
Frob norm 2 after updating B : 6.67845
Iteration number -------- 70  -----------
lambda : 1.41078
max_diff => 0.0624718
performed mixing
Frob norm 1 after updating U: 6.67822
200 iterations
f(b) = 49.6386
Frob norm 2 after updating B : 6.678
Iteration number -------- 71  -----------
lambda : 1.41783
max_diff => 0.0624754
performed mixing
Frob norm 1 after updating U: 6.67781
200 iterations
f(b) = 49.6382
Frob norm 2 after updating B : 6.67641
Iteration number -------- 72  -----------
lambda : 1.42492
max_diff => 0.0624993
performed mixing
Frob norm 1 after updating U: 6.67537
200 iterations
f(b) = 49.6742
Frob norm 2 after updating B : 6.6757
Iteration number -------- 73  -----------
lambda : 1.43204
max_diff => 0.0624992
performed mixing
Frob norm 1 after updating U: 6.67498
200 iterations
f(b) = 49.6897
Frob norm 2 after updating B : 6.67508
Iteration number -------- 74  -----------
lambda : 1.4392
max_diff => 0.0624988
performed mixing
Frob norm 1 after updating U: 6.67455
200 iterations
f(b) = 49.7114
Frob norm 2 after updating B : 6.6745
Iteration number -------- 75  -----------
lambda : 1.4464
max_diff => 0.0624981
performed mixing
Frob norm 1 after updating U: 6.67409
200 iterations
f(b) = 48.217
Frob norm 2 after updating B : 6.43682
Iteration number -------- 76  -----------
lambda : 1.45363
max_diff => 0.104342
performed mixing
Frob norm 1 after updating U: 5.7736
200 iterations
f(b) = 36.0942
Frob norm 2 after updating B : 5.61998
Iteration number -------- 77  -----------
lambda : 1.4609
max_diff => 0.0623597
performed mixing
Frob norm 1 after updating U: 4.48737
200 iterations
f(b) = 31.9937
Frob norm 2 after updating B : 5.27128
Iteration number -------- 78  -----------
lambda : 1.46821
max_diff => 0.0621014
performed mixing
Frob norm 1 after updating U: 4.40013
200 iterations
f(b) = 29.0325
Frob norm 2 after updating B : 4.99685
Iteration number -------- 79  -----------
lambda : 1.47555
max_diff => 0.0617082
performed mixing
Frob norm 1 after updating U: 4.37064
200 iterations
f(b) = 26.9603
Frob norm 2 after updating B : 4.80187
Iteration number -------- 80  -----------
lambda : 1.48292
max_diff => 0.0612731
performed mixing
Frob norm 1 after updating U: 4.35527
200 iterations
f(b) = 25.5449
Frob norm 2 after updating B : 4.65544
Iteration number -------- 81  -----------
lambda : 1.49034
max_diff => 0.0611561
performed mixing
Frob norm 1 after updating U: 4.35282
200 iterations
f(b) = 24.5904
Frob norm 2 after updating B : 4.55456
Iteration number -------- 82  -----------
lambda : 1.49779
max_diff => 0.0610252
performed mixing
Frob norm 1 after updating U: 4.35023
200 iterations
f(b) = 23.8466
Frob norm 2 after updating B : 4.50832
Iteration number -------- 83  -----------
lambda : 1.50528
max_diff => 0.0614235
performed mixing
Frob norm 1 after updating U: 4.33729
200 iterations
f(b) = 23.3625
Frob norm 2 after updating B : 4.44906
Iteration number -------- 84  -----------
lambda : 1.51281
max_diff => 0.0614271
performed mixing
Frob norm 1 after updating U: 4.33721
200 iterations
f(b) = 22.9344
Frob norm 2 after updating B : 4.42477
Iteration number -------- 85  -----------
lambda : 1.52037
max_diff => 0.0615948
performed mixing
Frob norm 1 after updating U: 4.33475
200 iterations
f(b) = 22.6932
Frob norm 2 after updating B : 4.39341
Iteration number -------- 86  -----------
lambda : 1.52797
max_diff => 0.0615998
performed mixing
Frob norm 1 after updating U: 4.33469
200 iterations
f(b) = 22.4783
Frob norm 2 after updating B : 4.37678
Iteration number -------- 87  -----------
lambda : 1.53561
max_diff => 0.0616886
performed mixing
Frob norm 1 after updating U: 4.33381
200 iterations
f(b) = 22.3751
Frob norm 2 after updating B : 4.36168
Iteration number -------- 88  -----------
lambda : 1.54329
max_diff => 0.061698
performed mixing
Frob norm 1 after updating U: 4.33372
200 iterations
f(b) = 22.3035
Frob norm 2 after updating B : 4.35182
Iteration number -------- 89  -----------
lambda : 1.55101
max_diff => 0.0617067
performed mixing
Frob norm 1 after updating U: 4.33369
200 iterations
f(b) = 22.2835
Frob norm 2 after updating B : 4.34527
Iteration number -------- 90  -----------
lambda : 1.55876
max_diff => 0.061721
performed mixing
Frob norm 1 after updating U: 4.33352
200 iterations
f(b) = 22.2313
Frob norm 2 after updating B : 4.34111
Iteration number -------- 91  -----------
lambda : 1.56655
max_diff => 0.0617284
performed mixing
Frob norm 1 after updating U: 4.33352
200 iterations
f(b) = 22.2312
Frob norm 2 after updating B : 4.33835
Iteration number -------- 92  -----------
lambda : 1.57439
max_diff => 0.0617424
performed mixing
Frob norm 1 after updating U: 4.33345
200 iterations
f(b) = 22.232
Frob norm 2 after updating B : 4.33648
Iteration number -------- 93  -----------
lambda : 1.58226
max_diff => 0.0617659
performed mixing
Frob norm 1 after updating U: 4.33328
200 iterations
f(b) = 22.2419
Frob norm 2 after updating B : 4.33531
Iteration number -------- 94  -----------
lambda : 1.59017
max_diff => 0.0617759
performed mixing
Frob norm 1 after updating U: 4.33324
200 iterations
f(b) = 22.2511
Frob norm 2 after updating B : 4.33451
Iteration number -------- 95  -----------
lambda : 1.59812
max_diff => 0.061789
performed mixing
Frob norm 1 after updating U: 4.33316
200 iterations
f(b) = 22.2659
Frob norm 2 after updating B : 4.33399
Iteration number -------- 96  -----------
lambda : 1.60611
max_diff => 0.0617982
performed mixing
Frob norm 1 after updating U: 4.33311
200 iterations
f(b) = 22.2802
Frob norm 2 after updating B : 4.33365
Iteration number -------- 97  -----------
lambda : 1.61414
max_diff => 0.0618065
performed mixing
Frob norm 1 after updating U: 4.33308
200 iterations
f(b) = 22.2961
Frob norm 2 after updating B : 4.33337
Iteration number -------- 98  -----------
lambda : 1.62221
max_diff => 0.0618156
performed mixing
Frob norm 1 after updating U: 4.333
200 iterations
f(b) = 22.3116
Frob norm 2 after updating B : 4.33323
Iteration number -------- 99  -----------
lambda : 1.63032
max_diff => 0.061821
performed mixing
Frob norm 1 after updating U: 4.33298
200 iterations
f(b) = 22.3266
Frob norm 2 after updating B : 4.33309
Iteration number -------- 100  -----------
lambda : 1.63848
max_diff => 0.0618346
