Academic license - for non-commercial use only
Frob norm 1 after updating U: 13.5294
200 iterations
f(b) = 87.7674
Frob norm 2 after updating B : 8.60085
Iteration number -------- 1  -----------
lambda : 1
max_diff => 0.146967
performed mixing
Frob norm 1 after updating U: 7.35703
200 iterations
f(b) = 78.9843
Frob norm 2 after updating B : 8.18376
Iteration number -------- 2  -----------
lambda : 1.005
max_diff => 0.136695
performed mixing
Frob norm 1 after updating U: 6.91687
200 iterations
f(b) = 71.0419
Frob norm 2 after updating B : 7.76303
Iteration number -------- 3  -----------
lambda : 1.01002
max_diff => 0.131046
performed mixing
Frob norm 1 after updating U: 6.60174
200 iterations
f(b) = 64.2785
Frob norm 2 after updating B : 7.39449
Iteration number -------- 4  -----------
lambda : 1.01508
max_diff => 0.128902
performed mixing
Frob norm 1 after updating U: 6.38086
200 iterations
f(b) = 59.0407
Frob norm 2 after updating B : 7.06798
Iteration number -------- 5  -----------
lambda : 1.02015
max_diff => 0.127785
performed mixing
Frob norm 1 after updating U: 6.26032
200 iterations
f(b) = 54.924
Frob norm 2 after updating B : 6.80698
Iteration number -------- 6  -----------
lambda : 1.02525
max_diff => 0.12533
performed mixing
Frob norm 1 after updating U: 6.14876
200 iterations
f(b) = 51.6624
Frob norm 2 after updating B : 6.58929
Iteration number -------- 7  -----------
lambda : 1.03038
max_diff => 0.122749
performed mixing
Frob norm 1 after updating U: 6.06996
200 iterations
f(b) = 49.0555
Frob norm 2 after updating B : 6.42313
Iteration number -------- 8  -----------
lambda : 1.03553
max_diff => 0.117974
performed mixing
Frob norm 1 after updating U: 5.96919
200 iterations
f(b) = 46.8645
Frob norm 2 after updating B : 6.28091
Iteration number -------- 9  -----------
lambda : 1.04071
max_diff => 0.11222
performed mixing
Frob norm 1 after updating U: 5.88754
200 iterations
f(b) = 44.986
Frob norm 2 after updating B : 6.15859
Iteration number -------- 10  -----------
lambda : 1.04591
max_diff => 0.104888
performed mixing
Frob norm 1 after updating U: 5.81847
200 iterations
f(b) = 43.3615
Frob norm 2 after updating B : 6.05083
Iteration number -------- 11  -----------
lambda : 1.05114
max_diff => 0.101518
performed mixing
Frob norm 1 after updating U: 5.75151
200 iterations
f(b) = 41.9512
Frob norm 2 after updating B : 5.96593
Iteration number -------- 12  -----------
lambda : 1.0564
max_diff => 0.0983508
performed mixing
Frob norm 1 after updating U: 5.68544
200 iterations
f(b) = 40.6471
Frob norm 2 after updating B : 5.89369
Iteration number -------- 13  -----------
lambda : 1.06168
max_diff => 0.0951221
performed mixing
Frob norm 1 after updating U: 5.63377
200 iterations
f(b) = 39.478
Frob norm 2 after updating B : 5.83061
Iteration number -------- 14  -----------
lambda : 1.06699
max_diff => 0.0919295
performed mixing
Frob norm 1 after updating U: 5.59425
200 iterations
f(b) = 38.4556
Frob norm 2 after updating B : 5.78355
Iteration number -------- 15  -----------
lambda : 1.07232
max_diff => 0.0843726
performed mixing
Frob norm 1 after updating U: 5.55957
200 iterations
f(b) = 37.6264
Frob norm 2 after updating B : 5.70623
Iteration number -------- 16  -----------
lambda : 1.07768
max_diff => 0.0843175
performed mixing
Frob norm 1 after updating U: 5.55869
200 iterations
f(b) = 36.8877
Frob norm 2 after updating B : 5.6666
Iteration number -------- 17  -----------
lambda : 1.08307
max_diff => 0.0814215
performed mixing
Frob norm 1 after updating U: 5.54495
200 iterations
f(b) = 36.2161
Frob norm 2 after updating B : 5.64951
Iteration number -------- 18  -----------
lambda : 1.08849
max_diff => 0.0733553
performed mixing
Frob norm 1 after updating U: 5.52639
200 iterations
f(b) = 35.7823
Frob norm 2 after updating B : 5.60607
Iteration number -------- 19  -----------
lambda : 1.09393
max_diff => 0.0733017
performed mixing
Frob norm 1 after updating U: 5.52631
200 iterations
f(b) = 35.4782
Frob norm 2 after updating B : 5.57812
Iteration number -------- 20  -----------
lambda : 1.0994
max_diff => 0.0730954
performed mixing
Frob norm 1 after updating U: 5.52577
200 iterations
f(b) = 35.2116
Frob norm 2 after updating B : 5.56032
Iteration number -------- 21  -----------
lambda : 1.1049
max_diff => 0.0707905
performed mixing
Frob norm 1 after updating U: 5.52082
200 iterations
f(b) = 34.819
Frob norm 2 after updating B : 5.57065
Iteration number -------- 22  -----------
lambda : 1.11042
max_diff => 0.0592065
performed mixing
Frob norm 1 after updating U: 5.50581
200 iterations
f(b) = 34.5894
Frob norm 2 after updating B : 5.54686
Iteration number -------- 23  -----------
lambda : 1.11597
max_diff => 0.059198
performed mixing
Frob norm 1 after updating U: 5.50445
200 iterations
f(b) = 32.5784
Frob norm 2 after updating B : 5.32824
Iteration number -------- 24  -----------
lambda : 1.12155
max_diff => 0.108273
performed mixing
Frob norm 1 after updating U: 5.11811
200 iterations
f(b) = 30.0864
Frob norm 2 after updating B : 5.14923
Iteration number -------- 25  -----------
lambda : 1.12716
max_diff => 0.106442
performed mixing
Frob norm 1 after updating U: 4.97853
200 iterations
f(b) = 29.5162
Frob norm 2 after updating B : 5.08951
Iteration number -------- 26  -----------
lambda : 1.1328
max_diff => 0.106523
performed mixing
Frob norm 1 after updating U: 4.97713
200 iterations
f(b) = 23.7332
Frob norm 2 after updating B : 4.51099
Iteration number -------- 27  -----------
lambda : 1.13846
max_diff => 0.131428
performed mixing
Frob norm 1 after updating U: 3.85509
200 iterations
f(b) = 21.2654
Frob norm 2 after updating B : 4.29989
Iteration number -------- 28  -----------
lambda : 1.14415
max_diff => 0.10903
performed mixing
Frob norm 1 after updating U: 3.84464
200 iterations
f(b) = 20.0067
Frob norm 2 after updating B : 4.14672
Iteration number -------- 29  -----------
lambda : 1.14987
max_diff => 0.108768
performed mixing
Frob norm 1 after updating U: 3.84478
200 iterations
f(b) = 19.1799
Frob norm 2 after updating B : 4.04448
Iteration number -------- 30  -----------
lambda : 1.15562
max_diff => 0.108508
performed mixing
Frob norm 1 after updating U: 3.84488
200 iterations
f(b) = 18.6426
Frob norm 2 after updating B : 3.9769
Iteration number -------- 31  -----------
lambda : 1.1614
max_diff => 0.108243
performed mixing
Frob norm 1 after updating U: 3.84487
200 iterations
f(b) = 18.2953
Frob norm 2 after updating B : 3.93216
Iteration number -------- 32  -----------
lambda : 1.16721
max_diff => 0.107765
performed mixing
Frob norm 1 after updating U: 3.84433
200 iterations
f(b) = 18.0668
Frob norm 2 after updating B : 3.90262
Iteration number -------- 33  -----------
lambda : 1.17304
max_diff => 0.107272
performed mixing
Frob norm 1 after updating U: 3.84396
200 iterations
f(b) = 17.9278
Frob norm 2 after updating B : 3.88298
Iteration number -------- 34  -----------
lambda : 1.17891
max_diff => 0.10696
performed mixing
Frob norm 1 after updating U: 3.84379
200 iterations
f(b) = 17.8324
Frob norm 2 after updating B : 3.86996
Iteration number -------- 35  -----------
lambda : 1.1848
max_diff => 0.106677
performed mixing
Frob norm 1 after updating U: 3.84365
200 iterations
f(b) = 17.6083
Frob norm 2 after updating B : 3.8679
Iteration number -------- 36  -----------
lambda : 1.19073
max_diff => 0.0902977
performed mixing
Frob norm 1 after updating U: 3.84413
200 iterations
f(b) = 17.6083
Frob norm 2 after updating B : 3.86002
Iteration number -------- 37  -----------
lambda : 1.19668
max_diff => 0.0901472
performed mixing
Frob norm 1 after updating U: 3.84434
200 iterations
f(b) = 17.5736
Frob norm 2 after updating B : 3.85488
Iteration number -------- 38  -----------
lambda : 1.20266
max_diff => 0.08987
performed mixing
Frob norm 1 after updating U: 3.84442
200 iterations
f(b) = 17.5642
Frob norm 2 after updating B : 3.85157
Iteration number -------- 39  -----------
lambda : 1.20868
max_diff => 0.0896737
performed mixing
Frob norm 1 after updating U: 3.84456
200 iterations
f(b) = 17.5547
Frob norm 2 after updating B : 3.84964
Iteration number -------- 40  -----------
lambda : 1.21472
max_diff => 0.0893928
performed mixing
Frob norm 1 after updating U: 3.84486
200 iterations
f(b) = 17.5573
Frob norm 2 after updating B : 3.84847
Iteration number -------- 41  -----------
lambda : 1.22079
max_diff => 0.0891155
performed mixing
Frob norm 1 after updating U: 3.84517
200 iterations
f(b) = 17.5613
Frob norm 2 after updating B : 3.84773
Iteration number -------- 42  -----------
lambda : 1.2269
max_diff => 0.0888815
performed mixing
Frob norm 1 after updating U: 3.84543
200 iterations
f(b) = 17.5701
Frob norm 2 after updating B : 3.84721
Iteration number -------- 43  -----------
lambda : 1.23303
max_diff => 0.088718
performed mixing
Frob norm 1 after updating U: 3.8456
200 iterations
f(b) = 17.5789
Frob norm 2 after updating B : 3.84701
Iteration number -------- 44  -----------
lambda : 1.2392
max_diff => 0.0884589
performed mixing
Frob norm 1 after updating U: 3.84586
200 iterations
f(b) = 17.5891
Frob norm 2 after updating B : 3.84697
Iteration number -------- 45  -----------
lambda : 1.24539
max_diff => 0.0882034
performed mixing
Frob norm 1 after updating U: 3.84614
200 iterations
f(b) = 17.5999
Frob norm 2 after updating B : 3.84716
Iteration number -------- 46  -----------
lambda : 1.25162
max_diff => 0.0878917
performed mixing
Frob norm 1 after updating U: 3.84653
200 iterations
f(b) = 17.6064
Frob norm 2 after updating B : 3.84754
Iteration number -------- 47  -----------
lambda : 1.25788
max_diff => 0.0874272
performed mixing
Frob norm 1 after updating U: 3.84705
200 iterations
f(b) = 17.6171
Frob norm 2 after updating B : 3.8478
Iteration number -------- 48  -----------
lambda : 1.26417
max_diff => 0.087068
performed mixing
Frob norm 1 after updating U: 3.84742
200 iterations
f(b) = 17.6262
Frob norm 2 after updating B : 3.84829
Iteration number -------- 49  -----------
lambda : 1.27049
max_diff => 0.0865983
performed mixing
Frob norm 1 after updating U: 3.84798
200 iterations
f(b) = 17.6405
Frob norm 2 after updating B : 3.84848
Iteration number -------- 50  -----------
lambda : 1.27684
max_diff => 0.0863759
performed mixing
Frob norm 1 after updating U: 3.84824
200 iterations
f(b) = 17.6498
Frob norm 2 after updating B : 3.8488
Iteration number -------- 51  -----------
lambda : 1.28323
max_diff => 0.0860285
performed mixing
Frob norm 1 after updating U: 3.8486
200 iterations
f(b) = 17.6627
Frob norm 2 after updating B : 3.84918
Iteration number -------- 52  -----------
lambda : 1.28964
max_diff => 0.0856186
performed mixing
Frob norm 1 after updating U: 3.84901
200 iterations
f(b) = 17.6777
Frob norm 2 after updating B : 3.84954
Iteration number -------- 53  -----------
lambda : 1.29609
max_diff => 0.085323
performed mixing
Frob norm 1 after updating U: 3.84939
200 iterations
f(b) = 17.6867
Frob norm 2 after updating B : 3.84993
Iteration number -------- 54  -----------
lambda : 1.30257
max_diff => 0.085032
performed mixing
Frob norm 1 after updating U: 3.8498
200 iterations
f(b) = 17.6928
Frob norm 2 after updating B : 3.85043
Iteration number -------- 55  -----------
lambda : 1.30908
max_diff => 0.084644
performed mixing
Frob norm 1 after updating U: 3.8503
200 iterations
f(b) = 17.7139
Frob norm 2 after updating B : 3.85085
Iteration number -------- 56  -----------
lambda : 1.31563
max_diff => 0.0843381
performed mixing
Frob norm 1 after updating U: 3.85073
200 iterations
f(b) = 17.7227
Frob norm 2 after updating B : 3.85125
Iteration number -------- 57  -----------
lambda : 1.32221
max_diff => 0.0839898
performed mixing
Frob norm 1 after updating U: 3.85115
200 iterations
f(b) = 17.7341
Frob norm 2 after updating B : 3.8518
Iteration number -------- 58  -----------
lambda : 1.32882
max_diff => 0.0835893
performed mixing
Frob norm 1 after updating U: 3.85169
200 iterations
f(b) = 17.7439
Frob norm 2 after updating B : 3.85232
Iteration number -------- 59  -----------
lambda : 1.33546
max_diff => 0.0831856
performed mixing
Frob norm 1 after updating U: 3.8522
200 iterations
f(b) = 17.755
Frob norm 2 after updating B : 3.85293
Iteration number -------- 60  -----------
lambda : 1.34214
max_diff => 0.0828752
performed mixing
Frob norm 1 after updating U: 3.85281
200 iterations
f(b) = 17.765
Frob norm 2 after updating B : 3.85373
Iteration number -------- 61  -----------
lambda : 1.34885
max_diff => 0.082413
performed mixing
Frob norm 1 after updating U: 3.8536
200 iterations
f(b) = 17.7751
Frob norm 2 after updating B : 3.8546
Iteration number -------- 62  -----------
lambda : 1.35559
max_diff => 0.0819198
performed mixing
Frob norm 1 after updating U: 3.85446
200 iterations
f(b) = 17.7863
Frob norm 2 after updating B : 3.85515
Iteration number -------- 63  -----------
lambda : 1.36237
max_diff => 0.0815645
performed mixing
Frob norm 1 after updating U: 3.85502
200 iterations
f(b) = 17.6865
Frob norm 2 after updating B : 3.89441
Iteration number -------- 64  -----------
lambda : 1.36918
max_diff => 0.0674371
performed mixing
Frob norm 1 after updating U: 3.8892
200 iterations
f(b) = 17.7244
Frob norm 2 after updating B : 3.89271
Iteration number -------- 65  -----------
lambda : 1.37603
max_diff => 0.0673427
performed mixing
Frob norm 1 after updating U: 3.88936
200 iterations
f(b) = 17.7223
Frob norm 2 after updating B : 3.89162
Iteration number -------- 66  -----------
lambda : 1.38291
max_diff => 0.067132
performed mixing
Frob norm 1 after updating U: 3.88941
200 iterations
f(b) = 17.7261
Frob norm 2 after updating B : 3.89112
Iteration number -------- 67  -----------
lambda : 1.38982
max_diff => 0.0668981
performed mixing
Frob norm 1 after updating U: 3.88965
200 iterations
f(b) = 17.6735
Frob norm 2 after updating B : 3.89116
Iteration number -------- 68  -----------
lambda : 1.39677
max_diff => 0.0664375
performed mixing
Frob norm 1 after updating U: 3.89012
200 iterations
f(b) = 17.7443
Frob norm 2 after updating B : 3.89127
Iteration number -------- 69  -----------
lambda : 1.40376
max_diff => 0.0661777
performed mixing
Frob norm 1 after updating U: 3.89055
200 iterations
f(b) = 17.7561
Frob norm 2 after updating B : 3.89149
Iteration number -------- 70  -----------
lambda : 1.41078
max_diff => 0.065925
performed mixing
Frob norm 1 after updating U: 3.89099
200 iterations
f(b) = 17.757
Frob norm 2 after updating B : 3.89167
Iteration number -------- 71  -----------
lambda : 1.41783
max_diff => 0.0655007
performed mixing
Frob norm 1 after updating U: 3.89128
200 iterations
f(b) = 17.771
Frob norm 2 after updating B : 3.89214
Iteration number -------- 72  -----------
lambda : 1.42492
max_diff => 0.0651825
performed mixing
Frob norm 1 after updating U: 3.89185
200 iterations
f(b) = 17.7838
Frob norm 2 after updating B : 3.89258
Iteration number -------- 73  -----------
lambda : 1.43204
max_diff => 0.0648208
performed mixing
Frob norm 1 after updating U: 3.89234
200 iterations
f(b) = 17.7902
Frob norm 2 after updating B : 3.893
Iteration number -------- 74  -----------
lambda : 1.4392
max_diff => 0.0645977
performed mixing
Frob norm 1 after updating U: 3.89282
200 iterations
f(b) = 17.7981
Frob norm 2 after updating B : 3.89329
Iteration number -------- 75  -----------
lambda : 1.4464
max_diff => 0.0644382
performed mixing
Frob norm 1 after updating U: 3.89315
200 iterations
f(b) = 17.8136
Frob norm 2 after updating B : 3.89356
Iteration number -------- 76  -----------
lambda : 1.45363
max_diff => 0.0642642
performed mixing
Frob norm 1 after updating U: 3.89345
200 iterations
f(b) = 17.8228
Frob norm 2 after updating B : 3.89453
Iteration number -------- 77  -----------
lambda : 1.4609
max_diff => 0.0639376
performed mixing
Frob norm 1 after updating U: 3.89444
200 iterations
f(b) = 17.8051
Frob norm 2 after updating B : 3.89946
Iteration number -------- 78  -----------
lambda : 1.46821
max_diff => 0.0622615
performed mixing
Frob norm 1 after updating U: 3.89907
200 iterations
f(b) = 17.8253
Frob norm 2 after updating B : 3.90006
Iteration number -------- 79  -----------
lambda : 1.47555
max_diff => 0.061975
performed mixing
Frob norm 1 after updating U: 3.89975
200 iterations
f(b) = 17.8405
Frob norm 2 after updating B : 3.90027
Iteration number -------- 80  -----------
lambda : 1.48292
max_diff => 0.0618107
performed mixing
Frob norm 1 after updating U: 3.90005
200 iterations
f(b) = 17.8528
Frob norm 2 after updating B : 3.90075
Iteration number -------- 81  -----------
lambda : 1.49034
max_diff => 0.0616566
performed mixing
Frob norm 1 after updating U: 3.90058
200 iterations
f(b) = 17.8609
Frob norm 2 after updating B : 3.90122
Iteration number -------- 82  -----------
lambda : 1.49779
max_diff => 0.0613883
performed mixing
Frob norm 1 after updating U: 3.90109
200 iterations
f(b) = 17.8696
Frob norm 2 after updating B : 3.90198
Iteration number -------- 83  -----------
lambda : 1.50528
max_diff => 0.0611028
performed mixing
Frob norm 1 after updating U: 3.90186
200 iterations
f(b) = 17.8821
Frob norm 2 after updating B : 3.90267
Iteration number -------- 84  -----------
lambda : 1.51281
max_diff => 0.0607993
performed mixing
Frob norm 1 after updating U: 3.90256
200 iterations
f(b) = 17.8929
Frob norm 2 after updating B : 3.9031
Iteration number -------- 85  -----------
lambda : 1.52037
max_diff => 0.0606086
performed mixing
Frob norm 1 after updating U: 3.90301
200 iterations
f(b) = 17.9015
Frob norm 2 after updating B : 3.90366
Iteration number -------- 86  -----------
lambda : 1.52797
max_diff => 0.0603538
performed mixing
Frob norm 1 after updating U: 3.90358
200 iterations
f(b) = 17.914
Frob norm 2 after updating B : 3.90438
Iteration number -------- 87  -----------
lambda : 1.53561
max_diff => 0.0601088
performed mixing
Frob norm 1 after updating U: 3.90431
200 iterations
f(b) = 17.9245
Frob norm 2 after updating B : 3.90485
Iteration number -------- 88  -----------
lambda : 1.54329
max_diff => 0.0599145
performed mixing
Frob norm 1 after updating U: 3.90479
200 iterations
f(b) = 17.9277
Frob norm 2 after updating B : 3.90597
Iteration number -------- 89  -----------
lambda : 1.55101
max_diff => 0.0595749
performed mixing
Frob norm 1 after updating U: 3.9059
200 iterations
f(b) = 17.9386
Frob norm 2 after updating B : 3.90718
Iteration number -------- 90  -----------
lambda : 1.55876
max_diff => 0.0592133
performed mixing
Frob norm 1 after updating U: 3.90709
200 iterations
f(b) = 17.8072
Frob norm 2 after updating B : 3.93599
Iteration number -------- 91  -----------
lambda : 1.56655
max_diff => 0.0521385
performed mixing
Frob norm 1 after updating U: 3.93259
200 iterations
f(b) = 17.869
Frob norm 2 after updating B : 3.93517
Iteration number -------- 92  -----------
lambda : 1.57439
max_diff => 0.051944
performed mixing
Frob norm 1 after updating U: 3.93294
200 iterations
f(b) = 17.8736
Frob norm 2 after updating B : 3.93468
Iteration number -------- 93  -----------
lambda : 1.58226
max_diff => 0.0517628
performed mixing
Frob norm 1 after updating U: 3.93322
200 iterations
f(b) = 17.8857
Frob norm 2 after updating B : 3.9344
Iteration number -------- 94  -----------
lambda : 1.59017
max_diff => 0.0516321
performed mixing
Frob norm 1 after updating U: 3.93345
200 iterations
f(b) = 17.8921
Frob norm 2 after updating B : 3.93429
Iteration number -------- 95  -----------
lambda : 1.59812
max_diff => 0.0514469
performed mixing
Frob norm 1 after updating U: 3.93367
200 iterations
f(b) = 17.9007
Frob norm 2 after updating B : 3.93434
Iteration number -------- 96  -----------
lambda : 1.60611
max_diff => 0.0512517
performed mixing
Frob norm 1 after updating U: 3.93393
200 iterations
f(b) = 17.9118
Frob norm 2 after updating B : 3.93467
Iteration number -------- 97  -----------
lambda : 1.61414
max_diff => 0.0510648
performed mixing
Frob norm 1 after updating U: 3.93439
200 iterations
f(b) = 17.9141
Frob norm 2 after updating B : 3.93484
Iteration number -------- 98  -----------
lambda : 1.62221
max_diff => 0.0508524
performed mixing
Frob norm 1 after updating U: 3.93465
200 iterations
f(b) = 17.9302
Frob norm 2 after updating B : 3.93496
Iteration number -------- 99  -----------
lambda : 1.63032
max_diff => 0.0506797
performed mixing
Frob norm 1 after updating U: 3.93483
200 iterations
f(b) = 17.9414
Frob norm 2 after updating B : 3.9352
Iteration number -------- 100  -----------
lambda : 1.63848
max_diff => 0.0505318
