Academic license - for non-commercial use only
Frob norm 1 after updating U: 11.4555
200 iterations
f(b) = 72.3929
Frob norm 2 after updating B : 7.8608
Iteration number -------- 1  -----------
lambda : 1
max_diff => 0.157164
performed mixing
Frob norm 1 after updating U: 6.39025
200 iterations
f(b) = 64.0828
Frob norm 2 after updating B : 7.41585
Iteration number -------- 2  -----------
lambda : 1.005
max_diff => 0.150576
performed mixing
Frob norm 1 after updating U: 6.05093
200 iterations
f(b) = 56.9255
Frob norm 2 after updating B : 7.02335
Iteration number -------- 3  -----------
lambda : 1.01002
max_diff => 0.113826
performed mixing
Frob norm 1 after updating U: 5.78265
200 iterations
f(b) = 50.8243
Frob norm 2 after updating B : 6.62512
Iteration number -------- 4  -----------
lambda : 1.01508
max_diff => 0.100868
performed mixing
Frob norm 1 after updating U: 5.6526
200 iterations
f(b) = 46.3257
Frob norm 2 after updating B : 6.28449
Iteration number -------- 5  -----------
lambda : 1.02015
max_diff => 0.0938192
performed mixing
Frob norm 1 after updating U: 5.57715
200 iterations
f(b) = 42.0336
Frob norm 2 after updating B : 5.94389
Iteration number -------- 6  -----------
lambda : 1.02525
max_diff => 0.115998
performed mixing
Frob norm 1 after updating U: 5.03553
200 iterations
f(b) = 34.1267
Frob norm 2 after updating B : 5.40033
Iteration number -------- 7  -----------
lambda : 1.03038
max_diff => 0.09301
performed mixing
Frob norm 1 after updating U: 4.30922
200 iterations
f(b) = 30.1253
Frob norm 2 after updating B : 5.04585
Iteration number -------- 8  -----------
lambda : 1.03553
max_diff => 0.093479
performed mixing
Frob norm 1 after updating U: 4.18566
200 iterations
f(b) = 27.0807
Frob norm 2 after updating B : 4.76134
Iteration number -------- 9  -----------
lambda : 1.04071
max_diff => 0.100175
performed mixing
Frob norm 1 after updating U: 4.08143
200 iterations
f(b) = 24.7229
Frob norm 2 after updating B : 4.53754
Iteration number -------- 10  -----------
lambda : 1.04591
max_diff => 0.105107
performed mixing
Frob norm 1 after updating U: 3.99188
200 iterations
f(b) = 22.8543
Frob norm 2 after updating B : 4.33513
Iteration number -------- 11  -----------
lambda : 1.05114
max_diff => 0.107659
performed mixing
Frob norm 1 after updating U: 3.84973
200 iterations
f(b) = 21.3255
Frob norm 2 after updating B : 4.15927
Iteration number -------- 12  -----------
lambda : 1.0564
max_diff => 0.103028
performed mixing
Frob norm 1 after updating U: 3.75444
200 iterations
f(b) = 19.8507
Frob norm 2 after updating B : 4.01834
Iteration number -------- 13  -----------
lambda : 1.06168
max_diff => 0.0859475
performed mixing
Frob norm 1 after updating U: 3.57216
200 iterations
f(b) = 18.6964
Frob norm 2 after updating B : 3.86672
Iteration number -------- 14  -----------
lambda : 1.06699
max_diff => 0.0856981
performed mixing
Frob norm 1 after updating U: 3.56972
200 iterations
f(b) = 17.5078
Frob norm 2 after updating B : 3.76893
Iteration number -------- 15  -----------
lambda : 1.07232
max_diff => 0.0792012
performed mixing
Frob norm 1 after updating U: 3.43945
200 iterations
f(b) = 16.7541
Frob norm 2 after updating B : 3.66049
Iteration number -------- 16  -----------
lambda : 1.07768
max_diff => 0.0791702
performed mixing
Frob norm 1 after updating U: 3.4379
200 iterations
f(b) = 15.8393
Frob norm 2 after updating B : 3.62156
Iteration number -------- 17  -----------
lambda : 1.08307
max_diff => 0.0708935
performed mixing
Frob norm 1 after updating U: 3.35063
200 iterations
f(b) = 15.2498
Frob norm 2 after updating B : 3.53365
Iteration number -------- 18  -----------
lambda : 1.08849
max_diff => 0.0708448
performed mixing
Frob norm 1 after updating U: 3.34982
200 iterations
f(b) = 14.8355
Frob norm 2 after updating B : 3.47449
Iteration number -------- 19  -----------
lambda : 1.09393
max_diff => 0.0705661
performed mixing
Frob norm 1 after updating U: 3.34771
200 iterations
f(b) = 14.1368
Frob norm 2 after updating B : 3.46134
Iteration number -------- 20  -----------
lambda : 1.0994
max_diff => 0.0557668
performed mixing
Frob norm 1 after updating U: 3.28024
200 iterations
f(b) = 13.7652
Frob norm 2 after updating B : 3.4019
Iteration number -------- 21  -----------
lambda : 1.1049
max_diff => 0.0559956
performed mixing
Frob norm 1 after updating U: 3.27957
200 iterations
f(b) = 13.5019
Frob norm 2 after updating B : 3.36213
Iteration number -------- 22  -----------
lambda : 1.11042
max_diff => 0.0562
performed mixing
Frob norm 1 after updating U: 3.27902
200 iterations
f(b) = 13.2395
Frob norm 2 after updating B : 3.33765
Iteration number -------- 23  -----------
lambda : 1.11597
max_diff => 0.0589627
performed mixing
Frob norm 1 after updating U: 3.2709
200 iterations
f(b) = 13.0949
Frob norm 2 after updating B : 3.31569
Iteration number -------- 24  -----------
lambda : 1.12155
max_diff => 0.0592767
performed mixing
Frob norm 1 after updating U: 3.26963
200 iterations
f(b) = 13.0156
Frob norm 2 after updating B : 3.30102
Iteration number -------- 25  -----------
lambda : 1.12716
max_diff => 0.0593909
performed mixing
Frob norm 1 after updating U: 3.26931
200 iterations
f(b) = 12.9532
Frob norm 2 after updating B : 3.29065
Iteration number -------- 26  -----------
lambda : 1.1328
max_diff => 0.0595723
performed mixing
Frob norm 1 after updating U: 3.2685
200 iterations
f(b) = 12.9155
Frob norm 2 after updating B : 3.2838
Iteration number -------- 27  -----------
lambda : 1.13846
max_diff => 0.059673
performed mixing
Frob norm 1 after updating U: 3.26819
200 iterations
f(b) = 12.8906
Frob norm 2 after updating B : 3.27898
Iteration number -------- 28  -----------
lambda : 1.14415
max_diff => 0.0598065
performed mixing
Frob norm 1 after updating U: 3.26778
200 iterations
f(b) = 12.8728
Frob norm 2 after updating B : 3.27508
Iteration number -------- 29  -----------
lambda : 1.14987
max_diff => 0.0599842
performed mixing
Frob norm 1 after updating U: 3.26691
200 iterations
f(b) = 12.7903
Frob norm 2 after updating B : 3.27101
Iteration number -------- 30  -----------
lambda : 1.15562
max_diff => 0.0609482
performed mixing
Frob norm 1 after updating U: 3.26362
200 iterations
f(b) = 12.8084
Frob norm 2 after updating B : 3.26859
Iteration number -------- 31  -----------
lambda : 1.1614
max_diff => 0.0610323
performed mixing
Frob norm 1 after updating U: 3.26322
200 iterations
f(b) = 12.8102
Frob norm 2 after updating B : 3.26694
Iteration number -------- 32  -----------
lambda : 1.16721
max_diff => 0.0610817
performed mixing
Frob norm 1 after updating U: 3.263
200 iterations
f(b) = 12.7926
Frob norm 2 after updating B : 3.2659
Iteration number -------- 33  -----------
lambda : 1.17304
max_diff => 0.0611834
performed mixing
Frob norm 1 after updating U: 3.26292
200 iterations
f(b) = 12.7421
Frob norm 2 after updating B : 3.26372
Iteration number -------- 34  -----------
lambda : 1.17891
max_diff => 0.0613866
performed mixing
Frob norm 1 after updating U: 3.26138
200 iterations
f(b) = 12.8084
Frob norm 2 after updating B : 3.26275
Iteration number -------- 35  -----------
lambda : 1.1848
max_diff => 0.0614632
performed mixing
Frob norm 1 after updating U: 3.26097
200 iterations
f(b) = 12.8124
Frob norm 2 after updating B : 3.26186
Iteration number -------- 36  -----------
lambda : 1.19073
max_diff => 0.0615445
performed mixing
Frob norm 1 after updating U: 3.26049
200 iterations
f(b) = 12.8205
Frob norm 2 after updating B : 3.26117
Iteration number -------- 37  -----------
lambda : 1.19668
max_diff => 0.0616115
performed mixing
Frob norm 1 after updating U: 3.2601
200 iterations
f(b) = 12.8272
Frob norm 2 after updating B : 3.26038
Iteration number -------- 38  -----------
lambda : 1.20266
max_diff => 0.0616705
performed mixing
Frob norm 1 after updating U: 3.25954
200 iterations
f(b) = 12.8306
Frob norm 2 after updating B : 3.25851
Iteration number -------- 39  -----------
lambda : 1.20868
max_diff => 0.0617745
performed mixing
Frob norm 1 after updating U: 3.25781
200 iterations
f(b) = 12.8328
Frob norm 2 after updating B : 3.25817
Iteration number -------- 40  -----------
lambda : 1.21472
max_diff => 0.0618285
performed mixing
Frob norm 1 after updating U: 3.2576
200 iterations
f(b) = 12.8416
Frob norm 2 after updating B : 3.25764
Iteration number -------- 41  -----------
lambda : 1.22079
max_diff => 0.06191
performed mixing
Frob norm 1 after updating U: 3.25717
200 iterations
f(b) = 12.8528
Frob norm 2 after updating B : 3.25752
Iteration number -------- 42  -----------
lambda : 1.2269
max_diff => 0.0619401
performed mixing
Frob norm 1 after updating U: 3.25714
200 iterations
f(b) = 12.8614
Frob norm 2 after updating B : 3.25709
Iteration number -------- 43  -----------
lambda : 1.23303
max_diff => 0.0619745
performed mixing
Frob norm 1 after updating U: 3.25678
200 iterations
f(b) = 12.865
Frob norm 2 after updating B : 3.25653
Iteration number -------- 44  -----------
lambda : 1.2392
max_diff => 0.0620237
performed mixing
Frob norm 1 after updating U: 3.25629
200 iterations
f(b) = 12.8624
Frob norm 2 after updating B : 3.25516
Iteration number -------- 45  -----------
lambda : 1.24539
max_diff => 0.062101
performed mixing
Frob norm 1 after updating U: 3.25493
200 iterations
f(b) = 12.8798
Frob norm 2 after updating B : 3.25471
Iteration number -------- 46  -----------
lambda : 1.25162
max_diff => 0.0621396
performed mixing
Frob norm 1 after updating U: 3.25451
200 iterations
f(b) = 12.8791
Frob norm 2 after updating B : 3.25394
Iteration number -------- 47  -----------
lambda : 1.25788
max_diff => 0.0621846
performed mixing
Frob norm 1 after updating U: 3.2537
200 iterations
f(b) = 12.8896
Frob norm 2 after updating B : 3.25332
Iteration number -------- 48  -----------
lambda : 1.26417
max_diff => 0.0622343
performed mixing
Frob norm 1 after updating U: 3.2531
200 iterations
f(b) = 12.8125
Frob norm 2 after updating B : 3.26474
Iteration number -------- 49  -----------
lambda : 1.27049
max_diff => 0.0624942
performed mixing
Frob norm 1 after updating U: 3.25832
200 iterations
f(b) = 12.6656
Frob norm 2 after updating B : 3.20993
Iteration number -------- 50  -----------
lambda : 1.27684
max_diff => 0.0609175
performed mixing
Frob norm 1 after updating U: 3.20149
200 iterations
f(b) = 11.7856
Frob norm 2 after updating B : 3.04121
Iteration number -------- 51  -----------
lambda : 1.28323
max_diff => 0.0620977
performed mixing
Frob norm 1 after updating U: 2.94041
200 iterations
f(b) = 10.2256
Frob norm 2 after updating B : 2.87704
Iteration number -------- 52  -----------
lambda : 1.28964
max_diff => 0.0576615
performed mixing
Frob norm 1 after updating U: 2.79124
200 iterations
f(b) = 10.0638
Frob norm 2 after updating B : 2.84691
Iteration number -------- 53  -----------
lambda : 1.29609
max_diff => 0.0576524
performed mixing
Frob norm 1 after updating U: 2.7893
200 iterations
f(b) = 9.964
Frob norm 2 after updating B : 2.82712
Iteration number -------- 54  -----------
lambda : 1.30257
max_diff => 0.0576737
performed mixing
Frob norm 1 after updating U: 2.78915
200 iterations
f(b) = 9.88485
Frob norm 2 after updating B : 2.81357
Iteration number -------- 55  -----------
lambda : 1.30908
max_diff => 0.0576999
performed mixing
Frob norm 1 after updating U: 2.78822
200 iterations
f(b) = 9.85139
Frob norm 2 after updating B : 2.80465
Iteration number -------- 56  -----------
lambda : 1.31563
max_diff => 0.0577226
performed mixing
Frob norm 1 after updating U: 2.78767
200 iterations
f(b) = 9.82347
Frob norm 2 after updating B : 2.79793
Iteration number -------- 57  -----------
lambda : 1.32221
max_diff => 0.0577433
performed mixing
Frob norm 1 after updating U: 2.78641
200 iterations
f(b) = 9.79958
Frob norm 2 after updating B : 2.79324
Iteration number -------- 58  -----------
lambda : 1.32882
max_diff => 0.0577894
performed mixing
Frob norm 1 after updating U: 2.78527
200 iterations
f(b) = 9.63813
Frob norm 2 after updating B : 2.76561
Iteration number -------- 59  -----------
lambda : 1.33546
max_diff => 0.0597993
performed mixing
Frob norm 1 after updating U: 2.75642
200 iterations
f(b) = 9.64169
Frob norm 2 after updating B : 2.76185
Iteration number -------- 60  -----------
lambda : 1.34214
max_diff => 0.059921
performed mixing
Frob norm 1 after updating U: 2.75554
200 iterations
f(b) = 9.61711
Frob norm 2 after updating B : 2.7524
Iteration number -------- 61  -----------
lambda : 1.34885
max_diff => 0.0606867
performed mixing
Frob norm 1 after updating U: 2.74753
200 iterations
f(b) = 8.6783
Frob norm 2 after updating B : 2.67332
Iteration number -------- 62  -----------
lambda : 1.35559
max_diff => 0.0600998
performed mixing
Frob norm 1 after updating U: 2.64285
200 iterations
f(b) = 8.39868
Frob norm 2 after updating B : 2.66083
Iteration number -------- 63  -----------
lambda : 1.36237
max_diff => 0.0598781
performed mixing
Frob norm 1 after updating U: 2.63996
200 iterations
f(b) = 8.41454
Frob norm 2 after updating B : 2.6537
Iteration number -------- 64  -----------
lambda : 1.36918
max_diff => 0.0598966
performed mixing
Frob norm 1 after updating U: 2.64023
200 iterations
f(b) = 8.39692
Frob norm 2 after updating B : 2.64903
Iteration number -------- 65  -----------
lambda : 1.37603
max_diff => 0.0599243
performed mixing
Frob norm 1 after updating U: 2.64028
200 iterations
f(b) = 8.38251
Frob norm 2 after updating B : 2.6458
Iteration number -------- 66  -----------
lambda : 1.38291
max_diff => 0.0599815
performed mixing
Frob norm 1 after updating U: 2.64002
200 iterations
f(b) = 8.37891
Frob norm 2 after updating B : 2.64378
Iteration number -------- 67  -----------
lambda : 1.38982
max_diff => 0.0600056
performed mixing
Frob norm 1 after updating U: 2.63996
200 iterations
f(b) = 8.38209
Frob norm 2 after updating B : 2.64257
Iteration number -------- 68  -----------
lambda : 1.39677
max_diff => 0.0600421
performed mixing
Frob norm 1 after updating U: 2.64002
200 iterations
f(b) = 8.38302
Frob norm 2 after updating B : 2.64152
Iteration number -------- 69  -----------
lambda : 1.40376
max_diff => 0.0600739
performed mixing
Frob norm 1 after updating U: 2.6398
200 iterations
f(b) = 8.39015
Frob norm 2 after updating B : 2.64093
Iteration number -------- 70  -----------
lambda : 1.41078
max_diff => 0.0601056
performed mixing
Frob norm 1 after updating U: 2.63977
200 iterations
f(b) = 8.38999
Frob norm 2 after updating B : 2.6404
Iteration number -------- 71  -----------
lambda : 1.41783
max_diff => 0.0601576
performed mixing
Frob norm 1 after updating U: 2.63957
200 iterations
f(b) = 8.39012
Frob norm 2 after updating B : 2.63998
Iteration number -------- 72  -----------
lambda : 1.42492
max_diff => 0.0602085
performed mixing
Frob norm 1 after updating U: 2.63936
200 iterations
f(b) = 8.39939
Frob norm 2 after updating B : 2.64015
Iteration number -------- 73  -----------
lambda : 1.43204
max_diff => 0.060252
performed mixing
Frob norm 1 after updating U: 2.63965
200 iterations
f(b) = 8.38495
Frob norm 2 after updating B : 2.64004
Iteration number -------- 74  -----------
lambda : 1.4392
max_diff => 0.0603036
performed mixing
Frob norm 1 after updating U: 2.63962
200 iterations
f(b) = 8.40327
Frob norm 2 after updating B : 2.63411
Iteration number -------- 75  -----------
lambda : 1.4464
max_diff => 0.0604307
performed mixing
Frob norm 1 after updating U: 2.63347
200 iterations
f(b) = 8.43175
Frob norm 2 after updating B : 2.63523
Iteration number -------- 76  -----------
lambda : 1.45363
max_diff => 0.0604667
performed mixing
Frob norm 1 after updating U: 2.63472
200 iterations
f(b) = 8.42438
Frob norm 2 after updating B : 2.63584
Iteration number -------- 77  -----------
lambda : 1.4609
max_diff => 0.0605133
performed mixing
Frob norm 1 after updating U: 2.63543
200 iterations
f(b) = 8.42292
Frob norm 2 after updating B : 2.63677
Iteration number -------- 78  -----------
lambda : 1.46821
max_diff => 0.0606026
performed mixing
Frob norm 1 after updating U: 2.63643
200 iterations
f(b) = 8.39764
Frob norm 2 after updating B : 2.63876
Iteration number -------- 79  -----------
lambda : 1.47555
max_diff => 0.0608368
performed mixing
Frob norm 1 after updating U: 2.63798
200 iterations
f(b) = 8.43049
Frob norm 2 after updating B : 2.63851
Iteration number -------- 80  -----------
lambda : 1.48292
max_diff => 0.0608679
performed mixing
Frob norm 1 after updating U: 2.63794
200 iterations
f(b) = 8.4441
Frob norm 2 after updating B : 2.63827
Iteration number -------- 81  -----------
lambda : 1.49034
max_diff => 0.060878
performed mixing
Frob norm 1 after updating U: 2.63787
200 iterations
f(b) = 8.38145
Frob norm 2 after updating B : 2.63816
Iteration number -------- 82  -----------
lambda : 1.49779
max_diff => 0.060899
performed mixing
Frob norm 1 after updating U: 2.63785
200 iterations
f(b) = 8.44351
Frob norm 2 after updating B : 2.63805
Iteration number -------- 83  -----------
lambda : 1.50528
max_diff => 0.0609537
performed mixing
Frob norm 1 after updating U: 2.63776
200 iterations
f(b) = 8.45599
Frob norm 2 after updating B : 2.63809
Iteration number -------- 84  -----------
lambda : 1.51281
max_diff => 0.060965
performed mixing
Frob norm 1 after updating U: 2.63787
200 iterations
f(b) = 8.45668
Frob norm 2 after updating B : 2.63817
Iteration number -------- 85  -----------
lambda : 1.52037
max_diff => 0.0610095
performed mixing
Frob norm 1 after updating U: 2.63796
200 iterations
f(b) = 8.46138
Frob norm 2 after updating B : 2.63829
Iteration number -------- 86  -----------
lambda : 1.52797
max_diff => 0.0610599
performed mixing
Frob norm 1 after updating U: 2.63806
200 iterations
f(b) = 8.46783
Frob norm 2 after updating B : 2.63833
Iteration number -------- 87  -----------
lambda : 1.53561
max_diff => 0.0610941
performed mixing
Frob norm 1 after updating U: 2.63813
200 iterations
f(b) = 8.47271
Frob norm 2 after updating B : 2.6386
Iteration number -------- 88  -----------
lambda : 1.54329
max_diff => 0.0611309
performed mixing
Frob norm 1 after updating U: 2.63839
200 iterations
f(b) = 8.4826
Frob norm 2 after updating B : 2.63872
Iteration number -------- 89  -----------
lambda : 1.55101
max_diff => 0.0611564
performed mixing
Frob norm 1 after updating U: 2.63854
200 iterations
f(b) = 8.47334
Frob norm 2 after updating B : 2.64246
Iteration number -------- 90  -----------
lambda : 1.55876
max_diff => 0.0611902
performed mixing
Frob norm 1 after updating U: 2.64205
200 iterations
f(b) = 8.44196
Frob norm 2 after updating B : 2.64209
Iteration number -------- 91  -----------
lambda : 1.56655
max_diff => 0.0612337
performed mixing
Frob norm 1 after updating U: 2.64175
200 iterations
f(b) = 8.49675
Frob norm 2 after updating B : 2.64181
Iteration number -------- 92  -----------
lambda : 1.57439
max_diff => 0.0612559
performed mixing
Frob norm 1 after updating U: 2.64156
200 iterations
f(b) = 8.46118
Frob norm 2 after updating B : 2.64137
Iteration number -------- 93  -----------
lambda : 1.58226
max_diff => 0.0612944
performed mixing
Frob norm 1 after updating U: 2.64115
200 iterations
f(b) = 8.50943
Frob norm 2 after updating B : 2.6414
Iteration number -------- 94  -----------
lambda : 1.59017
max_diff => 0.0613131
performed mixing
Frob norm 1 after updating U: 2.64121
200 iterations
f(b) = 8.52473
Frob norm 2 after updating B : 2.64129
Iteration number -------- 95  -----------
lambda : 1.59812
max_diff => 0.0613238
performed mixing
Frob norm 1 after updating U: 2.64116
200 iterations
f(b) = 8.52497
Frob norm 2 after updating B : 2.64124
Iteration number -------- 96  -----------
lambda : 1.60611
max_diff => 0.0613452
performed mixing
Frob norm 1 after updating U: 2.64113
200 iterations
f(b) = 8.52851
Frob norm 2 after updating B : 2.64121
Iteration number -------- 97  -----------
lambda : 1.61414
max_diff => 0.061364
performed mixing
Frob norm 1 after updating U: 2.64112
200 iterations
f(b) = 8.45574
Frob norm 2 after updating B : 2.6409
Iteration number -------- 98  -----------
lambda : 1.62221
max_diff => 0.0614465
performed mixing
Frob norm 1 after updating U: 2.64076
200 iterations
f(b) = 8.54565
Frob norm 2 after updating B : 2.6407
Iteration number -------- 99  -----------
lambda : 1.63032
max_diff => 0.0614656
performed mixing
Frob norm 1 after updating U: 2.64058
200 iterations
f(b) = 8.54936
Frob norm 2 after updating B : 2.64065
Iteration number -------- 100  -----------
lambda : 1.63848
max_diff => 0.0614976
