Academic license - for non-commercial use only
Frob norm 1 after updating U: 11.451
200 iterations
f(b) = 72.6756
Frob norm 2 after updating B : 7.76905
Iteration number -------- 1  -----------
lambda : 1
max_diff => 0.151788
performed mixing
Frob norm 1 after updating U: 6.31955
200 iterations
f(b) = 63.3909
Frob norm 2 after updating B : 7.32168
Iteration number -------- 2  -----------
lambda : 1.005
max_diff => 0.110277
performed mixing
Frob norm 1 after updating U: 5.8892
200 iterations
f(b) = 56.0243
Frob norm 2 after updating B : 6.87758
Iteration number -------- 3  -----------
lambda : 1.01002
max_diff => 0.111829
performed mixing
Frob norm 1 after updating U: 5.67396
200 iterations
f(b) = 50.1574
Frob norm 2 after updating B : 6.52027
Iteration number -------- 4  -----------
lambda : 1.01508
max_diff => 0.122738
performed mixing
Frob norm 1 after updating U: 5.46324
200 iterations
f(b) = 44.9626
Frob norm 2 after updating B : 6.2151
Iteration number -------- 5  -----------
lambda : 1.02015
max_diff => 0.105712
performed mixing
Frob norm 1 after updating U: 5.23745
200 iterations
f(b) = 40.7711
Frob norm 2 after updating B : 5.90187
Iteration number -------- 6  -----------
lambda : 1.02525
max_diff => 0.103037
performed mixing
Frob norm 1 after updating U: 5.17242
200 iterations
f(b) = 37.4554
Frob norm 2 after updating B : 5.6668
Iteration number -------- 7  -----------
lambda : 1.03038
max_diff => 0.0929779
performed mixing
Frob norm 1 after updating U: 5.04288
200 iterations
f(b) = 34.3715
Frob norm 2 after updating B : 5.41429
Iteration number -------- 8  -----------
lambda : 1.03553
max_diff => 0.0792192
performed mixing
Frob norm 1 after updating U: 4.88557
200 iterations
f(b) = 32.4398
Frob norm 2 after updating B : 5.23367
Iteration number -------- 9  -----------
lambda : 1.04071
max_diff => 0.0786039
performed mixing
Frob norm 1 after updating U: 4.88028
200 iterations
f(b) = 30.7427
Frob norm 2 after updating B : 5.10559
Iteration number -------- 10  -----------
lambda : 1.04591
max_diff => 0.0628055
performed mixing
Frob norm 1 after updating U: 4.73055
200 iterations
f(b) = 26.5288
Frob norm 2 after updating B : 4.74019
Iteration number -------- 11  -----------
lambda : 1.05114
max_diff => 0.0719475
performed mixing
Frob norm 1 after updating U: 3.87082
200 iterations
f(b) = 23.5387
Frob norm 2 after updating B : 4.46678
Iteration number -------- 12  -----------
lambda : 1.0564
max_diff => 0.0733775
performed mixing
Frob norm 1 after updating U: 3.81575
200 iterations
f(b) = 21.3055
Frob norm 2 after updating B : 4.27102
Iteration number -------- 13  -----------
lambda : 1.06168
max_diff => 0.0809485
performed mixing
Frob norm 1 after updating U: 3.6735
200 iterations
f(b) = 19.151
Frob norm 2 after updating B : 4.08248
Iteration number -------- 14  -----------
lambda : 1.06699
max_diff => 0.08235
performed mixing
Frob norm 1 after updating U: 3.41834
200 iterations
f(b) = 16.1264
Frob norm 2 after updating B : 3.79027
Iteration number -------- 15  -----------
lambda : 1.07232
max_diff => 0.0539467
performed mixing
Frob norm 1 after updating U: 3.07116
200 iterations
f(b) = 14.2599
Frob norm 2 after updating B : 3.57115
Iteration number -------- 16  -----------
lambda : 1.07768
max_diff => 0.0528372
performed mixing
Frob norm 1 after updating U: 3.0623
200 iterations
f(b) = 13.0892
Frob norm 2 after updating B : 3.40316
Iteration number -------- 17  -----------
lambda : 1.08307
max_diff => 0.0524205
performed mixing
Frob norm 1 after updating U: 3.05946
200 iterations
f(b) = 12.0477
Frob norm 2 after updating B : 3.2809
Iteration number -------- 18  -----------
lambda : 1.08849
max_diff => 0.0606879
performed mixing
Frob norm 1 after updating U: 2.99102
200 iterations
f(b) = 11.2342
Frob norm 2 after updating B : 3.18105
Iteration number -------- 19  -----------
lambda : 1.09393
max_diff => 0.062422
performed mixing
Frob norm 1 after updating U: 2.94649
200 iterations
f(b) = 10.775
Frob norm 2 after updating B : 3.10111
Iteration number -------- 20  -----------
lambda : 1.0994
max_diff => 0.0623786
performed mixing
Frob norm 1 after updating U: 2.94479
200 iterations
f(b) = 10.0861
Frob norm 2 after updating B : 3.04285
Iteration number -------- 21  -----------
lambda : 1.1049
max_diff => 0.0642383
performed mixing
Frob norm 1 after updating U: 2.86971
200 iterations
f(b) = 9.78052
Frob norm 2 after updating B : 2.9834
Iteration number -------- 22  -----------
lambda : 1.11042
max_diff => 0.0641317
performed mixing
Frob norm 1 after updating U: 2.86932
200 iterations
f(b) = 9.53607
Frob norm 2 after updating B : 2.94368
Iteration number -------- 23  -----------
lambda : 1.11597
max_diff => 0.0641188
performed mixing
Frob norm 1 after updating U: 2.86727
200 iterations
f(b) = 9.12724
Frob norm 2 after updating B : 2.89971
Iteration number -------- 24  -----------
lambda : 1.12155
max_diff => 0.0644971
performed mixing
Frob norm 1 after updating U: 2.81646
200 iterations
f(b) = 7.36378
Frob norm 2 after updating B : 2.57627
Iteration number -------- 25  -----------
lambda : 1.12716
max_diff => 0.0803737
performed mixing
Frob norm 1 after updating U: 2.20136
200 iterations
f(b) = 6.39718
Frob norm 2 after updating B : 2.42839
Iteration number -------- 26  -----------
lambda : 1.1328
max_diff => 0.0699447
performed mixing
Frob norm 1 after updating U: 2.05594
200 iterations
f(b) = 5.25097
Frob norm 2 after updating B : 2.20813
Iteration number -------- 27  -----------
lambda : 1.13846
max_diff => 0.0250164
performed mixing
Frob norm 1 after updating U: 1.80661
200 iterations
f(b) = 4.57058
Frob norm 2 after updating B : 2.04064
Iteration number -------- 28  -----------
lambda : 1.14415
max_diff => 0.0493392
performed mixing
Frob norm 1 after updating U: 1.72522
200 iterations
f(b) = 2.77014
Frob norm 2 after updating B : 1.55275
Iteration number -------- 29  -----------
lambda : 1.14987
max_diff => 0.042641
performed mixing
Frob norm 1 after updating U: 0.993072
200 iterations
f(b) = 1.89941
Frob norm 2 after updating B : 1.35619
Iteration number -------- 30  -----------
lambda : 1.15562
max_diff => 2.35649e-05
performed mixing
Frob norm 1 after updating U: 0.911626
200 iterations
f(b) = 1.57027
Frob norm 2 after updating B : 1.21359
Iteration number -------- 31  -----------
lambda : 1.1614
max_diff => 8.24915e-05
performed mixing
Frob norm 1 after updating U: 0.909529
200 iterations
f(b) = 1.34963
Frob norm 2 after updating B : 1.11467
Iteration number -------- 32  -----------
lambda : 1.16721
max_diff => 4.61529e-05
performed mixing
Frob norm 1 after updating U: 0.910614
200 iterations
f(b) = 1.20038
Frob norm 2 after updating B : 1.04639
Iteration number -------- 33  -----------
lambda : 1.17304
max_diff => 3.35901e-05
performed mixing
Frob norm 1 after updating U: 0.911172
200 iterations
f(b) = 1.10001
Frob norm 2 after updating B : 1.002
Iteration number -------- 34  -----------
lambda : 1.17891
max_diff => 1.13658e-06
performed mixing
Frob norm 1 after updating U: 0.91352
200 iterations
f(b) = 1.03721
Frob norm 2 after updating B : 0.971555
Iteration number -------- 35  -----------
lambda : 1.1848
max_diff => 1.06428e-07
performed mixing
Frob norm 1 after updating U: 0.913968
200 iterations
f(b) = 1.00225
Frob norm 2 after updating B : 0.95129
Iteration number -------- 36  -----------
lambda : 1.19073
max_diff => 1.00015e-07
performed mixing
Frob norm 1 after updating U: 0.913983
200 iterations
f(b) = 0.942184
Frob norm 2 after updating B : 0.937945
Iteration number -------- 37  -----------
lambda : 1.19668
max_diff => 1.82321e-07
performed mixing
Frob norm 1 after updating U: 0.913883
200 iterations
f(b) = 0.945917
Frob norm 2 after updating B : 0.929373
Iteration number -------- 38  -----------
lambda : 1.20266
max_diff => 1.92354e-07
performed mixing
Frob norm 1 after updating U: 0.91387
200 iterations
f(b) = 0.906772
Frob norm 2 after updating B : 0.923857
Iteration number -------- 39  -----------
lambda : 1.20868
max_diff => 1.56533e-07
performed mixing
Frob norm 1 after updating U: 0.913883
200 iterations
f(b) = 0.933329
Frob norm 2 after updating B : 0.920394
Iteration number -------- 40  -----------
lambda : 1.21472
max_diff => 9.998e-08
performed mixing
Frob norm 1 after updating U: 0.913982
200 iterations
f(b) = 0.892122
Frob norm 2 after updating B : 0.918079
Iteration number -------- 41  -----------
lambda : 1.22079
max_diff => 1.18459e-07
performed mixing
Frob norm 1 after updating U: 0.913956
200 iterations
f(b) = 0.941469
Frob norm 2 after updating B : 0.916628
Iteration number -------- 42  -----------
lambda : 1.2269
max_diff => 1.01345e-07
performed mixing
Frob norm 1 after updating U: 0.91398
200 iterations
f(b) = 0.897836
Frob norm 2 after updating B : 0.915692
Iteration number -------- 43  -----------
lambda : 1.23303
max_diff => 1.00358e-07
performed mixing
Frob norm 1 after updating U: 0.913981
200 iterations
f(b) = 0.898618
Frob norm 2 after updating B : 0.915083
Iteration number -------- 44  -----------
lambda : 1.2392
max_diff => 1.0005e-07
performed mixing
Frob norm 1 after updating U: 0.913982
200 iterations
f(b) = 0.918417
Frob norm 2 after updating B : 0.914677
Iteration number -------- 45  -----------
lambda : 1.24539
max_diff => 1.11763e-07
performed mixing
Frob norm 1 after updating U: 0.913969
200 iterations
f(b) = 0.889587
Frob norm 2 after updating B : 0.914427
Iteration number -------- 46  -----------
lambda : 1.25162
max_diff => 1.19256e-07
performed mixing
Frob norm 1 after updating U: 0.913967
200 iterations
f(b) = 0.0326947
Frob norm 2 after updating B : 0.0269554
Iteration number -------- 47  -----------
lambda : 1.25788
max_diff => 9.998e-08
performed mixing
Frob norm 1 after updating U: 0.0130644
200 iterations
f(b) = 0.0519719
Frob norm 2 after updating B : 0.0229448
Iteration number -------- 48  -----------
lambda : 1.26417
max_diff => 9.998e-08
performed mixing
Frob norm 1 after updating U: 0.012978
200 iterations
f(b) = 0.0417078
Frob norm 2 after updating B : 0.0200984
Iteration number -------- 49  -----------
lambda : 1.27049
max_diff => 9.998e-08
performed mixing
Frob norm 1 after updating U: 0.0129213
200 iterations
f(b) = 0.0508406
Frob norm 2 after updating B : 0.0179676
Iteration number -------- 50  -----------
lambda : 1.27684
max_diff => 9.998e-08
performed mixing
Frob norm 1 after updating U: 0.0130067
200 iterations
f(b) = 0.0398216
Frob norm 2 after updating B : 0.0164882
Iteration number -------- 51  -----------
lambda : 1.28323
max_diff => 9.998e-08
performed mixing
Frob norm 1 after updating U: 0.0130501
200 iterations
f(b) = 0.049547
Frob norm 2 after updating B : 0.0153348
Iteration number -------- 52  -----------
lambda : 1.28964
max_diff => 9.998e-08
performed mixing
Frob norm 1 after updating U: 0.0129795
200 iterations
f(b) = 0.0553211
Frob norm 2 after updating B : 0.0146052
Iteration number -------- 53  -----------
lambda : 1.29609
max_diff => 9.998e-08
performed mixing
Frob norm 1 after updating U: 0.0130162
200 iterations
f(b) = 0.0552315
Frob norm 2 after updating B : 0.0140329
Iteration number -------- 54  -----------
lambda : 1.30257
max_diff => 9.998e-08
performed mixing
Frob norm 1 after updating U: 0.0129738
200 iterations
f(b) = 0.0524559
Frob norm 2 after updating B : 0.0137368
Iteration number -------- 55  -----------
lambda : 1.30908
max_diff => 9.998e-08
performed mixing
Frob norm 1 after updating U: 0.0129796
200 iterations
f(b) = 0.0444993
Frob norm 2 after updating B : 0.0135175
Iteration number -------- 56  -----------
lambda : 1.31563
max_diff => 9.998e-08
performed mixing
Frob norm 1 after updating U: 0.0130112
200 iterations
f(b) = 0.0544127
Frob norm 2 after updating B : 0.0133037
Iteration number -------- 57  -----------
lambda : 1.32221
max_diff => 9.998e-08
performed mixing
Frob norm 1 after updating U: 0.0129479
200 iterations
f(b) = 0.0435117
Frob norm 2 after updating B : 0.0132422
Iteration number -------- 58  -----------
lambda : 1.32882
max_diff => 9.998e-08
performed mixing
Frob norm 1 after updating U: 0.0129845
200 iterations
f(b) = 0.0565847
Frob norm 2 after updating B : 0.0130909
Iteration number -------- 59  -----------
lambda : 1.33546
max_diff => 9.998e-08
performed mixing
Frob norm 1 after updating U: 0.0129132
200 iterations
f(b) = 0.0562001
Frob norm 2 after updating B : 0.0130608
Iteration number -------- 60  -----------
lambda : 1.34214
max_diff => 9.998e-08
performed mixing
Frob norm 1 after updating U: 0.0129285
200 iterations
f(b) = 0.0572166
Frob norm 2 after updating B : 0.0129955
Iteration number -------- 61  -----------
lambda : 1.34885
max_diff => 9.998e-08
performed mixing
Frob norm 1 after updating U: 0.0129166
200 iterations
f(b) = 0.0563679
Frob norm 2 after updating B : 0.0129777
Iteration number -------- 62  -----------
lambda : 1.35559
max_diff => 9.998e-08
performed mixing
Frob norm 1 after updating U: 0.0129016
200 iterations
f(b) = 0.0495378
Frob norm 2 after updating B : 0.0129587
Iteration number -------- 63  -----------
lambda : 1.36237
max_diff => 9.998e-08
performed mixing
Frob norm 1 after updating U: 0.0129075
200 iterations
f(b) = 0.056831
Frob norm 2 after updating B : 0.0129468
Iteration number -------- 64  -----------
lambda : 1.36918
max_diff => 9.998e-08
performed mixing
Frob norm 1 after updating U: 0.0129161
200 iterations
f(b) = 0.0376105
Frob norm 2 after updating B : 0.0130371
Iteration number -------- 65  -----------
lambda : 1.37603
max_diff => 9.998e-08
performed mixing
Frob norm 1 after updating U: 0.012996
200 iterations
f(b) = 0.0501879
Frob norm 2 after updating B : 0.0129454
Iteration number -------- 66  -----------
lambda : 1.38291
max_diff => 9.998e-08
performed mixing
Frob norm 1 after updating U: 0.0129301
200 iterations
f(b) = 0.0555644
Frob norm 2 after updating B : 0.0129175
Iteration number -------- 67  -----------
lambda : 1.38982
max_diff => 9.998e-08
performed mixing
Frob norm 1 after updating U: 0.012901
200 iterations
f(b) = 0.0537488
Frob norm 2 after updating B : 0.0129678
Iteration number -------- 68  -----------
lambda : 1.39677
max_diff => 9.998e-08
performed mixing
Frob norm 1 after updating U: 0.012952
200 iterations
f(b) = 0.0553066
Frob norm 2 after updating B : 0.0128972
Iteration number -------- 69  -----------
lambda : 1.40376
max_diff => 9.998e-08
performed mixing
Frob norm 1 after updating U: 0.0128948
200 iterations
f(b) = 0.0443053
Frob norm 2 after updating B : 0.0129931
Iteration number -------- 70  -----------
lambda : 1.41078
max_diff => 9.998e-08
performed mixing
Frob norm 1 after updating U: 0.0129751
200 iterations
f(b) = 0.0592329
Frob norm 2 after updating B : 0.0129647
Iteration number -------- 71  -----------
lambda : 1.41783
max_diff => 9.998e-08
performed mixing
Frob norm 1 after updating U: 0.0129511
200 iterations
f(b) = 0.0507513
Frob norm 2 after updating B : 0.0129793
Iteration number -------- 72  -----------
lambda : 1.42492
max_diff => 9.998e-08
performed mixing
Frob norm 1 after updating U: 0.0129723
200 iterations
f(b) = 0.0587204
Frob norm 2 after updating B : 0.0129513
Iteration number -------- 73  -----------
lambda : 1.43204
max_diff => 9.998e-08
performed mixing
Frob norm 1 after updating U: 0.012947
200 iterations
f(b) = 0.0367343
Frob norm 2 after updating B : 0.013023
Iteration number -------- 74  -----------
lambda : 1.4392
max_diff => 9.998e-08
performed mixing
Frob norm 1 after updating U: 0.0130104
200 iterations
f(b) = 0.0599879
Frob norm 2 after updating B : 0.0129083
Iteration number -------- 75  -----------
lambda : 1.4464
max_diff => 9.998e-08
performed mixing
Frob norm 1 after updating U: 0.0128928
200 iterations
f(b) = 0.0609688
Frob norm 2 after updating B : 0.0128942
Iteration number -------- 76  -----------
lambda : 1.45363
max_diff => 9.998e-08
performed mixing
Frob norm 1 after updating U: 0.0128978
200 iterations
f(b) = 0.0614898
Frob norm 2 after updating B : 0.0128525
Iteration number -------- 77  -----------
lambda : 1.4609
max_diff => 9.998e-08
performed mixing
Frob norm 1 after updating U: 0.0128508
200 iterations
f(b) = 0.056398
Frob norm 2 after updating B : 0.0130122
Iteration number -------- 78  -----------
lambda : 1.46821
max_diff => 9.998e-08
performed mixing
Frob norm 1 after updating U: 0.012996
200 iterations
f(b) = 0.0482938
Frob norm 2 after updating B : 0.0130062
Iteration number -------- 79  -----------
lambda : 1.47555
max_diff => 9.998e-08
performed mixing
Frob norm 1 after updating U: 0.0129993
200 iterations
f(b) = 0.0643645
Frob norm 2 after updating B : 0.0128415
Iteration number -------- 80  -----------
lambda : 1.48292
max_diff => 9.998e-08
performed mixing
Frob norm 1 after updating U: 0.0128502
200 iterations
f(b) = 0.061436
Frob norm 2 after updating B : 0.0129226
Iteration number -------- 81  -----------
lambda : 1.49034
max_diff => 9.998e-08
performed mixing
Frob norm 1 after updating U: 0.0129137
200 iterations
f(b) = 0.0632403
Frob norm 2 after updating B : 0.0128682
Iteration number -------- 82  -----------
lambda : 1.49779
max_diff => 9.998e-08
performed mixing
Frob norm 1 after updating U: 0.0128726
200 iterations
f(b) = 0.0610868
Frob norm 2 after updating B : 0.0129182
Iteration number -------- 83  -----------
lambda : 1.50528
max_diff => 9.998e-08
performed mixing
Frob norm 1 after updating U: 0.0129142
200 iterations
f(b) = 0.0615748
Frob norm 2 after updating B : 0.0129741
Iteration number -------- 84  -----------
lambda : 1.51281
max_diff => 9.998e-08
performed mixing
Frob norm 1 after updating U: 0.0129695
200 iterations
f(b) = 0.054701
Frob norm 2 after updating B : 0.0129038
Iteration number -------- 85  -----------
lambda : 1.52037
max_diff => 9.998e-08
performed mixing
Frob norm 1 after updating U: 0.0129008
200 iterations
f(b) = 0.0544727
Frob norm 2 after updating B : 0.0129725
Iteration number -------- 86  -----------
lambda : 1.52797
max_diff => 9.998e-08
performed mixing
Frob norm 1 after updating U: 0.0129648
200 iterations
f(b) = 0.0609483
Frob norm 2 after updating B : 0.012963
Iteration number -------- 87  -----------
lambda : 1.53561
max_diff => 9.998e-08
performed mixing
Frob norm 1 after updating U: 0.0129609
200 iterations
f(b) = 0.0522876
Frob norm 2 after updating B : 0.0129707
Iteration number -------- 88  -----------
lambda : 1.54329
max_diff => 9.998e-08
performed mixing
Frob norm 1 after updating U: 0.0129586
200 iterations
f(b) = 0.0646046
Frob norm 2 after updating B : 0.0128926
Iteration number -------- 89  -----------
lambda : 1.55101
max_diff => 9.998e-08
performed mixing
Frob norm 1 after updating U: 0.0128995
200 iterations
f(b) = 0.0608477
Frob norm 2 after updating B : 0.0128826
Iteration number -------- 90  -----------
lambda : 1.55876
max_diff => 9.998e-08
performed mixing
Frob norm 1 after updating U: 0.0128815
200 iterations
f(b) = 0.0675313
Frob norm 2 after updating B : 0.0128367
Iteration number -------- 91  -----------
lambda : 1.56655
max_diff => 9.998e-08
performed mixing
Frob norm 1 after updating U: 0.012844
200 iterations
f(b) = 0.0581559
Frob norm 2 after updating B : 0.0129908
Iteration number -------- 92  -----------
lambda : 1.57439
max_diff => 9.998e-08
performed mixing
Frob norm 1 after updating U: 0.0129773
200 iterations
f(b) = 0.066527
Frob norm 2 after updating B : 0.0129155
Iteration number -------- 93  -----------
lambda : 1.58226
max_diff => 9.998e-08
performed mixing
Frob norm 1 after updating U: 0.0129179
200 iterations
f(b) = 0.0648821
Frob norm 2 after updating B : 0.0129088
Iteration number -------- 94  -----------
lambda : 1.59017
max_diff => 9.998e-08
performed mixing
Frob norm 1 after updating U: 0.0129068
200 iterations
f(b) = 0.0573468
Frob norm 2 after updating B : 0.0129598
Iteration number -------- 95  -----------
lambda : 1.59812
max_diff => 9.998e-08
performed mixing
Frob norm 1 after updating U: 0.0129581
200 iterations
f(b) = 0.0573451
Frob norm 2 after updating B : 0.012996
Iteration number -------- 96  -----------
lambda : 1.60611
max_diff => 9.998e-08
performed mixing
Frob norm 1 after updating U: 0.0129768
200 iterations
f(b) = 0.0626254
Frob norm 2 after updating B : 0.0129365
Iteration number -------- 97  -----------
lambda : 1.61414
max_diff => 9.998e-08
performed mixing
Frob norm 1 after updating U: 0.0129496
200 iterations
f(b) = 0.069605
Frob norm 2 after updating B : 0.0128705
Iteration number -------- 98  -----------
lambda : 1.62221
max_diff => 9.998e-08
performed mixing
Frob norm 1 after updating U: 0.0128775
200 iterations
f(b) = 0.0485741
Frob norm 2 after updating B : 0.0130474
Iteration number -------- 99  -----------
lambda : 1.63032
max_diff => 9.998e-08
performed mixing
Frob norm 1 after updating U: 0.0130168
200 iterations
f(b) = 0.0618738
Frob norm 2 after updating B : 0.0129222
Iteration number -------- 100  -----------
lambda : 1.63848
max_diff => 9.998e-08
