Academic license - for non-commercial use only
Frob norm 1 after updating U: 11.702
200 iterations
f(b) = 60.8795
Frob norm 2 after updating B : 7.41112
Iteration number -------- 1  -----------
lambda : 1
max_diff => 0.12944
performed mixing
Frob norm 1 after updating U: 6.73832
200 iterations
f(b) = 57.2406
Frob norm 2 after updating B : 7.17685
Iteration number -------- 2  -----------
lambda : 1.005
max_diff => 0.127058
performed mixing
Frob norm 1 after updating U: 6.6496
200 iterations
f(b) = 54.4182
Frob norm 2 after updating B : 6.99449
Iteration number -------- 3  -----------
lambda : 1.01002
max_diff => 0.123227
performed mixing
Frob norm 1 after updating U: 6.57164
200 iterations
f(b) = 52.241
Frob norm 2 after updating B : 6.84725
Iteration number -------- 4  -----------
lambda : 1.01508
max_diff => 0.121632
performed mixing
Frob norm 1 after updating U: 6.5141
200 iterations
f(b) = 50.5339
Frob norm 2 after updating B : 6.73348
Iteration number -------- 5  -----------
lambda : 1.02015
max_diff => 0.119453
performed mixing
Frob norm 1 after updating U: 6.46945
200 iterations
f(b) = 49.2492
Frob norm 2 after updating B : 6.64033
Iteration number -------- 6  -----------
lambda : 1.02525
max_diff => 0.118641
performed mixing
Frob norm 1 after updating U: 6.44422
200 iterations
f(b) = 48.2885
Frob norm 2 after updating B : 6.57003
Iteration number -------- 7  -----------
lambda : 1.03038
max_diff => 0.117761
performed mixing
Frob norm 1 after updating U: 6.41672
200 iterations
f(b) = 47.5579
Frob norm 2 after updating B : 6.51557
Iteration number -------- 8  -----------
lambda : 1.03553
max_diff => 0.117104
performed mixing
Frob norm 1 after updating U: 6.39812
200 iterations
f(b) = 47.0056
Frob norm 2 after updating B : 6.47378
Iteration number -------- 9  -----------
lambda : 1.04071
max_diff => 0.116511
performed mixing
Frob norm 1 after updating U: 6.38178
200 iterations
f(b) = 46.5703
Frob norm 2 after updating B : 6.44275
Iteration number -------- 10  -----------
lambda : 1.04591
max_diff => 0.115642
performed mixing
Frob norm 1 after updating U: 6.37156
200 iterations
f(b) = 46.2512
Frob norm 2 after updating B : 6.41687
Iteration number -------- 11  -----------
lambda : 1.05114
max_diff => 0.115385
performed mixing
Frob norm 1 after updating U: 6.36694
200 iterations
f(b) = 45.9799
Frob norm 2 after updating B : 6.39967
Iteration number -------- 12  -----------
lambda : 1.0564
max_diff => 0.113867
performed mixing
Frob norm 1 after updating U: 6.34748
200 iterations
f(b) = 45.7364
Frob norm 2 after updating B : 6.38341
Iteration number -------- 13  -----------
lambda : 1.06168
max_diff => 0.112468
performed mixing
Frob norm 1 after updating U: 6.33755
200 iterations
f(b) = 45.5566
Frob norm 2 after updating B : 6.36749
Iteration number -------- 14  -----------
lambda : 1.06699
max_diff => 0.112302
performed mixing
Frob norm 1 after updating U: 6.33659
200 iterations
f(b) = 45.3703
Frob norm 2 after updating B : 6.35499
Iteration number -------- 15  -----------
lambda : 1.07232
max_diff => 0.109597
performed mixing
Frob norm 1 after updating U: 6.31092
200 iterations
f(b) = 45.1864
Frob norm 2 after updating B : 6.33757
Iteration number -------- 16  -----------
lambda : 1.07768
max_diff => 0.109418
performed mixing
Frob norm 1 after updating U: 6.30614
200 iterations
f(b) = 41.9636
Frob norm 2 after updating B : 6.0851
Iteration number -------- 17  -----------
lambda : 1.08307
max_diff => 0.126665
performed mixing
Frob norm 1 after updating U: 5.68386
200 iterations
f(b) = 38.8639
Frob norm 2 after updating B : 5.82154
Iteration number -------- 18  -----------
lambda : 1.08849
max_diff => 0.102976
performed mixing
Frob norm 1 after updating U: 5.39325
200 iterations
f(b) = 37.1377
Frob norm 2 after updating B : 5.68641
Iteration number -------- 19  -----------
lambda : 1.09393
max_diff => 0.0894884
performed mixing
Frob norm 1 after updating U: 5.36575
200 iterations
f(b) = 35.8166
Frob norm 2 after updating B : 5.59388
Iteration number -------- 20  -----------
lambda : 1.0994
max_diff => 0.0726133
performed mixing
Frob norm 1 after updating U: 5.3294
200 iterations
f(b) = 34.7545
Frob norm 2 after updating B : 5.52236
Iteration number -------- 21  -----------
lambda : 1.1049
max_diff => 0.0668645
performed mixing
Frob norm 1 after updating U: 5.30702
200 iterations
f(b) = 33.9057
Frob norm 2 after updating B : 5.46318
Iteration number -------- 22  -----------
lambda : 1.11042
max_diff => 0.0641702
performed mixing
Frob norm 1 after updating U: 5.29574
200 iterations
f(b) = 33.2367
Frob norm 2 after updating B : 5.42068
Iteration number -------- 23  -----------
lambda : 1.11597
max_diff => 0.0624695
performed mixing
Frob norm 1 after updating U: 5.28678
200 iterations
f(b) = 32.7098
Frob norm 2 after updating B : 5.38541
Iteration number -------- 24  -----------
lambda : 1.12155
max_diff => 0.0624021
performed mixing
Frob norm 1 after updating U: 5.27851
200 iterations
f(b) = 32.2486
Frob norm 2 after updating B : 5.36636
Iteration number -------- 25  -----------
lambda : 1.12716
max_diff => 0.062331
performed mixing
Frob norm 1 after updating U: 5.27704
200 iterations
f(b) = 31.9581
Frob norm 2 after updating B : 5.33534
Iteration number -------- 26  -----------
lambda : 1.1328
max_diff => 0.0623293
performed mixing
Frob norm 1 after updating U: 5.27701
200 iterations
f(b) = 31.7425
Frob norm 2 after updating B : 5.31541
Iteration number -------- 27  -----------
lambda : 1.13846
max_diff => 0.0623135
performed mixing
Frob norm 1 after updating U: 5.27663
200 iterations
f(b) = 31.5433
Frob norm 2 after updating B : 5.31035
Iteration number -------- 28  -----------
lambda : 1.14415
max_diff => 0.0622775
performed mixing
Frob norm 1 after updating U: 5.27042
200 iterations
f(b) = 31.442
Frob norm 2 after updating B : 5.2969
Iteration number -------- 29  -----------
lambda : 1.14987
max_diff => 0.0622765
performed mixing
Frob norm 1 after updating U: 5.27056
200 iterations
f(b) = 31.3431
Frob norm 2 after updating B : 5.2884
Iteration number -------- 30  -----------
lambda : 1.15562
max_diff => 0.0622807
performed mixing
Frob norm 1 after updating U: 5.27045
200 iterations
f(b) = 31.2289
Frob norm 2 after updating B : 5.29036
Iteration number -------- 31  -----------
lambda : 1.1614
max_diff => 0.0623771
performed mixing
Frob norm 1 after updating U: 5.26835
200 iterations
f(b) = 31.1657
Frob norm 2 after updating B : 5.28298
Iteration number -------- 32  -----------
lambda : 1.16721
max_diff => 0.062379
performed mixing
Frob norm 1 after updating U: 5.26844
200 iterations
f(b) = 31.1359
Frob norm 2 after updating B : 5.27373
Iteration number -------- 33  -----------
lambda : 1.17304
max_diff => 0.0624867
performed mixing
Frob norm 1 after updating U: 5.26253
200 iterations
f(b) = 31.1285
Frob norm 2 after updating B : 5.2702
Iteration number -------- 34  -----------
lambda : 1.17891
max_diff => 0.0624859
performed mixing
Frob norm 1 after updating U: 5.26267
200 iterations
f(b) = 31.0798
Frob norm 2 after updating B : 5.26933
Iteration number -------- 35  -----------
lambda : 1.1848
max_diff => 0.062516
performed mixing
Frob norm 1 after updating U: 5.26247
200 iterations
f(b) = 31.0916
Frob norm 2 after updating B : 5.26695
Iteration number -------- 36  -----------
lambda : 1.19073
max_diff => 0.0625135
performed mixing
Frob norm 1 after updating U: 5.26251
200 iterations
f(b) = 31.0907
Frob norm 2 after updating B : 5.2654
Iteration number -------- 37  -----------
lambda : 1.19668
max_diff => 0.0625121
performed mixing
Frob norm 1 after updating U: 5.26248
200 iterations
f(b) = 31.0935
Frob norm 2 after updating B : 5.26419
Iteration number -------- 38  -----------
lambda : 1.20266
max_diff => 0.0625165
performed mixing
Frob norm 1 after updating U: 5.26217
200 iterations
f(b) = 31.1038
Frob norm 2 after updating B : 5.26333
Iteration number -------- 39  -----------
lambda : 1.20868
max_diff => 0.0625204
performed mixing
Frob norm 1 after updating U: 5.26197
200 iterations
f(b) = 31.1115
Frob norm 2 after updating B : 5.26233
Iteration number -------- 40  -----------
lambda : 1.21472
max_diff => 0.062537
performed mixing
Frob norm 1 after updating U: 5.26132
200 iterations
f(b) = 31.1239
Frob norm 2 after updating B : 5.26182
Iteration number -------- 41  -----------
lambda : 1.22079
max_diff => 0.0625411
performed mixing
Frob norm 1 after updating U: 5.2611
200 iterations
f(b) = 31.0857
Frob norm 2 after updating B : 5.23743
Iteration number -------- 42  -----------
lambda : 1.2269
max_diff => 0.0644698
performed mixing
Frob norm 1 after updating U: 5.22605
200 iterations
f(b) = 25.0693
Frob norm 2 after updating B : 4.6647
Iteration number -------- 43  -----------
lambda : 1.23303
max_diff => 0.0594157
performed mixing
Frob norm 1 after updating U: 3.59476
200 iterations
f(b) = 21.3643
Frob norm 2 after updating B : 4.27589
Iteration number -------- 44  -----------
lambda : 1.2392
max_diff => 0.051819
performed mixing
Frob norm 1 after updating U: 3.15476
200 iterations
f(b) = 17.6738
Frob norm 2 after updating B : 3.82692
Iteration number -------- 45  -----------
lambda : 1.24539
max_diff => 0.0539947
performed mixing
Frob norm 1 after updating U: 2.64999
200 iterations
f(b) = 13.7802
Frob norm 2 after updating B : 3.29879
Iteration number -------- 46  -----------
lambda : 1.25162
max_diff => 0.0703052
performed mixing
Frob norm 1 after updating U: 1.45063
200 iterations
f(b) = 10.6852
Frob norm 2 after updating B : 2.88843
Iteration number -------- 47  -----------
lambda : 1.25788
max_diff => 0.0584676
performed mixing
Frob norm 1 after updating U: 1.03597
200 iterations
f(b) = 8.37016
Frob norm 2 after updating B : 2.48673
Iteration number -------- 48  -----------
lambda : 1.26417
max_diff => 0.0410508
performed mixing
Frob norm 1 after updating U: 0.829653
200 iterations
f(b) = 6.50374
Frob norm 2 after updating B : 2.17533
Iteration number -------- 49  -----------
lambda : 1.27049
max_diff => 0.0323523
performed mixing
Frob norm 1 after updating U: 0.604862
200 iterations
f(b) = 5.06032
Frob norm 2 after updating B : 1.89059
Iteration number -------- 50  -----------
lambda : 1.27684
max_diff => 0.0243221
performed mixing
Frob norm 1 after updating U: 0.485338
200 iterations
f(b) = 3.92157
Frob norm 2 after updating B : 1.67072
Iteration number -------- 51  -----------
lambda : 1.28323
max_diff => 0.0164282
performed mixing
Frob norm 1 after updating U: 0.362241
200 iterations
f(b) = 2.99791
Frob norm 2 after updating B : 1.49792
Iteration number -------- 52  -----------
lambda : 1.28964
max_diff => 0.00872154
performed mixing
Frob norm 1 after updating U: 0.249055
200 iterations
f(b) = 2.29804
Frob norm 2 after updating B : 1.21745
Iteration number -------- 53  -----------
lambda : 1.29609
max_diff => 0.00859782
performed mixing
Frob norm 1 after updating U: 0.246533
200 iterations
f(b) = 1.66547
Frob norm 2 after updating B : 1.10374
Iteration number -------- 54  -----------
lambda : 1.30257
max_diff => 0.00438707
performed mixing
Frob norm 1 after updating U: 0.181533
200 iterations
f(b) = 1.18443
Frob norm 2 after updating B : 1.01814
Iteration number -------- 55  -----------
lambda : 1.30908
max_diff => 0.000460231
performed mixing
Frob norm 1 after updating U: 0.0670869
200 iterations
f(b) = 0.86217
Frob norm 2 after updating B : 0.818183
Iteration number -------- 56  -----------
lambda : 1.31563
max_diff => 0.000451344
performed mixing
Frob norm 1 after updating U: 0.0664078
200 iterations
f(b) = 0.624658
Frob norm 2 after updating B : 0.659367
Iteration number -------- 57  -----------
lambda : 1.32221
max_diff => 0.000431814
performed mixing
Frob norm 1 after updating U: 0.065258
200 iterations
f(b) = 0.388064
Frob norm 2 after updating B : 0.601223
Iteration number -------- 58  -----------
lambda : 1.32882
max_diff => 5.48178e-08
performed mixing
Frob norm 1 after updating U: 0.0151622
200 iterations
f(b) = 0.289365
Frob norm 2 after updating B : 0.481148
Iteration number -------- 59  -----------
lambda : 1.33546
max_diff => 5.04904e-08
performed mixing
Frob norm 1 after updating U: 0.0152208
200 iterations
f(b) = 0.203996
Frob norm 2 after updating B : 0.385118
Iteration number -------- 60  -----------
lambda : 1.34214
max_diff => 5.00059e-08
performed mixing
Frob norm 1 after updating U: 0.0152382
200 iterations
f(b) = 0.153628
Frob norm 2 after updating B : 0.308325
Iteration number -------- 61  -----------
lambda : 1.34885
max_diff => 4.999e-08
performed mixing
Frob norm 1 after updating U: 0.0151769
200 iterations
f(b) = 0.114118
Frob norm 2 after updating B : 0.246984
Iteration number -------- 62  -----------
lambda : 1.35559
max_diff => 4.999e-08
performed mixing
Frob norm 1 after updating U: 0.0152071
200 iterations
f(b) = 0.101617
Frob norm 2 after updating B : 0.197829
Iteration number -------- 63  -----------
lambda : 1.36237
max_diff => 4.999e-08
performed mixing
Frob norm 1 after updating U: 0.0152246
200 iterations
f(b) = 0.0795913
Frob norm 2 after updating B : 0.158856
Iteration number -------- 64  -----------
lambda : 1.36918
max_diff => 4.999e-08
performed mixing
Frob norm 1 after updating U: 0.0151269
200 iterations
f(b) = 0.0691927
Frob norm 2 after updating B : 0.127497
Iteration number -------- 65  -----------
lambda : 1.37603
max_diff => 4.999e-08
performed mixing
Frob norm 1 after updating U: 0.0151679
200 iterations
f(b) = 0.0641316
Frob norm 2 after updating B : 0.102476
Iteration number -------- 66  -----------
lambda : 1.38291
max_diff => 4.999e-08
performed mixing
Frob norm 1 after updating U: 0.0150631
200 iterations
f(b) = 0.0642611
Frob norm 2 after updating B : 0.0824823
Iteration number -------- 67  -----------
lambda : 1.38982
max_diff => 4.999e-08
performed mixing
Frob norm 1 after updating U: 0.0149755
200 iterations
f(b) = 0.0178449
Frob norm 2 after updating B : 0.0668035
Iteration number -------- 68  -----------
lambda : 1.39677
max_diff => 4.999e-08
performed mixing
Frob norm 1 after updating U: 0.0150813
200 iterations
f(b) = 0.0164845
Frob norm 2 after updating B : 0.054185
Iteration number -------- 69  -----------
lambda : 1.40376
max_diff => 4.999e-08
performed mixing
Frob norm 1 after updating U: 0.0151999
200 iterations
f(b) = 0.0153214
Frob norm 2 after updating B : 0.0444073
Iteration number -------- 70  -----------
lambda : 1.41078
max_diff => 4.999e-08
performed mixing
Frob norm 1 after updating U: 0.0152277
200 iterations
f(b) = 0.0162911
Frob norm 2 after updating B : 0.0366031
Iteration number -------- 71  -----------
lambda : 1.41783
max_diff => 4.999e-08
performed mixing
Frob norm 1 after updating U: 0.015266
200 iterations
f(b) = 0.0132904
Frob norm 2 after updating B : 0.0308294
Iteration number -------- 72  -----------
lambda : 1.42492
max_diff => 4.999e-08
performed mixing
Frob norm 1 after updating U: 0.0150162
200 iterations
f(b) = 0.0141571
Frob norm 2 after updating B : 0.0262465
Iteration number -------- 73  -----------
lambda : 1.43204
max_diff => 4.999e-08
performed mixing
Frob norm 1 after updating U: 0.0152748
200 iterations
f(b) = 0.0424159
Frob norm 2 after updating B : 0.0229927
Iteration number -------- 74  -----------
lambda : 1.4392
max_diff => 4.999e-08
performed mixing
Frob norm 1 after updating U: 0.015009
200 iterations
f(b) = 0.0222691
Frob norm 2 after updating B : 0.0206546
Iteration number -------- 75  -----------
lambda : 1.4464
max_diff => 4.999e-08
performed mixing
Frob norm 1 after updating U: 0.015058
200 iterations
f(b) = 0.0116646
Frob norm 2 after updating B : 0.0188887
Iteration number -------- 76  -----------
lambda : 1.45363
max_diff => 4.999e-08
performed mixing
Frob norm 1 after updating U: 0.0152166
200 iterations
f(b) = 0.00896175
Frob norm 2 after updating B : 0.0176944
Iteration number -------- 77  -----------
lambda : 1.4609
max_diff => 4.999e-08
performed mixing
Frob norm 1 after updating U: 0.0151168
200 iterations
f(b) = 0.015371
Frob norm 2 after updating B : 0.016944
Iteration number -------- 78  -----------
lambda : 1.46821
max_diff => 4.999e-08
performed mixing
Frob norm 1 after updating U: 0.0150755
200 iterations
f(b) = 0.0117927
Frob norm 2 after updating B : 0.0162172
Iteration number -------- 79  -----------
lambda : 1.47555
max_diff => 4.999e-08
performed mixing
Frob norm 1 after updating U: 0.0150371
200 iterations
f(b) = 0.0109383
Frob norm 2 after updating B : 0.0158084
Iteration number -------- 80  -----------
lambda : 1.48292
max_diff => 4.999e-08
performed mixing
Frob norm 1 after updating U: 0.0150665
200 iterations
f(b) = 0.0107099
Frob norm 2 after updating B : 0.0158202
Iteration number -------- 81  -----------
lambda : 1.49034
max_diff => 4.999e-08
performed mixing
Frob norm 1 after updating U: 0.0152606
200 iterations
f(b) = 0.0129915
Frob norm 2 after updating B : 0.0154406
Iteration number -------- 82  -----------
lambda : 1.49779
max_diff => 4.999e-08
performed mixing
Frob norm 1 after updating U: 0.0150668
200 iterations
f(b) = 0.0180026
Frob norm 2 after updating B : 0.0152972
Iteration number -------- 83  -----------
lambda : 1.50528
max_diff => 4.999e-08
performed mixing
Frob norm 1 after updating U: 0.0150312
200 iterations
f(b) = 0.014449
Frob norm 2 after updating B : 0.0152731
Iteration number -------- 84  -----------
lambda : 1.51281
max_diff => 4.999e-08
performed mixing
Frob norm 1 after updating U: 0.0150869
200 iterations
f(b) = 0.0122991
Frob norm 2 after updating B : 0.0150797
Iteration number -------- 85  -----------
lambda : 1.52037
max_diff => 4.999e-08
performed mixing
Frob norm 1 after updating U: 0.0149617
200 iterations
f(b) = 0.0120966
Frob norm 2 after updating B : 0.0152296
Iteration number -------- 86  -----------
lambda : 1.52797
max_diff => 4.999e-08
performed mixing
Frob norm 1 after updating U: 0.0151523
200 iterations
f(b) = 0.0103685
Frob norm 2 after updating B : 0.0151091
Iteration number -------- 87  -----------
lambda : 1.53561
max_diff => 4.999e-08
performed mixing
Frob norm 1 after updating U: 0.0150246
200 iterations
f(b) = 0.0269732
Frob norm 2 after updating B : 0.0149209
Iteration number -------- 88  -----------
lambda : 1.54329
max_diff => 4.999e-08
performed mixing
Frob norm 1 after updating U: 0.014887
200 iterations
f(b) = 0.0120697
Frob norm 2 after updating B : 0.0151954
Iteration number -------- 89  -----------
lambda : 1.55101
max_diff => 4.999e-08
performed mixing
Frob norm 1 after updating U: 0.0151517
200 iterations
f(b) = 0.0121533
Frob norm 2 after updating B : 0.0149603
Iteration number -------- 90  -----------
lambda : 1.55876
max_diff => 4.999e-08
performed mixing
Frob norm 1 after updating U: 0.014933
200 iterations
f(b) = 0.0148053
Frob norm 2 after updating B : 0.0149932
Iteration number -------- 91  -----------
lambda : 1.56655
max_diff => 4.999e-08
performed mixing
Frob norm 1 after updating U: 0.0149758
200 iterations
f(b) = 0.0172467
Frob norm 2 after updating B : 0.0150527
Iteration number -------- 92  -----------
lambda : 1.57439
max_diff => 4.999e-08
performed mixing
Frob norm 1 after updating U: 0.0150294
200 iterations
f(b) = 0.0128495
Frob norm 2 after updating B : 0.0149866
Iteration number -------- 93  -----------
lambda : 1.58226
max_diff => 4.999e-08
performed mixing
Frob norm 1 after updating U: 0.014971
200 iterations
f(b) = 0.0116948
Frob norm 2 after updating B : 0.0152088
Iteration number -------- 94  -----------
lambda : 1.59017
max_diff => 4.999e-08
performed mixing
Frob norm 1 after updating U: 0.0152055
200 iterations
f(b) = 0.0132187
Frob norm 2 after updating B : 0.0148145
Iteration number -------- 95  -----------
lambda : 1.59812
max_diff => 4.999e-08
performed mixing
Frob norm 1 after updating U: 0.0148095
200 iterations
f(b) = 0.01379
Frob norm 2 after updating B : 0.0151974
Iteration number -------- 96  -----------
lambda : 1.60611
max_diff => 4.999e-08
performed mixing
Frob norm 1 after updating U: 0.0151806
200 iterations
f(b) = 0.0139342
Frob norm 2 after updating B : 0.0150554
Iteration number -------- 97  -----------
lambda : 1.61414
max_diff => 4.999e-08
performed mixing
Frob norm 1 after updating U: 0.015046
200 iterations
f(b) = 0.0282793
Frob norm 2 after updating B : 0.0149664
Iteration number -------- 98  -----------
lambda : 1.62221
max_diff => 4.999e-08
performed mixing
Frob norm 1 after updating U: 0.0149641
200 iterations
f(b) = 0.0214549
Frob norm 2 after updating B : 0.0150014
Iteration number -------- 99  -----------
lambda : 1.63032
max_diff => 4.999e-08
performed mixing
Frob norm 1 after updating U: 0.0149907
200 iterations
f(b) = 0.0131787
Frob norm 2 after updating B : 0.0150773
Iteration number -------- 100  -----------
lambda : 1.63848
max_diff => 4.999e-08
