Academic license - for non-commercial use only
Frob norm 1 after updating U: 11.4417
200 iterations
f(b) = 71.7794
Frob norm 2 after updating B : 7.76502
Iteration number -------- 1  -----------
lambda : 1
max_diff => 0.123566
performed mixing
Frob norm 1 after updating U: 5.93589
200 iterations
f(b) = 61.1499
Frob norm 2 after updating B : 7.15301
Iteration number -------- 2  -----------
lambda : 1.005
max_diff => 0.118066
performed mixing
Frob norm 1 after updating U: 5.24506
200 iterations
f(b) = 51.0327
Frob norm 2 after updating B : 6.56407
Iteration number -------- 3  -----------
lambda : 1.01002
max_diff => 0.122372
performed mixing
Frob norm 1 after updating U: 4.53797
200 iterations
f(b) = 41.0232
Frob norm 2 after updating B : 5.9584
Iteration number -------- 4  -----------
lambda : 1.01508
max_diff => 0.111743
performed mixing
Frob norm 1 after updating U: 4.0057
200 iterations
f(b) = 33.7296
Frob norm 2 after updating B : 5.38252
Iteration number -------- 5  -----------
lambda : 1.02015
max_diff => 0.102233
performed mixing
Frob norm 1 after updating U: 3.87414
200 iterations
f(b) = 28.4218
Frob norm 2 after updating B : 4.93779
Iteration number -------- 6  -----------
lambda : 1.02525
max_diff => 0.0891793
performed mixing
Frob norm 1 after updating U: 3.76937
200 iterations
f(b) = 24.5234
Frob norm 2 after updating B : 4.58335
Iteration number -------- 7  -----------
lambda : 1.03038
max_diff => 0.074365
performed mixing
Frob norm 1 after updating U: 3.66364
200 iterations
f(b) = 18.7569
Frob norm 2 after updating B : 3.97025
Iteration number -------- 8  -----------
lambda : 1.03553
max_diff => 0.0503603
performed mixing
Frob norm 1 after updating U: 2.78253
200 iterations
f(b) = 15.6782
Frob norm 2 after updating B : 3.62322
Iteration number -------- 9  -----------
lambda : 1.04071
max_diff => 0.0433599
performed mixing
Frob norm 1 after updating U: 2.71043
200 iterations
f(b) = 13.2808
Frob norm 2 after updating B : 3.36792
Iteration number -------- 10  -----------
lambda : 1.04591
max_diff => 0.0345565
performed mixing
Frob norm 1 after updating U: 2.5649
200 iterations
f(b) = 10.0046
Frob norm 2 after updating B : 2.84999
Iteration number -------- 11  -----------
lambda : 1.05114
max_diff => 0.0633179
performed mixing
Frob norm 1 after updating U: 2.04286
200 iterations
f(b) = 8.33491
Frob norm 2 after updating B : 2.60883
Iteration number -------- 12  -----------
lambda : 1.0564
max_diff => 0.0580044
performed mixing
Frob norm 1 after updating U: 2.01633
200 iterations
f(b) = 7.1397
Frob norm 2 after updating B : 2.46524
Iteration number -------- 13  -----------
lambda : 1.06168
max_diff => 0.0525638
performed mixing
Frob norm 1 after updating U: 1.97896
200 iterations
f(b) = 6.39729
Frob norm 2 after updating B : 2.30509
Iteration number -------- 14  -----------
lambda : 1.06699
max_diff => 0.0527171
performed mixing
Frob norm 1 after updating U: 1.97868
200 iterations
f(b) = 5.72324
Frob norm 2 after updating B : 2.18923
Iteration number -------- 15  -----------
lambda : 1.07232
max_diff => 0.0575968
performed mixing
Frob norm 1 after updating U: 1.96053
200 iterations
f(b) = 5.30259
Frob norm 2 after updating B : 2.12225
Iteration number -------- 16  -----------
lambda : 1.07768
max_diff => 0.0596795
performed mixing
Frob norm 1 after updating U: 1.95699
200 iterations
f(b) = 4.92727
Frob norm 2 after updating B : 2.07152
Iteration number -------- 17  -----------
lambda : 1.08307
max_diff => 0.0611704
performed mixing
Frob norm 1 after updating U: 1.95089
200 iterations
f(b) = 4.75443
Frob norm 2 after updating B : 2.03108
Iteration number -------- 18  -----------
lambda : 1.08849
max_diff => 0.061256
performed mixing
Frob norm 1 after updating U: 1.95148
200 iterations
f(b) = 4.64345
Frob norm 2 after updating B : 2.00383
Iteration number -------- 19  -----------
lambda : 1.09393
max_diff => 0.0613548
performed mixing
Frob norm 1 after updating U: 1.95116
200 iterations
f(b) = 4.56621
Frob norm 2 after updating B : 1.98571
Iteration number -------- 20  -----------
lambda : 1.0994
max_diff => 0.0614504
performed mixing
Frob norm 1 after updating U: 1.95068
200 iterations
f(b) = 4.5092
Frob norm 2 after updating B : 1.97342
Iteration number -------- 21  -----------
lambda : 1.1049
max_diff => 0.0616651
performed mixing
Frob norm 1 after updating U: 1.94957
200 iterations
f(b) = 4.48099
Frob norm 2 after updating B : 1.9654
Iteration number -------- 22  -----------
lambda : 1.11042
max_diff => 0.0618695
performed mixing
Frob norm 1 after updating U: 1.94856
200 iterations
f(b) = 4.43314
Frob norm 2 after updating B : 1.9612
Iteration number -------- 23  -----------
lambda : 1.11597
max_diff => 0.0621075
performed mixing
Frob norm 1 after updating U: 1.94811
200 iterations
f(b) = 4.0703
Frob norm 2 after updating B : 1.85139
Iteration number -------- 24  -----------
lambda : 1.12155
max_diff => 0.0613063
performed mixing
Frob norm 1 after updating U: 1.79141
200 iterations
f(b) = 3.21321
Frob norm 2 after updating B : 1.66956
Iteration number -------- 25  -----------
lambda : 1.12716
max_diff => 0.0252962
performed mixing
Frob norm 1 after updating U: 1.55979
200 iterations
f(b) = 1.86111
Frob norm 2 after updating B : 1.19793
Iteration number -------- 26  -----------
lambda : 1.1328
max_diff => 0.0593032
performed mixing
Frob norm 1 after updating U: 0.988091
200 iterations
f(b) = 1.56915
Frob norm 2 after updating B : 1.11363
Iteration number -------- 27  -----------
lambda : 1.13846
max_diff => 0.0456185
performed mixing
Frob norm 1 after updating U: 0.96185
200 iterations
f(b) = 1.09139
Frob norm 2 after updating B : 1.01956
Iteration number -------- 28  -----------
lambda : 1.14415
max_diff => 3.89826e-05
performed mixing
Frob norm 1 after updating U: 0.91086
200 iterations
f(b) = 1.04965
Frob norm 2 after updating B : 0.983132
Iteration number -------- 29  -----------
lambda : 1.14987
max_diff => 1.40001e-05
performed mixing
Frob norm 1 after updating U: 0.912193
200 iterations
f(b) = 0.997336
Frob norm 2 after updating B : 0.958567
Iteration number -------- 30  -----------
lambda : 1.15562
max_diff => 9.55013e-06
performed mixing
Frob norm 1 after updating U: 0.912518
200 iterations
f(b) = 0.968355
Frob norm 2 after updating B : 0.908136
Iteration number -------- 31  -----------
lambda : 1.1614
max_diff => 0.00493437
performed mixing
Frob norm 1 after updating U: 0.876898
200 iterations
f(b) = 0.980338
Frob norm 2 after updating B : 0.897724
Iteration number -------- 32  -----------
lambda : 1.16721
max_diff => 0.00476305
performed mixing
Frob norm 1 after updating U: 0.877582
200 iterations
f(b) = 0.961256
Frob norm 2 after updating B : 0.892383
Iteration number -------- 33  -----------
lambda : 1.17304
max_diff => 0.00432297
performed mixing
Frob norm 1 after updating U: 0.879443
200 iterations
f(b) = 0.913163
Frob norm 2 after updating B : 0.887874
Iteration number -------- 34  -----------
lambda : 1.17891
max_diff => 0.00428101
performed mixing
Frob norm 1 after updating U: 0.879546
200 iterations
f(b) = 0.930738
Frob norm 2 after updating B : 0.884725
Iteration number -------- 35  -----------
lambda : 1.1848
max_diff => 0.00425066
performed mixing
Frob norm 1 after updating U: 0.879358
200 iterations
f(b) = 1.14046
Frob norm 2 after updating B : 0.903937
Iteration number -------- 36  -----------
lambda : 1.19073
max_diff => 0.000410084
performed mixing
Frob norm 1 after updating U: 0.89943
200 iterations
f(b) = 0.925373
Frob norm 2 after updating B : 0.916197
Iteration number -------- 37  -----------
lambda : 1.19668
max_diff => 1.07879e-07
performed mixing
Frob norm 1 after updating U: 0.913976
200 iterations
f(b) = 0.896412
Frob norm 2 after updating B : 0.91534
Iteration number -------- 38  -----------
lambda : 1.20266
max_diff => 1.27869e-07
performed mixing
Frob norm 1 after updating U: 0.913909
200 iterations
f(b) = 0.877005
Frob norm 2 after updating B : 0.914189
Iteration number -------- 39  -----------
lambda : 1.20868
max_diff => 2.4935e-06
performed mixing
Frob norm 1 after updating U: 0.913269
200 iterations
f(b) = 0.88119
Frob norm 2 after updating B : 0.914479
Iteration number -------- 40  -----------
lambda : 1.21472
max_diff => 1.81255e-07
performed mixing
Frob norm 1 after updating U: 0.913882
200 iterations
f(b) = 0.458331
Frob norm 2 after updating B : 0.333623
Iteration number -------- 41  -----------
lambda : 1.22079
max_diff => 0.0617951
performed mixing
Frob norm 1 after updating U: 0.32462
200 iterations
f(b) = 0.46322
Frob norm 2 after updating B : 0.329459
Iteration number -------- 42  -----------
lambda : 1.2269
max_diff => 0.0618794
performed mixing
Frob norm 1 after updating U: 0.323552
200 iterations
f(b) = 0.458074
Frob norm 2 after updating B : 0.323513
Iteration number -------- 43  -----------
lambda : 1.23303
max_diff => 0.0620759
performed mixing
Frob norm 1 after updating U: 0.319622
200 iterations
f(b) = 0.457117
Frob norm 2 after updating B : 0.316702
Iteration number -------- 44  -----------
lambda : 1.2392
max_diff => 0.0622878
performed mixing
Frob norm 1 after updating U: 0.314118
200 iterations
f(b) = 0.456336
Frob norm 2 after updating B : 0.312583
Iteration number -------- 45  -----------
lambda : 1.24539
max_diff => 0.062379
performed mixing
Frob norm 1 after updating U: 0.310881
200 iterations
f(b) = 0.467012
Frob norm 2 after updating B : 0.306535
Iteration number -------- 46  -----------
lambda : 1.25162
max_diff => 0.0624755
performed mixing
Frob norm 1 after updating U: 0.305413
200 iterations
f(b) = 0.42679
Frob norm 2 after updating B : 0.281554
Iteration number -------- 47  -----------
lambda : 1.25788
max_diff => 0.0620067
performed mixing
Frob norm 1 after updating U: 0.28081
200 iterations
f(b) = 0.435699
Frob norm 2 after updating B : 0.262334
Iteration number -------- 48  -----------
lambda : 1.26417
max_diff => 0.0606392
performed mixing
Frob norm 1 after updating U: 0.26188
200 iterations
f(b) = 0.426771
Frob norm 2 after updating B : 0.241988
Iteration number -------- 49  -----------
lambda : 1.27049
max_diff => 0.0582641
performed mixing
Frob norm 1 after updating U: 0.24174
200 iterations
f(b) = 0.0611229
Frob norm 2 after updating B : 0.074018
Iteration number -------- 50  -----------
lambda : 1.27684
max_diff => 9.58819e-06
performed mixing
Frob norm 1 after updating U: 0.0145285
200 iterations
f(b) = 0.0470246
Frob norm 2 after updating B : 0.0593034
Iteration number -------- 51  -----------
lambda : 1.28323
max_diff => 9.998e-08
performed mixing
Frob norm 1 after updating U: 0.0129568
200 iterations
f(b) = 0.0402768
Frob norm 2 after updating B : 0.0481195
Iteration number -------- 52  -----------
lambda : 1.28964
max_diff => 9.998e-08
performed mixing
Frob norm 1 after updating U: 0.0129412
200 iterations
f(b) = 0.043454
Frob norm 2 after updating B : 0.0392155
Iteration number -------- 53  -----------
lambda : 1.29609
max_diff => 9.998e-08
performed mixing
Frob norm 1 after updating U: 0.0129625
200 iterations
f(b) = 0.0472469
Frob norm 2 after updating B : 0.0324132
Iteration number -------- 54  -----------
lambda : 1.30257
max_diff => 9.998e-08
performed mixing
Frob norm 1 after updating U: 0.0129436
200 iterations
f(b) = 0.0499831
Frob norm 2 after updating B : 0.0270636
Iteration number -------- 55  -----------
lambda : 1.30908
max_diff => 9.998e-08
performed mixing
Frob norm 1 after updating U: 0.0130079
200 iterations
f(b) = 0.0549644
Frob norm 2 after updating B : 0.022995
Iteration number -------- 56  -----------
lambda : 1.31563
max_diff => 9.998e-08
performed mixing
Frob norm 1 after updating U: 0.0129065
200 iterations
f(b) = 0.0510222
Frob norm 2 after updating B : 0.0200082
Iteration number -------- 57  -----------
lambda : 1.32221
max_diff => 9.998e-08
performed mixing
Frob norm 1 after updating U: 0.013019
200 iterations
f(b) = 0.0529855
Frob norm 2 after updating B : 0.0177856
Iteration number -------- 58  -----------
lambda : 1.32882
max_diff => 9.998e-08
performed mixing
Frob norm 1 after updating U: 0.0129448
200 iterations
f(b) = 0.0477334
Frob norm 2 after updating B : 0.0162381
Iteration number -------- 59  -----------
lambda : 1.33546
max_diff => 9.998e-08
performed mixing
Frob norm 1 after updating U: 0.0129677
200 iterations
f(b) = 0.0485999
Frob norm 2 after updating B : 0.0151571
Iteration number -------- 60  -----------
lambda : 1.34214
max_diff => 9.998e-08
performed mixing
Frob norm 1 after updating U: 0.0130013
200 iterations
f(b) = 0.0440337
Frob norm 2 after updating B : 0.0144271
Iteration number -------- 61  -----------
lambda : 1.34885
max_diff => 9.998e-08
performed mixing
Frob norm 1 after updating U: 0.0130039
200 iterations
f(b) = 0.0546706
Frob norm 2 after updating B : 0.0139374
Iteration number -------- 62  -----------
lambda : 1.35559
max_diff => 9.998e-08
performed mixing
Frob norm 1 after updating U: 0.0129675
200 iterations
f(b) = 0.0572298
Frob norm 2 after updating B : 0.0134653
Iteration number -------- 63  -----------
lambda : 1.36237
max_diff => 9.998e-08
performed mixing
Frob norm 1 after updating U: 0.012882
200 iterations
f(b) = 0.0512125
Frob norm 2 after updating B : 0.0134001
Iteration number -------- 64  -----------
lambda : 1.36918
max_diff => 9.998e-08
performed mixing
Frob norm 1 after updating U: 0.0130048
200 iterations
f(b) = 0.0591559
Frob norm 2 after updating B : 0.013146
Iteration number -------- 65  -----------
lambda : 1.37603
max_diff => 9.998e-08
performed mixing
Frob norm 1 after updating U: 0.0128973
200 iterations
f(b) = 0.0559497
Frob norm 2 after updating B : 0.013087
Iteration number -------- 66  -----------
lambda : 1.38291
max_diff => 9.998e-08
performed mixing
Frob norm 1 after updating U: 0.0129244
200 iterations
f(b) = 0.0582488
Frob norm 2 after updating B : 0.0130161
Iteration number -------- 67  -----------
lambda : 1.38982
max_diff => 9.998e-08
performed mixing
Frob norm 1 after updating U: 0.0128999
200 iterations
f(b) = 0.0543598
Frob norm 2 after updating B : 0.0129766
Iteration number -------- 68  -----------
lambda : 1.39677
max_diff => 9.998e-08
performed mixing
Frob norm 1 after updating U: 0.0129162
200 iterations
f(b) = 0.0575493
Frob norm 2 after updating B : 0.0129856
Iteration number -------- 69  -----------
lambda : 1.40376
max_diff => 9.998e-08
performed mixing
Frob norm 1 after updating U: 0.012937
200 iterations
f(b) = 0.0593508
Frob norm 2 after updating B : 0.012949
Iteration number -------- 70  -----------
lambda : 1.41078
max_diff => 9.998e-08
performed mixing
Frob norm 1 after updating U: 0.0129249
200 iterations
f(b) = 0.0497908
Frob norm 2 after updating B : 0.0131087
Iteration number -------- 71  -----------
lambda : 1.41783
max_diff => 9.998e-08
performed mixing
Frob norm 1 after updating U: 0.0130513
200 iterations
f(b) = 0.0603618
Frob norm 2 after updating B : 0.0129806
Iteration number -------- 72  -----------
lambda : 1.42492
max_diff => 9.998e-08
performed mixing
Frob norm 1 after updating U: 0.0129525
200 iterations
f(b) = 0.057444
Frob norm 2 after updating B : 0.0128923
Iteration number -------- 73  -----------
lambda : 1.43204
max_diff => 9.998e-08
performed mixing
Frob norm 1 after updating U: 0.0129039
200 iterations
f(b) = 0.0534975
Frob norm 2 after updating B : 0.0129592
Iteration number -------- 74  -----------
lambda : 1.4392
max_diff => 9.998e-08
performed mixing
Frob norm 1 after updating U: 0.0129501
200 iterations
f(b) = 0.0499934
Frob norm 2 after updating B : 0.0130231
Iteration number -------- 75  -----------
lambda : 1.4464
max_diff => 9.998e-08
performed mixing
Frob norm 1 after updating U: 0.0129973
200 iterations
f(b) = 0.0588118
Frob norm 2 after updating B : 0.012902
Iteration number -------- 76  -----------
lambda : 1.45363
max_diff => 9.998e-08
performed mixing
Frob norm 1 after updating U: 0.0129127
200 iterations
f(b) = 0.0601267
Frob norm 2 after updating B : 0.0128716
Iteration number -------- 77  -----------
lambda : 1.4609
max_diff => 1.00459e-07
performed mixing
Frob norm 1 after updating U: 0.0128744
200 iterations
f(b) = 0.0553699
Frob norm 2 after updating B : 0.0130024
Iteration number -------- 78  -----------
lambda : 1.46821
max_diff => 9.998e-08
performed mixing
Frob norm 1 after updating U: 0.0129982
200 iterations
f(b) = 0.0576496
Frob norm 2 after updating B : 0.0130091
Iteration number -------- 79  -----------
lambda : 1.47555
max_diff => 9.998e-08
performed mixing
Frob norm 1 after updating U: 0.0129919
200 iterations
f(b) = 0.0586335
Frob norm 2 after updating B : 0.0129239
Iteration number -------- 80  -----------
lambda : 1.48292
max_diff => 9.998e-08
performed mixing
Frob norm 1 after updating U: 0.0129303
200 iterations
f(b) = 0.0521886
Frob norm 2 after updating B : 0.0129155
Iteration number -------- 81  -----------
lambda : 1.49034
max_diff => 9.998e-08
performed mixing
Frob norm 1 after updating U: 0.0129182
200 iterations
f(b) = 0.058613
Frob norm 2 after updating B : 0.0129258
Iteration number -------- 82  -----------
lambda : 1.49779
max_diff => 9.998e-08
performed mixing
Frob norm 1 after updating U: 0.0129247
200 iterations
f(b) = 0.0586057
Frob norm 2 after updating B : 0.0129525
Iteration number -------- 83  -----------
lambda : 1.50528
max_diff => 9.998e-08
performed mixing
Frob norm 1 after updating U: 0.0129555
200 iterations
f(b) = 0.0649462
Frob norm 2 after updating B : 0.0128444
Iteration number -------- 84  -----------
lambda : 1.51281
max_diff => 9.998e-08
performed mixing
Frob norm 1 after updating U: 0.0128519
200 iterations
f(b) = 0.0560846
Frob norm 2 after updating B : 0.0130248
Iteration number -------- 85  -----------
lambda : 1.52037
max_diff => 9.998e-08
performed mixing
Frob norm 1 after updating U: 0.013012
200 iterations
f(b) = 0.0645536
Frob norm 2 after updating B : 0.0129227
Iteration number -------- 86  -----------
lambda : 1.52797
max_diff => 9.998e-08
performed mixing
Frob norm 1 after updating U: 0.012923
200 iterations
f(b) = 0.061732
Frob norm 2 after updating B : 0.0129223
Iteration number -------- 87  -----------
lambda : 1.53561
max_diff => 9.998e-08
performed mixing
Frob norm 1 after updating U: 0.0129212
200 iterations
f(b) = 0.0644086
Frob norm 2 after updating B : 0.0128776
Iteration number -------- 88  -----------
lambda : 1.54329
max_diff => 9.998e-08
performed mixing
Frob norm 1 after updating U: 0.0128815
200 iterations
f(b) = 0.0624398
Frob norm 2 after updating B : 0.0129005
Iteration number -------- 89  -----------
lambda : 1.55101
max_diff => 9.998e-08
performed mixing
Frob norm 1 after updating U: 0.0128902
200 iterations
f(b) = 0.0584883
Frob norm 2 after updating B : 0.01295
Iteration number -------- 90  -----------
lambda : 1.55876
max_diff => 9.998e-08
performed mixing
Frob norm 1 after updating U: 0.012948
200 iterations
f(b) = 0.0656324
Frob norm 2 after updating B : 0.0128856
Iteration number -------- 91  -----------
lambda : 1.56655
max_diff => 9.998e-08
performed mixing
Frob norm 1 after updating U: 0.0128897
200 iterations
f(b) = 0.0576808
Frob norm 2 after updating B : 0.012946
Iteration number -------- 92  -----------
lambda : 1.57439
max_diff => 9.998e-08
performed mixing
Frob norm 1 after updating U: 0.0129458
200 iterations
f(b) = 0.0611615
Frob norm 2 after updating B : 0.0128956
Iteration number -------- 93  -----------
lambda : 1.58226
max_diff => 9.998e-08
performed mixing
Frob norm 1 after updating U: 0.0129016
200 iterations
f(b) = 0.0658731
Frob norm 2 after updating B : 0.0128935
Iteration number -------- 94  -----------
lambda : 1.59017
max_diff => 9.998e-08
performed mixing
Frob norm 1 after updating U: 0.0128903
200 iterations
f(b) = 0.0650798
Frob norm 2 after updating B : 0.0129465
Iteration number -------- 95  -----------
lambda : 1.59812
max_diff => 9.998e-08
performed mixing
Frob norm 1 after updating U: 0.0129455
200 iterations
f(b) = 0.0674111
Frob norm 2 after updating B : 0.0129048
Iteration number -------- 96  -----------
lambda : 1.60611
max_diff => 9.998e-08
performed mixing
Frob norm 1 after updating U: 0.0129121
200 iterations
f(b) = 0.067065
Frob norm 2 after updating B : 0.01286
Iteration number -------- 97  -----------
lambda : 1.61414
max_diff => 9.998e-08
performed mixing
Frob norm 1 after updating U: 0.0128654
200 iterations
f(b) = 0.0692368
Frob norm 2 after updating B : 0.0128592
Iteration number -------- 98  -----------
lambda : 1.62221
max_diff => 9.998e-08
performed mixing
Frob norm 1 after updating U: 0.0128564
200 iterations
f(b) = 0.0664412
Frob norm 2 after updating B : 0.0129634
Iteration number -------- 99  -----------
lambda : 1.63032
max_diff => 9.998e-08
performed mixing
Frob norm 1 after updating U: 0.0129436
200 iterations
f(b) = 0.052545
Frob norm 2 after updating B : 0.0129522
Iteration number -------- 100  -----------
lambda : 1.63848
max_diff => 9.998e-08
