Academic license - for non-commercial use only
Frob norm 1 after updating U: 11.7017
200 iterations
f(b) = 69.6314
Frob norm 2 after updating B : 7.95055
Iteration number -------- 1  -----------
lambda : 1
max_diff => 0.115328
performed mixing
Frob norm 1 after updating U: 7.74576
200 iterations
f(b) = 68.3676
Frob norm 2 after updating B : 7.87507
Iteration number -------- 2  -----------
lambda : 1.005
max_diff => 0.11439
performed mixing
Frob norm 1 after updating U: 7.69591
200 iterations
f(b) = 67.2813
Frob norm 2 after updating B : 7.81112
Iteration number -------- 3  -----------
lambda : 1.01002
max_diff => 0.113532
performed mixing
Frob norm 1 after updating U: 7.65619
200 iterations
f(b) = 66.3648
Frob norm 2 after updating B : 7.75701
Iteration number -------- 4  -----------
lambda : 1.01508
max_diff => 0.112723
performed mixing
Frob norm 1 after updating U: 7.62955
200 iterations
f(b) = 65.6311
Frob norm 2 after updating B : 7.71068
Iteration number -------- 5  -----------
lambda : 1.02015
max_diff => 0.111763
performed mixing
Frob norm 1 after updating U: 7.61086
200 iterations
f(b) = 65.0737
Frob norm 2 after updating B : 7.67461
Iteration number -------- 6  -----------
lambda : 1.02525
max_diff => 0.110976
performed mixing
Frob norm 1 after updating U: 7.59617
200 iterations
f(b) = 64.6458
Frob norm 2 after updating B : 7.64685
Iteration number -------- 7  -----------
lambda : 1.03038
max_diff => 0.110547
performed mixing
Frob norm 1 after updating U: 7.58469
200 iterations
f(b) = 64.3023
Frob norm 2 after updating B : 7.62485
Iteration number -------- 8  -----------
lambda : 1.03553
max_diff => 0.110239
performed mixing
Frob norm 1 after updating U: 7.57584
200 iterations
f(b) = 64.0253
Frob norm 2 after updating B : 7.60788
Iteration number -------- 9  -----------
lambda : 1.04071
max_diff => 0.109862
performed mixing
Frob norm 1 after updating U: 7.56417
200 iterations
f(b) = 63.7858
Frob norm 2 after updating B : 7.59339
Iteration number -------- 10  -----------
lambda : 1.04591
max_diff => 0.10962
performed mixing
Frob norm 1 after updating U: 7.55448
200 iterations
f(b) = 63.5709
Frob norm 2 after updating B : 7.5813
Iteration number -------- 11  -----------
lambda : 1.05114
max_diff => 0.109217
performed mixing
Frob norm 1 after updating U: 7.54461
200 iterations
f(b) = 63.3835
Frob norm 2 after updating B : 7.56908
Iteration number -------- 12  -----------
lambda : 1.0564
max_diff => 0.109047
performed mixing
Frob norm 1 after updating U: 7.53819
200 iterations
f(b) = 63.2201
Frob norm 2 after updating B : 7.55896
Iteration number -------- 13  -----------
lambda : 1.06168
max_diff => 0.108812
performed mixing
Frob norm 1 after updating U: 7.53033
200 iterations
f(b) = 63.064
Frob norm 2 after updating B : 7.54775
Iteration number -------- 14  -----------
lambda : 1.06699
max_diff => 0.108298
performed mixing
Frob norm 1 after updating U: 7.51461
200 iterations
f(b) = 62.9293
Frob norm 2 after updating B : 7.536
Iteration number -------- 15  -----------
lambda : 1.07232
max_diff => 0.108378
performed mixing
Frob norm 1 after updating U: 7.51108
200 iterations
f(b) = 62.7068
Frob norm 2 after updating B : 7.48536
Iteration number -------- 16  -----------
lambda : 1.07768
max_diff => 0.108218
performed mixing
Frob norm 1 after updating U: 7.41046
200 iterations
f(b) = 55.4865
Frob norm 2 after updating B : 7.01253
Iteration number -------- 17  -----------
lambda : 1.08307
max_diff => 0.109132
performed mixing
Frob norm 1 after updating U: 6.27052
200 iterations
f(b) = 51.3648
Frob norm 2 after updating B : 6.68401
Iteration number -------- 18  -----------
lambda : 1.08849
max_diff => 0.0960702
performed mixing
Frob norm 1 after updating U: 6.04701
200 iterations
f(b) = 48.0744
Frob norm 2 after updating B : 6.41432
Iteration number -------- 19  -----------
lambda : 1.09393
max_diff => 0.108928
performed mixing
Frob norm 1 after updating U: 5.84545
200 iterations
f(b) = 44.6185
Frob norm 2 after updating B : 6.1528
Iteration number -------- 20  -----------
lambda : 1.0994
max_diff => 0.120243
performed mixing
Frob norm 1 after updating U: 5.50773
200 iterations
f(b) = 42.1021
Frob norm 2 after updating B : 5.94887
Iteration number -------- 21  -----------
lambda : 1.1049
max_diff => 0.104588
performed mixing
Frob norm 1 after updating U: 5.44697
200 iterations
f(b) = 40.2012
Frob norm 2 after updating B : 5.80174
Iteration number -------- 22  -----------
lambda : 1.11042
max_diff => 0.0876226
performed mixing
Frob norm 1 after updating U: 5.4024
200 iterations
f(b) = 38.7682
Frob norm 2 after updating B : 5.6864
Iteration number -------- 23  -----------
lambda : 1.11597
max_diff => 0.0703115
performed mixing
Frob norm 1 after updating U: 5.36979
200 iterations
f(b) = 37.6325
Frob norm 2 after updating B : 5.60099
Iteration number -------- 24  -----------
lambda : 1.12155
max_diff => 0.069032
performed mixing
Frob norm 1 after updating U: 5.34169
200 iterations
f(b) = 34.2647
Frob norm 2 after updating B : 5.32685
Iteration number -------- 25  -----------
lambda : 1.12716
max_diff => 0.0699568
performed mixing
Frob norm 1 after updating U: 4.73316
200 iterations
f(b) = 30.5588
Frob norm 2 after updating B : 4.95571
Iteration number -------- 26  -----------
lambda : 1.1328
max_diff => 0.0733304
performed mixing
Frob norm 1 after updating U: 4.24995
200 iterations
f(b) = 28.2294
Frob norm 2 after updating B : 4.73589
Iteration number -------- 27  -----------
lambda : 1.13846
max_diff => 0.0774687
performed mixing
Frob norm 1 after updating U: 4.16038
200 iterations
f(b) = 26.3953
Frob norm 2 after updating B : 4.55699
Iteration number -------- 28  -----------
lambda : 1.14415
max_diff => 0.0796695
performed mixing
Frob norm 1 after updating U: 4.11707
200 iterations
f(b) = 24.9795
Frob norm 2 after updating B : 4.42647
Iteration number -------- 29  -----------
lambda : 1.14987
max_diff => 0.0822113
performed mixing
Frob norm 1 after updating U: 4.06216
200 iterations
f(b) = 23.7573
Frob norm 2 after updating B : 4.30605
Iteration number -------- 30  -----------
lambda : 1.15562
max_diff => 0.086214
performed mixing
Frob norm 1 after updating U: 3.95063
200 iterations
f(b) = 17.0664
Frob norm 2 after updating B : 3.59835
Iteration number -------- 31  -----------
lambda : 1.1614
max_diff => 0.0496215
performed mixing
Frob norm 1 after updating U: 1.72262
200 iterations
f(b) = 13.2203
Frob norm 2 after updating B : 3.12114
Iteration number -------- 32  -----------
lambda : 1.16721
max_diff => 0.0393124
performed mixing
Frob norm 1 after updating U: 1.30843
200 iterations
f(b) = 10.1865
Frob norm 2 after updating B : 2.67488
Iteration number -------- 33  -----------
lambda : 1.17304
max_diff => 0.0315272
performed mixing
Frob norm 1 after updating U: 1.04755
200 iterations
f(b) = 7.92282
Frob norm 2 after updating B : 2.31321
Iteration number -------- 34  -----------
lambda : 1.17891
max_diff => 0.0234658
performed mixing
Frob norm 1 after updating U: 0.828805
200 iterations
f(b) = 6.21279
Frob norm 2 after updating B : 2.02103
Iteration number -------- 35  -----------
lambda : 1.1848
max_diff => 0.0182684
performed mixing
Frob norm 1 after updating U: 0.651859
200 iterations
f(b) = 4.93835
Frob norm 2 after updating B : 1.67186
Iteration number -------- 36  -----------
lambda : 1.19073
max_diff => 0.0180185
performed mixing
Frob norm 1 after updating U: 0.642007
200 iterations
f(b) = 3.7962
Frob norm 2 after updating B : 1.60394
Iteration number -------- 37  -----------
lambda : 1.19668
max_diff => 0.00966297
performed mixing
Frob norm 1 after updating U: 0.403137
200 iterations
f(b) = 2.83806
Frob norm 2 after updating B : 1.45077
Iteration number -------- 38  -----------
lambda : 1.20266
max_diff => 0.00614511
performed mixing
Frob norm 1 after updating U: 0.242865
200 iterations
f(b) = 2.09709
Frob norm 2 after updating B : 1.20801
Iteration number -------- 39  -----------
lambda : 1.20868
max_diff => 0.00537605
performed mixing
Frob norm 1 after updating U: 0.213834
200 iterations
f(b) = 1.49227
Frob norm 2 after updating B : 1.13501
Iteration number -------- 40  -----------
lambda : 1.21472
max_diff => 0.00113267
performed mixing
Frob norm 1 after updating U: 0.080128
200 iterations
f(b) = 1.00686
Frob norm 2 after updating B : 0.915911
Iteration number -------- 41  -----------
lambda : 1.22079
max_diff => 0.000984239
performed mixing
Frob norm 1 after updating U: 0.0756162
200 iterations
f(b) = 0.747432
Frob norm 2 after updating B : 0.735419
Iteration number -------- 42  -----------
lambda : 1.2269
max_diff => 0.000967598
performed mixing
Frob norm 1 after updating U: 0.07522
200 iterations
f(b) = 0.551893
Frob norm 2 after updating B : 0.601928
Iteration number -------- 43  -----------
lambda : 1.23303
max_diff => 0.000650179
performed mixing
Frob norm 1 after updating U: 0.0651592
200 iterations
f(b) = 0.330318
Frob norm 2 after updating B : 0.550088
Iteration number -------- 44  -----------
lambda : 1.2392
max_diff => 5.99666e-08
performed mixing
Frob norm 1 after updating U: 0.0152142
200 iterations
f(b) = 0.249692
Frob norm 2 after updating B : 0.439838
Iteration number -------- 45  -----------
lambda : 1.24539
max_diff => 5.00691e-08
performed mixing
Frob norm 1 after updating U: 0.0152299
200 iterations
f(b) = 0.178509
Frob norm 2 after updating B : 0.352129
Iteration number -------- 46  -----------
lambda : 1.25162
max_diff => 4.99927e-08
performed mixing
Frob norm 1 after updating U: 0.0152742
200 iterations
f(b) = 0.133477
Frob norm 2 after updating B : 0.282107
Iteration number -------- 47  -----------
lambda : 1.25788
max_diff => 4.999e-08
performed mixing
Frob norm 1 after updating U: 0.0152651
200 iterations
f(b) = 0.05697
Frob norm 2 after updating B : 0.225984
Iteration number -------- 48  -----------
lambda : 1.26417
max_diff => 4.999e-08
performed mixing
Frob norm 1 after updating U: 0.0151831
200 iterations
f(b) = 0.0883056
Frob norm 2 after updating B : 0.180749
Iteration number -------- 49  -----------
lambda : 1.27049
max_diff => 4.999e-08
performed mixing
Frob norm 1 after updating U: 0.0152288
200 iterations
f(b) = 0.0750075
Frob norm 2 after updating B : 0.14506
Iteration number -------- 50  -----------
lambda : 1.27684
max_diff => 5.0028e-08
performed mixing
Frob norm 1 after updating U: 0.015178
200 iterations
f(b) = 0.068173
Frob norm 2 after updating B : 0.116763
Iteration number -------- 51  -----------
lambda : 1.28323
max_diff => 4.999e-08
performed mixing
Frob norm 1 after updating U: 0.0152468
200 iterations
f(b) = 0.0629593
Frob norm 2 after updating B : 0.0937659
Iteration number -------- 52  -----------
lambda : 1.28964
max_diff => 4.999e-08
performed mixing
Frob norm 1 after updating U: 0.0152014
200 iterations
f(b) = 0.0188249
Frob norm 2 after updating B : 0.0754949
Iteration number -------- 53  -----------
lambda : 1.29609
max_diff => 4.999e-08
performed mixing
Frob norm 1 after updating U: 0.0151792
200 iterations
f(b) = 0.0522866
Frob norm 2 after updating B : 0.0612113
Iteration number -------- 54  -----------
lambda : 1.30257
max_diff => 4.999e-08
performed mixing
Frob norm 1 after updating U: 0.0152775
200 iterations
f(b) = 0.0449846
Frob norm 2 after updating B : 0.0496803
Iteration number -------- 55  -----------
lambda : 1.30908
max_diff => 4.999e-08
performed mixing
Frob norm 1 after updating U: 0.0151122
200 iterations
f(b) = 0.0142686
Frob norm 2 after updating B : 0.0409927
Iteration number -------- 56  -----------
lambda : 1.31563
max_diff => 4.999e-08
performed mixing
Frob norm 1 after updating U: 0.0152472
200 iterations
f(b) = 0.0147267
Frob norm 2 after updating B : 0.0339781
Iteration number -------- 57  -----------
lambda : 1.32221
max_diff => 4.999e-08
performed mixing
Frob norm 1 after updating U: 0.015074
200 iterations
f(b) = 0.0125619
Frob norm 2 after updating B : 0.028556
Iteration number -------- 58  -----------
lambda : 1.32882
max_diff => 4.999e-08
performed mixing
Frob norm 1 after updating U: 0.0151062
200 iterations
f(b) = 0.0141365
Frob norm 2 after updating B : 0.0246992
Iteration number -------- 59  -----------
lambda : 1.33546
max_diff => 4.999e-08
performed mixing
Frob norm 1 after updating U: 0.015299
200 iterations
f(b) = 0.0111932
Frob norm 2 after updating B : 0.0218918
Iteration number -------- 60  -----------
lambda : 1.34214
max_diff => 4.999e-08
performed mixing
Frob norm 1 after updating U: 0.0152015
200 iterations
f(b) = 0.013577
Frob norm 2 after updating B : 0.0197816
Iteration number -------- 61  -----------
lambda : 1.34885
max_diff => 4.999e-08
performed mixing
Frob norm 1 after updating U: 0.0150435
200 iterations
f(b) = 0.0122692
Frob norm 2 after updating B : 0.0181703
Iteration number -------- 62  -----------
lambda : 1.35559
max_diff => 4.999e-08
performed mixing
Frob norm 1 after updating U: 0.0151534
200 iterations
f(b) = 0.0123429
Frob norm 2 after updating B : 0.0171372
Iteration number -------- 63  -----------
lambda : 1.36237
max_diff => 4.999e-08
performed mixing
Frob norm 1 after updating U: 0.0148992
200 iterations
f(b) = 0.0101161
Frob norm 2 after updating B : 0.0166031
Iteration number -------- 64  -----------
lambda : 1.36918
max_diff => 4.999e-08
performed mixing
Frob norm 1 after updating U: 0.0150665
200 iterations
f(b) = 0.01244
Frob norm 2 after updating B : 0.0159767
Iteration number -------- 65  -----------
lambda : 1.37603
max_diff => 4.999e-08
performed mixing
Frob norm 1 after updating U: 0.015015
200 iterations
f(b) = 0.012051
Frob norm 2 after updating B : 0.0156202
Iteration number -------- 66  -----------
lambda : 1.38291
max_diff => 4.999e-08
performed mixing
Frob norm 1 after updating U: 0.0150876
200 iterations
f(b) = 0.0155569
Frob norm 2 after updating B : 0.0154873
Iteration number -------- 67  -----------
lambda : 1.38982
max_diff => 4.999e-08
performed mixing
Frob norm 1 after updating U: 0.0151362
200 iterations
f(b) = 0.0190213
Frob norm 2 after updating B : 0.0151919
Iteration number -------- 68  -----------
lambda : 1.39677
max_diff => 4.999e-08
performed mixing
Frob norm 1 after updating U: 0.0149288
200 iterations
f(b) = 0.0131511
Frob norm 2 after updating B : 0.0151967
Iteration number -------- 69  -----------
lambda : 1.40376
max_diff => 4.999e-08
performed mixing
Frob norm 1 after updating U: 0.015025
200 iterations
f(b) = 0.0121325
Frob norm 2 after updating B : 0.0152023
Iteration number -------- 70  -----------
lambda : 1.41078
max_diff => 4.999e-08
performed mixing
Frob norm 1 after updating U: 0.0150718
200 iterations
f(b) = 0.0129821
Frob norm 2 after updating B : 0.0152208
Iteration number -------- 71  -----------
lambda : 1.41783
max_diff => 4.999e-08
performed mixing
Frob norm 1 after updating U: 0.0151554
200 iterations
f(b) = 0.0140748
Frob norm 2 after updating B : 0.0151621
Iteration number -------- 72  -----------
lambda : 1.42492
max_diff => 4.999e-08
performed mixing
Frob norm 1 after updating U: 0.0150967
200 iterations
f(b) = 0.0279938
Frob norm 2 after updating B : 0.0150265
Iteration number -------- 73  -----------
lambda : 1.43204
max_diff => 4.999e-08
performed mixing
Frob norm 1 after updating U: 0.0149974
200 iterations
f(b) = 0.0128796
Frob norm 2 after updating B : 0.0150443
Iteration number -------- 74  -----------
lambda : 1.4392
max_diff => 4.999e-08
performed mixing
Frob norm 1 after updating U: 0.0150202
200 iterations
f(b) = 0.0309748
Frob norm 2 after updating B : 0.014998
Iteration number -------- 75  -----------
lambda : 1.4464
max_diff => 4.999e-08
performed mixing
Frob norm 1 after updating U: 0.0149672
200 iterations
f(b) = 0.0107769
Frob norm 2 after updating B : 0.0151541
Iteration number -------- 76  -----------
lambda : 1.45363
max_diff => 4.999e-08
performed mixing
Frob norm 1 after updating U: 0.0151355
200 iterations
f(b) = 0.0297555
Frob norm 2 after updating B : 0.0149629
Iteration number -------- 77  -----------
lambda : 1.4609
max_diff => 4.999e-08
performed mixing
Frob norm 1 after updating U: 0.014943
200 iterations
f(b) = 0.0123546
Frob norm 2 after updating B : 0.0152727
Iteration number -------- 78  -----------
lambda : 1.46821
max_diff => 4.999e-08
performed mixing
Frob norm 1 after updating U: 0.0152638
200 iterations
f(b) = 0.0121354
Frob norm 2 after updating B : 0.0150963
Iteration number -------- 79  -----------
lambda : 1.47555
max_diff => 4.999e-08
performed mixing
Frob norm 1 after updating U: 0.015082
200 iterations
f(b) = 0.0161103
Frob norm 2 after updating B : 0.0149032
Iteration number -------- 80  -----------
lambda : 1.48292
max_diff => 4.999e-08
performed mixing
Frob norm 1 after updating U: 0.0149042
200 iterations
f(b) = 0.0118382
Frob norm 2 after updating B : 0.0151417
Iteration number -------- 81  -----------
lambda : 1.49034
max_diff => 4.999e-08
performed mixing
Frob norm 1 after updating U: 0.0151255
200 iterations
f(b) = 0.0107125
Frob norm 2 after updating B : 0.0151055
Iteration number -------- 82  -----------
lambda : 1.49779
max_diff => 4.999e-08
performed mixing
Frob norm 1 after updating U: 0.0150981
200 iterations
f(b) = 0.0254126
Frob norm 2 after updating B : 0.0150951
Iteration number -------- 83  -----------
lambda : 1.50528
max_diff => 4.999e-08
performed mixing
Frob norm 1 after updating U: 0.0150812
200 iterations
f(b) = 0.0118601
Frob norm 2 after updating B : 0.0150149
Iteration number -------- 84  -----------
lambda : 1.51281
max_diff => 4.999e-08
performed mixing
Frob norm 1 after updating U: 0.0150224
200 iterations
f(b) = 0.0114472
Frob norm 2 after updating B : 0.015067
Iteration number -------- 85  -----------
lambda : 1.52037
max_diff => 4.999e-08
performed mixing
Frob norm 1 after updating U: 0.0150596
200 iterations
f(b) = 0.0132279
Frob norm 2 after updating B : 0.0152422
Iteration number -------- 86  -----------
lambda : 1.52797
max_diff => 4.999e-08
performed mixing
Frob norm 1 after updating U: 0.0152295
200 iterations
f(b) = 0.0135981
Frob norm 2 after updating B : 0.015064
Iteration number -------- 87  -----------
lambda : 1.53561
max_diff => 4.999e-08
performed mixing
Frob norm 1 after updating U: 0.0150542
200 iterations
f(b) = 0.0118572
Frob norm 2 after updating B : 0.0149203
Iteration number -------- 88  -----------
lambda : 1.54329
max_diff => 4.999e-08
performed mixing
Frob norm 1 after updating U: 0.0149211
200 iterations
f(b) = 0.0129234
Frob norm 2 after updating B : 0.0150601
Iteration number -------- 89  -----------
lambda : 1.55101
max_diff => 4.999e-08
performed mixing
Frob norm 1 after updating U: 0.0150536
200 iterations
f(b) = 0.0133421
Frob norm 2 after updating B : 0.015042
Iteration number -------- 90  -----------
lambda : 1.55876
max_diff => 4.999e-08
performed mixing
Frob norm 1 after updating U: 0.0150444
200 iterations
f(b) = 0.028611
Frob norm 2 after updating B : 0.0148901
Iteration number -------- 91  -----------
lambda : 1.56655
max_diff => 4.999e-08
performed mixing
Frob norm 1 after updating U: 0.0148876
200 iterations
f(b) = 0.0230777
Frob norm 2 after updating B : 0.0151509
Iteration number -------- 92  -----------
lambda : 1.57439
max_diff => 4.999e-08
performed mixing
Frob norm 1 after updating U: 0.0151389
200 iterations
f(b) = 0.0129149
Frob norm 2 after updating B : 0.015017
Iteration number -------- 93  -----------
lambda : 1.58226
max_diff => 4.999e-08
performed mixing
Frob norm 1 after updating U: 0.0150109
200 iterations
f(b) = 0.0123672
Frob norm 2 after updating B : 0.0150784
Iteration number -------- 94  -----------
lambda : 1.59017
max_diff => 4.999e-08
performed mixing
Frob norm 1 after updating U: 0.0150846
200 iterations
f(b) = 0.0279715
Frob norm 2 after updating B : 0.0150178
Iteration number -------- 95  -----------
lambda : 1.59812
max_diff => 4.999e-08
performed mixing
Frob norm 1 after updating U: 0.0150089
200 iterations
f(b) = 0.0142179
Frob norm 2 after updating B : 0.0151299
Iteration number -------- 96  -----------
lambda : 1.60611
max_diff => 4.999e-08
performed mixing
Frob norm 1 after updating U: 0.0151334
200 iterations
f(b) = 0.0113663
Frob norm 2 after updating B : 0.0150096
Iteration number -------- 97  -----------
lambda : 1.61414
max_diff => 4.999e-08
performed mixing
Frob norm 1 after updating U: 0.0150101
200 iterations
f(b) = 0.0280492
Frob norm 2 after updating B : 0.0150118
Iteration number -------- 98  -----------
lambda : 1.62221
max_diff => 4.999e-08
performed mixing
Frob norm 1 after updating U: 0.0150035
200 iterations
f(b) = 0.0225681
Frob norm 2 after updating B : 0.0151551
Iteration number -------- 99  -----------
lambda : 1.63032
max_diff => 4.999e-08
performed mixing
Frob norm 1 after updating U: 0.0151521
200 iterations
f(b) = 0.0152223
Frob norm 2 after updating B : 0.0150056
Iteration number -------- 100  -----------
lambda : 1.63848
max_diff => 4.999e-08
