Academic license - for non-commercial use only
Frob norm 1 after updating U: 11.9418
200 iterations
f(b) = 69.4773
Frob norm 2 after updating B : 7.78179
Iteration number -------- 1  -----------
lambda : 1
max_diff => 0.106646
performed mixing
Frob norm 1 after updating U: 6.72708
200 iterations
f(b) = 60.7403
Frob norm 2 after updating B : 7.28234
Iteration number -------- 2  -----------
lambda : 1.005
max_diff => 0.105135
performed mixing
Frob norm 1 after updating U: 5.86714
200 iterations
f(b) = 53.2107
Frob norm 2 after updating B : 6.80525
Iteration number -------- 3  -----------
lambda : 1.01002
max_diff => 0.118106
performed mixing
Frob norm 1 after updating U: 5.5469
200 iterations
f(b) = 46.4621
Frob norm 2 after updating B : 6.37718
Iteration number -------- 4  -----------
lambda : 1.01508
max_diff => 0.111259
performed mixing
Frob norm 1 after updating U: 5.15441
200 iterations
f(b) = 41.1485
Frob norm 2 after updating B : 5.99526
Iteration number -------- 5  -----------
lambda : 1.02015
max_diff => 0.116606
performed mixing
Frob norm 1 after updating U: 4.93357
200 iterations
f(b) = 36.4371
Frob norm 2 after updating B : 5.68035
Iteration number -------- 6  -----------
lambda : 1.02525
max_diff => 0.120126
performed mixing
Frob norm 1 after updating U: 4.70658
200 iterations
f(b) = 32.7687
Frob norm 2 after updating B : 5.37109
Iteration number -------- 7  -----------
lambda : 1.03038
max_diff => 0.116105
performed mixing
Frob norm 1 after updating U: 4.57637
200 iterations
f(b) = 25.3653
Frob norm 2 after updating B : 4.70595
Iteration number -------- 8  -----------
lambda : 1.03553
max_diff => 0.110131
performed mixing
Frob norm 1 after updating U: 3.26912
200 iterations
f(b) = 20.9749
Frob norm 2 after updating B : 4.26922
Iteration number -------- 9  -----------
lambda : 1.04071
max_diff => 0.0979164
performed mixing
Frob norm 1 after updating U: 3.10652
200 iterations
f(b) = 17.6384
Frob norm 2 after updating B : 3.91298
Iteration number -------- 10  -----------
lambda : 1.04591
max_diff => 0.0752206
performed mixing
Frob norm 1 after updating U: 2.93186
200 iterations
f(b) = 15.1898
Frob norm 2 after updating B : 3.61476
Iteration number -------- 11  -----------
lambda : 1.05114
max_diff => 0.0686192
performed mixing
Frob norm 1 after updating U: 2.90567
200 iterations
f(b) = 13.3595
Frob norm 2 after updating B : 3.41414
Iteration number -------- 12  -----------
lambda : 1.0564
max_diff => 0.0481835
performed mixing
Frob norm 1 after updating U: 2.84106
200 iterations
f(b) = 12.1339
Frob norm 2 after updating B : 3.22558
Iteration number -------- 13  -----------
lambda : 1.06168
max_diff => 0.0475254
performed mixing
Frob norm 1 after updating U: 2.83988
200 iterations
f(b) = 11.0602
Frob norm 2 after updating B : 3.14983
Iteration number -------- 14  -----------
lambda : 1.06699
max_diff => 0.0267943
performed mixing
Frob norm 1 after updating U: 2.80679
200 iterations
f(b) = 10.3545
Frob norm 2 after updating B : 3.03365
Iteration number -------- 15  -----------
lambda : 1.07232
max_diff => 0.0265078
performed mixing
Frob norm 1 after updating U: 2.80626
200 iterations
f(b) = 9.87881
Frob norm 2 after updating B : 2.95674
Iteration number -------- 16  -----------
lambda : 1.07768
max_diff => 0.025926
performed mixing
Frob norm 1 after updating U: 2.805
200 iterations
f(b) = 9.23985
Frob norm 2 after updating B : 2.94475
Iteration number -------- 17  -----------
lambda : 1.08307
max_diff => 0.00851678
performed mixing
Frob norm 1 after updating U: 2.77138
200 iterations
f(b) = 8.93311
Frob norm 2 after updating B : 2.88434
Iteration number -------- 18  -----------
lambda : 1.08849
max_diff => 0.00833015
performed mixing
Frob norm 1 after updating U: 2.76994
200 iterations
f(b) = 8.6898
Frob norm 2 after updating B : 2.84444
Iteration number -------- 19  -----------
lambda : 1.09393
max_diff => 0.00782967
performed mixing
Frob norm 1 after updating U: 2.76749
200 iterations
f(b) = 8.29216
Frob norm 2 after updating B : 2.81832
Iteration number -------- 20  -----------
lambda : 1.0994
max_diff => 0.00349813
performed mixing
Frob norm 1 after updating U: 2.73518
200 iterations
f(b) = 8.17353
Frob norm 2 after updating B : 2.78693
Iteration number -------- 21  -----------
lambda : 1.1049
max_diff => 0.00377109
performed mixing
Frob norm 1 after updating U: 2.73223
200 iterations
f(b) = 8.0636
Frob norm 2 after updating B : 2.76342
Iteration number -------- 22  -----------
lambda : 1.11042
max_diff => 0.00421763
performed mixing
Frob norm 1 after updating U: 2.72715
200 iterations
f(b) = 6.59673
Frob norm 2 after updating B : 2.3712
Iteration number -------- 23  -----------
lambda : 1.11597
max_diff => 0.0559919
performed mixing
Frob norm 1 after updating U: 2.24776
200 iterations
f(b) = 5.69806
Frob norm 2 after updating B : 2.26791
Iteration number -------- 24  -----------
lambda : 1.12155
max_diff => 0.0517562
performed mixing
Frob norm 1 after updating U: 2.1789
200 iterations
f(b) = 5.57226
Frob norm 2 after updating B : 2.23721
Iteration number -------- 25  -----------
lambda : 1.12716
max_diff => 0.0515148
performed mixing
Frob norm 1 after updating U: 2.17781
200 iterations
f(b) = 5.48214
Frob norm 2 after updating B : 2.2163
Iteration number -------- 26  -----------
lambda : 1.1328
max_diff => 0.0512324
performed mixing
Frob norm 1 after updating U: 2.17774
200 iterations
f(b) = 5.39929
Frob norm 2 after updating B : 2.2021
Iteration number -------- 27  -----------
lambda : 1.13846
max_diff => 0.0512383
performed mixing
Frob norm 1 after updating U: 2.17689
200 iterations
f(b) = 5.39052
Frob norm 2 after updating B : 2.19315
Iteration number -------- 28  -----------
lambda : 1.14415
max_diff => 0.0511433
performed mixing
Frob norm 1 after updating U: 2.17666
200 iterations
f(b) = 5.36729
Frob norm 2 after updating B : 2.18725
Iteration number -------- 29  -----------
lambda : 1.14987
max_diff => 0.0510121
performed mixing
Frob norm 1 after updating U: 2.17629
200 iterations
f(b) = 5.34662
Frob norm 2 after updating B : 2.18344
Iteration number -------- 30  -----------
lambda : 1.15562
max_diff => 0.0508493
performed mixing
Frob norm 1 after updating U: 2.17601
200 iterations
f(b) = 5.34293
Frob norm 2 after updating B : 2.18091
Iteration number -------- 31  -----------
lambda : 1.1614
max_diff => 0.0507117
performed mixing
Frob norm 1 after updating U: 2.17579
200 iterations
f(b) = 5.33917
Frob norm 2 after updating B : 2.17882
Iteration number -------- 32  -----------
lambda : 1.16721
max_diff => 0.0507528
performed mixing
Frob norm 1 after updating U: 2.17515
200 iterations
f(b) = 5.33116
Frob norm 2 after updating B : 2.17773
Iteration number -------- 33  -----------
lambda : 1.17304
max_diff => 0.0506762
performed mixing
Frob norm 1 after updating U: 2.17505
200 iterations
f(b) = 5.33232
Frob norm 2 after updating B : 2.17671
Iteration number -------- 34  -----------
lambda : 1.17891
max_diff => 0.0506285
performed mixing
Frob norm 1 after updating U: 2.17469
200 iterations
f(b) = 5.33082
Frob norm 2 after updating B : 2.17597
Iteration number -------- 35  -----------
lambda : 1.1848
max_diff => 0.0505792
performed mixing
Frob norm 1 after updating U: 2.17437
200 iterations
f(b) = 5.33297
Frob norm 2 after updating B : 2.17533
Iteration number -------- 36  -----------
lambda : 1.19073
max_diff => 0.0505857
performed mixing
Frob norm 1 after updating U: 2.17408
200 iterations
f(b) = 5.33721
Frob norm 2 after updating B : 2.1748
Iteration number -------- 37  -----------
lambda : 1.19668
max_diff => 0.0506182
performed mixing
Frob norm 1 after updating U: 2.1738
200 iterations
f(b) = 5.33791
Frob norm 2 after updating B : 2.17443
Iteration number -------- 38  -----------
lambda : 1.20266
max_diff => 0.0506035
performed mixing
Frob norm 1 after updating U: 2.17361
200 iterations
f(b) = 5.34029
Frob norm 2 after updating B : 2.17401
Iteration number -------- 39  -----------
lambda : 1.20868
max_diff => 0.050626
performed mixing
Frob norm 1 after updating U: 2.17331
200 iterations
f(b) = 5.34055
Frob norm 2 after updating B : 2.1737
Iteration number -------- 40  -----------
lambda : 1.21472
max_diff => 0.0506409
performed mixing
Frob norm 1 after updating U: 2.17309
200 iterations
f(b) = 5.34117
Frob norm 2 after updating B : 2.17362
Iteration number -------- 41  -----------
lambda : 1.22079
max_diff => 0.0506769
performed mixing
Frob norm 1 after updating U: 2.17303
200 iterations
f(b) = 5.27393
Frob norm 2 after updating B : 2.1767
Iteration number -------- 42  -----------
lambda : 1.2269
max_diff => 0.0498267
performed mixing
Frob norm 1 after updating U: 2.17503
200 iterations
f(b) = 5.3361
Frob norm 2 after updating B : 2.17591
Iteration number -------- 43  -----------
lambda : 1.23303
max_diff => 0.0499433
performed mixing
Frob norm 1 after updating U: 2.17476
200 iterations
f(b) = 5.31794
Frob norm 2 after updating B : 2.17525
Iteration number -------- 44  -----------
lambda : 1.2392
max_diff => 0.0501446
performed mixing
Frob norm 1 after updating U: 2.17443
200 iterations
f(b) = 5.33188
Frob norm 2 after updating B : 2.17463
Iteration number -------- 45  -----------
lambda : 1.24539
max_diff => 0.0502442
performed mixing
Frob norm 1 after updating U: 2.17409
200 iterations
f(b) = 5.3384
Frob norm 2 after updating B : 2.1739
Iteration number -------- 46  -----------
lambda : 1.25162
max_diff => 0.0503947
performed mixing
Frob norm 1 after updating U: 2.17354
200 iterations
f(b) = 5.3427
Frob norm 2 after updating B : 2.1734
Iteration number -------- 47  -----------
lambda : 1.25788
max_diff => 0.0504533
performed mixing
Frob norm 1 after updating U: 2.17316
200 iterations
f(b) = 5.34289
Frob norm 2 after updating B : 2.17284
Iteration number -------- 48  -----------
lambda : 1.26417
max_diff => 0.0505981
performed mixing
Frob norm 1 after updating U: 2.17268
200 iterations
f(b) = 5.34791
Frob norm 2 after updating B : 2.1724
Iteration number -------- 49  -----------
lambda : 1.27049
max_diff => 0.0506902
performed mixing
Frob norm 1 after updating U: 2.1723
200 iterations
f(b) = 5.34912
Frob norm 2 after updating B : 2.17207
Iteration number -------- 50  -----------
lambda : 1.27684
max_diff => 0.0507661
performed mixing
Frob norm 1 after updating U: 2.172
200 iterations
f(b) = 5.35355
Frob norm 2 after updating B : 2.17174
Iteration number -------- 51  -----------
lambda : 1.28323
max_diff => 0.0508916
performed mixing
Frob norm 1 after updating U: 2.17169
200 iterations
f(b) = 5.35379
Frob norm 2 after updating B : 2.17155
Iteration number -------- 52  -----------
lambda : 1.28964
max_diff => 0.0509232
performed mixing
Frob norm 1 after updating U: 2.17152
200 iterations
f(b) = 5.36175
Frob norm 2 after updating B : 2.17124
Iteration number -------- 53  -----------
lambda : 1.29609
max_diff => 0.0509991
performed mixing
Frob norm 1 after updating U: 2.17122
200 iterations
f(b) = 5.36213
Frob norm 2 after updating B : 2.17088
Iteration number -------- 54  -----------
lambda : 1.30257
max_diff => 0.0510884
performed mixing
Frob norm 1 after updating U: 2.17086
200 iterations
f(b) = 5.36697
Frob norm 2 after updating B : 2.17064
Iteration number -------- 55  -----------
lambda : 1.30908
max_diff => 0.0511205
performed mixing
Frob norm 1 after updating U: 2.17063
200 iterations
f(b) = 5.36695
Frob norm 2 after updating B : 2.17013
Iteration number -------- 56  -----------
lambda : 1.31563
max_diff => 0.0512449
performed mixing
Frob norm 1 after updating U: 2.17012
200 iterations
f(b) = 5.37163
Frob norm 2 after updating B : 2.16981
Iteration number -------- 57  -----------
lambda : 1.32221
max_diff => 0.051254
performed mixing
Frob norm 1 after updating U: 2.1698
200 iterations
f(b) = 5.37297
Frob norm 2 after updating B : 2.16959
Iteration number -------- 58  -----------
lambda : 1.32882
max_diff => 0.0513666
performed mixing
Frob norm 1 after updating U: 2.16959
200 iterations
f(b) = 5.37629
Frob norm 2 after updating B : 2.16938
Iteration number -------- 59  -----------
lambda : 1.33546
max_diff => 0.0514019
performed mixing
Frob norm 1 after updating U: 2.16938
200 iterations
f(b) = 5.37993
Frob norm 2 after updating B : 2.16927
Iteration number -------- 60  -----------
lambda : 1.34214
max_diff => 0.0515171
performed mixing
Frob norm 1 after updating U: 2.16927
200 iterations
f(b) = 5.38166
Frob norm 2 after updating B : 2.16901
Iteration number -------- 61  -----------
lambda : 1.34885
max_diff => 0.0516441
performed mixing
Frob norm 1 after updating U: 2.169
200 iterations
f(b) = 5.39086
Frob norm 2 after updating B : 2.16878
Iteration number -------- 62  -----------
lambda : 1.35559
max_diff => 0.0516987
performed mixing
Frob norm 1 after updating U: 2.16877
200 iterations
f(b) = 5.388
Frob norm 2 after updating B : 2.16867
Iteration number -------- 63  -----------
lambda : 1.36237
max_diff => 0.0518025
performed mixing
Frob norm 1 after updating U: 2.16867
200 iterations
f(b) = 5.40333
Frob norm 2 after updating B : 2.16842
Iteration number -------- 64  -----------
lambda : 1.36918
max_diff => 0.051779
performed mixing
Frob norm 1 after updating U: 2.16842
200 iterations
f(b) = 5.31103
Frob norm 2 after updating B : 2.16803
Iteration number -------- 65  -----------
lambda : 1.37603
max_diff => 0.0520166
performed mixing
Frob norm 1 after updating U: 2.16803
200 iterations
f(b) = 5.40083
Frob norm 2 after updating B : 2.16812
Iteration number -------- 66  -----------
lambda : 1.38291
max_diff => 0.052025
performed mixing
Frob norm 1 after updating U: 2.16812
200 iterations
f(b) = 5.40096
Frob norm 2 after updating B : 2.16775
Iteration number -------- 67  -----------
lambda : 1.38982
max_diff => 0.0521158
performed mixing
Frob norm 1 after updating U: 2.16775
200 iterations
f(b) = 5.40593
Frob norm 2 after updating B : 2.16753
Iteration number -------- 68  -----------
lambda : 1.39677
max_diff => 0.052196
performed mixing
Frob norm 1 after updating U: 2.16752
200 iterations
f(b) = 5.40992
Frob norm 2 after updating B : 2.16748
Iteration number -------- 69  -----------
lambda : 1.40376
max_diff => 0.0522382
performed mixing
Frob norm 1 after updating U: 2.16748
200 iterations
f(b) = 5.39996
Frob norm 2 after updating B : 2.1664
Iteration number -------- 70  -----------
lambda : 1.41078
max_diff => 0.0525167
performed mixing
Frob norm 1 after updating U: 2.16639
200 iterations
f(b) = 5.41648
Frob norm 2 after updating B : 2.16637
Iteration number -------- 71  -----------
lambda : 1.41783
max_diff => 0.0525422
performed mixing
Frob norm 1 after updating U: 2.16637
200 iterations
f(b) = 5.42328
Frob norm 2 after updating B : 2.16631
Iteration number -------- 72  -----------
lambda : 1.42492
max_diff => 0.052588
performed mixing
Frob norm 1 after updating U: 2.16631
200 iterations
f(b) = 5.42574
Frob norm 2 after updating B : 2.16622
Iteration number -------- 73  -----------
lambda : 1.43204
max_diff => 0.0526431
performed mixing
Frob norm 1 after updating U: 2.16622
200 iterations
f(b) = 5.43165
Frob norm 2 after updating B : 2.16609
Iteration number -------- 74  -----------
lambda : 1.4392
max_diff => 0.0526638
performed mixing
Frob norm 1 after updating U: 2.16609
200 iterations
f(b) = 5.42942
Frob norm 2 after updating B : 2.1664
Iteration number -------- 75  -----------
lambda : 1.4464
max_diff => 0.0526768
performed mixing
Frob norm 1 after updating U: 2.1664
200 iterations
f(b) = 5.43658
Frob norm 2 after updating B : 2.16634
Iteration number -------- 76  -----------
lambda : 1.45363
max_diff => 0.0527161
performed mixing
Frob norm 1 after updating U: 2.16634
200 iterations
f(b) = 5.43644
Frob norm 2 after updating B : 2.16603
Iteration number -------- 77  -----------
lambda : 1.4609
max_diff => 0.0528042
performed mixing
Frob norm 1 after updating U: 2.16603
200 iterations
f(b) = 5.44238
Frob norm 2 after updating B : 2.16594
Iteration number -------- 78  -----------
lambda : 1.46821
max_diff => 0.0528341
performed mixing
Frob norm 1 after updating U: 2.16594
200 iterations
f(b) = 5.44437
Frob norm 2 after updating B : 2.16592
Iteration number -------- 79  -----------
lambda : 1.47555
max_diff => 0.052859
performed mixing
Frob norm 1 after updating U: 2.16592
200 iterations
f(b) = 5.4472
Frob norm 2 after updating B : 2.16597
Iteration number -------- 80  -----------
lambda : 1.48292
max_diff => 0.0528814
performed mixing
Frob norm 1 after updating U: 2.16597
200 iterations
f(b) = 5.45345
Frob norm 2 after updating B : 2.16584
Iteration number -------- 81  -----------
lambda : 1.49034
max_diff => 0.0529208
performed mixing
Frob norm 1 after updating U: 2.16584
200 iterations
f(b) = 5.45532
Frob norm 2 after updating B : 2.16594
Iteration number -------- 82  -----------
lambda : 1.49779
max_diff => 0.0529896
performed mixing
Frob norm 1 after updating U: 2.16594
200 iterations
f(b) = 5.45885
Frob norm 2 after updating B : 2.16593
Iteration number -------- 83  -----------
lambda : 1.50528
max_diff => 0.053018
performed mixing
Frob norm 1 after updating U: 2.16593
200 iterations
f(b) = 5.46218
Frob norm 2 after updating B : 2.16378
Iteration number -------- 84  -----------
lambda : 1.51281
max_diff => 0.0531843
performed mixing
Frob norm 1 after updating U: 2.16377
200 iterations
f(b) = 5.47385
Frob norm 2 after updating B : 2.16377
Iteration number -------- 85  -----------
lambda : 1.52037
max_diff => 0.0532241
performed mixing
Frob norm 1 after updating U: 2.16376
200 iterations
f(b) = 5.47413
Frob norm 2 after updating B : 2.16384
Iteration number -------- 86  -----------
lambda : 1.52797
max_diff => 0.0532449
performed mixing
Frob norm 1 after updating U: 2.16384
200 iterations
f(b) = 5.47503
Frob norm 2 after updating B : 2.16398
Iteration number -------- 87  -----------
lambda : 1.53561
max_diff => 0.0532723
performed mixing
Frob norm 1 after updating U: 2.16397
200 iterations
f(b) = 5.47945
Frob norm 2 after updating B : 2.16395
Iteration number -------- 88  -----------
lambda : 1.54329
max_diff => 0.0533295
performed mixing
Frob norm 1 after updating U: 2.16395
200 iterations
f(b) = 5.48575
Frob norm 2 after updating B : 2.16429
Iteration number -------- 89  -----------
lambda : 1.55101
max_diff => 0.0533116
performed mixing
Frob norm 1 after updating U: 2.16429
200 iterations
f(b) = 5.48841
Frob norm 2 after updating B : 2.16447
Iteration number -------- 90  -----------
lambda : 1.55876
max_diff => 0.0532606
performed mixing
Frob norm 1 after updating U: 2.16447
200 iterations
f(b) = 5.48874
Frob norm 2 after updating B : 2.16463
Iteration number -------- 91  -----------
lambda : 1.56655
max_diff => 0.0532928
performed mixing
Frob norm 1 after updating U: 2.16463
200 iterations
f(b) = 5.49785
Frob norm 2 after updating B : 2.16479
Iteration number -------- 92  -----------
lambda : 1.57439
max_diff => 0.0533013
performed mixing
Frob norm 1 after updating U: 2.16478
200 iterations
f(b) = 5.50136
Frob norm 2 after updating B : 2.16494
Iteration number -------- 93  -----------
lambda : 1.58226
max_diff => 0.0533081
performed mixing
Frob norm 1 after updating U: 2.16493
200 iterations
f(b) = 5.50857
Frob norm 2 after updating B : 2.16497
Iteration number -------- 94  -----------
lambda : 1.59017
max_diff => 0.0533306
performed mixing
Frob norm 1 after updating U: 2.16497
200 iterations
f(b) = 5.50783
Frob norm 2 after updating B : 2.16513
Iteration number -------- 95  -----------
lambda : 1.59812
max_diff => 0.0533071
performed mixing
Frob norm 1 after updating U: 2.16513
200 iterations
f(b) = 5.51267
Frob norm 2 after updating B : 2.16515
Iteration number -------- 96  -----------
lambda : 1.60611
max_diff => 0.0533183
performed mixing
Frob norm 1 after updating U: 2.16515
200 iterations
f(b) = 5.6471
Frob norm 2 after updating B : 2.16632
Iteration number -------- 97  -----------
lambda : 1.61414
max_diff => 0.0532331
performed mixing
Frob norm 1 after updating U: 2.16632
200 iterations
f(b) = 5.49777
Frob norm 2 after updating B : 2.16622
Iteration number -------- 98  -----------
lambda : 1.62221
max_diff => 0.0532428
performed mixing
Frob norm 1 after updating U: 2.16621
200 iterations
f(b) = 5.52171
Frob norm 2 after updating B : 2.16667
Iteration number -------- 99  -----------
lambda : 1.63032
max_diff => 0.0532582
performed mixing
Frob norm 1 after updating U: 2.16666
200 iterations
f(b) = 5.5297
Frob norm 2 after updating B : 2.16687
Iteration number -------- 100  -----------
lambda : 1.63848
max_diff => 0.0532538
