Academic license - for non-commercial use only
Frob norm 1 after updating U: 11.9448
200 iterations
f(b) = 69.3015
Frob norm 2 after updating B : 7.57229
Iteration number -------- 1  -----------
lambda : 1
max_diff => 0.130858
performed mixing
Frob norm 1 after updating U: 6.22709
200 iterations
f(b) = 61.2254
Frob norm 2 after updating B : 7.18156
Iteration number -------- 2  -----------
lambda : 1.005
max_diff => 0.118583
performed mixing
Frob norm 1 after updating U: 5.84342
200 iterations
f(b) = 54.2078
Frob norm 2 after updating B : 6.79819
Iteration number -------- 3  -----------
lambda : 1.01002
max_diff => 0.116128
performed mixing
Frob norm 1 after updating U: 5.63348
200 iterations
f(b) = 48.1854
Frob norm 2 after updating B : 6.4875
Iteration number -------- 4  -----------
lambda : 1.01508
max_diff => 0.110727
performed mixing
Frob norm 1 after updating U: 5.5351
200 iterations
f(b) = 43.3241
Frob norm 2 after updating B : 6.21829
Iteration number -------- 5  -----------
lambda : 1.02015
max_diff => 0.108805
performed mixing
Frob norm 1 after updating U: 5.43823
200 iterations
f(b) = 39.9716
Frob norm 2 after updating B : 5.95989
Iteration number -------- 6  -----------
lambda : 1.02525
max_diff => 0.109546
performed mixing
Frob norm 1 after updating U: 5.40337
200 iterations
f(b) = 37.4792
Frob norm 2 after updating B : 5.79227
Iteration number -------- 7  -----------
lambda : 1.03038
max_diff => 0.108161
performed mixing
Frob norm 1 after updating U: 5.38282
200 iterations
f(b) = 35.8734
Frob norm 2 after updating B : 5.64889
Iteration number -------- 8  -----------
lambda : 1.03553
max_diff => 0.108091
performed mixing
Frob norm 1 after updating U: 5.382
200 iterations
f(b) = 34.5869
Frob norm 2 after updating B : 5.55277
Iteration number -------- 9  -----------
lambda : 1.04071
max_diff => 0.106373
performed mixing
Frob norm 1 after updating U: 5.33973
200 iterations
f(b) = 33.8009
Frob norm 2 after updating B : 5.47677
Iteration number -------- 10  -----------
lambda : 1.04591
max_diff => 0.106292
performed mixing
Frob norm 1 after updating U: 5.33888
200 iterations
f(b) = 33.264
Frob norm 2 after updating B : 5.42684
Iteration number -------- 11  -----------
lambda : 1.05114
max_diff => 0.106164
performed mixing
Frob norm 1 after updating U: 5.33716
200 iterations
f(b) = 32.6698
Frob norm 2 after updating B : 5.36924
Iteration number -------- 12  -----------
lambda : 1.0564
max_diff => 0.10357
performed mixing
Frob norm 1 after updating U: 5.28272
200 iterations
f(b) = 32.4034
Frob norm 2 after updating B : 5.33737
Iteration number -------- 13  -----------
lambda : 1.06168
max_diff => 0.103459
performed mixing
Frob norm 1 after updating U: 5.28096
200 iterations
f(b) = 31.1804
Frob norm 2 after updating B : 5.17795
Iteration number -------- 14  -----------
lambda : 1.06699
max_diff => 0.121027
performed mixing
Frob norm 1 after updating U: 5.04523
200 iterations
f(b) = 30.082
Frob norm 2 after updating B : 5.11283
Iteration number -------- 15  -----------
lambda : 1.07232
max_diff => 0.120822
performed mixing
Frob norm 1 after updating U: 4.98569
200 iterations
f(b) = 29.6786
Frob norm 2 after updating B : 5.06849
Iteration number -------- 16  -----------
lambda : 1.07768
max_diff => 0.120538
performed mixing
Frob norm 1 after updating U: 4.9854
200 iterations
f(b) = 28.9411
Frob norm 2 after updating B : 5.04587
Iteration number -------- 17  -----------
lambda : 1.08307
max_diff => 0.0722163
performed mixing
Frob norm 1 after updating U: 4.92431
200 iterations
f(b) = 28.557
Frob norm 2 after updating B : 5.00194
Iteration number -------- 18  -----------
lambda : 1.08849
max_diff => 0.0721017
performed mixing
Frob norm 1 after updating U: 4.92178
200 iterations
f(b) = 24.9968
Frob norm 2 after updating B : 4.64614
Iteration number -------- 19  -----------
lambda : 1.09393
max_diff => 0.0623537
performed mixing
Frob norm 1 after updating U: 4.06149
200 iterations
f(b) = 22.9463
Frob norm 2 after updating B : 4.44143
Iteration number -------- 20  -----------
lambda : 1.0994
max_diff => 0.0624853
performed mixing
Frob norm 1 after updating U: 4.05037
200 iterations
f(b) = 21.7968
Frob norm 2 after updating B : 4.30577
Iteration number -------- 21  -----------
lambda : 1.1049
max_diff => 0.0624884
performed mixing
Frob norm 1 after updating U: 4.04977
200 iterations
f(b) = 21.0398
Frob norm 2 after updating B : 4.21593
Iteration number -------- 22  -----------
lambda : 1.11042
max_diff => 0.0624957
performed mixing
Frob norm 1 after updating U: 4.0483
200 iterations
f(b) = 20.5515
Frob norm 2 after updating B : 4.15649
Iteration number -------- 23  -----------
lambda : 1.11597
max_diff => 0.0624997
performed mixing
Frob norm 1 after updating U: 4.04638
200 iterations
f(b) = 19.993
Frob norm 2 after updating B : 4.13477
Iteration number -------- 24  -----------
lambda : 1.12155
max_diff => 0.0623677
performed mixing
Frob norm 1 after updating U: 4.0114
200 iterations
f(b) = 19.6643
Frob norm 2 after updating B : 4.09129
Iteration number -------- 25  -----------
lambda : 1.12716
max_diff => 0.0623567
performed mixing
Frob norm 1 after updating U: 4.01147
200 iterations
f(b) = 19.4386
Frob norm 2 after updating B : 4.06347
Iteration number -------- 26  -----------
lambda : 1.1328
max_diff => 0.0623474
performed mixing
Frob norm 1 after updating U: 4.0115
200 iterations
f(b) = 19.2973
Frob norm 2 after updating B : 4.04537
Iteration number -------- 27  -----------
lambda : 1.13846
max_diff => 0.0623434
performed mixing
Frob norm 1 after updating U: 4.01132
200 iterations
f(b) = 18.9803
Frob norm 2 after updating B : 4.04994
Iteration number -------- 28  -----------
lambda : 1.14415
max_diff => 0.0622911
performed mixing
Frob norm 1 after updating U: 4.01756
200 iterations
f(b) = 18.9496
Frob norm 2 after updating B : 4.03864
Iteration number -------- 29  -----------
lambda : 1.14987
max_diff => 0.0622922
performed mixing
Frob norm 1 after updating U: 4.01769
200 iterations
f(b) = 18.8319
Frob norm 2 after updating B : 4.03169
Iteration number -------- 30  -----------
lambda : 1.15562
max_diff => 0.0622959
performed mixing
Frob norm 1 after updating U: 4.01793
200 iterations
f(b) = 18.8663
Frob norm 2 after updating B : 4.02715
Iteration number -------- 31  -----------
lambda : 1.1614
max_diff => 0.0622968
performed mixing
Frob norm 1 after updating U: 4.0181
200 iterations
f(b) = 18.8507
Frob norm 2 after updating B : 4.02417
Iteration number -------- 32  -----------
lambda : 1.16721
max_diff => 0.0622972
performed mixing
Frob norm 1 after updating U: 4.01824
200 iterations
f(b) = 18.8485
Frob norm 2 after updating B : 4.02208
Iteration number -------- 33  -----------
lambda : 1.17304
max_diff => 0.0622968
performed mixing
Frob norm 1 after updating U: 4.0182
200 iterations
f(b) = 18.8464
Frob norm 2 after updating B : 4.02071
Iteration number -------- 34  -----------
lambda : 1.17891
max_diff => 0.0622996
performed mixing
Frob norm 1 after updating U: 4.01816
200 iterations
f(b) = 18.8568
Frob norm 2 after updating B : 4.01977
Iteration number -------- 35  -----------
lambda : 1.1848
max_diff => 0.062302
performed mixing
Frob norm 1 after updating U: 4.01807
200 iterations
f(b) = 18.8655
Frob norm 2 after updating B : 4.01926
Iteration number -------- 36  -----------
lambda : 1.19073
max_diff => 0.0623037
performed mixing
Frob norm 1 after updating U: 4.01814
200 iterations
f(b) = 18.8732
Frob norm 2 after updating B : 4.0187
Iteration number -------- 37  -----------
lambda : 1.19668
max_diff => 0.0623057
performed mixing
Frob norm 1 after updating U: 4.01795
200 iterations
f(b) = 18.8834
Frob norm 2 after updating B : 4.01812
Iteration number -------- 38  -----------
lambda : 1.20266
max_diff => 0.06231
performed mixing
Frob norm 1 after updating U: 4.0176
200 iterations
f(b) = 18.8981
Frob norm 2 after updating B : 4.01786
Iteration number -------- 39  -----------
lambda : 1.20868
max_diff => 0.0623113
performed mixing
Frob norm 1 after updating U: 4.0175
200 iterations
f(b) = 18.871
Frob norm 2 after updating B : 4.01721
Iteration number -------- 40  -----------
lambda : 1.21472
max_diff => 0.0623141
performed mixing
Frob norm 1 after updating U: 4.01689
200 iterations
f(b) = 18.9129
Frob norm 2 after updating B : 4.017
Iteration number -------- 41  -----------
lambda : 1.22079
max_diff => 0.0623178
performed mixing
Frob norm 1 after updating U: 4.01677
200 iterations
f(b) = 18.9275
Frob norm 2 after updating B : 4.01686
Iteration number -------- 42  -----------
lambda : 1.2269
max_diff => 0.0623191
performed mixing
Frob norm 1 after updating U: 4.01669
200 iterations
f(b) = 18.9366
Frob norm 2 after updating B : 4.01675
Iteration number -------- 43  -----------
lambda : 1.23303
max_diff => 0.0623412
performed mixing
Frob norm 1 after updating U: 4.01661
200 iterations
f(b) = 18.9022
Frob norm 2 after updating B : 4.01652
Iteration number -------- 44  -----------
lambda : 1.2392
max_diff => 0.0623458
performed mixing
Frob norm 1 after updating U: 4.0164
200 iterations
f(b) = 18.9678
Frob norm 2 after updating B : 4.01597
Iteration number -------- 45  -----------
lambda : 1.24539
max_diff => 0.0623466
performed mixing
Frob norm 1 after updating U: 4.01587
200 iterations
f(b) = 18.9766
Frob norm 2 after updating B : 4.01589
Iteration number -------- 46  -----------
lambda : 1.25162
max_diff => 0.0623494
performed mixing
Frob norm 1 after updating U: 4.01582
200 iterations
f(b) = 18.9953
Frob norm 2 after updating B : 4.01589
Iteration number -------- 47  -----------
lambda : 1.25788
max_diff => 0.0623512
performed mixing
Frob norm 1 after updating U: 4.01583
200 iterations
f(b) = 19.0037
Frob norm 2 after updating B : 4.01572
Iteration number -------- 48  -----------
lambda : 1.26417
max_diff => 0.0623503
performed mixing
Frob norm 1 after updating U: 4.01568
200 iterations
f(b) = 19.0166
Frob norm 2 after updating B : 4.01556
Iteration number -------- 49  -----------
lambda : 1.27049
max_diff => 0.0623509
performed mixing
Frob norm 1 after updating U: 4.01552
200 iterations
f(b) = 19.0379
Frob norm 2 after updating B : 4.01394
Iteration number -------- 50  -----------
lambda : 1.27684
max_diff => 0.0623517
performed mixing
Frob norm 1 after updating U: 4.01389
200 iterations
f(b) = 19.0041
Frob norm 2 after updating B : 4.01233
Iteration number -------- 51  -----------
lambda : 1.28323
max_diff => 0.0623792
performed mixing
Frob norm 1 after updating U: 4.01197
200 iterations
f(b) = 19.0385
Frob norm 2 after updating B : 4.01336
Iteration number -------- 52  -----------
lambda : 1.28964
max_diff => 0.0623826
performed mixing
Frob norm 1 after updating U: 4.013
200 iterations
f(b) = 19.0624
Frob norm 2 after updating B : 4.01301
Iteration number -------- 53  -----------
lambda : 1.29609
max_diff => 0.0623836
performed mixing
Frob norm 1 after updating U: 4.01275
200 iterations
f(b) = 19.0718
Frob norm 2 after updating B : 4.01294
Iteration number -------- 54  -----------
lambda : 1.30257
max_diff => 0.0623832
performed mixing
Frob norm 1 after updating U: 4.01276
200 iterations
f(b) = 19.1006
Frob norm 2 after updating B : 4.01332
Iteration number -------- 55  -----------
lambda : 1.30908
max_diff => 0.0623846
performed mixing
Frob norm 1 after updating U: 4.01315
200 iterations
f(b) = 19.0765
Frob norm 2 after updating B : 4.01364
Iteration number -------- 56  -----------
lambda : 1.31563
max_diff => 0.0623831
performed mixing
Frob norm 1 after updating U: 4.01351
200 iterations
f(b) = 19.1102
Frob norm 2 after updating B : 4.01363
Iteration number -------- 57  -----------
lambda : 1.32221
max_diff => 0.0623826
performed mixing
Frob norm 1 after updating U: 4.01354
200 iterations
f(b) = 19.1224
Frob norm 2 after updating B : 4.01371
Iteration number -------- 58  -----------
lambda : 1.32882
max_diff => 0.0623819
performed mixing
Frob norm 1 after updating U: 4.01365
200 iterations
f(b) = 19.1261
Frob norm 2 after updating B : 4.01369
Iteration number -------- 59  -----------
lambda : 1.33546
max_diff => 0.0623812
performed mixing
Frob norm 1 after updating U: 4.01364
200 iterations
f(b) = 19.1544
Frob norm 2 after updating B : 4.01395
Iteration number -------- 60  -----------
lambda : 1.34214
max_diff => 0.0623815
performed mixing
Frob norm 1 after updating U: 4.01391
200 iterations
f(b) = 19.1678
Frob norm 2 after updating B : 4.01425
Iteration number -------- 61  -----------
lambda : 1.34885
max_diff => 0.0623792
performed mixing
Frob norm 1 after updating U: 4.01422
200 iterations
f(b) = 19.1819
Frob norm 2 after updating B : 4.01435
Iteration number -------- 62  -----------
lambda : 1.35559
max_diff => 0.0623815
performed mixing
Frob norm 1 after updating U: 4.01432
200 iterations
f(b) = 19.194
Frob norm 2 after updating B : 4.01462
Iteration number -------- 63  -----------
lambda : 1.36237
max_diff => 0.0623795
performed mixing
Frob norm 1 after updating U: 4.01459
200 iterations
f(b) = 19.2133
Frob norm 2 after updating B : 4.01485
Iteration number -------- 64  -----------
lambda : 1.36918
max_diff => 0.0623783
performed mixing
Frob norm 1 after updating U: 4.01483
200 iterations
f(b) = 19.2237
Frob norm 2 after updating B : 4.01496
Iteration number -------- 65  -----------
lambda : 1.37603
max_diff => 0.0623774
performed mixing
Frob norm 1 after updating U: 4.01494
200 iterations
f(b) = 19.2339
Frob norm 2 after updating B : 4.0151
Iteration number -------- 66  -----------
lambda : 1.38291
max_diff => 0.0623768
performed mixing
Frob norm 1 after updating U: 4.01508
200 iterations
f(b) = 19.2505
Frob norm 2 after updating B : 4.01546
Iteration number -------- 67  -----------
lambda : 1.38982
max_diff => 0.0623771
performed mixing
Frob norm 1 after updating U: 4.01545
200 iterations
f(b) = 19.263
Frob norm 2 after updating B : 4.01565
Iteration number -------- 68  -----------
lambda : 1.39677
max_diff => 0.0623772
performed mixing
Frob norm 1 after updating U: 4.01563
200 iterations
f(b) = 19.2842
Frob norm 2 after updating B : 4.01581
Iteration number -------- 69  -----------
lambda : 1.40376
max_diff => 0.0623776
performed mixing
Frob norm 1 after updating U: 4.01579
200 iterations
f(b) = 19.2925
Frob norm 2 after updating B : 4.01556
Iteration number -------- 70  -----------
lambda : 1.41078
max_diff => 0.0623813
performed mixing
Frob norm 1 after updating U: 4.01554
200 iterations
f(b) = 19.3131
Frob norm 2 after updating B : 4.01585
Iteration number -------- 71  -----------
lambda : 1.41783
max_diff => 0.0623816
performed mixing
Frob norm 1 after updating U: 4.01583
200 iterations
f(b) = 19.3262
Frob norm 2 after updating B : 4.01637
Iteration number -------- 72  -----------
lambda : 1.42492
max_diff => 0.0623798
performed mixing
Frob norm 1 after updating U: 4.01636
200 iterations
f(b) = 19.3431
Frob norm 2 after updating B : 4.01698
Iteration number -------- 73  -----------
lambda : 1.43204
max_diff => 0.0623787
performed mixing
Frob norm 1 after updating U: 4.01696
200 iterations
f(b) = 19.36
Frob norm 2 after updating B : 4.01721
Iteration number -------- 74  -----------
lambda : 1.4392
max_diff => 0.0623787
performed mixing
Frob norm 1 after updating U: 4.0172
200 iterations
f(b) = 19.3737
Frob norm 2 after updating B : 4.01739
Iteration number -------- 75  -----------
lambda : 1.4464
max_diff => 0.0623778
performed mixing
Frob norm 1 after updating U: 4.01738
200 iterations
f(b) = 19.3873
Frob norm 2 after updating B : 4.01751
Iteration number -------- 76  -----------
lambda : 1.45363
max_diff => 0.0623775
performed mixing
Frob norm 1 after updating U: 4.0175
200 iterations
f(b) = 19.367
Frob norm 2 after updating B : 4.01743
Iteration number -------- 77  -----------
lambda : 1.4609
max_diff => 0.0623778
performed mixing
Frob norm 1 after updating U: 4.01742
200 iterations
f(b) = 19.4195
Frob norm 2 after updating B : 4.01755
Iteration number -------- 78  -----------
lambda : 1.46821
max_diff => 0.0623775
performed mixing
Frob norm 1 after updating U: 4.01753
200 iterations
f(b) = 19.4303
Frob norm 2 after updating B : 4.01755
Iteration number -------- 79  -----------
lambda : 1.47555
max_diff => 0.0623761
performed mixing
Frob norm 1 after updating U: 4.01753
200 iterations
f(b) = 19.4509
Frob norm 2 after updating B : 4.01762
Iteration number -------- 80  -----------
lambda : 1.48292
max_diff => 0.0623769
performed mixing
Frob norm 1 after updating U: 4.0176
200 iterations
f(b) = 19.46
Frob norm 2 after updating B : 4.01768
Iteration number -------- 81  -----------
lambda : 1.49034
max_diff => 0.0623742
performed mixing
Frob norm 1 after updating U: 4.01766
200 iterations
f(b) = 19.4159
Frob norm 2 after updating B : 4.01563
Iteration number -------- 82  -----------
lambda : 1.49779
max_diff => 0.0623731
performed mixing
Frob norm 1 after updating U: 4.01558
200 iterations
f(b) = 19.4937
Frob norm 2 after updating B : 4.01721
Iteration number -------- 83  -----------
lambda : 1.50528
max_diff => 0.0623714
performed mixing
Frob norm 1 after updating U: 4.01718
200 iterations
f(b) = 19.5095
Frob norm 2 after updating B : 4.01754
Iteration number -------- 84  -----------
lambda : 1.51281
max_diff => 0.0623705
performed mixing
Frob norm 1 after updating U: 4.01752
200 iterations
f(b) = 19.5261
Frob norm 2 after updating B : 4.01766
Iteration number -------- 85  -----------
lambda : 1.52037
max_diff => 0.0623693
performed mixing
Frob norm 1 after updating U: 4.01763
200 iterations
f(b) = 19.5412
Frob norm 2 after updating B : 4.01791
Iteration number -------- 86  -----------
lambda : 1.52797
max_diff => 0.0623693
performed mixing
Frob norm 1 after updating U: 4.01788
200 iterations
f(b) = 19.5464
Frob norm 2 after updating B : 4.01801
Iteration number -------- 87  -----------
lambda : 1.53561
max_diff => 0.0623696
performed mixing
Frob norm 1 after updating U: 4.01799
200 iterations
f(b) = 19.579
Frob norm 2 after updating B : 4.01807
Iteration number -------- 88  -----------
lambda : 1.54329
max_diff => 0.0623676
performed mixing
Frob norm 1 after updating U: 4.01805
200 iterations
f(b) = 19.5889
Frob norm 2 after updating B : 4.01816
Iteration number -------- 89  -----------
lambda : 1.55101
max_diff => 0.0623651
performed mixing
Frob norm 1 after updating U: 4.01814
200 iterations
f(b) = 19.606
Frob norm 2 after updating B : 4.01824
Iteration number -------- 90  -----------
lambda : 1.55876
max_diff => 0.062366
performed mixing
Frob norm 1 after updating U: 4.01822
200 iterations
f(b) = 19.6202
Frob norm 2 after updating B : 4.01833
Iteration number -------- 91  -----------
lambda : 1.56655
max_diff => 0.0623635
performed mixing
Frob norm 1 after updating U: 4.01832
200 iterations
f(b) = 19.641
Frob norm 2 after updating B : 4.01839
Iteration number -------- 92  -----------
lambda : 1.57439
max_diff => 0.0623626
performed mixing
Frob norm 1 after updating U: 4.01837
200 iterations
f(b) = 19.5901
Frob norm 2 after updating B : 4.01848
Iteration number -------- 93  -----------
lambda : 1.58226
max_diff => 0.0623606
performed mixing
Frob norm 1 after updating U: 4.01846
200 iterations
f(b) = 19.6991
Frob norm 2 after updating B : 4.01829
Iteration number -------- 94  -----------
lambda : 1.59017
max_diff => 0.0623609
performed mixing
Frob norm 1 after updating U: 4.01828
200 iterations
f(b) = 19.664
Frob norm 2 after updating B : 4.01857
Iteration number -------- 95  -----------
lambda : 1.59812
max_diff => 0.0623609
performed mixing
Frob norm 1 after updating U: 4.01855
200 iterations
f(b) = 19.6909
Frob norm 2 after updating B : 4.01874
Iteration number -------- 96  -----------
lambda : 1.60611
max_diff => 0.0623597
performed mixing
Frob norm 1 after updating U: 4.01872
200 iterations
f(b) = 19.7208
Frob norm 2 after updating B : 4.01882
Iteration number -------- 97  -----------
lambda : 1.61414
max_diff => 0.0623582
performed mixing
Frob norm 1 after updating U: 4.0188
200 iterations
f(b) = 19.7335
Frob norm 2 after updating B : 4.01878
Iteration number -------- 98  -----------
lambda : 1.62221
max_diff => 0.0623553
performed mixing
Frob norm 1 after updating U: 4.01875
200 iterations
f(b) = 19.7533
Frob norm 2 after updating B : 4.019
Iteration number -------- 99  -----------
lambda : 1.63032
max_diff => 0.0623536
performed mixing
Frob norm 1 after updating U: 4.01897
200 iterations
f(b) = 19.6727
Frob norm 2 after updating B : 4.01888
Iteration number -------- 100  -----------
lambda : 1.63848
max_diff => 0.0623509
