Academic license - for non-commercial use only
Frob norm 1 after updating U: 11.6988
200 iterations
f(b) = 75.0419
Frob norm 2 after updating B : 8.27948
Iteration number -------- 1  -----------
lambda : 1
max_diff => 0.102082
performed mixing
Frob norm 1 after updating U: 7.99704
200 iterations
f(b) = 73.1511
Frob norm 2 after updating B : 8.17143
Iteration number -------- 2  -----------
lambda : 1.005
max_diff => 0.0946204
performed mixing
Frob norm 1 after updating U: 7.89694
200 iterations
f(b) = 71.3663
Frob norm 2 after updating B : 8.06711
Iteration number -------- 3  -----------
lambda : 1.01002
max_diff => 0.086416
performed mixing
Frob norm 1 after updating U: 7.81802
200 iterations
f(b) = 69.7828
Frob norm 2 after updating B : 7.97656
Iteration number -------- 4  -----------
lambda : 1.01508
max_diff => 0.0756528
performed mixing
Frob norm 1 after updating U: 7.75068
200 iterations
f(b) = 68.4379
Frob norm 2 after updating B : 7.89098
Iteration number -------- 5  -----------
lambda : 1.02015
max_diff => 0.0674754
performed mixing
Frob norm 1 after updating U: 7.70849
200 iterations
f(b) = 64.9558
Frob norm 2 after updating B : 7.67162
Iteration number -------- 6  -----------
lambda : 1.02525
max_diff => 0.0623892
performed mixing
Frob norm 1 after updating U: 7.22603
200 iterations
f(b) = 62.4039
Frob norm 2 after updating B : 7.50128
Iteration number -------- 7  -----------
lambda : 1.03038
max_diff => 0.0637328
performed mixing
Frob norm 1 after updating U: 7.14431
200 iterations
f(b) = 59.1944
Frob norm 2 after updating B : 7.26374
Iteration number -------- 8  -----------
lambda : 1.03553
max_diff => 0.0898058
performed mixing
Frob norm 1 after updating U: 6.84306
200 iterations
f(b) = 57.0949
Frob norm 2 after updating B : 7.12425
Iteration number -------- 9  -----------
lambda : 1.04071
max_diff => 0.082452
performed mixing
Frob norm 1 after updating U: 6.79867
200 iterations
f(b) = 55.5016
Frob norm 2 after updating B : 7.01507
Iteration number -------- 10  -----------
lambda : 1.04591
max_diff => 0.0754073
performed mixing
Frob norm 1 after updating U: 6.76762
200 iterations
f(b) = 54.2877
Frob norm 2 after updating B : 6.93303
Iteration number -------- 11  -----------
lambda : 1.05114
max_diff => 0.068511
performed mixing
Frob norm 1 after updating U: 6.73804
200 iterations
f(b) = 53.3233
Frob norm 2 after updating B : 6.87569
Iteration number -------- 12  -----------
lambda : 1.0564
max_diff => 0.0698
performed mixing
Frob norm 1 after updating U: 6.70714
200 iterations
f(b) = 52.5469
Frob norm 2 after updating B : 6.8232
Iteration number -------- 13  -----------
lambda : 1.06168
max_diff => 0.0708497
performed mixing
Frob norm 1 after updating U: 6.69334
200 iterations
f(b) = 51.9559
Frob norm 2 after updating B : 6.78215
Iteration number -------- 14  -----------
lambda : 1.06699
max_diff => 0.0715125
performed mixing
Frob norm 1 after updating U: 6.68367
200 iterations
f(b) = 51.5199
Frob norm 2 after updating B : 6.7556
Iteration number -------- 15  -----------
lambda : 1.07232
max_diff => 0.0726123
performed mixing
Frob norm 1 after updating U: 6.66671
200 iterations
f(b) = 51.122
Frob norm 2 after updating B : 6.72791
Iteration number -------- 16  -----------
lambda : 1.07768
max_diff => 0.0731601
performed mixing
Frob norm 1 after updating U: 6.66429
200 iterations
f(b) = 50.8465
Frob norm 2 after updating B : 6.70949
Iteration number -------- 17  -----------
lambda : 1.08307
max_diff => 0.0740224
performed mixing
Frob norm 1 after updating U: 6.65645
200 iterations
f(b) = 50.6347
Frob norm 2 after updating B : 6.69445
Iteration number -------- 18  -----------
lambda : 1.08849
max_diff => 0.0744109
performed mixing
Frob norm 1 after updating U: 6.6527
200 iterations
f(b) = 50.4599
Frob norm 2 after updating B : 6.6829
Iteration number -------- 19  -----------
lambda : 1.09393
max_diff => 0.0750471
performed mixing
Frob norm 1 after updating U: 6.64811
200 iterations
f(b) = 50.321
Frob norm 2 after updating B : 6.67271
Iteration number -------- 20  -----------
lambda : 1.0994
max_diff => 0.075316
performed mixing
Frob norm 1 after updating U: 6.64452
200 iterations
f(b) = 50.1894
Frob norm 2 after updating B : 6.66665
Iteration number -------- 21  -----------
lambda : 1.1049
max_diff => 0.0757546
performed mixing
Frob norm 1 after updating U: 6.63971
200 iterations
f(b) = 50.0893
Frob norm 2 after updating B : 6.65941
Iteration number -------- 22  -----------
lambda : 1.11042
max_diff => 0.0759226
performed mixing
Frob norm 1 after updating U: 6.63715
200 iterations
f(b) = 49.9957
Frob norm 2 after updating B : 6.65405
Iteration number -------- 23  -----------
lambda : 1.11597
max_diff => 0.076237
performed mixing
Frob norm 1 after updating U: 6.63313
200 iterations
f(b) = 49.9151
Frob norm 2 after updating B : 6.64872
Iteration number -------- 24  -----------
lambda : 1.12155
max_diff => 0.0766496
performed mixing
Frob norm 1 after updating U: 6.63047
200 iterations
f(b) = 49.8521
Frob norm 2 after updating B : 6.64308
Iteration number -------- 25  -----------
lambda : 1.12716
max_diff => 0.0768392
performed mixing
Frob norm 1 after updating U: 6.62831
200 iterations
f(b) = 49.7994
Frob norm 2 after updating B : 6.63698
Iteration number -------- 26  -----------
lambda : 1.1328
max_diff => 0.0770606
performed mixing
Frob norm 1 after updating U: 6.62268
200 iterations
f(b) = 49.7268
Frob norm 2 after updating B : 6.62723
Iteration number -------- 27  -----------
lambda : 1.13846
max_diff => 0.0773269
performed mixing
Frob norm 1 after updating U: 6.60535
200 iterations
f(b) = 38.8098
Frob norm 2 after updating B : 5.7799
Iteration number -------- 28  -----------
lambda : 1.14415
max_diff => 0.0621342
performed mixing
Frob norm 1 after updating U: 3.87762
200 iterations
f(b) = 31.3668
Frob norm 2 after updating B : 5.09625
Iteration number -------- 29  -----------
lambda : 1.14987
max_diff => 0.0591408
performed mixing
Frob norm 1 after updating U: 3.34923
200 iterations
f(b) = 25.2033
Frob norm 2 after updating B : 4.28772
Iteration number -------- 30  -----------
lambda : 1.15562
max_diff => 0.107858
performed mixing
Frob norm 1 after updating U: 2.30047
200 iterations
f(b) = 19.6728
Frob norm 2 after updating B : 3.77075
Iteration number -------- 31  -----------
lambda : 1.1614
max_diff => 0.0968489
performed mixing
Frob norm 1 after updating U: 1.7921
200 iterations
f(b) = 15.6046
Frob norm 2 after updating B : 3.3276
Iteration number -------- 32  -----------
lambda : 1.16721
max_diff => 0.0861758
performed mixing
Frob norm 1 after updating U: 1.37445
200 iterations
f(b) = 12.4804
Frob norm 2 after updating B : 2.91568
Iteration number -------- 33  -----------
lambda : 1.17304
max_diff => 0.0682519
performed mixing
Frob norm 1 after updating U: 1.15817
200 iterations
f(b) = 10.0141
Frob norm 2 after updating B : 2.57501
Iteration number -------- 34  -----------
lambda : 1.17891
max_diff => 0.0536542
performed mixing
Frob norm 1 after updating U: 0.936371
200 iterations
f(b) = 8.06191
Frob norm 2 after updating B : 2.25449
Iteration number -------- 35  -----------
lambda : 1.1848
max_diff => 0.0412943
performed mixing
Frob norm 1 after updating U: 0.823178
200 iterations
f(b) = 6.5146
Frob norm 2 after updating B : 2.00592
Iteration number -------- 36  -----------
lambda : 1.19073
max_diff => 0.0303795
performed mixing
Frob norm 1 after updating U: 0.699517
200 iterations
f(b) = 5.26229
Frob norm 2 after updating B : 1.80169
Iteration number -------- 37  -----------
lambda : 1.19668
max_diff => 0.0198161
performed mixing
Frob norm 1 after updating U: 0.571292
200 iterations
f(b) = 4.24731
Frob norm 2 after updating B : 1.52581
Iteration number -------- 38  -----------
lambda : 1.20266
max_diff => 0.0175265
performed mixing
Frob norm 1 after updating U: 0.535967
200 iterations
f(b) = 3.40868
Frob norm 2 after updating B : 1.50129
Iteration number -------- 39  -----------
lambda : 1.20868
max_diff => 0.00747563
performed mixing
Frob norm 1 after updating U: 0.368209
200 iterations
f(b) = 2.59809
Frob norm 2 after updating B : 1.34906
Iteration number -------- 40  -----------
lambda : 1.21472
max_diff => 0.00411254
performed mixing
Frob norm 1 after updating U: 0.265747
200 iterations
f(b) = 2.01406
Frob norm 2 after updating B : 1.10075
Iteration number -------- 41  -----------
lambda : 1.22079
max_diff => 0.00398898
performed mixing
Frob norm 1 after updating U: 0.262565
200 iterations
f(b) = 1.43702
Frob norm 2 after updating B : 1.11721
Iteration number -------- 42  -----------
lambda : 1.2269
max_diff => 0.000178355
performed mixing
Frob norm 1 after updating U: 0.0619697
200 iterations
f(b) = 1.03135
Frob norm 2 after updating B : 0.898208
Iteration number -------- 43  -----------
lambda : 1.23303
max_diff => 0.000170712
performed mixing
Frob norm 1 after updating U: 0.0605002
200 iterations
f(b) = 0.660884
Frob norm 2 after updating B : 0.794012
Iteration number -------- 44  -----------
lambda : 1.2392
max_diff => 4.92558e-07
performed mixing
Frob norm 1 after updating U: 0.0157182
200 iterations
f(b) = 0.459371
Frob norm 2 after updating B : 0.636766
Iteration number -------- 45  -----------
lambda : 1.24539
max_diff => 7.69198e-08
performed mixing
Frob norm 1 after updating U: 0.0151871
200 iterations
f(b) = 0.30026
Frob norm 2 after updating B : 0.50913
Iteration number -------- 46  -----------
lambda : 1.25162
max_diff => 8.59517e-08
performed mixing
Frob norm 1 after updating U: 0.0152264
200 iterations
f(b) = 0.223098
Frob norm 2 after updating B : 0.408005
Iteration number -------- 47  -----------
lambda : 1.25788
max_diff => 5.05193e-08
performed mixing
Frob norm 1 after updating U: 0.0152266
200 iterations
f(b) = 0.1611
Frob norm 2 after updating B : 0.326601
Iteration number -------- 48  -----------
lambda : 1.26417
max_diff => 5.31528e-08
performed mixing
Frob norm 1 after updating U: 0.0151674
200 iterations
f(b) = 0.121801
Frob norm 2 after updating B : 0.26157
Iteration number -------- 49  -----------
lambda : 1.27049
max_diff => 4.999e-08
performed mixing
Frob norm 1 after updating U: 0.0151625
200 iterations
f(b) = 0.097408
Frob norm 2 after updating B : 0.209426
Iteration number -------- 50  -----------
lambda : 1.27684
max_diff => 4.999e-08
performed mixing
Frob norm 1 after updating U: 0.0151291
200 iterations
f(b) = 0.0347218
Frob norm 2 after updating B : 0.16819
Iteration number -------- 51  -----------
lambda : 1.28323
max_diff => 4.999e-08
performed mixing
Frob norm 1 after updating U: 0.0150746
200 iterations
f(b) = 0.0734745
Frob norm 2 after updating B : 0.134869
Iteration number -------- 52  -----------
lambda : 1.28964
max_diff => 4.999e-08
performed mixing
Frob norm 1 after updating U: 0.0151085
200 iterations
f(b) = 0.0668914
Frob norm 2 after updating B : 0.108245
Iteration number -------- 53  -----------
lambda : 1.29609
max_diff => 4.999e-08
performed mixing
Frob norm 1 after updating U: 0.0150801
200 iterations
f(b) = 0.0560583
Frob norm 2 after updating B : 0.0875807
Iteration number -------- 54  -----------
lambda : 1.30257
max_diff => 4.999e-08
performed mixing
Frob norm 1 after updating U: 0.0151292
200 iterations
f(b) = 0.0534806
Frob norm 2 after updating B : 0.0703563
Iteration number -------- 55  -----------
lambda : 1.30908
max_diff => 4.999e-08
performed mixing
Frob norm 1 after updating U: 0.0150464
200 iterations
f(b) = 0.0581902
Frob norm 2 after updating B : 0.0570425
Iteration number -------- 56  -----------
lambda : 1.31563
max_diff => 4.999e-08
performed mixing
Frob norm 1 after updating U: 0.0150132
200 iterations
f(b) = 0.0186429
Frob norm 2 after updating B : 0.0467177
Iteration number -------- 57  -----------
lambda : 1.32221
max_diff => 4.999e-08
performed mixing
Frob norm 1 after updating U: 0.0150438
200 iterations
f(b) = 0.0327669
Frob norm 2 after updating B : 0.0385149
Iteration number -------- 58  -----------
lambda : 1.32882
max_diff => 4.999e-08
performed mixing
Frob norm 1 after updating U: 0.0150802
200 iterations
f(b) = 0.0482061
Frob norm 2 after updating B : 0.0321204
Iteration number -------- 59  -----------
lambda : 1.33546
max_diff => 4.999e-08
performed mixing
Frob norm 1 after updating U: 0.0150263
200 iterations
f(b) = 0.0134075
Frob norm 2 after updating B : 0.027584
Iteration number -------- 60  -----------
lambda : 1.34214
max_diff => 4.999e-08
performed mixing
Frob norm 1 after updating U: 0.0150321
200 iterations
f(b) = 0.0138808
Frob norm 2 after updating B : 0.0237985
Iteration number -------- 61  -----------
lambda : 1.34885
max_diff => 4.999e-08
performed mixing
Frob norm 1 after updating U: 0.0151142
200 iterations
f(b) = 0.0123058
Frob norm 2 after updating B : 0.0212268
Iteration number -------- 62  -----------
lambda : 1.35559
max_diff => 4.999e-08
performed mixing
Frob norm 1 after updating U: 0.0151105
200 iterations
f(b) = 0.0101392
Frob norm 2 after updating B : 0.0190172
Iteration number -------- 63  -----------
lambda : 1.36237
max_diff => 4.999e-08
performed mixing
Frob norm 1 after updating U: 0.0150475
200 iterations
f(b) = 0.0132516
Frob norm 2 after updating B : 0.0178195
Iteration number -------- 64  -----------
lambda : 1.36918
max_diff => 4.999e-08
performed mixing
Frob norm 1 after updating U: 0.0150664
200 iterations
f(b) = 0.0121949
Frob norm 2 after updating B : 0.0168882
Iteration number -------- 65  -----------
lambda : 1.37603
max_diff => 4.999e-08
performed mixing
Frob norm 1 after updating U: 0.0149433
200 iterations
f(b) = 0.0113892
Frob norm 2 after updating B : 0.0162558
Iteration number -------- 66  -----------
lambda : 1.38291
max_diff => 4.999e-08
performed mixing
Frob norm 1 after updating U: 0.0150428
200 iterations
f(b) = 0.0117797
Frob norm 2 after updating B : 0.0158518
Iteration number -------- 67  -----------
lambda : 1.38982
max_diff => 4.999e-08
performed mixing
Frob norm 1 after updating U: 0.0150049
200 iterations
f(b) = 0.0119849
Frob norm 2 after updating B : 0.0155007
Iteration number -------- 68  -----------
lambda : 1.39677
max_diff => 4.999e-08
performed mixing
Frob norm 1 after updating U: 0.0149033
200 iterations
f(b) = 0.0116029
Frob norm 2 after updating B : 0.0155325
Iteration number -------- 69  -----------
lambda : 1.40376
max_diff => 4.999e-08
performed mixing
Frob norm 1 after updating U: 0.015122
200 iterations
f(b) = 0.00984038
Frob norm 2 after updating B : 0.0153169
Iteration number -------- 70  -----------
lambda : 1.41078
max_diff => 4.999e-08
performed mixing
Frob norm 1 after updating U: 0.0150808
200 iterations
f(b) = 0.0117792
Frob norm 2 after updating B : 0.0151824
Iteration number -------- 71  -----------
lambda : 1.41783
max_diff => 4.999e-08
performed mixing
Frob norm 1 after updating U: 0.0149999
200 iterations
f(b) = 0.013625
Frob norm 2 after updating B : 0.015121
Iteration number -------- 72  -----------
lambda : 1.42492
max_diff => 4.999e-08
performed mixing
Frob norm 1 after updating U: 0.0149983
200 iterations
f(b) = 0.0124328
Frob norm 2 after updating B : 0.0149738
Iteration number -------- 73  -----------
lambda : 1.43204
max_diff => 4.999e-08
performed mixing
Frob norm 1 after updating U: 0.0148782
200 iterations
f(b) = 0.0134575
Frob norm 2 after updating B : 0.0152284
Iteration number -------- 74  -----------
lambda : 1.4392
max_diff => 4.999e-08
performed mixing
Frob norm 1 after updating U: 0.0151637
200 iterations
f(b) = 0.0107404
Frob norm 2 after updating B : 0.0152361
Iteration number -------- 75  -----------
lambda : 1.4464
max_diff => 4.999e-08
performed mixing
Frob norm 1 after updating U: 0.0151956
200 iterations
f(b) = 0.0121892
Frob norm 2 after updating B : 0.0150972
Iteration number -------- 76  -----------
lambda : 1.45363
max_diff => 4.999e-08
performed mixing
Frob norm 1 after updating U: 0.0150696
200 iterations
f(b) = 0.0139998
Frob norm 2 after updating B : 0.0152018
Iteration number -------- 77  -----------
lambda : 1.4609
max_diff => 4.999e-08
performed mixing
Frob norm 1 after updating U: 0.0151786
200 iterations
f(b) = 0.0124511
Frob norm 2 after updating B : 0.0150214
Iteration number -------- 78  -----------
lambda : 1.46821
max_diff => 4.999e-08
performed mixing
Frob norm 1 after updating U: 0.0150081
200 iterations
f(b) = 0.0149172
Frob norm 2 after updating B : 0.0150014
Iteration number -------- 79  -----------
lambda : 1.47555
max_diff => 4.999e-08
performed mixing
Frob norm 1 after updating U: 0.0149827
200 iterations
f(b) = 0.0132101
Frob norm 2 after updating B : 0.0149963
Iteration number -------- 80  -----------
lambda : 1.48292
max_diff => 4.999e-08
performed mixing
Frob norm 1 after updating U: 0.0149961
200 iterations
f(b) = 0.0128058
Frob norm 2 after updating B : 0.0149867
Iteration number -------- 81  -----------
lambda : 1.49034
max_diff => 4.999e-08
performed mixing
Frob norm 1 after updating U: 0.0149586
200 iterations
f(b) = 0.0126925
Frob norm 2 after updating B : 0.0151166
Iteration number -------- 82  -----------
lambda : 1.49779
max_diff => 4.999e-08
performed mixing
Frob norm 1 after updating U: 0.0150954
200 iterations
f(b) = 0.0123728
Frob norm 2 after updating B : 0.0151698
Iteration number -------- 83  -----------
lambda : 1.50528
max_diff => 4.999e-08
performed mixing
Frob norm 1 after updating U: 0.015154
200 iterations
f(b) = 0.0244877
Frob norm 2 after updating B : 0.0148952
Iteration number -------- 84  -----------
lambda : 1.51281
max_diff => 4.999e-08
performed mixing
Frob norm 1 after updating U: 0.0148837
200 iterations
f(b) = 0.0255064
Frob norm 2 after updating B : 0.014914
Iteration number -------- 85  -----------
lambda : 1.52037
max_diff => 4.999e-08
performed mixing
Frob norm 1 after updating U: 0.0149058
200 iterations
f(b) = 0.0144724
Frob norm 2 after updating B : 0.0152758
Iteration number -------- 86  -----------
lambda : 1.52797
max_diff => 4.999e-08
performed mixing
Frob norm 1 after updating U: 0.0152581
200 iterations
f(b) = 0.0194088
Frob norm 2 after updating B : 0.01502
Iteration number -------- 87  -----------
lambda : 1.53561
max_diff => 4.999e-08
performed mixing
Frob norm 1 after updating U: 0.0150123
200 iterations
f(b) = 0.0128197
Frob norm 2 after updating B : 0.0153185
Iteration number -------- 88  -----------
lambda : 1.54329
max_diff => 4.999e-08
performed mixing
Frob norm 1 after updating U: 0.0153066
200 iterations
f(b) = 0.0125531
Frob norm 2 after updating B : 0.0150181
Iteration number -------- 89  -----------
lambda : 1.55101
max_diff => 4.999e-08
performed mixing
Frob norm 1 after updating U: 0.0150096
200 iterations
f(b) = 0.0276607
Frob norm 2 after updating B : 0.0148098
Iteration number -------- 90  -----------
lambda : 1.55876
max_diff => 4.999e-08
performed mixing
Frob norm 1 after updating U: 0.0147978
200 iterations
f(b) = 0.0121961
Frob norm 2 after updating B : 0.0151948
Iteration number -------- 91  -----------
lambda : 1.56655
max_diff => 4.999e-08
performed mixing
Frob norm 1 after updating U: 0.0151736
200 iterations
f(b) = 0.0341862
Frob norm 2 after updating B : 0.0149727
Iteration number -------- 92  -----------
lambda : 1.57439
max_diff => 4.999e-08
performed mixing
Frob norm 1 after updating U: 0.0149776
200 iterations
f(b) = 0.0207404
Frob norm 2 after updating B : 0.0149232
Iteration number -------- 93  -----------
lambda : 1.58226
max_diff => 4.999e-08
performed mixing
Frob norm 1 after updating U: 0.0149177
200 iterations
f(b) = 0.014048
Frob norm 2 after updating B : 0.0151256
Iteration number -------- 94  -----------
lambda : 1.59017
max_diff => 4.999e-08
performed mixing
Frob norm 1 after updating U: 0.0151299
200 iterations
f(b) = 0.0120746
Frob norm 2 after updating B : 0.0152302
Iteration number -------- 95  -----------
lambda : 1.59812
max_diff => 4.999e-08
performed mixing
Frob norm 1 after updating U: 0.0152201
200 iterations
f(b) = 0.0124235
Frob norm 2 after updating B : 0.0149937
Iteration number -------- 96  -----------
lambda : 1.60611
max_diff => 4.999e-08
performed mixing
Frob norm 1 after updating U: 0.0149946
200 iterations
f(b) = 0.0135698
Frob norm 2 after updating B : 0.0150154
Iteration number -------- 97  -----------
lambda : 1.61414
max_diff => 4.999e-08
performed mixing
Frob norm 1 after updating U: 0.0150089
200 iterations
f(b) = 0.0301981
Frob norm 2 after updating B : 0.014931
Iteration number -------- 98  -----------
lambda : 1.62221
max_diff => 4.999e-08
performed mixing
Frob norm 1 after updating U: 0.0149327
200 iterations
f(b) = 0.0137314
Frob norm 2 after updating B : 0.0150649
Iteration number -------- 99  -----------
lambda : 1.63032
max_diff => 4.999e-08
performed mixing
Frob norm 1 after updating U: 0.0150628
200 iterations
f(b) = 0.0138482
Frob norm 2 after updating B : 0.0150932
Iteration number -------- 100  -----------
lambda : 1.63848
max_diff => 4.999e-08
