Academic license - for non-commercial use only
Frob norm 1 after updating U: 11.5545
200 iterations
f(b) = 82.9894
Frob norm 2 after updating B : 8.37625
Iteration number -------- 1  -----------
lambda : 1
max_diff => 0.16698
performed mixing
Frob norm 1 after updating U: 7.39529
200 iterations
f(b) = 75.5287
Frob norm 2 after updating B : 7.98555
Iteration number -------- 2  -----------
lambda : 1.005
max_diff => 0.0981011
performed mixing
Frob norm 1 after updating U: 7.06439
200 iterations
f(b) = 69.9652
Frob norm 2 after updating B : 7.64483
Iteration number -------- 3  -----------
lambda : 1.01002
max_diff => 0.0893791
performed mixing
Frob norm 1 after updating U: 6.84105
200 iterations
f(b) = 65.2527
Frob norm 2 after updating B : 7.35191
Iteration number -------- 4  -----------
lambda : 1.01508
max_diff => 0.0879462
performed mixing
Frob norm 1 after updating U: 6.64598
200 iterations
f(b) = 61.3515
Frob norm 2 after updating B : 7.11082
Iteration number -------- 5  -----------
lambda : 1.02015
max_diff => 0.0911241
performed mixing
Frob norm 1 after updating U: 6.49347
200 iterations
f(b) = 58.1292
Frob norm 2 after updating B : 6.90502
Iteration number -------- 6  -----------
lambda : 1.02525
max_diff => 0.0916627
performed mixing
Frob norm 1 after updating U: 6.39088
200 iterations
f(b) = 55.4389
Frob norm 2 after updating B : 6.74231
Iteration number -------- 7  -----------
lambda : 1.03038
max_diff => 0.0910094
performed mixing
Frob norm 1 after updating U: 6.26234
200 iterations
f(b) = 50.4077
Frob norm 2 after updating B : 6.38352
Iteration number -------- 8  -----------
lambda : 1.03553
max_diff => 0.0896277
performed mixing
Frob norm 1 after updating U: 5.83219
200 iterations
f(b) = 47.2273
Frob norm 2 after updating B : 6.224
Iteration number -------- 9  -----------
lambda : 1.04071
max_diff => 0.0838389
performed mixing
Frob norm 1 after updating U: 5.72779
200 iterations
f(b) = 44.9101
Frob norm 2 after updating B : 6.07829
Iteration number -------- 10  -----------
lambda : 1.04591
max_diff => 0.0780026
performed mixing
Frob norm 1 after updating U: 5.63577
200 iterations
f(b) = 42.8846
Frob norm 2 after updating B : 5.93959
Iteration number -------- 11  -----------
lambda : 1.05114
max_diff => 0.0725146
performed mixing
Frob norm 1 after updating U: 5.57188
200 iterations
f(b) = 41.0943
Frob norm 2 after updating B : 5.83197
Iteration number -------- 12  -----------
lambda : 1.0564
max_diff => 0.0688123
performed mixing
Frob norm 1 after updating U: 5.45886
200 iterations
f(b) = 39.2715
Frob norm 2 after updating B : 5.7113
Iteration number -------- 13  -----------
lambda : 1.06168
max_diff => 0.0662897
performed mixing
Frob norm 1 after updating U: 5.26712
200 iterations
f(b) = 32.947
Frob norm 2 after updating B : 5.22755
Iteration number -------- 14  -----------
lambda : 1.06699
max_diff => 0.064165
performed mixing
Frob norm 1 after updating U: 4.27051
200 iterations
f(b) = 29.1867
Frob norm 2 after updating B : 4.97334
Iteration number -------- 15  -----------
lambda : 1.07232
max_diff => 0.062317
performed mixing
Frob norm 1 after updating U: 4.04367
200 iterations
f(b) = 26.0685
Frob norm 2 after updating B : 4.67996
Iteration number -------- 16  -----------
lambda : 1.07768
max_diff => 0.0618357
performed mixing
Frob norm 1 after updating U: 3.99239
200 iterations
f(b) = 23.7173
Frob norm 2 after updating B : 4.47464
Iteration number -------- 17  -----------
lambda : 1.08307
max_diff => 0.0596517
performed mixing
Frob norm 1 after updating U: 3.89973
200 iterations
f(b) = 22.0637
Frob norm 2 after updating B : 4.27714
Iteration number -------- 18  -----------
lambda : 1.08849
max_diff => 0.0595996
performed mixing
Frob norm 1 after updating U: 3.898
200 iterations
f(b) = 20.6984
Frob norm 2 after updating B : 4.14244
Iteration number -------- 19  -----------
lambda : 1.09393
max_diff => 0.0621071
performed mixing
Frob norm 1 after updating U: 3.83101
200 iterations
f(b) = 19.6019
Frob norm 2 after updating B : 4.02886
Iteration number -------- 20  -----------
lambda : 1.0994
max_diff => 0.0641716
performed mixing
Frob norm 1 after updating U: 3.6951
200 iterations
f(b) = 14.8999
Frob norm 2 after updating B : 3.44049
Iteration number -------- 21  -----------
lambda : 1.1049
max_diff => 0.0683845
performed mixing
Frob norm 1 after updating U: 2.69061
200 iterations
f(b) = 13.1595
Frob norm 2 after updating B : 3.22444
Iteration number -------- 22  -----------
lambda : 1.11042
max_diff => 0.0514487
performed mixing
Frob norm 1 after updating U: 2.62493
200 iterations
f(b) = 11.9672
Frob norm 2 after updating B : 3.0251
Iteration number -------- 23  -----------
lambda : 1.11597
max_diff => 0.0513512
performed mixing
Frob norm 1 after updating U: 2.62417
200 iterations
f(b) = 10.778
Frob norm 2 after updating B : 2.97381
Iteration number -------- 24  -----------
lambda : 1.12155
max_diff => 0.0366516
performed mixing
Frob norm 1 after updating U: 2.55887
200 iterations
f(b) = 10.0114
Frob norm 2 after updating B : 2.83391
Iteration number -------- 25  -----------
lambda : 1.12716
max_diff => 0.036447
performed mixing
Frob norm 1 after updating U: 2.55863
200 iterations
f(b) = 9.48337
Frob norm 2 after updating B : 2.73993
Iteration number -------- 26  -----------
lambda : 1.1328
max_diff => 0.0361372
performed mixing
Frob norm 1 after updating U: 2.5579
200 iterations
f(b) = 8.86183
Frob norm 2 after updating B : 2.7554
Iteration number -------- 27  -----------
lambda : 1.13846
max_diff => 0.0167197
performed mixing
Frob norm 1 after updating U: 2.53773
200 iterations
f(b) = 8.48111
Frob norm 2 after updating B : 2.68131
Iteration number -------- 28  -----------
lambda : 1.14415
max_diff => 0.0164262
performed mixing
Frob norm 1 after updating U: 2.53772
200 iterations
f(b) = 8.10471
Frob norm 2 after updating B : 2.67306
Iteration number -------- 29  -----------
lambda : 1.14987
max_diff => 0.0105034
performed mixing
Frob norm 1 after updating U: 2.54349
200 iterations
f(b) = 7.86944
Frob norm 2 after updating B : 2.63006
Iteration number -------- 30  -----------
lambda : 1.15562
max_diff => 0.0100385
performed mixing
Frob norm 1 after updating U: 2.54422
200 iterations
f(b) = 7.52042
Frob norm 2 after updating B : 2.6605
Iteration number -------- 31  -----------
lambda : 1.1614
max_diff => 0.00301921
performed mixing
Frob norm 1 after updating U: 2.55772
200 iterations
f(b) = 7.37018
Frob norm 2 after updating B : 2.62532
Iteration number -------- 32  -----------
lambda : 1.16721
max_diff => 0.00286024
performed mixing
Frob norm 1 after updating U: 2.55766
200 iterations
f(b) = 7.06499
Frob norm 2 after updating B : 2.63839
Iteration number -------- 33  -----------
lambda : 1.17304
max_diff => 0.000628898
performed mixing
Frob norm 1 after updating U: 2.56233
200 iterations
f(b) = 6.98146
Frob norm 2 after updating B : 2.61202
Iteration number -------- 34  -----------
lambda : 1.17891
max_diff => 0.000578729
performed mixing
Frob norm 1 after updating U: 2.56264
200 iterations
f(b) = 6.89176
Frob norm 2 after updating B : 2.5947
Iteration number -------- 35  -----------
lambda : 1.1848
max_diff => 0.000542433
performed mixing
Frob norm 1 after updating U: 2.56272
200 iterations
f(b) = 6.82397
Frob norm 2 after updating B : 2.58389
Iteration number -------- 36  -----------
lambda : 1.19073
max_diff => 0.000445821
performed mixing
Frob norm 1 after updating U: 2.5628
200 iterations
f(b) = 6.76488
Frob norm 2 after updating B : 2.57727
Iteration number -------- 37  -----------
lambda : 1.19668
max_diff => 0.000331223
performed mixing
Frob norm 1 after updating U: 2.56314
200 iterations
f(b) = 6.73681
Frob norm 2 after updating B : 2.57311
Iteration number -------- 38  -----------
lambda : 1.20266
max_diff => 0.000204912
performed mixing
Frob norm 1 after updating U: 2.56337
200 iterations
f(b) = 6.72604
Frob norm 2 after updating B : 2.57002
Iteration number -------- 39  -----------
lambda : 1.20868
max_diff => 0.000167405
performed mixing
Frob norm 1 after updating U: 2.56371
200 iterations
f(b) = 6.71672
Frob norm 2 after updating B : 2.56793
Iteration number -------- 40  -----------
lambda : 1.21472
max_diff => 0.00014279
performed mixing
Frob norm 1 after updating U: 2.56387
200 iterations
f(b) = 6.70458
Frob norm 2 after updating B : 2.56667
Iteration number -------- 41  -----------
lambda : 1.22079
max_diff => 0.000100109
performed mixing
Frob norm 1 after updating U: 2.56403
200 iterations
f(b) = 6.70081
Frob norm 2 after updating B : 2.56591
Iteration number -------- 42  -----------
lambda : 1.2269
max_diff => 6.98767e-05
performed mixing
Frob norm 1 after updating U: 2.56418
200 iterations
f(b) = 6.69177
Frob norm 2 after updating B : 2.56526
Iteration number -------- 43  -----------
lambda : 1.23303
max_diff => 4.46031e-05
performed mixing
Frob norm 1 after updating U: 2.56413
200 iterations
f(b) = 6.69111
Frob norm 2 after updating B : 2.5651
Iteration number -------- 44  -----------
lambda : 1.2392
max_diff => 1.91917e-05
performed mixing
Frob norm 1 after updating U: 2.56434
200 iterations
f(b) = 6.68158
Frob norm 2 after updating B : 2.56525
Iteration number -------- 45  -----------
lambda : 1.24539
max_diff => 4.19111e-06
performed mixing
Frob norm 1 after updating U: 2.56473
200 iterations
f(b) = 6.69014
Frob norm 2 after updating B : 2.56522
Iteration number -------- 46  -----------
lambda : 1.25162
max_diff => 1.74036e-07
performed mixing
Frob norm 1 after updating U: 2.56488
200 iterations
f(b) = 6.69546
Frob norm 2 after updating B : 2.56499
Iteration number -------- 47  -----------
lambda : 1.25788
max_diff => 1.90015e-07
performed mixing
Frob norm 1 after updating U: 2.56477
200 iterations
f(b) = 6.69242
Frob norm 2 after updating B : 2.56498
Iteration number -------- 48  -----------
lambda : 1.26417
max_diff => 1.62422e-07
performed mixing
Frob norm 1 after updating U: 2.56484
200 iterations
f(b) = 6.69491
Frob norm 2 after updating B : 2.56504
Iteration number -------- 49  -----------
lambda : 1.27049
max_diff => 1.27771e-07
performed mixing
Frob norm 1 after updating U: 2.56494
200 iterations
f(b) = 6.61742
Frob norm 2 after updating B : 2.56492
Iteration number -------- 50  -----------
lambda : 1.27684
max_diff => 1.32184e-07
performed mixing
Frob norm 1 after updating U: 2.56486
200 iterations
f(b) = 6.69047
Frob norm 2 after updating B : 2.56493
Iteration number -------- 51  -----------
lambda : 1.28323
max_diff => 1.74964e-07
performed mixing
Frob norm 1 after updating U: 2.56489
200 iterations
f(b) = 6.69606
Frob norm 2 after updating B : 2.56486
Iteration number -------- 52  -----------
lambda : 1.28964
max_diff => 3.11093e-07
performed mixing
Frob norm 1 after updating U: 2.56483
200 iterations
f(b) = 6.69321
Frob norm 2 after updating B : 2.56489
Iteration number -------- 53  -----------
lambda : 1.29609
max_diff => 2.07045e-07
performed mixing
Frob norm 1 after updating U: 2.56487
200 iterations
f(b) = 6.6535
Frob norm 2 after updating B : 2.5649
Iteration number -------- 54  -----------
lambda : 1.30257
max_diff => 1.89819e-07
performed mixing
Frob norm 1 after updating U: 2.56489
200 iterations
f(b) = 6.69484
Frob norm 2 after updating B : 2.56498
Iteration number -------- 55  -----------
lambda : 1.30908
max_diff => 1.08886e-07
performed mixing
Frob norm 1 after updating U: 2.56497
200 iterations
f(b) = 6.69079
Frob norm 2 after updating B : 2.56494
Iteration number -------- 56  -----------
lambda : 1.31563
max_diff => 1.13227e-07
performed mixing
Frob norm 1 after updating U: 2.56494
200 iterations
f(b) = 6.69192
Frob norm 2 after updating B : 2.56495
Iteration number -------- 57  -----------
lambda : 1.32221
max_diff => 1.39876e-07
performed mixing
Frob norm 1 after updating U: 2.56494
200 iterations
f(b) = 6.67104
Frob norm 2 after updating B : 2.56379
Iteration number -------- 58  -----------
lambda : 1.32882
max_diff => 4.46644e-06
performed mixing
Frob norm 1 after updating U: 2.56378
200 iterations
f(b) = 6.60688
Frob norm 2 after updating B : 2.56422
Iteration number -------- 59  -----------
lambda : 1.33546
max_diff => 6.29313e-06
performed mixing
Frob norm 1 after updating U: 2.56422
200 iterations
f(b) = 6.69173
Frob norm 2 after updating B : 2.56459
Iteration number -------- 60  -----------
lambda : 1.34214
max_diff => 2.34899e-06
performed mixing
Frob norm 1 after updating U: 2.56459
200 iterations
f(b) = 6.69668
Frob norm 2 after updating B : 2.56474
Iteration number -------- 61  -----------
lambda : 1.34885
max_diff => 1.3953e-06
performed mixing
Frob norm 1 after updating U: 2.56473
200 iterations
f(b) = 6.69649
Frob norm 2 after updating B : 2.56483
Iteration number -------- 62  -----------
lambda : 1.35559
max_diff => 3.43064e-07
performed mixing
Frob norm 1 after updating U: 2.56483
200 iterations
f(b) = 6.69537
Frob norm 2 after updating B : 2.56484
Iteration number -------- 63  -----------
lambda : 1.36237
max_diff => 2.03239e-07
performed mixing
Frob norm 1 after updating U: 2.56484
200 iterations
f(b) = 6.69072
Frob norm 2 after updating B : 2.56493
Iteration number -------- 64  -----------
lambda : 1.36918
max_diff => 1.27041e-07
performed mixing
Frob norm 1 after updating U: 2.56493
200 iterations
f(b) = 6.70021
Frob norm 2 after updating B : 2.5649
Iteration number -------- 65  -----------
lambda : 1.37603
max_diff => 1.44792e-07
performed mixing
Frob norm 1 after updating U: 2.5649
200 iterations
f(b) = 6.692
Frob norm 2 after updating B : 2.56491
Iteration number -------- 66  -----------
lambda : 1.38291
max_diff => 1.3493e-07
performed mixing
Frob norm 1 after updating U: 2.5649
200 iterations
f(b) = 6.70163
Frob norm 2 after updating B : 2.56491
Iteration number -------- 67  -----------
lambda : 1.38982
max_diff => 1.50637e-07
performed mixing
Frob norm 1 after updating U: 2.56491
200 iterations
f(b) = 6.69362
Frob norm 2 after updating B : 2.56492
Iteration number -------- 68  -----------
lambda : 1.39677
max_diff => 1.24522e-07
performed mixing
Frob norm 1 after updating U: 2.56492
200 iterations
f(b) = 6.69763
Frob norm 2 after updating B : 2.56491
Iteration number -------- 69  -----------
lambda : 1.40376
max_diff => 1.33072e-07
performed mixing
Frob norm 1 after updating U: 2.56491
200 iterations
f(b) = 6.61202
Frob norm 2 after updating B : 2.56479
Iteration number -------- 70  -----------
lambda : 1.41078
max_diff => 2.02031e-07
performed mixing
Frob norm 1 after updating U: 2.56479
200 iterations
f(b) = 6.70846
Frob norm 2 after updating B : 2.56498
Iteration number -------- 71  -----------
lambda : 1.41783
max_diff => 1.06162e-07
performed mixing
Frob norm 1 after updating U: 2.56498
200 iterations
f(b) = 6.62583
Frob norm 2 after updating B : 2.56494
Iteration number -------- 72  -----------
lambda : 1.42492
max_diff => 1.43873e-07
performed mixing
Frob norm 1 after updating U: 2.56494
200 iterations
f(b) = 6.70847
Frob norm 2 after updating B : 2.56482
Iteration number -------- 73  -----------
lambda : 1.43204
max_diff => 1.56886e-07
performed mixing
Frob norm 1 after updating U: 2.56482
200 iterations
f(b) = 6.70911
Frob norm 2 after updating B : 2.56486
Iteration number -------- 74  -----------
lambda : 1.4392
max_diff => 1.87019e-07
performed mixing
Frob norm 1 after updating U: 2.56486
200 iterations
f(b) = 6.7069
Frob norm 2 after updating B : 2.56486
Iteration number -------- 75  -----------
lambda : 1.4464
max_diff => 1.67263e-07
performed mixing
Frob norm 1 after updating U: 2.56486
200 iterations
f(b) = 6.70827
Frob norm 2 after updating B : 2.56491
Iteration number -------- 76  -----------
lambda : 1.45363
max_diff => 1.32941e-07
performed mixing
Frob norm 1 after updating U: 2.56491
200 iterations
f(b) = 6.70836
Frob norm 2 after updating B : 2.56485
Iteration number -------- 77  -----------
lambda : 1.4609
max_diff => 1.75292e-07
performed mixing
Frob norm 1 after updating U: 2.56485
200 iterations
f(b) = 6.70801
Frob norm 2 after updating B : 2.56482
Iteration number -------- 78  -----------
lambda : 1.46821
max_diff => 4.77427e-07
performed mixing
Frob norm 1 after updating U: 2.56482
200 iterations
f(b) = 6.70655
Frob norm 2 after updating B : 2.56489
Iteration number -------- 79  -----------
lambda : 1.47555
max_diff => 1.47832e-07
performed mixing
Frob norm 1 after updating U: 2.56489
200 iterations
f(b) = 6.70684
Frob norm 2 after updating B : 2.56494
Iteration number -------- 80  -----------
lambda : 1.48292
max_diff => 1.20895e-07
performed mixing
Frob norm 1 after updating U: 2.56494
200 iterations
f(b) = 6.70749
Frob norm 2 after updating B : 2.56496
Iteration number -------- 81  -----------
lambda : 1.49034
max_diff => 1.45919e-07
performed mixing
Frob norm 1 after updating U: 2.56496
200 iterations
f(b) = 6.7126
Frob norm 2 after updating B : 2.56485
Iteration number -------- 82  -----------
lambda : 1.49779
max_diff => 1.69079e-07
performed mixing
Frob norm 1 after updating U: 2.56485
200 iterations
f(b) = 6.70678
Frob norm 2 after updating B : 2.56497
Iteration number -------- 83  -----------
lambda : 1.50528
max_diff => 1.06922e-07
performed mixing
Frob norm 1 after updating U: 2.56497
200 iterations
f(b) = 6.70557
Frob norm 2 after updating B : 2.56496
Iteration number -------- 84  -----------
lambda : 1.51281
max_diff => 1.13586e-07
performed mixing
Frob norm 1 after updating U: 2.56496
200 iterations
f(b) = 6.68618
Frob norm 2 after updating B : 2.5648
Iteration number -------- 85  -----------
lambda : 1.52037
max_diff => 2.24812e-07
performed mixing
Frob norm 1 after updating U: 2.5648
200 iterations
f(b) = 6.70827
Frob norm 2 after updating B : 2.5649
Iteration number -------- 86  -----------
lambda : 1.52797
max_diff => 1.45603e-07
performed mixing
Frob norm 1 after updating U: 2.5649
200 iterations
f(b) = 6.71398
Frob norm 2 after updating B : 2.56493
Iteration number -------- 87  -----------
lambda : 1.53561
max_diff => 1.5003e-07
performed mixing
Frob norm 1 after updating U: 2.56493
200 iterations
f(b) = 6.71184
Frob norm 2 after updating B : 2.56496
Iteration number -------- 88  -----------
lambda : 1.54329
max_diff => 1.03544e-07
performed mixing
Frob norm 1 after updating U: 2.56496
200 iterations
f(b) = 6.71288
Frob norm 2 after updating B : 2.56499
Iteration number -------- 89  -----------
lambda : 1.55101
max_diff => 1.02997e-07
performed mixing
Frob norm 1 after updating U: 2.56499
200 iterations
f(b) = 6.71123
Frob norm 2 after updating B : 2.56486
Iteration number -------- 90  -----------
lambda : 1.55876
max_diff => 1.49703e-07
performed mixing
Frob norm 1 after updating U: 2.56486
200 iterations
f(b) = 6.71498
Frob norm 2 after updating B : 2.56467
Iteration number -------- 91  -----------
lambda : 1.56655
max_diff => 3.91184e-07
performed mixing
Frob norm 1 after updating U: 2.56467
200 iterations
f(b) = 6.61326
Frob norm 2 after updating B : 2.56496
Iteration number -------- 92  -----------
lambda : 1.57439
max_diff => 1.23378e-07
performed mixing
Frob norm 1 after updating U: 2.56496
200 iterations
f(b) = 6.71714
Frob norm 2 after updating B : 2.56476
Iteration number -------- 93  -----------
lambda : 1.58226
max_diff => 2.26699e-07
performed mixing
Frob norm 1 after updating U: 2.56476
200 iterations
f(b) = 6.718
Frob norm 2 after updating B : 2.5648
Iteration number -------- 94  -----------
lambda : 1.59017
max_diff => 1.76212e-07
performed mixing
Frob norm 1 after updating U: 2.5648
200 iterations
f(b) = 6.71664
Frob norm 2 after updating B : 2.56489
Iteration number -------- 95  -----------
lambda : 1.59812
max_diff => 1.43953e-07
performed mixing
Frob norm 1 after updating U: 2.56489
200 iterations
f(b) = 6.71381
Frob norm 2 after updating B : 2.56483
Iteration number -------- 96  -----------
lambda : 1.60611
max_diff => 2.44537e-07
performed mixing
Frob norm 1 after updating U: 2.56483
200 iterations
f(b) = 6.72301
Frob norm 2 after updating B : 2.56491
Iteration number -------- 97  -----------
lambda : 1.61414
max_diff => 1.30548e-07
performed mixing
Frob norm 1 after updating U: 2.56491
200 iterations
f(b) = 6.72013
Frob norm 2 after updating B : 2.56497
Iteration number -------- 98  -----------
lambda : 1.62221
max_diff => 1.13408e-07
performed mixing
Frob norm 1 after updating U: 2.56497
200 iterations
f(b) = 6.61264
Frob norm 2 after updating B : 2.56494
Iteration number -------- 99  -----------
lambda : 1.63032
max_diff => 1.25238e-07
performed mixing
Frob norm 1 after updating U: 2.56494
200 iterations
f(b) = 6.72371
Frob norm 2 after updating B : 2.56498
Iteration number -------- 100  -----------
lambda : 1.63848
max_diff => 1.05084e-07
