Academic license - for non-commercial use only
Frob norm 1 after updating U: 10.783
200 iterations
f(b) = 52.7185
Frob norm 2 after updating B : 6.49902
Iteration number -------- 1  -----------
lambda : 1
max_diff => 0.128125
performed mixing
Frob norm 1 after updating U: 4.53009
200 iterations
f(b) = 43.2373
Frob norm 2 after updating B : 5.85671
Iteration number -------- 2  -----------
lambda : 1.005
max_diff => 0.109639
performed mixing
Frob norm 1 after updating U: 3.51828
200 iterations
f(b) = 33.9881
Frob norm 2 after updating B : 5.1897
Iteration number -------- 3  -----------
lambda : 1.01002
max_diff => 0.0827792
performed mixing
Frob norm 1 after updating U: 2.57364
200 iterations
f(b) = 25.7043
Frob norm 2 after updating B : 4.55453
Iteration number -------- 4  -----------
lambda : 1.01508
max_diff => 0.0670665
performed mixing
Frob norm 1 after updating U: 1.77721
200 iterations
f(b) = 18.8348
Frob norm 2 after updating B : 3.93912
Iteration number -------- 5  -----------
lambda : 1.02015
max_diff => 0.0579834
performed mixing
Frob norm 1 after updating U: 1.24904
200 iterations
f(b) = 13.5638
Frob norm 2 after updating B : 3.33206
Iteration number -------- 6  -----------
lambda : 1.02525
max_diff => 0.0525551
performed mixing
Frob norm 1 after updating U: 0.982241
200 iterations
f(b) = 9.77714
Frob norm 2 after updating B : 2.79162
Iteration number -------- 7  -----------
lambda : 1.03038
max_diff => 0.0468649
performed mixing
Frob norm 1 after updating U: 0.815054
200 iterations
f(b) = 7.12369
Frob norm 2 after updating B : 2.32554
Iteration number -------- 8  -----------
lambda : 1.03553
max_diff => 0.0410962
performed mixing
Frob norm 1 after updating U: 0.693273
200 iterations
f(b) = 5.29018
Frob norm 2 after updating B : 1.93702
Iteration number -------- 9  -----------
lambda : 1.04071
max_diff => 0.0360186
performed mixing
Frob norm 1 after updating U: 0.619494
200 iterations
f(b) = 3.9946
Frob norm 2 after updating B : 1.64111
Iteration number -------- 10  -----------
lambda : 1.04591
max_diff => 0.0289795
performed mixing
Frob norm 1 after updating U: 0.518487
200 iterations
f(b) = 3.15421
Frob norm 2 after updating B : 1.35097
Iteration number -------- 11  -----------
lambda : 1.05114
max_diff => 0.0287712
performed mixing
Frob norm 1 after updating U: 0.51562
200 iterations
f(b) = 2.43189
Frob norm 2 after updating B : 1.20963
Iteration number -------- 12  -----------
lambda : 1.0564
max_diff => 0.0163745
performed mixing
Frob norm 1 after updating U: 0.337708
200 iterations
f(b) = 1.9755
Frob norm 2 after updating B : 0.9908
Iteration number -------- 13  -----------
lambda : 1.06168
max_diff => 0.0161765
performed mixing
Frob norm 1 after updating U: 0.335028
200 iterations
f(b) = 1.5261
Frob norm 2 after updating B : 0.992811
Iteration number -------- 14  -----------
lambda : 1.06699
max_diff => 0.00525598
performed mixing
Frob norm 1 after updating U: 0.159135
200 iterations
f(b) = 1.19909
Frob norm 2 after updating B : 0.803869
Iteration number -------- 15  -----------
lambda : 1.07232
max_diff => 0.00510518
performed mixing
Frob norm 1 after updating U: 0.156993
200 iterations
f(b) = 0.852908
Frob norm 2 after updating B : 0.814379
Iteration number -------- 16  -----------
lambda : 1.07768
max_diff => 0.000929341
performed mixing
Frob norm 1 after updating U: 0.0588938
200 iterations
f(b) = 0.636671
Frob norm 2 after updating B : 0.658619
Iteration number -------- 17  -----------
lambda : 1.08307
max_diff => 0.000840631
performed mixing
Frob norm 1 after updating U: 0.0557789
200 iterations
f(b) = 0.390658
Frob norm 2 after updating B : 0.60421
Iteration number -------- 18  -----------
lambda : 1.08849
max_diff => 3.97737e-05
performed mixing
Frob norm 1 after updating U: 0.0157279
200 iterations
f(b) = 0.285731
Frob norm 2 after updating B : 0.484645
Iteration number -------- 19  -----------
lambda : 1.09393
max_diff => 1.6333e-05
performed mixing
Frob norm 1 after updating U: 0.0134416
200 iterations
f(b) = 0.19959
Frob norm 2 after updating B : 0.389223
Iteration number -------- 20  -----------
lambda : 1.0994
max_diff => 2.14439e-06
performed mixing
Frob norm 1 after updating U: 0.0121075
200 iterations
f(b) = 0.142998
Frob norm 2 after updating B : 0.312454
Iteration number -------- 21  -----------
lambda : 1.1049
max_diff => 4.999e-08
performed mixing
Frob norm 1 after updating U: 0.0120073
200 iterations
f(b) = 0.110635
Frob norm 2 after updating B : 0.249955
Iteration number -------- 22  -----------
lambda : 1.11042
max_diff => 4.999e-08
performed mixing
Frob norm 1 after updating U: 0.0120118
200 iterations
f(b) = 0.0884077
Frob norm 2 after updating B : 0.200194
Iteration number -------- 23  -----------
lambda : 1.11597
max_diff => 4.999e-08
performed mixing
Frob norm 1 after updating U: 0.012027
200 iterations
f(b) = 0.0745529
Frob norm 2 after updating B : 0.160301
Iteration number -------- 24  -----------
lambda : 1.12155
max_diff => 4.999e-08
performed mixing
Frob norm 1 after updating U: 0.0120718
200 iterations
f(b) = 0.0634718
Frob norm 2 after updating B : 0.128626
Iteration number -------- 25  -----------
lambda : 1.12716
max_diff => 4.999e-08
performed mixing
Frob norm 1 after updating U: 0.0120461
200 iterations
f(b) = 0.0572007
Frob norm 2 after updating B : 0.103094
Iteration number -------- 26  -----------
lambda : 1.1328
max_diff => 4.999e-08
performed mixing
Frob norm 1 after updating U: 0.0120021
200 iterations
f(b) = 0.0495279
Frob norm 2 after updating B : 0.0828514
Iteration number -------- 27  -----------
lambda : 1.13846
max_diff => 4.999e-08
performed mixing
Frob norm 1 after updating U: 0.0119469
200 iterations
f(b) = 0.0515875
Frob norm 2 after updating B : 0.0666774
Iteration number -------- 28  -----------
lambda : 1.14415
max_diff => 4.999e-08
performed mixing
Frob norm 1 after updating U: 0.0119978
200 iterations
f(b) = 0.0338105
Frob norm 2 after updating B : 0.0539353
Iteration number -------- 29  -----------
lambda : 1.14987
max_diff => 4.999e-08
performed mixing
Frob norm 1 after updating U: 0.0119596
200 iterations
f(b) = 0.0312919
Frob norm 2 after updating B : 0.0436622
Iteration number -------- 30  -----------
lambda : 1.15562
max_diff => 4.999e-08
performed mixing
Frob norm 1 after updating U: 0.0119134
200 iterations
f(b) = 0.0292035
Frob norm 2 after updating B : 0.0357817
Iteration number -------- 31  -----------
lambda : 1.1614
max_diff => 4.999e-08
performed mixing
Frob norm 1 after updating U: 0.0119131
200 iterations
f(b) = 0.0220111
Frob norm 2 after updating B : 0.0294575
Iteration number -------- 32  -----------
lambda : 1.16721
max_diff => 4.999e-08
performed mixing
Frob norm 1 after updating U: 0.0118517
200 iterations
f(b) = 0.0229436
Frob norm 2 after updating B : 0.0246321
Iteration number -------- 33  -----------
lambda : 1.17304
max_diff => 4.999e-08
performed mixing
Frob norm 1 after updating U: 0.0118644
200 iterations
f(b) = 0.0229934
Frob norm 2 after updating B : 0.02091
Iteration number -------- 34  -----------
lambda : 1.17891
max_diff => 4.999e-08
performed mixing
Frob norm 1 after updating U: 0.0117714
200 iterations
f(b) = 0.0230628
Frob norm 2 after updating B : 0.0182204
Iteration number -------- 35  -----------
lambda : 1.1848
max_diff => 4.999e-08
performed mixing
Frob norm 1 after updating U: 0.0118045
200 iterations
f(b) = 0.0206043
Frob norm 2 after updating B : 0.0162967
Iteration number -------- 36  -----------
lambda : 1.19073
max_diff => 4.999e-08
performed mixing
Frob norm 1 after updating U: 0.0118177
200 iterations
f(b) = 0.0198987
Frob norm 2 after updating B : 0.0148358
Iteration number -------- 37  -----------
lambda : 1.19668
max_diff => 4.999e-08
performed mixing
Frob norm 1 after updating U: 0.011774
200 iterations
f(b) = 0.0187433
Frob norm 2 after updating B : 0.0137847
Iteration number -------- 38  -----------
lambda : 1.20266
max_diff => 4.999e-08
performed mixing
Frob norm 1 after updating U: 0.0118149
200 iterations
f(b) = 0.0178317
Frob norm 2 after updating B : 0.0131484
Iteration number -------- 39  -----------
lambda : 1.20868
max_diff => 4.999e-08
performed mixing
Frob norm 1 after updating U: 0.0118344
200 iterations
f(b) = 0.019144
Frob norm 2 after updating B : 0.0126772
Iteration number -------- 40  -----------
lambda : 1.21472
max_diff => 4.999e-08
performed mixing
Frob norm 1 after updating U: 0.0117326
200 iterations
f(b) = 0.0174682
Frob norm 2 after updating B : 0.0124101
Iteration number -------- 41  -----------
lambda : 1.22079
max_diff => 4.999e-08
performed mixing
Frob norm 1 after updating U: 0.0118651
200 iterations
f(b) = 0.019483
Frob norm 2 after updating B : 0.0121821
Iteration number -------- 42  -----------
lambda : 1.2269
max_diff => 4.999e-08
performed mixing
Frob norm 1 after updating U: 0.0118156
200 iterations
f(b) = 0.0170437
Frob norm 2 after updating B : 0.0120294
Iteration number -------- 43  -----------
lambda : 1.23303
max_diff => 4.999e-08
performed mixing
Frob norm 1 after updating U: 0.0117605
200 iterations
f(b) = 0.0170595
Frob norm 2 after updating B : 0.0120158
Iteration number -------- 44  -----------
lambda : 1.2392
max_diff => 4.999e-08
performed mixing
Frob norm 1 after updating U: 0.0118527
200 iterations
f(b) = 0.0167108
Frob norm 2 after updating B : 0.0119466
Iteration number -------- 45  -----------
lambda : 1.24539
max_diff => 4.999e-08
performed mixing
Frob norm 1 after updating U: 0.0118387
200 iterations
f(b) = 0.0185545
Frob norm 2 after updating B : 0.01193
Iteration number -------- 46  -----------
lambda : 1.25162
max_diff => 4.999e-08
performed mixing
Frob norm 1 after updating U: 0.0118718
200 iterations
f(b) = 0.0187856
Frob norm 2 after updating B : 0.0118934
Iteration number -------- 47  -----------
lambda : 1.25788
max_diff => 4.999e-08
performed mixing
Frob norm 1 after updating U: 0.0118325
200 iterations
f(b) = 0.0189836
Frob norm 2 after updating B : 0.0117852
Iteration number -------- 48  -----------
lambda : 1.26417
max_diff => 4.999e-08
performed mixing
Frob norm 1 after updating U: 0.0117493
200 iterations
f(b) = 0.0180862
Frob norm 2 after updating B : 0.0118264
Iteration number -------- 49  -----------
lambda : 1.27049
max_diff => 4.999e-08
performed mixing
Frob norm 1 after updating U: 0.0118076
200 iterations
f(b) = 0.0214255
Frob norm 2 after updating B : 0.0118044
Iteration number -------- 50  -----------
lambda : 1.27684
max_diff => 4.99917e-08
performed mixing
Frob norm 1 after updating U: 0.0117815
200 iterations
f(b) = 0.0181632
Frob norm 2 after updating B : 0.011894
Iteration number -------- 51  -----------
lambda : 1.28323
max_diff => 4.999e-08
performed mixing
Frob norm 1 after updating U: 0.0118866
200 iterations
f(b) = 0.0174092
Frob norm 2 after updating B : 0.011802
Iteration number -------- 52  -----------
lambda : 1.28964
max_diff => 4.999e-08
performed mixing
Frob norm 1 after updating U: 0.0117922
200 iterations
f(b) = 0.0182906
Frob norm 2 after updating B : 0.0119218
Iteration number -------- 53  -----------
lambda : 1.29609
max_diff => 4.999e-08
performed mixing
Frob norm 1 after updating U: 0.0119142
200 iterations
f(b) = 0.0197578
Frob norm 2 after updating B : 0.0118585
Iteration number -------- 54  -----------
lambda : 1.30257
max_diff => 4.999e-08
performed mixing
Frob norm 1 after updating U: 0.0118475
200 iterations
f(b) = 0.0177367
Frob norm 2 after updating B : 0.011755
Iteration number -------- 55  -----------
lambda : 1.30908
max_diff => 4.999e-08
performed mixing
Frob norm 1 after updating U: 0.0117495
200 iterations
f(b) = 0.0179552
Frob norm 2 after updating B : 0.0117922
Iteration number -------- 56  -----------
lambda : 1.31563
max_diff => 4.999e-08
performed mixing
Frob norm 1 after updating U: 0.0117871
200 iterations
f(b) = 0.0180654
Frob norm 2 after updating B : 0.0117562
Iteration number -------- 57  -----------
lambda : 1.32221
max_diff => 4.999e-08
performed mixing
Frob norm 1 after updating U: 0.0117572
200 iterations
f(b) = 0.0182038
Frob norm 2 after updating B : 0.0118047
Iteration number -------- 58  -----------
lambda : 1.32882
max_diff => 4.999e-08
performed mixing
Frob norm 1 after updating U: 0.0117984
200 iterations
f(b) = 0.0185288
Frob norm 2 after updating B : 0.0118698
Iteration number -------- 59  -----------
lambda : 1.33546
max_diff => 4.999e-08
performed mixing
Frob norm 1 after updating U: 0.0118632
200 iterations
f(b) = 0.0191461
Frob norm 2 after updating B : 0.0118142
Iteration number -------- 60  -----------
lambda : 1.34214
max_diff => 4.999e-08
performed mixing
Frob norm 1 after updating U: 0.0118144
200 iterations
f(b) = 0.0215013
Frob norm 2 after updating B : 0.0117912
Iteration number -------- 61  -----------
lambda : 1.34885
max_diff => 4.999e-08
performed mixing
Frob norm 1 after updating U: 0.011786
200 iterations
f(b) = 0.0171482
Frob norm 2 after updating B : 0.0118307
Iteration number -------- 62  -----------
lambda : 1.35559
max_diff => 4.999e-08
performed mixing
Frob norm 1 after updating U: 0.0118281
200 iterations
f(b) = 0.0205215
Frob norm 2 after updating B : 0.0118255
Iteration number -------- 63  -----------
lambda : 1.36237
max_diff => 4.999e-08
performed mixing
Frob norm 1 after updating U: 0.0118282
200 iterations
f(b) = 0.0189258
Frob norm 2 after updating B : 0.0117655
Iteration number -------- 64  -----------
lambda : 1.36918
max_diff => 4.999e-08
performed mixing
Frob norm 1 after updating U: 0.011763
200 iterations
f(b) = 0.0193031
Frob norm 2 after updating B : 0.0118724
Iteration number -------- 65  -----------
lambda : 1.37603
max_diff => 4.999e-08
performed mixing
Frob norm 1 after updating U: 0.0118699
200 iterations
f(b) = 0.0226192
Frob norm 2 after updating B : 0.0118271
Iteration number -------- 66  -----------
lambda : 1.38291
max_diff => 4.999e-08
performed mixing
Frob norm 1 after updating U: 0.0118265
200 iterations
f(b) = 0.0213827
Frob norm 2 after updating B : 0.0117396
Iteration number -------- 67  -----------
lambda : 1.38982
max_diff => 4.999e-08
performed mixing
Frob norm 1 after updating U: 0.011739
200 iterations
f(b) = 0.0189544
Frob norm 2 after updating B : 0.0117963
Iteration number -------- 68  -----------
lambda : 1.39677
max_diff => 4.999e-08
performed mixing
Frob norm 1 after updating U: 0.0117904
200 iterations
f(b) = 0.0194614
Frob norm 2 after updating B : 0.0118758
Iteration number -------- 69  -----------
lambda : 1.40376
max_diff => 4.999e-08
performed mixing
Frob norm 1 after updating U: 0.0118658
200 iterations
f(b) = 0.0196198
Frob norm 2 after updating B : 0.0117468
Iteration number -------- 70  -----------
lambda : 1.41078
max_diff => 4.999e-08
performed mixing
Frob norm 1 after updating U: 0.0117451
200 iterations
f(b) = 0.0207061
Frob norm 2 after updating B : 0.0117723
Iteration number -------- 71  -----------
lambda : 1.41783
max_diff => 4.999e-08
performed mixing
Frob norm 1 after updating U: 0.0117746
200 iterations
f(b) = 0.0203439
Frob norm 2 after updating B : 0.0118508
Iteration number -------- 72  -----------
lambda : 1.42492
max_diff => 4.999e-08
performed mixing
Frob norm 1 after updating U: 0.0118445
200 iterations
f(b) = 0.0223569
Frob norm 2 after updating B : 0.0117997
Iteration number -------- 73  -----------
lambda : 1.43204
max_diff => 4.999e-08
performed mixing
Frob norm 1 after updating U: 0.0117921
200 iterations
f(b) = 0.0141094
Frob norm 2 after updating B : 0.0118355
Iteration number -------- 74  -----------
lambda : 1.4392
max_diff => 4.999e-08
performed mixing
Frob norm 1 after updating U: 0.0118406
200 iterations
f(b) = 0.0222051
Frob norm 2 after updating B : 0.0117816
Iteration number -------- 75  -----------
lambda : 1.4464
max_diff => 4.999e-08
performed mixing
Frob norm 1 after updating U: 0.0117788
200 iterations
f(b) = 0.0199057
Frob norm 2 after updating B : 0.0117472
Iteration number -------- 76  -----------
lambda : 1.45363
max_diff => 4.999e-08
performed mixing
Frob norm 1 after updating U: 0.0117459
200 iterations
f(b) = 0.0199618
Frob norm 2 after updating B : 0.0117371
Iteration number -------- 77  -----------
lambda : 1.4609
max_diff => 4.999e-08
performed mixing
Frob norm 1 after updating U: 0.0117359
200 iterations
f(b) = 0.0214292
Frob norm 2 after updating B : 0.0117121
Iteration number -------- 78  -----------
lambda : 1.46821
max_diff => 4.999e-08
performed mixing
Frob norm 1 after updating U: 0.0117129
200 iterations
f(b) = 0.0184218
Frob norm 2 after updating B : 0.0118542
Iteration number -------- 79  -----------
lambda : 1.47555
max_diff => 4.999e-08
performed mixing
Frob norm 1 after updating U: 0.0118509
200 iterations
f(b) = 0.0222465
Frob norm 2 after updating B : 0.0118181
Iteration number -------- 80  -----------
lambda : 1.48292
max_diff => 4.999e-08
performed mixing
Frob norm 1 after updating U: 0.0118103
200 iterations
f(b) = 0.0214691
Frob norm 2 after updating B : 0.0118152
Iteration number -------- 81  -----------
lambda : 1.49034
max_diff => 4.999e-08
performed mixing
Frob norm 1 after updating U: 0.0118152
200 iterations
f(b) = 0.0231616
Frob norm 2 after updating B : 0.0117404
Iteration number -------- 82  -----------
lambda : 1.49779
max_diff => 4.999e-08
performed mixing
Frob norm 1 after updating U: 0.0117397
200 iterations
f(b) = 0.02151
Frob norm 2 after updating B : 0.0118699
Iteration number -------- 83  -----------
lambda : 1.50528
max_diff => 4.999e-08
performed mixing
Frob norm 1 after updating U: 0.011866
200 iterations
f(b) = 0.0239282
Frob norm 2 after updating B : 0.0118412
Iteration number -------- 84  -----------
lambda : 1.51281
max_diff => 4.999e-08
performed mixing
Frob norm 1 after updating U: 0.011841
200 iterations
f(b) = 0.0240552
Frob norm 2 after updating B : 0.0118211
Iteration number -------- 85  -----------
lambda : 1.52037
max_diff => 4.999e-08
performed mixing
Frob norm 1 after updating U: 0.0118179
200 iterations
f(b) = 0.0236716
Frob norm 2 after updating B : 0.0118275
Iteration number -------- 86  -----------
lambda : 1.52797
max_diff => 4.999e-08
performed mixing
Frob norm 1 after updating U: 0.0118209
200 iterations
f(b) = 0.0243317
Frob norm 2 after updating B : 0.0118735
Iteration number -------- 87  -----------
lambda : 1.53561
max_diff => 4.999e-08
performed mixing
Frob norm 1 after updating U: 0.0118762
200 iterations
f(b) = 0.0237536
Frob norm 2 after updating B : 0.0117527
Iteration number -------- 88  -----------
lambda : 1.54329
max_diff => 4.999e-08
performed mixing
Frob norm 1 after updating U: 0.0117513
200 iterations
f(b) = 0.0233009
Frob norm 2 after updating B : 0.0117863
Iteration number -------- 89  -----------
lambda : 1.55101
max_diff => 4.999e-08
performed mixing
Frob norm 1 after updating U: 0.0117838
200 iterations
f(b) = 0.0144467
Frob norm 2 after updating B : 0.0118402
Iteration number -------- 90  -----------
lambda : 1.55876
max_diff => 4.999e-08
performed mixing
Frob norm 1 after updating U: 0.0118406
200 iterations
f(b) = 0.0245141
Frob norm 2 after updating B : 0.0117675
Iteration number -------- 91  -----------
lambda : 1.56655
max_diff => 4.999e-08
performed mixing
Frob norm 1 after updating U: 0.0117658
200 iterations
f(b) = 0.0239763
Frob norm 2 after updating B : 0.0117962
Iteration number -------- 92  -----------
lambda : 1.57439
max_diff => 4.999e-08
performed mixing
Frob norm 1 after updating U: 0.0117944
200 iterations
f(b) = 0.0242382
Frob norm 2 after updating B : 0.0118125
Iteration number -------- 93  -----------
lambda : 1.58226
max_diff => 4.999e-08
performed mixing
Frob norm 1 after updating U: 0.0118097
200 iterations
f(b) = 0.0248549
Frob norm 2 after updating B : 0.0118063
Iteration number -------- 94  -----------
lambda : 1.59017
max_diff => 4.999e-08
performed mixing
Frob norm 1 after updating U: 0.0118051
200 iterations
f(b) = 0.0251042
Frob norm 2 after updating B : 0.0118125
Iteration number -------- 95  -----------
lambda : 1.59812
max_diff => 4.999e-08
performed mixing
Frob norm 1 after updating U: 0.0118115
200 iterations
f(b) = 0.0204305
Frob norm 2 after updating B : 0.0117998
Iteration number -------- 96  -----------
lambda : 1.60611
max_diff => 4.999e-08
performed mixing
Frob norm 1 after updating U: 0.0117976
200 iterations
f(b) = 0.0249999
Frob norm 2 after updating B : 0.0118205
Iteration number -------- 97  -----------
lambda : 1.61414
max_diff => 4.999e-08
performed mixing
Frob norm 1 after updating U: 0.0118171
200 iterations
f(b) = 0.025628
Frob norm 2 after updating B : 0.0118086
Iteration number -------- 98  -----------
lambda : 1.62221
max_diff => 4.999e-08
performed mixing
Frob norm 1 after updating U: 0.0118079
200 iterations
f(b) = 0.0255156
Frob norm 2 after updating B : 0.0117872
Iteration number -------- 99  -----------
lambda : 1.63032
max_diff => 4.999e-08
performed mixing
Frob norm 1 after updating U: 0.0117869
200 iterations
f(b) = 0.0260427
Frob norm 2 after updating B : 0.0117718
Iteration number -------- 100  -----------
lambda : 1.63848
max_diff => 4.999e-08
