Academic license - for non-commercial use only
Frob norm 1 after updating U: 11.4842
200 iterations
f(b) = 49.2305
Frob norm 2 after updating B : 6.47339
Iteration number -------- 1  -----------
lambda : 1
max_diff => 0.0675747
performed mixing
Frob norm 1 after updating U: 4.74236
200 iterations
f(b) = 41.4796
Frob norm 2 after updating B : 5.88666
Iteration number -------- 2  -----------
lambda : 1.005
max_diff => 0.0672879
performed mixing
Frob norm 1 after updating U: 4.34703
200 iterations
f(b) = 35.2282
Frob norm 2 after updating B : 5.38272
Iteration number -------- 3  -----------
lambda : 1.01002
max_diff => 0.0657986
performed mixing
Frob norm 1 after updating U: 3.98873
200 iterations
f(b) = 26.395
Frob norm 2 after updating B : 4.58627
Iteration number -------- 4  -----------
lambda : 1.01508
max_diff => 0.0634632
performed mixing
Frob norm 1 after updating U: 2.43592
200 iterations
f(b) = 20.526
Frob norm 2 after updating B : 3.9756
Iteration number -------- 5  -----------
lambda : 1.02015
max_diff => 0.059056
performed mixing
Frob norm 1 after updating U: 2.00975
200 iterations
f(b) = 15.9982
Frob norm 2 after updating B : 3.45755
Iteration number -------- 6  -----------
lambda : 1.02525
max_diff => 0.053652
performed mixing
Frob norm 1 after updating U: 1.62909
200 iterations
f(b) = 12.5456
Frob norm 2 after updating B : 2.98493
Iteration number -------- 7  -----------
lambda : 1.03038
max_diff => 0.0504492
performed mixing
Frob norm 1 after updating U: 1.39997
200 iterations
f(b) = 9.89794
Frob norm 2 after updating B : 2.6057
Iteration number -------- 8  -----------
lambda : 1.03553
max_diff => 0.0455094
performed mixing
Frob norm 1 after updating U: 1.16907
200 iterations
f(b) = 7.8228
Frob norm 2 after updating B : 2.26813
Iteration number -------- 9  -----------
lambda : 1.04071
max_diff => 0.0406194
performed mixing
Frob norm 1 after updating U: 0.998688
200 iterations
f(b) = 6.22479
Frob norm 2 after updating B : 1.99308
Iteration number -------- 10  -----------
lambda : 1.04591
max_diff => 0.0345944
performed mixing
Frob norm 1 after updating U: 0.788654
200 iterations
f(b) = 4.95653
Frob norm 2 after updating B : 1.76087
Iteration number -------- 11  -----------
lambda : 1.05114
max_diff => 0.0288256
performed mixing
Frob norm 1 after updating U: 0.649817
200 iterations
f(b) = 4.0011
Frob norm 2 after updating B : 1.46888
Iteration number -------- 12  -----------
lambda : 1.0564
max_diff => 0.0285565
performed mixing
Frob norm 1 after updating U: 0.642583
200 iterations
f(b) = 3.22441
Frob norm 2 after updating B : 1.34067
Iteration number -------- 13  -----------
lambda : 1.06168
max_diff => 0.0227328
performed mixing
Frob norm 1 after updating U: 0.511149
200 iterations
f(b) = 2.57929
Frob norm 2 after updating B : 1.21284
Iteration number -------- 14  -----------
lambda : 1.06699
max_diff => 0.0158952
performed mixing
Frob norm 1 after updating U: 0.406453
200 iterations
f(b) = 2.1338
Frob norm 2 after updating B : 1.0045
Iteration number -------- 15  -----------
lambda : 1.07232
max_diff => 0.0157088
performed mixing
Frob norm 1 after updating U: 0.404124
200 iterations
f(b) = 1.69316
Frob norm 2 after updating B : 0.983018
Iteration number -------- 16  -----------
lambda : 1.07768
max_diff => 0.00666035
performed mixing
Frob norm 1 after updating U: 0.232827
200 iterations
f(b) = 1.39034
Frob norm 2 after updating B : 0.799772
Iteration number -------- 17  -----------
lambda : 1.08307
max_diff => 0.00662202
performed mixing
Frob norm 1 after updating U: 0.232033
200 iterations
f(b) = 1.04323
Frob norm 2 after updating B : 0.896695
Iteration number -------- 18  -----------
lambda : 1.08849
max_diff => 0.000660833
performed mixing
Frob norm 1 after updating U: 0.060072
200 iterations
f(b) = 0.78597
Frob norm 2 after updating B : 0.723233
Iteration number -------- 19  -----------
lambda : 1.09393
max_diff => 0.000611342
performed mixing
Frob norm 1 after updating U: 0.0577824
200 iterations
f(b) = 0.503731
Frob norm 2 after updating B : 0.695281
Iteration number -------- 20  -----------
lambda : 1.0994
max_diff => 6.03018e-08
performed mixing
Frob norm 1 after updating U: 0.0128539
200 iterations
f(b) = 0.358177
Frob norm 2 after updating B : 0.556256
Iteration number -------- 21  -----------
lambda : 1.1049
max_diff => 5.47964e-08
performed mixing
Frob norm 1 after updating U: 0.0128259
200 iterations
f(b) = 0.245064
Frob norm 2 after updating B : 0.445153
Iteration number -------- 22  -----------
lambda : 1.11042
max_diff => 4.999e-08
performed mixing
Frob norm 1 after updating U: 0.0127824
200 iterations
f(b) = 0.176603
Frob norm 2 after updating B : 0.356368
Iteration number -------- 23  -----------
lambda : 1.11597
max_diff => 4.999e-08
performed mixing
Frob norm 1 after updating U: 0.012782
200 iterations
f(b) = 0.130237
Frob norm 2 after updating B : 0.285152
Iteration number -------- 24  -----------
lambda : 1.12155
max_diff => 4.999e-08
performed mixing
Frob norm 1 after updating U: 0.0128601
200 iterations
f(b) = 0.0997508
Frob norm 2 after updating B : 0.228483
Iteration number -------- 25  -----------
lambda : 1.12716
max_diff => 4.999e-08
performed mixing
Frob norm 1 after updating U: 0.0128681
200 iterations
f(b) = 0.0824793
Frob norm 2 after updating B : 0.18285
Iteration number -------- 26  -----------
lambda : 1.1328
max_diff => 4.999e-08
performed mixing
Frob norm 1 after updating U: 0.0127861
200 iterations
f(b) = 0.0673411
Frob norm 2 after updating B : 0.146505
Iteration number -------- 27  -----------
lambda : 1.13846
max_diff => 4.999e-08
performed mixing
Frob norm 1 after updating U: 0.0127346
200 iterations
f(b) = 0.0621013
Frob norm 2 after updating B : 0.117409
Iteration number -------- 28  -----------
lambda : 1.14415
max_diff => 4.999e-08
performed mixing
Frob norm 1 after updating U: 0.0128031
200 iterations
f(b) = 0.0543328
Frob norm 2 after updating B : 0.0942908
Iteration number -------- 29  -----------
lambda : 1.14987
max_diff => 4.999e-08
performed mixing
Frob norm 1 after updating U: 0.0128777
200 iterations
f(b) = 0.0492524
Frob norm 2 after updating B : 0.0759881
Iteration number -------- 30  -----------
lambda : 1.15562
max_diff => 4.999e-08
performed mixing
Frob norm 1 after updating U: 0.0128115
200 iterations
f(b) = 0.0467823
Frob norm 2 after updating B : 0.0613798
Iteration number -------- 31  -----------
lambda : 1.1614
max_diff => 4.999e-08
performed mixing
Frob norm 1 after updating U: 0.0128145
200 iterations
f(b) = 0.0226797
Frob norm 2 after updating B : 0.0497062
Iteration number -------- 32  -----------
lambda : 1.16721
max_diff => 4.999e-08
performed mixing
Frob norm 1 after updating U: 0.0128289
200 iterations
f(b) = 0.0230433
Frob norm 2 after updating B : 0.0404525
Iteration number -------- 33  -----------
lambda : 1.17304
max_diff => 4.999e-08
performed mixing
Frob norm 1 after updating U: 0.0127507
200 iterations
f(b) = 0.0221972
Frob norm 2 after updating B : 0.0332516
Iteration number -------- 34  -----------
lambda : 1.17891
max_diff => 4.999e-08
performed mixing
Frob norm 1 after updating U: 0.012616
200 iterations
f(b) = 0.0220089
Frob norm 2 after updating B : 0.0276787
Iteration number -------- 35  -----------
lambda : 1.1848
max_diff => 4.999e-08
performed mixing
Frob norm 1 after updating U: 0.0127109
200 iterations
f(b) = 0.0197684
Frob norm 2 after updating B : 0.0234428
Iteration number -------- 36  -----------
lambda : 1.19073
max_diff => 4.999e-08
performed mixing
Frob norm 1 after updating U: 0.0127806
200 iterations
f(b) = 0.0203387
Frob norm 2 after updating B : 0.0203756
Iteration number -------- 37  -----------
lambda : 1.19668
max_diff => 4.999e-08
performed mixing
Frob norm 1 after updating U: 0.0127871
200 iterations
f(b) = 0.0193596
Frob norm 2 after updating B : 0.0180462
Iteration number -------- 38  -----------
lambda : 1.20266
max_diff => 4.999e-08
performed mixing
Frob norm 1 after updating U: 0.0127953
200 iterations
f(b) = 0.0198259
Frob norm 2 after updating B : 0.0163939
Iteration number -------- 39  -----------
lambda : 1.20868
max_diff => 4.999e-08
performed mixing
Frob norm 1 after updating U: 0.0128276
200 iterations
f(b) = 0.0182372
Frob norm 2 after updating B : 0.0151658
Iteration number -------- 40  -----------
lambda : 1.21472
max_diff => 4.999e-08
performed mixing
Frob norm 1 after updating U: 0.0127181
200 iterations
f(b) = 0.0199856
Frob norm 2 after updating B : 0.0141064
Iteration number -------- 41  -----------
lambda : 1.22079
max_diff => 4.999e-08
performed mixing
Frob norm 1 after updating U: 0.0126651
200 iterations
f(b) = 0.0176281
Frob norm 2 after updating B : 0.0137506
Iteration number -------- 42  -----------
lambda : 1.2269
max_diff => 4.999e-08
performed mixing
Frob norm 1 after updating U: 0.0127469
200 iterations
f(b) = 0.0170492
Frob norm 2 after updating B : 0.013304
Iteration number -------- 43  -----------
lambda : 1.23303
max_diff => 4.999e-08
performed mixing
Frob norm 1 after updating U: 0.0125973
200 iterations
f(b) = 0.0167336
Frob norm 2 after updating B : 0.0130837
Iteration number -------- 44  -----------
lambda : 1.2392
max_diff => 4.999e-08
performed mixing
Frob norm 1 after updating U: 0.0125739
200 iterations
f(b) = 0.0179597
Frob norm 2 after updating B : 0.0131498
Iteration number -------- 45  -----------
lambda : 1.24539
max_diff => 4.999e-08
performed mixing
Frob norm 1 after updating U: 0.0128278
200 iterations
f(b) = 0.0189097
Frob norm 2 after updating B : 0.012898
Iteration number -------- 46  -----------
lambda : 1.25162
max_diff => 4.999e-08
performed mixing
Frob norm 1 after updating U: 0.0126958
200 iterations
f(b) = 0.0176623
Frob norm 2 after updating B : 0.0126669
Iteration number -------- 47  -----------
lambda : 1.25788
max_diff => 4.999e-08
performed mixing
Frob norm 1 after updating U: 0.0125681
200 iterations
f(b) = 0.0185594
Frob norm 2 after updating B : 0.0129529
Iteration number -------- 48  -----------
lambda : 1.26417
max_diff => 4.999e-08
performed mixing
Frob norm 1 after updating U: 0.0128489
200 iterations
f(b) = 0.0185094
Frob norm 2 after updating B : 0.0128358
Iteration number -------- 49  -----------
lambda : 1.27049
max_diff => 4.999e-08
performed mixing
Frob norm 1 after updating U: 0.0127453
200 iterations
f(b) = 0.0162486
Frob norm 2 after updating B : 0.0127073
Iteration number -------- 50  -----------
lambda : 1.27684
max_diff => 4.999e-08
performed mixing
Frob norm 1 after updating U: 0.0126838
200 iterations
f(b) = 0.0172774
Frob norm 2 after updating B : 0.0127314
Iteration number -------- 51  -----------
lambda : 1.28323
max_diff => 4.999e-08
performed mixing
Frob norm 1 after updating U: 0.0127094
200 iterations
f(b) = 0.020068
Frob norm 2 after updating B : 0.0127175
Iteration number -------- 52  -----------
lambda : 1.28964
max_diff => 4.999e-08
performed mixing
Frob norm 1 after updating U: 0.0127067
200 iterations
f(b) = 0.0180399
Frob norm 2 after updating B : 0.0126895
Iteration number -------- 53  -----------
lambda : 1.29609
max_diff => 4.999e-08
performed mixing
Frob norm 1 after updating U: 0.0126737
200 iterations
f(b) = 0.0186536
Frob norm 2 after updating B : 0.0127838
Iteration number -------- 54  -----------
lambda : 1.30257
max_diff => 4.999e-08
performed mixing
Frob norm 1 after updating U: 0.0127661
200 iterations
f(b) = 0.0207382
Frob norm 2 after updating B : 0.0127874
Iteration number -------- 55  -----------
lambda : 1.30908
max_diff => 4.999e-08
performed mixing
Frob norm 1 after updating U: 0.0127642
200 iterations
f(b) = 0.0183412
Frob norm 2 after updating B : 0.0126514
Iteration number -------- 56  -----------
lambda : 1.31563
max_diff => 4.999e-08
performed mixing
Frob norm 1 after updating U: 0.0126495
200 iterations
f(b) = 0.0184414
Frob norm 2 after updating B : 0.0127633
Iteration number -------- 57  -----------
lambda : 1.32221
max_diff => 4.999e-08
performed mixing
Frob norm 1 after updating U: 0.0127552
200 iterations
f(b) = 0.0202548
Frob norm 2 after updating B : 0.0128054
Iteration number -------- 58  -----------
lambda : 1.32882
max_diff => 4.999e-08
performed mixing
Frob norm 1 after updating U: 0.0127982
200 iterations
f(b) = 0.0165511
Frob norm 2 after updating B : 0.0128813
Iteration number -------- 59  -----------
lambda : 1.33546
max_diff => 4.999e-08
performed mixing
Frob norm 1 after updating U: 0.0128563
200 iterations
f(b) = 0.0199649
Frob norm 2 after updating B : 0.0128564
Iteration number -------- 60  -----------
lambda : 1.34214
max_diff => 4.999e-08
performed mixing
Frob norm 1 after updating U: 0.0128407
200 iterations
f(b) = 0.0177711
Frob norm 2 after updating B : 0.0127193
Iteration number -------- 61  -----------
lambda : 1.34885
max_diff => 4.999e-08
performed mixing
Frob norm 1 after updating U: 0.0127077
200 iterations
f(b) = 0.020522
Frob norm 2 after updating B : 0.0126437
Iteration number -------- 62  -----------
lambda : 1.35559
max_diff => 4.999e-08
performed mixing
Frob norm 1 after updating U: 0.0126403
200 iterations
f(b) = 0.0206804
Frob norm 2 after updating B : 0.0126777
Iteration number -------- 63  -----------
lambda : 1.36237
max_diff => 4.999e-08
performed mixing
Frob norm 1 after updating U: 0.012677
200 iterations
f(b) = 0.0213043
Frob norm 2 after updating B : 0.0125843
Iteration number -------- 64  -----------
lambda : 1.36918
max_diff => 4.999e-08
performed mixing
Frob norm 1 after updating U: 0.0125777
200 iterations
f(b) = 0.0190442
Frob norm 2 after updating B : 0.0127636
Iteration number -------- 65  -----------
lambda : 1.37603
max_diff => 4.999e-08
performed mixing
Frob norm 1 after updating U: 0.0127594
200 iterations
f(b) = 0.0175813
Frob norm 2 after updating B : 0.012624
Iteration number -------- 66  -----------
lambda : 1.38291
max_diff => 4.999e-08
performed mixing
Frob norm 1 after updating U: 0.0126214
200 iterations
f(b) = 0.020677
Frob norm 2 after updating B : 0.0125444
Iteration number -------- 67  -----------
lambda : 1.38982
max_diff => 4.999e-08
performed mixing
Frob norm 1 after updating U: 0.0125441
200 iterations
f(b) = 0.0216929
Frob norm 2 after updating B : 0.0128759
Iteration number -------- 68  -----------
lambda : 1.39677
max_diff => 4.999e-08
performed mixing
Frob norm 1 after updating U: 0.0128556
200 iterations
f(b) = 0.0210024
Frob norm 2 after updating B : 0.0125558
Iteration number -------- 69  -----------
lambda : 1.40376
max_diff => 4.999e-08
performed mixing
Frob norm 1 after updating U: 0.0125539
200 iterations
f(b) = 0.0210898
Frob norm 2 after updating B : 0.0127414
Iteration number -------- 70  -----------
lambda : 1.41078
max_diff => 4.999e-08
performed mixing
Frob norm 1 after updating U: 0.012733
200 iterations
f(b) = 0.0213798
Frob norm 2 after updating B : 0.0125708
Iteration number -------- 71  -----------
lambda : 1.41783
max_diff => 4.999e-08
performed mixing
Frob norm 1 after updating U: 0.0125673
200 iterations
f(b) = 0.0184447
Frob norm 2 after updating B : 0.0127249
Iteration number -------- 72  -----------
lambda : 1.42492
max_diff => 4.999e-08
performed mixing
Frob norm 1 after updating U: 0.0127186
200 iterations
f(b) = 0.0187151
Frob norm 2 after updating B : 0.0126235
Iteration number -------- 73  -----------
lambda : 1.43204
max_diff => 4.999e-08
performed mixing
Frob norm 1 after updating U: 0.0126212
200 iterations
f(b) = 0.0217887
Frob norm 2 after updating B : 0.0127078
Iteration number -------- 74  -----------
lambda : 1.4392
max_diff => 4.999e-08
performed mixing
Frob norm 1 after updating U: 0.012692
200 iterations
f(b) = 0.0163295
Frob norm 2 after updating B : 0.012828
Iteration number -------- 75  -----------
lambda : 1.4464
max_diff => 4.999e-08
performed mixing
Frob norm 1 after updating U: 0.012817
200 iterations
f(b) = 0.0213415
Frob norm 2 after updating B : 0.012565
Iteration number -------- 76  -----------
lambda : 1.45363
max_diff => 4.999e-08
performed mixing
Frob norm 1 after updating U: 0.012565
200 iterations
f(b) = 0.0199485
Frob norm 2 after updating B : 0.0126572
Iteration number -------- 77  -----------
lambda : 1.4609
max_diff => 4.999e-08
performed mixing
Frob norm 1 after updating U: 0.0126551
200 iterations
f(b) = 0.0190062
Frob norm 2 after updating B : 0.0127621
Iteration number -------- 78  -----------
lambda : 1.46821
max_diff => 4.999e-08
performed mixing
Frob norm 1 after updating U: 0.0127524
200 iterations
f(b) = 0.0204537
Frob norm 2 after updating B : 0.0128283
Iteration number -------- 79  -----------
lambda : 1.47555
max_diff => 4.999e-08
performed mixing
Frob norm 1 after updating U: 0.0128129
200 iterations
f(b) = 0.0220952
Frob norm 2 after updating B : 0.0125861
Iteration number -------- 80  -----------
lambda : 1.48292
max_diff => 4.999e-08
performed mixing
Frob norm 1 after updating U: 0.0125827
200 iterations
f(b) = 0.0207314
Frob norm 2 after updating B : 0.012644
Iteration number -------- 81  -----------
lambda : 1.49034
max_diff => 4.999e-08
performed mixing
Frob norm 1 after updating U: 0.0126421
200 iterations
f(b) = 0.022512
Frob norm 2 after updating B : 0.0125724
Iteration number -------- 82  -----------
lambda : 1.49779
max_diff => 4.999e-08
performed mixing
Frob norm 1 after updating U: 0.0125703
200 iterations
f(b) = 0.0205473
Frob norm 2 after updating B : 0.0127817
Iteration number -------- 83  -----------
lambda : 1.50528
max_diff => 4.999e-08
performed mixing
Frob norm 1 after updating U: 0.0127607
200 iterations
f(b) = 0.0242224
Frob norm 2 after updating B : 0.0125798
Iteration number -------- 84  -----------
lambda : 1.51281
max_diff => 4.999e-08
performed mixing
Frob norm 1 after updating U: 0.0125728
200 iterations
f(b) = 0.0243239
Frob norm 2 after updating B : 0.012555
Iteration number -------- 85  -----------
lambda : 1.52037
max_diff => 4.999e-08
performed mixing
Frob norm 1 after updating U: 0.0125545
200 iterations
f(b) = 0.0237985
Frob norm 2 after updating B : 0.0126533
Iteration number -------- 86  -----------
lambda : 1.52797
max_diff => 4.999e-08
performed mixing
Frob norm 1 after updating U: 0.01265
200 iterations
f(b) = 0.0203188
Frob norm 2 after updating B : 0.0126057
Iteration number -------- 87  -----------
lambda : 1.53561
max_diff => 4.999e-08
performed mixing
Frob norm 1 after updating U: 0.0126037
200 iterations
f(b) = 0.0220422
Frob norm 2 after updating B : 0.0127025
Iteration number -------- 88  -----------
lambda : 1.54329
max_diff => 4.999e-08
performed mixing
Frob norm 1 after updating U: 0.0126967
200 iterations
f(b) = 0.022422
Frob norm 2 after updating B : 0.0125873
Iteration number -------- 89  -----------
lambda : 1.55101
max_diff => 4.999e-08
performed mixing
Frob norm 1 after updating U: 0.0125854
200 iterations
f(b) = 0.0196423
Frob norm 2 after updating B : 0.0127111
Iteration number -------- 90  -----------
lambda : 1.55876
max_diff => 4.999e-08
performed mixing
Frob norm 1 after updating U: 0.0126996
200 iterations
f(b) = 0.0227707
Frob norm 2 after updating B : 0.0127538
Iteration number -------- 91  -----------
lambda : 1.56655
max_diff => 4.999e-08
performed mixing
Frob norm 1 after updating U: 0.0127361
200 iterations
f(b) = 0.0229395
Frob norm 2 after updating B : 0.0127279
Iteration number -------- 92  -----------
lambda : 1.57439
max_diff => 4.999e-08
performed mixing
Frob norm 1 after updating U: 0.0127221
200 iterations
f(b) = 0.0241424
Frob norm 2 after updating B : 0.0127932
Iteration number -------- 93  -----------
lambda : 1.58226
max_diff => 4.999e-08
performed mixing
Frob norm 1 after updating U: 0.0127829
200 iterations
f(b) = 0.0261735
Frob norm 2 after updating B : 0.0127069
Iteration number -------- 94  -----------
lambda : 1.59017
max_diff => 4.999e-08
performed mixing
Frob norm 1 after updating U: 0.012705
200 iterations
f(b) = 0.0265378
Frob norm 2 after updating B : 0.012765
Iteration number -------- 95  -----------
lambda : 1.59812
max_diff => 4.999e-08
performed mixing
Frob norm 1 after updating U: 0.0127373
200 iterations
f(b) = 0.0237537
Frob norm 2 after updating B : 0.012684
Iteration number -------- 96  -----------
lambda : 1.60611
max_diff => 4.999e-08
performed mixing
Frob norm 1 after updating U: 0.0126716
200 iterations
f(b) = 0.0216652
Frob norm 2 after updating B : 0.0126567
Iteration number -------- 97  -----------
lambda : 1.61414
max_diff => 4.999e-08
performed mixing
Frob norm 1 after updating U: 0.0126514
200 iterations
f(b) = 0.024007
Frob norm 2 after updating B : 0.012681
Iteration number -------- 98  -----------
lambda : 1.62221
max_diff => 4.999e-08
performed mixing
Frob norm 1 after updating U: 0.0126751
200 iterations
f(b) = 0.0241006
Frob norm 2 after updating B : 0.012744
Iteration number -------- 99  -----------
lambda : 1.63032
max_diff => 4.999e-08
performed mixing
Frob norm 1 after updating U: 0.0127352
200 iterations
f(b) = 0.0222319
Frob norm 2 after updating B : 0.0127948
Iteration number -------- 100  -----------
lambda : 1.63848
max_diff => 4.999e-08
