Academic license - for non-commercial use only
Frob norm 1 after updating U: 10.7547
200 iterations
f(b) = 59.2254
Frob norm 2 after updating B : 7.21843
Iteration number -------- 1  -----------
lambda : 1
max_diff => 0.0823269
performed mixing
Frob norm 1 after updating U: 5.89264
200 iterations
f(b) = 51.559
Frob norm 2 after updating B : 6.69366
Iteration number -------- 2  -----------
lambda : 1.005
max_diff => 0.100188
performed mixing
Frob norm 1 after updating U: 5.18041
200 iterations
f(b) = 42.0305
Frob norm 2 after updating B : 6.00281
Iteration number -------- 3  -----------
lambda : 1.01002
max_diff => 0.138745
performed mixing
Frob norm 1 after updating U: 4.39429
200 iterations
f(b) = 35.446
Frob norm 2 after updating B : 5.42866
Iteration number -------- 4  -----------
lambda : 1.01508
max_diff => 0.174672
performed mixing
Frob norm 1 after updating U: 4.00683
200 iterations
f(b) = 30.329
Frob norm 2 after updating B : 4.96527
Iteration number -------- 5  -----------
lambda : 1.02015
max_diff => 0.177349
performed mixing
Frob norm 1 after updating U: 3.71344
200 iterations
f(b) = 26.3156
Frob norm 2 after updating B : 4.56908
Iteration number -------- 6  -----------
lambda : 1.02525
max_diff => 0.170652
performed mixing
Frob norm 1 after updating U: 3.46584
200 iterations
f(b) = 21.0673
Frob norm 2 after updating B : 3.93457
Iteration number -------- 7  -----------
lambda : 1.03038
max_diff => 0.143502
performed mixing
Frob norm 1 after updating U: 2.16097
200 iterations
f(b) = 16.2517
Frob norm 2 after updating B : 3.40611
Iteration number -------- 8  -----------
lambda : 1.03553
max_diff => 0.125868
performed mixing
Frob norm 1 after updating U: 1.80163
200 iterations
f(b) = 13.2058
Frob norm 2 after updating B : 2.99987
Iteration number -------- 9  -----------
lambda : 1.04071
max_diff => 0.101843
performed mixing
Frob norm 1 after updating U: 1.54864
200 iterations
f(b) = 10.8306
Frob norm 2 after updating B : 2.65073
Iteration number -------- 10  -----------
lambda : 1.04591
max_diff => 0.0803832
performed mixing
Frob norm 1 after updating U: 1.34424
200 iterations
f(b) = 8.96417
Frob norm 2 after updating B : 2.32864
Iteration number -------- 11  -----------
lambda : 1.05114
max_diff => 0.0653533
performed mixing
Frob norm 1 after updating U: 1.21506
200 iterations
f(b) = 7.53432
Frob norm 2 after updating B : 2.06076
Iteration number -------- 12  -----------
lambda : 1.0564
max_diff => 0.0517688
performed mixing
Frob norm 1 after updating U: 1.07319
200 iterations
f(b) = 6.4
Frob norm 2 after updating B : 1.83874
Iteration number -------- 13  -----------
lambda : 1.06168
max_diff => 0.0477703
performed mixing
Frob norm 1 after updating U: 0.955569
200 iterations
f(b) = 5.47882
Frob norm 2 after updating B : 1.66855
Iteration number -------- 14  -----------
lambda : 1.06699
max_diff => 0.0430588
performed mixing
Frob norm 1 after updating U: 0.837028
200 iterations
f(b) = 4.70949
Frob norm 2 after updating B : 1.50703
Iteration number -------- 15  -----------
lambda : 1.07232
max_diff => 0.0382452
performed mixing
Frob norm 1 after updating U: 0.747465
200 iterations
f(b) = 4.1358
Frob norm 2 after updating B : 1.29523
Iteration number -------- 16  -----------
lambda : 1.07768
max_diff => 0.0379705
performed mixing
Frob norm 1 after updating U: 0.743254
200 iterations
f(b) = 3.58678
Frob norm 2 after updating B : 1.28602
Iteration number -------- 17  -----------
lambda : 1.08307
max_diff => 0.0302624
performed mixing
Frob norm 1 after updating U: 0.604454
200 iterations
f(b) = 3.08716
Frob norm 2 after updating B : 1.17655
Iteration number -------- 18  -----------
lambda : 1.08849
max_diff => 0.025872
performed mixing
Frob norm 1 after updating U: 0.544302
200 iterations
f(b) = 2.65505
Frob norm 2 after updating B : 1.07943
Iteration number -------- 19  -----------
lambda : 1.09393
max_diff => 0.0222473
performed mixing
Frob norm 1 after updating U: 0.47493
200 iterations
f(b) = 2.35257
Frob norm 2 after updating B : 0.918283
Iteration number -------- 20  -----------
lambda : 1.0994
max_diff => 0.0219919
performed mixing
Frob norm 1 after updating U: 0.471052
200 iterations
f(b) = 1.97823
Frob norm 2 after updating B : 0.962967
Iteration number -------- 21  -----------
lambda : 1.1049
max_diff => 0.0135429
performed mixing
Frob norm 1 after updating U: 0.33975
200 iterations
f(b) = 1.71557
Frob norm 2 after updating B : 0.801579
Iteration number -------- 22  -----------
lambda : 1.11042
max_diff => 0.0133874
performed mixing
Frob norm 1 after updating U: 0.337651
200 iterations
f(b) = 1.35567
Frob norm 2 after updating B : 0.883228
Iteration number -------- 23  -----------
lambda : 1.11597
max_diff => 0.00398881
performed mixing
Frob norm 1 after updating U: 0.157929
200 iterations
f(b) = 1.10114
Frob norm 2 after updating B : 0.719236
Iteration number -------- 24  -----------
lambda : 1.12155
max_diff => 0.00385602
performed mixing
Frob norm 1 after updating U: 0.154357
200 iterations
f(b) = 0.768399
Frob norm 2 after updating B : 0.807213
Iteration number -------- 25  -----------
lambda : 1.12716
max_diff => 0.000280111
performed mixing
Frob norm 1 after updating U: 0.0402551
200 iterations
f(b) = 0.559429
Frob norm 2 after updating B : 0.654293
Iteration number -------- 26  -----------
lambda : 1.1328
max_diff => 0.000215954
performed mixing
Frob norm 1 after updating U: 0.0349694
200 iterations
f(b) = 0.368032
Frob norm 2 after updating B : 0.564471
Iteration number -------- 27  -----------
lambda : 1.13846
max_diff => 4.35681e-06
performed mixing
Frob norm 1 after updating U: 0.0119423
200 iterations
f(b) = 0.256232
Frob norm 2 after updating B : 0.455896
Iteration number -------- 28  -----------
lambda : 1.14415
max_diff => 5.58506e-08
performed mixing
Frob norm 1 after updating U: 0.0120487
200 iterations
f(b) = 0.183932
Frob norm 2 after updating B : 0.364873
Iteration number -------- 29  -----------
lambda : 1.14987
max_diff => 4.999e-08
performed mixing
Frob norm 1 after updating U: 0.0120833
200 iterations
f(b) = 0.135314
Frob norm 2 after updating B : 0.29208
Iteration number -------- 30  -----------
lambda : 1.15562
max_diff => 5.00026e-08
performed mixing
Frob norm 1 after updating U: 0.0119706
200 iterations
f(b) = 0.105085
Frob norm 2 after updating B : 0.233942
Iteration number -------- 31  -----------
lambda : 1.1614
max_diff => 4.999e-08
performed mixing
Frob norm 1 after updating U: 0.0120356
200 iterations
f(b) = 0.0866912
Frob norm 2 after updating B : 0.187219
Iteration number -------- 32  -----------
lambda : 1.16721
max_diff => 4.99917e-08
performed mixing
Frob norm 1 after updating U: 0.0121005
200 iterations
f(b) = 0.0725406
Frob norm 2 after updating B : 0.150002
Iteration number -------- 33  -----------
lambda : 1.17304
max_diff => 4.999e-08
performed mixing
Frob norm 1 after updating U: 0.0120101
200 iterations
f(b) = 0.0656778
Frob norm 2 after updating B : 0.120477
Iteration number -------- 34  -----------
lambda : 1.17891
max_diff => 4.999e-08
performed mixing
Frob norm 1 after updating U: 0.0119831
200 iterations
f(b) = 0.0594656
Frob norm 2 after updating B : 0.096401
Iteration number -------- 35  -----------
lambda : 1.1848
max_diff => 4.999e-08
performed mixing
Frob norm 1 after updating U: 0.0120161
200 iterations
f(b) = 0.0561954
Frob norm 2 after updating B : 0.0776247
Iteration number -------- 36  -----------
lambda : 1.19073
max_diff => 4.999e-08
performed mixing
Frob norm 1 after updating U: 0.0119006
200 iterations
f(b) = 0.0284543
Frob norm 2 after updating B : 0.0627228
Iteration number -------- 37  -----------
lambda : 1.19668
max_diff => 4.999e-08
performed mixing
Frob norm 1 after updating U: 0.0118829
200 iterations
f(b) = 0.047685
Frob norm 2 after updating B : 0.0506522
Iteration number -------- 38  -----------
lambda : 1.20266
max_diff => 4.999e-08
performed mixing
Frob norm 1 after updating U: 0.0119384
200 iterations
f(b) = 0.0475069
Frob norm 2 after updating B : 0.0410645
Iteration number -------- 39  -----------
lambda : 1.20868
max_diff => 4.999e-08
performed mixing
Frob norm 1 after updating U: 0.0119589
200 iterations
f(b) = 0.0298426
Frob norm 2 after updating B : 0.0336902
Iteration number -------- 40  -----------
lambda : 1.21472
max_diff => 4.999e-08
performed mixing
Frob norm 1 after updating U: 0.011883
200 iterations
f(b) = 0.0257833
Frob norm 2 after updating B : 0.0280384
Iteration number -------- 41  -----------
lambda : 1.22079
max_diff => 4.999e-08
performed mixing
Frob norm 1 after updating U: 0.0117876
200 iterations
f(b) = 0.0308008
Frob norm 2 after updating B : 0.0234156
Iteration number -------- 42  -----------
lambda : 1.2269
max_diff => 4.999e-08
performed mixing
Frob norm 1 after updating U: 0.0118233
200 iterations
f(b) = 0.0225535
Frob norm 2 after updating B : 0.0201713
Iteration number -------- 43  -----------
lambda : 1.23303
max_diff => 4.999e-08
performed mixing
Frob norm 1 after updating U: 0.0118638
200 iterations
f(b) = 0.0198054
Frob norm 2 after updating B : 0.0175836
Iteration number -------- 44  -----------
lambda : 1.2392
max_diff => 4.999e-08
performed mixing
Frob norm 1 after updating U: 0.011803
200 iterations
f(b) = 0.0197718
Frob norm 2 after updating B : 0.0158828
Iteration number -------- 45  -----------
lambda : 1.24539
max_diff => 4.999e-08
performed mixing
Frob norm 1 after updating U: 0.0118758
200 iterations
f(b) = 0.0201814
Frob norm 2 after updating B : 0.0145698
Iteration number -------- 46  -----------
lambda : 1.25162
max_diff => 4.999e-08
performed mixing
Frob norm 1 after updating U: 0.0119146
200 iterations
f(b) = 0.0200388
Frob norm 2 after updating B : 0.0136403
Iteration number -------- 47  -----------
lambda : 1.25788
max_diff => 4.999e-08
performed mixing
Frob norm 1 after updating U: 0.0118945
200 iterations
f(b) = 0.0199988
Frob norm 2 after updating B : 0.0130048
Iteration number -------- 48  -----------
lambda : 1.26417
max_diff => 4.999e-08
performed mixing
Frob norm 1 after updating U: 0.0118296
200 iterations
f(b) = 0.0203152
Frob norm 2 after updating B : 0.0126318
Iteration number -------- 49  -----------
lambda : 1.27049
max_diff => 4.999e-08
performed mixing
Frob norm 1 after updating U: 0.0118023
200 iterations
f(b) = 0.0210731
Frob norm 2 after updating B : 0.012294
Iteration number -------- 50  -----------
lambda : 1.27684
max_diff => 4.999e-08
performed mixing
Frob norm 1 after updating U: 0.0117301
200 iterations
f(b) = 0.0198725
Frob norm 2 after updating B : 0.0121161
Iteration number -------- 51  -----------
lambda : 1.28323
max_diff => 4.999e-08
performed mixing
Frob norm 1 after updating U: 0.0117754
200 iterations
f(b) = 0.0204495
Frob norm 2 after updating B : 0.012104
Iteration number -------- 52  -----------
lambda : 1.28964
max_diff => 4.999e-08
performed mixing
Frob norm 1 after updating U: 0.0118199
200 iterations
f(b) = 0.0202485
Frob norm 2 after updating B : 0.0120309
Iteration number -------- 53  -----------
lambda : 1.29609
max_diff => 4.999e-08
performed mixing
Frob norm 1 after updating U: 0.0118807
200 iterations
f(b) = 0.0196255
Frob norm 2 after updating B : 0.0118724
Iteration number -------- 54  -----------
lambda : 1.30257
max_diff => 4.999e-08
performed mixing
Frob norm 1 after updating U: 0.0117795
200 iterations
f(b) = 0.0184729
Frob norm 2 after updating B : 0.0118601
Iteration number -------- 55  -----------
lambda : 1.30908
max_diff => 4.999e-08
performed mixing
Frob norm 1 after updating U: 0.011793
200 iterations
f(b) = 0.0186509
Frob norm 2 after updating B : 0.0118753
Iteration number -------- 56  -----------
lambda : 1.31563
max_diff => 4.999e-08
performed mixing
Frob norm 1 after updating U: 0.0118208
200 iterations
f(b) = 0.0193607
Frob norm 2 after updating B : 0.0118095
Iteration number -------- 57  -----------
lambda : 1.32221
max_diff => 4.999e-08
performed mixing
Frob norm 1 after updating U: 0.0117679
200 iterations
f(b) = 0.0204857
Frob norm 2 after updating B : 0.0118641
Iteration number -------- 58  -----------
lambda : 1.32882
max_diff => 4.999e-08
performed mixing
Frob norm 1 after updating U: 0.011834
200 iterations
f(b) = 0.0195761
Frob norm 2 after updating B : 0.0118491
Iteration number -------- 59  -----------
lambda : 1.33546
max_diff => 4.999e-08
performed mixing
Frob norm 1 after updating U: 0.0118267
200 iterations
f(b) = 0.019539
Frob norm 2 after updating B : 0.0117869
Iteration number -------- 60  -----------
lambda : 1.34214
max_diff => 4.999e-08
performed mixing
Frob norm 1 after updating U: 0.0117787
200 iterations
f(b) = 0.0190883
Frob norm 2 after updating B : 0.0118379
Iteration number -------- 61  -----------
lambda : 1.34885
max_diff => 4.999e-08
performed mixing
Frob norm 1 after updating U: 0.0118237
200 iterations
f(b) = 0.0205669
Frob norm 2 after updating B : 0.0117025
Iteration number -------- 62  -----------
lambda : 1.35559
max_diff => 4.999e-08
performed mixing
Frob norm 1 after updating U: 0.0116987
200 iterations
f(b) = 0.0185937
Frob norm 2 after updating B : 0.0118428
Iteration number -------- 63  -----------
lambda : 1.36237
max_diff => 4.999e-08
performed mixing
Frob norm 1 after updating U: 0.011831
200 iterations
f(b) = 0.0186604
Frob norm 2 after updating B : 0.0118022
Iteration number -------- 64  -----------
lambda : 1.36918
max_diff => 4.999e-08
performed mixing
Frob norm 1 after updating U: 0.0118039
200 iterations
f(b) = 0.0191996
Frob norm 2 after updating B : 0.0118179
Iteration number -------- 65  -----------
lambda : 1.37603
max_diff => 4.999e-08
performed mixing
Frob norm 1 after updating U: 0.01181
200 iterations
f(b) = 0.0198415
Frob norm 2 after updating B : 0.0118063
Iteration number -------- 66  -----------
lambda : 1.38291
max_diff => 4.999e-08
performed mixing
Frob norm 1 after updating U: 0.0118106
200 iterations
f(b) = 0.0198802
Frob norm 2 after updating B : 0.0118569
Iteration number -------- 67  -----------
lambda : 1.38982
max_diff => 4.999e-08
performed mixing
Frob norm 1 after updating U: 0.0118538
200 iterations
f(b) = 0.0212605
Frob norm 2 after updating B : 0.0117839
Iteration number -------- 68  -----------
lambda : 1.39677
max_diff => 4.999e-08
performed mixing
Frob norm 1 after updating U: 0.0117764
200 iterations
f(b) = 0.0180459
Frob norm 2 after updating B : 0.0117899
Iteration number -------- 69  -----------
lambda : 1.40376
max_diff => 4.999e-08
performed mixing
Frob norm 1 after updating U: 0.0117866
200 iterations
f(b) = 0.0193667
Frob norm 2 after updating B : 0.011843
Iteration number -------- 70  -----------
lambda : 1.41078
max_diff => 4.999e-08
performed mixing
Frob norm 1 after updating U: 0.0118393
200 iterations
f(b) = 0.0184913
Frob norm 2 after updating B : 0.0118195
Iteration number -------- 71  -----------
lambda : 1.41783
max_diff => 4.999e-08
performed mixing
Frob norm 1 after updating U: 0.0118209
200 iterations
f(b) = 0.0242854
Frob norm 2 after updating B : 0.0117399
Iteration number -------- 72  -----------
lambda : 1.42492
max_diff => 4.999e-08
performed mixing
Frob norm 1 after updating U: 0.0117383
200 iterations
f(b) = 0.0206257
Frob norm 2 after updating B : 0.011742
Iteration number -------- 73  -----------
lambda : 1.43204
max_diff => 4.999e-08
performed mixing
Frob norm 1 after updating U: 0.0117394
200 iterations
f(b) = 0.0175961
Frob norm 2 after updating B : 0.0117905
Iteration number -------- 74  -----------
lambda : 1.4392
max_diff => 4.999e-08
performed mixing
Frob norm 1 after updating U: 0.0117884
200 iterations
f(b) = 0.0199901
Frob norm 2 after updating B : 0.0117603
Iteration number -------- 75  -----------
lambda : 1.4464
max_diff => 4.999e-08
performed mixing
Frob norm 1 after updating U: 0.011758
200 iterations
f(b) = 0.0204854
Frob norm 2 after updating B : 0.0118075
Iteration number -------- 76  -----------
lambda : 1.45363
max_diff => 4.999e-08
performed mixing
Frob norm 1 after updating U: 0.0118076
200 iterations
f(b) = 0.02192
Frob norm 2 after updating B : 0.0117964
Iteration number -------- 77  -----------
lambda : 1.4609
max_diff => 4.999e-08
performed mixing
Frob norm 1 after updating U: 0.0117951
200 iterations
f(b) = 0.0220801
Frob norm 2 after updating B : 0.011719
Iteration number -------- 78  -----------
lambda : 1.46821
max_diff => 4.999e-08
performed mixing
Frob norm 1 after updating U: 0.0117155
200 iterations
f(b) = 0.0226306
Frob norm 2 after updating B : 0.0118244
Iteration number -------- 79  -----------
lambda : 1.47555
max_diff => 4.999e-08
performed mixing
Frob norm 1 after updating U: 0.0118176
200 iterations
f(b) = 0.0220858
Frob norm 2 after updating B : 0.0117717
Iteration number -------- 80  -----------
lambda : 1.48292
max_diff => 4.999e-08
performed mixing
Frob norm 1 after updating U: 0.0117726
200 iterations
f(b) = 0.017154
Frob norm 2 after updating B : 0.0118312
Iteration number -------- 81  -----------
lambda : 1.49034
max_diff => 4.999e-08
performed mixing
Frob norm 1 after updating U: 0.0118272
200 iterations
f(b) = 0.0208353
Frob norm 2 after updating B : 0.0118111
Iteration number -------- 82  -----------
lambda : 1.49779
max_diff => 4.999e-08
performed mixing
Frob norm 1 after updating U: 0.0118045
200 iterations
f(b) = 0.022192
Frob norm 2 after updating B : 0.0117151
Iteration number -------- 83  -----------
lambda : 1.50528
max_diff => 4.999e-08
performed mixing
Frob norm 1 after updating U: 0.0117149
200 iterations
f(b) = 0.0221238
Frob norm 2 after updating B : 0.0117923
Iteration number -------- 84  -----------
lambda : 1.51281
max_diff => 4.999e-08
performed mixing
Frob norm 1 after updating U: 0.0117908
200 iterations
f(b) = 0.0230707
Frob norm 2 after updating B : 0.0117988
Iteration number -------- 85  -----------
lambda : 1.52037
max_diff => 4.999e-08
performed mixing
Frob norm 1 after updating U: 0.0117918
200 iterations
f(b) = 0.0206522
Frob norm 2 after updating B : 0.011906
Iteration number -------- 86  -----------
lambda : 1.52797
max_diff => 4.999e-08
performed mixing
Frob norm 1 after updating U: 0.011898
200 iterations
f(b) = 0.0223657
Frob norm 2 after updating B : 0.0117241
Iteration number -------- 87  -----------
lambda : 1.53561
max_diff => 4.999e-08
performed mixing
Frob norm 1 after updating U: 0.0117247
200 iterations
f(b) = 0.0238328
Frob norm 2 after updating B : 0.011749
Iteration number -------- 88  -----------
lambda : 1.54329
max_diff => 4.999e-08
performed mixing
Frob norm 1 after updating U: 0.0117452
200 iterations
f(b) = 0.0185824
Frob norm 2 after updating B : 0.0118135
Iteration number -------- 89  -----------
lambda : 1.55101
max_diff => 4.999e-08
performed mixing
Frob norm 1 after updating U: 0.0118106
200 iterations
f(b) = 0.0318454
Frob norm 2 after updating B : 0.011716
Iteration number -------- 90  -----------
lambda : 1.55876
max_diff => 4.999e-08
performed mixing
Frob norm 1 after updating U: 0.0117151
200 iterations
f(b) = 0.0241432
Frob norm 2 after updating B : 0.0117564
Iteration number -------- 91  -----------
lambda : 1.56655
max_diff => 4.999e-08
performed mixing
Frob norm 1 after updating U: 0.0117545
200 iterations
f(b) = 0.0231062
Frob norm 2 after updating B : 0.0117423
Iteration number -------- 92  -----------
lambda : 1.57439
max_diff => 4.999e-08
performed mixing
Frob norm 1 after updating U: 0.0117418
200 iterations
f(b) = 0.0252285
Frob norm 2 after updating B : 0.0117796
Iteration number -------- 93  -----------
lambda : 1.58226
max_diff => 4.999e-08
performed mixing
Frob norm 1 after updating U: 0.011773
200 iterations
f(b) = 0.023919
Frob norm 2 after updating B : 0.0118762
Iteration number -------- 94  -----------
lambda : 1.59017
max_diff => 4.999e-08
performed mixing
Frob norm 1 after updating U: 0.0118682
200 iterations
f(b) = 0.0239175
Frob norm 2 after updating B : 0.011845
Iteration number -------- 95  -----------
lambda : 1.59812
max_diff => 4.999e-08
performed mixing
Frob norm 1 after updating U: 0.0118441
200 iterations
f(b) = 0.0255465
Frob norm 2 after updating B : 0.0118958
Iteration number -------- 96  -----------
lambda : 1.60611
max_diff => 4.999e-08
performed mixing
Frob norm 1 after updating U: 0.0118839
200 iterations
f(b) = 0.0239232
Frob norm 2 after updating B : 0.0117392
Iteration number -------- 97  -----------
lambda : 1.61414
max_diff => 4.999e-08
performed mixing
Frob norm 1 after updating U: 0.0117357
200 iterations
f(b) = 0.0252481
Frob norm 2 after updating B : 0.0118987
Iteration number -------- 98  -----------
lambda : 1.62221
max_diff => 4.999e-08
performed mixing
Frob norm 1 after updating U: 0.0118901
200 iterations
f(b) = 0.0226304
Frob norm 2 after updating B : 0.0119172
Iteration number -------- 99  -----------
lambda : 1.63032
max_diff => 4.999e-08
performed mixing
Frob norm 1 after updating U: 0.0119131
200 iterations
f(b) = 0.0224346
Frob norm 2 after updating B : 0.0118037
Iteration number -------- 100  -----------
lambda : 1.63848
max_diff => 4.999e-08
