Academic license - for non-commercial use only
Frob norm 1 after updating U: 10.8302
200 iterations
f(b) = 80.8719
Frob norm 2 after updating B : 8.21937
Iteration number -------- 1  -----------
lambda : 1
max_diff => 0.116958
performed mixing
Frob norm 1 after updating U: 6.57391
200 iterations
f(b) = 69.4306
Frob norm 2 after updating B : 7.67553
Iteration number -------- 2  -----------
lambda : 1.005
max_diff => 0.105073
performed mixing
Frob norm 1 after updating U: 5.7585
200 iterations
f(b) = 57.6186
Frob norm 2 after updating B : 7.0321
Iteration number -------- 3  -----------
lambda : 1.01002
max_diff => 0.115169
performed mixing
Frob norm 1 after updating U: 5.22403
200 iterations
f(b) = 49.2508
Frob norm 2 after updating B : 6.44745
Iteration number -------- 4  -----------
lambda : 1.01508
max_diff => 0.121593
performed mixing
Frob norm 1 after updating U: 5.03497
200 iterations
f(b) = 43.158
Frob norm 2 after updating B : 5.98059
Iteration number -------- 5  -----------
lambda : 1.02015
max_diff => 0.124551
performed mixing
Frob norm 1 after updating U: 4.8864
200 iterations
f(b) = 38.7124
Frob norm 2 after updating B : 5.62085
Iteration number -------- 6  -----------
lambda : 1.02525
max_diff => 0.124419
performed mixing
Frob norm 1 after updating U: 4.7648
200 iterations
f(b) = 35.4468
Frob norm 2 after updating B : 5.33816
Iteration number -------- 7  -----------
lambda : 1.03038
max_diff => 0.122793
performed mixing
Frob norm 1 after updating U: 4.70866
200 iterations
f(b) = 32.9968
Frob norm 2 after updating B : 5.13413
Iteration number -------- 8  -----------
lambda : 1.03553
max_diff => 0.117956
performed mixing
Frob norm 1 after updating U: 4.63356
200 iterations
f(b) = 31.1398
Frob norm 2 after updating B : 4.97201
Iteration number -------- 9  -----------
lambda : 1.04071
max_diff => 0.113337
performed mixing
Frob norm 1 after updating U: 4.5868
200 iterations
f(b) = 29.565
Frob norm 2 after updating B : 4.83158
Iteration number -------- 10  -----------
lambda : 1.04591
max_diff => 0.10069
performed mixing
Frob norm 1 after updating U: 4.44848
200 iterations
f(b) = 25.8598
Frob norm 2 after updating B : 4.50812
Iteration number -------- 11  -----------
lambda : 1.05114
max_diff => 0.0850428
performed mixing
Frob norm 1 after updating U: 4.07782
200 iterations
f(b) = 24.5515
Frob norm 2 after updating B : 4.36127
Iteration number -------- 12  -----------
lambda : 1.0564
max_diff => 0.0849637
performed mixing
Frob norm 1 after updating U: 4.07762
200 iterations
f(b) = 23.7181
Frob norm 2 after updating B : 4.26432
Iteration number -------- 13  -----------
lambda : 1.06168
max_diff => 0.0846205
performed mixing
Frob norm 1 after updating U: 4.07634
200 iterations
f(b) = 22.9469
Frob norm 2 after updating B : 4.20801
Iteration number -------- 14  -----------
lambda : 1.06699
max_diff => 0.0790765
performed mixing
Frob norm 1 after updating U: 4.05671
200 iterations
f(b) = 22.3802
Frob norm 2 after updating B : 4.18263
Iteration number -------- 15  -----------
lambda : 1.07232
max_diff => 0.0682082
performed mixing
Frob norm 1 after updating U: 4.03259
200 iterations
f(b) = 21.9113
Frob norm 2 after updating B : 4.13126
Iteration number -------- 16  -----------
lambda : 1.07768
max_diff => 0.067926
performed mixing
Frob norm 1 after updating U: 4.03286
200 iterations
f(b) = 21.6536
Frob norm 2 after updating B : 4.0979
Iteration number -------- 17  -----------
lambda : 1.08307
max_diff => 0.0675799
performed mixing
Frob norm 1 after updating U: 4.03301
200 iterations
f(b) = 21.1678
Frob norm 2 after updating B : 4.10658
Iteration number -------- 18  -----------
lambda : 1.08849
max_diff => 0.0617196
performed mixing
Frob norm 1 after updating U: 4.02386
200 iterations
f(b) = 20.9751
Frob norm 2 after updating B : 4.07863
Iteration number -------- 19  -----------
lambda : 1.09393
max_diff => 0.0617194
performed mixing
Frob norm 1 after updating U: 4.0238
200 iterations
f(b) = 20.744
Frob norm 2 after updating B : 4.06426
Iteration number -------- 20  -----------
lambda : 1.0994
max_diff => 0.0620187
performed mixing
Frob norm 1 after updating U: 4.02076
200 iterations
f(b) = 20.6685
Frob norm 2 after updating B : 4.049
Iteration number -------- 21  -----------
lambda : 1.1049
max_diff => 0.0620271
performed mixing
Frob norm 1 after updating U: 4.02048
200 iterations
f(b) = 20.6096
Frob norm 2 after updating B : 4.03913
Iteration number -------- 22  -----------
lambda : 1.11042
max_diff => 0.0620458
performed mixing
Frob norm 1 after updating U: 4.02022
200 iterations
f(b) = 20.5675
Frob norm 2 after updating B : 4.03238
Iteration number -------- 23  -----------
lambda : 1.11597
max_diff => 0.0620638
performed mixing
Frob norm 1 after updating U: 4.01969
200 iterations
f(b) = 20.5119
Frob norm 2 after updating B : 4.02679
Iteration number -------- 24  -----------
lambda : 1.12155
max_diff => 0.0622015
performed mixing
Frob norm 1 after updating U: 4.01666
200 iterations
f(b) = 20.4093
Frob norm 2 after updating B : 4.02981
Iteration number -------- 25  -----------
lambda : 1.12716
max_diff => 0.0625001
performed mixing
Frob norm 1 after updating U: 4.00083
200 iterations
f(b) = 20.3793
Frob norm 2 after updating B : 4.01913
Iteration number -------- 26  -----------
lambda : 1.1328
max_diff => 0.0625001
performed mixing
Frob norm 1 after updating U: 4.00013
200 iterations
f(b) = 18.9262
Frob norm 2 after updating B : 3.88175
Iteration number -------- 27  -----------
lambda : 1.13846
max_diff => 0.070121
performed mixing
Frob norm 1 after updating U: 3.5305
200 iterations
f(b) = 16.9144
Frob norm 2 after updating B : 3.65989
Iteration number -------- 28  -----------
lambda : 1.14415
max_diff => 0.0622198
performed mixing
Frob norm 1 after updating U: 3.45059
200 iterations
f(b) = 16.4202
Frob norm 2 after updating B : 3.5846
Iteration number -------- 29  -----------
lambda : 1.14987
max_diff => 0.0622241
performed mixing
Frob norm 1 after updating U: 3.446
200 iterations
f(b) = 15.0574
Frob norm 2 after updating B : 3.41832
Iteration number -------- 30  -----------
lambda : 1.15562
max_diff => 0.062482
performed mixing
Frob norm 1 after updating U: 3.2735
200 iterations
f(b) = 14.5641
Frob norm 2 after updating B : 3.37265
Iteration number -------- 31  -----------
lambda : 1.1614
max_diff => 0.0624707
performed mixing
Frob norm 1 after updating U: 3.27108
200 iterations
f(b) = 14.219
Frob norm 2 after updating B : 3.34267
Iteration number -------- 32  -----------
lambda : 1.16721
max_diff => 0.0623931
performed mixing
Frob norm 1 after updating U: 3.26257
200 iterations
f(b) = 14.0615
Frob norm 2 after updating B : 3.31406
Iteration number -------- 33  -----------
lambda : 1.17304
max_diff => 0.0623793
performed mixing
Frob norm 1 after updating U: 3.26119
200 iterations
f(b) = 13.7815
Frob norm 2 after updating B : 3.29724
Iteration number -------- 34  -----------
lambda : 1.17891
max_diff => 0.0619989
performed mixing
Frob norm 1 after updating U: 3.2463
200 iterations
f(b) = 13.7097
Frob norm 2 after updating B : 3.2785
Iteration number -------- 35  -----------
lambda : 1.1848
max_diff => 0.0619755
performed mixing
Frob norm 1 after updating U: 3.24515
200 iterations
f(b) = 13.6426
Frob norm 2 after updating B : 3.26573
Iteration number -------- 36  -----------
lambda : 1.19073
max_diff => 0.0619395
performed mixing
Frob norm 1 after updating U: 3.24362
200 iterations
f(b) = 13.0145
Frob norm 2 after updating B : 3.2299
Iteration number -------- 37  -----------
lambda : 1.19668
max_diff => 0.0636296
performed mixing
Frob norm 1 after updating U: 3.11699
200 iterations
f(b) = 12.5766
Frob norm 2 after updating B : 3.18471
Iteration number -------- 38  -----------
lambda : 1.20266
max_diff => 0.0623399
performed mixing
Frob norm 1 after updating U: 3.11351
200 iterations
f(b) = 12.3685
Frob norm 2 after updating B : 3.1578
Iteration number -------- 39  -----------
lambda : 1.20868
max_diff => 0.062356
performed mixing
Frob norm 1 after updating U: 3.11281
200 iterations
f(b) = 12.2876
Frob norm 2 after updating B : 3.14215
Iteration number -------- 40  -----------
lambda : 1.21472
max_diff => 0.0623608
performed mixing
Frob norm 1 after updating U: 3.11316
200 iterations
f(b) = 12.2349
Frob norm 2 after updating B : 3.13199
Iteration number -------- 41  -----------
lambda : 1.22079
max_diff => 0.0623634
performed mixing
Frob norm 1 after updating U: 3.1133
200 iterations
f(b) = 12.2062
Frob norm 2 after updating B : 3.12569
Iteration number -------- 42  -----------
lambda : 1.2269
max_diff => 0.0623695
performed mixing
Frob norm 1 after updating U: 3.11358
200 iterations
f(b) = 12.1856
Frob norm 2 after updating B : 3.12164
Iteration number -------- 43  -----------
lambda : 1.23303
max_diff => 0.0623756
performed mixing
Frob norm 1 after updating U: 3.11376
200 iterations
f(b) = 12.1759
Frob norm 2 after updating B : 3.11956
Iteration number -------- 44  -----------
lambda : 1.2392
max_diff => 0.0623902
performed mixing
Frob norm 1 after updating U: 3.11433
200 iterations
f(b) = 12.1783
Frob norm 2 after updating B : 3.11804
Iteration number -------- 45  -----------
lambda : 1.24539
max_diff => 0.0623969
performed mixing
Frob norm 1 after updating U: 3.11461
200 iterations
f(b) = 12.1859
Frob norm 2 after updating B : 3.11707
Iteration number -------- 46  -----------
lambda : 1.25162
max_diff => 0.0624016
performed mixing
Frob norm 1 after updating U: 3.11483
200 iterations
f(b) = 12.186
Frob norm 2 after updating B : 3.11657
Iteration number -------- 47  -----------
lambda : 1.25788
max_diff => 0.0624101
performed mixing
Frob norm 1 after updating U: 3.11507
200 iterations
f(b) = 12.1969
Frob norm 2 after updating B : 3.11648
Iteration number -------- 48  -----------
lambda : 1.26417
max_diff => 0.0624171
performed mixing
Frob norm 1 after updating U: 3.11547
200 iterations
f(b) = 12.1946
Frob norm 2 after updating B : 3.11666
Iteration number -------- 49  -----------
lambda : 1.27049
max_diff => 0.0624227
performed mixing
Frob norm 1 after updating U: 3.11596
200 iterations
f(b) = 12.2075
Frob norm 2 after updating B : 3.11674
Iteration number -------- 50  -----------
lambda : 1.27684
max_diff => 0.0624293
performed mixing
Frob norm 1 after updating U: 3.11625
200 iterations
f(b) = 12.2186
Frob norm 2 after updating B : 3.1171
Iteration number -------- 51  -----------
lambda : 1.28323
max_diff => 0.0624349
performed mixing
Frob norm 1 after updating U: 3.11675
200 iterations
f(b) = 12.2212
Frob norm 2 after updating B : 3.11744
Iteration number -------- 52  -----------
lambda : 1.28964
max_diff => 0.0624404
performed mixing
Frob norm 1 after updating U: 3.11718
200 iterations
f(b) = 12.2316
Frob norm 2 after updating B : 3.11805
Iteration number -------- 53  -----------
lambda : 1.29609
max_diff => 0.0624501
performed mixing
Frob norm 1 after updating U: 3.11784
200 iterations
f(b) = 12.2345
Frob norm 2 after updating B : 3.11905
Iteration number -------- 54  -----------
lambda : 1.30257
max_diff => 0.0624627
performed mixing
Frob norm 1 after updating U: 3.11885
200 iterations
f(b) = 12.249
Frob norm 2 after updating B : 3.11943
Iteration number -------- 55  -----------
lambda : 1.30908
max_diff => 0.0624673
performed mixing
Frob norm 1 after updating U: 3.11927
200 iterations
f(b) = 12.2272
Frob norm 2 after updating B : 3.12036
Iteration number -------- 56  -----------
lambda : 1.31563
max_diff => 0.0624776
performed mixing
Frob norm 1 after updating U: 3.12017
200 iterations
f(b) = 12.2582
Frob norm 2 after updating B : 3.12133
Iteration number -------- 57  -----------
lambda : 1.32221
max_diff => 0.0624839
performed mixing
Frob norm 1 after updating U: 3.12115
200 iterations
f(b) = 12.2632
Frob norm 2 after updating B : 3.12181
Iteration number -------- 58  -----------
lambda : 1.32882
max_diff => 0.0624863
performed mixing
Frob norm 1 after updating U: 3.12167
200 iterations
f(b) = 12.2729
Frob norm 2 after updating B : 3.12244
Iteration number -------- 59  -----------
lambda : 1.33546
max_diff => 0.062489
performed mixing
Frob norm 1 after updating U: 3.12232
200 iterations
f(b) = 12.2859
Frob norm 2 after updating B : 3.12295
Iteration number -------- 60  -----------
lambda : 1.34214
max_diff => 0.0624909
performed mixing
Frob norm 1 after updating U: 3.12285
200 iterations
f(b) = 12.2977
Frob norm 2 after updating B : 3.12335
Iteration number -------- 61  -----------
lambda : 1.34885
max_diff => 0.0624927
performed mixing
Frob norm 1 after updating U: 3.12326
200 iterations
f(b) = 12.2575
Frob norm 2 after updating B : 3.12493
Iteration number -------- 62  -----------
lambda : 1.35559
max_diff => 0.0624991
performed mixing
Frob norm 1 after updating U: 3.12475
200 iterations
f(b) = 12.2629
Frob norm 2 after updating B : 3.12746
Iteration number -------- 63  -----------
lambda : 1.36237
max_diff => 0.0624997
performed mixing
Frob norm 1 after updating U: 3.12716
200 iterations
f(b) = 12.296
Frob norm 2 after updating B : 3.12819
Iteration number -------- 64  -----------
lambda : 1.36918
max_diff => 0.062499
performed mixing
Frob norm 1 after updating U: 3.12796
200 iterations
f(b) = 12.295
Frob norm 2 after updating B : 3.12886
Iteration number -------- 65  -----------
lambda : 1.37603
max_diff => 0.0624981
performed mixing
Frob norm 1 after updating U: 3.12868
200 iterations
f(b) = 12.3105
Frob norm 2 after updating B : 3.12936
Iteration number -------- 66  -----------
lambda : 1.38291
max_diff => 0.062497
performed mixing
Frob norm 1 after updating U: 3.12922
200 iterations
f(b) = 12.3162
Frob norm 2 after updating B : 3.13001
Iteration number -------- 67  -----------
lambda : 1.38982
max_diff => 0.062494
performed mixing
Frob norm 1 after updating U: 3.12987
200 iterations
f(b) = 12.3264
Frob norm 2 after updating B : 3.13063
Iteration number -------- 68  -----------
lambda : 1.39677
max_diff => 0.0624912
performed mixing
Frob norm 1 after updating U: 3.13051
200 iterations
f(b) = 12.3226
Frob norm 2 after updating B : 3.13133
Iteration number -------- 69  -----------
lambda : 1.40376
max_diff => 0.062487
performed mixing
Frob norm 1 after updating U: 3.13121
200 iterations
f(b) = 12.3394
Frob norm 2 after updating B : 3.13177
Iteration number -------- 70  -----------
lambda : 1.41078
max_diff => 0.0624841
performed mixing
Frob norm 1 after updating U: 3.13167
200 iterations
f(b) = 12.3425
Frob norm 2 after updating B : 3.13229
Iteration number -------- 71  -----------
lambda : 1.41783
max_diff => 0.0624811
performed mixing
Frob norm 1 after updating U: 3.13221
200 iterations
f(b) = 12.3538
Frob norm 2 after updating B : 3.13324
Iteration number -------- 72  -----------
lambda : 1.42492
max_diff => 0.0624733
performed mixing
Frob norm 1 after updating U: 3.13314
200 iterations
f(b) = 12.3559
Frob norm 2 after updating B : 3.13392
Iteration number -------- 73  -----------
lambda : 1.43204
max_diff => 0.0624674
performed mixing
Frob norm 1 after updating U: 3.13382
200 iterations
f(b) = 12.3594
Frob norm 2 after updating B : 3.13588
Iteration number -------- 74  -----------
lambda : 1.4392
max_diff => 0.0624507
performed mixing
Frob norm 1 after updating U: 3.13574
200 iterations
f(b) = 12.3713
Frob norm 2 after updating B : 3.13644
Iteration number -------- 75  -----------
lambda : 1.4464
max_diff => 0.0624451
performed mixing
Frob norm 1 after updating U: 3.13632
200 iterations
f(b) = 12.3611
Frob norm 2 after updating B : 3.1377
Iteration number -------- 76  -----------
lambda : 1.45363
max_diff => 0.0624319
performed mixing
Frob norm 1 after updating U: 3.13756
200 iterations
f(b) = 12.3756
Frob norm 2 after updating B : 3.13841
Iteration number -------- 77  -----------
lambda : 1.4609
max_diff => 0.0624223
performed mixing
Frob norm 1 after updating U: 3.13829
200 iterations
f(b) = 12.3782
Frob norm 2 after updating B : 3.13942
Iteration number -------- 78  -----------
lambda : 1.46821
max_diff => 0.0624098
performed mixing
Frob norm 1 after updating U: 3.1393
200 iterations
f(b) = 12.3597
Frob norm 2 after updating B : 3.14033
Iteration number -------- 79  -----------
lambda : 1.47555
max_diff => 0.062396
performed mixing
Frob norm 1 after updating U: 3.14021
200 iterations
f(b) = 12.39
Frob norm 2 after updating B : 3.14155
Iteration number -------- 80  -----------
lambda : 1.48292
max_diff => 0.0623813
performed mixing
Frob norm 1 after updating U: 3.14142
200 iterations
f(b) = 12.3871
Frob norm 2 after updating B : 3.14286
Iteration number -------- 81  -----------
lambda : 1.49034
max_diff => 0.0623612
performed mixing
Frob norm 1 after updating U: 3.14271
200 iterations
f(b) = 12.4029
Frob norm 2 after updating B : 3.14389
Iteration number -------- 82  -----------
lambda : 1.49779
max_diff => 0.062348
performed mixing
Frob norm 1 after updating U: 3.14376
200 iterations
f(b) = 12.3878
Frob norm 2 after updating B : 3.14595
Iteration number -------- 83  -----------
lambda : 1.50528
max_diff => 0.0623129
performed mixing
Frob norm 1 after updating U: 3.14576
200 iterations
f(b) = 12.3557
Frob norm 2 after updating B : 3.15093
Iteration number -------- 84  -----------
lambda : 1.51281
max_diff => 0.0622126
performed mixing
Frob norm 1 after updating U: 3.15042
200 iterations
f(b) = 12.3772
Frob norm 2 after updating B : 3.15137
Iteration number -------- 85  -----------
lambda : 1.52037
max_diff => 0.0622003
performed mixing
Frob norm 1 after updating U: 3.15101
200 iterations
f(b) = 12.3844
Frob norm 2 after updating B : 3.1516
Iteration number -------- 86  -----------
lambda : 1.52797
max_diff => 0.0621897
performed mixing
Frob norm 1 after updating U: 3.15134
200 iterations
f(b) = 12.3867
Frob norm 2 after updating B : 3.15185
Iteration number -------- 87  -----------
lambda : 1.53561
max_diff => 0.0621735
performed mixing
Frob norm 1 after updating U: 3.15165
200 iterations
f(b) = 12.3959
Frob norm 2 after updating B : 3.15224
Iteration number -------- 88  -----------
lambda : 1.54329
max_diff => 0.0621471
performed mixing
Frob norm 1 after updating U: 3.15207
200 iterations
f(b) = 12.4089
Frob norm 2 after updating B : 3.15272
Iteration number -------- 89  -----------
lambda : 1.55101
max_diff => 0.062129
performed mixing
Frob norm 1 after updating U: 3.15258
200 iterations
f(b) = 12.4048
Frob norm 2 after updating B : 3.15332
Iteration number -------- 90  -----------
lambda : 1.55876
max_diff => 0.0621086
performed mixing
Frob norm 1 after updating U: 3.15319
200 iterations
f(b) = 12.4134
Frob norm 2 after updating B : 3.15387
Iteration number -------- 91  -----------
lambda : 1.56655
max_diff => 0.0620818
performed mixing
Frob norm 1 after updating U: 3.15376
200 iterations
f(b) = 12.4355
Frob norm 2 after updating B : 3.15442
Iteration number -------- 92  -----------
lambda : 1.57439
max_diff => 0.0620622
performed mixing
Frob norm 1 after updating U: 3.15433
200 iterations
f(b) = 12.4342
Frob norm 2 after updating B : 3.15491
Iteration number -------- 93  -----------
lambda : 1.58226
max_diff => 0.0620417
performed mixing
Frob norm 1 after updating U: 3.15482
200 iterations
f(b) = 12.3538
Frob norm 2 after updating B : 3.16065
Iteration number -------- 94  -----------
lambda : 1.59017
max_diff => 0.0618201
performed mixing
Frob norm 1 after updating U: 3.16007
200 iterations
f(b) = 12.4157
Frob norm 2 after updating B : 3.1607
Iteration number -------- 95  -----------
lambda : 1.59812
max_diff => 0.0617956
performed mixing
Frob norm 1 after updating U: 3.16028
200 iterations
f(b) = 12.4255
Frob norm 2 after updating B : 3.16079
Iteration number -------- 96  -----------
lambda : 1.60611
max_diff => 0.0617666
performed mixing
Frob norm 1 after updating U: 3.16048
200 iterations
f(b) = 12.443
Frob norm 2 after updating B : 3.16081
Iteration number -------- 97  -----------
lambda : 1.61414
max_diff => 0.0617563
performed mixing
Frob norm 1 after updating U: 3.1606
200 iterations
f(b) = 12.4452
Frob norm 2 after updating B : 3.16107
Iteration number -------- 98  -----------
lambda : 1.62221
max_diff => 0.0617393
performed mixing
Frob norm 1 after updating U: 3.16089
200 iterations
f(b) = 12.4644
Frob norm 2 after updating B : 3.16125
Iteration number -------- 99  -----------
lambda : 1.63032
max_diff => 0.0617445
performed mixing
Frob norm 1 after updating U: 3.16112
200 iterations
f(b) = 12.4821
Frob norm 2 after updating B : 3.16134
Iteration number -------- 100  -----------
lambda : 1.63848
max_diff => 0.0617496
