Academic license - for non-commercial use only
Frob norm 1 after updating U: 12.1123
200 iterations
f(b) = 68.2281
Frob norm 2 after updating B : 7.98626
Iteration number -------- 1  -----------
lambda : 1
max_diff => 0.0637088
performed mixing
Frob norm 1 after updating U: 7.22997
200 iterations
f(b) = 63.6228
Frob norm 2 after updating B : 7.7255
Iteration number -------- 2  -----------
lambda : 1.005
max_diff => 0.062496
performed mixing
Frob norm 1 after updating U: 7.11522
200 iterations
f(b) = 58.7509
Frob norm 2 after updating B : 7.41907
Iteration number -------- 3  -----------
lambda : 1.01002
max_diff => 0.064598
performed mixing
Frob norm 1 after updating U: 6.69586
200 iterations
f(b) = 53.3544
Frob norm 2 after updating B : 7.01388
Iteration number -------- 4  -----------
lambda : 1.01508
max_diff => 0.239635
performed mixing
Frob norm 1 after updating U: 6.25369
200 iterations
f(b) = 49.6024
Frob norm 2 after updating B : 6.73609
Iteration number -------- 5  -----------
lambda : 1.02015
max_diff => 0.234864
performed mixing
Frob norm 1 after updating U: 6.13869
200 iterations
f(b) = 46.7784
Frob norm 2 after updating B : 6.52052
Iteration number -------- 6  -----------
lambda : 1.02525
max_diff => 0.231119
performed mixing
Frob norm 1 after updating U: 6.06402
200 iterations
f(b) = 44.6658
Frob norm 2 after updating B : 6.35469
Iteration number -------- 7  -----------
lambda : 1.03038
max_diff => 0.22116
performed mixing
Frob norm 1 after updating U: 6.00136
200 iterations
f(b) = 43.0688
Frob norm 2 after updating B : 6.22745
Iteration number -------- 8  -----------
lambda : 1.03553
max_diff => 0.203745
performed mixing
Frob norm 1 after updating U: 5.94802
200 iterations
f(b) = 41.845
Frob norm 2 after updating B : 6.12844
Iteration number -------- 9  -----------
lambda : 1.04071
max_diff => 0.182532
performed mixing
Frob norm 1 after updating U: 5.9116
200 iterations
f(b) = 40.9042
Frob norm 2 after updating B : 6.05206
Iteration number -------- 10  -----------
lambda : 1.04591
max_diff => 0.160981
performed mixing
Frob norm 1 after updating U: 5.88105
200 iterations
f(b) = 40.1602
Frob norm 2 after updating B : 5.99314
Iteration number -------- 11  -----------
lambda : 1.05114
max_diff => 0.1336
performed mixing
Frob norm 1 after updating U: 5.85381
200 iterations
f(b) = 39.5655
Frob norm 2 after updating B : 5.9442
Iteration number -------- 12  -----------
lambda : 1.0564
max_diff => 0.127788
performed mixing
Frob norm 1 after updating U: 5.84807
200 iterations
f(b) = 39.1172
Frob norm 2 after updating B : 5.91166
Iteration number -------- 13  -----------
lambda : 1.06168
max_diff => 0.0926809
performed mixing
Frob norm 1 after updating U: 5.81669
200 iterations
f(b) = 38.7132
Frob norm 2 after updating B : 5.87859
Iteration number -------- 14  -----------
lambda : 1.06699
max_diff => 0.0843342
performed mixing
Frob norm 1 after updating U: 5.80142
200 iterations
f(b) = 38.384
Frob norm 2 after updating B : 5.85381
Iteration number -------- 15  -----------
lambda : 1.07232
max_diff => 0.0819949
performed mixing
Frob norm 1 after updating U: 5.78852
200 iterations
f(b) = 38.0989
Frob norm 2 after updating B : 5.83373
Iteration number -------- 16  -----------
lambda : 1.07768
max_diff => 0.0787882
performed mixing
Frob norm 1 after updating U: 5.77738
200 iterations
f(b) = 37.8852
Frob norm 2 after updating B : 5.81439
Iteration number -------- 17  -----------
lambda : 1.08307
max_diff => 0.0780356
performed mixing
Frob norm 1 after updating U: 5.77156
200 iterations
f(b) = 37.6952
Frob norm 2 after updating B : 5.80121
Iteration number -------- 18  -----------
lambda : 1.08849
max_diff => 0.0742305
performed mixing
Frob norm 1 after updating U: 5.76107
200 iterations
f(b) = 37.5715
Frob norm 2 after updating B : 5.78697
Iteration number -------- 19  -----------
lambda : 1.09393
max_diff => 0.0740619
performed mixing
Frob norm 1 after updating U: 5.76074
200 iterations
f(b) = 37.412
Frob norm 2 after updating B : 5.77726
Iteration number -------- 20  -----------
lambda : 1.0994
max_diff => 0.0714242
performed mixing
Frob norm 1 after updating U: 5.74827
200 iterations
f(b) = 37.3021
Frob norm 2 after updating B : 5.76732
Iteration number -------- 21  -----------
lambda : 1.1049
max_diff => 0.0699175
performed mixing
Frob norm 1 after updating U: 5.74537
200 iterations
f(b) = 37.1931
Frob norm 2 after updating B : 5.75856
Iteration number -------- 22  -----------
lambda : 1.11042
max_diff => 0.0674529
performed mixing
Frob norm 1 after updating U: 5.73441
200 iterations
f(b) = 37.0957
Frob norm 2 after updating B : 5.74776
Iteration number -------- 23  -----------
lambda : 1.11597
max_diff => 0.0652271
performed mixing
Frob norm 1 after updating U: 5.72373
200 iterations
f(b) = 36.9947
Frob norm 2 after updating B : 5.73705
Iteration number -------- 24  -----------
lambda : 1.12155
max_diff => 0.0642007
performed mixing
Frob norm 1 after updating U: 5.71271
200 iterations
f(b) = 36.8823
Frob norm 2 after updating B : 5.72367
Iteration number -------- 25  -----------
lambda : 1.12716
max_diff => 0.0633787
performed mixing
Frob norm 1 after updating U: 5.69966
200 iterations
f(b) = 36.7539
Frob norm 2 after updating B : 5.70716
Iteration number -------- 26  -----------
lambda : 1.1328
max_diff => 0.0627462
performed mixing
Frob norm 1 after updating U: 5.67865
200 iterations
f(b) = 36.5954
Frob norm 2 after updating B : 5.68492
Iteration number -------- 27  -----------
lambda : 1.13846
max_diff => 0.0629981
performed mixing
Frob norm 1 after updating U: 5.65174
200 iterations
f(b) = 36.2199
Frob norm 2 after updating B : 5.6128
Iteration number -------- 28  -----------
lambda : 1.14415
max_diff => 0.0898921
performed mixing
Frob norm 1 after updating U: 5.44032
200 iterations
f(b) = 35.1245
Frob norm 2 after updating B : 5.48955
Iteration number -------- 29  -----------
lambda : 1.14987
max_diff => 0.121014
performed mixing
Frob norm 1 after updating U: 5.02993
200 iterations
f(b) = 32.3536
Frob norm 2 after updating B : 5.26441
Iteration number -------- 30  -----------
lambda : 1.15562
max_diff => 0.108029
performed mixing
Frob norm 1 after updating U: 4.19035
200 iterations
f(b) = 27.3312
Frob norm 2 after updating B : 4.96483
Iteration number -------- 31  -----------
lambda : 1.1614
max_diff => 0.131116
performed mixing
Frob norm 1 after updating U: 3.08179
200 iterations
f(b) = 22.0153
Frob norm 2 after updating B : 4.43658
Iteration number -------- 32  -----------
lambda : 1.16721
max_diff => 0.155288
performed mixing
Frob norm 1 after updating U: 2.85022
200 iterations
f(b) = 18.1825
Frob norm 2 after updating B : 4.0216
Iteration number -------- 33  -----------
lambda : 1.17304
max_diff => 0.18376
performed mixing
Frob norm 1 after updating U: 2.65534
200 iterations
f(b) = 13.9396
Frob norm 2 after updating B : 3.47896
Iteration number -------- 34  -----------
lambda : 1.17891
max_diff => 0.175073
performed mixing
Frob norm 1 after updating U: 1.43224
200 iterations
f(b) = 10.0698
Frob norm 2 after updating B : 2.9745
Iteration number -------- 35  -----------
lambda : 1.1848
max_diff => 0.0219029
performed mixing
Frob norm 1 after updating U: 0.590185
200 iterations
f(b) = 7.37106
Frob norm 2 after updating B : 2.42642
Iteration number -------- 36  -----------
lambda : 1.19073
max_diff => 0.0157052
performed mixing
Frob norm 1 after updating U: 0.536172
200 iterations
f(b) = 5.45195
Frob norm 2 after updating B : 2.08362
Iteration number -------- 37  -----------
lambda : 1.19668
max_diff => 0.00799236
performed mixing
Frob norm 1 after updating U: 0.353425
200 iterations
f(b) = 4.03844
Frob norm 2 after updating B : 1.74598
Iteration number -------- 38  -----------
lambda : 1.20266
max_diff => 0.00508192
performed mixing
Frob norm 1 after updating U: 0.285369
200 iterations
f(b) = 2.9796
Frob norm 2 after updating B : 1.49535
Iteration number -------- 39  -----------
lambda : 1.20868
max_diff => 0.00313117
performed mixing
Frob norm 1 after updating U: 0.210812
200 iterations
f(b) = 2.15572
Frob norm 2 after updating B : 1.31114
Iteration number -------- 40  -----------
lambda : 1.21472
max_diff => 0.003068
performed mixing
Frob norm 1 after updating U: 0.138237
200 iterations
f(b) = 1.49543
Frob norm 2 after updating B : 1.12863
Iteration number -------- 41  -----------
lambda : 1.22079
max_diff => 0.00143253
performed mixing
Frob norm 1 after updating U: 0.0945275
200 iterations
f(b) = 1.07299
Frob norm 2 after updating B : 0.909865
Iteration number -------- 42  -----------
lambda : 1.2269
max_diff => 0.00137799
performed mixing
Frob norm 1 after updating U: 0.0923241
200 iterations
f(b) = 0.774607
Frob norm 2 after updating B : 0.740487
Iteration number -------- 43  -----------
lambda : 1.23303
max_diff => 0.00115326
performed mixing
Frob norm 1 after updating U: 0.0840373
200 iterations
f(b) = 0.494775
Frob norm 2 after updating B : 0.679185
Iteration number -------- 44  -----------
lambda : 1.2392
max_diff => 3.67941e-05
performed mixing
Frob norm 1 after updating U: 0.0269347
200 iterations
f(b) = 0.365687
Frob norm 2 after updating B : 0.545711
Iteration number -------- 45  -----------
lambda : 1.24539
max_diff => 3.28439e-05
performed mixing
Frob norm 1 after updating U: 0.0261473
200 iterations
f(b) = 0.258285
Frob norm 2 after updating B : 0.439641
Iteration number -------- 46  -----------
lambda : 1.25162
max_diff => 2.6077e-05
performed mixing
Frob norm 1 after updating U: 0.0243424
200 iterations
f(b) = 0.189468
Frob norm 2 after updating B : 0.354952
Iteration number -------- 47  -----------
lambda : 1.25788
max_diff => 1.56876e-05
performed mixing
Frob norm 1 after updating U: 0.0205878
200 iterations
f(b) = 0.142598
Frob norm 2 after updating B : 0.288529
Iteration number -------- 48  -----------
lambda : 1.26417
max_diff => 3.8086e-06
performed mixing
Frob norm 1 after updating U: 0.0153486
200 iterations
f(b) = 0.109143
Frob norm 2 after updating B : 0.234281
Iteration number -------- 49  -----------
lambda : 1.27049
max_diff => 1.37073e-07
performed mixing
Frob norm 1 after updating U: 0.0130911
200 iterations
f(b) = 0.0891921
Frob norm 2 after updating B : 0.188339
Iteration number -------- 50  -----------
lambda : 1.27684
max_diff => 4.999e-08
performed mixing
Frob norm 1 after updating U: 0.0130336
200 iterations
f(b) = 0.0754261
Frob norm 2 after updating B : 0.150943
Iteration number -------- 51  -----------
lambda : 1.28323
max_diff => 4.999e-08
performed mixing
Frob norm 1 after updating U: 0.0129499
200 iterations
f(b) = 0.0338637
Frob norm 2 after updating B : 0.121115
Iteration number -------- 52  -----------
lambda : 1.28964
max_diff => 4.999e-08
performed mixing
Frob norm 1 after updating U: 0.013039
200 iterations
f(b) = 0.0619902
Frob norm 2 after updating B : 0.0974993
Iteration number -------- 53  -----------
lambda : 1.29609
max_diff => 4.999e-08
performed mixing
Frob norm 1 after updating U: 0.0128734
200 iterations
f(b) = 0.0258206
Frob norm 2 after updating B : 0.0785347
Iteration number -------- 54  -----------
lambda : 1.30257
max_diff => 4.999e-08
performed mixing
Frob norm 1 after updating U: 0.0129576
200 iterations
f(b) = 0.0219046
Frob norm 2 after updating B : 0.0634904
Iteration number -------- 55  -----------
lambda : 1.30908
max_diff => 4.999e-08
performed mixing
Frob norm 1 after updating U: 0.0129728
200 iterations
f(b) = 0.0522588
Frob norm 2 after updating B : 0.0514395
Iteration number -------- 56  -----------
lambda : 1.31563
max_diff => 4.999e-08
performed mixing
Frob norm 1 after updating U: 0.0128984
200 iterations
f(b) = 0.0183579
Frob norm 2 after updating B : 0.0419299
Iteration number -------- 57  -----------
lambda : 1.32221
max_diff => 4.999e-08
performed mixing
Frob norm 1 after updating U: 0.0129966
200 iterations
f(b) = 0.0180865
Frob norm 2 after updating B : 0.0347457
Iteration number -------- 58  -----------
lambda : 1.32882
max_diff => 4.999e-08
performed mixing
Frob norm 1 after updating U: 0.0128505
200 iterations
f(b) = 0.0164634
Frob norm 2 after updating B : 0.0291767
Iteration number -------- 59  -----------
lambda : 1.33546
max_diff => 4.999e-08
performed mixing
Frob norm 1 after updating U: 0.0129015
200 iterations
f(b) = 0.0156563
Frob norm 2 after updating B : 0.0243935
Iteration number -------- 60  -----------
lambda : 1.34214
max_diff => 4.999e-08
performed mixing
Frob norm 1 after updating U: 0.0128237
200 iterations
f(b) = 0.017497
Frob norm 2 after updating B : 0.0212741
Iteration number -------- 61  -----------
lambda : 1.34885
max_diff => 4.999e-08
performed mixing
Frob norm 1 after updating U: 0.012842
200 iterations
f(b) = 0.0203138
Frob norm 2 after updating B : 0.0186451
Iteration number -------- 62  -----------
lambda : 1.35559
max_diff => 4.999e-08
performed mixing
Frob norm 1 after updating U: 0.0128658
200 iterations
f(b) = 0.018226
Frob norm 2 after updating B : 0.016995
Iteration number -------- 63  -----------
lambda : 1.36237
max_diff => 4.999e-08
performed mixing
Frob norm 1 after updating U: 0.0129278
200 iterations
f(b) = 0.0151366
Frob norm 2 after updating B : 0.0158077
Iteration number -------- 64  -----------
lambda : 1.36918
max_diff => 4.999e-08
performed mixing
Frob norm 1 after updating U: 0.0129404
200 iterations
f(b) = 0.0153968
Frob norm 2 after updating B : 0.0148888
Iteration number -------- 65  -----------
lambda : 1.37603
max_diff => 4.999e-08
performed mixing
Frob norm 1 after updating U: 0.0129152
200 iterations
f(b) = 0.0145356
Frob norm 2 after updating B : 0.0142374
Iteration number -------- 66  -----------
lambda : 1.38291
max_diff => 4.999e-08
performed mixing
Frob norm 1 after updating U: 0.0128286
200 iterations
f(b) = 0.0139769
Frob norm 2 after updating B : 0.0138848
Iteration number -------- 67  -----------
lambda : 1.38982
max_diff => 4.999e-08
performed mixing
Frob norm 1 after updating U: 0.0128607
200 iterations
f(b) = 0.0143237
Frob norm 2 after updating B : 0.0134819
Iteration number -------- 68  -----------
lambda : 1.39677
max_diff => 4.999e-08
performed mixing
Frob norm 1 after updating U: 0.0128804
200 iterations
f(b) = 0.0140895
Frob norm 2 after updating B : 0.0133445
Iteration number -------- 69  -----------
lambda : 1.40376
max_diff => 4.999e-08
performed mixing
Frob norm 1 after updating U: 0.0128357
200 iterations
f(b) = 0.0136808
Frob norm 2 after updating B : 0.0131366
Iteration number -------- 70  -----------
lambda : 1.41078
max_diff => 4.999e-08
performed mixing
Frob norm 1 after updating U: 0.0128414
200 iterations
f(b) = 0.0147655
Frob norm 2 after updating B : 0.0129925
Iteration number -------- 71  -----------
lambda : 1.41783
max_diff => 4.999e-08
performed mixing
Frob norm 1 after updating U: 0.0127561
200 iterations
f(b) = 0.0155487
Frob norm 2 after updating B : 0.012964
Iteration number -------- 72  -----------
lambda : 1.42492
max_diff => 4.999e-08
performed mixing
Frob norm 1 after updating U: 0.0127972
200 iterations
f(b) = 0.0148342
Frob norm 2 after updating B : 0.0129752
Iteration number -------- 73  -----------
lambda : 1.43204
max_diff => 4.999e-08
performed mixing
Frob norm 1 after updating U: 0.0128231
200 iterations
f(b) = 0.0136597
Frob norm 2 after updating B : 0.0129134
Iteration number -------- 74  -----------
lambda : 1.4392
max_diff => 4.999e-08
performed mixing
Frob norm 1 after updating U: 0.0127981
200 iterations
f(b) = 0.0138135
Frob norm 2 after updating B : 0.0128855
Iteration number -------- 75  -----------
lambda : 1.4464
max_diff => 4.999e-08
performed mixing
Frob norm 1 after updating U: 0.0127991
200 iterations
f(b) = 0.0137243
Frob norm 2 after updating B : 0.0128999
Iteration number -------- 76  -----------
lambda : 1.45363
max_diff => 4.999e-08
performed mixing
Frob norm 1 after updating U: 0.0128485
200 iterations
f(b) = 0.0167667
Frob norm 2 after updating B : 0.0128002
Iteration number -------- 77  -----------
lambda : 1.4609
max_diff => 4.999e-08
performed mixing
Frob norm 1 after updating U: 0.0127511
200 iterations
f(b) = 0.0141119
Frob norm 2 after updating B : 0.0129663
Iteration number -------- 78  -----------
lambda : 1.46821
max_diff => 4.999e-08
performed mixing
Frob norm 1 after updating U: 0.0129279
200 iterations
f(b) = 0.0155497
Frob norm 2 after updating B : 0.0128301
Iteration number -------- 79  -----------
lambda : 1.47555
max_diff => 4.999e-08
performed mixing
Frob norm 1 after updating U: 0.0128085
200 iterations
f(b) = 0.0156173
Frob norm 2 after updating B : 0.0129615
Iteration number -------- 80  -----------
lambda : 1.48292
max_diff => 4.999e-08
performed mixing
Frob norm 1 after updating U: 0.0129214
200 iterations
f(b) = 0.014818
Frob norm 2 after updating B : 0.0129136
Iteration number -------- 81  -----------
lambda : 1.49034
max_diff => 4.999e-08
performed mixing
Frob norm 1 after updating U: 0.0128902
200 iterations
f(b) = 0.0152317
Frob norm 2 after updating B : 0.0129271
Iteration number -------- 82  -----------
lambda : 1.49779
max_diff => 4.999e-08
performed mixing
Frob norm 1 after updating U: 0.0128995
200 iterations
f(b) = 0.0144521
Frob norm 2 after updating B : 0.0128071
Iteration number -------- 83  -----------
lambda : 1.50528
max_diff => 4.999e-08
performed mixing
Frob norm 1 after updating U: 0.0128022
200 iterations
f(b) = 0.0183622
Frob norm 2 after updating B : 0.0128016
Iteration number -------- 84  -----------
lambda : 1.51281
max_diff => 4.999e-08
performed mixing
Frob norm 1 after updating U: 0.012799
200 iterations
f(b) = 0.0149767
Frob norm 2 after updating B : 0.0128338
Iteration number -------- 85  -----------
lambda : 1.52037
max_diff => 4.999e-08
performed mixing
Frob norm 1 after updating U: 0.0128264
200 iterations
f(b) = 0.0187606
Frob norm 2 after updating B : 0.012859
Iteration number -------- 86  -----------
lambda : 1.52797
max_diff => 4.999e-08
performed mixing
Frob norm 1 after updating U: 0.0128442
200 iterations
f(b) = 0.0148136
Frob norm 2 after updating B : 0.0128095
Iteration number -------- 87  -----------
lambda : 1.53561
max_diff => 4.999e-08
performed mixing
Frob norm 1 after updating U: 0.012805
200 iterations
f(b) = 0.0168975
Frob norm 2 after updating B : 0.0128395
Iteration number -------- 88  -----------
lambda : 1.54329
max_diff => 4.999e-08
performed mixing
Frob norm 1 after updating U: 0.0128365
200 iterations
f(b) = 0.0158248
Frob norm 2 after updating B : 0.0127953
Iteration number -------- 89  -----------
lambda : 1.55101
max_diff => 4.999e-08
performed mixing
Frob norm 1 after updating U: 0.0127843
200 iterations
f(b) = 0.0133876
Frob norm 2 after updating B : 0.0128811
Iteration number -------- 90  -----------
lambda : 1.55876
max_diff => 4.999e-08
performed mixing
Frob norm 1 after updating U: 0.012881
200 iterations
f(b) = 0.0170959
Frob norm 2 after updating B : 0.0128969
Iteration number -------- 91  -----------
lambda : 1.56655
max_diff => 4.999e-08
performed mixing
Frob norm 1 after updating U: 0.012879
200 iterations
f(b) = 0.0142616
Frob norm 2 after updating B : 0.0128234
Iteration number -------- 92  -----------
lambda : 1.57439
max_diff => 4.999e-08
performed mixing
Frob norm 1 after updating U: 0.0128177
200 iterations
f(b) = 0.0156057
Frob norm 2 after updating B : 0.0127735
Iteration number -------- 93  -----------
lambda : 1.58226
max_diff => 4.999e-08
performed mixing
Frob norm 1 after updating U: 0.0127621
200 iterations
f(b) = 0.0174717
Frob norm 2 after updating B : 0.0128477
Iteration number -------- 94  -----------
lambda : 1.59017
max_diff => 4.999e-08
performed mixing
Frob norm 1 after updating U: 0.0128388
200 iterations
f(b) = 0.0155945
Frob norm 2 after updating B : 0.012971
Iteration number -------- 95  -----------
lambda : 1.59812
max_diff => 4.999e-08
performed mixing
Frob norm 1 after updating U: 0.0129464
200 iterations
f(b) = 0.0156262
Frob norm 2 after updating B : 0.0128695
Iteration number -------- 96  -----------
lambda : 1.60611
max_diff => 4.999e-08
performed mixing
Frob norm 1 after updating U: 0.0128647
200 iterations
f(b) = 0.0166319
Frob norm 2 after updating B : 0.0128983
Iteration number -------- 97  -----------
lambda : 1.61414
max_diff => 4.999e-08
performed mixing
Frob norm 1 after updating U: 0.0128889
200 iterations
f(b) = 0.0170561
Frob norm 2 after updating B : 0.0128888
Iteration number -------- 98  -----------
lambda : 1.62221
max_diff => 4.999e-08
performed mixing
Frob norm 1 after updating U: 0.0128974
200 iterations
f(b) = 0.0194947
Frob norm 2 after updating B : 0.0128406
Iteration number -------- 99  -----------
lambda : 1.63032
max_diff => 4.999e-08
performed mixing
Frob norm 1 after updating U: 0.0128366
200 iterations
f(b) = 0.0187212
Frob norm 2 after updating B : 0.0127925
Iteration number -------- 100  -----------
lambda : 1.63848
max_diff => 4.999e-08
