Academic license - for non-commercial use only
Frob norm 1 after updating U: 10.585
200 iterations
f(b) = 69.0516
Frob norm 2 after updating B : 7.46076
Iteration number -------- 1  -----------
lambda : 1
max_diff => 0.144734
performed mixing
Frob norm 1 after updating U: 6.59992
200 iterations
f(b) = 59.7729
Frob norm 2 after updating B : 6.96141
Iteration number -------- 2  -----------
lambda : 1.005
max_diff => 0.157313
performed mixing
Frob norm 1 after updating U: 5.34508
200 iterations
f(b) = 50.1636
Frob norm 2 after updating B : 6.33111
Iteration number -------- 3  -----------
lambda : 1.01002
max_diff => 0.122094
performed mixing
Frob norm 1 after updating U: 4.76646
200 iterations
f(b) = 43.3365
Frob norm 2 after updating B : 5.82715
Iteration number -------- 4  -----------
lambda : 1.01508
max_diff => 0.119028
performed mixing
Frob norm 1 after updating U: 4.57229
200 iterations
f(b) = 38.1214
Frob norm 2 after updating B : 5.44835
Iteration number -------- 5  -----------
lambda : 1.02015
max_diff => 0.119888
performed mixing
Frob norm 1 after updating U: 4.3792
200 iterations
f(b) = 33.8518
Frob norm 2 after updating B : 5.13094
Iteration number -------- 6  -----------
lambda : 1.02525
max_diff => 0.116771
performed mixing
Frob norm 1 after updating U: 4.23101
200 iterations
f(b) = 30.5938
Frob norm 2 after updating B : 4.86473
Iteration number -------- 7  -----------
lambda : 1.03038
max_diff => 0.108407
performed mixing
Frob norm 1 after updating U: 4.12584
200 iterations
f(b) = 27.8358
Frob norm 2 after updating B : 4.66009
Iteration number -------- 8  -----------
lambda : 1.03553
max_diff => 0.0802114
performed mixing
Frob norm 1 after updating U: 3.9881
200 iterations
f(b) = 25.3967
Frob norm 2 after updating B : 4.43624
Iteration number -------- 9  -----------
lambda : 1.04071
max_diff => 0.0855294
performed mixing
Frob norm 1 after updating U: 3.88973
200 iterations
f(b) = 21.9974
Frob norm 2 after updating B : 4.19228
Iteration number -------- 10  -----------
lambda : 1.04591
max_diff => 0.0613495
performed mixing
Frob norm 1 after updating U: 3.5066
200 iterations
f(b) = 19.184
Frob norm 2 after updating B : 3.98779
Iteration number -------- 11  -----------
lambda : 1.05114
max_diff => 0.0588571
performed mixing
Frob norm 1 after updating U: 3.47503
200 iterations
f(b) = 17.7819
Frob norm 2 after updating B : 3.82854
Iteration number -------- 12  -----------
lambda : 1.0564
max_diff => 0.058185
performed mixing
Frob norm 1 after updating U: 3.47481
200 iterations
f(b) = 16.8595
Frob norm 2 after updating B : 3.70914
Iteration number -------- 13  -----------
lambda : 1.06168
max_diff => 0.0577666
performed mixing
Frob norm 1 after updating U: 3.47343
200 iterations
f(b) = 15.604
Frob norm 2 after updating B : 3.71997
Iteration number -------- 14  -----------
lambda : 1.06699
max_diff => 0.028551
performed mixing
Frob norm 1 after updating U: 3.39947
200 iterations
f(b) = 14.7515
Frob norm 2 after updating B : 3.60742
Iteration number -------- 15  -----------
lambda : 1.07232
max_diff => 0.028559
performed mixing
Frob norm 1 after updating U: 3.39853
200 iterations
f(b) = 14.2249
Frob norm 2 after updating B : 3.53469
Iteration number -------- 16  -----------
lambda : 1.07768
max_diff => 0.028547
performed mixing
Frob norm 1 after updating U: 3.39763
200 iterations
f(b) = 13.8811
Frob norm 2 after updating B : 3.48577
Iteration number -------- 17  -----------
lambda : 1.08307
max_diff => 0.0285238
performed mixing
Frob norm 1 after updating U: 3.39605
200 iterations
f(b) = 13.4674
Frob norm 2 after updating B : 3.45413
Iteration number -------- 18  -----------
lambda : 1.08849
max_diff => 0.0429501
performed mixing
Frob norm 1 after updating U: 3.37828
200 iterations
f(b) = 13.2828
Frob norm 2 after updating B : 3.42615
Iteration number -------- 19  -----------
lambda : 1.09393
max_diff => 0.044609
performed mixing
Frob norm 1 after updating U: 3.37624
200 iterations
f(b) = 13.1121
Frob norm 2 after updating B : 3.40794
Iteration number -------- 20  -----------
lambda : 1.0994
max_diff => 0.0457662
performed mixing
Frob norm 1 after updating U: 3.37494
200 iterations
f(b) = 12.2731
Frob norm 2 after updating B : 3.29691
Iteration number -------- 21  -----------
lambda : 1.1049
max_diff => 0.0221285
performed mixing
Frob norm 1 after updating U: 3.15499
200 iterations
f(b) = 9.01231
Frob norm 2 after updating B : 2.77953
Iteration number -------- 22  -----------
lambda : 1.11042
max_diff => 0.0262155
performed mixing
Frob norm 1 after updating U: 2.7106
200 iterations
f(b) = 8.65756
Frob norm 2 after updating B : 2.77206
Iteration number -------- 23  -----------
lambda : 1.11597
max_diff => 0.0242273
performed mixing
Frob norm 1 after updating U: 2.71996
200 iterations
f(b) = 8.58136
Frob norm 2 after updating B : 2.75479
Iteration number -------- 24  -----------
lambda : 1.12155
max_diff => 0.0241402
performed mixing
Frob norm 1 after updating U: 2.72047
200 iterations
f(b) = 8.52659
Frob norm 2 after updating B : 2.74366
Iteration number -------- 25  -----------
lambda : 1.12716
max_diff => 0.0240911
performed mixing
Frob norm 1 after updating U: 2.72095
200 iterations
f(b) = 8.48207
Frob norm 2 after updating B : 2.73686
Iteration number -------- 26  -----------
lambda : 1.1328
max_diff => 0.0240174
performed mixing
Frob norm 1 after updating U: 2.72168
200 iterations
f(b) = 8.46451
Frob norm 2 after updating B : 2.73211
Iteration number -------- 27  -----------
lambda : 1.13846
max_diff => 0.0239746
performed mixing
Frob norm 1 after updating U: 2.72195
200 iterations
f(b) = 8.45318
Frob norm 2 after updating B : 2.72915
Iteration number -------- 28  -----------
lambda : 1.14415
max_diff => 0.0239254
performed mixing
Frob norm 1 after updating U: 2.72228
200 iterations
f(b) = 8.4411
Frob norm 2 after updating B : 2.72759
Iteration number -------- 29  -----------
lambda : 1.14987
max_diff => 0.0238351
performed mixing
Frob norm 1 after updating U: 2.72287
200 iterations
f(b) = 8.42235
Frob norm 2 after updating B : 2.72836
Iteration number -------- 30  -----------
lambda : 1.15562
max_diff => 0.0237746
performed mixing
Frob norm 1 after updating U: 2.72496
200 iterations
f(b) = 8.42441
Frob norm 2 after updating B : 2.72857
Iteration number -------- 31  -----------
lambda : 1.1614
max_diff => 0.0236778
performed mixing
Frob norm 1 after updating U: 2.72615
200 iterations
f(b) = 8.41372
Frob norm 2 after updating B : 2.72927
Iteration number -------- 32  -----------
lambda : 1.16721
max_diff => 0.0235824
performed mixing
Frob norm 1 after updating U: 2.72748
200 iterations
f(b) = 8.38153
Frob norm 2 after updating B : 2.73555
Iteration number -------- 33  -----------
lambda : 1.17304
max_diff => 0.0235719
performed mixing
Frob norm 1 after updating U: 2.73372
200 iterations
f(b) = 8.41071
Frob norm 2 after updating B : 2.73551
Iteration number -------- 34  -----------
lambda : 1.17891
max_diff => 0.0235727
performed mixing
Frob norm 1 after updating U: 2.7342
200 iterations
f(b) = 8.41054
Frob norm 2 after updating B : 2.7356
Iteration number -------- 35  -----------
lambda : 1.1848
max_diff => 0.0235619
performed mixing
Frob norm 1 after updating U: 2.73464
200 iterations
f(b) = 8.42015
Frob norm 2 after updating B : 2.7356
Iteration number -------- 36  -----------
lambda : 1.19073
max_diff => 0.0235331
performed mixing
Frob norm 1 after updating U: 2.73489
200 iterations
f(b) = 8.41599
Frob norm 2 after updating B : 2.73586
Iteration number -------- 37  -----------
lambda : 1.19668
max_diff => 0.023481
performed mixing
Frob norm 1 after updating U: 2.73532
200 iterations
f(b) = 8.42232
Frob norm 2 after updating B : 2.73596
Iteration number -------- 38  -----------
lambda : 1.20266
max_diff => 0.023465
performed mixing
Frob norm 1 after updating U: 2.73556
200 iterations
f(b) = 8.42468
Frob norm 2 after updating B : 2.73614
Iteration number -------- 39  -----------
lambda : 1.20868
max_diff => 0.0234256
performed mixing
Frob norm 1 after updating U: 2.73583
200 iterations
f(b) = 8.42714
Frob norm 2 after updating B : 2.73657
Iteration number -------- 40  -----------
lambda : 1.21472
max_diff => 0.0233924
performed mixing
Frob norm 1 after updating U: 2.73633
200 iterations
f(b) = 8.4299
Frob norm 2 after updating B : 2.73682
Iteration number -------- 41  -----------
lambda : 1.22079
max_diff => 0.0233832
performed mixing
Frob norm 1 after updating U: 2.73662
200 iterations
f(b) = 8.43247
Frob norm 2 after updating B : 2.73738
Iteration number -------- 42  -----------
lambda : 1.2269
max_diff => 0.023345
performed mixing
Frob norm 1 after updating U: 2.73721
200 iterations
f(b) = 8.43413
Frob norm 2 after updating B : 2.73783
Iteration number -------- 43  -----------
lambda : 1.23303
max_diff => 0.0232979
performed mixing
Frob norm 1 after updating U: 2.73769
200 iterations
f(b) = 8.43236
Frob norm 2 after updating B : 2.73877
Iteration number -------- 44  -----------
lambda : 1.2392
max_diff => 0.0232775
performed mixing
Frob norm 1 after updating U: 2.73862
200 iterations
f(b) = 8.4449
Frob norm 2 after updating B : 2.73905
Iteration number -------- 45  -----------
lambda : 1.24539
max_diff => 0.0232467
performed mixing
Frob norm 1 after updating U: 2.73894
200 iterations
f(b) = 8.4512
Frob norm 2 after updating B : 2.73939
Iteration number -------- 46  -----------
lambda : 1.25162
max_diff => 0.0232105
performed mixing
Frob norm 1 after updating U: 2.7393
200 iterations
f(b) = 8.44685
Frob norm 2 after updating B : 2.73984
Iteration number -------- 47  -----------
lambda : 1.25788
max_diff => 0.023166
performed mixing
Frob norm 1 after updating U: 2.73975
200 iterations
f(b) = 8.44059
Frob norm 2 after updating B : 2.74088
Iteration number -------- 48  -----------
lambda : 1.26417
max_diff => 0.0230419
performed mixing
Frob norm 1 after updating U: 2.74079
200 iterations
f(b) = 8.44615
Frob norm 2 after updating B : 2.74136
Iteration number -------- 49  -----------
lambda : 1.27049
max_diff => 0.0230356
performed mixing
Frob norm 1 after updating U: 2.74128
200 iterations
f(b) = 8.42755
Frob norm 2 after updating B : 2.74017
Iteration number -------- 50  -----------
lambda : 1.27684
max_diff => 0.022793
performed mixing
Frob norm 1 after updating U: 2.74004
200 iterations
f(b) = 8.45497
Frob norm 2 after updating B : 2.74148
Iteration number -------- 51  -----------
lambda : 1.28323
max_diff => 0.0228002
performed mixing
Frob norm 1 after updating U: 2.74137
200 iterations
f(b) = 8.46177
Frob norm 2 after updating B : 2.74228
Iteration number -------- 52  -----------
lambda : 1.28964
max_diff => 0.0227142
performed mixing
Frob norm 1 after updating U: 2.74218
200 iterations
f(b) = 8.45867
Frob norm 2 after updating B : 2.74339
Iteration number -------- 53  -----------
lambda : 1.29609
max_diff => 0.022603
performed mixing
Frob norm 1 after updating U: 2.74328
200 iterations
f(b) = 8.46952
Frob norm 2 after updating B : 2.7438
Iteration number -------- 54  -----------
lambda : 1.30257
max_diff => 0.0225762
performed mixing
Frob norm 1 after updating U: 2.74372
200 iterations
f(b) = 8.46286
Frob norm 2 after updating B : 2.74469
Iteration number -------- 55  -----------
lambda : 1.30908
max_diff => 0.0224672
performed mixing
Frob norm 1 after updating U: 2.74461
200 iterations
f(b) = 8.4617
Frob norm 2 after updating B : 2.74563
Iteration number -------- 56  -----------
lambda : 1.31563
max_diff => 0.0223125
performed mixing
Frob norm 1 after updating U: 2.74554
200 iterations
f(b) = 8.46951
Frob norm 2 after updating B : 2.74642
Iteration number -------- 57  -----------
lambda : 1.32221
max_diff => 0.022258
performed mixing
Frob norm 1 after updating U: 2.74635
200 iterations
f(b) = 8.47427
Frob norm 2 after updating B : 2.74698
Iteration number -------- 58  -----------
lambda : 1.32882
max_diff => 0.0221869
performed mixing
Frob norm 1 after updating U: 2.74692
200 iterations
f(b) = 8.48143
Frob norm 2 after updating B : 2.74766
Iteration number -------- 59  -----------
lambda : 1.33546
max_diff => 0.0221245
performed mixing
Frob norm 1 after updating U: 2.74761
200 iterations
f(b) = 8.47759
Frob norm 2 after updating B : 2.74842
Iteration number -------- 60  -----------
lambda : 1.34214
max_diff => 0.0220404
performed mixing
Frob norm 1 after updating U: 2.74837
200 iterations
f(b) = 8.47913
Frob norm 2 after updating B : 2.74933
Iteration number -------- 61  -----------
lambda : 1.34885
max_diff => 0.0219229
performed mixing
Frob norm 1 after updating U: 2.74928
200 iterations
f(b) = 8.48681
Frob norm 2 after updating B : 2.7501
Iteration number -------- 62  -----------
lambda : 1.35559
max_diff => 0.0218738
performed mixing
Frob norm 1 after updating U: 2.75005
200 iterations
f(b) = 8.48937
Frob norm 2 after updating B : 2.75083
Iteration number -------- 63  -----------
lambda : 1.36237
max_diff => 0.0217661
performed mixing
Frob norm 1 after updating U: 2.75079
200 iterations
f(b) = 8.49256
Frob norm 2 after updating B : 2.75153
Iteration number -------- 64  -----------
lambda : 1.36918
max_diff => 0.0216308
performed mixing
Frob norm 1 after updating U: 2.75148
200 iterations
f(b) = 8.50292
Frob norm 2 after updating B : 2.75204
Iteration number -------- 65  -----------
lambda : 1.37603
max_diff => 0.0215447
performed mixing
Frob norm 1 after updating U: 2.752
200 iterations
f(b) = 8.48134
Frob norm 2 after updating B : 2.7533
Iteration number -------- 66  -----------
lambda : 1.38291
max_diff => 0.0212924
performed mixing
Frob norm 1 after updating U: 2.75325
200 iterations
f(b) = 8.50367
Frob norm 2 after updating B : 2.7541
Iteration number -------- 67  -----------
lambda : 1.38982
max_diff => 0.0212136
performed mixing
Frob norm 1 after updating U: 2.75406
200 iterations
f(b) = 8.50113
Frob norm 2 after updating B : 2.75516
Iteration number -------- 68  -----------
lambda : 1.39677
max_diff => 0.0210277
performed mixing
Frob norm 1 after updating U: 2.75512
200 iterations
f(b) = 8.50794
Frob norm 2 after updating B : 2.75628
Iteration number -------- 69  -----------
lambda : 1.40376
max_diff => 0.0209311
performed mixing
Frob norm 1 after updating U: 2.75623
200 iterations
f(b) = 8.51654
Frob norm 2 after updating B : 2.75685
Iteration number -------- 70  -----------
lambda : 1.41078
max_diff => 0.0208416
performed mixing
Frob norm 1 after updating U: 2.75681
200 iterations
f(b) = 8.51238
Frob norm 2 after updating B : 2.75802
Iteration number -------- 71  -----------
lambda : 1.41783
max_diff => 0.0207254
performed mixing
Frob norm 1 after updating U: 2.75798
200 iterations
f(b) = 8.52378
Frob norm 2 after updating B : 2.75856
Iteration number -------- 72  -----------
lambda : 1.42492
max_diff => 0.0207063
performed mixing
Frob norm 1 after updating U: 2.75853
200 iterations
f(b) = 8.5259
Frob norm 2 after updating B : 2.75935
Iteration number -------- 73  -----------
lambda : 1.43204
max_diff => 0.0206211
performed mixing
Frob norm 1 after updating U: 2.75932
200 iterations
f(b) = 8.53099
Frob norm 2 after updating B : 2.76028
Iteration number -------- 74  -----------
lambda : 1.4392
max_diff => 0.020535
performed mixing
Frob norm 1 after updating U: 2.76025
200 iterations
f(b) = 8.50181
Frob norm 2 after updating B : 2.76491
Iteration number -------- 75  -----------
lambda : 1.4464
max_diff => 0.0197912
performed mixing
Frob norm 1 after updating U: 2.76477
200 iterations
f(b) = 8.52027
Frob norm 2 after updating B : 2.7655
Iteration number -------- 76  -----------
lambda : 1.45363
max_diff => 0.0196698
performed mixing
Frob norm 1 after updating U: 2.76539
200 iterations
f(b) = 8.52019
Frob norm 2 after updating B : 2.76618
Iteration number -------- 77  -----------
lambda : 1.4609
max_diff => 0.019516
performed mixing
Frob norm 1 after updating U: 2.76608
200 iterations
f(b) = 8.52874
Frob norm 2 after updating B : 2.76668
Iteration number -------- 78  -----------
lambda : 1.46821
max_diff => 0.0194376
performed mixing
Frob norm 1 after updating U: 2.7666
200 iterations
f(b) = 8.53083
Frob norm 2 after updating B : 2.76724
Iteration number -------- 79  -----------
lambda : 1.47555
max_diff => 0.0193172
performed mixing
Frob norm 1 after updating U: 2.76718
200 iterations
f(b) = 8.52716
Frob norm 2 after updating B : 2.76813
Iteration number -------- 80  -----------
lambda : 1.48292
max_diff => 0.0191161
performed mixing
Frob norm 1 after updating U: 2.76806
200 iterations
f(b) = 8.53581
Frob norm 2 after updating B : 2.76882
Iteration number -------- 81  -----------
lambda : 1.49034
max_diff => 0.0190141
performed mixing
Frob norm 1 after updating U: 2.76876
200 iterations
f(b) = 8.54568
Frob norm 2 after updating B : 2.76926
Iteration number -------- 82  -----------
lambda : 1.49779
max_diff => 0.0189293
performed mixing
Frob norm 1 after updating U: 2.76921
200 iterations
f(b) = 8.53907
Frob norm 2 after updating B : 2.76965
Iteration number -------- 83  -----------
lambda : 1.50528
max_diff => 0.018821
performed mixing
Frob norm 1 after updating U: 2.7696
200 iterations
f(b) = 8.54643
Frob norm 2 after updating B : 2.76998
Iteration number -------- 84  -----------
lambda : 1.51281
max_diff => 0.0187546
performed mixing
Frob norm 1 after updating U: 2.76993
200 iterations
f(b) = 8.55359
Frob norm 2 after updating B : 2.77073
Iteration number -------- 85  -----------
lambda : 1.52037
max_diff => 0.0186445
performed mixing
Frob norm 1 after updating U: 2.77069
200 iterations
f(b) = 8.54564
Frob norm 2 after updating B : 2.77151
Iteration number -------- 86  -----------
lambda : 1.52797
max_diff => 0.0185056
performed mixing
Frob norm 1 after updating U: 2.77147
200 iterations
f(b) = 8.51751
Frob norm 2 after updating B : 2.77853
Iteration number -------- 87  -----------
lambda : 1.53561
max_diff => 0.0172392
performed mixing
Frob norm 1 after updating U: 2.77824
200 iterations
f(b) = 8.54951
Frob norm 2 after updating B : 2.77876
Iteration number -------- 88  -----------
lambda : 1.54329
max_diff => 0.0171516
performed mixing
Frob norm 1 after updating U: 2.77856
200 iterations
f(b) = 8.55581
Frob norm 2 after updating B : 2.77892
Iteration number -------- 89  -----------
lambda : 1.55101
max_diff => 0.0170756
performed mixing
Frob norm 1 after updating U: 2.77879
200 iterations
f(b) = 8.55918
Frob norm 2 after updating B : 2.77917
Iteration number -------- 90  -----------
lambda : 1.55876
max_diff => 0.0169855
performed mixing
Frob norm 1 after updating U: 2.77908
200 iterations
f(b) = 8.54809
Frob norm 2 after updating B : 2.77961
Iteration number -------- 91  -----------
lambda : 1.56655
max_diff => 0.0168467
performed mixing
Frob norm 1 after updating U: 2.77954
200 iterations
f(b) = 8.56241
Frob norm 2 after updating B : 2.78
Iteration number -------- 92  -----------
lambda : 1.57439
max_diff => 0.0167382
performed mixing
Frob norm 1 after updating U: 2.77994
200 iterations
f(b) = 8.5576
Frob norm 2 after updating B : 2.78044
Iteration number -------- 93  -----------
lambda : 1.58226
max_diff => 0.0166005
performed mixing
Frob norm 1 after updating U: 2.7804
200 iterations
f(b) = 8.56016
Frob norm 2 after updating B : 2.78115
Iteration number -------- 94  -----------
lambda : 1.59017
max_diff => 0.016434
performed mixing
Frob norm 1 after updating U: 2.78111
200 iterations
f(b) = 8.56077
Frob norm 2 after updating B : 2.78175
Iteration number -------- 95  -----------
lambda : 1.59812
max_diff => 0.0162824
performed mixing
Frob norm 1 after updating U: 2.78172
200 iterations
f(b) = 8.57555
Frob norm 2 after updating B : 2.78213
Iteration number -------- 96  -----------
lambda : 1.60611
max_diff => 0.0162049
performed mixing
Frob norm 1 after updating U: 2.78211
200 iterations
f(b) = 8.57953
Frob norm 2 after updating B : 2.78261
Iteration number -------- 97  -----------
lambda : 1.61414
max_diff => 0.0160873
performed mixing
Frob norm 1 after updating U: 2.78259
200 iterations
f(b) = 8.56824
Frob norm 2 after updating B : 2.78333
Iteration number -------- 98  -----------
lambda : 1.62221
max_diff => 0.0158992
performed mixing
Frob norm 1 after updating U: 2.7833
200 iterations
f(b) = 8.57449
Frob norm 2 after updating B : 2.78379
Iteration number -------- 99  -----------
lambda : 1.63032
max_diff => 0.0157744
performed mixing
Frob norm 1 after updating U: 2.78377
200 iterations
f(b) = 8.57459
Frob norm 2 after updating B : 2.78453
Iteration number -------- 100  -----------
lambda : 1.63848
max_diff => 0.0156143
