Academic license - for non-commercial use only
Frob norm 1 after updating U: 10.5882
200 iterations
f(b) = 66.8129
Frob norm 2 after updating B : 7.23494
Iteration number -------- 1  -----------
lambda : 1
max_diff => 0.193899
performed mixing
Frob norm 1 after updating U: 5.84043
200 iterations
f(b) = 58.9944
Frob norm 2 after updating B : 6.7788
Iteration number -------- 2  -----------
lambda : 1.005
max_diff => 0.160773
performed mixing
Frob norm 1 after updating U: 5.13961
200 iterations
f(b) = 50.6132
Frob norm 2 after updating B : 6.30637
Iteration number -------- 3  -----------
lambda : 1.01002
max_diff => 0.124041
performed mixing
Frob norm 1 after updating U: 4.1734
200 iterations
f(b) = 41.8481
Frob norm 2 after updating B : 5.78386
Iteration number -------- 4  -----------
lambda : 1.01508
max_diff => 0.121513
performed mixing
Frob norm 1 after updating U: 3.62827
200 iterations
f(b) = 34.0869
Frob norm 2 after updating B : 5.25317
Iteration number -------- 5  -----------
lambda : 1.02015
max_diff => 0.108412
performed mixing
Frob norm 1 after updating U: 3.29918
200 iterations
f(b) = 27.8362
Frob norm 2 after updating B : 4.75874
Iteration number -------- 6  -----------
lambda : 1.02525
max_diff => 0.0874853
performed mixing
Frob norm 1 after updating U: 3.13147
200 iterations
f(b) = 23.2623
Frob norm 2 after updating B : 4.28302
Iteration number -------- 7  -----------
lambda : 1.03038
max_diff => 0.0820337
performed mixing
Frob norm 1 after updating U: 3.10316
200 iterations
f(b) = 19.9217
Frob norm 2 after updating B : 3.95009
Iteration number -------- 8  -----------
lambda : 1.03553
max_diff => 0.0690098
performed mixing
Frob norm 1 after updating U: 3.02541
200 iterations
f(b) = 17.4887
Frob norm 2 after updating B : 3.68666
Iteration number -------- 9  -----------
lambda : 1.04071
max_diff => 0.0692543
performed mixing
Frob norm 1 after updating U: 2.9844
200 iterations
f(b) = 15.8303
Frob norm 2 after updating B : 3.46982
Iteration number -------- 10  -----------
lambda : 1.04591
max_diff => 0.0692213
performed mixing
Frob norm 1 after updating U: 2.97279
200 iterations
f(b) = 14.7358
Frob norm 2 after updating B : 3.30853
Iteration number -------- 11  -----------
lambda : 1.05114
max_diff => 0.0692535
performed mixing
Frob norm 1 after updating U: 2.9701
200 iterations
f(b) = 13.7378
Frob norm 2 after updating B : 3.25734
Iteration number -------- 12  -----------
lambda : 1.0564
max_diff => 0.0691531
performed mixing
Frob norm 1 after updating U: 2.93265
200 iterations
f(b) = 13.0767
Frob norm 2 after updating B : 3.14832
Iteration number -------- 13  -----------
lambda : 1.06168
max_diff => 0.0690059
performed mixing
Frob norm 1 after updating U: 2.93257
200 iterations
f(b) = 12.6344
Frob norm 2 after updating B : 3.07567
Iteration number -------- 14  -----------
lambda : 1.06699
max_diff => 0.0689561
performed mixing
Frob norm 1 after updating U: 2.93232
200 iterations
f(b) = 12.0912
Frob norm 2 after updating B : 3.06601
Iteration number -------- 15  -----------
lambda : 1.07232
max_diff => 0.0671281
performed mixing
Frob norm 1 after updating U: 2.91252
200 iterations
f(b) = 11.8115
Frob norm 2 after updating B : 3.01361
Iteration number -------- 16  -----------
lambda : 1.07768
max_diff => 0.0670484
performed mixing
Frob norm 1 after updating U: 2.91135
200 iterations
f(b) = 11.4928
Frob norm 2 after updating B : 2.97208
Iteration number -------- 17  -----------
lambda : 1.08307
max_diff => 0.066205
performed mixing
Frob norm 1 after updating U: 2.88805
200 iterations
f(b) = 11.359
Frob norm 2 after updating B : 2.94114
Iteration number -------- 18  -----------
lambda : 1.08849
max_diff => 0.0661665
performed mixing
Frob norm 1 after updating U: 2.88489
200 iterations
f(b) = 11.2481
Frob norm 2 after updating B : 2.91849
Iteration number -------- 19  -----------
lambda : 1.09393
max_diff => 0.0659424
performed mixing
Frob norm 1 after updating U: 2.8801
200 iterations
f(b) = 9.57629
Frob norm 2 after updating B : 2.40863
Iteration number -------- 20  -----------
lambda : 1.0994
max_diff => 0.0585398
performed mixing
Frob norm 1 after updating U: 2.12517
200 iterations
f(b) = 7.92503
Frob norm 2 after updating B : 2.25886
Iteration number -------- 21  -----------
lambda : 1.1049
max_diff => 0.0586013
performed mixing
Frob norm 1 after updating U: 2.05484
200 iterations
f(b) = 6.48138
Frob norm 2 after updating B : 2.01476
Iteration number -------- 22  -----------
lambda : 1.11042
max_diff => 0.108463
performed mixing
Frob norm 1 after updating U: 1.66065
200 iterations
f(b) = 5.97736
Frob norm 2 after updating B : 1.88822
Iteration number -------- 23  -----------
lambda : 1.11597
max_diff => 0.106955
performed mixing
Frob norm 1 after updating U: 1.64063
200 iterations
f(b) = 4.78755
Frob norm 2 after updating B : 1.75904
Iteration number -------- 24  -----------
lambda : 1.12155
max_diff => 0.0328768
performed mixing
Frob norm 1 after updating U: 1.34037
200 iterations
f(b) = 4.27666
Frob norm 2 after updating B : 1.58505
Iteration number -------- 25  -----------
lambda : 1.12716
max_diff => 0.0324795
performed mixing
Frob norm 1 after updating U: 1.25756
200 iterations
f(b) = 3.45304
Frob norm 2 after updating B : 1.4642
Iteration number -------- 26  -----------
lambda : 1.1328
max_diff => 0.0559455
performed mixing
Frob norm 1 after updating U: 0.862581
200 iterations
f(b) = 2.47337
Frob norm 2 after updating B : 1.39323
Iteration number -------- 27  -----------
lambda : 1.13846
max_diff => 0.00830212
performed mixing
Frob norm 1 after updating U: 0.663445
200 iterations
f(b) = 1.96273
Frob norm 2 after updating B : 1.19146
Iteration number -------- 28  -----------
lambda : 1.14415
max_diff => 0.00799209
performed mixing
Frob norm 1 after updating U: 0.663124
200 iterations
f(b) = 1.55294
Frob norm 2 after updating B : 1.06404
Iteration number -------- 29  -----------
lambda : 1.14987
max_diff => 0.00625616
performed mixing
Frob norm 1 after updating U: 0.660499
200 iterations
f(b) = 1.15764
Frob norm 2 after updating B : 1.01331
Iteration number -------- 30  -----------
lambda : 1.15562
max_diff => 0.00157642
performed mixing
Frob norm 1 after updating U: 0.654633
200 iterations
f(b) = 0.969867
Frob norm 2 after updating B : 0.906533
Iteration number -------- 31  -----------
lambda : 1.1614
max_diff => 0.00117423
performed mixing
Frob norm 1 after updating U: 0.654342
200 iterations
f(b) = 0.799499
Frob norm 2 after updating B : 0.832837
Iteration number -------- 32  -----------
lambda : 1.16721
max_diff => 0.00041841
performed mixing
Frob norm 1 after updating U: 0.653938
200 iterations
f(b) = 0.678746
Frob norm 2 after updating B : 0.777724
Iteration number -------- 33  -----------
lambda : 1.17304
max_diff => 9.998e-08
performed mixing
Frob norm 1 after updating U: 0.653805
200 iterations
f(b) = 0.634115
Frob norm 2 after updating B : 0.735245
Iteration number -------- 34  -----------
lambda : 1.17891
max_diff => 6.12328e-07
performed mixing
Frob norm 1 after updating U: 0.653411
200 iterations
f(b) = 0.599189
Frob norm 2 after updating B : 0.707333
Iteration number -------- 35  -----------
lambda : 1.1848
max_diff => 1.54416e-07
performed mixing
Frob norm 1 after updating U: 0.653758
200 iterations
f(b) = 0.574863
Frob norm 2 after updating B : 0.688543
Iteration number -------- 36  -----------
lambda : 1.19073
max_diff => 1.00829e-07
performed mixing
Frob norm 1 after updating U: 0.653798
200 iterations
f(b) = 0.557675
Frob norm 2 after updating B : 0.676318
Iteration number -------- 37  -----------
lambda : 1.19668
max_diff => 9.998e-08
performed mixing
Frob norm 1 after updating U: 0.65381
200 iterations
f(b) = 0.521257
Frob norm 2 after updating B : 0.667947
Iteration number -------- 38  -----------
lambda : 1.20266
max_diff => 5.71802e-07
performed mixing
Frob norm 1 after updating U: 0.65341
200 iterations
f(b) = 0.532577
Frob norm 2 after updating B : 0.663132
Iteration number -------- 39  -----------
lambda : 1.20868
max_diff => 9.998e-08
performed mixing
Frob norm 1 after updating U: 0.653798
200 iterations
f(b) = 0.537393
Frob norm 2 after updating B : 0.659815
Iteration number -------- 40  -----------
lambda : 1.21472
max_diff => 9.998e-08
performed mixing
Frob norm 1 after updating U: 0.653801
200 iterations
f(b) = 0.533582
Frob norm 2 after updating B : 0.657662
Iteration number -------- 41  -----------
lambda : 1.22079
max_diff => 9.998e-08
performed mixing
Frob norm 1 after updating U: 0.653788
200 iterations
f(b) = 0.540678
Frob norm 2 after updating B : 0.656285
Iteration number -------- 42  -----------
lambda : 1.2269
max_diff => 9.998e-08
performed mixing
Frob norm 1 after updating U: 0.653796
200 iterations
f(b) = 0.531565
Frob norm 2 after updating B : 0.655389
Iteration number -------- 43  -----------
lambda : 1.23303
max_diff => 9.998e-08
performed mixing
Frob norm 1 after updating U: 0.653788
200 iterations
f(b) = 0.504182
Frob norm 2 after updating B : 0.654823
Iteration number -------- 44  -----------
lambda : 1.2392
max_diff => 9.998e-08
performed mixing
Frob norm 1 after updating U: 0.653788
200 iterations
f(b) = 0.530156
Frob norm 2 after updating B : 0.654467
Iteration number -------- 45  -----------
lambda : 1.24539
max_diff => 9.998e-08
performed mixing
Frob norm 1 after updating U: 0.653797
200 iterations
f(b) = 0.532675
Frob norm 2 after updating B : 0.65423
Iteration number -------- 46  -----------
lambda : 1.25162
max_diff => 9.998e-08
performed mixing
Frob norm 1 after updating U: 0.6538
200 iterations
f(b) = 0.508195
Frob norm 2 after updating B : 0.65408
Iteration number -------- 47  -----------
lambda : 1.25788
max_diff => 9.998e-08
performed mixing
Frob norm 1 after updating U: 0.653797
200 iterations
f(b) = 0.542673
Frob norm 2 after updating B : 0.653962
Iteration number -------- 48  -----------
lambda : 1.26417
max_diff => 9.998e-08
performed mixing
Frob norm 1 after updating U: 0.653781
200 iterations
f(b) = 0.481378
Frob norm 2 after updating B : 0.653916
Iteration number -------- 49  -----------
lambda : 1.27049
max_diff => 9.998e-08
performed mixing
Frob norm 1 after updating U: 0.653796
200 iterations
f(b) = 0.481381
Frob norm 2 after updating B : 0.653875
Iteration number -------- 50  -----------
lambda : 1.27684
max_diff => 9.998e-08
performed mixing
Frob norm 1 after updating U: 0.653797
200 iterations
f(b) = 0.453856
Frob norm 2 after updating B : 0.653848
Iteration number -------- 51  -----------
lambda : 1.28323
max_diff => 9.998e-08
performed mixing
Frob norm 1 after updating U: 0.653796
200 iterations
f(b) = 0.529328
Frob norm 2 after updating B : 0.653827
Iteration number -------- 52  -----------
lambda : 1.28964
max_diff => 9.998e-08
performed mixing
Frob norm 1 after updating U: 0.653792
200 iterations
f(b) = 0.501392
Frob norm 2 after updating B : 0.653813
Iteration number -------- 53  -----------
lambda : 1.29609
max_diff => 9.998e-08
performed mixing
Frob norm 1 after updating U: 0.65379
200 iterations
f(b) = 0.539069
Frob norm 2 after updating B : 0.653802
Iteration number -------- 54  -----------
lambda : 1.30257
max_diff => 9.998e-08
performed mixing
Frob norm 1 after updating U: 0.653787
200 iterations
f(b) = 0.534243
Frob norm 2 after updating B : 0.653803
Iteration number -------- 55  -----------
lambda : 1.30908
max_diff => 9.998e-08
performed mixing
Frob norm 1 after updating U: 0.653792
200 iterations
f(b) = 0.498475
Frob norm 2 after updating B : 0.650644
Iteration number -------- 56  -----------
lambda : 1.31563
max_diff => 2.78434e-05
performed mixing
Frob norm 1 after updating U: 0.650632
200 iterations
f(b) = 0.481212
Frob norm 2 after updating B : 0.653814
Iteration number -------- 57  -----------
lambda : 1.32221
max_diff => 9.998e-08
performed mixing
Frob norm 1 after updating U: 0.653809
200 iterations
f(b) = 0.506825
Frob norm 2 after updating B : 0.653799
Iteration number -------- 58  -----------
lambda : 1.32882
max_diff => 9.998e-08
performed mixing
Frob norm 1 after updating U: 0.653795
200 iterations
f(b) = 0.491152
Frob norm 2 after updating B : 0.653809
Iteration number -------- 59  -----------
lambda : 1.33546
max_diff => 9.998e-08
performed mixing
Frob norm 1 after updating U: 0.653806
200 iterations
f(b) = 0.530644
Frob norm 2 after updating B : 0.65381
Iteration number -------- 60  -----------
lambda : 1.34214
max_diff => 9.998e-08
performed mixing
Frob norm 1 after updating U: 0.653808
200 iterations
f(b) = 0.490686
Frob norm 2 after updating B : 0.653796
Iteration number -------- 61  -----------
lambda : 1.34885
max_diff => 9.99871e-08
performed mixing
Frob norm 1 after updating U: 0.653794
200 iterations
f(b) = 0.54496
Frob norm 2 after updating B : 0.653798
Iteration number -------- 62  -----------
lambda : 1.35559
max_diff => 9.998e-08
performed mixing
Frob norm 1 after updating U: 0.653797
200 iterations
f(b) = 0.499135
Frob norm 2 after updating B : 0.653801
Iteration number -------- 63  -----------
lambda : 1.36237
max_diff => 9.998e-08
performed mixing
Frob norm 1 after updating U: 0.6538
200 iterations
f(b) = 0.545125
Frob norm 2 after updating B : 0.653787
Iteration number -------- 64  -----------
lambda : 1.36918
max_diff => 9.998e-08
performed mixing
Frob norm 1 after updating U: 0.653787
200 iterations
f(b) = 0.487428
Frob norm 2 after updating B : 0.653597
Iteration number -------- 65  -----------
lambda : 1.37603
max_diff => 2.51408e-07
performed mixing
Frob norm 1 after updating U: 0.653596
200 iterations
f(b) = 0.502234
Frob norm 2 after updating B : 0.65379
Iteration number -------- 66  -----------
lambda : 1.38291
max_diff => 1.00118e-07
performed mixing
Frob norm 1 after updating U: 0.65379
200 iterations
f(b) = 0.537855
Frob norm 2 after updating B : 0.651262
Iteration number -------- 67  -----------
lambda : 1.38982
max_diff => 1.80296e-05
performed mixing
Frob norm 1 after updating U: 0.651259
200 iterations
f(b) = 0.52993
Frob norm 2 after updating B : 0.653809
Iteration number -------- 68  -----------
lambda : 1.39677
max_diff => 9.998e-08
performed mixing
Frob norm 1 after updating U: 0.653809
200 iterations
f(b) = 0.541092
Frob norm 2 after updating B : 0.653789
Iteration number -------- 69  -----------
lambda : 1.40376
max_diff => 9.998e-08
performed mixing
Frob norm 1 after updating U: 0.653789
200 iterations
f(b) = 0.5482
Frob norm 2 after updating B : 0.653798
Iteration number -------- 70  -----------
lambda : 1.41078
max_diff => 9.998e-08
performed mixing
Frob norm 1 after updating U: 0.653798
200 iterations
f(b) = 0.549462
Frob norm 2 after updating B : 0.653678
Iteration number -------- 71  -----------
lambda : 1.41783
max_diff => 1.54274e-07
performed mixing
Frob norm 1 after updating U: 0.653678
200 iterations
f(b) = 0.520512
Frob norm 2 after updating B : 0.653807
Iteration number -------- 72  -----------
lambda : 1.42492
max_diff => 9.998e-08
performed mixing
Frob norm 1 after updating U: 0.653807
200 iterations
f(b) = 0.532604
Frob norm 2 after updating B : 0.653803
Iteration number -------- 73  -----------
lambda : 1.43204
max_diff => 9.998e-08
performed mixing
Frob norm 1 after updating U: 0.653803
200 iterations
f(b) = 0.494749
Frob norm 2 after updating B : 0.653788
Iteration number -------- 74  -----------
lambda : 1.4392
max_diff => 1.00309e-07
performed mixing
Frob norm 1 after updating U: 0.653788
200 iterations
f(b) = 0.549425
Frob norm 2 after updating B : 0.653802
Iteration number -------- 75  -----------
lambda : 1.4464
max_diff => 9.998e-08
performed mixing
Frob norm 1 after updating U: 0.653802
200 iterations
f(b) = 0.529326
Frob norm 2 after updating B : 0.653363
Iteration number -------- 76  -----------
lambda : 1.45363
max_diff => 7.19814e-07
performed mixing
Frob norm 1 after updating U: 0.653363
200 iterations
f(b) = 0.194059
Frob norm 2 after updating B : 0.244768
Iteration number -------- 77  -----------
lambda : 1.4609
max_diff => 0.00049001
performed mixing
Frob norm 1 after updating U: 0.040059
200 iterations
f(b) = 0.144751
Frob norm 2 after updating B : 0.193709
Iteration number -------- 78  -----------
lambda : 1.46821
max_diff => 9.998e-08
performed mixing
Frob norm 1 after updating U: 0.0135932
200 iterations
f(b) = 0.103848
Frob norm 2 after updating B : 0.155373
Iteration number -------- 79  -----------
lambda : 1.47555
max_diff => 9.998e-08
performed mixing
Frob norm 1 after updating U: 0.0135299
200 iterations
f(b) = 0.106121
Frob norm 2 after updating B : 0.124707
Iteration number -------- 80  -----------
lambda : 1.48292
max_diff => 9.998e-08
performed mixing
Frob norm 1 after updating U: 0.0134934
200 iterations
f(b) = 0.0727956
Frob norm 2 after updating B : 0.100214
Iteration number -------- 81  -----------
lambda : 1.49034
max_diff => 9.998e-08
performed mixing
Frob norm 1 after updating U: 0.0135175
200 iterations
f(b) = 0.0702184
Frob norm 2 after updating B : 0.080788
Iteration number -------- 82  -----------
lambda : 1.49779
max_diff => 9.998e-08
performed mixing
Frob norm 1 after updating U: 0.0135621
200 iterations
f(b) = 0.0628216
Frob norm 2 after updating B : 0.0653069
Iteration number -------- 83  -----------
lambda : 1.50528
max_diff => 9.998e-08
performed mixing
Frob norm 1 after updating U: 0.0134888
200 iterations
f(b) = 0.0595887
Frob norm 2 after updating B : 0.053009
Iteration number -------- 84  -----------
lambda : 1.51281
max_diff => 9.998e-08
performed mixing
Frob norm 1 after updating U: 0.0135431
200 iterations
f(b) = 0.0616414
Frob norm 2 after updating B : 0.0433354
Iteration number -------- 85  -----------
lambda : 1.52037
max_diff => 9.998e-08
performed mixing
Frob norm 1 after updating U: 0.0135315
200 iterations
f(b) = 0.0652417
Frob norm 2 after updating B : 0.0357479
Iteration number -------- 86  -----------
lambda : 1.52797
max_diff => 9.998e-08
performed mixing
Frob norm 1 after updating U: 0.0135566
200 iterations
f(b) = 0.0571921
Frob norm 2 after updating B : 0.0298555
Iteration number -------- 87  -----------
lambda : 1.53561
max_diff => 9.998e-08
performed mixing
Frob norm 1 after updating U: 0.0135124
200 iterations
f(b) = 0.0631702
Frob norm 2 after updating B : 0.0253846
Iteration number -------- 88  -----------
lambda : 1.54329
max_diff => 9.998e-08
performed mixing
Frob norm 1 after updating U: 0.0135334
200 iterations
f(b) = 0.0614188
Frob norm 2 after updating B : 0.0219585
Iteration number -------- 89  -----------
lambda : 1.55101
max_diff => 9.998e-08
performed mixing
Frob norm 1 after updating U: 0.013529
200 iterations
f(b) = 0.0623982
Frob norm 2 after updating B : 0.0194472
Iteration number -------- 90  -----------
lambda : 1.55876
max_diff => 9.998e-08
performed mixing
Frob norm 1 after updating U: 0.0134922
200 iterations
f(b) = 0.07002
Frob norm 2 after updating B : 0.017622
Iteration number -------- 91  -----------
lambda : 1.56655
max_diff => 9.998e-08
performed mixing
Frob norm 1 after updating U: 0.0134715
200 iterations
f(b) = 0.0551532
Frob norm 2 after updating B : 0.0163873
Iteration number -------- 92  -----------
lambda : 1.57439
max_diff => 9.998e-08
performed mixing
Frob norm 1 after updating U: 0.0135238
200 iterations
f(b) = 0.0543389
Frob norm 2 after updating B : 0.0154622
Iteration number -------- 93  -----------
lambda : 1.58226
max_diff => 9.998e-08
performed mixing
Frob norm 1 after updating U: 0.013508
200 iterations
f(b) = 0.0621312
Frob norm 2 after updating B : 0.0147694
Iteration number -------- 94  -----------
lambda : 1.59017
max_diff => 9.998e-08
performed mixing
Frob norm 1 after updating U: 0.0134477
200 iterations
f(b) = 0.0578661
Frob norm 2 after updating B : 0.0145036
Iteration number -------- 95  -----------
lambda : 1.59812
max_diff => 9.998e-08
performed mixing
Frob norm 1 after updating U: 0.0135643
200 iterations
f(b) = 0.0624209
Frob norm 2 after updating B : 0.0141266
Iteration number -------- 96  -----------
lambda : 1.60611
max_diff => 9.998e-08
performed mixing
Frob norm 1 after updating U: 0.0134908
200 iterations
f(b) = 0.0545459
Frob norm 2 after updating B : 0.0140574
Iteration number -------- 97  -----------
lambda : 1.61414
max_diff => 9.998e-08
performed mixing
Frob norm 1 after updating U: 0.013594
200 iterations
f(b) = 0.0653054
Frob norm 2 after updating B : 0.0137611
Iteration number -------- 98  -----------
lambda : 1.62221
max_diff => 9.998e-08
performed mixing
Frob norm 1 after updating U: 0.0134538
200 iterations
f(b) = 0.0596258
Frob norm 2 after updating B : 0.0136911
Iteration number -------- 99  -----------
lambda : 1.63032
max_diff => 9.998e-08
performed mixing
Frob norm 1 after updating U: 0.0134693
200 iterations
f(b) = 0.0580333
Frob norm 2 after updating B : 0.0136997
Iteration number -------- 100  -----------
lambda : 1.63848
max_diff => 9.998e-08
