Academic license - for non-commercial use only
Frob norm 1 after updating U: 12.1374
200 iterations
f(b) = 50.8384
Frob norm 2 after updating B : 6.37676
Iteration number -------- 1  -----------
lambda : 1
max_diff => 0.177707
performed mixing
Frob norm 1 after updating U: 5.32404
200 iterations
f(b) = 45.8746
Frob norm 2 after updating B : 6.03411
Iteration number -------- 2  -----------
lambda : 1.005
max_diff => 0.162201
performed mixing
Frob norm 1 after updating U: 5.02175
200 iterations
f(b) = 41.3472
Frob norm 2 after updating B : 5.71113
Iteration number -------- 3  -----------
lambda : 1.01002
max_diff => 0.14569
performed mixing
Frob norm 1 after updating U: 4.71829
200 iterations
f(b) = 37.0095
Frob norm 2 after updating B : 5.45453
Iteration number -------- 4  -----------
lambda : 1.01508
max_diff => 0.139369
performed mixing
Frob norm 1 after updating U: 4.45683
200 iterations
f(b) = 32.7176
Frob norm 2 after updating B : 5.20193
Iteration number -------- 5  -----------
lambda : 1.02015
max_diff => 0.133471
performed mixing
Frob norm 1 after updating U: 4.20536
200 iterations
f(b) = 29.0226
Frob norm 2 after updating B : 4.89292
Iteration number -------- 6  -----------
lambda : 1.02525
max_diff => 0.12708
performed mixing
Frob norm 1 after updating U: 3.96163
200 iterations
f(b) = 25.7301
Frob norm 2 after updating B : 4.60709
Iteration number -------- 7  -----------
lambda : 1.03038
max_diff => 0.12069
performed mixing
Frob norm 1 after updating U: 3.7541
200 iterations
f(b) = 22.7626
Frob norm 2 after updating B : 4.36264
Iteration number -------- 8  -----------
lambda : 1.03553
max_diff => 0.110006
performed mixing
Frob norm 1 after updating U: 3.48094
200 iterations
f(b) = 20.0594
Frob norm 2 after updating B : 4.11984
Iteration number -------- 9  -----------
lambda : 1.04071
max_diff => 0.0958418
performed mixing
Frob norm 1 after updating U: 3.24723
200 iterations
f(b) = 17.6287
Frob norm 2 after updating B : 3.8916
Iteration number -------- 10  -----------
lambda : 1.04591
max_diff => 0.0790546
performed mixing
Frob norm 1 after updating U: 3.0493
200 iterations
f(b) = 15.4737
Frob norm 2 after updating B : 3.68936
Iteration number -------- 11  -----------
lambda : 1.05114
max_diff => 0.062472
performed mixing
Frob norm 1 after updating U: 2.8736
200 iterations
f(b) = 13.5456
Frob norm 2 after updating B : 3.48214
Iteration number -------- 12  -----------
lambda : 1.0564
max_diff => 0.0623721
performed mixing
Frob norm 1 after updating U: 2.76469
200 iterations
f(b) = 11.9325
Frob norm 2 after updating B : 3.31911
Iteration number -------- 13  -----------
lambda : 1.06168
max_diff => 0.0624792
performed mixing
Frob norm 1 after updating U: 2.66994
200 iterations
f(b) = 10.5778
Frob norm 2 after updating B : 3.13868
Iteration number -------- 14  -----------
lambda : 1.06699
max_diff => 0.0620471
performed mixing
Frob norm 1 after updating U: 2.6332
200 iterations
f(b) = 9.56806
Frob norm 2 after updating B : 2.97904
Iteration number -------- 15  -----------
lambda : 1.07232
max_diff => 0.0599623
performed mixing
Frob norm 1 after updating U: 2.60171
200 iterations
f(b) = 8.83265
Frob norm 2 after updating B : 2.85685
Iteration number -------- 16  -----------
lambda : 1.07768
max_diff => 0.0562798
performed mixing
Frob norm 1 after updating U: 2.57738
200 iterations
f(b) = 8.32434
Frob norm 2 after updating B : 2.76187
Iteration number -------- 17  -----------
lambda : 1.08307
max_diff => 0.0541623
performed mixing
Frob norm 1 after updating U: 2.56181
200 iterations
f(b) = 7.93634
Frob norm 2 after updating B : 2.69942
Iteration number -------- 18  -----------
lambda : 1.08849
max_diff => 0.0510517
performed mixing
Frob norm 1 after updating U: 2.55167
200 iterations
f(b) = 7.66942
Frob norm 2 after updating B : 2.64677
Iteration number -------- 19  -----------
lambda : 1.09393
max_diff => 0.0492178
performed mixing
Frob norm 1 after updating U: 2.5385
200 iterations
f(b) = 7.47374
Frob norm 2 after updating B : 2.60645
Iteration number -------- 20  -----------
lambda : 1.0994
max_diff => 0.0472209
performed mixing
Frob norm 1 after updating U: 2.52719
200 iterations
f(b) = 6.5632
Frob norm 2 after updating B : 2.38529
Iteration number -------- 21  -----------
lambda : 1.1049
max_diff => 0.0502174
performed mixing
Frob norm 1 after updating U: 2.09164
200 iterations
f(b) = 5.37266
Frob norm 2 after updating B : 2.15788
Iteration number -------- 22  -----------
lambda : 1.11042
max_diff => 0.0759357
performed mixing
Frob norm 1 after updating U: 1.82869
200 iterations
f(b) = 3.80647
Frob norm 2 after updating B : 1.85154
Iteration number -------- 23  -----------
lambda : 1.11597
max_diff => 0.0169849
performed mixing
Frob norm 1 after updating U: 1.44527
200 iterations
f(b) = 3.30091
Frob norm 2 after updating B : 1.72581
Iteration number -------- 24  -----------
lambda : 1.12155
max_diff => 0.0165167
performed mixing
Frob norm 1 after updating U: 1.43206
200 iterations
f(b) = 2.22517
Frob norm 2 after updating B : 1.40349
Iteration number -------- 25  -----------
lambda : 1.12716
max_diff => 0.0216576
performed mixing
Frob norm 1 after updating U: 0.194094
200 iterations
f(b) = 1.55275
Frob norm 2 after updating B : 1.13098
Iteration number -------- 26  -----------
lambda : 1.1328
max_diff => 0.0214105
performed mixing
Frob norm 1 after updating U: 0.191827
200 iterations
f(b) = 1.05298
Frob norm 2 after updating B : 0.93687
Iteration number -------- 27  -----------
lambda : 1.13846
max_diff => 0.0168651
performed mixing
Frob norm 1 after updating U: 0.16094
200 iterations
f(b) = 0.723918
Frob norm 2 after updating B : 0.774629
Iteration number -------- 28  -----------
lambda : 1.14415
max_diff => 0.00865405
performed mixing
Frob norm 1 after updating U: 0.121266
200 iterations
f(b) = 0.545019
Frob norm 2 after updating B : 0.624979
Iteration number -------- 29  -----------
lambda : 1.14987
max_diff => 0.00838732
performed mixing
Frob norm 1 after updating U: 0.119725
200 iterations
f(b) = 0.405419
Frob norm 2 after updating B : 0.507489
Iteration number -------- 30  -----------
lambda : 1.15562
max_diff => 0.00756542
performed mixing
Frob norm 1 after updating U: 0.114452
200 iterations
f(b) = 0.249617
Frob norm 2 after updating B : 0.467622
Iteration number -------- 31  -----------
lambda : 1.1614
max_diff => 1.91789e-05
performed mixing
Frob norm 1 after updating U: 0.0155744
200 iterations
f(b) = 0.185369
Frob norm 2 after updating B : 0.378085
Iteration number -------- 32  -----------
lambda : 1.16721
max_diff => 4.999e-08
performed mixing
Frob norm 1 after updating U: 0.0129323
200 iterations
f(b) = 0.134714
Frob norm 2 after updating B : 0.302736
Iteration number -------- 33  -----------
lambda : 1.17304
max_diff => 4.999e-08
performed mixing
Frob norm 1 after updating U: 0.0129976
200 iterations
f(b) = 0.0762476
Frob norm 2 after updating B : 0.242266
Iteration number -------- 34  -----------
lambda : 1.17891
max_diff => 5.00154e-08
performed mixing
Frob norm 1 after updating U: 0.0130144
200 iterations
f(b) = 0.0876791
Frob norm 2 after updating B : 0.194007
Iteration number -------- 35  -----------
lambda : 1.1848
max_diff => 4.999e-08
performed mixing
Frob norm 1 after updating U: 0.0129268
200 iterations
f(b) = 0.0659643
Frob norm 2 after updating B : 0.155474
Iteration number -------- 36  -----------
lambda : 1.19073
max_diff => 4.999e-08
performed mixing
Frob norm 1 after updating U: 0.0129381
200 iterations
f(b) = 0.0599367
Frob norm 2 after updating B : 0.124789
Iteration number -------- 37  -----------
lambda : 1.19668
max_diff => 4.999e-08
performed mixing
Frob norm 1 after updating U: 0.012988
200 iterations
f(b) = 0.028497
Frob norm 2 after updating B : 0.100078
Iteration number -------- 38  -----------
lambda : 1.20266
max_diff => 4.999e-08
performed mixing
Frob norm 1 after updating U: 0.0131008
200 iterations
f(b) = 0.0231242
Frob norm 2 after updating B : 0.0805514
Iteration number -------- 39  -----------
lambda : 1.20868
max_diff => 4.999e-08
performed mixing
Frob norm 1 after updating U: 0.0130432
200 iterations
f(b) = 0.0190055
Frob norm 2 after updating B : 0.0648872
Iteration number -------- 40  -----------
lambda : 1.21472
max_diff => 4.999e-08
performed mixing
Frob norm 1 after updating U: 0.0129643
200 iterations
f(b) = 0.0183158
Frob norm 2 after updating B : 0.0525075
Iteration number -------- 41  -----------
lambda : 1.22079
max_diff => 4.999e-08
performed mixing
Frob norm 1 after updating U: 0.012874
200 iterations
f(b) = 0.0286512
Frob norm 2 after updating B : 0.0428073
Iteration number -------- 42  -----------
lambda : 1.2269
max_diff => 4.999e-08
performed mixing
Frob norm 1 after updating U: 0.0128713
200 iterations
f(b) = 0.0171014
Frob norm 2 after updating B : 0.0352125
Iteration number -------- 43  -----------
lambda : 1.23303
max_diff => 4.999e-08
performed mixing
Frob norm 1 after updating U: 0.0129363
200 iterations
f(b) = 0.0290698
Frob norm 2 after updating B : 0.0291606
Iteration number -------- 44  -----------
lambda : 1.2392
max_diff => 4.999e-08
performed mixing
Frob norm 1 after updating U: 0.012957
200 iterations
f(b) = 0.0166448
Frob norm 2 after updating B : 0.0245593
Iteration number -------- 45  -----------
lambda : 1.24539
max_diff => 4.999e-08
performed mixing
Frob norm 1 after updating U: 0.0128894
200 iterations
f(b) = 0.013939
Frob norm 2 after updating B : 0.0212321
Iteration number -------- 46  -----------
lambda : 1.25162
max_diff => 4.999e-08
performed mixing
Frob norm 1 after updating U: 0.0128724
200 iterations
f(b) = 0.0155134
Frob norm 2 after updating B : 0.0186193
Iteration number -------- 47  -----------
lambda : 1.25788
max_diff => 4.999e-08
performed mixing
Frob norm 1 after updating U: 0.0128416
200 iterations
f(b) = 0.0146986
Frob norm 2 after updating B : 0.0168594
Iteration number -------- 48  -----------
lambda : 1.26417
max_diff => 4.999e-08
performed mixing
Frob norm 1 after updating U: 0.0129213
200 iterations
f(b) = 0.0180468
Frob norm 2 after updating B : 0.0156537
Iteration number -------- 49  -----------
lambda : 1.27049
max_diff => 4.999e-08
performed mixing
Frob norm 1 after updating U: 0.0129633
200 iterations
f(b) = 0.0175688
Frob norm 2 after updating B : 0.0146637
Iteration number -------- 50  -----------
lambda : 1.27684
max_diff => 4.999e-08
performed mixing
Frob norm 1 after updating U: 0.0128752
200 iterations
f(b) = 0.0139978
Frob norm 2 after updating B : 0.0141
Iteration number -------- 51  -----------
lambda : 1.28323
max_diff => 4.999e-08
performed mixing
Frob norm 1 after updating U: 0.0129293
200 iterations
f(b) = 0.0140843
Frob norm 2 after updating B : 0.0136783
Iteration number -------- 52  -----------
lambda : 1.28964
max_diff => 4.999e-08
performed mixing
Frob norm 1 after updating U: 0.0128753
200 iterations
f(b) = 0.0129
Frob norm 2 after updating B : 0.0133437
Iteration number -------- 53  -----------
lambda : 1.29609
max_diff => 4.999e-08
performed mixing
Frob norm 1 after updating U: 0.0128064
200 iterations
f(b) = 0.0129225
Frob norm 2 after updating B : 0.0131936
Iteration number -------- 54  -----------
lambda : 1.30257
max_diff => 4.999e-08
performed mixing
Frob norm 1 after updating U: 0.0128349
200 iterations
f(b) = 0.0175568
Frob norm 2 after updating B : 0.0130421
Iteration number -------- 55  -----------
lambda : 1.30908
max_diff => 4.999e-08
performed mixing
Frob norm 1 after updating U: 0.0128028
200 iterations
f(b) = 0.0132468
Frob norm 2 after updating B : 0.0129307
Iteration number -------- 56  -----------
lambda : 1.31563
max_diff => 4.999e-08
performed mixing
Frob norm 1 after updating U: 0.0127696
200 iterations
f(b) = 0.0116649
Frob norm 2 after updating B : 0.0129363
Iteration number -------- 57  -----------
lambda : 1.32221
max_diff => 4.999e-08
performed mixing
Frob norm 1 after updating U: 0.012825
200 iterations
f(b) = 0.0127589
Frob norm 2 after updating B : 0.0129779
Iteration number -------- 58  -----------
lambda : 1.32882
max_diff => 4.999e-08
performed mixing
Frob norm 1 after updating U: 0.0129093
200 iterations
f(b) = 0.0204819
Frob norm 2 after updating B : 0.0128653
Iteration number -------- 59  -----------
lambda : 1.33546
max_diff => 4.999e-08
performed mixing
Frob norm 1 after updating U: 0.0128075
200 iterations
f(b) = 0.014048
Frob norm 2 after updating B : 0.0129249
Iteration number -------- 60  -----------
lambda : 1.34214
max_diff => 4.999e-08
performed mixing
Frob norm 1 after updating U: 0.0128788
200 iterations
f(b) = 0.0129326
Frob norm 2 after updating B : 0.0128866
Iteration number -------- 61  -----------
lambda : 1.34885
max_diff => 4.999e-08
performed mixing
Frob norm 1 after updating U: 0.0128576
200 iterations
f(b) = 0.0141811
Frob norm 2 after updating B : 0.0128458
Iteration number -------- 62  -----------
lambda : 1.35559
max_diff => 4.999e-08
performed mixing
Frob norm 1 after updating U: 0.012814
200 iterations
f(b) = 0.0128252
Frob norm 2 after updating B : 0.0128484
Iteration number -------- 63  -----------
lambda : 1.36237
max_diff => 4.999e-08
performed mixing
Frob norm 1 after updating U: 0.0128322
200 iterations
f(b) = 0.0142045
Frob norm 2 after updating B : 0.013081
Iteration number -------- 64  -----------
lambda : 1.36918
max_diff => 4.999e-08
performed mixing
Frob norm 1 after updating U: 0.0130579
200 iterations
f(b) = 0.0141266
Frob norm 2 after updating B : 0.012839
Iteration number -------- 65  -----------
lambda : 1.37603
max_diff => 4.999e-08
performed mixing
Frob norm 1 after updating U: 0.0128261
200 iterations
f(b) = 0.0150994
Frob norm 2 after updating B : 0.0128612
Iteration number -------- 66  -----------
lambda : 1.38291
max_diff => 4.999e-08
performed mixing
Frob norm 1 after updating U: 0.012855
200 iterations
f(b) = 0.0142176
Frob norm 2 after updating B : 0.012802
Iteration number -------- 67  -----------
lambda : 1.38982
max_diff => 4.999e-08
performed mixing
Frob norm 1 after updating U: 0.0127966
200 iterations
f(b) = 0.0160359
Frob norm 2 after updating B : 0.0129586
Iteration number -------- 68  -----------
lambda : 1.39677
max_diff => 4.999e-08
performed mixing
Frob norm 1 after updating U: 0.0129405
200 iterations
f(b) = 0.0147311
Frob norm 2 after updating B : 0.0127238
Iteration number -------- 69  -----------
lambda : 1.40376
max_diff => 4.999e-08
performed mixing
Frob norm 1 after updating U: 0.0127194
200 iterations
f(b) = 0.0137625
Frob norm 2 after updating B : 0.0128646
Iteration number -------- 70  -----------
lambda : 1.41078
max_diff => 4.999e-08
performed mixing
Frob norm 1 after updating U: 0.0128569
200 iterations
f(b) = 0.0108753
Frob norm 2 after updating B : 0.0128013
Iteration number -------- 71  -----------
lambda : 1.41783
max_diff => 4.999e-08
performed mixing
Frob norm 1 after updating U: 0.0127916
200 iterations
f(b) = 0.0138341
Frob norm 2 after updating B : 0.0127873
Iteration number -------- 72  -----------
lambda : 1.42492
max_diff => 4.999e-08
performed mixing
Frob norm 1 after updating U: 0.0127847
200 iterations
f(b) = 0.0145625
Frob norm 2 after updating B : 0.0127611
Iteration number -------- 73  -----------
lambda : 1.43204
max_diff => 4.999e-08
performed mixing
Frob norm 1 after updating U: 0.0127639
200 iterations
f(b) = 0.0166389
Frob norm 2 after updating B : 0.0127823
Iteration number -------- 74  -----------
lambda : 1.4392
max_diff => 4.999e-08
performed mixing
Frob norm 1 after updating U: 0.0127766
200 iterations
f(b) = 0.0142843
Frob norm 2 after updating B : 0.0129284
Iteration number -------- 75  -----------
lambda : 1.4464
max_diff => 4.999e-08
performed mixing
Frob norm 1 after updating U: 0.0129058
200 iterations
f(b) = 0.0137381
Frob norm 2 after updating B : 0.0127768
Iteration number -------- 76  -----------
lambda : 1.45363
max_diff => 4.999e-08
performed mixing
Frob norm 1 after updating U: 0.0127693
200 iterations
f(b) = 0.0135128
Frob norm 2 after updating B : 0.0127732
Iteration number -------- 77  -----------
lambda : 1.4609
max_diff => 4.999e-08
performed mixing
Frob norm 1 after updating U: 0.0127707
200 iterations
f(b) = 0.0145474
Frob norm 2 after updating B : 0.0128882
Iteration number -------- 78  -----------
lambda : 1.46821
max_diff => 4.999e-08
performed mixing
Frob norm 1 after updating U: 0.0128768
200 iterations
f(b) = 0.0160335
Frob norm 2 after updating B : 0.0127677
Iteration number -------- 79  -----------
lambda : 1.47555
max_diff => 4.999e-08
performed mixing
Frob norm 1 after updating U: 0.0127662
200 iterations
f(b) = 0.015991
Frob norm 2 after updating B : 0.0129461
Iteration number -------- 80  -----------
lambda : 1.48292
max_diff => 4.999e-08
performed mixing
Frob norm 1 after updating U: 0.0129283
200 iterations
f(b) = 0.0149278
Frob norm 2 after updating B : 0.0127995
Iteration number -------- 81  -----------
lambda : 1.49034
max_diff => 4.999e-08
performed mixing
Frob norm 1 after updating U: 0.0127909
200 iterations
f(b) = 0.0146276
Frob norm 2 after updating B : 0.0128757
Iteration number -------- 82  -----------
lambda : 1.49779
max_diff => 4.999e-08
performed mixing
Frob norm 1 after updating U: 0.0128656
200 iterations
f(b) = 0.0158108
Frob norm 2 after updating B : 0.0127288
Iteration number -------- 83  -----------
lambda : 1.50528
max_diff => 4.999e-08
performed mixing
Frob norm 1 after updating U: 0.0127256
200 iterations
f(b) = 0.0148808
Frob norm 2 after updating B : 0.0130018
Iteration number -------- 84  -----------
lambda : 1.51281
max_diff => 4.999e-08
performed mixing
Frob norm 1 after updating U: 0.0129783
200 iterations
f(b) = 0.0171317
Frob norm 2 after updating B : 0.012676
Iteration number -------- 85  -----------
lambda : 1.52037
max_diff => 4.999e-08
performed mixing
Frob norm 1 after updating U: 0.0126766
200 iterations
f(b) = 0.0154245
Frob norm 2 after updating B : 0.012741
Iteration number -------- 86  -----------
lambda : 1.52797
max_diff => 4.999e-08
performed mixing
Frob norm 1 after updating U: 0.0127467
200 iterations
f(b) = 0.0155259
Frob norm 2 after updating B : 0.0129085
Iteration number -------- 87  -----------
lambda : 1.53561
max_diff => 4.999e-08
performed mixing
Frob norm 1 after updating U: 0.0128904
200 iterations
f(b) = 0.0173457
Frob norm 2 after updating B : 0.0128929
Iteration number -------- 88  -----------
lambda : 1.54329
max_diff => 4.999e-08
performed mixing
Frob norm 1 after updating U: 0.0128826
200 iterations
f(b) = 0.0153054
Frob norm 2 after updating B : 0.0128305
Iteration number -------- 89  -----------
lambda : 1.55101
max_diff => 4.999e-08
performed mixing
Frob norm 1 after updating U: 0.012825
200 iterations
f(b) = 0.0176228
Frob norm 2 after updating B : 0.0128172
Iteration number -------- 90  -----------
lambda : 1.55876
max_diff => 4.999e-08
performed mixing
Frob norm 1 after updating U: 0.0128201
200 iterations
f(b) = 0.0198025
Frob norm 2 after updating B : 0.0128883
Iteration number -------- 91  -----------
lambda : 1.56655
max_diff => 4.999e-08
performed mixing
Frob norm 1 after updating U: 0.0128639
200 iterations
f(b) = 0.0162934
Frob norm 2 after updating B : 0.0128413
Iteration number -------- 92  -----------
lambda : 1.57439
max_diff => 4.999e-08
performed mixing
Frob norm 1 after updating U: 0.0128329
200 iterations
f(b) = 0.015084
Frob norm 2 after updating B : 0.0128649
Iteration number -------- 93  -----------
lambda : 1.58226
max_diff => 4.999e-08
performed mixing
Frob norm 1 after updating U: 0.0128518
200 iterations
f(b) = 0.0182397
Frob norm 2 after updating B : 0.0128576
Iteration number -------- 94  -----------
lambda : 1.59017
max_diff => 4.999e-08
performed mixing
Frob norm 1 after updating U: 0.012848
200 iterations
f(b) = 0.0169538
Frob norm 2 after updating B : 0.012786
Iteration number -------- 95  -----------
lambda : 1.59812
max_diff => 4.999e-08
performed mixing
Frob norm 1 after updating U: 0.0127826
200 iterations
f(b) = 0.0157385
Frob norm 2 after updating B : 0.012844
Iteration number -------- 96  -----------
lambda : 1.60611
max_diff => 4.999e-08
performed mixing
Frob norm 1 after updating U: 0.0128429
200 iterations
f(b) = 0.0164198
Frob norm 2 after updating B : 0.0128949
Iteration number -------- 97  -----------
lambda : 1.61414
max_diff => 4.999e-08
performed mixing
Frob norm 1 after updating U: 0.0128856
200 iterations
f(b) = 0.0165447
Frob norm 2 after updating B : 0.0129139
Iteration number -------- 98  -----------
lambda : 1.62221
max_diff => 4.999e-08
performed mixing
Frob norm 1 after updating U: 0.0128992
200 iterations
f(b) = 0.0151915
Frob norm 2 after updating B : 0.012864
Iteration number -------- 99  -----------
lambda : 1.63032
max_diff => 4.999e-08
performed mixing
Frob norm 1 after updating U: 0.0128602
200 iterations
f(b) = 0.0180338
Frob norm 2 after updating B : 0.0128655
Iteration number -------- 100  -----------
lambda : 1.63848
max_diff => 4.999e-08
