Academic license - for non-commercial use only
Frob norm 1 after updating U: 11.4835
200 iterations
f(b) = 53.8193
Frob norm 2 after updating B : 6.74803
Iteration number -------- 1  -----------
lambda : 1
max_diff => 0.119774
performed mixing
Frob norm 1 after updating U: 5.56324
200 iterations
f(b) = 47.7361
Frob norm 2 after updating B : 6.31002
Iteration number -------- 2  -----------
lambda : 1.005
max_diff => 0.0933456
performed mixing
Frob norm 1 after updating U: 5.12581
200 iterations
f(b) = 41.8978
Frob norm 2 after updating B : 5.88395
Iteration number -------- 3  -----------
lambda : 1.01002
max_diff => 0.0966817
performed mixing
Frob norm 1 after updating U: 4.52661
200 iterations
f(b) = 35.844
Frob norm 2 after updating B : 5.42758
Iteration number -------- 4  -----------
lambda : 1.01508
max_diff => 0.1015
performed mixing
Frob norm 1 after updating U: 3.81628
200 iterations
f(b) = 29.7889
Frob norm 2 after updating B : 4.93587
Iteration number -------- 5  -----------
lambda : 1.02015
max_diff => 0.0924438
performed mixing
Frob norm 1 after updating U: 3.20332
200 iterations
f(b) = 24.2719
Frob norm 2 after updating B : 4.44253
Iteration number -------- 6  -----------
lambda : 1.02525
max_diff => 0.0724041
performed mixing
Frob norm 1 after updating U: 2.73711
200 iterations
f(b) = 19.5911
Frob norm 2 after updating B : 4.00281
Iteration number -------- 7  -----------
lambda : 1.03038
max_diff => 0.0584243
performed mixing
Frob norm 1 after updating U: 2.32167
200 iterations
f(b) = 14.7258
Frob norm 2 after updating B : 3.46489
Iteration number -------- 8  -----------
lambda : 1.03553
max_diff => 0.0517169
performed mixing
Frob norm 1 after updating U: 1.66534
200 iterations
f(b) = 10.58
Frob norm 2 after updating B : 2.90234
Iteration number -------- 9  -----------
lambda : 1.04071
max_diff => 0.0400961
performed mixing
Frob norm 1 after updating U: 0.938376
200 iterations
f(b) = 7.71761
Frob norm 2 after updating B : 2.48836
Iteration number -------- 10  -----------
lambda : 1.04591
max_diff => 0.0316329
performed mixing
Frob norm 1 after updating U: 0.648992
200 iterations
f(b) = 5.62308
Frob norm 2 after updating B : 2.1511
Iteration number -------- 11  -----------
lambda : 1.05114
max_diff => 0.0208045
performed mixing
Frob norm 1 after updating U: 0.435586
200 iterations
f(b) = 3.95993
Frob norm 2 after updating B : 1.83111
Iteration number -------- 12  -----------
lambda : 1.0564
max_diff => 0.0139603
performed mixing
Frob norm 1 after updating U: 0.32329
200 iterations
f(b) = 2.73133
Frob norm 2 after updating B : 1.53914
Iteration number -------- 13  -----------
lambda : 1.06168
max_diff => 0.00799803
performed mixing
Frob norm 1 after updating U: 0.233637
200 iterations
f(b) = 1.83944
Frob norm 2 after updating B : 1.29061
Iteration number -------- 14  -----------
lambda : 1.06699
max_diff => 0.00336334
performed mixing
Frob norm 1 after updating U: 0.135468
200 iterations
f(b) = 1.26752
Frob norm 2 after updating B : 1.03958
Iteration number -------- 15  -----------
lambda : 1.07232
max_diff => 0.00310294
performed mixing
Frob norm 1 after updating U: 0.127824
200 iterations
f(b) = 0.808157
Frob norm 2 after updating B : 0.864992
Iteration number -------- 16  -----------
lambda : 1.07768
max_diff => 0.00100808
performed mixing
Frob norm 1 after updating U: 0.0662476
200 iterations
f(b) = 0.568762
Frob norm 2 after updating B : 0.693606
Iteration number -------- 17  -----------
lambda : 1.08307
max_diff => 0.000969897
performed mixing
Frob norm 1 after updating U: 0.0648954
200 iterations
f(b) = 0.338902
Frob norm 2 after updating B : 0.569271
Iteration number -------- 18  -----------
lambda : 1.08849
max_diff => 2.2759e-07
performed mixing
Frob norm 1 after updating U: 0.0121719
200 iterations
f(b) = 0.250462
Frob norm 2 after updating B : 0.455573
Iteration number -------- 19  -----------
lambda : 1.09393
max_diff => 1.41567e-07
performed mixing
Frob norm 1 after updating U: 0.012298
200 iterations
f(b) = 0.179817
Frob norm 2 after updating B : 0.364956
Iteration number -------- 20  -----------
lambda : 1.0994
max_diff => 5.47912e-08
performed mixing
Frob norm 1 after updating U: 0.0122114
200 iterations
f(b) = 0.131158
Frob norm 2 after updating B : 0.292057
Iteration number -------- 21  -----------
lambda : 1.1049
max_diff => 5.11888e-08
performed mixing
Frob norm 1 after updating U: 0.0123285
200 iterations
f(b) = 0.103332
Frob norm 2 after updating B : 0.233846
Iteration number -------- 22  -----------
lambda : 1.11042
max_diff => 4.999e-08
performed mixing
Frob norm 1 after updating U: 0.0122206
200 iterations
f(b) = 0.0803044
Frob norm 2 after updating B : 0.187342
Iteration number -------- 23  -----------
lambda : 1.11597
max_diff => 4.999e-08
performed mixing
Frob norm 1 after updating U: 0.0122871
200 iterations
f(b) = 0.0677861
Frob norm 2 after updating B : 0.150127
Iteration number -------- 24  -----------
lambda : 1.12155
max_diff => 5.00253e-08
performed mixing
Frob norm 1 after updating U: 0.0121873
200 iterations
f(b) = 0.0613938
Frob norm 2 after updating B : 0.120377
Iteration number -------- 25  -----------
lambda : 1.12716
max_diff => 4.999e-08
performed mixing
Frob norm 1 after updating U: 0.0122603
200 iterations
f(b) = 0.0542156
Frob norm 2 after updating B : 0.0968063
Iteration number -------- 26  -----------
lambda : 1.1328
max_diff => 4.99937e-08
performed mixing
Frob norm 1 after updating U: 0.0122148
200 iterations
f(b) = 0.049837
Frob norm 2 after updating B : 0.0778928
Iteration number -------- 27  -----------
lambda : 1.13846
max_diff => 4.999e-08
performed mixing
Frob norm 1 after updating U: 0.0122615
200 iterations
f(b) = 0.0239396
Frob norm 2 after updating B : 0.0629571
Iteration number -------- 28  -----------
lambda : 1.14415
max_diff => 4.999e-08
performed mixing
Frob norm 1 after updating U: 0.0122211
200 iterations
f(b) = 0.0213816
Frob norm 2 after updating B : 0.0511009
Iteration number -------- 29  -----------
lambda : 1.14987
max_diff => 4.999e-08
performed mixing
Frob norm 1 after updating U: 0.012268
200 iterations
f(b) = 0.0191286
Frob norm 2 after updating B : 0.041569
Iteration number -------- 30  -----------
lambda : 1.15562
max_diff => 4.999e-08
performed mixing
Frob norm 1 after updating U: 0.0122345
200 iterations
f(b) = 0.0157782
Frob norm 2 after updating B : 0.0341245
Iteration number -------- 31  -----------
lambda : 1.1614
max_diff => 4.999e-08
performed mixing
Frob norm 1 after updating U: 0.0122339
200 iterations
f(b) = 0.0222897
Frob norm 2 after updating B : 0.0283467
Iteration number -------- 32  -----------
lambda : 1.16721
max_diff => 4.999e-08
performed mixing
Frob norm 1 after updating U: 0.0122282
200 iterations
f(b) = 0.0165376
Frob norm 2 after updating B : 0.0240111
Iteration number -------- 33  -----------
lambda : 1.17304
max_diff => 4.999e-08
performed mixing
Frob norm 1 after updating U: 0.0121994
200 iterations
f(b) = 0.0135997
Frob norm 2 after updating B : 0.020654
Iteration number -------- 34  -----------
lambda : 1.17891
max_diff => 4.999e-08
performed mixing
Frob norm 1 after updating U: 0.0123056
200 iterations
f(b) = 0.0154635
Frob norm 2 after updating B : 0.0181193
Iteration number -------- 35  -----------
lambda : 1.1848
max_diff => 4.999e-08
performed mixing
Frob norm 1 after updating U: 0.0122801
200 iterations
f(b) = 0.0139999
Frob norm 2 after updating B : 0.0164381
Iteration number -------- 36  -----------
lambda : 1.19073
max_diff => 4.999e-08
performed mixing
Frob norm 1 after updating U: 0.0122437
200 iterations
f(b) = 0.0152858
Frob norm 2 after updating B : 0.0149671
Iteration number -------- 37  -----------
lambda : 1.19668
max_diff => 4.999e-08
performed mixing
Frob norm 1 after updating U: 0.0121846
200 iterations
f(b) = 0.0153133
Frob norm 2 after updating B : 0.0140394
Iteration number -------- 38  -----------
lambda : 1.20266
max_diff => 4.999e-08
performed mixing
Frob norm 1 after updating U: 0.0121326
200 iterations
f(b) = 0.015795
Frob norm 2 after updating B : 0.0134681
Iteration number -------- 39  -----------
lambda : 1.20868
max_diff => 4.999e-08
performed mixing
Frob norm 1 after updating U: 0.0121654
200 iterations
f(b) = 0.0221901
Frob norm 2 after updating B : 0.013032
Iteration number -------- 40  -----------
lambda : 1.21472
max_diff => 4.999e-08
performed mixing
Frob norm 1 after updating U: 0.0121791
200 iterations
f(b) = 0.0126224
Frob norm 2 after updating B : 0.0128026
Iteration number -------- 41  -----------
lambda : 1.22079
max_diff => 4.999e-08
performed mixing
Frob norm 1 after updating U: 0.0121837
200 iterations
f(b) = 0.0143108
Frob norm 2 after updating B : 0.0126052
Iteration number -------- 42  -----------
lambda : 1.2269
max_diff => 4.999e-08
performed mixing
Frob norm 1 after updating U: 0.0122033
200 iterations
f(b) = 0.0125572
Frob norm 2 after updating B : 0.0124798
Iteration number -------- 43  -----------
lambda : 1.23303
max_diff => 4.999e-08
performed mixing
Frob norm 1 after updating U: 0.0121827
200 iterations
f(b) = 0.0137333
Frob norm 2 after updating B : 0.0123687
Iteration number -------- 44  -----------
lambda : 1.2392
max_diff => 4.999e-08
performed mixing
Frob norm 1 after updating U: 0.0121723
200 iterations
f(b) = 0.0138823
Frob norm 2 after updating B : 0.0123569
Iteration number -------- 45  -----------
lambda : 1.24539
max_diff => 4.999e-08
performed mixing
Frob norm 1 after updating U: 0.0122204
200 iterations
f(b) = 0.0142814
Frob norm 2 after updating B : 0.0122434
Iteration number -------- 46  -----------
lambda : 1.25162
max_diff => 4.999e-08
performed mixing
Frob norm 1 after updating U: 0.0121411
200 iterations
f(b) = 0.0152517
Frob norm 2 after updating B : 0.0121248
Iteration number -------- 47  -----------
lambda : 1.25788
max_diff => 4.999e-08
performed mixing
Frob norm 1 after updating U: 0.0120566
200 iterations
f(b) = 0.0136236
Frob norm 2 after updating B : 0.0122906
Iteration number -------- 48  -----------
lambda : 1.26417
max_diff => 4.999e-08
performed mixing
Frob norm 1 after updating U: 0.0122265
200 iterations
f(b) = 0.0154166
Frob norm 2 after updating B : 0.0122003
Iteration number -------- 49  -----------
lambda : 1.27049
max_diff => 4.999e-08
performed mixing
Frob norm 1 after updating U: 0.0121568
200 iterations
f(b) = 0.0132294
Frob norm 2 after updating B : 0.0121801
Iteration number -------- 50  -----------
lambda : 1.27684
max_diff => 4.999e-08
performed mixing
Frob norm 1 after updating U: 0.0121526
200 iterations
f(b) = 0.0159329
Frob norm 2 after updating B : 0.0121594
Iteration number -------- 51  -----------
lambda : 1.28323
max_diff => 4.999e-08
performed mixing
Frob norm 1 after updating U: 0.0121355
200 iterations
f(b) = 0.0138279
Frob norm 2 after updating B : 0.0122232
Iteration number -------- 52  -----------
lambda : 1.28964
max_diff => 4.999e-08
performed mixing
Frob norm 1 after updating U: 0.0121993
200 iterations
f(b) = 0.0125989
Frob norm 2 after updating B : 0.0122486
Iteration number -------- 53  -----------
lambda : 1.29609
max_diff => 4.999e-08
performed mixing
Frob norm 1 after updating U: 0.0122333
200 iterations
f(b) = 0.0157321
Frob norm 2 after updating B : 0.0122706
Iteration number -------- 54  -----------
lambda : 1.30257
max_diff => 4.999e-08
performed mixing
Frob norm 1 after updating U: 0.0122571
200 iterations
f(b) = 0.0145775
Frob norm 2 after updating B : 0.0121223
Iteration number -------- 55  -----------
lambda : 1.30908
max_diff => 4.999e-08
performed mixing
Frob norm 1 after updating U: 0.0121151
200 iterations
f(b) = 0.0147484
Frob norm 2 after updating B : 0.012221
Iteration number -------- 56  -----------
lambda : 1.31563
max_diff => 4.999e-08
performed mixing
Frob norm 1 after updating U: 0.0122203
200 iterations
f(b) = 0.0154503
Frob norm 2 after updating B : 0.0121714
Iteration number -------- 57  -----------
lambda : 1.32221
max_diff => 4.999e-08
performed mixing
Frob norm 1 after updating U: 0.0121703
200 iterations
f(b) = 0.0136482
Frob norm 2 after updating B : 0.0121796
Iteration number -------- 58  -----------
lambda : 1.32882
max_diff => 4.999e-08
performed mixing
Frob norm 1 after updating U: 0.0121748
200 iterations
f(b) = 0.0142734
Frob norm 2 after updating B : 0.0121778
Iteration number -------- 59  -----------
lambda : 1.33546
max_diff => 4.999e-08
performed mixing
Frob norm 1 after updating U: 0.0121716
200 iterations
f(b) = 0.0156123
Frob norm 2 after updating B : 0.0121822
Iteration number -------- 60  -----------
lambda : 1.34214
max_diff => 4.999e-08
performed mixing
Frob norm 1 after updating U: 0.0121823
200 iterations
f(b) = 0.0129245
Frob norm 2 after updating B : 0.0121761
Iteration number -------- 61  -----------
lambda : 1.34885
max_diff => 4.999e-08
performed mixing
Frob norm 1 after updating U: 0.0121706
200 iterations
f(b) = 0.0160156
Frob norm 2 after updating B : 0.0120456
Iteration number -------- 62  -----------
lambda : 1.35559
max_diff => 4.999e-08
performed mixing
Frob norm 1 after updating U: 0.0120386
200 iterations
f(b) = 0.0146918
Frob norm 2 after updating B : 0.0122152
Iteration number -------- 63  -----------
lambda : 1.36237
max_diff => 4.999e-08
performed mixing
Frob norm 1 after updating U: 0.0122015
200 iterations
f(b) = 0.0178676
Frob norm 2 after updating B : 0.012132
Iteration number -------- 64  -----------
lambda : 1.36918
max_diff => 4.999e-08
performed mixing
Frob norm 1 after updating U: 0.0121326
200 iterations
f(b) = 0.0147138
Frob norm 2 after updating B : 0.0121824
Iteration number -------- 65  -----------
lambda : 1.37603
max_diff => 4.999e-08
performed mixing
Frob norm 1 after updating U: 0.012175
200 iterations
f(b) = 0.0160508
Frob norm 2 after updating B : 0.0120728
Iteration number -------- 66  -----------
lambda : 1.38291
max_diff => 4.999e-08
performed mixing
Frob norm 1 after updating U: 0.0120792
200 iterations
f(b) = 0.0158966
Frob norm 2 after updating B : 0.0121233
Iteration number -------- 67  -----------
lambda : 1.38982
max_diff => 4.999e-08
performed mixing
Frob norm 1 after updating U: 0.0121229
200 iterations
f(b) = 0.0132374
Frob norm 2 after updating B : 0.0121868
Iteration number -------- 68  -----------
lambda : 1.39677
max_diff => 4.999e-08
performed mixing
Frob norm 1 after updating U: 0.0121846
200 iterations
f(b) = 0.0138499
Frob norm 2 after updating B : 0.0121243
Iteration number -------- 69  -----------
lambda : 1.40376
max_diff => 4.999e-08
performed mixing
Frob norm 1 after updating U: 0.0121198
200 iterations
f(b) = 0.0158756
Frob norm 2 after updating B : 0.0121932
Iteration number -------- 70  -----------
lambda : 1.41078
max_diff => 4.999e-08
performed mixing
Frob norm 1 after updating U: 0.0121883
200 iterations
f(b) = 0.0148904
Frob norm 2 after updating B : 0.012279
Iteration number -------- 71  -----------
lambda : 1.41783
max_diff => 4.999e-08
performed mixing
Frob norm 1 after updating U: 0.0122717
200 iterations
f(b) = 0.0188463
Frob norm 2 after updating B : 0.0121587
Iteration number -------- 72  -----------
lambda : 1.42492
max_diff => 4.999e-08
performed mixing
Frob norm 1 after updating U: 0.0121532
200 iterations
f(b) = 0.0136961
Frob norm 2 after updating B : 0.0121883
Iteration number -------- 73  -----------
lambda : 1.43204
max_diff => 4.999e-08
performed mixing
Frob norm 1 after updating U: 0.0121847
200 iterations
f(b) = 0.015213
Frob norm 2 after updating B : 0.0121026
Iteration number -------- 74  -----------
lambda : 1.4392
max_diff => 4.999e-08
performed mixing
Frob norm 1 after updating U: 0.0121028
200 iterations
f(b) = 0.0152382
Frob norm 2 after updating B : 0.0122542
Iteration number -------- 75  -----------
lambda : 1.4464
max_diff => 4.999e-08
performed mixing
Frob norm 1 after updating U: 0.0122419
200 iterations
f(b) = 0.0152615
Frob norm 2 after updating B : 0.012169
Iteration number -------- 76  -----------
lambda : 1.45363
max_diff => 4.999e-08
performed mixing
Frob norm 1 after updating U: 0.0121617
200 iterations
f(b) = 0.0182264
Frob norm 2 after updating B : 0.0120599
Iteration number -------- 77  -----------
lambda : 1.4609
max_diff => 4.999e-08
performed mixing
Frob norm 1 after updating U: 0.0120635
200 iterations
f(b) = 0.0179401
Frob norm 2 after updating B : 0.0122162
Iteration number -------- 78  -----------
lambda : 1.46821
max_diff => 4.999e-08
performed mixing
Frob norm 1 after updating U: 0.0122135
200 iterations
f(b) = 0.0162455
Frob norm 2 after updating B : 0.0121708
Iteration number -------- 79  -----------
lambda : 1.47555
max_diff => 4.999e-08
performed mixing
Frob norm 1 after updating U: 0.0121676
200 iterations
f(b) = 0.0153533
Frob norm 2 after updating B : 0.0122252
Iteration number -------- 80  -----------
lambda : 1.48292
max_diff => 4.999e-08
performed mixing
Frob norm 1 after updating U: 0.0122236
200 iterations
f(b) = 0.016487
Frob norm 2 after updating B : 0.012173
Iteration number -------- 81  -----------
lambda : 1.49034
max_diff => 4.999e-08
performed mixing
Frob norm 1 after updating U: 0.0121724
200 iterations
f(b) = 0.0148852
Frob norm 2 after updating B : 0.0121962
Iteration number -------- 82  -----------
lambda : 1.49779
max_diff => 4.999e-08
performed mixing
Frob norm 1 after updating U: 0.0121887
200 iterations
f(b) = 0.0141949
Frob norm 2 after updating B : 0.0121884
Iteration number -------- 83  -----------
lambda : 1.50528
max_diff => 4.999e-08
performed mixing
Frob norm 1 after updating U: 0.0121878
200 iterations
f(b) = 0.0165013
Frob norm 2 after updating B : 0.0122016
Iteration number -------- 84  -----------
lambda : 1.51281
max_diff => 4.999e-08
performed mixing
Frob norm 1 after updating U: 0.0121984
200 iterations
f(b) = 0.0169208
Frob norm 2 after updating B : 0.0122302
Iteration number -------- 85  -----------
lambda : 1.52037
max_diff => 4.999e-08
performed mixing
Frob norm 1 after updating U: 0.0122261
200 iterations
f(b) = 0.0159514
Frob norm 2 after updating B : 0.0121753
Iteration number -------- 86  -----------
lambda : 1.52797
max_diff => 4.999e-08
performed mixing
Frob norm 1 after updating U: 0.0121776
200 iterations
f(b) = 0.0238393
Frob norm 2 after updating B : 0.0120869
Iteration number -------- 87  -----------
lambda : 1.53561
max_diff => 4.999e-08
performed mixing
Frob norm 1 after updating U: 0.0120823
200 iterations
f(b) = 0.0122397
Frob norm 2 after updating B : 0.0122578
Iteration number -------- 88  -----------
lambda : 1.54329
max_diff => 4.999e-08
performed mixing
Frob norm 1 after updating U: 0.0122485
200 iterations
f(b) = 0.0159028
Frob norm 2 after updating B : 0.0121775
Iteration number -------- 89  -----------
lambda : 1.55101
max_diff => 4.999e-08
performed mixing
Frob norm 1 after updating U: 0.0121758
200 iterations
f(b) = 0.0156307
Frob norm 2 after updating B : 0.0122048
Iteration number -------- 90  -----------
lambda : 1.55876
max_diff => 4.999e-08
performed mixing
Frob norm 1 after updating U: 0.0122056
200 iterations
f(b) = 0.0160117
Frob norm 2 after updating B : 0.0122088
Iteration number -------- 91  -----------
lambda : 1.56655
max_diff => 4.999e-08
performed mixing
Frob norm 1 after updating U: 0.0122059
200 iterations
f(b) = 0.0159129
Frob norm 2 after updating B : 0.0122438
Iteration number -------- 92  -----------
lambda : 1.57439
max_diff => 4.999e-08
performed mixing
Frob norm 1 after updating U: 0.012237
200 iterations
f(b) = 0.0154736
Frob norm 2 after updating B : 0.0123009
Iteration number -------- 93  -----------
lambda : 1.58226
max_diff => 4.999e-08
performed mixing
Frob norm 1 after updating U: 0.012295
200 iterations
f(b) = 0.0179089
Frob norm 2 after updating B : 0.0121552
Iteration number -------- 94  -----------
lambda : 1.59017
max_diff => 4.999e-08
performed mixing
Frob norm 1 after updating U: 0.0121543
200 iterations
f(b) = 0.0162726
Frob norm 2 after updating B : 0.0120849
Iteration number -------- 95  -----------
lambda : 1.59812
max_diff => 4.999e-08
performed mixing
Frob norm 1 after updating U: 0.0120881
200 iterations
f(b) = 0.0165286
Frob norm 2 after updating B : 0.0121303
Iteration number -------- 96  -----------
lambda : 1.60611
max_diff => 4.999e-08
performed mixing
Frob norm 1 after updating U: 0.0121295
200 iterations
f(b) = 0.0172511
Frob norm 2 after updating B : 0.0121664
Iteration number -------- 97  -----------
lambda : 1.61414
max_diff => 4.999e-08
performed mixing
Frob norm 1 after updating U: 0.0121649
200 iterations
f(b) = 0.013741
Frob norm 2 after updating B : 0.0122298
Iteration number -------- 98  -----------
lambda : 1.62221
max_diff => 4.999e-08
performed mixing
Frob norm 1 after updating U: 0.0122189
200 iterations
f(b) = 0.0165101
Frob norm 2 after updating B : 0.0121596
Iteration number -------- 99  -----------
lambda : 1.63032
max_diff => 4.999e-08
performed mixing
Frob norm 1 after updating U: 0.012164
200 iterations
f(b) = 0.0203357
Frob norm 2 after updating B : 0.0120906
Iteration number -------- 100  -----------
lambda : 1.63848
max_diff => 4.999e-08
