Academic license - for non-commercial use only
Frob norm 1 after updating U: 11.4954
200 iterations
f(b) = 63.0864
Frob norm 2 after updating B : 7.29424
Iteration number -------- 1  -----------
lambda : 1
max_diff => 0.158248
performed mixing
Frob norm 1 after updating U: 6.56526
200 iterations
f(b) = 58.7561
Frob norm 2 after updating B : 7.01071
Iteration number -------- 2  -----------
lambda : 1.005
max_diff => 0.166896
performed mixing
Frob norm 1 after updating U: 6.1858
200 iterations
f(b) = 54.0876
Frob norm 2 after updating B : 6.71434
Iteration number -------- 3  -----------
lambda : 1.01002
max_diff => 0.162873
performed mixing
Frob norm 1 after updating U: 5.70666
200 iterations
f(b) = 49.0579
Frob norm 2 after updating B : 6.40434
Iteration number -------- 4  -----------
lambda : 1.01508
max_diff => 0.136902
performed mixing
Frob norm 1 after updating U: 5.31618
200 iterations
f(b) = 43.9841
Frob norm 2 after updating B : 6.0826
Iteration number -------- 5  -----------
lambda : 1.02015
max_diff => 0.0970448
performed mixing
Frob norm 1 after updating U: 5.05819
200 iterations
f(b) = 39.2085
Frob norm 2 after updating B : 5.81239
Iteration number -------- 6  -----------
lambda : 1.02525
max_diff => 0.0933417
performed mixing
Frob norm 1 after updating U: 4.84835
200 iterations
f(b) = 35.3025
Frob norm 2 after updating B : 5.51129
Iteration number -------- 7  -----------
lambda : 1.03038
max_diff => 0.0978895
performed mixing
Frob norm 1 after updating U: 4.7537
200 iterations
f(b) = 32.4771
Frob norm 2 after updating B : 5.25761
Iteration number -------- 8  -----------
lambda : 1.03553
max_diff => 0.101523
performed mixing
Frob norm 1 after updating U: 4.68617
200 iterations
f(b) = 30.392
Frob norm 2 after updating B : 5.0685
Iteration number -------- 9  -----------
lambda : 1.04071
max_diff => 0.104641
performed mixing
Frob norm 1 after updating U: 4.58473
200 iterations
f(b) = 28.6648
Frob norm 2 after updating B : 4.91649
Iteration number -------- 10  -----------
lambda : 1.04591
max_diff => 0.10431
performed mixing
Frob norm 1 after updating U: 4.47431
200 iterations
f(b) = 27.1052
Frob norm 2 after updating B : 4.78078
Iteration number -------- 11  -----------
lambda : 1.05114
max_diff => 0.0998013
performed mixing
Frob norm 1 after updating U: 4.37074
200 iterations
f(b) = 24.9287
Frob norm 2 after updating B : 4.58191
Iteration number -------- 12  -----------
lambda : 1.0564
max_diff => 0.104182
performed mixing
Frob norm 1 after updating U: 3.96766
200 iterations
f(b) = 22.6746
Frob norm 2 after updating B : 4.41695
Iteration number -------- 13  -----------
lambda : 1.06168
max_diff => 0.0740043
performed mixing
Frob norm 1 after updating U: 3.84687
200 iterations
f(b) = 20.8839
Frob norm 2 after updating B : 4.28487
Iteration number -------- 14  -----------
lambda : 1.06699
max_diff => 0.0625659
performed mixing
Frob norm 1 after updating U: 3.72843
200 iterations
f(b) = 19.2828
Frob norm 2 after updating B : 4.11785
Iteration number -------- 15  -----------
lambda : 1.07232
max_diff => 0.0624573
performed mixing
Frob norm 1 after updating U: 3.63104
200 iterations
f(b) = 17.9064
Frob norm 2 after updating B : 3.96113
Iteration number -------- 16  -----------
lambda : 1.07768
max_diff => 0.0615703
performed mixing
Frob norm 1 after updating U: 3.48796
200 iterations
f(b) = 16.6195
Frob norm 2 after updating B : 3.79601
Iteration number -------- 17  -----------
lambda : 1.08307
max_diff => 0.0624576
performed mixing
Frob norm 1 after updating U: 3.3289
200 iterations
f(b) = 15.3654
Frob norm 2 after updating B : 3.65032
Iteration number -------- 18  -----------
lambda : 1.08849
max_diff => 0.0551908
performed mixing
Frob norm 1 after updating U: 3.09197
200 iterations
f(b) = 14.0216
Frob norm 2 after updating B : 3.47135
Iteration number -------- 19  -----------
lambda : 1.09393
max_diff => 0.0611308
performed mixing
Frob norm 1 after updating U: 2.87352
200 iterations
f(b) = 12.6602
Frob norm 2 after updating B : 3.29782
Iteration number -------- 20  -----------
lambda : 1.0994
max_diff => 0.0606252
performed mixing
Frob norm 1 after updating U: 2.68332
200 iterations
f(b) = 11.3946
Frob norm 2 after updating B : 3.11766
Iteration number -------- 21  -----------
lambda : 1.1049
max_diff => 0.0625878
performed mixing
Frob norm 1 after updating U: 2.53994
200 iterations
f(b) = 10.2513
Frob norm 2 after updating B : 2.97779
Iteration number -------- 22  -----------
lambda : 1.11042
max_diff => 0.0581805
performed mixing
Frob norm 1 after updating U: 2.39716
200 iterations
f(b) = 9.27433
Frob norm 2 after updating B : 2.81935
Iteration number -------- 23  -----------
lambda : 1.11597
max_diff => 0.0489325
performed mixing
Frob norm 1 after updating U: 2.32977
200 iterations
f(b) = 8.48259
Frob norm 2 after updating B : 2.6692
Iteration number -------- 24  -----------
lambda : 1.12155
max_diff => 0.0434718
performed mixing
Frob norm 1 after updating U: 2.30992
200 iterations
f(b) = 7.87992
Frob norm 2 after updating B : 2.59344
Iteration number -------- 25  -----------
lambda : 1.12716
max_diff => 0.0348106
performed mixing
Frob norm 1 after updating U: 2.28956
200 iterations
f(b) = 7.40558
Frob norm 2 after updating B : 2.49763
Iteration number -------- 26  -----------
lambda : 1.1328
max_diff => 0.0321875
performed mixing
Frob norm 1 after updating U: 2.28527
200 iterations
f(b) = 7.03738
Frob norm 2 after updating B : 2.45433
Iteration number -------- 27  -----------
lambda : 1.13846
max_diff => 0.0273782
performed mixing
Frob norm 1 after updating U: 2.28254
200 iterations
f(b) = 6.69913
Frob norm 2 after updating B : 2.44364
Iteration number -------- 28  -----------
lambda : 1.14415
max_diff => 0.0232386
performed mixing
Frob norm 1 after updating U: 2.28888
200 iterations
f(b) = 6.45623
Frob norm 2 after updating B : 2.38911
Iteration number -------- 29  -----------
lambda : 1.14987
max_diff => 0.0231686
performed mixing
Frob norm 1 after updating U: 2.2891
200 iterations
f(b) = 6.20308
Frob norm 2 after updating B : 2.37306
Iteration number -------- 30  -----------
lambda : 1.15562
max_diff => 0.0209113
performed mixing
Frob norm 1 after updating U: 2.29382
200 iterations
f(b) = 6.10266
Frob norm 2 after updating B : 2.34465
Iteration number -------- 31  -----------
lambda : 1.1614
max_diff => 0.0207897
performed mixing
Frob norm 1 after updating U: 2.29408
200 iterations
f(b) = 5.99239
Frob norm 2 after updating B : 2.32689
Iteration number -------- 32  -----------
lambda : 1.16721
max_diff => 0.0195027
performed mixing
Frob norm 1 after updating U: 2.29283
200 iterations
f(b) = 5.95195
Frob norm 2 after updating B : 2.3143
Iteration number -------- 33  -----------
lambda : 1.17304
max_diff => 0.0194474
performed mixing
Frob norm 1 after updating U: 2.29292
200 iterations
f(b) = 5.91949
Frob norm 2 after updating B : 2.30643
Iteration number -------- 34  -----------
lambda : 1.17891
max_diff => 0.0192774
performed mixing
Frob norm 1 after updating U: 2.29314
200 iterations
f(b) = 5.90045
Frob norm 2 after updating B : 2.30141
Iteration number -------- 35  -----------
lambda : 1.1848
max_diff => 0.019219
performed mixing
Frob norm 1 after updating U: 2.29324
200 iterations
f(b) = 5.88769
Frob norm 2 after updating B : 2.29827
Iteration number -------- 36  -----------
lambda : 1.19073
max_diff => 0.0191622
performed mixing
Frob norm 1 after updating U: 2.29331
200 iterations
f(b) = 5.88045
Frob norm 2 after updating B : 2.29629
Iteration number -------- 37  -----------
lambda : 1.19668
max_diff => 0.019034
performed mixing
Frob norm 1 after updating U: 2.29337
200 iterations
f(b) = 5.87624
Frob norm 2 after updating B : 2.29505
Iteration number -------- 38  -----------
lambda : 1.20266
max_diff => 0.0189014
performed mixing
Frob norm 1 after updating U: 2.29341
200 iterations
f(b) = 5.87515
Frob norm 2 after updating B : 2.29444
Iteration number -------- 39  -----------
lambda : 1.20868
max_diff => 0.0187298
performed mixing
Frob norm 1 after updating U: 2.2936
200 iterations
f(b) = 5.87478
Frob norm 2 after updating B : 2.29402
Iteration number -------- 40  -----------
lambda : 1.21472
max_diff => 0.018578
performed mixing
Frob norm 1 after updating U: 2.2937
200 iterations
f(b) = 5.84917
Frob norm 2 after updating B : 2.29496
Iteration number -------- 41  -----------
lambda : 1.22079
max_diff => 0.0170702
performed mixing
Frob norm 1 after updating U: 2.29486
200 iterations
f(b) = 5.86943
Frob norm 2 after updating B : 2.29506
Iteration number -------- 42  -----------
lambda : 1.2269
max_diff => 0.0169367
performed mixing
Frob norm 1 after updating U: 2.29515
200 iterations
f(b) = 5.87158
Frob norm 2 after updating B : 2.29508
Iteration number -------- 43  -----------
lambda : 1.23303
max_diff => 0.0168331
performed mixing
Frob norm 1 after updating U: 2.29526
200 iterations
f(b) = 5.87396
Frob norm 2 after updating B : 2.29518
Iteration number -------- 44  -----------
lambda : 1.2392
max_diff => 0.0167687
performed mixing
Frob norm 1 after updating U: 2.29544
200 iterations
f(b) = 5.8733
Frob norm 2 after updating B : 2.29557
Iteration number -------- 45  -----------
lambda : 1.24539
max_diff => 0.0165711
performed mixing
Frob norm 1 after updating U: 2.29591
200 iterations
f(b) = 5.87807
Frob norm 2 after updating B : 2.2958
Iteration number -------- 46  -----------
lambda : 1.25162
max_diff => 0.0164695
performed mixing
Frob norm 1 after updating U: 2.29614
200 iterations
f(b) = 5.87535
Frob norm 2 after updating B : 2.29581
Iteration number -------- 47  -----------
lambda : 1.25788
max_diff => 0.016227
performed mixing
Frob norm 1 after updating U: 2.29607
200 iterations
f(b) = 5.8642
Frob norm 2 after updating B : 2.29378
Iteration number -------- 48  -----------
lambda : 1.26417
max_diff => 0.0160661
performed mixing
Frob norm 1 after updating U: 2.29448
200 iterations
f(b) = 5.88229
Frob norm 2 after updating B : 2.29412
Iteration number -------- 49  -----------
lambda : 1.27049
max_diff => 0.0160117
performed mixing
Frob norm 1 after updating U: 2.2948
200 iterations
f(b) = 5.84033
Frob norm 2 after updating B : 2.29474
Iteration number -------- 50  -----------
lambda : 1.27684
max_diff => 0.0158493
performed mixing
Frob norm 1 after updating U: 2.29528
200 iterations
f(b) = 5.88794
Frob norm 2 after updating B : 2.29502
Iteration number -------- 51  -----------
lambda : 1.28323
max_diff => 0.0157444
performed mixing
Frob norm 1 after updating U: 2.29547
200 iterations
f(b) = 5.89135
Frob norm 2 after updating B : 2.29536
Iteration number -------- 52  -----------
lambda : 1.28964
max_diff => 0.015672
performed mixing
Frob norm 1 after updating U: 2.29574
200 iterations
f(b) = 5.89431
Frob norm 2 after updating B : 2.29579
Iteration number -------- 53  -----------
lambda : 1.29609
max_diff => 0.0155594
performed mixing
Frob norm 1 after updating U: 2.29608
200 iterations
f(b) = 5.89684
Frob norm 2 after updating B : 2.29621
Iteration number -------- 54  -----------
lambda : 1.30257
max_diff => 0.0154442
performed mixing
Frob norm 1 after updating U: 2.29643
200 iterations
f(b) = 5.8868
Frob norm 2 after updating B : 2.29698
Iteration number -------- 55  -----------
lambda : 1.30908
max_diff => 0.0151959
performed mixing
Frob norm 1 after updating U: 2.29704
200 iterations
f(b) = 5.90243
Frob norm 2 after updating B : 2.29724
Iteration number -------- 56  -----------
lambda : 1.31563
max_diff => 0.0151458
performed mixing
Frob norm 1 after updating U: 2.29732
200 iterations
f(b) = 5.87701
Frob norm 2 after updating B : 2.29946
Iteration number -------- 57  -----------
lambda : 1.32221
max_diff => 0.0144568
performed mixing
Frob norm 1 after updating U: 2.29899
200 iterations
f(b) = 5.90417
Frob norm 2 after updating B : 2.29967
Iteration number -------- 58  -----------
lambda : 1.32882
max_diff => 0.0143927
performed mixing
Frob norm 1 after updating U: 2.29932
200 iterations
f(b) = 5.90513
Frob norm 2 after updating B : 2.30006
Iteration number -------- 59  -----------
lambda : 1.33546
max_diff => 0.0142757
performed mixing
Frob norm 1 after updating U: 2.2998
200 iterations
f(b) = 5.90807
Frob norm 2 after updating B : 2.30049
Iteration number -------- 60  -----------
lambda : 1.34214
max_diff => 0.0141793
performed mixing
Frob norm 1 after updating U: 2.30028
200 iterations
f(b) = 5.91222
Frob norm 2 after updating B : 2.30067
Iteration number -------- 61  -----------
lambda : 1.34885
max_diff => 0.0141415
performed mixing
Frob norm 1 after updating U: 2.30056
200 iterations
f(b) = 5.91305
Frob norm 2 after updating B : 2.29685
Iteration number -------- 62  -----------
lambda : 1.35559
max_diff => 0.0147574
performed mixing
Frob norm 1 after updating U: 2.29603
200 iterations
f(b) = 5.93377
Frob norm 2 after updating B : 2.29808
Iteration number -------- 63  -----------
lambda : 1.36237
max_diff => 0.0143597
performed mixing
Frob norm 1 after updating U: 2.29753
200 iterations
f(b) = 5.9347
Frob norm 2 after updating B : 2.29864
Iteration number -------- 64  -----------
lambda : 1.36918
max_diff => 0.014146
performed mixing
Frob norm 1 after updating U: 2.29825
200 iterations
f(b) = 5.93757
Frob norm 2 after updating B : 2.29905
Iteration number -------- 65  -----------
lambda : 1.37603
max_diff => 0.0140016
performed mixing
Frob norm 1 after updating U: 2.2988
200 iterations
f(b) = 5.93411
Frob norm 2 after updating B : 2.3001
Iteration number -------- 66  -----------
lambda : 1.38291
max_diff => 0.0137041
performed mixing
Frob norm 1 after updating U: 2.29997
200 iterations
f(b) = 5.93819
Frob norm 2 after updating B : 2.30087
Iteration number -------- 67  -----------
lambda : 1.38982
max_diff => 0.013526
performed mixing
Frob norm 1 after updating U: 2.30091
200 iterations
f(b) = 5.93881
Frob norm 2 after updating B : 2.30182
Iteration number -------- 68  -----------
lambda : 1.39677
max_diff => 0.0133019
performed mixing
Frob norm 1 after updating U: 2.3018
200 iterations
f(b) = 5.93997
Frob norm 2 after updating B : 2.30282
Iteration number -------- 69  -----------
lambda : 1.40376
max_diff => 0.0131694
performed mixing
Frob norm 1 after updating U: 2.30281
200 iterations
f(b) = 5.88918
Frob norm 2 after updating B : 2.30476
Iteration number -------- 70  -----------
lambda : 1.41078
max_diff => 0.0129612
performed mixing
Frob norm 1 after updating U: 2.30449
200 iterations
f(b) = 5.94042
Frob norm 2 after updating B : 2.30503
Iteration number -------- 71  -----------
lambda : 1.41783
max_diff => 0.0129021
performed mixing
Frob norm 1 after updating U: 2.30483
200 iterations
f(b) = 5.93761
Frob norm 2 after updating B : 2.30658
Iteration number -------- 72  -----------
lambda : 1.42492
max_diff => 0.0128044
performed mixing
Frob norm 1 after updating U: 2.30641
200 iterations
f(b) = 5.94127
Frob norm 2 after updating B : 2.30688
Iteration number -------- 73  -----------
lambda : 1.43204
max_diff => 0.012743
performed mixing
Frob norm 1 after updating U: 2.30671
200 iterations
f(b) = 5.94353
Frob norm 2 after updating B : 2.30737
Iteration number -------- 74  -----------
lambda : 1.4392
max_diff => 0.012689
performed mixing
Frob norm 1 after updating U: 2.30721
200 iterations
f(b) = 5.94763
Frob norm 2 after updating B : 2.30737
Iteration number -------- 75  -----------
lambda : 1.4464
max_diff => 0.0126583
performed mixing
Frob norm 1 after updating U: 2.30725
200 iterations
f(b) = 5.94886
Frob norm 2 after updating B : 2.30773
Iteration number -------- 76  -----------
lambda : 1.45363
max_diff => 0.0125935
performed mixing
Frob norm 1 after updating U: 2.30765
200 iterations
f(b) = 5.95098
Frob norm 2 after updating B : 2.30865
Iteration number -------- 77  -----------
lambda : 1.4609
max_diff => 0.0124599
performed mixing
Frob norm 1 after updating U: 2.30853
200 iterations
f(b) = 5.95355
Frob norm 2 after updating B : 2.30887
Iteration number -------- 78  -----------
lambda : 1.46821
max_diff => 0.0124063
performed mixing
Frob norm 1 after updating U: 2.30874
200 iterations
f(b) = 5.95792
Frob norm 2 after updating B : 2.30911
Iteration number -------- 79  -----------
lambda : 1.47555
max_diff => 0.0123628
performed mixing
Frob norm 1 after updating U: 2.309
200 iterations
f(b) = 5.96042
Frob norm 2 after updating B : 2.30941
Iteration number -------- 80  -----------
lambda : 1.48292
max_diff => 0.0123252
performed mixing
Frob norm 1 after updating U: 2.30928
200 iterations
f(b) = 5.96352
Frob norm 2 after updating B : 2.30975
Iteration number -------- 81  -----------
lambda : 1.49034
max_diff => 0.0122814
performed mixing
Frob norm 1 after updating U: 2.3096
200 iterations
f(b) = 5.9654
Frob norm 2 after updating B : 2.30994
Iteration number -------- 82  -----------
lambda : 1.49779
max_diff => 0.0122428
performed mixing
Frob norm 1 after updating U: 2.30983
200 iterations
f(b) = 5.96977
Frob norm 2 after updating B : 2.31021
Iteration number -------- 83  -----------
lambda : 1.50528
max_diff => 0.012186
performed mixing
Frob norm 1 after updating U: 2.31014
200 iterations
f(b) = 5.97185
Frob norm 2 after updating B : 2.31066
Iteration number -------- 84  -----------
lambda : 1.51281
max_diff => 0.012121
performed mixing
Frob norm 1 after updating U: 2.31052
200 iterations
f(b) = 5.97435
Frob norm 2 after updating B : 2.31114
Iteration number -------- 85  -----------
lambda : 1.52037
max_diff => 0.0120465
performed mixing
Frob norm 1 after updating U: 2.31102
200 iterations
f(b) = 5.97553
Frob norm 2 after updating B : 2.31164
Iteration number -------- 86  -----------
lambda : 1.52797
max_diff => 0.0119733
performed mixing
Frob norm 1 after updating U: 2.31143
200 iterations
f(b) = 5.97955
Frob norm 2 after updating B : 2.31189
Iteration number -------- 87  -----------
lambda : 1.53561
max_diff => 0.0119319
performed mixing
Frob norm 1 after updating U: 2.31174
200 iterations
f(b) = 5.98174
Frob norm 2 after updating B : 2.3124
Iteration number -------- 88  -----------
lambda : 1.54329
max_diff => 0.0118422
performed mixing
Frob norm 1 after updating U: 2.31225
200 iterations
f(b) = 5.98416
Frob norm 2 after updating B : 2.31275
Iteration number -------- 89  -----------
lambda : 1.55101
max_diff => 0.0117823
performed mixing
Frob norm 1 after updating U: 2.31263
200 iterations
f(b) = 5.98656
Frob norm 2 after updating B : 2.31336
Iteration number -------- 90  -----------
lambda : 1.55876
max_diff => 0.0116857
performed mixing
Frob norm 1 after updating U: 2.31313
200 iterations
f(b) = 5.98632
Frob norm 2 after updating B : 2.31539
Iteration number -------- 91  -----------
lambda : 1.56655
max_diff => 0.0114253
performed mixing
Frob norm 1 after updating U: 2.31485
200 iterations
f(b) = 5.98995
Frob norm 2 after updating B : 2.31595
Iteration number -------- 92  -----------
lambda : 1.57439
max_diff => 0.0113413
performed mixing
Frob norm 1 after updating U: 2.31541
200 iterations
f(b) = 5.9925
Frob norm 2 after updating B : 2.31651
Iteration number -------- 93  -----------
lambda : 1.58226
max_diff => 0.0112485
performed mixing
Frob norm 1 after updating U: 2.31601
200 iterations
f(b) = 5.97387
Frob norm 2 after updating B : 2.31875
Iteration number -------- 94  -----------
lambda : 1.59017
max_diff => 0.0109382
performed mixing
Frob norm 1 after updating U: 2.31798
200 iterations
f(b) = 5.9921
Frob norm 2 after updating B : 2.31934
Iteration number -------- 95  -----------
lambda : 1.59812
max_diff => 0.0108659
performed mixing
Frob norm 1 after updating U: 2.31869
200 iterations
f(b) = 5.99719
Frob norm 2 after updating B : 2.31943
Iteration number -------- 96  -----------
lambda : 1.60611
max_diff => 0.0108431
performed mixing
Frob norm 1 after updating U: 2.3189
200 iterations
f(b) = 5.99861
Frob norm 2 after updating B : 2.32015
Iteration number -------- 97  -----------
lambda : 1.61414
max_diff => 0.0107494
performed mixing
Frob norm 1 after updating U: 2.31962
200 iterations
f(b) = 6.00611
Frob norm 2 after updating B : 2.32037
Iteration number -------- 98  -----------
lambda : 1.62221
max_diff => 0.0107009
performed mixing
Frob norm 1 after updating U: 2.3199
200 iterations
f(b) = 6.00335
Frob norm 2 after updating B : 2.3208
Iteration number -------- 99  -----------
lambda : 1.63032
max_diff => 0.0106478
performed mixing
Frob norm 1 after updating U: 2.32042
200 iterations
f(b) = 6.00455
Frob norm 2 after updating B : 2.32191
Iteration number -------- 100  -----------
lambda : 1.63848
max_diff => 0.0105048
