Academic license - for non-commercial use only
Frob norm 1 after updating U: 11.4769
200 iterations
f(b) = 70.6562
Frob norm 2 after updating B : 8.01486
Iteration number -------- 1  -----------
lambda : 1
max_diff => 0.117222
performed mixing
Frob norm 1 after updating U: 7.54177
200 iterations
f(b) = 67.6063
Frob norm 2 after updating B : 7.82888
Iteration number -------- 2  -----------
lambda : 1.005
max_diff => 0.111876
performed mixing
Frob norm 1 after updating U: 7.38399
200 iterations
f(b) = 64.878
Frob norm 2 after updating B : 7.66092
Iteration number -------- 3  -----------
lambda : 1.01002
max_diff => 0.109374
performed mixing
Frob norm 1 after updating U: 7.24731
200 iterations
f(b) = 60.095
Frob norm 2 after updating B : 7.335
Iteration number -------- 4  -----------
lambda : 1.01508
max_diff => 0.105952
performed mixing
Frob norm 1 after updating U: 6.45357
200 iterations
f(b) = 55.385
Frob norm 2 after updating B : 7.00206
Iteration number -------- 5  -----------
lambda : 1.02015
max_diff => 0.11531
performed mixing
Frob norm 1 after updating U: 6.28174
200 iterations
f(b) = 51.6559
Frob norm 2 after updating B : 6.72499
Iteration number -------- 6  -----------
lambda : 1.02525
max_diff => 0.210018
performed mixing
Frob norm 1 after updating U: 6.13539
200 iterations
f(b) = 48.8426
Frob norm 2 after updating B : 6.52009
Iteration number -------- 7  -----------
lambda : 1.03038
max_diff => 0.221211
performed mixing
Frob norm 1 after updating U: 6.05492
200 iterations
f(b) = 46.6662
Frob norm 2 after updating B : 6.3608
Iteration number -------- 8  -----------
lambda : 1.03553
max_diff => 0.22245
performed mixing
Frob norm 1 after updating U: 5.99514
200 iterations
f(b) = 44.9854
Frob norm 2 after updating B : 6.2353
Iteration number -------- 9  -----------
lambda : 1.04071
max_diff => 0.205339
performed mixing
Frob norm 1 after updating U: 5.94133
200 iterations
f(b) = 42.5465
Frob norm 2 after updating B : 6.05641
Iteration number -------- 10  -----------
lambda : 1.04591
max_diff => 0.130487
performed mixing
Frob norm 1 after updating U: 5.73362
200 iterations
f(b) = 41.0537
Frob norm 2 after updating B : 5.95236
Iteration number -------- 11  -----------
lambda : 1.05114
max_diff => 0.12018
performed mixing
Frob norm 1 after updating U: 5.67794
200 iterations
f(b) = 39.8643
Frob norm 2 after updating B : 5.87258
Iteration number -------- 12  -----------
lambda : 1.0564
max_diff => 0.0961249
performed mixing
Frob norm 1 after updating U: 5.62995
200 iterations
f(b) = 38.8279
Frob norm 2 after updating B : 5.79687
Iteration number -------- 13  -----------
lambda : 1.06168
max_diff => 0.0773204
performed mixing
Frob norm 1 after updating U: 5.59666
200 iterations
f(b) = 36.9512
Frob norm 2 after updating B : 5.68811
Iteration number -------- 14  -----------
lambda : 1.06699
max_diff => 0.0609699
performed mixing
Frob norm 1 after updating U: 5.4853
200 iterations
f(b) = 36.1575
Frob norm 2 after updating B : 5.62048
Iteration number -------- 15  -----------
lambda : 1.07232
max_diff => 0.060496
performed mixing
Frob norm 1 after updating U: 5.48227
200 iterations
f(b) = 35.5577
Frob norm 2 after updating B : 5.58616
Iteration number -------- 16  -----------
lambda : 1.07768
max_diff => 0.0601472
performed mixing
Frob norm 1 after updating U: 5.46593
200 iterations
f(b) = 35.0562
Frob norm 2 after updating B : 5.55481
Iteration number -------- 17  -----------
lambda : 1.08307
max_diff => 0.0602543
performed mixing
Frob norm 1 after updating U: 5.45883
200 iterations
f(b) = 34.6359
Frob norm 2 after updating B : 5.53866
Iteration number -------- 18  -----------
lambda : 1.08849
max_diff => 0.060988
performed mixing
Frob norm 1 after updating U: 5.44542
200 iterations
f(b) = 34.3067
Frob norm 2 after updating B : 5.50567
Iteration number -------- 19  -----------
lambda : 1.09393
max_diff => 0.0610491
performed mixing
Frob norm 1 after updating U: 5.44491
200 iterations
f(b) = 33.9461
Frob norm 2 after updating B : 5.50747
Iteration number -------- 20  -----------
lambda : 1.0994
max_diff => 0.0636422
performed mixing
Frob norm 1 after updating U: 5.42429
200 iterations
f(b) = 31.6671
Frob norm 2 after updating B : 5.2597
Iteration number -------- 21  -----------
lambda : 1.1049
max_diff => 0.111507
performed mixing
Frob norm 1 after updating U: 4.71891
200 iterations
f(b) = 24.2804
Frob norm 2 after updating B : 4.63445
Iteration number -------- 22  -----------
lambda : 1.11042
max_diff => 0.0507245
performed mixing
Frob norm 1 after updating U: 2.39023
200 iterations
f(b) = 17.5735
Frob norm 2 after updating B : 3.86239
Iteration number -------- 23  -----------
lambda : 1.11597
max_diff => 0.0785374
performed mixing
Frob norm 1 after updating U: 1.68202
200 iterations
f(b) = 13.1207
Frob norm 2 after updating B : 3.26583
Iteration number -------- 24  -----------
lambda : 1.12155
max_diff => 0.0886046
performed mixing
Frob norm 1 after updating U: 1.22519
200 iterations
f(b) = 9.96889
Frob norm 2 after updating B : 2.77691
Iteration number -------- 25  -----------
lambda : 1.12716
max_diff => 0.0820845
performed mixing
Frob norm 1 after updating U: 0.892319
200 iterations
f(b) = 7.68242
Frob norm 2 after updating B : 2.36612
Iteration number -------- 26  -----------
lambda : 1.1328
max_diff => 0.0681164
performed mixing
Frob norm 1 after updating U: 0.686535
200 iterations
f(b) = 5.93584
Frob norm 2 after updating B : 2.05521
Iteration number -------- 27  -----------
lambda : 1.13846
max_diff => 0.0539878
performed mixing
Frob norm 1 after updating U: 0.479357
200 iterations
f(b) = 4.59235
Frob norm 2 after updating B : 1.7871
Iteration number -------- 28  -----------
lambda : 1.14415
max_diff => 0.041656
performed mixing
Frob norm 1 after updating U: 0.359185
200 iterations
f(b) = 3.53567
Frob norm 2 after updating B : 1.55285
Iteration number -------- 29  -----------
lambda : 1.14987
max_diff => 0.0311443
performed mixing
Frob norm 1 after updating U: 0.291367
200 iterations
f(b) = 2.79776
Frob norm 2 after updating B : 1.26667
Iteration number -------- 30  -----------
lambda : 1.15562
max_diff => 0.0308422
performed mixing
Frob norm 1 after updating U: 0.289564
200 iterations
f(b) = 2.15333
Frob norm 2 after updating B : 1.12945
Iteration number -------- 31  -----------
lambda : 1.1614
max_diff => 0.0199208
performed mixing
Frob norm 1 after updating U: 0.240444
200 iterations
f(b) = 1.76516
Frob norm 2 after updating B : 0.924059
Iteration number -------- 32  -----------
lambda : 1.16721
max_diff => 0.0197187
performed mixing
Frob norm 1 after updating U: 0.239463
200 iterations
f(b) = 1.33679
Frob norm 2 after updating B : 0.968426
Iteration number -------- 33  -----------
lambda : 1.17304
max_diff => 0.00381746
performed mixing
Frob norm 1 after updating U: 0.123513
200 iterations
f(b) = 1.03457
Frob norm 2 after updating B : 0.78631
Iteration number -------- 34  -----------
lambda : 1.17891
max_diff => 0.0036996
performed mixing
Frob norm 1 after updating U: 0.121935
200 iterations
f(b) = 0.734927
Frob norm 2 after updating B : 0.780863
Iteration number -------- 35  -----------
lambda : 1.1848
max_diff => 0.000620585
performed mixing
Frob norm 1 after updating U: 0.0658921
200 iterations
f(b) = 0.556701
Frob norm 2 after updating B : 0.632516
Iteration number -------- 36  -----------
lambda : 1.19073
max_diff => 0.000590996
performed mixing
Frob norm 1 after updating U: 0.0647023
200 iterations
f(b) = 0.361192
Frob norm 2 after updating B : 0.573104
Iteration number -------- 37  -----------
lambda : 1.19668
max_diff => 4.82473e-05
performed mixing
Frob norm 1 after updating U: 0.0291251
200 iterations
f(b) = 0.270285
Frob norm 2 after updating B : 0.462592
Iteration number -------- 38  -----------
lambda : 1.20266
max_diff => 2.72842e-05
performed mixing
Frob norm 1 after updating U: 0.0233312
200 iterations
f(b) = 0.187938
Frob norm 2 after updating B : 0.376793
Iteration number -------- 39  -----------
lambda : 1.20868
max_diff => 6.86775e-08
performed mixing
Frob norm 1 after updating U: 0.0123075
200 iterations
f(b) = 0.142426
Frob norm 2 after updating B : 0.301758
Iteration number -------- 40  -----------
lambda : 1.21472
max_diff => 5.00077e-08
performed mixing
Frob norm 1 after updating U: 0.0122281
200 iterations
f(b) = 0.112175
Frob norm 2 after updating B : 0.241629
Iteration number -------- 41  -----------
lambda : 1.22079
max_diff => 7.0003e-08
performed mixing
Frob norm 1 after updating U: 0.0122432
200 iterations
f(b) = 0.0871716
Frob norm 2 after updating B : 0.193653
Iteration number -------- 42  -----------
lambda : 1.2269
max_diff => 8.33485e-08
performed mixing
Frob norm 1 after updating U: 0.012344
200 iterations
f(b) = 0.0718617
Frob norm 2 after updating B : 0.155166
Iteration number -------- 43  -----------
lambda : 1.23303
max_diff => 4.999e-08
performed mixing
Frob norm 1 after updating U: 0.0121867
200 iterations
f(b) = 0.0703398
Frob norm 2 after updating B : 0.12467
Iteration number -------- 44  -----------
lambda : 1.2392
max_diff => 4.999e-08
performed mixing
Frob norm 1 after updating U: 0.0121267
200 iterations
f(b) = 0.0551567
Frob norm 2 after updating B : 0.100076
Iteration number -------- 45  -----------
lambda : 1.24539
max_diff => 4.999e-08
performed mixing
Frob norm 1 after updating U: 0.0122146
200 iterations
f(b) = 0.026078
Frob norm 2 after updating B : 0.0803982
Iteration number -------- 46  -----------
lambda : 1.25162
max_diff => 4.999e-08
performed mixing
Frob norm 1 after updating U: 0.0122863
200 iterations
f(b) = 0.0237664
Frob norm 2 after updating B : 0.0649173
Iteration number -------- 47  -----------
lambda : 1.25788
max_diff => 4.999e-08
performed mixing
Frob norm 1 after updating U: 0.0122259
200 iterations
f(b) = 0.0278906
Frob norm 2 after updating B : 0.0524212
Iteration number -------- 48  -----------
lambda : 1.26417
max_diff => 4.999e-08
performed mixing
Frob norm 1 after updating U: 0.0123157
200 iterations
f(b) = 0.0247749
Frob norm 2 after updating B : 0.0426434
Iteration number -------- 49  -----------
lambda : 1.27049
max_diff => 4.999e-08
performed mixing
Frob norm 1 after updating U: 0.0123441
200 iterations
f(b) = 0.019285
Frob norm 2 after updating B : 0.0350237
Iteration number -------- 50  -----------
lambda : 1.27684
max_diff => 4.999e-08
performed mixing
Frob norm 1 after updating U: 0.0122243
200 iterations
f(b) = 0.0188772
Frob norm 2 after updating B : 0.0290796
Iteration number -------- 51  -----------
lambda : 1.28323
max_diff => 4.999e-08
performed mixing
Frob norm 1 after updating U: 0.0122977
200 iterations
f(b) = 0.0199178
Frob norm 2 after updating B : 0.0245425
Iteration number -------- 52  -----------
lambda : 1.28964
max_diff => 4.999e-08
performed mixing
Frob norm 1 after updating U: 0.0123326
200 iterations
f(b) = 0.0194365
Frob norm 2 after updating B : 0.0209603
Iteration number -------- 53  -----------
lambda : 1.29609
max_diff => 4.999e-08
performed mixing
Frob norm 1 after updating U: 0.0122896
200 iterations
f(b) = 0.0182498
Frob norm 2 after updating B : 0.0183846
Iteration number -------- 54  -----------
lambda : 1.30257
max_diff => 4.999e-08
performed mixing
Frob norm 1 after updating U: 0.0122315
200 iterations
f(b) = 0.0159139
Frob norm 2 after updating B : 0.016431
Iteration number -------- 55  -----------
lambda : 1.30908
max_diff => 4.999e-08
performed mixing
Frob norm 1 after updating U: 0.0122318
200 iterations
f(b) = 0.0158119
Frob norm 2 after updating B : 0.0151962
Iteration number -------- 56  -----------
lambda : 1.31563
max_diff => 4.999e-08
performed mixing
Frob norm 1 after updating U: 0.0122725
200 iterations
f(b) = 0.0190686
Frob norm 2 after updating B : 0.0141389
Iteration number -------- 57  -----------
lambda : 1.32221
max_diff => 4.999e-08
performed mixing
Frob norm 1 after updating U: 0.012225
200 iterations
f(b) = 0.0148842
Frob norm 2 after updating B : 0.0136556
Iteration number -------- 58  -----------
lambda : 1.32882
max_diff => 4.999e-08
performed mixing
Frob norm 1 after updating U: 0.0122526
200 iterations
f(b) = 0.0171891
Frob norm 2 after updating B : 0.0130753
Iteration number -------- 59  -----------
lambda : 1.33546
max_diff => 4.999e-08
performed mixing
Frob norm 1 after updating U: 0.012227
200 iterations
f(b) = 0.0153791
Frob norm 2 after updating B : 0.0128195
Iteration number -------- 60  -----------
lambda : 1.34214
max_diff => 4.999e-08
performed mixing
Frob norm 1 after updating U: 0.0122794
200 iterations
f(b) = 0.013897
Frob norm 2 after updating B : 0.0126399
Iteration number -------- 61  -----------
lambda : 1.34885
max_diff => 4.999e-08
performed mixing
Frob norm 1 after updating U: 0.0122224
200 iterations
f(b) = 0.0144477
Frob norm 2 after updating B : 0.012436
Iteration number -------- 62  -----------
lambda : 1.35559
max_diff => 4.999e-08
performed mixing
Frob norm 1 after updating U: 0.0121427
200 iterations
f(b) = 0.0147088
Frob norm 2 after updating B : 0.0123788
Iteration number -------- 63  -----------
lambda : 1.36237
max_diff => 4.999e-08
performed mixing
Frob norm 1 after updating U: 0.0121744
200 iterations
f(b) = 0.013964
Frob norm 2 after updating B : 0.0123532
Iteration number -------- 64  -----------
lambda : 1.36918
max_diff => 4.999e-08
performed mixing
Frob norm 1 after updating U: 0.012179
200 iterations
f(b) = 0.0168303
Frob norm 2 after updating B : 0.0122063
Iteration number -------- 65  -----------
lambda : 1.37603
max_diff => 4.999e-08
performed mixing
Frob norm 1 after updating U: 0.0120967
200 iterations
f(b) = 0.0142737
Frob norm 2 after updating B : 0.0123565
Iteration number -------- 66  -----------
lambda : 1.38291
max_diff => 4.999e-08
performed mixing
Frob norm 1 after updating U: 0.0122774
200 iterations
f(b) = 0.0148762
Frob norm 2 after updating B : 0.0122298
Iteration number -------- 67  -----------
lambda : 1.38982
max_diff => 4.999e-08
performed mixing
Frob norm 1 after updating U: 0.0121779
200 iterations
f(b) = 0.014325
Frob norm 2 after updating B : 0.0121406
Iteration number -------- 68  -----------
lambda : 1.39677
max_diff => 4.999e-08
performed mixing
Frob norm 1 after updating U: 0.0120975
200 iterations
f(b) = 0.0156606
Frob norm 2 after updating B : 0.0121821
Iteration number -------- 69  -----------
lambda : 1.40376
max_diff => 4.999e-08
performed mixing
Frob norm 1 after updating U: 0.0121522
200 iterations
f(b) = 0.0149115
Frob norm 2 after updating B : 0.0121856
Iteration number -------- 70  -----------
lambda : 1.41078
max_diff => 4.999e-08
performed mixing
Frob norm 1 after updating U: 0.0121538
200 iterations
f(b) = 0.0146036
Frob norm 2 after updating B : 0.0122446
Iteration number -------- 71  -----------
lambda : 1.41783
max_diff => 4.999e-08
performed mixing
Frob norm 1 after updating U: 0.0122284
200 iterations
f(b) = 0.0132558
Frob norm 2 after updating B : 0.0121894
Iteration number -------- 72  -----------
lambda : 1.42492
max_diff => 4.999e-08
performed mixing
Frob norm 1 after updating U: 0.0121673
200 iterations
f(b) = 0.0129342
Frob norm 2 after updating B : 0.0122219
Iteration number -------- 73  -----------
lambda : 1.43204
max_diff => 4.999e-08
performed mixing
Frob norm 1 after updating U: 0.0121983
200 iterations
f(b) = 0.019049
Frob norm 2 after updating B : 0.0121543
Iteration number -------- 74  -----------
lambda : 1.4392
max_diff => 4.999e-08
performed mixing
Frob norm 1 after updating U: 0.012144
200 iterations
f(b) = 0.0136149
Frob norm 2 after updating B : 0.0121865
Iteration number -------- 75  -----------
lambda : 1.4464
max_diff => 4.999e-08
performed mixing
Frob norm 1 after updating U: 0.0121834
200 iterations
f(b) = 0.0142019
Frob norm 2 after updating B : 0.0121429
Iteration number -------- 76  -----------
lambda : 1.45363
max_diff => 4.999e-08
performed mixing
Frob norm 1 after updating U: 0.0121414
200 iterations
f(b) = 0.0178822
Frob norm 2 after updating B : 0.0121849
Iteration number -------- 77  -----------
lambda : 1.4609
max_diff => 4.999e-08
performed mixing
Frob norm 1 after updating U: 0.0121851
200 iterations
f(b) = 0.0154045
Frob norm 2 after updating B : 0.0122113
Iteration number -------- 78  -----------
lambda : 1.46821
max_diff => 4.999e-08
performed mixing
Frob norm 1 after updating U: 0.0122045
200 iterations
f(b) = 0.0154502
Frob norm 2 after updating B : 0.0122493
Iteration number -------- 79  -----------
lambda : 1.47555
max_diff => 4.999e-08
performed mixing
Frob norm 1 after updating U: 0.0122478
200 iterations
f(b) = 0.0156017
Frob norm 2 after updating B : 0.0122269
Iteration number -------- 80  -----------
lambda : 1.48292
max_diff => 4.999e-08
performed mixing
Frob norm 1 after updating U: 0.0122172
200 iterations
f(b) = 0.0170895
Frob norm 2 after updating B : 0.0121181
Iteration number -------- 81  -----------
lambda : 1.49034
max_diff => 4.999e-08
performed mixing
Frob norm 1 after updating U: 0.0121099
200 iterations
f(b) = 0.0158855
Frob norm 2 after updating B : 0.0121983
Iteration number -------- 82  -----------
lambda : 1.49779
max_diff => 4.999e-08
performed mixing
Frob norm 1 after updating U: 0.0121938
200 iterations
f(b) = 0.0136829
Frob norm 2 after updating B : 0.0122712
Iteration number -------- 83  -----------
lambda : 1.50528
max_diff => 4.999e-08
performed mixing
Frob norm 1 after updating U: 0.0122631
200 iterations
f(b) = 0.0171829
Frob norm 2 after updating B : 0.012209
Iteration number -------- 84  -----------
lambda : 1.51281
max_diff => 4.999e-08
performed mixing
Frob norm 1 after updating U: 0.0122058
200 iterations
f(b) = 0.0160892
Frob norm 2 after updating B : 0.0121891
Iteration number -------- 85  -----------
lambda : 1.52037
max_diff => 4.999e-08
performed mixing
Frob norm 1 after updating U: 0.0121869
200 iterations
f(b) = 0.0176834
Frob norm 2 after updating B : 0.0122042
Iteration number -------- 86  -----------
lambda : 1.52797
max_diff => 4.999e-08
performed mixing
Frob norm 1 after updating U: 0.0122035
200 iterations
f(b) = 0.0171238
Frob norm 2 after updating B : 0.0121814
Iteration number -------- 87  -----------
lambda : 1.53561
max_diff => 4.999e-08
performed mixing
Frob norm 1 after updating U: 0.0121809
200 iterations
f(b) = 0.0169244
Frob norm 2 after updating B : 0.0121585
Iteration number -------- 88  -----------
lambda : 1.54329
max_diff => 4.999e-08
performed mixing
Frob norm 1 after updating U: 0.0121644
200 iterations
f(b) = 0.0173894
Frob norm 2 after updating B : 0.0121132
Iteration number -------- 89  -----------
lambda : 1.55101
max_diff => 4.999e-08
performed mixing
Frob norm 1 after updating U: 0.0121175
200 iterations
f(b) = 0.0155736
Frob norm 2 after updating B : 0.0122204
Iteration number -------- 90  -----------
lambda : 1.55876
max_diff => 4.999e-08
performed mixing
Frob norm 1 after updating U: 0.0122188
200 iterations
f(b) = 0.0167473
Frob norm 2 after updating B : 0.0121299
Iteration number -------- 91  -----------
lambda : 1.56655
max_diff => 4.999e-08
performed mixing
Frob norm 1 after updating U: 0.0121298
200 iterations
f(b) = 0.0157978
Frob norm 2 after updating B : 0.0122109
Iteration number -------- 92  -----------
lambda : 1.57439
max_diff => 4.999e-08
performed mixing
Frob norm 1 after updating U: 0.0122049
200 iterations
f(b) = 0.0166767
Frob norm 2 after updating B : 0.0121082
Iteration number -------- 93  -----------
lambda : 1.58226
max_diff => 4.999e-08
performed mixing
Frob norm 1 after updating U: 0.0121063
200 iterations
f(b) = 0.017779
Frob norm 2 after updating B : 0.012155
Iteration number -------- 94  -----------
lambda : 1.59017
max_diff => 4.999e-08
performed mixing
Frob norm 1 after updating U: 0.0121529
200 iterations
f(b) = 0.0219375
Frob norm 2 after updating B : 0.0121271
Iteration number -------- 95  -----------
lambda : 1.59812
max_diff => 4.999e-08
performed mixing
Frob norm 1 after updating U: 0.012125
200 iterations
f(b) = 0.0177977
Frob norm 2 after updating B : 0.0121844
Iteration number -------- 96  -----------
lambda : 1.60611
max_diff => 4.999e-08
performed mixing
Frob norm 1 after updating U: 0.0121805
200 iterations
f(b) = 0.0166467
Frob norm 2 after updating B : 0.0122065
Iteration number -------- 97  -----------
lambda : 1.61414
max_diff => 4.999e-08
performed mixing
Frob norm 1 after updating U: 0.0122073
200 iterations
f(b) = 0.0182333
Frob norm 2 after updating B : 0.0122188
Iteration number -------- 98  -----------
lambda : 1.62221
max_diff => 4.999e-08
performed mixing
Frob norm 1 after updating U: 0.0122076
200 iterations
f(b) = 0.017192
Frob norm 2 after updating B : 0.0121935
Iteration number -------- 99  -----------
lambda : 1.63032
max_diff => 4.999e-08
performed mixing
Frob norm 1 after updating U: 0.0121926
200 iterations
f(b) = 0.0195429
Frob norm 2 after updating B : 0.0121339
Iteration number -------- 100  -----------
lambda : 1.63848
max_diff => 4.999e-08
