Academic license - for non-commercial use only
Frob norm 1 after updating U: 10.5842
200 iterations
f(b) = 62.3747
Frob norm 2 after updating B : 7.08507
Iteration number -------- 1  -----------
lambda : 1
max_diff => 0.114659
performed mixing
Frob norm 1 after updating U: 5.73932
200 iterations
f(b) = 54.9875
Frob norm 2 after updating B : 6.61166
Iteration number -------- 2  -----------
lambda : 1.005
max_diff => 0.112079
performed mixing
Frob norm 1 after updating U: 5.32516
200 iterations
f(b) = 48.6251
Frob norm 2 after updating B : 6.18323
Iteration number -------- 3  -----------
lambda : 1.01002
max_diff => 0.112848
performed mixing
Frob norm 1 after updating U: 4.99
200 iterations
f(b) = 43.4022
Frob norm 2 after updating B : 5.80927
Iteration number -------- 4  -----------
lambda : 1.01508
max_diff => 0.113167
performed mixing
Frob norm 1 after updating U: 4.77461
200 iterations
f(b) = 38.8169
Frob norm 2 after updating B : 5.51481
Iteration number -------- 5  -----------
lambda : 1.02015
max_diff => 0.109806
performed mixing
Frob norm 1 after updating U: 4.55886
200 iterations
f(b) = 35.1468
Frob norm 2 after updating B : 5.22542
Iteration number -------- 6  -----------
lambda : 1.02525
max_diff => 0.108878
performed mixing
Frob norm 1 after updating U: 4.46646
200 iterations
f(b) = 32.2025
Frob norm 2 after updating B : 5.0153
Iteration number -------- 7  -----------
lambda : 1.03038
max_diff => 0.105828
performed mixing
Frob norm 1 after updating U: 4.35666
200 iterations
f(b) = 29.8279
Frob norm 2 after updating B : 4.8216
Iteration number -------- 8  -----------
lambda : 1.03553
max_diff => 0.100931
performed mixing
Frob norm 1 after updating U: 4.29829
200 iterations
f(b) = 27.9614
Frob norm 2 after updating B : 4.67156
Iteration number -------- 9  -----------
lambda : 1.04071
max_diff => 0.0945508
performed mixing
Frob norm 1 after updating U: 4.25411
200 iterations
f(b) = 26.4492
Frob norm 2 after updating B : 4.5579
Iteration number -------- 10  -----------
lambda : 1.04591
max_diff => 0.0864047
performed mixing
Frob norm 1 after updating U: 4.21839
200 iterations
f(b) = 25.1706
Frob norm 2 after updating B : 4.50087
Iteration number -------- 11  -----------
lambda : 1.05114
max_diff => 0.0766539
performed mixing
Frob norm 1 after updating U: 4.19274
200 iterations
f(b) = 24.1194
Frob norm 2 after updating B : 4.41712
Iteration number -------- 12  -----------
lambda : 1.0564
max_diff => 0.0720932
performed mixing
Frob norm 1 after updating U: 4.18424
200 iterations
f(b) = 23.3941
Frob norm 2 after updating B : 4.33777
Iteration number -------- 13  -----------
lambda : 1.06168
max_diff => 0.0713068
performed mixing
Frob norm 1 after updating U: 4.18255
200 iterations
f(b) = 22.4306
Frob norm 2 after updating B : 4.33129
Iteration number -------- 14  -----------
lambda : 1.06699
max_diff => 0.0585316
performed mixing
Frob norm 1 after updating U: 4.13687
200 iterations
f(b) = 20.5817
Frob norm 2 after updating B : 4.14096
Iteration number -------- 15  -----------
lambda : 1.07232
max_diff => 0.0610551
performed mixing
Frob norm 1 after updating U: 3.79591
200 iterations
f(b) = 17.544
Frob norm 2 after updating B : 3.93504
Iteration number -------- 16  -----------
lambda : 1.07768
max_diff => 0.0638292
performed mixing
Frob norm 1 after updating U: 3.75099
200 iterations
f(b) = 17.0762
Frob norm 2 after updating B : 3.87068
Iteration number -------- 17  -----------
lambda : 1.08307
max_diff => 0.0639099
performed mixing
Frob norm 1 after updating U: 3.75117
200 iterations
f(b) = 16.7568
Frob norm 2 after updating B : 3.82886
Iteration number -------- 18  -----------
lambda : 1.08849
max_diff => 0.0639822
performed mixing
Frob norm 1 after updating U: 3.75131
200 iterations
f(b) = 16.4796
Frob norm 2 after updating B : 3.80862
Iteration number -------- 19  -----------
lambda : 1.09393
max_diff => 0.0658308
performed mixing
Frob norm 1 after updating U: 3.75103
200 iterations
f(b) = 16.1263
Frob norm 2 after updating B : 3.80515
Iteration number -------- 20  -----------
lambda : 1.0994
max_diff => 0.0699429
performed mixing
Frob norm 1 after updating U: 3.75171
200 iterations
f(b) = 15.8947
Frob norm 2 after updating B : 3.79939
Iteration number -------- 21  -----------
lambda : 1.1049
max_diff => 0.0750606
performed mixing
Frob norm 1 after updating U: 3.75448
200 iterations
f(b) = 15.8095
Frob norm 2 after updating B : 3.78463
Iteration number -------- 22  -----------
lambda : 1.11042
max_diff => 0.0755176
performed mixing
Frob norm 1 after updating U: 3.75459
200 iterations
f(b) = 15.7323
Frob norm 2 after updating B : 3.77495
Iteration number -------- 23  -----------
lambda : 1.11597
max_diff => 0.075915
performed mixing
Frob norm 1 after updating U: 3.75471
200 iterations
f(b) = 15.6795
Frob norm 2 after updating B : 3.76782
Iteration number -------- 24  -----------
lambda : 1.12155
max_diff => 0.076312
performed mixing
Frob norm 1 after updating U: 3.75407
200 iterations
f(b) = 15.4948
Frob norm 2 after updating B : 3.76631
Iteration number -------- 25  -----------
lambda : 1.12716
max_diff => 0.0848446
performed mixing
Frob norm 1 after updating U: 3.75025
200 iterations
f(b) = 15.4892
Frob norm 2 after updating B : 3.7612
Iteration number -------- 26  -----------
lambda : 1.1328
max_diff => 0.0851076
performed mixing
Frob norm 1 after updating U: 3.75017
200 iterations
f(b) = 15.4639
Frob norm 2 after updating B : 3.75733
Iteration number -------- 27  -----------
lambda : 1.13846
max_diff => 0.0856813
performed mixing
Frob norm 1 after updating U: 3.74956
200 iterations
f(b) = 15.3949
Frob norm 2 after updating B : 3.75281
Iteration number -------- 28  -----------
lambda : 1.14415
max_diff => 0.0870772
performed mixing
Frob norm 1 after updating U: 3.74698
200 iterations
f(b) = 15.4244
Frob norm 2 after updating B : 3.75053
Iteration number -------- 29  -----------
lambda : 1.14987
max_diff => 0.0876297
performed mixing
Frob norm 1 after updating U: 3.74629
200 iterations
f(b) = 15.4009
Frob norm 2 after updating B : 3.74766
Iteration number -------- 30  -----------
lambda : 1.15562
max_diff => 0.0889818
performed mixing
Frob norm 1 after updating U: 3.74427
200 iterations
f(b) = 15.3978
Frob norm 2 after updating B : 3.74601
Iteration number -------- 31  -----------
lambda : 1.1614
max_diff => 0.0895052
performed mixing
Frob norm 1 after updating U: 3.74351
200 iterations
f(b) = 15.3854
Frob norm 2 after updating B : 3.74448
Iteration number -------- 32  -----------
lambda : 1.16721
max_diff => 0.0899796
performed mixing
Frob norm 1 after updating U: 3.7426
200 iterations
f(b) = 15.3858
Frob norm 2 after updating B : 3.74275
Iteration number -------- 33  -----------
lambda : 1.17304
max_diff => 0.0906396
performed mixing
Frob norm 1 after updating U: 3.7413
200 iterations
f(b) = 15.3807
Frob norm 2 after updating B : 3.74194
Iteration number -------- 34  -----------
lambda : 1.17891
max_diff => 0.090934
performed mixing
Frob norm 1 after updating U: 3.74085
200 iterations
f(b) = 15.3721
Frob norm 2 after updating B : 3.74008
Iteration number -------- 35  -----------
lambda : 1.1848
max_diff => 0.0918927
performed mixing
Frob norm 1 after updating U: 3.73916
200 iterations
f(b) = 15.3608
Frob norm 2 after updating B : 3.73853
Iteration number -------- 36  -----------
lambda : 1.19073
max_diff => 0.0926522
performed mixing
Frob norm 1 after updating U: 3.73776
200 iterations
f(b) = 15.3758
Frob norm 2 after updating B : 3.73723
Iteration number -------- 37  -----------
lambda : 1.19668
max_diff => 0.093172
performed mixing
Frob norm 1 after updating U: 3.73661
200 iterations
f(b) = 15.3667
Frob norm 2 after updating B : 3.73613
Iteration number -------- 38  -----------
lambda : 1.20266
max_diff => 0.0936902
performed mixing
Frob norm 1 after updating U: 3.73563
200 iterations
f(b) = 15.2833
Frob norm 2 after updating B : 3.72605
Iteration number -------- 39  -----------
lambda : 1.20868
max_diff => 0.0990767
performed mixing
Frob norm 1 after updating U: 3.72469
200 iterations
f(b) = 15.3046
Frob norm 2 after updating B : 3.72433
Iteration number -------- 40  -----------
lambda : 1.21472
max_diff => 0.099643
performed mixing
Frob norm 1 after updating U: 3.72338
200 iterations
f(b) = 15.3064
Frob norm 2 after updating B : 3.72303
Iteration number -------- 41  -----------
lambda : 1.22079
max_diff => 0.100069
performed mixing
Frob norm 1 after updating U: 3.72233
200 iterations
f(b) = 14.7818
Frob norm 2 after updating B : 3.5134
Iteration number -------- 42  -----------
lambda : 1.2269
max_diff => 0.0776753
performed mixing
Frob norm 1 after updating U: 3.45937
200 iterations
f(b) = 12.4616
Frob norm 2 after updating B : 3.31321
Iteration number -------- 43  -----------
lambda : 1.23303
max_diff => 0.062461
performed mixing
Frob norm 1 after updating U: 3.25225
200 iterations
f(b) = 11.1173
Frob norm 2 after updating B : 3.13984
Iteration number -------- 44  -----------
lambda : 1.2392
max_diff => 0.0396905
performed mixing
Frob norm 1 after updating U: 3.04238
200 iterations
f(b) = 10.1979
Frob norm 2 after updating B : 3.04358
Iteration number -------- 45  -----------
lambda : 1.24539
max_diff => 0.0409549
performed mixing
Frob norm 1 after updating U: 2.95591
200 iterations
f(b) = 10.0442
Frob norm 2 after updating B : 2.93792
Iteration number -------- 46  -----------
lambda : 1.25162
max_diff => 0.0593709
performed mixing
Frob norm 1 after updating U: 2.85559
200 iterations
f(b) = 9.68319
Frob norm 2 after updating B : 2.91358
Iteration number -------- 47  -----------
lambda : 1.25788
max_diff => 0.059889
performed mixing
Frob norm 1 after updating U: 2.85572
200 iterations
f(b) = 8.1782
Frob norm 2 after updating B : 2.70476
Iteration number -------- 48  -----------
lambda : 1.26417
max_diff => 0.0627946
performed mixing
Frob norm 1 after updating U: 2.61126
200 iterations
f(b) = 7.90481
Frob norm 2 after updating B : 2.67942
Iteration number -------- 49  -----------
lambda : 1.27049
max_diff => 0.0591463
performed mixing
Frob norm 1 after updating U: 2.61883
200 iterations
f(b) = 7.26215
Frob norm 2 after updating B : 2.63532
Iteration number -------- 50  -----------
lambda : 1.27684
max_diff => 0.0028061
performed mixing
Frob norm 1 after updating U: 2.6041
200 iterations
f(b) = 7.21697
Frob norm 2 after updating B : 2.62403
Iteration number -------- 51  -----------
lambda : 1.28323
max_diff => 0.00275154
performed mixing
Frob norm 1 after updating U: 2.60399
200 iterations
f(b) = 7.15933
Frob norm 2 after updating B : 2.6082
Iteration number -------- 52  -----------
lambda : 1.28964
max_diff => 0.00266023
performed mixing
Frob norm 1 after updating U: 2.59531
200 iterations
f(b) = 7.17046
Frob norm 2 after updating B : 2.60612
Iteration number -------- 53  -----------
lambda : 1.29609
max_diff => 0.00262624
performed mixing
Frob norm 1 after updating U: 2.59784
200 iterations
f(b) = 7.15165
Frob norm 2 after updating B : 2.60422
Iteration number -------- 54  -----------
lambda : 1.30257
max_diff => 0.00261258
performed mixing
Frob norm 1 after updating U: 2.59889
200 iterations
f(b) = 7.14796
Frob norm 2 after updating B : 2.60326
Iteration number -------- 55  -----------
lambda : 1.30908
max_diff => 0.00256642
performed mixing
Frob norm 1 after updating U: 2.59982
200 iterations
f(b) = 7.1435
Frob norm 2 after updating B : 2.60281
Iteration number -------- 56  -----------
lambda : 1.31563
max_diff => 0.00255511
performed mixing
Frob norm 1 after updating U: 2.60059
200 iterations
f(b) = 7.14419
Frob norm 2 after updating B : 2.60244
Iteration number -------- 57  -----------
lambda : 1.32221
max_diff => 0.00252922
performed mixing
Frob norm 1 after updating U: 2.601
200 iterations
f(b) = 7.12937
Frob norm 2 after updating B : 2.60269
Iteration number -------- 58  -----------
lambda : 1.32882
max_diff => 0.00245705
performed mixing
Frob norm 1 after updating U: 2.60175
200 iterations
f(b) = 7.13539
Frob norm 2 after updating B : 2.60307
Iteration number -------- 59  -----------
lambda : 1.33546
max_diff => 0.00241622
performed mixing
Frob norm 1 after updating U: 2.60245
200 iterations
f(b) = 7.14282
Frob norm 2 after updating B : 2.60325
Iteration number -------- 60  -----------
lambda : 1.34214
max_diff => 0.00239153
performed mixing
Frob norm 1 after updating U: 2.60284
200 iterations
f(b) = 7.13962
Frob norm 2 after updating B : 2.60373
Iteration number -------- 61  -----------
lambda : 1.34885
max_diff => 0.00237755
performed mixing
Frob norm 1 after updating U: 2.60346
200 iterations
f(b) = 7.13946
Frob norm 2 after updating B : 2.6043
Iteration number -------- 62  -----------
lambda : 1.35559
max_diff => 0.00236436
performed mixing
Frob norm 1 after updating U: 2.60412
200 iterations
f(b) = 7.13266
Frob norm 2 after updating B : 2.60491
Iteration number -------- 63  -----------
lambda : 1.36237
max_diff => 0.00238137
performed mixing
Frob norm 1 after updating U: 2.60478
200 iterations
f(b) = 7.14195
Frob norm 2 after updating B : 2.60533
Iteration number -------- 64  -----------
lambda : 1.36918
max_diff => 0.00237031
performed mixing
Frob norm 1 after updating U: 2.60525
200 iterations
f(b) = 7.09341
Frob norm 2 after updating B : 2.60572
Iteration number -------- 65  -----------
lambda : 1.37603
max_diff => 0.00237854
performed mixing
Frob norm 1 after updating U: 2.60567
200 iterations
f(b) = 7.13608
Frob norm 2 after updating B : 2.60621
Iteration number -------- 66  -----------
lambda : 1.38291
max_diff => 0.00237192
performed mixing
Frob norm 1 after updating U: 2.60617
200 iterations
f(b) = 7.14043
Frob norm 2 after updating B : 2.60671
Iteration number -------- 67  -----------
lambda : 1.38982
max_diff => 0.00234524
performed mixing
Frob norm 1 after updating U: 2.60668
200 iterations
f(b) = 7.14926
Frob norm 2 after updating B : 2.607
Iteration number -------- 68  -----------
lambda : 1.39677
max_diff => 0.00233303
performed mixing
Frob norm 1 after updating U: 2.60698
200 iterations
f(b) = 7.14337
Frob norm 2 after updating B : 2.60756
Iteration number -------- 69  -----------
lambda : 1.40376
max_diff => 0.00232679
performed mixing
Frob norm 1 after updating U: 2.60755
200 iterations
f(b) = 7.14274
Frob norm 2 after updating B : 2.60815
Iteration number -------- 70  -----------
lambda : 1.41078
max_diff => 0.00230852
performed mixing
Frob norm 1 after updating U: 2.60813
200 iterations
f(b) = 7.39419
Frob norm 2 after updating B : 2.55422
Iteration number -------- 71  -----------
lambda : 1.41783
max_diff => 0.00377999
performed mixing
Frob norm 1 after updating U: 2.55378
200 iterations
f(b) = 7.14473
Frob norm 2 after updating B : 2.59986
Iteration number -------- 72  -----------
lambda : 1.42492
max_diff => 0.00226233
performed mixing
Frob norm 1 after updating U: 2.59985
200 iterations
f(b) = 7.16214
Frob norm 2 after updating B : 2.60148
Iteration number -------- 73  -----------
lambda : 1.43204
max_diff => 0.00222387
performed mixing
Frob norm 1 after updating U: 2.60146
200 iterations
f(b) = 7.16177
Frob norm 2 after updating B : 2.60301
Iteration number -------- 74  -----------
lambda : 1.4392
max_diff => 0.00216706
performed mixing
Frob norm 1 after updating U: 2.603
200 iterations
f(b) = 7.1652
Frob norm 2 after updating B : 2.60389
Iteration number -------- 75  -----------
lambda : 1.4464
max_diff => 0.00212733
performed mixing
Frob norm 1 after updating U: 2.60388
200 iterations
f(b) = 7.16194
Frob norm 2 after updating B : 2.60487
Iteration number -------- 76  -----------
lambda : 1.45363
max_diff => 0.00208916
performed mixing
Frob norm 1 after updating U: 2.60486
200 iterations
f(b) = 7.16915
Frob norm 2 after updating B : 2.60534
Iteration number -------- 77  -----------
lambda : 1.4609
max_diff => 0.00206462
performed mixing
Frob norm 1 after updating U: 2.60533
200 iterations
f(b) = 7.16659
Frob norm 2 after updating B : 2.60623
Iteration number -------- 78  -----------
lambda : 1.46821
max_diff => 0.00201556
performed mixing
Frob norm 1 after updating U: 2.60623
200 iterations
f(b) = 7.17363
Frob norm 2 after updating B : 2.60686
Iteration number -------- 79  -----------
lambda : 1.47555
max_diff => 0.00198043
performed mixing
Frob norm 1 after updating U: 2.60686
200 iterations
f(b) = 7.16848
Frob norm 2 after updating B : 2.60788
Iteration number -------- 80  -----------
lambda : 1.48292
max_diff => 0.00193468
performed mixing
Frob norm 1 after updating U: 2.60787
200 iterations
f(b) = 7.17007
Frob norm 2 after updating B : 2.60876
Iteration number -------- 81  -----------
lambda : 1.49034
max_diff => 0.00189432
performed mixing
Frob norm 1 after updating U: 2.60876
200 iterations
f(b) = 7.16875
Frob norm 2 after updating B : 2.60963
Iteration number -------- 82  -----------
lambda : 1.49779
max_diff => 0.00185346
performed mixing
Frob norm 1 after updating U: 2.60962
200 iterations
f(b) = 7.17361
Frob norm 2 after updating B : 2.61015
Iteration number -------- 83  -----------
lambda : 1.50528
max_diff => 0.00183224
performed mixing
Frob norm 1 after updating U: 2.61014
200 iterations
f(b) = 7.17109
Frob norm 2 after updating B : 2.61129
Iteration number -------- 84  -----------
lambda : 1.51281
max_diff => 0.0017653
performed mixing
Frob norm 1 after updating U: 2.61128
200 iterations
f(b) = 7.17222
Frob norm 2 after updating B : 2.61222
Iteration number -------- 85  -----------
lambda : 1.52037
max_diff => 0.0017275
performed mixing
Frob norm 1 after updating U: 2.61221
200 iterations
f(b) = 7.1769
Frob norm 2 after updating B : 2.61294
Iteration number -------- 86  -----------
lambda : 1.52797
max_diff => 0.00170303
performed mixing
Frob norm 1 after updating U: 2.61293
200 iterations
f(b) = 7.17859
Frob norm 2 after updating B : 2.61356
Iteration number -------- 87  -----------
lambda : 1.53561
max_diff => 0.00167549
performed mixing
Frob norm 1 after updating U: 2.61355
200 iterations
f(b) = 7.17586
Frob norm 2 after updating B : 2.61448
Iteration number -------- 88  -----------
lambda : 1.54329
max_diff => 0.00162752
performed mixing
Frob norm 1 after updating U: 2.61447
200 iterations
f(b) = 7.17589
Frob norm 2 after updating B : 2.61518
Iteration number -------- 89  -----------
lambda : 1.55101
max_diff => 0.00159778
performed mixing
Frob norm 1 after updating U: 2.61517
200 iterations
f(b) = 7.17818
Frob norm 2 after updating B : 2.61585
Iteration number -------- 90  -----------
lambda : 1.55876
max_diff => 0.00157492
performed mixing
Frob norm 1 after updating U: 2.61585
200 iterations
f(b) = 7.174
Frob norm 2 after updating B : 2.61722
Iteration number -------- 91  -----------
lambda : 1.56655
max_diff => 0.001516
performed mixing
Frob norm 1 after updating U: 2.61721
200 iterations
f(b) = 7.17763
Frob norm 2 after updating B : 2.61822
Iteration number -------- 92  -----------
lambda : 1.57439
max_diff => 0.00148995
performed mixing
Frob norm 1 after updating U: 2.61821
200 iterations
f(b) = 7.17385
Frob norm 2 after updating B : 2.619
Iteration number -------- 93  -----------
lambda : 1.58226
max_diff => 0.00145043
performed mixing
Frob norm 1 after updating U: 2.61899
200 iterations
f(b) = 7.17812
Frob norm 2 after updating B : 2.61972
Iteration number -------- 94  -----------
lambda : 1.59017
max_diff => 0.00141721
performed mixing
Frob norm 1 after updating U: 2.61971
200 iterations
f(b) = 7.178
Frob norm 2 after updating B : 2.62022
Iteration number -------- 95  -----------
lambda : 1.59812
max_diff => 0.00138818
performed mixing
Frob norm 1 after updating U: 2.62021
200 iterations
f(b) = 7.1787
Frob norm 2 after updating B : 2.62076
Iteration number -------- 96  -----------
lambda : 1.60611
max_diff => 0.00136065
performed mixing
Frob norm 1 after updating U: 2.62075
200 iterations
f(b) = 7.17928
Frob norm 2 after updating B : 2.62157
Iteration number -------- 97  -----------
lambda : 1.61414
max_diff => 0.00132526
performed mixing
Frob norm 1 after updating U: 2.62156
200 iterations
f(b) = 7.18173
Frob norm 2 after updating B : 2.62206
Iteration number -------- 98  -----------
lambda : 1.62221
max_diff => 0.00130305
performed mixing
Frob norm 1 after updating U: 2.62205
200 iterations
f(b) = 7.18157
Frob norm 2 after updating B : 2.62301
Iteration number -------- 99  -----------
lambda : 1.63032
max_diff => 0.00126088
performed mixing
Frob norm 1 after updating U: 2.623
200 iterations
f(b) = 7.18336
Frob norm 2 after updating B : 2.62346
Iteration number -------- 100  -----------
lambda : 1.63848
max_diff => 0.00123437
