Academic license - for non-commercial use only
Frob norm 1 after updating U: 12.997
200 iterations
f(b) = 72.8303
Frob norm 2 after updating B : 8.0809
Iteration number -------- 1  -----------
lambda : 1
max_diff => 0.12269
performed mixing
Frob norm 1 after updating U: 7.19155
200 iterations
f(b) = 67.0484
Frob norm 2 after updating B : 7.77188
Iteration number -------- 2  -----------
lambda : 1.005
max_diff => 0.121607
performed mixing
Frob norm 1 after updating U: 6.94579
200 iterations
f(b) = 62.1305
Frob norm 2 after updating B : 7.48545
Iteration number -------- 3  -----------
lambda : 1.01002
max_diff => 0.120152
performed mixing
Frob norm 1 after updating U: 6.79508
200 iterations
f(b) = 58.3145
Frob norm 2 after updating B : 7.24097
Iteration number -------- 4  -----------
lambda : 1.01508
max_diff => 0.11871
performed mixing
Frob norm 1 after updating U: 6.70105
200 iterations
f(b) = 55.4374
Frob norm 2 after updating B : 7.05204
Iteration number -------- 5  -----------
lambda : 1.02015
max_diff => 0.117429
performed mixing
Frob norm 1 after updating U: 6.64411
200 iterations
f(b) = 53.289
Frob norm 2 after updating B : 6.9097
Iteration number -------- 6  -----------
lambda : 1.02525
max_diff => 0.116
performed mixing
Frob norm 1 after updating U: 6.5854
200 iterations
f(b) = 51.6413
Frob norm 2 after updating B : 6.79916
Iteration number -------- 7  -----------
lambda : 1.03038
max_diff => 0.115026
performed mixing
Frob norm 1 after updating U: 6.5329
200 iterations
f(b) = 46.7659
Frob norm 2 after updating B : 6.41161
Iteration number -------- 8  -----------
lambda : 1.03553
max_diff => 0.145004
performed mixing
Frob norm 1 after updating U: 5.33742
200 iterations
f(b) = 41.8258
Frob norm 2 after updating B : 5.96928
Iteration number -------- 9  -----------
lambda : 1.04071
max_diff => 0.276904
performed mixing
Frob norm 1 after updating U: 5.00351
200 iterations
f(b) = 37.725
Frob norm 2 after updating B : 5.60767
Iteration number -------- 10  -----------
lambda : 1.04591
max_diff => 0.326673
performed mixing
Frob norm 1 after updating U: 4.77142
200 iterations
f(b) = 34.5455
Frob norm 2 after updating B : 5.31562
Iteration number -------- 11  -----------
lambda : 1.05114
max_diff => 0.314556
performed mixing
Frob norm 1 after updating U: 4.62761
200 iterations
f(b) = 31.942
Frob norm 2 after updating B : 5.08463
Iteration number -------- 12  -----------
lambda : 1.0564
max_diff => 0.399145
performed mixing
Frob norm 1 after updating U: 4.46941
200 iterations
f(b) = 29.8866
Frob norm 2 after updating B : 4.88577
Iteration number -------- 13  -----------
lambda : 1.06168
max_diff => 0.435025
performed mixing
Frob norm 1 after updating U: 4.38597
200 iterations
f(b) = 28.2611
Frob norm 2 after updating B : 4.73631
Iteration number -------- 14  -----------
lambda : 1.06699
max_diff => 0.439722
performed mixing
Frob norm 1 after updating U: 4.29481
200 iterations
f(b) = 26.7944
Frob norm 2 after updating B : 4.5871
Iteration number -------- 15  -----------
lambda : 1.07232
max_diff => 0.443216
performed mixing
Frob norm 1 after updating U: 4.19012
200 iterations
f(b) = 25.4583
Frob norm 2 after updating B : 4.45592
Iteration number -------- 16  -----------
lambda : 1.07768
max_diff => 0.426612
performed mixing
Frob norm 1 after updating U: 4.07586
200 iterations
f(b) = 24.1661
Frob norm 2 after updating B : 4.34568
Iteration number -------- 17  -----------
lambda : 1.08307
max_diff => 0.414837
performed mixing
Frob norm 1 after updating U: 3.95625
200 iterations
f(b) = 22.9214
Frob norm 2 after updating B : 4.24941
Iteration number -------- 18  -----------
lambda : 1.08849
max_diff => 0.384717
performed mixing
Frob norm 1 after updating U: 3.85601
200 iterations
f(b) = 21.7042
Frob norm 2 after updating B : 4.13628
Iteration number -------- 19  -----------
lambda : 1.09393
max_diff => 0.364654
performed mixing
Frob norm 1 after updating U: 3.79045
200 iterations
f(b) = 20.5721
Frob norm 2 after updating B : 4.05567
Iteration number -------- 20  -----------
lambda : 1.0994
max_diff => 0.344555
performed mixing
Frob norm 1 after updating U: 3.69013
200 iterations
f(b) = 18.7541
Frob norm 2 after updating B : 3.85887
Iteration number -------- 21  -----------
lambda : 1.1049
max_diff => 0.317033
performed mixing
Frob norm 1 after updating U: 3.41254
200 iterations
f(b) = 17.4633
Frob norm 2 after updating B : 3.72123
Iteration number -------- 22  -----------
lambda : 1.11042
max_diff => 0.340264
performed mixing
Frob norm 1 after updating U: 3.31941
200 iterations
f(b) = 16.2298
Frob norm 2 after updating B : 3.65682
Iteration number -------- 23  -----------
lambda : 1.11597
max_diff => 0.368917
performed mixing
Frob norm 1 after updating U: 3.1506
200 iterations
f(b) = 14.8753
Frob norm 2 after updating B : 3.57731
Iteration number -------- 24  -----------
lambda : 1.12155
max_diff => 0.361693
performed mixing
Frob norm 1 after updating U: 3.0556
200 iterations
f(b) = 13.4991
Frob norm 2 after updating B : 3.43568
Iteration number -------- 25  -----------
lambda : 1.12716
max_diff => 0.311492
performed mixing
Frob norm 1 after updating U: 2.81825
200 iterations
f(b) = 10.7503
Frob norm 2 after updating B : 3.39096
Iteration number -------- 26  -----------
lambda : 1.1328
max_diff => 0.0731314
performed mixing
Frob norm 1 after updating U: 1.19439
200 iterations
f(b) = 7.56037
Frob norm 2 after updating B : 2.85526
Iteration number -------- 27  -----------
lambda : 1.13846
max_diff => 0.0693445
performed mixing
Frob norm 1 after updating U: 0.945022
200 iterations
f(b) = 5.39311
Frob norm 2 after updating B : 2.3919
Iteration number -------- 28  -----------
lambda : 1.14415
max_diff => 0.0578458
performed mixing
Frob norm 1 after updating U: 0.731765
200 iterations
f(b) = 3.90013
Frob norm 2 after updating B : 2.01988
Iteration number -------- 29  -----------
lambda : 1.14987
max_diff => 0.0396324
performed mixing
Frob norm 1 after updating U: 0.532196
200 iterations
f(b) = 2.8339
Frob norm 2 after updating B : 1.70911
Iteration number -------- 30  -----------
lambda : 1.15562
max_diff => 0.0270096
performed mixing
Frob norm 1 after updating U: 0.443243
200 iterations
f(b) = 2.11677
Frob norm 2 after updating B : 1.43134
Iteration number -------- 31  -----------
lambda : 1.1614
max_diff => 0.0194499
performed mixing
Frob norm 1 after updating U: 0.385007
200 iterations
f(b) = 1.54381
Frob norm 2 after updating B : 1.2131
Iteration number -------- 32  -----------
lambda : 1.16721
max_diff => 0.0124246
performed mixing
Frob norm 1 after updating U: 0.316469
200 iterations
f(b) = 1.13898
Frob norm 2 after updating B : 1.01966
Iteration number -------- 33  -----------
lambda : 1.17304
max_diff => 0.00954918
performed mixing
Frob norm 1 after updating U: 0.280468
200 iterations
f(b) = 0.876013
Frob norm 2 after updating B : 0.847597
Iteration number -------- 34  -----------
lambda : 1.17891
max_diff => 0.00921226
performed mixing
Frob norm 1 after updating U: 0.276116
200 iterations
f(b) = 0.666837
Frob norm 2 after updating B : 0.711917
Iteration number -------- 35  -----------
lambda : 1.1848
max_diff => 0.00885248
performed mixing
Frob norm 1 after updating U: 0.271459
200 iterations
f(b) = 0.525948
Frob norm 2 after updating B : 0.605671
Iteration number -------- 36  -----------
lambda : 1.19073
max_diff => 0.00838671
performed mixing
Frob norm 1 after updating U: 0.265189
200 iterations
f(b) = 0.424434
Frob norm 2 after updating B : 0.522697
Iteration number -------- 37  -----------
lambda : 1.19668
max_diff => 0.00752784
performed mixing
Frob norm 1 after updating U: 0.253168
200 iterations
f(b) = 0.27518
Frob norm 2 after updating B : 0.505183
Iteration number -------- 38  -----------
lambda : 1.20266
max_diff => 2.09064e-05
performed mixing
Frob norm 1 after updating U: 0.0226208
200 iterations
f(b) = 0.221264
Frob norm 2 after updating B : 0.406384
Iteration number -------- 39  -----------
lambda : 1.20868
max_diff => 1.70681e-05
performed mixing
Frob norm 1 after updating U: 0.0214879
200 iterations
f(b) = 0.159183
Frob norm 2 after updating B : 0.328795
Iteration number -------- 40  -----------
lambda : 1.21472
max_diff => 5.28225e-06
performed mixing
Frob norm 1 after updating U: 0.0175183
200 iterations
f(b) = 0.119178
Frob norm 2 after updating B : 0.266592
Iteration number -------- 41  -----------
lambda : 1.22079
max_diff => 4.999e-08
performed mixing
Frob norm 1 after updating U: 0.0148567
200 iterations
f(b) = 0.0941506
Frob norm 2 after updating B : 0.213633
Iteration number -------- 42  -----------
lambda : 1.2269
max_diff => 4.999e-08
performed mixing
Frob norm 1 after updating U: 0.0148388
200 iterations
f(b) = 0.0788183
Frob norm 2 after updating B : 0.171213
Iteration number -------- 43  -----------
lambda : 1.23303
max_diff => 7.65219e-08
performed mixing
Frob norm 1 after updating U: 0.0148616
200 iterations
f(b) = 0.0666272
Frob norm 2 after updating B : 0.137685
Iteration number -------- 44  -----------
lambda : 1.2392
max_diff => 5.19323e-08
performed mixing
Frob norm 1 after updating U: 0.0149645
200 iterations
f(b) = 0.0566531
Frob norm 2 after updating B : 0.110658
Iteration number -------- 45  -----------
lambda : 1.24539
max_diff => 4.99969e-08
performed mixing
Frob norm 1 after updating U: 0.0148963
200 iterations
f(b) = 0.0533355
Frob norm 2 after updating B : 0.0893247
Iteration number -------- 46  -----------
lambda : 1.25162
max_diff => 4.999e-08
performed mixing
Frob norm 1 after updating U: 0.0148263
200 iterations
f(b) = 0.0214712
Frob norm 2 after updating B : 0.0722615
Iteration number -------- 47  -----------
lambda : 1.25788
max_diff => 4.999e-08
performed mixing
Frob norm 1 after updating U: 0.0147967
200 iterations
f(b) = 0.0188092
Frob norm 2 after updating B : 0.0586028
Iteration number -------- 48  -----------
lambda : 1.26417
max_diff => 4.999e-08
performed mixing
Frob norm 1 after updating U: 0.0149157
200 iterations
f(b) = 0.0190898
Frob norm 2 after updating B : 0.0479238
Iteration number -------- 49  -----------
lambda : 1.27049
max_diff => 4.999e-08
performed mixing
Frob norm 1 after updating U: 0.0146959
200 iterations
f(b) = 0.0177609
Frob norm 2 after updating B : 0.0396076
Iteration number -------- 50  -----------
lambda : 1.27684
max_diff => 4.999e-08
performed mixing
Frob norm 1 after updating U: 0.014804
200 iterations
f(b) = 0.0172889
Frob norm 2 after updating B : 0.0330681
Iteration number -------- 51  -----------
lambda : 1.28323
max_diff => 4.999e-08
performed mixing
Frob norm 1 after updating U: 0.0147636
200 iterations
f(b) = 0.0175277
Frob norm 2 after updating B : 0.0280382
Iteration number -------- 52  -----------
lambda : 1.28964
max_diff => 4.999e-08
performed mixing
Frob norm 1 after updating U: 0.014769
200 iterations
f(b) = 0.0161698
Frob norm 2 after updating B : 0.0243706
Iteration number -------- 53  -----------
lambda : 1.29609
max_diff => 4.999e-08
performed mixing
Frob norm 1 after updating U: 0.0148595
200 iterations
f(b) = 0.0167368
Frob norm 2 after updating B : 0.0216032
Iteration number -------- 54  -----------
lambda : 1.30257
max_diff => 4.999e-08
performed mixing
Frob norm 1 after updating U: 0.0147252
200 iterations
f(b) = 0.0172164
Frob norm 2 after updating B : 0.0195449
Iteration number -------- 55  -----------
lambda : 1.30908
max_diff => 4.999e-08
performed mixing
Frob norm 1 after updating U: 0.014764
200 iterations
f(b) = 0.016317
Frob norm 2 after updating B : 0.0180097
Iteration number -------- 56  -----------
lambda : 1.31563
max_diff => 4.999e-08
performed mixing
Frob norm 1 after updating U: 0.0147117
200 iterations
f(b) = 0.0272956
Frob norm 2 after updating B : 0.0169992
Iteration number -------- 57  -----------
lambda : 1.32221
max_diff => 4.999e-08
performed mixing
Frob norm 1 after updating U: 0.014693
200 iterations
f(b) = 0.0149899
Frob norm 2 after updating B : 0.0163153
Iteration number -------- 58  -----------
lambda : 1.32882
max_diff => 4.999e-08
performed mixing
Frob norm 1 after updating U: 0.0147345
200 iterations
f(b) = 0.0139198
Frob norm 2 after updating B : 0.0158605
Iteration number -------- 59  -----------
lambda : 1.33546
max_diff => 4.999e-08
performed mixing
Frob norm 1 after updating U: 0.0147782
200 iterations
f(b) = 0.0289491
Frob norm 2 after updating B : 0.0156409
Iteration number -------- 60  -----------
lambda : 1.34214
max_diff => 4.999e-08
performed mixing
Frob norm 1 after updating U: 0.0149281
200 iterations
f(b) = 0.0195928
Frob norm 2 after updating B : 0.0152163
Iteration number -------- 61  -----------
lambda : 1.34885
max_diff => 4.999e-08
performed mixing
Frob norm 1 after updating U: 0.0146663
200 iterations
f(b) = 0.0161257
Frob norm 2 after updating B : 0.014976
Iteration number -------- 62  -----------
lambda : 1.35559
max_diff => 4.999e-08
performed mixing
Frob norm 1 after updating U: 0.0145996
200 iterations
f(b) = 0.0290438
Frob norm 2 after updating B : 0.0150445
Iteration number -------- 63  -----------
lambda : 1.36237
max_diff => 4.999e-08
performed mixing
Frob norm 1 after updating U: 0.0147592
200 iterations
f(b) = 0.0164768
Frob norm 2 after updating B : 0.014852
Iteration number -------- 64  -----------
lambda : 1.36918
max_diff => 4.999e-08
performed mixing
Frob norm 1 after updating U: 0.014653
200 iterations
f(b) = 0.0158091
Frob norm 2 after updating B : 0.014863
Iteration number -------- 65  -----------
lambda : 1.37603
max_diff => 4.999e-08
performed mixing
Frob norm 1 after updating U: 0.0147045
200 iterations
f(b) = 0.0167939
Frob norm 2 after updating B : 0.014861
Iteration number -------- 66  -----------
lambda : 1.38291
max_diff => 4.999e-08
performed mixing
Frob norm 1 after updating U: 0.0147461
200 iterations
f(b) = 0.0122408
Frob norm 2 after updating B : 0.0148691
Iteration number -------- 67  -----------
lambda : 1.38982
max_diff => 4.999e-08
performed mixing
Frob norm 1 after updating U: 0.0147813
200 iterations
f(b) = 0.0152968
Frob norm 2 after updating B : 0.0149058
Iteration number -------- 68  -----------
lambda : 1.39677
max_diff => 4.999e-08
performed mixing
Frob norm 1 after updating U: 0.0148431
200 iterations
f(b) = 0.0146857
Frob norm 2 after updating B : 0.0148368
Iteration number -------- 69  -----------
lambda : 1.40376
max_diff => 4.999e-08
performed mixing
Frob norm 1 after updating U: 0.0147809
200 iterations
f(b) = 0.0301997
Frob norm 2 after updating B : 0.0147742
Iteration number -------- 70  -----------
lambda : 1.41078
max_diff => 4.999e-08
performed mixing
Frob norm 1 after updating U: 0.0147367
200 iterations
f(b) = 0.0264016
Frob norm 2 after updating B : 0.0148199
Iteration number -------- 71  -----------
lambda : 1.41783
max_diff => 4.999e-08
performed mixing
Frob norm 1 after updating U: 0.0147895
200 iterations
f(b) = 0.0158272
Frob norm 2 after updating B : 0.0147199
Iteration number -------- 72  -----------
lambda : 1.42492
max_diff => 4.999e-08
performed mixing
Frob norm 1 after updating U: 0.0146933
200 iterations
f(b) = 0.0156434
Frob norm 2 after updating B : 0.0149169
Iteration number -------- 73  -----------
lambda : 1.43204
max_diff => 4.999e-08
performed mixing
Frob norm 1 after updating U: 0.0148909
200 iterations
f(b) = 0.0166751
Frob norm 2 after updating B : 0.0146372
Iteration number -------- 74  -----------
lambda : 1.4392
max_diff => 4.999e-08
performed mixing
Frob norm 1 after updating U: 0.014623
200 iterations
f(b) = 0.0149429
Frob norm 2 after updating B : 0.0147427
Iteration number -------- 75  -----------
lambda : 1.4464
max_diff => 4.999e-08
performed mixing
Frob norm 1 after updating U: 0.0147314
200 iterations
f(b) = 0.0150311
Frob norm 2 after updating B : 0.0148018
Iteration number -------- 76  -----------
lambda : 1.45363
max_diff => 4.999e-08
performed mixing
Frob norm 1 after updating U: 0.0147781
200 iterations
f(b) = 0.016
Frob norm 2 after updating B : 0.014747
Iteration number -------- 77  -----------
lambda : 1.4609
max_diff => 4.999e-08
performed mixing
Frob norm 1 after updating U: 0.0147306
200 iterations
f(b) = 0.0164956
Frob norm 2 after updating B : 0.0148826
Iteration number -------- 78  -----------
lambda : 1.46821
max_diff => 4.999e-08
performed mixing
Frob norm 1 after updating U: 0.0148708
200 iterations
f(b) = 0.0180077
Frob norm 2 after updating B : 0.0146933
Iteration number -------- 79  -----------
lambda : 1.47555
max_diff => 4.999e-08
performed mixing
Frob norm 1 after updating U: 0.0146853
200 iterations
f(b) = 0.015751
Frob norm 2 after updating B : 0.0147976
Iteration number -------- 80  -----------
lambda : 1.48292
max_diff => 4.999e-08
performed mixing
Frob norm 1 after updating U: 0.0147919
200 iterations
f(b) = 0.0191768
Frob norm 2 after updating B : 0.0145958
Iteration number -------- 81  -----------
lambda : 1.49034
max_diff => 4.999e-08
performed mixing
Frob norm 1 after updating U: 0.0145905
200 iterations
f(b) = 0.0161981
Frob norm 2 after updating B : 0.0145545
Iteration number -------- 82  -----------
lambda : 1.49779
max_diff => 4.999e-08
performed mixing
Frob norm 1 after updating U: 0.0145517
200 iterations
f(b) = 0.0167862
Frob norm 2 after updating B : 0.0146611
Iteration number -------- 83  -----------
lambda : 1.50528
max_diff => 4.999e-08
performed mixing
Frob norm 1 after updating U: 0.0146614
200 iterations
f(b) = 0.0183786
Frob norm 2 after updating B : 0.0146331
Iteration number -------- 84  -----------
lambda : 1.51281
max_diff => 4.999e-08
performed mixing
Frob norm 1 after updating U: 0.0146334
200 iterations
f(b) = 0.0195268
Frob norm 2 after updating B : 0.014896
Iteration number -------- 85  -----------
lambda : 1.52037
max_diff => 4.999e-08
performed mixing
Frob norm 1 after updating U: 0.0148699
200 iterations
f(b) = 0.015368
Frob norm 2 after updating B : 0.0148518
Iteration number -------- 86  -----------
lambda : 1.52797
max_diff => 4.999e-08
performed mixing
Frob norm 1 after updating U: 0.0148458
200 iterations
f(b) = 0.0305263
Frob norm 2 after updating B : 0.0147413
Iteration number -------- 87  -----------
lambda : 1.53561
max_diff => 4.999e-08
performed mixing
Frob norm 1 after updating U: 0.0147335
200 iterations
f(b) = 0.0174508
Frob norm 2 after updating B : 0.0148523
Iteration number -------- 88  -----------
lambda : 1.54329
max_diff => 4.999e-08
performed mixing
Frob norm 1 after updating U: 0.0148447
200 iterations
f(b) = 0.0176445
Frob norm 2 after updating B : 0.0147811
Iteration number -------- 89  -----------
lambda : 1.55101
max_diff => 4.999e-08
performed mixing
Frob norm 1 after updating U: 0.0147713
200 iterations
f(b) = 0.0191467
Frob norm 2 after updating B : 0.0148605
Iteration number -------- 90  -----------
lambda : 1.55876
max_diff => 4.999e-08
performed mixing
Frob norm 1 after updating U: 0.0148581
200 iterations
f(b) = 0.0203285
Frob norm 2 after updating B : 0.0147177
Iteration number -------- 91  -----------
lambda : 1.56655
max_diff => 4.999e-08
performed mixing
Frob norm 1 after updating U: 0.0147104
200 iterations
f(b) = 0.0275162
Frob norm 2 after updating B : 0.0146557
Iteration number -------- 92  -----------
lambda : 1.57439
max_diff => 4.999e-08
performed mixing
Frob norm 1 after updating U: 0.0146507
200 iterations
f(b) = 0.0162792
Frob norm 2 after updating B : 0.0148029
Iteration number -------- 93  -----------
lambda : 1.58226
max_diff => 4.999e-08
performed mixing
Frob norm 1 after updating U: 0.0147987
200 iterations
f(b) = 0.0201325
Frob norm 2 after updating B : 0.0147247
Iteration number -------- 94  -----------
lambda : 1.59017
max_diff => 4.999e-08
performed mixing
Frob norm 1 after updating U: 0.014726
200 iterations
f(b) = 0.0182532
Frob norm 2 after updating B : 0.0148748
Iteration number -------- 95  -----------
lambda : 1.59812
max_diff => 4.999e-08
performed mixing
Frob norm 1 after updating U: 0.014852
200 iterations
f(b) = 0.021339
Frob norm 2 after updating B : 0.0148657
Iteration number -------- 96  -----------
lambda : 1.60611
max_diff => 4.999e-08
performed mixing
Frob norm 1 after updating U: 0.0148637
200 iterations
f(b) = 0.0182372
Frob norm 2 after updating B : 0.0148325
Iteration number -------- 97  -----------
lambda : 1.61414
max_diff => 4.999e-08
performed mixing
Frob norm 1 after updating U: 0.0148269
200 iterations
f(b) = 0.0178812
Frob norm 2 after updating B : 0.0149076
Iteration number -------- 98  -----------
lambda : 1.62221
max_diff => 4.999e-08
performed mixing
Frob norm 1 after updating U: 0.0148986
200 iterations
f(b) = 0.0226066
Frob norm 2 after updating B : 0.0146578
Iteration number -------- 99  -----------
lambda : 1.63032
max_diff => 4.999e-08
performed mixing
Frob norm 1 after updating U: 0.014657
200 iterations
f(b) = 0.0377987
Frob norm 2 after updating B : 0.0146959
Iteration number -------- 100  -----------
lambda : 1.63848
max_diff => 4.999e-08
