Academic license - for non-commercial use only
Frob norm 1 after updating U: 12.9883
200 iterations
f(b) = 68.183
Frob norm 2 after updating B : 7.69909
Iteration number -------- 1  -----------
lambda : 1
max_diff => 0.167203
performed mixing
Frob norm 1 after updating U: 7.0519
200 iterations
f(b) = 64.2831
Frob norm 2 after updating B : 7.49483
Iteration number -------- 2  -----------
lambda : 1.005
max_diff => 0.164718
performed mixing
Frob norm 1 after updating U: 6.89024
200 iterations
f(b) = 60.8674
Frob norm 2 after updating B : 7.29803
Iteration number -------- 3  -----------
lambda : 1.01002
max_diff => 0.159362
performed mixing
Frob norm 1 after updating U: 6.77
200 iterations
f(b) = 58.0755
Frob norm 2 after updating B : 7.11546
Iteration number -------- 4  -----------
lambda : 1.01508
max_diff => 0.153021
performed mixing
Frob norm 1 after updating U: 6.69141
200 iterations
f(b) = 53.3844
Frob norm 2 after updating B : 6.9158
Iteration number -------- 5  -----------
lambda : 1.02015
max_diff => 0.124869
performed mixing
Frob norm 1 after updating U: 6.30173
200 iterations
f(b) = 46.9854
Frob norm 2 after updating B : 6.42931
Iteration number -------- 6  -----------
lambda : 1.02525
max_diff => 0.253821
performed mixing
Frob norm 1 after updating U: 5.14351
200 iterations
f(b) = 41.0676
Frob norm 2 after updating B : 5.95028
Iteration number -------- 7  -----------
lambda : 1.03038
max_diff => 0.331708
performed mixing
Frob norm 1 after updating U: 4.81952
200 iterations
f(b) = 36.524
Frob norm 2 after updating B : 5.55819
Iteration number -------- 8  -----------
lambda : 1.03553
max_diff => 0.387417
performed mixing
Frob norm 1 after updating U: 4.61184
200 iterations
f(b) = 33.1584
Frob norm 2 after updating B : 5.25614
Iteration number -------- 9  -----------
lambda : 1.04071
max_diff => 0.427016
performed mixing
Frob norm 1 after updating U: 4.46389
200 iterations
f(b) = 30.5493
Frob norm 2 after updating B : 5.00428
Iteration number -------- 10  -----------
lambda : 1.04591
max_diff => 0.442875
performed mixing
Frob norm 1 after updating U: 4.39573
200 iterations
f(b) = 28.6121
Frob norm 2 after updating B : 4.81869
Iteration number -------- 11  -----------
lambda : 1.05114
max_diff => 0.433001
performed mixing
Frob norm 1 after updating U: 4.33583
200 iterations
f(b) = 27.1007
Frob norm 2 after updating B : 4.67974
Iteration number -------- 12  -----------
lambda : 1.0564
max_diff => 0.4153
performed mixing
Frob norm 1 after updating U: 4.29
200 iterations
f(b) = 25.8888
Frob norm 2 after updating B : 4.56074
Iteration number -------- 13  -----------
lambda : 1.06168
max_diff => 0.404207
performed mixing
Frob norm 1 after updating U: 4.263
200 iterations
f(b) = 24.9498
Frob norm 2 after updating B : 4.47175
Iteration number -------- 14  -----------
lambda : 1.06699
max_diff => 0.382271
performed mixing
Frob norm 1 after updating U: 4.22313
200 iterations
f(b) = 24.1893
Frob norm 2 after updating B : 4.39055
Iteration number -------- 15  -----------
lambda : 1.07232
max_diff => 0.364776
performed mixing
Frob norm 1 after updating U: 4.19747
200 iterations
f(b) = 23.4737
Frob norm 2 after updating B : 4.33325
Iteration number -------- 16  -----------
lambda : 1.07768
max_diff => 0.334828
performed mixing
Frob norm 1 after updating U: 4.12264
200 iterations
f(b) = 22.7944
Frob norm 2 after updating B : 4.26531
Iteration number -------- 17  -----------
lambda : 1.08307
max_diff => 0.314858
performed mixing
Frob norm 1 after updating U: 4.06856
200 iterations
f(b) = 22.1398
Frob norm 2 after updating B : 4.20539
Iteration number -------- 18  -----------
lambda : 1.08849
max_diff => 0.289712
performed mixing
Frob norm 1 after updating U: 3.98326
200 iterations
f(b) = 21.4474
Frob norm 2 after updating B : 4.13513
Iteration number -------- 19  -----------
lambda : 1.09393
max_diff => 0.270583
performed mixing
Frob norm 1 after updating U: 3.91953
200 iterations
f(b) = 20.766
Frob norm 2 after updating B : 4.08051
Iteration number -------- 20  -----------
lambda : 1.0994
max_diff => 0.249868
performed mixing
Frob norm 1 after updating U: 3.82596
200 iterations
f(b) = 19.9944
Frob norm 2 after updating B : 4.01128
Iteration number -------- 21  -----------
lambda : 1.1049
max_diff => 0.232464
performed mixing
Frob norm 1 after updating U: 3.74707
200 iterations
f(b) = 19.2095
Frob norm 2 after updating B : 3.92646
Iteration number -------- 22  -----------
lambda : 1.11042
max_diff => 0.224222
performed mixing
Frob norm 1 after updating U: 3.69674
200 iterations
f(b) = 18.5247
Frob norm 2 after updating B : 3.86937
Iteration number -------- 23  -----------
lambda : 1.11597
max_diff => 0.198764
performed mixing
Frob norm 1 after updating U: 3.63485
200 iterations
f(b) = 17.839
Frob norm 2 after updating B : 3.80386
Iteration number -------- 24  -----------
lambda : 1.12155
max_diff => 0.193147
performed mixing
Frob norm 1 after updating U: 3.59099
200 iterations
f(b) = 17.2134
Frob norm 2 after updating B : 3.71486
Iteration number -------- 25  -----------
lambda : 1.12716
max_diff => 0.167127
performed mixing
Frob norm 1 after updating U: 3.47291
200 iterations
f(b) = 15.5679
Frob norm 2 after updating B : 3.60818
Iteration number -------- 26  -----------
lambda : 1.1328
max_diff => 0.182041
performed mixing
Frob norm 1 after updating U: 3.16325
200 iterations
f(b) = 14.4486
Frob norm 2 after updating B : 3.45385
Iteration number -------- 27  -----------
lambda : 1.13846
max_diff => 0.206617
performed mixing
Frob norm 1 after updating U: 3.08117
200 iterations
f(b) = 13.4661
Frob norm 2 after updating B : 3.39439
Iteration number -------- 28  -----------
lambda : 1.14415
max_diff => 0.192731
performed mixing
Frob norm 1 after updating U: 2.99764
200 iterations
f(b) = 12.4994
Frob norm 2 after updating B : 3.27978
Iteration number -------- 29  -----------
lambda : 1.14987
max_diff => 0.180704
performed mixing
Frob norm 1 after updating U: 2.82571
200 iterations
f(b) = 10.5182
Frob norm 2 after updating B : 3.33468
Iteration number -------- 30  -----------
lambda : 1.15562
max_diff => 0.0941593
performed mixing
Frob norm 1 after updating U: 1.14854
200 iterations
f(b) = 7.37572
Frob norm 2 after updating B : 2.83059
Iteration number -------- 31  -----------
lambda : 1.1614
max_diff => 0.0814543
performed mixing
Frob norm 1 after updating U: 0.878874
200 iterations
f(b) = 5.3017
Frob norm 2 after updating B : 2.40907
Iteration number -------- 32  -----------
lambda : 1.16721
max_diff => 0.0606529
performed mixing
Frob norm 1 after updating U: 0.70202
200 iterations
f(b) = 3.85386
Frob norm 2 after updating B : 2.04163
Iteration number -------- 33  -----------
lambda : 1.17304
max_diff => 0.0448742
performed mixing
Frob norm 1 after updating U: 0.579347
200 iterations
f(b) = 2.84435
Frob norm 2 after updating B : 1.73238
Iteration number -------- 34  -----------
lambda : 1.17891
max_diff => 0.0294085
performed mixing
Frob norm 1 after updating U: 0.470978
200 iterations
f(b) = 2.07631
Frob norm 2 after updating B : 1.4607
Iteration number -------- 35  -----------
lambda : 1.1848
max_diff => 0.0204299
performed mixing
Frob norm 1 after updating U: 0.39519
200 iterations
f(b) = 1.53763
Frob norm 2 after updating B : 1.23492
Iteration number -------- 36  -----------
lambda : 1.19073
max_diff => 0.0138164
performed mixing
Frob norm 1 after updating U: 0.329656
200 iterations
f(b) = 1.147
Frob norm 2 after updating B : 1.04014
Iteration number -------- 37  -----------
lambda : 1.19668
max_diff => 0.00997214
performed mixing
Frob norm 1 after updating U: 0.285596
200 iterations
f(b) = 0.857599
Frob norm 2 after updating B : 0.875129
Iteration number -------- 38  -----------
lambda : 1.20266
max_diff => 0.00629625
performed mixing
Frob norm 1 after updating U: 0.233576
200 iterations
f(b) = 0.675581
Frob norm 2 after updating B : 0.728636
Iteration number -------- 39  -----------
lambda : 1.20868
max_diff => 0.00611997
performed mixing
Frob norm 1 after updating U: 0.231222
200 iterations
f(b) = 0.518796
Frob norm 2 after updating B : 0.613211
Iteration number -------- 40  -----------
lambda : 1.21472
max_diff => 0.00581695
performed mixing
Frob norm 1 after updating U: 0.226126
200 iterations
f(b) = 0.415494
Frob norm 2 after updating B : 0.521949
Iteration number -------- 41  -----------
lambda : 1.22079
max_diff => 0.00557773
performed mixing
Frob norm 1 after updating U: 0.222037
200 iterations
f(b) = 0.269456
Frob norm 2 after updating B : 0.49919
Iteration number -------- 42  -----------
lambda : 1.2269
max_diff => 7.26885e-06
performed mixing
Frob norm 1 after updating U: 0.0184715
200 iterations
f(b) = 0.215687
Frob norm 2 after updating B : 0.400839
Iteration number -------- 43  -----------
lambda : 1.23303
max_diff => 5.40933e-06
performed mixing
Frob norm 1 after updating U: 0.0177222
200 iterations
f(b) = 0.158796
Frob norm 2 after updating B : 0.322523
Iteration number -------- 44  -----------
lambda : 1.2392
max_diff => 2.38035e-06
performed mixing
Frob norm 1 after updating U: 0.016358
200 iterations
f(b) = 0.120976
Frob norm 2 after updating B : 0.260254
Iteration number -------- 45  -----------
lambda : 1.24539
max_diff => 1.03834e-07
performed mixing
Frob norm 1 after updating U: 0.0150111
200 iterations
f(b) = 0.0960637
Frob norm 2 after updating B : 0.208781
Iteration number -------- 46  -----------
lambda : 1.25162
max_diff => 5.09953e-08
performed mixing
Frob norm 1 after updating U: 0.0149964
200 iterations
f(b) = 0.0795472
Frob norm 2 after updating B : 0.167465
Iteration number -------- 47  -----------
lambda : 1.25788
max_diff => 4.999e-08
performed mixing
Frob norm 1 after updating U: 0.0149409
200 iterations
f(b) = 0.0329307
Frob norm 2 after updating B : 0.134494
Iteration number -------- 48  -----------
lambda : 1.26417
max_diff => 5.9906e-08
performed mixing
Frob norm 1 after updating U: 0.015016
200 iterations
f(b) = 0.0619725
Frob norm 2 after updating B : 0.108289
Iteration number -------- 49  -----------
lambda : 1.27049
max_diff => 4.999e-08
performed mixing
Frob norm 1 after updating U: 0.0147487
200 iterations
f(b) = 0.0574454
Frob norm 2 after updating B : 0.0871903
Iteration number -------- 50  -----------
lambda : 1.27684
max_diff => 4.999e-08
performed mixing
Frob norm 1 after updating U: 0.0148175
200 iterations
f(b) = 0.0199514
Frob norm 2 after updating B : 0.070799
Iteration number -------- 51  -----------
lambda : 1.28323
max_diff => 4.999e-08
performed mixing
Frob norm 1 after updating U: 0.0148579
200 iterations
f(b) = 0.0184488
Frob norm 2 after updating B : 0.0574781
Iteration number -------- 52  -----------
lambda : 1.28964
max_diff => 4.999e-08
performed mixing
Frob norm 1 after updating U: 0.0147488
200 iterations
f(b) = 0.0191702
Frob norm 2 after updating B : 0.0469876
Iteration number -------- 53  -----------
lambda : 1.29609
max_diff => 4.999e-08
performed mixing
Frob norm 1 after updating U: 0.0149033
200 iterations
f(b) = 0.0176944
Frob norm 2 after updating B : 0.0388105
Iteration number -------- 54  -----------
lambda : 1.30257
max_diff => 4.999e-08
performed mixing
Frob norm 1 after updating U: 0.014892
200 iterations
f(b) = 0.0175941
Frob norm 2 after updating B : 0.0325456
Iteration number -------- 55  -----------
lambda : 1.30908
max_diff => 4.999e-08
performed mixing
Frob norm 1 after updating U: 0.0148771
200 iterations
f(b) = 0.0261001
Frob norm 2 after updating B : 0.0276728
Iteration number -------- 56  -----------
lambda : 1.31563
max_diff => 4.999e-08
performed mixing
Frob norm 1 after updating U: 0.0148563
200 iterations
f(b) = 0.0168718
Frob norm 2 after updating B : 0.0240634
Iteration number -------- 57  -----------
lambda : 1.32221
max_diff => 4.999e-08
performed mixing
Frob norm 1 after updating U: 0.0148365
200 iterations
f(b) = 0.0264637
Frob norm 2 after updating B : 0.0213591
Iteration number -------- 58  -----------
lambda : 1.32882
max_diff => 4.999e-08
performed mixing
Frob norm 1 after updating U: 0.0147534
200 iterations
f(b) = 0.017293
Frob norm 2 after updating B : 0.0193513
Iteration number -------- 59  -----------
lambda : 1.33546
max_diff => 4.999e-08
performed mixing
Frob norm 1 after updating U: 0.0146362
200 iterations
f(b) = 0.0171345
Frob norm 2 after updating B : 0.0181268
Iteration number -------- 60  -----------
lambda : 1.34214
max_diff => 4.999e-08
performed mixing
Frob norm 1 after updating U: 0.0149627
200 iterations
f(b) = 0.0160824
Frob norm 2 after updating B : 0.0170799
Iteration number -------- 61  -----------
lambda : 1.34885
max_diff => 4.999e-08
performed mixing
Frob norm 1 after updating U: 0.0148565
200 iterations
f(b) = 0.0148401
Frob norm 2 after updating B : 0.0162425
Iteration number -------- 62  -----------
lambda : 1.35559
max_diff => 4.999e-08
performed mixing
Frob norm 1 after updating U: 0.0147064
200 iterations
f(b) = 0.0184982
Frob norm 2 after updating B : 0.0157912
Iteration number -------- 63  -----------
lambda : 1.36237
max_diff => 4.999e-08
performed mixing
Frob norm 1 after updating U: 0.0147359
200 iterations
f(b) = 0.0148846
Frob norm 2 after updating B : 0.015472
Iteration number -------- 64  -----------
lambda : 1.36918
max_diff => 4.999e-08
performed mixing
Frob norm 1 after updating U: 0.014721
200 iterations
f(b) = 0.0295132
Frob norm 2 after updating B : 0.0154143
Iteration number -------- 65  -----------
lambda : 1.37603
max_diff => 4.999e-08
performed mixing
Frob norm 1 after updating U: 0.0148863
200 iterations
f(b) = 0.0122198
Frob norm 2 after updating B : 0.0152017
Iteration number -------- 66  -----------
lambda : 1.38291
max_diff => 4.999e-08
performed mixing
Frob norm 1 after updating U: 0.0148223
200 iterations
f(b) = 0.019324
Frob norm 2 after updating B : 0.0152062
Iteration number -------- 67  -----------
lambda : 1.38982
max_diff => 4.999e-08
performed mixing
Frob norm 1 after updating U: 0.0149356
200 iterations
f(b) = 0.0154454
Frob norm 2 after updating B : 0.0149803
Iteration number -------- 68  -----------
lambda : 1.39677
max_diff => 4.999e-08
performed mixing
Frob norm 1 after updating U: 0.0147825
200 iterations
f(b) = 0.0230478
Frob norm 2 after updating B : 0.0148673
Iteration number -------- 69  -----------
lambda : 1.40376
max_diff => 4.999e-08
performed mixing
Frob norm 1 after updating U: 0.0147269
200 iterations
f(b) = 0.0299154
Frob norm 2 after updating B : 0.0148146
Iteration number -------- 70  -----------
lambda : 1.41078
max_diff => 4.999e-08
performed mixing
Frob norm 1 after updating U: 0.0146991
200 iterations
f(b) = 0.016942
Frob norm 2 after updating B : 0.0147745
Iteration number -------- 71  -----------
lambda : 1.41783
max_diff => 4.999e-08
performed mixing
Frob norm 1 after updating U: 0.0146913
200 iterations
f(b) = 0.0153431
Frob norm 2 after updating B : 0.0148034
Iteration number -------- 72  -----------
lambda : 1.42492
max_diff => 4.999e-08
performed mixing
Frob norm 1 after updating U: 0.0147371
200 iterations
f(b) = 0.0162706
Frob norm 2 after updating B : 0.014718
Iteration number -------- 73  -----------
lambda : 1.43204
max_diff => 4.999e-08
performed mixing
Frob norm 1 after updating U: 0.0146772
200 iterations
f(b) = 0.0264249
Frob norm 2 after updating B : 0.0147141
Iteration number -------- 74  -----------
lambda : 1.4392
max_diff => 4.999e-08
performed mixing
Frob norm 1 after updating U: 0.014675
200 iterations
f(b) = 0.0114628
Frob norm 2 after updating B : 0.0147559
Iteration number -------- 75  -----------
lambda : 1.4464
max_diff => 4.999e-08
performed mixing
Frob norm 1 after updating U: 0.0147258
200 iterations
f(b) = 0.0161331
Frob norm 2 after updating B : 0.014835
Iteration number -------- 76  -----------
lambda : 1.45363
max_diff => 4.999e-08
performed mixing
Frob norm 1 after updating U: 0.0148117
200 iterations
f(b) = 0.0214732
Frob norm 2 after updating B : 0.0147385
Iteration number -------- 77  -----------
lambda : 1.4609
max_diff => 4.999e-08
performed mixing
Frob norm 1 after updating U: 0.0147183
200 iterations
f(b) = 0.016137
Frob norm 2 after updating B : 0.014818
Iteration number -------- 78  -----------
lambda : 1.46821
max_diff => 4.999e-08
performed mixing
Frob norm 1 after updating U: 0.0147902
200 iterations
f(b) = 0.017954
Frob norm 2 after updating B : 0.0149078
Iteration number -------- 79  -----------
lambda : 1.47555
max_diff => 4.999e-08
performed mixing
Frob norm 1 after updating U: 0.014891
200 iterations
f(b) = 0.0179479
Frob norm 2 after updating B : 0.0146935
Iteration number -------- 80  -----------
lambda : 1.48292
max_diff => 4.999e-08
performed mixing
Frob norm 1 after updating U: 0.0146775
200 iterations
f(b) = 0.0188118
Frob norm 2 after updating B : 0.0148111
Iteration number -------- 81  -----------
lambda : 1.49034
max_diff => 4.999e-08
performed mixing
Frob norm 1 after updating U: 0.0148009
200 iterations
f(b) = 0.0158281
Frob norm 2 after updating B : 0.0147753
Iteration number -------- 82  -----------
lambda : 1.49779
max_diff => 4.999e-08
performed mixing
Frob norm 1 after updating U: 0.0147656
200 iterations
f(b) = 0.0160951
Frob norm 2 after updating B : 0.0147327
Iteration number -------- 83  -----------
lambda : 1.50528
max_diff => 4.999e-08
performed mixing
Frob norm 1 after updating U: 0.0147256
200 iterations
f(b) = 0.0265223
Frob norm 2 after updating B : 0.0146747
Iteration number -------- 84  -----------
lambda : 1.51281
max_diff => 4.999e-08
performed mixing
Frob norm 1 after updating U: 0.0146625
200 iterations
f(b) = 0.0176668
Frob norm 2 after updating B : 0.0148238
Iteration number -------- 85  -----------
lambda : 1.52037
max_diff => 4.999e-08
performed mixing
Frob norm 1 after updating U: 0.0148137
200 iterations
f(b) = 0.0239312
Frob norm 2 after updating B : 0.0148017
Iteration number -------- 86  -----------
lambda : 1.52797
max_diff => 4.999e-08
performed mixing
Frob norm 1 after updating U: 0.0147897
200 iterations
f(b) = 0.0302712
Frob norm 2 after updating B : 0.014714
Iteration number -------- 87  -----------
lambda : 1.53561
max_diff => 4.999e-08
performed mixing
Frob norm 1 after updating U: 0.0147092
200 iterations
f(b) = 0.0171363
Frob norm 2 after updating B : 0.0147286
Iteration number -------- 88  -----------
lambda : 1.54329
max_diff => 4.999e-08
performed mixing
Frob norm 1 after updating U: 0.014724
200 iterations
f(b) = 0.0163895
Frob norm 2 after updating B : 0.0148861
Iteration number -------- 89  -----------
lambda : 1.55101
max_diff => 4.999e-08
performed mixing
Frob norm 1 after updating U: 0.0148718
200 iterations
f(b) = 0.0187803
Frob norm 2 after updating B : 0.0145889
Iteration number -------- 90  -----------
lambda : 1.55876
max_diff => 4.999e-08
performed mixing
Frob norm 1 after updating U: 0.0145874
200 iterations
f(b) = 0.0339204
Frob norm 2 after updating B : 0.0146708
Iteration number -------- 91  -----------
lambda : 1.56655
max_diff => 4.999e-08
performed mixing
Frob norm 1 after updating U: 0.0146661
200 iterations
f(b) = 0.0175799
Frob norm 2 after updating B : 0.0148752
Iteration number -------- 92  -----------
lambda : 1.57439
max_diff => 4.999e-08
performed mixing
Frob norm 1 after updating U: 0.014855
200 iterations
f(b) = 0.0218483
Frob norm 2 after updating B : 0.0146367
Iteration number -------- 93  -----------
lambda : 1.58226
max_diff => 4.999e-08
performed mixing
Frob norm 1 after updating U: 0.0146397
200 iterations
f(b) = 0.0166168
Frob norm 2 after updating B : 0.0148482
Iteration number -------- 94  -----------
lambda : 1.59017
max_diff => 4.999e-08
performed mixing
Frob norm 1 after updating U: 0.014845
200 iterations
f(b) = 0.0177953
Frob norm 2 after updating B : 0.0148059
Iteration number -------- 95  -----------
lambda : 1.59812
max_diff => 4.999e-08
performed mixing
Frob norm 1 after updating U: 0.0147973
200 iterations
f(b) = 0.0169147
Frob norm 2 after updating B : 0.0148695
Iteration number -------- 96  -----------
lambda : 1.60611
max_diff => 4.999e-08
performed mixing
Frob norm 1 after updating U: 0.0148619
200 iterations
f(b) = 0.0166584
Frob norm 2 after updating B : 0.0149402
Iteration number -------- 97  -----------
lambda : 1.61414
max_diff => 4.999e-08
performed mixing
Frob norm 1 after updating U: 0.014931
200 iterations
f(b) = 0.0167533
Frob norm 2 after updating B : 0.0148881
Iteration number -------- 98  -----------
lambda : 1.62221
max_diff => 4.999e-08
performed mixing
Frob norm 1 after updating U: 0.0148857
200 iterations
f(b) = 0.0185917
Frob norm 2 after updating B : 0.0147726
Iteration number -------- 99  -----------
lambda : 1.63032
max_diff => 4.999e-08
performed mixing
Frob norm 1 after updating U: 0.0147724
200 iterations
f(b) = 0.0184884
Frob norm 2 after updating B : 0.0147601
Iteration number -------- 100  -----------
lambda : 1.63848
max_diff => 4.999e-08
