Academic license - for non-commercial use only
Frob norm 1 after updating U: 12.7184
200 iterations
f(b) = 86.3208
Frob norm 2 after updating B : 8.50956
Iteration number -------- 1  -----------
lambda : 1
max_diff => 0.206532
performed mixing
Frob norm 1 after updating U: 7.12094
200 iterations
f(b) = 76.6052
Frob norm 2 after updating B : 8.01752
Iteration number -------- 2  -----------
lambda : 1.005
max_diff => 0.168044
performed mixing
Frob norm 1 after updating U: 6.58627
200 iterations
f(b) = 67.7218
Frob norm 2 after updating B : 7.52488
Iteration number -------- 3  -----------
lambda : 1.01002
max_diff => 0.132554
performed mixing
Frob norm 1 after updating U: 6.11381
200 iterations
f(b) = 58.6327
Frob norm 2 after updating B : 7.01238
Iteration number -------- 4  -----------
lambda : 1.01508
max_diff => 0.12128
performed mixing
Frob norm 1 after updating U: 5.61614
200 iterations
f(b) = 51.4762
Frob norm 2 after updating B : 6.58641
Iteration number -------- 5  -----------
lambda : 1.02015
max_diff => 0.123774
performed mixing
Frob norm 1 after updating U: 5.39529
200 iterations
f(b) = 45.6604
Frob norm 2 after updating B : 6.20868
Iteration number -------- 6  -----------
lambda : 1.02525
max_diff => 0.108684
performed mixing
Frob norm 1 after updating U: 5.143
200 iterations
f(b) = 40.4994
Frob norm 2 after updating B : 5.93194
Iteration number -------- 7  -----------
lambda : 1.03038
max_diff => 0.0733118
performed mixing
Frob norm 1 after updating U: 4.89016
200 iterations
f(b) = 36.0079
Frob norm 2 after updating B : 5.63183
Iteration number -------- 8  -----------
lambda : 1.03553
max_diff => 0.0624699
performed mixing
Frob norm 1 after updating U: 4.81908
200 iterations
f(b) = 32.7642
Frob norm 2 after updating B : 5.38516
Iteration number -------- 9  -----------
lambda : 1.04071
max_diff => 0.0624992
performed mixing
Frob norm 1 after updating U: 4.78706
200 iterations
f(b) = 30.473
Frob norm 2 after updating B : 5.18566
Iteration number -------- 10  -----------
lambda : 1.04591
max_diff => 0.0625001
performed mixing
Frob norm 1 after updating U: 4.77666
200 iterations
f(b) = 28.7081
Frob norm 2 after updating B : 5.04531
Iteration number -------- 11  -----------
lambda : 1.05114
max_diff => 0.0624843
performed mixing
Frob norm 1 after updating U: 4.73877
200 iterations
f(b) = 27.468
Frob norm 2 after updating B : 4.91544
Iteration number -------- 12  -----------
lambda : 1.0564
max_diff => 0.0624508
performed mixing
Frob norm 1 after updating U: 4.68458
200 iterations
f(b) = 23.0289
Frob norm 2 after updating B : 4.45881
Iteration number -------- 13  -----------
lambda : 1.06168
max_diff => 0.0624215
performed mixing
Frob norm 1 after updating U: 4.27639
200 iterations
f(b) = 22.4509
Frob norm 2 after updating B : 4.39539
Iteration number -------- 14  -----------
lambda : 1.06699
max_diff => 0.0624226
performed mixing
Frob norm 1 after updating U: 4.27642
200 iterations
f(b) = 22.0927
Frob norm 2 after updating B : 4.35354
Iteration number -------- 15  -----------
lambda : 1.07232
max_diff => 0.0624242
performed mixing
Frob norm 1 after updating U: 4.27613
200 iterations
f(b) = 21.8613
Frob norm 2 after updating B : 4.32598
Iteration number -------- 16  -----------
lambda : 1.07768
max_diff => 0.0624238
performed mixing
Frob norm 1 after updating U: 4.27556
200 iterations
f(b) = 21.7088
Frob norm 2 after updating B : 4.30774
Iteration number -------- 17  -----------
lambda : 1.08307
max_diff => 0.0624255
performed mixing
Frob norm 1 after updating U: 4.27469
200 iterations
f(b) = 21.4154
Frob norm 2 after updating B : 4.27844
Iteration number -------- 18  -----------
lambda : 1.08849
max_diff => 0.0624897
performed mixing
Frob norm 1 after updating U: 4.22717
200 iterations
f(b) = 21.2954
Frob norm 2 after updating B : 4.26019
Iteration number -------- 19  -----------
lambda : 1.09393
max_diff => 0.0624877
performed mixing
Frob norm 1 after updating U: 4.22682
200 iterations
f(b) = 21.2064
Frob norm 2 after updating B : 4.24811
Iteration number -------- 20  -----------
lambda : 1.0994
max_diff => 0.0624842
performed mixing
Frob norm 1 after updating U: 4.22623
200 iterations
f(b) = 21.1485
Frob norm 2 after updating B : 4.23998
Iteration number -------- 21  -----------
lambda : 1.1049
max_diff => 0.062484
performed mixing
Frob norm 1 after updating U: 4.22542
200 iterations
f(b) = 20.951
Frob norm 2 after updating B : 4.22916
Iteration number -------- 22  -----------
lambda : 1.11042
max_diff => 0.0624996
performed mixing
Frob norm 1 after updating U: 4.20066
200 iterations
f(b) = 20.883
Frob norm 2 after updating B : 4.21879
Iteration number -------- 23  -----------
lambda : 1.11597
max_diff => 0.0624991
performed mixing
Frob norm 1 after updating U: 4.20019
200 iterations
f(b) = 20.8312
Frob norm 2 after updating B : 4.21148
Iteration number -------- 24  -----------
lambda : 1.12155
max_diff => 0.0624975
performed mixing
Frob norm 1 after updating U: 4.19873
200 iterations
f(b) = 20.4992
Frob norm 2 after updating B : 4.21804
Iteration number -------- 25  -----------
lambda : 1.12716
max_diff => 0.0617622
performed mixing
Frob norm 1 after updating U: 4.13647
200 iterations
f(b) = 20.3001
Frob norm 2 after updating B : 4.18926
Iteration number -------- 26  -----------
lambda : 1.1328
max_diff => 0.0617483
performed mixing
Frob norm 1 after updating U: 4.1364
200 iterations
f(b) = 20.1542
Frob norm 2 after updating B : 4.17033
Iteration number -------- 27  -----------
lambda : 1.13846
max_diff => 0.0617243
performed mixing
Frob norm 1 after updating U: 4.13556
200 iterations
f(b) = 20.0523
Frob norm 2 after updating B : 4.15749
Iteration number -------- 28  -----------
lambda : 1.14415
max_diff => 0.0616802
performed mixing
Frob norm 1 after updating U: 4.13408
200 iterations
f(b) = 19.6224
Frob norm 2 after updating B : 4.15805
Iteration number -------- 29  -----------
lambda : 1.14987
max_diff => 0.0622905
performed mixing
Frob norm 1 after updating U: 4.07514
200 iterations
f(b) = 19.4078
Frob norm 2 after updating B : 4.12819
Iteration number -------- 30  -----------
lambda : 1.15562
max_diff => 0.0623251
performed mixing
Frob norm 1 after updating U: 4.07382
200 iterations
f(b) = 18.7743
Frob norm 2 after updating B : 4.08989
Iteration number -------- 31  -----------
lambda : 1.1614
max_diff => 0.0728597
performed mixing
Frob norm 1 after updating U: 3.93483
200 iterations
f(b) = 14.4797
Frob norm 2 after updating B : 3.59857
Iteration number -------- 32  -----------
lambda : 1.16721
max_diff => 0.0851493
performed mixing
Frob norm 1 after updating U: 2.63797
200 iterations
f(b) = 10.9769
Frob norm 2 after updating B : 3.12922
Iteration number -------- 33  -----------
lambda : 1.17304
max_diff => 0.067342
performed mixing
Frob norm 1 after updating U: 2.03666
200 iterations
f(b) = 7.83432
Frob norm 2 after updating B : 2.66544
Iteration number -------- 34  -----------
lambda : 1.17891
max_diff => 0.0720158
performed mixing
Frob norm 1 after updating U: 1.69214
200 iterations
f(b) = 6.36455
Frob norm 2 after updating B : 2.39292
Iteration number -------- 35  -----------
lambda : 1.1848
max_diff => 0.0676428
performed mixing
Frob norm 1 after updating U: 1.68647
200 iterations
f(b) = 5.41863
Frob norm 2 after updating B : 2.18615
Iteration number -------- 36  -----------
lambda : 1.19073
max_diff => 0.0666222
performed mixing
Frob norm 1 after updating U: 1.68569
200 iterations
f(b) = 4.78919
Frob norm 2 after updating B : 2.03803
Iteration number -------- 37  -----------
lambda : 1.19668
max_diff => 0.0655172
performed mixing
Frob norm 1 after updating U: 1.68494
200 iterations
f(b) = 4.35545
Frob norm 2 after updating B : 1.93486
Iteration number -------- 38  -----------
lambda : 1.20266
max_diff => 0.062074
performed mixing
Frob norm 1 after updating U: 1.6828
200 iterations
f(b) = 4.00489
Frob norm 2 after updating B : 1.87144
Iteration number -------- 39  -----------
lambda : 1.20868
max_diff => 0.0470656
performed mixing
Frob norm 1 after updating U: 1.6758
200 iterations
f(b) = 3.80397
Frob norm 2 after updating B : 1.81515
Iteration number -------- 40  -----------
lambda : 1.21472
max_diff => 0.0444036
performed mixing
Frob norm 1 after updating U: 1.67448
200 iterations
f(b) = 3.5053
Frob norm 2 after updating B : 1.82868
Iteration number -------- 41  -----------
lambda : 1.22079
max_diff => 0.0048963
performed mixing
Frob norm 1 after updating U: 1.65088
200 iterations
f(b) = 3.34762
Frob norm 2 after updating B : 1.77277
Iteration number -------- 42  -----------
lambda : 1.2269
max_diff => 0.0046669
performed mixing
Frob norm 1 after updating U: 1.65065
200 iterations
f(b) = 3.15948
Frob norm 2 after updating B : 1.74469
Iteration number -------- 43  -----------
lambda : 1.23303
max_diff => 0.00165919
performed mixing
Frob norm 1 after updating U: 1.64712
200 iterations
f(b) = 3.08232
Frob norm 2 after updating B : 1.71387
Iteration number -------- 44  -----------
lambda : 1.2392
max_diff => 0.0014877
performed mixing
Frob norm 1 after updating U: 1.64722
200 iterations
f(b) = 3.00763
Frob norm 2 after updating B : 1.69304
Iteration number -------- 45  -----------
lambda : 1.24539
max_diff => 0.00124018
performed mixing
Frob norm 1 after updating U: 1.64683
200 iterations
f(b) = 2.90475
Frob norm 2 after updating B : 1.68479
Iteration number -------- 46  -----------
lambda : 1.25162
max_diff => 1.14618e-07
performed mixing
Frob norm 1 after updating U: 1.64467
200 iterations
f(b) = 2.8964
Frob norm 2 after updating B : 1.67054
Iteration number -------- 47  -----------
lambda : 1.25788
max_diff => 1.06043e-07
performed mixing
Frob norm 1 after updating U: 1.6447
200 iterations
f(b) = 2.85153
Frob norm 2 after updating B : 1.66133
Iteration number -------- 48  -----------
lambda : 1.26417
max_diff => 1.14252e-07
performed mixing
Frob norm 1 after updating U: 1.64469
200 iterations
f(b) = 2.84477
Frob norm 2 after updating B : 1.65538
Iteration number -------- 49  -----------
lambda : 1.27049
max_diff => 1.14153e-07
performed mixing
Frob norm 1 after updating U: 1.64468
200 iterations
f(b) = 2.82884
Frob norm 2 after updating B : 1.65155
Iteration number -------- 50  -----------
lambda : 1.27684
max_diff => 1.2471e-07
performed mixing
Frob norm 1 after updating U: 1.64466
200 iterations
f(b) = 2.82631
Frob norm 2 after updating B : 1.64906
Iteration number -------- 51  -----------
lambda : 1.28323
max_diff => 1.31623e-07
performed mixing
Frob norm 1 after updating U: 1.64462
200 iterations
f(b) = 2.81433
Frob norm 2 after updating B : 1.64757
Iteration number -------- 52  -----------
lambda : 1.28964
max_diff => 1.15066e-07
performed mixing
Frob norm 1 after updating U: 1.6447
200 iterations
f(b) = 2.81394
Frob norm 2 after updating B : 1.64652
Iteration number -------- 53  -----------
lambda : 1.29609
max_diff => 1.08416e-07
performed mixing
Frob norm 1 after updating U: 1.64467
200 iterations
f(b) = 2.81495
Frob norm 2 after updating B : 1.64589
Iteration number -------- 54  -----------
lambda : 1.30257
max_diff => 1.03206e-07
performed mixing
Frob norm 1 after updating U: 1.6447
200 iterations
f(b) = 2.81032
Frob norm 2 after updating B : 1.64545
Iteration number -------- 55  -----------
lambda : 1.30908
max_diff => 1.18623e-07
performed mixing
Frob norm 1 after updating U: 1.64468
200 iterations
f(b) = 2.81425
Frob norm 2 after updating B : 1.64517
Iteration number -------- 56  -----------
lambda : 1.31563
max_diff => 1.29517e-07
performed mixing
Frob norm 1 after updating U: 1.64466
200 iterations
f(b) = 2.81548
Frob norm 2 after updating B : 1.64503
Iteration number -------- 57  -----------
lambda : 1.32221
max_diff => 1.06232e-07
performed mixing
Frob norm 1 after updating U: 1.64471
200 iterations
f(b) = 2.81345
Frob norm 2 after updating B : 1.64485
Iteration number -------- 58  -----------
lambda : 1.32882
max_diff => 1.31245e-07
performed mixing
Frob norm 1 after updating U: 1.64463
200 iterations
f(b) = 2.81214
Frob norm 2 after updating B : 1.64483
Iteration number -------- 59  -----------
lambda : 1.33546
max_diff => 1.06159e-07
performed mixing
Frob norm 1 after updating U: 1.64468
200 iterations
f(b) = 2.81623
Frob norm 2 after updating B : 1.64466
Iteration number -------- 60  -----------
lambda : 1.34214
max_diff => 1.64941e-07
performed mixing
Frob norm 1 after updating U: 1.64457
200 iterations
f(b) = 2.80137
Frob norm 2 after updating B : 1.64477
Iteration number -------- 61  -----------
lambda : 1.34885
max_diff => 1.06676e-07
performed mixing
Frob norm 1 after updating U: 1.64471
200 iterations
f(b) = 2.77437
Frob norm 2 after updating B : 1.64408
Iteration number -------- 62  -----------
lambda : 1.35559
max_diff => 1.30595e-06
performed mixing
Frob norm 1 after updating U: 1.64404
200 iterations
f(b) = 2.80043
Frob norm 2 after updating B : 1.64471
Iteration number -------- 63  -----------
lambda : 1.36237
max_diff => 1.20804e-07
performed mixing
Frob norm 1 after updating U: 1.64468
200 iterations
f(b) = 2.77022
Frob norm 2 after updating B : 1.64472
Iteration number -------- 64  -----------
lambda : 1.36918
max_diff => 1.05459e-07
performed mixing
Frob norm 1 after updating U: 1.6447
200 iterations
f(b) = 2.7868
Frob norm 2 after updating B : 1.64471
Iteration number -------- 65  -----------
lambda : 1.37603
max_diff => 1.06425e-07
performed mixing
Frob norm 1 after updating U: 1.6447
200 iterations
f(b) = 2.81912
Frob norm 2 after updating B : 1.64464
Iteration number -------- 66  -----------
lambda : 1.38291
max_diff => 1.75483e-07
performed mixing
Frob norm 1 after updating U: 1.64463
200 iterations
f(b) = 2.82081
Frob norm 2 after updating B : 1.6447
Iteration number -------- 67  -----------
lambda : 1.38982
max_diff => 1.02259e-07
performed mixing
Frob norm 1 after updating U: 1.64469
200 iterations
f(b) = 2.81781
Frob norm 2 after updating B : 1.64463
Iteration number -------- 68  -----------
lambda : 1.39677
max_diff => 1.44123e-07
performed mixing
Frob norm 1 after updating U: 1.64462
200 iterations
f(b) = 2.81825
Frob norm 2 after updating B : 1.64471
Iteration number -------- 69  -----------
lambda : 1.40376
max_diff => 1.10953e-07
performed mixing
Frob norm 1 after updating U: 1.6447
200 iterations
f(b) = 2.82334
Frob norm 2 after updating B : 1.64463
Iteration number -------- 70  -----------
lambda : 1.41078
max_diff => 1.21695e-07
performed mixing
Frob norm 1 after updating U: 1.64462
200 iterations
f(b) = 2.82626
Frob norm 2 after updating B : 1.64471
Iteration number -------- 71  -----------
lambda : 1.41783
max_diff => 1.02183e-07
performed mixing
Frob norm 1 after updating U: 1.6447
200 iterations
f(b) = 2.81695
Frob norm 2 after updating B : 1.64469
Iteration number -------- 72  -----------
lambda : 1.42492
max_diff => 1.13336e-07
performed mixing
Frob norm 1 after updating U: 1.64469
200 iterations
f(b) = 2.82822
Frob norm 2 after updating B : 1.64451
Iteration number -------- 73  -----------
lambda : 1.43204
max_diff => 1.64183e-07
performed mixing
Frob norm 1 after updating U: 1.64451
200 iterations
f(b) = 2.82704
Frob norm 2 after updating B : 1.64467
Iteration number -------- 74  -----------
lambda : 1.4392
max_diff => 1.16279e-07
performed mixing
Frob norm 1 after updating U: 1.64466
200 iterations
f(b) = 2.8268
Frob norm 2 after updating B : 1.6447
Iteration number -------- 75  -----------
lambda : 1.4464
max_diff => 1.07676e-07
performed mixing
Frob norm 1 after updating U: 1.6447
200 iterations
f(b) = 2.82261
Frob norm 2 after updating B : 1.64468
Iteration number -------- 76  -----------
lambda : 1.45363
max_diff => 1.26578e-07
performed mixing
Frob norm 1 after updating U: 1.64468
200 iterations
f(b) = 2.82695
Frob norm 2 after updating B : 1.6446
Iteration number -------- 77  -----------
lambda : 1.4609
max_diff => 1.63014e-07
performed mixing
Frob norm 1 after updating U: 1.6446
200 iterations
f(b) = 2.77933
Frob norm 2 after updating B : 1.64466
Iteration number -------- 78  -----------
lambda : 1.46821
max_diff => 1.8545e-07
performed mixing
Frob norm 1 after updating U: 1.64466
200 iterations
f(b) = 2.80695
Frob norm 2 after updating B : 1.6447
Iteration number -------- 79  -----------
lambda : 1.47555
max_diff => 1.05921e-07
performed mixing
Frob norm 1 after updating U: 1.6447
200 iterations
f(b) = 2.82943
Frob norm 2 after updating B : 1.64471
Iteration number -------- 80  -----------
lambda : 1.48292
max_diff => 1.02482e-07
performed mixing
Frob norm 1 after updating U: 1.64471
200 iterations
f(b) = 2.82685
Frob norm 2 after updating B : 1.64469
Iteration number -------- 81  -----------
lambda : 1.49034
max_diff => 1.02292e-07
performed mixing
Frob norm 1 after updating U: 1.64469
200 iterations
f(b) = 2.82945
Frob norm 2 after updating B : 1.64472
Iteration number -------- 82  -----------
lambda : 1.49779
max_diff => 1.074e-07
performed mixing
Frob norm 1 after updating U: 1.64472
200 iterations
f(b) = 2.8302
Frob norm 2 after updating B : 1.64469
Iteration number -------- 83  -----------
lambda : 1.50528
max_diff => 1.01189e-07
performed mixing
Frob norm 1 after updating U: 1.64469
200 iterations
f(b) = 2.76917
Frob norm 2 after updating B : 1.6447
Iteration number -------- 84  -----------
lambda : 1.51281
max_diff => 1.25674e-07
performed mixing
Frob norm 1 after updating U: 1.6447
200 iterations
f(b) = 2.83697
Frob norm 2 after updating B : 1.64467
Iteration number -------- 85  -----------
lambda : 1.52037
max_diff => 1.36369e-07
performed mixing
Frob norm 1 after updating U: 1.64467
200 iterations
f(b) = 2.83046
Frob norm 2 after updating B : 1.64471
Iteration number -------- 86  -----------
lambda : 1.52797
max_diff => 1.05273e-07
performed mixing
Frob norm 1 after updating U: 1.64471
200 iterations
f(b) = 2.82968
Frob norm 2 after updating B : 1.6447
Iteration number -------- 87  -----------
lambda : 1.53561
max_diff => 1.01488e-07
performed mixing
Frob norm 1 after updating U: 1.6447
200 iterations
f(b) = 2.78049
Frob norm 2 after updating B : 1.64469
Iteration number -------- 88  -----------
lambda : 1.54329
max_diff => 1.04547e-07
performed mixing
Frob norm 1 after updating U: 1.64469
200 iterations
f(b) = 2.82731
Frob norm 2 after updating B : 1.64469
Iteration number -------- 89  -----------
lambda : 1.55101
max_diff => 1.16961e-07
performed mixing
Frob norm 1 after updating U: 1.64469
200 iterations
f(b) = 2.83743
Frob norm 2 after updating B : 1.64468
Iteration number -------- 90  -----------
lambda : 1.55876
max_diff => 1.00279e-07
performed mixing
Frob norm 1 after updating U: 1.64468
200 iterations
f(b) = 2.83756
Frob norm 2 after updating B : 1.6447
Iteration number -------- 91  -----------
lambda : 1.56655
max_diff => 1.02051e-07
performed mixing
Frob norm 1 after updating U: 1.6447
200 iterations
f(b) = 2.82976
Frob norm 2 after updating B : 1.6447
Iteration number -------- 92  -----------
lambda : 1.57439
max_diff => 1.02498e-07
performed mixing
Frob norm 1 after updating U: 1.6447
200 iterations
f(b) = 2.82882
Frob norm 2 after updating B : 1.6447
Iteration number -------- 93  -----------
lambda : 1.58226
max_diff => 1.06543e-07
performed mixing
Frob norm 1 after updating U: 1.6447
200 iterations
f(b) = 2.82968
Frob norm 2 after updating B : 1.6447
Iteration number -------- 94  -----------
lambda : 1.59017
max_diff => 1.08716e-07
performed mixing
Frob norm 1 after updating U: 1.6447
200 iterations
f(b) = 2.83873
Frob norm 2 after updating B : 1.64471
Iteration number -------- 95  -----------
lambda : 1.59812
max_diff => 1.0075e-07
performed mixing
Frob norm 1 after updating U: 1.64471
200 iterations
f(b) = 2.75687
Frob norm 2 after updating B : 1.6447
Iteration number -------- 96  -----------
lambda : 1.60611
max_diff => 1.07938e-07
performed mixing
Frob norm 1 after updating U: 1.6447
200 iterations
f(b) = 2.84594
Frob norm 2 after updating B : 1.64466
Iteration number -------- 97  -----------
lambda : 1.61414
max_diff => 1.21031e-07
performed mixing
Frob norm 1 after updating U: 1.64466
200 iterations
f(b) = 2.84351
Frob norm 2 after updating B : 1.64466
Iteration number -------- 98  -----------
lambda : 1.62221
max_diff => 1.22501e-07
performed mixing
Frob norm 1 after updating U: 1.64466
200 iterations
f(b) = 2.83905
Frob norm 2 after updating B : 1.64462
Iteration number -------- 99  -----------
lambda : 1.63032
max_diff => 1.36252e-07
performed mixing
Frob norm 1 after updating U: 1.64462
200 iterations
f(b) = 2.84541
Frob norm 2 after updating B : 1.64471
Iteration number -------- 100  -----------
lambda : 1.63848
max_diff => 1.0003e-07
