Academic license - for non-commercial use only
Frob norm 1 after updating U: 12.9811
200 iterations
f(b) = 80.4069
Frob norm 2 after updating B : 8.66614
Iteration number -------- 1  -----------
lambda : 1
max_diff => 0.0724405
performed mixing
Frob norm 1 after updating U: 8.35891
200 iterations
f(b) = 78.3758
Frob norm 2 after updating B : 8.56638
Iteration number -------- 2  -----------
lambda : 1.005
max_diff => 0.0702371
performed mixing
Frob norm 1 after updating U: 8.3153
200 iterations
f(b) = 76.7392
Frob norm 2 after updating B : 8.4861
Iteration number -------- 3  -----------
lambda : 1.01002
max_diff => 0.0685796
performed mixing
Frob norm 1 after updating U: 8.28707
200 iterations
f(b) = 75.4378
Frob norm 2 after updating B : 8.42449
Iteration number -------- 4  -----------
lambda : 1.01508
max_diff => 0.0669403
performed mixing
Frob norm 1 after updating U: 8.26312
200 iterations
f(b) = 74.4159
Frob norm 2 after updating B : 8.37232
Iteration number -------- 5  -----------
lambda : 1.02015
max_diff => 0.0658405
performed mixing
Frob norm 1 after updating U: 8.24693
200 iterations
f(b) = 73.6514
Frob norm 2 after updating B : 8.32917
Iteration number -------- 6  -----------
lambda : 1.02525
max_diff => 0.0654492
performed mixing
Frob norm 1 after updating U: 8.2347
200 iterations
f(b) = 73.2195
Frob norm 2 after updating B : 8.29843
Iteration number -------- 7  -----------
lambda : 1.03038
max_diff => 0.0647748
performed mixing
Frob norm 1 after updating U: 8.21765
200 iterations
f(b) = 72.5861
Frob norm 2 after updating B : 8.27194
Iteration number -------- 8  -----------
lambda : 1.03553
max_diff => 0.0644532
performed mixing
Frob norm 1 after updating U: 8.21768
200 iterations
f(b) = 72.2433
Frob norm 2 after updating B : 8.25633
Iteration number -------- 9  -----------
lambda : 1.04071
max_diff => 0.0638803
performed mixing
Frob norm 1 after updating U: 8.21279
200 iterations
f(b) = 71.991
Frob norm 2 after updating B : 8.23756
Iteration number -------- 10  -----------
lambda : 1.04591
max_diff => 0.0638659
performed mixing
Frob norm 1 after updating U: 8.20588
200 iterations
f(b) = 67.7599
Frob norm 2 after updating B : 7.95646
Iteration number -------- 11  -----------
lambda : 1.05114
max_diff => 0.144648
performed mixing
Frob norm 1 after updating U: 7.37384
200 iterations
f(b) = 64.4164
Frob norm 2 after updating B : 7.73242
Iteration number -------- 12  -----------
lambda : 1.0564
max_diff => 0.154541
performed mixing
Frob norm 1 after updating U: 7.25276
200 iterations
f(b) = 61.5561
Frob norm 2 after updating B : 7.49897
Iteration number -------- 13  -----------
lambda : 1.06168
max_diff => 0.285238
performed mixing
Frob norm 1 after updating U: 7.11752
200 iterations
f(b) = 59.5357
Frob norm 2 after updating B : 7.35613
Iteration number -------- 14  -----------
lambda : 1.06699
max_diff => 0.275932
performed mixing
Frob norm 1 after updating U: 7.05202
200 iterations
f(b) = 57.8688
Frob norm 2 after updating B : 7.21739
Iteration number -------- 15  -----------
lambda : 1.07232
max_diff => 0.26084
performed mixing
Frob norm 1 after updating U: 6.97273
200 iterations
f(b) = 56.6
Frob norm 2 after updating B : 7.12764
Iteration number -------- 16  -----------
lambda : 1.07768
max_diff => 0.25716
performed mixing
Frob norm 1 after updating U: 6.9382
200 iterations
f(b) = 55.6042
Frob norm 2 after updating B : 7.05706
Iteration number -------- 17  -----------
lambda : 1.08307
max_diff => 0.255124
performed mixing
Frob norm 1 after updating U: 6.90429
200 iterations
f(b) = 54.8259
Frob norm 2 after updating B : 7.00093
Iteration number -------- 18  -----------
lambda : 1.08849
max_diff => 0.253652
performed mixing
Frob norm 1 after updating U: 6.8811
200 iterations
f(b) = 54.1937
Frob norm 2 after updating B : 6.95298
Iteration number -------- 19  -----------
lambda : 1.09393
max_diff => 0.250677
performed mixing
Frob norm 1 after updating U: 6.84627
200 iterations
f(b) = 53.6284
Frob norm 2 after updating B : 6.91071
Iteration number -------- 20  -----------
lambda : 1.0994
max_diff => 0.246927
performed mixing
Frob norm 1 after updating U: 6.81236
200 iterations
f(b) = 53.0481
Frob norm 2 after updating B : 6.85748
Iteration number -------- 21  -----------
lambda : 1.1049
max_diff => 0.25173
performed mixing
Frob norm 1 after updating U: 6.75169
200 iterations
f(b) = 52.513
Frob norm 2 after updating B : 6.81592
Iteration number -------- 22  -----------
lambda : 1.11042
max_diff => 0.237873
performed mixing
Frob norm 1 after updating U: 6.71819
200 iterations
f(b) = 51.9167
Frob norm 2 after updating B : 6.76008
Iteration number -------- 23  -----------
lambda : 1.11597
max_diff => 0.224186
performed mixing
Frob norm 1 after updating U: 6.62864
200 iterations
f(b) = 51.2683
Frob norm 2 after updating B : 6.71146
Iteration number -------- 24  -----------
lambda : 1.12155
max_diff => 0.213815
performed mixing
Frob norm 1 after updating U: 6.59098
200 iterations
f(b) = 50.6271
Frob norm 2 after updating B : 6.66038
Iteration number -------- 25  -----------
lambda : 1.12716
max_diff => 0.203369
performed mixing
Frob norm 1 after updating U: 6.53849
200 iterations
f(b) = 50.0013
Frob norm 2 after updating B : 6.61331
Iteration number -------- 26  -----------
lambda : 1.1328
max_diff => 0.189076
performed mixing
Frob norm 1 after updating U: 6.49705
200 iterations
f(b) = 49.3625
Frob norm 2 after updating B : 6.56012
Iteration number -------- 27  -----------
lambda : 1.13846
max_diff => 0.174051
performed mixing
Frob norm 1 after updating U: 6.43868
200 iterations
f(b) = 48.8054
Frob norm 2 after updating B : 6.52083
Iteration number -------- 28  -----------
lambda : 1.14415
max_diff => 0.164116
performed mixing
Frob norm 1 after updating U: 6.42633
200 iterations
f(b) = 48.3266
Frob norm 2 after updating B : 6.48548
Iteration number -------- 29  -----------
lambda : 1.14987
max_diff => 0.15257
performed mixing
Frob norm 1 after updating U: 6.39821
200 iterations
f(b) = 47.922
Frob norm 2 after updating B : 6.45342
Iteration number -------- 30  -----------
lambda : 1.15562
max_diff => 0.151482
performed mixing
Frob norm 1 after updating U: 6.38136
200 iterations
f(b) = 47.5403
Frob norm 2 after updating B : 6.42972
Iteration number -------- 31  -----------
lambda : 1.1614
max_diff => 0.135109
performed mixing
Frob norm 1 after updating U: 6.36151
200 iterations
f(b) = 47.2636
Frob norm 2 after updating B : 6.40983
Iteration number -------- 32  -----------
lambda : 1.16721
max_diff => 0.126218
performed mixing
Frob norm 1 after updating U: 6.35219
200 iterations
f(b) = 46.9491
Frob norm 2 after updating B : 6.38702
Iteration number -------- 33  -----------
lambda : 1.17304
max_diff => 0.120801
performed mixing
Frob norm 1 after updating U: 6.32911
200 iterations
f(b) = 45.432
Frob norm 2 after updating B : 6.2836
Iteration number -------- 34  -----------
lambda : 1.17891
max_diff => 0.122751
performed mixing
Frob norm 1 after updating U: 6.09004
200 iterations
f(b) = 44.5452
Frob norm 2 after updating B : 6.20341
Iteration number -------- 35  -----------
lambda : 1.1848
max_diff => 0.128723
performed mixing
Frob norm 1 after updating U: 6.07097
200 iterations
f(b) = 43.808
Frob norm 2 after updating B : 6.16681
Iteration number -------- 36  -----------
lambda : 1.19073
max_diff => 0.130777
performed mixing
Frob norm 1 after updating U: 6.03805
200 iterations
f(b) = 43.073
Frob norm 2 after updating B : 6.12585
Iteration number -------- 37  -----------
lambda : 1.19668
max_diff => 0.127732
performed mixing
Frob norm 1 after updating U: 5.96374
200 iterations
f(b) = 40.9679
Frob norm 2 after updating B : 6.10176
Iteration number -------- 38  -----------
lambda : 1.20266
max_diff => 0.0918552
performed mixing
Frob norm 1 after updating U: 5.32226
200 iterations
f(b) = 38.0481
Frob norm 2 after updating B : 5.88836
Iteration number -------- 39  -----------
lambda : 1.20868
max_diff => 0.0817971
performed mixing
Frob norm 1 after updating U: 5.27984
200 iterations
f(b) = 36.0198
Frob norm 2 after updating B : 5.71552
Iteration number -------- 40  -----------
lambda : 1.21472
max_diff => 0.0651966
performed mixing
Frob norm 1 after updating U: 5.24897
200 iterations
f(b) = 34.565
Frob norm 2 after updating B : 5.58574
Iteration number -------- 41  -----------
lambda : 1.22079
max_diff => 0.062458
performed mixing
Frob norm 1 after updating U: 5.23053
200 iterations
f(b) = 33.5257
Frob norm 2 after updating B : 5.47172
Iteration number -------- 42  -----------
lambda : 1.2269
max_diff => 0.0624895
performed mixing
Frob norm 1 after updating U: 5.21666
200 iterations
f(b) = 32.7843
Frob norm 2 after updating B : 5.39023
Iteration number -------- 43  -----------
lambda : 1.23303
max_diff => 0.062493
performed mixing
Frob norm 1 after updating U: 5.20761
200 iterations
f(b) = 32.2318
Frob norm 2 after updating B : 5.33305
Iteration number -------- 44  -----------
lambda : 1.2392
max_diff => 0.0624985
performed mixing
Frob norm 1 after updating U: 5.19864
200 iterations
f(b) = 31.8952
Frob norm 2 after updating B : 5.2877
Iteration number -------- 45  -----------
lambda : 1.24539
max_diff => 0.0624988
performed mixing
Frob norm 1 after updating U: 5.19804
200 iterations
f(b) = 31.602
Frob norm 2 after updating B : 5.25744
Iteration number -------- 46  -----------
lambda : 1.25162
max_diff => 0.0624991
performed mixing
Frob norm 1 after updating U: 5.19767
200 iterations
f(b) = 31.3249
Frob norm 2 after updating B : 5.23926
Iteration number -------- 47  -----------
lambda : 1.25788
max_diff => 0.0624999
performed mixing
Frob norm 1 after updating U: 5.18909
200 iterations
f(b) = 31.1911
Frob norm 2 after updating B : 5.22246
Iteration number -------- 48  -----------
lambda : 1.26417
max_diff => 0.0624999
performed mixing
Frob norm 1 after updating U: 5.18877
200 iterations
f(b) = 31.0861
Frob norm 2 after updating B : 5.2112
Iteration number -------- 49  -----------
lambda : 1.27049
max_diff => 0.0624998
performed mixing
Frob norm 1 after updating U: 5.18777
200 iterations
f(b) = 30.9288
Frob norm 2 after updating B : 5.20667
Iteration number -------- 50  -----------
lambda : 1.27684
max_diff => 0.0624989
performed mixing
Frob norm 1 after updating U: 5.17402
200 iterations
f(b) = 30.8522
Frob norm 2 after updating B : 5.19513
Iteration number -------- 51  -----------
lambda : 1.28323
max_diff => 0.0625
performed mixing
Frob norm 1 after updating U: 5.17335
200 iterations
f(b) = 30.7949
Frob norm 2 after updating B : 5.18764
Iteration number -------- 52  -----------
lambda : 1.28964
max_diff => 0.0625013
performed mixing
Frob norm 1 after updating U: 5.17303
200 iterations
f(b) = 30.7566
Frob norm 2 after updating B : 5.18265
Iteration number -------- 53  -----------
lambda : 1.29609
max_diff => 0.0625018
performed mixing
Frob norm 1 after updating U: 5.17252
200 iterations
f(b) = 30.659
Frob norm 2 after updating B : 5.17818
Iteration number -------- 54  -----------
lambda : 1.30257
max_diff => 0.0624765
performed mixing
Frob norm 1 after updating U: 5.16042
200 iterations
f(b) = 30.6402
Frob norm 2 after updating B : 5.16958
Iteration number -------- 55  -----------
lambda : 1.30908
max_diff => 0.0625324
performed mixing
Frob norm 1 after updating U: 5.1572
200 iterations
f(b) = 24.9866
Frob norm 2 after updating B : 4.58168
Iteration number -------- 56  -----------
lambda : 1.31563
max_diff => 0.0907492
performed mixing
Frob norm 1 after updating U: 3.26064
200 iterations
f(b) = 18.835
Frob norm 2 after updating B : 3.82441
Iteration number -------- 57  -----------
lambda : 1.32221
max_diff => 0.0818543
performed mixing
Frob norm 1 after updating U: 1.99199
200 iterations
f(b) = 14.7025
Frob norm 2 after updating B : 3.33512
Iteration number -------- 58  -----------
lambda : 1.32882
max_diff => 0.0566997
performed mixing
Frob norm 1 after updating U: 1.49473
200 iterations
f(b) = 11.3231
Frob norm 2 after updating B : 2.87737
Iteration number -------- 59  -----------
lambda : 1.33546
max_diff => 0.0496892
performed mixing
Frob norm 1 after updating U: 1.07852
200 iterations
f(b) = 8.73655
Frob norm 2 after updating B : 2.48837
Iteration number -------- 60  -----------
lambda : 1.34214
max_diff => 0.0450467
performed mixing
Frob norm 1 after updating U: 0.772886
200 iterations
f(b) = 6.77007
Frob norm 2 after updating B : 2.16991
Iteration number -------- 61  -----------
lambda : 1.34885
max_diff => 0.0365234
performed mixing
Frob norm 1 after updating U: 0.584692
200 iterations
f(b) = 5.23494
Frob norm 2 after updating B : 1.87573
Iteration number -------- 62  -----------
lambda : 1.35559
max_diff => 0.0304254
performed mixing
Frob norm 1 after updating U: 0.480228
200 iterations
f(b) = 4.01282
Frob norm 2 after updating B : 1.69171
Iteration number -------- 63  -----------
lambda : 1.36237
max_diff => 0.0200161
performed mixing
Frob norm 1 after updating U: 0.337366
200 iterations
f(b) = 2.99878
Frob norm 2 after updating B : 1.51302
Iteration number -------- 64  -----------
lambda : 1.36918
max_diff => 0.0122722
performed mixing
Frob norm 1 after updating U: 0.267006
200 iterations
f(b) = 2.25946
Frob norm 2 after updating B : 1.23223
Iteration number -------- 65  -----------
lambda : 1.37603
max_diff => 0.0120749
performed mixing
Frob norm 1 after updating U: 0.265194
200 iterations
f(b) = 1.65929
Frob norm 2 after updating B : 1.09995
Iteration number -------- 66  -----------
lambda : 1.38291
max_diff => 0.00436761
performed mixing
Frob norm 1 after updating U: 0.173114
200 iterations
f(b) = 1.277
Frob norm 2 after updating B : 0.894007
Iteration number -------- 67  -----------
lambda : 1.38982
max_diff => 0.00431686
performed mixing
Frob norm 1 after updating U: 0.172254
200 iterations
f(b) = 1.01013
Frob norm 2 after updating B : 0.730966
Iteration number -------- 68  -----------
lambda : 1.39677
max_diff => 0.00423355
performed mixing
Frob norm 1 after updating U: 0.170808
200 iterations
f(b) = 0.83592
Frob norm 2 after updating B : 0.60317
Iteration number -------- 69  -----------
lambda : 1.40376
max_diff => 0.00408246
performed mixing
Frob norm 1 after updating U: 0.168162
200 iterations
f(b) = 0.493804
Frob norm 2 after updating B : 0.688285
Iteration number -------- 70  -----------
lambda : 1.41078
max_diff => 9.94545e-07
performed mixing
Frob norm 1 after updating U: 0.0157379
200 iterations
f(b) = 0.36818
Frob norm 2 after updating B : 0.553096
Iteration number -------- 71  -----------
lambda : 1.41783
max_diff => 1.25592e-07
performed mixing
Frob norm 1 after updating U: 0.0150106
200 iterations
f(b) = 0.257842
Frob norm 2 after updating B : 0.443178
Iteration number -------- 72  -----------
lambda : 1.42492
max_diff => 6.40953e-08
performed mixing
Frob norm 1 after updating U: 0.0148189
200 iterations
f(b) = 0.190844
Frob norm 2 after updating B : 0.355125
Iteration number -------- 73  -----------
lambda : 1.43204
max_diff => 5.01497e-08
performed mixing
Frob norm 1 after updating U: 0.0147114
200 iterations
f(b) = 0.139827
Frob norm 2 after updating B : 0.284295
Iteration number -------- 74  -----------
lambda : 1.4392
max_diff => 4.999e-08
performed mixing
Frob norm 1 after updating U: 0.0148361
200 iterations
f(b) = 0.111912
Frob norm 2 after updating B : 0.227581
Iteration number -------- 75  -----------
lambda : 1.4464
max_diff => 4.99949e-08
performed mixing
Frob norm 1 after updating U: 0.0147014
200 iterations
f(b) = 0.0914423
Frob norm 2 after updating B : 0.18253
Iteration number -------- 76  -----------
lambda : 1.45363
max_diff => 4.99968e-08
performed mixing
Frob norm 1 after updating U: 0.0146596
200 iterations
f(b) = 0.0839281
Frob norm 2 after updating B : 0.146324
Iteration number -------- 77  -----------
lambda : 1.4609
max_diff => 4.999e-08
performed mixing
Frob norm 1 after updating U: 0.0146575
200 iterations
f(b) = 0.0663894
Frob norm 2 after updating B : 0.117521
Iteration number -------- 78  -----------
lambda : 1.46821
max_diff => 4.999e-08
performed mixing
Frob norm 1 after updating U: 0.0149853
200 iterations
f(b) = 0.0294159
Frob norm 2 after updating B : 0.0944647
Iteration number -------- 79  -----------
lambda : 1.47555
max_diff => 4.999e-08
performed mixing
Frob norm 1 after updating U: 0.0148101
200 iterations
f(b) = 0.0537837
Frob norm 2 after updating B : 0.0762029
Iteration number -------- 80  -----------
lambda : 1.48292
max_diff => 4.999e-08
performed mixing
Frob norm 1 after updating U: 0.0146862
200 iterations
f(b) = 0.0370615
Frob norm 2 after updating B : 0.0616789
Iteration number -------- 81  -----------
lambda : 1.49034
max_diff => 4.999e-08
performed mixing
Frob norm 1 after updating U: 0.0148405
200 iterations
f(b) = 0.0576741
Frob norm 2 after updating B : 0.0502176
Iteration number -------- 82  -----------
lambda : 1.49779
max_diff => 4.999e-08
performed mixing
Frob norm 1 after updating U: 0.0146851
200 iterations
f(b) = 0.0235214
Frob norm 2 after updating B : 0.0414513
Iteration number -------- 83  -----------
lambda : 1.50528
max_diff => 4.999e-08
performed mixing
Frob norm 1 after updating U: 0.0150219
200 iterations
f(b) = 0.0191935
Frob norm 2 after updating B : 0.0344966
Iteration number -------- 84  -----------
lambda : 1.51281
max_diff => 4.999e-08
performed mixing
Frob norm 1 after updating U: 0.0148814
200 iterations
f(b) = 0.0190839
Frob norm 2 after updating B : 0.0291205
Iteration number -------- 85  -----------
lambda : 1.52037
max_diff => 4.999e-08
performed mixing
Frob norm 1 after updating U: 0.0149016
200 iterations
f(b) = 0.0197831
Frob norm 2 after updating B : 0.0249981
Iteration number -------- 86  -----------
lambda : 1.52797
max_diff => 4.999e-08
performed mixing
Frob norm 1 after updating U: 0.01472
200 iterations
f(b) = 0.0211779
Frob norm 2 after updating B : 0.0218773
Iteration number -------- 87  -----------
lambda : 1.53561
max_diff => 4.999e-08
performed mixing
Frob norm 1 after updating U: 0.014873
200 iterations
f(b) = 0.0233474
Frob norm 2 after updating B : 0.0197306
Iteration number -------- 88  -----------
lambda : 1.54329
max_diff => 4.999e-08
performed mixing
Frob norm 1 after updating U: 0.0149895
200 iterations
f(b) = 0.0376517
Frob norm 2 after updating B : 0.0180164
Iteration number -------- 89  -----------
lambda : 1.55101
max_diff => 4.999e-08
performed mixing
Frob norm 1 after updating U: 0.0147471
200 iterations
f(b) = 0.0321567
Frob norm 2 after updating B : 0.0171187
Iteration number -------- 90  -----------
lambda : 1.55876
max_diff => 4.999e-08
performed mixing
Frob norm 1 after updating U: 0.0149275
200 iterations
f(b) = 0.037878
Frob norm 2 after updating B : 0.0162092
Iteration number -------- 91  -----------
lambda : 1.56655
max_diff => 4.999e-08
performed mixing
Frob norm 1 after updating U: 0.0147611
200 iterations
f(b) = 0.0141798
Frob norm 2 after updating B : 0.0159536
Iteration number -------- 92  -----------
lambda : 1.57439
max_diff => 4.999e-08
performed mixing
Frob norm 1 after updating U: 0.0148989
200 iterations
f(b) = 0.0162454
Frob norm 2 after updating B : 0.0155878
Iteration number -------- 93  -----------
lambda : 1.58226
max_diff => 4.999e-08
performed mixing
Frob norm 1 after updating U: 0.0149229
200 iterations
f(b) = 0.0148123
Frob norm 2 after updating B : 0.0155023
Iteration number -------- 94  -----------
lambda : 1.59017
max_diff => 4.999e-08
performed mixing
Frob norm 1 after updating U: 0.0149494
200 iterations
f(b) = 0.01561
Frob norm 2 after updating B : 0.0149763
Iteration number -------- 95  -----------
lambda : 1.59812
max_diff => 4.999e-08
performed mixing
Frob norm 1 after updating U: 0.0146389
200 iterations
f(b) = 0.0177641
Frob norm 2 after updating B : 0.014984
Iteration number -------- 96  -----------
lambda : 1.60611
max_diff => 4.999e-08
performed mixing
Frob norm 1 after updating U: 0.0147534
200 iterations
f(b) = 0.0168984
Frob norm 2 after updating B : 0.0147529
Iteration number -------- 97  -----------
lambda : 1.61414
max_diff => 4.999e-08
performed mixing
Frob norm 1 after updating U: 0.0145931
200 iterations
f(b) = 0.0193736
Frob norm 2 after updating B : 0.0147013
Iteration number -------- 98  -----------
lambda : 1.62221
max_diff => 4.999e-08
performed mixing
Frob norm 1 after updating U: 0.0145687
200 iterations
f(b) = 0.0379971
Frob norm 2 after updating B : 0.0146617
Iteration number -------- 99  -----------
lambda : 1.63032
max_diff => 4.999e-08
performed mixing
Frob norm 1 after updating U: 0.0145831
200 iterations
f(b) = 0.019758
Frob norm 2 after updating B : 0.0149814
Iteration number -------- 100  -----------
lambda : 1.63848
max_diff => 4.999e-08
