Academic license - for non-commercial use only
Frob norm 1 after updating U: 13.2289
200 iterations
f(b) = 101.009
Frob norm 2 after updating B : 9.22374
Iteration number -------- 1  -----------
lambda : 1
max_diff => 0.192416
performed mixing
Frob norm 1 after updating U: 7.21249
200 iterations
f(b) = 86.301
Frob norm 2 after updating B : 8.50663
Iteration number -------- 2  -----------
lambda : 1.005
max_diff => 0.140404
performed mixing
Frob norm 1 after updating U: 6.68975
200 iterations
f(b) = 75.1218
Frob norm 2 after updating B : 7.91723
Iteration number -------- 3  -----------
lambda : 1.01002
max_diff => 0.138224
performed mixing
Frob norm 1 after updating U: 6.18806
200 iterations
f(b) = 62.5616
Frob norm 2 after updating B : 7.14962
Iteration number -------- 4  -----------
lambda : 1.01508
max_diff => 0.196993
performed mixing
Frob norm 1 after updating U: 5.40406
200 iterations
f(b) = 54.2382
Frob norm 2 after updating B : 6.60302
Iteration number -------- 5  -----------
lambda : 1.02015
max_diff => 0.182547
performed mixing
Frob norm 1 after updating U: 5.11045
200 iterations
f(b) = 47.5046
Frob norm 2 after updating B : 6.15832
Iteration number -------- 6  -----------
lambda : 1.02525
max_diff => 0.164219
performed mixing
Frob norm 1 after updating U: 4.87015
200 iterations
f(b) = 42.0878
Frob norm 2 after updating B : 5.79099
Iteration number -------- 7  -----------
lambda : 1.03038
max_diff => 0.175586
performed mixing
Frob norm 1 after updating U: 4.70526
200 iterations
f(b) = 37.4147
Frob norm 2 after updating B : 5.52706
Iteration number -------- 8  -----------
lambda : 1.03553
max_diff => 0.210595
performed mixing
Frob norm 1 after updating U: 4.57196
200 iterations
f(b) = 33.766
Frob norm 2 after updating B : 5.26477
Iteration number -------- 9  -----------
lambda : 1.04071
max_diff => 0.221563
performed mixing
Frob norm 1 after updating U: 4.48564
200 iterations
f(b) = 30.7991
Frob norm 2 after updating B : 5.05682
Iteration number -------- 10  -----------
lambda : 1.04591
max_diff => 0.24442
performed mixing
Frob norm 1 after updating U: 4.4197
200 iterations
f(b) = 28.3944
Frob norm 2 after updating B : 4.87986
Iteration number -------- 11  -----------
lambda : 1.05114
max_diff => 0.25388
performed mixing
Frob norm 1 after updating U: 4.36458
200 iterations
f(b) = 22.6394
Frob norm 2 after updating B : 4.38015
Iteration number -------- 12  -----------
lambda : 1.0564
max_diff => 0.141539
performed mixing
Frob norm 1 after updating U: 2.88802
200 iterations
f(b) = 17.1445
Frob norm 2 after updating B : 3.73524
Iteration number -------- 13  -----------
lambda : 1.06168
max_diff => 0.127626
performed mixing
Frob norm 1 after updating U: 2.04646
200 iterations
f(b) = 13.4755
Frob norm 2 after updating B : 3.30833
Iteration number -------- 14  -----------
lambda : 1.06699
max_diff => 0.112151
performed mixing
Frob norm 1 after updating U: 1.96056
200 iterations
f(b) = 10.7391
Frob norm 2 after updating B : 2.98108
Iteration number -------- 15  -----------
lambda : 1.07232
max_diff => 0.0992241
performed mixing
Frob norm 1 after updating U: 1.86934
200 iterations
f(b) = 8.74708
Frob norm 2 after updating B : 2.69751
Iteration number -------- 16  -----------
lambda : 1.07768
max_diff => 0.0935451
performed mixing
Frob norm 1 after updating U: 1.83514
200 iterations
f(b) = 7.39121
Frob norm 2 after updating B : 2.45158
Iteration number -------- 17  -----------
lambda : 1.08307
max_diff => 0.090334
performed mixing
Frob norm 1 after updating U: 1.82296
200 iterations
f(b) = 6.25715
Frob norm 2 after updating B : 2.31257
Iteration number -------- 18  -----------
lambda : 1.08849
max_diff => 0.0694607
performed mixing
Frob norm 1 after updating U: 1.78077
200 iterations
f(b) = 5.55207
Frob norm 2 after updating B : 2.14646
Iteration number -------- 19  -----------
lambda : 1.09393
max_diff => 0.0687589
performed mixing
Frob norm 1 after updating U: 1.77997
200 iterations
f(b) = 4.88751
Frob norm 2 after updating B : 2.09324
Iteration number -------- 20  -----------
lambda : 1.0994
max_diff => 0.0259787
performed mixing
Frob norm 1 after updating U: 1.74728
200 iterations
f(b) = 4.46522
Frob norm 2 after updating B : 1.98162
Iteration number -------- 21  -----------
lambda : 1.1049
max_diff => 0.0255599
performed mixing
Frob norm 1 after updating U: 1.7475
200 iterations
f(b) = 4.16342
Frob norm 2 after updating B : 1.90599
Iteration number -------- 22  -----------
lambda : 1.11042
max_diff => 0.0247475
performed mixing
Frob norm 1 after updating U: 1.74721
200 iterations
f(b) = 3.83308
Frob norm 2 after updating B : 1.90432
Iteration number -------- 23  -----------
lambda : 1.11597
max_diff => 0.00453827
performed mixing
Frob norm 1 after updating U: 1.74306
200 iterations
f(b) = 3.67313
Frob norm 2 after updating B : 1.85229
Iteration number -------- 24  -----------
lambda : 1.12155
max_diff => 0.00428745
performed mixing
Frob norm 1 after updating U: 1.74328
200 iterations
f(b) = 3.54386
Frob norm 2 after updating B : 1.81693
Iteration number -------- 25  -----------
lambda : 1.12716
max_diff => 0.0040897
performed mixing
Frob norm 1 after updating U: 1.74323
200 iterations
f(b) = 3.37491
Frob norm 2 after updating B : 1.81249
Iteration number -------- 26  -----------
lambda : 1.1328
max_diff => 0.000498182
performed mixing
Frob norm 1 after updating U: 1.74844
200 iterations
f(b) = 3.34407
Frob norm 2 after updating B : 1.79162
Iteration number -------- 27  -----------
lambda : 1.13846
max_diff => 0.000438833
performed mixing
Frob norm 1 after updating U: 1.74858
200 iterations
f(b) = 3.29215
Frob norm 2 after updating B : 1.77779
Iteration number -------- 28  -----------
lambda : 1.14415
max_diff => 0.000390216
performed mixing
Frob norm 1 after updating U: 1.7487
200 iterations
f(b) = 3.25087
Frob norm 2 after updating B : 1.77028
Iteration number -------- 29  -----------
lambda : 1.14987
max_diff => 0.000208426
performed mixing
Frob norm 1 after updating U: 1.74938
200 iterations
f(b) = 3.23079
Frob norm 2 after updating B : 1.76433
Iteration number -------- 30  -----------
lambda : 1.15562
max_diff => 0.000138467
performed mixing
Frob norm 1 after updating U: 1.74978
200 iterations
f(b) = 3.2115
Frob norm 2 after updating B : 1.76085
Iteration number -------- 31  -----------
lambda : 1.1614
max_diff => 6.0689e-05
performed mixing
Frob norm 1 after updating U: 1.75038
200 iterations
f(b) = 3.18553
Frob norm 2 after updating B : 1.75967
Iteration number -------- 32  -----------
lambda : 1.16721
max_diff => 1.67283e-06
performed mixing
Frob norm 1 after updating U: 1.75159
200 iterations
f(b) = 3.18356
Frob norm 2 after updating B : 1.757
Iteration number -------- 33  -----------
lambda : 1.17304
max_diff => 1.15934e-07
performed mixing
Frob norm 1 after updating U: 1.75169
200 iterations
f(b) = 3.17653
Frob norm 2 after updating B : 1.75512
Iteration number -------- 34  -----------
lambda : 1.17891
max_diff => 1.19317e-07
performed mixing
Frob norm 1 after updating U: 1.75168
200 iterations
f(b) = 3.17565
Frob norm 2 after updating B : 1.75389
Iteration number -------- 35  -----------
lambda : 1.1848
max_diff => 1.22342e-07
performed mixing
Frob norm 1 after updating U: 1.75165
200 iterations
f(b) = 3.1675
Frob norm 2 after updating B : 1.75295
Iteration number -------- 36  -----------
lambda : 1.19073
max_diff => 1.72783e-07
performed mixing
Frob norm 1 after updating U: 1.7515
200 iterations
f(b) = 3.1712
Frob norm 2 after updating B : 1.7526
Iteration number -------- 37  -----------
lambda : 1.19668
max_diff => 1.26758e-07
performed mixing
Frob norm 1 after updating U: 1.75166
200 iterations
f(b) = 3.16509
Frob norm 2 after updating B : 1.75231
Iteration number -------- 38  -----------
lambda : 1.20266
max_diff => 1.07769e-07
performed mixing
Frob norm 1 after updating U: 1.75169
200 iterations
f(b) = 3.16778
Frob norm 2 after updating B : 1.75202
Iteration number -------- 39  -----------
lambda : 1.20868
max_diff => 1.82339e-07
performed mixing
Frob norm 1 after updating U: 1.75162
200 iterations
f(b) = 3.16082
Frob norm 2 after updating B : 1.75192
Iteration number -------- 40  -----------
lambda : 1.21472
max_diff => 1.14601e-07
performed mixing
Frob norm 1 after updating U: 1.75165
200 iterations
f(b) = 3.1676
Frob norm 2 after updating B : 1.75189
Iteration number -------- 41  -----------
lambda : 1.22079
max_diff => 1.08504e-07
performed mixing
Frob norm 1 after updating U: 1.75171
200 iterations
f(b) = 3.17311
Frob norm 2 after updating B : 1.75176
Iteration number -------- 42  -----------
lambda : 1.2269
max_diff => 1.22871e-07
performed mixing
Frob norm 1 after updating U: 1.75164
200 iterations
f(b) = 3.17455
Frob norm 2 after updating B : 1.75173
Iteration number -------- 43  -----------
lambda : 1.23303
max_diff => 1.16296e-07
performed mixing
Frob norm 1 after updating U: 1.75165
200 iterations
f(b) = 3.17142
Frob norm 2 after updating B : 1.75169
Iteration number -------- 44  -----------
lambda : 1.2392
max_diff => 1.20952e-07
performed mixing
Frob norm 1 after updating U: 1.75164
200 iterations
f(b) = 3.17233
Frob norm 2 after updating B : 1.7517
Iteration number -------- 45  -----------
lambda : 1.24539
max_diff => 1.16968e-07
performed mixing
Frob norm 1 after updating U: 1.75166
200 iterations
f(b) = 3.11545
Frob norm 2 after updating B : 1.75172
Iteration number -------- 46  -----------
lambda : 1.25162
max_diff => 1.08439e-07
performed mixing
Frob norm 1 after updating U: 1.75169
200 iterations
f(b) = 3.17134
Frob norm 2 after updating B : 1.7517
Iteration number -------- 47  -----------
lambda : 1.25788
max_diff => 1.09778e-07
performed mixing
Frob norm 1 after updating U: 1.75168
200 iterations
f(b) = 3.17351
Frob norm 2 after updating B : 1.75169
Iteration number -------- 48  -----------
lambda : 1.26417
max_diff => 1.01296e-07
performed mixing
Frob norm 1 after updating U: 1.75168
200 iterations
f(b) = 3.17101
Frob norm 2 after updating B : 1.75173
Iteration number -------- 49  -----------
lambda : 1.27049
max_diff => 1.05689e-07
performed mixing
Frob norm 1 after updating U: 1.75172
200 iterations
f(b) = 3.17955
Frob norm 2 after updating B : 1.75168
Iteration number -------- 50  -----------
lambda : 1.27684
max_diff => 1.05801e-07
performed mixing
Frob norm 1 after updating U: 1.75168
200 iterations
f(b) = 3.17191
Frob norm 2 after updating B : 1.75165
Iteration number -------- 51  -----------
lambda : 1.28323
max_diff => 1.20394e-07
performed mixing
Frob norm 1 after updating U: 1.75164
200 iterations
f(b) = 3.17852
Frob norm 2 after updating B : 1.75168
Iteration number -------- 52  -----------
lambda : 1.28964
max_diff => 1.1015e-07
performed mixing
Frob norm 1 after updating U: 1.75168
200 iterations
f(b) = 3.1734
Frob norm 2 after updating B : 1.75162
Iteration number -------- 53  -----------
lambda : 1.29609
max_diff => 1.68706e-07
performed mixing
Frob norm 1 after updating U: 1.75162
200 iterations
f(b) = 3.1756
Frob norm 2 after updating B : 1.75157
Iteration number -------- 54  -----------
lambda : 1.30257
max_diff => 1.9875e-07
performed mixing
Frob norm 1 after updating U: 1.75156
200 iterations
f(b) = 3.17845
Frob norm 2 after updating B : 1.75164
Iteration number -------- 55  -----------
lambda : 1.30908
max_diff => 1.22389e-07
performed mixing
Frob norm 1 after updating U: 1.75164
200 iterations
f(b) = 3.17983
Frob norm 2 after updating B : 1.75161
Iteration number -------- 56  -----------
lambda : 1.31563
max_diff => 1.35855e-07
performed mixing
Frob norm 1 after updating U: 1.75161
200 iterations
f(b) = 3.17968
Frob norm 2 after updating B : 1.75158
Iteration number -------- 57  -----------
lambda : 1.32221
max_diff => 1.75349e-07
performed mixing
Frob norm 1 after updating U: 1.75158
200 iterations
f(b) = 3.17635
Frob norm 2 after updating B : 1.75164
Iteration number -------- 58  -----------
lambda : 1.32882
max_diff => 1.28164e-07
performed mixing
Frob norm 1 after updating U: 1.75164
200 iterations
f(b) = 3.18235
Frob norm 2 after updating B : 1.75166
Iteration number -------- 59  -----------
lambda : 1.33546
max_diff => 1.2546e-07
performed mixing
Frob norm 1 after updating U: 1.75166
200 iterations
f(b) = 3.18022
Frob norm 2 after updating B : 1.75167
Iteration number -------- 60  -----------
lambda : 1.34214
max_diff => 1.23751e-07
performed mixing
Frob norm 1 after updating U: 1.75167
200 iterations
f(b) = 3.17783
Frob norm 2 after updating B : 1.75168
Iteration number -------- 61  -----------
lambda : 1.34885
max_diff => 1.00262e-07
performed mixing
Frob norm 1 after updating U: 1.75168
200 iterations
f(b) = 3.11846
Frob norm 2 after updating B : 1.75163
Iteration number -------- 62  -----------
lambda : 1.35559
max_diff => 1.42897e-07
performed mixing
Frob norm 1 after updating U: 1.75163
200 iterations
f(b) = 3.18236
Frob norm 2 after updating B : 1.75165
Iteration number -------- 63  -----------
lambda : 1.36237
max_diff => 1.50624e-07
performed mixing
Frob norm 1 after updating U: 1.75165
200 iterations
f(b) = 3.17041
Frob norm 2 after updating B : 1.75157
Iteration number -------- 64  -----------
lambda : 1.36918
max_diff => 1.5346e-07
performed mixing
Frob norm 1 after updating U: 1.75157
200 iterations
f(b) = 3.18653
Frob norm 2 after updating B : 1.75167
Iteration number -------- 65  -----------
lambda : 1.37603
max_diff => 1.20825e-07
performed mixing
Frob norm 1 after updating U: 1.75167
200 iterations
f(b) = 3.1775
Frob norm 2 after updating B : 1.7517
Iteration number -------- 66  -----------
lambda : 1.38291
max_diff => 1.06877e-07
performed mixing
Frob norm 1 after updating U: 1.7517
200 iterations
f(b) = 3.17582
Frob norm 2 after updating B : 1.7517
Iteration number -------- 67  -----------
lambda : 1.38982
max_diff => 1.10738e-07
performed mixing
Frob norm 1 after updating U: 1.7517
200 iterations
f(b) = 3.1837
Frob norm 2 after updating B : 1.75165
Iteration number -------- 68  -----------
lambda : 1.39677
max_diff => 1.40763e-07
performed mixing
Frob norm 1 after updating U: 1.75165
200 iterations
f(b) = 3.18288
Frob norm 2 after updating B : 1.75171
Iteration number -------- 69  -----------
lambda : 1.40376
max_diff => 1.0672e-07
performed mixing
Frob norm 1 after updating U: 1.75171
200 iterations
f(b) = 3.16603
Frob norm 2 after updating B : 1.7517
Iteration number -------- 70  -----------
lambda : 1.41078
max_diff => 1.1109e-07
performed mixing
Frob norm 1 after updating U: 1.7517
200 iterations
f(b) = 3.18447
Frob norm 2 after updating B : 1.75172
Iteration number -------- 71  -----------
lambda : 1.41783
max_diff => 1.08306e-07
performed mixing
Frob norm 1 after updating U: 1.75172
200 iterations
f(b) = 3.1851
Frob norm 2 after updating B : 1.75168
Iteration number -------- 72  -----------
lambda : 1.42492
max_diff => 1.19851e-07
performed mixing
Frob norm 1 after updating U: 1.75168
200 iterations
f(b) = 3.18944
Frob norm 2 after updating B : 1.75168
Iteration number -------- 73  -----------
lambda : 1.43204
max_diff => 1.077e-07
performed mixing
Frob norm 1 after updating U: 1.75168
200 iterations
f(b) = 3.18173
Frob norm 2 after updating B : 1.75172
Iteration number -------- 74  -----------
lambda : 1.4392
max_diff => 1.03459e-07
performed mixing
Frob norm 1 after updating U: 1.75172
200 iterations
f(b) = 3.18654
Frob norm 2 after updating B : 1.7517
Iteration number -------- 75  -----------
lambda : 1.4464
max_diff => 1.12434e-07
performed mixing
Frob norm 1 after updating U: 1.7517
200 iterations
f(b) = 3.18374
Frob norm 2 after updating B : 1.75169
Iteration number -------- 76  -----------
lambda : 1.45363
max_diff => 1.09226e-07
performed mixing
Frob norm 1 after updating U: 1.75169
200 iterations
f(b) = 3.18822
Frob norm 2 after updating B : 1.75172
Iteration number -------- 77  -----------
lambda : 1.4609
max_diff => 1.08922e-07
performed mixing
Frob norm 1 after updating U: 1.75172
200 iterations
f(b) = 3.18763
Frob norm 2 after updating B : 1.75165
Iteration number -------- 78  -----------
lambda : 1.46821
max_diff => 1.4289e-07
performed mixing
Frob norm 1 after updating U: 1.75165
200 iterations
f(b) = 3.18476
Frob norm 2 after updating B : 1.75167
Iteration number -------- 79  -----------
lambda : 1.47555
max_diff => 1.18764e-07
performed mixing
Frob norm 1 after updating U: 1.75167
200 iterations
f(b) = 3.10248
Frob norm 2 after updating B : 1.75172
Iteration number -------- 80  -----------
lambda : 1.48292
max_diff => 1.07896e-07
performed mixing
Frob norm 1 after updating U: 1.75172
200 iterations
f(b) = 3.18998
Frob norm 2 after updating B : 1.7515
Iteration number -------- 81  -----------
lambda : 1.49034
max_diff => 1.77825e-07
performed mixing
Frob norm 1 after updating U: 1.7515
200 iterations
f(b) = 3.19502
Frob norm 2 after updating B : 1.75168
Iteration number -------- 82  -----------
lambda : 1.49779
max_diff => 1.17902e-07
performed mixing
Frob norm 1 after updating U: 1.75168
200 iterations
f(b) = 3.19477
Frob norm 2 after updating B : 1.75166
Iteration number -------- 83  -----------
lambda : 1.50528
max_diff => 1.17223e-07
performed mixing
Frob norm 1 after updating U: 1.75166
200 iterations
f(b) = 3.19093
Frob norm 2 after updating B : 1.75172
Iteration number -------- 84  -----------
lambda : 1.51281
max_diff => 1.04186e-07
performed mixing
Frob norm 1 after updating U: 1.75172
200 iterations
f(b) = 3.18894
Frob norm 2 after updating B : 1.75164
Iteration number -------- 85  -----------
lambda : 1.52037
max_diff => 1.18497e-07
performed mixing
Frob norm 1 after updating U: 1.75164
200 iterations
f(b) = 3.1895
Frob norm 2 after updating B : 1.7517
Iteration number -------- 86  -----------
lambda : 1.52797
max_diff => 1.07762e-07
performed mixing
Frob norm 1 after updating U: 1.7517
200 iterations
f(b) = 3.19652
Frob norm 2 after updating B : 1.75171
Iteration number -------- 87  -----------
lambda : 1.53561
max_diff => 1.015e-07
performed mixing
Frob norm 1 after updating U: 1.75171
200 iterations
f(b) = 3.18955
Frob norm 2 after updating B : 1.75162
Iteration number -------- 88  -----------
lambda : 1.54329
max_diff => 1.49228e-07
performed mixing
Frob norm 1 after updating U: 1.75162
200 iterations
f(b) = 3.19747
Frob norm 2 after updating B : 1.75168
Iteration number -------- 89  -----------
lambda : 1.55101
max_diff => 1.03836e-07
performed mixing
Frob norm 1 after updating U: 1.75168
200 iterations
f(b) = 3.20419
Frob norm 2 after updating B : 1.75112
Iteration number -------- 90  -----------
lambda : 1.55876
max_diff => 8.33114e-07
performed mixing
Frob norm 1 after updating U: 1.75112
200 iterations
f(b) = 3.19668
Frob norm 2 after updating B : 1.75169
Iteration number -------- 91  -----------
lambda : 1.56655
max_diff => 1.00038e-07
performed mixing
Frob norm 1 after updating U: 1.75169
200 iterations
f(b) = 3.16848
Frob norm 2 after updating B : 1.7515
Iteration number -------- 92  -----------
lambda : 1.57439
max_diff => 3.85598e-07
performed mixing
Frob norm 1 after updating U: 1.7515
200 iterations
f(b) = 3.16119
Frob norm 2 after updating B : 1.7517
Iteration number -------- 93  -----------
lambda : 1.58226
max_diff => 1.0075e-07
performed mixing
Frob norm 1 after updating U: 1.7517
200 iterations
f(b) = 3.19879
Frob norm 2 after updating B : 1.75161
Iteration number -------- 94  -----------
lambda : 1.59017
max_diff => 1.45684e-07
performed mixing
Frob norm 1 after updating U: 1.75161
200 iterations
f(b) = 3.20125
Frob norm 2 after updating B : 1.7517
Iteration number -------- 95  -----------
lambda : 1.59812
max_diff => 1.00015e-07
performed mixing
Frob norm 1 after updating U: 1.7517
200 iterations
f(b) = 3.18481
Frob norm 2 after updating B : 1.75172
Iteration number -------- 96  -----------
lambda : 1.60611
max_diff => 1.00048e-07
performed mixing
Frob norm 1 after updating U: 1.75172
200 iterations
f(b) = 3.19946
Frob norm 2 after updating B : 1.75172
Iteration number -------- 97  -----------
lambda : 1.61414
max_diff => 9.998e-08
performed mixing
Frob norm 1 after updating U: 1.75172
200 iterations
f(b) = 3.1754
Frob norm 2 after updating B : 1.75164
Iteration number -------- 98  -----------
lambda : 1.62221
max_diff => 1.21771e-07
performed mixing
Frob norm 1 after updating U: 1.75164
200 iterations
f(b) = 3.20342
Frob norm 2 after updating B : 1.75175
Iteration number -------- 99  -----------
lambda : 1.63032
max_diff => 1.01654e-07
performed mixing
Frob norm 1 after updating U: 1.75175
200 iterations
f(b) = 3.11696
Frob norm 2 after updating B : 1.75171
Iteration number -------- 100  -----------
lambda : 1.63848
max_diff => 9.99846e-08
