Academic license - for non-commercial use only
Frob norm 1 after updating U: 13.2277
200 iterations
f(b) = 96.6869
Frob norm 2 after updating B : 9.04656
Iteration number -------- 1  -----------
lambda : 1
max_diff => 0.229216
performed mixing
Frob norm 1 after updating U: 8.24196
200 iterations
f(b) = 87.5963
Frob norm 2 after updating B : 8.59121
Iteration number -------- 2  -----------
lambda : 1.005
max_diff => 0.215551
performed mixing
Frob norm 1 after updating U: 7.13617
200 iterations
f(b) = 75.2441
Frob norm 2 after updating B : 8.03177
Iteration number -------- 3  -----------
lambda : 1.01002
max_diff => 0.130972
performed mixing
Frob norm 1 after updating U: 6.44294
200 iterations
f(b) = 66.1996
Frob norm 2 after updating B : 7.51785
Iteration number -------- 4  -----------
lambda : 1.01508
max_diff => 0.112151
performed mixing
Frob norm 1 after updating U: 6.08302
200 iterations
f(b) = 58.3267
Frob norm 2 after updating B : 7.07036
Iteration number -------- 5  -----------
lambda : 1.02015
max_diff => 0.0946332
performed mixing
Frob norm 1 after updating U: 5.727
200 iterations
f(b) = 49.1906
Frob norm 2 after updating B : 6.50141
Iteration number -------- 6  -----------
lambda : 1.02525
max_diff => 0.0827917
performed mixing
Frob norm 1 after updating U: 4.96801
200 iterations
f(b) = 42.4536
Frob norm 2 after updating B : 6.02392
Iteration number -------- 7  -----------
lambda : 1.03038
max_diff => 0.0709658
performed mixing
Frob norm 1 after updating U: 4.726
200 iterations
f(b) = 37.0418
Frob norm 2 after updating B : 5.62946
Iteration number -------- 8  -----------
lambda : 1.03553
max_diff => 0.060342
performed mixing
Frob norm 1 after updating U: 4.53252
200 iterations
f(b) = 32.6605
Frob norm 2 after updating B : 5.31551
Iteration number -------- 9  -----------
lambda : 1.04071
max_diff => 0.0558445
performed mixing
Frob norm 1 after updating U: 4.38658
200 iterations
f(b) = 29.27
Frob norm 2 after updating B : 5.0614
Iteration number -------- 10  -----------
lambda : 1.04591
max_diff => 0.055018
performed mixing
Frob norm 1 after updating U: 4.29418
200 iterations
f(b) = 26.4871
Frob norm 2 after updating B : 4.82532
Iteration number -------- 11  -----------
lambda : 1.05114
max_diff => 0.0555996
performed mixing
Frob norm 1 after updating U: 4.22339
200 iterations
f(b) = 24.6242
Frob norm 2 after updating B : 4.61797
Iteration number -------- 12  -----------
lambda : 1.0564
max_diff => 0.055491
performed mixing
Frob norm 1 after updating U: 4.21907
200 iterations
f(b) = 22.8229
Frob norm 2 after updating B : 4.48182
Iteration number -------- 13  -----------
lambda : 1.06168
max_diff => 0.0625898
performed mixing
Frob norm 1 after updating U: 3.98458
200 iterations
f(b) = 17.0214
Frob norm 2 after updating B : 3.77723
Iteration number -------- 14  -----------
lambda : 1.06699
max_diff => 0.0790613
performed mixing
Frob norm 1 after updating U: 3.09503
200 iterations
f(b) = 15.0474
Frob norm 2 after updating B : 3.5652
Iteration number -------- 15  -----------
lambda : 1.07232
max_diff => 0.0647256
performed mixing
Frob norm 1 after updating U: 3.0737
200 iterations
f(b) = 13.9547
Frob norm 2 after updating B : 3.39795
Iteration number -------- 16  -----------
lambda : 1.07768
max_diff => 0.06467
performed mixing
Frob norm 1 after updating U: 3.07212
200 iterations
f(b) = 12.8986
Frob norm 2 after updating B : 3.33677
Iteration number -------- 17  -----------
lambda : 1.08307
max_diff => 0.0622431
performed mixing
Frob norm 1 after updating U: 2.98595
200 iterations
f(b) = 12.1561
Frob norm 2 after updating B : 3.21562
Iteration number -------- 18  -----------
lambda : 1.08849
max_diff => 0.0622221
performed mixing
Frob norm 1 after updating U: 2.98464
200 iterations
f(b) = 11.4383
Frob norm 2 after updating B : 3.13696
Iteration number -------- 19  -----------
lambda : 1.09393
max_diff => 0.061165
performed mixing
Frob norm 1 after updating U: 2.93115
200 iterations
f(b) = 11.0374
Frob norm 2 after updating B : 3.06481
Iteration number -------- 20  -----------
lambda : 1.0994
max_diff => 0.061132
performed mixing
Frob norm 1 after updating U: 2.9301
200 iterations
f(b) = 10.5619
Frob norm 2 after updating B : 2.96689
Iteration number -------- 21  -----------
lambda : 1.1049
max_diff => 0.0614808
performed mixing
Frob norm 1 after updating U: 2.81746
200 iterations
f(b) = 10.2944
Frob norm 2 after updating B : 2.91506
Iteration number -------- 22  -----------
lambda : 1.11042
max_diff => 0.0615145
performed mixing
Frob norm 1 after updating U: 2.81722
200 iterations
f(b) = 10.0991
Frob norm 2 after updating B : 2.88091
Iteration number -------- 23  -----------
lambda : 1.11597
max_diff => 0.061549
performed mixing
Frob norm 1 after updating U: 2.81679
200 iterations
f(b) = 9.97351
Frob norm 2 after updating B : 2.85827
Iteration number -------- 24  -----------
lambda : 1.12155
max_diff => 0.0615993
performed mixing
Frob norm 1 after updating U: 2.81589
200 iterations
f(b) = 9.84042
Frob norm 2 after updating B : 2.84108
Iteration number -------- 25  -----------
lambda : 1.12716
max_diff => 0.0619712
performed mixing
Frob norm 1 after updating U: 2.80907
200 iterations
f(b) = 9.79578
Frob norm 2 after updating B : 2.82923
Iteration number -------- 26  -----------
lambda : 1.1328
max_diff => 0.0620068
performed mixing
Frob norm 1 after updating U: 2.80789
200 iterations
f(b) = 9.75947
Frob norm 2 after updating B : 2.82106
Iteration number -------- 27  -----------
lambda : 1.13846
max_diff => 0.0620447
performed mixing
Frob norm 1 after updating U: 2.80669
200 iterations
f(b) = 9.5643
Frob norm 2 after updating B : 2.79295
Iteration number -------- 28  -----------
lambda : 1.14415
max_diff => 0.0616831
performed mixing
Frob norm 1 after updating U: 2.7583
200 iterations
f(b) = 9.54201
Frob norm 2 after updating B : 2.78093
Iteration number -------- 29  -----------
lambda : 1.14987
max_diff => 0.0616681
performed mixing
Frob norm 1 after updating U: 2.75802
200 iterations
f(b) = 9.5084
Frob norm 2 after updating B : 2.77315
Iteration number -------- 30  -----------
lambda : 1.15562
max_diff => 0.0616467
performed mixing
Frob norm 1 after updating U: 2.75789
200 iterations
f(b) = 9.48793
Frob norm 2 after updating B : 2.76775
Iteration number -------- 31  -----------
lambda : 1.1614
max_diff => 0.0616155
performed mixing
Frob norm 1 after updating U: 2.75745
200 iterations
f(b) = 9.48528
Frob norm 2 after updating B : 2.76415
Iteration number -------- 32  -----------
lambda : 1.16721
max_diff => 0.0615975
performed mixing
Frob norm 1 after updating U: 2.7572
200 iterations
f(b) = 9.47153
Frob norm 2 after updating B : 2.76184
Iteration number -------- 33  -----------
lambda : 1.17304
max_diff => 0.0615678
performed mixing
Frob norm 1 after updating U: 2.75699
200 iterations
f(b) = 9.47537
Frob norm 2 after updating B : 2.76006
Iteration number -------- 34  -----------
lambda : 1.17891
max_diff => 0.0615385
performed mixing
Frob norm 1 after updating U: 2.75664
200 iterations
f(b) = 9.47075
Frob norm 2 after updating B : 2.75873
Iteration number -------- 35  -----------
lambda : 1.1848
max_diff => 0.0614861
performed mixing
Frob norm 1 after updating U: 2.75624
200 iterations
f(b) = 9.47772
Frob norm 2 after updating B : 2.75784
Iteration number -------- 36  -----------
lambda : 1.19073
max_diff => 0.0614543
performed mixing
Frob norm 1 after updating U: 2.75602
200 iterations
f(b) = 9.48596
Frob norm 2 after updating B : 2.75714
Iteration number -------- 37  -----------
lambda : 1.19668
max_diff => 0.0614197
performed mixing
Frob norm 1 after updating U: 2.75581
200 iterations
f(b) = 9.47752
Frob norm 2 after updating B : 2.75641
Iteration number -------- 38  -----------
lambda : 1.20266
max_diff => 0.0613336
performed mixing
Frob norm 1 after updating U: 2.7553
200 iterations
f(b) = 9.48976
Frob norm 2 after updating B : 2.75593
Iteration number -------- 39  -----------
lambda : 1.20868
max_diff => 0.0612975
performed mixing
Frob norm 1 after updating U: 2.75509
200 iterations
f(b) = 9.45531
Frob norm 2 after updating B : 2.75507
Iteration number -------- 40  -----------
lambda : 1.21472
max_diff => 0.0612302
performed mixing
Frob norm 1 after updating U: 2.75437
200 iterations
f(b) = 9.49643
Frob norm 2 after updating B : 2.7551
Iteration number -------- 41  -----------
lambda : 1.22079
max_diff => 0.0611732
performed mixing
Frob norm 1 after updating U: 2.7545
200 iterations
f(b) = 9.51047
Frob norm 2 after updating B : 2.75475
Iteration number -------- 42  -----------
lambda : 1.2269
max_diff => 0.0611345
performed mixing
Frob norm 1 after updating U: 2.75425
200 iterations
f(b) = 9.51616
Frob norm 2 after updating B : 2.75464
Iteration number -------- 43  -----------
lambda : 1.23303
max_diff => 0.0610947
performed mixing
Frob norm 1 after updating U: 2.75422
200 iterations
f(b) = 9.52158
Frob norm 2 after updating B : 2.75414
Iteration number -------- 44  -----------
lambda : 1.2392
max_diff => 0.0610354
performed mixing
Frob norm 1 after updating U: 2.75379
200 iterations
f(b) = 9.52927
Frob norm 2 after updating B : 2.75389
Iteration number -------- 45  -----------
lambda : 1.24539
max_diff => 0.0609967
performed mixing
Frob norm 1 after updating U: 2.75358
200 iterations
f(b) = 9.53944
Frob norm 2 after updating B : 2.75381
Iteration number -------- 46  -----------
lambda : 1.25162
max_diff => 0.0609515
performed mixing
Frob norm 1 after updating U: 2.75353
200 iterations
f(b) = 9.54726
Frob norm 2 after updating B : 2.75352
Iteration number -------- 47  -----------
lambda : 1.25788
max_diff => 0.0609123
performed mixing
Frob norm 1 after updating U: 2.75327
200 iterations
f(b) = 9.55353
Frob norm 2 after updating B : 2.75326
Iteration number -------- 48  -----------
lambda : 1.26417
max_diff => 0.0608595
performed mixing
Frob norm 1 after updating U: 2.75305
200 iterations
f(b) = 9.55788
Frob norm 2 after updating B : 2.75324
Iteration number -------- 49  -----------
lambda : 1.27049
max_diff => 0.0608146
performed mixing
Frob norm 1 after updating U: 2.75304
200 iterations
f(b) = 9.57309
Frob norm 2 after updating B : 2.75313
Iteration number -------- 50  -----------
lambda : 1.27684
max_diff => 0.0607899
performed mixing
Frob norm 1 after updating U: 2.75297
200 iterations
f(b) = 9.57316
Frob norm 2 after updating B : 2.75165
Iteration number -------- 51  -----------
lambda : 1.28323
max_diff => 0.0606621
performed mixing
Frob norm 1 after updating U: 2.7514
200 iterations
f(b) = 9.58221
Frob norm 2 after updating B : 2.75258
Iteration number -------- 52  -----------
lambda : 1.28964
max_diff => 0.0605996
performed mixing
Frob norm 1 after updating U: 2.75236
200 iterations
f(b) = 9.58723
Frob norm 2 after updating B : 2.75264
Iteration number -------- 53  -----------
lambda : 1.29609
max_diff => 0.0605605
performed mixing
Frob norm 1 after updating U: 2.75245
200 iterations
f(b) = 9.60577
Frob norm 2 after updating B : 2.75258
Iteration number -------- 54  -----------
lambda : 1.30257
max_diff => 0.0605296
performed mixing
Frob norm 1 after updating U: 2.75241
200 iterations
f(b) = 9.60312
Frob norm 2 after updating B : 2.75249
Iteration number -------- 55  -----------
lambda : 1.30908
max_diff => 0.0604874
performed mixing
Frob norm 1 after updating U: 2.75234
200 iterations
f(b) = 9.61236
Frob norm 2 after updating B : 2.75253
Iteration number -------- 56  -----------
lambda : 1.31563
max_diff => 0.0604333
performed mixing
Frob norm 1 after updating U: 2.75237
200 iterations
f(b) = 9.61557
Frob norm 2 after updating B : 2.75249
Iteration number -------- 57  -----------
lambda : 1.32221
max_diff => 0.0603364
performed mixing
Frob norm 1 after updating U: 2.7523
200 iterations
f(b) = 9.6321
Frob norm 2 after updating B : 2.75249
Iteration number -------- 58  -----------
lambda : 1.32882
max_diff => 0.0603035
performed mixing
Frob norm 1 after updating U: 2.75232
200 iterations
f(b) = 9.6387
Frob norm 2 after updating B : 2.75256
Iteration number -------- 59  -----------
lambda : 1.33546
max_diff => 0.0602598
performed mixing
Frob norm 1 after updating U: 2.7524
200 iterations
f(b) = 9.64711
Frob norm 2 after updating B : 2.75265
Iteration number -------- 60  -----------
lambda : 1.34214
max_diff => 0.0602147
performed mixing
Frob norm 1 after updating U: 2.75248
200 iterations
f(b) = 9.65973
Frob norm 2 after updating B : 2.75272
Iteration number -------- 61  -----------
lambda : 1.34885
max_diff => 0.0601777
performed mixing
Frob norm 1 after updating U: 2.75257
200 iterations
f(b) = 9.66926
Frob norm 2 after updating B : 2.75257
Iteration number -------- 62  -----------
lambda : 1.35559
max_diff => 0.0601464
performed mixing
Frob norm 1 after updating U: 2.75242
200 iterations
f(b) = 9.67125
Frob norm 2 after updating B : 2.75269
Iteration number -------- 63  -----------
lambda : 1.36237
max_diff => 0.0600867
performed mixing
Frob norm 1 after updating U: 2.75254
200 iterations
f(b) = 9.67796
Frob norm 2 after updating B : 2.75281
Iteration number -------- 64  -----------
lambda : 1.36918
max_diff => 0.0600153
performed mixing
Frob norm 1 after updating U: 2.75264
200 iterations
f(b) = 9.69551
Frob norm 2 after updating B : 2.75287
Iteration number -------- 65  -----------
lambda : 1.37603
max_diff => 0.0599841
performed mixing
Frob norm 1 after updating U: 2.75271
200 iterations
f(b) = 9.70419
Frob norm 2 after updating B : 2.75279
Iteration number -------- 66  -----------
lambda : 1.38291
max_diff => 0.0599491
performed mixing
Frob norm 1 after updating U: 2.75266
200 iterations
f(b) = 9.70685
Frob norm 2 after updating B : 2.75287
Iteration number -------- 67  -----------
lambda : 1.38982
max_diff => 0.0598915
performed mixing
Frob norm 1 after updating U: 2.75272
200 iterations
f(b) = 9.72211
Frob norm 2 after updating B : 2.75294
Iteration number -------- 68  -----------
lambda : 1.39677
max_diff => 0.0598528
performed mixing
Frob norm 1 after updating U: 2.75279
200 iterations
f(b) = 9.7371
Frob norm 2 after updating B : 2.75302
Iteration number -------- 69  -----------
lambda : 1.40376
max_diff => 0.0598338
performed mixing
Frob norm 1 after updating U: 2.75289
200 iterations
f(b) = 9.74001
Frob norm 2 after updating B : 2.75297
Iteration number -------- 70  -----------
lambda : 1.41078
max_diff => 0.0597857
performed mixing
Frob norm 1 after updating U: 2.75284
200 iterations
f(b) = 9.7533
Frob norm 2 after updating B : 2.75303
Iteration number -------- 71  -----------
lambda : 1.41783
max_diff => 0.0597534
performed mixing
Frob norm 1 after updating U: 2.75291
200 iterations
f(b) = 9.75722
Frob norm 2 after updating B : 2.75325
Iteration number -------- 72  -----------
lambda : 1.42492
max_diff => 0.0597154
performed mixing
Frob norm 1 after updating U: 2.75311
200 iterations
f(b) = 9.76975
Frob norm 2 after updating B : 2.75331
Iteration number -------- 73  -----------
lambda : 1.43204
max_diff => 0.0596657
performed mixing
Frob norm 1 after updating U: 2.75317
200 iterations
f(b) = 9.76787
Frob norm 2 after updating B : 2.75373
Iteration number -------- 74  -----------
lambda : 1.4392
max_diff => 0.0595859
performed mixing
Frob norm 1 after updating U: 2.75355
200 iterations
f(b) = 9.79075
Frob norm 2 after updating B : 2.75378
Iteration number -------- 75  -----------
lambda : 1.4464
max_diff => 0.0595561
performed mixing
Frob norm 1 after updating U: 2.75361
200 iterations
f(b) = 9.79435
Frob norm 2 after updating B : 2.75393
Iteration number -------- 76  -----------
lambda : 1.45363
max_diff => 0.0595085
performed mixing
Frob norm 1 after updating U: 2.75377
200 iterations
f(b) = 9.81115
Frob norm 2 after updating B : 2.75396
Iteration number -------- 77  -----------
lambda : 1.4609
max_diff => 0.0594825
performed mixing
Frob norm 1 after updating U: 2.75382
200 iterations
f(b) = 9.81728
Frob norm 2 after updating B : 2.75413
Iteration number -------- 78  -----------
lambda : 1.46821
max_diff => 0.059446
performed mixing
Frob norm 1 after updating U: 2.75398
200 iterations
f(b) = 9.81399
Frob norm 2 after updating B : 2.75431
Iteration number -------- 79  -----------
lambda : 1.47555
max_diff => 0.0593959
performed mixing
Frob norm 1 after updating U: 2.75416
200 iterations
f(b) = 9.88153
Frob norm 2 after updating B : 2.75325
Iteration number -------- 80  -----------
lambda : 1.48292
max_diff => 0.0593581
performed mixing
Frob norm 1 after updating U: 2.75309
200 iterations
f(b) = 9.83182
Frob norm 2 after updating B : 2.75431
Iteration number -------- 81  -----------
lambda : 1.49034
max_diff => 0.0593107
performed mixing
Frob norm 1 after updating U: 2.75419
200 iterations
f(b) = 9.85096
Frob norm 2 after updating B : 2.75458
Iteration number -------- 82  -----------
lambda : 1.49779
max_diff => 0.0592637
performed mixing
Frob norm 1 after updating U: 2.75446
200 iterations
f(b) = 9.86671
Frob norm 2 after updating B : 2.75462
Iteration number -------- 83  -----------
lambda : 1.50528
max_diff => 0.0592424
performed mixing
Frob norm 1 after updating U: 2.75451
200 iterations
f(b) = 9.87385
Frob norm 2 after updating B : 2.7548
Iteration number -------- 84  -----------
lambda : 1.51281
max_diff => 0.0592091
performed mixing
Frob norm 1 after updating U: 2.75469
200 iterations
f(b) = 9.88768
Frob norm 2 after updating B : 2.75493
Iteration number -------- 85  -----------
lambda : 1.52037
max_diff => 0.0591727
performed mixing
Frob norm 1 after updating U: 2.7548
200 iterations
f(b) = 9.89987
Frob norm 2 after updating B : 2.75511
Iteration number -------- 86  -----------
lambda : 1.52797
max_diff => 0.0591459
performed mixing
Frob norm 1 after updating U: 2.75501
200 iterations
f(b) = 9.91174
Frob norm 2 after updating B : 2.75522
Iteration number -------- 87  -----------
lambda : 1.53561
max_diff => 0.0591118
performed mixing
Frob norm 1 after updating U: 2.75512
200 iterations
f(b) = 9.92419
Frob norm 2 after updating B : 2.75538
Iteration number -------- 88  -----------
lambda : 1.54329
max_diff => 0.0590801
performed mixing
Frob norm 1 after updating U: 2.75527
200 iterations
f(b) = 9.9235
Frob norm 2 after updating B : 2.75582
Iteration number -------- 89  -----------
lambda : 1.55101
max_diff => 0.0590241
performed mixing
Frob norm 1 after updating U: 2.75564
200 iterations
f(b) = 9.8782
Frob norm 2 after updating B : 2.75636
Iteration number -------- 90  -----------
lambda : 1.55876
max_diff => 0.0588768
performed mixing
Frob norm 1 after updating U: 2.75613
200 iterations
f(b) = 9.95064
Frob norm 2 after updating B : 2.75674
Iteration number -------- 91  -----------
lambda : 1.56655
max_diff => 0.0588363
performed mixing
Frob norm 1 after updating U: 2.75655
200 iterations
f(b) = 9.90338
Frob norm 2 after updating B : 2.75707
Iteration number -------- 92  -----------
lambda : 1.57439
max_diff => 0.0587703
performed mixing
Frob norm 1 after updating U: 2.75685
200 iterations
f(b) = 9.97523
Frob norm 2 after updating B : 2.75707
Iteration number -------- 93  -----------
lambda : 1.58226
max_diff => 0.0587375
performed mixing
Frob norm 1 after updating U: 2.75686
200 iterations
f(b) = 9.97744
Frob norm 2 after updating B : 2.75734
Iteration number -------- 94  -----------
lambda : 1.59017
max_diff => 0.0587045
performed mixing
Frob norm 1 after updating U: 2.75718
200 iterations
f(b) = 9.97283
Frob norm 2 after updating B : 2.75741
Iteration number -------- 95  -----------
lambda : 1.59812
max_diff => 0.0586706
performed mixing
Frob norm 1 after updating U: 2.75726
200 iterations
f(b) = 9.99727
Frob norm 2 after updating B : 2.75761
Iteration number -------- 96  -----------
lambda : 1.60611
max_diff => 0.0586404
performed mixing
Frob norm 1 after updating U: 2.75749
200 iterations
f(b) = 9.95567
Frob norm 2 after updating B : 2.75737
Iteration number -------- 97  -----------
lambda : 1.61414
max_diff => 0.0585804
performed mixing
Frob norm 1 after updating U: 2.75727
200 iterations
f(b) = 9.96055
Frob norm 2 after updating B : 2.75685
Iteration number -------- 98  -----------
lambda : 1.62221
max_diff => 0.0583753
performed mixing
Frob norm 1 after updating U: 2.75686
200 iterations
f(b) = 10.0332
Frob norm 2 after updating B : 2.75728
Iteration number -------- 99  -----------
lambda : 1.63032
max_diff => 0.0583404
performed mixing
Frob norm 1 after updating U: 2.75727
200 iterations
f(b) = 10.0464
Frob norm 2 after updating B : 2.75764
Iteration number -------- 100  -----------
lambda : 1.63848
max_diff => 0.058307
