Academic license - for non-commercial use only
Frob norm 1 after updating U: 12.2007
200 iterations
f(b) = 70.235
Frob norm 2 after updating B : 7.79811
Iteration number -------- 1  -----------
lambda : 1
max_diff => 0.149399
performed mixing
Frob norm 1 after updating U: 6.2361
200 iterations
f(b) = 61.4363
Frob norm 2 after updating B : 7.28288
Iteration number -------- 2  -----------
lambda : 1.005
max_diff => 0.121195
performed mixing
Frob norm 1 after updating U: 5.8525
200 iterations
f(b) = 54.0828
Frob norm 2 after updating B : 6.82561
Iteration number -------- 3  -----------
lambda : 1.01002
max_diff => 0.120947
performed mixing
Frob norm 1 after updating U: 5.55142
200 iterations
f(b) = 47.9922
Frob norm 2 after updating B : 6.43155
Iteration number -------- 4  -----------
lambda : 1.01508
max_diff => 0.119203
performed mixing
Frob norm 1 after updating U: 5.29599
200 iterations
f(b) = 42.8489
Frob norm 2 after updating B : 6.0882
Iteration number -------- 5  -----------
lambda : 1.02015
max_diff => 0.110285
performed mixing
Frob norm 1 after updating U: 5.08582
200 iterations
f(b) = 38.5128
Frob norm 2 after updating B : 5.77052
Iteration number -------- 6  -----------
lambda : 1.02525
max_diff => 0.0984732
performed mixing
Frob norm 1 after updating U: 4.88761
200 iterations
f(b) = 34.8024
Frob norm 2 after updating B : 5.50327
Iteration number -------- 7  -----------
lambda : 1.03038
max_diff => 0.0840179
performed mixing
Frob norm 1 after updating U: 4.63917
200 iterations
f(b) = 31.3994
Frob norm 2 after updating B : 5.25048
Iteration number -------- 8  -----------
lambda : 1.03553
max_diff => 0.0712369
performed mixing
Frob norm 1 after updating U: 4.42562
200 iterations
f(b) = 28.3217
Frob norm 2 after updating B : 5.00961
Iteration number -------- 9  -----------
lambda : 1.04071
max_diff => 0.0638364
performed mixing
Frob norm 1 after updating U: 4.29436
200 iterations
f(b) = 25.8213
Frob norm 2 after updating B : 4.78715
Iteration number -------- 10  -----------
lambda : 1.04591
max_diff => 0.0624485
performed mixing
Frob norm 1 after updating U: 4.2182
200 iterations
f(b) = 23.9221
Frob norm 2 after updating B : 4.60255
Iteration number -------- 11  -----------
lambda : 1.05114
max_diff => 0.0628042
performed mixing
Frob norm 1 after updating U: 4.16789
200 iterations
f(b) = 22.53
Frob norm 2 after updating B : 4.45723
Iteration number -------- 12  -----------
lambda : 1.0564
max_diff => 0.063061
performed mixing
Frob norm 1 after updating U: 4.13255
200 iterations
f(b) = 21.4891
Frob norm 2 after updating B : 4.34258
Iteration number -------- 13  -----------
lambda : 1.06168
max_diff => 0.0633122
performed mixing
Frob norm 1 after updating U: 4.08566
200 iterations
f(b) = 20.6595
Frob norm 2 after updating B : 4.25008
Iteration number -------- 14  -----------
lambda : 1.06699
max_diff => 0.0642629
performed mixing
Frob norm 1 after updating U: 4.04451
200 iterations
f(b) = 19.9572
Frob norm 2 after updating B : 4.17931
Iteration number -------- 15  -----------
lambda : 1.07232
max_diff => 0.0668175
performed mixing
Frob norm 1 after updating U: 3.9863
200 iterations
f(b) = 19.3781
Frob norm 2 after updating B : 4.1054
Iteration number -------- 16  -----------
lambda : 1.07768
max_diff => 0.0681684
performed mixing
Frob norm 1 after updating U: 3.9586
200 iterations
f(b) = 18.8897
Frob norm 2 after updating B : 4.04582
Iteration number -------- 17  -----------
lambda : 1.08307
max_diff => 0.0703849
performed mixing
Frob norm 1 after updating U: 3.9148
200 iterations
f(b) = 18.3833
Frob norm 2 after updating B : 4.00187
Iteration number -------- 18  -----------
lambda : 1.08849
max_diff => 0.0741651
performed mixing
Frob norm 1 after updating U: 3.83545
200 iterations
f(b) = 17.9037
Frob norm 2 after updating B : 3.93653
Iteration number -------- 19  -----------
lambda : 1.09393
max_diff => 0.0758703
performed mixing
Frob norm 1 after updating U: 3.79973
200 iterations
f(b) = 17.4385
Frob norm 2 after updating B : 3.89223
Iteration number -------- 20  -----------
lambda : 1.0994
max_diff => 0.0786355
performed mixing
Frob norm 1 after updating U: 3.73085
200 iterations
f(b) = 16.9797
Frob norm 2 after updating B : 3.83114
Iteration number -------- 21  -----------
lambda : 1.1049
max_diff => 0.0797196
performed mixing
Frob norm 1 after updating U: 3.6855
200 iterations
f(b) = 16.5945
Frob norm 2 after updating B : 3.77167
Iteration number -------- 22  -----------
lambda : 1.11042
max_diff => 0.0804047
performed mixing
Frob norm 1 after updating U: 3.65526
200 iterations
f(b) = 16.2683
Frob norm 2 after updating B : 3.72116
Iteration number -------- 23  -----------
lambda : 1.11597
max_diff => 0.0807709
performed mixing
Frob norm 1 after updating U: 3.62218
200 iterations
f(b) = 15.9285
Frob norm 2 after updating B : 3.67613
Iteration number -------- 24  -----------
lambda : 1.12155
max_diff => 0.0790258
performed mixing
Frob norm 1 after updating U: 3.55502
200 iterations
f(b) = 15.6197
Frob norm 2 after updating B : 3.63142
Iteration number -------- 25  -----------
lambda : 1.12716
max_diff => 0.078433
performed mixing
Frob norm 1 after updating U: 3.53364
200 iterations
f(b) = 15.3406
Frob norm 2 after updating B : 3.59255
Iteration number -------- 26  -----------
lambda : 1.1328
max_diff => 0.0772659
performed mixing
Frob norm 1 after updating U: 3.49956
200 iterations
f(b) = 15.0588
Frob norm 2 after updating B : 3.55959
Iteration number -------- 27  -----------
lambda : 1.13846
max_diff => 0.0742495
performed mixing
Frob norm 1 after updating U: 3.46358
200 iterations
f(b) = 14.7816
Frob norm 2 after updating B : 3.52821
Iteration number -------- 28  -----------
lambda : 1.14415
max_diff => 0.0716673
performed mixing
Frob norm 1 after updating U: 3.435
200 iterations
f(b) = 14.4952
Frob norm 2 after updating B : 3.5073
Iteration number -------- 29  -----------
lambda : 1.14987
max_diff => 0.0688746
performed mixing
Frob norm 1 after updating U: 3.39571
200 iterations
f(b) = 14.2514
Frob norm 2 after updating B : 3.47042
Iteration number -------- 30  -----------
lambda : 1.15562
max_diff => 0.0684881
performed mixing
Frob norm 1 after updating U: 3.39421
200 iterations
f(b) = 14.0832
Frob norm 2 after updating B : 3.44479
Iteration number -------- 31  -----------
lambda : 1.1614
max_diff => 0.0682222
performed mixing
Frob norm 1 after updating U: 3.39253
200 iterations
f(b) = 13.8181
Frob norm 2 after updating B : 3.42853
Iteration number -------- 32  -----------
lambda : 1.16721
max_diff => 0.0637696
performed mixing
Frob norm 1 after updating U: 3.34387
200 iterations
f(b) = 13.6606
Frob norm 2 after updating B : 3.40089
Iteration number -------- 33  -----------
lambda : 1.17304
max_diff => 0.0636808
performed mixing
Frob norm 1 after updating U: 3.34392
200 iterations
f(b) = 13.4587
Frob norm 2 after updating B : 3.39713
Iteration number -------- 34  -----------
lambda : 1.17891
max_diff => 0.0622879
performed mixing
Frob norm 1 after updating U: 3.33279
200 iterations
f(b) = 13.3432
Frob norm 2 after updating B : 3.37547
Iteration number -------- 35  -----------
lambda : 1.1848
max_diff => 0.0622764
performed mixing
Frob norm 1 after updating U: 3.33274
200 iterations
f(b) = 13.2531
Frob norm 2 after updating B : 3.3615
Iteration number -------- 36  -----------
lambda : 1.19073
max_diff => 0.0622543
performed mixing
Frob norm 1 after updating U: 3.33243
200 iterations
f(b) = 13.1893
Frob norm 2 after updating B : 3.35178
Iteration number -------- 37  -----------
lambda : 1.19668
max_diff => 0.0622342
performed mixing
Frob norm 1 after updating U: 3.33148
200 iterations
f(b) = 13.1507
Frob norm 2 after updating B : 3.34514
Iteration number -------- 38  -----------
lambda : 1.20266
max_diff => 0.062224
performed mixing
Frob norm 1 after updating U: 3.33081
200 iterations
f(b) = 13.0443
Frob norm 2 after updating B : 3.33441
Iteration number -------- 39  -----------
lambda : 1.20868
max_diff => 0.0624709
performed mixing
Frob norm 1 after updating U: 3.3163
200 iterations
f(b) = 13.0416
Frob norm 2 after updating B : 3.32848
Iteration number -------- 40  -----------
lambda : 1.21472
max_diff => 0.0624741
performed mixing
Frob norm 1 after updating U: 3.3163
200 iterations
f(b) = 13.0231
Frob norm 2 after updating B : 3.32439
Iteration number -------- 41  -----------
lambda : 1.22079
max_diff => 0.0624755
performed mixing
Frob norm 1 after updating U: 3.31614
200 iterations
f(b) = 13.0141
Frob norm 2 after updating B : 3.32169
Iteration number -------- 42  -----------
lambda : 1.2269
max_diff => 0.062477
performed mixing
Frob norm 1 after updating U: 3.31607
200 iterations
f(b) = 13.0103
Frob norm 2 after updating B : 3.31873
Iteration number -------- 43  -----------
lambda : 1.23303
max_diff => 0.0624799
performed mixing
Frob norm 1 after updating U: 3.31477
200 iterations
f(b) = 13.0334
Frob norm 2 after updating B : 3.30664
Iteration number -------- 44  -----------
lambda : 1.2392
max_diff => 0.062444
performed mixing
Frob norm 1 after updating U: 3.29948
200 iterations
f(b) = 12.9755
Frob norm 2 after updating B : 3.30216
Iteration number -------- 45  -----------
lambda : 1.24539
max_diff => 0.0624457
performed mixing
Frob norm 1 after updating U: 3.29718
200 iterations
f(b) = 12.9725
Frob norm 2 after updating B : 3.29934
Iteration number -------- 46  -----------
lambda : 1.25162
max_diff => 0.0624446
performed mixing
Frob norm 1 after updating U: 3.29602
200 iterations
f(b) = 11.6064
Frob norm 2 after updating B : 3.09061
Iteration number -------- 47  -----------
lambda : 1.25788
max_diff => 0.0622025
performed mixing
Frob norm 1 after updating U: 2.98897
200 iterations
f(b) = 11.3131
Frob norm 2 after updating B : 3.02999
Iteration number -------- 48  -----------
lambda : 1.26417
max_diff => 0.0625
performed mixing
Frob norm 1 after updating U: 2.92984
200 iterations
f(b) = 11.0767
Frob norm 2 after updating B : 2.98388
Iteration number -------- 49  -----------
lambda : 1.27049
max_diff => 0.0624992
performed mixing
Frob norm 1 after updating U: 2.89855
200 iterations
f(b) = 10.8204
Frob norm 2 after updating B : 2.93773
Iteration number -------- 50  -----------
lambda : 1.27684
max_diff => 0.0623648
performed mixing
Frob norm 1 after updating U: 2.84628
200 iterations
f(b) = 10.588
Frob norm 2 after updating B : 2.87838
Iteration number -------- 51  -----------
lambda : 1.28323
max_diff => 0.0622884
performed mixing
Frob norm 1 after updating U: 2.80067
200 iterations
f(b) = 9.48253
Frob norm 2 after updating B : 2.70583
Iteration number -------- 52  -----------
lambda : 1.28964
max_diff => 0.0689325
performed mixing
Frob norm 1 after updating U: 2.07843
200 iterations
f(b) = 7.6107
Frob norm 2 after updating B : 2.45927
Iteration number -------- 53  -----------
lambda : 1.29609
max_diff => 0.0652886
performed mixing
Frob norm 1 after updating U: 1.13171
200 iterations
f(b) = 6.00184
Frob norm 2 after updating B : 2.12653
Iteration number -------- 54  -----------
lambda : 1.30257
max_diff => 0.0547126
performed mixing
Frob norm 1 after updating U: 1.00912
200 iterations
f(b) = 4.82631
Frob norm 2 after updating B : 1.86368
Iteration number -------- 55  -----------
lambda : 1.30908
max_diff => 0.0402239
performed mixing
Frob norm 1 after updating U: 0.821321
200 iterations
f(b) = 3.90646
Frob norm 2 after updating B : 1.62285
Iteration number -------- 56  -----------
lambda : 1.31563
max_diff => 0.0324375
performed mixing
Frob norm 1 after updating U: 0.689991
200 iterations
f(b) = 3.13243
Frob norm 2 after updating B : 1.47957
Iteration number -------- 57  -----------
lambda : 1.32221
max_diff => 0.019266
performed mixing
Frob norm 1 after updating U: 0.453359
200 iterations
f(b) = 2.48178
Frob norm 2 after updating B : 1.26617
Iteration number -------- 58  -----------
lambda : 1.32882
max_diff => 0.0155957
performed mixing
Frob norm 1 after updating U: 0.394416
200 iterations
f(b) = 1.98596
Frob norm 2 after updating B : 1.10735
Iteration number -------- 59  -----------
lambda : 1.33546
max_diff => 0.0112631
performed mixing
Frob norm 1 after updating U: 0.316375
200 iterations
f(b) = 1.56318
Frob norm 2 after updating B : 0.983203
Iteration number -------- 60  -----------
lambda : 1.34214
max_diff => 0.0070911
performed mixing
Frob norm 1 after updating U: 0.235553
200 iterations
f(b) = 1.09687
Frob norm 2 after updating B : 0.994836
Iteration number -------- 61  -----------
lambda : 1.34885
max_diff => 0.000443794
performed mixing
Frob norm 1 after updating U: 0.0759567
200 iterations
f(b) = 0.78628
Frob norm 2 after updating B : 0.804899
Iteration number -------- 62  -----------
lambda : 1.35559
max_diff => 0.00039575
performed mixing
Frob norm 1 after updating U: 0.0712318
200 iterations
f(b) = 0.514643
Frob norm 2 after updating B : 0.680043
Iteration number -------- 63  -----------
lambda : 1.36237
max_diff => 7.99849e-05
performed mixing
Frob norm 1 after updating U: 0.0327615
200 iterations
f(b) = 0.367611
Frob norm 2 after updating B : 0.548992
Iteration number -------- 64  -----------
lambda : 1.36918
max_diff => 5.0114e-05
performed mixing
Frob norm 1 after updating U: 0.0275882
200 iterations
f(b) = 0.251293
Frob norm 2 after updating B : 0.44701
Iteration number -------- 65  -----------
lambda : 1.37603
max_diff => 5.92135e-08
performed mixing
Frob norm 1 after updating U: 0.0138694
200 iterations
f(b) = 0.184711
Frob norm 2 after updating B : 0.357945
Iteration number -------- 66  -----------
lambda : 1.38291
max_diff => 4.999e-08
performed mixing
Frob norm 1 after updating U: 0.0138563
200 iterations
f(b) = 0.144614
Frob norm 2 after updating B : 0.286593
Iteration number -------- 67  -----------
lambda : 1.38982
max_diff => 4.999e-08
performed mixing
Frob norm 1 after updating U: 0.0138441
200 iterations
f(b) = 0.115351
Frob norm 2 after updating B : 0.22966
Iteration number -------- 68  -----------
lambda : 1.39677
max_diff => 4.999e-08
performed mixing
Frob norm 1 after updating U: 0.0138978
200 iterations
f(b) = 0.0611756
Frob norm 2 after updating B : 0.184092
Iteration number -------- 69  -----------
lambda : 1.40376
max_diff => 4.999e-08
performed mixing
Frob norm 1 after updating U: 0.0137194
200 iterations
f(b) = 0.0834325
Frob norm 2 after updating B : 0.147758
Iteration number -------- 70  -----------
lambda : 1.41078
max_diff => 4.999e-08
performed mixing
Frob norm 1 after updating U: 0.0137971
200 iterations
f(b) = 0.0594917
Frob norm 2 after updating B : 0.118661
Iteration number -------- 71  -----------
lambda : 1.41783
max_diff => 4.999e-08
performed mixing
Frob norm 1 after updating U: 0.0137616
200 iterations
f(b) = 0.0435647
Frob norm 2 after updating B : 0.0955107
Iteration number -------- 72  -----------
lambda : 1.42492
max_diff => 4.999e-08
performed mixing
Frob norm 1 after updating U: 0.0136163
200 iterations
f(b) = 0.0296287
Frob norm 2 after updating B : 0.0769477
Iteration number -------- 73  -----------
lambda : 1.43204
max_diff => 4.999e-08
performed mixing
Frob norm 1 after updating U: 0.0135804
200 iterations
f(b) = 0.0225892
Frob norm 2 after updating B : 0.0623805
Iteration number -------- 74  -----------
lambda : 1.4392
max_diff => 4.999e-08
performed mixing
Frob norm 1 after updating U: 0.0137545
200 iterations
f(b) = 0.0238253
Frob norm 2 after updating B : 0.0507479
Iteration number -------- 75  -----------
lambda : 1.4464
max_diff => 4.999e-08
performed mixing
Frob norm 1 after updating U: 0.013658
200 iterations
f(b) = 0.0206342
Frob norm 2 after updating B : 0.0415456
Iteration number -------- 76  -----------
lambda : 1.45363
max_diff => 4.999e-08
performed mixing
Frob norm 1 after updating U: 0.0137137
200 iterations
f(b) = 0.0219351
Frob norm 2 after updating B : 0.0345039
Iteration number -------- 77  -----------
lambda : 1.4609
max_diff => 4.999e-08
performed mixing
Frob norm 1 after updating U: 0.0136613
200 iterations
f(b) = 0.0206499
Frob norm 2 after updating B : 0.0287989
Iteration number -------- 78  -----------
lambda : 1.46821
max_diff => 4.999e-08
performed mixing
Frob norm 1 after updating U: 0.0136359
200 iterations
f(b) = 0.0217281
Frob norm 2 after updating B : 0.0246731
Iteration number -------- 79  -----------
lambda : 1.47555
max_diff => 4.999e-08
performed mixing
Frob norm 1 after updating U: 0.0137685
200 iterations
f(b) = 0.0235941
Frob norm 2 after updating B : 0.0214871
Iteration number -------- 80  -----------
lambda : 1.48292
max_diff => 4.999e-08
performed mixing
Frob norm 1 after updating U: 0.0135842
200 iterations
f(b) = 0.0179665
Frob norm 2 after updating B : 0.0191349
Iteration number -------- 81  -----------
lambda : 1.49034
max_diff => 4.999e-08
performed mixing
Frob norm 1 after updating U: 0.0136365
200 iterations
f(b) = 0.016421
Frob norm 2 after updating B : 0.0174774
Iteration number -------- 82  -----------
lambda : 1.49779
max_diff => 4.999e-08
performed mixing
Frob norm 1 after updating U: 0.0137035
200 iterations
f(b) = 0.018186
Frob norm 2 after updating B : 0.016286
Iteration number -------- 83  -----------
lambda : 1.50528
max_diff => 4.999e-08
performed mixing
Frob norm 1 after updating U: 0.0136168
200 iterations
f(b) = 0.0156506
Frob norm 2 after updating B : 0.0155595
Iteration number -------- 84  -----------
lambda : 1.51281
max_diff => 4.999e-08
performed mixing
Frob norm 1 after updating U: 0.0137304
200 iterations
f(b) = 0.0179233
Frob norm 2 after updating B : 0.0148385
Iteration number -------- 85  -----------
lambda : 1.52037
max_diff => 4.999e-08
performed mixing
Frob norm 1 after updating U: 0.013567
200 iterations
f(b) = 0.0170157
Frob norm 2 after updating B : 0.014629
Iteration number -------- 86  -----------
lambda : 1.52797
max_diff => 4.999e-08
performed mixing
Frob norm 1 after updating U: 0.0137638
200 iterations
f(b) = 0.0185566
Frob norm 2 after updating B : 0.0141639
Iteration number -------- 87  -----------
lambda : 1.53561
max_diff => 4.999e-08
performed mixing
Frob norm 1 after updating U: 0.0135693
200 iterations
f(b) = 0.0189582
Frob norm 2 after updating B : 0.0139429
Iteration number -------- 88  -----------
lambda : 1.54329
max_diff => 4.999e-08
performed mixing
Frob norm 1 after updating U: 0.013511
200 iterations
f(b) = 0.0182652
Frob norm 2 after updating B : 0.0140093
Iteration number -------- 89  -----------
lambda : 1.55101
max_diff => 4.999e-08
performed mixing
Frob norm 1 after updating U: 0.0137145
200 iterations
f(b) = 0.0179264
Frob norm 2 after updating B : 0.0137281
Iteration number -------- 90  -----------
lambda : 1.55876
max_diff => 4.999e-08
performed mixing
Frob norm 1 after updating U: 0.0135176
200 iterations
f(b) = 0.0186566
Frob norm 2 after updating B : 0.0137773
Iteration number -------- 91  -----------
lambda : 1.56655
max_diff => 4.999e-08
performed mixing
Frob norm 1 after updating U: 0.013612
200 iterations
f(b) = 0.0209568
Frob norm 2 after updating B : 0.0136909
Iteration number -------- 92  -----------
lambda : 1.57439
max_diff => 4.999e-08
performed mixing
Frob norm 1 after updating U: 0.01358
200 iterations
f(b) = 0.0216352
Frob norm 2 after updating B : 0.013639
Iteration number -------- 93  -----------
lambda : 1.58226
max_diff => 4.999e-08
performed mixing
Frob norm 1 after updating U: 0.0135582
200 iterations
f(b) = 0.0177617
Frob norm 2 after updating B : 0.0136896
Iteration number -------- 94  -----------
lambda : 1.59017
max_diff => 4.999e-08
performed mixing
Frob norm 1 after updating U: 0.0136319
200 iterations
f(b) = 0.019575
Frob norm 2 after updating B : 0.0136421
Iteration number -------- 95  -----------
lambda : 1.59812
max_diff => 4.999e-08
performed mixing
Frob norm 1 after updating U: 0.0135898
200 iterations
f(b) = 0.0193144
Frob norm 2 after updating B : 0.01366
Iteration number -------- 96  -----------
lambda : 1.60611
max_diff => 4.999e-08
performed mixing
Frob norm 1 after updating U: 0.0136205
200 iterations
f(b) = 0.0205845
Frob norm 2 after updating B : 0.013649
Iteration number -------- 97  -----------
lambda : 1.61414
max_diff => 4.999e-08
performed mixing
Frob norm 1 after updating U: 0.0136145
200 iterations
f(b) = 0.0185875
Frob norm 2 after updating B : 0.0137821
Iteration number -------- 98  -----------
lambda : 1.62221
max_diff => 4.999e-08
performed mixing
Frob norm 1 after updating U: 0.013757
200 iterations
f(b) = 0.0213765
Frob norm 2 after updating B : 0.0135463
Iteration number -------- 99  -----------
lambda : 1.63032
max_diff => 4.999e-08
performed mixing
Frob norm 1 after updating U: 0.0135324
200 iterations
f(b) = 0.0183136
Frob norm 2 after updating B : 0.013672
Iteration number -------- 100  -----------
lambda : 1.63848
max_diff => 4.999e-08
