Academic license - for non-commercial use only
Frob norm 1 after updating U: 12.7129
200 iterations
f(b) = 101.397
Frob norm 2 after updating B : 9.32004
Iteration number -------- 1  -----------
lambda : 1
max_diff => 0.19709
performed mixing
Frob norm 1 after updating U: 8.38311
200 iterations
f(b) = 91.9319
Frob norm 2 after updating B : 8.90553
Iteration number -------- 2  -----------
lambda : 1.005
max_diff => 0.182883
performed mixing
Frob norm 1 after updating U: 7.88417
200 iterations
f(b) = 85.1454
Frob norm 2 after updating B : 8.54603
Iteration number -------- 3  -----------
lambda : 1.01002
max_diff => 0.160264
performed mixing
Frob norm 1 after updating U: 7.70838
200 iterations
f(b) = 79.4717
Frob norm 2 after updating B : 8.2531
Iteration number -------- 4  -----------
lambda : 1.01508
max_diff => 0.13435
performed mixing
Frob norm 1 after updating U: 7.36907
200 iterations
f(b) = 73.1098
Frob norm 2 after updating B : 7.90832
Iteration number -------- 5  -----------
lambda : 1.02015
max_diff => 0.123375
performed mixing
Frob norm 1 after updating U: 6.63551
200 iterations
f(b) = 64.9234
Frob norm 2 after updating B : 7.51926
Iteration number -------- 6  -----------
lambda : 1.02525
max_diff => 0.100482
performed mixing
Frob norm 1 after updating U: 6.20009
200 iterations
f(b) = 58.0046
Frob norm 2 after updating B : 7.10758
Iteration number -------- 7  -----------
lambda : 1.03038
max_diff => 0.0990526
performed mixing
Frob norm 1 after updating U: 6.1183
200 iterations
f(b) = 53.1858
Frob norm 2 after updating B : 6.79102
Iteration number -------- 8  -----------
lambda : 1.03553
max_diff => 0.0941533
performed mixing
Frob norm 1 after updating U: 6.07177
200 iterations
f(b) = 49.8169
Frob norm 2 after updating B : 6.55875
Iteration number -------- 9  -----------
lambda : 1.04071
max_diff => 0.0854828
performed mixing
Frob norm 1 after updating U: 6.0494
200 iterations
f(b) = 47.5871
Frob norm 2 after updating B : 6.38099
Iteration number -------- 10  -----------
lambda : 1.04591
max_diff => 0.0854071
performed mixing
Frob norm 1 after updating U: 6.04912
200 iterations
f(b) = 45.9307
Frob norm 2 after updating B : 6.26393
Iteration number -------- 11  -----------
lambda : 1.05114
max_diff => 0.0738274
performed mixing
Frob norm 1 after updating U: 6.0136
200 iterations
f(b) = 44.8877
Frob norm 2 after updating B : 6.17489
Iteration number -------- 12  -----------
lambda : 1.0564
max_diff => 0.0736397
performed mixing
Frob norm 1 after updating U: 6.01255
200 iterations
f(b) = 44.1281
Frob norm 2 after updating B : 6.11189
Iteration number -------- 13  -----------
lambda : 1.06168
max_diff => 0.0718241
performed mixing
Frob norm 1 after updating U: 6.00235
200 iterations
f(b) = 40.0411
Frob norm 2 after updating B : 5.77303
Iteration number -------- 14  -----------
lambda : 1.06699
max_diff => 0.109685
performed mixing
Frob norm 1 after updating U: 5.61562
200 iterations
f(b) = 39.4465
Frob norm 2 after updating B : 5.71657
Iteration number -------- 15  -----------
lambda : 1.07232
max_diff => 0.109796
performed mixing
Frob norm 1 after updating U: 5.61537
200 iterations
f(b) = 38.9722
Frob norm 2 after updating B : 5.67758
Iteration number -------- 16  -----------
lambda : 1.07768
max_diff => 0.109363
performed mixing
Frob norm 1 after updating U: 5.61279
200 iterations
f(b) = 38.7395
Frob norm 2 after updating B : 5.65439
Iteration number -------- 17  -----------
lambda : 1.08307
max_diff => 0.109312
performed mixing
Frob norm 1 after updating U: 5.61265
200 iterations
f(b) = 38.6054
Frob norm 2 after updating B : 5.63938
Iteration number -------- 18  -----------
lambda : 1.08849
max_diff => 0.109252
performed mixing
Frob norm 1 after updating U: 5.61242
200 iterations
f(b) = 38.5214
Frob norm 2 after updating B : 5.62928
Iteration number -------- 19  -----------
lambda : 1.09393
max_diff => 0.109135
performed mixing
Frob norm 1 after updating U: 5.61178
200 iterations
f(b) = 38.4872
Frob norm 2 after updating B : 5.62277
Iteration number -------- 20  -----------
lambda : 1.0994
max_diff => 0.109081
performed mixing
Frob norm 1 after updating U: 5.61144
200 iterations
f(b) = 38.4664
Frob norm 2 after updating B : 5.61813
Iteration number -------- 21  -----------
lambda : 1.1049
max_diff => 0.108887
performed mixing
Frob norm 1 after updating U: 5.61071
200 iterations
f(b) = 38.4666
Frob norm 2 after updating B : 5.61476
Iteration number -------- 22  -----------
lambda : 1.11042
max_diff => 0.108751
performed mixing
Frob norm 1 after updating U: 5.60991
200 iterations
f(b) = 38.4737
Frob norm 2 after updating B : 5.61244
Iteration number -------- 23  -----------
lambda : 1.11597
max_diff => 0.108583
performed mixing
Frob norm 1 after updating U: 5.60928
200 iterations
f(b) = 38.4912
Frob norm 2 after updating B : 5.61087
Iteration number -------- 24  -----------
lambda : 1.12155
max_diff => 0.108461
performed mixing
Frob norm 1 after updating U: 5.60884
200 iterations
f(b) = 38.4965
Frob norm 2 after updating B : 5.60841
Iteration number -------- 25  -----------
lambda : 1.12716
max_diff => 0.10798
performed mixing
Frob norm 1 after updating U: 5.607
200 iterations
f(b) = 38.5179
Frob norm 2 after updating B : 5.60751
Iteration number -------- 26  -----------
lambda : 1.1328
max_diff => 0.107824
performed mixing
Frob norm 1 after updating U: 5.60661
200 iterations
f(b) = 37.9233
Frob norm 2 after updating B : 5.53167
Iteration number -------- 27  -----------
lambda : 1.13846
max_diff => 0.092529
performed mixing
Frob norm 1 after updating U: 5.50149
200 iterations
f(b) = 36.7304
Frob norm 2 after updating B : 5.46463
Iteration number -------- 28  -----------
lambda : 1.14415
max_diff => 0.0760542
performed mixing
Frob norm 1 after updating U: 5.42697
200 iterations
f(b) = 36.5701
Frob norm 2 after updating B : 5.45044
Iteration number -------- 29  -----------
lambda : 1.14987
max_diff => 0.0762736
performed mixing
Frob norm 1 after updating U: 5.42565
200 iterations
f(b) = 36.5104
Frob norm 2 after updating B : 5.44107
Iteration number -------- 30  -----------
lambda : 1.15562
max_diff => 0.076395
performed mixing
Frob norm 1 after updating U: 5.42484
200 iterations
f(b) = 36.2565
Frob norm 2 after updating B : 5.42871
Iteration number -------- 31  -----------
lambda : 1.1614
max_diff => 0.0782377
performed mixing
Frob norm 1 after updating U: 5.40908
200 iterations
f(b) = 36.2417
Frob norm 2 after updating B : 5.42129
Iteration number -------- 32  -----------
lambda : 1.16721
max_diff => 0.0783304
performed mixing
Frob norm 1 after updating U: 5.40857
200 iterations
f(b) = 36.2092
Frob norm 2 after updating B : 5.4159
Iteration number -------- 33  -----------
lambda : 1.17304
max_diff => 0.0786721
performed mixing
Frob norm 1 after updating U: 5.40754
200 iterations
f(b) = 36.1759
Frob norm 2 after updating B : 5.41072
Iteration number -------- 34  -----------
lambda : 1.17891
max_diff => 0.0789691
performed mixing
Frob norm 1 after updating U: 5.40456
200 iterations
f(b) = 35.9929
Frob norm 2 after updating B : 5.38812
Iteration number -------- 35  -----------
lambda : 1.1848
max_diff => 0.088923
performed mixing
Frob norm 1 after updating U: 5.37215
200 iterations
f(b) = 35.9709
Frob norm 2 after updating B : 5.38049
Iteration number -------- 36  -----------
lambda : 1.19073
max_diff => 0.089197
performed mixing
Frob norm 1 after updating U: 5.36994
200 iterations
f(b) = 35.9256
Frob norm 2 after updating B : 5.37144
Iteration number -------- 37  -----------
lambda : 1.19668
max_diff => 0.089528
performed mixing
Frob norm 1 after updating U: 5.36349
200 iterations
f(b) = 34.4707
Frob norm 2 after updating B : 5.23995
Iteration number -------- 38  -----------
lambda : 1.20266
max_diff => 0.115505
performed mixing
Frob norm 1 after updating U: 5.15962
200 iterations
f(b) = 34.2407
Frob norm 2 after updating B : 5.21143
Iteration number -------- 39  -----------
lambda : 1.20868
max_diff => 0.116177
performed mixing
Frob norm 1 after updating U: 5.15861
200 iterations
f(b) = 34.0773
Frob norm 2 after updating B : 5.19233
Iteration number -------- 40  -----------
lambda : 1.21472
max_diff => 0.116815
performed mixing
Frob norm 1 after updating U: 5.15714
200 iterations
f(b) = 33.7317
Frob norm 2 after updating B : 5.16501
Iteration number -------- 41  -----------
lambda : 1.22079
max_diff => 0.13155
performed mixing
Frob norm 1 after updating U: 5.1225
200 iterations
f(b) = 33.6469
Frob norm 2 after updating B : 5.14934
Iteration number -------- 42  -----------
lambda : 1.2269
max_diff => 0.131862
performed mixing
Frob norm 1 after updating U: 5.12122
200 iterations
f(b) = 33.0219
Frob norm 2 after updating B : 5.12112
Iteration number -------- 43  -----------
lambda : 1.23303
max_diff => 0.102956
performed mixing
Frob norm 1 after updating U: 5.03776
200 iterations
f(b) = 32.7622
Frob norm 2 after updating B : 5.09158
Iteration number -------- 44  -----------
lambda : 1.2392
max_diff => 0.101831
performed mixing
Frob norm 1 after updating U: 5.03729
200 iterations
f(b) = 32.635
Frob norm 2 after updating B : 5.0723
Iteration number -------- 45  -----------
lambda : 1.24539
max_diff => 0.100794
performed mixing
Frob norm 1 after updating U: 5.03677
200 iterations
f(b) = 32.5286
Frob norm 2 after updating B : 5.05957
Iteration number -------- 46  -----------
lambda : 1.25162
max_diff => 0.0997107
performed mixing
Frob norm 1 after updating U: 5.03619
200 iterations
f(b) = 32.4131
Frob norm 2 after updating B : 5.05117
Iteration number -------- 47  -----------
lambda : 1.25788
max_diff => 0.097628
performed mixing
Frob norm 1 after updating U: 5.03513
200 iterations
f(b) = 31.9742
Frob norm 2 after updating B : 5.06302
Iteration number -------- 48  -----------
lambda : 1.26417
max_diff => 0.0622679
performed mixing
Frob norm 1 after updating U: 5.02043
200 iterations
f(b) = 31.8908
Frob norm 2 after updating B : 5.04797
Iteration number -------- 49  -----------
lambda : 1.27049
max_diff => 0.0622688
performed mixing
Frob norm 1 after updating U: 5.02048
200 iterations
f(b) = 31.8274
Frob norm 2 after updating B : 5.03837
Iteration number -------- 50  -----------
lambda : 1.27684
max_diff => 0.0622682
performed mixing
Frob norm 1 after updating U: 5.02059
200 iterations
f(b) = 31.7926
Frob norm 2 after updating B : 5.03248
Iteration number -------- 51  -----------
lambda : 1.28323
max_diff => 0.0622695
performed mixing
Frob norm 1 after updating U: 5.0208
200 iterations
f(b) = 31.7821
Frob norm 2 after updating B : 5.02844
Iteration number -------- 52  -----------
lambda : 1.28964
max_diff => 0.0622701
performed mixing
Frob norm 1 after updating U: 5.02082
200 iterations
f(b) = 31.7567
Frob norm 2 after updating B : 5.02717
Iteration number -------- 53  -----------
lambda : 1.29609
max_diff => 0.0622783
performed mixing
Frob norm 1 after updating U: 5.0215
200 iterations
f(b) = 31.7741
Frob norm 2 after updating B : 5.02516
Iteration number -------- 54  -----------
lambda : 1.30257
max_diff => 0.0622804
performed mixing
Frob norm 1 after updating U: 5.02139
200 iterations
f(b) = 31.788
Frob norm 2 after updating B : 5.0239
Iteration number -------- 55  -----------
lambda : 1.30908
max_diff => 0.0622817
performed mixing
Frob norm 1 after updating U: 5.02133
200 iterations
f(b) = 31.8021
Frob norm 2 after updating B : 5.02315
Iteration number -------- 56  -----------
lambda : 1.31563
max_diff => 0.062288
performed mixing
Frob norm 1 after updating U: 5.02133
200 iterations
f(b) = 31.8266
Frob norm 2 after updating B : 5.02254
Iteration number -------- 57  -----------
lambda : 1.32221
max_diff => 0.0622939
performed mixing
Frob norm 1 after updating U: 5.0212
200 iterations
f(b) = 31.8287
Frob norm 2 after updating B : 5.02238
Iteration number -------- 58  -----------
lambda : 1.32882
max_diff => 0.0623049
performed mixing
Frob norm 1 after updating U: 5.02123
200 iterations
f(b) = 31.8513
Frob norm 2 after updating B : 5.02208
Iteration number -------- 59  -----------
lambda : 1.33546
max_diff => 0.0623118
performed mixing
Frob norm 1 after updating U: 5.02113
200 iterations
f(b) = 31.869
Frob norm 2 after updating B : 5.0217
Iteration number -------- 60  -----------
lambda : 1.34214
max_diff => 0.062317
performed mixing
Frob norm 1 after updating U: 5.02093
200 iterations
f(b) = 31.5631
Frob norm 2 after updating B : 5.05285
Iteration number -------- 61  -----------
lambda : 1.34885
max_diff => 0.0624805
performed mixing
Frob norm 1 after updating U: 5.02414
200 iterations
f(b) = 31.522
Frob norm 2 after updating B : 5.04253
Iteration number -------- 62  -----------
lambda : 1.35559
max_diff => 0.0624814
performed mixing
Frob norm 1 after updating U: 5.02392
200 iterations
f(b) = 31.4838
Frob norm 2 after updating B : 5.03577
Iteration number -------- 63  -----------
lambda : 1.36237
max_diff => 0.0624836
performed mixing
Frob norm 1 after updating U: 5.02343
200 iterations
f(b) = 31.4629
Frob norm 2 after updating B : 5.0312
Iteration number -------- 64  -----------
lambda : 1.36918
max_diff => 0.0624849
performed mixing
Frob norm 1 after updating U: 5.02305
200 iterations
f(b) = 31.4576
Frob norm 2 after updating B : 5.02812
Iteration number -------- 65  -----------
lambda : 1.37603
max_diff => 0.0624856
performed mixing
Frob norm 1 after updating U: 5.02274
200 iterations
f(b) = 31.4569
Frob norm 2 after updating B : 5.0257
Iteration number -------- 66  -----------
lambda : 1.38291
max_diff => 0.0624895
performed mixing
Frob norm 1 after updating U: 5.02169
200 iterations
f(b) = 31.4365
Frob norm 2 after updating B : 5.02383
Iteration number -------- 67  -----------
lambda : 1.38982
max_diff => 0.062492
performed mixing
Frob norm 1 after updating U: 5.0209
200 iterations
f(b) = 30.9623
Frob norm 2 after updating B : 5.05478
Iteration number -------- 68  -----------
lambda : 1.39677
max_diff => 0.0624208
performed mixing
Frob norm 1 after updating U: 4.97825
200 iterations
f(b) = 30.7333
Frob norm 2 after updating B : 5.02746
Iteration number -------- 69  -----------
lambda : 1.40376
max_diff => 0.0624254
performed mixing
Frob norm 1 after updating U: 4.97791
200 iterations
f(b) = 30.5325
Frob norm 2 after updating B : 5.00986
Iteration number -------- 70  -----------
lambda : 1.41078
max_diff => 0.0624338
performed mixing
Frob norm 1 after updating U: 4.97707
200 iterations
f(b) = 30.4771
Frob norm 2 after updating B : 4.99815
Iteration number -------- 71  -----------
lambda : 1.41783
max_diff => 0.0624377
performed mixing
Frob norm 1 after updating U: 4.9766
200 iterations
f(b) = 29.7386
Frob norm 2 after updating B : 5.01613
Iteration number -------- 72  -----------
lambda : 1.42492
max_diff => 0.0621508
performed mixing
Frob norm 1 after updating U: 4.9084
200 iterations
f(b) = 29.3608
Frob norm 2 after updating B : 4.97894
Iteration number -------- 73  -----------
lambda : 1.43204
max_diff => 0.0621214
performed mixing
Frob norm 1 after updating U: 4.90783
200 iterations
f(b) = 28.7075
Frob norm 2 after updating B : 4.97734
Iteration number -------- 74  -----------
lambda : 1.4392
max_diff => 0.0624683
performed mixing
Frob norm 1 after updating U: 4.86045
200 iterations
f(b) = 28.3446
Frob norm 2 after updating B : 4.93656
Iteration number -------- 75  -----------
lambda : 1.4464
max_diff => 0.0624709
performed mixing
Frob norm 1 after updating U: 4.86037
200 iterations
f(b) = 28.0734
Frob norm 2 after updating B : 4.91004
Iteration number -------- 76  -----------
lambda : 1.45363
max_diff => 0.0624769
performed mixing
Frob norm 1 after updating U: 4.85908
200 iterations
f(b) = 27.8706
Frob norm 2 after updating B : 4.89267
Iteration number -------- 77  -----------
lambda : 1.4609
max_diff => 0.0624879
performed mixing
Frob norm 1 after updating U: 4.85741
200 iterations
f(b) = 27.1022
Frob norm 2 after updating B : 4.87414
Iteration number -------- 78  -----------
lambda : 1.46821
max_diff => 0.0623702
performed mixing
Frob norm 1 after updating U: 4.80479
200 iterations
f(b) = 26.8958
Frob norm 2 after updating B : 4.85002
Iteration number -------- 79  -----------
lambda : 1.47555
max_diff => 0.0623262
performed mixing
Frob norm 1 after updating U: 4.80417
200 iterations
f(b) = 26.375
Frob norm 2 after updating B : 4.8128
Iteration number -------- 80  -----------
lambda : 1.48292
max_diff => 0.0611826
performed mixing
Frob norm 1 after updating U: 4.7559
200 iterations
f(b) = 26.2288
Frob norm 2 after updating B : 4.79199
Iteration number -------- 81  -----------
lambda : 1.49034
max_diff => 0.0611132
performed mixing
Frob norm 1 after updating U: 4.75458
200 iterations
f(b) = 26.1214
Frob norm 2 after updating B : 4.77803
Iteration number -------- 82  -----------
lambda : 1.49779
max_diff => 0.0610771
performed mixing
Frob norm 1 after updating U: 4.75364
200 iterations
f(b) = 26.0376
Frob norm 2 after updating B : 4.7684
Iteration number -------- 83  -----------
lambda : 1.50528
max_diff => 0.0610348
performed mixing
Frob norm 1 after updating U: 4.75236
200 iterations
f(b) = 25.9981
Frob norm 2 after updating B : 4.76156
Iteration number -------- 84  -----------
lambda : 1.51281
max_diff => 0.0610422
performed mixing
Frob norm 1 after updating U: 4.75096
200 iterations
f(b) = 25.9569
Frob norm 2 after updating B : 4.75606
Iteration number -------- 85  -----------
lambda : 1.52037
max_diff => 0.0610991
performed mixing
Frob norm 1 after updating U: 4.74881
200 iterations
f(b) = 25.9321
Frob norm 2 after updating B : 4.75163
Iteration number -------- 86  -----------
lambda : 1.52797
max_diff => 0.0611589
performed mixing
Frob norm 1 after updating U: 4.7466
200 iterations
f(b) = 25.8904
Frob norm 2 after updating B : 4.74439
Iteration number -------- 87  -----------
lambda : 1.53561
max_diff => 0.0613004
performed mixing
Frob norm 1 after updating U: 4.74022
200 iterations
f(b) = 25.3632
Frob norm 2 after updating B : 4.68433
Iteration number -------- 88  -----------
lambda : 1.54329
max_diff => 0.062496
performed mixing
Frob norm 1 after updating U: 4.66109
200 iterations
f(b) = 25.3538
Frob norm 2 after updating B : 4.67577
Iteration number -------- 89  -----------
lambda : 1.55101
max_diff => 0.0624967
performed mixing
Frob norm 1 after updating U: 4.66052
200 iterations
f(b) = 25.3154
Frob norm 2 after updating B : 4.66994
Iteration number -------- 90  -----------
lambda : 1.55876
max_diff => 0.0624974
performed mixing
Frob norm 1 after updating U: 4.65989
200 iterations
f(b) = 25.2985
Frob norm 2 after updating B : 4.66598
Iteration number -------- 91  -----------
lambda : 1.56655
max_diff => 0.0624979
performed mixing
Frob norm 1 after updating U: 4.65935
200 iterations
f(b) = 25.2882
Frob norm 2 after updating B : 4.66302
Iteration number -------- 92  -----------
lambda : 1.57439
max_diff => 0.0624987
performed mixing
Frob norm 1 after updating U: 4.65855
200 iterations
f(b) = 25.2739
Frob norm 2 after updating B : 4.66104
Iteration number -------- 93  -----------
lambda : 1.58226
max_diff => 0.0624991
performed mixing
Frob norm 1 after updating U: 4.65802
200 iterations
f(b) = 25.2787
Frob norm 2 after updating B : 4.6593
Iteration number -------- 94  -----------
lambda : 1.59017
max_diff => 0.0624995
performed mixing
Frob norm 1 after updating U: 4.65722
200 iterations
f(b) = 25.2731
Frob norm 2 after updating B : 4.65719
Iteration number -------- 95  -----------
lambda : 1.59812
max_diff => 0.0625
performed mixing
Frob norm 1 after updating U: 4.65564
200 iterations
f(b) = 25.2466
Frob norm 2 after updating B : 4.65554
Iteration number -------- 96  -----------
lambda : 1.60611
max_diff => 0.0625
performed mixing
Frob norm 1 after updating U: 4.65439
200 iterations
f(b) = 25.248
Frob norm 2 after updating B : 4.65433
Iteration number -------- 97  -----------
lambda : 1.61414
max_diff => 0.0624998
performed mixing
Frob norm 1 after updating U: 4.65349
200 iterations
f(b) = 24.8717
Frob norm 2 after updating B : 4.61276
Iteration number -------- 98  -----------
lambda : 1.62221
max_diff => 0.0625
performed mixing
Frob norm 1 after updating U: 4.57166
200 iterations
f(b) = 24.5767
Frob norm 2 after updating B : 4.59079
Iteration number -------- 99  -----------
lambda : 1.63032
max_diff => 0.0624763
performed mixing
Frob norm 1 after updating U: 4.56527
200 iterations
f(b) = 24.5252
Frob norm 2 after updating B : 4.58163
Iteration number -------- 100  -----------
lambda : 1.63848
max_diff => 0.0624754
