Academic license - for non-commercial use only
Frob norm 1 after updating U: 12.2112
200 iterations
f(b) = 72.1302
Frob norm 2 after updating B : 7.78279
Iteration number -------- 1  -----------
lambda : 1
max_diff => 0.163898
performed mixing
Frob norm 1 after updating U: 6.69132
200 iterations
f(b) = 65.2451
Frob norm 2 after updating B : 7.42082
Iteration number -------- 2  -----------
lambda : 1.005
max_diff => 0.146247
performed mixing
Frob norm 1 after updating U: 6.24095
200 iterations
f(b) = 58.1485
Frob norm 2 after updating B : 7.02886
Iteration number -------- 3  -----------
lambda : 1.01002
max_diff => 0.138787
performed mixing
Frob norm 1 after updating U: 5.49105
200 iterations
f(b) = 49.9489
Frob norm 2 after updating B : 6.60957
Iteration number -------- 4  -----------
lambda : 1.01508
max_diff => 0.0934749
performed mixing
Frob norm 1 after updating U: 5.16723
200 iterations
f(b) = 43.6624
Frob norm 2 after updating B : 6.16197
Iteration number -------- 5  -----------
lambda : 1.02015
max_diff => 0.0946188
performed mixing
Frob norm 1 after updating U: 5.06975
200 iterations
f(b) = 39.1785
Frob norm 2 after updating B : 5.81855
Iteration number -------- 6  -----------
lambda : 1.02525
max_diff => 0.0926324
performed mixing
Frob norm 1 after updating U: 4.99773
200 iterations
f(b) = 35.542
Frob norm 2 after updating B : 5.57919
Iteration number -------- 7  -----------
lambda : 1.03038
max_diff => 0.0820727
performed mixing
Frob norm 1 after updating U: 4.90404
200 iterations
f(b) = 32.5456
Frob norm 2 after updating B : 5.3821
Iteration number -------- 8  -----------
lambda : 1.03553
max_diff => 0.0751306
performed mixing
Frob norm 1 after updating U: 4.81082
200 iterations
f(b) = 30.2687
Frob norm 2 after updating B : 5.22211
Iteration number -------- 9  -----------
lambda : 1.04071
max_diff => 0.0665109
performed mixing
Frob norm 1 after updating U: 4.71111
200 iterations
f(b) = 28.5021
Frob norm 2 after updating B : 5.04648
Iteration number -------- 10  -----------
lambda : 1.04591
max_diff => 0.0661825
performed mixing
Frob norm 1 after updating U: 4.66004
200 iterations
f(b) = 27.1491
Frob norm 2 after updating B : 4.92739
Iteration number -------- 11  -----------
lambda : 1.05114
max_diff => 0.063318
performed mixing
Frob norm 1 after updating U: 4.60687
200 iterations
f(b) = 26.0796
Frob norm 2 after updating B : 4.83173
Iteration number -------- 12  -----------
lambda : 1.0564
max_diff => 0.0624018
performed mixing
Frob norm 1 after updating U: 4.57294
200 iterations
f(b) = 25.2635
Frob norm 2 after updating B : 4.75323
Iteration number -------- 13  -----------
lambda : 1.06168
max_diff => 0.0622282
performed mixing
Frob norm 1 after updating U: 4.54948
200 iterations
f(b) = 24.643
Frob norm 2 after updating B : 4.68946
Iteration number -------- 14  -----------
lambda : 1.06699
max_diff => 0.0624065
performed mixing
Frob norm 1 after updating U: 4.52994
200 iterations
f(b) = 24.1729
Frob norm 2 after updating B : 4.63694
Iteration number -------- 15  -----------
lambda : 1.07232
max_diff => 0.0624996
performed mixing
Frob norm 1 after updating U: 4.50724
200 iterations
f(b) = 23.8449
Frob norm 2 after updating B : 4.59722
Iteration number -------- 16  -----------
lambda : 1.07768
max_diff => 0.0624992
performed mixing
Frob norm 1 after updating U: 4.50663
200 iterations
f(b) = 23.5494
Frob norm 2 after updating B : 4.5643
Iteration number -------- 17  -----------
lambda : 1.08307
max_diff => 0.0625474
performed mixing
Frob norm 1 after updating U: 4.487
200 iterations
f(b) = 23.3166
Frob norm 2 after updating B : 4.53619
Iteration number -------- 18  -----------
lambda : 1.08849
max_diff => 0.0626702
performed mixing
Frob norm 1 after updating U: 4.47176
200 iterations
f(b) = 23.1145
Frob norm 2 after updating B : 4.51069
Iteration number -------- 19  -----------
lambda : 1.09393
max_diff => 0.0632641
performed mixing
Frob norm 1 after updating U: 4.45368
200 iterations
f(b) = 22.9529
Frob norm 2 after updating B : 4.4891
Iteration number -------- 20  -----------
lambda : 1.0994
max_diff => 0.0637756
performed mixing
Frob norm 1 after updating U: 4.44331
200 iterations
f(b) = 22.8065
Frob norm 2 after updating B : 4.46986
Iteration number -------- 21  -----------
lambda : 1.1049
max_diff => 0.0645043
performed mixing
Frob norm 1 after updating U: 4.43043
200 iterations
f(b) = 22.6732
Frob norm 2 after updating B : 4.45164
Iteration number -------- 22  -----------
lambda : 1.11042
max_diff => 0.065575
performed mixing
Frob norm 1 after updating U: 4.41565
200 iterations
f(b) = 22.5724
Frob norm 2 after updating B : 4.43502
Iteration number -------- 23  -----------
lambda : 1.11597
max_diff => 0.0663714
performed mixing
Frob norm 1 after updating U: 4.40447
200 iterations
f(b) = 22.4775
Frob norm 2 after updating B : 4.419
Iteration number -------- 24  -----------
lambda : 1.12155
max_diff => 0.0673179
performed mixing
Frob norm 1 after updating U: 4.39161
200 iterations
f(b) = 22.3555
Frob norm 2 after updating B : 4.40626
Iteration number -------- 25  -----------
lambda : 1.12716
max_diff => 0.0695122
performed mixing
Frob norm 1 after updating U: 4.37737
200 iterations
f(b) = 22.2809
Frob norm 2 after updating B : 4.39014
Iteration number -------- 26  -----------
lambda : 1.1328
max_diff => 0.0715511
performed mixing
Frob norm 1 after updating U: 4.36589
200 iterations
f(b) = 22.1956
Frob norm 2 after updating B : 4.3779
Iteration number -------- 27  -----------
lambda : 1.13846
max_diff => 0.0750224
performed mixing
Frob norm 1 after updating U: 4.3562
200 iterations
f(b) = 22.1262
Frob norm 2 after updating B : 4.36369
Iteration number -------- 28  -----------
lambda : 1.14415
max_diff => 0.0783399
performed mixing
Frob norm 1 after updating U: 4.34349
200 iterations
f(b) = 22.0493
Frob norm 2 after updating B : 4.35064
Iteration number -------- 29  -----------
lambda : 1.14987
max_diff => 0.0821004
performed mixing
Frob norm 1 after updating U: 4.33114
200 iterations
f(b) = 21.9751
Frob norm 2 after updating B : 4.33662
Iteration number -------- 30  -----------
lambda : 1.15562
max_diff => 0.0860513
performed mixing
Frob norm 1 after updating U: 4.31722
200 iterations
f(b) = 21.9035
Frob norm 2 after updating B : 4.3211
Iteration number -------- 31  -----------
lambda : 1.1614
max_diff => 0.0901398
performed mixing
Frob norm 1 after updating U: 4.30126
200 iterations
f(b) = 21.8291
Frob norm 2 after updating B : 4.30541
Iteration number -------- 32  -----------
lambda : 1.16721
max_diff => 0.0939671
performed mixing
Frob norm 1 after updating U: 4.28548
200 iterations
f(b) = 21.749
Frob norm 2 after updating B : 4.28827
Iteration number -------- 33  -----------
lambda : 1.17304
max_diff => 0.0981796
performed mixing
Frob norm 1 after updating U: 4.26675
200 iterations
f(b) = 21.6673
Frob norm 2 after updating B : 4.27015
Iteration number -------- 34  -----------
lambda : 1.17891
max_diff => 0.101961
performed mixing
Frob norm 1 after updating U: 4.2476
200 iterations
f(b) = 21.574
Frob norm 2 after updating B : 4.2508
Iteration number -------- 35  -----------
lambda : 1.1848
max_diff => 0.105749
performed mixing
Frob norm 1 after updating U: 4.22654
200 iterations
f(b) = 21.4779
Frob norm 2 after updating B : 4.23006
Iteration number -------- 36  -----------
lambda : 1.19073
max_diff => 0.109269
performed mixing
Frob norm 1 after updating U: 4.20371
200 iterations
f(b) = 21.3566
Frob norm 2 after updating B : 4.20573
Iteration number -------- 37  -----------
lambda : 1.19668
max_diff => 0.113563
performed mixing
Frob norm 1 after updating U: 4.1719
200 iterations
f(b) = 21.2233
Frob norm 2 after updating B : 4.18039
Iteration number -------- 38  -----------
lambda : 1.20266
max_diff => 0.116344
performed mixing
Frob norm 1 after updating U: 4.14473
200 iterations
f(b) = 21.0769
Frob norm 2 after updating B : 4.15451
Iteration number -------- 39  -----------
lambda : 1.20868
max_diff => 0.118575
performed mixing
Frob norm 1 after updating U: 4.11549
200 iterations
f(b) = 20.8731
Frob norm 2 after updating B : 4.12679
Iteration number -------- 40  -----------
lambda : 1.21472
max_diff => 0.120969
performed mixing
Frob norm 1 after updating U: 4.04937
200 iterations
f(b) = 20.6329
Frob norm 2 after updating B : 4.08689
Iteration number -------- 41  -----------
lambda : 1.22079
max_diff => 0.120418
performed mixing
Frob norm 1 after updating U: 4.02172
200 iterations
f(b) = 20.4361
Frob norm 2 after updating B : 4.05294
Iteration number -------- 42  -----------
lambda : 1.2269
max_diff => 0.11936
performed mixing
Frob norm 1 after updating U: 3.99231
200 iterations
f(b) = 20.1336
Frob norm 2 after updating B : 4.0252
Iteration number -------- 43  -----------
lambda : 1.23303
max_diff => 0.112554
performed mixing
Frob norm 1 after updating U: 3.91205
200 iterations
f(b) = 19.814
Frob norm 2 after updating B : 3.97558
Iteration number -------- 44  -----------
lambda : 1.2392
max_diff => 0.108257
performed mixing
Frob norm 1 after updating U: 3.8757
200 iterations
f(b) = 19.4993
Frob norm 2 after updating B : 3.93525
Iteration number -------- 45  -----------
lambda : 1.24539
max_diff => 0.10381
performed mixing
Frob norm 1 after updating U: 3.84092
200 iterations
f(b) = 19.1629
Frob norm 2 after updating B : 3.89819
Iteration number -------- 46  -----------
lambda : 1.25162
max_diff => 0.0972599
performed mixing
Frob norm 1 after updating U: 3.79466
200 iterations
f(b) = 18.8157
Frob norm 2 after updating B : 3.86885
Iteration number -------- 47  -----------
lambda : 1.25788
max_diff => 0.0911304
performed mixing
Frob norm 1 after updating U: 3.72692
200 iterations
f(b) = 18.3235
Frob norm 2 after updating B : 3.82746
Iteration number -------- 48  -----------
lambda : 1.26417
max_diff => 0.0874601
performed mixing
Frob norm 1 after updating U: 3.68794
200 iterations
f(b) = 17.8784
Frob norm 2 after updating B : 3.80847
Iteration number -------- 49  -----------
lambda : 1.27049
max_diff => 0.0780293
performed mixing
Frob norm 1 after updating U: 3.62904
200 iterations
f(b) = 17.4269
Frob norm 2 after updating B : 3.75376
Iteration number -------- 50  -----------
lambda : 1.27684
max_diff => 0.0717109
performed mixing
Frob norm 1 after updating U: 3.60982
200 iterations
f(b) = 16.9711
Frob norm 2 after updating B : 3.74378
Iteration number -------- 51  -----------
lambda : 1.28323
max_diff => 0.0624874
performed mixing
Frob norm 1 after updating U: 3.56562
200 iterations
f(b) = 16.5289
Frob norm 2 after updating B : 3.69319
Iteration number -------- 52  -----------
lambda : 1.28964
max_diff => 0.0624913
performed mixing
Frob norm 1 after updating U: 3.55435
200 iterations
f(b) = 16.0686
Frob norm 2 after updating B : 3.6824
Iteration number -------- 53  -----------
lambda : 1.29609
max_diff => 0.0622751
performed mixing
Frob norm 1 after updating U: 3.53477
200 iterations
f(b) = 15.6597
Frob norm 2 after updating B : 3.65161
Iteration number -------- 54  -----------
lambda : 1.30257
max_diff => 0.0624912
performed mixing
Frob norm 1 after updating U: 3.517
200 iterations
f(b) = 15.3907
Frob norm 2 after updating B : 3.60493
Iteration number -------- 55  -----------
lambda : 1.30908
max_diff => 0.0624931
performed mixing
Frob norm 1 after updating U: 3.51651
200 iterations
f(b) = 15.0737
Frob norm 2 after updating B : 3.58016
Iteration number -------- 56  -----------
lambda : 1.31563
max_diff => 0.0624128
performed mixing
Frob norm 1 after updating U: 3.48963
200 iterations
f(b) = 14.8992
Frob norm 2 after updating B : 3.54896
Iteration number -------- 57  -----------
lambda : 1.32221
max_diff => 0.0624078
performed mixing
Frob norm 1 after updating U: 3.48932
200 iterations
f(b) = 14.7591
Frob norm 2 after updating B : 3.52853
Iteration number -------- 58  -----------
lambda : 1.32882
max_diff => 0.0623858
performed mixing
Frob norm 1 after updating U: 3.4881
200 iterations
f(b) = 14.5732
Frob norm 2 after updating B : 3.52364
Iteration number -------- 59  -----------
lambda : 1.33546
max_diff => 0.0620672
performed mixing
Frob norm 1 after updating U: 3.46334
200 iterations
f(b) = 14.4683
Frob norm 2 after updating B : 3.50311
Iteration number -------- 60  -----------
lambda : 1.34214
max_diff => 0.0620861
performed mixing
Frob norm 1 after updating U: 3.46308
200 iterations
f(b) = 14.3819
Frob norm 2 after updating B : 3.48964
Iteration number -------- 61  -----------
lambda : 1.34885
max_diff => 0.062114
performed mixing
Frob norm 1 after updating U: 3.46256
200 iterations
f(b) = 14.3297
Frob norm 2 after updating B : 3.4806
Iteration number -------- 62  -----------
lambda : 1.35559
max_diff => 0.0621302
performed mixing
Frob norm 1 after updating U: 3.46225
200 iterations
f(b) = 14.2955
Frob norm 2 after updating B : 3.47448
Iteration number -------- 63  -----------
lambda : 1.36237
max_diff => 0.0621499
performed mixing
Frob norm 1 after updating U: 3.46181
200 iterations
f(b) = 14.1614
Frob norm 2 after updating B : 3.47746
Iteration number -------- 64  -----------
lambda : 1.36918
max_diff => 0.0623793
performed mixing
Frob norm 1 after updating U: 3.44423
200 iterations
f(b) = 14.1253
Frob norm 2 after updating B : 3.46621
Iteration number -------- 65  -----------
lambda : 1.37603
max_diff => 0.062375
performed mixing
Frob norm 1 after updating U: 3.44408
200 iterations
f(b) = 14.081
Frob norm 2 after updating B : 3.45881
Iteration number -------- 66  -----------
lambda : 1.38291
max_diff => 0.062366
performed mixing
Frob norm 1 after updating U: 3.44385
200 iterations
f(b) = 14.0537
Frob norm 2 after updating B : 3.45393
Iteration number -------- 67  -----------
lambda : 1.38982
max_diff => 0.0623502
performed mixing
Frob norm 1 after updating U: 3.44346
200 iterations
f(b) = 13.9707
Frob norm 2 after updating B : 3.45807
Iteration number -------- 68  -----------
lambda : 1.39677
max_diff => 0.0616633
performed mixing
Frob norm 1 after updating U: 3.43726
200 iterations
f(b) = 13.9635
Frob norm 2 after updating B : 3.45101
Iteration number -------- 69  -----------
lambda : 1.40376
max_diff => 0.061643
performed mixing
Frob norm 1 after updating U: 3.43708
200 iterations
f(b) = 13.9403
Frob norm 2 after updating B : 3.44632
Iteration number -------- 70  -----------
lambda : 1.41078
max_diff => 0.0616256
performed mixing
Frob norm 1 after updating U: 3.4369
200 iterations
f(b) = 13.9282
Frob norm 2 after updating B : 3.44315
Iteration number -------- 71  -----------
lambda : 1.41783
max_diff => 0.0615927
performed mixing
Frob norm 1 after updating U: 3.43663
200 iterations
f(b) = 13.9243
Frob norm 2 after updating B : 3.44098
Iteration number -------- 72  -----------
lambda : 1.42492
max_diff => 0.0615679
performed mixing
Frob norm 1 after updating U: 3.43644
200 iterations
f(b) = 13.922
Frob norm 2 after updating B : 3.43948
Iteration number -------- 73  -----------
lambda : 1.43204
max_diff => 0.0615421
performed mixing
Frob norm 1 after updating U: 3.43626
200 iterations
f(b) = 13.8629
Frob norm 2 after updating B : 3.43755
Iteration number -------- 74  -----------
lambda : 1.4392
max_diff => 0.0603649
performed mixing
Frob norm 1 after updating U: 3.43136
200 iterations
f(b) = 13.892
Frob norm 2 after updating B : 3.43544
Iteration number -------- 75  -----------
lambda : 1.4464
max_diff => 0.0603512
performed mixing
Frob norm 1 after updating U: 3.43131
200 iterations
f(b) = 13.8961
Frob norm 2 after updating B : 3.43414
Iteration number -------- 76  -----------
lambda : 1.45363
max_diff => 0.0603455
performed mixing
Frob norm 1 after updating U: 3.43132
200 iterations
f(b) = 13.895
Frob norm 2 after updating B : 3.43325
Iteration number -------- 77  -----------
lambda : 1.4609
max_diff => 0.0603342
performed mixing
Frob norm 1 after updating U: 3.43132
200 iterations
f(b) = 13.9044
Frob norm 2 after updating B : 3.43264
Iteration number -------- 78  -----------
lambda : 1.46821
max_diff => 0.0603196
performed mixing
Frob norm 1 after updating U: 3.43129
200 iterations
f(b) = 13.9096
Frob norm 2 after updating B : 3.43223
Iteration number -------- 79  -----------
lambda : 1.47555
max_diff => 0.0602845
performed mixing
Frob norm 1 after updating U: 3.43126
200 iterations
f(b) = 13.9193
Frob norm 2 after updating B : 3.43193
Iteration number -------- 80  -----------
lambda : 1.48292
max_diff => 0.0602547
performed mixing
Frob norm 1 after updating U: 3.43124
200 iterations
f(b) = 13.9273
Frob norm 2 after updating B : 3.43172
Iteration number -------- 81  -----------
lambda : 1.49034
max_diff => 0.0602078
performed mixing
Frob norm 1 after updating U: 3.43119
200 iterations
f(b) = 13.9394
Frob norm 2 after updating B : 3.43158
Iteration number -------- 82  -----------
lambda : 1.49779
max_diff => 0.0601916
performed mixing
Frob norm 1 after updating U: 3.43119
200 iterations
f(b) = 13.946
Frob norm 2 after updating B : 3.43144
Iteration number -------- 83  -----------
lambda : 1.50528
max_diff => 0.0601475
performed mixing
Frob norm 1 after updating U: 3.43116
200 iterations
f(b) = 13.956
Frob norm 2 after updating B : 3.43137
Iteration number -------- 84  -----------
lambda : 1.51281
max_diff => 0.0601074
performed mixing
Frob norm 1 after updating U: 3.43116
200 iterations
f(b) = 13.9667
Frob norm 2 after updating B : 3.43129
Iteration number -------- 85  -----------
lambda : 1.52037
max_diff => 0.0600598
performed mixing
Frob norm 1 after updating U: 3.43112
200 iterations
f(b) = 13.9769
Frob norm 2 after updating B : 3.43121
Iteration number -------- 86  -----------
lambda : 1.52797
max_diff => 0.0600199
performed mixing
Frob norm 1 after updating U: 3.43109
200 iterations
f(b) = 13.9891
Frob norm 2 after updating B : 3.43121
Iteration number -------- 87  -----------
lambda : 1.53561
max_diff => 0.0600022
performed mixing
Frob norm 1 after updating U: 3.43112
200 iterations
f(b) = 13.9969
Frob norm 2 after updating B : 3.4312
Iteration number -------- 88  -----------
lambda : 1.54329
max_diff => 0.0599551
performed mixing
Frob norm 1 after updating U: 3.43111
200 iterations
f(b) = 14.0102
Frob norm 2 after updating B : 3.43115
Iteration number -------- 89  -----------
lambda : 1.55101
max_diff => 0.0599453
performed mixing
Frob norm 1 after updating U: 3.43108
200 iterations
f(b) = 14.015
Frob norm 2 after updating B : 3.43115
Iteration number -------- 90  -----------
lambda : 1.55876
max_diff => 0.0598527
performed mixing
Frob norm 1 after updating U: 3.43109
200 iterations
f(b) = 14.0249
Frob norm 2 after updating B : 3.4312
Iteration number -------- 91  -----------
lambda : 1.56655
max_diff => 0.0597594
performed mixing
Frob norm 1 after updating U: 3.43115
200 iterations
f(b) = 14.039
Frob norm 2 after updating B : 3.4312
Iteration number -------- 92  -----------
lambda : 1.57439
max_diff => 0.0597403
performed mixing
Frob norm 1 after updating U: 3.43116
200 iterations
f(b) = 14.0499
Frob norm 2 after updating B : 3.43122
Iteration number -------- 93  -----------
lambda : 1.58226
max_diff => 0.0597013
performed mixing
Frob norm 1 after updating U: 3.43118
200 iterations
f(b) = 14.0615
Frob norm 2 after updating B : 3.43122
Iteration number -------- 94  -----------
lambda : 1.59017
max_diff => 0.0596644
performed mixing
Frob norm 1 after updating U: 3.43119
200 iterations
f(b) = 14.0749
Frob norm 2 after updating B : 3.43123
Iteration number -------- 95  -----------
lambda : 1.59812
max_diff => 0.0596406
performed mixing
Frob norm 1 after updating U: 3.43121
200 iterations
f(b) = 14.085
Frob norm 2 after updating B : 3.43125
Iteration number -------- 96  -----------
lambda : 1.60611
max_diff => 0.059628
performed mixing
Frob norm 1 after updating U: 3.43122
200 iterations
f(b) = 14.0935
Frob norm 2 after updating B : 3.43125
Iteration number -------- 97  -----------
lambda : 1.61414
max_diff => 0.0596098
performed mixing
Frob norm 1 after updating U: 3.43125
200 iterations
f(b) = 14.1053
Frob norm 2 after updating B : 3.43128
Iteration number -------- 98  -----------
lambda : 1.62221
max_diff => 0.0595874
performed mixing
Frob norm 1 after updating U: 3.43127
200 iterations
f(b) = 14.1207
Frob norm 2 after updating B : 3.43129
Iteration number -------- 99  -----------
lambda : 1.63032
max_diff => 0.0595783
performed mixing
Frob norm 1 after updating U: 3.43129
200 iterations
f(b) = 14.1299
Frob norm 2 after updating B : 3.43133
Iteration number -------- 100  -----------
lambda : 1.63848
max_diff => 0.0595513
