Academic license - for non-commercial use only
Frob norm 1 after updating U: 10.4833
200 iterations
f(b) = 71.2214
Frob norm 2 after updating B : 7.81261
Iteration number -------- 1  -----------
lambda : 1
max_diff => 0.168033
performed mixing
Frob norm 1 after updating U: 7.07075
200 iterations
f(b) = 64.7905
Frob norm 2 after updating B : 7.46866
Iteration number -------- 2  -----------
lambda : 1.005
max_diff => 0.135265
performed mixing
Frob norm 1 after updating U: 6.54251
200 iterations
f(b) = 59.7812
Frob norm 2 after updating B : 7.17393
Iteration number -------- 3  -----------
lambda : 1.01002
max_diff => 0.114233
performed mixing
Frob norm 1 after updating U: 6.32068
200 iterations
f(b) = 55.1284
Frob norm 2 after updating B : 6.91459
Iteration number -------- 4  -----------
lambda : 1.01508
max_diff => 0.124061
performed mixing
Frob norm 1 after updating U: 6.08022
200 iterations
f(b) = 49.735
Frob norm 2 after updating B : 6.59946
Iteration number -------- 5  -----------
lambda : 1.02015
max_diff => 0.0781235
performed mixing
Frob norm 1 after updating U: 5.84445
200 iterations
f(b) = 46.1667
Frob norm 2 after updating B : 6.36318
Iteration number -------- 6  -----------
lambda : 1.02525
max_diff => 0.0696108
performed mixing
Frob norm 1 after updating U: 5.78971
200 iterations
f(b) = 43.317
Frob norm 2 after updating B : 6.20043
Iteration number -------- 7  -----------
lambda : 1.03038
max_diff => 0.0636443
performed mixing
Frob norm 1 after updating U: 5.71721
200 iterations
f(b) = 41.1039
Frob norm 2 after updating B : 6.04416
Iteration number -------- 8  -----------
lambda : 1.03553
max_diff => 0.06409
performed mixing
Frob norm 1 after updating U: 5.69314
200 iterations
f(b) = 39.4154
Frob norm 2 after updating B : 5.92976
Iteration number -------- 9  -----------
lambda : 1.04071
max_diff => 0.0643692
performed mixing
Frob norm 1 after updating U: 5.64515
200 iterations
f(b) = 38.1373
Frob norm 2 after updating B : 5.83561
Iteration number -------- 10  -----------
lambda : 1.04591
max_diff => 0.0643068
performed mixing
Frob norm 1 after updating U: 5.62765
200 iterations
f(b) = 37.0355
Frob norm 2 after updating B : 5.7516
Iteration number -------- 11  -----------
lambda : 1.05114
max_diff => 0.0681322
performed mixing
Frob norm 1 after updating U: 5.54822
200 iterations
f(b) = 34.2334
Frob norm 2 after updating B : 5.47721
Iteration number -------- 12  -----------
lambda : 1.0564
max_diff => 0.0757325
performed mixing
Frob norm 1 after updating U: 4.95795
200 iterations
f(b) = 31.6757
Frob norm 2 after updating B : 5.26889
Iteration number -------- 13  -----------
lambda : 1.06168
max_diff => 0.0655201
performed mixing
Frob norm 1 after updating U: 4.90468
200 iterations
f(b) = 30.1262
Frob norm 2 after updating B : 5.12492
Iteration number -------- 14  -----------
lambda : 1.06699
max_diff => 0.0625182
performed mixing
Frob norm 1 after updating U: 4.81345
200 iterations
f(b) = 29.0308
Frob norm 2 after updating B : 5.01594
Iteration number -------- 15  -----------
lambda : 1.07232
max_diff => 0.0625001
performed mixing
Frob norm 1 after updating U: 4.81084
200 iterations
f(b) = 27.1954
Frob norm 2 after updating B : 4.81973
Iteration number -------- 16  -----------
lambda : 1.07768
max_diff => 0.093125
performed mixing
Frob norm 1 after updating U: 4.53878
200 iterations
f(b) = 25.541
Frob norm 2 after updating B : 4.65274
Iteration number -------- 17  -----------
lambda : 1.08307
max_diff => 0.0629953
performed mixing
Frob norm 1 after updating U: 4.4114
200 iterations
f(b) = 24.6382
Frob norm 2 after updating B : 4.5565
Iteration number -------- 18  -----------
lambda : 1.08849
max_diff => 0.064516
performed mixing
Frob norm 1 after updating U: 4.36753
200 iterations
f(b) = 21.3674
Frob norm 2 after updating B : 4.2405
Iteration number -------- 19  -----------
lambda : 1.09393
max_diff => 0.0623808
performed mixing
Frob norm 1 after updating U: 3.87065
200 iterations
f(b) = 20.4137
Frob norm 2 after updating B : 4.11991
Iteration number -------- 20  -----------
lambda : 1.0994
max_diff => 0.062391
performed mixing
Frob norm 1 after updating U: 3.86898
200 iterations
f(b) = 19.4939
Frob norm 2 after updating B : 4.03122
Iteration number -------- 21  -----------
lambda : 1.1049
max_diff => 0.0623514
performed mixing
Frob norm 1 after updating U: 3.79711
200 iterations
f(b) = 17.435
Frob norm 2 after updating B : 3.77275
Iteration number -------- 22  -----------
lambda : 1.11042
max_diff => 0.0624458
performed mixing
Frob norm 1 after updating U: 3.35183
200 iterations
f(b) = 15.6917
Frob norm 2 after updating B : 3.58805
Iteration number -------- 23  -----------
lambda : 1.11597
max_diff => 0.0624948
performed mixing
Frob norm 1 after updating U: 3.2185
200 iterations
f(b) = 14.4579
Frob norm 2 after updating B : 3.44107
Iteration number -------- 24  -----------
lambda : 1.12155
max_diff => 0.0623263
performed mixing
Frob norm 1 after updating U: 3.18477
200 iterations
f(b) = 13.816
Frob norm 2 after updating B : 3.35988
Iteration number -------- 25  -----------
lambda : 1.12716
max_diff => 0.0623189
performed mixing
Frob norm 1 after updating U: 3.17908
200 iterations
f(b) = 13.4345
Frob norm 2 after updating B : 3.29716
Iteration number -------- 26  -----------
lambda : 1.1328
max_diff => 0.0623277
performed mixing
Frob norm 1 after updating U: 3.17828
200 iterations
f(b) = 13.1072
Frob norm 2 after updating B : 3.25625
Iteration number -------- 27  -----------
lambda : 1.13846
max_diff => 0.0623952
performed mixing
Frob norm 1 after updating U: 3.17376
200 iterations
f(b) = 12.7416
Frob norm 2 after updating B : 3.22661
Iteration number -------- 28  -----------
lambda : 1.14415
max_diff => 0.0633829
performed mixing
Frob norm 1 after updating U: 3.12608
200 iterations
f(b) = 11.1073
Frob norm 2 after updating B : 2.93745
Iteration number -------- 29  -----------
lambda : 1.14987
max_diff => 0.109954
performed mixing
Frob norm 1 after updating U: 2.56144
200 iterations
f(b) = 8.98484
Frob norm 2 after updating B : 2.59725
Iteration number -------- 30  -----------
lambda : 1.15562
max_diff => 0.0701829
performed mixing
Frob norm 1 after updating U: 1.81731
200 iterations
f(b) = 6.5872
Frob norm 2 after updating B : 2.32202
Iteration number -------- 31  -----------
lambda : 1.1614
max_diff => 0.0440236
performed mixing
Frob norm 1 after updating U: 0.981165
200 iterations
f(b) = 4.63773
Frob norm 2 after updating B : 1.97384
Iteration number -------- 32  -----------
lambda : 1.16721
max_diff => 0.0560508
performed mixing
Frob norm 1 after updating U: 0.54191
200 iterations
f(b) = 3.18212
Frob norm 2 after updating B : 1.67838
Iteration number -------- 33  -----------
lambda : 1.17304
max_diff => 0.0263676
performed mixing
Frob norm 1 after updating U: 0.278166
200 iterations
f(b) = 2.03159
Frob norm 2 after updating B : 1.40465
Iteration number -------- 34  -----------
lambda : 1.17891
max_diff => 0.000504791
performed mixing
Frob norm 1 after updating U: 0.0429611
200 iterations
f(b) = 1.40431
Frob norm 2 after updating B : 1.12628
Iteration number -------- 35  -----------
lambda : 1.1848
max_diff => 0.000481443
performed mixing
Frob norm 1 after updating U: 0.0418675
200 iterations
f(b) = 0.93251
Frob norm 2 after updating B : 0.906643
Iteration number -------- 36  -----------
lambda : 1.19073
max_diff => 0.000300617
performed mixing
Frob norm 1 after updating U: 0.0340679
200 iterations
f(b) = 0.648532
Frob norm 2 after updating B : 0.72767
Iteration number -------- 37  -----------
lambda : 1.19668
max_diff => 0.000222343
performed mixing
Frob norm 1 after updating U: 0.0301875
200 iterations
f(b) = 0.431288
Frob norm 2 after updating B : 0.590946
Iteration number -------- 38  -----------
lambda : 1.20266
max_diff => 1.16308e-07
performed mixing
Frob norm 1 after updating U: 0.0124808
200 iterations
f(b) = 0.32761
Frob norm 2 after updating B : 0.473076
Iteration number -------- 39  -----------
lambda : 1.20868
max_diff => 9.998e-08
performed mixing
Frob norm 1 after updating U: 0.0124713
200 iterations
f(b) = 0.2414
Frob norm 2 after updating B : 0.378708
Iteration number -------- 40  -----------
lambda : 1.21472
max_diff => 1.37506e-07
performed mixing
Frob norm 1 after updating U: 0.0124959
200 iterations
f(b) = 0.182995
Frob norm 2 after updating B : 0.303332
Iteration number -------- 41  -----------
lambda : 1.22079
max_diff => 9.998e-08
performed mixing
Frob norm 1 after updating U: 0.0124656
200 iterations
f(b) = 0.163468
Frob norm 2 after updating B : 0.242985
Iteration number -------- 42  -----------
lambda : 1.2269
max_diff => 9.998e-08
performed mixing
Frob norm 1 after updating U: 0.0124795
200 iterations
f(b) = 0.137309
Frob norm 2 after updating B : 0.194809
Iteration number -------- 43  -----------
lambda : 1.23303
max_diff => 9.99886e-08
performed mixing
Frob norm 1 after updating U: 0.0124742
200 iterations
f(b) = 0.122069
Frob norm 2 after updating B : 0.15624
Iteration number -------- 44  -----------
lambda : 1.2392
max_diff => 9.998e-08
performed mixing
Frob norm 1 after updating U: 0.0124958
200 iterations
f(b) = 0.0742752
Frob norm 2 after updating B : 0.12543
Iteration number -------- 45  -----------
lambda : 1.24539
max_diff => 9.998e-08
performed mixing
Frob norm 1 after updating U: 0.0123903
200 iterations
f(b) = 0.0846952
Frob norm 2 after updating B : 0.10083
Iteration number -------- 46  -----------
lambda : 1.25162
max_diff => 9.998e-08
performed mixing
Frob norm 1 after updating U: 0.0124004
200 iterations
f(b) = 0.0624915
Frob norm 2 after updating B : 0.0812567
Iteration number -------- 47  -----------
lambda : 1.25788
max_diff => 9.998e-08
performed mixing
Frob norm 1 after updating U: 0.012439
200 iterations
f(b) = 0.0549415
Frob norm 2 after updating B : 0.0656525
Iteration number -------- 48  -----------
lambda : 1.26417
max_diff => 9.998e-08
performed mixing
Frob norm 1 after updating U: 0.0124323
200 iterations
f(b) = 0.0488349
Frob norm 2 after updating B : 0.0533164
Iteration number -------- 49  -----------
lambda : 1.27049
max_diff => 9.998e-08
performed mixing
Frob norm 1 after updating U: 0.0123957
200 iterations
f(b) = 0.0474943
Frob norm 2 after updating B : 0.0433916
Iteration number -------- 50  -----------
lambda : 1.27684
max_diff => 9.998e-08
performed mixing
Frob norm 1 after updating U: 0.0124013
200 iterations
f(b) = 0.0467216
Frob norm 2 after updating B : 0.0357302
Iteration number -------- 51  -----------
lambda : 1.28323
max_diff => 9.998e-08
performed mixing
Frob norm 1 after updating U: 0.0124553
200 iterations
f(b) = 0.0454515
Frob norm 2 after updating B : 0.0297547
Iteration number -------- 52  -----------
lambda : 1.28964
max_diff => 9.998e-08
performed mixing
Frob norm 1 after updating U: 0.012421
200 iterations
f(b) = 0.042864
Frob norm 2 after updating B : 0.025101
Iteration number -------- 53  -----------
lambda : 1.29609
max_diff => 9.998e-08
performed mixing
Frob norm 1 after updating U: 0.012406
200 iterations
f(b) = 0.0400165
Frob norm 2 after updating B : 0.0215739
Iteration number -------- 54  -----------
lambda : 1.30257
max_diff => 9.998e-08
performed mixing
Frob norm 1 after updating U: 0.0124269
200 iterations
f(b) = 0.03878
Frob norm 2 after updating B : 0.0189657
Iteration number -------- 55  -----------
lambda : 1.30908
max_diff => 9.998e-08
performed mixing
Frob norm 1 after updating U: 0.01244
200 iterations
f(b) = 0.0379508
Frob norm 2 after updating B : 0.0170584
Iteration number -------- 56  -----------
lambda : 1.31563
max_diff => 9.998e-08
performed mixing
Frob norm 1 after updating U: 0.0124246
200 iterations
f(b) = 0.0445011
Frob norm 2 after updating B : 0.0155805
Iteration number -------- 57  -----------
lambda : 1.32221
max_diff => 9.998e-08
performed mixing
Frob norm 1 after updating U: 0.012382
200 iterations
f(b) = 0.0511964
Frob norm 2 after updating B : 0.014729
Iteration number -------- 58  -----------
lambda : 1.32882
max_diff => 9.998e-08
performed mixing
Frob norm 1 after updating U: 0.0124559
200 iterations
f(b) = 0.051916
Frob norm 2 after updating B : 0.0139282
Iteration number -------- 59  -----------
lambda : 1.33546
max_diff => 9.998e-08
performed mixing
Frob norm 1 after updating U: 0.0123825
200 iterations
f(b) = 0.0527979
Frob norm 2 after updating B : 0.013495
Iteration number -------- 60  -----------
lambda : 1.34214
max_diff => 9.998e-08
performed mixing
Frob norm 1 after updating U: 0.0123763
200 iterations
f(b) = 0.0444658
Frob norm 2 after updating B : 0.0132339
Iteration number -------- 61  -----------
lambda : 1.34885
max_diff => 9.998e-08
performed mixing
Frob norm 1 after updating U: 0.0124585
200 iterations
f(b) = 0.0460406
Frob norm 2 after updating B : 0.0129236
Iteration number -------- 62  -----------
lambda : 1.35559
max_diff => 9.998e-08
performed mixing
Frob norm 1 after updating U: 0.012376
200 iterations
f(b) = 0.0401937
Frob norm 2 after updating B : 0.0128505
Iteration number -------- 63  -----------
lambda : 1.36237
max_diff => 9.998e-08
performed mixing
Frob norm 1 after updating U: 0.0124588
200 iterations
f(b) = 0.0501295
Frob norm 2 after updating B : 0.0127104
Iteration number -------- 64  -----------
lambda : 1.36918
max_diff => 9.998e-08
performed mixing
Frob norm 1 after updating U: 0.0124177
200 iterations
f(b) = 0.037849
Frob norm 2 after updating B : 0.0126372
Iteration number -------- 65  -----------
lambda : 1.37603
max_diff => 9.998e-08
performed mixing
Frob norm 1 after updating U: 0.0124325
200 iterations
f(b) = 0.0541393
Frob norm 2 after updating B : 0.0124799
Iteration number -------- 66  -----------
lambda : 1.38291
max_diff => 9.998e-08
performed mixing
Frob norm 1 after updating U: 0.0123293
200 iterations
f(b) = 0.0470806
Frob norm 2 after updating B : 0.0125097
Iteration number -------- 67  -----------
lambda : 1.38982
max_diff => 9.998e-08
performed mixing
Frob norm 1 after updating U: 0.0123903
200 iterations
f(b) = 0.0503588
Frob norm 2 after updating B : 0.0124262
Iteration number -------- 68  -----------
lambda : 1.39677
max_diff => 9.998e-08
performed mixing
Frob norm 1 after updating U: 0.0123466
200 iterations
f(b) = 0.0384192
Frob norm 2 after updating B : 0.0124515
Iteration number -------- 69  -----------
lambda : 1.40376
max_diff => 9.998e-08
performed mixing
Frob norm 1 after updating U: 0.0123785
200 iterations
f(b) = 0.0434209
Frob norm 2 after updating B : 0.012418
Iteration number -------- 70  -----------
lambda : 1.41078
max_diff => 9.998e-08
performed mixing
Frob norm 1 after updating U: 0.0123624
200 iterations
f(b) = 0.046675
Frob norm 2 after updating B : 0.0123622
Iteration number -------- 71  -----------
lambda : 1.41783
max_diff => 9.998e-08
performed mixing
Frob norm 1 after updating U: 0.0123224
200 iterations
f(b) = 0.0431941
Frob norm 2 after updating B : 0.0123764
Iteration number -------- 72  -----------
lambda : 1.42492
max_diff => 9.998e-08
performed mixing
Frob norm 1 after updating U: 0.0123496
200 iterations
f(b) = 0.045353
Frob norm 2 after updating B : 0.0124724
Iteration number -------- 73  -----------
lambda : 1.43204
max_diff => 9.998e-08
performed mixing
Frob norm 1 after updating U: 0.0124287
200 iterations
f(b) = 0.0390402
Frob norm 2 after updating B : 0.012415
Iteration number -------- 74  -----------
lambda : 1.4392
max_diff => 9.998e-08
performed mixing
Frob norm 1 after updating U: 0.0123952
200 iterations
f(b) = 0.0573823
Frob norm 2 after updating B : 0.0123541
Iteration number -------- 75  -----------
lambda : 1.4464
max_diff => 9.998e-08
performed mixing
Frob norm 1 after updating U: 0.0123503
200 iterations
f(b) = 0.0485738
Frob norm 2 after updating B : 0.0125347
Iteration number -------- 76  -----------
lambda : 1.45363
max_diff => 9.998e-08
performed mixing
Frob norm 1 after updating U: 0.0124887
200 iterations
f(b) = 0.0396141
Frob norm 2 after updating B : 0.0123845
Iteration number -------- 77  -----------
lambda : 1.4609
max_diff => 9.998e-08
performed mixing
Frob norm 1 after updating U: 0.0123764
200 iterations
f(b) = 0.0555043
Frob norm 2 after updating B : 0.012399
Iteration number -------- 78  -----------
lambda : 1.46821
max_diff => 9.998e-08
performed mixing
Frob norm 1 after updating U: 0.0123821
200 iterations
f(b) = 0.0487865
Frob norm 2 after updating B : 0.012434
Iteration number -------- 79  -----------
lambda : 1.47555
max_diff => 9.998e-08
performed mixing
Frob norm 1 after updating U: 0.0124191
200 iterations
f(b) = 0.0496691
Frob norm 2 after updating B : 0.0124579
Iteration number -------- 80  -----------
lambda : 1.48292
max_diff => 9.998e-08
performed mixing
Frob norm 1 after updating U: 0.0124469
200 iterations
f(b) = 0.042763
Frob norm 2 after updating B : 0.0124074
Iteration number -------- 81  -----------
lambda : 1.49034
max_diff => 9.998e-08
performed mixing
Frob norm 1 after updating U: 0.0124019
200 iterations
f(b) = 0.0537405
Frob norm 2 after updating B : 0.0123958
Iteration number -------- 82  -----------
lambda : 1.49779
max_diff => 9.998e-08
performed mixing
Frob norm 1 after updating U: 0.0123951
200 iterations
f(b) = 0.0302773
Frob norm 2 after updating B : 0.0124806
Iteration number -------- 83  -----------
lambda : 1.50528
max_diff => 9.998e-08
performed mixing
Frob norm 1 after updating U: 0.0124627
200 iterations
f(b) = 0.0502017
Frob norm 2 after updating B : 0.0123582
Iteration number -------- 84  -----------
lambda : 1.51281
max_diff => 9.998e-08
performed mixing
Frob norm 1 after updating U: 0.0123682
200 iterations
f(b) = 0.0485155
Frob norm 2 after updating B : 0.0123928
Iteration number -------- 85  -----------
lambda : 1.52037
max_diff => 9.998e-08
performed mixing
Frob norm 1 after updating U: 0.012377
200 iterations
f(b) = 0.057251
Frob norm 2 after updating B : 0.0123245
Iteration number -------- 86  -----------
lambda : 1.52797
max_diff => 9.998e-08
performed mixing
Frob norm 1 after updating U: 0.0123409
200 iterations
f(b) = 0.0450492
Frob norm 2 after updating B : 0.0123497
Iteration number -------- 87  -----------
lambda : 1.53561
max_diff => 9.998e-08
performed mixing
Frob norm 1 after updating U: 0.0123596
200 iterations
f(b) = 0.0450895
Frob norm 2 after updating B : 0.0124049
Iteration number -------- 88  -----------
lambda : 1.54329
max_diff => 9.998e-08
performed mixing
Frob norm 1 after updating U: 0.012395
200 iterations
f(b) = 0.0585698
Frob norm 2 after updating B : 0.0123205
Iteration number -------- 89  -----------
lambda : 1.55101
max_diff => 9.998e-08
performed mixing
Frob norm 1 after updating U: 0.0123324
200 iterations
f(b) = 0.0535405
Frob norm 2 after updating B : 0.0123397
Iteration number -------- 90  -----------
lambda : 1.55876
max_diff => 9.998e-08
performed mixing
Frob norm 1 after updating U: 0.0123411
200 iterations
f(b) = 0.05848
Frob norm 2 after updating B : 0.0123027
Iteration number -------- 91  -----------
lambda : 1.56655
max_diff => 9.998e-08
performed mixing
Frob norm 1 after updating U: 0.0123152
200 iterations
f(b) = 0.0348506
Frob norm 2 after updating B : 0.0123995
Iteration number -------- 92  -----------
lambda : 1.57439
max_diff => 9.998e-08
performed mixing
Frob norm 1 after updating U: 0.0123891
200 iterations
f(b) = 0.0548727
Frob norm 2 after updating B : 0.0123552
Iteration number -------- 93  -----------
lambda : 1.58226
max_diff => 9.998e-08
performed mixing
Frob norm 1 after updating U: 0.0123549
200 iterations
f(b) = 0.0448631
Frob norm 2 after updating B : 0.0123776
Iteration number -------- 94  -----------
lambda : 1.59017
max_diff => 9.998e-08
performed mixing
Frob norm 1 after updating U: 0.0123702
200 iterations
f(b) = 0.0468683
Frob norm 2 after updating B : 0.0124584
Iteration number -------- 95  -----------
lambda : 1.59812
max_diff => 9.998e-08
performed mixing
Frob norm 1 after updating U: 0.01244
200 iterations
f(b) = 0.0499296
Frob norm 2 after updating B : 0.0123627
Iteration number -------- 96  -----------
lambda : 1.60611
max_diff => 9.998e-08
performed mixing
Frob norm 1 after updating U: 0.0123619
200 iterations
f(b) = 0.0609134
Frob norm 2 after updating B : 0.0123179
Iteration number -------- 97  -----------
lambda : 1.61414
max_diff => 9.998e-08
performed mixing
Frob norm 1 after updating U: 0.0123286
200 iterations
f(b) = 0.0521503
Frob norm 2 after updating B : 0.0125017
Iteration number -------- 98  -----------
lambda : 1.62221
max_diff => 9.998e-08
performed mixing
Frob norm 1 after updating U: 0.0124649
200 iterations
f(b) = 0.0572582
Frob norm 2 after updating B : 0.0123234
Iteration number -------- 99  -----------
lambda : 1.63032
max_diff => 9.998e-08
performed mixing
Frob norm 1 after updating U: 0.0123262
200 iterations
f(b) = 0.0508535
Frob norm 2 after updating B : 0.0124436
Iteration number -------- 100  -----------
lambda : 1.63848
max_diff => 9.99819e-08
