Academic license - for non-commercial use only
Frob norm 1 after updating U: 10.4822
200 iterations
f(b) = 61.6515
Frob norm 2 after updating B : 7.22144
Iteration number -------- 1  -----------
lambda : 1
max_diff => 0.159567
performed mixing
Frob norm 1 after updating U: 5.93447
200 iterations
f(b) = 53.8449
Frob norm 2 after updating B : 6.81854
Iteration number -------- 2  -----------
lambda : 1.005
max_diff => 0.113213
performed mixing
Frob norm 1 after updating U: 5.51313
200 iterations
f(b) = 47.4261
Frob norm 2 after updating B : 6.41326
Iteration number -------- 3  -----------
lambda : 1.01002
max_diff => 0.0986
performed mixing
Frob norm 1 after updating U: 5.34502
200 iterations
f(b) = 42.403
Frob norm 2 after updating B : 6.07262
Iteration number -------- 4  -----------
lambda : 1.01508
max_diff => 0.0740659
performed mixing
Frob norm 1 after updating U: 5.24379
200 iterations
f(b) = 38.7651
Frob norm 2 after updating B : 5.80603
Iteration number -------- 5  -----------
lambda : 1.02015
max_diff => 0.062375
performed mixing
Frob norm 1 after updating U: 5.15474
200 iterations
f(b) = 36.1012
Frob norm 2 after updating B : 5.59345
Iteration number -------- 6  -----------
lambda : 1.02525
max_diff => 0.0624098
performed mixing
Frob norm 1 after updating U: 5.11228
200 iterations
f(b) = 34.1268
Frob norm 2 after updating B : 5.43662
Iteration number -------- 7  -----------
lambda : 1.03038
max_diff => 0.0623934
performed mixing
Frob norm 1 after updating U: 5.07668
200 iterations
f(b) = 32.8144
Frob norm 2 after updating B : 5.31078
Iteration number -------- 8  -----------
lambda : 1.03553
max_diff => 0.0623792
performed mixing
Frob norm 1 after updating U: 5.07558
200 iterations
f(b) = 31.699
Frob norm 2 after updating B : 5.23859
Iteration number -------- 9  -----------
lambda : 1.04071
max_diff => 0.0624993
performed mixing
Frob norm 1 after updating U: 5.02464
200 iterations
f(b) = 30.9648
Frob norm 2 after updating B : 5.16279
Iteration number -------- 10  -----------
lambda : 1.04591
max_diff => 0.0624994
performed mixing
Frob norm 1 after updating U: 5.02392
200 iterations
f(b) = 30.2255
Frob norm 2 after updating B : 5.11416
Iteration number -------- 11  -----------
lambda : 1.05114
max_diff => 0.062417
performed mixing
Frob norm 1 after updating U: 4.98995
200 iterations
f(b) = 29.5806
Frob norm 2 after updating B : 5.02304
Iteration number -------- 12  -----------
lambda : 1.0564
max_diff => 0.0694169
performed mixing
Frob norm 1 after updating U: 4.81927
200 iterations
f(b) = 25.914
Frob norm 2 after updating B : 4.72878
Iteration number -------- 13  -----------
lambda : 1.06168
max_diff => 0.0670235
performed mixing
Frob norm 1 after updating U: 4.40659
200 iterations
f(b) = 23.1152
Frob norm 2 after updating B : 4.51268
Iteration number -------- 14  -----------
lambda : 1.06699
max_diff => 0.0624918
performed mixing
Frob norm 1 after updating U: 4.14101
200 iterations
f(b) = 21.8312
Frob norm 2 after updating B : 4.39536
Iteration number -------- 15  -----------
lambda : 1.07232
max_diff => 0.0624896
performed mixing
Frob norm 1 after updating U: 4.12905
200 iterations
f(b) = 21.0602
Frob norm 2 after updating B : 4.30208
Iteration number -------- 16  -----------
lambda : 1.07768
max_diff => 0.0624899
performed mixing
Frob norm 1 after updating U: 4.12768
200 iterations
f(b) = 19.4626
Frob norm 2 after updating B : 4.15543
Iteration number -------- 17  -----------
lambda : 1.08307
max_diff => 0.0624943
performed mixing
Frob norm 1 after updating U: 3.95889
200 iterations
f(b) = 18.6431
Frob norm 2 after updating B : 4.08717
Iteration number -------- 18  -----------
lambda : 1.08849
max_diff => 0.0624951
performed mixing
Frob norm 1 after updating U: 3.95765
200 iterations
f(b) = 18.2988
Frob norm 2 after updating B : 4.04189
Iteration number -------- 19  -----------
lambda : 1.09393
max_diff => 0.0624948
performed mixing
Frob norm 1 after updating U: 3.95779
200 iterations
f(b) = 18.0658
Frob norm 2 after updating B : 4.01263
Iteration number -------- 20  -----------
lambda : 1.0994
max_diff => 0.062494
performed mixing
Frob norm 1 after updating U: 3.95785
200 iterations
f(b) = 17.9175
Frob norm 2 after updating B : 3.99366
Iteration number -------- 21  -----------
lambda : 1.1049
max_diff => 0.062493
performed mixing
Frob norm 1 after updating U: 3.95791
200 iterations
f(b) = 17.8182
Frob norm 2 after updating B : 3.98146
Iteration number -------- 22  -----------
lambda : 1.11042
max_diff => 0.0624928
performed mixing
Frob norm 1 after updating U: 3.95799
200 iterations
f(b) = 17.7549
Frob norm 2 after updating B : 3.97356
Iteration number -------- 23  -----------
lambda : 1.11597
max_diff => 0.0624922
performed mixing
Frob norm 1 after updating U: 3.95807
200 iterations
f(b) = 17.7239
Frob norm 2 after updating B : 3.96817
Iteration number -------- 24  -----------
lambda : 1.12155
max_diff => 0.0624917
performed mixing
Frob norm 1 after updating U: 3.95807
200 iterations
f(b) = 17.7015
Frob norm 2 after updating B : 3.96474
Iteration number -------- 25  -----------
lambda : 1.12716
max_diff => 0.0624907
performed mixing
Frob norm 1 after updating U: 3.95809
200 iterations
f(b) = 17.669
Frob norm 2 after updating B : 3.96262
Iteration number -------- 26  -----------
lambda : 1.1328
max_diff => 0.0624894
performed mixing
Frob norm 1 after updating U: 3.95815
200 iterations
f(b) = 17.6862
Frob norm 2 after updating B : 3.96118
Iteration number -------- 27  -----------
lambda : 1.13846
max_diff => 0.0624887
performed mixing
Frob norm 1 after updating U: 3.95821
200 iterations
f(b) = 17.6861
Frob norm 2 after updating B : 3.96024
Iteration number -------- 28  -----------
lambda : 1.14415
max_diff => 0.0624877
performed mixing
Frob norm 1 after updating U: 3.95824
200 iterations
f(b) = 17.6858
Frob norm 2 after updating B : 3.95977
Iteration number -------- 29  -----------
lambda : 1.14987
max_diff => 0.0624859
performed mixing
Frob norm 1 after updating U: 3.95837
200 iterations
f(b) = 17.6879
Frob norm 2 after updating B : 3.95946
Iteration number -------- 30  -----------
lambda : 1.15562
max_diff => 0.062484
performed mixing
Frob norm 1 after updating U: 3.95847
200 iterations
f(b) = 17.6975
Frob norm 2 after updating B : 3.95926
Iteration number -------- 31  -----------
lambda : 1.1614
max_diff => 0.0624834
performed mixing
Frob norm 1 after updating U: 3.95856
200 iterations
f(b) = 17.6959
Frob norm 2 after updating B : 3.95924
Iteration number -------- 32  -----------
lambda : 1.16721
max_diff => 0.062482
performed mixing
Frob norm 1 after updating U: 3.95873
200 iterations
f(b) = 17.6244
Frob norm 2 after updating B : 3.96863
Iteration number -------- 33  -----------
lambda : 1.17304
max_diff => 0.0624493
performed mixing
Frob norm 1 after updating U: 3.96441
200 iterations
f(b) = 17.6697
Frob norm 2 after updating B : 3.96732
Iteration number -------- 34  -----------
lambda : 1.17891
max_diff => 0.0624506
performed mixing
Frob norm 1 after updating U: 3.96458
200 iterations
f(b) = 17.6727
Frob norm 2 after updating B : 3.96647
Iteration number -------- 35  -----------
lambda : 1.1848
max_diff => 0.0624505
performed mixing
Frob norm 1 after updating U: 3.96467
200 iterations
f(b) = 17.6794
Frob norm 2 after updating B : 3.96598
Iteration number -------- 36  -----------
lambda : 1.19073
max_diff => 0.06245
performed mixing
Frob norm 1 after updating U: 3.96479
200 iterations
f(b) = 17.6735
Frob norm 2 after updating B : 3.96544
Iteration number -------- 37  -----------
lambda : 1.19668
max_diff => 0.0624483
performed mixing
Frob norm 1 after updating U: 3.96456
200 iterations
f(b) = 17.6833
Frob norm 2 after updating B : 3.96598
Iteration number -------- 38  -----------
lambda : 1.20266
max_diff => 0.0624454
performed mixing
Frob norm 1 after updating U: 3.96535
200 iterations
f(b) = 17.6965
Frob norm 2 after updating B : 3.96588
Iteration number -------- 39  -----------
lambda : 1.20868
max_diff => 0.0624446
performed mixing
Frob norm 1 after updating U: 3.96545
200 iterations
f(b) = 17.6837
Frob norm 2 after updating B : 3.9662
Iteration number -------- 40  -----------
lambda : 1.21472
max_diff => 0.0624388
performed mixing
Frob norm 1 after updating U: 3.96586
200 iterations
f(b) = 17.7111
Frob norm 2 after updating B : 3.96632
Iteration number -------- 41  -----------
lambda : 1.22079
max_diff => 0.0624383
performed mixing
Frob norm 1 after updating U: 3.96608
200 iterations
f(b) = 17.722
Frob norm 2 after updating B : 3.96645
Iteration number -------- 42  -----------
lambda : 1.2269
max_diff => 0.0624369
performed mixing
Frob norm 1 after updating U: 3.96627
200 iterations
f(b) = 17.7266
Frob norm 2 after updating B : 3.96659
Iteration number -------- 43  -----------
lambda : 1.23303
max_diff => 0.0624354
performed mixing
Frob norm 1 after updating U: 3.96646
200 iterations
f(b) = 17.7271
Frob norm 2 after updating B : 3.96644
Iteration number -------- 44  -----------
lambda : 1.2392
max_diff => 0.0624293
performed mixing
Frob norm 1 after updating U: 3.96631
200 iterations
f(b) = 17.7462
Frob norm 2 after updating B : 3.96704
Iteration number -------- 45  -----------
lambda : 1.24539
max_diff => 0.0624278
performed mixing
Frob norm 1 after updating U: 3.96694
200 iterations
f(b) = 17.7563
Frob norm 2 after updating B : 3.96719
Iteration number -------- 46  -----------
lambda : 1.25162
max_diff => 0.0624271
performed mixing
Frob norm 1 after updating U: 3.96712
200 iterations
f(b) = 17.7598
Frob norm 2 after updating B : 3.96738
Iteration number -------- 47  -----------
lambda : 1.25788
max_diff => 0.0624267
performed mixing
Frob norm 1 after updating U: 3.96732
200 iterations
f(b) = 17.7693
Frob norm 2 after updating B : 3.96765
Iteration number -------- 48  -----------
lambda : 1.26417
max_diff => 0.0624257
performed mixing
Frob norm 1 after updating U: 3.9676
200 iterations
f(b) = 17.7817
Frob norm 2 after updating B : 3.96778
Iteration number -------- 49  -----------
lambda : 1.27049
max_diff => 0.0624255
performed mixing
Frob norm 1 after updating U: 3.96774
200 iterations
f(b) = 17.7855
Frob norm 2 after updating B : 3.96814
Iteration number -------- 50  -----------
lambda : 1.27684
max_diff => 0.0624232
performed mixing
Frob norm 1 after updating U: 3.96809
200 iterations
f(b) = 17.7987
Frob norm 2 after updating B : 3.96831
Iteration number -------- 51  -----------
lambda : 1.28323
max_diff => 0.0624225
performed mixing
Frob norm 1 after updating U: 3.96826
200 iterations
f(b) = 17.8141
Frob norm 2 after updating B : 3.96846
Iteration number -------- 52  -----------
lambda : 1.28964
max_diff => 0.0624218
performed mixing
Frob norm 1 after updating U: 3.96843
200 iterations
f(b) = 17.8351
Frob norm 2 after updating B : 3.96839
Iteration number -------- 53  -----------
lambda : 1.29609
max_diff => 0.0624209
performed mixing
Frob norm 1 after updating U: 3.96836
200 iterations
f(b) = 17.8274
Frob norm 2 after updating B : 3.96874
Iteration number -------- 54  -----------
lambda : 1.30257
max_diff => 0.06242
performed mixing
Frob norm 1 after updating U: 3.9687
200 iterations
f(b) = 17.8327
Frob norm 2 after updating B : 3.96903
Iteration number -------- 55  -----------
lambda : 1.30908
max_diff => 0.0624185
performed mixing
Frob norm 1 after updating U: 3.969
200 iterations
f(b) = 17.8465
Frob norm 2 after updating B : 3.96917
Iteration number -------- 56  -----------
lambda : 1.31563
max_diff => 0.0624177
performed mixing
Frob norm 1 after updating U: 3.96914
200 iterations
f(b) = 17.8493
Frob norm 2 after updating B : 3.96953
Iteration number -------- 57  -----------
lambda : 1.32221
max_diff => 0.062415
performed mixing
Frob norm 1 after updating U: 3.9695
200 iterations
f(b) = 17.8642
Frob norm 2 after updating B : 3.96966
Iteration number -------- 58  -----------
lambda : 1.32882
max_diff => 0.0624143
performed mixing
Frob norm 1 after updating U: 3.96963
200 iterations
f(b) = 17.8718
Frob norm 2 after updating B : 3.96983
Iteration number -------- 59  -----------
lambda : 1.33546
max_diff => 0.0624128
performed mixing
Frob norm 1 after updating U: 3.9698
200 iterations
f(b) = 17.8758
Frob norm 2 after updating B : 3.97036
Iteration number -------- 60  -----------
lambda : 1.34214
max_diff => 0.0624108
performed mixing
Frob norm 1 after updating U: 3.97032
200 iterations
f(b) = 17.8921
Frob norm 2 after updating B : 3.97054
Iteration number -------- 61  -----------
lambda : 1.34885
max_diff => 0.0624103
performed mixing
Frob norm 1 after updating U: 3.97051
200 iterations
f(b) = 17.9029
Frob norm 2 after updating B : 3.97072
Iteration number -------- 62  -----------
lambda : 1.35559
max_diff => 0.0624087
performed mixing
Frob norm 1 after updating U: 3.97069
200 iterations
f(b) = 17.9039
Frob norm 2 after updating B : 3.97103
Iteration number -------- 63  -----------
lambda : 1.36237
max_diff => 0.0624066
performed mixing
Frob norm 1 after updating U: 3.97099
200 iterations
f(b) = 17.9173
Frob norm 2 after updating B : 3.97127
Iteration number -------- 64  -----------
lambda : 1.36918
max_diff => 0.0624064
performed mixing
Frob norm 1 after updating U: 3.97124
200 iterations
f(b) = 17.9293
Frob norm 2 after updating B : 3.97145
Iteration number -------- 65  -----------
lambda : 1.37603
max_diff => 0.0624044
performed mixing
Frob norm 1 after updating U: 3.97142
200 iterations
f(b) = 17.9362
Frob norm 2 after updating B : 3.97161
Iteration number -------- 66  -----------
lambda : 1.38291
max_diff => 0.062402
performed mixing
Frob norm 1 after updating U: 3.97158
200 iterations
f(b) = 17.9454
Frob norm 2 after updating B : 3.97189
Iteration number -------- 67  -----------
lambda : 1.38982
max_diff => 0.0624013
performed mixing
Frob norm 1 after updating U: 3.97186
200 iterations
f(b) = 17.9616
Frob norm 2 after updating B : 3.97202
Iteration number -------- 68  -----------
lambda : 1.39677
max_diff => 0.0623997
performed mixing
Frob norm 1 after updating U: 3.972
200 iterations
f(b) = 17.9663
Frob norm 2 after updating B : 3.97227
Iteration number -------- 69  -----------
lambda : 1.40376
max_diff => 0.0623982
performed mixing
Frob norm 1 after updating U: 3.97224
200 iterations
f(b) = 17.9726
Frob norm 2 after updating B : 3.97249
Iteration number -------- 70  -----------
lambda : 1.41078
max_diff => 0.0623964
performed mixing
Frob norm 1 after updating U: 3.97247
200 iterations
f(b) = 17.9892
Frob norm 2 after updating B : 3.97273
Iteration number -------- 71  -----------
lambda : 1.41783
max_diff => 0.0623954
performed mixing
Frob norm 1 after updating U: 3.97271
200 iterations
f(b) = 17.9923
Frob norm 2 after updating B : 3.97307
Iteration number -------- 72  -----------
lambda : 1.42492
max_diff => 0.0623935
performed mixing
Frob norm 1 after updating U: 3.97304
200 iterations
f(b) = 18.0031
Frob norm 2 after updating B : 3.9733
Iteration number -------- 73  -----------
lambda : 1.43204
max_diff => 0.0623915
performed mixing
Frob norm 1 after updating U: 3.97328
200 iterations
f(b) = 18.0133
Frob norm 2 after updating B : 3.97367
Iteration number -------- 74  -----------
lambda : 1.4392
max_diff => 0.0623882
performed mixing
Frob norm 1 after updating U: 3.97365
200 iterations
f(b) = 18.0205
Frob norm 2 after updating B : 3.97394
Iteration number -------- 75  -----------
lambda : 1.4464
max_diff => 0.0623883
performed mixing
Frob norm 1 after updating U: 3.97391
200 iterations
f(b) = 18.0338
Frob norm 2 after updating B : 3.97427
Iteration number -------- 76  -----------
lambda : 1.45363
max_diff => 0.0623858
performed mixing
Frob norm 1 after updating U: 3.97425
200 iterations
f(b) = 18.035
Frob norm 2 after updating B : 3.97484
Iteration number -------- 77  -----------
lambda : 1.4609
max_diff => 0.062383
performed mixing
Frob norm 1 after updating U: 3.9748
200 iterations
f(b) = 18.0522
Frob norm 2 after updating B : 3.97514
Iteration number -------- 78  -----------
lambda : 1.46821
max_diff => 0.0623839
performed mixing
Frob norm 1 after updating U: 3.9751
200 iterations
f(b) = 18.0587
Frob norm 2 after updating B : 3.97553
Iteration number -------- 79  -----------
lambda : 1.47555
max_diff => 0.0623842
performed mixing
Frob norm 1 after updating U: 3.97549
200 iterations
f(b) = 18.0668
Frob norm 2 after updating B : 3.97594
Iteration number -------- 80  -----------
lambda : 1.48292
max_diff => 0.0623858
performed mixing
Frob norm 1 after updating U: 3.97589
200 iterations
f(b) = 18.081
Frob norm 2 after updating B : 3.9762
Iteration number -------- 81  -----------
lambda : 1.49034
max_diff => 0.0623851
performed mixing
Frob norm 1 after updating U: 3.97616
200 iterations
f(b) = 18.0854
Frob norm 2 after updating B : 3.97713
Iteration number -------- 82  -----------
lambda : 1.49779
max_diff => 0.0623835
performed mixing
Frob norm 1 after updating U: 3.97707
200 iterations
f(b) = 18.094
Frob norm 2 after updating B : 3.97746
Iteration number -------- 83  -----------
lambda : 1.50528
max_diff => 0.0623825
performed mixing
Frob norm 1 after updating U: 3.9774
200 iterations
f(b) = 18.1061
Frob norm 2 after updating B : 3.97777
Iteration number -------- 84  -----------
lambda : 1.51281
max_diff => 0.0623827
performed mixing
Frob norm 1 after updating U: 3.97773
200 iterations
f(b) = 18.1139
Frob norm 2 after updating B : 3.97814
Iteration number -------- 85  -----------
lambda : 1.52037
max_diff => 0.0623802
performed mixing
Frob norm 1 after updating U: 3.97809
200 iterations
f(b) = 18.1254
Frob norm 2 after updating B : 3.97841
Iteration number -------- 86  -----------
lambda : 1.52797
max_diff => 0.0623777
performed mixing
Frob norm 1 after updating U: 3.97837
200 iterations
f(b) = 18.1344
Frob norm 2 after updating B : 3.97881
Iteration number -------- 87  -----------
lambda : 1.53561
max_diff => 0.0623772
performed mixing
Frob norm 1 after updating U: 3.97877
200 iterations
f(b) = 18.1405
Frob norm 2 after updating B : 3.97929
Iteration number -------- 88  -----------
lambda : 1.54329
max_diff => 0.062375
performed mixing
Frob norm 1 after updating U: 3.97925
200 iterations
f(b) = 18.1562
Frob norm 2 after updating B : 3.97958
Iteration number -------- 89  -----------
lambda : 1.55101
max_diff => 0.0623731
performed mixing
Frob norm 1 after updating U: 3.97954
200 iterations
f(b) = 18.1661
Frob norm 2 after updating B : 3.97996
Iteration number -------- 90  -----------
lambda : 1.55876
max_diff => 0.0623723
performed mixing
Frob norm 1 after updating U: 3.97992
200 iterations
f(b) = 18.1736
Frob norm 2 after updating B : 3.9804
Iteration number -------- 91  -----------
lambda : 1.56655
max_diff => 0.062373
performed mixing
Frob norm 1 after updating U: 3.98037
200 iterations
f(b) = 18.1852
Frob norm 2 after updating B : 3.98086
Iteration number -------- 92  -----------
lambda : 1.57439
max_diff => 0.0623738
performed mixing
Frob norm 1 after updating U: 3.98083
200 iterations
f(b) = 18.202
Frob norm 2 after updating B : 3.98103
Iteration number -------- 93  -----------
lambda : 1.58226
max_diff => 0.062374
performed mixing
Frob norm 1 after updating U: 3.981
200 iterations
f(b) = 18.1996
Frob norm 2 after updating B : 3.98154
Iteration number -------- 94  -----------
lambda : 1.59017
max_diff => 0.0623728
performed mixing
Frob norm 1 after updating U: 3.98151
200 iterations
f(b) = 18.2139
Frob norm 2 after updating B : 3.98194
Iteration number -------- 95  -----------
lambda : 1.59812
max_diff => 0.0623746
performed mixing
Frob norm 1 after updating U: 3.98191
200 iterations
f(b) = 18.226
Frob norm 2 after updating B : 3.98237
Iteration number -------- 96  -----------
lambda : 1.60611
max_diff => 0.0623732
performed mixing
Frob norm 1 after updating U: 3.98234
200 iterations
f(b) = 18.2299
Frob norm 2 after updating B : 3.98301
Iteration number -------- 97  -----------
lambda : 1.61414
max_diff => 0.0623724
performed mixing
Frob norm 1 after updating U: 3.98296
200 iterations
f(b) = 18.1286
Frob norm 2 after updating B : 3.9838
Iteration number -------- 98  -----------
lambda : 1.62221
max_diff => 0.0623666
performed mixing
Frob norm 1 after updating U: 3.98373
200 iterations
f(b) = 18.2548
Frob norm 2 after updating B : 3.98429
Iteration number -------- 99  -----------
lambda : 1.63032
max_diff => 0.0623665
performed mixing
Frob norm 1 after updating U: 3.98423
200 iterations
f(b) = 18.2627
Frob norm 2 after updating B : 3.98467
Iteration number -------- 100  -----------
lambda : 1.63848
max_diff => 0.0623648
