Academic license - for non-commercial use only
Frob norm 1 after updating U: 10.9973
200 iterations
f(b) = 48.9654
Frob norm 2 after updating B : 6.67818
Iteration number -------- 1  -----------
lambda : 1
max_diff => 0.111509
performed mixing
Frob norm 1 after updating U: 4.86239
200 iterations
f(b) = 40.6288
Frob norm 2 after updating B : 6.1076
Iteration number -------- 2  -----------
lambda : 1.005
max_diff => 0.108989
performed mixing
Frob norm 1 after updating U: 4.44639
200 iterations
f(b) = 33.7894
Frob norm 2 after updating B : 5.58599
Iteration number -------- 3  -----------
lambda : 1.01002
max_diff => 0.0616626
performed mixing
Frob norm 1 after updating U: 4.24261
200 iterations
f(b) = 28.8598
Frob norm 2 after updating B : 5.14296
Iteration number -------- 4  -----------
lambda : 1.01508
max_diff => 0.0624977
performed mixing
Frob norm 1 after updating U: 4.13522
200 iterations
f(b) = 25.3703
Frob norm 2 after updating B : 4.81088
Iteration number -------- 5  -----------
lambda : 1.02015
max_diff => 0.0624438
performed mixing
Frob norm 1 after updating U: 4.0581
200 iterations
f(b) = 22.8891
Frob norm 2 after updating B : 4.56195
Iteration number -------- 6  -----------
lambda : 1.02525
max_diff => 0.062469
performed mixing
Frob norm 1 after updating U: 3.9999
200 iterations
f(b) = 21.1066
Frob norm 2 after updating B : 4.37644
Iteration number -------- 7  -----------
lambda : 1.03038
max_diff => 0.0619955
performed mixing
Frob norm 1 after updating U: 3.95832
200 iterations
f(b) = 19.8167
Frob norm 2 after updating B : 4.23696
Iteration number -------- 8  -----------
lambda : 1.03553
max_diff => 0.0607647
performed mixing
Frob norm 1 after updating U: 3.9244
200 iterations
f(b) = 18.8873
Frob norm 2 after updating B : 4.13265
Iteration number -------- 9  -----------
lambda : 1.04071
max_diff => 0.0593198
performed mixing
Frob norm 1 after updating U: 3.90254
200 iterations
f(b) = 18.215
Frob norm 2 after updating B : 4.05585
Iteration number -------- 10  -----------
lambda : 1.04591
max_diff => 0.0574693
performed mixing
Frob norm 1 after updating U: 3.88092
200 iterations
f(b) = 17.7118
Frob norm 2 after updating B : 3.99526
Iteration number -------- 11  -----------
lambda : 1.05114
max_diff => 0.0556977
performed mixing
Frob norm 1 after updating U: 3.86374
200 iterations
f(b) = 17.3287
Frob norm 2 after updating B : 3.94614
Iteration number -------- 12  -----------
lambda : 1.0564
max_diff => 0.0531248
performed mixing
Frob norm 1 after updating U: 3.83985
200 iterations
f(b) = 17.0273
Frob norm 2 after updating B : 3.90262
Iteration number -------- 13  -----------
lambda : 1.06168
max_diff => 0.0519373
performed mixing
Frob norm 1 after updating U: 3.81464
200 iterations
f(b) = 16.7737
Frob norm 2 after updating B : 3.86593
Iteration number -------- 14  -----------
lambda : 1.06699
max_diff => 0.0544526
performed mixing
Frob norm 1 after updating U: 3.79196
200 iterations
f(b) = 16.5684
Frob norm 2 after updating B : 3.8353
Iteration number -------- 15  -----------
lambda : 1.07232
max_diff => 0.0550941
performed mixing
Frob norm 1 after updating U: 3.77437
200 iterations
f(b) = 16.3863
Frob norm 2 after updating B : 3.80762
Iteration number -------- 16  -----------
lambda : 1.07768
max_diff => 0.058462
performed mixing
Frob norm 1 after updating U: 3.75088
200 iterations
f(b) = 16.2244
Frob norm 2 after updating B : 3.78123
Iteration number -------- 17  -----------
lambda : 1.08307
max_diff => 0.0605747
performed mixing
Frob norm 1 after updating U: 3.72968
200 iterations
f(b) = 16.0732
Frob norm 2 after updating B : 3.75772
Iteration number -------- 18  -----------
lambda : 1.08849
max_diff => 0.0635816
performed mixing
Frob norm 1 after updating U: 3.70975
200 iterations
f(b) = 15.9334
Frob norm 2 after updating B : 3.73546
Iteration number -------- 19  -----------
lambda : 1.09393
max_diff => 0.0663866
performed mixing
Frob norm 1 after updating U: 3.68733
200 iterations
f(b) = 15.7951
Frob norm 2 after updating B : 3.71507
Iteration number -------- 20  -----------
lambda : 1.0994
max_diff => 0.0684839
performed mixing
Frob norm 1 after updating U: 3.6716
200 iterations
f(b) = 15.6647
Frob norm 2 after updating B : 3.6966
Iteration number -------- 21  -----------
lambda : 1.1049
max_diff => 0.0710105
performed mixing
Frob norm 1 after updating U: 3.65153
200 iterations
f(b) = 15.532
Frob norm 2 after updating B : 3.6782
Iteration number -------- 22  -----------
lambda : 1.11042
max_diff => 0.0719894
performed mixing
Frob norm 1 after updating U: 3.64056
200 iterations
f(b) = 15.3991
Frob norm 2 after updating B : 3.65971
Iteration number -------- 23  -----------
lambda : 1.11597
max_diff => 0.0748826
performed mixing
Frob norm 1 after updating U: 3.61379
200 iterations
f(b) = 15.2666
Frob norm 2 after updating B : 3.63947
Iteration number -------- 24  -----------
lambda : 1.12155
max_diff => 0.0767625
performed mixing
Frob norm 1 after updating U: 3.59174
200 iterations
f(b) = 12.5051
Frob norm 2 after updating B : 3.26846
Iteration number -------- 25  -----------
lambda : 1.12716
max_diff => 0.0932695
performed mixing
Frob norm 1 after updating U: 2.24771
200 iterations
f(b) = 7.85975
Frob norm 2 after updating B : 2.55365
Iteration number -------- 26  -----------
lambda : 1.1328
max_diff => 0.0565546
performed mixing
Frob norm 1 after updating U: 0.683818
200 iterations
f(b) = 5.59997
Frob norm 2 after updating B : 2.13867
Iteration number -------- 27  -----------
lambda : 1.13846
max_diff => 0.0511434
performed mixing
Frob norm 1 after updating U: 0.513655
200 iterations
f(b) = 4.03485
Frob norm 2 after updating B : 1.78984
Iteration number -------- 28  -----------
lambda : 1.14415
max_diff => 0.0464091
performed mixing
Frob norm 1 after updating U: 0.395888
200 iterations
f(b) = 2.93864
Frob norm 2 after updating B : 1.51414
Iteration number -------- 29  -----------
lambda : 1.14987
max_diff => 0.0394186
performed mixing
Frob norm 1 after updating U: 0.332496
200 iterations
f(b) = 2.15486
Frob norm 2 after updating B : 1.27333
Iteration number -------- 30  -----------
lambda : 1.15562
max_diff => 0.0332733
performed mixing
Frob norm 1 after updating U: 0.302839
200 iterations
f(b) = 1.5913
Frob norm 2 after updating B : 1.10196
Iteration number -------- 31  -----------
lambda : 1.1614
max_diff => 0.0178748
performed mixing
Frob norm 1 after updating U: 0.238888
200 iterations
f(b) = 1.16952
Frob norm 2 after updating B : 0.936884
Iteration number -------- 32  -----------
lambda : 1.16721
max_diff => 0.0110719
performed mixing
Frob norm 1 after updating U: 0.201779
200 iterations
f(b) = 0.905546
Frob norm 2 after updating B : 0.768047
Iteration number -------- 33  -----------
lambda : 1.17304
max_diff => 0.0107044
performed mixing
Frob norm 1 after updating U: 0.199152
200 iterations
f(b) = 0.637901
Frob norm 2 after updating B : 0.708397
Iteration number -------- 34  -----------
lambda : 1.17891
max_diff => 0.00250884
performed mixing
Frob norm 1 after updating U: 0.113054
200 iterations
f(b) = 0.499462
Frob norm 2 after updating B : 0.576937
Iteration number -------- 35  -----------
lambda : 1.1848
max_diff => 0.00239858
performed mixing
Frob norm 1 after updating U: 0.111064
200 iterations
f(b) = 0.314561
Frob norm 2 after updating B : 0.541511
Iteration number -------- 36  -----------
lambda : 1.19073
max_diff => 3.54917e-06
performed mixing
Frob norm 1 after updating U: 0.0132764
200 iterations
f(b) = 0.243051
Frob norm 2 after updating B : 0.435809
Iteration number -------- 37  -----------
lambda : 1.19668
max_diff => 4.64467e-07
performed mixing
Frob norm 1 after updating U: 0.0121501
200 iterations
f(b) = 0.174151
Frob norm 2 after updating B : 0.349317
Iteration number -------- 38  -----------
lambda : 1.20266
max_diff => 4.999e-08
performed mixing
Frob norm 1 after updating U: 0.0119836
200 iterations
f(b) = 0.128719
Frob norm 2 after updating B : 0.279582
Iteration number -------- 39  -----------
lambda : 1.20868
max_diff => 6.36625e-08
performed mixing
Frob norm 1 after updating U: 0.0119361
200 iterations
f(b) = 0.103291
Frob norm 2 after updating B : 0.223949
Iteration number -------- 40  -----------
lambda : 1.21472
max_diff => 4.999e-08
performed mixing
Frob norm 1 after updating U: 0.0119233
200 iterations
f(b) = 0.0760587
Frob norm 2 after updating B : 0.179351
Iteration number -------- 41  -----------
lambda : 1.22079
max_diff => 5.00008e-08
performed mixing
Frob norm 1 after updating U: 0.0120344
200 iterations
f(b) = 0.046155
Frob norm 2 after updating B : 0.143789
Iteration number -------- 42  -----------
lambda : 1.2269
max_diff => 4.999e-08
performed mixing
Frob norm 1 after updating U: 0.0119546
200 iterations
f(b) = 0.0409631
Frob norm 2 after updating B : 0.115281
Iteration number -------- 43  -----------
lambda : 1.23303
max_diff => 4.999e-08
performed mixing
Frob norm 1 after updating U: 0.0120066
200 iterations
f(b) = 0.043524
Frob norm 2 after updating B : 0.092567
Iteration number -------- 44  -----------
lambda : 1.2392
max_diff => 4.999e-08
performed mixing
Frob norm 1 after updating U: 0.0120296
200 iterations
f(b) = 0.046165
Frob norm 2 after updating B : 0.0745508
Iteration number -------- 45  -----------
lambda : 1.24539
max_diff => 4.999e-08
performed mixing
Frob norm 1 after updating U: 0.0119487
200 iterations
f(b) = 0.025259
Frob norm 2 after updating B : 0.0601441
Iteration number -------- 46  -----------
lambda : 1.25162
max_diff => 4.999e-08
performed mixing
Frob norm 1 after updating U: 0.0119209
200 iterations
f(b) = 0.0252474
Frob norm 2 after updating B : 0.048707
Iteration number -------- 47  -----------
lambda : 1.25788
max_diff => 4.999e-08
performed mixing
Frob norm 1 after updating U: 0.0120617
200 iterations
f(b) = 0.0307102
Frob norm 2 after updating B : 0.0395668
Iteration number -------- 48  -----------
lambda : 1.26417
max_diff => 4.999e-08
performed mixing
Frob norm 1 after updating U: 0.0120113
200 iterations
f(b) = 0.0257091
Frob norm 2 after updating B : 0.0325259
Iteration number -------- 49  -----------
lambda : 1.27049
max_diff => 4.999e-08
performed mixing
Frob norm 1 after updating U: 0.0120286
200 iterations
f(b) = 0.0253146
Frob norm 2 after updating B : 0.0270506
Iteration number -------- 50  -----------
lambda : 1.27684
max_diff => 4.999e-08
performed mixing
Frob norm 1 after updating U: 0.0120298
200 iterations
f(b) = 0.0253716
Frob norm 2 after updating B : 0.0228207
Iteration number -------- 51  -----------
lambda : 1.28323
max_diff => 4.999e-08
performed mixing
Frob norm 1 after updating U: 0.0119268
200 iterations
f(b) = 0.0233097
Frob norm 2 after updating B : 0.0196539
Iteration number -------- 52  -----------
lambda : 1.28964
max_diff => 4.999e-08
performed mixing
Frob norm 1 after updating U: 0.0119383
200 iterations
f(b) = 0.0192571
Frob norm 2 after updating B : 0.0172991
Iteration number -------- 53  -----------
lambda : 1.29609
max_diff => 4.999e-08
performed mixing
Frob norm 1 after updating U: 0.0120855
200 iterations
f(b) = 0.0197036
Frob norm 2 after updating B : 0.0156717
Iteration number -------- 54  -----------
lambda : 1.30257
max_diff => 4.999e-08
performed mixing
Frob norm 1 after updating U: 0.0119634
200 iterations
f(b) = 0.0187581
Frob norm 2 after updating B : 0.0144969
Iteration number -------- 55  -----------
lambda : 1.30908
max_diff => 4.999e-08
performed mixing
Frob norm 1 after updating U: 0.0120057
200 iterations
f(b) = 0.0186874
Frob norm 2 after updating B : 0.01359
Iteration number -------- 56  -----------
lambda : 1.31563
max_diff => 4.999e-08
performed mixing
Frob norm 1 after updating U: 0.0119356
200 iterations
f(b) = 0.0187277
Frob norm 2 after updating B : 0.0130849
Iteration number -------- 57  -----------
lambda : 1.32221
max_diff => 4.999e-08
performed mixing
Frob norm 1 after updating U: 0.0119437
200 iterations
f(b) = 0.0162778
Frob norm 2 after updating B : 0.0126979
Iteration number -------- 58  -----------
lambda : 1.32882
max_diff => 4.999e-08
performed mixing
Frob norm 1 after updating U: 0.0119309
200 iterations
f(b) = 0.017853
Frob norm 2 after updating B : 0.0123402
Iteration number -------- 59  -----------
lambda : 1.33546
max_diff => 4.999e-08
performed mixing
Frob norm 1 after updating U: 0.0118641
200 iterations
f(b) = 0.0198793
Frob norm 2 after updating B : 0.0122814
Iteration number -------- 60  -----------
lambda : 1.34214
max_diff => 4.999e-08
performed mixing
Frob norm 1 after updating U: 0.0119421
200 iterations
f(b) = 0.0234732
Frob norm 2 after updating B : 0.0121377
Iteration number -------- 61  -----------
lambda : 1.34885
max_diff => 4.999e-08
performed mixing
Frob norm 1 after updating U: 0.0118969
200 iterations
f(b) = 0.0134232
Frob norm 2 after updating B : 0.0121498
Iteration number -------- 62  -----------
lambda : 1.35559
max_diff => 4.999e-08
performed mixing
Frob norm 1 after updating U: 0.0119698
200 iterations
f(b) = 0.0148924
Frob norm 2 after updating B : 0.011983
Iteration number -------- 63  -----------
lambda : 1.36237
max_diff => 4.999e-08
performed mixing
Frob norm 1 after updating U: 0.0118633
200 iterations
f(b) = 0.0118308
Frob norm 2 after updating B : 0.0120076
Iteration number -------- 64  -----------
lambda : 1.36918
max_diff => 4.999e-08
performed mixing
Frob norm 1 after updating U: 0.0119403
200 iterations
f(b) = 0.0153942
Frob norm 2 after updating B : 0.0120423
Iteration number -------- 65  -----------
lambda : 1.37603
max_diff => 4.999e-08
performed mixing
Frob norm 1 after updating U: 0.0119741
200 iterations
f(b) = 0.0216257
Frob norm 2 after updating B : 0.011885
Iteration number -------- 66  -----------
lambda : 1.38291
max_diff => 4.999e-08
performed mixing
Frob norm 1 after updating U: 0.0118439
200 iterations
f(b) = 0.0164896
Frob norm 2 after updating B : 0.0118537
Iteration number -------- 67  -----------
lambda : 1.38982
max_diff => 4.999e-08
performed mixing
Frob norm 1 after updating U: 0.0118345
200 iterations
f(b) = 0.019921
Frob norm 2 after updating B : 0.0118193
Iteration number -------- 68  -----------
lambda : 1.39677
max_diff => 4.999e-08
performed mixing
Frob norm 1 after updating U: 0.011798
200 iterations
f(b) = 0.0193341
Frob norm 2 after updating B : 0.011834
Iteration number -------- 69  -----------
lambda : 1.40376
max_diff => 4.999e-08
performed mixing
Frob norm 1 after updating U: 0.0118243
200 iterations
f(b) = 0.00952772
Frob norm 2 after updating B : 0.0119664
Iteration number -------- 70  -----------
lambda : 1.41078
max_diff => 4.999e-08
performed mixing
Frob norm 1 after updating U: 0.0119465
200 iterations
f(b) = 0.0208503
Frob norm 2 after updating B : 0.0117977
Iteration number -------- 71  -----------
lambda : 1.41783
max_diff => 4.999e-08
performed mixing
Frob norm 1 after updating U: 0.0117921
200 iterations
f(b) = 0.0134555
Frob norm 2 after updating B : 0.0119061
Iteration number -------- 72  -----------
lambda : 1.42492
max_diff => 4.999e-08
performed mixing
Frob norm 1 after updating U: 0.0118961
200 iterations
f(b) = 0.00711829
Frob norm 2 after updating B : 0.0120467
Iteration number -------- 73  -----------
lambda : 1.43204
max_diff => 4.999e-08
performed mixing
Frob norm 1 after updating U: 0.0120357
200 iterations
f(b) = 0.0136684
Frob norm 2 after updating B : 0.0119638
Iteration number -------- 74  -----------
lambda : 1.4392
max_diff => 4.999e-08
performed mixing
Frob norm 1 after updating U: 0.0119525
200 iterations
f(b) = 0.0221432
Frob norm 2 after updating B : 0.0118332
Iteration number -------- 75  -----------
lambda : 1.4464
max_diff => 4.999e-08
performed mixing
Frob norm 1 after updating U: 0.0118253
200 iterations
f(b) = 0.0213453
Frob norm 2 after updating B : 0.0118636
Iteration number -------- 76  -----------
lambda : 1.45363
max_diff => 4.999e-08
performed mixing
Frob norm 1 after updating U: 0.0118582
200 iterations
f(b) = 0.0191486
Frob norm 2 after updating B : 0.0119912
Iteration number -------- 77  -----------
lambda : 1.4609
max_diff => 4.999e-08
performed mixing
Frob norm 1 after updating U: 0.0119773
200 iterations
f(b) = 0.0129147
Frob norm 2 after updating B : 0.0120203
Iteration number -------- 78  -----------
lambda : 1.46821
max_diff => 4.999e-08
performed mixing
Frob norm 1 after updating U: 0.0120228
200 iterations
f(b) = 0.0122756
Frob norm 2 after updating B : 0.0119438
Iteration number -------- 79  -----------
lambda : 1.47555
max_diff => 4.999e-08
performed mixing
Frob norm 1 after updating U: 0.0119437
200 iterations
f(b) = 0.0151857
Frob norm 2 after updating B : 0.0119081
Iteration number -------- 80  -----------
lambda : 1.48292
max_diff => 4.999e-08
performed mixing
Frob norm 1 after updating U: 0.0119114
200 iterations
f(b) = 0.0127354
Frob norm 2 after updating B : 0.0118948
Iteration number -------- 81  -----------
lambda : 1.49034
max_diff => 4.999e-08
performed mixing
Frob norm 1 after updating U: 0.0118892
200 iterations
f(b) = 0.0161759
Frob norm 2 after updating B : 0.0119629
Iteration number -------- 82  -----------
lambda : 1.49779
max_diff => 4.999e-08
performed mixing
Frob norm 1 after updating U: 0.0119635
200 iterations
f(b) = 0.0232479
Frob norm 2 after updating B : 0.0118905
Iteration number -------- 83  -----------
lambda : 1.50528
max_diff => 4.999e-08
performed mixing
Frob norm 1 after updating U: 0.0118832
200 iterations
f(b) = 0.0194316
Frob norm 2 after updating B : 0.0118826
Iteration number -------- 84  -----------
lambda : 1.51281
max_diff => 4.999e-08
performed mixing
Frob norm 1 after updating U: 0.0118773
200 iterations
f(b) = 0.0234835
Frob norm 2 after updating B : 0.0118506
Iteration number -------- 85  -----------
lambda : 1.52037
max_diff => 4.999e-08
performed mixing
Frob norm 1 after updating U: 0.0118533
200 iterations
f(b) = 0.0221482
Frob norm 2 after updating B : 0.0118578
Iteration number -------- 86  -----------
lambda : 1.52797
max_diff => 4.999e-08
performed mixing
Frob norm 1 after updating U: 0.0118577
200 iterations
f(b) = 0.0266861
Frob norm 2 after updating B : 0.0117518
Iteration number -------- 87  -----------
lambda : 1.53561
max_diff => 4.999e-08
performed mixing
Frob norm 1 after updating U: 0.0117497
200 iterations
f(b) = 0.0176044
Frob norm 2 after updating B : 0.0118537
Iteration number -------- 88  -----------
lambda : 1.54329
max_diff => 4.999e-08
performed mixing
Frob norm 1 after updating U: 0.0118514
200 iterations
f(b) = 0.0139724
Frob norm 2 after updating B : 0.0118902
Iteration number -------- 89  -----------
lambda : 1.55101
max_diff => 4.999e-08
performed mixing
Frob norm 1 after updating U: 0.0118926
200 iterations
f(b) = 0.0238081
Frob norm 2 after updating B : 0.0118955
Iteration number -------- 90  -----------
lambda : 1.55876
max_diff => 4.999e-08
performed mixing
Frob norm 1 after updating U: 0.0118928
200 iterations
f(b) = 0.0234353
Frob norm 2 after updating B : 0.011832
Iteration number -------- 91  -----------
lambda : 1.56655
max_diff => 4.999e-08
performed mixing
Frob norm 1 after updating U: 0.0118344
200 iterations
f(b) = 0.0160188
Frob norm 2 after updating B : 0.0119066
Iteration number -------- 92  -----------
lambda : 1.57439
max_diff => 4.999e-08
performed mixing
Frob norm 1 after updating U: 0.0119081
200 iterations
f(b) = 0.0110413
Frob norm 2 after updating B : 0.0119654
Iteration number -------- 93  -----------
lambda : 1.58226
max_diff => 4.999e-08
performed mixing
Frob norm 1 after updating U: 0.0119533
200 iterations
f(b) = 0.0137262
Frob norm 2 after updating B : 0.0119407
Iteration number -------- 94  -----------
lambda : 1.59017
max_diff => 4.999e-08
performed mixing
Frob norm 1 after updating U: 0.0119386
200 iterations
f(b) = 0.0290357
Frob norm 2 after updating B : 0.0117669
Iteration number -------- 95  -----------
lambda : 1.59812
max_diff => 4.999e-08
performed mixing
Frob norm 1 after updating U: 0.0117581
200 iterations
f(b) = 0.0248953
Frob norm 2 after updating B : 0.0118463
Iteration number -------- 96  -----------
lambda : 1.60611
max_diff => 4.999e-08
performed mixing
Frob norm 1 after updating U: 0.0118398
200 iterations
f(b) = 0.0174811
Frob norm 2 after updating B : 0.0118757
Iteration number -------- 97  -----------
lambda : 1.61414
max_diff => 4.999e-08
performed mixing
Frob norm 1 after updating U: 0.0118824
200 iterations
f(b) = 0.0149186
Frob norm 2 after updating B : 0.0119445
Iteration number -------- 98  -----------
lambda : 1.62221
max_diff => 4.999e-08
performed mixing
Frob norm 1 after updating U: 0.0119352
200 iterations
f(b) = 0.0160388
Frob norm 2 after updating B : 0.0118548
Iteration number -------- 99  -----------
lambda : 1.63032
max_diff => 4.999e-08
performed mixing
Frob norm 1 after updating U: 0.011849
200 iterations
f(b) = 0.0272748
Frob norm 2 after updating B : 0.01191
Iteration number -------- 100  -----------
lambda : 1.63848
max_diff => 4.999e-08
