Academic license - for non-commercial use only
Frob norm 1 after updating U: 11.4464
200 iterations
f(b) = 67.1528
Frob norm 2 after updating B : 7.95798
Iteration number -------- 1  -----------
lambda : 1
max_diff => 0.0611878
performed mixing
Frob norm 1 after updating U: 7.62846
200 iterations
f(b) = 65.2446
Frob norm 2 after updating B : 7.8484
Iteration number -------- 2  -----------
lambda : 1.005
max_diff => 0.0612974
performed mixing
Frob norm 1 after updating U: 7.59338
200 iterations
f(b) = 63.7508
Frob norm 2 after updating B : 7.76855
Iteration number -------- 3  -----------
lambda : 1.01002
max_diff => 0.0616667
performed mixing
Frob norm 1 after updating U: 7.57408
200 iterations
f(b) = 62.5337
Frob norm 2 after updating B : 7.71142
Iteration number -------- 4  -----------
lambda : 1.01508
max_diff => 0.0621204
performed mixing
Frob norm 1 after updating U: 7.55684
200 iterations
f(b) = 61.7046
Frob norm 2 after updating B : 7.65727
Iteration number -------- 5  -----------
lambda : 1.02015
max_diff => 0.062341
performed mixing
Frob norm 1 after updating U: 7.5473
200 iterations
f(b) = 61.1063
Frob norm 2 after updating B : 7.61836
Iteration number -------- 6  -----------
lambda : 1.02525
max_diff => 0.0624718
performed mixing
Frob norm 1 after updating U: 7.53734
200 iterations
f(b) = 60.6734
Frob norm 2 after updating B : 7.58773
Iteration number -------- 7  -----------
lambda : 1.03038
max_diff => 0.062494
performed mixing
Frob norm 1 after updating U: 7.52822
200 iterations
f(b) = 60.3609
Frob norm 2 after updating B : 7.56427
Iteration number -------- 8  -----------
lambda : 1.03553
max_diff => 0.0624023
performed mixing
Frob norm 1 after updating U: 7.51988
200 iterations
f(b) = 60.1276
Frob norm 2 after updating B : 7.54795
Iteration number -------- 9  -----------
lambda : 1.04071
max_diff => 0.0623586
performed mixing
Frob norm 1 after updating U: 7.51764
200 iterations
f(b) = 59.9828
Frob norm 2 after updating B : 7.52805
Iteration number -------- 10  -----------
lambda : 1.04591
max_diff => 0.0619893
performed mixing
Frob norm 1 after updating U: 7.49609
200 iterations
f(b) = 58.6931
Frob norm 2 after updating B : 7.36953
Iteration number -------- 11  -----------
lambda : 1.05114
max_diff => 0.104014
performed mixing
Frob norm 1 after updating U: 6.59686
200 iterations
f(b) = 49.4061
Frob norm 2 after updating B : 6.66258
Iteration number -------- 12  -----------
lambda : 1.0564
max_diff => 0.369167
performed mixing
Frob norm 1 after updating U: 6.01184
200 iterations
f(b) = 42.0716
Frob norm 2 after updating B : 6.07522
Iteration number -------- 13  -----------
lambda : 1.06168
max_diff => 0.421491
performed mixing
Frob norm 1 after updating U: 4.59602
200 iterations
f(b) = 34.8667
Frob norm 2 after updating B : 5.40971
Iteration number -------- 14  -----------
lambda : 1.06699
max_diff => 0.402909
performed mixing
Frob norm 1 after updating U: 4.16967
200 iterations
f(b) = 30.5798
Frob norm 2 after updating B : 5.00763
Iteration number -------- 15  -----------
lambda : 1.07232
max_diff => 0.356983
performed mixing
Frob norm 1 after updating U: 4.04882
200 iterations
f(b) = 27.4824
Frob norm 2 after updating B : 4.70702
Iteration number -------- 16  -----------
lambda : 1.07768
max_diff => 0.305212
performed mixing
Frob norm 1 after updating U: 3.97059
200 iterations
f(b) = 25.2031
Frob norm 2 after updating B : 4.50253
Iteration number -------- 17  -----------
lambda : 1.08307
max_diff => 0.243658
performed mixing
Frob norm 1 after updating U: 3.89377
200 iterations
f(b) = 23.4467
Frob norm 2 after updating B : 4.32553
Iteration number -------- 18  -----------
lambda : 1.08849
max_diff => 0.215196
performed mixing
Frob norm 1 after updating U: 3.8643
200 iterations
f(b) = 22.0965
Frob norm 2 after updating B : 4.20025
Iteration number -------- 19  -----------
lambda : 1.09393
max_diff => 0.183811
performed mixing
Frob norm 1 after updating U: 3.83587
200 iterations
f(b) = 21.0159
Frob norm 2 after updating B : 4.12248
Iteration number -------- 20  -----------
lambda : 1.0994
max_diff => 0.136962
performed mixing
Frob norm 1 after updating U: 3.81425
200 iterations
f(b) = 20.126
Frob norm 2 after updating B : 4.04528
Iteration number -------- 21  -----------
lambda : 1.1049
max_diff => 0.108417
performed mixing
Frob norm 1 after updating U: 3.79972
200 iterations
f(b) = 19.4007
Frob norm 2 after updating B : 3.98902
Iteration number -------- 22  -----------
lambda : 1.11042
max_diff => 0.0837806
performed mixing
Frob norm 1 after updating U: 3.78425
200 iterations
f(b) = 18.7945
Frob norm 2 after updating B : 3.95591
Iteration number -------- 23  -----------
lambda : 1.11597
max_diff => 0.061348
performed mixing
Frob norm 1 after updating U: 3.77249
200 iterations
f(b) = 18.339
Frob norm 2 after updating B : 3.8921
Iteration number -------- 24  -----------
lambda : 1.12155
max_diff => 0.0613161
performed mixing
Frob norm 1 after updating U: 3.77219
200 iterations
f(b) = 17.9
Frob norm 2 after updating B : 3.88428
Iteration number -------- 25  -----------
lambda : 1.12716
max_diff => 0.0599302
performed mixing
Frob norm 1 after updating U: 3.75552
200 iterations
f(b) = 17.5859
Frob norm 2 after updating B : 3.83933
Iteration number -------- 26  -----------
lambda : 1.1328
max_diff => 0.0599248
performed mixing
Frob norm 1 after updating U: 3.75549
200 iterations
f(b) = 17.2752
Frob norm 2 after updating B : 3.84077
Iteration number -------- 27  -----------
lambda : 1.13846
max_diff => 0.0596485
performed mixing
Frob norm 1 after updating U: 3.74804
200 iterations
f(b) = 16.9777
Frob norm 2 after updating B : 3.82689
Iteration number -------- 28  -----------
lambda : 1.14415
max_diff => 0.0601415
performed mixing
Frob norm 1 after updating U: 3.74412
200 iterations
f(b) = 16.7994
Frob norm 2 after updating B : 3.79745
Iteration number -------- 29  -----------
lambda : 1.14987
max_diff => 0.0601348
performed mixing
Frob norm 1 after updating U: 3.74384
200 iterations
f(b) = 16.6026
Frob norm 2 after updating B : 3.79242
Iteration number -------- 30  -----------
lambda : 1.15562
max_diff => 0.0598857
performed mixing
Frob norm 1 after updating U: 3.73815
200 iterations
f(b) = 16.488
Frob norm 2 after updating B : 3.77353
Iteration number -------- 31  -----------
lambda : 1.1614
max_diff => 0.0599098
performed mixing
Frob norm 1 after updating U: 3.73824
200 iterations
f(b) = 16.3814
Frob norm 2 after updating B : 3.76057
Iteration number -------- 32  -----------
lambda : 1.16721
max_diff => 0.0598983
performed mixing
Frob norm 1 after updating U: 3.7349
200 iterations
f(b) = 16.2654
Frob norm 2 after updating B : 3.76091
Iteration number -------- 33  -----------
lambda : 1.17304
max_diff => 0.06026
performed mixing
Frob norm 1 after updating U: 3.7239
200 iterations
f(b) = 16.1894
Frob norm 2 after updating B : 3.74495
Iteration number -------- 34  -----------
lambda : 1.17891
max_diff => 0.0603959
performed mixing
Frob norm 1 after updating U: 3.72049
200 iterations
f(b) = 12.3951
Frob norm 2 after updating B : 3.23902
Iteration number -------- 35  -----------
lambda : 1.1848
max_diff => 0.0487025
performed mixing
Frob norm 1 after updating U: 2.46534
200 iterations
f(b) = 10.6302
Frob norm 2 after updating B : 2.96348
Iteration number -------- 36  -----------
lambda : 1.19073
max_diff => 0.0421249
performed mixing
Frob norm 1 after updating U: 2.28204
200 iterations
f(b) = 8.59374
Frob norm 2 after updating B : 2.53425
Iteration number -------- 37  -----------
lambda : 1.19668
max_diff => 0.077332
performed mixing
Frob norm 1 after updating U: 1.16369
200 iterations
f(b) = 6.58137
Frob norm 2 after updating B : 2.18931
Iteration number -------- 38  -----------
lambda : 1.20266
max_diff => 0.0479097
performed mixing
Frob norm 1 after updating U: 0.913646
200 iterations
f(b) = 5.02403
Frob norm 2 after updating B : 1.94449
Iteration number -------- 39  -----------
lambda : 1.20868
max_diff => 0.0260875
performed mixing
Frob norm 1 after updating U: 0.60157
200 iterations
f(b) = 3.83901
Frob norm 2 after updating B : 1.68175
Iteration number -------- 40  -----------
lambda : 1.21472
max_diff => 0.0163629
performed mixing
Frob norm 1 after updating U: 0.4437
200 iterations
f(b) = 2.89978
Frob norm 2 after updating B : 1.48841
Iteration number -------- 41  -----------
lambda : 1.22079
max_diff => 0.009435
performed mixing
Frob norm 1 after updating U: 0.276169
200 iterations
f(b) = 2.14683
Frob norm 2 after updating B : 1.27282
Iteration number -------- 42  -----------
lambda : 1.2269
max_diff => 0.00593846
performed mixing
Frob norm 1 after updating U: 0.207159
200 iterations
f(b) = 1.54739
Frob norm 2 after updating B : 1.11207
Iteration number -------- 43  -----------
lambda : 1.23303
max_diff => 0.00330301
performed mixing
Frob norm 1 after updating U: 0.130185
200 iterations
f(b) = 1.08124
Frob norm 2 after updating B : 0.952843
Iteration number -------- 44  -----------
lambda : 1.2392
max_diff => 0.00175125
performed mixing
Frob norm 1 after updating U: 0.0930026
200 iterations
f(b) = 0.740297
Frob norm 2 after updating B : 0.80021
Iteration number -------- 45  -----------
lambda : 1.24539
max_diff => 0.000503619
performed mixing
Frob norm 1 after updating U: 0.0541463
200 iterations
f(b) = 0.487059
Frob norm 2 after updating B : 0.68789
Iteration number -------- 46  -----------
lambda : 1.25162
max_diff => 5.47502e-08
performed mixing
Frob norm 1 after updating U: 0.0128559
200 iterations
f(b) = 0.345667
Frob norm 2 after updating B : 0.55044
Iteration number -------- 47  -----------
lambda : 1.25788
max_diff => 5.45945e-07
performed mixing
Frob norm 1 after updating U: 0.0133164
200 iterations
f(b) = 0.251079
Frob norm 2 after updating B : 0.440464
Iteration number -------- 48  -----------
lambda : 1.26417
max_diff => 5.30342e-08
performed mixing
Frob norm 1 after updating U: 0.0128977
200 iterations
f(b) = 0.152939
Frob norm 2 after updating B : 0.352525
Iteration number -------- 49  -----------
lambda : 1.27049
max_diff => 4.99997e-08
performed mixing
Frob norm 1 after updating U: 0.0127629
200 iterations
f(b) = 0.131609
Frob norm 2 after updating B : 0.282247
Iteration number -------- 50  -----------
lambda : 1.27684
max_diff => 4.999e-08
performed mixing
Frob norm 1 after updating U: 0.0128018
200 iterations
f(b) = 0.0755727
Frob norm 2 after updating B : 0.226163
Iteration number -------- 51  -----------
lambda : 1.28323
max_diff => 4.999e-08
performed mixing
Frob norm 1 after updating U: 0.0126819
200 iterations
f(b) = 0.0493875
Frob norm 2 after updating B : 0.181004
Iteration number -------- 52  -----------
lambda : 1.28964
max_diff => 4.999e-08
performed mixing
Frob norm 1 after updating U: 0.0127721
200 iterations
f(b) = 0.0786784
Frob norm 2 after updating B : 0.144987
Iteration number -------- 53  -----------
lambda : 1.29609
max_diff => 5.08719e-08
performed mixing
Frob norm 1 after updating U: 0.0128291
200 iterations
f(b) = 0.0423723
Frob norm 2 after updating B : 0.116471
Iteration number -------- 54  -----------
lambda : 1.30257
max_diff => 4.999e-08
performed mixing
Frob norm 1 after updating U: 0.0126627
200 iterations
f(b) = 0.0636127
Frob norm 2 after updating B : 0.0934422
Iteration number -------- 55  -----------
lambda : 1.30908
max_diff => 4.999e-08
performed mixing
Frob norm 1 after updating U: 0.0125734
200 iterations
f(b) = 0.0291089
Frob norm 2 after updating B : 0.075133
Iteration number -------- 56  -----------
lambda : 1.31563
max_diff => 4.999e-08
performed mixing
Frob norm 1 after updating U: 0.0126859
200 iterations
f(b) = 0.0476922
Frob norm 2 after updating B : 0.0604797
Iteration number -------- 57  -----------
lambda : 1.32221
max_diff => 4.999e-08
performed mixing
Frob norm 1 after updating U: 0.0126458
200 iterations
f(b) = 0.0261841
Frob norm 2 after updating B : 0.0492454
Iteration number -------- 58  -----------
lambda : 1.32882
max_diff => 4.999e-08
performed mixing
Frob norm 1 after updating U: 0.0126794
200 iterations
f(b) = 0.0272344
Frob norm 2 after updating B : 0.0402287
Iteration number -------- 59  -----------
lambda : 1.33546
max_diff => 4.999e-08
performed mixing
Frob norm 1 after updating U: 0.0127745
200 iterations
f(b) = 0.0240764
Frob norm 2 after updating B : 0.0330535
Iteration number -------- 60  -----------
lambda : 1.34214
max_diff => 4.999e-08
performed mixing
Frob norm 1 after updating U: 0.0125875
200 iterations
f(b) = 0.0221176
Frob norm 2 after updating B : 0.0275217
Iteration number -------- 61  -----------
lambda : 1.34885
max_diff => 4.999e-08
performed mixing
Frob norm 1 after updating U: 0.0128209
200 iterations
f(b) = 0.0260111
Frob norm 2 after updating B : 0.0233486
Iteration number -------- 62  -----------
lambda : 1.35559
max_diff => 4.999e-08
performed mixing
Frob norm 1 after updating U: 0.0126974
200 iterations
f(b) = 0.023174
Frob norm 2 after updating B : 0.0202053
Iteration number -------- 63  -----------
lambda : 1.36237
max_diff => 4.999e-08
performed mixing
Frob norm 1 after updating U: 0.0126556
200 iterations
f(b) = 0.0237254
Frob norm 2 after updating B : 0.0178258
Iteration number -------- 64  -----------
lambda : 1.36918
max_diff => 4.999e-08
performed mixing
Frob norm 1 after updating U: 0.0126534
200 iterations
f(b) = 0.0228427
Frob norm 2 after updating B : 0.0160865
Iteration number -------- 65  -----------
lambda : 1.37603
max_diff => 4.999e-08
performed mixing
Frob norm 1 after updating U: 0.0126319
200 iterations
f(b) = 0.0126083
Frob norm 2 after updating B : 0.0151393
Iteration number -------- 66  -----------
lambda : 1.38291
max_diff => 4.999e-08
performed mixing
Frob norm 1 after updating U: 0.0127483
200 iterations
f(b) = 0.0161539
Frob norm 2 after updating B : 0.0142132
Iteration number -------- 67  -----------
lambda : 1.38982
max_diff => 4.999e-08
performed mixing
Frob norm 1 after updating U: 0.0126648
200 iterations
f(b) = 0.0169471
Frob norm 2 after updating B : 0.0135991
Iteration number -------- 68  -----------
lambda : 1.39677
max_diff => 4.999e-08
performed mixing
Frob norm 1 after updating U: 0.0124545
200 iterations
f(b) = 0.0191735
Frob norm 2 after updating B : 0.0133507
Iteration number -------- 69  -----------
lambda : 1.40376
max_diff => 4.999e-08
performed mixing
Frob norm 1 after updating U: 0.012624
200 iterations
f(b) = 0.0118881
Frob norm 2 after updating B : 0.0130634
Iteration number -------- 70  -----------
lambda : 1.41078
max_diff => 4.999e-08
performed mixing
Frob norm 1 after updating U: 0.0126072
200 iterations
f(b) = 0.017985
Frob norm 2 after updating B : 0.0128518
Iteration number -------- 71  -----------
lambda : 1.41783
max_diff => 4.999e-08
performed mixing
Frob norm 1 after updating U: 0.0125244
200 iterations
f(b) = 0.0174717
Frob norm 2 after updating B : 0.012749
Iteration number -------- 72  -----------
lambda : 1.42492
max_diff => 4.999e-08
performed mixing
Frob norm 1 after updating U: 0.0125343
200 iterations
f(b) = 0.0260849
Frob norm 2 after updating B : 0.0126784
Iteration number -------- 73  -----------
lambda : 1.43204
max_diff => 4.999e-08
performed mixing
Frob norm 1 after updating U: 0.0125294
200 iterations
f(b) = 0.0199766
Frob norm 2 after updating B : 0.0127464
Iteration number -------- 74  -----------
lambda : 1.4392
max_diff => 4.999e-08
performed mixing
Frob norm 1 after updating U: 0.0126365
200 iterations
f(b) = 0.0138802
Frob norm 2 after updating B : 0.0126257
Iteration number -------- 75  -----------
lambda : 1.4464
max_diff => 4.999e-08
performed mixing
Frob norm 1 after updating U: 0.0125435
200 iterations
f(b) = 0.011354
Frob norm 2 after updating B : 0.0126339
Iteration number -------- 76  -----------
lambda : 1.45363
max_diff => 4.999e-08
performed mixing
Frob norm 1 after updating U: 0.0125836
200 iterations
f(b) = 0.0119016
Frob norm 2 after updating B : 0.0125758
Iteration number -------- 77  -----------
lambda : 1.4609
max_diff => 4.999e-08
performed mixing
Frob norm 1 after updating U: 0.0125437
200 iterations
f(b) = 0.0243758
Frob norm 2 after updating B : 0.012593
Iteration number -------- 78  -----------
lambda : 1.46821
max_diff => 4.999e-08
performed mixing
Frob norm 1 after updating U: 0.012567
200 iterations
f(b) = 0.0256239
Frob norm 2 after updating B : 0.0125449
Iteration number -------- 79  -----------
lambda : 1.47555
max_diff => 4.999e-08
performed mixing
Frob norm 1 after updating U: 0.0125298
200 iterations
f(b) = 0.0168113
Frob norm 2 after updating B : 0.012575
Iteration number -------- 80  -----------
lambda : 1.48292
max_diff => 4.999e-08
performed mixing
Frob norm 1 after updating U: 0.0125607
200 iterations
f(b) = 0.0200729
Frob norm 2 after updating B : 0.0125485
Iteration number -------- 81  -----------
lambda : 1.49034
max_diff => 4.999e-08
performed mixing
Frob norm 1 after updating U: 0.0125321
200 iterations
f(b) = 0.01919
Frob norm 2 after updating B : 0.012476
Iteration number -------- 82  -----------
lambda : 1.49779
max_diff => 4.999e-08
performed mixing
Frob norm 1 after updating U: 0.012465
200 iterations
f(b) = 0.0226606
Frob norm 2 after updating B : 0.012574
Iteration number -------- 83  -----------
lambda : 1.50528
max_diff => 4.999e-08
performed mixing
Frob norm 1 after updating U: 0.012566
200 iterations
f(b) = 0.0112077
Frob norm 2 after updating B : 0.012541
Iteration number -------- 84  -----------
lambda : 1.51281
max_diff => 4.999e-08
performed mixing
Frob norm 1 after updating U: 0.0125397
200 iterations
f(b) = 0.0169951
Frob norm 2 after updating B : 0.0126204
Iteration number -------- 85  -----------
lambda : 1.52037
max_diff => 4.999e-08
performed mixing
Frob norm 1 after updating U: 0.0126088
200 iterations
f(b) = 0.0122354
Frob norm 2 after updating B : 0.0125245
Iteration number -------- 86  -----------
lambda : 1.52797
max_diff => 4.999e-08
performed mixing
Frob norm 1 after updating U: 0.0125218
200 iterations
f(b) = 0.0251294
Frob norm 2 after updating B : 0.012601
Iteration number -------- 87  -----------
lambda : 1.53561
max_diff => 4.999e-08
performed mixing
Frob norm 1 after updating U: 0.0125948
200 iterations
f(b) = 0.0222283
Frob norm 2 after updating B : 0.012587
Iteration number -------- 88  -----------
lambda : 1.54329
max_diff => 4.999e-08
performed mixing
Frob norm 1 after updating U: 0.0125823
200 iterations
f(b) = 0.0207755
Frob norm 2 after updating B : 0.0126254
Iteration number -------- 89  -----------
lambda : 1.55101
max_diff => 4.999e-08
performed mixing
Frob norm 1 after updating U: 0.0126244
200 iterations
f(b) = 0.0224498
Frob norm 2 after updating B : 0.0126271
Iteration number -------- 90  -----------
lambda : 1.55876
max_diff => 4.999e-08
performed mixing
Frob norm 1 after updating U: 0.0126211
200 iterations
f(b) = 0.020823
Frob norm 2 after updating B : 0.0124382
Iteration number -------- 91  -----------
lambda : 1.56655
max_diff => 4.999e-08
performed mixing
Frob norm 1 after updating U: 0.0124323
200 iterations
f(b) = 0.0186485
Frob norm 2 after updating B : 0.0126305
Iteration number -------- 92  -----------
lambda : 1.57439
max_diff => 4.999e-08
performed mixing
Frob norm 1 after updating U: 0.012626
200 iterations
f(b) = 0.0213006
Frob norm 2 after updating B : 0.0125211
Iteration number -------- 93  -----------
lambda : 1.58226
max_diff => 4.999e-08
performed mixing
Frob norm 1 after updating U: 0.0125157
200 iterations
f(b) = 0.0223027
Frob norm 2 after updating B : 0.012497
Iteration number -------- 94  -----------
lambda : 1.59017
max_diff => 4.999e-08
performed mixing
Frob norm 1 after updating U: 0.0124919
200 iterations
f(b) = 0.0215001
Frob norm 2 after updating B : 0.0125418
Iteration number -------- 95  -----------
lambda : 1.59812
max_diff => 4.999e-08
performed mixing
Frob norm 1 after updating U: 0.0125383
200 iterations
f(b) = 0.0240975
Frob norm 2 after updating B : 0.0124681
Iteration number -------- 96  -----------
lambda : 1.60611
max_diff => 4.999e-08
performed mixing
Frob norm 1 after updating U: 0.0124653
200 iterations
f(b) = 0.0222153
Frob norm 2 after updating B : 0.0124925
Iteration number -------- 97  -----------
lambda : 1.61414
max_diff => 4.999e-08
performed mixing
Frob norm 1 after updating U: 0.0124909
200 iterations
f(b) = 0.0213348
Frob norm 2 after updating B : 0.0124926
Iteration number -------- 98  -----------
lambda : 1.62221
max_diff => 4.999e-08
performed mixing
Frob norm 1 after updating U: 0.0124929
200 iterations
f(b) = 0.0240395
Frob norm 2 after updating B : 0.0124514
Iteration number -------- 99  -----------
lambda : 1.63032
max_diff => 4.999e-08
performed mixing
Frob norm 1 after updating U: 0.0124471
200 iterations
f(b) = 0.0215022
Frob norm 2 after updating B : 0.0125166
Iteration number -------- 100  -----------
lambda : 1.63848
max_diff => 4.999e-08
