Academic license - for non-commercial use only
Frob norm 1 after updating U: 10.9929
200 iterations
f(b) = 45.1932
Frob norm 2 after updating B : 6.2114
Iteration number -------- 1  -----------
lambda : 1
max_diff => 0.0933454
performed mixing
Frob norm 1 after updating U: 3.44879
200 iterations
f(b) = 34.6008
Frob norm 2 after updating B : 5.42452
Iteration number -------- 2  -----------
lambda : 1.005
max_diff => 0.0670397
performed mixing
Frob norm 1 after updating U: 2.54523
200 iterations
f(b) = 25.5303
Frob norm 2 after updating B : 4.67218
Iteration number -------- 3  -----------
lambda : 1.01002
max_diff => 0.0439575
performed mixing
Frob norm 1 after updating U: 1.76742
200 iterations
f(b) = 18.2229
Frob norm 2 after updating B : 3.98138
Iteration number -------- 4  -----------
lambda : 1.01508
max_diff => 0.0270181
performed mixing
Frob norm 1 after updating U: 1.13346
200 iterations
f(b) = 12.7375
Frob norm 2 after updating B : 3.3539
Iteration number -------- 5  -----------
lambda : 1.02015
max_diff => 0.0153555
performed mixing
Frob norm 1 after updating U: 0.70494
200 iterations
f(b) = 8.71455
Frob norm 2 after updating B : 2.81074
Iteration number -------- 6  -----------
lambda : 1.02525
max_diff => 0.00898354
performed mixing
Frob norm 1 after updating U: 0.394784
200 iterations
f(b) = 5.8721
Frob norm 2 after updating B : 2.33662
Iteration number -------- 7  -----------
lambda : 1.03038
max_diff => 0.00445855
performed mixing
Frob norm 1 after updating U: 0.201596
200 iterations
f(b) = 3.89182
Frob norm 2 after updating B : 1.90589
Iteration number -------- 8  -----------
lambda : 1.03553
max_diff => 0.00305442
performed mixing
Frob norm 1 after updating U: 0.155232
200 iterations
f(b) = 2.59561
Frob norm 2 after updating B : 1.54709
Iteration number -------- 9  -----------
lambda : 1.04071
max_diff => 0.00217766
performed mixing
Frob norm 1 after updating U: 0.131386
200 iterations
f(b) = 1.76131
Frob norm 2 after updating B : 1.24335
Iteration number -------- 10  -----------
lambda : 1.04591
max_diff => 0.00214079
performed mixing
Frob norm 1 after updating U: 0.130481
200 iterations
f(b) = 1.13518
Frob norm 2 after updating B : 1.05077
Iteration number -------- 11  -----------
lambda : 1.05114
max_diff => 3.17366e-05
performed mixing
Frob norm 1 after updating U: 0.0238078
200 iterations
f(b) = 0.764906
Frob norm 2 after updating B : 0.844275
Iteration number -------- 12  -----------
lambda : 1.0564
max_diff => 1.26811e-05
performed mixing
Frob norm 1 after updating U: 0.0174546
200 iterations
f(b) = 0.508362
Frob norm 2 after updating B : 0.67812
Iteration number -------- 13  -----------
lambda : 1.06168
max_diff => 2.60796e-06
performed mixing
Frob norm 1 after updating U: 0.0134638
200 iterations
f(b) = 0.331168
Frob norm 2 after updating B : 0.544099
Iteration number -------- 14  -----------
lambda : 1.06699
max_diff => 5.44737e-08
performed mixing
Frob norm 1 after updating U: 0.0119108
200 iterations
f(b) = 0.239064
Frob norm 2 after updating B : 0.435488
Iteration number -------- 15  -----------
lambda : 1.07232
max_diff => 5.11113e-08
performed mixing
Frob norm 1 after updating U: 0.011952
200 iterations
f(b) = 0.170171
Frob norm 2 after updating B : 0.348448
Iteration number -------- 16  -----------
lambda : 1.07768
max_diff => 4.999e-08
performed mixing
Frob norm 1 after updating U: 0.0119261
200 iterations
f(b) = 0.124202
Frob norm 2 after updating B : 0.278964
Iteration number -------- 17  -----------
lambda : 1.08307
max_diff => 4.999e-08
performed mixing
Frob norm 1 after updating U: 0.0119629
200 iterations
f(b) = 0.0756257
Frob norm 2 after updating B : 0.223249
Iteration number -------- 18  -----------
lambda : 1.08849
max_diff => 5.02082e-08
performed mixing
Frob norm 1 after updating U: 0.0119561
200 iterations
f(b) = 0.0740449
Frob norm 2 after updating B : 0.178836
Iteration number -------- 19  -----------
lambda : 1.09393
max_diff => 4.99929e-08
performed mixing
Frob norm 1 after updating U: 0.0120044
200 iterations
f(b) = 0.065901
Frob norm 2 after updating B : 0.14324
Iteration number -------- 20  -----------
lambda : 1.0994
max_diff => 4.999e-08
performed mixing
Frob norm 1 after updating U: 0.011962
200 iterations
f(b) = 0.0585477
Frob norm 2 after updating B : 0.11499
Iteration number -------- 21  -----------
lambda : 1.1049
max_diff => 4.999e-08
performed mixing
Frob norm 1 after updating U: 0.0119089
200 iterations
f(b) = 0.0465416
Frob norm 2 after updating B : 0.092212
Iteration number -------- 22  -----------
lambda : 1.11042
max_diff => 4.999e-08
performed mixing
Frob norm 1 after updating U: 0.0119727
200 iterations
f(b) = 0.0269358
Frob norm 2 after updating B : 0.0742636
Iteration number -------- 23  -----------
lambda : 1.11597
max_diff => 4.999e-08
performed mixing
Frob norm 1 after updating U: 0.0120024
200 iterations
f(b) = 0.0221512
Frob norm 2 after updating B : 0.0598475
Iteration number -------- 24  -----------
lambda : 1.12155
max_diff => 4.999e-08
performed mixing
Frob norm 1 after updating U: 0.0119339
200 iterations
f(b) = 0.0207284
Frob norm 2 after updating B : 0.0483819
Iteration number -------- 25  -----------
lambda : 1.12716
max_diff => 4.999e-08
performed mixing
Frob norm 1 after updating U: 0.0120363
200 iterations
f(b) = 0.0216977
Frob norm 2 after updating B : 0.0394266
Iteration number -------- 26  -----------
lambda : 1.1328
max_diff => 4.999e-08
performed mixing
Frob norm 1 after updating U: 0.0119186
200 iterations
f(b) = 0.0220021
Frob norm 2 after updating B : 0.0323657
Iteration number -------- 27  -----------
lambda : 1.13846
max_diff => 4.999e-08
performed mixing
Frob norm 1 after updating U: 0.0119982
200 iterations
f(b) = 0.0235542
Frob norm 2 after updating B : 0.0268028
Iteration number -------- 28  -----------
lambda : 1.14415
max_diff => 4.999e-08
performed mixing
Frob norm 1 after updating U: 0.0119154
200 iterations
f(b) = 0.0179687
Frob norm 2 after updating B : 0.0227343
Iteration number -------- 29  -----------
lambda : 1.14987
max_diff => 4.999e-08
performed mixing
Frob norm 1 after updating U: 0.0120233
200 iterations
f(b) = 0.0180393
Frob norm 2 after updating B : 0.0194793
Iteration number -------- 30  -----------
lambda : 1.15562
max_diff => 4.999e-08
performed mixing
Frob norm 1 after updating U: 0.0119061
200 iterations
f(b) = 0.0179627
Frob norm 2 after updating B : 0.0173049
Iteration number -------- 31  -----------
lambda : 1.1614
max_diff => 4.999e-08
performed mixing
Frob norm 1 after updating U: 0.0119496
200 iterations
f(b) = 0.0160307
Frob norm 2 after updating B : 0.0155948
Iteration number -------- 32  -----------
lambda : 1.16721
max_diff => 4.999e-08
performed mixing
Frob norm 1 after updating U: 0.0119188
200 iterations
f(b) = 0.0179236
Frob norm 2 after updating B : 0.014333
Iteration number -------- 33  -----------
lambda : 1.17304
max_diff => 4.999e-08
performed mixing
Frob norm 1 after updating U: 0.0118802
200 iterations
f(b) = 0.016766
Frob norm 2 after updating B : 0.0134844
Iteration number -------- 34  -----------
lambda : 1.17891
max_diff => 4.999e-08
performed mixing
Frob norm 1 after updating U: 0.0118948
200 iterations
f(b) = 0.0156179
Frob norm 2 after updating B : 0.0130116
Iteration number -------- 35  -----------
lambda : 1.1848
max_diff => 4.999e-08
performed mixing
Frob norm 1 after updating U: 0.0119162
200 iterations
f(b) = 0.0179012
Frob norm 2 after updating B : 0.0126296
Iteration number -------- 36  -----------
lambda : 1.19073
max_diff => 4.999e-08
performed mixing
Frob norm 1 after updating U: 0.0119273
200 iterations
f(b) = 0.0167713
Frob norm 2 after updating B : 0.0124302
Iteration number -------- 37  -----------
lambda : 1.19668
max_diff => 4.999e-08
performed mixing
Frob norm 1 after updating U: 0.0119675
200 iterations
f(b) = 0.0137512
Frob norm 2 after updating B : 0.0122258
Iteration number -------- 38  -----------
lambda : 1.20266
max_diff => 4.999e-08
performed mixing
Frob norm 1 after updating U: 0.0119009
200 iterations
f(b) = 0.0104748
Frob norm 2 after updating B : 0.0122237
Iteration number -------- 39  -----------
lambda : 1.20868
max_diff => 4.999e-08
performed mixing
Frob norm 1 after updating U: 0.0120022
200 iterations
f(b) = 0.0130753
Frob norm 2 after updating B : 0.0119461
Iteration number -------- 40  -----------
lambda : 1.21472
max_diff => 4.999e-08
performed mixing
Frob norm 1 after updating U: 0.0118039
200 iterations
f(b) = 0.0166276
Frob norm 2 after updating B : 0.0120011
Iteration number -------- 41  -----------
lambda : 1.22079
max_diff => 4.999e-08
performed mixing
Frob norm 1 after updating U: 0.0118938
200 iterations
f(b) = 0.0122187
Frob norm 2 after updating B : 0.0120233
Iteration number -------- 42  -----------
lambda : 1.2269
max_diff => 4.999e-08
performed mixing
Frob norm 1 after updating U: 0.0119528
200 iterations
f(b) = 0.0153042
Frob norm 2 after updating B : 0.0119271
Iteration number -------- 43  -----------
lambda : 1.23303
max_diff => 4.999e-08
performed mixing
Frob norm 1 after updating U: 0.0118862
200 iterations
f(b) = 0.0123987
Frob norm 2 after updating B : 0.0120039
Iteration number -------- 44  -----------
lambda : 1.2392
max_diff => 4.999e-08
performed mixing
Frob norm 1 after updating U: 0.0119703
200 iterations
f(b) = 0.0161175
Frob norm 2 after updating B : 0.011933
Iteration number -------- 45  -----------
lambda : 1.24539
max_diff => 4.999e-08
performed mixing
Frob norm 1 after updating U: 0.0119007
200 iterations
f(b) = 0.0155655
Frob norm 2 after updating B : 0.011924
Iteration number -------- 46  -----------
lambda : 1.25162
max_diff => 4.999e-08
performed mixing
Frob norm 1 after updating U: 0.0119032
200 iterations
f(b) = 0.0137958
Frob norm 2 after updating B : 0.011909
Iteration number -------- 47  -----------
lambda : 1.25788
max_diff => 4.999e-08
performed mixing
Frob norm 1 after updating U: 0.0119032
200 iterations
f(b) = 0.0139295
Frob norm 2 after updating B : 0.0119091
Iteration number -------- 48  -----------
lambda : 1.26417
max_diff => 4.999e-08
performed mixing
Frob norm 1 after updating U: 0.0118942
200 iterations
f(b) = 0.0147805
Frob norm 2 after updating B : 0.0118245
Iteration number -------- 49  -----------
lambda : 1.27049
max_diff => 4.999e-08
performed mixing
Frob norm 1 after updating U: 0.0118113
200 iterations
f(b) = 0.0138841
Frob norm 2 after updating B : 0.0119272
Iteration number -------- 50  -----------
lambda : 1.27684
max_diff => 4.999e-08
performed mixing
Frob norm 1 after updating U: 0.0119161
200 iterations
f(b) = 0.0140411
Frob norm 2 after updating B : 0.0119589
Iteration number -------- 51  -----------
lambda : 1.28323
max_diff => 4.999e-08
performed mixing
Frob norm 1 after updating U: 0.0119489
200 iterations
f(b) = 0.0130982
Frob norm 2 after updating B : 0.0119385
Iteration number -------- 52  -----------
lambda : 1.28964
max_diff => 4.999e-08
performed mixing
Frob norm 1 after updating U: 0.0119317
200 iterations
f(b) = 0.0145308
Frob norm 2 after updating B : 0.0118386
Iteration number -------- 53  -----------
lambda : 1.29609
max_diff => 4.999e-08
performed mixing
Frob norm 1 after updating U: 0.0118337
200 iterations
f(b) = 0.0153766
Frob norm 2 after updating B : 0.0118405
Iteration number -------- 54  -----------
lambda : 1.30257
max_diff => 4.999e-08
performed mixing
Frob norm 1 after updating U: 0.0118411
200 iterations
f(b) = 0.0157533
Frob norm 2 after updating B : 0.0119316
Iteration number -------- 55  -----------
lambda : 1.30908
max_diff => 4.999e-08
performed mixing
Frob norm 1 after updating U: 0.0119342
200 iterations
f(b) = 0.0172433
Frob norm 2 after updating B : 0.0118498
Iteration number -------- 56  -----------
lambda : 1.31563
max_diff => 4.999e-08
performed mixing
Frob norm 1 after updating U: 0.0118474
200 iterations
f(b) = 0.0123885
Frob norm 2 after updating B : 0.0118654
Iteration number -------- 57  -----------
lambda : 1.32221
max_diff => 4.999e-08
performed mixing
Frob norm 1 after updating U: 0.0118723
200 iterations
f(b) = 0.0152502
Frob norm 2 after updating B : 0.0119487
Iteration number -------- 58  -----------
lambda : 1.32882
max_diff => 4.999e-08
performed mixing
Frob norm 1 after updating U: 0.0119334
200 iterations
f(b) = 0.0160003
Frob norm 2 after updating B : 0.0119491
Iteration number -------- 59  -----------
lambda : 1.33546
max_diff => 4.999e-08
performed mixing
Frob norm 1 after updating U: 0.0119494
200 iterations
f(b) = 0.0177636
Frob norm 2 after updating B : 0.0118845
Iteration number -------- 60  -----------
lambda : 1.34214
max_diff => 4.999e-08
performed mixing
Frob norm 1 after updating U: 0.0118875
200 iterations
f(b) = 0.0163364
Frob norm 2 after updating B : 0.0120114
Iteration number -------- 61  -----------
lambda : 1.34885
max_diff => 4.999e-08
performed mixing
Frob norm 1 after updating U: 0.0120004
200 iterations
f(b) = 0.0137084
Frob norm 2 after updating B : 0.0119363
Iteration number -------- 62  -----------
lambda : 1.35559
max_diff => 4.999e-08
performed mixing
Frob norm 1 after updating U: 0.0119408
200 iterations
f(b) = 0.015636
Frob norm 2 after updating B : 0.0119178
Iteration number -------- 63  -----------
lambda : 1.36237
max_diff => 4.999e-08
performed mixing
Frob norm 1 after updating U: 0.0119207
200 iterations
f(b) = 0.0146279
Frob norm 2 after updating B : 0.0119232
Iteration number -------- 64  -----------
lambda : 1.36918
max_diff => 4.999e-08
performed mixing
Frob norm 1 after updating U: 0.0119252
200 iterations
f(b) = 0.0149287
Frob norm 2 after updating B : 0.0119151
Iteration number -------- 65  -----------
lambda : 1.37603
max_diff => 4.999e-08
performed mixing
Frob norm 1 after updating U: 0.0119124
200 iterations
f(b) = 0.0160955
Frob norm 2 after updating B : 0.0118657
Iteration number -------- 66  -----------
lambda : 1.38291
max_diff => 4.999e-08
performed mixing
Frob norm 1 after updating U: 0.0118661
200 iterations
f(b) = 0.0221611
Frob norm 2 after updating B : 0.011828
Iteration number -------- 67  -----------
lambda : 1.38982
max_diff => 4.999e-08
performed mixing
Frob norm 1 after updating U: 0.011823
200 iterations
f(b) = 0.0184079
Frob norm 2 after updating B : 0.0118617
Iteration number -------- 68  -----------
lambda : 1.39677
max_diff => 4.999e-08
performed mixing
Frob norm 1 after updating U: 0.0118543
200 iterations
f(b) = 0.0155603
Frob norm 2 after updating B : 0.0118603
Iteration number -------- 69  -----------
lambda : 1.40376
max_diff => 4.999e-08
performed mixing
Frob norm 1 after updating U: 0.0118633
200 iterations
f(b) = 0.0174042
Frob norm 2 after updating B : 0.0119632
Iteration number -------- 70  -----------
lambda : 1.41078
max_diff => 4.999e-08
performed mixing
Frob norm 1 after updating U: 0.0119601
200 iterations
f(b) = 0.0184953
Frob norm 2 after updating B : 0.0118656
Iteration number -------- 71  -----------
lambda : 1.41783
max_diff => 4.999e-08
performed mixing
Frob norm 1 after updating U: 0.0118584
200 iterations
f(b) = 0.0115546
Frob norm 2 after updating B : 0.0119435
Iteration number -------- 72  -----------
lambda : 1.42492
max_diff => 4.999e-08
performed mixing
Frob norm 1 after updating U: 0.0119425
200 iterations
f(b) = 0.0141619
Frob norm 2 after updating B : 0.0119481
Iteration number -------- 73  -----------
lambda : 1.43204
max_diff => 4.999e-08
performed mixing
Frob norm 1 after updating U: 0.0119548
200 iterations
f(b) = 0.0161439
Frob norm 2 after updating B : 0.0118955
Iteration number -------- 74  -----------
lambda : 1.4392
max_diff => 4.999e-08
performed mixing
Frob norm 1 after updating U: 0.0118952
200 iterations
f(b) = 0.0202148
Frob norm 2 after updating B : 0.0118559
Iteration number -------- 75  -----------
lambda : 1.4464
max_diff => 4.999e-08
performed mixing
Frob norm 1 after updating U: 0.0118492
200 iterations
f(b) = 0.0204742
Frob norm 2 after updating B : 0.0118245
Iteration number -------- 76  -----------
lambda : 1.45363
max_diff => 4.999e-08
performed mixing
Frob norm 1 after updating U: 0.0118318
200 iterations
f(b) = 0.0131029
Frob norm 2 after updating B : 0.0119307
Iteration number -------- 77  -----------
lambda : 1.4609
max_diff => 4.999e-08
performed mixing
Frob norm 1 after updating U: 0.0119297
200 iterations
f(b) = 0.01301
Frob norm 2 after updating B : 0.0118799
Iteration number -------- 78  -----------
lambda : 1.46821
max_diff => 4.999e-08
performed mixing
Frob norm 1 after updating U: 0.0118824
200 iterations
f(b) = 0.0196804
Frob norm 2 after updating B : 0.0119492
Iteration number -------- 79  -----------
lambda : 1.47555
max_diff => 4.999e-08
performed mixing
Frob norm 1 after updating U: 0.0119367
200 iterations
f(b) = 0.0196199
Frob norm 2 after updating B : 0.0120059
Iteration number -------- 80  -----------
lambda : 1.48292
max_diff => 4.999e-08
performed mixing
Frob norm 1 after updating U: 0.0120035
200 iterations
f(b) = 0.0179609
Frob norm 2 after updating B : 0.0118655
Iteration number -------- 81  -----------
lambda : 1.49034
max_diff => 4.999e-08
performed mixing
Frob norm 1 after updating U: 0.0118558
200 iterations
f(b) = 0.0125643
Frob norm 2 after updating B : 0.0119181
Iteration number -------- 82  -----------
lambda : 1.49779
max_diff => 4.999e-08
performed mixing
Frob norm 1 after updating U: 0.0119058
200 iterations
f(b) = 0.0201919
Frob norm 2 after updating B : 0.0119278
Iteration number -------- 83  -----------
lambda : 1.50528
max_diff => 4.999e-08
performed mixing
Frob norm 1 after updating U: 0.0119337
200 iterations
f(b) = 0.0245093
Frob norm 2 after updating B : 0.0117551
Iteration number -------- 84  -----------
lambda : 1.51281
max_diff => 4.999e-08
performed mixing
Frob norm 1 after updating U: 0.0117573
200 iterations
f(b) = 0.0185935
Frob norm 2 after updating B : 0.0118757
Iteration number -------- 85  -----------
lambda : 1.52037
max_diff => 4.999e-08
performed mixing
Frob norm 1 after updating U: 0.0118742
200 iterations
f(b) = 0.0171578
Frob norm 2 after updating B : 0.0118865
Iteration number -------- 86  -----------
lambda : 1.52797
max_diff => 4.999e-08
performed mixing
Frob norm 1 after updating U: 0.0118882
200 iterations
f(b) = 0.0217029
Frob norm 2 after updating B : 0.0118453
Iteration number -------- 87  -----------
lambda : 1.53561
max_diff => 4.999e-08
performed mixing
Frob norm 1 after updating U: 0.011844
200 iterations
f(b) = 0.0223299
Frob norm 2 after updating B : 0.0118431
Iteration number -------- 88  -----------
lambda : 1.54329
max_diff => 4.999e-08
performed mixing
Frob norm 1 after updating U: 0.011834
200 iterations
f(b) = 0.0162758
Frob norm 2 after updating B : 0.0118666
Iteration number -------- 89  -----------
lambda : 1.55101
max_diff => 4.999e-08
performed mixing
Frob norm 1 after updating U: 0.0118596
200 iterations
f(b) = 0.0271985
Frob norm 2 after updating B : 0.0118498
Iteration number -------- 90  -----------
lambda : 1.55876
max_diff => 4.999e-08
performed mixing
Frob norm 1 after updating U: 0.0118429
200 iterations
f(b) = 0.0158868
Frob norm 2 after updating B : 0.011923
Iteration number -------- 91  -----------
lambda : 1.56655
max_diff => 4.999e-08
performed mixing
Frob norm 1 after updating U: 0.0119251
200 iterations
f(b) = 0.0138082
Frob norm 2 after updating B : 0.0119844
Iteration number -------- 92  -----------
lambda : 1.57439
max_diff => 4.999e-08
performed mixing
Frob norm 1 after updating U: 0.011976
200 iterations
f(b) = 0.0208921
Frob norm 2 after updating B : 0.011984
Iteration number -------- 93  -----------
lambda : 1.58226
max_diff => 4.999e-08
performed mixing
Frob norm 1 after updating U: 0.0119745
200 iterations
f(b) = 0.022141
Frob norm 2 after updating B : 0.0118225
Iteration number -------- 94  -----------
lambda : 1.59017
max_diff => 4.999e-08
performed mixing
Frob norm 1 after updating U: 0.0118272
200 iterations
f(b) = 0.0170417
Frob norm 2 after updating B : 0.0119369
Iteration number -------- 95  -----------
lambda : 1.59812
max_diff => 4.999e-08
performed mixing
Frob norm 1 after updating U: 0.0119264
200 iterations
f(b) = 0.0129455
Frob norm 2 after updating B : 0.0119519
Iteration number -------- 96  -----------
lambda : 1.60611
max_diff => 4.999e-08
performed mixing
Frob norm 1 after updating U: 0.0119437
200 iterations
f(b) = 0.0244359
Frob norm 2 after updating B : 0.0118206
Iteration number -------- 97  -----------
lambda : 1.61414
max_diff => 4.999e-08
performed mixing
Frob norm 1 after updating U: 0.011823
200 iterations
f(b) = 0.0174565
Frob norm 2 after updating B : 0.0118748
Iteration number -------- 98  -----------
lambda : 1.62221
max_diff => 4.999e-08
performed mixing
Frob norm 1 after updating U: 0.0118779
200 iterations
f(b) = 0.0217418
Frob norm 2 after updating B : 0.0118629
Iteration number -------- 99  -----------
lambda : 1.63032
max_diff => 4.999e-08
performed mixing
Frob norm 1 after updating U: 0.0118656
200 iterations
f(b) = 0.015494
Frob norm 2 after updating B : 0.0119494
Iteration number -------- 100  -----------
lambda : 1.63848
max_diff => 4.999e-08
