Academic license - for non-commercial use only
Frob norm 1 after updating U: 11.1611
200 iterations
f(b) = 65.5776
Frob norm 2 after updating B : 7.45084
Iteration number -------- 1  -----------
lambda : 1
max_diff => 0.149979
performed mixing
Frob norm 1 after updating U: 6.25459
200 iterations
f(b) = 58.819
Frob norm 2 after updating B : 7.07451
Iteration number -------- 2  -----------
lambda : 1.005
max_diff => 0.124099
performed mixing
Frob norm 1 after updating U: 5.92484
200 iterations
f(b) = 51.9822
Frob norm 2 after updating B : 6.72492
Iteration number -------- 3  -----------
lambda : 1.01002
max_diff => 0.112236
performed mixing
Frob norm 1 after updating U: 5.57199
200 iterations
f(b) = 46.2584
Frob norm 2 after updating B : 6.36756
Iteration number -------- 4  -----------
lambda : 1.01508
max_diff => 0.0950655
performed mixing
Frob norm 1 after updating U: 5.45437
200 iterations
f(b) = 41.8694
Frob norm 2 after updating B : 6.10009
Iteration number -------- 5  -----------
lambda : 1.02015
max_diff => 0.0508585
performed mixing
Frob norm 1 after updating U: 5.32816
200 iterations
f(b) = 38.3973
Frob norm 2 after updating B : 5.88174
Iteration number -------- 6  -----------
lambda : 1.02525
max_diff => 0.045181
performed mixing
Frob norm 1 after updating U: 5.27249
200 iterations
f(b) = 35.8519
Frob norm 2 after updating B : 5.68299
Iteration number -------- 7  -----------
lambda : 1.03038
max_diff => 0.0484054
performed mixing
Frob norm 1 after updating U: 5.2452
200 iterations
f(b) = 33.8452
Frob norm 2 after updating B : 5.56538
Iteration number -------- 8  -----------
lambda : 1.03553
max_diff => 0.0494831
performed mixing
Frob norm 1 after updating U: 5.22852
200 iterations
f(b) = 32.4286
Frob norm 2 after updating B : 5.46996
Iteration number -------- 9  -----------
lambda : 1.04071
max_diff => 0.0529066
performed mixing
Frob norm 1 after updating U: 5.2165
200 iterations
f(b) = 31.5355
Frob norm 2 after updating B : 5.38205
Iteration number -------- 10  -----------
lambda : 1.04591
max_diff => 0.0529437
performed mixing
Frob norm 1 after updating U: 5.21617
200 iterations
f(b) = 30.9174
Frob norm 2 after updating B : 5.32406
Iteration number -------- 11  -----------
lambda : 1.05114
max_diff => 0.0532256
performed mixing
Frob norm 1 after updating U: 5.21434
200 iterations
f(b) = 30.4462
Frob norm 2 after updating B : 5.28191
Iteration number -------- 12  -----------
lambda : 1.0564
max_diff => 0.0548834
performed mixing
Frob norm 1 after updating U: 5.20032
200 iterations
f(b) = 26.7735
Frob norm 2 after updating B : 4.92847
Iteration number -------- 13  -----------
lambda : 1.06168
max_diff => 0.0581158
performed mixing
Frob norm 1 after updating U: 4.65439
200 iterations
f(b) = 25.8616
Frob norm 2 after updating B : 4.83348
Iteration number -------- 14  -----------
lambda : 1.06699
max_diff => 0.0581984
performed mixing
Frob norm 1 after updating U: 4.65347
200 iterations
f(b) = 25.2595
Frob norm 2 after updating B : 4.77064
Iteration number -------- 15  -----------
lambda : 1.07232
max_diff => 0.058375
performed mixing
Frob norm 1 after updating U: 4.65171
200 iterations
f(b) = 24.7865
Frob norm 2 after updating B : 4.72725
Iteration number -------- 16  -----------
lambda : 1.07768
max_diff => 0.0600784
performed mixing
Frob norm 1 after updating U: 4.63776
200 iterations
f(b) = 24.5241
Frob norm 2 after updating B : 4.69587
Iteration number -------- 17  -----------
lambda : 1.08307
max_diff => 0.0601283
performed mixing
Frob norm 1 after updating U: 4.63737
200 iterations
f(b) = 24.3419
Frob norm 2 after updating B : 4.67525
Iteration number -------- 18  -----------
lambda : 1.08849
max_diff => 0.0601907
performed mixing
Frob norm 1 after updating U: 4.63688
200 iterations
f(b) = 24.0982
Frob norm 2 after updating B : 4.65998
Iteration number -------- 19  -----------
lambda : 1.09393
max_diff => 0.0622599
performed mixing
Frob norm 1 after updating U: 4.61502
200 iterations
f(b) = 24.0058
Frob norm 2 after updating B : 4.64422
Iteration number -------- 20  -----------
lambda : 1.0994
max_diff => 0.0622608
performed mixing
Frob norm 1 after updating U: 4.61496
200 iterations
f(b) = 23.9187
Frob norm 2 after updating B : 4.63405
Iteration number -------- 21  -----------
lambda : 1.1049
max_diff => 0.0622803
performed mixing
Frob norm 1 after updating U: 4.61464
200 iterations
f(b) = 23.8679
Frob norm 2 after updating B : 4.62729
Iteration number -------- 22  -----------
lambda : 1.11042
max_diff => 0.0622961
performed mixing
Frob norm 1 after updating U: 4.61435
200 iterations
f(b) = 23.7934
Frob norm 2 after updating B : 4.62169
Iteration number -------- 23  -----------
lambda : 1.11597
max_diff => 0.0624468
performed mixing
Frob norm 1 after updating U: 4.61009
200 iterations
f(b) = 23.7728
Frob norm 2 after updating B : 4.61678
Iteration number -------- 24  -----------
lambda : 1.12155
max_diff => 0.0624682
performed mixing
Frob norm 1 after updating U: 4.60838
200 iterations
f(b) = 23.6891
Frob norm 2 after updating B : 4.61169
Iteration number -------- 25  -----------
lambda : 1.12716
max_diff => 0.0624596
performed mixing
Frob norm 1 after updating U: 4.5949
200 iterations
f(b) = 23.6741
Frob norm 2 after updating B : 4.6043
Iteration number -------- 26  -----------
lambda : 1.1328
max_diff => 0.0624664
performed mixing
Frob norm 1 after updating U: 4.5924
200 iterations
f(b) = 20.391
Frob norm 2 after updating B : 4.20907
Iteration number -------- 27  -----------
lambda : 1.13846
max_diff => 0.0691726
performed mixing
Frob norm 1 after updating U: 3.69467
200 iterations
f(b) = 17.9357
Frob norm 2 after updating B : 3.9656
Iteration number -------- 28  -----------
lambda : 1.14415
max_diff => 0.0617608
performed mixing
Frob norm 1 after updating U: 3.5655
200 iterations
f(b) = 16.8767
Frob norm 2 after updating B : 3.82415
Iteration number -------- 29  -----------
lambda : 1.14987
max_diff => 0.061332
performed mixing
Frob norm 1 after updating U: 3.55384
200 iterations
f(b) = 16.0906
Frob norm 2 after updating B : 3.74097
Iteration number -------- 30  -----------
lambda : 1.15562
max_diff => 0.0599433
performed mixing
Frob norm 1 after updating U: 3.54003
200 iterations
f(b) = 15.5716
Frob norm 2 after updating B : 3.67059
Iteration number -------- 31  -----------
lambda : 1.1614
max_diff => 0.059122
performed mixing
Frob norm 1 after updating U: 3.53162
200 iterations
f(b) = 15.223
Frob norm 2 after updating B : 3.622
Iteration number -------- 32  -----------
lambda : 1.16721
max_diff => 0.0590622
performed mixing
Frob norm 1 after updating U: 3.5317
200 iterations
f(b) = 15.0318
Frob norm 2 after updating B : 3.59047
Iteration number -------- 33  -----------
lambda : 1.17304
max_diff => 0.0589706
performed mixing
Frob norm 1 after updating U: 3.53158
200 iterations
f(b) = 14.7887
Frob norm 2 after updating B : 3.57841
Iteration number -------- 34  -----------
lambda : 1.17891
max_diff => 0.057921
performed mixing
Frob norm 1 after updating U: 3.52637
200 iterations
f(b) = 14.7153
Frob norm 2 after updating B : 3.5599
Iteration number -------- 35  -----------
lambda : 1.1848
max_diff => 0.0579465
performed mixing
Frob norm 1 after updating U: 3.52637
200 iterations
f(b) = 14.6375
Frob norm 2 after updating B : 3.54777
Iteration number -------- 36  -----------
lambda : 1.19073
max_diff => 0.0580143
performed mixing
Frob norm 1 after updating U: 3.52611
200 iterations
f(b) = 14.594
Frob norm 2 after updating B : 3.54
Iteration number -------- 37  -----------
lambda : 1.19668
max_diff => 0.0580471
performed mixing
Frob norm 1 after updating U: 3.52604
200 iterations
f(b) = 14.5696
Frob norm 2 after updating B : 3.53491
Iteration number -------- 38  -----------
lambda : 1.20266
max_diff => 0.0580932
performed mixing
Frob norm 1 after updating U: 3.52588
200 iterations
f(b) = 14.5566
Frob norm 2 after updating B : 3.53163
Iteration number -------- 39  -----------
lambda : 1.20868
max_diff => 0.0581218
performed mixing
Frob norm 1 after updating U: 3.5258
200 iterations
f(b) = 14.5462
Frob norm 2 after updating B : 3.52921
Iteration number -------- 40  -----------
lambda : 1.21472
max_diff => 0.0581682
performed mixing
Frob norm 1 after updating U: 3.52541
200 iterations
f(b) = 14.5499
Frob norm 2 after updating B : 3.52784
Iteration number -------- 41  -----------
lambda : 1.22079
max_diff => 0.0582206
performed mixing
Frob norm 1 after updating U: 3.52534
200 iterations
f(b) = 14.5536
Frob norm 2 after updating B : 3.52689
Iteration number -------- 42  -----------
lambda : 1.2269
max_diff => 0.0582837
performed mixing
Frob norm 1 after updating U: 3.52525
200 iterations
f(b) = 14.4784
Frob norm 2 after updating B : 3.52553
Iteration number -------- 43  -----------
lambda : 1.23303
max_diff => 0.0598092
performed mixing
Frob norm 1 after updating U: 3.52157
200 iterations
f(b) = 14.535
Frob norm 2 after updating B : 3.52424
Iteration number -------- 44  -----------
lambda : 1.2392
max_diff => 0.0598114
performed mixing
Frob norm 1 after updating U: 3.52169
200 iterations
f(b) = 14.5435
Frob norm 2 after updating B : 3.52337
Iteration number -------- 45  -----------
lambda : 1.24539
max_diff => 0.0598137
performed mixing
Frob norm 1 after updating U: 3.52171
200 iterations
f(b) = 14.5492
Frob norm 2 after updating B : 3.52278
Iteration number -------- 46  -----------
lambda : 1.25162
max_diff => 0.0598199
performed mixing
Frob norm 1 after updating U: 3.52168
200 iterations
f(b) = 14.5555
Frob norm 2 after updating B : 3.5225
Iteration number -------- 47  -----------
lambda : 1.25788
max_diff => 0.0598288
performed mixing
Frob norm 1 after updating U: 3.52175
200 iterations
f(b) = 14.5606
Frob norm 2 after updating B : 3.52228
Iteration number -------- 48  -----------
lambda : 1.26417
max_diff => 0.0598457
performed mixing
Frob norm 1 after updating U: 3.52174
200 iterations
f(b) = 14.5323
Frob norm 2 after updating B : 3.52208
Iteration number -------- 49  -----------
lambda : 1.27049
max_diff => 0.0598577
performed mixing
Frob norm 1 after updating U: 3.52166
200 iterations
f(b) = 14.5774
Frob norm 2 after updating B : 3.52208
Iteration number -------- 50  -----------
lambda : 1.27684
max_diff => 0.0598707
performed mixing
Frob norm 1 after updating U: 3.52178
200 iterations
f(b) = 14.5735
Frob norm 2 after updating B : 3.52194
Iteration number -------- 51  -----------
lambda : 1.28323
max_diff => 0.059887
performed mixing
Frob norm 1 after updating U: 3.52169
200 iterations
f(b) = 14.5778
Frob norm 2 after updating B : 3.52174
Iteration number -------- 52  -----------
lambda : 1.28964
max_diff => 0.0598985
performed mixing
Frob norm 1 after updating U: 3.52154
200 iterations
f(b) = 14.6092
Frob norm 2 after updating B : 3.52179
Iteration number -------- 53  -----------
lambda : 1.29609
max_diff => 0.0599104
performed mixing
Frob norm 1 after updating U: 3.52165
200 iterations
f(b) = 14.62
Frob norm 2 after updating B : 3.52184
Iteration number -------- 54  -----------
lambda : 1.30257
max_diff => 0.0599168
performed mixing
Frob norm 1 after updating U: 3.52173
200 iterations
f(b) = 14.6231
Frob norm 2 after updating B : 3.52202
Iteration number -------- 55  -----------
lambda : 1.30908
max_diff => 0.0599293
performed mixing
Frob norm 1 after updating U: 3.52191
200 iterations
f(b) = 14.6372
Frob norm 2 after updating B : 3.52202
Iteration number -------- 56  -----------
lambda : 1.31563
max_diff => 0.0599381
performed mixing
Frob norm 1 after updating U: 3.52192
200 iterations
f(b) = 14.5712
Frob norm 2 after updating B : 3.52572
Iteration number -------- 57  -----------
lambda : 1.32221
max_diff => 0.0602408
performed mixing
Frob norm 1 after updating U: 3.52331
200 iterations
f(b) = 14.6264
Frob norm 2 after updating B : 3.52487
Iteration number -------- 58  -----------
lambda : 1.32882
max_diff => 0.060243
performed mixing
Frob norm 1 after updating U: 3.52329
200 iterations
f(b) = 14.6429
Frob norm 2 after updating B : 3.52444
Iteration number -------- 59  -----------
lambda : 1.33546
max_diff => 0.0602305
performed mixing
Frob norm 1 after updating U: 3.52339
200 iterations
f(b) = 14.6533
Frob norm 2 after updating B : 3.52417
Iteration number -------- 60  -----------
lambda : 1.34214
max_diff => 0.060226
performed mixing
Frob norm 1 after updating U: 3.52346
200 iterations
f(b) = 14.661
Frob norm 2 after updating B : 3.52401
Iteration number -------- 61  -----------
lambda : 1.34885
max_diff => 0.0602271
performed mixing
Frob norm 1 after updating U: 3.52352
200 iterations
f(b) = 14.6692
Frob norm 2 after updating B : 3.5239
Iteration number -------- 62  -----------
lambda : 1.35559
max_diff => 0.0602218
performed mixing
Frob norm 1 after updating U: 3.52354
200 iterations
f(b) = 14.6782
Frob norm 2 after updating B : 3.52394
Iteration number -------- 63  -----------
lambda : 1.36237
max_diff => 0.0602168
performed mixing
Frob norm 1 after updating U: 3.52367
200 iterations
f(b) = 14.6903
Frob norm 2 after updating B : 3.52396
Iteration number -------- 64  -----------
lambda : 1.36918
max_diff => 0.0602138
performed mixing
Frob norm 1 after updating U: 3.52375
200 iterations
f(b) = 14.6974
Frob norm 2 after updating B : 3.52396
Iteration number -------- 65  -----------
lambda : 1.37603
max_diff => 0.0602081
performed mixing
Frob norm 1 after updating U: 3.5238
200 iterations
f(b) = 14.7089
Frob norm 2 after updating B : 3.52407
Iteration number -------- 66  -----------
lambda : 1.38291
max_diff => 0.0602006
performed mixing
Frob norm 1 after updating U: 3.52394
200 iterations
f(b) = 14.7181
Frob norm 2 after updating B : 3.5241
Iteration number -------- 67  -----------
lambda : 1.38982
max_diff => 0.0601919
performed mixing
Frob norm 1 after updating U: 3.52399
200 iterations
f(b) = 14.7334
Frob norm 2 after updating B : 3.52414
Iteration number -------- 68  -----------
lambda : 1.39677
max_diff => 0.0601888
performed mixing
Frob norm 1 after updating U: 3.52406
200 iterations
f(b) = 14.7424
Frob norm 2 after updating B : 3.52417
Iteration number -------- 69  -----------
lambda : 1.40376
max_diff => 0.060184
performed mixing
Frob norm 1 after updating U: 3.5241
200 iterations
f(b) = 14.7546
Frob norm 2 after updating B : 3.52424
Iteration number -------- 70  -----------
lambda : 1.41078
max_diff => 0.0601805
performed mixing
Frob norm 1 after updating U: 3.52418
200 iterations
f(b) = 14.7556
Frob norm 2 after updating B : 3.52432
Iteration number -------- 71  -----------
lambda : 1.41783
max_diff => 0.0601896
performed mixing
Frob norm 1 after updating U: 3.52425
200 iterations
f(b) = 14.7746
Frob norm 2 after updating B : 3.52452
Iteration number -------- 72  -----------
lambda : 1.42492
max_diff => 0.0601746
performed mixing
Frob norm 1 after updating U: 3.52445
200 iterations
f(b) = 14.7843
Frob norm 2 after updating B : 3.52455
Iteration number -------- 73  -----------
lambda : 1.43204
max_diff => 0.0601675
performed mixing
Frob norm 1 after updating U: 3.52449
200 iterations
f(b) = 14.7238
Frob norm 2 after updating B : 3.52468
Iteration number -------- 74  -----------
lambda : 1.4392
max_diff => 0.0601611
performed mixing
Frob norm 1 after updating U: 3.52463
200 iterations
f(b) = 14.8077
Frob norm 2 after updating B : 3.52472
Iteration number -------- 75  -----------
lambda : 1.4464
max_diff => 0.0601523
performed mixing
Frob norm 1 after updating U: 3.52467
200 iterations
f(b) = 14.8164
Frob norm 2 after updating B : 3.52483
Iteration number -------- 76  -----------
lambda : 1.45363
max_diff => 0.0601456
performed mixing
Frob norm 1 after updating U: 3.52479
200 iterations
f(b) = 14.8312
Frob norm 2 after updating B : 3.52487
Iteration number -------- 77  -----------
lambda : 1.4609
max_diff => 0.0601427
performed mixing
Frob norm 1 after updating U: 3.52484
200 iterations
f(b) = 14.8407
Frob norm 2 after updating B : 3.52482
Iteration number -------- 78  -----------
lambda : 1.46821
max_diff => 0.060133
performed mixing
Frob norm 1 after updating U: 3.52479
200 iterations
f(b) = 14.8499
Frob norm 2 after updating B : 3.52496
Iteration number -------- 79  -----------
lambda : 1.47555
max_diff => 0.0601292
performed mixing
Frob norm 1 after updating U: 3.52493
200 iterations
f(b) = 14.8554
Frob norm 2 after updating B : 3.52518
Iteration number -------- 80  -----------
lambda : 1.48292
max_diff => 0.0601149
performed mixing
Frob norm 1 after updating U: 3.52513
200 iterations
f(b) = 14.8711
Frob norm 2 after updating B : 3.52531
Iteration number -------- 81  -----------
lambda : 1.49034
max_diff => 0.0601084
performed mixing
Frob norm 1 after updating U: 3.52526
200 iterations
f(b) = 14.884
Frob norm 2 after updating B : 3.5254
Iteration number -------- 82  -----------
lambda : 1.49779
max_diff => 0.0600991
performed mixing
Frob norm 1 after updating U: 3.52535
200 iterations
f(b) = 14.888
Frob norm 2 after updating B : 3.52559
Iteration number -------- 83  -----------
lambda : 1.50528
max_diff => 0.0600821
performed mixing
Frob norm 1 after updating U: 3.52553
200 iterations
f(b) = 14.9009
Frob norm 2 after updating B : 3.52561
Iteration number -------- 84  -----------
lambda : 1.51281
max_diff => 0.0600743
performed mixing
Frob norm 1 after updating U: 3.52556
200 iterations
f(b) = 14.914
Frob norm 2 after updating B : 3.52574
Iteration number -------- 85  -----------
lambda : 1.52037
max_diff => 0.0600655
performed mixing
Frob norm 1 after updating U: 3.52569
200 iterations
f(b) = 14.9271
Frob norm 2 after updating B : 3.52586
Iteration number -------- 86  -----------
lambda : 1.52797
max_diff => 0.0600469
performed mixing
Frob norm 1 after updating U: 3.52581
200 iterations
f(b) = 14.9395
Frob norm 2 after updating B : 3.52594
Iteration number -------- 87  -----------
lambda : 1.53561
max_diff => 0.0600399
performed mixing
Frob norm 1 after updating U: 3.52589
200 iterations
f(b) = 14.9465
Frob norm 2 after updating B : 3.52608
Iteration number -------- 88  -----------
lambda : 1.54329
max_diff => 0.0600241
performed mixing
Frob norm 1 after updating U: 3.52603
200 iterations
f(b) = 14.9523
Frob norm 2 after updating B : 3.52629
Iteration number -------- 89  -----------
lambda : 1.55101
max_diff => 0.0600081
performed mixing
Frob norm 1 after updating U: 3.52623
200 iterations
f(b) = 14.9674
Frob norm 2 after updating B : 3.52643
Iteration number -------- 90  -----------
lambda : 1.55876
max_diff => 0.0600014
performed mixing
Frob norm 1 after updating U: 3.52637
200 iterations
f(b) = 14.8661
Frob norm 2 after updating B : 3.53799
Iteration number -------- 91  -----------
lambda : 1.56655
max_diff => 0.0593822
performed mixing
Frob norm 1 after updating U: 3.53249
200 iterations
f(b) = 14.9408
Frob norm 2 after updating B : 3.53609
Iteration number -------- 92  -----------
lambda : 1.57439
max_diff => 0.0593724
performed mixing
Frob norm 1 after updating U: 3.53252
200 iterations
f(b) = 14.9469
Frob norm 2 after updating B : 3.53482
Iteration number -------- 93  -----------
lambda : 1.58226
max_diff => 0.0593677
performed mixing
Frob norm 1 after updating U: 3.53248
200 iterations
f(b) = 14.9457
Frob norm 2 after updating B : 3.53424
Iteration number -------- 94  -----------
lambda : 1.59017
max_diff => 0.0593601
performed mixing
Frob norm 1 after updating U: 3.53267
200 iterations
f(b) = 14.9567
Frob norm 2 after updating B : 3.53383
Iteration number -------- 95  -----------
lambda : 1.59812
max_diff => 0.0593418
performed mixing
Frob norm 1 after updating U: 3.53274
200 iterations
f(b) = 14.9645
Frob norm 2 after updating B : 3.53368
Iteration number -------- 96  -----------
lambda : 1.60611
max_diff => 0.0593291
performed mixing
Frob norm 1 after updating U: 3.53293
200 iterations
f(b) = 14.9694
Frob norm 2 after updating B : 3.53371
Iteration number -------- 97  -----------
lambda : 1.61414
max_diff => 0.0593047
performed mixing
Frob norm 1 after updating U: 3.53313
200 iterations
f(b) = 14.9736
Frob norm 2 after updating B : 3.5338
Iteration number -------- 98  -----------
lambda : 1.62221
max_diff => 0.0592796
performed mixing
Frob norm 1 after updating U: 3.53336
200 iterations
f(b) = 14.9824
Frob norm 2 after updating B : 3.5341
Iteration number -------- 99  -----------
lambda : 1.63032
max_diff => 0.0592513
performed mixing
Frob norm 1 after updating U: 3.53367
200 iterations
f(b) = 14.9924
Frob norm 2 after updating B : 3.53436
Iteration number -------- 100  -----------
lambda : 1.63848
max_diff => 0.0592184
