Academic license - for non-commercial use only
Frob norm 1 after updating U: 10.9908
200 iterations
f(b) = 53.4622
Frob norm 2 after updating B : 7.01169
Iteration number -------- 1  -----------
lambda : 1
max_diff => 0.133588
performed mixing
Frob norm 1 after updating U: 5.18208
200 iterations
f(b) = 44.4314
Frob norm 2 after updating B : 6.39851
Iteration number -------- 2  -----------
lambda : 1.005
max_diff => 0.0777682
performed mixing
Frob norm 1 after updating U: 4.79146
200 iterations
f(b) = 36.5253
Frob norm 2 after updating B : 5.78146
Iteration number -------- 3  -----------
lambda : 1.01002
max_diff => 0.0621207
performed mixing
Frob norm 1 after updating U: 4.05463
200 iterations
f(b) = 30.0507
Frob norm 2 after updating B : 5.15864
Iteration number -------- 4  -----------
lambda : 1.01508
max_diff => 0.0860399
performed mixing
Frob norm 1 after updating U: 3.72857
200 iterations
f(b) = 24.4312
Frob norm 2 after updating B : 4.52871
Iteration number -------- 5  -----------
lambda : 1.02015
max_diff => 0.203657
performed mixing
Frob norm 1 after updating U: 2.73956
200 iterations
f(b) = 19.4723
Frob norm 2 after updating B : 3.99086
Iteration number -------- 6  -----------
lambda : 1.02525
max_diff => 0.171014
performed mixing
Frob norm 1 after updating U: 2.34061
200 iterations
f(b) = 15.5561
Frob norm 2 after updating B : 3.50857
Iteration number -------- 7  -----------
lambda : 1.03038
max_diff => 0.176962
performed mixing
Frob norm 1 after updating U: 1.94211
200 iterations
f(b) = 12.5344
Frob norm 2 after updating B : 3.10793
Iteration number -------- 8  -----------
lambda : 1.03553
max_diff => 0.164336
performed mixing
Frob norm 1 after updating U: 1.60292
200 iterations
f(b) = 10.1605
Frob norm 2 after updating B : 2.74995
Iteration number -------- 9  -----------
lambda : 1.04071
max_diff => 0.145944
performed mixing
Frob norm 1 after updating U: 1.3456
200 iterations
f(b) = 8.26961
Frob norm 2 after updating B : 2.4322
Iteration number -------- 10  -----------
lambda : 1.04591
max_diff => 0.124186
performed mixing
Frob norm 1 after updating U: 1.14415
200 iterations
f(b) = 6.76514
Frob norm 2 after updating B : 2.15489
Iteration number -------- 11  -----------
lambda : 1.05114
max_diff => 0.102555
performed mixing
Frob norm 1 after updating U: 0.98331
200 iterations
f(b) = 5.53986
Frob norm 2 after updating B : 1.93145
Iteration number -------- 12  -----------
lambda : 1.0564
max_diff => 0.0813266
performed mixing
Frob norm 1 after updating U: 0.817888
200 iterations
f(b) = 4.52969
Frob norm 2 after updating B : 1.70795
Iteration number -------- 13  -----------
lambda : 1.06168
max_diff => 0.0660869
performed mixing
Frob norm 1 after updating U: 0.698318
200 iterations
f(b) = 3.71232
Frob norm 2 after updating B : 1.50835
Iteration number -------- 14  -----------
lambda : 1.06699
max_diff => 0.053803
performed mixing
Frob norm 1 after updating U: 0.605666
200 iterations
f(b) = 3.04362
Frob norm 2 after updating B : 1.34496
Iteration number -------- 15  -----------
lambda : 1.07232
max_diff => 0.0426818
performed mixing
Frob norm 1 after updating U: 0.512066
200 iterations
f(b) = 2.48448
Frob norm 2 after updating B : 1.22041
Iteration number -------- 16  -----------
lambda : 1.07768
max_diff => 0.0306355
performed mixing
Frob norm 1 after updating U: 0.412034
200 iterations
f(b) = 1.99833
Frob norm 2 after updating B : 1.09989
Iteration number -------- 17  -----------
lambda : 1.08307
max_diff => 0.0223387
performed mixing
Frob norm 1 after updating U: 0.33804
200 iterations
f(b) = 1.58707
Frob norm 2 after updating B : 1.02053
Iteration number -------- 18  -----------
lambda : 1.08849
max_diff => 0.0144596
performed mixing
Frob norm 1 after updating U: 0.266159
200 iterations
f(b) = 1.23584
Frob norm 2 after updating B : 0.890784
Iteration number -------- 19  -----------
lambda : 1.09393
max_diff => 0.0117861
performed mixing
Frob norm 1 after updating U: 0.243117
200 iterations
f(b) = 0.987269
Frob norm 2 after updating B : 0.754243
Iteration number -------- 20  -----------
lambda : 1.0994
max_diff => 0.0099784
performed mixing
Frob norm 1 after updating U: 0.226272
200 iterations
f(b) = 0.821356
Frob norm 2 after updating B : 0.626864
Iteration number -------- 21  -----------
lambda : 1.1049
max_diff => 0.00968487
performed mixing
Frob norm 1 after updating U: 0.223372
200 iterations
f(b) = 0.61946
Frob norm 2 after updating B : 0.637248
Iteration number -------- 22  -----------
lambda : 1.11042
max_diff => 0.00288807
performed mixing
Frob norm 1 after updating U: 0.132315
200 iterations
f(b) = 0.520985
Frob norm 2 after updating B : 0.521106
Iteration number -------- 23  -----------
lambda : 1.11597
max_diff => 0.00285088
performed mixing
Frob norm 1 after updating U: 0.131557
200 iterations
f(b) = 0.369147
Frob norm 2 after updating B : 0.531974
Iteration number -------- 24  -----------
lambda : 1.12155
max_diff => 0.000549589
performed mixing
Frob norm 1 after updating U: 0.0678523
200 iterations
f(b) = 0.307997
Frob norm 2 after updating B : 0.432865
Iteration number -------- 25  -----------
lambda : 1.12716
max_diff => 0.000521611
performed mixing
Frob norm 1 after updating U: 0.0666291
200 iterations
f(b) = 0.197539
Frob norm 2 after updating B : 0.415311
Iteration number -------- 26  -----------
lambda : 1.1328
max_diff => 2.12976e-05
performed mixing
Frob norm 1 after updating U: 0.0209567
200 iterations
f(b) = 0.170541
Frob norm 2 after updating B : 0.334416
Iteration number -------- 27  -----------
lambda : 1.13846
max_diff => 1.87131e-05
performed mixing
Frob norm 1 after updating U: 0.02014
200 iterations
f(b) = 0.129661
Frob norm 2 after updating B : 0.271079
Iteration number -------- 28  -----------
lambda : 1.14415
max_diff => 1.19168e-05
performed mixing
Frob norm 1 after updating U: 0.0177868
200 iterations
f(b) = 0.0987477
Frob norm 2 after updating B : 0.224457
Iteration number -------- 29  -----------
lambda : 1.14987
max_diff => 9.37742e-08
performed mixing
Frob norm 1 after updating U: 0.0121449
200 iterations
f(b) = 0.0854142
Frob norm 2 after updating B : 0.180103
Iteration number -------- 30  -----------
lambda : 1.15562
max_diff => 6.01442e-08
performed mixing
Frob norm 1 after updating U: 0.0120618
200 iterations
f(b) = 0.0723819
Frob norm 2 after updating B : 0.144477
Iteration number -------- 31  -----------
lambda : 1.1614
max_diff => 4.99994e-08
performed mixing
Frob norm 1 after updating U: 0.0119857
200 iterations
f(b) = 0.0582132
Frob norm 2 after updating B : 0.115862
Iteration number -------- 32  -----------
lambda : 1.16721
max_diff => 4.999e-08
performed mixing
Frob norm 1 after updating U: 0.0119839
200 iterations
f(b) = 0.0557134
Frob norm 2 after updating B : 0.0933863
Iteration number -------- 33  -----------
lambda : 1.17304
max_diff => 4.999e-08
performed mixing
Frob norm 1 after updating U: 0.0119749
200 iterations
f(b) = 0.0329573
Frob norm 2 after updating B : 0.0749791
Iteration number -------- 34  -----------
lambda : 1.17891
max_diff => 4.999e-08
performed mixing
Frob norm 1 after updating U: 0.012043
200 iterations
f(b) = 0.0254674
Frob norm 2 after updating B : 0.0605711
Iteration number -------- 35  -----------
lambda : 1.1848
max_diff => 4.999e-08
performed mixing
Frob norm 1 after updating U: 0.0120128
200 iterations
f(b) = 0.0252436
Frob norm 2 after updating B : 0.0490486
Iteration number -------- 36  -----------
lambda : 1.19073
max_diff => 4.999e-08
performed mixing
Frob norm 1 after updating U: 0.0120089
200 iterations
f(b) = 0.0232458
Frob norm 2 after updating B : 0.0399998
Iteration number -------- 37  -----------
lambda : 1.19668
max_diff => 4.999e-08
performed mixing
Frob norm 1 after updating U: 0.0119776
200 iterations
f(b) = 0.0235404
Frob norm 2 after updating B : 0.0328516
Iteration number -------- 38  -----------
lambda : 1.20266
max_diff => 4.999e-08
performed mixing
Frob norm 1 after updating U: 0.0119114
200 iterations
f(b) = 0.0204375
Frob norm 2 after updating B : 0.0272067
Iteration number -------- 39  -----------
lambda : 1.20868
max_diff => 4.999e-08
performed mixing
Frob norm 1 after updating U: 0.0121314
200 iterations
f(b) = 0.0267259
Frob norm 2 after updating B : 0.023093
Iteration number -------- 40  -----------
lambda : 1.21472
max_diff => 4.999e-08
performed mixing
Frob norm 1 after updating U: 0.0119909
200 iterations
f(b) = 0.0237263
Frob norm 2 after updating B : 0.0199618
Iteration number -------- 41  -----------
lambda : 1.22079
max_diff => 4.999e-08
performed mixing
Frob norm 1 after updating U: 0.0119955
200 iterations
f(b) = 0.0185249
Frob norm 2 after updating B : 0.0175666
Iteration number -------- 42  -----------
lambda : 1.2269
max_diff => 4.999e-08
performed mixing
Frob norm 1 after updating U: 0.0120175
200 iterations
f(b) = 0.0201433
Frob norm 2 after updating B : 0.015892
Iteration number -------- 43  -----------
lambda : 1.23303
max_diff => 4.999e-08
performed mixing
Frob norm 1 after updating U: 0.012029
200 iterations
f(b) = 0.0179299
Frob norm 2 after updating B : 0.0146303
Iteration number -------- 44  -----------
lambda : 1.2392
max_diff => 4.999e-08
performed mixing
Frob norm 1 after updating U: 0.0119986
200 iterations
f(b) = 0.0147702
Frob norm 2 after updating B : 0.0138259
Iteration number -------- 45  -----------
lambda : 1.24539
max_diff => 4.999e-08
performed mixing
Frob norm 1 after updating U: 0.0120791
200 iterations
f(b) = 0.0164644
Frob norm 2 after updating B : 0.0132186
Iteration number -------- 46  -----------
lambda : 1.25162
max_diff => 4.999e-08
performed mixing
Frob norm 1 after updating U: 0.012007
200 iterations
f(b) = 0.0166798
Frob norm 2 after updating B : 0.0128157
Iteration number -------- 47  -----------
lambda : 1.25788
max_diff => 4.999e-08
performed mixing
Frob norm 1 after updating U: 0.0119833
200 iterations
f(b) = 0.0188709
Frob norm 2 after updating B : 0.0124954
Iteration number -------- 48  -----------
lambda : 1.26417
max_diff => 4.999e-08
performed mixing
Frob norm 1 after updating U: 0.0118932
200 iterations
f(b) = 0.0133401
Frob norm 2 after updating B : 0.0123265
Iteration number -------- 49  -----------
lambda : 1.27049
max_diff => 4.999e-08
performed mixing
Frob norm 1 after updating U: 0.0118823
200 iterations
f(b) = 0.0155888
Frob norm 2 after updating B : 0.0121732
Iteration number -------- 50  -----------
lambda : 1.27684
max_diff => 4.999e-08
performed mixing
Frob norm 1 after updating U: 0.0119564
200 iterations
f(b) = 0.0149342
Frob norm 2 after updating B : 0.0120381
Iteration number -------- 51  -----------
lambda : 1.28323
max_diff => 4.999e-08
performed mixing
Frob norm 1 after updating U: 0.011851
200 iterations
f(b) = 0.0147965
Frob norm 2 after updating B : 0.0121446
Iteration number -------- 52  -----------
lambda : 1.28964
max_diff => 4.999e-08
performed mixing
Frob norm 1 after updating U: 0.0120213
200 iterations
f(b) = 0.0163631
Frob norm 2 after updating B : 0.0120452
Iteration number -------- 53  -----------
lambda : 1.29609
max_diff => 4.999e-08
performed mixing
Frob norm 1 after updating U: 0.0119328
200 iterations
f(b) = 0.0140795
Frob norm 2 after updating B : 0.0120081
Iteration number -------- 54  -----------
lambda : 1.30257
max_diff => 4.999e-08
performed mixing
Frob norm 1 after updating U: 0.0119268
200 iterations
f(b) = 0.0175436
Frob norm 2 after updating B : 0.0118855
Iteration number -------- 55  -----------
lambda : 1.30908
max_diff => 4.999e-08
performed mixing
Frob norm 1 after updating U: 0.011807
200 iterations
f(b) = 0.015843
Frob norm 2 after updating B : 0.0119541
Iteration number -------- 56  -----------
lambda : 1.31563
max_diff => 4.999e-08
performed mixing
Frob norm 1 after updating U: 0.0119084
200 iterations
f(b) = 0.0171871
Frob norm 2 after updating B : 0.0119573
Iteration number -------- 57  -----------
lambda : 1.32221
max_diff => 4.999e-08
performed mixing
Frob norm 1 after updating U: 0.011921
200 iterations
f(b) = 0.0130408
Frob norm 2 after updating B : 0.0119267
Iteration number -------- 58  -----------
lambda : 1.32882
max_diff => 4.999e-08
performed mixing
Frob norm 1 after updating U: 0.0119099
200 iterations
f(b) = 0.016165
Frob norm 2 after updating B : 0.0119108
Iteration number -------- 59  -----------
lambda : 1.33546
max_diff => 4.999e-08
performed mixing
Frob norm 1 after updating U: 0.0119003
200 iterations
f(b) = 0.0136058
Frob norm 2 after updating B : 0.011937
Iteration number -------- 60  -----------
lambda : 1.34214
max_diff => 4.999e-08
performed mixing
Frob norm 1 after updating U: 0.0119327
200 iterations
f(b) = 0.017194
Frob norm 2 after updating B : 0.0118949
Iteration number -------- 61  -----------
lambda : 1.34885
max_diff => 4.999e-08
performed mixing
Frob norm 1 after updating U: 0.0118798
200 iterations
f(b) = 0.0145969
Frob norm 2 after updating B : 0.0119332
Iteration number -------- 62  -----------
lambda : 1.35559
max_diff => 4.999e-08
performed mixing
Frob norm 1 after updating U: 0.0119263
200 iterations
f(b) = 0.0165639
Frob norm 2 after updating B : 0.0118981
Iteration number -------- 63  -----------
lambda : 1.36237
max_diff => 4.999e-08
performed mixing
Frob norm 1 after updating U: 0.0118966
200 iterations
f(b) = 0.0123988
Frob norm 2 after updating B : 0.0119482
Iteration number -------- 64  -----------
lambda : 1.36918
max_diff => 4.999e-08
performed mixing
Frob norm 1 after updating U: 0.0119433
200 iterations
f(b) = 0.0144548
Frob norm 2 after updating B : 0.0118254
Iteration number -------- 65  -----------
lambda : 1.37603
max_diff => 4.999e-08
performed mixing
Frob norm 1 after updating U: 0.0118299
200 iterations
f(b) = 0.0168436
Frob norm 2 after updating B : 0.0119963
Iteration number -------- 66  -----------
lambda : 1.38291
max_diff => 4.999e-08
performed mixing
Frob norm 1 after updating U: 0.0119927
200 iterations
f(b) = 0.0130999
Frob norm 2 after updating B : 0.0118572
Iteration number -------- 67  -----------
lambda : 1.38982
max_diff => 4.999e-08
performed mixing
Frob norm 1 after updating U: 0.0118532
200 iterations
f(b) = 0.0218826
Frob norm 2 after updating B : 0.0119099
Iteration number -------- 68  -----------
lambda : 1.39677
max_diff => 4.999e-08
performed mixing
Frob norm 1 after updating U: 0.011898
200 iterations
f(b) = 0.016784
Frob norm 2 after updating B : 0.0119268
Iteration number -------- 69  -----------
lambda : 1.40376
max_diff => 4.999e-08
performed mixing
Frob norm 1 after updating U: 0.0119207
200 iterations
f(b) = 0.020947
Frob norm 2 after updating B : 0.0119171
Iteration number -------- 70  -----------
lambda : 1.41078
max_diff => 4.999e-08
performed mixing
Frob norm 1 after updating U: 0.0119153
200 iterations
f(b) = 0.0215268
Frob norm 2 after updating B : 0.0118757
Iteration number -------- 71  -----------
lambda : 1.41783
max_diff => 4.999e-08
performed mixing
Frob norm 1 after updating U: 0.0118667
200 iterations
f(b) = 0.0147333
Frob norm 2 after updating B : 0.0119395
Iteration number -------- 72  -----------
lambda : 1.42492
max_diff => 4.999e-08
performed mixing
Frob norm 1 after updating U: 0.0119271
200 iterations
f(b) = 0.0162212
Frob norm 2 after updating B : 0.0118057
Iteration number -------- 73  -----------
lambda : 1.43204
max_diff => 4.999e-08
performed mixing
Frob norm 1 after updating U: 0.0118007
200 iterations
f(b) = 0.0176848
Frob norm 2 after updating B : 0.0118468
Iteration number -------- 74  -----------
lambda : 1.4392
max_diff => 4.999e-08
performed mixing
Frob norm 1 after updating U: 0.0118513
200 iterations
f(b) = 0.0142825
Frob norm 2 after updating B : 0.0118756
Iteration number -------- 75  -----------
lambda : 1.4464
max_diff => 4.999e-08
performed mixing
Frob norm 1 after updating U: 0.0118773
200 iterations
f(b) = 0.0140825
Frob norm 2 after updating B : 0.011884
Iteration number -------- 76  -----------
lambda : 1.45363
max_diff => 4.999e-08
performed mixing
Frob norm 1 after updating U: 0.0118839
200 iterations
f(b) = 0.0185956
Frob norm 2 after updating B : 0.0119137
Iteration number -------- 77  -----------
lambda : 1.4609
max_diff => 4.999e-08
performed mixing
Frob norm 1 after updating U: 0.011915
200 iterations
f(b) = 0.0239104
Frob norm 2 after updating B : 0.0118722
Iteration number -------- 78  -----------
lambda : 1.46821
max_diff => 4.999e-08
performed mixing
Frob norm 1 after updating U: 0.0118639
200 iterations
f(b) = 0.0191923
Frob norm 2 after updating B : 0.0118794
Iteration number -------- 79  -----------
lambda : 1.47555
max_diff => 4.999e-08
performed mixing
Frob norm 1 after updating U: 0.0118817
200 iterations
f(b) = 0.0160932
Frob norm 2 after updating B : 0.0119917
Iteration number -------- 80  -----------
lambda : 1.48292
max_diff => 4.999e-08
performed mixing
Frob norm 1 after updating U: 0.0119868
200 iterations
f(b) = 0.0200944
Frob norm 2 after updating B : 0.0118819
Iteration number -------- 81  -----------
lambda : 1.49034
max_diff => 4.999e-08
performed mixing
Frob norm 1 after updating U: 0.011883
200 iterations
f(b) = 0.011963
Frob norm 2 after updating B : 0.011956
Iteration number -------- 82  -----------
lambda : 1.49779
max_diff => 4.999e-08
performed mixing
Frob norm 1 after updating U: 0.0119569
200 iterations
f(b) = 0.0123343
Frob norm 2 after updating B : 0.0119227
Iteration number -------- 83  -----------
lambda : 1.50528
max_diff => 4.999e-08
performed mixing
Frob norm 1 after updating U: 0.0119125
200 iterations
f(b) = 0.015226
Frob norm 2 after updating B : 0.0118474
Iteration number -------- 84  -----------
lambda : 1.51281
max_diff => 4.999e-08
performed mixing
Frob norm 1 after updating U: 0.0118505
200 iterations
f(b) = 0.0151633
Frob norm 2 after updating B : 0.0119063
Iteration number -------- 85  -----------
lambda : 1.52037
max_diff => 4.999e-08
performed mixing
Frob norm 1 after updating U: 0.011907
200 iterations
f(b) = 0.0219449
Frob norm 2 after updating B : 0.0118793
Iteration number -------- 86  -----------
lambda : 1.52797
max_diff => 4.999e-08
performed mixing
Frob norm 1 after updating U: 0.0118717
200 iterations
f(b) = 0.0172791
Frob norm 2 after updating B : 0.0118778
Iteration number -------- 87  -----------
lambda : 1.53561
max_diff => 4.999e-08
performed mixing
Frob norm 1 after updating U: 0.0118794
200 iterations
f(b) = 0.0219065
Frob norm 2 after updating B : 0.011886
Iteration number -------- 88  -----------
lambda : 1.54329
max_diff => 4.999e-08
performed mixing
Frob norm 1 after updating U: 0.0118745
200 iterations
f(b) = 0.0293391
Frob norm 2 after updating B : 0.0118715
Iteration number -------- 89  -----------
lambda : 1.55101
max_diff => 4.999e-08
performed mixing
Frob norm 1 after updating U: 0.0118671
200 iterations
f(b) = 0.0154901
Frob norm 2 after updating B : 0.0119092
Iteration number -------- 90  -----------
lambda : 1.55876
max_diff => 4.999e-08
performed mixing
Frob norm 1 after updating U: 0.0119137
200 iterations
f(b) = 0.0113192
Frob norm 2 after updating B : 0.011918
Iteration number -------- 91  -----------
lambda : 1.56655
max_diff => 4.999e-08
performed mixing
Frob norm 1 after updating U: 0.0119207
200 iterations
f(b) = 0.0236165
Frob norm 2 after updating B : 0.0118207
Iteration number -------- 92  -----------
lambda : 1.57439
max_diff => 4.999e-08
performed mixing
Frob norm 1 after updating U: 0.0118128
200 iterations
f(b) = 0.0129102
Frob norm 2 after updating B : 0.0118587
Iteration number -------- 93  -----------
lambda : 1.58226
max_diff => 4.999e-08
performed mixing
Frob norm 1 after updating U: 0.0118519
200 iterations
f(b) = 0.0154704
Frob norm 2 after updating B : 0.0119409
Iteration number -------- 94  -----------
lambda : 1.59017
max_diff => 4.999e-08
performed mixing
Frob norm 1 after updating U: 0.0119379
200 iterations
f(b) = 0.0200697
Frob norm 2 after updating B : 0.0118983
Iteration number -------- 95  -----------
lambda : 1.59812
max_diff => 4.999e-08
performed mixing
Frob norm 1 after updating U: 0.0118914
200 iterations
f(b) = 0.0158738
Frob norm 2 after updating B : 0.0118502
Iteration number -------- 96  -----------
lambda : 1.60611
max_diff => 4.999e-08
performed mixing
Frob norm 1 after updating U: 0.0118442
200 iterations
f(b) = 0.0200924
Frob norm 2 after updating B : 0.0118983
Iteration number -------- 97  -----------
lambda : 1.61414
max_diff => 4.999e-08
performed mixing
Frob norm 1 after updating U: 0.0118987
200 iterations
f(b) = 0.0180811
Frob norm 2 after updating B : 0.0118573
Iteration number -------- 98  -----------
lambda : 1.62221
max_diff => 4.999e-08
performed mixing
Frob norm 1 after updating U: 0.0118625
200 iterations
f(b) = 0.0251212
Frob norm 2 after updating B : 0.0117761
Iteration number -------- 99  -----------
lambda : 1.63032
max_diff => 4.999e-08
performed mixing
Frob norm 1 after updating U: 0.0117725
200 iterations
f(b) = 0.0171191
Frob norm 2 after updating B : 0.0119532
Iteration number -------- 100  -----------
lambda : 1.63848
max_diff => 4.999e-08
