Academic license - for non-commercial use only
Frob norm 1 after updating U: 11.4608
200 iterations
f(b) = 58.9062
Frob norm 2 after updating B : 7.34992
Iteration number -------- 1  -----------
lambda : 1
max_diff => 0.123446
performed mixing
Frob norm 1 after updating U: 6.84632
200 iterations
f(b) = 55.9888
Frob norm 2 after updating B : 7.1621
Iteration number -------- 2  -----------
lambda : 1.005
max_diff => 0.124669
performed mixing
Frob norm 1 after updating U: 6.69535
200 iterations
f(b) = 53.3336
Frob norm 2 after updating B : 6.99346
Iteration number -------- 3  -----------
lambda : 1.01002
max_diff => 0.124881
performed mixing
Frob norm 1 after updating U: 6.54976
200 iterations
f(b) = 50.96
Frob norm 2 after updating B : 6.83386
Iteration number -------- 4  -----------
lambda : 1.01508
max_diff => 0.1232
performed mixing
Frob norm 1 after updating U: 6.42715
200 iterations
f(b) = 48.8252
Frob norm 2 after updating B : 6.6891
Iteration number -------- 5  -----------
lambda : 1.02015
max_diff => 0.119299
performed mixing
Frob norm 1 after updating U: 6.31856
200 iterations
f(b) = 46.8888
Frob norm 2 after updating B : 6.55979
Iteration number -------- 6  -----------
lambda : 1.02525
max_diff => 0.112658
performed mixing
Frob norm 1 after updating U: 6.21801
200 iterations
f(b) = 45.1777
Frob norm 2 after updating B : 6.44798
Iteration number -------- 7  -----------
lambda : 1.03038
max_diff => 0.102476
performed mixing
Frob norm 1 after updating U: 6.12492
200 iterations
f(b) = 43.6688
Frob norm 2 after updating B : 6.34143
Iteration number -------- 8  -----------
lambda : 1.03553
max_diff => 0.0935594
performed mixing
Frob norm 1 after updating U: 6.06942
200 iterations
f(b) = 42.433
Frob norm 2 after updating B : 6.24613
Iteration number -------- 9  -----------
lambda : 1.04071
max_diff => 0.0829018
performed mixing
Frob norm 1 after updating U: 6.01349
200 iterations
f(b) = 40.5812
Frob norm 2 after updating B : 5.91554
Iteration number -------- 10  -----------
lambda : 1.04591
max_diff => 0.0969178
performed mixing
Frob norm 1 after updating U: 5.00192
200 iterations
f(b) = 32.1143
Frob norm 2 after updating B : 5.35486
Iteration number -------- 11  -----------
lambda : 1.05114
max_diff => 0.074952
performed mixing
Frob norm 1 after updating U: 4.4235
200 iterations
f(b) = 28.7058
Frob norm 2 after updating B : 5.041
Iteration number -------- 12  -----------
lambda : 1.0564
max_diff => 0.0773782
performed mixing
Frob norm 1 after updating U: 4.31607
200 iterations
f(b) = 26.295
Frob norm 2 after updating B : 4.81337
Iteration number -------- 13  -----------
lambda : 1.06168
max_diff => 0.0706024
performed mixing
Frob norm 1 after updating U: 4.25732
200 iterations
f(b) = 24.56
Frob norm 2 after updating B : 4.64628
Iteration number -------- 14  -----------
lambda : 1.06699
max_diff => 0.059249
performed mixing
Frob norm 1 after updating U: 4.2242
200 iterations
f(b) = 23.287
Frob norm 2 after updating B : 4.51511
Iteration number -------- 15  -----------
lambda : 1.07232
max_diff => 0.0519868
performed mixing
Frob norm 1 after updating U: 4.21349
200 iterations
f(b) = 22.3669
Frob norm 2 after updating B : 4.42057
Iteration number -------- 16  -----------
lambda : 1.07768
max_diff => 0.0519451
performed mixing
Frob norm 1 after updating U: 4.20634
200 iterations
f(b) = 21.6921
Frob norm 2 after updating B : 4.35897
Iteration number -------- 17  -----------
lambda : 1.08307
max_diff => 0.0519172
performed mixing
Frob norm 1 after updating U: 4.1997
200 iterations
f(b) = 21.1717
Frob norm 2 after updating B : 4.3202
Iteration number -------- 18  -----------
lambda : 1.08849
max_diff => 0.0518692
performed mixing
Frob norm 1 after updating U: 4.19355
200 iterations
f(b) = 20.7636
Frob norm 2 after updating B : 4.28757
Iteration number -------- 19  -----------
lambda : 1.09393
max_diff => 0.051801
performed mixing
Frob norm 1 after updating U: 4.18984
200 iterations
f(b) = 20.4218
Frob norm 2 after updating B : 4.28121
Iteration number -------- 20  -----------
lambda : 1.0994
max_diff => 0.051633
performed mixing
Frob norm 1 after updating U: 4.18224
200 iterations
f(b) = 20.1246
Frob norm 2 after updating B : 4.25022
Iteration number -------- 21  -----------
lambda : 1.1049
max_diff => 0.0515319
performed mixing
Frob norm 1 after updating U: 4.17905
200 iterations
f(b) = 19.8985
Frob norm 2 after updating B : 4.23424
Iteration number -------- 22  -----------
lambda : 1.11042
max_diff => 0.0512854
performed mixing
Frob norm 1 after updating U: 4.17528
200 iterations
f(b) = 19.7084
Frob norm 2 after updating B : 4.21753
Iteration number -------- 23  -----------
lambda : 1.11597
max_diff => 0.0511762
performed mixing
Frob norm 1 after updating U: 4.16947
200 iterations
f(b) = 17.0858
Frob norm 2 after updating B : 3.8585
Iteration number -------- 24  -----------
lambda : 1.12155
max_diff => 0.0442699
performed mixing
Frob norm 1 after updating U: 2.38698
200 iterations
f(b) = 10.999
Frob norm 2 after updating B : 2.98491
Iteration number -------- 25  -----------
lambda : 1.12716
max_diff => 0.108985
performed mixing
Frob norm 1 after updating U: 1.0437
200 iterations
f(b) = 8.09114
Frob norm 2 after updating B : 2.51267
Iteration number -------- 26  -----------
lambda : 1.1328
max_diff => 0.0980496
performed mixing
Frob norm 1 after updating U: 0.701263
200 iterations
f(b) = 6.02647
Frob norm 2 after updating B : 2.09917
Iteration number -------- 27  -----------
lambda : 1.13846
max_diff => 0.0954183
performed mixing
Frob norm 1 after updating U: 0.564748
200 iterations
f(b) = 4.59067
Frob norm 2 after updating B : 1.76924
Iteration number -------- 28  -----------
lambda : 1.14415
max_diff => 0.0876463
performed mixing
Frob norm 1 after updating U: 0.488989
200 iterations
f(b) = 3.56447
Frob norm 2 after updating B : 1.53468
Iteration number -------- 29  -----------
lambda : 1.14987
max_diff => 0.0732536
performed mixing
Frob norm 1 after updating U: 0.419032
200 iterations
f(b) = 2.84414
Frob norm 2 after updating B : 1.26858
Iteration number -------- 30  -----------
lambda : 1.15562
max_diff => 0.0724721
performed mixing
Frob norm 1 after updating U: 0.416811
200 iterations
f(b) = 2.23615
Frob norm 2 after updating B : 1.18171
Iteration number -------- 31  -----------
lambda : 1.1614
max_diff => 0.0449804
performed mixing
Frob norm 1 after updating U: 0.341067
200 iterations
f(b) = 1.75055
Frob norm 2 after updating B : 1.0457
Iteration number -------- 32  -----------
lambda : 1.16721
max_diff => 0.0303633
performed mixing
Frob norm 1 after updating U: 0.296444
200 iterations
f(b) = 1.35956
Frob norm 2 after updating B : 0.987933
Iteration number -------- 33  -----------
lambda : 1.17304
max_diff => 0.0103666
performed mixing
Frob norm 1 after updating U: 0.202413
200 iterations
f(b) = 1.06381
Frob norm 2 after updating B : 0.808715
Iteration number -------- 34  -----------
lambda : 1.17891
max_diff => 0.0102369
performed mixing
Frob norm 1 after updating U: 0.201539
200 iterations
f(b) = 0.850256
Frob norm 2 after updating B : 0.670533
Iteration number -------- 35  -----------
lambda : 1.1848
max_diff => 0.00975633
performed mixing
Frob norm 1 after updating U: 0.198292
200 iterations
f(b) = 0.608874
Frob norm 2 after updating B : 0.703557
Iteration number -------- 36  -----------
lambda : 1.19073
max_diff => 0.00066471
performed mixing
Frob norm 1 after updating U: 0.0616187
200 iterations
f(b) = 0.466948
Frob norm 2 after updating B : 0.568044
Iteration number -------- 37  -----------
lambda : 1.19668
max_diff => 0.000645952
performed mixing
Frob norm 1 after updating U: 0.0612909
200 iterations
f(b) = 0.301536
Frob norm 2 after updating B : 0.525191
Iteration number -------- 38  -----------
lambda : 1.20266
max_diff => 7.49222e-08
performed mixing
Frob norm 1 after updating U: 0.0127179
200 iterations
f(b) = 0.22632
Frob norm 2 after updating B : 0.420311
Iteration number -------- 39  -----------
lambda : 1.20868
max_diff => 7.18971e-08
performed mixing
Frob norm 1 after updating U: 0.0127352
200 iterations
f(b) = 0.162794
Frob norm 2 after updating B : 0.336393
Iteration number -------- 40  -----------
lambda : 1.21472
max_diff => 7.44118e-08
performed mixing
Frob norm 1 after updating U: 0.0127906
200 iterations
f(b) = 0.123748
Frob norm 2 after updating B : 0.269431
Iteration number -------- 41  -----------
lambda : 1.22079
max_diff => 4.999e-08
performed mixing
Frob norm 1 after updating U: 0.0126426
200 iterations
f(b) = 0.0957422
Frob norm 2 after updating B : 0.21578
Iteration number -------- 42  -----------
lambda : 1.2269
max_diff => 4.999e-08
performed mixing
Frob norm 1 after updating U: 0.0126971
200 iterations
f(b) = 0.0866699
Frob norm 2 after updating B : 0.172851
Iteration number -------- 43  -----------
lambda : 1.23303
max_diff => 4.999e-08
performed mixing
Frob norm 1 after updating U: 0.0126489
200 iterations
f(b) = 0.0478496
Frob norm 2 after updating B : 0.138665
Iteration number -------- 44  -----------
lambda : 1.2392
max_diff => 4.999e-08
performed mixing
Frob norm 1 after updating U: 0.0127446
200 iterations
f(b) = 0.0341916
Frob norm 2 after updating B : 0.111203
Iteration number -------- 45  -----------
lambda : 1.24539
max_diff => 4.9991e-08
performed mixing
Frob norm 1 after updating U: 0.0126307
200 iterations
f(b) = 0.0315079
Frob norm 2 after updating B : 0.089659
Iteration number -------- 46  -----------
lambda : 1.25162
max_diff => 4.999e-08
performed mixing
Frob norm 1 after updating U: 0.0127017
200 iterations
f(b) = 0.0310424
Frob norm 2 after updating B : 0.072004
Iteration number -------- 47  -----------
lambda : 1.25788
max_diff => 4.999e-08
performed mixing
Frob norm 1 after updating U: 0.0126266
200 iterations
f(b) = 0.0267778
Frob norm 2 after updating B : 0.058176
Iteration number -------- 48  -----------
lambda : 1.26417
max_diff => 4.999e-08
performed mixing
Frob norm 1 after updating U: 0.0127064
200 iterations
f(b) = 0.0274314
Frob norm 2 after updating B : 0.0471932
Iteration number -------- 49  -----------
lambda : 1.27049
max_diff => 4.999e-08
performed mixing
Frob norm 1 after updating U: 0.0127676
200 iterations
f(b) = 0.0230592
Frob norm 2 after updating B : 0.0386822
Iteration number -------- 50  -----------
lambda : 1.27684
max_diff => 4.999e-08
performed mixing
Frob norm 1 after updating U: 0.0126815
200 iterations
f(b) = 0.022843
Frob norm 2 after updating B : 0.031892
Iteration number -------- 51  -----------
lambda : 1.28323
max_diff => 4.999e-08
performed mixing
Frob norm 1 after updating U: 0.0126119
200 iterations
f(b) = 0.0293501
Frob norm 2 after updating B : 0.0265654
Iteration number -------- 52  -----------
lambda : 1.28964
max_diff => 4.999e-08
performed mixing
Frob norm 1 after updating U: 0.0125007
200 iterations
f(b) = 0.0225379
Frob norm 2 after updating B : 0.0228265
Iteration number -------- 53  -----------
lambda : 1.29609
max_diff => 4.999e-08
performed mixing
Frob norm 1 after updating U: 0.0127292
200 iterations
f(b) = 0.0209967
Frob norm 2 after updating B : 0.0195757
Iteration number -------- 54  -----------
lambda : 1.30257
max_diff => 4.999e-08
performed mixing
Frob norm 1 after updating U: 0.0125685
200 iterations
f(b) = 0.0209246
Frob norm 2 after updating B : 0.0176788
Iteration number -------- 55  -----------
lambda : 1.30908
max_diff => 4.999e-08
performed mixing
Frob norm 1 after updating U: 0.012763
200 iterations
f(b) = 0.0176134
Frob norm 2 after updating B : 0.0160464
Iteration number -------- 56  -----------
lambda : 1.31563
max_diff => 4.999e-08
performed mixing
Frob norm 1 after updating U: 0.0126707
200 iterations
f(b) = 0.017969
Frob norm 2 after updating B : 0.0149693
Iteration number -------- 57  -----------
lambda : 1.32221
max_diff => 4.999e-08
performed mixing
Frob norm 1 after updating U: 0.012712
200 iterations
f(b) = 0.0190868
Frob norm 2 after updating B : 0.014081
Iteration number -------- 58  -----------
lambda : 1.32882
max_diff => 4.999e-08
performed mixing
Frob norm 1 after updating U: 0.0125061
200 iterations
f(b) = 0.0175217
Frob norm 2 after updating B : 0.0137624
Iteration number -------- 59  -----------
lambda : 1.33546
max_diff => 4.999e-08
performed mixing
Frob norm 1 after updating U: 0.0127705
200 iterations
f(b) = 0.0208342
Frob norm 2 after updating B : 0.0131998
Iteration number -------- 60  -----------
lambda : 1.34214
max_diff => 4.999e-08
performed mixing
Frob norm 1 after updating U: 0.0125662
200 iterations
f(b) = 0.0181941
Frob norm 2 after updating B : 0.0130158
Iteration number -------- 61  -----------
lambda : 1.34885
max_diff => 4.999e-08
performed mixing
Frob norm 1 after updating U: 0.012536
200 iterations
f(b) = 0.0185934
Frob norm 2 after updating B : 0.0129639
Iteration number -------- 62  -----------
lambda : 1.35559
max_diff => 4.999e-08
performed mixing
Frob norm 1 after updating U: 0.0126495
200 iterations
f(b) = 0.0156895
Frob norm 2 after updating B : 0.0129604
Iteration number -------- 63  -----------
lambda : 1.36237
max_diff => 4.999e-08
performed mixing
Frob norm 1 after updating U: 0.0127654
200 iterations
f(b) = 0.0149188
Frob norm 2 after updating B : 0.0127635
Iteration number -------- 64  -----------
lambda : 1.36918
max_diff => 4.999e-08
performed mixing
Frob norm 1 after updating U: 0.0126159
200 iterations
f(b) = 0.0136171
Frob norm 2 after updating B : 0.0127963
Iteration number -------- 65  -----------
lambda : 1.37603
max_diff => 4.999e-08
performed mixing
Frob norm 1 after updating U: 0.0126522
200 iterations
f(b) = 0.0190843
Frob norm 2 after updating B : 0.012694
Iteration number -------- 66  -----------
lambda : 1.38291
max_diff => 4.999e-08
performed mixing
Frob norm 1 after updating U: 0.0125997
200 iterations
f(b) = 0.0224111
Frob norm 2 after updating B : 0.0126602
Iteration number -------- 67  -----------
lambda : 1.38982
max_diff => 4.999e-08
performed mixing
Frob norm 1 after updating U: 0.0125926
200 iterations
f(b) = 0.0195489
Frob norm 2 after updating B : 0.0127597
Iteration number -------- 68  -----------
lambda : 1.39677
max_diff => 4.999e-08
performed mixing
Frob norm 1 after updating U: 0.0127116
200 iterations
f(b) = 0.0185526
Frob norm 2 after updating B : 0.0127209
Iteration number -------- 69  -----------
lambda : 1.40376
max_diff => 4.999e-08
performed mixing
Frob norm 1 after updating U: 0.0126826
200 iterations
f(b) = 0.01837
Frob norm 2 after updating B : 0.0126757
Iteration number -------- 70  -----------
lambda : 1.41078
max_diff => 4.999e-08
performed mixing
Frob norm 1 after updating U: 0.0126473
200 iterations
f(b) = 0.0199562
Frob norm 2 after updating B : 0.0125873
Iteration number -------- 71  -----------
lambda : 1.41783
max_diff => 4.999e-08
performed mixing
Frob norm 1 after updating U: 0.0125766
200 iterations
f(b) = 0.0147891
Frob norm 2 after updating B : 0.0127518
Iteration number -------- 72  -----------
lambda : 1.42492
max_diff => 4.999e-08
performed mixing
Frob norm 1 after updating U: 0.0127321
200 iterations
f(b) = 0.0106931
Frob norm 2 after updating B : 0.0126486
Iteration number -------- 73  -----------
lambda : 1.43204
max_diff => 4.999e-08
performed mixing
Frob norm 1 after updating U: 0.0126393
200 iterations
f(b) = 0.0177035
Frob norm 2 after updating B : 0.0125848
Iteration number -------- 74  -----------
lambda : 1.4392
max_diff => 4.999e-08
performed mixing
Frob norm 1 after updating U: 0.0125718
200 iterations
f(b) = 0.0196795
Frob norm 2 after updating B : 0.0125918
Iteration number -------- 75  -----------
lambda : 1.4464
max_diff => 4.999e-08
performed mixing
Frob norm 1 after updating U: 0.0125795
200 iterations
f(b) = 0.0185227
Frob norm 2 after updating B : 0.0125774
Iteration number -------- 76  -----------
lambda : 1.45363
max_diff => 4.999e-08
performed mixing
Frob norm 1 after updating U: 0.0125685
200 iterations
f(b) = 0.0180735
Frob norm 2 after updating B : 0.0125815
Iteration number -------- 77  -----------
lambda : 1.4609
max_diff => 4.999e-08
performed mixing
Frob norm 1 after updating U: 0.0125794
200 iterations
f(b) = 0.0183251
Frob norm 2 after updating B : 0.0125764
Iteration number -------- 78  -----------
lambda : 1.46821
max_diff => 4.999e-08
performed mixing
Frob norm 1 after updating U: 0.0125758
200 iterations
f(b) = 0.019233
Frob norm 2 after updating B : 0.0126873
Iteration number -------- 79  -----------
lambda : 1.47555
max_diff => 4.999e-08
performed mixing
Frob norm 1 after updating U: 0.0126781
200 iterations
f(b) = 0.0233948
Frob norm 2 after updating B : 0.0126758
Iteration number -------- 80  -----------
lambda : 1.48292
max_diff => 4.999e-08
performed mixing
Frob norm 1 after updating U: 0.0126615
200 iterations
f(b) = 0.0197476
Frob norm 2 after updating B : 0.0125799
Iteration number -------- 81  -----------
lambda : 1.49034
max_diff => 4.999e-08
performed mixing
Frob norm 1 after updating U: 0.0125739
200 iterations
f(b) = 0.0181872
Frob norm 2 after updating B : 0.0125966
Iteration number -------- 82  -----------
lambda : 1.49779
max_diff => 4.999e-08
performed mixing
Frob norm 1 after updating U: 0.0125916
200 iterations
f(b) = 0.0245541
Frob norm 2 after updating B : 0.0125777
Iteration number -------- 83  -----------
lambda : 1.50528
max_diff => 4.999e-08
performed mixing
Frob norm 1 after updating U: 0.0125747
200 iterations
f(b) = 0.019289
Frob norm 2 after updating B : 0.0125747
Iteration number -------- 84  -----------
lambda : 1.51281
max_diff => 4.999e-08
performed mixing
Frob norm 1 after updating U: 0.0125755
200 iterations
f(b) = 0.0259352
Frob norm 2 after updating B : 0.0125056
Iteration number -------- 85  -----------
lambda : 1.52037
max_diff => 4.999e-08
performed mixing
Frob norm 1 after updating U: 0.0125028
200 iterations
f(b) = 0.0211115
Frob norm 2 after updating B : 0.0125549
Iteration number -------- 86  -----------
lambda : 1.52797
max_diff => 4.999e-08
performed mixing
Frob norm 1 after updating U: 0.012549
200 iterations
f(b) = 0.0199456
Frob norm 2 after updating B : 0.0124497
Iteration number -------- 87  -----------
lambda : 1.53561
max_diff => 4.999e-08
performed mixing
Frob norm 1 after updating U: 0.012447
200 iterations
f(b) = 0.0217368
Frob norm 2 after updating B : 0.0126368
Iteration number -------- 88  -----------
lambda : 1.54329
max_diff => 4.999e-08
performed mixing
Frob norm 1 after updating U: 0.0126313
200 iterations
f(b) = 0.0205044
Frob norm 2 after updating B : 0.0125305
Iteration number -------- 89  -----------
lambda : 1.55101
max_diff => 4.999e-08
performed mixing
Frob norm 1 after updating U: 0.0125235
200 iterations
f(b) = 0.0215183
Frob norm 2 after updating B : 0.0125546
Iteration number -------- 90  -----------
lambda : 1.55876
max_diff => 4.999e-08
performed mixing
Frob norm 1 after updating U: 0.0125555
200 iterations
f(b) = 0.0202979
Frob norm 2 after updating B : 0.0126497
Iteration number -------- 91  -----------
lambda : 1.56655
max_diff => 4.999e-08
performed mixing
Frob norm 1 after updating U: 0.0126358
200 iterations
f(b) = 0.0207961
Frob norm 2 after updating B : 0.0124697
Iteration number -------- 92  -----------
lambda : 1.57439
max_diff => 4.999e-08
performed mixing
Frob norm 1 after updating U: 0.0124715
200 iterations
f(b) = 0.0257965
Frob norm 2 after updating B : 0.0125331
Iteration number -------- 93  -----------
lambda : 1.58226
max_diff => 4.999e-08
performed mixing
Frob norm 1 after updating U: 0.0125287
200 iterations
f(b) = 0.0206849
Frob norm 2 after updating B : 0.0126515
Iteration number -------- 94  -----------
lambda : 1.59017
max_diff => 4.999e-08
performed mixing
Frob norm 1 after updating U: 0.0126378
200 iterations
f(b) = 0.0223307
Frob norm 2 after updating B : 0.0125468
Iteration number -------- 95  -----------
lambda : 1.59812
max_diff => 4.999e-08
performed mixing
Frob norm 1 after updating U: 0.0125475
200 iterations
f(b) = 0.0171163
Frob norm 2 after updating B : 0.0126761
Iteration number -------- 96  -----------
lambda : 1.60611
max_diff => 4.999e-08
performed mixing
Frob norm 1 after updating U: 0.0126684
200 iterations
f(b) = 0.0203839
Frob norm 2 after updating B : 0.0125002
Iteration number -------- 97  -----------
lambda : 1.61414
max_diff => 4.999e-08
performed mixing
Frob norm 1 after updating U: 0.0125006
200 iterations
f(b) = 0.0194162
Frob norm 2 after updating B : 0.0125464
Iteration number -------- 98  -----------
lambda : 1.62221
max_diff => 4.999e-08
performed mixing
Frob norm 1 after updating U: 0.0125365
200 iterations
f(b) = 0.0221471
Frob norm 2 after updating B : 0.0125188
Iteration number -------- 99  -----------
lambda : 1.63032
max_diff => 4.999e-08
performed mixing
Frob norm 1 after updating U: 0.0125129
200 iterations
f(b) = 0.0233185
Frob norm 2 after updating B : 0.0125335
Iteration number -------- 100  -----------
lambda : 1.63848
max_diff => 4.999e-08
