Academic license - for non-commercial use only
Frob norm 1 after updating U: 10.6282
200 iterations
f(b) = 61.8086
Frob norm 2 after updating B : 7.06337
Iteration number -------- 1  -----------
lambda : 1
max_diff => 0.138044
performed mixing
Frob norm 1 after updating U: 5.57449
200 iterations
f(b) = 53.1782
Frob norm 2 after updating B : 6.56016
Iteration number -------- 2  -----------
lambda : 1.005
max_diff => 0.0946083
performed mixing
Frob norm 1 after updating U: 5.04352
200 iterations
f(b) = 46.073
Frob norm 2 after updating B : 6.08743
Iteration number -------- 3  -----------
lambda : 1.01002
max_diff => 0.0806384
performed mixing
Frob norm 1 after updating U: 4.47448
200 iterations
f(b) = 38.8088
Frob norm 2 after updating B : 5.63714
Iteration number -------- 4  -----------
lambda : 1.01508
max_diff => 0.0628588
performed mixing
Frob norm 1 after updating U: 4.14514
200 iterations
f(b) = 33.2385
Frob norm 2 after updating B : 5.20338
Iteration number -------- 5  -----------
lambda : 1.02015
max_diff => 0.0623481
performed mixing
Frob norm 1 after updating U: 3.98359
200 iterations
f(b) = 28.7024
Frob norm 2 after updating B : 4.873
Iteration number -------- 6  -----------
lambda : 1.02525
max_diff => 0.0594646
performed mixing
Frob norm 1 after updating U: 3.83958
200 iterations
f(b) = 25.2337
Frob norm 2 after updating B : 4.58199
Iteration number -------- 7  -----------
lambda : 1.03038
max_diff => 0.0603177
performed mixing
Frob norm 1 after updating U: 3.76825
200 iterations
f(b) = 22.5737
Frob norm 2 after updating B : 4.34917
Iteration number -------- 8  -----------
lambda : 1.03553
max_diff => 0.0609678
performed mixing
Frob norm 1 after updating U: 3.72574
200 iterations
f(b) = 20.8088
Frob norm 2 after updating B : 4.13779
Iteration number -------- 9  -----------
lambda : 1.04071
max_diff => 0.0609801
performed mixing
Frob norm 1 after updating U: 3.72493
200 iterations
f(b) = 19.5351
Frob norm 2 after updating B : 4.00271
Iteration number -------- 10  -----------
lambda : 1.04591
max_diff => 0.0612136
performed mixing
Frob norm 1 after updating U: 3.70813
200 iterations
f(b) = 18.6061
Frob norm 2 after updating B : 3.92011
Iteration number -------- 11  -----------
lambda : 1.05114
max_diff => 0.0616571
performed mixing
Frob norm 1 after updating U: 3.67756
200 iterations
f(b) = 17.9715
Frob norm 2 after updating B : 3.83517
Iteration number -------- 12  -----------
lambda : 1.0564
max_diff => 0.0616592
performed mixing
Frob norm 1 after updating U: 3.67712
200 iterations
f(b) = 17.4526
Frob norm 2 after updating B : 3.79538
Iteration number -------- 13  -----------
lambda : 1.06168
max_diff => 0.0618602
performed mixing
Frob norm 1 after updating U: 3.65876
200 iterations
f(b) = 17.141
Frob norm 2 after updating B : 3.74735
Iteration number -------- 14  -----------
lambda : 1.06699
max_diff => 0.0618641
performed mixing
Frob norm 1 after updating U: 3.65845
200 iterations
f(b) = 16.8502
Frob norm 2 after updating B : 3.71416
Iteration number -------- 15  -----------
lambda : 1.07232
max_diff => 0.0619253
performed mixing
Frob norm 1 after updating U: 3.64745
200 iterations
f(b) = 16.6996
Frob norm 2 after updating B : 3.68649
Iteration number -------- 16  -----------
lambda : 1.07768
max_diff => 0.0619342
performed mixing
Frob norm 1 after updating U: 3.64169
200 iterations
f(b) = 13.4555
Frob norm 2 after updating B : 3.10122
Iteration number -------- 17  -----------
lambda : 1.08307
max_diff => 0.0732718
performed mixing
Frob norm 1 after updating U: 2.7849
200 iterations
f(b) = 11.7731
Frob norm 2 after updating B : 2.98309
Iteration number -------- 18  -----------
lambda : 1.08849
max_diff => 0.062367
performed mixing
Frob norm 1 after updating U: 2.7077
200 iterations
f(b) = 10.9028
Frob norm 2 after updating B : 2.87297
Iteration number -------- 19  -----------
lambda : 1.09393
max_diff => 0.0624999
performed mixing
Frob norm 1 after updating U: 2.67535
200 iterations
f(b) = 10.5745
Frob norm 2 after updating B : 2.80426
Iteration number -------- 20  -----------
lambda : 1.0994
max_diff => 0.0624998
performed mixing
Frob norm 1 after updating U: 2.67544
200 iterations
f(b) = 10.3358
Frob norm 2 after updating B : 2.75908
Iteration number -------- 21  -----------
lambda : 1.1049
max_diff => 0.0624995
performed mixing
Frob norm 1 after updating U: 2.67535
200 iterations
f(b) = 10.1783
Frob norm 2 after updating B : 2.72951
Iteration number -------- 22  -----------
lambda : 1.11042
max_diff => 0.0624988
performed mixing
Frob norm 1 after updating U: 2.6752
200 iterations
f(b) = 10.0934
Frob norm 2 after updating B : 2.71011
Iteration number -------- 23  -----------
lambda : 1.11597
max_diff => 0.0624987
performed mixing
Frob norm 1 after updating U: 2.67495
200 iterations
f(b) = 10.0361
Frob norm 2 after updating B : 2.69749
Iteration number -------- 24  -----------
lambda : 1.12155
max_diff => 0.0624999
performed mixing
Frob norm 1 after updating U: 2.67466
200 iterations
f(b) = 10.0053
Frob norm 2 after updating B : 2.68918
Iteration number -------- 25  -----------
lambda : 1.12716
max_diff => 0.0624999
performed mixing
Frob norm 1 after updating U: 2.67429
200 iterations
f(b) = 9.98069
Frob norm 2 after updating B : 2.68331
Iteration number -------- 26  -----------
lambda : 1.1328
max_diff => 0.0624949
performed mixing
Frob norm 1 after updating U: 2.6735
200 iterations
f(b) = 9.97169
Frob norm 2 after updating B : 2.67876
Iteration number -------- 27  -----------
lambda : 1.13846
max_diff => 0.0624759
performed mixing
Frob norm 1 after updating U: 2.67215
200 iterations
f(b) = 9.97741
Frob norm 2 after updating B : 2.67617
Iteration number -------- 28  -----------
lambda : 1.14415
max_diff => 0.0624692
performed mixing
Frob norm 1 after updating U: 2.67179
200 iterations
f(b) = 9.98701
Frob norm 2 after updating B : 2.67453
Iteration number -------- 29  -----------
lambda : 1.14987
max_diff => 0.0624659
performed mixing
Frob norm 1 after updating U: 2.67164
200 iterations
f(b) = 9.99205
Frob norm 2 after updating B : 2.6734
Iteration number -------- 30  -----------
lambda : 1.15562
max_diff => 0.0624619
performed mixing
Frob norm 1 after updating U: 2.67147
200 iterations
f(b) = 9.99959
Frob norm 2 after updating B : 2.6724
Iteration number -------- 31  -----------
lambda : 1.1614
max_diff => 0.0624545
performed mixing
Frob norm 1 after updating U: 2.6711
200 iterations
f(b) = 9.99286
Frob norm 2 after updating B : 2.67153
Iteration number -------- 32  -----------
lambda : 1.16721
max_diff => 0.0624377
performed mixing
Frob norm 1 after updating U: 2.67061
200 iterations
f(b) = 10.0128
Frob norm 2 after updating B : 2.6709
Iteration number -------- 33  -----------
lambda : 1.17304
max_diff => 0.0624281
performed mixing
Frob norm 1 after updating U: 2.67025
200 iterations
f(b) = 9.9902
Frob norm 2 after updating B : 2.66483
Iteration number -------- 34  -----------
lambda : 1.17891
max_diff => 0.0621002
performed mixing
Frob norm 1 after updating U: 2.66051
200 iterations
f(b) = 9.99762
Frob norm 2 after updating B : 2.66431
Iteration number -------- 35  -----------
lambda : 1.1848
max_diff => 0.0620921
performed mixing
Frob norm 1 after updating U: 2.66153
200 iterations
f(b) = 10.0209
Frob norm 2 after updating B : 2.66365
Iteration number -------- 36  -----------
lambda : 1.19073
max_diff => 0.0620878
performed mixing
Frob norm 1 after updating U: 2.66184
200 iterations
f(b) = 10.024
Frob norm 2 after updating B : 2.66318
Iteration number -------- 37  -----------
lambda : 1.19668
max_diff => 0.0620755
performed mixing
Frob norm 1 after updating U: 2.66198
200 iterations
f(b) = 10.0336
Frob norm 2 after updating B : 2.66281
Iteration number -------- 38  -----------
lambda : 1.20266
max_diff => 0.0620701
performed mixing
Frob norm 1 after updating U: 2.66202
200 iterations
f(b) = 10.0509
Frob norm 2 after updating B : 2.66262
Iteration number -------- 39  -----------
lambda : 1.20868
max_diff => 0.0620622
performed mixing
Frob norm 1 after updating U: 2.66208
200 iterations
f(b) = 10.0366
Frob norm 2 after updating B : 2.66292
Iteration number -------- 40  -----------
lambda : 1.21472
max_diff => 0.0620519
performed mixing
Frob norm 1 after updating U: 2.66255
200 iterations
f(b) = 10.0715
Frob norm 2 after updating B : 2.6629
Iteration number -------- 41  -----------
lambda : 1.22079
max_diff => 0.0620212
performed mixing
Frob norm 1 after updating U: 2.66262
200 iterations
f(b) = 10.0874
Frob norm 2 after updating B : 2.66291
Iteration number -------- 42  -----------
lambda : 1.2269
max_diff => 0.0619949
performed mixing
Frob norm 1 after updating U: 2.66269
200 iterations
f(b) = 10.084
Frob norm 2 after updating B : 2.66297
Iteration number -------- 43  -----------
lambda : 1.23303
max_diff => 0.0619993
performed mixing
Frob norm 1 after updating U: 2.66282
200 iterations
f(b) = 10.1166
Frob norm 2 after updating B : 2.66318
Iteration number -------- 44  -----------
lambda : 1.2392
max_diff => 0.0619818
performed mixing
Frob norm 1 after updating U: 2.66307
200 iterations
f(b) = 10.1384
Frob norm 2 after updating B : 2.66324
Iteration number -------- 45  -----------
lambda : 1.24539
max_diff => 0.0619705
performed mixing
Frob norm 1 after updating U: 2.66316
200 iterations
f(b) = 10.1501
Frob norm 2 after updating B : 2.66321
Iteration number -------- 46  -----------
lambda : 1.25162
max_diff => 0.0619423
performed mixing
Frob norm 1 after updating U: 2.66314
200 iterations
f(b) = 10.1636
Frob norm 2 after updating B : 2.66315
Iteration number -------- 47  -----------
lambda : 1.25788
max_diff => 0.0619242
performed mixing
Frob norm 1 after updating U: 2.66309
200 iterations
f(b) = 10.1789
Frob norm 2 after updating B : 2.66307
Iteration number -------- 48  -----------
lambda : 1.26417
max_diff => 0.0618983
performed mixing
Frob norm 1 after updating U: 2.66302
200 iterations
f(b) = 10.1899
Frob norm 2 after updating B : 2.66306
Iteration number -------- 49  -----------
lambda : 1.27049
max_diff => 0.0618893
performed mixing
Frob norm 1 after updating U: 2.66302
200 iterations
f(b) = 10.197
Frob norm 2 after updating B : 2.66298
Iteration number -------- 50  -----------
lambda : 1.27684
max_diff => 0.0618759
performed mixing
Frob norm 1 after updating U: 2.66296
200 iterations
f(b) = 10.2255
Frob norm 2 after updating B : 2.66297
Iteration number -------- 51  -----------
lambda : 1.28323
max_diff => 0.0618601
performed mixing
Frob norm 1 after updating U: 2.66294
200 iterations
f(b) = 10.2066
Frob norm 2 after updating B : 2.66294
Iteration number -------- 52  -----------
lambda : 1.28964
max_diff => 0.0618457
performed mixing
Frob norm 1 after updating U: 2.66292
200 iterations
f(b) = 10.2481
Frob norm 2 after updating B : 2.6629
Iteration number -------- 53  -----------
lambda : 1.29609
max_diff => 0.0618171
performed mixing
Frob norm 1 after updating U: 2.66288
200 iterations
f(b) = 10.2791
Frob norm 2 after updating B : 2.66282
Iteration number -------- 54  -----------
lambda : 1.30257
max_diff => 0.0618045
performed mixing
Frob norm 1 after updating U: 2.6628
200 iterations
f(b) = 10.2929
Frob norm 2 after updating B : 2.66282
Iteration number -------- 55  -----------
lambda : 1.30908
max_diff => 0.0617918
performed mixing
Frob norm 1 after updating U: 2.6628
200 iterations
f(b) = 10.305
Frob norm 2 after updating B : 2.66281
Iteration number -------- 56  -----------
lambda : 1.31563
max_diff => 0.061779
performed mixing
Frob norm 1 after updating U: 2.66279
200 iterations
f(b) = 10.317
Frob norm 2 after updating B : 2.66281
Iteration number -------- 57  -----------
lambda : 1.32221
max_diff => 0.061762
performed mixing
Frob norm 1 after updating U: 2.6628
200 iterations
f(b) = 10.3371
Frob norm 2 after updating B : 2.66279
Iteration number -------- 58  -----------
lambda : 1.32882
max_diff => 0.0617528
performed mixing
Frob norm 1 after updating U: 2.66278
200 iterations
f(b) = 10.3262
Frob norm 2 after updating B : 2.66275
Iteration number -------- 59  -----------
lambda : 1.33546
max_diff => 0.0617281
performed mixing
Frob norm 1 after updating U: 2.66274
200 iterations
f(b) = 10.363
Frob norm 2 after updating B : 2.66275
Iteration number -------- 60  -----------
lambda : 1.34214
max_diff => 0.0617107
performed mixing
Frob norm 1 after updating U: 2.66274
200 iterations
f(b) = 10.3701
Frob norm 2 after updating B : 2.66269
Iteration number -------- 61  -----------
lambda : 1.34885
max_diff => 0.0616699
performed mixing
Frob norm 1 after updating U: 2.66268
200 iterations
f(b) = 10.4032
Frob norm 2 after updating B : 2.66271
Iteration number -------- 62  -----------
lambda : 1.35559
max_diff => 0.0616625
performed mixing
Frob norm 1 after updating U: 2.6627
200 iterations
f(b) = 10.3481
Frob norm 2 after updating B : 2.6625
Iteration number -------- 63  -----------
lambda : 1.36237
max_diff => 0.0615483
performed mixing
Frob norm 1 after updating U: 2.66246
200 iterations
f(b) = 10.377
Frob norm 2 after updating B : 2.66244
Iteration number -------- 64  -----------
lambda : 1.36918
max_diff => 0.0615173
performed mixing
Frob norm 1 after updating U: 2.6624
200 iterations
f(b) = 10.3983
Frob norm 2 after updating B : 2.66239
Iteration number -------- 65  -----------
lambda : 1.37603
max_diff => 0.0614957
performed mixing
Frob norm 1 after updating U: 2.66236
200 iterations
f(b) = 10.4544
Frob norm 2 after updating B : 2.66239
Iteration number -------- 66  -----------
lambda : 1.38291
max_diff => 0.0614629
performed mixing
Frob norm 1 after updating U: 2.66236
200 iterations
f(b) = 10.4373
Frob norm 2 after updating B : 2.66241
Iteration number -------- 67  -----------
lambda : 1.38982
max_diff => 0.0614337
performed mixing
Frob norm 1 after updating U: 2.66238
200 iterations
f(b) = 10.4827
Frob norm 2 after updating B : 2.66243
Iteration number -------- 68  -----------
lambda : 1.39677
max_diff => 0.0613999
performed mixing
Frob norm 1 after updating U: 2.6624
200 iterations
f(b) = 10.5152
Frob norm 2 after updating B : 2.66243
Iteration number -------- 69  -----------
lambda : 1.40376
max_diff => 0.061387
performed mixing
Frob norm 1 after updating U: 2.66241
200 iterations
f(b) = 10.5211
Frob norm 2 after updating B : 2.66245
Iteration number -------- 70  -----------
lambda : 1.41078
max_diff => 0.0613693
performed mixing
Frob norm 1 after updating U: 2.66243
200 iterations
f(b) = 10.5074
Frob norm 2 after updating B : 2.6625
Iteration number -------- 71  -----------
lambda : 1.41783
max_diff => 0.0613316
performed mixing
Frob norm 1 after updating U: 2.66248
200 iterations
f(b) = 10.5476
Frob norm 2 after updating B : 2.66253
Iteration number -------- 72  -----------
lambda : 1.42492
max_diff => 0.0613105
performed mixing
Frob norm 1 after updating U: 2.66251
200 iterations
f(b) = 10.5614
Frob norm 2 after updating B : 2.66254
Iteration number -------- 73  -----------
lambda : 1.43204
max_diff => 0.0612752
performed mixing
Frob norm 1 after updating U: 2.66253
200 iterations
f(b) = 10.5935
Frob norm 2 after updating B : 2.66258
Iteration number -------- 74  -----------
lambda : 1.4392
max_diff => 0.0612561
performed mixing
Frob norm 1 after updating U: 2.66256
200 iterations
f(b) = 10.6076
Frob norm 2 after updating B : 2.66257
Iteration number -------- 75  -----------
lambda : 1.4464
max_diff => 0.0612421
performed mixing
Frob norm 1 after updating U: 2.66256
200 iterations
f(b) = 10.631
Frob norm 2 after updating B : 2.66262
Iteration number -------- 76  -----------
lambda : 1.45363
max_diff => 0.061223
performed mixing
Frob norm 1 after updating U: 2.66261
200 iterations
f(b) = 10.6369
Frob norm 2 after updating B : 2.66266
Iteration number -------- 77  -----------
lambda : 1.4609
max_diff => 0.0611967
performed mixing
Frob norm 1 after updating U: 2.66265
200 iterations
f(b) = 10.6636
Frob norm 2 after updating B : 2.66264
Iteration number -------- 78  -----------
lambda : 1.46821
max_diff => 0.0611772
performed mixing
Frob norm 1 after updating U: 2.66263
200 iterations
f(b) = 10.6049
Frob norm 2 after updating B : 2.66279
Iteration number -------- 79  -----------
lambda : 1.47555
max_diff => 0.061157
performed mixing
Frob norm 1 after updating U: 2.66278
200 iterations
f(b) = 10.6395
Frob norm 2 after updating B : 2.66282
Iteration number -------- 80  -----------
lambda : 1.48292
max_diff => 0.0611311
performed mixing
Frob norm 1 after updating U: 2.66281
200 iterations
f(b) = 10.7092
Frob norm 2 after updating B : 2.66287
Iteration number -------- 81  -----------
lambda : 1.49034
max_diff => 0.0611242
performed mixing
Frob norm 1 after updating U: 2.66287
200 iterations
f(b) = 10.6523
Frob norm 2 after updating B : 2.66289
Iteration number -------- 82  -----------
lambda : 1.49779
max_diff => 0.0611154
performed mixing
Frob norm 1 after updating U: 2.66288
200 iterations
f(b) = 10.7521
Frob norm 2 after updating B : 2.66292
Iteration number -------- 83  -----------
lambda : 1.50528
max_diff => 0.0611134
performed mixing
Frob norm 1 after updating U: 2.66291
200 iterations
f(b) = 10.7629
Frob norm 2 after updating B : 2.66298
Iteration number -------- 84  -----------
lambda : 1.51281
max_diff => 0.0611022
performed mixing
Frob norm 1 after updating U: 2.66297
200 iterations
f(b) = 10.7887
Frob norm 2 after updating B : 2.66301
Iteration number -------- 85  -----------
lambda : 1.52037
max_diff => 0.0610846
performed mixing
Frob norm 1 after updating U: 2.66301
200 iterations
f(b) = 10.8053
Frob norm 2 after updating B : 2.66298
Iteration number -------- 86  -----------
lambda : 1.52797
max_diff => 0.061068
performed mixing
Frob norm 1 after updating U: 2.66297
200 iterations
f(b) = 10.822
Frob norm 2 after updating B : 2.66313
Iteration number -------- 87  -----------
lambda : 1.53561
max_diff => 0.0610403
performed mixing
Frob norm 1 after updating U: 2.66312
200 iterations
f(b) = 10.8028
Frob norm 2 after updating B : 2.662
Iteration number -------- 88  -----------
lambda : 1.54329
max_diff => 0.0610039
performed mixing
Frob norm 1 after updating U: 2.66199
200 iterations
f(b) = 10.848
Frob norm 2 after updating B : 2.66328
Iteration number -------- 89  -----------
lambda : 1.55101
max_diff => 0.0609762
performed mixing
Frob norm 1 after updating U: 2.66327
200 iterations
f(b) = 10.8856
Frob norm 2 after updating B : 2.66334
Iteration number -------- 90  -----------
lambda : 1.55876
max_diff => 0.0609572
performed mixing
Frob norm 1 after updating U: 2.66333
200 iterations
f(b) = 10.8954
Frob norm 2 after updating B : 2.66342
Iteration number -------- 91  -----------
lambda : 1.56655
max_diff => 0.0609448
performed mixing
Frob norm 1 after updating U: 2.66341
200 iterations
f(b) = 10.8894
Frob norm 2 after updating B : 2.66346
Iteration number -------- 92  -----------
lambda : 1.57439
max_diff => 0.0609138
performed mixing
Frob norm 1 after updating U: 2.66345
200 iterations
f(b) = 10.8871
Frob norm 2 after updating B : 2.66361
Iteration number -------- 93  -----------
lambda : 1.58226
max_diff => 0.0608955
performed mixing
Frob norm 1 after updating U: 2.6636
200 iterations
f(b) = 10.9462
Frob norm 2 after updating B : 2.66368
Iteration number -------- 94  -----------
lambda : 1.59017
max_diff => 0.0608788
performed mixing
Frob norm 1 after updating U: 2.66367
200 iterations
f(b) = 10.9643
Frob norm 2 after updating B : 2.66372
Iteration number -------- 95  -----------
lambda : 1.59812
max_diff => 0.0608525
performed mixing
Frob norm 1 after updating U: 2.66372
200 iterations
f(b) = 10.9884
Frob norm 2 after updating B : 2.66379
Iteration number -------- 96  -----------
lambda : 1.60611
max_diff => 0.0608384
performed mixing
Frob norm 1 after updating U: 2.66378
200 iterations
f(b) = 10.9618
Frob norm 2 after updating B : 2.6639
Iteration number -------- 97  -----------
lambda : 1.61414
max_diff => 0.0608411
performed mixing
Frob norm 1 after updating U: 2.66389
200 iterations
f(b) = 11.016
Frob norm 2 after updating B : 2.66393
Iteration number -------- 98  -----------
lambda : 1.62221
max_diff => 0.0608298
performed mixing
Frob norm 1 after updating U: 2.66392
200 iterations
f(b) = 11.0426
Frob norm 2 after updating B : 2.66407
Iteration number -------- 99  -----------
lambda : 1.63032
max_diff => 0.0607978
performed mixing
Frob norm 1 after updating U: 2.66406
200 iterations
f(b) = 11.0379
Frob norm 2 after updating B : 2.66412
Iteration number -------- 100  -----------
lambda : 1.63848
max_diff => 0.0607867
