Academic license - for non-commercial use only
Frob norm 1 after updating U: 10.6329
200 iterations
f(b) = 62.671
Frob norm 2 after updating B : 7.08977
Iteration number -------- 1  -----------
lambda : 1
max_diff => 0.114197
performed mixing
Frob norm 1 after updating U: 5.91391
200 iterations
f(b) = 56.0809
Frob norm 2 after updating B : 6.68367
Iteration number -------- 2  -----------
lambda : 1.005
max_diff => 0.117781
performed mixing
Frob norm 1 after updating U: 5.41445
200 iterations
f(b) = 50.4837
Frob norm 2 after updating B : 6.2529
Iteration number -------- 3  -----------
lambda : 1.01002
max_diff => 0.121537
performed mixing
Frob norm 1 after updating U: 5.18255
200 iterations
f(b) = 45.7612
Frob norm 2 after updating B : 5.90935
Iteration number -------- 4  -----------
lambda : 1.01508
max_diff => 0.124614
performed mixing
Frob norm 1 after updating U: 4.95795
200 iterations
f(b) = 41.8351
Frob norm 2 after updating B : 5.61951
Iteration number -------- 5  -----------
lambda : 1.02015
max_diff => 0.124163
performed mixing
Frob norm 1 after updating U: 4.80215
200 iterations
f(b) = 37.6818
Frob norm 2 after updating B : 5.36473
Iteration number -------- 6  -----------
lambda : 1.02525
max_diff => 0.121789
performed mixing
Frob norm 1 after updating U: 4.50081
200 iterations
f(b) = 34.6027
Frob norm 2 after updating B : 5.09603
Iteration number -------- 7  -----------
lambda : 1.03038
max_diff => 0.119663
performed mixing
Frob norm 1 after updating U: 4.45591
200 iterations
f(b) = 32.0031
Frob norm 2 after updating B : 4.92102
Iteration number -------- 8  -----------
lambda : 1.03553
max_diff => 0.101098
performed mixing
Frob norm 1 after updating U: 4.22201
200 iterations
f(b) = 29.5019
Frob norm 2 after updating B : 4.7246
Iteration number -------- 9  -----------
lambda : 1.04071
max_diff => 0.0958526
performed mixing
Frob norm 1 after updating U: 4.14419
200 iterations
f(b) = 27.2926
Frob norm 2 after updating B : 4.55667
Iteration number -------- 10  -----------
lambda : 1.04591
max_diff => 0.0809324
performed mixing
Frob norm 1 after updating U: 4.02796
200 iterations
f(b) = 25.7129
Frob norm 2 after updating B : 4.38088
Iteration number -------- 11  -----------
lambda : 1.05114
max_diff => 0.0788407
performed mixing
Frob norm 1 after updating U: 4.01667
200 iterations
f(b) = 23.994
Frob norm 2 after updating B : 4.3377
Iteration number -------- 12  -----------
lambda : 1.0564
max_diff => 0.0611576
performed mixing
Frob norm 1 after updating U: 3.86802
200 iterations
f(b) = 22.67
Frob norm 2 after updating B : 4.17709
Iteration number -------- 13  -----------
lambda : 1.06168
max_diff => 0.0612269
performed mixing
Frob norm 1 after updating U: 3.86521
200 iterations
f(b) = 21.0814
Frob norm 2 after updating B : 4.05484
Iteration number -------- 14  -----------
lambda : 1.06699
max_diff => 0.0624964
performed mixing
Frob norm 1 after updating U: 3.64571
200 iterations
f(b) = 17.5331
Frob norm 2 after updating B : 3.63124
Iteration number -------- 15  -----------
lambda : 1.07232
max_diff => 0.0622895
performed mixing
Frob norm 1 after updating U: 3.01929
200 iterations
f(b) = 15.6823
Frob norm 2 after updating B : 3.42693
Iteration number -------- 16  -----------
lambda : 1.07768
max_diff => 0.0624184
performed mixing
Frob norm 1 after updating U: 2.95101
200 iterations
f(b) = 13.4993
Frob norm 2 after updating B : 3.12371
Iteration number -------- 17  -----------
lambda : 1.08307
max_diff => 0.0621049
performed mixing
Frob norm 1 after updating U: 2.51009
200 iterations
f(b) = 10.4855
Frob norm 2 after updating B : 2.77588
Iteration number -------- 18  -----------
lambda : 1.08849
max_diff => 0.061769
performed mixing
Frob norm 1 after updating U: 2.15575
200 iterations
f(b) = 8.95118
Frob norm 2 after updating B : 2.56512
Iteration number -------- 19  -----------
lambda : 1.09393
max_diff => 0.0615964
performed mixing
Frob norm 1 after updating U: 2.12225
200 iterations
f(b) = 8.24687
Frob norm 2 after updating B : 2.41731
Iteration number -------- 20  -----------
lambda : 1.0994
max_diff => 0.061626
performed mixing
Frob norm 1 after updating U: 2.12134
200 iterations
f(b) = 7.77338
Frob norm 2 after updating B : 2.31673
Iteration number -------- 21  -----------
lambda : 1.1049
max_diff => 0.0616583
performed mixing
Frob norm 1 after updating U: 2.12039
200 iterations
f(b) = 7.47352
Frob norm 2 after updating B : 2.24891
Iteration number -------- 22  -----------
lambda : 1.11042
max_diff => 0.0616859
performed mixing
Frob norm 1 after updating U: 2.11952
200 iterations
f(b) = 7.03465
Frob norm 2 after updating B : 2.23489
Iteration number -------- 23  -----------
lambda : 1.11597
max_diff => 0.0619089
performed mixing
Frob norm 1 after updating U: 2.0441
200 iterations
f(b) = 6.77808
Frob norm 2 after updating B : 2.1689
Iteration number -------- 24  -----------
lambda : 1.12155
max_diff => 0.0619048
performed mixing
Frob norm 1 after updating U: 2.04385
200 iterations
f(b) = 6.44736
Frob norm 2 after updating B : 2.22861
Iteration number -------- 25  -----------
lambda : 1.12716
max_diff => 0.0589981
performed mixing
Frob norm 1 after updating U: 2.01952
200 iterations
f(b) = 6.16642
Frob norm 2 after updating B : 2.15686
Iteration number -------- 26  -----------
lambda : 1.1328
max_diff => 0.0590016
performed mixing
Frob norm 1 after updating U: 2.01952
200 iterations
f(b) = 5.95973
Frob norm 2 after updating B : 2.11138
Iteration number -------- 27  -----------
lambda : 1.13846
max_diff => 0.0589434
performed mixing
Frob norm 1 after updating U: 2.01921
200 iterations
f(b) = 5.51456
Frob norm 2 after updating B : 2.16833
Iteration number -------- 28  -----------
lambda : 1.14415
max_diff => 0.0566511
performed mixing
Frob norm 1 after updating U: 2.01514
200 iterations
f(b) = 5.21913
Frob norm 2 after updating B : 2.13094
Iteration number -------- 29  -----------
lambda : 1.14987
max_diff => 0.055899
performed mixing
Frob norm 1 after updating U: 2.00531
200 iterations
f(b) = 4.98083
Frob norm 2 after updating B : 2.08046
Iteration number -------- 30  -----------
lambda : 1.15562
max_diff => 0.0558386
performed mixing
Frob norm 1 after updating U: 1.98112
200 iterations
f(b) = 3.21431
Frob norm 2 after updating B : 1.57465
Iteration number -------- 31  -----------
lambda : 1.1614
max_diff => 0.0619116
performed mixing
Frob norm 1 after updating U: 1.02492
200 iterations
f(b) = 2.28782
Frob norm 2 after updating B : 1.36419
Iteration number -------- 32  -----------
lambda : 1.16721
max_diff => 0.0698378
performed mixing
Frob norm 1 after updating U: 0.952834
200 iterations
f(b) = 1.40975
Frob norm 2 after updating B : 1.03919
Iteration number -------- 33  -----------
lambda : 1.17304
max_diff => 0.0603152
performed mixing
Frob norm 1 after updating U: 0.548173
200 iterations
f(b) = 0.638886
Frob norm 2 after updating B : 0.741967
Iteration number -------- 34  -----------
lambda : 1.17891
max_diff => 0.00023433
performed mixing
Frob norm 1 after updating U: 0.0326967
200 iterations
f(b) = 0.426518
Frob norm 2 after updating B : 0.586989
Iteration number -------- 35  -----------
lambda : 1.1848
max_diff => 9.998e-08
performed mixing
Frob norm 1 after updating U: 0.00918833
200 iterations
f(b) = 0.318831
Frob norm 2 after updating B : 0.469819
Iteration number -------- 36  -----------
lambda : 1.19073
max_diff => 9.998e-08
performed mixing
Frob norm 1 after updating U: 0.00918218
200 iterations
f(b) = 0.245711
Frob norm 2 after updating B : 0.376091
Iteration number -------- 37  -----------
lambda : 1.19668
max_diff => 9.998e-08
performed mixing
Frob norm 1 after updating U: 0.0091819
200 iterations
f(b) = 0.131612
Frob norm 2 after updating B : 0.30113
Iteration number -------- 38  -----------
lambda : 1.20266
max_diff => 9.998e-08
performed mixing
Frob norm 1 after updating U: 0.00918482
200 iterations
f(b) = 0.123042
Frob norm 2 after updating B : 0.24117
Iteration number -------- 39  -----------
lambda : 1.20868
max_diff => 9.998e-08
performed mixing
Frob norm 1 after updating U: 0.00918521
200 iterations
f(b) = 0.0924588
Frob norm 2 after updating B : 0.193203
Iteration number -------- 40  -----------
lambda : 1.21472
max_diff => 9.998e-08
performed mixing
Frob norm 1 after updating U: 0.00918735
200 iterations
f(b) = 0.0765431
Frob norm 2 after updating B : 0.154868
Iteration number -------- 41  -----------
lambda : 1.22079
max_diff => 9.998e-08
performed mixing
Frob norm 1 after updating U: 0.00918389
200 iterations
f(b) = 0.0872392
Frob norm 2 after updating B : 0.124216
Iteration number -------- 42  -----------
lambda : 1.2269
max_diff => 9.998e-08
performed mixing
Frob norm 1 after updating U: 0.00918331
200 iterations
f(b) = 0.0603169
Frob norm 2 after updating B : 0.0997132
Iteration number -------- 43  -----------
lambda : 1.23303
max_diff => 9.998e-08
performed mixing
Frob norm 1 after updating U: 0.00918677
200 iterations
f(b) = 0.0606766
Frob norm 2 after updating B : 0.0801786
Iteration number -------- 44  -----------
lambda : 1.2392
max_diff => 9.998e-08
performed mixing
Frob norm 1 after updating U: 0.00918379
200 iterations
f(b) = 0.0544326
Frob norm 2 after updating B : 0.0645944
Iteration number -------- 45  -----------
lambda : 1.24539
max_diff => 9.998e-08
performed mixing
Frob norm 1 after updating U: 0.00918391
200 iterations
f(b) = 0.055906
Frob norm 2 after updating B : 0.0521425
Iteration number -------- 46  -----------
lambda : 1.25162
max_diff => 9.998e-08
performed mixing
Frob norm 1 after updating U: 0.00919066
200 iterations
f(b) = 0.050952
Frob norm 2 after updating B : 0.0422381
Iteration number -------- 47  -----------
lambda : 1.25788
max_diff => 9.998e-08
performed mixing
Frob norm 1 after updating U: 0.00918421
200 iterations
f(b) = 0.0533562
Frob norm 2 after updating B : 0.0344087
Iteration number -------- 48  -----------
lambda : 1.26417
max_diff => 9.998e-08
performed mixing
Frob norm 1 after updating U: 0.00918126
200 iterations
f(b) = 0.0459903
Frob norm 2 after updating B : 0.0282891
Iteration number -------- 49  -----------
lambda : 1.27049
max_diff => 9.998e-08
performed mixing
Frob norm 1 after updating U: 0.00918045
200 iterations
f(b) = 0.0404907
Frob norm 2 after updating B : 0.023437
Iteration number -------- 50  -----------
lambda : 1.27684
max_diff => 9.998e-08
performed mixing
Frob norm 1 after updating U: 0.0091745
200 iterations
f(b) = 0.0426646
Frob norm 2 after updating B : 0.0197064
Iteration number -------- 51  -----------
lambda : 1.28323
max_diff => 9.998e-08
performed mixing
Frob norm 1 after updating U: 0.00917485
200 iterations
f(b) = 0.0381125
Frob norm 2 after updating B : 0.0168979
Iteration number -------- 52  -----------
lambda : 1.28964
max_diff => 9.998e-08
performed mixing
Frob norm 1 after updating U: 0.0091772
200 iterations
f(b) = 0.0393335
Frob norm 2 after updating B : 0.0147194
Iteration number -------- 53  -----------
lambda : 1.29609
max_diff => 9.998e-08
performed mixing
Frob norm 1 after updating U: 0.00917605
200 iterations
f(b) = 0.039007
Frob norm 2 after updating B : 0.0131142
Iteration number -------- 54  -----------
lambda : 1.30257
max_diff => 9.998e-08
performed mixing
Frob norm 1 after updating U: 0.00917461
200 iterations
f(b) = 0.0414825
Frob norm 2 after updating B : 0.0119561
Iteration number -------- 55  -----------
lambda : 1.30908
max_diff => 9.998e-08
performed mixing
Frob norm 1 after updating U: 0.0091731
200 iterations
f(b) = 0.0402222
Frob norm 2 after updating B : 0.0111409
Iteration number -------- 56  -----------
lambda : 1.31563
max_diff => 9.998e-08
performed mixing
Frob norm 1 after updating U: 0.00917303
200 iterations
f(b) = 0.0417624
Frob norm 2 after updating B : 0.0105551
Iteration number -------- 57  -----------
lambda : 1.32221
max_diff => 9.998e-08
performed mixing
Frob norm 1 after updating U: 0.00917269
200 iterations
f(b) = 0.0400949
Frob norm 2 after updating B : 0.010145
Iteration number -------- 58  -----------
lambda : 1.32882
max_diff => 9.998e-08
performed mixing
Frob norm 1 after updating U: 0.00917267
200 iterations
f(b) = 0.0404293
Frob norm 2 after updating B : 0.00986907
Iteration number -------- 59  -----------
lambda : 1.33546
max_diff => 9.998e-08
performed mixing
Frob norm 1 after updating U: 0.00917393
200 iterations
f(b) = 0.0358716
Frob norm 2 after updating B : 0.00966325
Iteration number -------- 60  -----------
lambda : 1.34214
max_diff => 9.998e-08
performed mixing
Frob norm 1 after updating U: 0.00917329
200 iterations
f(b) = 0.0392213
Frob norm 2 after updating B : 0.00954548
Iteration number -------- 61  -----------
lambda : 1.34885
max_diff => 9.998e-08
performed mixing
Frob norm 1 after updating U: 0.00917389
200 iterations
f(b) = 0.0408422
Frob norm 2 after updating B : 0.00943925
Iteration number -------- 62  -----------
lambda : 1.35559
max_diff => 9.998e-08
performed mixing
Frob norm 1 after updating U: 0.00917305
200 iterations
f(b) = 0.0403599
Frob norm 2 after updating B : 0.00937472
Iteration number -------- 63  -----------
lambda : 1.36237
max_diff => 9.998e-08
performed mixing
Frob norm 1 after updating U: 0.00917948
200 iterations
f(b) = 0.0394465
Frob norm 2 after updating B : 0.00932174
Iteration number -------- 64  -----------
lambda : 1.36918
max_diff => 9.998e-08
performed mixing
Frob norm 1 after updating U: 0.00917528
200 iterations
f(b) = 0.0389418
Frob norm 2 after updating B : 0.00930202
Iteration number -------- 65  -----------
lambda : 1.37603
max_diff => 9.998e-08
performed mixing
Frob norm 1 after updating U: 0.00917892
200 iterations
f(b) = 0.0396721
Frob norm 2 after updating B : 0.00926188
Iteration number -------- 66  -----------
lambda : 1.38291
max_diff => 9.998e-08
performed mixing
Frob norm 1 after updating U: 0.00917508
200 iterations
f(b) = 0.0407583
Frob norm 2 after updating B : 0.00924454
Iteration number -------- 67  -----------
lambda : 1.38982
max_diff => 9.998e-08
performed mixing
Frob norm 1 after updating U: 0.00917846
200 iterations
f(b) = 0.0385978
Frob norm 2 after updating B : 0.00923167
Iteration number -------- 68  -----------
lambda : 1.39677
max_diff => 9.998e-08
performed mixing
Frob norm 1 after updating U: 0.00918417
200 iterations
f(b) = 0.0429218
Frob norm 2 after updating B : 0.00921898
Iteration number -------- 69  -----------
lambda : 1.40376
max_diff => 9.998e-08
performed mixing
Frob norm 1 after updating U: 0.00917854
200 iterations
f(b) = 0.0412867
Frob norm 2 after updating B : 0.00921539
Iteration number -------- 70  -----------
lambda : 1.41078
max_diff => 9.998e-08
performed mixing
Frob norm 1 after updating U: 0.00918176
200 iterations
f(b) = 0.0401974
Frob norm 2 after updating B : 0.00920974
Iteration number -------- 71  -----------
lambda : 1.41783
max_diff => 9.998e-08
performed mixing
Frob norm 1 after updating U: 0.00918262
200 iterations
f(b) = 0.0416883
Frob norm 2 after updating B : 0.00920451
Iteration number -------- 72  -----------
lambda : 1.42492
max_diff => 9.998e-08
performed mixing
Frob norm 1 after updating U: 0.0091847
200 iterations
f(b) = 0.0426363
Frob norm 2 after updating B : 0.00920314
Iteration number -------- 73  -----------
lambda : 1.43204
max_diff => 9.998e-08
performed mixing
Frob norm 1 after updating U: 0.00918491
200 iterations
f(b) = 0.0425912
Frob norm 2 after updating B : 0.0091956
Iteration number -------- 74  -----------
lambda : 1.4392
max_diff => 9.998e-08
performed mixing
Frob norm 1 after updating U: 0.00918327
200 iterations
f(b) = 0.0405133
Frob norm 2 after updating B : 0.00920379
Iteration number -------- 75  -----------
lambda : 1.4464
max_diff => 9.998e-08
performed mixing
Frob norm 1 after updating U: 0.00918572
200 iterations
f(b) = 0.0425997
Frob norm 2 after updating B : 0.00918593
Iteration number -------- 76  -----------
lambda : 1.45363
max_diff => 9.998e-08
performed mixing
Frob norm 1 after updating U: 0.00917458
200 iterations
f(b) = 0.0425482
Frob norm 2 after updating B : 0.00919594
Iteration number -------- 77  -----------
lambda : 1.4609
max_diff => 9.998e-08
performed mixing
Frob norm 1 after updating U: 0.00918503
200 iterations
f(b) = 0.0365716
Frob norm 2 after updating B : 0.00919337
Iteration number -------- 78  -----------
lambda : 1.46821
max_diff => 9.998e-08
performed mixing
Frob norm 1 after updating U: 0.00918171
200 iterations
f(b) = 0.044467
Frob norm 2 after updating B : 0.00918129
Iteration number -------- 79  -----------
lambda : 1.47555
max_diff => 9.998e-08
performed mixing
Frob norm 1 after updating U: 0.00917513
200 iterations
f(b) = 0.042454
Frob norm 2 after updating B : 0.00918047
Iteration number -------- 80  -----------
lambda : 1.48292
max_diff => 9.998e-08
performed mixing
Frob norm 1 after updating U: 0.00917374
200 iterations
f(b) = 0.0393902
Frob norm 2 after updating B : 0.0091812
Iteration number -------- 81  -----------
lambda : 1.49034
max_diff => 9.998e-08
performed mixing
Frob norm 1 after updating U: 0.00918031
200 iterations
f(b) = 0.042271
Frob norm 2 after updating B : 0.00919478
Iteration number -------- 82  -----------
lambda : 1.49779
max_diff => 9.998e-08
performed mixing
Frob norm 1 after updating U: 0.00918625
200 iterations
f(b) = 0.0439307
Frob norm 2 after updating B : 0.00917949
Iteration number -------- 83  -----------
lambda : 1.50528
max_diff => 9.998e-08
performed mixing
Frob norm 1 after updating U: 0.00917554
200 iterations
f(b) = 0.0443584
Frob norm 2 after updating B : 0.00919041
Iteration number -------- 84  -----------
lambda : 1.51281
max_diff => 9.998e-08
performed mixing
Frob norm 1 after updating U: 0.00918842
200 iterations
f(b) = 0.0457925
Frob norm 2 after updating B : 0.00918541
Iteration number -------- 85  -----------
lambda : 1.52037
max_diff => 9.998e-08
performed mixing
Frob norm 1 after updating U: 0.00918258
200 iterations
f(b) = 0.0431062
Frob norm 2 after updating B : 0.00917841
Iteration number -------- 86  -----------
lambda : 1.52797
max_diff => 9.998e-08
performed mixing
Frob norm 1 after updating U: 0.00917681
200 iterations
f(b) = 0.0458679
Frob norm 2 after updating B : 0.00918271
Iteration number -------- 87  -----------
lambda : 1.53561
max_diff => 9.998e-08
performed mixing
Frob norm 1 after updating U: 0.00918027
200 iterations
f(b) = 0.0473335
Frob norm 2 after updating B : 0.00917778
Iteration number -------- 88  -----------
lambda : 1.54329
max_diff => 9.998e-08
performed mixing
Frob norm 1 after updating U: 0.00917575
200 iterations
f(b) = 0.0425323
Frob norm 2 after updating B : 0.00918852
Iteration number -------- 89  -----------
lambda : 1.55101
max_diff => 9.998e-08
performed mixing
Frob norm 1 after updating U: 0.00918205
200 iterations
f(b) = 0.0456467
Frob norm 2 after updating B : 0.0091794
Iteration number -------- 90  -----------
lambda : 1.55876
max_diff => 9.998e-08
performed mixing
Frob norm 1 after updating U: 0.00917804
200 iterations
f(b) = 0.0462717
Frob norm 2 after updating B : 0.00919195
Iteration number -------- 91  -----------
lambda : 1.56655
max_diff => 9.998e-08
performed mixing
Frob norm 1 after updating U: 0.00918532
200 iterations
f(b) = 0.0461388
Frob norm 2 after updating B : 0.00918714
Iteration number -------- 92  -----------
lambda : 1.57439
max_diff => 9.998e-08
performed mixing
Frob norm 1 after updating U: 0.00918059
200 iterations
f(b) = 0.0441429
Frob norm 2 after updating B : 0.00918684
Iteration number -------- 93  -----------
lambda : 1.58226
max_diff => 9.998e-08
performed mixing
Frob norm 1 after updating U: 0.00918437
200 iterations
f(b) = 0.0476978
Frob norm 2 after updating B : 0.00918876
Iteration number -------- 94  -----------
lambda : 1.59017
max_diff => 9.998e-08
performed mixing
Frob norm 1 after updating U: 0.00918157
200 iterations
f(b) = 0.0467735
Frob norm 2 after updating B : 0.00919637
Iteration number -------- 95  -----------
lambda : 1.59812
max_diff => 9.998e-08
performed mixing
Frob norm 1 after updating U: 0.00919039
200 iterations
f(b) = 0.0490381
Frob norm 2 after updating B : 0.00917745
Iteration number -------- 96  -----------
lambda : 1.60611
max_diff => 9.998e-08
performed mixing
Frob norm 1 after updating U: 0.00917483
200 iterations
f(b) = 0.0423005
Frob norm 2 after updating B : 0.0091906
Iteration number -------- 97  -----------
lambda : 1.61414
max_diff => 9.998e-08
performed mixing
Frob norm 1 after updating U: 0.00918042
200 iterations
f(b) = 0.0482863
Frob norm 2 after updating B : 0.00917745
Iteration number -------- 98  -----------
lambda : 1.62221
max_diff => 9.998e-08
performed mixing
Frob norm 1 after updating U: 0.00917565
200 iterations
f(b) = 0.0476531
Frob norm 2 after updating B : 0.00918443
Iteration number -------- 99  -----------
lambda : 1.63032
max_diff => 9.998e-08
performed mixing
Frob norm 1 after updating U: 0.00918103
200 iterations
f(b) = 0.0479723
Frob norm 2 after updating B : 0.00919222
Iteration number -------- 100  -----------
lambda : 1.63848
max_diff => 9.998e-08
