Academic license - for non-commercial use only
Frob norm 1 after updating U: 10.0867
200 iterations
f(b) = 53.4751
Frob norm 2 after updating B : 6.79933
Iteration number -------- 1  -----------
lambda : 1
max_diff => 0.169953
performed mixing
Frob norm 1 after updating U: 6.21699
200 iterations
f(b) = 50.3907
Frob norm 2 after updating B : 6.55398
Iteration number -------- 2  -----------
lambda : 1.005
max_diff => 0.166767
performed mixing
Frob norm 1 after updating U: 5.99242
200 iterations
f(b) = 47.3762
Frob norm 2 after updating B : 6.28609
Iteration number -------- 3  -----------
lambda : 1.01002
max_diff => 0.177239
performed mixing
Frob norm 1 after updating U: 5.62947
200 iterations
f(b) = 43.9183
Frob norm 2 after updating B : 6.00585
Iteration number -------- 4  -----------
lambda : 1.01508
max_diff => 0.171985
performed mixing
Frob norm 1 after updating U: 5.02091
200 iterations
f(b) = 39.1253
Frob norm 2 after updating B : 5.68442
Iteration number -------- 5  -----------
lambda : 1.02015
max_diff => 0.136819
performed mixing
Frob norm 1 after updating U: 4.52951
200 iterations
f(b) = 34.0217
Frob norm 2 after updating B : 5.31425
Iteration number -------- 6  -----------
lambda : 1.02525
max_diff => 0.109961
performed mixing
Frob norm 1 after updating U: 3.98555
200 iterations
f(b) = 29.2671
Frob norm 2 after updating B : 4.89097
Iteration number -------- 7  -----------
lambda : 1.03038
max_diff => 0.0839108
performed mixing
Frob norm 1 after updating U: 3.64087
200 iterations
f(b) = 25.0409
Frob norm 2 after updating B : 4.45021
Iteration number -------- 8  -----------
lambda : 1.03553
max_diff => 0.0819846
performed mixing
Frob norm 1 after updating U: 2.84919
200 iterations
f(b) = 19.7887
Frob norm 2 after updating B : 3.99272
Iteration number -------- 9  -----------
lambda : 1.04071
max_diff => 0.0611671
performed mixing
Frob norm 1 after updating U: 1.68561
200 iterations
f(b) = 14.7292
Frob norm 2 after updating B : 3.43337
Iteration number -------- 10  -----------
lambda : 1.04591
max_diff => 0.0590548
performed mixing
Frob norm 1 after updating U: 1.38778
200 iterations
f(b) = 11.1916
Frob norm 2 after updating B : 2.91127
Iteration number -------- 11  -----------
lambda : 1.05114
max_diff => 0.0573142
performed mixing
Frob norm 1 after updating U: 1.24403
200 iterations
f(b) = 8.69552
Frob norm 2 after updating B : 2.47034
Iteration number -------- 12  -----------
lambda : 1.0564
max_diff => 0.0548247
performed mixing
Frob norm 1 after updating U: 1.1112
200 iterations
f(b) = 6.92756
Frob norm 2 after updating B : 2.11048
Iteration number -------- 13  -----------
lambda : 1.06168
max_diff => 0.0520019
performed mixing
Frob norm 1 after updating U: 0.997111
200 iterations
f(b) = 5.66875
Frob norm 2 after updating B : 1.81535
Iteration number -------- 14  -----------
lambda : 1.06699
max_diff => 0.0492098
performed mixing
Frob norm 1 after updating U: 0.90379
200 iterations
f(b) = 4.75651
Frob norm 2 after updating B : 1.57926
Iteration number -------- 15  -----------
lambda : 1.07232
max_diff => 0.0461701
performed mixing
Frob norm 1 after updating U: 0.823245
200 iterations
f(b) = 4.1441
Frob norm 2 after updating B : 1.35819
Iteration number -------- 16  -----------
lambda : 1.07768
max_diff => 0.0460739
performed mixing
Frob norm 1 after updating U: 0.821225
200 iterations
f(b) = 3.62568
Frob norm 2 after updating B : 1.23135
Iteration number -------- 17  -----------
lambda : 1.08307
max_diff => 0.0418823
performed mixing
Frob norm 1 after updating U: 0.731528
200 iterations
f(b) = 3.31571
Frob norm 2 after updating B : 1.07917
Iteration number -------- 18  -----------
lambda : 1.08849
max_diff => 0.0418052
performed mixing
Frob norm 1 after updating U: 0.729663
200 iterations
f(b) = 2.97904
Frob norm 2 after updating B : 1.01712
Iteration number -------- 19  -----------
lambda : 1.09393
max_diff => 0.0353914
performed mixing
Frob norm 1 after updating U: 0.595653
200 iterations
f(b) = 2.77567
Frob norm 2 after updating B : 0.889494
Iteration number -------- 20  -----------
lambda : 1.0994
max_diff => 0.0353473
performed mixing
Frob norm 1 after updating U: 0.594985
200 iterations
f(b) = 2.62795
Frob norm 2 after updating B : 0.79705
Iteration number -------- 21  -----------
lambda : 1.1049
max_diff => 0.035248
performed mixing
Frob norm 1 after updating U: 0.593284
200 iterations
f(b) = 2.39424
Frob norm 2 after updating B : 0.824739
Iteration number -------- 22  -----------
lambda : 1.11042
max_diff => 0.0275429
performed mixing
Frob norm 1 after updating U: 0.475242
200 iterations
f(b) = 2.26905
Frob norm 2 after updating B : 0.721082
Iteration number -------- 23  -----------
lambda : 1.11597
max_diff => 0.0274188
performed mixing
Frob norm 1 after updating U: 0.47411
200 iterations
f(b) = 2.07007
Frob norm 2 after updating B : 0.765024
Iteration number -------- 24  -----------
lambda : 1.12155
max_diff => 0.0218635
performed mixing
Frob norm 1 after updating U: 0.407359
200 iterations
f(b) = 2.0826
Frob norm 2 after updating B : 0.656486
Iteration number -------- 25  -----------
lambda : 1.12716
max_diff => 0.0216233
performed mixing
Frob norm 1 after updating U: 0.402672
200 iterations
f(b) = 1.85031
Frob norm 2 after updating B : 0.59736
Iteration number -------- 26  -----------
lambda : 1.1328
max_diff => 0.020801
performed mixing
Frob norm 1 after updating U: 0.396385
200 iterations
f(b) = 1.67215
Frob norm 2 after updating B : 0.670508
Iteration number -------- 27  -----------
lambda : 1.13846
max_diff => 0.0143815
performed mixing
Frob norm 1 after updating U: 0.309065
200 iterations
f(b) = 1.51505
Frob norm 2 after updating B : 0.675059
Iteration number -------- 28  -----------
lambda : 1.14415
max_diff => 0.0109505
performed mixing
Frob norm 1 after updating U: 0.252422
200 iterations
f(b) = 1.41106
Frob norm 2 after updating B : 0.564104
Iteration number -------- 29  -----------
lambda : 1.14987
max_diff => 0.0108568
performed mixing
Frob norm 1 after updating U: 0.250809
200 iterations
f(b) = 1.22455
Frob norm 2 after updating B : 0.680665
Iteration number -------- 30  -----------
lambda : 1.15562
max_diff => 0.00552412
performed mixing
Frob norm 1 after updating U: 0.160556
200 iterations
f(b) = 1.09889
Frob norm 2 after updating B : 0.555658
Iteration number -------- 31  -----------
lambda : 1.1614
max_diff => 0.00547624
performed mixing
Frob norm 1 after updating U: 0.159608
200 iterations
f(b) = 0.901406
Frob norm 2 after updating B : 0.725164
Iteration number -------- 32  -----------
lambda : 1.16721
max_diff => 0.00157123
performed mixing
Frob norm 1 after updating U: 0.0773785
200 iterations
f(b) = 0.734727
Frob norm 2 after updating B : 0.586082
Iteration number -------- 33  -----------
lambda : 1.17304
max_diff => 0.00152891
performed mixing
Frob norm 1 after updating U: 0.076431
200 iterations
f(b) = 0.50976
Frob norm 2 after updating B : 0.626452
Iteration number -------- 34  -----------
lambda : 1.17891
max_diff => 0.000287999
performed mixing
Frob norm 1 after updating U: 0.0454347
200 iterations
f(b) = 0.404763
Frob norm 2 after updating B : 0.504178
Iteration number -------- 35  -----------
lambda : 1.1848
max_diff => 0.000274122
performed mixing
Frob norm 1 after updating U: 0.0444588
200 iterations
f(b) = 0.249309
Frob norm 2 after updating B : 0.46693
Iteration number -------- 36  -----------
lambda : 1.19073
max_diff => 3.64548e-07
performed mixing
Frob norm 1 after updating U: 0.00723152
200 iterations
f(b) = 0.191127
Frob norm 2 after updating B : 0.373898
Iteration number -------- 37  -----------
lambda : 1.19668
max_diff => 6.47264e-08
performed mixing
Frob norm 1 after updating U: 0.00716257
200 iterations
f(b) = 0.141625
Frob norm 2 after updating B : 0.299281
Iteration number -------- 38  -----------
lambda : 1.20266
max_diff => 1.17304e-07
performed mixing
Frob norm 1 after updating U: 0.00718848
200 iterations
f(b) = 0.11024
Frob norm 2 after updating B : 0.2395
Iteration number -------- 39  -----------
lambda : 1.20868
max_diff => 5.00041e-08
performed mixing
Frob norm 1 after updating U: 0.00715977
200 iterations
f(b) = 0.0901845
Frob norm 2 after updating B : 0.191847
Iteration number -------- 40  -----------
lambda : 1.21472
max_diff => 4.9999e-08
performed mixing
Frob norm 1 after updating U: 0.00716017
200 iterations
f(b) = 0.0443378
Frob norm 2 after updating B : 0.153463
Iteration number -------- 41  -----------
lambda : 1.22079
max_diff => 4.999e-08
performed mixing
Frob norm 1 after updating U: 0.00716617
200 iterations
f(b) = 0.0677495
Frob norm 2 after updating B : 0.122869
Iteration number -------- 42  -----------
lambda : 1.2269
max_diff => 4.999e-08
performed mixing
Frob norm 1 after updating U: 0.00716608
200 iterations
f(b) = 0.0580479
Frob norm 2 after updating B : 0.0985116
Iteration number -------- 43  -----------
lambda : 1.23303
max_diff => 4.999e-08
performed mixing
Frob norm 1 after updating U: 0.00716248
200 iterations
f(b) = 0.0567322
Frob norm 2 after updating B : 0.0790419
Iteration number -------- 44  -----------
lambda : 1.2392
max_diff => 4.999e-08
performed mixing
Frob norm 1 after updating U: 0.00716409
200 iterations
f(b) = 0.0214912
Frob norm 2 after updating B : 0.0631698
Iteration number -------- 45  -----------
lambda : 1.24539
max_diff => 4.999e-08
performed mixing
Frob norm 1 after updating U: 0.00716928
200 iterations
f(b) = 0.020074
Frob norm 2 after updating B : 0.0508326
Iteration number -------- 46  -----------
lambda : 1.25162
max_diff => 4.999e-08
performed mixing
Frob norm 1 after updating U: 0.00716125
200 iterations
f(b) = 0.0175158
Frob norm 2 after updating B : 0.0410017
Iteration number -------- 47  -----------
lambda : 1.25788
max_diff => 4.999e-08
performed mixing
Frob norm 1 after updating U: 0.0071663
200 iterations
f(b) = 0.017366
Frob norm 2 after updating B : 0.0330003
Iteration number -------- 48  -----------
lambda : 1.26417
max_diff => 4.999e-08
performed mixing
Frob norm 1 after updating U: 0.00716122
200 iterations
f(b) = 0.0183796
Frob norm 2 after updating B : 0.0268541
Iteration number -------- 49  -----------
lambda : 1.27049
max_diff => 4.999e-08
performed mixing
Frob norm 1 after updating U: 0.0071631
200 iterations
f(b) = 0.0245072
Frob norm 2 after updating B : 0.0218254
Iteration number -------- 50  -----------
lambda : 1.27684
max_diff => 4.999e-08
performed mixing
Frob norm 1 after updating U: 0.00716309
200 iterations
f(b) = 0.0171606
Frob norm 2 after updating B : 0.0179911
Iteration number -------- 51  -----------
lambda : 1.28323
max_diff => 4.999e-08
performed mixing
Frob norm 1 after updating U: 0.00716002
200 iterations
f(b) = 0.0145176
Frob norm 2 after updating B : 0.0151117
Iteration number -------- 52  -----------
lambda : 1.28964
max_diff => 4.999e-08
performed mixing
Frob norm 1 after updating U: 0.00715974
200 iterations
f(b) = 0.0141563
Frob norm 2 after updating B : 0.012747
Iteration number -------- 53  -----------
lambda : 1.29609
max_diff => 4.999e-08
performed mixing
Frob norm 1 after updating U: 0.00715993
200 iterations
f(b) = 0.0142138
Frob norm 2 after updating B : 0.0110339
Iteration number -------- 54  -----------
lambda : 1.30257
max_diff => 4.999e-08
performed mixing
Frob norm 1 after updating U: 0.00715872
200 iterations
f(b) = 0.0107266
Frob norm 2 after updating B : 0.0098954
Iteration number -------- 55  -----------
lambda : 1.30908
max_diff => 4.999e-08
performed mixing
Frob norm 1 after updating U: 0.00716179
200 iterations
f(b) = 0.0120497
Frob norm 2 after updating B : 0.00893316
Iteration number -------- 56  -----------
lambda : 1.31563
max_diff => 4.999e-08
performed mixing
Frob norm 1 after updating U: 0.00716206
200 iterations
f(b) = 0.0100105
Frob norm 2 after updating B : 0.00835702
Iteration number -------- 57  -----------
lambda : 1.32221
max_diff => 4.999e-08
performed mixing
Frob norm 1 after updating U: 0.00715907
200 iterations
f(b) = 0.0103466
Frob norm 2 after updating B : 0.00799107
Iteration number -------- 58  -----------
lambda : 1.32882
max_diff => 4.999e-08
performed mixing
Frob norm 1 after updating U: 0.00715777
200 iterations
f(b) = 0.0098753
Frob norm 2 after updating B : 0.00768187
Iteration number -------- 59  -----------
lambda : 1.33546
max_diff => 4.999e-08
performed mixing
Frob norm 1 after updating U: 0.00716096
200 iterations
f(b) = 0.00809351
Frob norm 2 after updating B : 0.00745422
Iteration number -------- 60  -----------
lambda : 1.34214
max_diff => 4.999e-08
performed mixing
Frob norm 1 after updating U: 0.0071661
200 iterations
f(b) = 0.00789765
Frob norm 2 after updating B : 0.00739049
Iteration number -------- 61  -----------
lambda : 1.34885
max_diff => 4.999e-08
performed mixing
Frob norm 1 after updating U: 0.00716442
200 iterations
f(b) = 0.00849106
Frob norm 2 after updating B : 0.00731954
Iteration number -------- 62  -----------
lambda : 1.35559
max_diff => 4.999e-08
performed mixing
Frob norm 1 after updating U: 0.00716037
200 iterations
f(b) = 0.00744057
Frob norm 2 after updating B : 0.00721565
Iteration number -------- 63  -----------
lambda : 1.36237
max_diff => 4.999e-08
performed mixing
Frob norm 1 after updating U: 0.00716143
200 iterations
f(b) = 0.0071626
Frob norm 2 after updating B : 0.00723135
Iteration number -------- 64  -----------
lambda : 1.36918
max_diff => 4.999e-08
performed mixing
Frob norm 1 after updating U: 0.00716212
200 iterations
f(b) = 0.00805072
Frob norm 2 after updating B : 0.00720086
Iteration number -------- 65  -----------
lambda : 1.37603
max_diff => 4.999e-08
performed mixing
Frob norm 1 after updating U: 0.00715666
200 iterations
f(b) = 0.00683662
Frob norm 2 after updating B : 0.00719496
Iteration number -------- 66  -----------
lambda : 1.38291
max_diff => 4.999e-08
performed mixing
Frob norm 1 after updating U: 0.00715774
200 iterations
f(b) = 0.00674716
Frob norm 2 after updating B : 0.00719043
Iteration number -------- 67  -----------
lambda : 1.38982
max_diff => 4.999e-08
performed mixing
Frob norm 1 after updating U: 0.00715613
200 iterations
f(b) = 0.0074642
Frob norm 2 after updating B : 0.00719558
Iteration number -------- 68  -----------
lambda : 1.39677
max_diff => 4.999e-08
performed mixing
Frob norm 1 after updating U: 0.00715745
200 iterations
f(b) = 0.0067266
Frob norm 2 after updating B : 0.00719047
Iteration number -------- 69  -----------
lambda : 1.40376
max_diff => 4.999e-08
performed mixing
Frob norm 1 after updating U: 0.00715959
200 iterations
f(b) = 0.00693324
Frob norm 2 after updating B : 0.00718866
Iteration number -------- 70  -----------
lambda : 1.41078
max_diff => 4.999e-08
performed mixing
Frob norm 1 after updating U: 0.00715979
200 iterations
f(b) = 0.00739509
Frob norm 2 after updating B : 0.00718105
Iteration number -------- 71  -----------
lambda : 1.41783
max_diff => 4.999e-08
performed mixing
Frob norm 1 after updating U: 0.00715616
200 iterations
f(b) = 0.00730675
Frob norm 2 after updating B : 0.00719333
Iteration number -------- 72  -----------
lambda : 1.42492
max_diff => 4.999e-08
performed mixing
Frob norm 1 after updating U: 0.00715636
200 iterations
f(b) = 0.00767576
Frob norm 2 after updating B : 0.00717595
Iteration number -------- 73  -----------
lambda : 1.43204
max_diff => 4.999e-08
performed mixing
Frob norm 1 after updating U: 0.00716198
200 iterations
f(b) = 0.00896202
Frob norm 2 after updating B : 0.00716918
Iteration number -------- 74  -----------
lambda : 1.4392
max_diff => 4.999e-08
performed mixing
Frob norm 1 after updating U: 0.00715919
200 iterations
f(b) = 0.00842547
Frob norm 2 after updating B : 0.00716798
Iteration number -------- 75  -----------
lambda : 1.4464
max_diff => 4.999e-08
performed mixing
Frob norm 1 after updating U: 0.00716282
200 iterations
f(b) = 0.00752503
Frob norm 2 after updating B : 0.00716202
Iteration number -------- 76  -----------
lambda : 1.45363
max_diff => 4.999e-08
performed mixing
Frob norm 1 after updating U: 0.00716176
200 iterations
f(b) = 0.00747275
Frob norm 2 after updating B : 0.0071594
Iteration number -------- 77  -----------
lambda : 1.4609
max_diff => 4.999e-08
performed mixing
Frob norm 1 after updating U: 0.00715752
200 iterations
f(b) = 0.0093928
Frob norm 2 after updating B : 0.00717641
Iteration number -------- 78  -----------
lambda : 1.46821
max_diff => 4.999e-08
performed mixing
Frob norm 1 after updating U: 0.00716006
200 iterations
f(b) = 0.00747396
Frob norm 2 after updating B : 0.00717106
Iteration number -------- 79  -----------
lambda : 1.47555
max_diff => 4.999e-08
performed mixing
Frob norm 1 after updating U: 0.00716179
200 iterations
f(b) = 0.00836157
Frob norm 2 after updating B : 0.00717029
Iteration number -------- 80  -----------
lambda : 1.48292
max_diff => 4.999e-08
performed mixing
Frob norm 1 after updating U: 0.00716369
200 iterations
f(b) = 0.00871125
Frob norm 2 after updating B : 0.00716636
Iteration number -------- 81  -----------
lambda : 1.49034
max_diff => 4.999e-08
performed mixing
Frob norm 1 after updating U: 0.00715955
200 iterations
f(b) = 0.00922864
Frob norm 2 after updating B : 0.0071671
Iteration number -------- 82  -----------
lambda : 1.49779
max_diff => 4.999e-08
performed mixing
Frob norm 1 after updating U: 0.00715693
200 iterations
f(b) = 0.00963582
Frob norm 2 after updating B : 0.00716576
Iteration number -------- 83  -----------
lambda : 1.50528
max_diff => 4.999e-08
performed mixing
Frob norm 1 after updating U: 0.00715776
200 iterations
f(b) = 0.00786501
Frob norm 2 after updating B : 0.00717347
Iteration number -------- 84  -----------
lambda : 1.51281
max_diff => 4.999e-08
performed mixing
Frob norm 1 after updating U: 0.00716197
200 iterations
f(b) = 0.00722062
Frob norm 2 after updating B : 0.00717131
Iteration number -------- 85  -----------
lambda : 1.52037
max_diff => 4.999e-08
performed mixing
Frob norm 1 after updating U: 0.00716014
200 iterations
f(b) = 0.0099817
Frob norm 2 after updating B : 0.00717391
Iteration number -------- 86  -----------
lambda : 1.52797
max_diff => 4.999e-08
performed mixing
Frob norm 1 after updating U: 0.00715612
200 iterations
f(b) = 0.00762403
Frob norm 2 after updating B : 0.00716034
Iteration number -------- 87  -----------
lambda : 1.53561
max_diff => 4.999e-08
performed mixing
Frob norm 1 after updating U: 0.0071586
200 iterations
f(b) = 0.00920989
Frob norm 2 after updating B : 0.00716739
Iteration number -------- 88  -----------
lambda : 1.54329
max_diff => 4.999e-08
performed mixing
Frob norm 1 after updating U: 0.00716223
200 iterations
f(b) = 0.00844746
Frob norm 2 after updating B : 0.00716841
Iteration number -------- 89  -----------
lambda : 1.55101
max_diff => 4.999e-08
performed mixing
Frob norm 1 after updating U: 0.00716559
200 iterations
f(b) = 0.00839761
Frob norm 2 after updating B : 0.00716323
Iteration number -------- 90  -----------
lambda : 1.55876
max_diff => 4.999e-08
performed mixing
Frob norm 1 after updating U: 0.00716117
200 iterations
f(b) = 0.00982591
Frob norm 2 after updating B : 0.00717129
Iteration number -------- 91  -----------
lambda : 1.56655
max_diff => 4.999e-08
performed mixing
Frob norm 1 after updating U: 0.00715642
200 iterations
f(b) = 0.00951451
Frob norm 2 after updating B : 0.00716104
Iteration number -------- 92  -----------
lambda : 1.57439
max_diff => 4.999e-08
performed mixing
Frob norm 1 after updating U: 0.00715982
200 iterations
f(b) = 0.00867247
Frob norm 2 after updating B : 0.00716808
Iteration number -------- 93  -----------
lambda : 1.58226
max_diff => 4.999e-08
performed mixing
Frob norm 1 after updating U: 0.00715932
200 iterations
f(b) = 0.00894603
Frob norm 2 after updating B : 0.00715917
Iteration number -------- 94  -----------
lambda : 1.59017
max_diff => 4.999e-08
performed mixing
Frob norm 1 after updating U: 0.0071581
200 iterations
f(b) = 0.00859935
Frob norm 2 after updating B : 0.00716434
Iteration number -------- 95  -----------
lambda : 1.59812
max_diff => 4.999e-08
performed mixing
Frob norm 1 after updating U: 0.00716074
200 iterations
f(b) = 0.00914926
Frob norm 2 after updating B : 0.00716256
Iteration number -------- 96  -----------
lambda : 1.60611
max_diff => 4.999e-08
performed mixing
Frob norm 1 after updating U: 0.00715756
200 iterations
f(b) = 0.00990809
Frob norm 2 after updating B : 0.0071737
Iteration number -------- 97  -----------
lambda : 1.61414
max_diff => 4.999e-08
performed mixing
Frob norm 1 after updating U: 0.00716152
200 iterations
f(b) = 0.00975543
Frob norm 2 after updating B : 0.00716462
Iteration number -------- 98  -----------
lambda : 1.62221
max_diff => 4.999e-08
performed mixing
Frob norm 1 after updating U: 0.00716121
200 iterations
f(b) = 0.00916336
Frob norm 2 after updating B : 0.00716272
Iteration number -------- 99  -----------
lambda : 1.63032
max_diff => 4.999e-08
performed mixing
Frob norm 1 after updating U: 0.00716123
200 iterations
f(b) = 0.00964166
Frob norm 2 after updating B : 0.00716077
Iteration number -------- 100  -----------
lambda : 1.63848
max_diff => 4.999e-08
