Academic license - for non-commercial use only
Frob norm 1 after updating U: 10.0827
200 iterations
f(b) = 49.76
Frob norm 2 after updating B : 6.6886
Iteration number -------- 1  -----------
lambda : 1
max_diff => 0.0677937
performed mixing
Frob norm 1 after updating U: 5.1327
200 iterations
f(b) = 42.9418
Frob norm 2 after updating B : 6.16266
Iteration number -------- 2  -----------
lambda : 1.005
max_diff => 0.0739479
performed mixing
Frob norm 1 after updating U: 4.97356
200 iterations
f(b) = 38.0014
Frob norm 2 after updating B : 5.75004
Iteration number -------- 3  -----------
lambda : 1.01002
max_diff => 0.080074
performed mixing
Frob norm 1 after updating U: 4.78154
200 iterations
f(b) = 32.8788
Frob norm 2 after updating B : 5.30186
Iteration number -------- 4  -----------
lambda : 1.01508
max_diff => 0.0812266
performed mixing
Frob norm 1 after updating U: 4.23026
200 iterations
f(b) = 28.8787
Frob norm 2 after updating B : 4.94195
Iteration number -------- 5  -----------
lambda : 1.02015
max_diff => 0.0817874
performed mixing
Frob norm 1 after updating U: 3.93643
200 iterations
f(b) = 25.3548
Frob norm 2 after updating B : 4.61482
Iteration number -------- 6  -----------
lambda : 1.02525
max_diff => 0.074029
performed mixing
Frob norm 1 after updating U: 3.63456
200 iterations
f(b) = 22.3204
Frob norm 2 after updating B : 4.31484
Iteration number -------- 7  -----------
lambda : 1.03038
max_diff => 0.0655919
performed mixing
Frob norm 1 after updating U: 3.43275
200 iterations
f(b) = 19.026
Frob norm 2 after updating B : 3.9231
Iteration number -------- 8  -----------
lambda : 1.03553
max_diff => 0.0860941
performed mixing
Frob norm 1 after updating U: 1.9487
200 iterations
f(b) = 13.728
Frob norm 2 after updating B : 3.38467
Iteration number -------- 9  -----------
lambda : 1.04071
max_diff => 0.0471288
performed mixing
Frob norm 1 after updating U: 1.27988
200 iterations
f(b) = 10.2264
Frob norm 2 after updating B : 2.93176
Iteration number -------- 10  -----------
lambda : 1.04591
max_diff => 0.0389101
performed mixing
Frob norm 1 after updating U: 0.999959
200 iterations
f(b) = 7.56218
Frob norm 2 after updating B : 2.50337
Iteration number -------- 11  -----------
lambda : 1.05114
max_diff => 0.031517
performed mixing
Frob norm 1 after updating U: 0.822478
200 iterations
f(b) = 5.5533
Frob norm 2 after updating B : 2.15688
Iteration number -------- 12  -----------
lambda : 1.0564
max_diff => 0.0219498
performed mixing
Frob norm 1 after updating U: 0.617548
200 iterations
f(b) = 4.01285
Frob norm 2 after updating B : 1.84299
Iteration number -------- 13  -----------
lambda : 1.06168
max_diff => 0.0150697
performed mixing
Frob norm 1 after updating U: 0.476912
200 iterations
f(b) = 2.88071
Frob norm 2 after updating B : 1.5327
Iteration number -------- 14  -----------
lambda : 1.06699
max_diff => 0.0125521
performed mixing
Frob norm 1 after updating U: 0.409327
200 iterations
f(b) = 2.03687
Frob norm 2 after updating B : 1.30099
Iteration number -------- 15  -----------
lambda : 1.07232
max_diff => 0.00637466
performed mixing
Frob norm 1 after updating U: 0.283216
200 iterations
f(b) = 1.49359
Frob norm 2 after updating B : 1.0562
Iteration number -------- 16  -----------
lambda : 1.07768
max_diff => 0.00632775
performed mixing
Frob norm 1 after updating U: 0.282096
200 iterations
f(b) = 1.02889
Frob norm 2 after updating B : 0.92675
Iteration number -------- 17  -----------
lambda : 1.08307
max_diff => 0.00145677
performed mixing
Frob norm 1 after updating U: 0.116786
200 iterations
f(b) = 0.749859
Frob norm 2 after updating B : 0.747896
Iteration number -------- 18  -----------
lambda : 1.08849
max_diff => 0.00138449
performed mixing
Frob norm 1 after updating U: 0.113374
200 iterations
f(b) = 0.540612
Frob norm 2 after updating B : 0.61093
Iteration number -------- 19  -----------
lambda : 1.09393
max_diff => 0.0010351
performed mixing
Frob norm 1 after updating U: 0.0969649
200 iterations
f(b) = 0.327393
Frob norm 2 after updating B : 0.554181
Iteration number -------- 20  -----------
lambda : 1.0994
max_diff => 1.17352e-05
performed mixing
Frob norm 1 after updating U: 0.0102163
200 iterations
f(b) = 0.247831
Frob norm 2 after updating B : 0.44586
Iteration number -------- 21  -----------
lambda : 1.1049
max_diff => 2.72613e-06
performed mixing
Frob norm 1 after updating U: 0.00792431
200 iterations
f(b) = 0.179099
Frob norm 2 after updating B : 0.357231
Iteration number -------- 22  -----------
lambda : 1.11042
max_diff => 1.21337e-06
performed mixing
Frob norm 1 after updating U: 0.00750653
200 iterations
f(b) = 0.130198
Frob norm 2 after updating B : 0.286622
Iteration number -------- 23  -----------
lambda : 1.11597
max_diff => 4.999e-08
performed mixing
Frob norm 1 after updating U: 0.00716798
200 iterations
f(b) = 0.104021
Frob norm 2 after updating B : 0.2294
Iteration number -------- 24  -----------
lambda : 1.12155
max_diff => 4.999e-08
performed mixing
Frob norm 1 after updating U: 0.00715945
200 iterations
f(b) = 0.0438225
Frob norm 2 after updating B : 0.183775
Iteration number -------- 25  -----------
lambda : 1.12716
max_diff => 4.999e-08
performed mixing
Frob norm 1 after updating U: 0.00716732
200 iterations
f(b) = 0.0664228
Frob norm 2 after updating B : 0.147015
Iteration number -------- 26  -----------
lambda : 1.1328
max_diff => 4.999e-08
performed mixing
Frob norm 1 after updating U: 0.00716364
200 iterations
f(b) = 0.0612094
Frob norm 2 after updating B : 0.117847
Iteration number -------- 27  -----------
lambda : 1.13846
max_diff => 4.999e-08
performed mixing
Frob norm 1 after updating U: 0.00716454
200 iterations
f(b) = 0.0578754
Frob norm 2 after updating B : 0.0943131
Iteration number -------- 28  -----------
lambda : 1.14415
max_diff => 4.999e-08
performed mixing
Frob norm 1 after updating U: 0.0071633
200 iterations
f(b) = 0.0517725
Frob norm 2 after updating B : 0.0757243
Iteration number -------- 29  -----------
lambda : 1.14987
max_diff => 4.999e-08
performed mixing
Frob norm 1 after updating U: 0.00716075
200 iterations
f(b) = 0.0427848
Frob norm 2 after updating B : 0.0608111
Iteration number -------- 30  -----------
lambda : 1.15562
max_diff => 4.999e-08
performed mixing
Frob norm 1 after updating U: 0.00716939
200 iterations
f(b) = 0.0203757
Frob norm 2 after updating B : 0.0491905
Iteration number -------- 31  -----------
lambda : 1.1614
max_diff => 4.999e-08
performed mixing
Frob norm 1 after updating U: 0.00717194
200 iterations
f(b) = 0.0179328
Frob norm 2 after updating B : 0.0394993
Iteration number -------- 32  -----------
lambda : 1.16721
max_diff => 4.999e-08
performed mixing
Frob norm 1 after updating U: 0.00716542
200 iterations
f(b) = 0.0182719
Frob norm 2 after updating B : 0.0319892
Iteration number -------- 33  -----------
lambda : 1.17304
max_diff => 4.999e-08
performed mixing
Frob norm 1 after updating U: 0.007169
200 iterations
f(b) = 0.0177557
Frob norm 2 after updating B : 0.0259099
Iteration number -------- 34  -----------
lambda : 1.17891
max_diff => 4.999e-08
performed mixing
Frob norm 1 after updating U: 0.00717054
200 iterations
f(b) = 0.0145344
Frob norm 2 after updating B : 0.021367
Iteration number -------- 35  -----------
lambda : 1.1848
max_diff => 4.999e-08
performed mixing
Frob norm 1 after updating U: 0.00716604
200 iterations
f(b) = 0.0152552
Frob norm 2 after updating B : 0.0176353
Iteration number -------- 36  -----------
lambda : 1.19073
max_diff => 4.999e-08
performed mixing
Frob norm 1 after updating U: 0.00717055
200 iterations
f(b) = 0.0165216
Frob norm 2 after updating B : 0.0147975
Iteration number -------- 37  -----------
lambda : 1.19668
max_diff => 4.999e-08
performed mixing
Frob norm 1 after updating U: 0.00716126
200 iterations
f(b) = 0.0151766
Frob norm 2 after updating B : 0.0125612
Iteration number -------- 38  -----------
lambda : 1.20266
max_diff => 4.999e-08
performed mixing
Frob norm 1 after updating U: 0.0071626
200 iterations
f(b) = 0.0132279
Frob norm 2 after updating B : 0.0110485
Iteration number -------- 39  -----------
lambda : 1.20868
max_diff => 4.999e-08
performed mixing
Frob norm 1 after updating U: 0.00716542
200 iterations
f(b) = 0.0133915
Frob norm 2 after updating B : 0.00976811
Iteration number -------- 40  -----------
lambda : 1.21472
max_diff => 4.999e-08
performed mixing
Frob norm 1 after updating U: 0.00716458
200 iterations
f(b) = 0.011239
Frob norm 2 after updating B : 0.00910762
Iteration number -------- 41  -----------
lambda : 1.22079
max_diff => 4.999e-08
performed mixing
Frob norm 1 after updating U: 0.00716084
200 iterations
f(b) = 0.011337
Frob norm 2 after updating B : 0.00839357
Iteration number -------- 42  -----------
lambda : 1.2269
max_diff => 4.999e-08
performed mixing
Frob norm 1 after updating U: 0.00716025
200 iterations
f(b) = 0.0105128
Frob norm 2 after updating B : 0.00801698
Iteration number -------- 43  -----------
lambda : 1.23303
max_diff => 4.999e-08
performed mixing
Frob norm 1 after updating U: 0.00716223
200 iterations
f(b) = 0.00954843
Frob norm 2 after updating B : 0.00773567
Iteration number -------- 44  -----------
lambda : 1.2392
max_diff => 4.999e-08
performed mixing
Frob norm 1 after updating U: 0.00716177
200 iterations
f(b) = 0.00749331
Frob norm 2 after updating B : 0.00756234
Iteration number -------- 45  -----------
lambda : 1.24539
max_diff => 4.999e-08
performed mixing
Frob norm 1 after updating U: 0.00716292
200 iterations
f(b) = 0.00819036
Frob norm 2 after updating B : 0.0074422
Iteration number -------- 46  -----------
lambda : 1.25162
max_diff => 4.999e-08
performed mixing
Frob norm 1 after updating U: 0.00715982
200 iterations
f(b) = 0.00751249
Frob norm 2 after updating B : 0.00735862
Iteration number -------- 47  -----------
lambda : 1.25788
max_diff => 4.999e-08
performed mixing
Frob norm 1 after updating U: 0.00715753
200 iterations
f(b) = 0.00786883
Frob norm 2 after updating B : 0.00731897
Iteration number -------- 48  -----------
lambda : 1.26417
max_diff => 4.999e-08
performed mixing
Frob norm 1 after updating U: 0.00715645
200 iterations
f(b) = 0.00721741
Frob norm 2 after updating B : 0.0072676
Iteration number -------- 49  -----------
lambda : 1.27049
max_diff => 4.999e-08
performed mixing
Frob norm 1 after updating U: 0.00715709
200 iterations
f(b) = 0.00690843
Frob norm 2 after updating B : 0.0072427
Iteration number -------- 50  -----------
lambda : 1.27684
max_diff => 4.999e-08
performed mixing
Frob norm 1 after updating U: 0.00716024
200 iterations
f(b) = 0.00712386
Frob norm 2 after updating B : 0.00723318
Iteration number -------- 51  -----------
lambda : 1.28323
max_diff => 4.999e-08
performed mixing
Frob norm 1 after updating U: 0.0071591
200 iterations
f(b) = 0.00737007
Frob norm 2 after updating B : 0.00721561
Iteration number -------- 52  -----------
lambda : 1.28964
max_diff => 4.999e-08
performed mixing
Frob norm 1 after updating U: 0.00715766
200 iterations
f(b) = 0.00786427
Frob norm 2 after updating B : 0.00719886
Iteration number -------- 53  -----------
lambda : 1.29609
max_diff => 4.999e-08
performed mixing
Frob norm 1 after updating U: 0.00715934
200 iterations
f(b) = 0.0072718
Frob norm 2 after updating B : 0.00719688
Iteration number -------- 54  -----------
lambda : 1.30257
max_diff => 4.999e-08
performed mixing
Frob norm 1 after updating U: 0.00716008
200 iterations
f(b) = 0.00700783
Frob norm 2 after updating B : 0.00718978
Iteration number -------- 55  -----------
lambda : 1.30908
max_diff => 4.999e-08
performed mixing
Frob norm 1 after updating U: 0.00715844
200 iterations
f(b) = 0.00733334
Frob norm 2 after updating B : 0.00718703
Iteration number -------- 56  -----------
lambda : 1.31563
max_diff => 4.999e-08
performed mixing
Frob norm 1 after updating U: 0.00716511
200 iterations
f(b) = 0.00778844
Frob norm 2 after updating B : 0.00716936
Iteration number -------- 57  -----------
lambda : 1.32221
max_diff => 4.999e-08
performed mixing
Frob norm 1 after updating U: 0.00715693
200 iterations
f(b) = 0.00833809
Frob norm 2 after updating B : 0.00716447
Iteration number -------- 58  -----------
lambda : 1.32882
max_diff => 4.999e-08
performed mixing
Frob norm 1 after updating U: 0.00715702
200 iterations
f(b) = 0.00866867
Frob norm 2 after updating B : 0.00716312
Iteration number -------- 59  -----------
lambda : 1.33546
max_diff => 4.999e-08
performed mixing
Frob norm 1 after updating U: 0.00715685
200 iterations
f(b) = 0.0065283
Frob norm 2 after updating B : 0.00717402
Iteration number -------- 60  -----------
lambda : 1.34214
max_diff => 4.999e-08
performed mixing
Frob norm 1 after updating U: 0.00716127
200 iterations
f(b) = 0.00880977
Frob norm 2 after updating B : 0.00716486
Iteration number -------- 61  -----------
lambda : 1.34885
max_diff => 4.999e-08
performed mixing
Frob norm 1 after updating U: 0.0071576
200 iterations
f(b) = 0.00816053
Frob norm 2 after updating B : 0.00716261
Iteration number -------- 62  -----------
lambda : 1.35559
max_diff => 4.999e-08
performed mixing
Frob norm 1 after updating U: 0.00715799
200 iterations
f(b) = 0.007826
Frob norm 2 after updating B : 0.00716387
Iteration number -------- 63  -----------
lambda : 1.36237
max_diff => 4.999e-08
performed mixing
Frob norm 1 after updating U: 0.00715858
200 iterations
f(b) = 0.00849786
Frob norm 2 after updating B : 0.00716386
Iteration number -------- 64  -----------
lambda : 1.36918
max_diff => 4.999e-08
performed mixing
Frob norm 1 after updating U: 0.00715655
200 iterations
f(b) = 0.00806699
Frob norm 2 after updating B : 0.00716462
Iteration number -------- 65  -----------
lambda : 1.37603
max_diff => 4.999e-08
performed mixing
Frob norm 1 after updating U: 0.00715976
200 iterations
f(b) = 0.007606
Frob norm 2 after updating B : 0.0071725
Iteration number -------- 66  -----------
lambda : 1.38291
max_diff => 4.999e-08
performed mixing
Frob norm 1 after updating U: 0.00715909
200 iterations
f(b) = 0.00870113
Frob norm 2 after updating B : 0.00715887
Iteration number -------- 67  -----------
lambda : 1.38982
max_diff => 4.999e-08
performed mixing
Frob norm 1 after updating U: 0.00715743
200 iterations
f(b) = 0.00914167
Frob norm 2 after updating B : 0.00715803
Iteration number -------- 68  -----------
lambda : 1.39677
max_diff => 4.999e-08
performed mixing
Frob norm 1 after updating U: 0.00715678
200 iterations
f(b) = 0.00805988
Frob norm 2 after updating B : 0.00716516
Iteration number -------- 69  -----------
lambda : 1.40376
max_diff => 4.999e-08
performed mixing
Frob norm 1 after updating U: 0.00716251
200 iterations
f(b) = 0.00799701
Frob norm 2 after updating B : 0.00716602
Iteration number -------- 70  -----------
lambda : 1.41078
max_diff => 4.999e-08
performed mixing
Frob norm 1 after updating U: 0.00715771
200 iterations
f(b) = 0.00729496
Frob norm 2 after updating B : 0.00716416
Iteration number -------- 71  -----------
lambda : 1.41783
max_diff => 4.999e-08
performed mixing
Frob norm 1 after updating U: 0.00715821
200 iterations
f(b) = 0.00789571
Frob norm 2 after updating B : 0.0071627
Iteration number -------- 72  -----------
lambda : 1.42492
max_diff => 4.999e-08
performed mixing
Frob norm 1 after updating U: 0.00716129
200 iterations
f(b) = 0.00932758
Frob norm 2 after updating B : 0.00716179
Iteration number -------- 73  -----------
lambda : 1.43204
max_diff => 4.999e-08
performed mixing
Frob norm 1 after updating U: 0.00715715
200 iterations
f(b) = 0.00781223
Frob norm 2 after updating B : 0.00716498
Iteration number -------- 74  -----------
lambda : 1.4392
max_diff => 4.999e-08
performed mixing
Frob norm 1 after updating U: 0.00716502
200 iterations
f(b) = 0.00741662
Frob norm 2 after updating B : 0.0071637
Iteration number -------- 75  -----------
lambda : 1.4464
max_diff => 4.999e-08
performed mixing
Frob norm 1 after updating U: 0.00716236
200 iterations
f(b) = 0.00927511
Frob norm 2 after updating B : 0.0071659
Iteration number -------- 76  -----------
lambda : 1.45363
max_diff => 4.999e-08
performed mixing
Frob norm 1 after updating U: 0.00715855
200 iterations
f(b) = 0.00776568
Frob norm 2 after updating B : 0.00716674
Iteration number -------- 77  -----------
lambda : 1.4609
max_diff => 4.999e-08
performed mixing
Frob norm 1 after updating U: 0.00715808
200 iterations
f(b) = 0.00916363
Frob norm 2 after updating B : 0.0071685
Iteration number -------- 78  -----------
lambda : 1.46821
max_diff => 4.999e-08
performed mixing
Frob norm 1 after updating U: 0.00715981
200 iterations
f(b) = 0.00750805
Frob norm 2 after updating B : 0.00716624
Iteration number -------- 79  -----------
lambda : 1.47555
max_diff => 4.999e-08
performed mixing
Frob norm 1 after updating U: 0.00715629
200 iterations
f(b) = 0.00979104
Frob norm 2 after updating B : 0.00715897
Iteration number -------- 80  -----------
lambda : 1.48292
max_diff => 4.999e-08
performed mixing
Frob norm 1 after updating U: 0.00715765
200 iterations
f(b) = 0.00847127
Frob norm 2 after updating B : 0.00716235
Iteration number -------- 81  -----------
lambda : 1.49034
max_diff => 4.999e-08
performed mixing
Frob norm 1 after updating U: 0.00715853
200 iterations
f(b) = 0.00827349
Frob norm 2 after updating B : 0.00716617
Iteration number -------- 82  -----------
lambda : 1.49779
max_diff => 4.999e-08
performed mixing
Frob norm 1 after updating U: 0.00716394
200 iterations
f(b) = 0.00774229
Frob norm 2 after updating B : 0.00716263
Iteration number -------- 83  -----------
lambda : 1.50528
max_diff => 4.999e-08
performed mixing
Frob norm 1 after updating U: 0.00715678
200 iterations
f(b) = 0.00901288
Frob norm 2 after updating B : 0.00716346
Iteration number -------- 84  -----------
lambda : 1.51281
max_diff => 4.999e-08
performed mixing
Frob norm 1 after updating U: 0.00716218
200 iterations
f(b) = 0.00872854
Frob norm 2 after updating B : 0.00716428
Iteration number -------- 85  -----------
lambda : 1.52037
max_diff => 4.999e-08
performed mixing
Frob norm 1 after updating U: 0.00716319
200 iterations
f(b) = 0.00733067
Frob norm 2 after updating B : 0.00716624
Iteration number -------- 86  -----------
lambda : 1.52797
max_diff => 4.999e-08
performed mixing
Frob norm 1 after updating U: 0.00716381
200 iterations
f(b) = 0.00858396
Frob norm 2 after updating B : 0.00716523
Iteration number -------- 87  -----------
lambda : 1.53561
max_diff => 4.999e-08
performed mixing
Frob norm 1 after updating U: 0.00716243
200 iterations
f(b) = 0.00932999
Frob norm 2 after updating B : 0.00716557
Iteration number -------- 88  -----------
lambda : 1.54329
max_diff => 4.999e-08
performed mixing
Frob norm 1 after updating U: 0.00715653
200 iterations
f(b) = 0.0091578
Frob norm 2 after updating B : 0.00716271
Iteration number -------- 89  -----------
lambda : 1.55101
max_diff => 4.999e-08
performed mixing
Frob norm 1 after updating U: 0.00716131
200 iterations
f(b) = 0.00993872
Frob norm 2 after updating B : 0.00716283
Iteration number -------- 90  -----------
lambda : 1.55876
max_diff => 4.999e-08
performed mixing
Frob norm 1 after updating U: 0.00715648
200 iterations
f(b) = 0.0101223
Frob norm 2 after updating B : 0.00715857
Iteration number -------- 91  -----------
lambda : 1.56655
max_diff => 4.999e-08
performed mixing
Frob norm 1 after updating U: 0.00715661
200 iterations
f(b) = 0.00862494
Frob norm 2 after updating B : 0.00716269
Iteration number -------- 92  -----------
lambda : 1.57439
max_diff => 4.999e-08
performed mixing
Frob norm 1 after updating U: 0.00715916
200 iterations
f(b) = 0.00822396
Frob norm 2 after updating B : 0.00716518
Iteration number -------- 93  -----------
lambda : 1.58226
max_diff => 4.999e-08
performed mixing
Frob norm 1 after updating U: 0.00715991
200 iterations
f(b) = 0.00964707
Frob norm 2 after updating B : 0.00716454
Iteration number -------- 94  -----------
lambda : 1.59017
max_diff => 4.999e-08
performed mixing
Frob norm 1 after updating U: 0.00715959
200 iterations
f(b) = 0.0104639
Frob norm 2 after updating B : 0.00716112
Iteration number -------- 95  -----------
lambda : 1.59812
max_diff => 4.999e-08
performed mixing
Frob norm 1 after updating U: 0.00715812
200 iterations
f(b) = 0.008718
Frob norm 2 after updating B : 0.00717158
Iteration number -------- 96  -----------
lambda : 1.60611
max_diff => 4.999e-08
performed mixing
Frob norm 1 after updating U: 0.00716959
200 iterations
f(b) = 0.0105848
Frob norm 2 after updating B : 0.00716673
Iteration number -------- 97  -----------
lambda : 1.61414
max_diff => 4.999e-08
performed mixing
Frob norm 1 after updating U: 0.00715609
200 iterations
f(b) = 0.00925719
Frob norm 2 after updating B : 0.00716441
Iteration number -------- 98  -----------
lambda : 1.62221
max_diff => 4.999e-08
performed mixing
Frob norm 1 after updating U: 0.00716401
200 iterations
f(b) = 0.0100797
Frob norm 2 after updating B : 0.00715751
Iteration number -------- 99  -----------
lambda : 1.63032
max_diff => 4.999e-08
performed mixing
Frob norm 1 after updating U: 0.00715664
200 iterations
f(b) = 0.0103264
Frob norm 2 after updating B : 0.00715906
Iteration number -------- 100  -----------
lambda : 1.63848
max_diff => 4.999e-08
