Academic license - for non-commercial use only
Frob norm 1 after updating U: 10.0965
200 iterations
f(b) = 38.9777
Frob norm 2 after updating B : 5.71506
Iteration number -------- 1  -----------
lambda : 1
max_diff => 0.0734023
performed mixing
Frob norm 1 after updating U: 3.49216
200 iterations
f(b) = 30.9101
Frob norm 2 after updating B : 5.0103
Iteration number -------- 2  -----------
lambda : 1.005
max_diff => 0.0706013
performed mixing
Frob norm 1 after updating U: 2.88783
200 iterations
f(b) = 24.3889
Frob norm 2 after updating B : 4.37106
Iteration number -------- 3  -----------
lambda : 1.01002
max_diff => 0.0703693
performed mixing
Frob norm 1 after updating U: 2.41002
200 iterations
f(b) = 19.2278
Frob norm 2 after updating B : 3.79795
Iteration number -------- 4  -----------
lambda : 1.01508
max_diff => 0.0650518
performed mixing
Frob norm 1 after updating U: 1.9863
200 iterations
f(b) = 15.2497
Frob norm 2 after updating B : 3.28151
Iteration number -------- 5  -----------
lambda : 1.02015
max_diff => 0.0591424
performed mixing
Frob norm 1 after updating U: 1.70393
200 iterations
f(b) = 12.2271
Frob norm 2 after updating B : 2.85315
Iteration number -------- 6  -----------
lambda : 1.02525
max_diff => 0.0568404
performed mixing
Frob norm 1 after updating U: 1.43163
200 iterations
f(b) = 9.95862
Frob norm 2 after updating B : 2.47744
Iteration number -------- 7  -----------
lambda : 1.03038
max_diff => 0.0542798
performed mixing
Frob norm 1 after updating U: 1.25946
200 iterations
f(b) = 8.20306
Frob norm 2 after updating B : 2.18673
Iteration number -------- 8  -----------
lambda : 1.03553
max_diff => 0.0508784
performed mixing
Frob norm 1 after updating U: 1.06986
200 iterations
f(b) = 6.81779
Frob norm 2 after updating B : 1.94134
Iteration number -------- 9  -----------
lambda : 1.04071
max_diff => 0.0480815
performed mixing
Frob norm 1 after updating U: 0.936102
200 iterations
f(b) = 5.70611
Frob norm 2 after updating B : 1.73325
Iteration number -------- 10  -----------
lambda : 1.04591
max_diff => 0.0454809
performed mixing
Frob norm 1 after updating U: 0.838715
200 iterations
f(b) = 4.80869
Frob norm 2 after updating B : 1.54598
Iteration number -------- 11  -----------
lambda : 1.05114
max_diff => 0.0428462
performed mixing
Frob norm 1 after updating U: 0.75381
200 iterations
f(b) = 4.09647
Frob norm 2 after updating B : 1.39522
Iteration number -------- 12  -----------
lambda : 1.0564
max_diff => 0.039331
performed mixing
Frob norm 1 after updating U: 0.6699
200 iterations
f(b) = 3.5032
Frob norm 2 after updating B : 1.23753
Iteration number -------- 13  -----------
lambda : 1.06168
max_diff => 0.0371406
performed mixing
Frob norm 1 after updating U: 0.624923
200 iterations
f(b) = 3.12799
Frob norm 2 after updating B : 1.06129
Iteration number -------- 14  -----------
lambda : 1.06699
max_diff => 0.0368228
performed mixing
Frob norm 1 after updating U: 0.618451
200 iterations
f(b) = 2.78792
Frob norm 2 after updating B : 0.98744
Iteration number -------- 15  -----------
lambda : 1.07232
max_diff => 0.0318447
performed mixing
Frob norm 1 after updating U: 0.531607
200 iterations
f(b) = 2.57365
Frob norm 2 after updating B : 0.853185
Iteration number -------- 16  -----------
lambda : 1.07768
max_diff => 0.03173
performed mixing
Frob norm 1 after updating U: 0.529999
200 iterations
f(b) = 2.33297
Frob norm 2 after updating B : 0.840013
Iteration number -------- 17  -----------
lambda : 1.08307
max_diff => 0.0257846
performed mixing
Frob norm 1 after updating U: 0.451238
200 iterations
f(b) = 2.18977
Frob norm 2 after updating B : 0.726745
Iteration number -------- 18  -----------
lambda : 1.08849
max_diff => 0.0256445
performed mixing
Frob norm 1 after updating U: 0.449759
200 iterations
f(b) = 1.99248
Frob norm 2 after updating B : 0.756031
Iteration number -------- 19  -----------
lambda : 1.09393
max_diff => 0.0202847
performed mixing
Frob norm 1 after updating U: 0.392646
200 iterations
f(b) = 1.86603
Frob norm 2 after updating B : 0.659846
Iteration number -------- 20  -----------
lambda : 1.0994
max_diff => 0.0198604
performed mixing
Frob norm 1 after updating U: 0.3877
200 iterations
f(b) = 1.69391
Frob norm 2 after updating B : 0.691657
Iteration number -------- 21  -----------
lambda : 1.1049
max_diff => 0.0150886
performed mixing
Frob norm 1 after updating U: 0.319978
200 iterations
f(b) = 1.59099
Frob norm 2 after updating B : 0.589467
Iteration number -------- 22  -----------
lambda : 1.11042
max_diff => 0.0149568
performed mixing
Frob norm 1 after updating U: 0.318181
200 iterations
f(b) = 1.4238
Frob norm 2 after updating B : 0.662604
Iteration number -------- 23  -----------
lambda : 1.11597
max_diff => 0.00960526
performed mixing
Frob norm 1 after updating U: 0.229723
200 iterations
f(b) = 1.31065
Frob norm 2 after updating B : 0.549375
Iteration number -------- 24  -----------
lambda : 1.12155
max_diff => 0.00957071
performed mixing
Frob norm 1 after updating U: 0.229562
200 iterations
f(b) = 1.13456
Frob norm 2 after updating B : 0.671824
Iteration number -------- 25  -----------
lambda : 1.12716
max_diff => 0.00464261
performed mixing
Frob norm 1 after updating U: 0.14113
200 iterations
f(b) = 0.99826
Frob norm 2 after updating B : 0.55012
Iteration number -------- 26  -----------
lambda : 1.1328
max_diff => 0.00455832
performed mixing
Frob norm 1 after updating U: 0.140526
200 iterations
f(b) = 0.806027
Frob norm 2 after updating B : 0.686559
Iteration number -------- 27  -----------
lambda : 1.13846
max_diff => 0.00122443
performed mixing
Frob norm 1 after updating U: 0.0672443
200 iterations
f(b) = 0.658398
Frob norm 2 after updating B : 0.553165
Iteration number -------- 28  -----------
lambda : 1.14415
max_diff => 0.00120255
performed mixing
Frob norm 1 after updating U: 0.0666563
200 iterations
f(b) = 0.440653
Frob norm 2 after updating B : 0.596027
Iteration number -------- 29  -----------
lambda : 1.14987
max_diff => 0.000166717
performed mixing
Frob norm 1 after updating U: 0.0348085
200 iterations
f(b) = 0.313259
Frob norm 2 after updating B : 0.524272
Iteration number -------- 30  -----------
lambda : 1.15562
max_diff => 2.65656e-06
performed mixing
Frob norm 1 after updating U: 0.00833386
200 iterations
f(b) = 0.227118
Frob norm 2 after updating B : 0.422707
Iteration number -------- 31  -----------
lambda : 1.1614
max_diff => 7.27686e-08
performed mixing
Frob norm 1 after updating U: 0.00716743
200 iterations
f(b) = 0.165975
Frob norm 2 after updating B : 0.338268
Iteration number -------- 32  -----------
lambda : 1.16721
max_diff => 5.06959e-08
performed mixing
Frob norm 1 after updating U: 0.00716147
200 iterations
f(b) = 0.124852
Frob norm 2 after updating B : 0.270626
Iteration number -------- 33  -----------
lambda : 1.17304
max_diff => 5.6265e-08
performed mixing
Frob norm 1 after updating U: 0.00716136
200 iterations
f(b) = 0.0973835
Frob norm 2 after updating B : 0.216687
Iteration number -------- 34  -----------
lambda : 1.17891
max_diff => 4.999e-08
performed mixing
Frob norm 1 after updating U: 0.00716394
200 iterations
f(b) = 0.0819287
Frob norm 2 after updating B : 0.173583
Iteration number -------- 35  -----------
lambda : 1.1848
max_diff => 4.999e-08
performed mixing
Frob norm 1 after updating U: 0.00716315
200 iterations
f(b) = 0.070344
Frob norm 2 after updating B : 0.138811
Iteration number -------- 36  -----------
lambda : 1.19073
max_diff => 4.999e-08
performed mixing
Frob norm 1 after updating U: 0.00716068
200 iterations
f(b) = 0.0628829
Frob norm 2 after updating B : 0.110954
Iteration number -------- 37  -----------
lambda : 1.19668
max_diff => 4.999e-08
performed mixing
Frob norm 1 after updating U: 0.00715816
200 iterations
f(b) = 0.0562182
Frob norm 2 after updating B : 0.0890212
Iteration number -------- 38  -----------
lambda : 1.20266
max_diff => 4.999e-08
performed mixing
Frob norm 1 after updating U: 0.00716173
200 iterations
f(b) = 0.0222672
Frob norm 2 after updating B : 0.0714196
Iteration number -------- 39  -----------
lambda : 1.20868
max_diff => 4.999e-08
performed mixing
Frob norm 1 after updating U: 0.00716335
200 iterations
f(b) = 0.0199998
Frob norm 2 after updating B : 0.057509
Iteration number -------- 40  -----------
lambda : 1.21472
max_diff => 4.999e-08
performed mixing
Frob norm 1 after updating U: 0.00717658
200 iterations
f(b) = 0.0256385
Frob norm 2 after updating B : 0.0460572
Iteration number -------- 41  -----------
lambda : 1.22079
max_diff => 4.999e-08
performed mixing
Frob norm 1 after updating U: 0.00716193
200 iterations
f(b) = 0.019047
Frob norm 2 after updating B : 0.0370848
Iteration number -------- 42  -----------
lambda : 1.2269
max_diff => 4.999e-08
performed mixing
Frob norm 1 after updating U: 0.00716649
200 iterations
f(b) = 0.0165221
Frob norm 2 after updating B : 0.0300934
Iteration number -------- 43  -----------
lambda : 1.23303
max_diff => 4.999e-08
performed mixing
Frob norm 1 after updating U: 0.00716304
200 iterations
f(b) = 0.0159852
Frob norm 2 after updating B : 0.0244151
Iteration number -------- 44  -----------
lambda : 1.2392
max_diff => 4.999e-08
performed mixing
Frob norm 1 after updating U: 0.00716011
200 iterations
f(b) = 0.0162176
Frob norm 2 after updating B : 0.0199294
Iteration number -------- 45  -----------
lambda : 1.24539
max_diff => 4.999e-08
performed mixing
Frob norm 1 after updating U: 0.00716324
200 iterations
f(b) = 0.014398
Frob norm 2 after updating B : 0.0164635
Iteration number -------- 46  -----------
lambda : 1.25162
max_diff => 4.999e-08
performed mixing
Frob norm 1 after updating U: 0.00716794
200 iterations
f(b) = 0.0149658
Frob norm 2 after updating B : 0.0139615
Iteration number -------- 47  -----------
lambda : 1.25788
max_diff => 4.999e-08
performed mixing
Frob norm 1 after updating U: 0.00715992
200 iterations
f(b) = 0.0133921
Frob norm 2 after updating B : 0.0119861
Iteration number -------- 48  -----------
lambda : 1.26417
max_diff => 4.999e-08
performed mixing
Frob norm 1 after updating U: 0.00716255
200 iterations
f(b) = 0.0134284
Frob norm 2 after updating B : 0.0104203
Iteration number -------- 49  -----------
lambda : 1.27049
max_diff => 4.999e-08
performed mixing
Frob norm 1 after updating U: 0.00716031
200 iterations
f(b) = 0.0127174
Frob norm 2 after updating B : 0.00939203
Iteration number -------- 50  -----------
lambda : 1.27684
max_diff => 4.999e-08
performed mixing
Frob norm 1 after updating U: 0.00716114
200 iterations
f(b) = 0.0107129
Frob norm 2 after updating B : 0.00864162
Iteration number -------- 51  -----------
lambda : 1.28323
max_diff => 4.999e-08
performed mixing
Frob norm 1 after updating U: 0.00715763
200 iterations
f(b) = 0.0100933
Frob norm 2 after updating B : 0.00809721
Iteration number -------- 52  -----------
lambda : 1.28964
max_diff => 4.999e-08
performed mixing
Frob norm 1 after updating U: 0.00715758
200 iterations
f(b) = 0.0102217
Frob norm 2 after updating B : 0.00782329
Iteration number -------- 53  -----------
lambda : 1.29609
max_diff => 4.999e-08
performed mixing
Frob norm 1 after updating U: 0.00715806
200 iterations
f(b) = 0.0101514
Frob norm 2 after updating B : 0.00753569
Iteration number -------- 54  -----------
lambda : 1.30257
max_diff => 4.999e-08
performed mixing
Frob norm 1 after updating U: 0.00715933
200 iterations
f(b) = 0.0088886
Frob norm 2 after updating B : 0.00746577
Iteration number -------- 55  -----------
lambda : 1.30908
max_diff => 4.999e-08
performed mixing
Frob norm 1 after updating U: 0.00715763
200 iterations
f(b) = 0.00910289
Frob norm 2 after updating B : 0.00734164
Iteration number -------- 56  -----------
lambda : 1.31563
max_diff => 4.999e-08
performed mixing
Frob norm 1 after updating U: 0.00715688
200 iterations
f(b) = 0.00724021
Frob norm 2 after updating B : 0.00727001
Iteration number -------- 57  -----------
lambda : 1.32221
max_diff => 4.999e-08
performed mixing
Frob norm 1 after updating U: 0.00716396
200 iterations
f(b) = 0.00801685
Frob norm 2 after updating B : 0.00723167
Iteration number -------- 58  -----------
lambda : 1.32882
max_diff => 4.999e-08
performed mixing
Frob norm 1 after updating U: 0.0071603
200 iterations
f(b) = 0.00712112
Frob norm 2 after updating B : 0.0072067
Iteration number -------- 59  -----------
lambda : 1.33546
max_diff => 4.999e-08
performed mixing
Frob norm 1 after updating U: 0.00716103
200 iterations
f(b) = 0.00733282
Frob norm 2 after updating B : 0.00719107
Iteration number -------- 60  -----------
lambda : 1.34214
max_diff => 4.999e-08
performed mixing
Frob norm 1 after updating U: 0.00715699
200 iterations
f(b) = 0.00601738
Frob norm 2 after updating B : 0.00719876
Iteration number -------- 61  -----------
lambda : 1.34885
max_diff => 4.999e-08
performed mixing
Frob norm 1 after updating U: 0.00716157
200 iterations
f(b) = 0.00695993
Frob norm 2 after updating B : 0.00718736
Iteration number -------- 62  -----------
lambda : 1.35559
max_diff => 4.999e-08
performed mixing
Frob norm 1 after updating U: 0.00716064
200 iterations
f(b) = 0.00607007
Frob norm 2 after updating B : 0.00719285
Iteration number -------- 63  -----------
lambda : 1.36237
max_diff => 4.999e-08
performed mixing
Frob norm 1 after updating U: 0.00716003
200 iterations
f(b) = 0.00761581
Frob norm 2 after updating B : 0.00718891
Iteration number -------- 64  -----------
lambda : 1.36918
max_diff => 4.999e-08
performed mixing
Frob norm 1 after updating U: 0.00715602
200 iterations
f(b) = 0.00694115
Frob norm 2 after updating B : 0.0071936
Iteration number -------- 65  -----------
lambda : 1.37603
max_diff => 4.999e-08
performed mixing
Frob norm 1 after updating U: 0.00716196
200 iterations
f(b) = 0.00762949
Frob norm 2 after updating B : 0.00718853
Iteration number -------- 66  -----------
lambda : 1.38291
max_diff => 4.999e-08
performed mixing
Frob norm 1 after updating U: 0.00715864
200 iterations
f(b) = 0.007111
Frob norm 2 after updating B : 0.0071926
Iteration number -------- 67  -----------
lambda : 1.38982
max_diff => 4.999e-08
performed mixing
Frob norm 1 after updating U: 0.00715779
200 iterations
f(b) = 0.00850953
Frob norm 2 after updating B : 0.00717643
Iteration number -------- 68  -----------
lambda : 1.39677
max_diff => 4.999e-08
performed mixing
Frob norm 1 after updating U: 0.00715825
200 iterations
f(b) = 0.00860554
Frob norm 2 after updating B : 0.00716682
Iteration number -------- 69  -----------
lambda : 1.40376
max_diff => 4.999e-08
performed mixing
Frob norm 1 after updating U: 0.00716125
200 iterations
f(b) = 0.00826958
Frob norm 2 after updating B : 0.00715873
Iteration number -------- 70  -----------
lambda : 1.41078
max_diff => 4.999e-08
performed mixing
Frob norm 1 after updating U: 0.00715761
200 iterations
f(b) = 0.00870306
Frob norm 2 after updating B : 0.00715951
Iteration number -------- 71  -----------
lambda : 1.41783
max_diff => 4.999e-08
performed mixing
Frob norm 1 after updating U: 0.00715725
200 iterations
f(b) = 0.00804482
Frob norm 2 after updating B : 0.00716899
Iteration number -------- 72  -----------
lambda : 1.42492
max_diff => 4.999e-08
performed mixing
Frob norm 1 after updating U: 0.00715813
200 iterations
f(b) = 0.0077517
Frob norm 2 after updating B : 0.00716416
Iteration number -------- 73  -----------
lambda : 1.43204
max_diff => 4.999e-08
performed mixing
Frob norm 1 after updating U: 0.00716081
200 iterations
f(b) = 0.00778752
Frob norm 2 after updating B : 0.00716238
Iteration number -------- 74  -----------
lambda : 1.4392
max_diff => 4.999e-08
performed mixing
Frob norm 1 after updating U: 0.00716124
200 iterations
f(b) = 0.00860008
Frob norm 2 after updating B : 0.00715789
Iteration number -------- 75  -----------
lambda : 1.4464
max_diff => 4.999e-08
performed mixing
Frob norm 1 after updating U: 0.00715769
200 iterations
f(b) = 0.00928308
Frob norm 2 after updating B : 0.00716947
Iteration number -------- 76  -----------
lambda : 1.45363
max_diff => 4.999e-08
performed mixing
Frob norm 1 after updating U: 0.00716008
200 iterations
f(b) = 0.00793248
Frob norm 2 after updating B : 0.0071652
Iteration number -------- 77  -----------
lambda : 1.4609
max_diff => 4.999e-08
performed mixing
Frob norm 1 after updating U: 0.0071611
200 iterations
f(b) = 0.00834251
Frob norm 2 after updating B : 0.00716923
Iteration number -------- 78  -----------
lambda : 1.46821
max_diff => 4.999e-08
performed mixing
Frob norm 1 after updating U: 0.00716631
200 iterations
f(b) = 0.00756692
Frob norm 2 after updating B : 0.00716349
Iteration number -------- 79  -----------
lambda : 1.47555
max_diff => 4.999e-08
performed mixing
Frob norm 1 after updating U: 0.00715809
200 iterations
f(b) = 0.00827552
Frob norm 2 after updating B : 0.00718065
Iteration number -------- 80  -----------
lambda : 1.48292
max_diff => 4.999e-08
performed mixing
Frob norm 1 after updating U: 0.0071762
200 iterations
f(b) = 0.00799401
Frob norm 2 after updating B : 0.00716393
Iteration number -------- 81  -----------
lambda : 1.49034
max_diff => 4.999e-08
performed mixing
Frob norm 1 after updating U: 0.00716108
200 iterations
f(b) = 0.00784353
Frob norm 2 after updating B : 0.00716623
Iteration number -------- 82  -----------
lambda : 1.49779
max_diff => 4.999e-08
performed mixing
Frob norm 1 after updating U: 0.00716421
200 iterations
f(b) = 0.00822086
Frob norm 2 after updating B : 0.00716385
Iteration number -------- 83  -----------
lambda : 1.50528
max_diff => 4.999e-08
performed mixing
Frob norm 1 after updating U: 0.00716364
200 iterations
f(b) = 0.00782148
Frob norm 2 after updating B : 0.00716304
Iteration number -------- 84  -----------
lambda : 1.51281
max_diff => 4.999e-08
performed mixing
Frob norm 1 after updating U: 0.00716276
200 iterations
f(b) = 0.00823467
Frob norm 2 after updating B : 0.00716436
Iteration number -------- 85  -----------
lambda : 1.52037
max_diff => 4.999e-08
performed mixing
Frob norm 1 after updating U: 0.00716322
200 iterations
f(b) = 0.00858016
Frob norm 2 after updating B : 0.0071724
Iteration number -------- 86  -----------
lambda : 1.52797
max_diff => 4.999e-08
performed mixing
Frob norm 1 after updating U: 0.00715916
200 iterations
f(b) = 0.00942718
Frob norm 2 after updating B : 0.0071581
Iteration number -------- 87  -----------
lambda : 1.53561
max_diff => 4.999e-08
performed mixing
Frob norm 1 after updating U: 0.00715758
200 iterations
f(b) = 0.00828583
Frob norm 2 after updating B : 0.0071635
Iteration number -------- 88  -----------
lambda : 1.54329
max_diff => 4.999e-08
performed mixing
Frob norm 1 after updating U: 0.0071592
200 iterations
f(b) = 0.0103046
Frob norm 2 after updating B : 0.00715873
Iteration number -------- 89  -----------
lambda : 1.55101
max_diff => 4.999e-08
performed mixing
Frob norm 1 after updating U: 0.00715656
200 iterations
f(b) = 0.00981117
Frob norm 2 after updating B : 0.00716328
Iteration number -------- 90  -----------
lambda : 1.55876
max_diff => 4.999e-08
performed mixing
Frob norm 1 after updating U: 0.00715977
200 iterations
f(b) = 0.00836584
Frob norm 2 after updating B : 0.00716408
Iteration number -------- 91  -----------
lambda : 1.56655
max_diff => 4.999e-08
performed mixing
Frob norm 1 after updating U: 0.0071617
200 iterations
f(b) = 0.009931
Frob norm 2 after updating B : 0.00716263
Iteration number -------- 92  -----------
lambda : 1.57439
max_diff => 4.999e-08
performed mixing
Frob norm 1 after updating U: 0.00715794
200 iterations
f(b) = 0.00849373
Frob norm 2 after updating B : 0.00716825
Iteration number -------- 93  -----------
lambda : 1.58226
max_diff => 4.999e-08
performed mixing
Frob norm 1 after updating U: 0.00716258
200 iterations
f(b) = 0.00970504
Frob norm 2 after updating B : 0.0071593
Iteration number -------- 94  -----------
lambda : 1.59017
max_diff => 4.999e-08
performed mixing
Frob norm 1 after updating U: 0.00715609
200 iterations
f(b) = 0.00930749
Frob norm 2 after updating B : 0.00716627
Iteration number -------- 95  -----------
lambda : 1.59812
max_diff => 4.999e-08
performed mixing
Frob norm 1 after updating U: 0.0071625
200 iterations
f(b) = 0.00908004
Frob norm 2 after updating B : 0.00716202
Iteration number -------- 96  -----------
lambda : 1.60611
max_diff => 4.999e-08
performed mixing
Frob norm 1 after updating U: 0.00715919
200 iterations
f(b) = 0.00974735
Frob norm 2 after updating B : 0.00717043
Iteration number -------- 97  -----------
lambda : 1.61414
max_diff => 4.999e-08
performed mixing
Frob norm 1 after updating U: 0.00717066
200 iterations
f(b) = 0.0107226
Frob norm 2 after updating B : 0.00716709
Iteration number -------- 98  -----------
lambda : 1.62221
max_diff => 4.999e-08
performed mixing
Frob norm 1 after updating U: 0.00716252
200 iterations
f(b) = 0.0104516
Frob norm 2 after updating B : 0.00715743
Iteration number -------- 99  -----------
lambda : 1.63032
max_diff => 4.999e-08
performed mixing
Frob norm 1 after updating U: 0.00715744
200 iterations
f(b) = 0.0086514
Frob norm 2 after updating B : 0.00716396
Iteration number -------- 100  -----------
lambda : 1.63848
max_diff => 4.999e-08
