Academic license - for non-commercial use only
Frob norm 1 after updating U: 10.0932
200 iterations
f(b) = 49.9303
Frob norm 2 after updating B : 6.4916
Iteration number -------- 1  -----------
lambda : 1
max_diff => 0.0906616
performed mixing
Frob norm 1 after updating U: 4.78078
200 iterations
f(b) = 42.3603
Frob norm 2 after updating B : 5.91467
Iteration number -------- 2  -----------
lambda : 1.005
max_diff => 0.0865733
performed mixing
Frob norm 1 after updating U: 4.21067
200 iterations
f(b) = 35.627
Frob norm 2 after updating B : 5.38887
Iteration number -------- 3  -----------
lambda : 1.01002
max_diff => 0.0737289
performed mixing
Frob norm 1 after updating U: 3.81859
200 iterations
f(b) = 29.9528
Frob norm 2 after updating B : 4.9473
Iteration number -------- 4  -----------
lambda : 1.01508
max_diff => 0.0609733
performed mixing
Frob norm 1 after updating U: 3.54824
200 iterations
f(b) = 25.5302
Frob norm 2 after updating B : 4.54294
Iteration number -------- 5  -----------
lambda : 1.02015
max_diff => 0.0573055
performed mixing
Frob norm 1 after updating U: 3.37409
200 iterations
f(b) = 22.0622
Frob norm 2 after updating B : 4.21114
Iteration number -------- 6  -----------
lambda : 1.02525
max_diff => 0.0524747
performed mixing
Frob norm 1 after updating U: 3.23498
200 iterations
f(b) = 18.5494
Frob norm 2 after updating B : 3.84187
Iteration number -------- 7  -----------
lambda : 1.03038
max_diff => 0.0456662
performed mixing
Frob norm 1 after updating U: 1.48611
200 iterations
f(b) = 13.5131
Frob norm 2 after updating B : 3.29406
Iteration number -------- 8  -----------
lambda : 1.03553
max_diff => 0.0394881
performed mixing
Frob norm 1 after updating U: 1.16395
200 iterations
f(b) = 10.0594
Frob norm 2 after updating B : 2.78468
Iteration number -------- 9  -----------
lambda : 1.04071
max_diff => 0.0348466
performed mixing
Frob norm 1 after updating U: 0.99767
200 iterations
f(b) = 7.51837
Frob norm 2 after updating B : 2.39745
Iteration number -------- 10  -----------
lambda : 1.04591
max_diff => 0.0277267
performed mixing
Frob norm 1 after updating U: 0.789211
200 iterations
f(b) = 5.58089
Frob norm 2 after updating B : 2.07357
Iteration number -------- 11  -----------
lambda : 1.05114
max_diff => 0.0216133
performed mixing
Frob norm 1 after updating U: 0.633319
200 iterations
f(b) = 4.09749
Frob norm 2 after updating B : 1.80005
Iteration number -------- 12  -----------
lambda : 1.0564
max_diff => 0.016245
performed mixing
Frob norm 1 after updating U: 0.500209
200 iterations
f(b) = 2.95786
Frob norm 2 after updating B : 1.53745
Iteration number -------- 13  -----------
lambda : 1.06168
max_diff => 0.012732
performed mixing
Frob norm 1 after updating U: 0.415077
200 iterations
f(b) = 2.15581
Frob norm 2 after updating B : 1.27519
Iteration number -------- 14  -----------
lambda : 1.06699
max_diff => 0.0111708
performed mixing
Frob norm 1 after updating U: 0.379339
200 iterations
f(b) = 1.63753
Frob norm 2 after updating B : 1.04635
Iteration number -------- 15  -----------
lambda : 1.07232
max_diff => 0.0109851
performed mixing
Frob norm 1 after updating U: 0.375237
200 iterations
f(b) = 1.15773
Frob norm 2 after updating B : 0.955102
Iteration number -------- 16  -----------
lambda : 1.07768
max_diff => 0.00287398
performed mixing
Frob norm 1 after updating U: 0.153919
200 iterations
f(b) = 0.863317
Frob norm 2 after updating B : 0.770883
Iteration number -------- 17  -----------
lambda : 1.08307
max_diff => 0.00281055
performed mixing
Frob norm 1 after updating U: 0.152135
200 iterations
f(b) = 0.570109
Frob norm 2 after updating B : 0.71467
Iteration number -------- 18  -----------
lambda : 1.08849
max_diff => 0.000180812
performed mixing
Frob norm 1 after updating U: 0.0408004
200 iterations
f(b) = 0.423436
Frob norm 2 after updating B : 0.573579
Iteration number -------- 19  -----------
lambda : 1.09393
max_diff => 0.000168894
performed mixing
Frob norm 1 after updating U: 0.0394619
200 iterations
f(b) = 0.300816
Frob norm 2 after updating B : 0.463145
Iteration number -------- 20  -----------
lambda : 1.0994
max_diff => 0.000134884
performed mixing
Frob norm 1 after updating U: 0.0351465
200 iterations
f(b) = 0.193264
Frob norm 2 after updating B : 0.39457
Iteration number -------- 21  -----------
lambda : 1.1049
max_diff => 8.45582e-07
performed mixing
Frob norm 1 after updating U: 0.0073936
200 iterations
f(b) = 0.14882
Frob norm 2 after updating B : 0.316532
Iteration number -------- 22  -----------
lambda : 1.11042
max_diff => 5.12535e-08
performed mixing
Frob norm 1 after updating U: 0.00716926
200 iterations
f(b) = 0.113371
Frob norm 2 after updating B : 0.253225
Iteration number -------- 23  -----------
lambda : 1.11597
max_diff => 5.1069e-08
performed mixing
Frob norm 1 after updating U: 0.00716769
200 iterations
f(b) = 0.0911972
Frob norm 2 after updating B : 0.202618
Iteration number -------- 24  -----------
lambda : 1.12155
max_diff => 4.99934e-08
performed mixing
Frob norm 1 after updating U: 0.00716421
200 iterations
f(b) = 0.0711942
Frob norm 2 after updating B : 0.162358
Iteration number -------- 25  -----------
lambda : 1.12716
max_diff => 4.999e-08
performed mixing
Frob norm 1 after updating U: 0.00716379
200 iterations
f(b) = 0.0649629
Frob norm 2 after updating B : 0.129971
Iteration number -------- 26  -----------
lambda : 1.1328
max_diff => 4.999e-08
performed mixing
Frob norm 1 after updating U: 0.00716164
200 iterations
f(b) = 0.0566032
Frob norm 2 after updating B : 0.104097
Iteration number -------- 27  -----------
lambda : 1.13846
max_diff => 4.99939e-08
performed mixing
Frob norm 1 after updating U: 0.00716027
200 iterations
f(b) = 0.0442768
Frob norm 2 after updating B : 0.0837072
Iteration number -------- 28  -----------
lambda : 1.14415
max_diff => 4.999e-08
performed mixing
Frob norm 1 after updating U: 0.00716147
200 iterations
f(b) = 0.0514709
Frob norm 2 after updating B : 0.0671307
Iteration number -------- 29  -----------
lambda : 1.14987
max_diff => 4.999e-08
performed mixing
Frob norm 1 after updating U: 0.00716025
200 iterations
f(b) = 0.0430078
Frob norm 2 after updating B : 0.0538511
Iteration number -------- 30  -----------
lambda : 1.15562
max_diff => 5.02247e-08
performed mixing
Frob norm 1 after updating U: 0.00716304
200 iterations
f(b) = 0.0259871
Frob norm 2 after updating B : 0.0435018
Iteration number -------- 31  -----------
lambda : 1.1614
max_diff => 4.999e-08
performed mixing
Frob norm 1 after updating U: 0.00717735
200 iterations
f(b) = 0.0249045
Frob norm 2 after updating B : 0.0351679
Iteration number -------- 32  -----------
lambda : 1.16721
max_diff => 4.999e-08
performed mixing
Frob norm 1 after updating U: 0.00717922
200 iterations
f(b) = 0.0149495
Frob norm 2 after updating B : 0.028464
Iteration number -------- 33  -----------
lambda : 1.17304
max_diff => 4.999e-08
performed mixing
Frob norm 1 after updating U: 0.00717433
200 iterations
f(b) = 0.0155704
Frob norm 2 after updating B : 0.023126
Iteration number -------- 34  -----------
lambda : 1.17891
max_diff => 4.999e-08
performed mixing
Frob norm 1 after updating U: 0.0071623
200 iterations
f(b) = 0.0155892
Frob norm 2 after updating B : 0.0189309
Iteration number -------- 35  -----------
lambda : 1.1848
max_diff => 4.999e-08
performed mixing
Frob norm 1 after updating U: 0.00717951
200 iterations
f(b) = 0.0140487
Frob norm 2 after updating B : 0.0158446
Iteration number -------- 36  -----------
lambda : 1.19073
max_diff => 4.999e-08
performed mixing
Frob norm 1 after updating U: 0.00717724
200 iterations
f(b) = 0.0117786
Frob norm 2 after updating B : 0.0134973
Iteration number -------- 37  -----------
lambda : 1.19668
max_diff => 4.999e-08
performed mixing
Frob norm 1 after updating U: 0.00715753
200 iterations
f(b) = 0.0135294
Frob norm 2 after updating B : 0.0115295
Iteration number -------- 38  -----------
lambda : 1.20266
max_diff => 4.999e-08
performed mixing
Frob norm 1 after updating U: 0.00717313
200 iterations
f(b) = 0.0118775
Frob norm 2 after updating B : 0.0102441
Iteration number -------- 39  -----------
lambda : 1.20868
max_diff => 4.999e-08
performed mixing
Frob norm 1 after updating U: 0.00716142
200 iterations
f(b) = 0.010771
Frob norm 2 after updating B : 0.00927009
Iteration number -------- 40  -----------
lambda : 1.21472
max_diff => 4.999e-08
performed mixing
Frob norm 1 after updating U: 0.00716574
200 iterations
f(b) = 0.0102283
Frob norm 2 after updating B : 0.00860843
Iteration number -------- 41  -----------
lambda : 1.22079
max_diff => 4.999e-08
performed mixing
Frob norm 1 after updating U: 0.00716171
200 iterations
f(b) = 0.0067756
Frob norm 2 after updating B : 0.00818606
Iteration number -------- 42  -----------
lambda : 1.2269
max_diff => 4.999e-08
performed mixing
Frob norm 1 after updating U: 0.00716802
200 iterations
f(b) = 0.00686423
Frob norm 2 after updating B : 0.00785509
Iteration number -------- 43  -----------
lambda : 1.23303
max_diff => 4.999e-08
performed mixing
Frob norm 1 after updating U: 0.00715698
200 iterations
f(b) = 0.00561174
Frob norm 2 after updating B : 0.00759411
Iteration number -------- 44  -----------
lambda : 1.2392
max_diff => 4.999e-08
performed mixing
Frob norm 1 after updating U: 0.007161
200 iterations
f(b) = 0.00570125
Frob norm 2 after updating B : 0.00746721
Iteration number -------- 45  -----------
lambda : 1.24539
max_diff => 4.999e-08
performed mixing
Frob norm 1 after updating U: 0.00715821
200 iterations
f(b) = 0.00554503
Frob norm 2 after updating B : 0.00741582
Iteration number -------- 46  -----------
lambda : 1.25162
max_diff => 4.999e-08
performed mixing
Frob norm 1 after updating U: 0.00715723
200 iterations
f(b) = 0.00590895
Frob norm 2 after updating B : 0.00732392
Iteration number -------- 47  -----------
lambda : 1.25788
max_diff => 4.999e-08
performed mixing
Frob norm 1 after updating U: 0.00715807
200 iterations
f(b) = 0.0063451
Frob norm 2 after updating B : 0.00728405
Iteration number -------- 48  -----------
lambda : 1.26417
max_diff => 4.999e-08
performed mixing
Frob norm 1 after updating U: 0.00715705
200 iterations
f(b) = 0.00626833
Frob norm 2 after updating B : 0.00725297
Iteration number -------- 49  -----------
lambda : 1.27049
max_diff => 4.999e-08
performed mixing
Frob norm 1 after updating U: 0.00715738
200 iterations
f(b) = 0.00651283
Frob norm 2 after updating B : 0.00721614
Iteration number -------- 50  -----------
lambda : 1.27684
max_diff => 4.999e-08
performed mixing
Frob norm 1 after updating U: 0.00715799
200 iterations
f(b) = 0.00675706
Frob norm 2 after updating B : 0.00720772
Iteration number -------- 51  -----------
lambda : 1.28323
max_diff => 4.999e-08
performed mixing
Frob norm 1 after updating U: 0.00715918
200 iterations
f(b) = 0.00617492
Frob norm 2 after updating B : 0.00719202
Iteration number -------- 52  -----------
lambda : 1.28964
max_diff => 4.999e-08
performed mixing
Frob norm 1 after updating U: 0.00716153
200 iterations
f(b) = 0.00682124
Frob norm 2 after updating B : 0.00719491
Iteration number -------- 53  -----------
lambda : 1.29609
max_diff => 4.999e-08
performed mixing
Frob norm 1 after updating U: 0.00716171
200 iterations
f(b) = 0.0073059
Frob norm 2 after updating B : 0.00717965
Iteration number -------- 54  -----------
lambda : 1.30257
max_diff => 4.999e-08
performed mixing
Frob norm 1 after updating U: 0.00715853
200 iterations
f(b) = 0.00688026
Frob norm 2 after updating B : 0.00718153
Iteration number -------- 55  -----------
lambda : 1.30908
max_diff => 4.999e-08
performed mixing
Frob norm 1 after updating U: 0.00715767
200 iterations
f(b) = 0.00685303
Frob norm 2 after updating B : 0.00717567
Iteration number -------- 56  -----------
lambda : 1.31563
max_diff => 4.999e-08
performed mixing
Frob norm 1 after updating U: 0.00715825
200 iterations
f(b) = 0.00735396
Frob norm 2 after updating B : 0.00718467
Iteration number -------- 57  -----------
lambda : 1.32221
max_diff => 4.999e-08
performed mixing
Frob norm 1 after updating U: 0.0071605
200 iterations
f(b) = 0.00749872
Frob norm 2 after updating B : 0.00717706
Iteration number -------- 58  -----------
lambda : 1.32882
max_diff => 4.999e-08
performed mixing
Frob norm 1 after updating U: 0.00715926
200 iterations
f(b) = 0.00746804
Frob norm 2 after updating B : 0.00716849
Iteration number -------- 59  -----------
lambda : 1.33546
max_diff => 4.999e-08
performed mixing
Frob norm 1 after updating U: 0.007162
200 iterations
f(b) = 0.00717411
Frob norm 2 after updating B : 0.00716803
Iteration number -------- 60  -----------
lambda : 1.34214
max_diff => 4.999e-08
performed mixing
Frob norm 1 after updating U: 0.00715956
200 iterations
f(b) = 0.00778083
Frob norm 2 after updating B : 0.0071739
Iteration number -------- 61  -----------
lambda : 1.34885
max_diff => 4.999e-08
performed mixing
Frob norm 1 after updating U: 0.00716767
200 iterations
f(b) = 0.00743031
Frob norm 2 after updating B : 0.00716205
Iteration number -------- 62  -----------
lambda : 1.35559
max_diff => 4.999e-08
performed mixing
Frob norm 1 after updating U: 0.00715809
200 iterations
f(b) = 0.00712464
Frob norm 2 after updating B : 0.00716804
Iteration number -------- 63  -----------
lambda : 1.36237
max_diff => 4.999e-08
performed mixing
Frob norm 1 after updating U: 0.00716343
200 iterations
f(b) = 0.00799252
Frob norm 2 after updating B : 0.00716634
Iteration number -------- 64  -----------
lambda : 1.36918
max_diff => 4.999e-08
performed mixing
Frob norm 1 after updating U: 0.0071652
200 iterations
f(b) = 0.00747914
Frob norm 2 after updating B : 0.00716394
Iteration number -------- 65  -----------
lambda : 1.37603
max_diff => 4.999e-08
performed mixing
Frob norm 1 after updating U: 0.00716223
200 iterations
f(b) = 0.00794237
Frob norm 2 after updating B : 0.00716337
Iteration number -------- 66  -----------
lambda : 1.38291
max_diff => 4.999e-08
performed mixing
Frob norm 1 after updating U: 0.00715964
200 iterations
f(b) = 0.00658438
Frob norm 2 after updating B : 0.00717781
Iteration number -------- 67  -----------
lambda : 1.38982
max_diff => 4.999e-08
performed mixing
Frob norm 1 after updating U: 0.00716985
200 iterations
f(b) = 0.00928606
Frob norm 2 after updating B : 0.00715936
Iteration number -------- 68  -----------
lambda : 1.39677
max_diff => 4.999e-08
performed mixing
Frob norm 1 after updating U: 0.00715672
200 iterations
f(b) = 0.00868419
Frob norm 2 after updating B : 0.00716527
Iteration number -------- 69  -----------
lambda : 1.40376
max_diff => 4.999e-08
performed mixing
Frob norm 1 after updating U: 0.00715951
200 iterations
f(b) = 0.00891933
Frob norm 2 after updating B : 0.00716313
Iteration number -------- 70  -----------
lambda : 1.41078
max_diff => 4.999e-08
performed mixing
Frob norm 1 after updating U: 0.00715698
200 iterations
f(b) = 0.00729932
Frob norm 2 after updating B : 0.00715773
Iteration number -------- 71  -----------
lambda : 1.41783
max_diff => 4.999e-08
performed mixing
Frob norm 1 after updating U: 0.00715713
200 iterations
f(b) = 0.00850246
Frob norm 2 after updating B : 0.00716411
Iteration number -------- 72  -----------
lambda : 1.42492
max_diff => 4.999e-08
performed mixing
Frob norm 1 after updating U: 0.00715881
200 iterations
f(b) = 0.00839047
Frob norm 2 after updating B : 0.00715841
Iteration number -------- 73  -----------
lambda : 1.43204
max_diff => 4.999e-08
performed mixing
Frob norm 1 after updating U: 0.00715645
200 iterations
f(b) = 0.00815141
Frob norm 2 after updating B : 0.00716472
Iteration number -------- 74  -----------
lambda : 1.4392
max_diff => 4.999e-08
performed mixing
Frob norm 1 after updating U: 0.00715778
200 iterations
f(b) = 0.00913541
Frob norm 2 after updating B : 0.00716129
Iteration number -------- 75  -----------
lambda : 1.4464
max_diff => 4.999e-08
performed mixing
Frob norm 1 after updating U: 0.00715931
200 iterations
f(b) = 0.00947232
Frob norm 2 after updating B : 0.00715792
Iteration number -------- 76  -----------
lambda : 1.45363
max_diff => 4.999e-08
performed mixing
Frob norm 1 after updating U: 0.00715668
200 iterations
f(b) = 0.00844962
Frob norm 2 after updating B : 0.00716431
Iteration number -------- 77  -----------
lambda : 1.4609
max_diff => 4.999e-08
performed mixing
Frob norm 1 after updating U: 0.007163
200 iterations
f(b) = 0.00796371
Frob norm 2 after updating B : 0.00716773
Iteration number -------- 78  -----------
lambda : 1.46821
max_diff => 4.999e-08
performed mixing
Frob norm 1 after updating U: 0.00716462
200 iterations
f(b) = 0.00905656
Frob norm 2 after updating B : 0.00716343
Iteration number -------- 79  -----------
lambda : 1.47555
max_diff => 4.999e-08
performed mixing
Frob norm 1 after updating U: 0.00716165
200 iterations
f(b) = 0.00938836
Frob norm 2 after updating B : 0.00716028
Iteration number -------- 80  -----------
lambda : 1.48292
max_diff => 4.999e-08
performed mixing
Frob norm 1 after updating U: 0.0071572
200 iterations
f(b) = 0.00884807
Frob norm 2 after updating B : 0.00717063
Iteration number -------- 81  -----------
lambda : 1.49034
max_diff => 4.999e-08
performed mixing
Frob norm 1 after updating U: 0.00716111
200 iterations
f(b) = 0.00989764
Frob norm 2 after updating B : 0.00716302
Iteration number -------- 82  -----------
lambda : 1.49779
max_diff => 4.999e-08
performed mixing
Frob norm 1 after updating U: 0.00715854
200 iterations
f(b) = 0.00786098
Frob norm 2 after updating B : 0.00717062
Iteration number -------- 83  -----------
lambda : 1.50528
max_diff => 4.999e-08
performed mixing
Frob norm 1 after updating U: 0.00716429
200 iterations
f(b) = 0.00820082
Frob norm 2 after updating B : 0.00716856
Iteration number -------- 84  -----------
lambda : 1.51281
max_diff => 4.999e-08
performed mixing
Frob norm 1 after updating U: 0.00716748
200 iterations
f(b) = 0.009924
Frob norm 2 after updating B : 0.0071631
Iteration number -------- 85  -----------
lambda : 1.52037
max_diff => 4.999e-08
performed mixing
Frob norm 1 after updating U: 0.00715837
200 iterations
f(b) = 0.00806169
Frob norm 2 after updating B : 0.00716775
Iteration number -------- 86  -----------
lambda : 1.52797
max_diff => 4.999e-08
performed mixing
Frob norm 1 after updating U: 0.00716605
200 iterations
f(b) = 0.00702891
Frob norm 2 after updating B : 0.0071717
Iteration number -------- 87  -----------
lambda : 1.53561
max_diff => 4.999e-08
performed mixing
Frob norm 1 after updating U: 0.00716561
200 iterations
f(b) = 0.00967888
Frob norm 2 after updating B : 0.00716741
Iteration number -------- 88  -----------
lambda : 1.54329
max_diff => 4.999e-08
performed mixing
Frob norm 1 after updating U: 0.00716611
200 iterations
f(b) = 0.00811509
Frob norm 2 after updating B : 0.00716195
Iteration number -------- 89  -----------
lambda : 1.55101
max_diff => 4.999e-08
performed mixing
Frob norm 1 after updating U: 0.00716044
200 iterations
f(b) = 0.00848004
Frob norm 2 after updating B : 0.00716775
Iteration number -------- 90  -----------
lambda : 1.55876
max_diff => 4.999e-08
performed mixing
Frob norm 1 after updating U: 0.00716602
200 iterations
f(b) = 0.00741598
Frob norm 2 after updating B : 0.00716775
Iteration number -------- 91  -----------
lambda : 1.56655
max_diff => 4.999e-08
performed mixing
Frob norm 1 after updating U: 0.00716334
200 iterations
f(b) = 0.0103494
Frob norm 2 after updating B : 0.00715979
Iteration number -------- 92  -----------
lambda : 1.57439
max_diff => 4.999e-08
performed mixing
Frob norm 1 after updating U: 0.00715754
200 iterations
f(b) = 0.00851893
Frob norm 2 after updating B : 0.00716394
Iteration number -------- 93  -----------
lambda : 1.58226
max_diff => 4.999e-08
performed mixing
Frob norm 1 after updating U: 0.0071625
200 iterations
f(b) = 0.00934049
Frob norm 2 after updating B : 0.00716593
Iteration number -------- 94  -----------
lambda : 1.59017
max_diff => 4.999e-08
performed mixing
Frob norm 1 after updating U: 0.00716086
200 iterations
f(b) = 0.00939189
Frob norm 2 after updating B : 0.00716459
Iteration number -------- 95  -----------
lambda : 1.59812
max_diff => 4.999e-08
performed mixing
Frob norm 1 after updating U: 0.00716309
200 iterations
f(b) = 0.0102754
Frob norm 2 after updating B : 0.00716256
Iteration number -------- 96  -----------
lambda : 1.60611
max_diff => 4.999e-08
performed mixing
Frob norm 1 after updating U: 0.00715956
200 iterations
f(b) = 0.00989192
Frob norm 2 after updating B : 0.00716013
Iteration number -------- 97  -----------
lambda : 1.61414
max_diff => 4.999e-08
performed mixing
Frob norm 1 after updating U: 0.00715601
200 iterations
f(b) = 0.00958149
Frob norm 2 after updating B : 0.00717154
Iteration number -------- 98  -----------
lambda : 1.62221
max_diff => 4.999e-08
performed mixing
Frob norm 1 after updating U: 0.0071656
200 iterations
f(b) = 0.00842581
Frob norm 2 after updating B : 0.00716592
Iteration number -------- 99  -----------
lambda : 1.63032
max_diff => 4.999e-08
performed mixing
Frob norm 1 after updating U: 0.00716472
200 iterations
f(b) = 0.00931475
Frob norm 2 after updating B : 0.00716294
Iteration number -------- 100  -----------
lambda : 1.63848
max_diff => 4.999e-08
