Academic license - for non-commercial use only
Frob norm 1 after updating U: 10.6301
200 iterations
f(b) = 77.8446
Frob norm 2 after updating B : 8.03089
Iteration number -------- 1  -----------
lambda : 1
max_diff => 0.178111
performed mixing
Frob norm 1 after updating U: 6.78914
200 iterations
f(b) = 69.5178
Frob norm 2 after updating B : 7.61067
Iteration number -------- 2  -----------
lambda : 1.005
max_diff => 0.148691
performed mixing
Frob norm 1 after updating U: 6.30376
200 iterations
f(b) = 61.4052
Frob norm 2 after updating B : 7.19811
Iteration number -------- 3  -----------
lambda : 1.01002
max_diff => 0.154643
performed mixing
Frob norm 1 after updating U: 5.97812
200 iterations
f(b) = 54.9691
Frob norm 2 after updating B : 6.7994
Iteration number -------- 4  -----------
lambda : 1.01508
max_diff => 0.155403
performed mixing
Frob norm 1 after updating U: 5.79158
200 iterations
f(b) = 49.8666
Frob norm 2 after updating B : 6.46963
Iteration number -------- 5  -----------
lambda : 1.02015
max_diff => 0.152057
performed mixing
Frob norm 1 after updating U: 5.64477
200 iterations
f(b) = 45.9055
Frob norm 2 after updating B : 6.19922
Iteration number -------- 6  -----------
lambda : 1.02525
max_diff => 0.136869
performed mixing
Frob norm 1 after updating U: 5.49486
200 iterations
f(b) = 41.7223
Frob norm 2 after updating B : 5.93003
Iteration number -------- 7  -----------
lambda : 1.03038
max_diff => 0.110461
performed mixing
Frob norm 1 after updating U: 5.2292
200 iterations
f(b) = 37.4674
Frob norm 2 after updating B : 5.68208
Iteration number -------- 8  -----------
lambda : 1.03553
max_diff => 0.0704683
performed mixing
Frob norm 1 after updating U: 5.10621
200 iterations
f(b) = 34.9319
Frob norm 2 after updating B : 5.53502
Iteration number -------- 9  -----------
lambda : 1.04071
max_diff => 0.0598236
performed mixing
Frob norm 1 after updating U: 5.07318
200 iterations
f(b) = 33.198
Frob norm 2 after updating B : 5.37746
Iteration number -------- 10  -----------
lambda : 1.04591
max_diff => 0.0598093
performed mixing
Frob norm 1 after updating U: 5.07309
200 iterations
f(b) = 31.7413
Frob norm 2 after updating B : 5.29523
Iteration number -------- 11  -----------
lambda : 1.05114
max_diff => 0.0587776
performed mixing
Frob norm 1 after updating U: 5.06514
200 iterations
f(b) = 30.8922
Frob norm 2 after updating B : 5.2151
Iteration number -------- 12  -----------
lambda : 1.0564
max_diff => 0.0587477
performed mixing
Frob norm 1 after updating U: 5.06464
200 iterations
f(b) = 30.262
Frob norm 2 after updating B : 5.1621
Iteration number -------- 13  -----------
lambda : 1.06168
max_diff => 0.0581049
performed mixing
Frob norm 1 after updating U: 5.05812
200 iterations
f(b) = 29.8513
Frob norm 2 after updating B : 5.12347
Iteration number -------- 14  -----------
lambda : 1.06699
max_diff => 0.0580044
performed mixing
Frob norm 1 after updating U: 5.05342
200 iterations
f(b) = 29.5174
Frob norm 2 after updating B : 5.08929
Iteration number -------- 15  -----------
lambda : 1.07232
max_diff => 0.0561168
performed mixing
Frob norm 1 after updating U: 5.02782
200 iterations
f(b) = 29.3265
Frob norm 2 after updating B : 5.06533
Iteration number -------- 16  -----------
lambda : 1.07768
max_diff => 0.0561423
performed mixing
Frob norm 1 after updating U: 5.02456
200 iterations
f(b) = 29.1412
Frob norm 2 after updating B : 5.03495
Iteration number -------- 17  -----------
lambda : 1.08307
max_diff => 0.0562779
performed mixing
Frob norm 1 after updating U: 5.00414
200 iterations
f(b) = 27.8821
Frob norm 2 after updating B : 4.90773
Iteration number -------- 18  -----------
lambda : 1.08849
max_diff => 0.0562363
performed mixing
Frob norm 1 after updating U: 4.82564
200 iterations
f(b) = 27.5114
Frob norm 2 after updating B : 4.87855
Iteration number -------- 19  -----------
lambda : 1.09393
max_diff => 0.056271
performed mixing
Frob norm 1 after updating U: 4.82553
200 iterations
f(b) = 27.0955
Frob norm 2 after updating B : 4.86445
Iteration number -------- 20  -----------
lambda : 1.0994
max_diff => 0.0560933
performed mixing
Frob norm 1 after updating U: 4.82233
200 iterations
f(b) = 26.9654
Frob norm 2 after updating B : 4.85002
Iteration number -------- 21  -----------
lambda : 1.1049
max_diff => 0.0561975
performed mixing
Frob norm 1 after updating U: 4.82223
200 iterations
f(b) = 26.899
Frob norm 2 after updating B : 4.84006
Iteration number -------- 22  -----------
lambda : 1.11042
max_diff => 0.0562358
performed mixing
Frob norm 1 after updating U: 4.82218
200 iterations
f(b) = 26.8527
Frob norm 2 after updating B : 4.83365
Iteration number -------- 23  -----------
lambda : 1.11597
max_diff => 0.0562832
performed mixing
Frob norm 1 after updating U: 4.82212
200 iterations
f(b) = 26.8441
Frob norm 2 after updating B : 4.82932
Iteration number -------- 24  -----------
lambda : 1.12155
max_diff => 0.0563496
performed mixing
Frob norm 1 after updating U: 4.82181
200 iterations
f(b) = 26.815
Frob norm 2 after updating B : 4.82678
Iteration number -------- 25  -----------
lambda : 1.12716
max_diff => 0.0563597
performed mixing
Frob norm 1 after updating U: 4.82192
200 iterations
f(b) = 26.812
Frob norm 2 after updating B : 4.82494
Iteration number -------- 26  -----------
lambda : 1.1328
max_diff => 0.0564379
performed mixing
Frob norm 1 after updating U: 4.82175
200 iterations
f(b) = 26.8214
Frob norm 2 after updating B : 4.82377
Iteration number -------- 27  -----------
lambda : 1.13846
max_diff => 0.0564839
performed mixing
Frob norm 1 after updating U: 4.82167
200 iterations
f(b) = 26.833
Frob norm 2 after updating B : 4.82306
Iteration number -------- 28  -----------
lambda : 1.14415
max_diff => 0.0565333
performed mixing
Frob norm 1 after updating U: 4.82169
200 iterations
f(b) = 26.7833
Frob norm 2 after updating B : 4.82513
Iteration number -------- 29  -----------
lambda : 1.14987
max_diff => 0.0573317
performed mixing
Frob norm 1 after updating U: 4.82242
200 iterations
f(b) = 26.8297
Frob norm 2 after updating B : 4.82415
Iteration number -------- 30  -----------
lambda : 1.15562
max_diff => 0.0573458
performed mixing
Frob norm 1 after updating U: 4.82238
200 iterations
f(b) = 26.8012
Frob norm 2 after updating B : 4.82344
Iteration number -------- 31  -----------
lambda : 1.1614
max_diff => 0.0573836
performed mixing
Frob norm 1 after updating U: 4.82218
200 iterations
f(b) = 26.8559
Frob norm 2 after updating B : 4.82312
Iteration number -------- 32  -----------
lambda : 1.16721
max_diff => 0.0573931
performed mixing
Frob norm 1 after updating U: 4.82232
200 iterations
f(b) = 26.8529
Frob norm 2 after updating B : 4.82292
Iteration number -------- 33  -----------
lambda : 1.17304
max_diff => 0.0576166
performed mixing
Frob norm 1 after updating U: 4.82225
200 iterations
f(b) = 26.8822
Frob norm 2 after updating B : 4.82275
Iteration number -------- 34  -----------
lambda : 1.17891
max_diff => 0.0576185
performed mixing
Frob norm 1 after updating U: 4.8223
200 iterations
f(b) = 26.9004
Frob norm 2 after updating B : 4.82268
Iteration number -------- 35  -----------
lambda : 1.1848
max_diff => 0.0576369
performed mixing
Frob norm 1 after updating U: 4.82235
200 iterations
f(b) = 26.9222
Frob norm 2 after updating B : 4.82264
Iteration number -------- 36  -----------
lambda : 1.19073
max_diff => 0.0576347
performed mixing
Frob norm 1 after updating U: 4.8224
200 iterations
f(b) = 26.9385
Frob norm 2 after updating B : 4.82263
Iteration number -------- 37  -----------
lambda : 1.19668
max_diff => 0.057646
performed mixing
Frob norm 1 after updating U: 4.82245
200 iterations
f(b) = 26.9508
Frob norm 2 after updating B : 4.82257
Iteration number -------- 38  -----------
lambda : 1.20266
max_diff => 0.0576883
performed mixing
Frob norm 1 after updating U: 4.82242
200 iterations
f(b) = 26.9759
Frob norm 2 after updating B : 4.82257
Iteration number -------- 39  -----------
lambda : 1.20868
max_diff => 0.057701
performed mixing
Frob norm 1 after updating U: 4.82246
200 iterations
f(b) = 26.9842
Frob norm 2 after updating B : 4.82255
Iteration number -------- 40  -----------
lambda : 1.21472
max_diff => 0.057725
performed mixing
Frob norm 1 after updating U: 4.82245
200 iterations
f(b) = 26.9991
Frob norm 2 after updating B : 4.82263
Iteration number -------- 41  -----------
lambda : 1.22079
max_diff => 0.0577553
performed mixing
Frob norm 1 after updating U: 4.82255
200 iterations
f(b) = 27.0188
Frob norm 2 after updating B : 4.82268
Iteration number -------- 42  -----------
lambda : 1.2269
max_diff => 0.0578182
performed mixing
Frob norm 1 after updating U: 4.8226
200 iterations
f(b) = 27.0371
Frob norm 2 after updating B : 4.82274
Iteration number -------- 43  -----------
lambda : 1.23303
max_diff => 0.0577926
performed mixing
Frob norm 1 after updating U: 4.82266
200 iterations
f(b) = 27.0611
Frob norm 2 after updating B : 4.82282
Iteration number -------- 44  -----------
lambda : 1.2392
max_diff => 0.0577851
performed mixing
Frob norm 1 after updating U: 4.82277
200 iterations
f(b) = 27.0709
Frob norm 2 after updating B : 4.82293
Iteration number -------- 45  -----------
lambda : 1.24539
max_diff => 0.0578351
performed mixing
Frob norm 1 after updating U: 4.82284
200 iterations
f(b) = 27.059
Frob norm 2 after updating B : 4.823
Iteration number -------- 46  -----------
lambda : 1.25162
max_diff => 0.05784
performed mixing
Frob norm 1 after updating U: 4.82293
200 iterations
f(b) = 27.1072
Frob norm 2 after updating B : 4.82314
Iteration number -------- 47  -----------
lambda : 1.25788
max_diff => 0.0578371
performed mixing
Frob norm 1 after updating U: 4.82307
200 iterations
f(b) = 27.122
Frob norm 2 after updating B : 4.82323
Iteration number -------- 48  -----------
lambda : 1.26417
max_diff => 0.0578475
performed mixing
Frob norm 1 after updating U: 4.82316
200 iterations
f(b) = 27.1438
Frob norm 2 after updating B : 4.82337
Iteration number -------- 49  -----------
lambda : 1.27049
max_diff => 0.0578624
performed mixing
Frob norm 1 after updating U: 4.82329
200 iterations
f(b) = 27.1604
Frob norm 2 after updating B : 4.8235
Iteration number -------- 50  -----------
lambda : 1.27684
max_diff => 0.0578595
performed mixing
Frob norm 1 after updating U: 4.82343
200 iterations
f(b) = 27.1694
Frob norm 2 after updating B : 4.82363
Iteration number -------- 51  -----------
lambda : 1.28323
max_diff => 0.0578824
performed mixing
Frob norm 1 after updating U: 4.82356
200 iterations
f(b) = 27.1885
Frob norm 2 after updating B : 4.82383
Iteration number -------- 52  -----------
lambda : 1.28964
max_diff => 0.0579137
performed mixing
Frob norm 1 after updating U: 4.82374
200 iterations
f(b) = 27.2176
Frob norm 2 after updating B : 4.82387
Iteration number -------- 53  -----------
lambda : 1.29609
max_diff => 0.0579183
performed mixing
Frob norm 1 after updating U: 4.8238
200 iterations
f(b) = 27.2178
Frob norm 2 after updating B : 4.82395
Iteration number -------- 54  -----------
lambda : 1.30257
max_diff => 0.0579365
performed mixing
Frob norm 1 after updating U: 4.82388
200 iterations
f(b) = 27.1642
Frob norm 2 after updating B : 4.83077
Iteration number -------- 55  -----------
lambda : 1.30908
max_diff => 0.0583796
performed mixing
Frob norm 1 after updating U: 4.82753
200 iterations
f(b) = 27.2166
Frob norm 2 after updating B : 4.82973
Iteration number -------- 56  -----------
lambda : 1.31563
max_diff => 0.0583808
performed mixing
Frob norm 1 after updating U: 4.82761
200 iterations
f(b) = 27.1629
Frob norm 2 after updating B : 4.82916
Iteration number -------- 57  -----------
lambda : 1.32221
max_diff => 0.058391
performed mixing
Frob norm 1 after updating U: 4.82771
200 iterations
f(b) = 27.25
Frob norm 2 after updating B : 4.82885
Iteration number -------- 58  -----------
lambda : 1.32882
max_diff => 0.0583583
performed mixing
Frob norm 1 after updating U: 4.82784
200 iterations
f(b) = 27.265
Frob norm 2 after updating B : 4.82863
Iteration number -------- 59  -----------
lambda : 1.33546
max_diff => 0.0583564
performed mixing
Frob norm 1 after updating U: 4.82791
200 iterations
f(b) = 27.2803
Frob norm 2 after updating B : 4.82858
Iteration number -------- 60  -----------
lambda : 1.34214
max_diff => 0.0583678
performed mixing
Frob norm 1 after updating U: 4.82805
200 iterations
f(b) = 27.2905
Frob norm 2 after updating B : 4.82847
Iteration number -------- 61  -----------
lambda : 1.34885
max_diff => 0.0583759
performed mixing
Frob norm 1 after updating U: 4.82812
200 iterations
f(b) = 27.3073
Frob norm 2 after updating B : 4.82853
Iteration number -------- 62  -----------
lambda : 1.35559
max_diff => 0.0583904
performed mixing
Frob norm 1 after updating U: 4.82825
200 iterations
f(b) = 27.33
Frob norm 2 after updating B : 4.82872
Iteration number -------- 63  -----------
lambda : 1.36237
max_diff => 0.0583883
performed mixing
Frob norm 1 after updating U: 4.82848
200 iterations
f(b) = 27.3396
Frob norm 2 after updating B : 4.82886
Iteration number -------- 64  -----------
lambda : 1.36918
max_diff => 0.0583813
performed mixing
Frob norm 1 after updating U: 4.82866
200 iterations
f(b) = 27.2719
Frob norm 2 after updating B : 4.83837
Iteration number -------- 65  -----------
lambda : 1.37603
max_diff => 0.0582669
performed mixing
Frob norm 1 after updating U: 4.83289
200 iterations
f(b) = 27.3121
Frob norm 2 after updating B : 4.83665
Iteration number -------- 66  -----------
lambda : 1.38291
max_diff => 0.0582195
performed mixing
Frob norm 1 after updating U: 4.83301
200 iterations
f(b) = 27.29
Frob norm 2 after updating B : 4.83547
Iteration number -------- 67  -----------
lambda : 1.38982
max_diff => 0.0582186
performed mixing
Frob norm 1 after updating U: 4.83301
200 iterations
f(b) = 27.3418
Frob norm 2 after updating B : 4.8349
Iteration number -------- 68  -----------
lambda : 1.39677
max_diff => 0.0582128
performed mixing
Frob norm 1 after updating U: 4.83318
200 iterations
f(b) = 27.3528
Frob norm 2 after updating B : 4.83452
Iteration number -------- 69  -----------
lambda : 1.40376
max_diff => 0.0581862
performed mixing
Frob norm 1 after updating U: 4.83334
200 iterations
f(b) = 27.3679
Frob norm 2 after updating B : 4.83427
Iteration number -------- 70  -----------
lambda : 1.41078
max_diff => 0.0581753
performed mixing
Frob norm 1 after updating U: 4.83342
200 iterations
f(b) = 27.3839
Frob norm 2 after updating B : 4.83415
Iteration number -------- 71  -----------
lambda : 1.41783
max_diff => 0.0581911
performed mixing
Frob norm 1 after updating U: 4.83354
200 iterations
f(b) = 27.2558
Frob norm 2 after updating B : 4.85698
Iteration number -------- 72  -----------
lambda : 1.42492
max_diff => 0.0598218
performed mixing
Frob norm 1 after updating U: 4.84349
200 iterations
f(b) = 27.2163
Frob norm 2 after updating B : 4.85055
Iteration number -------- 73  -----------
lambda : 1.43204
max_diff => 0.0597445
performed mixing
Frob norm 1 after updating U: 4.84001
200 iterations
f(b) = 27.2142
Frob norm 2 after updating B : 4.84883
Iteration number -------- 74  -----------
lambda : 1.4392
max_diff => 0.0596815
performed mixing
Frob norm 1 after updating U: 4.84068
200 iterations
f(b) = 27.2493
Frob norm 2 after updating B : 4.84641
Iteration number -------- 75  -----------
lambda : 1.4464
max_diff => 0.0596712
performed mixing
Frob norm 1 after updating U: 4.84094
200 iterations
f(b) = 27.2505
Frob norm 2 after updating B : 4.84482
Iteration number -------- 76  -----------
lambda : 1.45363
max_diff => 0.0596639
performed mixing
Frob norm 1 after updating U: 4.84114
200 iterations
f(b) = 27.2581
Frob norm 2 after updating B : 4.84359
Iteration number -------- 77  -----------
lambda : 1.4609
max_diff => 0.0596608
performed mixing
Frob norm 1 after updating U: 4.84114
200 iterations
f(b) = 27.0803
Frob norm 2 after updating B : 4.85967
Iteration number -------- 78  -----------
lambda : 1.46821
max_diff => 0.0596124
performed mixing
Frob norm 1 after updating U: 4.84292
200 iterations
f(b) = 27.0687
Frob norm 2 after updating B : 4.85426
Iteration number -------- 79  -----------
lambda : 1.47555
max_diff => 0.0595652
performed mixing
Frob norm 1 after updating U: 4.84259
200 iterations
f(b) = 26.9957
Frob norm 2 after updating B : 4.85202
Iteration number -------- 80  -----------
lambda : 1.48292
max_diff => 0.059386
performed mixing
Frob norm 1 after updating U: 4.83868
200 iterations
f(b) = 27.0051
Frob norm 2 after updating B : 4.8469
Iteration number -------- 81  -----------
lambda : 1.49034
max_diff => 0.0593993
performed mixing
Frob norm 1 after updating U: 4.83811
200 iterations
f(b) = 26.8474
Frob norm 2 after updating B : 4.82947
Iteration number -------- 82  -----------
lambda : 1.49779
max_diff => 0.0598591
performed mixing
Frob norm 1 after updating U: 4.80633
200 iterations
f(b) = 26.829
Frob norm 2 after updating B : 4.81997
Iteration number -------- 83  -----------
lambda : 1.50528
max_diff => 0.0598855
performed mixing
Frob norm 1 after updating U: 4.80427
200 iterations
f(b) = 26.7868
Frob norm 2 after updating B : 4.81181
Iteration number -------- 84  -----------
lambda : 1.51281
max_diff => 0.0598913
performed mixing
Frob norm 1 after updating U: 4.80044
200 iterations
f(b) = 26.3418
Frob norm 2 after updating B : 4.65658
Iteration number -------- 85  -----------
lambda : 1.52037
max_diff => 0.0706821
performed mixing
Frob norm 1 after updating U: 4.41899
200 iterations
f(b) = 25.1161
Frob norm 2 after updating B : 4.48632
Iteration number -------- 86  -----------
lambda : 1.52797
max_diff => 0.0825172
performed mixing
Frob norm 1 after updating U: 3.86846
200 iterations
f(b) = 21.2493
Frob norm 2 after updating B : 4.12588
Iteration number -------- 87  -----------
lambda : 1.53561
max_diff => 0.0689719
performed mixing
Frob norm 1 after updating U: 2.60322
200 iterations
f(b) = 16.8497
Frob norm 2 after updating B : 3.67306
Iteration number -------- 88  -----------
lambda : 1.54329
max_diff => 0.0622931
performed mixing
Frob norm 1 after updating U: 2.13177
200 iterations
f(b) = 13.3204
Frob norm 2 after updating B : 3.25862
Iteration number -------- 89  -----------
lambda : 1.55101
max_diff => 0.0506599
performed mixing
Frob norm 1 after updating U: 1.65069
200 iterations
f(b) = 10.7327
Frob norm 2 after updating B : 2.83029
Iteration number -------- 90  -----------
lambda : 1.55876
max_diff => 0.0500736
performed mixing
Frob norm 1 after updating U: 1.64148
200 iterations
f(b) = 8.20659
Frob norm 2 after updating B : 2.58162
Iteration number -------- 91  -----------
lambda : 1.56655
max_diff => 0.0225972
performed mixing
Frob norm 1 after updating U: 1.36638
200 iterations
f(b) = 6.5796
Frob norm 2 after updating B : 2.24141
Iteration number -------- 92  -----------
lambda : 1.57439
max_diff => 0.021928
performed mixing
Frob norm 1 after updating U: 1.36279
200 iterations
f(b) = 5.48191
Frob norm 2 after updating B : 1.98802
Iteration number -------- 93  -----------
lambda : 1.58226
max_diff => 0.0209555
performed mixing
Frob norm 1 after updating U: 1.35779
200 iterations
f(b) = 3.88969
Frob norm 2 after updating B : 1.91803
Iteration number -------- 94  -----------
lambda : 1.59017
max_diff => 0.00163434
performed mixing
Frob norm 1 after updating U: 1.29606
200 iterations
f(b) = 3.22832
Frob norm 2 after updating B : 1.72395
Iteration number -------- 95  -----------
lambda : 1.59812
max_diff => 0.00140025
performed mixing
Frob norm 1 after updating U: 1.29611
200 iterations
f(b) = 2.73578
Frob norm 2 after updating B : 1.58901
Iteration number -------- 96  -----------
lambda : 1.60611
max_diff => 0.000979171
performed mixing
Frob norm 1 after updating U: 1.29624
200 iterations
f(b) = 2.41852
Frob norm 2 after updating B : 1.49299
Iteration number -------- 97  -----------
lambda : 1.61414
max_diff => 0.000711449
performed mixing
Frob norm 1 after updating U: 1.29638
200 iterations
f(b) = 2.21472
Frob norm 2 after updating B : 1.42685
Iteration number -------- 98  -----------
lambda : 1.62221
max_diff => 0.000523218
performed mixing
Frob norm 1 after updating U: 1.2965
200 iterations
f(b) = 2.07763
Frob norm 2 after updating B : 1.38301
Iteration number -------- 99  -----------
lambda : 1.63032
max_diff => 0.000267666
performed mixing
Frob norm 1 after updating U: 1.29668
200 iterations
f(b) = 1.97043
Frob norm 2 after updating B : 1.35302
Iteration number -------- 100  -----------
lambda : 1.63848
max_diff => 0.000147407
