Academic license - for non-commercial use only
Frob norm 1 after updating U: 10.6277
200 iterations
f(b) = 68.0887
Frob norm 2 after updating B : 7.33361
Iteration number -------- 1  -----------
lambda : 1
max_diff => 0.117209
performed mixing
Frob norm 1 after updating U: 5.63608
200 iterations
f(b) = 58.4902
Frob norm 2 after updating B : 6.74148
Iteration number -------- 2  -----------
lambda : 1.005
max_diff => 0.112236
performed mixing
Frob norm 1 after updating U: 4.79771
200 iterations
f(b) = 48.7478
Frob norm 2 after updating B : 6.18386
Iteration number -------- 3  -----------
lambda : 1.01002
max_diff => 0.10109
performed mixing
Frob norm 1 after updating U: 3.82826
200 iterations
f(b) = 39.3344
Frob norm 2 after updating B : 5.62156
Iteration number -------- 4  -----------
lambda : 1.01508
max_diff => 0.0781402
performed mixing
Frob norm 1 after updating U: 3.28244
200 iterations
f(b) = 31.3309
Frob norm 2 after updating B : 5.003
Iteration number -------- 5  -----------
lambda : 1.02015
max_diff => 0.073798
performed mixing
Frob norm 1 after updating U: 3.02614
200 iterations
f(b) = 24.6582
Frob norm 2 after updating B : 4.485
Iteration number -------- 6  -----------
lambda : 1.02525
max_diff => 0.0641696
performed mixing
Frob norm 1 after updating U: 2.75675
200 iterations
f(b) = 19.163
Frob norm 2 after updating B : 3.99628
Iteration number -------- 7  -----------
lambda : 1.03038
max_diff => 0.0624486
performed mixing
Frob norm 1 after updating U: 2.6327
200 iterations
f(b) = 15.7428
Frob norm 2 after updating B : 3.59237
Iteration number -------- 8  -----------
lambda : 1.03553
max_diff => 0.0623797
performed mixing
Frob norm 1 after updating U: 2.61312
200 iterations
f(b) = 13.4212
Frob norm 2 after updating B : 3.30001
Iteration number -------- 9  -----------
lambda : 1.04071
max_diff => 0.062227
performed mixing
Frob norm 1 after updating U: 2.5942
200 iterations
f(b) = 11.9553
Frob norm 2 after updating B : 3.06658
Iteration number -------- 10  -----------
lambda : 1.04591
max_diff => 0.0622143
performed mixing
Frob norm 1 after updating U: 2.59315
200 iterations
f(b) = 10.6933
Frob norm 2 after updating B : 2.94898
Iteration number -------- 11  -----------
lambda : 1.05114
max_diff => 0.0614716
performed mixing
Frob norm 1 after updating U: 2.57189
200 iterations
f(b) = 9.98479
Frob norm 2 after updating B : 2.81975
Iteration number -------- 12  -----------
lambda : 1.0564
max_diff => 0.0614594
performed mixing
Frob norm 1 after updating U: 2.57168
200 iterations
f(b) = 9.39641
Frob norm 2 after updating B : 2.74285
Iteration number -------- 13  -----------
lambda : 1.06168
max_diff => 0.0611084
performed mixing
Frob norm 1 after updating U: 2.56912
200 iterations
f(b) = 9.07113
Frob norm 2 after updating B : 2.68343
Iteration number -------- 14  -----------
lambda : 1.06699
max_diff => 0.06103
performed mixing
Frob norm 1 after updating U: 2.56875
200 iterations
f(b) = 8.85079
Frob norm 2 after updating B : 2.64313
Iteration number -------- 15  -----------
lambda : 1.07232
max_diff => 0.0609151
performed mixing
Frob norm 1 after updating U: 2.5679
200 iterations
f(b) = 8.44314
Frob norm 2 after updating B : 2.63454
Iteration number -------- 16  -----------
lambda : 1.07768
max_diff => 0.0589734
performed mixing
Frob norm 1 after updating U: 2.55869
200 iterations
f(b) = 8.33929
Frob norm 2 after updating B : 2.60794
Iteration number -------- 17  -----------
lambda : 1.08307
max_diff => 0.0588893
performed mixing
Frob norm 1 after updating U: 2.55835
200 iterations
f(b) = 8.21205
Frob norm 2 after updating B : 2.5912
Iteration number -------- 18  -----------
lambda : 1.08849
max_diff => 0.058331
performed mixing
Frob norm 1 after updating U: 2.55669
200 iterations
f(b) = 8.16729
Frob norm 2 after updating B : 2.57876
Iteration number -------- 19  -----------
lambda : 1.09393
max_diff => 0.058234
performed mixing
Frob norm 1 after updating U: 2.55645
200 iterations
f(b) = 7.90773
Frob norm 2 after updating B : 2.59424
Iteration number -------- 20  -----------
lambda : 1.0994
max_diff => 0.0547648
performed mixing
Frob norm 1 after updating U: 2.54464
200 iterations
f(b) = 7.83358
Frob norm 2 after updating B : 2.57676
Iteration number -------- 21  -----------
lambda : 1.1049
max_diff => 0.0550302
performed mixing
Frob norm 1 after updating U: 2.54449
200 iterations
f(b) = 7.79993
Frob norm 2 after updating B : 2.5655
Iteration number -------- 22  -----------
lambda : 1.11042
max_diff => 0.0553098
performed mixing
Frob norm 1 after updating U: 2.54439
200 iterations
f(b) = 7.77664
Frob norm 2 after updating B : 2.55802
Iteration number -------- 23  -----------
lambda : 1.11597
max_diff => 0.0556831
performed mixing
Frob norm 1 after updating U: 2.54392
200 iterations
f(b) = 7.43047
Frob norm 2 after updating B : 2.63691
Iteration number -------- 24  -----------
lambda : 1.12155
max_diff => 0.055806
performed mixing
Frob norm 1 after updating U: 2.53507
200 iterations
f(b) = 7.28937
Frob norm 2 after updating B : 2.6011
Iteration number -------- 25  -----------
lambda : 1.12716
max_diff => 0.0555577
performed mixing
Frob norm 1 after updating U: 2.53496
200 iterations
f(b) = 7.00808
Frob norm 2 after updating B : 2.5955
Iteration number -------- 26  -----------
lambda : 1.1328
max_diff => 0.037787
performed mixing
Frob norm 1 after updating U: 2.53129
200 iterations
f(b) = 6.71069
Frob norm 2 after updating B : 2.58165
Iteration number -------- 27  -----------
lambda : 1.13846
max_diff => 1.48248e-07
performed mixing
Frob norm 1 after updating U: 2.52329
200 iterations
f(b) = 6.65429
Frob norm 2 after updating B : 2.56082
Iteration number -------- 28  -----------
lambda : 1.14415
max_diff => 1.01239e-07
performed mixing
Frob norm 1 after updating U: 2.5233
200 iterations
f(b) = 6.54693
Frob norm 2 after updating B : 2.54739
Iteration number -------- 29  -----------
lambda : 1.14987
max_diff => 1.34749e-07
performed mixing
Frob norm 1 after updating U: 2.52329
200 iterations
f(b) = 6.54852
Frob norm 2 after updating B : 2.53874
Iteration number -------- 30  -----------
lambda : 1.15562
max_diff => 1.00626e-07
performed mixing
Frob norm 1 after updating U: 2.5233
200 iterations
f(b) = 6.48881
Frob norm 2 after updating B : 2.5332
Iteration number -------- 31  -----------
lambda : 1.1614
max_diff => 9.998e-08
performed mixing
Frob norm 1 after updating U: 2.5233
200 iterations
f(b) = 6.45739
Frob norm 2 after updating B : 2.52961
Iteration number -------- 32  -----------
lambda : 1.16721
max_diff => 1.20371e-07
performed mixing
Frob norm 1 after updating U: 2.52328
200 iterations
f(b) = 6.42443
Frob norm 2 after updating B : 2.52729
Iteration number -------- 33  -----------
lambda : 1.17304
max_diff => 6.08096e-07
performed mixing
Frob norm 1 after updating U: 2.52321
200 iterations
f(b) = 6.45487
Frob norm 2 after updating B : 2.52589
Iteration number -------- 34  -----------
lambda : 1.17891
max_diff => 1.02863e-07
performed mixing
Frob norm 1 after updating U: 2.52329
200 iterations
f(b) = 6.44739
Frob norm 2 after updating B : 2.52495
Iteration number -------- 35  -----------
lambda : 1.1848
max_diff => 1.11638e-07
performed mixing
Frob norm 1 after updating U: 2.52329
200 iterations
f(b) = 6.45685
Frob norm 2 after updating B : 2.52434
Iteration number -------- 36  -----------
lambda : 1.19073
max_diff => 1.19863e-07
performed mixing
Frob norm 1 after updating U: 2.52328
200 iterations
f(b) = 6.478
Frob norm 2 after updating B : 2.52397
Iteration number -------- 37  -----------
lambda : 1.19668
max_diff => 1.11429e-07
performed mixing
Frob norm 1 after updating U: 2.52328
200 iterations
f(b) = 6.4288
Frob norm 2 after updating B : 2.52374
Iteration number -------- 38  -----------
lambda : 1.20266
max_diff => 1.01253e-07
performed mixing
Frob norm 1 after updating U: 2.5233
200 iterations
f(b) = 6.4586
Frob norm 2 after updating B : 2.52357
Iteration number -------- 39  -----------
lambda : 1.20868
max_diff => 1.08871e-07
performed mixing
Frob norm 1 after updating U: 2.52329
200 iterations
f(b) = 6.47457
Frob norm 2 after updating B : 2.52347
Iteration number -------- 40  -----------
lambda : 1.21472
max_diff => 1.1168e-07
performed mixing
Frob norm 1 after updating U: 2.52329
200 iterations
f(b) = 6.4773
Frob norm 2 after updating B : 2.52337
Iteration number -------- 41  -----------
lambda : 1.22079
max_diff => 1.39773e-07
performed mixing
Frob norm 1 after updating U: 2.52326
200 iterations
f(b) = 6.4335
Frob norm 2 after updating B : 2.52337
Iteration number -------- 42  -----------
lambda : 1.2269
max_diff => 1.09551e-07
performed mixing
Frob norm 1 after updating U: 2.5233
200 iterations
f(b) = 6.46237
Frob norm 2 after updating B : 2.52337
Iteration number -------- 43  -----------
lambda : 1.23303
max_diff => 3.62215e-07
performed mixing
Frob norm 1 after updating U: 2.52332
200 iterations
f(b) = 6.48006
Frob norm 2 after updating B : 2.52332
Iteration number -------- 44  -----------
lambda : 1.2392
max_diff => 1.0665e-07
performed mixing
Frob norm 1 after updating U: 2.52329
200 iterations
f(b) = 6.50047
Frob norm 2 after updating B : 2.52321
Iteration number -------- 45  -----------
lambda : 1.24539
max_diff => 2.74429e-06
performed mixing
Frob norm 1 after updating U: 2.52319
200 iterations
f(b) = 6.47913
Frob norm 2 after updating B : 2.52331
Iteration number -------- 46  -----------
lambda : 1.25162
max_diff => 1.02607e-07
performed mixing
Frob norm 1 after updating U: 2.5233
200 iterations
f(b) = 6.47748
Frob norm 2 after updating B : 2.5233
Iteration number -------- 47  -----------
lambda : 1.25788
max_diff => 1.09197e-07
performed mixing
Frob norm 1 after updating U: 2.52329
200 iterations
f(b) = 6.48057
Frob norm 2 after updating B : 2.5233
Iteration number -------- 48  -----------
lambda : 1.26417
max_diff => 1.06784e-07
performed mixing
Frob norm 1 after updating U: 2.52329
200 iterations
f(b) = 6.48021
Frob norm 2 after updating B : 2.5233
Iteration number -------- 49  -----------
lambda : 1.27049
max_diff => 1.06874e-07
performed mixing
Frob norm 1 after updating U: 2.5233
200 iterations
f(b) = 6.48177
Frob norm 2 after updating B : 2.52327
Iteration number -------- 50  -----------
lambda : 1.27684
max_diff => 1.32545e-07
performed mixing
Frob norm 1 after updating U: 2.52327
200 iterations
f(b) = 6.48025
Frob norm 2 after updating B : 2.52329
Iteration number -------- 51  -----------
lambda : 1.28323
max_diff => 1.0691e-07
performed mixing
Frob norm 1 after updating U: 2.52329
200 iterations
f(b) = 6.47662
Frob norm 2 after updating B : 2.5233
Iteration number -------- 52  -----------
lambda : 1.28964
max_diff => 1.06085e-07
performed mixing
Frob norm 1 after updating U: 2.5233
200 iterations
f(b) = 6.4512
Frob norm 2 after updating B : 2.5233
Iteration number -------- 53  -----------
lambda : 1.29609
max_diff => 9.998e-08
performed mixing
Frob norm 1 after updating U: 2.5233
200 iterations
f(b) = 6.48503
Frob norm 2 after updating B : 2.52329
Iteration number -------- 54  -----------
lambda : 1.30257
max_diff => 1.11952e-07
performed mixing
Frob norm 1 after updating U: 2.52329
200 iterations
f(b) = 6.47388
Frob norm 2 after updating B : 2.52329
Iteration number -------- 55  -----------
lambda : 1.30908
max_diff => 1.06853e-07
performed mixing
Frob norm 1 after updating U: 2.52329
200 iterations
f(b) = 6.4768
Frob norm 2 after updating B : 2.52331
Iteration number -------- 56  -----------
lambda : 1.31563
max_diff => 1.02606e-07
performed mixing
Frob norm 1 after updating U: 2.52331
200 iterations
f(b) = 6.48601
Frob norm 2 after updating B : 2.5233
Iteration number -------- 57  -----------
lambda : 1.32221
max_diff => 1.0011e-07
performed mixing
Frob norm 1 after updating U: 2.5233
200 iterations
f(b) = 6.485
Frob norm 2 after updating B : 2.5233
Iteration number -------- 58  -----------
lambda : 1.32882
max_diff => 1.00193e-07
performed mixing
Frob norm 1 after updating U: 2.5233
200 iterations
f(b) = 6.48976
Frob norm 2 after updating B : 2.52329
Iteration number -------- 59  -----------
lambda : 1.33546
max_diff => 1.09664e-07
performed mixing
Frob norm 1 after updating U: 2.52329
200 iterations
f(b) = 6.45537
Frob norm 2 after updating B : 2.5233
Iteration number -------- 60  -----------
lambda : 1.34214
max_diff => 1.01818e-07
performed mixing
Frob norm 1 after updating U: 2.5233
200 iterations
f(b) = 6.48435
Frob norm 2 after updating B : 2.52329
Iteration number -------- 61  -----------
lambda : 1.34885
max_diff => 1.03889e-07
performed mixing
Frob norm 1 after updating U: 2.52329
200 iterations
f(b) = 6.49071
Frob norm 2 after updating B : 2.52328
Iteration number -------- 62  -----------
lambda : 1.35559
max_diff => 1.13881e-07
performed mixing
Frob norm 1 after updating U: 2.52328
200 iterations
f(b) = 6.47217
Frob norm 2 after updating B : 2.52328
Iteration number -------- 63  -----------
lambda : 1.36237
max_diff => 1.1834e-07
performed mixing
Frob norm 1 after updating U: 2.52328
200 iterations
f(b) = 6.48268
Frob norm 2 after updating B : 2.5233
Iteration number -------- 64  -----------
lambda : 1.36918
max_diff => 1.01272e-07
performed mixing
Frob norm 1 after updating U: 2.5233
200 iterations
f(b) = 6.48608
Frob norm 2 after updating B : 2.5233
Iteration number -------- 65  -----------
lambda : 1.37603
max_diff => 1.10747e-07
performed mixing
Frob norm 1 after updating U: 2.5233
200 iterations
f(b) = 6.49332
Frob norm 2 after updating B : 2.5233
Iteration number -------- 66  -----------
lambda : 1.38291
max_diff => 1.03484e-07
performed mixing
Frob norm 1 after updating U: 2.5233
200 iterations
f(b) = 6.4473
Frob norm 2 after updating B : 2.5233
Iteration number -------- 67  -----------
lambda : 1.38982
max_diff => 1.00092e-07
performed mixing
Frob norm 1 after updating U: 2.5233
200 iterations
f(b) = 6.45093
Frob norm 2 after updating B : 2.52329
Iteration number -------- 68  -----------
lambda : 1.39677
max_diff => 1.1137e-07
performed mixing
Frob norm 1 after updating U: 2.52329
200 iterations
f(b) = 6.49561
Frob norm 2 after updating B : 2.52328
Iteration number -------- 69  -----------
lambda : 1.40376
max_diff => 1.22886e-07
performed mixing
Frob norm 1 after updating U: 2.52328
200 iterations
f(b) = 6.4435
Frob norm 2 after updating B : 2.5233
Iteration number -------- 70  -----------
lambda : 1.41078
max_diff => 9.998e-08
performed mixing
Frob norm 1 after updating U: 2.5233
200 iterations
f(b) = 6.4951
Frob norm 2 after updating B : 2.52329
Iteration number -------- 71  -----------
lambda : 1.41783
max_diff => 1.13712e-07
performed mixing
Frob norm 1 after updating U: 2.52329
200 iterations
f(b) = 6.49653
Frob norm 2 after updating B : 2.5233
Iteration number -------- 72  -----------
lambda : 1.42492
max_diff => 1.0538e-07
performed mixing
Frob norm 1 after updating U: 2.5233
200 iterations
f(b) = 6.49714
Frob norm 2 after updating B : 2.52328
Iteration number -------- 73  -----------
lambda : 1.43204
max_diff => 1.15187e-07
performed mixing
Frob norm 1 after updating U: 2.52328
200 iterations
f(b) = 6.49807
Frob norm 2 after updating B : 2.52329
Iteration number -------- 74  -----------
lambda : 1.4392
max_diff => 1.05271e-07
performed mixing
Frob norm 1 after updating U: 2.52329
200 iterations
f(b) = 6.50053
Frob norm 2 after updating B : 2.5233
Iteration number -------- 75  -----------
lambda : 1.4464
max_diff => 9.998e-08
performed mixing
Frob norm 1 after updating U: 2.5233
200 iterations
f(b) = 6.4974
Frob norm 2 after updating B : 2.52329
Iteration number -------- 76  -----------
lambda : 1.45363
max_diff => 1.10834e-07
performed mixing
Frob norm 1 after updating U: 2.52329
200 iterations
f(b) = 6.49002
Frob norm 2 after updating B : 2.52329
Iteration number -------- 77  -----------
lambda : 1.4609
max_diff => 1.09583e-07
performed mixing
Frob norm 1 after updating U: 2.52329
200 iterations
f(b) = 6.49967
Frob norm 2 after updating B : 2.52331
Iteration number -------- 78  -----------
lambda : 1.46821
max_diff => 9.998e-08
performed mixing
Frob norm 1 after updating U: 2.52331
200 iterations
f(b) = 6.49156
Frob norm 2 after updating B : 2.5233
Iteration number -------- 79  -----------
lambda : 1.47555
max_diff => 1.05827e-07
performed mixing
Frob norm 1 after updating U: 2.5233
200 iterations
f(b) = 6.50289
Frob norm 2 after updating B : 2.52331
Iteration number -------- 80  -----------
lambda : 1.48292
max_diff => 9.998e-08
performed mixing
Frob norm 1 after updating U: 2.52331
200 iterations
f(b) = 6.49327
Frob norm 2 after updating B : 2.52329
Iteration number -------- 81  -----------
lambda : 1.49034
max_diff => 1.18568e-07
performed mixing
Frob norm 1 after updating U: 2.52329
200 iterations
f(b) = 6.48087
Frob norm 2 after updating B : 2.52329
Iteration number -------- 82  -----------
lambda : 1.49779
max_diff => 1.02945e-07
performed mixing
Frob norm 1 after updating U: 2.52329
200 iterations
f(b) = 6.45083
Frob norm 2 after updating B : 2.52327
Iteration number -------- 83  -----------
lambda : 1.50528
max_diff => 1.23932e-07
performed mixing
Frob norm 1 after updating U: 2.52327
200 iterations
f(b) = 6.45687
Frob norm 2 after updating B : 2.52331
Iteration number -------- 84  -----------
lambda : 1.51281
max_diff => 9.998e-08
performed mixing
Frob norm 1 after updating U: 2.52331
200 iterations
f(b) = 6.48767
Frob norm 2 after updating B : 2.5233
Iteration number -------- 85  -----------
lambda : 1.52037
max_diff => 1.18084e-07
performed mixing
Frob norm 1 after updating U: 2.5233
200 iterations
f(b) = 6.5031
Frob norm 2 after updating B : 2.52331
Iteration number -------- 86  -----------
lambda : 1.52797
max_diff => 9.998e-08
performed mixing
Frob norm 1 after updating U: 2.52331
200 iterations
f(b) = 6.49286
Frob norm 2 after updating B : 2.5233
Iteration number -------- 87  -----------
lambda : 1.53561
max_diff => 1.00112e-07
performed mixing
Frob norm 1 after updating U: 2.5233
200 iterations
f(b) = 6.50724
Frob norm 2 after updating B : 2.5233
Iteration number -------- 88  -----------
lambda : 1.54329
max_diff => 9.998e-08
performed mixing
Frob norm 1 after updating U: 2.5233
200 iterations
f(b) = 6.45027
Frob norm 2 after updating B : 2.5233
Iteration number -------- 89  -----------
lambda : 1.55101
max_diff => 1.1859e-07
performed mixing
Frob norm 1 after updating U: 2.5233
200 iterations
f(b) = 6.50218
Frob norm 2 after updating B : 2.52331
Iteration number -------- 90  -----------
lambda : 1.55876
max_diff => 9.9981e-08
performed mixing
Frob norm 1 after updating U: 2.52331
200 iterations
f(b) = 6.50866
Frob norm 2 after updating B : 2.5233
Iteration number -------- 91  -----------
lambda : 1.56655
max_diff => 1.01806e-07
performed mixing
Frob norm 1 after updating U: 2.5233
200 iterations
f(b) = 6.50564
Frob norm 2 after updating B : 2.52331
Iteration number -------- 92  -----------
lambda : 1.57439
max_diff => 1.02858e-07
performed mixing
Frob norm 1 after updating U: 2.52331
200 iterations
f(b) = 6.5079
Frob norm 2 after updating B : 2.5233
Iteration number -------- 93  -----------
lambda : 1.58226
max_diff => 1.09309e-07
performed mixing
Frob norm 1 after updating U: 2.5233
200 iterations
f(b) = 6.40926
Frob norm 2 after updating B : 2.52331
Iteration number -------- 94  -----------
lambda : 1.59017
max_diff => 9.99801e-08
performed mixing
Frob norm 1 after updating U: 2.52331
200 iterations
f(b) = 6.50049
Frob norm 2 after updating B : 2.52329
Iteration number -------- 95  -----------
lambda : 1.59812
max_diff => 1.13226e-07
performed mixing
Frob norm 1 after updating U: 2.52329
200 iterations
f(b) = 6.51483
Frob norm 2 after updating B : 2.5233
Iteration number -------- 96  -----------
lambda : 1.60611
max_diff => 9.998e-08
performed mixing
Frob norm 1 after updating U: 2.5233
200 iterations
f(b) = 6.47032
Frob norm 2 after updating B : 2.5233
Iteration number -------- 97  -----------
lambda : 1.61414
max_diff => 1.00018e-07
performed mixing
Frob norm 1 after updating U: 2.5233
200 iterations
f(b) = 6.45179
Frob norm 2 after updating B : 2.5233
Iteration number -------- 98  -----------
lambda : 1.62221
max_diff => 1.01602e-07
performed mixing
Frob norm 1 after updating U: 2.5233
200 iterations
f(b) = 6.51773
Frob norm 2 after updating B : 2.52329
Iteration number -------- 99  -----------
lambda : 1.63032
max_diff => 1.25751e-07
performed mixing
Frob norm 1 after updating U: 2.52329
200 iterations
f(b) = 6.51724
Frob norm 2 after updating B : 2.5233
Iteration number -------- 100  -----------
lambda : 1.63848
max_diff => 9.998e-08
