Academic license - for non-commercial use only
Frob norm 1 after updating U: 11.1562
200 iterations
f(b) = 77.8486
Frob norm 2 after updating B : 7.90621
Iteration number -------- 1  -----------
lambda : 1
max_diff => 0.148132
performed mixing
Frob norm 1 after updating U: 6.71666
200 iterations
f(b) = 69.8933
Frob norm 2 after updating B : 7.44498
Iteration number -------- 2  -----------
lambda : 1.005
max_diff => 0.153111
performed mixing
Frob norm 1 after updating U: 6.0718
200 iterations
f(b) = 61.9729
Frob norm 2 after updating B : 6.98742
Iteration number -------- 3  -----------
lambda : 1.01002
max_diff => 0.138714
performed mixing
Frob norm 1 after updating U: 5.4385
200 iterations
f(b) = 54.3288
Frob norm 2 after updating B : 6.50604
Iteration number -------- 4  -----------
lambda : 1.01508
max_diff => 0.114812
performed mixing
Frob norm 1 after updating U: 5.06698
200 iterations
f(b) = 46.6231
Frob norm 2 after updating B : 6.17889
Iteration number -------- 5  -----------
lambda : 1.02015
max_diff => 0.0569525
performed mixing
Frob norm 1 after updating U: 4.59915
200 iterations
f(b) = 40.026
Frob norm 2 after updating B : 5.80238
Iteration number -------- 6  -----------
lambda : 1.02525
max_diff => 0.0477982
performed mixing
Frob norm 1 after updating U: 4.33452
200 iterations
f(b) = 30.2419
Frob norm 2 after updating B : 5.00483
Iteration number -------- 7  -----------
lambda : 1.03038
max_diff => 0.0505458
performed mixing
Frob norm 1 after updating U: 3.17026
200 iterations
f(b) = 23.0968
Frob norm 2 after updating B : 4.49366
Iteration number -------- 8  -----------
lambda : 1.03553
max_diff => 0.0382808
performed mixing
Frob norm 1 after updating U: 2.96094
200 iterations
f(b) = 18.73
Frob norm 2 after updating B : 4.07302
Iteration number -------- 9  -----------
lambda : 1.04071
max_diff => 0.0379723
performed mixing
Frob norm 1 after updating U: 2.90349
200 iterations
f(b) = 15.8318
Frob norm 2 after updating B : 3.69664
Iteration number -------- 10  -----------
lambda : 1.04591
max_diff => 0.0379748
performed mixing
Frob norm 1 after updating U: 2.90275
200 iterations
f(b) = 13.6502
Frob norm 2 after updating B : 3.4713
Iteration number -------- 11  -----------
lambda : 1.05114
max_diff => 0.0385259
performed mixing
Frob norm 1 after updating U: 2.85831
200 iterations
f(b) = 12.2732
Frob norm 2 after updating B : 3.26423
Iteration number -------- 12  -----------
lambda : 1.0564
max_diff => 0.0385331
performed mixing
Frob norm 1 after updating U: 2.85793
200 iterations
f(b) = 11.3406
Frob norm 2 after updating B : 3.12445
Iteration number -------- 13  -----------
lambda : 1.06168
max_diff => 0.0386032
performed mixing
Frob norm 1 after updating U: 2.85559
200 iterations
f(b) = 10.31
Frob norm 2 after updating B : 3.06725
Iteration number -------- 14  -----------
lambda : 1.06699
max_diff => 0.0411434
performed mixing
Frob norm 1 after updating U: 2.78003
200 iterations
f(b) = 9.72133
Frob norm 2 after updating B : 2.966
Iteration number -------- 15  -----------
lambda : 1.07232
max_diff => 0.0414923
performed mixing
Frob norm 1 after updating U: 2.76804
200 iterations
f(b) = 6.3928
Frob norm 2 after updating B : 2.18597
Iteration number -------- 16  -----------
lambda : 1.07768
max_diff => 0.0986186
performed mixing
Frob norm 1 after updating U: 0.907478
200 iterations
f(b) = 3.12848
Frob norm 2 after updating B : 1.75318
Iteration number -------- 17  -----------
lambda : 1.08307
max_diff => 0.00018495
performed mixing
Frob norm 1 after updating U: 0.0224647
200 iterations
f(b) = 2.06138
Frob norm 2 after updating B : 1.4033
Iteration number -------- 18  -----------
lambda : 1.08849
max_diff => 9.57659e-05
performed mixing
Frob norm 1 after updating U: 0.0175253
200 iterations
f(b) = 1.35007
Frob norm 2 after updating B : 1.12337
Iteration number -------- 19  -----------
lambda : 1.09393
max_diff => 2.50362e-05
performed mixing
Frob norm 1 after updating U: 0.0122672
200 iterations
f(b) = 0.89197
Frob norm 2 after updating B : 0.899443
Iteration number -------- 20  -----------
lambda : 1.0994
max_diff => 1.00009e-07
performed mixing
Frob norm 1 after updating U: 0.00971996
200 iterations
f(b) = 0.605439
Frob norm 2 after updating B : 0.719826
Iteration number -------- 21  -----------
lambda : 1.1049
max_diff => 9.99896e-08
performed mixing
Frob norm 1 after updating U: 0.00972089
200 iterations
f(b) = 0.416571
Frob norm 2 after updating B : 0.576171
Iteration number -------- 22  -----------
lambda : 1.11042
max_diff => 1.0045e-07
performed mixing
Frob norm 1 after updating U: 0.00972242
200 iterations
f(b) = 0.294832
Frob norm 2 after updating B : 0.461313
Iteration number -------- 23  -----------
lambda : 1.11597
max_diff => 9.998e-08
performed mixing
Frob norm 1 after updating U: 0.00971354
200 iterations
f(b) = 0.216441
Frob norm 2 after updating B : 0.369379
Iteration number -------- 24  -----------
lambda : 1.12155
max_diff => 9.998e-08
performed mixing
Frob norm 1 after updating U: 0.00971476
200 iterations
f(b) = 0.166898
Frob norm 2 after updating B : 0.295883
Iteration number -------- 25  -----------
lambda : 1.12716
max_diff => 9.998e-08
performed mixing
Frob norm 1 after updating U: 0.00971234
200 iterations
f(b) = 0.135636
Frob norm 2 after updating B : 0.236971
Iteration number -------- 26  -----------
lambda : 1.1328
max_diff => 1.00058e-07
performed mixing
Frob norm 1 after updating U: 0.00973224
200 iterations
f(b) = 0.114224
Frob norm 2 after updating B : 0.19003
Iteration number -------- 27  -----------
lambda : 1.13846
max_diff => 9.998e-08
performed mixing
Frob norm 1 after updating U: 0.00972383
200 iterations
f(b) = 0.103344
Frob norm 2 after updating B : 0.15233
Iteration number -------- 28  -----------
lambda : 1.14415
max_diff => 9.998e-08
performed mixing
Frob norm 1 after updating U: 0.00971928
200 iterations
f(b) = 0.0885857
Frob norm 2 after updating B : 0.12232
Iteration number -------- 29  -----------
lambda : 1.14987
max_diff => 9.998e-08
performed mixing
Frob norm 1 after updating U: 0.00971754
200 iterations
f(b) = 0.0591388
Frob norm 2 after updating B : 0.0982086
Iteration number -------- 30  -----------
lambda : 1.15562
max_diff => 9.998e-08
performed mixing
Frob norm 1 after updating U: 0.00972147
200 iterations
f(b) = 0.0567652
Frob norm 2 after updating B : 0.0790451
Iteration number -------- 31  -----------
lambda : 1.1614
max_diff => 9.998e-08
performed mixing
Frob norm 1 after updating U: 0.0097146
200 iterations
f(b) = 0.0540513
Frob norm 2 after updating B : 0.0638285
Iteration number -------- 32  -----------
lambda : 1.16721
max_diff => 9.998e-08
performed mixing
Frob norm 1 after updating U: 0.0097161
200 iterations
f(b) = 0.0543948
Frob norm 2 after updating B : 0.0516927
Iteration number -------- 33  -----------
lambda : 1.17304
max_diff => 9.998e-08
performed mixing
Frob norm 1 after updating U: 0.00972008
200 iterations
f(b) = 0.0567305
Frob norm 2 after updating B : 0.0419298
Iteration number -------- 34  -----------
lambda : 1.17891
max_diff => 9.998e-08
performed mixing
Frob norm 1 after updating U: 0.00971308
200 iterations
f(b) = 0.0498088
Frob norm 2 after updating B : 0.0343047
Iteration number -------- 35  -----------
lambda : 1.1848
max_diff => 9.998e-08
performed mixing
Frob norm 1 after updating U: 0.00971286
200 iterations
f(b) = 0.0422594
Frob norm 2 after updating B : 0.0283181
Iteration number -------- 36  -----------
lambda : 1.19073
max_diff => 9.998e-08
performed mixing
Frob norm 1 after updating U: 0.00971926
200 iterations
f(b) = 0.0430237
Frob norm 2 after updating B : 0.0235631
Iteration number -------- 37  -----------
lambda : 1.19668
max_diff => 9.998e-08
performed mixing
Frob norm 1 after updating U: 0.00971596
200 iterations
f(b) = 0.0464072
Frob norm 2 after updating B : 0.0199252
Iteration number -------- 38  -----------
lambda : 1.20266
max_diff => 9.998e-08
performed mixing
Frob norm 1 after updating U: 0.0097202
200 iterations
f(b) = 0.0447285
Frob norm 2 after updating B : 0.017187
Iteration number -------- 39  -----------
lambda : 1.20868
max_diff => 9.998e-08
performed mixing
Frob norm 1 after updating U: 0.00971782
200 iterations
f(b) = 0.0407476
Frob norm 2 after updating B : 0.0151634
Iteration number -------- 40  -----------
lambda : 1.21472
max_diff => 9.998e-08
performed mixing
Frob norm 1 after updating U: 0.00971218
200 iterations
f(b) = 0.0380032
Frob norm 2 after updating B : 0.01355
Iteration number -------- 41  -----------
lambda : 1.22079
max_diff => 9.998e-08
performed mixing
Frob norm 1 after updating U: 0.00971115
200 iterations
f(b) = 0.0393718
Frob norm 2 after updating B : 0.012448
Iteration number -------- 42  -----------
lambda : 1.2269
max_diff => 9.998e-08
performed mixing
Frob norm 1 after updating U: 0.00971109
200 iterations
f(b) = 0.0388147
Frob norm 2 after updating B : 0.0116926
Iteration number -------- 43  -----------
lambda : 1.23303
max_diff => 9.998e-08
performed mixing
Frob norm 1 after updating U: 0.00971144
200 iterations
f(b) = 0.0373202
Frob norm 2 after updating B : 0.0111084
Iteration number -------- 44  -----------
lambda : 1.2392
max_diff => 9.998e-08
performed mixing
Frob norm 1 after updating U: 0.00971211
200 iterations
f(b) = 0.0325192
Frob norm 2 after updating B : 0.0107103
Iteration number -------- 45  -----------
lambda : 1.24539
max_diff => 9.998e-08
performed mixing
Frob norm 1 after updating U: 0.00971024
200 iterations
f(b) = 0.0364483
Frob norm 2 after updating B : 0.01042
Iteration number -------- 46  -----------
lambda : 1.25162
max_diff => 9.998e-08
performed mixing
Frob norm 1 after updating U: 0.00970966
200 iterations
f(b) = 0.0384814
Frob norm 2 after updating B : 0.0102172
Iteration number -------- 47  -----------
lambda : 1.25788
max_diff => 9.998e-08
performed mixing
Frob norm 1 after updating U: 0.00970856
200 iterations
f(b) = 0.034143
Frob norm 2 after updating B : 0.0101081
Iteration number -------- 48  -----------
lambda : 1.26417
max_diff => 9.998e-08
performed mixing
Frob norm 1 after updating U: 0.00970786
200 iterations
f(b) = 0.0345538
Frob norm 2 after updating B : 0.0100038
Iteration number -------- 49  -----------
lambda : 1.27049
max_diff => 9.998e-08
performed mixing
Frob norm 1 after updating U: 0.00970868
200 iterations
f(b) = 0.0373779
Frob norm 2 after updating B : 0.00994443
Iteration number -------- 50  -----------
lambda : 1.27684
max_diff => 9.998e-08
performed mixing
Frob norm 1 after updating U: 0.00970903
200 iterations
f(b) = 0.0334985
Frob norm 2 after updating B : 0.00988301
Iteration number -------- 51  -----------
lambda : 1.28323
max_diff => 9.998e-08
performed mixing
Frob norm 1 after updating U: 0.00971126
200 iterations
f(b) = 0.0389022
Frob norm 2 after updating B : 0.00984024
Iteration number -------- 52  -----------
lambda : 1.28964
max_diff => 9.998e-08
performed mixing
Frob norm 1 after updating U: 0.00970908
200 iterations
f(b) = 0.0381911
Frob norm 2 after updating B : 0.00982042
Iteration number -------- 53  -----------
lambda : 1.29609
max_diff => 9.998e-08
performed mixing
Frob norm 1 after updating U: 0.00970909
200 iterations
f(b) = 0.0366272
Frob norm 2 after updating B : 0.00979824
Iteration number -------- 54  -----------
lambda : 1.30257
max_diff => 9.998e-08
performed mixing
Frob norm 1 after updating U: 0.00971041
200 iterations
f(b) = 0.0384788
Frob norm 2 after updating B : 0.00977802
Iteration number -------- 55  -----------
lambda : 1.30908
max_diff => 9.998e-08
performed mixing
Frob norm 1 after updating U: 0.00971161
200 iterations
f(b) = 0.0367395
Frob norm 2 after updating B : 0.00977572
Iteration number -------- 56  -----------
lambda : 1.31563
max_diff => 9.998e-08
performed mixing
Frob norm 1 after updating U: 0.00971313
200 iterations
f(b) = 0.0400124
Frob norm 2 after updating B : 0.00974944
Iteration number -------- 57  -----------
lambda : 1.32221
max_diff => 9.998e-08
performed mixing
Frob norm 1 after updating U: 0.00970881
200 iterations
f(b) = 0.0342629
Frob norm 2 after updating B : 0.00975738
Iteration number -------- 58  -----------
lambda : 1.32882
max_diff => 9.998e-08
performed mixing
Frob norm 1 after updating U: 0.00971731
200 iterations
f(b) = 0.0396793
Frob norm 2 after updating B : 0.00973362
Iteration number -------- 59  -----------
lambda : 1.33546
max_diff => 9.998e-08
performed mixing
Frob norm 1 after updating U: 0.00971173
200 iterations
f(b) = 0.0385986
Frob norm 2 after updating B : 0.00973833
Iteration number -------- 60  -----------
lambda : 1.34214
max_diff => 9.998e-08
performed mixing
Frob norm 1 after updating U: 0.00971298
200 iterations
f(b) = 0.0390133
Frob norm 2 after updating B : 0.00974284
Iteration number -------- 61  -----------
lambda : 1.34885
max_diff => 9.998e-08
performed mixing
Frob norm 1 after updating U: 0.00971285
200 iterations
f(b) = 0.0401585
Frob norm 2 after updating B : 0.00973471
Iteration number -------- 62  -----------
lambda : 1.35559
max_diff => 9.998e-08
performed mixing
Frob norm 1 after updating U: 0.00971268
200 iterations
f(b) = 0.0405062
Frob norm 2 after updating B : 0.0097382
Iteration number -------- 63  -----------
lambda : 1.36237
max_diff => 9.998e-08
performed mixing
Frob norm 1 after updating U: 0.00971195
200 iterations
f(b) = 0.039796
Frob norm 2 after updating B : 0.00973218
Iteration number -------- 64  -----------
lambda : 1.36918
max_diff => 9.998e-08
performed mixing
Frob norm 1 after updating U: 0.00971473
200 iterations
f(b) = 0.0411712
Frob norm 2 after updating B : 0.00972348
Iteration number -------- 65  -----------
lambda : 1.37603
max_diff => 9.998e-08
performed mixing
Frob norm 1 after updating U: 0.00970913
200 iterations
f(b) = 0.0383027
Frob norm 2 after updating B : 0.00973101
Iteration number -------- 66  -----------
lambda : 1.38291
max_diff => 9.998e-08
performed mixing
Frob norm 1 after updating U: 0.00971532
200 iterations
f(b) = 0.0408166
Frob norm 2 after updating B : 0.00972696
Iteration number -------- 67  -----------
lambda : 1.38982
max_diff => 9.998e-08
performed mixing
Frob norm 1 after updating U: 0.00971365
200 iterations
f(b) = 0.0382408
Frob norm 2 after updating B : 0.00972192
Iteration number -------- 68  -----------
lambda : 1.39677
max_diff => 9.998e-08
performed mixing
Frob norm 1 after updating U: 0.00971171
200 iterations
f(b) = 0.0405158
Frob norm 2 after updating B : 0.00972181
Iteration number -------- 69  -----------
lambda : 1.40376
max_diff => 9.998e-08
performed mixing
Frob norm 1 after updating U: 0.0097148
200 iterations
f(b) = 0.0383251
Frob norm 2 after updating B : 0.00972285
Iteration number -------- 70  -----------
lambda : 1.41078
max_diff => 9.998e-08
performed mixing
Frob norm 1 after updating U: 0.00971035
200 iterations
f(b) = 0.0417937
Frob norm 2 after updating B : 0.00972884
Iteration number -------- 71  -----------
lambda : 1.41783
max_diff => 9.998e-08
performed mixing
Frob norm 1 after updating U: 0.00971623
200 iterations
f(b) = 0.039768
Frob norm 2 after updating B : 0.00972524
Iteration number -------- 72  -----------
lambda : 1.42492
max_diff => 9.998e-08
performed mixing
Frob norm 1 after updating U: 0.00971507
200 iterations
f(b) = 0.0419776
Frob norm 2 after updating B : 0.00972432
Iteration number -------- 73  -----------
lambda : 1.43204
max_diff => 9.998e-08
performed mixing
Frob norm 1 after updating U: 0.00971514
200 iterations
f(b) = 0.0424657
Frob norm 2 after updating B : 0.00971924
Iteration number -------- 74  -----------
lambda : 1.4392
max_diff => 9.998e-08
performed mixing
Frob norm 1 after updating U: 0.00971054
200 iterations
f(b) = 0.041578
Frob norm 2 after updating B : 0.00971868
Iteration number -------- 75  -----------
lambda : 1.4464
max_diff => 9.998e-08
performed mixing
Frob norm 1 after updating U: 0.00971012
200 iterations
f(b) = 0.0416179
Frob norm 2 after updating B : 0.00972899
Iteration number -------- 76  -----------
lambda : 1.45363
max_diff => 9.998e-08
performed mixing
Frob norm 1 after updating U: 0.00971622
200 iterations
f(b) = 0.0397559
Frob norm 2 after updating B : 0.00972284
Iteration number -------- 77  -----------
lambda : 1.4609
max_diff => 9.998e-08
performed mixing
Frob norm 1 after updating U: 0.00971455
200 iterations
f(b) = 0.0434192
Frob norm 2 after updating B : 0.00972667
Iteration number -------- 78  -----------
lambda : 1.46821
max_diff => 9.998e-08
performed mixing
Frob norm 1 after updating U: 0.00971052
200 iterations
f(b) = 0.0394204
Frob norm 2 after updating B : 0.00972079
Iteration number -------- 79  -----------
lambda : 1.47555
max_diff => 9.998e-08
performed mixing
Frob norm 1 after updating U: 0.00971126
200 iterations
f(b) = 0.0454641
Frob norm 2 after updating B : 0.00972116
Iteration number -------- 80  -----------
lambda : 1.48292
max_diff => 9.998e-08
performed mixing
Frob norm 1 after updating U: 0.00971516
200 iterations
f(b) = 0.0362971
Frob norm 2 after updating B : 0.00971923
Iteration number -------- 81  -----------
lambda : 1.49034
max_diff => 9.998e-08
performed mixing
Frob norm 1 after updating U: 0.00971145
200 iterations
f(b) = 0.0433582
Frob norm 2 after updating B : 0.00973127
Iteration number -------- 82  -----------
lambda : 1.49779
max_diff => 9.998e-08
performed mixing
Frob norm 1 after updating U: 0.00972643
200 iterations
f(b) = 0.044548
Frob norm 2 after updating B : 0.00972051
Iteration number -------- 83  -----------
lambda : 1.50528
max_diff => 9.998e-08
performed mixing
Frob norm 1 after updating U: 0.00971031
200 iterations
f(b) = 0.0441369
Frob norm 2 after updating B : 0.00973046
Iteration number -------- 84  -----------
lambda : 1.51281
max_diff => 9.998e-08
performed mixing
Frob norm 1 after updating U: 0.00971326
200 iterations
f(b) = 0.0462822
Frob norm 2 after updating B : 0.00971639
Iteration number -------- 85  -----------
lambda : 1.52037
max_diff => 9.998e-08
performed mixing
Frob norm 1 after updating U: 0.009711
200 iterations
f(b) = 0.0432389
Frob norm 2 after updating B : 0.00971473
Iteration number -------- 86  -----------
lambda : 1.52797
max_diff => 9.998e-08
performed mixing
Frob norm 1 after updating U: 0.00971272
200 iterations
f(b) = 0.0464673
Frob norm 2 after updating B : 0.00971712
Iteration number -------- 87  -----------
lambda : 1.53561
max_diff => 9.998e-08
performed mixing
Frob norm 1 after updating U: 0.00971117
200 iterations
f(b) = 0.0398499
Frob norm 2 after updating B : 0.00972124
Iteration number -------- 88  -----------
lambda : 1.54329
max_diff => 9.998e-08
performed mixing
Frob norm 1 after updating U: 0.0097094
200 iterations
f(b) = 0.0461992
Frob norm 2 after updating B : 0.00971937
Iteration number -------- 89  -----------
lambda : 1.55101
max_diff => 9.998e-08
performed mixing
Frob norm 1 after updating U: 0.00971674
200 iterations
f(b) = 0.0440149
Frob norm 2 after updating B : 0.0097187
Iteration number -------- 90  -----------
lambda : 1.55876
max_diff => 9.998e-08
performed mixing
Frob norm 1 after updating U: 0.00971269
200 iterations
f(b) = 0.049122
Frob norm 2 after updating B : 0.00972626
Iteration number -------- 91  -----------
lambda : 1.56655
max_diff => 9.998e-08
performed mixing
Frob norm 1 after updating U: 0.00971496
200 iterations
f(b) = 0.0460521
Frob norm 2 after updating B : 0.00971964
Iteration number -------- 92  -----------
lambda : 1.57439
max_diff => 9.998e-08
performed mixing
Frob norm 1 after updating U: 0.00971038
200 iterations
f(b) = 0.0401256
Frob norm 2 after updating B : 0.00972252
Iteration number -------- 93  -----------
lambda : 1.58226
max_diff => 9.998e-08
performed mixing
Frob norm 1 after updating U: 0.00971087
200 iterations
f(b) = 0.0466484
Frob norm 2 after updating B : 0.00971476
Iteration number -------- 94  -----------
lambda : 1.59017
max_diff => 9.998e-08
performed mixing
Frob norm 1 after updating U: 0.00971319
200 iterations
f(b) = 0.0454038
Frob norm 2 after updating B : 0.00973643
Iteration number -------- 95  -----------
lambda : 1.59812
max_diff => 9.998e-08
performed mixing
Frob norm 1 after updating U: 0.00972401
200 iterations
f(b) = 0.0484741
Frob norm 2 after updating B : 0.00972413
Iteration number -------- 96  -----------
lambda : 1.60611
max_diff => 9.998e-08
performed mixing
Frob norm 1 after updating U: 0.00971645
200 iterations
f(b) = 0.0405544
Frob norm 2 after updating B : 0.00971197
Iteration number -------- 97  -----------
lambda : 1.61414
max_diff => 9.998e-08
performed mixing
Frob norm 1 after updating U: 0.0097104
200 iterations
f(b) = 0.039425
Frob norm 2 after updating B : 0.00971711
Iteration number -------- 98  -----------
lambda : 1.62221
max_diff => 9.998e-08
performed mixing
Frob norm 1 after updating U: 0.00971177
200 iterations
f(b) = 0.0485229
Frob norm 2 after updating B : 0.00972229
Iteration number -------- 99  -----------
lambda : 1.63032
max_diff => 9.998e-08
performed mixing
Frob norm 1 after updating U: 0.00971069
200 iterations
f(b) = 0.0473573
Frob norm 2 after updating B : 0.00972857
Iteration number -------- 100  -----------
lambda : 1.63848
max_diff => 9.998e-08
