Academic license - for non-commercial use only
Frob norm 1 after updating U: 10.6292
200 iterations
f(b) = 57.3603
Frob norm 2 after updating B : 6.81602
Iteration number -------- 1  -----------
lambda : 1
max_diff => 0.108448
performed mixing
Frob norm 1 after updating U: 5.54043
200 iterations
f(b) = 48.6491
Frob norm 2 after updating B : 6.23528
Iteration number -------- 2  -----------
lambda : 1.005
max_diff => 0.117361
performed mixing
Frob norm 1 after updating U: 4.68945
200 iterations
f(b) = 41.6809
Frob norm 2 after updating B : 5.72499
Iteration number -------- 3  -----------
lambda : 1.01002
max_diff => 0.123081
performed mixing
Frob norm 1 after updating U: 4.38511
200 iterations
f(b) = 36.1497
Frob norm 2 after updating B : 5.28815
Iteration number -------- 4  -----------
lambda : 1.01508
max_diff => 0.112254
performed mixing
Frob norm 1 after updating U: 4.17422
200 iterations
f(b) = 31.7319
Frob norm 2 after updating B : 4.94295
Iteration number -------- 5  -----------
lambda : 1.02015
max_diff => 0.10694
performed mixing
Frob norm 1 after updating U: 3.99318
200 iterations
f(b) = 28.1861
Frob norm 2 after updating B : 4.65344
Iteration number -------- 6  -----------
lambda : 1.02525
max_diff => 0.0976953
performed mixing
Frob norm 1 after updating U: 3.85725
200 iterations
f(b) = 25.3554
Frob norm 2 after updating B : 4.40894
Iteration number -------- 7  -----------
lambda : 1.03038
max_diff => 0.0819901
performed mixing
Frob norm 1 after updating U: 3.6956
200 iterations
f(b) = 22.6187
Frob norm 2 after updating B : 4.14482
Iteration number -------- 8  -----------
lambda : 1.03553
max_diff => 0.0681541
performed mixing
Frob norm 1 after updating U: 3.44226
200 iterations
f(b) = 19.4581
Frob norm 2 after updating B : 3.82464
Iteration number -------- 9  -----------
lambda : 1.04071
max_diff => 0.0623968
performed mixing
Frob norm 1 after updating U: 3.18583
200 iterations
f(b) = 16.9588
Frob norm 2 after updating B : 3.6397
Iteration number -------- 10  -----------
lambda : 1.04591
max_diff => 0.0623445
performed mixing
Frob norm 1 after updating U: 3.07579
200 iterations
f(b) = 15.5243
Frob norm 2 after updating B : 3.46296
Iteration number -------- 11  -----------
lambda : 1.05114
max_diff => 0.0623313
performed mixing
Frob norm 1 after updating U: 3.06165
200 iterations
f(b) = 13.9986
Frob norm 2 after updating B : 3.36314
Iteration number -------- 12  -----------
lambda : 1.0564
max_diff => 0.0623495
performed mixing
Frob norm 1 after updating U: 2.95562
200 iterations
f(b) = 13.1315
Frob norm 2 after updating B : 3.22454
Iteration number -------- 13  -----------
lambda : 1.06168
max_diff => 0.0623487
performed mixing
Frob norm 1 after updating U: 2.95449
200 iterations
f(b) = 12.4046
Frob norm 2 after updating B : 3.13458
Iteration number -------- 14  -----------
lambda : 1.06699
max_diff => 0.0622799
performed mixing
Frob norm 1 after updating U: 2.9277
200 iterations
f(b) = 12.0196
Frob norm 2 after updating B : 3.05664
Iteration number -------- 15  -----------
lambda : 1.07232
max_diff => 0.0622816
performed mixing
Frob norm 1 after updating U: 2.91877
200 iterations
f(b) = 11.6502
Frob norm 2 after updating B : 3.00361
Iteration number -------- 16  -----------
lambda : 1.07768
max_diff => 0.0622706
performed mixing
Frob norm 1 after updating U: 2.90944
200 iterations
f(b) = 11.2773
Frob norm 2 after updating B : 2.87056
Iteration number -------- 17  -----------
lambda : 1.08307
max_diff => 0.0625001
performed mixing
Frob norm 1 after updating U: 2.74955
200 iterations
f(b) = 10.6677
Frob norm 2 after updating B : 2.78494
Iteration number -------- 18  -----------
lambda : 1.08849
max_diff => 0.0624984
performed mixing
Frob norm 1 after updating U: 2.69869
200 iterations
f(b) = 9.46926
Frob norm 2 after updating B : 2.75481
Iteration number -------- 19  -----------
lambda : 1.09393
max_diff => 0.0624805
performed mixing
Frob norm 1 after updating U: 2.57503
200 iterations
f(b) = 9.1381
Frob norm 2 after updating B : 2.69305
Iteration number -------- 20  -----------
lambda : 1.0994
max_diff => 0.0624702
performed mixing
Frob norm 1 after updating U: 2.57508
200 iterations
f(b) = 8.92104
Frob norm 2 after updating B : 2.65152
Iteration number -------- 21  -----------
lambda : 1.1049
max_diff => 0.0624693
performed mixing
Frob norm 1 after updating U: 2.57514
200 iterations
f(b) = 8.78613
Frob norm 2 after updating B : 2.62468
Iteration number -------- 22  -----------
lambda : 1.11042
max_diff => 0.0624689
performed mixing
Frob norm 1 after updating U: 2.57515
200 iterations
f(b) = 8.70777
Frob norm 2 after updating B : 2.60723
Iteration number -------- 23  -----------
lambda : 1.11597
max_diff => 0.0624692
performed mixing
Frob norm 1 after updating U: 2.57516
200 iterations
f(b) = 8.64491
Frob norm 2 after updating B : 2.59631
Iteration number -------- 24  -----------
lambda : 1.12155
max_diff => 0.0624749
performed mixing
Frob norm 1 after updating U: 2.5751
200 iterations
f(b) = 8.60839
Frob norm 2 after updating B : 2.58927
Iteration number -------- 25  -----------
lambda : 1.12716
max_diff => 0.0624821
performed mixing
Frob norm 1 after updating U: 2.57501
200 iterations
f(b) = 8.59047
Frob norm 2 after updating B : 2.58469
Iteration number -------- 26  -----------
lambda : 1.1328
max_diff => 0.0624848
performed mixing
Frob norm 1 after updating U: 2.57502
200 iterations
f(b) = 8.51075
Frob norm 2 after updating B : 2.58447
Iteration number -------- 27  -----------
lambda : 1.13846
max_diff => 0.0625
performed mixing
Frob norm 1 after updating U: 2.57459
200 iterations
f(b) = 8.34814
Frob norm 2 after updating B : 2.63816
Iteration number -------- 28  -----------
lambda : 1.14415
max_diff => 0.0615658
performed mixing
Frob norm 1 after updating U: 2.57349
200 iterations
f(b) = 8.27896
Frob norm 2 after updating B : 2.61529
Iteration number -------- 29  -----------
lambda : 1.14987
max_diff => 0.061557
performed mixing
Frob norm 1 after updating U: 2.5735
200 iterations
f(b) = 8.20541
Frob norm 2 after updating B : 2.60078
Iteration number -------- 30  -----------
lambda : 1.15562
max_diff => 0.0615426
performed mixing
Frob norm 1 after updating U: 2.57354
200 iterations
f(b) = 8.16602
Frob norm 2 after updating B : 2.59141
Iteration number -------- 31  -----------
lambda : 1.1614
max_diff => 0.0615255
performed mixing
Frob norm 1 after updating U: 2.57361
200 iterations
f(b) = 8.12822
Frob norm 2 after updating B : 2.58578
Iteration number -------- 32  -----------
lambda : 1.16721
max_diff => 0.0614844
performed mixing
Frob norm 1 after updating U: 2.57372
200 iterations
f(b) = 7.95505
Frob norm 2 after updating B : 2.59806
Iteration number -------- 33  -----------
lambda : 1.17304
max_diff => 0.0603136
performed mixing
Frob norm 1 after updating U: 2.57732
200 iterations
f(b) = 7.97133
Frob norm 2 after updating B : 2.59084
Iteration number -------- 34  -----------
lambda : 1.17891
max_diff => 0.0602697
performed mixing
Frob norm 1 after updating U: 2.57733
200 iterations
f(b) = 7.94656
Frob norm 2 after updating B : 2.58622
Iteration number -------- 35  -----------
lambda : 1.1848
max_diff => 0.0602049
performed mixing
Frob norm 1 after updating U: 2.57732
200 iterations
f(b) = 7.63757
Frob norm 2 after updating B : 2.61014
Iteration number -------- 36  -----------
lambda : 1.19073
max_diff => 0.0546024
performed mixing
Frob norm 1 after updating U: 2.58443
200 iterations
f(b) = 7.66197
Frob norm 2 after updating B : 2.60119
Iteration number -------- 37  -----------
lambda : 1.19668
max_diff => 0.0545252
performed mixing
Frob norm 1 after updating U: 2.58451
200 iterations
f(b) = 7.62952
Frob norm 2 after updating B : 2.59555
Iteration number -------- 38  -----------
lambda : 1.20266
max_diff => 0.0544245
performed mixing
Frob norm 1 after updating U: 2.58463
200 iterations
f(b) = 7.59762
Frob norm 2 after updating B : 2.59222
Iteration number -------- 39  -----------
lambda : 1.20868
max_diff => 0.0541991
performed mixing
Frob norm 1 after updating U: 2.58483
200 iterations
f(b) = 7.37404
Frob norm 2 after updating B : 2.6106
Iteration number -------- 40  -----------
lambda : 1.21472
max_diff => 0.0454651
performed mixing
Frob norm 1 after updating U: 2.5932
200 iterations
f(b) = 7.40182
Frob norm 2 after updating B : 2.60464
Iteration number -------- 41  -----------
lambda : 1.22079
max_diff => 0.0452904
performed mixing
Frob norm 1 after updating U: 2.59328
200 iterations
f(b) = 7.38953
Frob norm 2 after updating B : 2.60078
Iteration number -------- 42  -----------
lambda : 1.2269
max_diff => 0.0451496
performed mixing
Frob norm 1 after updating U: 2.59336
200 iterations
f(b) = 7.25614
Frob norm 2 after updating B : 2.60557
Iteration number -------- 43  -----------
lambda : 1.23303
max_diff => 0.0399395
performed mixing
Frob norm 1 after updating U: 2.5962
200 iterations
f(b) = 7.30197
Frob norm 2 after updating B : 2.60228
Iteration number -------- 44  -----------
lambda : 1.2392
max_diff => 0.0397978
performed mixing
Frob norm 1 after updating U: 2.59622
200 iterations
f(b) = 7.28771
Frob norm 2 after updating B : 2.60022
Iteration number -------- 45  -----------
lambda : 1.24539
max_diff => 0.0394832
performed mixing
Frob norm 1 after updating U: 2.59622
200 iterations
f(b) = 7.28043
Frob norm 2 after updating B : 2.59893
Iteration number -------- 46  -----------
lambda : 1.25162
max_diff => 0.039098
performed mixing
Frob norm 1 after updating U: 2.59625
200 iterations
f(b) = 7.27795
Frob norm 2 after updating B : 2.59807
Iteration number -------- 47  -----------
lambda : 1.25788
max_diff => 0.0388022
performed mixing
Frob norm 1 after updating U: 2.59629
200 iterations
f(b) = 7.27676
Frob norm 2 after updating B : 2.59753
Iteration number -------- 48  -----------
lambda : 1.26417
max_diff => 0.0384884
performed mixing
Frob norm 1 after updating U: 2.59632
200 iterations
f(b) = 7.27536
Frob norm 2 after updating B : 2.59721
Iteration number -------- 49  -----------
lambda : 1.27049
max_diff => 0.0380632
performed mixing
Frob norm 1 after updating U: 2.59636
200 iterations
f(b) = 7.27118
Frob norm 2 after updating B : 2.59692
Iteration number -------- 50  -----------
lambda : 1.27684
max_diff => 0.0376597
performed mixing
Frob norm 1 after updating U: 2.59632
200 iterations
f(b) = 7.26828
Frob norm 2 after updating B : 2.59688
Iteration number -------- 51  -----------
lambda : 1.28323
max_diff => 0.0372915
performed mixing
Frob norm 1 after updating U: 2.59645
200 iterations
f(b) = 7.26618
Frob norm 2 after updating B : 2.59687
Iteration number -------- 52  -----------
lambda : 1.28964
max_diff => 0.0367486
performed mixing
Frob norm 1 after updating U: 2.59655
200 iterations
f(b) = 7.26228
Frob norm 2 after updating B : 2.59685
Iteration number -------- 53  -----------
lambda : 1.29609
max_diff => 0.0363504
performed mixing
Frob norm 1 after updating U: 2.5966
200 iterations
f(b) = 7.26548
Frob norm 2 after updating B : 2.59683
Iteration number -------- 54  -----------
lambda : 1.30257
max_diff => 0.0360616
performed mixing
Frob norm 1 after updating U: 2.59665
200 iterations
f(b) = 7.26358
Frob norm 2 after updating B : 2.59682
Iteration number -------- 55  -----------
lambda : 1.30908
max_diff => 0.0357192
performed mixing
Frob norm 1 after updating U: 2.59668
200 iterations
f(b) = 7.25675
Frob norm 2 after updating B : 2.59695
Iteration number -------- 56  -----------
lambda : 1.31563
max_diff => 0.0349391
performed mixing
Frob norm 1 after updating U: 2.59682
200 iterations
f(b) = 7.06221
Frob norm 2 after updating B : 2.60828
Iteration number -------- 57  -----------
lambda : 1.32221
max_diff => 0.0185626
performed mixing
Frob norm 1 after updating U: 2.60383
200 iterations
f(b) = 7.09536
Frob norm 2 after updating B : 2.60699
Iteration number -------- 58  -----------
lambda : 1.32882
max_diff => 0.0182276
performed mixing
Frob norm 1 after updating U: 2.60412
200 iterations
f(b) = 7.08892
Frob norm 2 after updating B : 2.60603
Iteration number -------- 59  -----------
lambda : 1.33546
max_diff => 0.0179294
performed mixing
Frob norm 1 after updating U: 2.60416
200 iterations
f(b) = 7.08733
Frob norm 2 after updating B : 2.60549
Iteration number -------- 60  -----------
lambda : 1.34214
max_diff => 0.0176611
performed mixing
Frob norm 1 after updating U: 2.60427
200 iterations
f(b) = 7.08591
Frob norm 2 after updating B : 2.60509
Iteration number -------- 61  -----------
lambda : 1.34885
max_diff => 0.0174217
performed mixing
Frob norm 1 after updating U: 2.60429
200 iterations
f(b) = 7.08322
Frob norm 2 after updating B : 2.60483
Iteration number -------- 62  -----------
lambda : 1.35559
max_diff => 0.0171619
performed mixing
Frob norm 1 after updating U: 2.6043
200 iterations
f(b) = 7.08328
Frob norm 2 after updating B : 2.60471
Iteration number -------- 63  -----------
lambda : 1.36237
max_diff => 0.0168018
performed mixing
Frob norm 1 after updating U: 2.60435
200 iterations
f(b) = 7.08064
Frob norm 2 after updating B : 2.60463
Iteration number -------- 64  -----------
lambda : 1.36918
max_diff => 0.0163094
performed mixing
Frob norm 1 after updating U: 2.60438
200 iterations
f(b) = 7.08165
Frob norm 2 after updating B : 2.60464
Iteration number -------- 65  -----------
lambda : 1.37603
max_diff => 0.015865
performed mixing
Frob norm 1 after updating U: 2.60446
200 iterations
f(b) = 7.07473
Frob norm 2 after updating B : 2.60466
Iteration number -------- 66  -----------
lambda : 1.38291
max_diff => 0.0152803
performed mixing
Frob norm 1 after updating U: 2.60453
200 iterations
f(b) = 7.07597
Frob norm 2 after updating B : 2.60467
Iteration number -------- 67  -----------
lambda : 1.38982
max_diff => 0.0146564
performed mixing
Frob norm 1 after updating U: 2.60456
200 iterations
f(b) = 6.9006
Frob norm 2 after updating B : 2.61378
Iteration number -------- 68  -----------
lambda : 1.39677
max_diff => 3.15922e-07
performed mixing
Frob norm 1 after updating U: 2.61135
200 iterations
f(b) = 6.93006
Frob norm 2 after updating B : 2.61271
Iteration number -------- 69  -----------
lambda : 1.40376
max_diff => 8.07636e-07
performed mixing
Frob norm 1 after updating U: 2.61114
200 iterations
f(b) = 6.93644
Frob norm 2 after updating B : 2.61247
Iteration number -------- 70  -----------
lambda : 1.41078
max_diff => 9.998e-08
performed mixing
Frob norm 1 after updating U: 2.61149
200 iterations
f(b) = 6.94546
Frob norm 2 after updating B : 2.61208
Iteration number -------- 71  -----------
lambda : 1.41783
max_diff => 1.16488e-07
performed mixing
Frob norm 1 after updating U: 2.61145
200 iterations
f(b) = 6.94883
Frob norm 2 after updating B : 2.61188
Iteration number -------- 72  -----------
lambda : 1.42492
max_diff => 1.03813e-07
performed mixing
Frob norm 1 after updating U: 2.61147
200 iterations
f(b) = 6.92808
Frob norm 2 after updating B : 2.61173
Iteration number -------- 73  -----------
lambda : 1.43204
max_diff => 1.04094e-07
performed mixing
Frob norm 1 after updating U: 2.61147
200 iterations
f(b) = 6.92784
Frob norm 2 after updating B : 2.61161
Iteration number -------- 74  -----------
lambda : 1.4392
max_diff => 1.2271e-07
performed mixing
Frob norm 1 after updating U: 2.61144
200 iterations
f(b) = 6.94958
Frob norm 2 after updating B : 2.61154
Iteration number -------- 75  -----------
lambda : 1.4464
max_diff => 1.34751e-07
performed mixing
Frob norm 1 after updating U: 2.61143
200 iterations
f(b) = 6.95086
Frob norm 2 after updating B : 2.61153
Iteration number -------- 76  -----------
lambda : 1.45363
max_diff => 1.00557e-07
performed mixing
Frob norm 1 after updating U: 2.61146
200 iterations
f(b) = 6.91969
Frob norm 2 after updating B : 2.61147
Iteration number -------- 77  -----------
lambda : 1.4609
max_diff => 1.27563e-07
performed mixing
Frob norm 1 after updating U: 2.61142
200 iterations
f(b) = 6.9209
Frob norm 2 after updating B : 2.61144
Iteration number -------- 78  -----------
lambda : 1.46821
max_diff => 1.58331e-07
performed mixing
Frob norm 1 after updating U: 2.61141
200 iterations
f(b) = 6.94984
Frob norm 2 after updating B : 2.6114
Iteration number -------- 79  -----------
lambda : 1.47555
max_diff => 1.88404e-07
performed mixing
Frob norm 1 after updating U: 2.61138
200 iterations
f(b) = 6.94987
Frob norm 2 after updating B : 2.61147
Iteration number -------- 80  -----------
lambda : 1.48292
max_diff => 1.06733e-07
performed mixing
Frob norm 1 after updating U: 2.61146
200 iterations
f(b) = 6.94776
Frob norm 2 after updating B : 2.61148
Iteration number -------- 81  -----------
lambda : 1.49034
max_diff => 1.00568e-07
performed mixing
Frob norm 1 after updating U: 2.61147
200 iterations
f(b) = 6.95277
Frob norm 2 after updating B : 2.6114
Iteration number -------- 82  -----------
lambda : 1.49779
max_diff => 1.53947e-07
performed mixing
Frob norm 1 after updating U: 2.61139
200 iterations
f(b) = 6.95403
Frob norm 2 after updating B : 2.61146
Iteration number -------- 83  -----------
lambda : 1.50528
max_diff => 1.08892e-07
performed mixing
Frob norm 1 after updating U: 2.61146
200 iterations
f(b) = 6.93189
Frob norm 2 after updating B : 2.61144
Iteration number -------- 84  -----------
lambda : 1.51281
max_diff => 1.15573e-07
performed mixing
Frob norm 1 after updating U: 2.61144
200 iterations
f(b) = 6.95267
Frob norm 2 after updating B : 2.61135
Iteration number -------- 85  -----------
lambda : 1.52037
max_diff => 2.73253e-07
performed mixing
Frob norm 1 after updating U: 2.61135
200 iterations
f(b) = 6.95424
Frob norm 2 after updating B : 2.61143
Iteration number -------- 86  -----------
lambda : 1.52797
max_diff => 1.27962e-07
performed mixing
Frob norm 1 after updating U: 2.61143
200 iterations
f(b) = 6.95569
Frob norm 2 after updating B : 2.61145
Iteration number -------- 87  -----------
lambda : 1.53561
max_diff => 1.27414e-07
performed mixing
Frob norm 1 after updating U: 2.61144
200 iterations
f(b) = 6.94972
Frob norm 2 after updating B : 2.6114
Iteration number -------- 88  -----------
lambda : 1.54329
max_diff => 2.2331e-07
performed mixing
Frob norm 1 after updating U: 2.6114
200 iterations
f(b) = 6.95842
Frob norm 2 after updating B : 2.61146
Iteration number -------- 89  -----------
lambda : 1.55101
max_diff => 1.00015e-07
performed mixing
Frob norm 1 after updating U: 2.61146
200 iterations
f(b) = 6.95337
Frob norm 2 after updating B : 2.61142
Iteration number -------- 90  -----------
lambda : 1.55876
max_diff => 1.25065e-07
performed mixing
Frob norm 1 after updating U: 2.61142
200 iterations
f(b) = 6.91336
Frob norm 2 after updating B : 2.61146
Iteration number -------- 91  -----------
lambda : 1.56655
max_diff => 1.03789e-07
performed mixing
Frob norm 1 after updating U: 2.61146
200 iterations
f(b) = 6.95806
Frob norm 2 after updating B : 2.61137
Iteration number -------- 92  -----------
lambda : 1.57439
max_diff => 1.52062e-07
performed mixing
Frob norm 1 after updating U: 2.61137
200 iterations
f(b) = 6.94685
Frob norm 2 after updating B : 2.61144
Iteration number -------- 93  -----------
lambda : 1.58226
max_diff => 1.21537e-07
performed mixing
Frob norm 1 after updating U: 2.61144
200 iterations
f(b) = 6.96152
Frob norm 2 after updating B : 2.61146
Iteration number -------- 94  -----------
lambda : 1.59017
max_diff => 1.08043e-07
performed mixing
Frob norm 1 after updating U: 2.61146
200 iterations
f(b) = 6.94943
Frob norm 2 after updating B : 2.61146
Iteration number -------- 95  -----------
lambda : 1.59812
max_diff => 1.21514e-07
performed mixing
Frob norm 1 after updating U: 2.61146
200 iterations
f(b) = 6.95752
Frob norm 2 after updating B : 2.61146
Iteration number -------- 96  -----------
lambda : 1.60611
max_diff => 1.13194e-07
performed mixing
Frob norm 1 after updating U: 2.61146
200 iterations
f(b) = 6.96163
Frob norm 2 after updating B : 2.61145
Iteration number -------- 97  -----------
lambda : 1.61414
max_diff => 1.2186e-07
performed mixing
Frob norm 1 after updating U: 2.61145
200 iterations
f(b) = 6.96427
Frob norm 2 after updating B : 2.61146
Iteration number -------- 98  -----------
lambda : 1.62221
max_diff => 1.07187e-07
performed mixing
Frob norm 1 after updating U: 2.61146
200 iterations
f(b) = 6.96463
Frob norm 2 after updating B : 2.61139
Iteration number -------- 99  -----------
lambda : 1.63032
max_diff => 1.67861e-07
performed mixing
Frob norm 1 after updating U: 2.61139
200 iterations
f(b) = 6.94678
Frob norm 2 after updating B : 2.61147
Iteration number -------- 100  -----------
lambda : 1.63848
max_diff => 1.05874e-07
