Academic license - for non-commercial use only
Frob norm 1 after updating U: 13.8734
200 iterations
f(b) = 133.021
Frob norm 2 after updating B : 11.0581
Iteration number -------- 1  -----------
lambda : 1
max_diff => 0.0871122
performed mixing
Frob norm 1 after updating U: 10.5264
200 iterations
f(b) = 128.147
Frob norm 2 after updating B : 10.8298
Iteration number -------- 2  -----------
lambda : 1.005
max_diff => 0.0866945
performed mixing
Frob norm 1 after updating U: 10.3243
200 iterations
f(b) = 123.759
Frob norm 2 after updating B : 10.6151
Iteration number -------- 3  -----------
lambda : 1.01002
max_diff => 0.0888446
performed mixing
Frob norm 1 after updating U: 10.1445
200 iterations
f(b) = 119.472
Frob norm 2 after updating B : 10.4089
Iteration number -------- 4  -----------
lambda : 1.01508
max_diff => 0.0912963
performed mixing
Frob norm 1 after updating U: 9.9107
200 iterations
f(b) = 115.106
Frob norm 2 after updating B : 10.2045
Iteration number -------- 5  -----------
lambda : 1.02015
max_diff => 0.0915974
performed mixing
Frob norm 1 after updating U: 9.66893
200 iterations
f(b) = 105.961
Frob norm 2 after updating B : 9.75989
Iteration number -------- 6  -----------
lambda : 1.02525
max_diff => 0.0942943
performed mixing
Frob norm 1 after updating U: 8.99288
200 iterations
f(b) = 100.378
Frob norm 2 after updating B : 9.47436
Iteration number -------- 7  -----------
lambda : 1.03038
max_diff => 0.106679
performed mixing
Frob norm 1 after updating U: 8.74357
200 iterations
f(b) = 88.7257
Frob norm 2 after updating B : 8.81205
Iteration number -------- 8  -----------
lambda : 1.03553
max_diff => 0.416296
performed mixing
Frob norm 1 after updating U: 7.40485
200 iterations
f(b) = 79.2433
Frob norm 2 after updating B : 8.34294
Iteration number -------- 9  -----------
lambda : 1.04071
max_diff => 0.115368
performed mixing
Frob norm 1 after updating U: 7.011
200 iterations
f(b) = 70.9365
Frob norm 2 after updating B : 7.85513
Iteration number -------- 10  -----------
lambda : 1.04591
max_diff => 0.073303
performed mixing
Frob norm 1 after updating U: 6.69231
200 iterations
f(b) = 64.9815
Frob norm 2 after updating B : 7.46966
Iteration number -------- 11  -----------
lambda : 1.05114
max_diff => 0.0745244
performed mixing
Frob norm 1 after updating U: 6.57596
200 iterations
f(b) = 60.3742
Frob norm 2 after updating B : 7.1844
Iteration number -------- 12  -----------
lambda : 1.0564
max_diff => 0.0741738
performed mixing
Frob norm 1 after updating U: 6.40272
200 iterations
f(b) = 56.5911
Frob norm 2 after updating B : 6.92736
Iteration number -------- 13  -----------
lambda : 1.06168
max_diff => 0.0727868
performed mixing
Frob norm 1 after updating U: 6.26846
200 iterations
f(b) = 48.0204
Frob norm 2 after updating B : 6.33311
Iteration number -------- 14  -----------
lambda : 1.06699
max_diff => 0.0713997
performed mixing
Frob norm 1 after updating U: 5.24623
200 iterations
f(b) = 43.3931
Frob norm 2 after updating B : 5.98915
Iteration number -------- 15  -----------
lambda : 1.07232
max_diff => 0.0696021
performed mixing
Frob norm 1 after updating U: 5.13641
200 iterations
f(b) = 39.8791
Frob norm 2 after updating B : 5.72542
Iteration number -------- 16  -----------
lambda : 1.07768
max_diff => 0.0686501
performed mixing
Frob norm 1 after updating U: 5.05376
200 iterations
f(b) = 37.3246
Frob norm 2 after updating B : 5.50455
Iteration number -------- 17  -----------
lambda : 1.08307
max_diff => 0.0684803
performed mixing
Frob norm 1 after updating U: 5.03342
200 iterations
f(b) = 35.3006
Frob norm 2 after updating B : 5.37842
Iteration number -------- 18  -----------
lambda : 1.08849
max_diff => 0.0674833
performed mixing
Frob norm 1 after updating U: 4.96654
200 iterations
f(b) = 33.8174
Frob norm 2 after updating B : 5.23866
Iteration number -------- 19  -----------
lambda : 1.09393
max_diff => 0.0674043
performed mixing
Frob norm 1 after updating U: 4.96546
200 iterations
f(b) = 32.5671
Frob norm 2 after updating B : 5.19736
Iteration number -------- 20  -----------
lambda : 1.0994
max_diff => 0.0647976
performed mixing
Frob norm 1 after updating U: 4.909
200 iterations
f(b) = 31.5842
Frob norm 2 after updating B : 5.09701
Iteration number -------- 21  -----------
lambda : 1.1049
max_diff => 0.0647815
performed mixing
Frob norm 1 after updating U: 4.90878
200 iterations
f(b) = 30.7407
Frob norm 2 after updating B : 5.07597
Iteration number -------- 22  -----------
lambda : 1.11042
max_diff => 0.0630498
performed mixing
Frob norm 1 after updating U: 4.88627
200 iterations
f(b) = 30.0969
Frob norm 2 after updating B : 5.01
Iteration number -------- 23  -----------
lambda : 1.11597
max_diff => 0.0630147
performed mixing
Frob norm 1 after updating U: 4.88419
200 iterations
f(b) = 29.5325
Frob norm 2 after updating B : 4.99643
Iteration number -------- 24  -----------
lambda : 1.12155
max_diff => 0.0625
performed mixing
Frob norm 1 after updating U: 4.87591
200 iterations
f(b) = 29.144
Frob norm 2 after updating B : 4.95499
Iteration number -------- 25  -----------
lambda : 1.12716
max_diff => 0.0625001
performed mixing
Frob norm 1 after updating U: 4.87524
200 iterations
f(b) = 28.6
Frob norm 2 after updating B : 4.94723
Iteration number -------- 26  -----------
lambda : 1.1328
max_diff => 0.0623997
performed mixing
Frob norm 1 after updating U: 4.86248
200 iterations
f(b) = 28.3244
Frob norm 2 after updating B : 4.91896
Iteration number -------- 27  -----------
lambda : 1.13846
max_diff => 0.0623837
performed mixing
Frob norm 1 after updating U: 4.862
200 iterations
f(b) = 27.8578
Frob norm 2 after updating B : 4.93175
Iteration number -------- 28  -----------
lambda : 1.14415
max_diff => 0.0617496
performed mixing
Frob norm 1 after updating U: 4.85862
200 iterations
f(b) = 27.6418
Frob norm 2 after updating B : 4.90603
Iteration number -------- 29  -----------
lambda : 1.14987
max_diff => 0.0617407
performed mixing
Frob norm 1 after updating U: 4.85873
200 iterations
f(b) = 27.4933
Frob norm 2 after updating B : 4.88938
Iteration number -------- 30  -----------
lambda : 1.15562
max_diff => 0.0617229
performed mixing
Frob norm 1 after updating U: 4.85879
200 iterations
f(b) = 27.4032
Frob norm 2 after updating B : 4.87873
Iteration number -------- 31  -----------
lambda : 1.1614
max_diff => 0.0616942
performed mixing
Frob norm 1 after updating U: 4.85884
200 iterations
f(b) = 27.3392
Frob norm 2 after updating B : 4.87184
Iteration number -------- 32  -----------
lambda : 1.16721
max_diff => 0.061653
performed mixing
Frob norm 1 after updating U: 4.85879
200 iterations
f(b) = 27.3135
Frob norm 2 after updating B : 4.86721
Iteration number -------- 33  -----------
lambda : 1.17304
max_diff => 0.0616114
performed mixing
Frob norm 1 after updating U: 4.85861
200 iterations
f(b) = 27.2948
Frob norm 2 after updating B : 4.86407
Iteration number -------- 34  -----------
lambda : 1.17891
max_diff => 0.0615045
performed mixing
Frob norm 1 after updating U: 4.85821
200 iterations
f(b) = 27.288
Frob norm 2 after updating B : 4.86186
Iteration number -------- 35  -----------
lambda : 1.1848
max_diff => 0.0613847
performed mixing
Frob norm 1 after updating U: 4.8578
200 iterations
f(b) = 27.2829
Frob norm 2 after updating B : 4.8605
Iteration number -------- 36  -----------
lambda : 1.19073
max_diff => 0.0613269
performed mixing
Frob norm 1 after updating U: 4.85777
200 iterations
f(b) = 27.2853
Frob norm 2 after updating B : 4.8593
Iteration number -------- 37  -----------
lambda : 1.19668
max_diff => 0.0612423
performed mixing
Frob norm 1 after updating U: 4.8574
200 iterations
f(b) = 27.2896
Frob norm 2 after updating B : 4.85853
Iteration number -------- 38  -----------
lambda : 1.20266
max_diff => 0.0611811
performed mixing
Frob norm 1 after updating U: 4.85722
200 iterations
f(b) = 27.2988
Frob norm 2 after updating B : 4.85792
Iteration number -------- 39  -----------
lambda : 1.20868
max_diff => 0.0611732
performed mixing
Frob norm 1 after updating U: 4.85699
200 iterations
f(b) = 27.3132
Frob norm 2 after updating B : 4.85748
Iteration number -------- 40  -----------
lambda : 1.21472
max_diff => 0.0611717
performed mixing
Frob norm 1 after updating U: 4.85679
200 iterations
f(b) = 27.3249
Frob norm 2 after updating B : 4.85706
Iteration number -------- 41  -----------
lambda : 1.22079
max_diff => 0.0611564
performed mixing
Frob norm 1 after updating U: 4.85653
200 iterations
f(b) = 27.3318
Frob norm 2 after updating B : 4.8568
Iteration number -------- 42  -----------
lambda : 1.2269
max_diff => 0.0611443
performed mixing
Frob norm 1 after updating U: 4.85638
200 iterations
f(b) = 27.2378
Frob norm 2 after updating B : 4.86028
Iteration number -------- 43  -----------
lambda : 1.23303
max_diff => 0.0608152
performed mixing
Frob norm 1 after updating U: 4.85158
200 iterations
f(b) = 27.2431
Frob norm 2 after updating B : 4.8572
Iteration number -------- 44  -----------
lambda : 1.2392
max_diff => 0.0607939
performed mixing
Frob norm 1 after updating U: 4.85152
200 iterations
f(b) = 27.2404
Frob norm 2 after updating B : 4.85518
Iteration number -------- 45  -----------
lambda : 1.24539
max_diff => 0.0607924
performed mixing
Frob norm 1 after updating U: 4.85146
200 iterations
f(b) = 27.2473
Frob norm 2 after updating B : 4.85382
Iteration number -------- 46  -----------
lambda : 1.25162
max_diff => 0.0607931
performed mixing
Frob norm 1 after updating U: 4.85132
200 iterations
f(b) = 27.2491
Frob norm 2 after updating B : 4.85268
Iteration number -------- 47  -----------
lambda : 1.25788
max_diff => 0.0607735
performed mixing
Frob norm 1 after updating U: 4.85095
200 iterations
f(b) = 27.2645
Frob norm 2 after updating B : 4.85232
Iteration number -------- 48  -----------
lambda : 1.26417
max_diff => 0.0607705
performed mixing
Frob norm 1 after updating U: 4.85114
200 iterations
f(b) = 27.2736
Frob norm 2 after updating B : 4.85176
Iteration number -------- 49  -----------
lambda : 1.27049
max_diff => 0.0607717
performed mixing
Frob norm 1 after updating U: 4.85089
200 iterations
f(b) = 27.291
Frob norm 2 after updating B : 4.85153
Iteration number -------- 50  -----------
lambda : 1.27684
max_diff => 0.0607665
performed mixing
Frob norm 1 after updating U: 4.85091
200 iterations
f(b) = 27.3032
Frob norm 2 after updating B : 4.85131
Iteration number -------- 51  -----------
lambda : 1.28323
max_diff => 0.0607596
performed mixing
Frob norm 1 after updating U: 4.85085
200 iterations
f(b) = 27.3149
Frob norm 2 after updating B : 4.8511
Iteration number -------- 52  -----------
lambda : 1.28964
max_diff => 0.0607528
performed mixing
Frob norm 1 after updating U: 4.85073
200 iterations
f(b) = 27.3316
Frob norm 2 after updating B : 4.85091
Iteration number -------- 53  -----------
lambda : 1.29609
max_diff => 0.0607411
performed mixing
Frob norm 1 after updating U: 4.8506
200 iterations
f(b) = 27.3413
Frob norm 2 after updating B : 4.85073
Iteration number -------- 54  -----------
lambda : 1.30257
max_diff => 0.0607076
performed mixing
Frob norm 1 after updating U: 4.85046
200 iterations
f(b) = 27.3662
Frob norm 2 after updating B : 4.85051
Iteration number -------- 55  -----------
lambda : 1.30908
max_diff => 0.0606923
performed mixing
Frob norm 1 after updating U: 4.85021
200 iterations
f(b) = 27.3636
Frob norm 2 after updating B : 4.85052
Iteration number -------- 56  -----------
lambda : 1.31563
max_diff => 0.0606907
performed mixing
Frob norm 1 after updating U: 4.85028
200 iterations
f(b) = 27.3815
Frob norm 2 after updating B : 4.85044
Iteration number -------- 57  -----------
lambda : 1.32221
max_diff => 0.0606731
performed mixing
Frob norm 1 after updating U: 4.85023
200 iterations
f(b) = 27.3923
Frob norm 2 after updating B : 4.85039
Iteration number -------- 58  -----------
lambda : 1.32882
max_diff => 0.060665
performed mixing
Frob norm 1 after updating U: 4.85021
200 iterations
f(b) = 27.4073
Frob norm 2 after updating B : 4.85034
Iteration number -------- 59  -----------
lambda : 1.33546
max_diff => 0.0606441
performed mixing
Frob norm 1 after updating U: 4.85014
200 iterations
f(b) = 27.4239
Frob norm 2 after updating B : 4.85032
Iteration number -------- 60  -----------
lambda : 1.34214
max_diff => 0.0606411
performed mixing
Frob norm 1 after updating U: 4.85016
200 iterations
f(b) = 27.437
Frob norm 2 after updating B : 4.85021
Iteration number -------- 61  -----------
lambda : 1.34885
max_diff => 0.0606279
performed mixing
Frob norm 1 after updating U: 4.85005
200 iterations
f(b) = 27.441
Frob norm 2 after updating B : 4.84983
Iteration number -------- 62  -----------
lambda : 1.35559
max_diff => 0.0606023
performed mixing
Frob norm 1 after updating U: 4.84965
200 iterations
f(b) = 27.4643
Frob norm 2 after updating B : 4.84998
Iteration number -------- 63  -----------
lambda : 1.36237
max_diff => 0.0605973
performed mixing
Frob norm 1 after updating U: 4.84981
200 iterations
f(b) = 27.4727
Frob norm 2 after updating B : 4.85003
Iteration number -------- 64  -----------
lambda : 1.36918
max_diff => 0.0605849
performed mixing
Frob norm 1 after updating U: 4.84983
200 iterations
f(b) = 27.489
Frob norm 2 after updating B : 4.85012
Iteration number -------- 65  -----------
lambda : 1.37603
max_diff => 0.0605504
performed mixing
Frob norm 1 after updating U: 4.84988
200 iterations
f(b) = 27.5051
Frob norm 2 after updating B : 4.85012
Iteration number -------- 66  -----------
lambda : 1.38291
max_diff => 0.060536
performed mixing
Frob norm 1 after updating U: 4.84992
200 iterations
f(b) = 27.5181
Frob norm 2 after updating B : 4.8501
Iteration number -------- 67  -----------
lambda : 1.38982
max_diff => 0.060523
performed mixing
Frob norm 1 after updating U: 4.84993
200 iterations
f(b) = 27.5293
Frob norm 2 after updating B : 4.85009
Iteration number -------- 68  -----------
lambda : 1.39677
max_diff => 0.0605158
performed mixing
Frob norm 1 after updating U: 4.84993
200 iterations
f(b) = 27.5688
Frob norm 2 after updating B : 4.84988
Iteration number -------- 69  -----------
lambda : 1.40376
max_diff => 0.0605115
performed mixing
Frob norm 1 after updating U: 4.8497
200 iterations
f(b) = 27.5567
Frob norm 2 after updating B : 4.85031
Iteration number -------- 70  -----------
lambda : 1.41078
max_diff => 0.0604719
performed mixing
Frob norm 1 after updating U: 4.85013
200 iterations
f(b) = 27.5702
Frob norm 2 after updating B : 4.85043
Iteration number -------- 71  -----------
lambda : 1.41783
max_diff => 0.0604442
performed mixing
Frob norm 1 after updating U: 4.85022
200 iterations
f(b) = 27.5819
Frob norm 2 after updating B : 4.8506
Iteration number -------- 72  -----------
lambda : 1.42492
max_diff => 0.0604159
performed mixing
Frob norm 1 after updating U: 4.85038
200 iterations
f(b) = 27.5977
Frob norm 2 after updating B : 4.85039
Iteration number -------- 73  -----------
lambda : 1.43204
max_diff => 0.0604193
performed mixing
Frob norm 1 after updating U: 4.85024
200 iterations
f(b) = 27.6099
Frob norm 2 after updating B : 4.85059
Iteration number -------- 74  -----------
lambda : 1.4392
max_diff => 0.0603984
performed mixing
Frob norm 1 after updating U: 4.85043
200 iterations
f(b) = 27.6273
Frob norm 2 after updating B : 4.8507
Iteration number -------- 75  -----------
lambda : 1.4464
max_diff => 0.0603917
performed mixing
Frob norm 1 after updating U: 4.85054
200 iterations
f(b) = 27.6411
Frob norm 2 after updating B : 4.85079
Iteration number -------- 76  -----------
lambda : 1.45363
max_diff => 0.0603868
performed mixing
Frob norm 1 after updating U: 4.85064
200 iterations
f(b) = 27.6553
Frob norm 2 after updating B : 4.85082
Iteration number -------- 77  -----------
lambda : 1.4609
max_diff => 0.0603641
performed mixing
Frob norm 1 after updating U: 4.85065
200 iterations
f(b) = 27.6765
Frob norm 2 after updating B : 4.85093
Iteration number -------- 78  -----------
lambda : 1.46821
max_diff => 0.0603503
performed mixing
Frob norm 1 after updating U: 4.8508
200 iterations
f(b) = 27.6841
Frob norm 2 after updating B : 4.85105
Iteration number -------- 79  -----------
lambda : 1.47555
max_diff => 0.06033
performed mixing
Frob norm 1 after updating U: 4.8509
200 iterations
f(b) = 27.7004
Frob norm 2 after updating B : 4.85113
Iteration number -------- 80  -----------
lambda : 1.48292
max_diff => 0.0603253
performed mixing
Frob norm 1 after updating U: 4.851
200 iterations
f(b) = 27.7144
Frob norm 2 after updating B : 4.85133
Iteration number -------- 81  -----------
lambda : 1.49034
max_diff => 0.0603028
performed mixing
Frob norm 1 after updating U: 4.85119
200 iterations
f(b) = 27.7465
Frob norm 2 after updating B : 4.85136
Iteration number -------- 82  -----------
lambda : 1.49779
max_diff => 0.0602971
performed mixing
Frob norm 1 after updating U: 4.85118
200 iterations
f(b) = 27.7384
Frob norm 2 after updating B : 4.85164
Iteration number -------- 83  -----------
lambda : 1.50528
max_diff => 0.0602873
performed mixing
Frob norm 1 after updating U: 4.8515
200 iterations
f(b) = 27.7561
Frob norm 2 after updating B : 4.85186
Iteration number -------- 84  -----------
lambda : 1.51281
max_diff => 0.0602742
performed mixing
Frob norm 1 after updating U: 4.85171
200 iterations
f(b) = 27.773
Frob norm 2 after updating B : 4.85186
Iteration number -------- 85  -----------
lambda : 1.52037
max_diff => 0.0602542
performed mixing
Frob norm 1 after updating U: 4.85175
200 iterations
f(b) = 27.797
Frob norm 2 after updating B : 4.85198
Iteration number -------- 86  -----------
lambda : 1.52797
max_diff => 0.0602421
performed mixing
Frob norm 1 after updating U: 4.85189
200 iterations
f(b) = 27.8062
Frob norm 2 after updating B : 4.8522
Iteration number -------- 87  -----------
lambda : 1.53561
max_diff => 0.0602316
performed mixing
Frob norm 1 after updating U: 4.8521
200 iterations
f(b) = 27.8208
Frob norm 2 after updating B : 4.85267
Iteration number -------- 88  -----------
lambda : 1.54329
max_diff => 0.0601936
performed mixing
Frob norm 1 after updating U: 4.85252
200 iterations
f(b) = 27.8352
Frob norm 2 after updating B : 4.85307
Iteration number -------- 89  -----------
lambda : 1.55101
max_diff => 0.0601626
performed mixing
Frob norm 1 after updating U: 4.8529
200 iterations
f(b) = 27.8412
Frob norm 2 after updating B : 4.85369
Iteration number -------- 90  -----------
lambda : 1.55876
max_diff => 0.0601168
performed mixing
Frob norm 1 after updating U: 4.85345
200 iterations
f(b) = 27.851
Frob norm 2 after updating B : 4.85385
Iteration number -------- 91  -----------
lambda : 1.56655
max_diff => 0.0601137
performed mixing
Frob norm 1 after updating U: 4.85362
200 iterations
f(b) = 27.8697
Frob norm 2 after updating B : 4.85418
Iteration number -------- 92  -----------
lambda : 1.57439
max_diff => 0.0600922
performed mixing
Frob norm 1 after updating U: 4.85395
200 iterations
f(b) = 27.8806
Frob norm 2 after updating B : 4.85446
Iteration number -------- 93  -----------
lambda : 1.58226
max_diff => 0.0600685
performed mixing
Frob norm 1 after updating U: 4.85424
200 iterations
f(b) = 27.8943
Frob norm 2 after updating B : 4.85475
Iteration number -------- 94  -----------
lambda : 1.59017
max_diff => 0.0600481
performed mixing
Frob norm 1 after updating U: 4.85454
200 iterations
f(b) = 27.905
Frob norm 2 after updating B : 4.85509
Iteration number -------- 95  -----------
lambda : 1.59812
max_diff => 0.0600255
performed mixing
Frob norm 1 after updating U: 4.85487
200 iterations
f(b) = 27.9117
Frob norm 2 after updating B : 4.85544
Iteration number -------- 96  -----------
lambda : 1.60611
max_diff => 0.059996
performed mixing
Frob norm 1 after updating U: 4.85519
200 iterations
f(b) = 27.9322
Frob norm 2 after updating B : 4.85582
Iteration number -------- 97  -----------
lambda : 1.61414
max_diff => 0.0599806
performed mixing
Frob norm 1 after updating U: 4.85556
200 iterations
f(b) = 27.9447
Frob norm 2 after updating B : 4.8559
Iteration number -------- 98  -----------
lambda : 1.62221
max_diff => 0.0599635
performed mixing
Frob norm 1 after updating U: 4.85569
200 iterations
f(b) = 27.9597
Frob norm 2 after updating B : 4.85596
Iteration number -------- 99  -----------
lambda : 1.63032
max_diff => 0.059946
performed mixing
Frob norm 1 after updating U: 4.85577
200 iterations
f(b) = 27.9758
Frob norm 2 after updating B : 4.8564
Iteration number -------- 100  -----------
lambda : 1.63848
max_diff => 0.0598967
