Academic license - for non-commercial use only
Frob norm 1 after updating U: 15.2187
200 iterations
f(b) = 100.17
Frob norm 2 after updating B : 9.47361
Iteration number -------- 1  -----------
lambda : 1
max_diff => 0.128871
performed mixing
Frob norm 1 after updating U: 8.14271
200 iterations
f(b) = 90.5907
Frob norm 2 after updating B : 8.97492
Iteration number -------- 2  -----------
lambda : 1.005
max_diff => 0.118122
performed mixing
Frob norm 1 after updating U: 7.66944
200 iterations
f(b) = 81.6196
Frob norm 2 after updating B : 8.49274
Iteration number -------- 3  -----------
lambda : 1.01002
max_diff => 0.115529
performed mixing
Frob norm 1 after updating U: 7.21278
200 iterations
f(b) = 73.3015
Frob norm 2 after updating B : 8.02199
Iteration number -------- 4  -----------
lambda : 1.01508
max_diff => 0.112563
performed mixing
Frob norm 1 after updating U: 6.76649
200 iterations
f(b) = 62.066
Frob norm 2 after updating B : 7.34211
Iteration number -------- 5  -----------
lambda : 1.02015
max_diff => 0.104657
performed mixing
Frob norm 1 after updating U: 5.38473
200 iterations
f(b) = 50.958
Frob norm 2 after updating B : 6.56792
Iteration number -------- 6  -----------
lambda : 1.02525
max_diff => 0.162408
performed mixing
Frob norm 1 after updating U: 4.38592
200 iterations
f(b) = 41.5618
Frob norm 2 after updating B : 5.91592
Iteration number -------- 7  -----------
lambda : 1.03038
max_diff => 0.163066
performed mixing
Frob norm 1 after updating U: 3.82071
200 iterations
f(b) = 33.8972
Frob norm 2 after updating B : 5.32858
Iteration number -------- 8  -----------
lambda : 1.03553
max_diff => 0.159362
performed mixing
Frob norm 1 after updating U: 3.41142
200 iterations
f(b) = 27.8218
Frob norm 2 after updating B : 4.82699
Iteration number -------- 9  -----------
lambda : 1.04071
max_diff => 0.149704
performed mixing
Frob norm 1 after updating U: 3.1268
200 iterations
f(b) = 23.0349
Frob norm 2 after updating B : 4.38708
Iteration number -------- 10  -----------
lambda : 1.04591
max_diff => 0.148185
performed mixing
Frob norm 1 after updating U: 2.97274
200 iterations
f(b) = 19.336
Frob norm 2 after updating B : 4.01513
Iteration number -------- 11  -----------
lambda : 1.05114
max_diff => 0.141361
performed mixing
Frob norm 1 after updating U: 2.87139
200 iterations
f(b) = 16.3927
Frob norm 2 after updating B : 3.76524
Iteration number -------- 12  -----------
lambda : 1.0564
max_diff => 0.128315
performed mixing
Frob norm 1 after updating U: 2.77745
200 iterations
f(b) = 13.419
Frob norm 2 after updating B : 3.2923
Iteration number -------- 13  -----------
lambda : 1.06168
max_diff => 0.123539
performed mixing
Frob norm 1 after updating U: 1.96257
200 iterations
f(b) = 6.65389
Frob norm 2 after updating B : 2.4406
Iteration number -------- 14  -----------
lambda : 1.06699
max_diff => 0.0175266
performed mixing
Frob norm 1 after updating U: 0.333108
200 iterations
f(b) = 4.52069
Frob norm 2 after updating B : 2.00767
Iteration number -------- 15  -----------
lambda : 1.07232
max_diff => 0.0159107
performed mixing
Frob norm 1 after updating U: 0.282611
200 iterations
f(b) = 3.15618
Frob norm 2 after updating B : 1.61969
Iteration number -------- 16  -----------
lambda : 1.07768
max_diff => 0.0157421
performed mixing
Frob norm 1 after updating U: 0.280663
200 iterations
f(b) = 2.15529
Frob norm 2 after updating B : 1.36327
Iteration number -------- 17  -----------
lambda : 1.08307
max_diff => 0.00889934
performed mixing
Frob norm 1 after updating U: 0.208041
200 iterations
f(b) = 1.53342
Frob norm 2 after updating B : 1.10171
Iteration number -------- 18  -----------
lambda : 1.08849
max_diff => 0.00869885
performed mixing
Frob norm 1 after updating U: 0.205741
200 iterations
f(b) = 1.10223
Frob norm 2 after updating B : 0.898958
Iteration number -------- 19  -----------
lambda : 1.09393
max_diff => 0.00784917
performed mixing
Frob norm 1 after updating U: 0.196333
200 iterations
f(b) = 0.757415
Frob norm 2 after updating B : 0.766541
Iteration number -------- 20  -----------
lambda : 1.0994
max_diff => 0.00361641
performed mixing
Frob norm 1 after updating U: 0.145844
200 iterations
f(b) = 0.571811
Frob norm 2 after updating B : 0.624918
Iteration number -------- 21  -----------
lambda : 1.1049
max_diff => 0.00329714
performed mixing
Frob norm 1 after updating U: 0.140614
200 iterations
f(b) = 0.432045
Frob norm 2 after updating B : 0.514647
Iteration number -------- 22  -----------
lambda : 1.11042
max_diff => 0.00274471
performed mixing
Frob norm 1 after updating U: 0.131078
200 iterations
f(b) = 0.249851
Frob norm 2 after updating B : 0.482292
Iteration number -------- 23  -----------
lambda : 1.11597
max_diff => 3.93978e-06
performed mixing
Frob norm 1 after updating U: 0.0169477
200 iterations
f(b) = 0.200307
Frob norm 2 after updating B : 0.387099
Iteration number -------- 24  -----------
lambda : 1.12155
max_diff => 1.96124e-06
performed mixing
Frob norm 1 after updating U: 0.0162399
200 iterations
f(b) = 0.144047
Frob norm 2 after updating B : 0.312124
Iteration number -------- 25  -----------
lambda : 1.12716
max_diff => 4.999e-08
performed mixing
Frob norm 1 after updating U: 0.0149456
200 iterations
f(b) = 0.10597
Frob norm 2 after updating B : 0.249987
Iteration number -------- 26  -----------
lambda : 1.1328
max_diff => 5.01559e-08
performed mixing
Frob norm 1 after updating U: 0.0149311
200 iterations
f(b) = 0.0818321
Frob norm 2 after updating B : 0.200301
Iteration number -------- 27  -----------
lambda : 1.13846
max_diff => 4.999e-08
performed mixing
Frob norm 1 after updating U: 0.014776
200 iterations
f(b) = 0.0706901
Frob norm 2 after updating B : 0.160472
Iteration number -------- 28  -----------
lambda : 1.14415
max_diff => 9.47479e-08
performed mixing
Frob norm 1 after updating U: 0.0149495
200 iterations
f(b) = 0.0590298
Frob norm 2 after updating B : 0.128926
Iteration number -------- 29  -----------
lambda : 1.14987
max_diff => 4.999e-08
performed mixing
Frob norm 1 after updating U: 0.0147689
200 iterations
f(b) = 0.0553859
Frob norm 2 after updating B : 0.103815
Iteration number -------- 30  -----------
lambda : 1.15562
max_diff => 4.999e-08
performed mixing
Frob norm 1 after updating U: 0.0148104
200 iterations
f(b) = 0.0461566
Frob norm 2 after updating B : 0.0836357
Iteration number -------- 31  -----------
lambda : 1.1614
max_diff => 4.999e-08
performed mixing
Frob norm 1 after updating U: 0.0147714
200 iterations
f(b) = 0.0451808
Frob norm 2 after updating B : 0.0676514
Iteration number -------- 32  -----------
lambda : 1.16721
max_diff => 4.999e-08
performed mixing
Frob norm 1 after updating U: 0.014801
200 iterations
f(b) = 0.0491123
Frob norm 2 after updating B : 0.0547485
Iteration number -------- 33  -----------
lambda : 1.17304
max_diff => 4.999e-08
performed mixing
Frob norm 1 after updating U: 0.0146982
200 iterations
f(b) = 0.0403108
Frob norm 2 after updating B : 0.0448702
Iteration number -------- 34  -----------
lambda : 1.17891
max_diff => 4.999e-08
performed mixing
Frob norm 1 after updating U: 0.0148656
200 iterations
f(b) = 0.0225037
Frob norm 2 after updating B : 0.0371535
Iteration number -------- 35  -----------
lambda : 1.1848
max_diff => 4.999e-08
performed mixing
Frob norm 1 after updating U: 0.0149737
200 iterations
f(b) = 0.0326852
Frob norm 2 after updating B : 0.0309888
Iteration number -------- 36  -----------
lambda : 1.19073
max_diff => 4.999e-08
performed mixing
Frob norm 1 after updating U: 0.0147789
200 iterations
f(b) = 0.0234943
Frob norm 2 after updating B : 0.0264222
Iteration number -------- 37  -----------
lambda : 1.19668
max_diff => 4.999e-08
performed mixing
Frob norm 1 after updating U: 0.0146503
200 iterations
f(b) = 0.0157399
Frob norm 2 after updating B : 0.0231561
Iteration number -------- 38  -----------
lambda : 1.20266
max_diff => 4.999e-08
performed mixing
Frob norm 1 after updating U: 0.014897
200 iterations
f(b) = 0.0263198
Frob norm 2 after updating B : 0.0206019
Iteration number -------- 39  -----------
lambda : 1.20868
max_diff => 4.999e-08
performed mixing
Frob norm 1 after updating U: 0.0149651
200 iterations
f(b) = 0.023565
Frob norm 2 after updating B : 0.0186105
Iteration number -------- 40  -----------
lambda : 1.21472
max_diff => 4.999e-08
performed mixing
Frob norm 1 after updating U: 0.0147784
200 iterations
f(b) = 0.0153017
Frob norm 2 after updating B : 0.0175883
Iteration number -------- 41  -----------
lambda : 1.22079
max_diff => 4.999e-08
performed mixing
Frob norm 1 after updating U: 0.0148771
200 iterations
f(b) = 0.0161541
Frob norm 2 after updating B : 0.0165399
Iteration number -------- 42  -----------
lambda : 1.2269
max_diff => 4.999e-08
performed mixing
Frob norm 1 after updating U: 0.0147335
200 iterations
f(b) = 0.016197
Frob norm 2 after updating B : 0.0158173
Iteration number -------- 43  -----------
lambda : 1.23303
max_diff => 4.999e-08
performed mixing
Frob norm 1 after updating U: 0.0146042
200 iterations
f(b) = 0.0156123
Frob norm 2 after updating B : 0.0155678
Iteration number -------- 44  -----------
lambda : 1.2392
max_diff => 4.999e-08
performed mixing
Frob norm 1 after updating U: 0.0147139
200 iterations
f(b) = 0.0172399
Frob norm 2 after updating B : 0.0153466
Iteration number -------- 45  -----------
lambda : 1.24539
max_diff => 4.999e-08
performed mixing
Frob norm 1 after updating U: 0.0147933
200 iterations
f(b) = 0.0186832
Frob norm 2 after updating B : 0.0150591
Iteration number -------- 46  -----------
lambda : 1.25162
max_diff => 4.999e-08
performed mixing
Frob norm 1 after updating U: 0.0146991
200 iterations
f(b) = 0.0177422
Frob norm 2 after updating B : 0.0149678
Iteration number -------- 47  -----------
lambda : 1.25788
max_diff => 4.999e-08
performed mixing
Frob norm 1 after updating U: 0.0146773
200 iterations
f(b) = 0.0168415
Frob norm 2 after updating B : 0.0149039
Iteration number -------- 48  -----------
lambda : 1.26417
max_diff => 4.999e-08
performed mixing
Frob norm 1 after updating U: 0.0147144
200 iterations
f(b) = 0.0184176
Frob norm 2 after updating B : 0.0147972
Iteration number -------- 49  -----------
lambda : 1.27049
max_diff => 4.999e-08
performed mixing
Frob norm 1 after updating U: 0.0146651
200 iterations
f(b) = 0.0142457
Frob norm 2 after updating B : 0.0147245
Iteration number -------- 50  -----------
lambda : 1.27684
max_diff => 4.999e-08
performed mixing
Frob norm 1 after updating U: 0.0146294
200 iterations
f(b) = 0.0237935
Frob norm 2 after updating B : 0.0145715
Iteration number -------- 51  -----------
lambda : 1.28323
max_diff => 4.999e-08
performed mixing
Frob norm 1 after updating U: 0.014496
200 iterations
f(b) = 0.0151279
Frob norm 2 after updating B : 0.0148539
Iteration number -------- 52  -----------
lambda : 1.28964
max_diff => 4.999e-08
performed mixing
Frob norm 1 after updating U: 0.0148033
200 iterations
f(b) = 0.017761
Frob norm 2 after updating B : 0.0146119
Iteration number -------- 53  -----------
lambda : 1.29609
max_diff => 4.999e-08
performed mixing
Frob norm 1 after updating U: 0.0145906
200 iterations
f(b) = 0.0165251
Frob norm 2 after updating B : 0.0149039
Iteration number -------- 54  -----------
lambda : 1.30257
max_diff => 4.999e-08
performed mixing
Frob norm 1 after updating U: 0.0148745
200 iterations
f(b) = 0.0195726
Frob norm 2 after updating B : 0.0145166
Iteration number -------- 55  -----------
lambda : 1.30908
max_diff => 4.999e-08
performed mixing
Frob norm 1 after updating U: 0.0144873
200 iterations
f(b) = 0.0190231
Frob norm 2 after updating B : 0.0146554
Iteration number -------- 56  -----------
lambda : 1.31563
max_diff => 4.999e-08
performed mixing
Frob norm 1 after updating U: 0.0146378
200 iterations
f(b) = 0.0141306
Frob norm 2 after updating B : 0.0146957
Iteration number -------- 57  -----------
lambda : 1.32221
max_diff => 4.999e-08
performed mixing
Frob norm 1 after updating U: 0.0146903
200 iterations
f(b) = 0.0200187
Frob norm 2 after updating B : 0.0146438
Iteration number -------- 58  -----------
lambda : 1.32882
max_diff => 4.999e-08
performed mixing
Frob norm 1 after updating U: 0.0146331
200 iterations
f(b) = 0.0194192
Frob norm 2 after updating B : 0.0147196
Iteration number -------- 59  -----------
lambda : 1.33546
max_diff => 4.999e-08
performed mixing
Frob norm 1 after updating U: 0.0147092
200 iterations
f(b) = 0.0186219
Frob norm 2 after updating B : 0.0149057
Iteration number -------- 60  -----------
lambda : 1.34214
max_diff => 4.999e-08
performed mixing
Frob norm 1 after updating U: 0.0148858
200 iterations
f(b) = 0.0188856
Frob norm 2 after updating B : 0.0147569
Iteration number -------- 61  -----------
lambda : 1.34885
max_diff => 4.999e-08
performed mixing
Frob norm 1 after updating U: 0.0147557
200 iterations
f(b) = 0.0198135
Frob norm 2 after updating B : 0.0146546
Iteration number -------- 62  -----------
lambda : 1.35559
max_diff => 4.999e-08
performed mixing
Frob norm 1 after updating U: 0.0146431
200 iterations
f(b) = 0.0244643
Frob norm 2 after updating B : 0.0147093
Iteration number -------- 63  -----------
lambda : 1.36237
max_diff => 4.999e-08
performed mixing
Frob norm 1 after updating U: 0.0147019
200 iterations
f(b) = 0.0194052
Frob norm 2 after updating B : 0.0147111
Iteration number -------- 64  -----------
lambda : 1.36918
max_diff => 4.999e-08
performed mixing
Frob norm 1 after updating U: 0.0146978
200 iterations
f(b) = 0.0213955
Frob norm 2 after updating B : 0.014656
Iteration number -------- 65  -----------
lambda : 1.37603
max_diff => 4.999e-08
performed mixing
Frob norm 1 after updating U: 0.0146511
200 iterations
f(b) = 0.0171159
Frob norm 2 after updating B : 0.0148593
Iteration number -------- 66  -----------
lambda : 1.38291
max_diff => 4.999e-08
performed mixing
Frob norm 1 after updating U: 0.014819
200 iterations
f(b) = 0.0185663
Frob norm 2 after updating B : 0.0147442
Iteration number -------- 67  -----------
lambda : 1.38982
max_diff => 4.999e-08
performed mixing
Frob norm 1 after updating U: 0.014737
200 iterations
f(b) = 0.016183
Frob norm 2 after updating B : 0.014869
Iteration number -------- 68  -----------
lambda : 1.39677
max_diff => 4.999e-08
performed mixing
Frob norm 1 after updating U: 0.0148541
200 iterations
f(b) = 0.0193971
Frob norm 2 after updating B : 0.0148297
Iteration number -------- 69  -----------
lambda : 1.40376
max_diff => 4.999e-08
performed mixing
Frob norm 1 after updating U: 0.014819
200 iterations
f(b) = 0.0200616
Frob norm 2 after updating B : 0.0147263
Iteration number -------- 70  -----------
lambda : 1.41078
max_diff => 4.999e-08
performed mixing
Frob norm 1 after updating U: 0.0147182
200 iterations
f(b) = 0.01594
Frob norm 2 after updating B : 0.0147254
Iteration number -------- 71  -----------
lambda : 1.41783
max_diff => 4.999e-08
performed mixing
Frob norm 1 after updating U: 0.0147234
200 iterations
f(b) = 0.0226197
Frob norm 2 after updating B : 0.014575
Iteration number -------- 72  -----------
lambda : 1.42492
max_diff => 4.999e-08
performed mixing
Frob norm 1 after updating U: 0.0145739
200 iterations
f(b) = 0.0189459
Frob norm 2 after updating B : 0.0147885
Iteration number -------- 73  -----------
lambda : 1.43204
max_diff => 4.999e-08
performed mixing
Frob norm 1 after updating U: 0.0147714
200 iterations
f(b) = 0.0203128
Frob norm 2 after updating B : 0.0147116
Iteration number -------- 74  -----------
lambda : 1.4392
max_diff => 4.999e-08
performed mixing
Frob norm 1 after updating U: 0.0147039
200 iterations
f(b) = 0.0159855
Frob norm 2 after updating B : 0.0147502
Iteration number -------- 75  -----------
lambda : 1.4464
max_diff => 4.999e-08
performed mixing
Frob norm 1 after updating U: 0.0147516
200 iterations
f(b) = 0.0209125
Frob norm 2 after updating B : 0.0148073
Iteration number -------- 76  -----------
lambda : 1.45363
max_diff => 4.999e-08
performed mixing
Frob norm 1 after updating U: 0.0147945
200 iterations
f(b) = 0.023398
Frob norm 2 after updating B : 0.0145946
Iteration number -------- 77  -----------
lambda : 1.4609
max_diff => 4.999e-08
performed mixing
Frob norm 1 after updating U: 0.01457
200 iterations
f(b) = 0.0206701
Frob norm 2 after updating B : 0.0147179
Iteration number -------- 78  -----------
lambda : 1.46821
max_diff => 4.999e-08
performed mixing
Frob norm 1 after updating U: 0.0146922
200 iterations
f(b) = 0.0208722
Frob norm 2 after updating B : 0.014867
Iteration number -------- 79  -----------
lambda : 1.47555
max_diff => 4.999e-08
performed mixing
Frob norm 1 after updating U: 0.0148423
200 iterations
f(b) = 0.0205018
Frob norm 2 after updating B : 0.0146984
Iteration number -------- 80  -----------
lambda : 1.48292
max_diff => 4.999e-08
performed mixing
Frob norm 1 after updating U: 0.0147035
200 iterations
f(b) = 0.0155566
Frob norm 2 after updating B : 0.0147957
Iteration number -------- 81  -----------
lambda : 1.49034
max_diff => 4.999e-08
performed mixing
Frob norm 1 after updating U: 0.0147938
200 iterations
f(b) = 0.0281752
Frob norm 2 after updating B : 0.0145612
Iteration number -------- 82  -----------
lambda : 1.49779
max_diff => 4.999e-08
performed mixing
Frob norm 1 after updating U: 0.0145498
200 iterations
f(b) = 0.0176606
Frob norm 2 after updating B : 0.01456
Iteration number -------- 83  -----------
lambda : 1.50528
max_diff => 4.999e-08
performed mixing
Frob norm 1 after updating U: 0.0145512
200 iterations
f(b) = 0.0184582
Frob norm 2 after updating B : 0.014756
Iteration number -------- 84  -----------
lambda : 1.51281
max_diff => 4.999e-08
performed mixing
Frob norm 1 after updating U: 0.0147443
200 iterations
f(b) = 0.0361581
Frob norm 2 after updating B : 0.0144741
Iteration number -------- 85  -----------
lambda : 1.52037
max_diff => 4.999e-08
performed mixing
Frob norm 1 after updating U: 0.0144683
200 iterations
f(b) = 0.0221235
Frob norm 2 after updating B : 0.014496
Iteration number -------- 86  -----------
lambda : 1.52797
max_diff => 4.999e-08
performed mixing
Frob norm 1 after updating U: 0.0144806
200 iterations
f(b) = 0.0177149
Frob norm 2 after updating B : 0.0148083
Iteration number -------- 87  -----------
lambda : 1.53561
max_diff => 4.999e-08
performed mixing
Frob norm 1 after updating U: 0.0147597
200 iterations
f(b) = 0.0234631
Frob norm 2 after updating B : 0.0148641
Iteration number -------- 88  -----------
lambda : 1.54329
max_diff => 4.999e-08
performed mixing
Frob norm 1 after updating U: 0.0148561
200 iterations
f(b) = 0.0189167
Frob norm 2 after updating B : 0.0150607
Iteration number -------- 89  -----------
lambda : 1.55101
max_diff => 4.999e-08
performed mixing
Frob norm 1 after updating U: 0.015012
200 iterations
f(b) = 0.020685
Frob norm 2 after updating B : 0.0146374
Iteration number -------- 90  -----------
lambda : 1.55876
max_diff => 4.999e-08
performed mixing
Frob norm 1 after updating U: 0.014622
200 iterations
f(b) = 0.0235619
Frob norm 2 after updating B : 0.0146281
Iteration number -------- 91  -----------
lambda : 1.56655
max_diff => 4.999e-08
performed mixing
Frob norm 1 after updating U: 0.014613
200 iterations
f(b) = 0.0199555
Frob norm 2 after updating B : 0.0146667
Iteration number -------- 92  -----------
lambda : 1.57439
max_diff => 4.999e-08
performed mixing
Frob norm 1 after updating U: 0.0146592
200 iterations
f(b) = 0.0195113
Frob norm 2 after updating B : 0.0147851
Iteration number -------- 93  -----------
lambda : 1.58226
max_diff => 4.999e-08
performed mixing
Frob norm 1 after updating U: 0.0147715
200 iterations
f(b) = 0.0266869
Frob norm 2 after updating B : 0.0146878
Iteration number -------- 94  -----------
lambda : 1.59017
max_diff => 4.999e-08
performed mixing
Frob norm 1 after updating U: 0.0146867
200 iterations
f(b) = 0.0248845
Frob norm 2 after updating B : 0.0147597
Iteration number -------- 95  -----------
lambda : 1.59812
max_diff => 4.999e-08
performed mixing
Frob norm 1 after updating U: 0.014747
200 iterations
f(b) = 0.0237447
Frob norm 2 after updating B : 0.0146484
Iteration number -------- 96  -----------
lambda : 1.60611
max_diff => 4.999e-08
performed mixing
Frob norm 1 after updating U: 0.0146372
200 iterations
f(b) = 0.0186887
Frob norm 2 after updating B : 0.0148852
Iteration number -------- 97  -----------
lambda : 1.61414
max_diff => 4.999e-08
performed mixing
Frob norm 1 after updating U: 0.01486
200 iterations
f(b) = 0.035925
Frob norm 2 after updating B : 0.0145911
Iteration number -------- 98  -----------
lambda : 1.62221
max_diff => 4.999e-08
performed mixing
Frob norm 1 after updating U: 0.014588
200 iterations
f(b) = 0.0216795
Frob norm 2 after updating B : 0.0146328
Iteration number -------- 99  -----------
lambda : 1.63032
max_diff => 4.999e-08
performed mixing
Frob norm 1 after updating U: 0.0146201
200 iterations
f(b) = 0.0193354
Frob norm 2 after updating B : 0.0146965
Iteration number -------- 100  -----------
lambda : 1.63848
max_diff => 4.999e-08
