Academic license - for non-commercial use only
Frob norm 1 after updating U: 13.8798
200 iterations
f(b) = 83.7634
Frob norm 2 after updating B : 8.41702
Iteration number -------- 1  -----------
lambda : 1
max_diff => 0.116446
performed mixing
Frob norm 1 after updating U: 6.98113
200 iterations
f(b) = 74.8584
Frob norm 2 after updating B : 8.01495
Iteration number -------- 2  -----------
lambda : 1.005
max_diff => 0.0965618
performed mixing
Frob norm 1 after updating U: 6.82761
200 iterations
f(b) = 67.9234
Frob norm 2 after updating B : 7.6693
Iteration number -------- 3  -----------
lambda : 1.01002
max_diff => 0.0799488
performed mixing
Frob norm 1 after updating U: 6.65619
200 iterations
f(b) = 62.4799
Frob norm 2 after updating B : 7.34966
Iteration number -------- 4  -----------
lambda : 1.01508
max_diff => 0.0757729
performed mixing
Frob norm 1 after updating U: 6.54881
200 iterations
f(b) = 57.9643
Frob norm 2 after updating B : 7.12126
Iteration number -------- 5  -----------
lambda : 1.02015
max_diff => 0.0672536
performed mixing
Frob norm 1 after updating U: 6.38656
200 iterations
f(b) = 53.9311
Frob norm 2 after updating B : 6.93041
Iteration number -------- 6  -----------
lambda : 1.02525
max_diff => 0.0625381
performed mixing
Frob norm 1 after updating U: 6.29307
200 iterations
f(b) = 50.7586
Frob norm 2 after updating B : 6.72809
Iteration number -------- 7  -----------
lambda : 1.03038
max_diff => 0.0619821
performed mixing
Frob norm 1 after updating U: 6.25907
200 iterations
f(b) = 48.2711
Frob norm 2 after updating B : 6.55282
Iteration number -------- 8  -----------
lambda : 1.03553
max_diff => 0.0613439
performed mixing
Frob norm 1 after updating U: 6.17597
200 iterations
f(b) = 41.0642
Frob norm 2 after updating B : 6.03086
Iteration number -------- 9  -----------
lambda : 1.04071
max_diff => 0.119794
performed mixing
Frob norm 1 after updating U: 5.19178
200 iterations
f(b) = 36.5898
Frob norm 2 after updating B : 5.70992
Iteration number -------- 10  -----------
lambda : 1.04591
max_diff => 0.0623844
performed mixing
Frob norm 1 after updating U: 5.0373
200 iterations
f(b) = 34.0403
Frob norm 2 after updating B : 5.48013
Iteration number -------- 11  -----------
lambda : 1.05114
max_diff => 0.06236
performed mixing
Frob norm 1 after updating U: 5.03409
200 iterations
f(b) = 32.1293
Frob norm 2 after updating B : 5.32713
Iteration number -------- 12  -----------
lambda : 1.0564
max_diff => 0.0624482
performed mixing
Frob norm 1 after updating U: 4.97391
200 iterations
f(b) = 30.8018
Frob norm 2 after updating B : 5.21168
Iteration number -------- 13  -----------
lambda : 1.06168
max_diff => 0.0622711
performed mixing
Frob norm 1 after updating U: 4.95691
200 iterations
f(b) = 29.9157
Frob norm 2 after updating B : 5.12254
Iteration number -------- 14  -----------
lambda : 1.06699
max_diff => 0.0622411
performed mixing
Frob norm 1 after updating U: 4.95474
200 iterations
f(b) = 29.2333
Frob norm 2 after updating B : 5.06531
Iteration number -------- 15  -----------
lambda : 1.07232
max_diff => 0.0618694
performed mixing
Frob norm 1 after updating U: 4.93353
200 iterations
f(b) = 28.796
Frob norm 2 after updating B : 5.01885
Iteration number -------- 16  -----------
lambda : 1.07768
max_diff => 0.0618515
performed mixing
Frob norm 1 after updating U: 4.93255
200 iterations
f(b) = 28.4269
Frob norm 2 after updating B : 4.98653
Iteration number -------- 17  -----------
lambda : 1.08307
max_diff => 0.0614003
performed mixing
Frob norm 1 after updating U: 4.91209
200 iterations
f(b) = 28.2038
Frob norm 2 after updating B : 4.96028
Iteration number -------- 18  -----------
lambda : 1.08849
max_diff => 0.0614193
performed mixing
Frob norm 1 after updating U: 4.91174
200 iterations
f(b) = 28.0455
Frob norm 2 after updating B : 4.94307
Iteration number -------- 19  -----------
lambda : 1.09393
max_diff => 0.0614651
performed mixing
Frob norm 1 after updating U: 4.911
200 iterations
f(b) = 27.8515
Frob norm 2 after updating B : 4.93216
Iteration number -------- 20  -----------
lambda : 1.0994
max_diff => 0.0623514
performed mixing
Frob norm 1 after updating U: 4.89213
200 iterations
f(b) = 27.747
Frob norm 2 after updating B : 4.91821
Iteration number -------- 21  -----------
lambda : 1.1049
max_diff => 0.0623611
performed mixing
Frob norm 1 after updating U: 4.89192
200 iterations
f(b) = 27.6709
Frob norm 2 after updating B : 4.90881
Iteration number -------- 22  -----------
lambda : 1.11042
max_diff => 0.0623785
performed mixing
Frob norm 1 after updating U: 4.89124
200 iterations
f(b) = 27.6212
Frob norm 2 after updating B : 4.90231
Iteration number -------- 23  -----------
lambda : 1.11597
max_diff => 0.0624124
performed mixing
Frob norm 1 after updating U: 4.88994
200 iterations
f(b) = 27.5859
Frob norm 2 after updating B : 4.89746
Iteration number -------- 24  -----------
lambda : 1.12155
max_diff => 0.0624377
performed mixing
Frob norm 1 after updating U: 4.88871
200 iterations
f(b) = 27.564
Frob norm 2 after updating B : 4.89376
Iteration number -------- 25  -----------
lambda : 1.12716
max_diff => 0.0624602
performed mixing
Frob norm 1 after updating U: 4.8874
200 iterations
f(b) = 27.5041
Frob norm 2 after updating B : 4.88889
Iteration number -------- 26  -----------
lambda : 1.1328
max_diff => 0.0624994
performed mixing
Frob norm 1 after updating U: 4.88199
200 iterations
f(b) = 27.5024
Frob norm 2 after updating B : 4.88607
Iteration number -------- 27  -----------
lambda : 1.13846
max_diff => 0.0624976
performed mixing
Frob norm 1 after updating U: 4.88133
200 iterations
f(b) = 27.3875
Frob norm 2 after updating B : 4.88073
Iteration number -------- 28  -----------
lambda : 1.14415
max_diff => 0.0619661
performed mixing
Frob norm 1 after updating U: 4.86451
200 iterations
f(b) = 27.3815
Frob norm 2 after updating B : 4.87512
Iteration number -------- 29  -----------
lambda : 1.14987
max_diff => 0.0619585
performed mixing
Frob norm 1 after updating U: 4.8646
200 iterations
f(b) = 27.3586
Frob norm 2 after updating B : 4.8714
Iteration number -------- 30  -----------
lambda : 1.15562
max_diff => 0.0619294
performed mixing
Frob norm 1 after updating U: 4.86446
200 iterations
f(b) = 27.3489
Frob norm 2 after updating B : 4.86891
Iteration number -------- 31  -----------
lambda : 1.1614
max_diff => 0.061892
performed mixing
Frob norm 1 after updating U: 4.86419
200 iterations
f(b) = 27.3494
Frob norm 2 after updating B : 4.867
Iteration number -------- 32  -----------
lambda : 1.16721
max_diff => 0.0618578
performed mixing
Frob norm 1 after updating U: 4.86378
200 iterations
f(b) = 27.36
Frob norm 2 after updating B : 4.86575
Iteration number -------- 33  -----------
lambda : 1.17304
max_diff => 0.0618268
performed mixing
Frob norm 1 after updating U: 4.86353
200 iterations
f(b) = 27.3635
Frob norm 2 after updating B : 4.86493
Iteration number -------- 34  -----------
lambda : 1.17891
max_diff => 0.0617923
performed mixing
Frob norm 1 after updating U: 4.86339
200 iterations
f(b) = 27.3717
Frob norm 2 after updating B : 4.86411
Iteration number -------- 35  -----------
lambda : 1.1848
max_diff => 0.0617402
performed mixing
Frob norm 1 after updating U: 4.86294
200 iterations
f(b) = 27.3805
Frob norm 2 after updating B : 4.86341
Iteration number -------- 36  -----------
lambda : 1.19073
max_diff => 0.0616771
performed mixing
Frob norm 1 after updating U: 4.8625
200 iterations
f(b) = 27.3966
Frob norm 2 after updating B : 4.86296
Iteration number -------- 37  -----------
lambda : 1.19668
max_diff => 0.0616501
performed mixing
Frob norm 1 after updating U: 4.86231
200 iterations
f(b) = 27.4068
Frob norm 2 after updating B : 4.86257
Iteration number -------- 38  -----------
lambda : 1.20266
max_diff => 0.0616131
performed mixing
Frob norm 1 after updating U: 4.86208
200 iterations
f(b) = 27.4146
Frob norm 2 after updating B : 4.86189
Iteration number -------- 39  -----------
lambda : 1.20868
max_diff => 0.0615171
performed mixing
Frob norm 1 after updating U: 4.8614
200 iterations
f(b) = 27.4237
Frob norm 2 after updating B : 4.86138
Iteration number -------- 40  -----------
lambda : 1.21472
max_diff => 0.0614622
performed mixing
Frob norm 1 after updating U: 4.86098
200 iterations
f(b) = 27.4349
Frob norm 2 after updating B : 4.8609
Iteration number -------- 41  -----------
lambda : 1.22079
max_diff => 0.0613721
performed mixing
Frob norm 1 after updating U: 4.86052
200 iterations
f(b) = 27.4446
Frob norm 2 after updating B : 4.8605
Iteration number -------- 42  -----------
lambda : 1.2269
max_diff => 0.0613005
performed mixing
Frob norm 1 after updating U: 4.86015
200 iterations
f(b) = 27.4574
Frob norm 2 after updating B : 4.85997
Iteration number -------- 43  -----------
lambda : 1.23303
max_diff => 0.0612076
performed mixing
Frob norm 1 after updating U: 4.85963
200 iterations
f(b) = 27.4684
Frob norm 2 after updating B : 4.85978
Iteration number -------- 44  -----------
lambda : 1.2392
max_diff => 0.0611386
performed mixing
Frob norm 1 after updating U: 4.85948
200 iterations
f(b) = 27.3498
Frob norm 2 after updating B : 4.86175
Iteration number -------- 45  -----------
lambda : 1.24539
max_diff => 0.060433
performed mixing
Frob norm 1 after updating U: 4.85139
200 iterations
f(b) = 27.3695
Frob norm 2 after updating B : 4.85821
Iteration number -------- 46  -----------
lambda : 1.25162
max_diff => 0.0604349
performed mixing
Frob norm 1 after updating U: 4.85151
200 iterations
f(b) = 27.367
Frob norm 2 after updating B : 4.85579
Iteration number -------- 47  -----------
lambda : 1.25788
max_diff => 0.0604341
performed mixing
Frob norm 1 after updating U: 4.85142
200 iterations
f(b) = 27.364
Frob norm 2 after updating B : 4.85425
Iteration number -------- 48  -----------
lambda : 1.26417
max_diff => 0.0604516
performed mixing
Frob norm 1 after updating U: 4.85135
200 iterations
f(b) = 27.3772
Frob norm 2 after updating B : 4.8533
Iteration number -------- 49  -----------
lambda : 1.27049
max_diff => 0.0604518
performed mixing
Frob norm 1 after updating U: 4.8514
200 iterations
f(b) = 27.3849
Frob norm 2 after updating B : 4.8526
Iteration number -------- 50  -----------
lambda : 1.27684
max_diff => 0.0604529
performed mixing
Frob norm 1 after updating U: 4.85131
200 iterations
f(b) = 27.398
Frob norm 2 after updating B : 4.85211
Iteration number -------- 51  -----------
lambda : 1.28323
max_diff => 0.0604528
performed mixing
Frob norm 1 after updating U: 4.85118
200 iterations
f(b) = 27.4125
Frob norm 2 after updating B : 4.85179
Iteration number -------- 52  -----------
lambda : 1.28964
max_diff => 0.0604496
performed mixing
Frob norm 1 after updating U: 4.85109
200 iterations
f(b) = 27.4265
Frob norm 2 after updating B : 4.85154
Iteration number -------- 53  -----------
lambda : 1.29609
max_diff => 0.0604619
performed mixing
Frob norm 1 after updating U: 4.85103
200 iterations
f(b) = 27.4347
Frob norm 2 after updating B : 4.85129
Iteration number -------- 54  -----------
lambda : 1.30257
max_diff => 0.0604519
performed mixing
Frob norm 1 after updating U: 4.85085
200 iterations
f(b) = 27.4518
Frob norm 2 after updating B : 4.85123
Iteration number -------- 55  -----------
lambda : 1.30908
max_diff => 0.06045
performed mixing
Frob norm 1 after updating U: 4.85088
200 iterations
f(b) = 27.4693
Frob norm 2 after updating B : 4.85107
Iteration number -------- 56  -----------
lambda : 1.31563
max_diff => 0.0604373
performed mixing
Frob norm 1 after updating U: 4.85078
200 iterations
f(b) = 27.4759
Frob norm 2 after updating B : 4.85093
Iteration number -------- 57  -----------
lambda : 1.32221
max_diff => 0.0604309
performed mixing
Frob norm 1 after updating U: 4.85068
200 iterations
f(b) = 27.4918
Frob norm 2 after updating B : 4.8509
Iteration number -------- 58  -----------
lambda : 1.32882
max_diff => 0.0604179
performed mixing
Frob norm 1 after updating U: 4.85069
200 iterations
f(b) = 27.5075
Frob norm 2 after updating B : 4.85079
Iteration number -------- 59  -----------
lambda : 1.33546
max_diff => 0.0604113
performed mixing
Frob norm 1 after updating U: 4.8506
200 iterations
f(b) = 27.4941
Frob norm 2 after updating B : 4.85075
Iteration number -------- 60  -----------
lambda : 1.34214
max_diff => 0.0603811
performed mixing
Frob norm 1 after updating U: 4.85049
200 iterations
f(b) = 27.53
Frob norm 2 after updating B : 4.85073
Iteration number -------- 61  -----------
lambda : 1.34885
max_diff => 0.0603668
performed mixing
Frob norm 1 after updating U: 4.8505
200 iterations
f(b) = 27.5475
Frob norm 2 after updating B : 4.85066
Iteration number -------- 62  -----------
lambda : 1.35559
max_diff => 0.0603553
performed mixing
Frob norm 1 after updating U: 4.85045
200 iterations
f(b) = 27.5607
Frob norm 2 after updating B : 4.8506
Iteration number -------- 63  -----------
lambda : 1.36237
max_diff => 0.060354
performed mixing
Frob norm 1 after updating U: 4.85039
200 iterations
f(b) = 27.5723
Frob norm 2 after updating B : 4.85061
Iteration number -------- 64  -----------
lambda : 1.36918
max_diff => 0.0603652
performed mixing
Frob norm 1 after updating U: 4.85042
200 iterations
f(b) = 27.5875
Frob norm 2 after updating B : 4.85063
Iteration number -------- 65  -----------
lambda : 1.37603
max_diff => 0.0603438
performed mixing
Frob norm 1 after updating U: 4.85045
200 iterations
f(b) = 27.592
Frob norm 2 after updating B : 4.85077
Iteration number -------- 66  -----------
lambda : 1.38291
max_diff => 0.0603301
performed mixing
Frob norm 1 after updating U: 4.85044
200 iterations
f(b) = 27.6015
Frob norm 2 after updating B : 4.85086
Iteration number -------- 67  -----------
lambda : 1.38982
max_diff => 0.0602977
performed mixing
Frob norm 1 after updating U: 4.85049
200 iterations
f(b) = 27.6098
Frob norm 2 after updating B : 4.85075
Iteration number -------- 68  -----------
lambda : 1.39677
max_diff => 0.0602933
performed mixing
Frob norm 1 after updating U: 4.85043
200 iterations
f(b) = 27.6314
Frob norm 2 after updating B : 4.85083
Iteration number -------- 69  -----------
lambda : 1.40376
max_diff => 0.0602815
performed mixing
Frob norm 1 after updating U: 4.85056
200 iterations
f(b) = 27.6402
Frob norm 2 after updating B : 4.85087
Iteration number -------- 70  -----------
lambda : 1.41078
max_diff => 0.0602634
performed mixing
Frob norm 1 after updating U: 4.85059
200 iterations
f(b) = 27.6563
Frob norm 2 after updating B : 4.85088
Iteration number -------- 71  -----------
lambda : 1.41783
max_diff => 0.0602369
performed mixing
Frob norm 1 after updating U: 4.85064
200 iterations
f(b) = 27.6792
Frob norm 2 after updating B : 4.85078
Iteration number -------- 72  -----------
lambda : 1.42492
max_diff => 0.0602272
performed mixing
Frob norm 1 after updating U: 4.85055
200 iterations
f(b) = 27.6834
Frob norm 2 after updating B : 4.85099
Iteration number -------- 73  -----------
lambda : 1.43204
max_diff => 0.0602096
performed mixing
Frob norm 1 after updating U: 4.8508
200 iterations
f(b) = 27.7009
Frob norm 2 after updating B : 4.85113
Iteration number -------- 74  -----------
lambda : 1.4392
max_diff => 0.0601982
performed mixing
Frob norm 1 after updating U: 4.85096
200 iterations
f(b) = 27.714
Frob norm 2 after updating B : 4.85124
Iteration number -------- 75  -----------
lambda : 1.4464
max_diff => 0.0601814
performed mixing
Frob norm 1 after updating U: 4.85106
200 iterations
f(b) = 27.7361
Frob norm 2 after updating B : 4.85127
Iteration number -------- 76  -----------
lambda : 1.45363
max_diff => 0.0601772
performed mixing
Frob norm 1 after updating U: 4.85114
200 iterations
f(b) = 27.7445
Frob norm 2 after updating B : 4.85148
Iteration number -------- 77  -----------
lambda : 1.4609
max_diff => 0.0601666
performed mixing
Frob norm 1 after updating U: 4.8513
200 iterations
f(b) = 27.753
Frob norm 2 after updating B : 4.85175
Iteration number -------- 78  -----------
lambda : 1.46821
max_diff => 0.0601419
performed mixing
Frob norm 1 after updating U: 4.85151
200 iterations
f(b) = 27.7648
Frob norm 2 after updating B : 4.85192
Iteration number -------- 79  -----------
lambda : 1.47555
max_diff => 0.0601345
performed mixing
Frob norm 1 after updating U: 4.85166
200 iterations
f(b) = 27.7815
Frob norm 2 after updating B : 4.85203
Iteration number -------- 80  -----------
lambda : 1.48292
max_diff => 0.0601211
performed mixing
Frob norm 1 after updating U: 4.85181
200 iterations
f(b) = 27.793
Frob norm 2 after updating B : 4.85219
Iteration number -------- 81  -----------
lambda : 1.49034
max_diff => 0.0601024
performed mixing
Frob norm 1 after updating U: 4.85197
200 iterations
f(b) = 27.8044
Frob norm 2 after updating B : 4.85251
Iteration number -------- 82  -----------
lambda : 1.49779
max_diff => 0.060069
performed mixing
Frob norm 1 after updating U: 4.85226
200 iterations
f(b) = 27.8196
Frob norm 2 after updating B : 4.85281
Iteration number -------- 83  -----------
lambda : 1.50528
max_diff => 0.0600711
performed mixing
Frob norm 1 after updating U: 4.85255
200 iterations
f(b) = 27.8359
Frob norm 2 after updating B : 4.85288
Iteration number -------- 84  -----------
lambda : 1.51281
max_diff => 0.0600558
performed mixing
Frob norm 1 after updating U: 4.85261
200 iterations
f(b) = 27.8447
Frob norm 2 after updating B : 4.85321
Iteration number -------- 85  -----------
lambda : 1.52037
max_diff => 0.0600175
performed mixing
Frob norm 1 after updating U: 4.85298
200 iterations
f(b) = 27.858
Frob norm 2 after updating B : 4.85333
Iteration number -------- 86  -----------
lambda : 1.52797
max_diff => 0.0600057
performed mixing
Frob norm 1 after updating U: 4.8531
200 iterations
f(b) = 27.8738
Frob norm 2 after updating B : 4.85352
Iteration number -------- 87  -----------
lambda : 1.53561
max_diff => 0.060008
performed mixing
Frob norm 1 after updating U: 4.85332
200 iterations
f(b) = 27.8925
Frob norm 2 after updating B : 4.85406
Iteration number -------- 88  -----------
lambda : 1.54329
max_diff => 0.0600029
performed mixing
Frob norm 1 after updating U: 4.85382
200 iterations
f(b) = 27.894
Frob norm 2 after updating B : 4.85433
Iteration number -------- 89  -----------
lambda : 1.55101
max_diff => 0.0599813
performed mixing
Frob norm 1 after updating U: 4.85408
200 iterations
f(b) = 27.9148
Frob norm 2 after updating B : 4.85454
Iteration number -------- 90  -----------
lambda : 1.55876
max_diff => 0.0599757
performed mixing
Frob norm 1 after updating U: 4.85431
200 iterations
f(b) = 27.9285
Frob norm 2 after updating B : 4.85473
Iteration number -------- 91  -----------
lambda : 1.56655
max_diff => 0.0599622
performed mixing
Frob norm 1 after updating U: 4.85453
200 iterations
f(b) = 27.9481
Frob norm 2 after updating B : 4.85495
Iteration number -------- 92  -----------
lambda : 1.57439
max_diff => 0.0599505
performed mixing
Frob norm 1 after updating U: 4.85476
200 iterations
f(b) = 27.9532
Frob norm 2 after updating B : 4.85528
Iteration number -------- 93  -----------
lambda : 1.58226
max_diff => 0.0599355
performed mixing
Frob norm 1 after updating U: 4.85507
200 iterations
f(b) = 27.9731
Frob norm 2 after updating B : 4.85554
Iteration number -------- 94  -----------
lambda : 1.59017
max_diff => 0.0599277
performed mixing
Frob norm 1 after updating U: 4.85533
200 iterations
f(b) = 27.9798
Frob norm 2 after updating B : 4.85584
Iteration number -------- 95  -----------
lambda : 1.59812
max_diff => 0.0599173
performed mixing
Frob norm 1 after updating U: 4.85564
200 iterations
f(b) = 28.0004
Frob norm 2 after updating B : 4.85603
Iteration number -------- 96  -----------
lambda : 1.60611
max_diff => 0.0599008
performed mixing
Frob norm 1 after updating U: 4.85585
200 iterations
f(b) = 28.0137
Frob norm 2 after updating B : 4.85639
Iteration number -------- 97  -----------
lambda : 1.61414
max_diff => 0.0598816
performed mixing
Frob norm 1 after updating U: 4.85618
200 iterations
f(b) = 28.026
Frob norm 2 after updating B : 4.85686
Iteration number -------- 98  -----------
lambda : 1.62221
max_diff => 0.0598581
performed mixing
Frob norm 1 after updating U: 4.85665
200 iterations
f(b) = 28.0421
Frob norm 2 after updating B : 4.85711
Iteration number -------- 99  -----------
lambda : 1.63032
max_diff => 0.0598377
performed mixing
Frob norm 1 after updating U: 4.85693
200 iterations
f(b) = 28.0521
Frob norm 2 after updating B : 4.8576
Iteration number -------- 100  -----------
lambda : 1.63848
max_diff => 0.0598086
