Academic license - for non-commercial use only
Frob norm 1 after updating U: 13.8826
200 iterations
f(b) = 86.2417
Frob norm 2 after updating B : 8.30677
Iteration number -------- 1  -----------
lambda : 1
max_diff => 0.155018
performed mixing
Frob norm 1 after updating U: 6.43491
200 iterations
f(b) = 72.0493
Frob norm 2 after updating B : 7.64329
Iteration number -------- 2  -----------
lambda : 1.005
max_diff => 0.134625
performed mixing
Frob norm 1 after updating U: 5.92648
200 iterations
f(b) = 63.1639
Frob norm 2 after updating B : 7.15787
Iteration number -------- 3  -----------
lambda : 1.01002
max_diff => 0.125369
performed mixing
Frob norm 1 after updating U: 5.79185
200 iterations
f(b) = 56.3221
Frob norm 2 after updating B : 6.7531
Iteration number -------- 4  -----------
lambda : 1.01508
max_diff => 0.119545
performed mixing
Frob norm 1 after updating U: 5.71688
200 iterations
f(b) = 51.4491
Frob norm 2 after updating B : 6.41505
Iteration number -------- 5  -----------
lambda : 1.02015
max_diff => 0.119353
performed mixing
Frob norm 1 after updating U: 5.65769
200 iterations
f(b) = 47.9248
Frob norm 2 after updating B : 6.16859
Iteration number -------- 6  -----------
lambda : 1.02525
max_diff => 0.119139
performed mixing
Frob norm 1 after updating U: 5.61029
200 iterations
f(b) = 45.6408
Frob norm 2 after updating B : 5.97567
Iteration number -------- 7  -----------
lambda : 1.03038
max_diff => 0.11915
performed mixing
Frob norm 1 after updating U: 5.60824
200 iterations
f(b) = 43.7562
Frob norm 2 after updating B : 5.83908
Iteration number -------- 8  -----------
lambda : 1.03553
max_diff => 0.12032
performed mixing
Frob norm 1 after updating U: 5.54057
200 iterations
f(b) = 42.2599
Frob norm 2 after updating B : 5.73802
Iteration number -------- 9  -----------
lambda : 1.04071
max_diff => 0.122976
performed mixing
Frob norm 1 after updating U: 5.48714
200 iterations
f(b) = 40.5587
Frob norm 2 after updating B : 5.7167
Iteration number -------- 10  -----------
lambda : 1.04591
max_diff => 0.124542
performed mixing
Frob norm 1 after updating U: 5.34336
200 iterations
f(b) = 38.5039
Frob norm 2 after updating B : 5.65304
Iteration number -------- 11  -----------
lambda : 1.05114
max_diff => 0.1251
performed mixing
Frob norm 1 after updating U: 5.2885
200 iterations
f(b) = 36.9847
Frob norm 2 after updating B : 5.52839
Iteration number -------- 12  -----------
lambda : 1.0564
max_diff => 0.12468
performed mixing
Frob norm 1 after updating U: 5.26812
200 iterations
f(b) = 35.4793
Frob norm 2 after updating B : 5.43814
Iteration number -------- 13  -----------
lambda : 1.06168
max_diff => 0.122963
performed mixing
Frob norm 1 after updating U: 5.20416
200 iterations
f(b) = 34.2297
Frob norm 2 after updating B : 5.36552
Iteration number -------- 14  -----------
lambda : 1.06699
max_diff => 0.121766
performed mixing
Frob norm 1 after updating U: 5.17998
200 iterations
f(b) = 33.4792
Frob norm 2 after updating B : 5.30029
Iteration number -------- 15  -----------
lambda : 1.07232
max_diff => 0.121718
performed mixing
Frob norm 1 after updating U: 5.17952
200 iterations
f(b) = 32.7771
Frob norm 2 after updating B : 5.25737
Iteration number -------- 16  -----------
lambda : 1.07768
max_diff => 0.117726
performed mixing
Frob norm 1 after updating U: 5.15048
200 iterations
f(b) = 32.2829
Frob norm 2 after updating B : 5.2214
Iteration number -------- 17  -----------
lambda : 1.08307
max_diff => 0.116638
performed mixing
Frob norm 1 after updating U: 5.14242
200 iterations
f(b) = 32.0335
Frob norm 2 after updating B : 5.19351
Iteration number -------- 18  -----------
lambda : 1.08849
max_diff => 0.116546
performed mixing
Frob norm 1 after updating U: 5.14202
200 iterations
f(b) = 31.8596
Frob norm 2 after updating B : 5.17511
Iteration number -------- 19  -----------
lambda : 1.09393
max_diff => 0.116419
performed mixing
Frob norm 1 after updating U: 5.1414
200 iterations
f(b) = 31.7459
Frob norm 2 after updating B : 5.1622
Iteration number -------- 20  -----------
lambda : 1.0994
max_diff => 0.116002
performed mixing
Frob norm 1 after updating U: 5.13891
200 iterations
f(b) = 31.6804
Frob norm 2 after updating B : 5.15367
Iteration number -------- 21  -----------
lambda : 1.1049
max_diff => 0.115799
performed mixing
Frob norm 1 after updating U: 5.13822
200 iterations
f(b) = 31.479
Frob norm 2 after updating B : 5.14611
Iteration number -------- 22  -----------
lambda : 1.11042
max_diff => 0.108437
performed mixing
Frob norm 1 after updating U: 5.1138
200 iterations
f(b) = 31.41
Frob norm 2 after updating B : 5.13471
Iteration number -------- 23  -----------
lambda : 1.11597
max_diff => 0.10828
performed mixing
Frob norm 1 after updating U: 5.1138
200 iterations
f(b) = 31.3589
Frob norm 2 after updating B : 5.1273
Iteration number -------- 24  -----------
lambda : 1.12155
max_diff => 0.108166
performed mixing
Frob norm 1 after updating U: 5.11369
200 iterations
f(b) = 31.3278
Frob norm 2 after updating B : 5.12245
Iteration number -------- 25  -----------
lambda : 1.12716
max_diff => 0.107915
performed mixing
Frob norm 1 after updating U: 5.11339
200 iterations
f(b) = 31.3183
Frob norm 2 after updating B : 5.1191
Iteration number -------- 26  -----------
lambda : 1.1328
max_diff => 0.10772
performed mixing
Frob norm 1 after updating U: 5.11304
200 iterations
f(b) = 31.3053
Frob norm 2 after updating B : 5.11679
Iteration number -------- 27  -----------
lambda : 1.13846
max_diff => 0.107281
performed mixing
Frob norm 1 after updating U: 5.11247
200 iterations
f(b) = 31.2945
Frob norm 2 after updating B : 5.1148
Iteration number -------- 28  -----------
lambda : 1.14415
max_diff => 0.106499
performed mixing
Frob norm 1 after updating U: 5.11135
200 iterations
f(b) = 31.1389
Frob norm 2 after updating B : 5.11425
Iteration number -------- 29  -----------
lambda : 1.14987
max_diff => 0.0982104
performed mixing
Frob norm 1 after updating U: 5.10032
200 iterations
f(b) = 31.1434
Frob norm 2 after updating B : 5.10927
Iteration number -------- 30  -----------
lambda : 1.15562
max_diff => 0.0980766
performed mixing
Frob norm 1 after updating U: 5.10018
200 iterations
f(b) = 31.1346
Frob norm 2 after updating B : 5.10606
Iteration number -------- 31  -----------
lambda : 1.1614
max_diff => 0.0979099
performed mixing
Frob norm 1 after updating U: 5.10012
200 iterations
f(b) = 31.1315
Frob norm 2 after updating B : 5.10387
Iteration number -------- 32  -----------
lambda : 1.16721
max_diff => 0.0974988
performed mixing
Frob norm 1 after updating U: 5.09979
200 iterations
f(b) = 31.1401
Frob norm 2 after updating B : 5.10233
Iteration number -------- 33  -----------
lambda : 1.17304
max_diff => 0.0971747
performed mixing
Frob norm 1 after updating U: 5.09951
200 iterations
f(b) = 31.1529
Frob norm 2 after updating B : 5.1012
Iteration number -------- 34  -----------
lambda : 1.17891
max_diff => 0.0968951
performed mixing
Frob norm 1 after updating U: 5.09925
200 iterations
f(b) = 31.1649
Frob norm 2 after updating B : 5.10031
Iteration number -------- 35  -----------
lambda : 1.1848
max_diff => 0.0965168
performed mixing
Frob norm 1 after updating U: 5.09889
200 iterations
f(b) = 31.1714
Frob norm 2 after updating B : 5.09958
Iteration number -------- 36  -----------
lambda : 1.19073
max_diff => 0.0961118
performed mixing
Frob norm 1 after updating U: 5.09846
200 iterations
f(b) = 31.1867
Frob norm 2 after updating B : 5.09876
Iteration number -------- 37  -----------
lambda : 1.19668
max_diff => 0.0953686
performed mixing
Frob norm 1 after updating U: 5.09771
200 iterations
f(b) = 31.1955
Frob norm 2 after updating B : 5.09806
Iteration number -------- 38  -----------
lambda : 1.20266
max_diff => 0.0948185
performed mixing
Frob norm 1 after updating U: 5.09718
200 iterations
f(b) = 31.2073
Frob norm 2 after updating B : 5.09745
Iteration number -------- 39  -----------
lambda : 1.20868
max_diff => 0.0941685
performed mixing
Frob norm 1 after updating U: 5.09665
200 iterations
f(b) = 31.2207
Frob norm 2 after updating B : 5.09689
Iteration number -------- 40  -----------
lambda : 1.21472
max_diff => 0.0935803
performed mixing
Frob norm 1 after updating U: 5.09618
200 iterations
f(b) = 31.2198
Frob norm 2 after updating B : 5.09602
Iteration number -------- 41  -----------
lambda : 1.22079
max_diff => 0.0924663
performed mixing
Frob norm 1 after updating U: 5.09521
200 iterations
f(b) = 31.2626
Frob norm 2 after updating B : 5.09509
Iteration number -------- 42  -----------
lambda : 1.2269
max_diff => 0.091607
performed mixing
Frob norm 1 after updating U: 5.09427
200 iterations
f(b) = 31.2487
Frob norm 2 after updating B : 5.09499
Iteration number -------- 43  -----------
lambda : 1.23303
max_diff => 0.0910657
performed mixing
Frob norm 1 after updating U: 5.09432
200 iterations
f(b) = 31.2659
Frob norm 2 after updating B : 5.09446
Iteration number -------- 44  -----------
lambda : 1.2392
max_diff => 0.0903475
performed mixing
Frob norm 1 after updating U: 5.0938
200 iterations
f(b) = 31.0893
Frob norm 2 after updating B : 5.10529
Iteration number -------- 45  -----------
lambda : 1.24539
max_diff => 0.0726864
performed mixing
Frob norm 1 after updating U: 5.08577
200 iterations
f(b) = 31.0741
Frob norm 2 after updating B : 5.09841
Iteration number -------- 46  -----------
lambda : 1.25162
max_diff => 0.0724902
performed mixing
Frob norm 1 after updating U: 5.08583
200 iterations
f(b) = 31.0528
Frob norm 2 after updating B : 5.09393
Iteration number -------- 47  -----------
lambda : 1.25788
max_diff => 0.0722815
performed mixing
Frob norm 1 after updating U: 5.08578
200 iterations
f(b) = 31.0408
Frob norm 2 after updating B : 5.0911
Iteration number -------- 48  -----------
lambda : 1.26417
max_diff => 0.0719367
performed mixing
Frob norm 1 after updating U: 5.08572
200 iterations
f(b) = 31.0429
Frob norm 2 after updating B : 5.0892
Iteration number -------- 49  -----------
lambda : 1.27049
max_diff => 0.0716615
performed mixing
Frob norm 1 after updating U: 5.08566
200 iterations
f(b) = 31.0509
Frob norm 2 after updating B : 5.08792
Iteration number -------- 50  -----------
lambda : 1.27684
max_diff => 0.0713656
performed mixing
Frob norm 1 after updating U: 5.08558
200 iterations
f(b) = 31.074
Frob norm 2 after updating B : 5.0871
Iteration number -------- 51  -----------
lambda : 1.28323
max_diff => 0.0711542
performed mixing
Frob norm 1 after updating U: 5.08557
200 iterations
f(b) = 31.0814
Frob norm 2 after updating B : 5.08652
Iteration number -------- 52  -----------
lambda : 1.28964
max_diff => 0.0707627
performed mixing
Frob norm 1 after updating U: 5.08548
200 iterations
f(b) = 30.8946
Frob norm 2 after updating B : 5.10736
Iteration number -------- 53  -----------
lambda : 1.29609
max_diff => 0.0621504
performed mixing
Frob norm 1 after updating U: 5.08618
200 iterations
f(b) = 30.8767
Frob norm 2 after updating B : 5.09964
Iteration number -------- 54  -----------
lambda : 1.30257
max_diff => 0.0621444
performed mixing
Frob norm 1 after updating U: 5.08612
200 iterations
f(b) = 30.849
Frob norm 2 after updating B : 5.09479
Iteration number -------- 55  -----------
lambda : 1.30908
max_diff => 0.0621395
performed mixing
Frob norm 1 after updating U: 5.08615
200 iterations
f(b) = 30.8413
Frob norm 2 after updating B : 5.09169
Iteration number -------- 56  -----------
lambda : 1.31563
max_diff => 0.0621321
performed mixing
Frob norm 1 after updating U: 5.08619
200 iterations
f(b) = 30.8422
Frob norm 2 after updating B : 5.08981
Iteration number -------- 57  -----------
lambda : 1.32221
max_diff => 0.0621229
performed mixing
Frob norm 1 after updating U: 5.08626
200 iterations
f(b) = 30.8483
Frob norm 2 after updating B : 5.08851
Iteration number -------- 58  -----------
lambda : 1.32882
max_diff => 0.0621172
performed mixing
Frob norm 1 after updating U: 5.08627
200 iterations
f(b) = 30.8517
Frob norm 2 after updating B : 5.08789
Iteration number -------- 59  -----------
lambda : 1.33546
max_diff => 0.0620967
performed mixing
Frob norm 1 after updating U: 5.08633
200 iterations
f(b) = 30.8636
Frob norm 2 after updating B : 5.08741
Iteration number -------- 60  -----------
lambda : 1.34214
max_diff => 0.0620852
performed mixing
Frob norm 1 after updating U: 5.08635
200 iterations
f(b) = 30.878
Frob norm 2 after updating B : 5.08699
Iteration number -------- 61  -----------
lambda : 1.34885
max_diff => 0.0620733
performed mixing
Frob norm 1 after updating U: 5.08638
200 iterations
f(b) = 30.8901
Frob norm 2 after updating B : 5.0869
Iteration number -------- 62  -----------
lambda : 1.35559
max_diff => 0.0620572
performed mixing
Frob norm 1 after updating U: 5.08649
200 iterations
f(b) = 30.8989
Frob norm 2 after updating B : 5.08679
Iteration number -------- 63  -----------
lambda : 1.36237
max_diff => 0.0620303
performed mixing
Frob norm 1 after updating U: 5.08655
200 iterations
f(b) = 30.5978
Frob norm 2 after updating B : 5.12008
Iteration number -------- 64  -----------
lambda : 1.36918
max_diff => 0.0609253
performed mixing
Frob norm 1 after updating U: 5.09533
200 iterations
f(b) = 30.55
Frob norm 2 after updating B : 5.11107
Iteration number -------- 65  -----------
lambda : 1.37603
max_diff => 0.0609098
performed mixing
Frob norm 1 after updating U: 5.09582
200 iterations
f(b) = 30.5103
Frob norm 2 after updating B : 5.10515
Iteration number -------- 66  -----------
lambda : 1.38291
max_diff => 0.0609018
performed mixing
Frob norm 1 after updating U: 5.09587
200 iterations
f(b) = 30.488
Frob norm 2 after updating B : 5.1018
Iteration number -------- 67  -----------
lambda : 1.38982
max_diff => 0.0608847
performed mixing
Frob norm 1 after updating U: 5.09605
200 iterations
f(b) = 30.4819
Frob norm 2 after updating B : 5.0997
Iteration number -------- 68  -----------
lambda : 1.39677
max_diff => 0.0608716
performed mixing
Frob norm 1 after updating U: 5.09621
200 iterations
f(b) = 30.4642
Frob norm 2 after updating B : 5.09895
Iteration number -------- 69  -----------
lambda : 1.40376
max_diff => 0.0608308
performed mixing
Frob norm 1 after updating U: 5.09656
200 iterations
f(b) = 30.4664
Frob norm 2 after updating B : 5.09849
Iteration number -------- 70  -----------
lambda : 1.41078
max_diff => 0.0607975
performed mixing
Frob norm 1 after updating U: 5.0969
200 iterations
f(b) = 30.1111
Frob norm 2 after updating B : 5.17134
Iteration number -------- 71  -----------
lambda : 1.41783
max_diff => 0.0594863
performed mixing
Frob norm 1 after updating U: 5.12042
200 iterations
f(b) = 29.9772
Frob norm 2 after updating B : 5.1537
Iteration number -------- 72  -----------
lambda : 1.42492
max_diff => 0.0594786
performed mixing
Frob norm 1 after updating U: 5.12101
200 iterations
f(b) = 29.8715
Frob norm 2 after updating B : 5.14262
Iteration number -------- 73  -----------
lambda : 1.43204
max_diff => 0.0594636
performed mixing
Frob norm 1 after updating U: 5.12147
200 iterations
f(b) = 29.8033
Frob norm 2 after updating B : 5.13532
Iteration number -------- 74  -----------
lambda : 1.4392
max_diff => 0.0594498
performed mixing
Frob norm 1 after updating U: 5.12153
200 iterations
f(b) = 29.7634
Frob norm 2 after updating B : 5.13083
Iteration number -------- 75  -----------
lambda : 1.4464
max_diff => 0.0594323
performed mixing
Frob norm 1 after updating U: 5.12161
200 iterations
f(b) = 29.6077
Frob norm 2 after updating B : 5.13386
Iteration number -------- 76  -----------
lambda : 1.45363
max_diff => 0.0591861
performed mixing
Frob norm 1 after updating U: 5.1215
200 iterations
f(b) = 29.6034
Frob norm 2 after updating B : 5.12939
Iteration number -------- 77  -----------
lambda : 1.4609
max_diff => 0.0591759
performed mixing
Frob norm 1 after updating U: 5.12139
200 iterations
f(b) = 29.5849
Frob norm 2 after updating B : 5.12615
Iteration number -------- 78  -----------
lambda : 1.46821
max_diff => 0.0591692
performed mixing
Frob norm 1 after updating U: 5.1209
200 iterations
f(b) = 29.5707
Frob norm 2 after updating B : 5.12332
Iteration number -------- 79  -----------
lambda : 1.47555
max_diff => 0.0591413
performed mixing
Frob norm 1 after updating U: 5.11971
200 iterations
f(b) = 29.5561
Frob norm 2 after updating B : 5.12009
Iteration number -------- 80  -----------
lambda : 1.48292
max_diff => 0.05911
performed mixing
Frob norm 1 after updating U: 5.11743
200 iterations
f(b) = 29.5683
Frob norm 2 after updating B : 5.11807
Iteration number -------- 81  -----------
lambda : 1.49034
max_diff => 0.0590958
performed mixing
Frob norm 1 after updating U: 5.11617
200 iterations
f(b) = 29.5681
Frob norm 2 after updating B : 5.11609
Iteration number -------- 82  -----------
lambda : 1.49779
max_diff => 0.0590696
performed mixing
Frob norm 1 after updating U: 5.11468
200 iterations
f(b) = 29.6041
Frob norm 2 after updating B : 5.11394
Iteration number -------- 83  -----------
lambda : 1.50528
max_diff => 0.0590446
performed mixing
Frob norm 1 after updating U: 5.11285
200 iterations
f(b) = 23.9192
Frob norm 2 after updating B : 4.58016
Iteration number -------- 84  -----------
lambda : 1.51281
max_diff => 0.066413
performed mixing
Frob norm 1 after updating U: 3.53807
200 iterations
f(b) = 18.0257
Frob norm 2 after updating B : 4.02603
Iteration number -------- 85  -----------
lambda : 1.52037
max_diff => 0.0598208
performed mixing
Frob norm 1 after updating U: 3.08445
200 iterations
f(b) = 14.8486
Frob norm 2 after updating B : 3.66335
Iteration number -------- 86  -----------
lambda : 1.52797
max_diff => 0.0570247
performed mixing
Frob norm 1 after updating U: 3.00673
200 iterations
f(b) = 13.3029
Frob norm 2 after updating B : 3.44235
Iteration number -------- 87  -----------
lambda : 1.53561
max_diff => 0.0570281
performed mixing
Frob norm 1 after updating U: 3.0073
200 iterations
f(b) = 12.2983
Frob norm 2 after updating B : 3.29314
Iteration number -------- 88  -----------
lambda : 1.54329
max_diff => 0.0570267
performed mixing
Frob norm 1 after updating U: 3.00756
200 iterations
f(b) = 11.6661
Frob norm 2 after updating B : 3.19312
Iteration number -------- 89  -----------
lambda : 1.55101
max_diff => 0.0570007
performed mixing
Frob norm 1 after updating U: 3.00646
200 iterations
f(b) = 11.2509
Frob norm 2 after updating B : 3.12815
Iteration number -------- 90  -----------
lambda : 1.55876
max_diff => 0.0570028
performed mixing
Frob norm 1 after updating U: 3.00705
200 iterations
f(b) = 10.985
Frob norm 2 after updating B : 3.08592
Iteration number -------- 91  -----------
lambda : 1.56655
max_diff => 0.0570026
performed mixing
Frob norm 1 after updating U: 3.00767
200 iterations
f(b) = 10.8218
Frob norm 2 after updating B : 3.0586
Iteration number -------- 92  -----------
lambda : 1.57439
max_diff => 0.0570089
performed mixing
Frob norm 1 after updating U: 3.00811
200 iterations
f(b) = 10.718
Frob norm 2 after updating B : 3.04118
Iteration number -------- 93  -----------
lambda : 1.58226
max_diff => 0.0570244
performed mixing
Frob norm 1 after updating U: 3.00863
200 iterations
f(b) = 10.6471
Frob norm 2 after updating B : 3.03033
Iteration number -------- 94  -----------
lambda : 1.59017
max_diff => 0.0570362
performed mixing
Frob norm 1 after updating U: 3.00929
200 iterations
f(b) = 10.6062
Frob norm 2 after updating B : 3.02381
Iteration number -------- 95  -----------
lambda : 1.59812
max_diff => 0.0570206
performed mixing
Frob norm 1 after updating U: 3.0102
200 iterations
f(b) = 10.5916
Frob norm 2 after updating B : 3.01933
Iteration number -------- 96  -----------
lambda : 1.60611
max_diff => 0.0570346
performed mixing
Frob norm 1 after updating U: 3.01054
200 iterations
f(b) = 10.5709
Frob norm 2 after updating B : 3.01747
Iteration number -------- 97  -----------
lambda : 1.61414
max_diff => 0.057057
performed mixing
Frob norm 1 after updating U: 3.01167
200 iterations
f(b) = 10.5645
Frob norm 2 after updating B : 3.01593
Iteration number -------- 98  -----------
lambda : 1.62221
max_diff => 0.0570679
performed mixing
Frob norm 1 after updating U: 3.01213
200 iterations
f(b) = 10.5602
Frob norm 2 after updating B : 3.01531
Iteration number -------- 99  -----------
lambda : 1.63032
max_diff => 0.0570742
performed mixing
Frob norm 1 after updating U: 3.01279
200 iterations
f(b) = 10.5496
Frob norm 2 after updating B : 3.01576
Iteration number -------- 100  -----------
lambda : 1.63848
max_diff => 0.0571071
