Academic license - for non-commercial use only
Frob norm 1 after updating U: 15.2462
200 iterations
f(b) = 98.3463
Frob norm 2 after updating B : 9.39528
Iteration number -------- 1  -----------
lambda : 1
max_diff => 0.115461
performed mixing
Frob norm 1 after updating U: 8.17682
200 iterations
f(b) = 89.451
Frob norm 2 after updating B : 8.94192
Iteration number -------- 2  -----------
lambda : 1.005
max_diff => 0.0968258
performed mixing
Frob norm 1 after updating U: 7.70372
200 iterations
f(b) = 80.7366
Frob norm 2 after updating B : 8.47298
Iteration number -------- 3  -----------
lambda : 1.01002
max_diff => 0.0906106
performed mixing
Frob norm 1 after updating U: 6.99176
200 iterations
f(b) = 65.0894
Frob norm 2 after updating B : 7.60414
Iteration number -------- 4  -----------
lambda : 1.01508
max_diff => 0.126129
performed mixing
Frob norm 1 after updating U: 5.21119
200 iterations
f(b) = 51.1187
Frob norm 2 after updating B : 6.78956
Iteration number -------- 5  -----------
lambda : 1.02015
max_diff => 0.339695
performed mixing
Frob norm 1 after updating U: 3.973
200 iterations
f(b) = 40.1619
Frob norm 2 after updating B : 6.04261
Iteration number -------- 6  -----------
lambda : 1.02525
max_diff => 0.332594
performed mixing
Frob norm 1 after updating U: 3.46322
200 iterations
f(b) = 32.161
Frob norm 2 after updating B : 5.35666
Iteration number -------- 7  -----------
lambda : 1.03038
max_diff => 0.311299
performed mixing
Frob norm 1 after updating U: 3.18867
200 iterations
f(b) = 26.4069
Frob norm 2 after updating B : 4.76139
Iteration number -------- 8  -----------
lambda : 1.03553
max_diff => 0.267498
performed mixing
Frob norm 1 after updating U: 3.02169
200 iterations
f(b) = 22.1219
Frob norm 2 after updating B : 4.31322
Iteration number -------- 9  -----------
lambda : 1.04071
max_diff => 0.218424
performed mixing
Frob norm 1 after updating U: 2.89915
200 iterations
f(b) = 18.8936
Frob norm 2 after updating B : 3.931
Iteration number -------- 10  -----------
lambda : 1.04591
max_diff => 0.169839
performed mixing
Frob norm 1 after updating U: 2.78009
200 iterations
f(b) = 12.9529
Frob norm 2 after updating B : 3.14892
Iteration number -------- 11  -----------
lambda : 1.05114
max_diff => 0.181154
performed mixing
Frob norm 1 after updating U: 1.16692
200 iterations
f(b) = 9.75736
Frob norm 2 after updating B : 2.70071
Iteration number -------- 12  -----------
lambda : 1.0564
max_diff => 0.119477
performed mixing
Frob norm 1 after updating U: 0.931368
200 iterations
f(b) = 7.4709
Frob norm 2 after updating B : 2.33968
Iteration number -------- 13  -----------
lambda : 1.06168
max_diff => 0.0848782
performed mixing
Frob norm 1 after updating U: 0.781464
200 iterations
f(b) = 5.70038
Frob norm 2 after updating B : 2.00272
Iteration number -------- 14  -----------
lambda : 1.06699
max_diff => 0.0642156
performed mixing
Frob norm 1 after updating U: 0.684941
200 iterations
f(b) = 4.36564
Frob norm 2 after updating B : 1.76667
Iteration number -------- 15  -----------
lambda : 1.07232
max_diff => 0.033652
performed mixing
Frob norm 1 after updating U: 0.514952
200 iterations
f(b) = 3.39165
Frob norm 2 after updating B : 1.45679
Iteration number -------- 16  -----------
lambda : 1.07768
max_diff => 0.0332124
performed mixing
Frob norm 1 after updating U: 0.512268
200 iterations
f(b) = 2.74487
Frob norm 2 after updating B : 1.21434
Iteration number -------- 17  -----------
lambda : 1.08307
max_diff => 0.0328872
performed mixing
Frob norm 1 after updating U: 0.509946
200 iterations
f(b) = 2.11339
Frob norm 2 after updating B : 1.18069
Iteration number -------- 18  -----------
lambda : 1.08849
max_diff => 0.0131419
performed mixing
Frob norm 1 after updating U: 0.33554
200 iterations
f(b) = 1.68573
Frob norm 2 after updating B : 0.976908
Iteration number -------- 19  -----------
lambda : 1.09393
max_diff => 0.0127903
performed mixing
Frob norm 1 after updating U: 0.331077
200 iterations
f(b) = 1.27451
Frob norm 2 after updating B : 0.97715
Iteration number -------- 20  -----------
lambda : 1.0994
max_diff => 0.00312447
performed mixing
Frob norm 1 after updating U: 0.165799
200 iterations
f(b) = 0.967097
Frob norm 2 after updating B : 0.794365
Iteration number -------- 21  -----------
lambda : 1.1049
max_diff => 0.00307344
performed mixing
Frob norm 1 after updating U: 0.164394
200 iterations
f(b) = 0.672953
Frob norm 2 after updating B : 0.7485
Iteration number -------- 22  -----------
lambda : 1.11042
max_diff => 0.000835669
performed mixing
Frob norm 1 after updating U: 0.0958633
200 iterations
f(b) = 0.509081
Frob norm 2 after updating B : 0.605006
Iteration number -------- 23  -----------
lambda : 1.11597
max_diff => 0.000820869
performed mixing
Frob norm 1 after updating U: 0.0952417
200 iterations
f(b) = 0.381817
Frob norm 2 after updating B : 0.491909
Iteration number -------- 24  -----------
lambda : 1.12155
max_diff => 0.00078
performed mixing
Frob norm 1 after updating U: 0.0935178
200 iterations
f(b) = 0.231836
Frob norm 2 after updating B : 0.460996
Iteration number -------- 25  -----------
lambda : 1.12716
max_diff => 1.43463e-06
performed mixing
Frob norm 1 after updating U: 0.015502
200 iterations
f(b) = 0.182252
Frob norm 2 after updating B : 0.369717
Iteration number -------- 26  -----------
lambda : 1.1328
max_diff => 2.68471e-07
performed mixing
Frob norm 1 after updating U: 0.0149695
200 iterations
f(b) = 0.136384
Frob norm 2 after updating B : 0.296447
Iteration number -------- 27  -----------
lambda : 1.13846
max_diff => 5.38473e-08
performed mixing
Frob norm 1 after updating U: 0.0147314
200 iterations
f(b) = 0.104662
Frob norm 2 after updating B : 0.237288
Iteration number -------- 28  -----------
lambda : 1.14415
max_diff => 6.26104e-08
performed mixing
Frob norm 1 after updating U: 0.0148837
200 iterations
f(b) = 0.0858449
Frob norm 2 after updating B : 0.190273
Iteration number -------- 29  -----------
lambda : 1.14987
max_diff => 4.999e-08
performed mixing
Frob norm 1 after updating U: 0.0148796
200 iterations
f(b) = 0.071425
Frob norm 2 after updating B : 0.152572
Iteration number -------- 30  -----------
lambda : 1.15562
max_diff => 4.99941e-08
performed mixing
Frob norm 1 after updating U: 0.0146895
200 iterations
f(b) = 0.0608337
Frob norm 2 after updating B : 0.122356
Iteration number -------- 31  -----------
lambda : 1.1614
max_diff => 4.999e-08
performed mixing
Frob norm 1 after updating U: 0.0147717
200 iterations
f(b) = 0.0564049
Frob norm 2 after updating B : 0.0984992
Iteration number -------- 32  -----------
lambda : 1.16721
max_diff => 4.999e-08
performed mixing
Frob norm 1 after updating U: 0.0149133
200 iterations
f(b) = 0.0514521
Frob norm 2 after updating B : 0.0795383
Iteration number -------- 33  -----------
lambda : 1.17304
max_diff => 4.999e-08
performed mixing
Frob norm 1 after updating U: 0.0147635
200 iterations
f(b) = 0.0186632
Frob norm 2 after updating B : 0.064331
Iteration number -------- 34  -----------
lambda : 1.17891
max_diff => 4.999e-08
performed mixing
Frob norm 1 after updating U: 0.0147146
200 iterations
f(b) = 0.0380346
Frob norm 2 after updating B : 0.0519512
Iteration number -------- 35  -----------
lambda : 1.1848
max_diff => 4.999e-08
performed mixing
Frob norm 1 after updating U: 0.0148303
200 iterations
f(b) = 0.0357924
Frob norm 2 after updating B : 0.0426246
Iteration number -------- 36  -----------
lambda : 1.19073
max_diff => 4.999e-08
performed mixing
Frob norm 1 after updating U: 0.0147812
200 iterations
f(b) = 0.01711
Frob norm 2 after updating B : 0.0355849
Iteration number -------- 37  -----------
lambda : 1.19668
max_diff => 4.999e-08
performed mixing
Frob norm 1 after updating U: 0.0148195
200 iterations
f(b) = 0.0149594
Frob norm 2 after updating B : 0.0300182
Iteration number -------- 38  -----------
lambda : 1.20266
max_diff => 4.999e-08
performed mixing
Frob norm 1 after updating U: 0.0147642
200 iterations
f(b) = 0.0198087
Frob norm 2 after updating B : 0.0256381
Iteration number -------- 39  -----------
lambda : 1.20868
max_diff => 4.999e-08
performed mixing
Frob norm 1 after updating U: 0.0147975
200 iterations
f(b) = 0.0154373
Frob norm 2 after updating B : 0.0223262
Iteration number -------- 40  -----------
lambda : 1.21472
max_diff => 4.999e-08
performed mixing
Frob norm 1 after updating U: 0.0148484
200 iterations
f(b) = 0.0149202
Frob norm 2 after updating B : 0.0202655
Iteration number -------- 41  -----------
lambda : 1.22079
max_diff => 4.999e-08
performed mixing
Frob norm 1 after updating U: 0.0147922
200 iterations
f(b) = 0.0200878
Frob norm 2 after updating B : 0.018384
Iteration number -------- 42  -----------
lambda : 1.2269
max_diff => 4.999e-08
performed mixing
Frob norm 1 after updating U: 0.0149241
200 iterations
f(b) = 0.0148922
Frob norm 2 after updating B : 0.0172219
Iteration number -------- 43  -----------
lambda : 1.23303
max_diff => 4.999e-08
performed mixing
Frob norm 1 after updating U: 0.0148964
200 iterations
f(b) = 0.0162481
Frob norm 2 after updating B : 0.016446
Iteration number -------- 44  -----------
lambda : 1.2392
max_diff => 4.999e-08
performed mixing
Frob norm 1 after updating U: 0.0147139
200 iterations
f(b) = 0.0161382
Frob norm 2 after updating B : 0.0156922
Iteration number -------- 45  -----------
lambda : 1.24539
max_diff => 4.999e-08
performed mixing
Frob norm 1 after updating U: 0.0146408
200 iterations
f(b) = 0.0179915
Frob norm 2 after updating B : 0.015287
Iteration number -------- 46  -----------
lambda : 1.25162
max_diff => 4.999e-08
performed mixing
Frob norm 1 after updating U: 0.0145491
200 iterations
f(b) = 0.0162196
Frob norm 2 after updating B : 0.0151802
Iteration number -------- 47  -----------
lambda : 1.25788
max_diff => 4.999e-08
performed mixing
Frob norm 1 after updating U: 0.0147235
200 iterations
f(b) = 0.0152464
Frob norm 2 after updating B : 0.0151515
Iteration number -------- 48  -----------
lambda : 1.26417
max_diff => 4.999e-08
performed mixing
Frob norm 1 after updating U: 0.0147422
200 iterations
f(b) = 0.0191515
Frob norm 2 after updating B : 0.0148038
Iteration number -------- 49  -----------
lambda : 1.27049
max_diff => 4.999e-08
performed mixing
Frob norm 1 after updating U: 0.0145931
200 iterations
f(b) = 0.0156767
Frob norm 2 after updating B : 0.014902
Iteration number -------- 50  -----------
lambda : 1.27684
max_diff => 4.999e-08
performed mixing
Frob norm 1 after updating U: 0.0147367
200 iterations
f(b) = 0.0159999
Frob norm 2 after updating B : 0.0148686
Iteration number -------- 51  -----------
lambda : 1.28323
max_diff => 4.999e-08
performed mixing
Frob norm 1 after updating U: 0.0147421
200 iterations
f(b) = 0.0173085
Frob norm 2 after updating B : 0.0147978
Iteration number -------- 52  -----------
lambda : 1.28964
max_diff => 4.999e-08
performed mixing
Frob norm 1 after updating U: 0.0147296
200 iterations
f(b) = 0.0162294
Frob norm 2 after updating B : 0.0148897
Iteration number -------- 53  -----------
lambda : 1.29609
max_diff => 4.999e-08
performed mixing
Frob norm 1 after updating U: 0.0148358
200 iterations
f(b) = 0.0166445
Frob norm 2 after updating B : 0.0146193
Iteration number -------- 54  -----------
lambda : 1.30257
max_diff => 4.999e-08
performed mixing
Frob norm 1 after updating U: 0.0145589
200 iterations
f(b) = 0.0180188
Frob norm 2 after updating B : 0.0148636
Iteration number -------- 55  -----------
lambda : 1.30908
max_diff => 4.999e-08
performed mixing
Frob norm 1 after updating U: 0.0148382
200 iterations
f(b) = 0.0185308
Frob norm 2 after updating B : 0.0147421
Iteration number -------- 56  -----------
lambda : 1.31563
max_diff => 4.999e-08
performed mixing
Frob norm 1 after updating U: 0.0147061
200 iterations
f(b) = 0.0158371
Frob norm 2 after updating B : 0.0147
Iteration number -------- 57  -----------
lambda : 1.32221
max_diff => 4.999e-08
performed mixing
Frob norm 1 after updating U: 0.0146811
200 iterations
f(b) = 0.0225087
Frob norm 2 after updating B : 0.0147504
Iteration number -------- 58  -----------
lambda : 1.32882
max_diff => 4.999e-08
performed mixing
Frob norm 1 after updating U: 0.0147324
200 iterations
f(b) = 0.017655
Frob norm 2 after updating B : 0.0146905
Iteration number -------- 59  -----------
lambda : 1.33546
max_diff => 4.999e-08
performed mixing
Frob norm 1 after updating U: 0.0146398
200 iterations
f(b) = 0.0174327
Frob norm 2 after updating B : 0.0146551
Iteration number -------- 60  -----------
lambda : 1.34214
max_diff => 4.999e-08
performed mixing
Frob norm 1 after updating U: 0.014653
200 iterations
f(b) = 0.0190401
Frob norm 2 after updating B : 0.0145444
Iteration number -------- 61  -----------
lambda : 1.34885
max_diff => 4.999e-08
performed mixing
Frob norm 1 after updating U: 0.014517
200 iterations
f(b) = 0.0156724
Frob norm 2 after updating B : 0.0146728
Iteration number -------- 62  -----------
lambda : 1.35559
max_diff => 4.999e-08
performed mixing
Frob norm 1 after updating U: 0.0146521
200 iterations
f(b) = 0.0198488
Frob norm 2 after updating B : 0.0144351
Iteration number -------- 63  -----------
lambda : 1.36237
max_diff => 4.999e-08
performed mixing
Frob norm 1 after updating U: 0.014422
200 iterations
f(b) = 0.018219
Frob norm 2 after updating B : 0.0147687
Iteration number -------- 64  -----------
lambda : 1.36918
max_diff => 4.999e-08
performed mixing
Frob norm 1 after updating U: 0.0147624
200 iterations
f(b) = 0.0194442
Frob norm 2 after updating B : 0.0147572
Iteration number -------- 65  -----------
lambda : 1.37603
max_diff => 4.999e-08
performed mixing
Frob norm 1 after updating U: 0.014754
200 iterations
f(b) = 0.0166731
Frob norm 2 after updating B : 0.0148751
Iteration number -------- 66  -----------
lambda : 1.38291
max_diff => 4.999e-08
performed mixing
Frob norm 1 after updating U: 0.0148696
200 iterations
f(b) = 0.027787
Frob norm 2 after updating B : 0.0145321
Iteration number -------- 67  -----------
lambda : 1.38982
max_diff => 4.999e-08
performed mixing
Frob norm 1 after updating U: 0.0145192
200 iterations
f(b) = 0.016657
Frob norm 2 after updating B : 0.0148268
Iteration number -------- 68  -----------
lambda : 1.39677
max_diff => 4.999e-08
performed mixing
Frob norm 1 after updating U: 0.0148165
200 iterations
f(b) = 0.0193989
Frob norm 2 after updating B : 0.0145614
Iteration number -------- 69  -----------
lambda : 1.40376
max_diff => 4.999e-08
performed mixing
Frob norm 1 after updating U: 0.0145372
200 iterations
f(b) = 0.0168336
Frob norm 2 after updating B : 0.0147974
Iteration number -------- 70  -----------
lambda : 1.41078
max_diff => 4.999e-08
performed mixing
Frob norm 1 after updating U: 0.0147897
200 iterations
f(b) = 0.0169446
Frob norm 2 after updating B : 0.0148112
Iteration number -------- 71  -----------
lambda : 1.41783
max_diff => 4.999e-08
performed mixing
Frob norm 1 after updating U: 0.0147969
200 iterations
f(b) = 0.018069
Frob norm 2 after updating B : 0.0146275
Iteration number -------- 72  -----------
lambda : 1.42492
max_diff => 4.999e-08
performed mixing
Frob norm 1 after updating U: 0.0146002
200 iterations
f(b) = 0.0195005
Frob norm 2 after updating B : 0.0146007
Iteration number -------- 73  -----------
lambda : 1.43204
max_diff => 4.999e-08
performed mixing
Frob norm 1 after updating U: 0.0145907
200 iterations
f(b) = 0.0187125
Frob norm 2 after updating B : 0.0148125
Iteration number -------- 74  -----------
lambda : 1.4392
max_diff => 4.999e-08
performed mixing
Frob norm 1 after updating U: 0.0148131
200 iterations
f(b) = 0.0239771
Frob norm 2 after updating B : 0.0146317
Iteration number -------- 75  -----------
lambda : 1.4464
max_diff => 4.999e-08
performed mixing
Frob norm 1 after updating U: 0.0146154
200 iterations
f(b) = 0.0190976
Frob norm 2 after updating B : 0.014703
Iteration number -------- 76  -----------
lambda : 1.45363
max_diff => 4.999e-08
performed mixing
Frob norm 1 after updating U: 0.0147124
200 iterations
f(b) = 0.0205686
Frob norm 2 after updating B : 0.0143921
Iteration number -------- 77  -----------
lambda : 1.4609
max_diff => 4.999e-08
performed mixing
Frob norm 1 after updating U: 0.0143791
200 iterations
f(b) = 0.0189686
Frob norm 2 after updating B : 0.0148839
Iteration number -------- 78  -----------
lambda : 1.46821
max_diff => 4.999e-08
performed mixing
Frob norm 1 after updating U: 0.0148357
200 iterations
f(b) = 0.0197485
Frob norm 2 after updating B : 0.0145824
Iteration number -------- 79  -----------
lambda : 1.47555
max_diff => 4.999e-08
performed mixing
Frob norm 1 after updating U: 0.0145744
200 iterations
f(b) = 0.0211422
Frob norm 2 after updating B : 0.0147037
Iteration number -------- 80  -----------
lambda : 1.48292
max_diff => 4.999e-08
performed mixing
Frob norm 1 after updating U: 0.0146845
200 iterations
f(b) = 0.0187645
Frob norm 2 after updating B : 0.0146538
Iteration number -------- 81  -----------
lambda : 1.49034
max_diff => 4.999e-08
performed mixing
Frob norm 1 after updating U: 0.0146417
200 iterations
f(b) = 0.0182838
Frob norm 2 after updating B : 0.0146852
Iteration number -------- 82  -----------
lambda : 1.49779
max_diff => 4.999e-08
performed mixing
Frob norm 1 after updating U: 0.0146735
200 iterations
f(b) = 0.0172131
Frob norm 2 after updating B : 0.0146349
Iteration number -------- 83  -----------
lambda : 1.50528
max_diff => 4.999e-08
performed mixing
Frob norm 1 after updating U: 0.0146293
200 iterations
f(b) = 0.0213631
Frob norm 2 after updating B : 0.0146852
Iteration number -------- 84  -----------
lambda : 1.51281
max_diff => 4.999e-08
performed mixing
Frob norm 1 after updating U: 0.0146677
200 iterations
f(b) = 0.0183995
Frob norm 2 after updating B : 0.014747
Iteration number -------- 85  -----------
lambda : 1.52037
max_diff => 4.999e-08
performed mixing
Frob norm 1 after updating U: 0.014734
200 iterations
f(b) = 0.0211993
Frob norm 2 after updating B : 0.0147385
Iteration number -------- 86  -----------
lambda : 1.52797
max_diff => 4.999e-08
performed mixing
Frob norm 1 after updating U: 0.0147329
200 iterations
f(b) = 0.0191137
Frob norm 2 after updating B : 0.0146325
Iteration number -------- 87  -----------
lambda : 1.53561
max_diff => 4.999e-08
performed mixing
Frob norm 1 after updating U: 0.0146251
200 iterations
f(b) = 0.0200257
Frob norm 2 after updating B : 0.0146502
Iteration number -------- 88  -----------
lambda : 1.54329
max_diff => 4.999e-08
performed mixing
Frob norm 1 after updating U: 0.0146323
200 iterations
f(b) = 0.0261982
Frob norm 2 after updating B : 0.0146857
Iteration number -------- 89  -----------
lambda : 1.55101
max_diff => 4.999e-08
performed mixing
Frob norm 1 after updating U: 0.0146821
200 iterations
f(b) = 0.0214943
Frob norm 2 after updating B : 0.0147192
Iteration number -------- 90  -----------
lambda : 1.55876
max_diff => 4.999e-08
performed mixing
Frob norm 1 after updating U: 0.0147044
200 iterations
f(b) = 0.0190388
Frob norm 2 after updating B : 0.0148117
Iteration number -------- 91  -----------
lambda : 1.56655
max_diff => 4.999e-08
performed mixing
Frob norm 1 after updating U: 0.0148031
200 iterations
f(b) = 0.0198548
Frob norm 2 after updating B : 0.0147285
Iteration number -------- 92  -----------
lambda : 1.57439
max_diff => 4.999e-08
performed mixing
Frob norm 1 after updating U: 0.0147224
200 iterations
f(b) = 0.0192708
Frob norm 2 after updating B : 0.0147268
Iteration number -------- 93  -----------
lambda : 1.58226
max_diff => 4.999e-08
performed mixing
Frob norm 1 after updating U: 0.0146974
200 iterations
f(b) = 0.0239396
Frob norm 2 after updating B : 0.014666
Iteration number -------- 94  -----------
lambda : 1.59017
max_diff => 4.999e-08
performed mixing
Frob norm 1 after updating U: 0.0146625
200 iterations
f(b) = 0.0267758
Frob norm 2 after updating B : 0.0146087
Iteration number -------- 95  -----------
lambda : 1.59812
max_diff => 4.999e-08
performed mixing
Frob norm 1 after updating U: 0.014602
200 iterations
f(b) = 0.0260555
Frob norm 2 after updating B : 0.0145998
Iteration number -------- 96  -----------
lambda : 1.60611
max_diff => 4.999e-08
performed mixing
Frob norm 1 after updating U: 0.0145914
200 iterations
f(b) = 0.0191191
Frob norm 2 after updating B : 0.0147245
Iteration number -------- 97  -----------
lambda : 1.61414
max_diff => 4.999e-08
performed mixing
Frob norm 1 after updating U: 0.0147155
200 iterations
f(b) = 0.0181956
Frob norm 2 after updating B : 0.0147497
Iteration number -------- 98  -----------
lambda : 1.62221
max_diff => 4.999e-08
performed mixing
Frob norm 1 after updating U: 0.0147357
200 iterations
f(b) = 0.0225547
Frob norm 2 after updating B : 0.0148266
Iteration number -------- 99  -----------
lambda : 1.63032
max_diff => 4.999e-08
performed mixing
Frob norm 1 after updating U: 0.0148286
200 iterations
f(b) = 0.0239252
Frob norm 2 after updating B : 0.0148108
Iteration number -------- 100  -----------
lambda : 1.63848
max_diff => 4.999e-08
