Academic license - for non-commercial use only
Frob norm 1 after updating U: 13.3322
200 iterations
f(b) = 87.5048
Frob norm 2 after updating B : 8.55739
Iteration number -------- 1  -----------
lambda : 1
max_diff => 0.148921
performed mixing
Frob norm 1 after updating U: 6.45954
200 iterations
f(b) = 74.7279
Frob norm 2 after updating B : 7.86436
Iteration number -------- 2  -----------
lambda : 1.005
max_diff => 0.135888
performed mixing
Frob norm 1 after updating U: 5.76277
200 iterations
f(b) = 62.9676
Frob norm 2 after updating B : 7.19052
Iteration number -------- 3  -----------
lambda : 1.01002
max_diff => 0.111474
performed mixing
Frob norm 1 after updating U: 5.02216
200 iterations
f(b) = 51.7989
Frob norm 2 after updating B : 6.56851
Iteration number -------- 4  -----------
lambda : 1.01508
max_diff => 0.0815518
performed mixing
Frob norm 1 after updating U: 4.51054
200 iterations
f(b) = 42.9826
Frob norm 2 after updating B : 5.96068
Iteration number -------- 5  -----------
lambda : 1.02015
max_diff => 0.0790008
performed mixing
Frob norm 1 after updating U: 4.27447
200 iterations
f(b) = 36.4696
Frob norm 2 after updating B : 5.4399
Iteration number -------- 6  -----------
lambda : 1.02525
max_diff => 0.0772029
performed mixing
Frob norm 1 after updating U: 4.13238
200 iterations
f(b) = 31.6718
Frob norm 2 after updating B : 5.04943
Iteration number -------- 7  -----------
lambda : 1.03038
max_diff => 0.0747393
performed mixing
Frob norm 1 after updating U: 3.9882
200 iterations
f(b) = 28.0683
Frob norm 2 after updating B : 4.73589
Iteration number -------- 8  -----------
lambda : 1.03553
max_diff => 0.0728147
performed mixing
Frob norm 1 after updating U: 3.90122
200 iterations
f(b) = 25.4807
Frob norm 2 after updating B : 4.46284
Iteration number -------- 9  -----------
lambda : 1.04071
max_diff => 0.0724582
performed mixing
Frob norm 1 after updating U: 3.88801
200 iterations
f(b) = 23.5298
Frob norm 2 after updating B : 4.31369
Iteration number -------- 10  -----------
lambda : 1.04591
max_diff => 0.0699896
performed mixing
Frob norm 1 after updating U: 3.80446
200 iterations
f(b) = 22.0003
Frob norm 2 after updating B : 4.17239
Iteration number -------- 11  -----------
lambda : 1.05114
max_diff => 0.0690659
performed mixing
Frob norm 1 after updating U: 3.77648
200 iterations
f(b) = 20.9283
Frob norm 2 after updating B : 4.03643
Iteration number -------- 12  -----------
lambda : 1.0564
max_diff => 0.0690205
performed mixing
Frob norm 1 after updating U: 3.77579
200 iterations
f(b) = 19.9317
Frob norm 2 after updating B : 4.01331
Iteration number -------- 13  -----------
lambda : 1.06168
max_diff => 0.0664221
performed mixing
Frob norm 1 after updating U: 3.73029
200 iterations
f(b) = 19.2016
Frob norm 2 after updating B : 3.91555
Iteration number -------- 14  -----------
lambda : 1.06699
max_diff => 0.0664037
performed mixing
Frob norm 1 after updating U: 3.72999
200 iterations
f(b) = 18.4841
Frob norm 2 after updating B : 3.93768
Iteration number -------- 15  -----------
lambda : 1.07232
max_diff => 0.0641824
performed mixing
Frob norm 1 after updating U: 3.70936
200 iterations
f(b) = 17.8889
Frob norm 2 after updating B : 3.8581
Iteration number -------- 16  -----------
lambda : 1.07768
max_diff => 0.0641597
performed mixing
Frob norm 1 after updating U: 3.70908
200 iterations
f(b) = 17.4974
Frob norm 2 after updating B : 3.80731
Iteration number -------- 17  -----------
lambda : 1.08307
max_diff => 0.0641058
performed mixing
Frob norm 1 after updating U: 3.70873
200 iterations
f(b) = 17.2307
Frob norm 2 after updating B : 3.77429
Iteration number -------- 18  -----------
lambda : 1.08849
max_diff => 0.0640366
performed mixing
Frob norm 1 after updating U: 3.70829
200 iterations
f(b) = 16.6334
Frob norm 2 after updating B : 3.81121
Iteration number -------- 19  -----------
lambda : 1.09393
max_diff => 0.0625016
performed mixing
Frob norm 1 after updating U: 3.70166
200 iterations
f(b) = 16.3767
Frob norm 2 after updating B : 3.77352
Iteration number -------- 20  -----------
lambda : 1.0994
max_diff => 0.0624738
performed mixing
Frob norm 1 after updating U: 3.70175
200 iterations
f(b) = 16.1903
Frob norm 2 after updating B : 3.7483
Iteration number -------- 21  -----------
lambda : 1.1049
max_diff => 0.0624585
performed mixing
Frob norm 1 after updating U: 3.70179
200 iterations
f(b) = 16.067
Frob norm 2 after updating B : 3.73211
Iteration number -------- 22  -----------
lambda : 1.11042
max_diff => 0.0624183
performed mixing
Frob norm 1 after updating U: 3.70161
200 iterations
f(b) = 15.9852
Frob norm 2 after updating B : 3.72182
Iteration number -------- 23  -----------
lambda : 1.11597
max_diff => 0.0623542
performed mixing
Frob norm 1 after updating U: 3.70153
200 iterations
f(b) = 15.7331
Frob norm 2 after updating B : 3.73422
Iteration number -------- 24  -----------
lambda : 1.12155
max_diff => 0.0609593
performed mixing
Frob norm 1 after updating U: 3.70257
200 iterations
f(b) = 15.6872
Frob norm 2 after updating B : 3.72302
Iteration number -------- 25  -----------
lambda : 1.12716
max_diff => 0.0609577
performed mixing
Frob norm 1 after updating U: 3.70254
200 iterations
f(b) = 15.6412
Frob norm 2 after updating B : 3.71578
Iteration number -------- 26  -----------
lambda : 1.1328
max_diff => 0.0609548
performed mixing
Frob norm 1 after updating U: 3.70254
200 iterations
f(b) = 15.6084
Frob norm 2 after updating B : 3.7112
Iteration number -------- 27  -----------
lambda : 1.13846
max_diff => 0.0609345
performed mixing
Frob norm 1 after updating U: 3.70243
200 iterations
f(b) = 15.5934
Frob norm 2 after updating B : 3.70812
Iteration number -------- 28  -----------
lambda : 1.14415
max_diff => 0.0609299
performed mixing
Frob norm 1 after updating U: 3.70246
200 iterations
f(b) = 15.5796
Frob norm 2 after updating B : 3.70629
Iteration number -------- 29  -----------
lambda : 1.14987
max_diff => 0.0609157
performed mixing
Frob norm 1 after updating U: 3.7024
200 iterations
f(b) = 15.5715
Frob norm 2 after updating B : 3.70502
Iteration number -------- 30  -----------
lambda : 1.15562
max_diff => 0.0608886
performed mixing
Frob norm 1 after updating U: 3.70234
200 iterations
f(b) = 15.5612
Frob norm 2 after updating B : 3.70456
Iteration number -------- 31  -----------
lambda : 1.1614
max_diff => 0.0608455
performed mixing
Frob norm 1 after updating U: 3.70246
200 iterations
f(b) = 15.5591
Frob norm 2 after updating B : 3.70383
Iteration number -------- 32  -----------
lambda : 1.16721
max_diff => 0.0608355
performed mixing
Frob norm 1 after updating U: 3.70237
200 iterations
f(b) = 15.5594
Frob norm 2 after updating B : 3.70335
Iteration number -------- 33  -----------
lambda : 1.17304
max_diff => 0.0608228
performed mixing
Frob norm 1 after updating U: 3.70234
200 iterations
f(b) = 15.5545
Frob norm 2 after updating B : 3.7033
Iteration number -------- 34  -----------
lambda : 1.17891
max_diff => 0.0607932
performed mixing
Frob norm 1 after updating U: 3.70246
200 iterations
f(b) = 15.5512
Frob norm 2 after updating B : 3.70312
Iteration number -------- 35  -----------
lambda : 1.1848
max_diff => 0.0607552
performed mixing
Frob norm 1 after updating U: 3.70245
200 iterations
f(b) = 15.5546
Frob norm 2 after updating B : 3.70295
Iteration number -------- 36  -----------
lambda : 1.19073
max_diff => 0.0607793
performed mixing
Frob norm 1 after updating U: 3.70248
200 iterations
f(b) = 15.5542
Frob norm 2 after updating B : 3.70295
Iteration number -------- 37  -----------
lambda : 1.19668
max_diff => 0.0607362
performed mixing
Frob norm 1 after updating U: 3.70259
200 iterations
f(b) = 15.5536
Frob norm 2 after updating B : 3.70292
Iteration number -------- 38  -----------
lambda : 1.20266
max_diff => 0.0606994
performed mixing
Frob norm 1 after updating U: 3.70264
200 iterations
f(b) = 15.3681
Frob norm 2 after updating B : 3.72441
Iteration number -------- 39  -----------
lambda : 1.20868
max_diff => 0.0594868
performed mixing
Frob norm 1 after updating U: 3.71185
200 iterations
f(b) = 15.3261
Frob norm 2 after updating B : 3.71988
Iteration number -------- 40  -----------
lambda : 1.21472
max_diff => 0.059499
performed mixing
Frob norm 1 after updating U: 3.71171
200 iterations
f(b) = 15.3556
Frob norm 2 after updating B : 3.71703
Iteration number -------- 41  -----------
lambda : 1.22079
max_diff => 0.0594654
performed mixing
Frob norm 1 after updating U: 3.71175
200 iterations
f(b) = 15.3459
Frob norm 2 after updating B : 3.71506
Iteration number -------- 42  -----------
lambda : 1.2269
max_diff => 0.0594663
performed mixing
Frob norm 1 after updating U: 3.7117
200 iterations
f(b) = 15.345
Frob norm 2 after updating B : 3.71382
Iteration number -------- 43  -----------
lambda : 1.23303
max_diff => 0.0594527
performed mixing
Frob norm 1 after updating U: 3.71167
200 iterations
f(b) = 15.3403
Frob norm 2 after updating B : 3.71325
Iteration number -------- 44  -----------
lambda : 1.2392
max_diff => 0.0594291
performed mixing
Frob norm 1 after updating U: 3.71179
200 iterations
f(b) = 15.2814
Frob norm 2 after updating B : 3.71277
Iteration number -------- 45  -----------
lambda : 1.24539
max_diff => 0.0593806
performed mixing
Frob norm 1 after updating U: 3.71162
200 iterations
f(b) = 15.3266
Frob norm 2 after updating B : 3.7125
Iteration number -------- 46  -----------
lambda : 1.25162
max_diff => 0.0593336
performed mixing
Frob norm 1 after updating U: 3.71164
200 iterations
f(b) = 15.3282
Frob norm 2 after updating B : 3.71233
Iteration number -------- 47  -----------
lambda : 1.25788
max_diff => 0.0592442
performed mixing
Frob norm 1 after updating U: 3.71166
200 iterations
f(b) = 15.3296
Frob norm 2 after updating B : 3.71226
Iteration number -------- 48  -----------
lambda : 1.26417
max_diff => 0.0591798
performed mixing
Frob norm 1 after updating U: 3.71176
200 iterations
f(b) = 15.3302
Frob norm 2 after updating B : 3.71215
Iteration number -------- 49  -----------
lambda : 1.27049
max_diff => 0.0591
performed mixing
Frob norm 1 after updating U: 3.71178
200 iterations
f(b) = 15.3246
Frob norm 2 after updating B : 3.71207
Iteration number -------- 50  -----------
lambda : 1.27684
max_diff => 0.0589749
performed mixing
Frob norm 1 after updating U: 3.71173
200 iterations
f(b) = 15.3228
Frob norm 2 after updating B : 3.71213
Iteration number -------- 51  -----------
lambda : 1.28323
max_diff => 0.0587735
performed mixing
Frob norm 1 after updating U: 3.71179
200 iterations
f(b) = 15.2103
Frob norm 2 after updating B : 3.7182
Iteration number -------- 52  -----------
lambda : 1.28964
max_diff => 0.0574582
performed mixing
Frob norm 1 after updating U: 3.7148
200 iterations
f(b) = 15.2328
Frob norm 2 after updating B : 3.71683
Iteration number -------- 53  -----------
lambda : 1.29609
max_diff => 0.0573866
performed mixing
Frob norm 1 after updating U: 3.71462
200 iterations
f(b) = 15.2325
Frob norm 2 after updating B : 3.71609
Iteration number -------- 54  -----------
lambda : 1.30257
max_diff => 0.0573325
performed mixing
Frob norm 1 after updating U: 3.71463
200 iterations
f(b) = 15.2305
Frob norm 2 after updating B : 3.71539
Iteration number -------- 55  -----------
lambda : 1.30908
max_diff => 0.0572901
performed mixing
Frob norm 1 after updating U: 3.71439
200 iterations
f(b) = 15.2333
Frob norm 2 after updating B : 3.71507
Iteration number -------- 56  -----------
lambda : 1.31563
max_diff => 0.0572269
performed mixing
Frob norm 1 after updating U: 3.7144
200 iterations
f(b) = 15.2242
Frob norm 2 after updating B : 3.71451
Iteration number -------- 57  -----------
lambda : 1.32221
max_diff => 0.0570352
performed mixing
Frob norm 1 after updating U: 3.71392
200 iterations
f(b) = 15.2278
Frob norm 2 after updating B : 3.71451
Iteration number -------- 58  -----------
lambda : 1.32882
max_diff => 0.0569188
performed mixing
Frob norm 1 after updating U: 3.71407
200 iterations
f(b) = 15.2254
Frob norm 2 after updating B : 3.71432
Iteration number -------- 59  -----------
lambda : 1.33546
max_diff => 0.0568091
performed mixing
Frob norm 1 after updating U: 3.71398
200 iterations
f(b) = 15.2287
Frob norm 2 after updating B : 3.71418
Iteration number -------- 60  -----------
lambda : 1.34214
max_diff => 0.0567259
performed mixing
Frob norm 1 after updating U: 3.71391
200 iterations
f(b) = 15.2225
Frob norm 2 after updating B : 3.71406
Iteration number -------- 61  -----------
lambda : 1.34885
max_diff => 0.0565293
performed mixing
Frob norm 1 after updating U: 3.71378
200 iterations
f(b) = 15.2257
Frob norm 2 after updating B : 3.7142
Iteration number -------- 62  -----------
lambda : 1.35559
max_diff => 0.0563991
performed mixing
Frob norm 1 after updating U: 3.71397
200 iterations
f(b) = 15.2241
Frob norm 2 after updating B : 3.71421
Iteration number -------- 63  -----------
lambda : 1.36237
max_diff => 0.0562554
performed mixing
Frob norm 1 after updating U: 3.71399
200 iterations
f(b) = 15.2265
Frob norm 2 after updating B : 3.71433
Iteration number -------- 64  -----------
lambda : 1.36918
max_diff => 0.0561315
performed mixing
Frob norm 1 after updating U: 3.71415
200 iterations
f(b) = 15.2182
Frob norm 2 after updating B : 3.71437
Iteration number -------- 65  -----------
lambda : 1.37603
max_diff => 0.0559626
performed mixing
Frob norm 1 after updating U: 3.71417
200 iterations
f(b) = 15.223
Frob norm 2 after updating B : 3.71442
Iteration number -------- 66  -----------
lambda : 1.38291
max_diff => 0.0558331
performed mixing
Frob norm 1 after updating U: 3.71426
200 iterations
f(b) = 15.2291
Frob norm 2 after updating B : 3.71437
Iteration number -------- 67  -----------
lambda : 1.38982
max_diff => 0.0557586
performed mixing
Frob norm 1 after updating U: 3.71425
200 iterations
f(b) = 15.229
Frob norm 2 after updating B : 3.71428
Iteration number -------- 68  -----------
lambda : 1.39677
max_diff => 0.0556104
performed mixing
Frob norm 1 after updating U: 3.71417
200 iterations
f(b) = 15.2315
Frob norm 2 after updating B : 3.7142
Iteration number -------- 69  -----------
lambda : 1.40376
max_diff => 0.0555147
performed mixing
Frob norm 1 after updating U: 3.71411
200 iterations
f(b) = 15.2309
Frob norm 2 after updating B : 3.71433
Iteration number -------- 70  -----------
lambda : 1.41078
max_diff => 0.0553076
performed mixing
Frob norm 1 after updating U: 3.71423
200 iterations
f(b) = 15.2324
Frob norm 2 after updating B : 3.71431
Iteration number -------- 71  -----------
lambda : 1.41783
max_diff => 0.0551507
performed mixing
Frob norm 1 after updating U: 3.7142
200 iterations
f(b) = 15.2335
Frob norm 2 after updating B : 3.71429
Iteration number -------- 72  -----------
lambda : 1.42492
max_diff => 0.0549986
performed mixing
Frob norm 1 after updating U: 3.71419
200 iterations
f(b) = 15.2374
Frob norm 2 after updating B : 3.71459
Iteration number -------- 73  -----------
lambda : 1.43204
max_diff => 0.0548218
performed mixing
Frob norm 1 after updating U: 3.71449
200 iterations
f(b) = 15.2343
Frob norm 2 after updating B : 3.71495
Iteration number -------- 74  -----------
lambda : 1.4392
max_diff => 0.0545647
performed mixing
Frob norm 1 after updating U: 3.71483
200 iterations
f(b) = 15.2328
Frob norm 2 after updating B : 3.71503
Iteration number -------- 75  -----------
lambda : 1.4464
max_diff => 0.0543135
performed mixing
Frob norm 1 after updating U: 3.71489
200 iterations
f(b) = 15.2359
Frob norm 2 after updating B : 3.71505
Iteration number -------- 76  -----------
lambda : 1.45363
max_diff => 0.0541614
performed mixing
Frob norm 1 after updating U: 3.71492
200 iterations
f(b) = 15.191
Frob norm 2 after updating B : 3.71461
Iteration number -------- 77  -----------
lambda : 1.4609
max_diff => 0.0539222
performed mixing
Frob norm 1 after updating U: 3.71446
200 iterations
f(b) = 15.2395
Frob norm 2 after updating B : 3.71478
Iteration number -------- 78  -----------
lambda : 1.46821
max_diff => 0.0538014
performed mixing
Frob norm 1 after updating U: 3.71465
200 iterations
f(b) = 15.2432
Frob norm 2 after updating B : 3.71482
Iteration number -------- 79  -----------
lambda : 1.47555
max_diff => 0.0536756
performed mixing
Frob norm 1 after updating U: 3.7147
200 iterations
f(b) = 15.2237
Frob norm 2 after updating B : 3.71561
Iteration number -------- 80  -----------
lambda : 1.48292
max_diff => 0.0530275
performed mixing
Frob norm 1 after updating U: 3.71534
200 iterations
f(b) = 15.2309
Frob norm 2 after updating B : 3.71578
Iteration number -------- 81  -----------
lambda : 1.49034
max_diff => 0.0528714
performed mixing
Frob norm 1 after updating U: 3.71556
200 iterations
f(b) = 15.2309
Frob norm 2 after updating B : 3.71578
Iteration number -------- 82  -----------
lambda : 1.49779
max_diff => 0.0526631
performed mixing
Frob norm 1 after updating U: 3.71559
200 iterations
f(b) = 15.2313
Frob norm 2 after updating B : 3.71591
Iteration number -------- 83  -----------
lambda : 1.50528
max_diff => 0.0524455
performed mixing
Frob norm 1 after updating U: 3.71574
200 iterations
f(b) = 15.2421
Frob norm 2 after updating B : 3.71597
Iteration number -------- 84  -----------
lambda : 1.51281
max_diff => 0.0522745
performed mixing
Frob norm 1 after updating U: 3.71582
200 iterations
f(b) = 15.2403
Frob norm 2 after updating B : 3.71619
Iteration number -------- 85  -----------
lambda : 1.52037
max_diff => 0.0519015
performed mixing
Frob norm 1 after updating U: 3.71602
200 iterations
f(b) = 15.2412
Frob norm 2 after updating B : 3.71659
Iteration number -------- 86  -----------
lambda : 1.52797
max_diff => 0.0515791
performed mixing
Frob norm 1 after updating U: 3.71641
200 iterations
f(b) = 15.2396
Frob norm 2 after updating B : 3.71689
Iteration number -------- 87  -----------
lambda : 1.53561
max_diff => 0.0513084
performed mixing
Frob norm 1 after updating U: 3.7167
200 iterations
f(b) = 15.2428
Frob norm 2 after updating B : 3.7171
Iteration number -------- 88  -----------
lambda : 1.54329
max_diff => 0.0510326
performed mixing
Frob norm 1 after updating U: 3.71692
200 iterations
f(b) = 15.2479
Frob norm 2 after updating B : 3.71714
Iteration number -------- 89  -----------
lambda : 1.55101
max_diff => 0.0507861
performed mixing
Frob norm 1 after updating U: 3.71697
200 iterations
f(b) = 15.2477
Frob norm 2 after updating B : 3.71712
Iteration number -------- 90  -----------
lambda : 1.55876
max_diff => 0.0505752
performed mixing
Frob norm 1 after updating U: 3.71697
200 iterations
f(b) = 15.2535
Frob norm 2 after updating B : 3.71717
Iteration number -------- 91  -----------
lambda : 1.56655
max_diff => 0.0504236
performed mixing
Frob norm 1 after updating U: 3.71705
200 iterations
f(b) = 15.2602
Frob norm 2 after updating B : 3.71722
Iteration number -------- 92  -----------
lambda : 1.57439
max_diff => 0.0501798
performed mixing
Frob norm 1 after updating U: 3.7171
200 iterations
f(b) = 15.2579
Frob norm 2 after updating B : 3.71733
Iteration number -------- 93  -----------
lambda : 1.58226
max_diff => 0.0499707
performed mixing
Frob norm 1 after updating U: 3.71722
200 iterations
f(b) = 15.2614
Frob norm 2 after updating B : 3.71736
Iteration number -------- 94  -----------
lambda : 1.59017
max_diff => 0.0498017
performed mixing
Frob norm 1 after updating U: 3.71725
200 iterations
f(b) = 15.2869
Frob norm 2 after updating B : 3.71686
Iteration number -------- 95  -----------
lambda : 1.59812
max_diff => 0.0496539
performed mixing
Frob norm 1 after updating U: 3.71676
200 iterations
f(b) = 15.28
Frob norm 2 after updating B : 3.71717
Iteration number -------- 96  -----------
lambda : 1.60611
max_diff => 0.0494962
performed mixing
Frob norm 1 after updating U: 3.71708
200 iterations
f(b) = 15.2757
Frob norm 2 after updating B : 3.71727
Iteration number -------- 97  -----------
lambda : 1.61414
max_diff => 0.0491791
performed mixing
Frob norm 1 after updating U: 3.71715
200 iterations
f(b) = 15.2813
Frob norm 2 after updating B : 3.71729
Iteration number -------- 98  -----------
lambda : 1.62221
max_diff => 0.0489667
performed mixing
Frob norm 1 after updating U: 3.71718
200 iterations
f(b) = 15.2747
Frob norm 2 after updating B : 3.71812
Iteration number -------- 99  -----------
lambda : 1.63032
max_diff => 0.0482448
performed mixing
Frob norm 1 after updating U: 3.71793
200 iterations
f(b) = 15.2849
Frob norm 2 after updating B : 3.71812
Iteration number -------- 100  -----------
lambda : 1.63848
max_diff => 0.0480223
