Academic license - for non-commercial use only
Frob norm 1 after updating U: 14.4811
200 iterations
f(b) = 68.6401
Frob norm 2 after updating B : 7.77387
Iteration number -------- 1  -----------
lambda : 1
max_diff => 0.115833
performed mixing
Frob norm 1 after updating U: 5.17617
200 iterations
f(b) = 55.4455
Frob norm 2 after updating B : 6.93837
Iteration number -------- 2  -----------
lambda : 1.005
max_diff => 0.107276
performed mixing
Frob norm 1 after updating U: 4.50994
200 iterations
f(b) = 44.6664
Frob norm 2 after updating B : 6.18457
Iteration number -------- 3  -----------
lambda : 1.01002
max_diff => 0.0975312
performed mixing
Frob norm 1 after updating U: 3.95942
200 iterations
f(b) = 36.0074
Frob norm 2 after updating B : 5.51847
Iteration number -------- 4  -----------
lambda : 1.01508
max_diff => 0.0872112
performed mixing
Frob norm 1 after updating U: 3.52205
200 iterations
f(b) = 29.2098
Frob norm 2 after updating B : 4.94069
Iteration number -------- 5  -----------
lambda : 1.02015
max_diff => 0.0789494
performed mixing
Frob norm 1 after updating U: 3.23602
200 iterations
f(b) = 23.9895
Frob norm 2 after updating B : 4.45595
Iteration number -------- 6  -----------
lambda : 1.02525
max_diff => 0.0722864
performed mixing
Frob norm 1 after updating U: 3.03113
200 iterations
f(b) = 19.9848
Frob norm 2 after updating B : 4.06128
Iteration number -------- 7  -----------
lambda : 1.03038
max_diff => 0.0667053
performed mixing
Frob norm 1 after updating U: 2.89786
200 iterations
f(b) = 16.9542
Frob norm 2 after updating B : 3.75043
Iteration number -------- 8  -----------
lambda : 1.03553
max_diff => 0.0622848
performed mixing
Frob norm 1 after updating U: 2.80882
200 iterations
f(b) = 14.6461
Frob norm 2 after updating B : 3.49286
Iteration number -------- 9  -----------
lambda : 1.04071
max_diff => 0.0616904
performed mixing
Frob norm 1 after updating U: 2.75793
200 iterations
f(b) = 12.9143
Frob norm 2 after updating B : 3.29836
Iteration number -------- 10  -----------
lambda : 1.04591
max_diff => 0.0607702
performed mixing
Frob norm 1 after updating U: 2.72449
200 iterations
f(b) = 11.6111
Frob norm 2 after updating B : 3.13945
Iteration number -------- 11  -----------
lambda : 1.05114
max_diff => 0.0597469
performed mixing
Frob norm 1 after updating U: 2.70304
200 iterations
f(b) = 10.6539
Frob norm 2 after updating B : 3.00806
Iteration number -------- 12  -----------
lambda : 1.0564
max_diff => 0.058417
performed mixing
Frob norm 1 after updating U: 2.68688
200 iterations
f(b) = 10.0264
Frob norm 2 after updating B : 2.89726
Iteration number -------- 13  -----------
lambda : 1.06168
max_diff => 0.0583248
performed mixing
Frob norm 1 after updating U: 2.68594
200 iterations
f(b) = 9.50663
Frob norm 2 after updating B : 2.83545
Iteration number -------- 14  -----------
lambda : 1.06699
max_diff => 0.0557665
performed mixing
Frob norm 1 after updating U: 2.66454
200 iterations
f(b) = 9.20141
Frob norm 2 after updating B : 2.7753
Iteration number -------- 15  -----------
lambda : 1.07232
max_diff => 0.0557287
performed mixing
Frob norm 1 after updating U: 2.66432
200 iterations
f(b) = 8.98428
Frob norm 2 after updating B : 2.73608
Iteration number -------- 16  -----------
lambda : 1.07768
max_diff => 0.0555555
performed mixing
Frob norm 1 after updating U: 2.6633
200 iterations
f(b) = 8.72646
Frob norm 2 after updating B : 2.71606
Iteration number -------- 17  -----------
lambda : 1.08307
max_diff => 0.0511931
performed mixing
Frob norm 1 after updating U: 2.64431
200 iterations
f(b) = 8.61727
Frob norm 2 after updating B : 2.69018
Iteration number -------- 18  -----------
lambda : 1.08849
max_diff => 0.0509458
performed mixing
Frob norm 1 after updating U: 2.64341
200 iterations
f(b) = 8.47718
Frob norm 2 after updating B : 2.67331
Iteration number -------- 19  -----------
lambda : 1.09393
max_diff => 0.0440545
performed mixing
Frob norm 1 after updating U: 2.62386
200 iterations
f(b) = 8.4061
Frob norm 2 after updating B : 2.65571
Iteration number -------- 20  -----------
lambda : 1.0994
max_diff => 0.0439277
performed mixing
Frob norm 1 after updating U: 2.62376
200 iterations
f(b) = 8.35262
Frob norm 2 after updating B : 2.64416
Iteration number -------- 21  -----------
lambda : 1.1049
max_diff => 0.0437726
performed mixing
Frob norm 1 after updating U: 2.62333
200 iterations
f(b) = 8.27015
Frob norm 2 after updating B : 2.63895
Iteration number -------- 22  -----------
lambda : 1.11042
max_diff => 0.0412418
performed mixing
Frob norm 1 after updating U: 2.6151
200 iterations
f(b) = 8.2536
Frob norm 2 after updating B : 2.63049
Iteration number -------- 23  -----------
lambda : 1.11597
max_diff => 0.0412161
performed mixing
Frob norm 1 after updating U: 2.61503
200 iterations
f(b) = 8.2595
Frob norm 2 after updating B : 2.6215
Iteration number -------- 24  -----------
lambda : 1.12155
max_diff => 0.039556
performed mixing
Frob norm 1 after updating U: 2.59095
200 iterations
f(b) = 8.13863
Frob norm 2 after updating B : 2.60843
Iteration number -------- 25  -----------
lambda : 1.12716
max_diff => 0.0396474
performed mixing
Frob norm 1 after updating U: 2.58795
200 iterations
f(b) = 7.80704
Frob norm 2 after updating B : 2.47701
Iteration number -------- 26  -----------
lambda : 1.1328
max_diff => 0.0783188
performed mixing
Frob norm 1 after updating U: 2.36374
200 iterations
f(b) = 5.29538
Frob norm 2 after updating B : 2.04531
Iteration number -------- 27  -----------
lambda : 1.13846
max_diff => 0.0702091
performed mixing
Frob norm 1 after updating U: 1.66742
200 iterations
f(b) = 3.84204
Frob norm 2 after updating B : 1.77966
Iteration number -------- 28  -----------
lambda : 1.14415
max_diff => 0.00936908
performed mixing
Frob norm 1 after updating U: 1.364
200 iterations
f(b) = 3.29474
Frob norm 2 after updating B : 1.65398
Iteration number -------- 29  -----------
lambda : 1.14987
max_diff => 0.00951108
performed mixing
Frob norm 1 after updating U: 1.22921
200 iterations
f(b) = 2.07061
Frob norm 2 after updating B : 1.33395
Iteration number -------- 30  -----------
lambda : 1.15562
max_diff => 0.00310124
performed mixing
Frob norm 1 after updating U: 0.187293
200 iterations
f(b) = 1.38811
Frob norm 2 after updating B : 1.12275
Iteration number -------- 31  -----------
lambda : 1.1614
max_diff => 0.000930406
performed mixing
Frob norm 1 after updating U: 0.0899708
200 iterations
f(b) = 0.905061
Frob norm 2 after updating B : 0.936888
Iteration number -------- 32  -----------
lambda : 1.16721
max_diff => 2.49813e-05
performed mixing
Frob norm 1 after updating U: 0.0166621
200 iterations
f(b) = 0.616656
Frob norm 2 after updating B : 0.75096
Iteration number -------- 33  -----------
lambda : 1.17304
max_diff => 1.40154e-05
performed mixing
Frob norm 1 after updating U: 0.0156308
200 iterations
f(b) = 0.407148
Frob norm 2 after updating B : 0.602612
Iteration number -------- 34  -----------
lambda : 1.17891
max_diff => 7.09187e-08
performed mixing
Frob norm 1 after updating U: 0.0139499
200 iterations
f(b) = 0.254007
Frob norm 2 after updating B : 0.482208
Iteration number -------- 35  -----------
lambda : 1.1848
max_diff => 5.07869e-08
performed mixing
Frob norm 1 after updating U: 0.0139606
200 iterations
f(b) = 0.195367
Frob norm 2 after updating B : 0.385932
Iteration number -------- 36  -----------
lambda : 1.19073
max_diff => 4.999e-08
performed mixing
Frob norm 1 after updating U: 0.013956
200 iterations
f(b) = 0.145395
Frob norm 2 after updating B : 0.308977
Iteration number -------- 37  -----------
lambda : 1.19668
max_diff => 4.999e-08
performed mixing
Frob norm 1 after updating U: 0.0140224
200 iterations
f(b) = 0.11044
Frob norm 2 after updating B : 0.247299
Iteration number -------- 38  -----------
lambda : 1.20266
max_diff => 4.999e-08
performed mixing
Frob norm 1 after updating U: 0.0140676
200 iterations
f(b) = 0.0908925
Frob norm 2 after updating B : 0.198017
Iteration number -------- 39  -----------
lambda : 1.20868
max_diff => 4.999e-08
performed mixing
Frob norm 1 after updating U: 0.0140702
200 iterations
f(b) = 0.0762726
Frob norm 2 after updating B : 0.158681
Iteration number -------- 40  -----------
lambda : 1.21472
max_diff => 4.999e-08
performed mixing
Frob norm 1 after updating U: 0.0141103
200 iterations
f(b) = 0.0485862
Frob norm 2 after updating B : 0.127276
Iteration number -------- 41  -----------
lambda : 1.22079
max_diff => 4.999e-08
performed mixing
Frob norm 1 after updating U: 0.0139531
200 iterations
f(b) = 0.0598278
Frob norm 2 after updating B : 0.102178
Iteration number -------- 42  -----------
lambda : 1.2269
max_diff => 4.999e-08
performed mixing
Frob norm 1 after updating U: 0.0139205
200 iterations
f(b) = 0.0256807
Frob norm 2 after updating B : 0.0823246
Iteration number -------- 43  -----------
lambda : 1.23303
max_diff => 4.999e-08
performed mixing
Frob norm 1 after updating U: 0.0138777
200 iterations
f(b) = 0.0235046
Frob norm 2 after updating B : 0.066314
Iteration number -------- 44  -----------
lambda : 1.2392
max_diff => 4.999e-08
performed mixing
Frob norm 1 after updating U: 0.0139038
200 iterations
f(b) = 0.021006
Frob norm 2 after updating B : 0.0537976
Iteration number -------- 45  -----------
lambda : 1.24539
max_diff => 4.999e-08
performed mixing
Frob norm 1 after updating U: 0.0139206
200 iterations
f(b) = 0.0207985
Frob norm 2 after updating B : 0.043792
Iteration number -------- 46  -----------
lambda : 1.25162
max_diff => 4.999e-08
performed mixing
Frob norm 1 after updating U: 0.0138608
200 iterations
f(b) = 0.0239799
Frob norm 2 after updating B : 0.036034
Iteration number -------- 47  -----------
lambda : 1.25788
max_diff => 4.999e-08
performed mixing
Frob norm 1 after updating U: 0.0139547
200 iterations
f(b) = 0.0200021
Frob norm 2 after updating B : 0.0301001
Iteration number -------- 48  -----------
lambda : 1.26417
max_diff => 4.999e-08
performed mixing
Frob norm 1 after updating U: 0.0139608
200 iterations
f(b) = 0.0182438
Frob norm 2 after updating B : 0.0255296
Iteration number -------- 49  -----------
lambda : 1.27049
max_diff => 4.999e-08
performed mixing
Frob norm 1 after updating U: 0.0139594
200 iterations
f(b) = 0.0198398
Frob norm 2 after updating B : 0.0219677
Iteration number -------- 50  -----------
lambda : 1.27684
max_diff => 4.999e-08
performed mixing
Frob norm 1 after updating U: 0.0137567
200 iterations
f(b) = 0.0178985
Frob norm 2 after updating B : 0.019524
Iteration number -------- 51  -----------
lambda : 1.28323
max_diff => 4.999e-08
performed mixing
Frob norm 1 after updating U: 0.0138898
200 iterations
f(b) = 0.0185288
Frob norm 2 after updating B : 0.0176749
Iteration number -------- 52  -----------
lambda : 1.28964
max_diff => 4.999e-08
performed mixing
Frob norm 1 after updating U: 0.0138278
200 iterations
f(b) = 0.0187412
Frob norm 2 after updating B : 0.0165307
Iteration number -------- 53  -----------
lambda : 1.29609
max_diff => 4.999e-08
performed mixing
Frob norm 1 after updating U: 0.0139358
200 iterations
f(b) = 0.0189178
Frob norm 2 after updating B : 0.0156741
Iteration number -------- 54  -----------
lambda : 1.30257
max_diff => 4.999e-08
performed mixing
Frob norm 1 after updating U: 0.0139809
200 iterations
f(b) = 0.0176071
Frob norm 2 after updating B : 0.0149983
Iteration number -------- 55  -----------
lambda : 1.30908
max_diff => 4.999e-08
performed mixing
Frob norm 1 after updating U: 0.0139111
200 iterations
f(b) = 0.0222466
Frob norm 2 after updating B : 0.0145429
Iteration number -------- 56  -----------
lambda : 1.31563
max_diff => 4.999e-08
performed mixing
Frob norm 1 after updating U: 0.0137782
200 iterations
f(b) = 0.0165575
Frob norm 2 after updating B : 0.0143606
Iteration number -------- 57  -----------
lambda : 1.32221
max_diff => 4.999e-08
performed mixing
Frob norm 1 after updating U: 0.0138774
200 iterations
f(b) = 0.0184881
Frob norm 2 after updating B : 0.0141632
Iteration number -------- 58  -----------
lambda : 1.32882
max_diff => 4.999e-08
performed mixing
Frob norm 1 after updating U: 0.0138168
200 iterations
f(b) = 0.0261929
Frob norm 2 after updating B : 0.0139072
Iteration number -------- 59  -----------
lambda : 1.33546
max_diff => 4.999e-08
performed mixing
Frob norm 1 after updating U: 0.0136948
200 iterations
f(b) = 0.0268601
Frob norm 2 after updating B : 0.013919
Iteration number -------- 60  -----------
lambda : 1.34214
max_diff => 4.999e-08
performed mixing
Frob norm 1 after updating U: 0.0137683
200 iterations
f(b) = 0.0168293
Frob norm 2 after updating B : 0.0138782
Iteration number -------- 61  -----------
lambda : 1.34885
max_diff => 4.999e-08
performed mixing
Frob norm 1 after updating U: 0.0137754
200 iterations
f(b) = 0.0178383
Frob norm 2 after updating B : 0.014033
Iteration number -------- 62  -----------
lambda : 1.35559
max_diff => 4.999e-08
performed mixing
Frob norm 1 after updating U: 0.0139622
200 iterations
f(b) = 0.019137
Frob norm 2 after updating B : 0.0137171
Iteration number -------- 63  -----------
lambda : 1.36237
max_diff => 4.999e-08
performed mixing
Frob norm 1 after updating U: 0.0136734
200 iterations
f(b) = 0.0222531
Frob norm 2 after updating B : 0.0138009
Iteration number -------- 64  -----------
lambda : 1.36918
max_diff => 4.999e-08
performed mixing
Frob norm 1 after updating U: 0.0137808
200 iterations
f(b) = 0.0152383
Frob norm 2 after updating B : 0.013796
Iteration number -------- 65  -----------
lambda : 1.37603
max_diff => 4.999e-08
performed mixing
Frob norm 1 after updating U: 0.0137691
200 iterations
f(b) = 0.0209079
Frob norm 2 after updating B : 0.0138581
Iteration number -------- 66  -----------
lambda : 1.38291
max_diff => 4.999e-08
performed mixing
Frob norm 1 after updating U: 0.01384
200 iterations
f(b) = 0.0193582
Frob norm 2 after updating B : 0.0137966
Iteration number -------- 67  -----------
lambda : 1.38982
max_diff => 4.999e-08
performed mixing
Frob norm 1 after updating U: 0.0137852
200 iterations
f(b) = 0.017299
Frob norm 2 after updating B : 0.0137572
Iteration number -------- 68  -----------
lambda : 1.39677
max_diff => 4.999e-08
performed mixing
Frob norm 1 after updating U: 0.0137449
200 iterations
f(b) = 0.0201236
Frob norm 2 after updating B : 0.013837
Iteration number -------- 69  -----------
lambda : 1.40376
max_diff => 4.999e-08
performed mixing
Frob norm 1 after updating U: 0.0138302
200 iterations
f(b) = 0.0140581
Frob norm 2 after updating B : 0.013819
Iteration number -------- 70  -----------
lambda : 1.41078
max_diff => 4.999e-08
performed mixing
Frob norm 1 after updating U: 0.0138134
200 iterations
f(b) = 0.0186589
Frob norm 2 after updating B : 0.0138147
Iteration number -------- 71  -----------
lambda : 1.41783
max_diff => 4.999e-08
performed mixing
Frob norm 1 after updating U: 0.013813
200 iterations
f(b) = 0.020438
Frob norm 2 after updating B : 0.0138128
Iteration number -------- 72  -----------
lambda : 1.42492
max_diff => 4.999e-08
performed mixing
Frob norm 1 after updating U: 0.0137956
200 iterations
f(b) = 0.0269755
Frob norm 2 after updating B : 0.0137968
Iteration number -------- 73  -----------
lambda : 1.43204
max_diff => 4.999e-08
performed mixing
Frob norm 1 after updating U: 0.0137885
200 iterations
f(b) = 0.0192076
Frob norm 2 after updating B : 0.0137864
Iteration number -------- 74  -----------
lambda : 1.4392
max_diff => 4.999e-08
performed mixing
Frob norm 1 after updating U: 0.013797
200 iterations
f(b) = 0.0209087
Frob norm 2 after updating B : 0.0138399
Iteration number -------- 75  -----------
lambda : 1.4464
max_diff => 4.999e-08
performed mixing
Frob norm 1 after updating U: 0.0138391
200 iterations
f(b) = 0.0191241
Frob norm 2 after updating B : 0.0137628
Iteration number -------- 76  -----------
lambda : 1.45363
max_diff => 4.999e-08
performed mixing
Frob norm 1 after updating U: 0.0137465
200 iterations
f(b) = 0.0205152
Frob norm 2 after updating B : 0.0138229
Iteration number -------- 77  -----------
lambda : 1.4609
max_diff => 4.999e-08
performed mixing
Frob norm 1 after updating U: 0.0138169
200 iterations
f(b) = 0.0197091
Frob norm 2 after updating B : 0.0138162
Iteration number -------- 78  -----------
lambda : 1.46821
max_diff => 4.999e-08
performed mixing
Frob norm 1 after updating U: 0.0138134
200 iterations
f(b) = 0.0312263
Frob norm 2 after updating B : 0.0137389
Iteration number -------- 79  -----------
lambda : 1.47555
max_diff => 4.999e-08
performed mixing
Frob norm 1 after updating U: 0.0137393
200 iterations
f(b) = 0.0213456
Frob norm 2 after updating B : 0.0138993
Iteration number -------- 80  -----------
lambda : 1.48292
max_diff => 4.999e-08
performed mixing
Frob norm 1 after updating U: 0.013895
200 iterations
f(b) = 0.029076
Frob norm 2 after updating B : 0.0137374
Iteration number -------- 81  -----------
lambda : 1.49034
max_diff => 4.999e-08
performed mixing
Frob norm 1 after updating U: 0.01373
200 iterations
f(b) = 0.0205364
Frob norm 2 after updating B : 0.0138433
Iteration number -------- 82  -----------
lambda : 1.49779
max_diff => 4.999e-08
performed mixing
Frob norm 1 after updating U: 0.0138414
200 iterations
f(b) = 0.0229295
Frob norm 2 after updating B : 0.0138426
Iteration number -------- 83  -----------
lambda : 1.50528
max_diff => 4.999e-08
performed mixing
Frob norm 1 after updating U: 0.0138426
200 iterations
f(b) = 0.0210117
Frob norm 2 after updating B : 0.0138641
Iteration number -------- 84  -----------
lambda : 1.51281
max_diff => 4.999e-08
performed mixing
Frob norm 1 after updating U: 0.0138598
200 iterations
f(b) = 0.0240164
Frob norm 2 after updating B : 0.0137045
Iteration number -------- 85  -----------
lambda : 1.52037
max_diff => 4.999e-08
performed mixing
Frob norm 1 after updating U: 0.0137013
200 iterations
f(b) = 0.0217174
Frob norm 2 after updating B : 0.0138031
Iteration number -------- 86  -----------
lambda : 1.52797
max_diff => 4.999e-08
performed mixing
Frob norm 1 after updating U: 0.0137968
200 iterations
f(b) = 0.0327567
Frob norm 2 after updating B : 0.0137411
Iteration number -------- 87  -----------
lambda : 1.53561
max_diff => 4.999e-08
performed mixing
Frob norm 1 after updating U: 0.0137368
200 iterations
f(b) = 0.0189672
Frob norm 2 after updating B : 0.0138538
Iteration number -------- 88  -----------
lambda : 1.54329
max_diff => 4.999e-08
performed mixing
Frob norm 1 after updating U: 0.0138478
200 iterations
f(b) = 0.0209001
Frob norm 2 after updating B : 0.0138066
Iteration number -------- 89  -----------
lambda : 1.55101
max_diff => 4.999e-08
performed mixing
Frob norm 1 after updating U: 0.0138013
200 iterations
f(b) = 0.0226462
Frob norm 2 after updating B : 0.0138028
Iteration number -------- 90  -----------
lambda : 1.55876
max_diff => 4.999e-08
performed mixing
Frob norm 1 after updating U: 0.0138135
200 iterations
f(b) = 0.0227742
Frob norm 2 after updating B : 0.0138301
Iteration number -------- 91  -----------
lambda : 1.56655
max_diff => 4.999e-08
performed mixing
Frob norm 1 after updating U: 0.0138311
200 iterations
f(b) = 0.0268005
Frob norm 2 after updating B : 0.0137984
Iteration number -------- 92  -----------
lambda : 1.57439
max_diff => 4.999e-08
performed mixing
Frob norm 1 after updating U: 0.0137929
200 iterations
f(b) = 0.0207471
Frob norm 2 after updating B : 0.0138036
Iteration number -------- 93  -----------
lambda : 1.58226
max_diff => 4.999e-08
performed mixing
Frob norm 1 after updating U: 0.0138062
200 iterations
f(b) = 0.0215771
Frob norm 2 after updating B : 0.0138304
Iteration number -------- 94  -----------
lambda : 1.59017
max_diff => 4.999e-08
performed mixing
Frob norm 1 after updating U: 0.0138266
200 iterations
f(b) = 0.0237943
Frob norm 2 after updating B : 0.013811
Iteration number -------- 95  -----------
lambda : 1.59812
max_diff => 4.999e-08
performed mixing
Frob norm 1 after updating U: 0.0138077
200 iterations
f(b) = 0.032546
Frob norm 2 after updating B : 0.0137292
Iteration number -------- 96  -----------
lambda : 1.60611
max_diff => 4.999e-08
performed mixing
Frob norm 1 after updating U: 0.0137389
200 iterations
f(b) = 0.0233765
Frob norm 2 after updating B : 0.0136802
Iteration number -------- 97  -----------
lambda : 1.61414
max_diff => 4.999e-08
performed mixing
Frob norm 1 after updating U: 0.0136797
200 iterations
f(b) = 0.0169092
Frob norm 2 after updating B : 0.0138643
Iteration number -------- 98  -----------
lambda : 1.62221
max_diff => 4.999e-08
performed mixing
Frob norm 1 after updating U: 0.0138583
200 iterations
f(b) = 0.0253089
Frob norm 2 after updating B : 0.0137311
Iteration number -------- 99  -----------
lambda : 1.63032
max_diff => 4.999e-08
performed mixing
Frob norm 1 after updating U: 0.0137202
200 iterations
f(b) = 0.0223159
Frob norm 2 after updating B : 0.0138055
Iteration number -------- 100  -----------
lambda : 1.63848
max_diff => 4.999e-08
