Academic license - for non-commercial use only
Frob norm 1 after updating U: 14.4739
200 iterations
f(b) = 92.1152
Frob norm 2 after updating B : 9.03217
Iteration number -------- 1  -----------
lambda : 1
max_diff => 0.119602
performed mixing
Frob norm 1 after updating U: 5.49209
200 iterations
f(b) = 72.4969
Frob norm 2 after updating B : 8.06373
Iteration number -------- 2  -----------
lambda : 1.005
max_diff => 0.112513
performed mixing
Frob norm 1 after updating U: 4.74079
200 iterations
f(b) = 56.6703
Frob norm 2 after updating B : 7.16525
Iteration number -------- 3  -----------
lambda : 1.01002
max_diff => 0.107174
performed mixing
Frob norm 1 after updating U: 4.47677
200 iterations
f(b) = 45.1775
Frob norm 2 after updating B : 6.38121
Iteration number -------- 4  -----------
lambda : 1.01508
max_diff => 0.100267
performed mixing
Frob norm 1 after updating U: 4.34657
200 iterations
f(b) = 37.2703
Frob norm 2 after updating B : 5.75735
Iteration number -------- 5  -----------
lambda : 1.02015
max_diff => 0.0970609
performed mixing
Frob norm 1 after updating U: 4.25676
200 iterations
f(b) = 31.6789
Frob norm 2 after updating B : 5.3023
Iteration number -------- 6  -----------
lambda : 1.02525
max_diff => 0.0815608
performed mixing
Frob norm 1 after updating U: 4.17071
200 iterations
f(b) = 27.6823
Frob norm 2 after updating B : 4.9589
Iteration number -------- 7  -----------
lambda : 1.03038
max_diff => 0.0684446
performed mixing
Frob norm 1 after updating U: 4.0935
200 iterations
f(b) = 24.8161
Frob norm 2 after updating B : 4.68145
Iteration number -------- 8  -----------
lambda : 1.03553
max_diff => 0.0643578
performed mixing
Frob norm 1 after updating U: 4.04832
200 iterations
f(b) = 22.7654
Frob norm 2 after updating B : 4.47545
Iteration number -------- 9  -----------
lambda : 1.04071
max_diff => 0.0615656
performed mixing
Frob norm 1 after updating U: 4.01724
200 iterations
f(b) = 21.3167
Frob norm 2 after updating B : 4.327
Iteration number -------- 10  -----------
lambda : 1.04591
max_diff => 0.0605462
performed mixing
Frob norm 1 after updating U: 3.9924
200 iterations
f(b) = 20.3169
Frob norm 2 after updating B : 4.21736
Iteration number -------- 11  -----------
lambda : 1.05114
max_diff => 0.059642
performed mixing
Frob norm 1 after updating U: 3.98105
200 iterations
f(b) = 19.5746
Frob norm 2 after updating B : 4.14692
Iteration number -------- 12  -----------
lambda : 1.0564
max_diff => 0.0592303
performed mixing
Frob norm 1 after updating U: 3.9623
200 iterations
f(b) = 19.0738
Frob norm 2 after updating B : 4.08297
Iteration number -------- 13  -----------
lambda : 1.06168
max_diff => 0.0592227
performed mixing
Frob norm 1 after updating U: 3.96198
200 iterations
f(b) = 18.7297
Frob norm 2 after updating B : 4.04103
Iteration number -------- 14  -----------
lambda : 1.06699
max_diff => 0.0591466
performed mixing
Frob norm 1 after updating U: 3.96018
200 iterations
f(b) = 18.405
Frob norm 2 after updating B : 4.01857
Iteration number -------- 15  -----------
lambda : 1.07232
max_diff => 0.0584132
performed mixing
Frob norm 1 after updating U: 3.93888
200 iterations
f(b) = 18.2094
Frob norm 2 after updating B : 3.9909
Iteration number -------- 16  -----------
lambda : 1.07768
max_diff => 0.0584241
performed mixing
Frob norm 1 after updating U: 3.93871
200 iterations
f(b) = 18.0243
Frob norm 2 after updating B : 3.97217
Iteration number -------- 17  -----------
lambda : 1.08307
max_diff => 0.0584364
performed mixing
Frob norm 1 after updating U: 3.92411
200 iterations
f(b) = 17.9205
Frob norm 2 after updating B : 3.95507
Iteration number -------- 18  -----------
lambda : 1.08849
max_diff => 0.0584505
performed mixing
Frob norm 1 after updating U: 3.92362
200 iterations
f(b) = 17.8362
Frob norm 2 after updating B : 3.94323
Iteration number -------- 19  -----------
lambda : 1.09393
max_diff => 0.0584505
performed mixing
Frob norm 1 after updating U: 3.92164
200 iterations
f(b) = 17.7872
Frob norm 2 after updating B : 3.93452
Iteration number -------- 20  -----------
lambda : 1.0994
max_diff => 0.0584721
performed mixing
Frob norm 1 after updating U: 3.91972
200 iterations
f(b) = 17.6381
Frob norm 2 after updating B : 3.91219
Iteration number -------- 21  -----------
lambda : 1.1049
max_diff => 0.059916
performed mixing
Frob norm 1 after updating U: 3.87086
200 iterations
f(b) = 14.7796
Frob norm 2 after updating B : 3.45446
Iteration number -------- 22  -----------
lambda : 1.11042
max_diff => 0.0787822
performed mixing
Frob norm 1 after updating U: 2.63748
200 iterations
f(b) = 10.0957
Frob norm 2 after updating B : 2.73237
Iteration number -------- 23  -----------
lambda : 1.11597
max_diff => 0.100456
performed mixing
Frob norm 1 after updating U: 1.22296
200 iterations
f(b) = 7.8188
Frob norm 2 after updating B : 2.36662
Iteration number -------- 24  -----------
lambda : 1.12155
max_diff => 0.0885443
performed mixing
Frob norm 1 after updating U: 0.995003
200 iterations
f(b) = 6.17194
Frob norm 2 after updating B : 2.03449
Iteration number -------- 25  -----------
lambda : 1.12716
max_diff => 0.0785714
performed mixing
Frob norm 1 after updating U: 0.858385
200 iterations
f(b) = 5.02066
Frob norm 2 after updating B : 1.72266
Iteration number -------- 26  -----------
lambda : 1.1328
max_diff => 0.0776884
performed mixing
Frob norm 1 after updating U: 0.850626
200 iterations
f(b) = 4.07641
Frob norm 2 after updating B : 1.55313
Iteration number -------- 27  -----------
lambda : 1.13846
max_diff => 0.0547001
performed mixing
Frob norm 1 after updating U: 0.652576
200 iterations
f(b) = 3.33761
Frob norm 2 after updating B : 1.39479
Iteration number -------- 28  -----------
lambda : 1.14415
max_diff => 0.0401141
performed mixing
Frob norm 1 after updating U: 0.527742
200 iterations
f(b) = 2.71928
Frob norm 2 after updating B : 1.26332
Iteration number -------- 29  -----------
lambda : 1.14987
max_diff => 0.0257876
performed mixing
Frob norm 1 after updating U: 0.423475
200 iterations
f(b) = 2.19166
Frob norm 2 after updating B : 1.1439
Iteration number -------- 30  -----------
lambda : 1.15562
max_diff => 0.0165641
performed mixing
Frob norm 1 after updating U: 0.343365
200 iterations
f(b) = 1.74028
Frob norm 2 after updating B : 1.06124
Iteration number -------- 31  -----------
lambda : 1.1614
max_diff => 0.00861927
performed mixing
Frob norm 1 after updating U: 0.248412
200 iterations
f(b) = 1.38998
Frob norm 2 after updating B : 0.874359
Iteration number -------- 32  -----------
lambda : 1.16721
max_diff => 0.00828468
performed mixing
Frob norm 1 after updating U: 0.243675
200 iterations
f(b) = 1.03068
Frob norm 2 after updating B : 0.89219
Iteration number -------- 33  -----------
lambda : 1.17304
max_diff => 0.00229224
performed mixing
Frob norm 1 after updating U: 0.123797
200 iterations
f(b) = 0.767319
Frob norm 2 after updating B : 0.737897
Iteration number -------- 34  -----------
lambda : 1.17891
max_diff => 0.0019088
performed mixing
Frob norm 1 after updating U: 0.111742
200 iterations
f(b) = 0.516109
Frob norm 2 after updating B : 0.674899
Iteration number -------- 35  -----------
lambda : 1.1848
max_diff => 0.000439557
performed mixing
Frob norm 1 after updating U: 0.0526734
200 iterations
f(b) = 0.376677
Frob norm 2 after updating B : 0.547365
Iteration number -------- 36  -----------
lambda : 1.19073
max_diff => 0.00034276
performed mixing
Frob norm 1 after updating U: 0.0475274
200 iterations
f(b) = 0.255945
Frob norm 2 after updating B : 0.452392
Iteration number -------- 37  -----------
lambda : 1.19668
max_diff => 9.13566e-05
performed mixing
Frob norm 1 after updating U: 0.029302
200 iterations
f(b) = 0.173758
Frob norm 2 after updating B : 0.371799
Iteration number -------- 38  -----------
lambda : 1.20266
max_diff => 4.999e-08
performed mixing
Frob norm 1 after updating U: 0.0139624
200 iterations
f(b) = 0.141317
Frob norm 2 after updating B : 0.297426
Iteration number -------- 39  -----------
lambda : 1.20868
max_diff => 4.99949e-08
performed mixing
Frob norm 1 after updating U: 0.0138782
200 iterations
f(b) = 0.10825
Frob norm 2 after updating B : 0.238077
Iteration number -------- 40  -----------
lambda : 1.21472
max_diff => 5.1024e-08
performed mixing
Frob norm 1 after updating U: 0.0139162
200 iterations
f(b) = 0.0876057
Frob norm 2 after updating B : 0.190626
Iteration number -------- 41  -----------
lambda : 1.22079
max_diff => 4.999e-08
performed mixing
Frob norm 1 after updating U: 0.0139272
200 iterations
f(b) = 0.0722733
Frob norm 2 after updating B : 0.152707
Iteration number -------- 42  -----------
lambda : 1.2269
max_diff => 4.999e-08
performed mixing
Frob norm 1 after updating U: 0.0139407
200 iterations
f(b) = 0.0598403
Frob norm 2 after updating B : 0.122742
Iteration number -------- 43  -----------
lambda : 1.23303
max_diff => 4.999e-08
performed mixing
Frob norm 1 after updating U: 0.0139024
200 iterations
f(b) = 0.0479322
Frob norm 2 after updating B : 0.0984088
Iteration number -------- 44  -----------
lambda : 1.2392
max_diff => 4.999e-08
performed mixing
Frob norm 1 after updating U: 0.013914
200 iterations
f(b) = 0.0562704
Frob norm 2 after updating B : 0.0793206
Iteration number -------- 45  -----------
lambda : 1.24539
max_diff => 4.999e-08
performed mixing
Frob norm 1 after updating U: 0.0139031
200 iterations
f(b) = 0.0234216
Frob norm 2 after updating B : 0.0640952
Iteration number -------- 46  -----------
lambda : 1.25162
max_diff => 4.999e-08
performed mixing
Frob norm 1 after updating U: 0.0138718
200 iterations
f(b) = 0.0470365
Frob norm 2 after updating B : 0.0517933
Iteration number -------- 47  -----------
lambda : 1.25788
max_diff => 4.999e-08
performed mixing
Frob norm 1 after updating U: 0.0138421
200 iterations
f(b) = 0.0211679
Frob norm 2 after updating B : 0.0421699
Iteration number -------- 48  -----------
lambda : 1.26417
max_diff => 4.999e-08
performed mixing
Frob norm 1 after updating U: 0.0138726
200 iterations
f(b) = 0.0202624
Frob norm 2 after updating B : 0.0350727
Iteration number -------- 49  -----------
lambda : 1.27049
max_diff => 4.999e-08
performed mixing
Frob norm 1 after updating U: 0.0138361
200 iterations
f(b) = 0.0184798
Frob norm 2 after updating B : 0.0291863
Iteration number -------- 50  -----------
lambda : 1.27684
max_diff => 4.999e-08
performed mixing
Frob norm 1 after updating U: 0.0138507
200 iterations
f(b) = 0.018422
Frob norm 2 after updating B : 0.0249088
Iteration number -------- 51  -----------
lambda : 1.28323
max_diff => 4.999e-08
performed mixing
Frob norm 1 after updating U: 0.0139795
200 iterations
f(b) = 0.0190137
Frob norm 2 after updating B : 0.0215806
Iteration number -------- 52  -----------
lambda : 1.28964
max_diff => 4.999e-08
performed mixing
Frob norm 1 after updating U: 0.0138932
200 iterations
f(b) = 0.024574
Frob norm 2 after updating B : 0.0191005
Iteration number -------- 53  -----------
lambda : 1.29609
max_diff => 4.999e-08
performed mixing
Frob norm 1 after updating U: 0.013897
200 iterations
f(b) = 0.0220929
Frob norm 2 after updating B : 0.0173936
Iteration number -------- 54  -----------
lambda : 1.30257
max_diff => 4.999e-08
performed mixing
Frob norm 1 after updating U: 0.0138959
200 iterations
f(b) = 0.0193401
Frob norm 2 after updating B : 0.0162817
Iteration number -------- 55  -----------
lambda : 1.30908
max_diff => 4.999e-08
performed mixing
Frob norm 1 after updating U: 0.0139238
200 iterations
f(b) = 0.0189809
Frob norm 2 after updating B : 0.0154789
Iteration number -------- 56  -----------
lambda : 1.31563
max_diff => 4.999e-08
performed mixing
Frob norm 1 after updating U: 0.0138587
200 iterations
f(b) = 0.0184606
Frob norm 2 after updating B : 0.0148101
Iteration number -------- 57  -----------
lambda : 1.32221
max_diff => 4.999e-08
performed mixing
Frob norm 1 after updating U: 0.0137701
200 iterations
f(b) = 0.0190329
Frob norm 2 after updating B : 0.0145296
Iteration number -------- 58  -----------
lambda : 1.32882
max_diff => 4.999e-08
performed mixing
Frob norm 1 after updating U: 0.013814
200 iterations
f(b) = 0.0200197
Frob norm 2 after updating B : 0.0143332
Iteration number -------- 59  -----------
lambda : 1.33546
max_diff => 4.999e-08
performed mixing
Frob norm 1 after updating U: 0.0138355
200 iterations
f(b) = 0.017451
Frob norm 2 after updating B : 0.0140617
Iteration number -------- 60  -----------
lambda : 1.34214
max_diff => 4.999e-08
performed mixing
Frob norm 1 after updating U: 0.0137652
200 iterations
f(b) = 0.019468
Frob norm 2 after updating B : 0.013917
Iteration number -------- 61  -----------
lambda : 1.34885
max_diff => 4.999e-08
performed mixing
Frob norm 1 after updating U: 0.0136887
200 iterations
f(b) = 0.0141705
Frob norm 2 after updating B : 0.0140043
Iteration number -------- 62  -----------
lambda : 1.35559
max_diff => 4.999e-08
performed mixing
Frob norm 1 after updating U: 0.0138575
200 iterations
f(b) = 0.0175307
Frob norm 2 after updating B : 0.0139434
Iteration number -------- 63  -----------
lambda : 1.36237
max_diff => 4.999e-08
performed mixing
Frob norm 1 after updating U: 0.0138525
200 iterations
f(b) = 0.0182569
Frob norm 2 after updating B : 0.0138939
Iteration number -------- 64  -----------
lambda : 1.36918
max_diff => 4.999e-08
performed mixing
Frob norm 1 after updating U: 0.0138371
200 iterations
f(b) = 0.0181987
Frob norm 2 after updating B : 0.0138123
Iteration number -------- 65  -----------
lambda : 1.37603
max_diff => 4.999e-08
performed mixing
Frob norm 1 after updating U: 0.0137881
200 iterations
f(b) = 0.0200153
Frob norm 2 after updating B : 0.0138052
Iteration number -------- 66  -----------
lambda : 1.38291
max_diff => 4.999e-08
performed mixing
Frob norm 1 after updating U: 0.013784
200 iterations
f(b) = 0.0191031
Frob norm 2 after updating B : 0.0138363
Iteration number -------- 67  -----------
lambda : 1.38982
max_diff => 4.999e-08
performed mixing
Frob norm 1 after updating U: 0.013815
200 iterations
f(b) = 0.0166382
Frob norm 2 after updating B : 0.01399
Iteration number -------- 68  -----------
lambda : 1.39677
max_diff => 4.999e-08
performed mixing
Frob norm 1 after updating U: 0.0139792
200 iterations
f(b) = 0.0198435
Frob norm 2 after updating B : 0.0136654
Iteration number -------- 69  -----------
lambda : 1.40376
max_diff => 4.999e-08
performed mixing
Frob norm 1 after updating U: 0.0136582
200 iterations
f(b) = 0.0143981
Frob norm 2 after updating B : 0.0138745
Iteration number -------- 70  -----------
lambda : 1.41078
max_diff => 4.999e-08
performed mixing
Frob norm 1 after updating U: 0.0138641
200 iterations
f(b) = 0.0193258
Frob norm 2 after updating B : 0.0137871
Iteration number -------- 71  -----------
lambda : 1.41783
max_diff => 4.999e-08
performed mixing
Frob norm 1 after updating U: 0.0137653
200 iterations
f(b) = 0.0197708
Frob norm 2 after updating B : 0.0137781
Iteration number -------- 72  -----------
lambda : 1.42492
max_diff => 4.999e-08
performed mixing
Frob norm 1 after updating U: 0.0137648
200 iterations
f(b) = 0.0222387
Frob norm 2 after updating B : 0.013815
Iteration number -------- 73  -----------
lambda : 1.43204
max_diff => 4.999e-08
performed mixing
Frob norm 1 after updating U: 0.0138102
200 iterations
f(b) = 0.0217139
Frob norm 2 after updating B : 0.0137855
Iteration number -------- 74  -----------
lambda : 1.4392
max_diff => 4.999e-08
performed mixing
Frob norm 1 after updating U: 0.0137811
200 iterations
f(b) = 0.018811
Frob norm 2 after updating B : 0.0137402
Iteration number -------- 75  -----------
lambda : 1.4464
max_diff => 4.999e-08
performed mixing
Frob norm 1 after updating U: 0.0137396
200 iterations
f(b) = 0.0221934
Frob norm 2 after updating B : 0.0137711
Iteration number -------- 76  -----------
lambda : 1.45363
max_diff => 4.999e-08
performed mixing
Frob norm 1 after updating U: 0.0137693
200 iterations
f(b) = 0.0192786
Frob norm 2 after updating B : 0.0138013
Iteration number -------- 77  -----------
lambda : 1.4609
max_diff => 4.999e-08
performed mixing
Frob norm 1 after updating U: 0.0137931
200 iterations
f(b) = 0.0195347
Frob norm 2 after updating B : 0.0137692
Iteration number -------- 78  -----------
lambda : 1.46821
max_diff => 4.999e-08
performed mixing
Frob norm 1 after updating U: 0.0137662
200 iterations
f(b) = 0.026148
Frob norm 2 after updating B : 0.0137328
Iteration number -------- 79  -----------
lambda : 1.47555
max_diff => 4.999e-08
performed mixing
Frob norm 1 after updating U: 0.0137242
200 iterations
f(b) = 0.0195987
Frob norm 2 after updating B : 0.0137595
Iteration number -------- 80  -----------
lambda : 1.48292
max_diff => 4.999e-08
performed mixing
Frob norm 1 after updating U: 0.0137523
200 iterations
f(b) = 0.0196865
Frob norm 2 after updating B : 0.0136434
Iteration number -------- 81  -----------
lambda : 1.49034
max_diff => 4.999e-08
performed mixing
Frob norm 1 after updating U: 0.0136308
200 iterations
f(b) = 0.0196976
Frob norm 2 after updating B : 0.0137909
Iteration number -------- 82  -----------
lambda : 1.49779
max_diff => 4.999e-08
performed mixing
Frob norm 1 after updating U: 0.0137865
200 iterations
f(b) = 0.0202865
Frob norm 2 after updating B : 0.0138213
Iteration number -------- 83  -----------
lambda : 1.50528
max_diff => 4.999e-08
performed mixing
Frob norm 1 after updating U: 0.0138141
200 iterations
f(b) = 0.0202999
Frob norm 2 after updating B : 0.0137613
Iteration number -------- 84  -----------
lambda : 1.51281
max_diff => 4.999e-08
performed mixing
Frob norm 1 after updating U: 0.0137507
200 iterations
f(b) = 0.0208162
Frob norm 2 after updating B : 0.0138168
Iteration number -------- 85  -----------
lambda : 1.52037
max_diff => 4.999e-08
performed mixing
Frob norm 1 after updating U: 0.0138178
200 iterations
f(b) = 0.0212938
Frob norm 2 after updating B : 0.013791
Iteration number -------- 86  -----------
lambda : 1.52797
max_diff => 4.999e-08
performed mixing
Frob norm 1 after updating U: 0.0137905
200 iterations
f(b) = 0.0256981
Frob norm 2 after updating B : 0.0137961
Iteration number -------- 87  -----------
lambda : 1.53561
max_diff => 4.999e-08
performed mixing
Frob norm 1 after updating U: 0.0138011
200 iterations
f(b) = 0.0225853
Frob norm 2 after updating B : 0.0137316
Iteration number -------- 88  -----------
lambda : 1.54329
max_diff => 4.999e-08
performed mixing
Frob norm 1 after updating U: 0.0137279
200 iterations
f(b) = 0.0206761
Frob norm 2 after updating B : 0.0139466
Iteration number -------- 89  -----------
lambda : 1.55101
max_diff => 4.999e-08
performed mixing
Frob norm 1 after updating U: 0.0139459
200 iterations
f(b) = 0.0220196
Frob norm 2 after updating B : 0.0138003
Iteration number -------- 90  -----------
lambda : 1.55876
max_diff => 4.999e-08
performed mixing
Frob norm 1 after updating U: 0.0137954
200 iterations
f(b) = 0.021458
Frob norm 2 after updating B : 0.0138098
Iteration number -------- 91  -----------
lambda : 1.56655
max_diff => 4.999e-08
performed mixing
Frob norm 1 after updating U: 0.0138097
200 iterations
f(b) = 0.035106
Frob norm 2 after updating B : 0.0137708
Iteration number -------- 92  -----------
lambda : 1.57439
max_diff => 4.999e-08
performed mixing
Frob norm 1 after updating U: 0.0137645
200 iterations
f(b) = 0.0205379
Frob norm 2 after updating B : 0.013852
Iteration number -------- 93  -----------
lambda : 1.58226
max_diff => 4.999e-08
performed mixing
Frob norm 1 after updating U: 0.0138485
200 iterations
f(b) = 0.022377
Frob norm 2 after updating B : 0.0138069
Iteration number -------- 94  -----------
lambda : 1.59017
max_diff => 4.999e-08
performed mixing
Frob norm 1 after updating U: 0.0138046
200 iterations
f(b) = 0.0331163
Frob norm 2 after updating B : 0.0137596
Iteration number -------- 95  -----------
lambda : 1.59812
max_diff => 4.999e-08
performed mixing
Frob norm 1 after updating U: 0.0137581
200 iterations
f(b) = 0.0285767
Frob norm 2 after updating B : 0.0138134
Iteration number -------- 96  -----------
lambda : 1.60611
max_diff => 4.999e-08
performed mixing
Frob norm 1 after updating U: 0.0138075
200 iterations
f(b) = 0.0253377
Frob norm 2 after updating B : 0.0137813
Iteration number -------- 97  -----------
lambda : 1.61414
max_diff => 4.999e-08
performed mixing
Frob norm 1 after updating U: 0.0137783
200 iterations
f(b) = 0.0181864
Frob norm 2 after updating B : 0.013821
Iteration number -------- 98  -----------
lambda : 1.62221
max_diff => 4.999e-08
performed mixing
Frob norm 1 after updating U: 0.01382
200 iterations
f(b) = 0.0232641
Frob norm 2 after updating B : 0.0139084
Iteration number -------- 99  -----------
lambda : 1.63032
max_diff => 4.999e-08
performed mixing
Frob norm 1 after updating U: 0.0139072
200 iterations
f(b) = 0.0234911
Frob norm 2 after updating B : 0.0137958
Iteration number -------- 100  -----------
lambda : 1.63848
max_diff => 4.999e-08
