Academic license - for non-commercial use only
Frob norm 1 after updating U: 9.78152
200 iterations
f(b) = 62.1038
Frob norm 2 after updating B : 7.14977
Iteration number -------- 1  -----------
lambda : 1
max_diff => 0.107608
performed mixing
Frob norm 1 after updating U: 5.7446
200 iterations
f(b) = 54.1813
Frob norm 2 after updating B : 6.65049
Iteration number -------- 2  -----------
lambda : 1.005
max_diff => 0.107234
performed mixing
Frob norm 1 after updating U: 5.13376
200 iterations
f(b) = 47.0135
Frob norm 2 after updating B : 6.24919
Iteration number -------- 3  -----------
lambda : 1.01002
max_diff => 0.0986859
performed mixing
Frob norm 1 after updating U: 4.80353
200 iterations
f(b) = 40.8422
Frob norm 2 after updating B : 5.8499
Iteration number -------- 4  -----------
lambda : 1.01508
max_diff => 0.0929841
performed mixing
Frob norm 1 after updating U: 4.63865
200 iterations
f(b) = 36.1132
Frob norm 2 after updating B : 5.47883
Iteration number -------- 5  -----------
lambda : 1.02015
max_diff => 0.0883013
performed mixing
Frob norm 1 after updating U: 4.55548
200 iterations
f(b) = 32.6285
Frob norm 2 after updating B : 5.18384
Iteration number -------- 6  -----------
lambda : 1.02525
max_diff => 0.0799541
performed mixing
Frob norm 1 after updating U: 4.48426
200 iterations
f(b) = 30.0383
Frob norm 2 after updating B : 4.96239
Iteration number -------- 7  -----------
lambda : 1.03038
max_diff => 0.081284
performed mixing
Frob norm 1 after updating U: 4.44731
200 iterations
f(b) = 28.1208
Frob norm 2 after updating B : 4.79103
Iteration number -------- 8  -----------
lambda : 1.03553
max_diff => 0.0873952
performed mixing
Frob norm 1 after updating U: 4.38191
200 iterations
f(b) = 26.8527
Frob norm 2 after updating B : 4.65164
Iteration number -------- 9  -----------
lambda : 1.04071
max_diff => 0.08745
performed mixing
Frob norm 1 after updating U: 4.38161
200 iterations
f(b) = 26.0124
Frob norm 2 after updating B : 4.55828
Iteration number -------- 10  -----------
lambda : 1.04591
max_diff => 0.0877611
performed mixing
Frob norm 1 after updating U: 4.37878
200 iterations
f(b) = 25.2451
Frob norm 2 after updating B : 4.47751
Iteration number -------- 11  -----------
lambda : 1.05114
max_diff => 0.0954928
performed mixing
Frob norm 1 after updating U: 4.31078
200 iterations
f(b) = 24.7381
Frob norm 2 after updating B : 4.41428
Iteration number -------- 12  -----------
lambda : 1.0564
max_diff => 0.099922
performed mixing
Frob norm 1 after updating U: 4.28524
200 iterations
f(b) = 24.3915
Frob norm 2 after updating B : 4.3696
Iteration number -------- 13  -----------
lambda : 1.06168
max_diff => 0.100052
performed mixing
Frob norm 1 after updating U: 4.28453
200 iterations
f(b) = 24.1677
Frob norm 2 after updating B : 4.33985
Iteration number -------- 14  -----------
lambda : 1.06699
max_diff => 0.100226
performed mixing
Frob norm 1 after updating U: 4.2834
200 iterations
f(b) = 23.8515
Frob norm 2 after updating B : 4.29812
Iteration number -------- 15  -----------
lambda : 1.07232
max_diff => 0.108034
performed mixing
Frob norm 1 after updating U: 4.22695
200 iterations
f(b) = 23.6508
Frob norm 2 after updating B : 4.26933
Iteration number -------- 16  -----------
lambda : 1.07768
max_diff => 0.108625
performed mixing
Frob norm 1 after updating U: 4.21894
200 iterations
f(b) = 23.5279
Frob norm 2 after updating B : 4.25097
Iteration number -------- 17  -----------
lambda : 1.08307
max_diff => 0.108828
performed mixing
Frob norm 1 after updating U: 4.21671
200 iterations
f(b) = 23.4308
Frob norm 2 after updating B : 4.23519
Iteration number -------- 18  -----------
lambda : 1.08849
max_diff => 0.109416
performed mixing
Frob norm 1 after updating U: 4.21009
200 iterations
f(b) = 22.972
Frob norm 2 after updating B : 4.16035
Iteration number -------- 19  -----------
lambda : 1.09393
max_diff => 0.116628
performed mixing
Frob norm 1 after updating U: 4.01719
200 iterations
f(b) = 20.6665
Frob norm 2 after updating B : 3.88807
Iteration number -------- 20  -----------
lambda : 1.0994
max_diff => 0.149609
performed mixing
Frob norm 1 after updating U: 3.33265
200 iterations
f(b) = 18.1186
Frob norm 2 after updating B : 3.60901
Iteration number -------- 21  -----------
lambda : 1.1049
max_diff => 0.1168
performed mixing
Frob norm 1 after updating U: 3.00067
200 iterations
f(b) = 16.1544
Frob norm 2 after updating B : 3.36959
Iteration number -------- 22  -----------
lambda : 1.11042
max_diff => 0.0625024
performed mixing
Frob norm 1 after updating U: 2.85419
200 iterations
f(b) = 14.5458
Frob norm 2 after updating B : 3.17248
Iteration number -------- 23  -----------
lambda : 1.11597
max_diff => 0.0626399
performed mixing
Frob norm 1 after updating U: 2.7663
200 iterations
f(b) = 12.9985
Frob norm 2 after updating B : 3.04902
Iteration number -------- 24  -----------
lambda : 1.12155
max_diff => 0.0609472
performed mixing
Frob norm 1 after updating U: 2.63088
200 iterations
f(b) = 12.2008
Frob norm 2 after updating B : 2.90634
Iteration number -------- 25  -----------
lambda : 1.12716
max_diff => 0.0609273
performed mixing
Frob norm 1 after updating U: 2.63048
200 iterations
f(b) = 11.6589
Frob norm 2 after updating B : 2.81084
Iteration number -------- 26  -----------
lambda : 1.1328
max_diff => 0.0608385
performed mixing
Frob norm 1 after updating U: 2.62837
200 iterations
f(b) = 10.7768
Frob norm 2 after updating B : 2.87626
Iteration number -------- 27  -----------
lambda : 1.13846
max_diff => 0.0621393
performed mixing
Frob norm 1 after updating U: 2.48041
200 iterations
f(b) = 9.86992
Frob norm 2 after updating B : 2.74099
Iteration number -------- 28  -----------
lambda : 1.14415
max_diff => 0.062049
performed mixing
Frob norm 1 after updating U: 2.47966
200 iterations
f(b) = 9.40567
Frob norm 2 after updating B : 2.65108
Iteration number -------- 29  -----------
lambda : 1.14987
max_diff => 0.0617929
performed mixing
Frob norm 1 after updating U: 2.47754
200 iterations
f(b) = 8.66267
Frob norm 2 after updating B : 2.63072
Iteration number -------- 30  -----------
lambda : 1.15562
max_diff => 0.047396
performed mixing
Frob norm 1 after updating U: 2.44894
200 iterations
f(b) = 8.36291
Frob norm 2 after updating B : 2.56828
Iteration number -------- 31  -----------
lambda : 1.1614
max_diff => 0.0456539
performed mixing
Frob norm 1 after updating U: 2.44728
200 iterations
f(b) = 7.71494
Frob norm 2 after updating B : 2.56491
Iteration number -------- 32  -----------
lambda : 1.16721
max_diff => 0.038345
performed mixing
Frob norm 1 after updating U: 2.43612
200 iterations
f(b) = 7.54765
Frob norm 2 after updating B : 2.51954
Iteration number -------- 33  -----------
lambda : 1.17304
max_diff => 0.0383424
performed mixing
Frob norm 1 after updating U: 2.43588
200 iterations
f(b) = 7.39946
Frob norm 2 after updating B : 2.49033
Iteration number -------- 34  -----------
lambda : 1.17891
max_diff => 0.0383089
performed mixing
Frob norm 1 after updating U: 2.43574
200 iterations
f(b) = 7.2943
Frob norm 2 after updating B : 2.4717
Iteration number -------- 35  -----------
lambda : 1.1848
max_diff => 0.0382227
performed mixing
Frob norm 1 after updating U: 2.43548
200 iterations
f(b) = 7.06619
Frob norm 2 after updating B : 2.47043
Iteration number -------- 36  -----------
lambda : 1.19073
max_diff => 0.0375687
performed mixing
Frob norm 1 after updating U: 2.43334
200 iterations
f(b) = 7.05519
Frob norm 2 after updating B : 2.45751
Iteration number -------- 37  -----------
lambda : 1.19668
max_diff => 0.0375323
performed mixing
Frob norm 1 after updating U: 2.43332
200 iterations
f(b) = 6.99722
Frob norm 2 after updating B : 2.4492
Iteration number -------- 38  -----------
lambda : 1.20266
max_diff => 0.0375503
performed mixing
Frob norm 1 after updating U: 2.43323
200 iterations
f(b) = 6.98972
Frob norm 2 after updating B : 2.44341
Iteration number -------- 39  -----------
lambda : 1.20868
max_diff => 0.037544
performed mixing
Frob norm 1 after updating U: 2.43294
200 iterations
f(b) = 6.96935
Frob norm 2 after updating B : 2.43936
Iteration number -------- 40  -----------
lambda : 1.21472
max_diff => 0.0374973
performed mixing
Frob norm 1 after updating U: 2.43229
200 iterations
f(b) = 6.95832
Frob norm 2 after updating B : 2.43639
Iteration number -------- 41  -----------
lambda : 1.22079
max_diff => 0.0374691
performed mixing
Frob norm 1 after updating U: 2.43155
200 iterations
f(b) = 6.94709
Frob norm 2 after updating B : 2.43418
Iteration number -------- 42  -----------
lambda : 1.2269
max_diff => 0.0374044
performed mixing
Frob norm 1 after updating U: 2.43074
200 iterations
f(b) = 6.93394
Frob norm 2 after updating B : 2.43202
Iteration number -------- 43  -----------
lambda : 1.23303
max_diff => 0.0373475
performed mixing
Frob norm 1 after updating U: 2.42937
200 iterations
f(b) = 6.93677
Frob norm 2 after updating B : 2.43045
Iteration number -------- 44  -----------
lambda : 1.2392
max_diff => 0.0373473
performed mixing
Frob norm 1 after updating U: 2.42864
200 iterations
f(b) = 6.93063
Frob norm 2 after updating B : 2.4291
Iteration number -------- 45  -----------
lambda : 1.24539
max_diff => 0.0372982
performed mixing
Frob norm 1 after updating U: 2.42779
200 iterations
f(b) = 6.93198
Frob norm 2 after updating B : 2.4277
Iteration number -------- 46  -----------
lambda : 1.25162
max_diff => 0.0372465
performed mixing
Frob norm 1 after updating U: 2.42671
200 iterations
f(b) = 6.92106
Frob norm 2 after updating B : 2.42543
Iteration number -------- 47  -----------
lambda : 1.25788
max_diff => 0.0371684
performed mixing
Frob norm 1 after updating U: 2.4245
200 iterations
f(b) = 6.87191
Frob norm 2 after updating B : 2.42006
Iteration number -------- 48  -----------
lambda : 1.26417
max_diff => 0.0371592
performed mixing
Frob norm 1 after updating U: 2.41896
200 iterations
f(b) = 6.84548
Frob norm 2 after updating B : 2.41406
Iteration number -------- 49  -----------
lambda : 1.27049
max_diff => 0.0372988
performed mixing
Frob norm 1 after updating U: 2.41136
200 iterations
f(b) = 6.87934
Frob norm 2 after updating B : 2.41205
Iteration number -------- 50  -----------
lambda : 1.27684
max_diff => 0.0372666
performed mixing
Frob norm 1 after updating U: 2.4101
200 iterations
f(b) = 6.8806
Frob norm 2 after updating B : 2.41059
Iteration number -------- 51  -----------
lambda : 1.28323
max_diff => 0.037288
performed mixing
Frob norm 1 after updating U: 2.40921
200 iterations
f(b) = 6.88021
Frob norm 2 after updating B : 2.40928
Iteration number -------- 52  -----------
lambda : 1.28964
max_diff => 0.0373191
performed mixing
Frob norm 1 after updating U: 2.4083
200 iterations
f(b) = 6.87721
Frob norm 2 after updating B : 2.40704
Iteration number -------- 53  -----------
lambda : 1.29609
max_diff => 0.0373041
performed mixing
Frob norm 1 after updating U: 2.4062
200 iterations
f(b) = 6.87222
Frob norm 2 after updating B : 2.4046
Iteration number -------- 54  -----------
lambda : 1.30257
max_diff => 0.0373349
performed mixing
Frob norm 1 after updating U: 2.40383
200 iterations
f(b) = 6.87291
Frob norm 2 after updating B : 2.40191
Iteration number -------- 55  -----------
lambda : 1.30908
max_diff => 0.0373756
performed mixing
Frob norm 1 after updating U: 2.40117
200 iterations
f(b) = 6.62947
Frob norm 2 after updating B : 2.35842
Iteration number -------- 56  -----------
lambda : 1.31563
max_diff => 0.0410962
performed mixing
Frob norm 1 after updating U: 2.3277
200 iterations
f(b) = 6.61927
Frob norm 2 after updating B : 2.343
Iteration number -------- 57  -----------
lambda : 1.32221
max_diff => 0.0412985
performed mixing
Frob norm 1 after updating U: 2.32163
200 iterations
f(b) = 6.58177
Frob norm 2 after updating B : 2.32963
Iteration number -------- 58  -----------
lambda : 1.32882
max_diff => 0.0418149
performed mixing
Frob norm 1 after updating U: 2.31294
200 iterations
f(b) = 6.5396
Frob norm 2 after updating B : 2.31596
Iteration number -------- 59  -----------
lambda : 1.33546
max_diff => 0.0425092
performed mixing
Frob norm 1 after updating U: 2.30218
200 iterations
f(b) = 6.02488
Frob norm 2 after updating B : 2.15742
Iteration number -------- 60  -----------
lambda : 1.34214
max_diff => 0.0605911
performed mixing
Frob norm 1 after updating U: 1.96623
200 iterations
f(b) = 5.79133
Frob norm 2 after updating B : 2.08912
Iteration number -------- 61  -----------
lambda : 1.34885
max_diff => 0.060754
performed mixing
Frob norm 1 after updating U: 1.96106
200 iterations
f(b) = 5.11313
Frob norm 2 after updating B : 1.86405
Iteration number -------- 62  -----------
lambda : 1.35559
max_diff => 0.0623847
performed mixing
Frob norm 1 after updating U: 1.45923
200 iterations
f(b) = 4.69228
Frob norm 2 after updating B : 1.73162
Iteration number -------- 63  -----------
lambda : 1.36237
max_diff => 0.0624208
performed mixing
Frob norm 1 after updating U: 1.45429
200 iterations
f(b) = 4.01346
Frob norm 2 after updating B : 1.62489
Iteration number -------- 64  -----------
lambda : 1.36918
max_diff => 0.0609918
performed mixing
Frob norm 1 after updating U: 1.0817
200 iterations
f(b) = 3.54393
Frob norm 2 after updating B : 1.45623
Iteration number -------- 65  -----------
lambda : 1.37603
max_diff => 0.0609291
performed mixing
Frob norm 1 after updating U: 1.0801
200 iterations
f(b) = 3.19541
Frob norm 2 after updating B : 1.33542
Iteration number -------- 66  -----------
lambda : 1.38291
max_diff => 0.0606699
performed mixing
Frob norm 1 after updating U: 1.07417
200 iterations
f(b) = 2.48677
Frob norm 2 after updating B : 1.34108
Iteration number -------- 67  -----------
lambda : 1.38982
max_diff => 0.0377765
performed mixing
Frob norm 1 after updating U: 0.935325
200 iterations
f(b) = 2.19451
Frob norm 2 after updating B : 1.21648
Iteration number -------- 68  -----------
lambda : 1.39677
max_diff => 0.0362479
performed mixing
Frob norm 1 after updating U: 0.93122
200 iterations
f(b) = 1.78436
Frob norm 2 after updating B : 1.15432
Iteration number -------- 69  -----------
lambda : 1.40376
max_diff => 0.0240318
performed mixing
Frob norm 1 after updating U: 0.908966
200 iterations
f(b) = 1.42211
Frob norm 2 after updating B : 1.1101
Iteration number -------- 70  -----------
lambda : 1.41078
max_diff => 0.00470092
performed mixing
Frob norm 1 after updating U: 0.888627
200 iterations
f(b) = 1.26683
Frob norm 2 after updating B : 1.03854
Iteration number -------- 71  -----------
lambda : 1.41783
max_diff => 0.00309512
performed mixing
Frob norm 1 after updating U: 0.887814
200 iterations
f(b) = 1.19443
Frob norm 2 after updating B : 0.988517
Iteration number -------- 72  -----------
lambda : 1.42492
max_diff => 0.00210833
performed mixing
Frob norm 1 after updating U: 0.887471
200 iterations
f(b) = 1.02228
Frob norm 2 after updating B : 0.961523
Iteration number -------- 73  -----------
lambda : 1.43204
max_diff => 1.5787e-07
performed mixing
Frob norm 1 after updating U: 0.887665
200 iterations
f(b) = 0.988497
Frob norm 2 after updating B : 0.935567
Iteration number -------- 74  -----------
lambda : 1.4392
max_diff => 1.00014e-07
performed mixing
Frob norm 1 after updating U: 0.887588
200 iterations
f(b) = 0.950878
Frob norm 2 after updating B : 0.918658
Iteration number -------- 75  -----------
lambda : 1.4464
max_diff => 9.998e-08
performed mixing
Frob norm 1 after updating U: 0.887635
200 iterations
f(b) = 0.936114
Frob norm 2 after updating B : 0.907578
Iteration number -------- 76  -----------
lambda : 1.45363
max_diff => 1.01687e-07
performed mixing
Frob norm 1 after updating U: 0.887593
200 iterations
f(b) = 0.923295
Frob norm 2 after updating B : 0.900492
Iteration number -------- 77  -----------
lambda : 1.4609
max_diff => 9.998e-08
performed mixing
Frob norm 1 after updating U: 0.887653
200 iterations
f(b) = 0.918665
Frob norm 2 after updating B : 0.895861
Iteration number -------- 78  -----------
lambda : 1.46821
max_diff => 1.02021e-07
performed mixing
Frob norm 1 after updating U: 0.887613
200 iterations
f(b) = 0.907784
Frob norm 2 after updating B : 0.892921
Iteration number -------- 79  -----------
lambda : 1.47555
max_diff => 1.00027e-07
performed mixing
Frob norm 1 after updating U: 0.887623
200 iterations
f(b) = 0.908031
Frob norm 2 after updating B : 0.891033
Iteration number -------- 80  -----------
lambda : 1.48292
max_diff => 9.998e-08
performed mixing
Frob norm 1 after updating U: 0.88764
200 iterations
f(b) = 0.908069
Frob norm 2 after updating B : 0.889767
Iteration number -------- 81  -----------
lambda : 1.49034
max_diff => 9.998e-08
performed mixing
Frob norm 1 after updating U: 0.887586
200 iterations
f(b) = 0.883865
Frob norm 2 after updating B : 0.889061
Iteration number -------- 82  -----------
lambda : 1.49779
max_diff => 1.02462e-07
performed mixing
Frob norm 1 after updating U: 0.887663
200 iterations
f(b) = 0.903881
Frob norm 2 after updating B : 0.888511
Iteration number -------- 83  -----------
lambda : 1.50528
max_diff => 9.998e-08
performed mixing
Frob norm 1 after updating U: 0.887615
200 iterations
f(b) = 0.902553
Frob norm 2 after updating B : 0.888173
Iteration number -------- 84  -----------
lambda : 1.51281
max_diff => 1.03035e-07
performed mixing
Frob norm 1 after updating U: 0.887596
200 iterations
f(b) = 0.906346
Frob norm 2 after updating B : 0.88799
Iteration number -------- 85  -----------
lambda : 1.52037
max_diff => 9.998e-08
performed mixing
Frob norm 1 after updating U: 0.88762
200 iterations
f(b) = 0.905949
Frob norm 2 after updating B : 0.887893
Iteration number -------- 86  -----------
lambda : 1.52797
max_diff => 9.998e-08
performed mixing
Frob norm 1 after updating U: 0.887655
200 iterations
f(b) = 0.906577
Frob norm 2 after updating B : 0.887742
Iteration number -------- 87  -----------
lambda : 1.53561
max_diff => 9.998e-08
performed mixing
Frob norm 1 after updating U: 0.887589
200 iterations
f(b) = 0.907069
Frob norm 2 after updating B : 0.887713
Iteration number -------- 88  -----------
lambda : 1.54329
max_diff => 9.998e-08
performed mixing
Frob norm 1 after updating U: 0.887611
200 iterations
f(b) = 0.90579
Frob norm 2 after updating B : 0.887654
Iteration number -------- 89  -----------
lambda : 1.55101
max_diff => 1.07864e-07
performed mixing
Frob norm 1 after updating U: 0.887576
200 iterations
f(b) = 0.843707
Frob norm 2 after updating B : 0.887628
Iteration number -------- 90  -----------
lambda : 1.55876
max_diff => 1.18215e-07
performed mixing
Frob norm 1 after updating U: 0.887589
200 iterations
f(b) = 0.905999
Frob norm 2 after updating B : 0.887653
Iteration number -------- 91  -----------
lambda : 1.56655
max_diff => 9.998e-08
performed mixing
Frob norm 1 after updating U: 0.88763
200 iterations
f(b) = 0.88956
Frob norm 2 after updating B : 0.887664
Iteration number -------- 92  -----------
lambda : 1.57439
max_diff => 1.04126e-07
performed mixing
Frob norm 1 after updating U: 0.887648
200 iterations
f(b) = 0.910467
Frob norm 2 after updating B : 0.887645
Iteration number -------- 93  -----------
lambda : 1.58226
max_diff => 1.02164e-07
performed mixing
Frob norm 1 after updating U: 0.887636
200 iterations
f(b) = 0.909373
Frob norm 2 after updating B : 0.88767
Iteration number -------- 94  -----------
lambda : 1.59017
max_diff => 9.998e-08
performed mixing
Frob norm 1 after updating U: 0.887665
200 iterations
f(b) = 0.912467
Frob norm 2 after updating B : 0.887637
Iteration number -------- 95  -----------
lambda : 1.59812
max_diff => 9.998e-08
performed mixing
Frob norm 1 after updating U: 0.887632
200 iterations
f(b) = 0.907415
Frob norm 2 after updating B : 0.887671
Iteration number -------- 96  -----------
lambda : 1.60611
max_diff => 9.998e-08
performed mixing
Frob norm 1 after updating U: 0.887667
200 iterations
f(b) = 0.909231
Frob norm 2 after updating B : 0.88764
Iteration number -------- 97  -----------
lambda : 1.61414
max_diff => 9.998e-08
performed mixing
Frob norm 1 after updating U: 0.887638
200 iterations
f(b) = 0.908518
Frob norm 2 after updating B : 0.887724
Iteration number -------- 98  -----------
lambda : 1.62221
max_diff => 9.998e-08
performed mixing
Frob norm 1 after updating U: 0.887723
200 iterations
f(b) = 0.906306
Frob norm 2 after updating B : 0.887614
Iteration number -------- 99  -----------
lambda : 1.63032
max_diff => 1.18865e-07
performed mixing
Frob norm 1 after updating U: 0.887612
200 iterations
f(b) = 0.913946
Frob norm 2 after updating B : 0.887637
Iteration number -------- 100  -----------
lambda : 1.63848
max_diff => 9.998e-08
