Academic license - for non-commercial use only
Frob norm 1 after updating U: 10.635
200 iterations
f(b) = 50.7685
Frob norm 2 after updating B : 6.32868
Iteration number -------- 1  -----------
lambda : 1
max_diff => 0.153965
performed mixing
Frob norm 1 after updating U: 4.58548
200 iterations
f(b) = 42.8269
Frob norm 2 after updating B : 5.81982
Iteration number -------- 2  -----------
lambda : 1.005
max_diff => 0.131196
performed mixing
Frob norm 1 after updating U: 4.21218
200 iterations
f(b) = 36.1666
Frob norm 2 after updating B : 5.33211
Iteration number -------- 3  -----------
lambda : 1.01002
max_diff => 0.108741
performed mixing
Frob norm 1 after updating U: 3.90125
200 iterations
f(b) = 30.7729
Frob norm 2 after updating B : 4.91564
Iteration number -------- 4  -----------
lambda : 1.01508
max_diff => 0.11143
performed mixing
Frob norm 1 after updating U: 3.67033
200 iterations
f(b) = 26.6357
Frob norm 2 after updating B : 4.5442
Iteration number -------- 5  -----------
lambda : 1.02015
max_diff => 0.116351
performed mixing
Frob norm 1 after updating U: 3.53491
200 iterations
f(b) = 23.321
Frob norm 2 after updating B : 4.24333
Iteration number -------- 6  -----------
lambda : 1.02525
max_diff => 0.116104
performed mixing
Frob norm 1 after updating U: 3.43373
200 iterations
f(b) = 20.651
Frob norm 2 after updating B : 4.03842
Iteration number -------- 7  -----------
lambda : 1.03038
max_diff => 0.113139
performed mixing
Frob norm 1 after updating U: 3.32969
200 iterations
f(b) = 18.7711
Frob norm 2 after updating B : 3.80876
Iteration number -------- 8  -----------
lambda : 1.03553
max_diff => 0.112777
performed mixing
Frob norm 1 after updating U: 3.32444
200 iterations
f(b) = 17.4439
Frob norm 2 after updating B : 3.64797
Iteration number -------- 9  -----------
lambda : 1.04071
max_diff => 0.111985
performed mixing
Frob norm 1 after updating U: 3.30863
200 iterations
f(b) = 16.3535
Frob norm 2 after updating B : 3.54561
Iteration number -------- 10  -----------
lambda : 1.04591
max_diff => 0.106237
performed mixing
Frob norm 1 after updating U: 3.25714
200 iterations
f(b) = 15.7035
Frob norm 2 after updating B : 3.4458
Iteration number -------- 11  -----------
lambda : 1.05114
max_diff => 0.10592
performed mixing
Frob norm 1 after updating U: 3.25649
200 iterations
f(b) = 14.9167
Frob norm 2 after updating B : 3.43819
Iteration number -------- 12  -----------
lambda : 1.0564
max_diff => 0.0837768
performed mixing
Frob norm 1 after updating U: 3.22162
200 iterations
f(b) = 14.4379
Frob norm 2 after updating B : 3.36279
Iteration number -------- 13  -----------
lambda : 1.06168
max_diff => 0.0835749
performed mixing
Frob norm 1 after updating U: 3.22153
200 iterations
f(b) = 13.8565
Frob norm 2 after updating B : 3.36925
Iteration number -------- 14  -----------
lambda : 1.06699
max_diff => 0.0700686
performed mixing
Frob norm 1 after updating U: 3.20902
200 iterations
f(b) = 13.5273
Frob norm 2 after updating B : 3.31264
Iteration number -------- 15  -----------
lambda : 1.07232
max_diff => 0.0698692
performed mixing
Frob norm 1 after updating U: 3.20903
200 iterations
f(b) = 13.4914
Frob norm 2 after updating B : 3.27492
Iteration number -------- 16  -----------
lambda : 1.07768
max_diff => 0.0696019
performed mixing
Frob norm 1 after updating U: 3.20754
200 iterations
f(b) = 13.1472
Frob norm 2 after updating B : 3.25182
Iteration number -------- 17  -----------
lambda : 1.08307
max_diff => 0.0691064
performed mixing
Frob norm 1 after updating U: 3.20844
200 iterations
f(b) = 13.0528
Frob norm 2 after updating B : 3.23629
Iteration number -------- 18  -----------
lambda : 1.08849
max_diff => 0.0686071
performed mixing
Frob norm 1 after updating U: 3.20815
200 iterations
f(b) = 12.9966
Frob norm 2 after updating B : 3.22603
Iteration number -------- 19  -----------
lambda : 1.09393
max_diff => 0.0681447
performed mixing
Frob norm 1 after updating U: 3.20772
200 iterations
f(b) = 12.9699
Frob norm 2 after updating B : 3.2192
Iteration number -------- 20  -----------
lambda : 1.0994
max_diff => 0.0677029
performed mixing
Frob norm 1 after updating U: 3.20723
200 iterations
f(b) = 12.9422
Frob norm 2 after updating B : 3.21448
Iteration number -------- 21  -----------
lambda : 1.1049
max_diff => 0.0670563
performed mixing
Frob norm 1 after updating U: 3.20653
200 iterations
f(b) = 12.7987
Frob norm 2 after updating B : 3.20644
Iteration number -------- 22  -----------
lambda : 1.11042
max_diff => 0.0624999
performed mixing
Frob norm 1 after updating U: 3.19328
200 iterations
f(b) = 12.8342
Frob norm 2 after updating B : 3.20173
Iteration number -------- 23  -----------
lambda : 1.11597
max_diff => 0.0624998
performed mixing
Frob norm 1 after updating U: 3.19328
200 iterations
f(b) = 12.7985
Frob norm 2 after updating B : 3.19867
Iteration number -------- 24  -----------
lambda : 1.12155
max_diff => 0.0625
performed mixing
Frob norm 1 after updating U: 3.19321
200 iterations
f(b) = 12.8344
Frob norm 2 after updating B : 3.1966
Iteration number -------- 25  -----------
lambda : 1.12716
max_diff => 0.0625001
performed mixing
Frob norm 1 after updating U: 3.19306
200 iterations
f(b) = 12.8358
Frob norm 2 after updating B : 3.19532
Iteration number -------- 26  -----------
lambda : 1.1328
max_diff => 0.0625001
performed mixing
Frob norm 1 after updating U: 3.19301
200 iterations
f(b) = 12.8417
Frob norm 2 after updating B : 3.19439
Iteration number -------- 27  -----------
lambda : 1.13846
max_diff => 0.0625001
performed mixing
Frob norm 1 after updating U: 3.19286
200 iterations
f(b) = 12.8498
Frob norm 2 after updating B : 3.19363
Iteration number -------- 28  -----------
lambda : 1.14415
max_diff => 0.0625001
performed mixing
Frob norm 1 after updating U: 3.19258
200 iterations
f(b) = 12.862
Frob norm 2 after updating B : 3.19315
Iteration number -------- 29  -----------
lambda : 1.14987
max_diff => 0.0625001
performed mixing
Frob norm 1 after updating U: 3.19245
200 iterations
f(b) = 12.8399
Frob norm 2 after updating B : 3.19262
Iteration number -------- 30  -----------
lambda : 1.15562
max_diff => 0.0625001
performed mixing
Frob norm 1 after updating U: 3.19211
200 iterations
f(b) = 12.8617
Frob norm 2 after updating B : 3.19228
Iteration number -------- 31  -----------
lambda : 1.1614
max_diff => 0.0624999
performed mixing
Frob norm 1 after updating U: 3.19192
200 iterations
f(b) = 12.895
Frob norm 2 after updating B : 3.19204
Iteration number -------- 32  -----------
lambda : 1.16721
max_diff => 0.0624994
performed mixing
Frob norm 1 after updating U: 3.19179
200 iterations
f(b) = 12.8853
Frob norm 2 after updating B : 3.19177
Iteration number -------- 33  -----------
lambda : 1.17304
max_diff => 0.0624976
performed mixing
Frob norm 1 after updating U: 3.19158
200 iterations
f(b) = 12.9138
Frob norm 2 after updating B : 3.19144
Iteration number -------- 34  -----------
lambda : 1.17891
max_diff => 0.0624947
performed mixing
Frob norm 1 after updating U: 3.19128
200 iterations
f(b) = 12.9287
Frob norm 2 after updating B : 3.19123
Iteration number -------- 35  -----------
lambda : 1.1848
max_diff => 0.0624931
performed mixing
Frob norm 1 after updating U: 3.19111
200 iterations
f(b) = 12.9482
Frob norm 2 after updating B : 3.19111
Iteration number -------- 36  -----------
lambda : 1.19073
max_diff => 0.0624913
performed mixing
Frob norm 1 after updating U: 3.19103
200 iterations
f(b) = 12.9573
Frob norm 2 after updating B : 3.19096
Iteration number -------- 37  -----------
lambda : 1.19668
max_diff => 0.0624886
performed mixing
Frob norm 1 after updating U: 3.19089
200 iterations
f(b) = 12.9685
Frob norm 2 after updating B : 3.19076
Iteration number -------- 38  -----------
lambda : 1.20266
max_diff => 0.0624859
performed mixing
Frob norm 1 after updating U: 3.1907
200 iterations
f(b) = 12.9838
Frob norm 2 after updating B : 3.19064
Iteration number -------- 39  -----------
lambda : 1.20868
max_diff => 0.0624838
performed mixing
Frob norm 1 after updating U: 3.1906
200 iterations
f(b) = 12.9925
Frob norm 2 after updating B : 3.19047
Iteration number -------- 40  -----------
lambda : 1.21472
max_diff => 0.0624801
performed mixing
Frob norm 1 after updating U: 3.19042
200 iterations
f(b) = 12.9589
Frob norm 2 after updating B : 3.19023
Iteration number -------- 41  -----------
lambda : 1.22079
max_diff => 0.0624821
performed mixing
Frob norm 1 after updating U: 3.19018
200 iterations
f(b) = 13.0152
Frob norm 2 after updating B : 3.18995
Iteration number -------- 42  -----------
lambda : 1.2269
max_diff => 0.0624872
performed mixing
Frob norm 1 after updating U: 3.1899
200 iterations
f(b) = 13.0182
Frob norm 2 after updating B : 3.18962
Iteration number -------- 43  -----------
lambda : 1.23303
max_diff => 0.0624927
performed mixing
Frob norm 1 after updating U: 3.18956
200 iterations
f(b) = 13.0481
Frob norm 2 after updating B : 3.18951
Iteration number -------- 44  -----------
lambda : 1.2392
max_diff => 0.0624937
performed mixing
Frob norm 1 after updating U: 3.18946
200 iterations
f(b) = 13.0595
Frob norm 2 after updating B : 3.18934
Iteration number -------- 45  -----------
lambda : 1.24539
max_diff => 0.0624966
performed mixing
Frob norm 1 after updating U: 3.18929
200 iterations
f(b) = 13.0658
Frob norm 2 after updating B : 3.18907
Iteration number -------- 46  -----------
lambda : 1.25162
max_diff => 0.0624989
performed mixing
Frob norm 1 after updating U: 3.18901
200 iterations
f(b) = 13.0609
Frob norm 2 after updating B : 3.1889
Iteration number -------- 47  -----------
lambda : 1.25788
max_diff => 0.0624997
performed mixing
Frob norm 1 after updating U: 3.18885
200 iterations
f(b) = 13.0923
Frob norm 2 after updating B : 3.18863
Iteration number -------- 48  -----------
lambda : 1.26417
max_diff => 0.0625001
performed mixing
Frob norm 1 after updating U: 3.18858
200 iterations
f(b) = 13.112
Frob norm 2 after updating B : 3.18844
Iteration number -------- 49  -----------
lambda : 1.27049
max_diff => 0.0624999
performed mixing
Frob norm 1 after updating U: 3.18838
200 iterations
f(b) = 13.1348
Frob norm 2 after updating B : 3.18834
Iteration number -------- 50  -----------
lambda : 1.27684
max_diff => 0.0624997
performed mixing
Frob norm 1 after updating U: 3.1883
200 iterations
f(b) = 13.1375
Frob norm 2 after updating B : 3.18817
Iteration number -------- 51  -----------
lambda : 1.28323
max_diff => 0.0624988
performed mixing
Frob norm 1 after updating U: 3.18813
200 iterations
f(b) = 13.0922
Frob norm 2 after updating B : 3.18797
Iteration number -------- 52  -----------
lambda : 1.28964
max_diff => 0.0624976
performed mixing
Frob norm 1 after updating U: 3.18793
200 iterations
f(b) = 13.1737
Frob norm 2 after updating B : 3.18785
Iteration number -------- 53  -----------
lambda : 1.29609
max_diff => 0.0624964
performed mixing
Frob norm 1 after updating U: 3.18782
200 iterations
f(b) = 13.1738
Frob norm 2 after updating B : 3.18761
Iteration number -------- 54  -----------
lambda : 1.30257
max_diff => 0.0624947
performed mixing
Frob norm 1 after updating U: 3.18758
200 iterations
f(b) = 13.195
Frob norm 2 after updating B : 3.18737
Iteration number -------- 55  -----------
lambda : 1.30908
max_diff => 0.0624907
performed mixing
Frob norm 1 after updating U: 3.18733
200 iterations
f(b) = 13.2094
Frob norm 2 after updating B : 3.18721
Iteration number -------- 56  -----------
lambda : 1.31563
max_diff => 0.0624871
performed mixing
Frob norm 1 after updating U: 3.18717
200 iterations
f(b) = 13.223
Frob norm 2 after updating B : 3.18711
Iteration number -------- 57  -----------
lambda : 1.32221
max_diff => 0.0624848
performed mixing
Frob norm 1 after updating U: 3.18707
200 iterations
f(b) = 13.2373
Frob norm 2 after updating B : 3.18697
Iteration number -------- 58  -----------
lambda : 1.32882
max_diff => 0.062482
performed mixing
Frob norm 1 after updating U: 3.18693
200 iterations
f(b) = 13.2579
Frob norm 2 after updating B : 3.18685
Iteration number -------- 59  -----------
lambda : 1.33546
max_diff => 0.062479
performed mixing
Frob norm 1 after updating U: 3.18682
200 iterations
f(b) = 13.2631
Frob norm 2 after updating B : 3.18647
Iteration number -------- 60  -----------
lambda : 1.34214
max_diff => 0.0624722
performed mixing
Frob norm 1 after updating U: 3.18642
200 iterations
f(b) = 13.2789
Frob norm 2 after updating B : 3.18626
Iteration number -------- 61  -----------
lambda : 1.34885
max_diff => 0.0624651
performed mixing
Frob norm 1 after updating U: 3.1862
200 iterations
f(b) = 13.2965
Frob norm 2 after updating B : 3.18608
Iteration number -------- 62  -----------
lambda : 1.35559
max_diff => 0.0624593
performed mixing
Frob norm 1 after updating U: 3.18603
200 iterations
f(b) = 13.31
Frob norm 2 after updating B : 3.18596
Iteration number -------- 63  -----------
lambda : 1.36237
max_diff => 0.0624559
performed mixing
Frob norm 1 after updating U: 3.18591
200 iterations
f(b) = 13.3291
Frob norm 2 after updating B : 3.18583
Iteration number -------- 64  -----------
lambda : 1.36918
max_diff => 0.0624506
performed mixing
Frob norm 1 after updating U: 3.18579
200 iterations
f(b) = 13.3458
Frob norm 2 after updating B : 3.18571
Iteration number -------- 65  -----------
lambda : 1.37603
max_diff => 0.0624448
performed mixing
Frob norm 1 after updating U: 3.18567
200 iterations
f(b) = 13.3518
Frob norm 2 after updating B : 3.18556
Iteration number -------- 66  -----------
lambda : 1.38291
max_diff => 0.0624379
performed mixing
Frob norm 1 after updating U: 3.18552
200 iterations
f(b) = 13.3714
Frob norm 2 after updating B : 3.18538
Iteration number -------- 67  -----------
lambda : 1.38982
max_diff => 0.0624308
performed mixing
Frob norm 1 after updating U: 3.18534
200 iterations
f(b) = 13.3952
Frob norm 2 after updating B : 3.18528
Iteration number -------- 68  -----------
lambda : 1.39677
max_diff => 0.0624242
performed mixing
Frob norm 1 after updating U: 3.18525
200 iterations
f(b) = 13.411
Frob norm 2 after updating B : 3.18517
Iteration number -------- 69  -----------
lambda : 1.40376
max_diff => 0.0624169
performed mixing
Frob norm 1 after updating U: 3.18514
200 iterations
f(b) = 13.3573
Frob norm 2 after updating B : 3.18493
Iteration number -------- 70  -----------
lambda : 1.41078
max_diff => 0.0624037
performed mixing
Frob norm 1 after updating U: 3.18489
200 iterations
f(b) = 13.437
Frob norm 2 after updating B : 3.18481
Iteration number -------- 71  -----------
lambda : 1.41783
max_diff => 0.0623939
performed mixing
Frob norm 1 after updating U: 3.18478
200 iterations
f(b) = 13.4403
Frob norm 2 after updating B : 3.18466
Iteration number -------- 72  -----------
lambda : 1.42492
max_diff => 0.0623806
performed mixing
Frob norm 1 after updating U: 3.18461
200 iterations
f(b) = 13.4626
Frob norm 2 after updating B : 3.18454
Iteration number -------- 73  -----------
lambda : 1.43204
max_diff => 0.0623743
performed mixing
Frob norm 1 after updating U: 3.18451
200 iterations
f(b) = 13.4402
Frob norm 2 after updating B : 3.18426
Iteration number -------- 74  -----------
lambda : 1.4392
max_diff => 0.0623514
performed mixing
Frob norm 1 after updating U: 3.1842
200 iterations
f(b) = 13.4965
Frob norm 2 after updating B : 3.18415
Iteration number -------- 75  -----------
lambda : 1.4464
max_diff => 0.0623406
performed mixing
Frob norm 1 after updating U: 3.1841
200 iterations
f(b) = 13.5122
Frob norm 2 after updating B : 3.18407
Iteration number -------- 76  -----------
lambda : 1.45363
max_diff => 0.0623333
performed mixing
Frob norm 1 after updating U: 3.18403
200 iterations
f(b) = 13.5325
Frob norm 2 after updating B : 3.18399
Iteration number -------- 77  -----------
lambda : 1.4609
max_diff => 0.062326
performed mixing
Frob norm 1 after updating U: 3.18396
200 iterations
f(b) = 13.543
Frob norm 2 after updating B : 3.1837
Iteration number -------- 78  -----------
lambda : 1.46821
max_diff => 0.0623095
performed mixing
Frob norm 1 after updating U: 3.18366
200 iterations
f(b) = 13.5561
Frob norm 2 after updating B : 3.1836
Iteration number -------- 79  -----------
lambda : 1.47555
max_diff => 0.0622969
performed mixing
Frob norm 1 after updating U: 3.18356
200 iterations
f(b) = 13.5744
Frob norm 2 after updating B : 3.18347
Iteration number -------- 80  -----------
lambda : 1.48292
max_diff => 0.0622816
performed mixing
Frob norm 1 after updating U: 3.18344
200 iterations
f(b) = 13.5925
Frob norm 2 after updating B : 3.18342
Iteration number -------- 81  -----------
lambda : 1.49034
max_diff => 0.0622748
performed mixing
Frob norm 1 after updating U: 3.18339
200 iterations
f(b) = 13.5727
Frob norm 2 after updating B : 3.18321
Iteration number -------- 82  -----------
lambda : 1.49779
max_diff => 0.0622536
performed mixing
Frob norm 1 after updating U: 3.18317
200 iterations
f(b) = 13.6246
Frob norm 2 after updating B : 3.18307
Iteration number -------- 83  -----------
lambda : 1.50528
max_diff => 0.0622367
performed mixing
Frob norm 1 after updating U: 3.18303
200 iterations
f(b) = 13.641
Frob norm 2 after updating B : 3.18298
Iteration number -------- 84  -----------
lambda : 1.51281
max_diff => 0.0622248
performed mixing
Frob norm 1 after updating U: 3.18295
200 iterations
f(b) = 13.6043
Frob norm 2 after updating B : 3.18273
Iteration number -------- 85  -----------
lambda : 1.52037
max_diff => 0.062193
performed mixing
Frob norm 1 after updating U: 3.18268
200 iterations
f(b) = 13.6666
Frob norm 2 after updating B : 3.1826
Iteration number -------- 86  -----------
lambda : 1.52797
max_diff => 0.0621765
performed mixing
Frob norm 1 after updating U: 3.18255
200 iterations
f(b) = 13.6309
Frob norm 2 after updating B : 3.18238
Iteration number -------- 87  -----------
lambda : 1.53561
max_diff => 0.0621569
performed mixing
Frob norm 1 after updating U: 3.18231
200 iterations
f(b) = 13.698
Frob norm 2 after updating B : 3.18222
Iteration number -------- 88  -----------
lambda : 1.54329
max_diff => 0.0621393
performed mixing
Frob norm 1 after updating U: 3.18215
200 iterations
f(b) = 13.6563
Frob norm 2 after updating B : 3.18207
Iteration number -------- 89  -----------
lambda : 1.55101
max_diff => 0.0621103
performed mixing
Frob norm 1 after updating U: 3.18199
200 iterations
f(b) = 13.7464
Frob norm 2 after updating B : 3.18198
Iteration number -------- 90  -----------
lambda : 1.55876
max_diff => 0.0620991
performed mixing
Frob norm 1 after updating U: 3.18192
200 iterations
f(b) = 13.7583
Frob norm 2 after updating B : 3.1819
Iteration number -------- 91  -----------
lambda : 1.56655
max_diff => 0.0620883
performed mixing
Frob norm 1 after updating U: 3.18185
200 iterations
f(b) = 13.7753
Frob norm 2 after updating B : 3.18177
Iteration number -------- 92  -----------
lambda : 1.57439
max_diff => 0.062068
performed mixing
Frob norm 1 after updating U: 3.18172
200 iterations
f(b) = 13.7939
Frob norm 2 after updating B : 3.18163
Iteration number -------- 93  -----------
lambda : 1.58226
max_diff => 0.0620308
performed mixing
Frob norm 1 after updating U: 3.18157
200 iterations
f(b) = 13.8064
Frob norm 2 after updating B : 3.18151
Iteration number -------- 94  -----------
lambda : 1.59017
max_diff => 0.0620114
performed mixing
Frob norm 1 after updating U: 3.18146
200 iterations
f(b) = 16.6287
Frob norm 2 after updating B : 3.17334
Iteration number -------- 95  -----------
lambda : 1.59812
max_diff => 0.0632904
performed mixing
Frob norm 1 after updating U: 3.16841
200 iterations
f(b) = 13.7548
Frob norm 2 after updating B : 3.17927
Iteration number -------- 96  -----------
lambda : 1.60611
max_diff => 0.0623981
performed mixing
Frob norm 1 after updating U: 3.17765
200 iterations
f(b) = 13.8176
Frob norm 2 after updating B : 3.17866
Iteration number -------- 97  -----------
lambda : 1.61414
max_diff => 0.0623972
performed mixing
Frob norm 1 after updating U: 3.17756
200 iterations
f(b) = 13.8294
Frob norm 2 after updating B : 3.17825
Iteration number -------- 98  -----------
lambda : 1.62221
max_diff => 0.0623934
performed mixing
Frob norm 1 after updating U: 3.17749
200 iterations
f(b) = 13.861
Frob norm 2 after updating B : 3.17793
Iteration number -------- 99  -----------
lambda : 1.63032
max_diff => 0.0623878
performed mixing
Frob norm 1 after updating U: 3.1774
200 iterations
f(b) = 13.8634
Frob norm 2 after updating B : 3.17764
Iteration number -------- 100  -----------
lambda : 1.63848
max_diff => 0.0623822
