Academic license - for non-commercial use only
Frob norm 1 after updating U: 12.1379
200 iterations
f(b) = 62.2692
Frob norm 2 after updating B : 7.37165
Iteration number -------- 1  -----------
lambda : 1
max_diff => 0.0991034
performed mixing
Frob norm 1 after updating U: 4.13096
200 iterations
f(b) = 47.5196
Frob norm 2 after updating B : 6.2961
Iteration number -------- 2  -----------
lambda : 1.005
max_diff => 0.0921353
performed mixing
Frob norm 1 after updating U: 3.33022
200 iterations
f(b) = 36.576
Frob norm 2 after updating B : 5.40649
Iteration number -------- 3  -----------
lambda : 1.01002
max_diff => 0.0895254
performed mixing
Frob norm 1 after updating U: 2.76475
200 iterations
f(b) = 28.4261
Frob norm 2 after updating B : 4.64777
Iteration number -------- 4  -----------
lambda : 1.01508
max_diff => 0.0861529
performed mixing
Frob norm 1 after updating U: 2.29095
200 iterations
f(b) = 22.3535
Frob norm 2 after updating B : 4.01666
Iteration number -------- 5  -----------
lambda : 1.02015
max_diff => 0.0764335
performed mixing
Frob norm 1 after updating U: 1.90438
200 iterations
f(b) = 17.758
Frob norm 2 after updating B : 3.49945
Iteration number -------- 6  -----------
lambda : 1.02525
max_diff => 0.064557
performed mixing
Frob norm 1 after updating U: 1.58395
200 iterations
f(b) = 14.2375
Frob norm 2 after updating B : 3.07022
Iteration number -------- 7  -----------
lambda : 1.03038
max_diff => 0.0514295
performed mixing
Frob norm 1 after updating U: 1.32869
200 iterations
f(b) = 11.4717
Frob norm 2 after updating B : 2.70784
Iteration number -------- 8  -----------
lambda : 1.03553
max_diff => 0.0402463
performed mixing
Frob norm 1 after updating U: 1.11501
200 iterations
f(b) = 9.24113
Frob norm 2 after updating B : 2.39511
Iteration number -------- 9  -----------
lambda : 1.04071
max_diff => 0.0309928
performed mixing
Frob norm 1 after updating U: 0.937452
200 iterations
f(b) = 7.44521
Frob norm 2 after updating B : 2.13987
Iteration number -------- 10  -----------
lambda : 1.04591
max_diff => 0.0224963
performed mixing
Frob norm 1 after updating U: 0.765082
200 iterations
f(b) = 5.95075
Frob norm 2 after updating B : 1.92992
Iteration number -------- 11  -----------
lambda : 1.05114
max_diff => 0.0157262
performed mixing
Frob norm 1 after updating U: 0.596719
200 iterations
f(b) = 4.69134
Frob norm 2 after updating B : 1.72859
Iteration number -------- 12  -----------
lambda : 1.0564
max_diff => 0.0102615
performed mixing
Frob norm 1 after updating U: 0.469099
200 iterations
f(b) = 3.6441
Frob norm 2 after updating B : 1.59971
Iteration number -------- 13  -----------
lambda : 1.06168
max_diff => 0.00544034
performed mixing
Frob norm 1 after updating U: 0.32514
200 iterations
f(b) = 2.7183
Frob norm 2 after updating B : 1.41383
Iteration number -------- 14  -----------
lambda : 1.06699
max_diff => 0.00323376
performed mixing
Frob norm 1 after updating U: 0.242098
200 iterations
f(b) = 1.97878
Frob norm 2 after updating B : 1.26248
Iteration number -------- 15  -----------
lambda : 1.07232
max_diff => 0.00169707
performed mixing
Frob norm 1 after updating U: 0.166981
200 iterations
f(b) = 1.41489
Frob norm 2 after updating B : 1.07319
Iteration number -------- 16  -----------
lambda : 1.07768
max_diff => 0.00102673
performed mixing
Frob norm 1 after updating U: 0.134664
200 iterations
f(b) = 0.963508
Frob norm 2 after updating B : 0.951982
Iteration number -------- 17  -----------
lambda : 1.08307
max_diff => 0.000144836
performed mixing
Frob norm 1 after updating U: 0.0549178
200 iterations
f(b) = 0.674893
Frob norm 2 after updating B : 0.768886
Iteration number -------- 18  -----------
lambda : 1.08849
max_diff => 0.000124908
performed mixing
Frob norm 1 after updating U: 0.0512387
200 iterations
f(b) = 0.464033
Frob norm 2 after updating B : 0.623077
Iteration number -------- 19  -----------
lambda : 1.09393
max_diff => 0.000100736
performed mixing
Frob norm 1 after updating U: 0.0464572
200 iterations
f(b) = 0.313155
Frob norm 2 after updating B : 0.513279
Iteration number -------- 20  -----------
lambda : 1.0994
max_diff => 3.41671e-05
performed mixing
Frob norm 1 after updating U: 0.031291
200 iterations
f(b) = 0.224065
Frob norm 2 after updating B : 0.414005
Iteration number -------- 21  -----------
lambda : 1.1049
max_diff => 2.02213e-05
performed mixing
Frob norm 1 after updating U: 0.0255739
200 iterations
f(b) = 0.1624
Frob norm 2 after updating B : 0.334011
Iteration number -------- 22  -----------
lambda : 1.11042
max_diff => 1.16476e-05
performed mixing
Frob norm 1 after updating U: 0.0215475
200 iterations
f(b) = 0.121766
Frob norm 2 after updating B : 0.269599
Iteration number -------- 23  -----------
lambda : 1.11597
max_diff => 3.62734e-06
performed mixing
Frob norm 1 after updating U: 0.0167738
200 iterations
f(b) = 0.0944324
Frob norm 2 after updating B : 0.217855
Iteration number -------- 24  -----------
lambda : 1.12155
max_diff => 4.999e-08
performed mixing
Frob norm 1 after updating U: 0.0143661
200 iterations
f(b) = 0.073869
Frob norm 2 after updating B : 0.174553
Iteration number -------- 25  -----------
lambda : 1.12716
max_diff => 4.999e-08
performed mixing
Frob norm 1 after updating U: 0.0144278
200 iterations
f(b) = 0.0634386
Frob norm 2 after updating B : 0.140121
Iteration number -------- 26  -----------
lambda : 1.1328
max_diff => 4.999e-08
performed mixing
Frob norm 1 after updating U: 0.0143015
200 iterations
f(b) = 0.0611577
Frob norm 2 after updating B : 0.112324
Iteration number -------- 27  -----------
lambda : 1.13846
max_diff => 4.99905e-08
performed mixing
Frob norm 1 after updating U: 0.0143325
200 iterations
f(b) = 0.055029
Frob norm 2 after updating B : 0.0905521
Iteration number -------- 28  -----------
lambda : 1.14415
max_diff => 4.999e-08
performed mixing
Frob norm 1 after updating U: 0.0144266
200 iterations
f(b) = 0.0529447
Frob norm 2 after updating B : 0.0726113
Iteration number -------- 29  -----------
lambda : 1.14987
max_diff => 4.999e-08
performed mixing
Frob norm 1 after updating U: 0.0143891
200 iterations
f(b) = 0.0516246
Frob norm 2 after updating B : 0.0587938
Iteration number -------- 30  -----------
lambda : 1.15562
max_diff => 4.999e-08
performed mixing
Frob norm 1 after updating U: 0.0143678
200 iterations
f(b) = 0.0474811
Frob norm 2 after updating B : 0.0478714
Iteration number -------- 31  -----------
lambda : 1.1614
max_diff => 4.999e-08
performed mixing
Frob norm 1 after updating U: 0.0142603
200 iterations
f(b) = 0.0479211
Frob norm 2 after updating B : 0.0393039
Iteration number -------- 32  -----------
lambda : 1.16721
max_diff => 4.999e-08
performed mixing
Frob norm 1 after updating U: 0.0143556
200 iterations
f(b) = 0.0180193
Frob norm 2 after updating B : 0.0329313
Iteration number -------- 33  -----------
lambda : 1.17304
max_diff => 4.999e-08
performed mixing
Frob norm 1 after updating U: 0.0141525
200 iterations
f(b) = 0.0146709
Frob norm 2 after updating B : 0.0277492
Iteration number -------- 34  -----------
lambda : 1.17891
max_diff => 4.999e-08
performed mixing
Frob norm 1 after updating U: 0.0143232
200 iterations
f(b) = 0.0153423
Frob norm 2 after updating B : 0.0237138
Iteration number -------- 35  -----------
lambda : 1.1848
max_diff => 4.999e-08
performed mixing
Frob norm 1 after updating U: 0.0142353
200 iterations
f(b) = 0.0151787
Frob norm 2 after updating B : 0.0210425
Iteration number -------- 36  -----------
lambda : 1.19073
max_diff => 4.999e-08
performed mixing
Frob norm 1 after updating U: 0.0142333
200 iterations
f(b) = 0.0161247
Frob norm 2 after updating B : 0.0186673
Iteration number -------- 37  -----------
lambda : 1.19668
max_diff => 4.999e-08
performed mixing
Frob norm 1 after updating U: 0.0141615
200 iterations
f(b) = 0.0142862
Frob norm 2 after updating B : 0.0173398
Iteration number -------- 38  -----------
lambda : 1.20266
max_diff => 4.999e-08
performed mixing
Frob norm 1 after updating U: 0.0142102
200 iterations
f(b) = 0.0139701
Frob norm 2 after updating B : 0.0164376
Iteration number -------- 39  -----------
lambda : 1.20868
max_diff => 4.999e-08
performed mixing
Frob norm 1 after updating U: 0.0142688
200 iterations
f(b) = 0.014463
Frob norm 2 after updating B : 0.0156172
Iteration number -------- 40  -----------
lambda : 1.21472
max_diff => 4.999e-08
performed mixing
Frob norm 1 after updating U: 0.014181
200 iterations
f(b) = 0.0161011
Frob norm 2 after updating B : 0.0150859
Iteration number -------- 41  -----------
lambda : 1.22079
max_diff => 4.999e-08
performed mixing
Frob norm 1 after updating U: 0.0141588
200 iterations
f(b) = 0.0165383
Frob norm 2 after updating B : 0.0148091
Iteration number -------- 42  -----------
lambda : 1.2269
max_diff => 4.999e-08
performed mixing
Frob norm 1 after updating U: 0.0141717
200 iterations
f(b) = 0.0232168
Frob norm 2 after updating B : 0.0145394
Iteration number -------- 43  -----------
lambda : 1.23303
max_diff => 4.999e-08
performed mixing
Frob norm 1 after updating U: 0.0141297
200 iterations
f(b) = 0.0147727
Frob norm 2 after updating B : 0.0144133
Iteration number -------- 44  -----------
lambda : 1.2392
max_diff => 4.999e-08
performed mixing
Frob norm 1 after updating U: 0.0141612
200 iterations
f(b) = 0.0146949
Frob norm 2 after updating B : 0.0144477
Iteration number -------- 45  -----------
lambda : 1.24539
max_diff => 4.999e-08
performed mixing
Frob norm 1 after updating U: 0.014286
200 iterations
f(b) = 0.0229008
Frob norm 2 after updating B : 0.0142824
Iteration number -------- 46  -----------
lambda : 1.25162
max_diff => 4.999e-08
performed mixing
Frob norm 1 after updating U: 0.0141258
200 iterations
f(b) = 0.0268369
Frob norm 2 after updating B : 0.0141504
Iteration number -------- 47  -----------
lambda : 1.25788
max_diff => 4.999e-08
performed mixing
Frob norm 1 after updating U: 0.0140588
200 iterations
f(b) = 0.0146758
Frob norm 2 after updating B : 0.0144661
Iteration number -------- 48  -----------
lambda : 1.26417
max_diff => 4.999e-08
performed mixing
Frob norm 1 after updating U: 0.0144106
200 iterations
f(b) = 0.0144711
Frob norm 2 after updating B : 0.0142136
Iteration number -------- 49  -----------
lambda : 1.27049
max_diff => 4.999e-08
performed mixing
Frob norm 1 after updating U: 0.0141761
200 iterations
f(b) = 0.0291491
Frob norm 2 after updating B : 0.0140741
Iteration number -------- 50  -----------
lambda : 1.27684
max_diff => 4.999e-08
performed mixing
Frob norm 1 after updating U: 0.014036
200 iterations
f(b) = 0.0238033
Frob norm 2 after updating B : 0.0140553
Iteration number -------- 51  -----------
lambda : 1.28323
max_diff => 4.999e-08
performed mixing
Frob norm 1 after updating U: 0.0140339
200 iterations
f(b) = 0.0177671
Frob norm 2 after updating B : 0.0141904
Iteration number -------- 52  -----------
lambda : 1.28964
max_diff => 4.999e-08
performed mixing
Frob norm 1 after updating U: 0.0141786
200 iterations
f(b) = 0.0292734
Frob norm 2 after updating B : 0.014104
Iteration number -------- 53  -----------
lambda : 1.29609
max_diff => 4.999e-08
performed mixing
Frob norm 1 after updating U: 0.0140934
200 iterations
f(b) = 0.0161181
Frob norm 2 after updating B : 0.0141001
Iteration number -------- 54  -----------
lambda : 1.30257
max_diff => 4.999e-08
performed mixing
Frob norm 1 after updating U: 0.0140941
200 iterations
f(b) = 0.015913
Frob norm 2 after updating B : 0.0141266
Iteration number -------- 55  -----------
lambda : 1.30908
max_diff => 4.999e-08
performed mixing
Frob norm 1 after updating U: 0.0141178
200 iterations
f(b) = 0.0155831
Frob norm 2 after updating B : 0.0141098
Iteration number -------- 56  -----------
lambda : 1.31563
max_diff => 4.999e-08
performed mixing
Frob norm 1 after updating U: 0.0141074
200 iterations
f(b) = 0.0139702
Frob norm 2 after updating B : 0.0141011
Iteration number -------- 57  -----------
lambda : 1.32221
max_diff => 4.999e-08
performed mixing
Frob norm 1 after updating U: 0.0140994
200 iterations
f(b) = 0.0148305
Frob norm 2 after updating B : 0.0141259
Iteration number -------- 58  -----------
lambda : 1.32882
max_diff => 4.999e-08
performed mixing
Frob norm 1 after updating U: 0.0141205
200 iterations
f(b) = 0.0163695
Frob norm 2 after updating B : 0.0141359
Iteration number -------- 59  -----------
lambda : 1.33546
max_diff => 4.999e-08
performed mixing
Frob norm 1 after updating U: 0.0141307
200 iterations
f(b) = 0.0163296
Frob norm 2 after updating B : 0.0139706
Iteration number -------- 60  -----------
lambda : 1.34214
max_diff => 4.999e-08
performed mixing
Frob norm 1 after updating U: 0.0139655
200 iterations
f(b) = 0.0166927
Frob norm 2 after updating B : 0.0141835
Iteration number -------- 61  -----------
lambda : 1.34885
max_diff => 4.999e-08
performed mixing
Frob norm 1 after updating U: 0.0141807
200 iterations
f(b) = 0.0290081
Frob norm 2 after updating B : 0.0140527
Iteration number -------- 62  -----------
lambda : 1.35559
max_diff => 4.999e-08
performed mixing
Frob norm 1 after updating U: 0.0140492
200 iterations
f(b) = 0.0141089
Frob norm 2 after updating B : 0.014089
Iteration number -------- 63  -----------
lambda : 1.36237
max_diff => 4.999e-08
performed mixing
Frob norm 1 after updating U: 0.0140871
200 iterations
f(b) = 0.0129261
Frob norm 2 after updating B : 0.0141409
Iteration number -------- 64  -----------
lambda : 1.36918
max_diff => 4.999e-08
performed mixing
Frob norm 1 after updating U: 0.0141383
200 iterations
f(b) = 0.0179516
Frob norm 2 after updating B : 0.014193
Iteration number -------- 65  -----------
lambda : 1.37603
max_diff => 4.999e-08
performed mixing
Frob norm 1 after updating U: 0.0141858
200 iterations
f(b) = 0.0158015
Frob norm 2 after updating B : 0.0142587
Iteration number -------- 66  -----------
lambda : 1.38291
max_diff => 4.999e-08
performed mixing
Frob norm 1 after updating U: 0.0142532
200 iterations
f(b) = 0.0156234
Frob norm 2 after updating B : 0.014047
Iteration number -------- 67  -----------
lambda : 1.38982
max_diff => 4.999e-08
performed mixing
Frob norm 1 after updating U: 0.0140441
200 iterations
f(b) = 0.0157274
Frob norm 2 after updating B : 0.0141644
Iteration number -------- 68  -----------
lambda : 1.39677
max_diff => 4.999e-08
performed mixing
Frob norm 1 after updating U: 0.0141586
200 iterations
f(b) = 0.0270564
Frob norm 2 after updating B : 0.0140852
Iteration number -------- 69  -----------
lambda : 1.40376
max_diff => 4.999e-08
performed mixing
Frob norm 1 after updating U: 0.0140831
200 iterations
f(b) = 0.0126188
Frob norm 2 after updating B : 0.0141682
Iteration number -------- 70  -----------
lambda : 1.41078
max_diff => 4.999e-08
performed mixing
Frob norm 1 after updating U: 0.0141661
200 iterations
f(b) = 0.0130815
Frob norm 2 after updating B : 0.0141318
Iteration number -------- 71  -----------
lambda : 1.41783
max_diff => 4.999e-08
performed mixing
Frob norm 1 after updating U: 0.0141321
200 iterations
f(b) = 0.0132214
Frob norm 2 after updating B : 0.0141615
Iteration number -------- 72  -----------
lambda : 1.42492
max_diff => 4.999e-08
performed mixing
Frob norm 1 after updating U: 0.0141614
200 iterations
f(b) = 0.0132264
Frob norm 2 after updating B : 0.0140895
Iteration number -------- 73  -----------
lambda : 1.43204
max_diff => 4.999e-08
performed mixing
Frob norm 1 after updating U: 0.0140903
200 iterations
f(b) = 0.0159925
Frob norm 2 after updating B : 0.0142362
Iteration number -------- 74  -----------
lambda : 1.4392
max_diff => 4.999e-08
performed mixing
Frob norm 1 after updating U: 0.0142306
200 iterations
f(b) = 0.0178629
Frob norm 2 after updating B : 0.0141855
Iteration number -------- 75  -----------
lambda : 1.4464
max_diff => 4.999e-08
performed mixing
Frob norm 1 after updating U: 0.0141829
200 iterations
f(b) = 0.0157717
Frob norm 2 after updating B : 0.0141557
Iteration number -------- 76  -----------
lambda : 1.45363
max_diff => 4.999e-08
performed mixing
Frob norm 1 after updating U: 0.0141537
200 iterations
f(b) = 0.0130254
Frob norm 2 after updating B : 0.0142437
Iteration number -------- 77  -----------
lambda : 1.4609
max_diff => 4.999e-08
performed mixing
Frob norm 1 after updating U: 0.0142415
200 iterations
f(b) = 0.0117447
Frob norm 2 after updating B : 0.0142198
Iteration number -------- 78  -----------
lambda : 1.46821
max_diff => 4.999e-08
performed mixing
Frob norm 1 after updating U: 0.0142183
200 iterations
f(b) = 0.0174895
Frob norm 2 after updating B : 0.0142037
Iteration number -------- 79  -----------
lambda : 1.47555
max_diff => 4.999e-08
performed mixing
Frob norm 1 after updating U: 0.0142025
200 iterations
f(b) = 0.013501
Frob norm 2 after updating B : 0.0141772
Iteration number -------- 80  -----------
lambda : 1.48292
max_diff => 4.999e-08
performed mixing
Frob norm 1 after updating U: 0.0141762
200 iterations
f(b) = 0.0215711
Frob norm 2 after updating B : 0.0141782
Iteration number -------- 81  -----------
lambda : 1.49034
max_diff => 4.999e-08
performed mixing
Frob norm 1 after updating U: 0.0141783
200 iterations
f(b) = 0.0158435
Frob norm 2 after updating B : 0.0141858
Iteration number -------- 82  -----------
lambda : 1.49779
max_diff => 4.999e-08
performed mixing
Frob norm 1 after updating U: 0.0141846
200 iterations
f(b) = 0.022362
Frob norm 2 after updating B : 0.0141371
Iteration number -------- 83  -----------
lambda : 1.50528
max_diff => 4.999e-08
performed mixing
Frob norm 1 after updating U: 0.0141356
200 iterations
f(b) = 0.0155413
Frob norm 2 after updating B : 0.0142617
Iteration number -------- 84  -----------
lambda : 1.51281
max_diff => 4.999e-08
performed mixing
Frob norm 1 after updating U: 0.0142579
200 iterations
f(b) = 0.0133758
Frob norm 2 after updating B : 0.0142687
Iteration number -------- 85  -----------
lambda : 1.52037
max_diff => 4.999e-08
performed mixing
Frob norm 1 after updating U: 0.0142677
200 iterations
f(b) = 0.0193861
Frob norm 2 after updating B : 0.0141453
Iteration number -------- 86  -----------
lambda : 1.52797
max_diff => 4.999e-08
performed mixing
Frob norm 1 after updating U: 0.0141452
200 iterations
f(b) = 0.0196037
Frob norm 2 after updating B : 0.0141053
Iteration number -------- 87  -----------
lambda : 1.53561
max_diff => 4.999e-08
performed mixing
Frob norm 1 after updating U: 0.0141024
200 iterations
f(b) = 0.0170513
Frob norm 2 after updating B : 0.0142416
Iteration number -------- 88  -----------
lambda : 1.54329
max_diff => 4.999e-08
performed mixing
Frob norm 1 after updating U: 0.0142381
200 iterations
f(b) = 0.0144752
Frob norm 2 after updating B : 0.014138
Iteration number -------- 89  -----------
lambda : 1.55101
max_diff => 4.999e-08
performed mixing
Frob norm 1 after updating U: 0.0141388
200 iterations
f(b) = 0.0195099
Frob norm 2 after updating B : 0.0141836
Iteration number -------- 90  -----------
lambda : 1.55876
max_diff => 4.999e-08
performed mixing
Frob norm 1 after updating U: 0.0141797
200 iterations
f(b) = 0.0185814
Frob norm 2 after updating B : 0.0140671
Iteration number -------- 91  -----------
lambda : 1.56655
max_diff => 4.999e-08
performed mixing
Frob norm 1 after updating U: 0.0140655
200 iterations
f(b) = 0.021936
Frob norm 2 after updating B : 0.014117
Iteration number -------- 92  -----------
lambda : 1.57439
max_diff => 4.999e-08
performed mixing
Frob norm 1 after updating U: 0.0141163
200 iterations
f(b) = 0.0146658
Frob norm 2 after updating B : 0.0141834
Iteration number -------- 93  -----------
lambda : 1.58226
max_diff => 4.999e-08
performed mixing
Frob norm 1 after updating U: 0.0141816
200 iterations
f(b) = 0.0225302
Frob norm 2 after updating B : 0.0140503
Iteration number -------- 94  -----------
lambda : 1.59017
max_diff => 4.999e-08
performed mixing
Frob norm 1 after updating U: 0.0140489
200 iterations
f(b) = 0.018052
Frob norm 2 after updating B : 0.014198
Iteration number -------- 95  -----------
lambda : 1.59812
max_diff => 4.999e-08
performed mixing
Frob norm 1 after updating U: 0.0141969
200 iterations
f(b) = 0.0166865
Frob norm 2 after updating B : 0.0141425
Iteration number -------- 96  -----------
lambda : 1.60611
max_diff => 4.999e-08
performed mixing
Frob norm 1 after updating U: 0.014141
200 iterations
f(b) = 0.0152405
Frob norm 2 after updating B : 0.0140928
Iteration number -------- 97  -----------
lambda : 1.61414
max_diff => 4.999e-08
performed mixing
Frob norm 1 after updating U: 0.0140928
200 iterations
f(b) = 0.0169081
Frob norm 2 after updating B : 0.0142058
Iteration number -------- 98  -----------
lambda : 1.62221
max_diff => 4.999e-08
performed mixing
Frob norm 1 after updating U: 0.0142032
200 iterations
f(b) = 0.0174057
Frob norm 2 after updating B : 0.0141969
Iteration number -------- 99  -----------
lambda : 1.63032
max_diff => 4.999e-08
performed mixing
Frob norm 1 after updating U: 0.0141936
200 iterations
f(b) = 0.0174417
Frob norm 2 after updating B : 0.0140884
Iteration number -------- 100  -----------
lambda : 1.63848
max_diff => 4.999e-08
