Academic license - for non-commercial use only
Frob norm 1 after updating U: 12.3923
200 iterations
f(b) = 74.7629
Frob norm 2 after updating B : 8.05908
Iteration number -------- 1  -----------
lambda : 1
max_diff => 0.0867607
performed mixing
Frob norm 1 after updating U: 6.51674
200 iterations
f(b) = 65.512
Frob norm 2 after updating B : 7.5578
Iteration number -------- 2  -----------
lambda : 1.005
max_diff => 0.0828649
performed mixing
Frob norm 1 after updating U: 6.14984
200 iterations
f(b) = 58.1599
Frob norm 2 after updating B : 7.10222
Iteration number -------- 3  -----------
lambda : 1.01002
max_diff => 0.0869055
performed mixing
Frob norm 1 after updating U: 5.94413
200 iterations
f(b) = 52.5482
Frob norm 2 after updating B : 6.72151
Iteration number -------- 4  -----------
lambda : 1.01508
max_diff => 0.0903352
performed mixing
Frob norm 1 after updating U: 5.80443
200 iterations
f(b) = 48.2375
Frob norm 2 after updating B : 6.42423
Iteration number -------- 5  -----------
lambda : 1.02015
max_diff => 0.0933404
performed mixing
Frob norm 1 after updating U: 5.69727
200 iterations
f(b) = 44.9079
Frob norm 2 after updating B : 6.18548
Iteration number -------- 6  -----------
lambda : 1.02525
max_diff => 0.0965355
performed mixing
Frob norm 1 after updating U: 5.60404
200 iterations
f(b) = 42.3438
Frob norm 2 after updating B : 5.99866
Iteration number -------- 7  -----------
lambda : 1.03038
max_diff => 0.0992244
performed mixing
Frob norm 1 after updating U: 5.53589
200 iterations
f(b) = 40.3679
Frob norm 2 after updating B : 5.85431
Iteration number -------- 8  -----------
lambda : 1.03553
max_diff => 0.100867
performed mixing
Frob norm 1 after updating U: 5.47975
200 iterations
f(b) = 38.9045
Frob norm 2 after updating B : 5.72331
Iteration number -------- 9  -----------
lambda : 1.04071
max_diff => 0.100942
performed mixing
Frob norm 1 after updating U: 5.47806
200 iterations
f(b) = 37.661
Frob norm 2 after updating B : 5.63955
Iteration number -------- 10  -----------
lambda : 1.04591
max_diff => 0.10343
performed mixing
Frob norm 1 after updating U: 5.38229
200 iterations
f(b) = 36.6924
Frob norm 2 after updating B : 5.5483
Iteration number -------- 11  -----------
lambda : 1.05114
max_diff => 0.10348
performed mixing
Frob norm 1 after updating U: 5.38037
200 iterations
f(b) = 35.6381
Frob norm 2 after updating B : 5.48145
Iteration number -------- 12  -----------
lambda : 1.0564
max_diff => 0.106963
performed mixing
Frob norm 1 after updating U: 5.24199
200 iterations
f(b) = 34.2796
Frob norm 2 after updating B : 5.31971
Iteration number -------- 13  -----------
lambda : 1.06168
max_diff => 0.125933
performed mixing
Frob norm 1 after updating U: 4.96118
200 iterations
f(b) = 33.0119
Frob norm 2 after updating B : 5.19382
Iteration number -------- 14  -----------
lambda : 1.06699
max_diff => 0.126077
performed mixing
Frob norm 1 after updating U: 4.95991
200 iterations
f(b) = 31.7228
Frob norm 2 after updating B : 5.11961
Iteration number -------- 15  -----------
lambda : 1.07232
max_diff => 0.135886
performed mixing
Frob norm 1 after updating U: 4.8209
200 iterations
f(b) = 30.0161
Frob norm 2 after updating B : 4.96355
Iteration number -------- 16  -----------
lambda : 1.07768
max_diff => 0.150354
performed mixing
Frob norm 1 after updating U: 4.49789
200 iterations
f(b) = 28.465
Frob norm 2 after updating B : 4.80733
Iteration number -------- 17  -----------
lambda : 1.08307
max_diff => 0.150047
performed mixing
Frob norm 1 after updating U: 4.49025
200 iterations
f(b) = 26.8775
Frob norm 2 after updating B : 4.67156
Iteration number -------- 18  -----------
lambda : 1.08849
max_diff => 0.128759
performed mixing
Frob norm 1 after updating U: 4.23913
200 iterations
f(b) = 24.7215
Frob norm 2 after updating B : 4.48462
Iteration number -------- 19  -----------
lambda : 1.09393
max_diff => 0.0615125
performed mixing
Frob norm 1 after updating U: 3.80519
200 iterations
f(b) = 20.9032
Frob norm 2 after updating B : 4.22426
Iteration number -------- 20  -----------
lambda : 1.0994
max_diff => 0.0624756
performed mixing
Frob norm 1 after updating U: 3.39617
200 iterations
f(b) = 18.1682
Frob norm 2 after updating B : 3.98939
Iteration number -------- 21  -----------
lambda : 1.1049
max_diff => 0.0617536
performed mixing
Frob norm 1 after updating U: 3.3623
200 iterations
f(b) = 15.9785
Frob norm 2 after updating B : 3.83669
Iteration number -------- 22  -----------
lambda : 1.11042
max_diff => 0.0551815
performed mixing
Frob norm 1 after updating U: 3.29988
200 iterations
f(b) = 14.6217
Frob norm 2 after updating B : 3.65496
Iteration number -------- 23  -----------
lambda : 1.11597
max_diff => 0.0534283
performed mixing
Frob norm 1 after updating U: 3.29253
200 iterations
f(b) = 12.9771
Frob norm 2 after updating B : 3.50416
Iteration number -------- 24  -----------
lambda : 1.12155
max_diff => 0.0497302
performed mixing
Frob norm 1 after updating U: 3.10581
200 iterations
f(b) = 11.6827
Frob norm 2 after updating B : 3.35667
Iteration number -------- 25  -----------
lambda : 1.12716
max_diff => 0.0610959
performed mixing
Frob norm 1 after updating U: 3.05536
200 iterations
f(b) = 10.9574
Frob norm 2 after updating B : 3.24852
Iteration number -------- 26  -----------
lambda : 1.1328
max_diff => 0.0624076
performed mixing
Frob norm 1 after updating U: 3.04267
200 iterations
f(b) = 10.4987
Frob norm 2 after updating B : 3.17505
Iteration number -------- 27  -----------
lambda : 1.13846
max_diff => 0.0624971
performed mixing
Frob norm 1 after updating U: 3.03933
200 iterations
f(b) = 9.53715
Frob norm 2 after updating B : 3.08375
Iteration number -------- 28  -----------
lambda : 1.14415
max_diff => 5.79543e-07
performed mixing
Frob norm 1 after updating U: 2.97379
200 iterations
f(b) = 9.32283
Frob norm 2 after updating B : 3.04456
Iteration number -------- 29  -----------
lambda : 1.14987
max_diff => 3.56651e-06
performed mixing
Frob norm 1 after updating U: 2.97363
200 iterations
f(b) = 9.16929
Frob norm 2 after updating B : 3.01918
Iteration number -------- 30  -----------
lambda : 1.15562
max_diff => 3.74641e-06
performed mixing
Frob norm 1 after updating U: 2.97353
200 iterations
f(b) = 9.10739
Frob norm 2 after updating B : 3.00302
Iteration number -------- 31  -----------
lambda : 1.1614
max_diff => 2.31576e-06
performed mixing
Frob norm 1 after updating U: 2.97367
200 iterations
f(b) = 9.046
Frob norm 2 after updating B : 2.9927
Iteration number -------- 32  -----------
lambda : 1.16721
max_diff => 3.45458e-07
performed mixing
Frob norm 1 after updating U: 2.97383
200 iterations
f(b) = 9.00376
Frob norm 2 after updating B : 2.98604
Iteration number -------- 33  -----------
lambda : 1.17304
max_diff => 1.03169e-07
performed mixing
Frob norm 1 after updating U: 2.97391
200 iterations
f(b) = 8.9805
Frob norm 2 after updating B : 2.9817
Iteration number -------- 34  -----------
lambda : 1.17891
max_diff => 1.01155e-07
performed mixing
Frob norm 1 after updating U: 2.9739
200 iterations
f(b) = 8.96528
Frob norm 2 after updating B : 2.97894
Iteration number -------- 35  -----------
lambda : 1.1848
max_diff => 1.03766e-07
performed mixing
Frob norm 1 after updating U: 2.97392
200 iterations
f(b) = 8.93205
Frob norm 2 after updating B : 2.97709
Iteration number -------- 36  -----------
lambda : 1.19073
max_diff => 1.86976e-07
performed mixing
Frob norm 1 after updating U: 2.97386
200 iterations
f(b) = 8.94618
Frob norm 2 after updating B : 2.976
Iteration number -------- 37  -----------
lambda : 1.19668
max_diff => 1.69605e-07
performed mixing
Frob norm 1 after updating U: 2.97391
200 iterations
f(b) = 8.94761
Frob norm 2 after updating B : 2.97521
Iteration number -------- 38  -----------
lambda : 1.20266
max_diff => 1.83108e-07
performed mixing
Frob norm 1 after updating U: 2.97387
200 iterations
f(b) = 8.94723
Frob norm 2 after updating B : 2.97469
Iteration number -------- 39  -----------
lambda : 1.20868
max_diff => 2.42752e-07
performed mixing
Frob norm 1 after updating U: 2.97382
200 iterations
f(b) = 8.94315
Frob norm 2 after updating B : 2.97445
Iteration number -------- 40  -----------
lambda : 1.21472
max_diff => 1.39368e-07
performed mixing
Frob norm 1 after updating U: 2.97389
200 iterations
f(b) = 8.94709
Frob norm 2 after updating B : 2.97428
Iteration number -------- 41  -----------
lambda : 1.22079
max_diff => 1.12108e-07
performed mixing
Frob norm 1 after updating U: 2.97391
200 iterations
f(b) = 8.94271
Frob norm 2 after updating B : 2.97411
Iteration number -------- 42  -----------
lambda : 1.2269
max_diff => 1.77932e-07
performed mixing
Frob norm 1 after updating U: 2.97387
200 iterations
f(b) = 8.94082
Frob norm 2 after updating B : 2.97406
Iteration number -------- 43  -----------
lambda : 1.23303
max_diff => 1.17837e-07
performed mixing
Frob norm 1 after updating U: 2.9739
200 iterations
f(b) = 8.94223
Frob norm 2 after updating B : 2.97396
Iteration number -------- 44  -----------
lambda : 1.2392
max_diff => 2.55758e-07
performed mixing
Frob norm 1 after updating U: 2.97385
200 iterations
f(b) = 8.9441
Frob norm 2 after updating B : 2.97391
Iteration number -------- 45  -----------
lambda : 1.24539
max_diff => 2.42849e-07
performed mixing
Frob norm 1 after updating U: 2.97384
200 iterations
f(b) = 8.93747
Frob norm 2 after updating B : 2.97399
Iteration number -------- 46  -----------
lambda : 1.25162
max_diff => 1.04184e-07
performed mixing
Frob norm 1 after updating U: 2.97395
200 iterations
f(b) = 8.94294
Frob norm 2 after updating B : 2.97393
Iteration number -------- 47  -----------
lambda : 1.25788
max_diff => 1.1085e-07
performed mixing
Frob norm 1 after updating U: 2.9739
200 iterations
f(b) = 8.94111
Frob norm 2 after updating B : 2.97382
Iteration number -------- 48  -----------
lambda : 1.26417
max_diff => 2.60233e-07
performed mixing
Frob norm 1 after updating U: 2.9738
200 iterations
f(b) = 8.94098
Frob norm 2 after updating B : 2.97388
Iteration number -------- 49  -----------
lambda : 1.27049
max_diff => 2.04081e-07
performed mixing
Frob norm 1 after updating U: 2.97386
200 iterations
f(b) = 8.94211
Frob norm 2 after updating B : 2.9739
Iteration number -------- 50  -----------
lambda : 1.27684
max_diff => 1.29403e-07
performed mixing
Frob norm 1 after updating U: 2.97389
200 iterations
f(b) = 8.94746
Frob norm 2 after updating B : 2.97391
Iteration number -------- 51  -----------
lambda : 1.28323
max_diff => 1.01479e-07
performed mixing
Frob norm 1 after updating U: 2.9739
200 iterations
f(b) = 8.93918
Frob norm 2 after updating B : 2.97389
Iteration number -------- 52  -----------
lambda : 1.28964
max_diff => 1.26807e-07
performed mixing
Frob norm 1 after updating U: 2.97389
200 iterations
f(b) = 8.93305
Frob norm 2 after updating B : 2.97384
Iteration number -------- 53  -----------
lambda : 1.29609
max_diff => 2.7101e-07
performed mixing
Frob norm 1 after updating U: 2.97384
200 iterations
f(b) = 8.94397
Frob norm 2 after updating B : 2.97391
Iteration number -------- 54  -----------
lambda : 1.30257
max_diff => 1.07632e-07
performed mixing
Frob norm 1 after updating U: 2.97391
200 iterations
f(b) = 8.9513
Frob norm 2 after updating B : 2.97389
Iteration number -------- 55  -----------
lambda : 1.30908
max_diff => 1.38818e-07
performed mixing
Frob norm 1 after updating U: 2.97389
200 iterations
f(b) = 8.9479
Frob norm 2 after updating B : 2.97285
Iteration number -------- 56  -----------
lambda : 1.31563
max_diff => 1.89132e-05
performed mixing
Frob norm 1 after updating U: 2.97284
200 iterations
f(b) = 8.95007
Frob norm 2 after updating B : 2.97367
Iteration number -------- 57  -----------
lambda : 1.32221
max_diff => 2.2974e-06
performed mixing
Frob norm 1 after updating U: 2.97367
200 iterations
f(b) = 8.94468
Frob norm 2 after updating B : 2.97375
Iteration number -------- 58  -----------
lambda : 1.32882
max_diff => 7.55502e-07
performed mixing
Frob norm 1 after updating U: 2.97375
200 iterations
f(b) = 8.88365
Frob norm 2 after updating B : 2.97384
Iteration number -------- 59  -----------
lambda : 1.33546
max_diff => 4.49924e-07
performed mixing
Frob norm 1 after updating U: 2.97384
200 iterations
f(b) = 8.9501
Frob norm 2 after updating B : 2.9739
Iteration number -------- 60  -----------
lambda : 1.34214
max_diff => 1.21038e-07
performed mixing
Frob norm 1 after updating U: 2.9739
200 iterations
f(b) = 8.95318
Frob norm 2 after updating B : 2.97391
Iteration number -------- 61  -----------
lambda : 1.34885
max_diff => 1.89156e-07
performed mixing
Frob norm 1 after updating U: 2.97391
200 iterations
f(b) = 8.94336
Frob norm 2 after updating B : 2.97385
Iteration number -------- 62  -----------
lambda : 1.35559
max_diff => 3.36019e-07
performed mixing
Frob norm 1 after updating U: 2.97385
200 iterations
f(b) = 8.95682
Frob norm 2 after updating B : 2.97388
Iteration number -------- 63  -----------
lambda : 1.36237
max_diff => 1.56216e-07
performed mixing
Frob norm 1 after updating U: 2.97388
200 iterations
f(b) = 8.96014
Frob norm 2 after updating B : 2.9739
Iteration number -------- 64  -----------
lambda : 1.36918
max_diff => 1.02644e-07
performed mixing
Frob norm 1 after updating U: 2.9739
200 iterations
f(b) = 8.95149
Frob norm 2 after updating B : 2.97393
Iteration number -------- 65  -----------
lambda : 1.37603
max_diff => 1.04391e-07
performed mixing
Frob norm 1 after updating U: 2.97393
200 iterations
f(b) = 8.95323
Frob norm 2 after updating B : 2.97389
Iteration number -------- 66  -----------
lambda : 1.38291
max_diff => 1.11123e-07
performed mixing
Frob norm 1 after updating U: 2.97389
200 iterations
f(b) = 8.95353
Frob norm 2 after updating B : 2.97385
Iteration number -------- 67  -----------
lambda : 1.38982
max_diff => 1.78833e-07
performed mixing
Frob norm 1 after updating U: 2.97385
200 iterations
f(b) = 8.95918
Frob norm 2 after updating B : 2.97386
Iteration number -------- 68  -----------
lambda : 1.39677
max_diff => 1.65907e-07
performed mixing
Frob norm 1 after updating U: 2.97386
200 iterations
f(b) = 8.95302
Frob norm 2 after updating B : 2.97389
Iteration number -------- 69  -----------
lambda : 1.40376
max_diff => 1.16317e-07
performed mixing
Frob norm 1 after updating U: 2.97389
200 iterations
f(b) = 8.96202
Frob norm 2 after updating B : 2.97391
Iteration number -------- 70  -----------
lambda : 1.41078
max_diff => 1.36771e-07
performed mixing
Frob norm 1 after updating U: 2.97391
200 iterations
f(b) = 8.9531
Frob norm 2 after updating B : 2.97391
Iteration number -------- 71  -----------
lambda : 1.41783
max_diff => 1.2198e-07
performed mixing
Frob norm 1 after updating U: 2.97391
200 iterations
f(b) = 8.91485
Frob norm 2 after updating B : 2.97391
Iteration number -------- 72  -----------
lambda : 1.42492
max_diff => 1.11297e-07
performed mixing
Frob norm 1 after updating U: 2.97391
200 iterations
f(b) = 8.96362
Frob norm 2 after updating B : 2.97392
Iteration number -------- 73  -----------
lambda : 1.43204
max_diff => 1.03812e-07
performed mixing
Frob norm 1 after updating U: 2.97392
200 iterations
f(b) = 8.95509
Frob norm 2 after updating B : 2.97392
Iteration number -------- 74  -----------
lambda : 1.4392
max_diff => 1.02873e-07
performed mixing
Frob norm 1 after updating U: 2.97392
200 iterations
f(b) = 8.95809
Frob norm 2 after updating B : 2.97391
Iteration number -------- 75  -----------
lambda : 1.4464
max_diff => 1.04614e-07
performed mixing
Frob norm 1 after updating U: 2.97391
200 iterations
f(b) = 8.95252
Frob norm 2 after updating B : 2.97393
Iteration number -------- 76  -----------
lambda : 1.45363
max_diff => 1.02364e-07
performed mixing
Frob norm 1 after updating U: 2.97393
200 iterations
f(b) = 8.95954
Frob norm 2 after updating B : 2.97406
Iteration number -------- 77  -----------
lambda : 1.4609
max_diff => 2.50995e-07
performed mixing
Frob norm 1 after updating U: 2.97406
200 iterations
f(b) = 8.95403
Frob norm 2 after updating B : 2.9739
Iteration number -------- 78  -----------
lambda : 1.46821
max_diff => 1.05117e-07
performed mixing
Frob norm 1 after updating U: 2.9739
200 iterations
f(b) = 8.96466
Frob norm 2 after updating B : 2.97389
Iteration number -------- 79  -----------
lambda : 1.47555
max_diff => 1.69194e-07
performed mixing
Frob norm 1 after updating U: 2.97389
200 iterations
f(b) = 8.96949
Frob norm 2 after updating B : 2.97391
Iteration number -------- 80  -----------
lambda : 1.48292
max_diff => 1.00971e-07
performed mixing
Frob norm 1 after updating U: 2.97391
200 iterations
f(b) = 8.96521
Frob norm 2 after updating B : 2.97392
Iteration number -------- 81  -----------
lambda : 1.49034
max_diff => 1.13479e-07
performed mixing
Frob norm 1 after updating U: 2.97392
200 iterations
f(b) = 8.96638
Frob norm 2 after updating B : 2.97392
Iteration number -------- 82  -----------
lambda : 1.49779
max_diff => 1.04101e-07
performed mixing
Frob norm 1 after updating U: 2.97392
200 iterations
f(b) = 8.96595
Frob norm 2 after updating B : 2.97393
Iteration number -------- 83  -----------
lambda : 1.50528
max_diff => 1.09424e-07
performed mixing
Frob norm 1 after updating U: 2.97393
200 iterations
f(b) = 8.96816
Frob norm 2 after updating B : 2.97392
Iteration number -------- 84  -----------
lambda : 1.51281
max_diff => 1.0194e-07
performed mixing
Frob norm 1 after updating U: 2.97392
200 iterations
f(b) = 8.96842
Frob norm 2 after updating B : 2.9739
Iteration number -------- 85  -----------
lambda : 1.52037
max_diff => 1.11947e-07
performed mixing
Frob norm 1 after updating U: 2.9739
200 iterations
f(b) = 8.96944
Frob norm 2 after updating B : 2.97391
Iteration number -------- 86  -----------
lambda : 1.52797
max_diff => 1.00444e-07
performed mixing
Frob norm 1 after updating U: 2.97391
200 iterations
f(b) = 8.95596
Frob norm 2 after updating B : 2.97391
Iteration number -------- 87  -----------
lambda : 1.53561
max_diff => 1.10492e-07
performed mixing
Frob norm 1 after updating U: 2.97391
200 iterations
f(b) = 8.91219
Frob norm 2 after updating B : 2.97392
Iteration number -------- 88  -----------
lambda : 1.54329
max_diff => 1.02405e-07
performed mixing
Frob norm 1 after updating U: 2.97392
200 iterations
f(b) = 8.9597
Frob norm 2 after updating B : 2.9739
Iteration number -------- 89  -----------
lambda : 1.55101
max_diff => 1.1436e-07
performed mixing
Frob norm 1 after updating U: 2.9739
200 iterations
f(b) = 8.95946
Frob norm 2 after updating B : 2.97392
Iteration number -------- 90  -----------
lambda : 1.55876
max_diff => 1.08971e-07
performed mixing
Frob norm 1 after updating U: 2.97392
200 iterations
f(b) = 8.96777
Frob norm 2 after updating B : 2.97393
Iteration number -------- 91  -----------
lambda : 1.56655
max_diff => 1.00474e-07
performed mixing
Frob norm 1 after updating U: 2.97393
200 iterations
f(b) = 8.97272
Frob norm 2 after updating B : 2.97386
Iteration number -------- 92  -----------
lambda : 1.57439
max_diff => 1.31746e-07
performed mixing
Frob norm 1 after updating U: 2.97386
200 iterations
f(b) = 8.96287
Frob norm 2 after updating B : 2.97392
Iteration number -------- 93  -----------
lambda : 1.58226
max_diff => 1.09089e-07
performed mixing
Frob norm 1 after updating U: 2.97392
200 iterations
f(b) = 8.96853
Frob norm 2 after updating B : 2.97383
Iteration number -------- 94  -----------
lambda : 1.59017
max_diff => 3.63552e-07
performed mixing
Frob norm 1 after updating U: 2.97383
200 iterations
f(b) = 8.9677
Frob norm 2 after updating B : 2.97392
Iteration number -------- 95  -----------
lambda : 1.59812
max_diff => 1.2111e-07
performed mixing
Frob norm 1 after updating U: 2.97392
200 iterations
f(b) = 8.96868
Frob norm 2 after updating B : 2.97391
Iteration number -------- 96  -----------
lambda : 1.60611
max_diff => 1.00858e-07
performed mixing
Frob norm 1 after updating U: 2.97391
200 iterations
f(b) = 8.943
Frob norm 2 after updating B : 2.97394
Iteration number -------- 97  -----------
lambda : 1.61414
max_diff => 1.00146e-07
performed mixing
Frob norm 1 after updating U: 2.97394
200 iterations
f(b) = 8.97137
Frob norm 2 after updating B : 2.97392
Iteration number -------- 98  -----------
lambda : 1.62221
max_diff => 1.26427e-07
performed mixing
Frob norm 1 after updating U: 2.97392
200 iterations
f(b) = 8.97946
Frob norm 2 after updating B : 2.97391
Iteration number -------- 99  -----------
lambda : 1.63032
max_diff => 1.0023e-07
performed mixing
Frob norm 1 after updating U: 2.97391
200 iterations
f(b) = 8.93476
Frob norm 2 after updating B : 2.97207
Iteration number -------- 100  -----------
lambda : 1.63848
max_diff => 3.65868e-05
