Academic license - for non-commercial use only
Frob norm 1 after updating U: 11.5508
200 iterations
f(b) = 73.8287
Frob norm 2 after updating B : 7.50668
Iteration number -------- 1  -----------
lambda : 1
max_diff => 0.174877
performed mixing
Frob norm 1 after updating U: 5.85066
200 iterations
f(b) = 63.5822
Frob norm 2 after updating B : 6.96242
Iteration number -------- 2  -----------
lambda : 1.005
max_diff => 0.168349
performed mixing
Frob norm 1 after updating U: 5.14616
200 iterations
f(b) = 54.0523
Frob norm 2 after updating B : 6.43294
Iteration number -------- 3  -----------
lambda : 1.01002
max_diff => 0.142023
performed mixing
Frob norm 1 after updating U: 4.5653
200 iterations
f(b) = 44.5944
Frob norm 2 after updating B : 5.92413
Iteration number -------- 4  -----------
lambda : 1.01508
max_diff => 0.0844894
performed mixing
Frob norm 1 after updating U: 3.85444
200 iterations
f(b) = 36.6727
Frob norm 2 after updating B : 5.40372
Iteration number -------- 5  -----------
lambda : 1.02015
max_diff => 0.077169
performed mixing
Frob norm 1 after updating U: 3.51882
200 iterations
f(b) = 30.4463
Frob norm 2 after updating B : 4.92287
Iteration number -------- 6  -----------
lambda : 1.02525
max_diff => 0.0748701
performed mixing
Frob norm 1 after updating U: 3.36923
200 iterations
f(b) = 25.4873
Frob norm 2 after updating B : 4.53216
Iteration number -------- 7  -----------
lambda : 1.03038
max_diff => 0.0699721
performed mixing
Frob norm 1 after updating U: 3.23702
200 iterations
f(b) = 21.0631
Frob norm 2 after updating B : 4.10153
Iteration number -------- 8  -----------
lambda : 1.03553
max_diff => 0.0935774
performed mixing
Frob norm 1 after updating U: 2.8506
200 iterations
f(b) = 16.8358
Frob norm 2 after updating B : 3.6879
Iteration number -------- 9  -----------
lambda : 1.04071
max_diff => 0.0619635
performed mixing
Frob norm 1 after updating U: 2.62252
200 iterations
f(b) = 14.0609
Frob norm 2 after updating B : 3.37764
Iteration number -------- 10  -----------
lambda : 1.04591
max_diff => 0.0615737
performed mixing
Frob norm 1 after updating U: 2.58799
200 iterations
f(b) = 12.3335
Frob norm 2 after updating B : 3.13414
Iteration number -------- 11  -----------
lambda : 1.05114
max_diff => 0.0614394
performed mixing
Frob norm 1 after updating U: 2.58118
200 iterations
f(b) = 11.0262
Frob norm 2 after updating B : 2.98585
Iteration number -------- 12  -----------
lambda : 1.0564
max_diff => 0.0607315
performed mixing
Frob norm 1 after updating U: 2.55706
200 iterations
f(b) = 10.2299
Frob norm 2 after updating B : 2.84192
Iteration number -------- 13  -----------
lambda : 1.06168
max_diff => 0.060719
performed mixing
Frob norm 1 after updating U: 2.55695
200 iterations
f(b) = 9.63225
Frob norm 2 after updating B : 2.74785
Iteration number -------- 14  -----------
lambda : 1.06699
max_diff => 0.0611585
performed mixing
Frob norm 1 after updating U: 2.55165
200 iterations
f(b) = 9.28543
Frob norm 2 after updating B : 2.68034
Iteration number -------- 15  -----------
lambda : 1.07232
max_diff => 0.0612477
performed mixing
Frob norm 1 after updating U: 2.55073
200 iterations
f(b) = 9.05319
Frob norm 2 after updating B : 2.63518
Iteration number -------- 16  -----------
lambda : 1.07768
max_diff => 0.0613221
performed mixing
Frob norm 1 after updating U: 2.54965
200 iterations
f(b) = 8.49504
Frob norm 2 after updating B : 2.58758
Iteration number -------- 17  -----------
lambda : 1.08307
max_diff => 0.0624957
performed mixing
Frob norm 1 after updating U: 2.47285
200 iterations
f(b) = 8.31298
Frob norm 2 after updating B : 2.5487
Iteration number -------- 18  -----------
lambda : 1.08849
max_diff => 0.0624918
performed mixing
Frob norm 1 after updating U: 2.4724
200 iterations
f(b) = 8.17662
Frob norm 2 after updating B : 2.52211
Iteration number -------- 19  -----------
lambda : 1.09393
max_diff => 0.0624741
performed mixing
Frob norm 1 after updating U: 2.47011
200 iterations
f(b) = 8.08323
Frob norm 2 after updating B : 2.5035
Iteration number -------- 20  -----------
lambda : 1.0994
max_diff => 0.0624585
performed mixing
Frob norm 1 after updating U: 2.46846
200 iterations
f(b) = 8.02144
Frob norm 2 after updating B : 2.48958
Iteration number -------- 21  -----------
lambda : 1.1049
max_diff => 0.0624183
performed mixing
Frob norm 1 after updating U: 2.4652
200 iterations
f(b) = 7.82555
Frob norm 2 after updating B : 2.4559
Iteration number -------- 22  -----------
lambda : 1.11042
max_diff => 0.0597527
performed mixing
Frob norm 1 after updating U: 2.4159
200 iterations
f(b) = 7.65154
Frob norm 2 after updating B : 2.43051
Iteration number -------- 23  -----------
lambda : 1.11597
max_diff => 0.0590191
performed mixing
Frob norm 1 after updating U: 2.4028
200 iterations
f(b) = 7.61672
Frob norm 2 after updating B : 2.41912
Iteration number -------- 24  -----------
lambda : 1.12155
max_diff => 0.0587775
performed mixing
Frob norm 1 after updating U: 2.40027
200 iterations
f(b) = 6.93578
Frob norm 2 after updating B : 2.38418
Iteration number -------- 25  -----------
lambda : 1.12716
max_diff => 0.0586894
performed mixing
Frob norm 1 after updating U: 2.22605
200 iterations
f(b) = 6.70976
Frob norm 2 after updating B : 2.32924
Iteration number -------- 26  -----------
lambda : 1.1328
max_diff => 0.0584728
performed mixing
Frob norm 1 after updating U: 2.22563
200 iterations
f(b) = 6.46441
Frob norm 2 after updating B : 2.29605
Iteration number -------- 27  -----------
lambda : 1.13846
max_diff => 0.0546789
performed mixing
Frob norm 1 after updating U: 2.21507
200 iterations
f(b) = 6.14275
Frob norm 2 after updating B : 2.24509
Iteration number -------- 28  -----------
lambda : 1.14415
max_diff => 0.0552358
performed mixing
Frob norm 1 after updating U: 2.1636
200 iterations
f(b) = 6.01894
Frob norm 2 after updating B : 2.21529
Iteration number -------- 29  -----------
lambda : 1.14987
max_diff => 0.0552771
performed mixing
Frob norm 1 after updating U: 2.16152
200 iterations
f(b) = 5.93439
Frob norm 2 after updating B : 2.1947
Iteration number -------- 30  -----------
lambda : 1.15562
max_diff => 0.0553366
performed mixing
Frob norm 1 after updating U: 2.15916
200 iterations
f(b) = 5.87667
Frob norm 2 after updating B : 2.17993
Iteration number -------- 31  -----------
lambda : 1.1614
max_diff => 0.0554383
performed mixing
Frob norm 1 after updating U: 2.15622
200 iterations
f(b) = 5.82074
Frob norm 2 after updating B : 2.16732
Iteration number -------- 32  -----------
lambda : 1.16721
max_diff => 0.0555847
performed mixing
Frob norm 1 after updating U: 2.15094
200 iterations
f(b) = 5.79305
Frob norm 2 after updating B : 2.15756
Iteration number -------- 33  -----------
lambda : 1.17304
max_diff => 0.0556756
performed mixing
Frob norm 1 after updating U: 2.14616
200 iterations
f(b) = 5.43169
Frob norm 2 after updating B : 2.09364
Iteration number -------- 34  -----------
lambda : 1.17891
max_diff => 0.0591567
performed mixing
Frob norm 1 after updating U: 2.0669
200 iterations
f(b) = 5.43388
Frob norm 2 after updating B : 2.08296
Iteration number -------- 35  -----------
lambda : 1.1848
max_diff => 0.0591569
performed mixing
Frob norm 1 after updating U: 2.06531
200 iterations
f(b) = 5.41226
Frob norm 2 after updating B : 2.07508
Iteration number -------- 36  -----------
lambda : 1.19073
max_diff => 0.0591356
performed mixing
Frob norm 1 after updating U: 2.0633
200 iterations
f(b) = 5.40313
Frob norm 2 after updating B : 2.06996
Iteration number -------- 37  -----------
lambda : 1.19668
max_diff => 0.0591453
performed mixing
Frob norm 1 after updating U: 2.06213
200 iterations
f(b) = 5.38509
Frob norm 2 after updating B : 2.06479
Iteration number -------- 38  -----------
lambda : 1.20266
max_diff => 0.0590875
performed mixing
Frob norm 1 after updating U: 2.0594
200 iterations
f(b) = 5.38343
Frob norm 2 after updating B : 2.06129
Iteration number -------- 39  -----------
lambda : 1.20868
max_diff => 0.0589982
performed mixing
Frob norm 1 after updating U: 2.05761
200 iterations
f(b) = 5.37354
Frob norm 2 after updating B : 2.05823
Iteration number -------- 40  -----------
lambda : 1.21472
max_diff => 0.0588715
performed mixing
Frob norm 1 after updating U: 2.05566
200 iterations
f(b) = 5.36302
Frob norm 2 after updating B : 2.05328
Iteration number -------- 41  -----------
lambda : 1.22079
max_diff => 0.0589608
performed mixing
Frob norm 1 after updating U: 2.05135
200 iterations
f(b) = 4.94232
Frob norm 2 after updating B : 1.97952
Iteration number -------- 42  -----------
lambda : 1.2269
max_diff => 0.0592648
performed mixing
Frob norm 1 after updating U: 1.96293
200 iterations
f(b) = 4.6947
Frob norm 2 after updating B : 1.96783
Iteration number -------- 43  -----------
lambda : 1.23303
max_diff => 0.0614314
performed mixing
Frob norm 1 after updating U: 1.94511
200 iterations
f(b) = 4.68395
Frob norm 2 after updating B : 1.95995
Iteration number -------- 44  -----------
lambda : 1.2392
max_diff => 0.0615236
performed mixing
Frob norm 1 after updating U: 1.94495
200 iterations
f(b) = 4.66431
Frob norm 2 after updating B : 1.95409
Iteration number -------- 45  -----------
lambda : 1.24539
max_diff => 0.0615919
performed mixing
Frob norm 1 after updating U: 1.9442
200 iterations
f(b) = 4.48873
Frob norm 2 after updating B : 1.94434
Iteration number -------- 46  -----------
lambda : 1.25162
max_diff => 0.0624992
performed mixing
Frob norm 1 after updating U: 1.93258
200 iterations
f(b) = 4.48998
Frob norm 2 after updating B : 1.94038
Iteration number -------- 47  -----------
lambda : 1.25788
max_diff => 0.062499
performed mixing
Frob norm 1 after updating U: 1.93272
200 iterations
f(b) = 4.47915
Frob norm 2 after updating B : 1.93767
Iteration number -------- 48  -----------
lambda : 1.26417
max_diff => 0.0625001
performed mixing
Frob norm 1 after updating U: 1.93269
200 iterations
f(b) = 4.47566
Frob norm 2 after updating B : 1.93581
Iteration number -------- 49  -----------
lambda : 1.27049
max_diff => 0.0624987
performed mixing
Frob norm 1 after updating U: 1.93255
200 iterations
f(b) = 4.47244
Frob norm 2 after updating B : 1.93427
Iteration number -------- 50  -----------
lambda : 1.27684
max_diff => 0.0624947
performed mixing
Frob norm 1 after updating U: 1.93213
200 iterations
f(b) = 4.47115
Frob norm 2 after updating B : 1.93292
Iteration number -------- 51  -----------
lambda : 1.28323
max_diff => 0.0624952
performed mixing
Frob norm 1 after updating U: 1.93148
200 iterations
f(b) = 4.47138
Frob norm 2 after updating B : 1.93208
Iteration number -------- 52  -----------
lambda : 1.28964
max_diff => 0.0624983
performed mixing
Frob norm 1 after updating U: 1.93113
200 iterations
f(b) = 4.47546
Frob norm 2 after updating B : 1.93139
Iteration number -------- 53  -----------
lambda : 1.29609
max_diff => 0.0624999
performed mixing
Frob norm 1 after updating U: 1.93075
200 iterations
f(b) = 4.46865
Frob norm 2 after updating B : 1.93071
Iteration number -------- 54  -----------
lambda : 1.30257
max_diff => 0.0624996
performed mixing
Frob norm 1 after updating U: 1.93028
200 iterations
f(b) = 4.47218
Frob norm 2 after updating B : 1.93005
Iteration number -------- 55  -----------
lambda : 1.30908
max_diff => 0.0624962
performed mixing
Frob norm 1 after updating U: 1.92974
200 iterations
f(b) = 4.4772
Frob norm 2 after updating B : 1.92945
Iteration number -------- 56  -----------
lambda : 1.31563
max_diff => 0.0624902
performed mixing
Frob norm 1 after updating U: 1.92923
200 iterations
f(b) = 4.47568
Frob norm 2 after updating B : 1.92891
Iteration number -------- 57  -----------
lambda : 1.32221
max_diff => 0.0624797
performed mixing
Frob norm 1 after updating U: 1.92874
200 iterations
f(b) = 4.47702
Frob norm 2 after updating B : 1.92819
Iteration number -------- 58  -----------
lambda : 1.32882
max_diff => 0.0624634
performed mixing
Frob norm 1 after updating U: 1.92807
200 iterations
f(b) = 4.48246
Frob norm 2 after updating B : 1.92781
Iteration number -------- 59  -----------
lambda : 1.33546
max_diff => 0.0624471
performed mixing
Frob norm 1 after updating U: 1.92772
200 iterations
f(b) = 4.48301
Frob norm 2 after updating B : 1.92731
Iteration number -------- 60  -----------
lambda : 1.34214
max_diff => 0.0624271
performed mixing
Frob norm 1 after updating U: 1.92724
200 iterations
f(b) = 4.48677
Frob norm 2 after updating B : 1.92689
Iteration number -------- 61  -----------
lambda : 1.34885
max_diff => 0.0624091
performed mixing
Frob norm 1 after updating U: 1.92683
200 iterations
f(b) = 4.48536
Frob norm 2 after updating B : 1.92629
Iteration number -------- 62  -----------
lambda : 1.35559
max_diff => 0.062375
performed mixing
Frob norm 1 after updating U: 1.92624
200 iterations
f(b) = 4.48964
Frob norm 2 after updating B : 1.92552
Iteration number -------- 63  -----------
lambda : 1.36237
max_diff => 0.0623197
performed mixing
Frob norm 1 after updating U: 1.92547
200 iterations
f(b) = 4.48531
Frob norm 2 after updating B : 1.92493
Iteration number -------- 64  -----------
lambda : 1.36918
max_diff => 0.062274
performed mixing
Frob norm 1 after updating U: 1.92489
200 iterations
f(b) = 4.49146
Frob norm 2 after updating B : 1.92458
Iteration number -------- 65  -----------
lambda : 1.37603
max_diff => 0.0622508
performed mixing
Frob norm 1 after updating U: 1.92455
200 iterations
f(b) = 4.49583
Frob norm 2 after updating B : 1.92416
Iteration number -------- 66  -----------
lambda : 1.38291
max_diff => 0.0622077
performed mixing
Frob norm 1 after updating U: 1.92412
200 iterations
f(b) = 4.49225
Frob norm 2 after updating B : 1.92338
Iteration number -------- 67  -----------
lambda : 1.38982
max_diff => 0.0621264
performed mixing
Frob norm 1 after updating U: 1.92334
200 iterations
f(b) = 4.49093
Frob norm 2 after updating B : 1.92299
Iteration number -------- 68  -----------
lambda : 1.39677
max_diff => 0.0620733
performed mixing
Frob norm 1 after updating U: 1.92295
200 iterations
f(b) = 4.49048
Frob norm 2 after updating B : 1.92239
Iteration number -------- 69  -----------
lambda : 1.40376
max_diff => 0.0620122
performed mixing
Frob norm 1 after updating U: 1.92236
200 iterations
f(b) = 4.49606
Frob norm 2 after updating B : 1.92193
Iteration number -------- 70  -----------
lambda : 1.41078
max_diff => 0.0619396
performed mixing
Frob norm 1 after updating U: 1.92189
200 iterations
f(b) = 4.501
Frob norm 2 after updating B : 1.92144
Iteration number -------- 71  -----------
lambda : 1.41783
max_diff => 0.0618793
performed mixing
Frob norm 1 after updating U: 1.92141
200 iterations
f(b) = 4.50544
Frob norm 2 after updating B : 1.92109
Iteration number -------- 72  -----------
lambda : 1.42492
max_diff => 0.0618313
performed mixing
Frob norm 1 after updating U: 1.92106
200 iterations
f(b) = 4.50099
Frob norm 2 after updating B : 1.92074
Iteration number -------- 73  -----------
lambda : 1.43204
max_diff => 0.061773
performed mixing
Frob norm 1 after updating U: 1.92071
200 iterations
f(b) = 4.51005
Frob norm 2 after updating B : 1.92047
Iteration number -------- 74  -----------
lambda : 1.4392
max_diff => 0.0617331
performed mixing
Frob norm 1 after updating U: 1.92044
200 iterations
f(b) = 4.43228
Frob norm 2 after updating B : 1.91841
Iteration number -------- 75  -----------
lambda : 1.4464
max_diff => 0.0614138
performed mixing
Frob norm 1 after updating U: 1.91836
200 iterations
f(b) = 4.50703
Frob norm 2 after updating B : 1.91852
Iteration number -------- 76  -----------
lambda : 1.45363
max_diff => 0.0613369
performed mixing
Frob norm 1 after updating U: 1.91847
200 iterations
f(b) = 4.50189
Frob norm 2 after updating B : 1.91819
Iteration number -------- 77  -----------
lambda : 1.4609
max_diff => 0.0612586
performed mixing
Frob norm 1 after updating U: 1.91815
200 iterations
f(b) = 4.50837
Frob norm 2 after updating B : 1.91771
Iteration number -------- 78  -----------
lambda : 1.46821
max_diff => 0.0611402
performed mixing
Frob norm 1 after updating U: 1.91767
200 iterations
f(b) = 4.50881
Frob norm 2 after updating B : 1.91722
Iteration number -------- 79  -----------
lambda : 1.47555
max_diff => 0.0610133
performed mixing
Frob norm 1 after updating U: 1.91718
200 iterations
f(b) = 4.48298
Frob norm 2 after updating B : 1.91584
Iteration number -------- 80  -----------
lambda : 1.48292
max_diff => 0.060655
performed mixing
Frob norm 1 after updating U: 1.91577
200 iterations
f(b) = 4.50443
Frob norm 2 after updating B : 1.91493
Iteration number -------- 81  -----------
lambda : 1.49034
max_diff => 0.0603841
performed mixing
Frob norm 1 after updating U: 1.91484
200 iterations
f(b) = 4.50635
Frob norm 2 after updating B : 1.9146
Iteration number -------- 82  -----------
lambda : 1.49779
max_diff => 0.0602865
performed mixing
Frob norm 1 after updating U: 1.91453
200 iterations
f(b) = 4.50745
Frob norm 2 after updating B : 1.91426
Iteration number -------- 83  -----------
lambda : 1.50528
max_diff => 0.0601637
performed mixing
Frob norm 1 after updating U: 1.91421
200 iterations
f(b) = 4.504
Frob norm 2 after updating B : 1.91359
Iteration number -------- 84  -----------
lambda : 1.51281
max_diff => 0.0598989
performed mixing
Frob norm 1 after updating U: 1.91352
200 iterations
f(b) = 4.49072
Frob norm 2 after updating B : 1.91112
Iteration number -------- 85  -----------
lambda : 1.52037
max_diff => 0.0590688
performed mixing
Frob norm 1 after updating U: 1.91096
200 iterations
f(b) = 4.49606
Frob norm 2 after updating B : 1.91129
Iteration number -------- 86  -----------
lambda : 1.52797
max_diff => 0.0588943
performed mixing
Frob norm 1 after updating U: 1.91117
200 iterations
f(b) = 4.50567
Frob norm 2 after updating B : 1.91094
Iteration number -------- 87  -----------
lambda : 1.53561
max_diff => 0.0587608
performed mixing
Frob norm 1 after updating U: 1.91085
200 iterations
f(b) = 4.49386
Frob norm 2 after updating B : 1.91057
Iteration number -------- 88  -----------
lambda : 1.54329
max_diff => 0.0585394
performed mixing
Frob norm 1 after updating U: 1.91048
200 iterations
f(b) = 4.5012
Frob norm 2 after updating B : 1.91021
Iteration number -------- 89  -----------
lambda : 1.55101
max_diff => 0.0583377
performed mixing
Frob norm 1 after updating U: 1.91014
200 iterations
f(b) = 4.5044
Frob norm 2 after updating B : 1.9096
Iteration number -------- 90  -----------
lambda : 1.55876
max_diff => 0.0579815
performed mixing
Frob norm 1 after updating U: 1.90952
200 iterations
f(b) = 4.50502
Frob norm 2 after updating B : 1.90922
Iteration number -------- 91  -----------
lambda : 1.56655
max_diff => 0.0577827
performed mixing
Frob norm 1 after updating U: 1.90915
200 iterations
f(b) = 4.50278
Frob norm 2 after updating B : 1.9089
Iteration number -------- 92  -----------
lambda : 1.57439
max_diff => 0.0575642
performed mixing
Frob norm 1 after updating U: 1.90884
200 iterations
f(b) = 4.50674
Frob norm 2 after updating B : 1.90855
Iteration number -------- 93  -----------
lambda : 1.58226
max_diff => 0.0573142
performed mixing
Frob norm 1 after updating U: 1.90849
200 iterations
f(b) = 4.50873
Frob norm 2 after updating B : 1.90835
Iteration number -------- 94  -----------
lambda : 1.59017
max_diff => 0.0571472
performed mixing
Frob norm 1 after updating U: 1.9083
200 iterations
f(b) = 4.4895
Frob norm 2 after updating B : 1.90671
Iteration number -------- 95  -----------
lambda : 1.59812
max_diff => 0.0557929
performed mixing
Frob norm 1 after updating U: 1.90656
200 iterations
f(b) = 4.45299
Frob norm 2 after updating B : 1.90563
Iteration number -------- 96  -----------
lambda : 1.60611
max_diff => 0.0551348
performed mixing
Frob norm 1 after updating U: 1.90545
200 iterations
f(b) = 4.48819
Frob norm 2 after updating B : 1.90559
Iteration number -------- 97  -----------
lambda : 1.61414
max_diff => 0.0548146
performed mixing
Frob norm 1 after updating U: 1.90544
200 iterations
f(b) = 4.48831
Frob norm 2 after updating B : 1.9053
Iteration number -------- 98  -----------
lambda : 1.62221
max_diff => 0.0545739
performed mixing
Frob norm 1 after updating U: 1.90519
200 iterations
f(b) = 4.43677
Frob norm 2 after updating B : 1.90416
Iteration number -------- 99  -----------
lambda : 1.63032
max_diff => 0.0529889
performed mixing
Frob norm 1 after updating U: 1.90395
200 iterations
f(b) = 4.46591
Frob norm 2 after updating B : 1.90346
Iteration number -------- 100  -----------
lambda : 1.63848
max_diff => 0.0519302
