Academic license - for non-commercial use only
Frob norm 1 after updating U: 11.5583
200 iterations
f(b) = 63.0226
Frob norm 2 after updating B : 7.19253
Iteration number -------- 1  -----------
lambda : 1
max_diff => 0.130761
performed mixing
Frob norm 1 after updating U: 4.90938
200 iterations
f(b) = 51.4934
Frob norm 2 after updating B : 6.46243
Iteration number -------- 2  -----------
lambda : 1.005
max_diff => 0.0911155
performed mixing
Frob norm 1 after updating U: 4.21335
200 iterations
f(b) = 41.6549
Frob norm 2 after updating B : 5.82005
Iteration number -------- 3  -----------
lambda : 1.01002
max_diff => 0.0693125
performed mixing
Frob norm 1 after updating U: 3.48528
200 iterations
f(b) = 31.8929
Frob norm 2 after updating B : 5.10169
Iteration number -------- 4  -----------
lambda : 1.01508
max_diff => 0.0829062
performed mixing
Frob norm 1 after updating U: 2.78886
200 iterations
f(b) = 24.2436
Frob norm 2 after updating B : 4.49925
Iteration number -------- 5  -----------
lambda : 1.02015
max_diff => 0.0363232
performed mixing
Frob norm 1 after updating U: 2.3906
200 iterations
f(b) = 18.9003
Frob norm 2 after updating B : 3.94945
Iteration number -------- 6  -----------
lambda : 1.02525
max_diff => 0.0292803
performed mixing
Frob norm 1 after updating U: 2.31991
200 iterations
f(b) = 15.009
Frob norm 2 after updating B : 3.55931
Iteration number -------- 7  -----------
lambda : 1.03038
max_diff => 0.0253696
performed mixing
Frob norm 1 after updating U: 2.2218
200 iterations
f(b) = 12.1236
Frob norm 2 after updating B : 3.20047
Iteration number -------- 8  -----------
lambda : 1.03553
max_diff => 0.0238416
performed mixing
Frob norm 1 after updating U: 2.19971
200 iterations
f(b) = 9.98003
Frob norm 2 after updating B : 2.95878
Iteration number -------- 9  -----------
lambda : 1.04071
max_diff => 0.0211686
performed mixing
Frob norm 1 after updating U: 2.17022
200 iterations
f(b) = 8.42025
Frob norm 2 after updating B : 2.74871
Iteration number -------- 10  -----------
lambda : 1.04591
max_diff => 0.0194134
performed mixing
Frob norm 1 after updating U: 2.16011
200 iterations
f(b) = 7.2984
Frob norm 2 after updating B : 2.58639
Iteration number -------- 11  -----------
lambda : 1.05114
max_diff => 0.0171429
performed mixing
Frob norm 1 after updating U: 2.15302
200 iterations
f(b) = 6.60643
Frob norm 2 after updating B : 2.44302
Iteration number -------- 12  -----------
lambda : 1.0564
max_diff => 0.0170209
performed mixing
Frob norm 1 after updating U: 2.15254
200 iterations
f(b) = 6.1025
Frob norm 2 after updating B : 2.34751
Iteration number -------- 13  -----------
lambda : 1.06168
max_diff => 0.0160626
performed mixing
Frob norm 1 after updating U: 2.14924
200 iterations
f(b) = 5.79685
Frob norm 2 after updating B : 2.28075
Iteration number -------- 14  -----------
lambda : 1.06699
max_diff => 0.0159249
performed mixing
Frob norm 1 after updating U: 2.1495
200 iterations
f(b) = 5.59254
Frob norm 2 after updating B : 2.23596
Iteration number -------- 15  -----------
lambda : 1.07232
max_diff => 0.0155888
performed mixing
Frob norm 1 after updating U: 2.14902
200 iterations
f(b) = 5.45836
Frob norm 2 after updating B : 2.20643
Iteration number -------- 16  -----------
lambda : 1.07768
max_diff => 0.0153428
performed mixing
Frob norm 1 after updating U: 2.14877
200 iterations
f(b) = 5.37097
Frob norm 2 after updating B : 2.18684
Iteration number -------- 17  -----------
lambda : 1.08307
max_diff => 0.0150468
performed mixing
Frob norm 1 after updating U: 2.14846
200 iterations
f(b) = 5.31809
Frob norm 2 after updating B : 2.174
Iteration number -------- 18  -----------
lambda : 1.08849
max_diff => 0.0148022
performed mixing
Frob norm 1 after updating U: 2.14831
200 iterations
f(b) = 5.13794
Frob norm 2 after updating B : 2.19494
Iteration number -------- 19  -----------
lambda : 1.09393
max_diff => 0.0172576
performed mixing
Frob norm 1 after updating U: 2.16059
200 iterations
f(b) = 5.08146
Frob norm 2 after updating B : 2.18226
Iteration number -------- 20  -----------
lambda : 1.0994
max_diff => 0.0179489
performed mixing
Frob norm 1 after updating U: 2.15958
200 iterations
f(b) = 5.07305
Frob norm 2 after updating B : 2.17442
Iteration number -------- 21  -----------
lambda : 1.1049
max_diff => 0.0184966
performed mixing
Frob norm 1 after updating U: 2.15926
200 iterations
f(b) = 5.05415
Frob norm 2 after updating B : 2.16912
Iteration number -------- 22  -----------
lambda : 1.11042
max_diff => 0.0191439
performed mixing
Frob norm 1 after updating U: 2.15881
200 iterations
f(b) = 5.05028
Frob norm 2 after updating B : 2.16503
Iteration number -------- 23  -----------
lambda : 1.11597
max_diff => 0.0198171
performed mixing
Frob norm 1 after updating U: 2.15797
200 iterations
f(b) = 5.04625
Frob norm 2 after updating B : 2.16305
Iteration number -------- 24  -----------
lambda : 1.12155
max_diff => 0.0201039
performed mixing
Frob norm 1 after updating U: 2.15822
200 iterations
f(b) = 5.03969
Frob norm 2 after updating B : 2.16123
Iteration number -------- 25  -----------
lambda : 1.12716
max_diff => 0.0204976
performed mixing
Frob norm 1 after updating U: 2.15786
200 iterations
f(b) = 4.99872
Frob norm 2 after updating B : 2.16027
Iteration number -------- 26  -----------
lambda : 1.1328
max_diff => 0.0213585
performed mixing
Frob norm 1 after updating U: 2.15778
200 iterations
f(b) = 5.02849
Frob norm 2 after updating B : 2.15884
Iteration number -------- 27  -----------
lambda : 1.13846
max_diff => 0.0219465
performed mixing
Frob norm 1 after updating U: 2.15707
200 iterations
f(b) = 4.96923
Frob norm 2 after updating B : 2.15752
Iteration number -------- 28  -----------
lambda : 1.14415
max_diff => 0.0226254
performed mixing
Frob norm 1 after updating U: 2.15622
200 iterations
f(b) = 5.01162
Frob norm 2 after updating B : 2.15547
Iteration number -------- 29  -----------
lambda : 1.14987
max_diff => 0.0238884
performed mixing
Frob norm 1 after updating U: 2.15442
200 iterations
f(b) = 5.01701
Frob norm 2 after updating B : 2.15451
Iteration number -------- 30  -----------
lambda : 1.15562
max_diff => 0.0247424
performed mixing
Frob norm 1 after updating U: 2.15369
200 iterations
f(b) = 5.01254
Frob norm 2 after updating B : 2.15411
Iteration number -------- 31  -----------
lambda : 1.1614
max_diff => 0.0251448
performed mixing
Frob norm 1 after updating U: 2.15349
200 iterations
f(b) = 5.00917
Frob norm 2 after updating B : 2.15056
Iteration number -------- 32  -----------
lambda : 1.16721
max_diff => 0.0269288
performed mixing
Frob norm 1 after updating U: 2.14999
200 iterations
f(b) = 5.00564
Frob norm 2 after updating B : 2.1503
Iteration number -------- 33  -----------
lambda : 1.17304
max_diff => 0.0273781
performed mixing
Frob norm 1 after updating U: 2.14984
200 iterations
f(b) = 4.98713
Frob norm 2 after updating B : 2.14855
Iteration number -------- 34  -----------
lambda : 1.17891
max_diff => 0.0284005
performed mixing
Frob norm 1 after updating U: 2.14814
200 iterations
f(b) = 4.99935
Frob norm 2 after updating B : 2.14818
Iteration number -------- 35  -----------
lambda : 1.1848
max_diff => 0.0288646
performed mixing
Frob norm 1 after updating U: 2.14784
200 iterations
f(b) = 4.9918
Frob norm 2 after updating B : 2.14768
Iteration number -------- 36  -----------
lambda : 1.19073
max_diff => 0.029916
performed mixing
Frob norm 1 after updating U: 2.14733
200 iterations
f(b) = 4.98711
Frob norm 2 after updating B : 2.14591
Iteration number -------- 37  -----------
lambda : 1.19668
max_diff => 0.0308985
performed mixing
Frob norm 1 after updating U: 2.14558
200 iterations
f(b) = 4.98959
Frob norm 2 after updating B : 2.14527
Iteration number -------- 38  -----------
lambda : 1.20266
max_diff => 0.0313724
performed mixing
Frob norm 1 after updating U: 2.145
200 iterations
f(b) = 4.99691
Frob norm 2 after updating B : 2.14413
Iteration number -------- 39  -----------
lambda : 1.20868
max_diff => 0.032149
performed mixing
Frob norm 1 after updating U: 2.14386
200 iterations
f(b) = 4.98699
Frob norm 2 after updating B : 2.1438
Iteration number -------- 40  -----------
lambda : 1.21472
max_diff => 0.032523
performed mixing
Frob norm 1 after updating U: 2.14358
200 iterations
f(b) = 4.9869
Frob norm 2 after updating B : 2.14325
Iteration number -------- 41  -----------
lambda : 1.22079
max_diff => 0.0328492
performed mixing
Frob norm 1 after updating U: 2.14307
200 iterations
f(b) = 4.98344
Frob norm 2 after updating B : 2.14241
Iteration number -------- 42  -----------
lambda : 1.2269
max_diff => 0.0334328
performed mixing
Frob norm 1 after updating U: 2.14225
200 iterations
f(b) = 4.97452
Frob norm 2 after updating B : 2.14096
Iteration number -------- 43  -----------
lambda : 1.23303
max_diff => 0.0341415
performed mixing
Frob norm 1 after updating U: 2.1408
200 iterations
f(b) = 4.97384
Frob norm 2 after updating B : 2.13894
Iteration number -------- 44  -----------
lambda : 1.2392
max_diff => 0.0349778
performed mixing
Frob norm 1 after updating U: 2.13879
200 iterations
f(b) = 4.78295
Frob norm 2 after updating B : 1.90065
Iteration number -------- 45  -----------
lambda : 1.24539
max_diff => 0.0546565
performed mixing
Frob norm 1 after updating U: 1.84561
200 iterations
f(b) = 3.09151
Frob norm 2 after updating B : 1.21531
Iteration number -------- 46  -----------
lambda : 1.25162
max_diff => 0.0227635
performed mixing
Frob norm 1 after updating U: 1.08636
200 iterations
f(b) = 1.6971
Frob norm 2 after updating B : 1.14783
Iteration number -------- 47  -----------
lambda : 1.25788
max_diff => 0.0188444
performed mixing
Frob norm 1 after updating U: 1.06996
200 iterations
f(b) = 1.65724
Frob norm 2 after updating B : 1.12049
Iteration number -------- 48  -----------
lambda : 1.26417
max_diff => 0.0192268
performed mixing
Frob norm 1 after updating U: 1.06974
200 iterations
f(b) = 1.57323
Frob norm 2 after updating B : 1.13891
Iteration number -------- 49  -----------
lambda : 1.27049
max_diff => 0.0201565
performed mixing
Frob norm 1 after updating U: 1.11286
200 iterations
f(b) = 1.55609
Frob norm 2 after updating B : 1.12922
Iteration number -------- 50  -----------
lambda : 1.27684
max_diff => 0.0205902
performed mixing
Frob norm 1 after updating U: 1.11234
200 iterations
f(b) = 1.54549
Frob norm 2 after updating B : 1.12167
Iteration number -------- 51  -----------
lambda : 1.28323
max_diff => 0.0211111
performed mixing
Frob norm 1 after updating U: 1.11069
200 iterations
f(b) = 1.54314
Frob norm 2 after updating B : 1.11498
Iteration number -------- 52  -----------
lambda : 1.28964
max_diff => 0.0220076
performed mixing
Frob norm 1 after updating U: 1.10778
200 iterations
f(b) = 1.52001
Frob norm 2 after updating B : 1.10829
Iteration number -------- 53  -----------
lambda : 1.29609
max_diff => 0.0236592
performed mixing
Frob norm 1 after updating U: 1.10344
200 iterations
f(b) = 1.52165
Frob norm 2 after updating B : 1.09946
Iteration number -------- 54  -----------
lambda : 1.30257
max_diff => 0.026267
performed mixing
Frob norm 1 after updating U: 1.09606
200 iterations
f(b) = 1.51419
Frob norm 2 after updating B : 1.09549
Iteration number -------- 55  -----------
lambda : 1.30908
max_diff => 0.0273178
performed mixing
Frob norm 1 after updating U: 1.09319
200 iterations
f(b) = 1.51374
Frob norm 2 after updating B : 1.09358
Iteration number -------- 56  -----------
lambda : 1.31563
max_diff => 0.027707
performed mixing
Frob norm 1 after updating U: 1.09207
200 iterations
f(b) = 1.5201
Frob norm 2 after updating B : 1.09258
Iteration number -------- 57  -----------
lambda : 1.32221
max_diff => 0.027892
performed mixing
Frob norm 1 after updating U: 1.09159
200 iterations
f(b) = 1.51068
Frob norm 2 after updating B : 1.08935
Iteration number -------- 58  -----------
lambda : 1.32882
max_diff => 0.0289401
performed mixing
Frob norm 1 after updating U: 1.08865
200 iterations
f(b) = 1.5305
Frob norm 2 after updating B : 1.09016
Iteration number -------- 59  -----------
lambda : 1.33546
max_diff => 0.0280974
performed mixing
Frob norm 1 after updating U: 1.08975
200 iterations
f(b) = 1.51909
Frob norm 2 after updating B : 1.08916
Iteration number -------- 60  -----------
lambda : 1.34214
max_diff => 0.028827
performed mixing
Frob norm 1 after updating U: 1.08887
200 iterations
f(b) = 1.51939
Frob norm 2 after updating B : 1.08796
Iteration number -------- 61  -----------
lambda : 1.34885
max_diff => 0.0292544
performed mixing
Frob norm 1 after updating U: 1.08775
200 iterations
f(b) = 1.50844
Frob norm 2 after updating B : 1.08659
Iteration number -------- 62  -----------
lambda : 1.35559
max_diff => 0.0297431
performed mixing
Frob norm 1 after updating U: 1.08645
200 iterations
f(b) = 1.52127
Frob norm 2 after updating B : 1.08492
Iteration number -------- 63  -----------
lambda : 1.36237
max_diff => 0.030333
performed mixing
Frob norm 1 after updating U: 1.08481
200 iterations
f(b) = 1.51497
Frob norm 2 after updating B : 1.08268
Iteration number -------- 64  -----------
lambda : 1.36918
max_diff => 0.0309961
performed mixing
Frob norm 1 after updating U: 1.08259
200 iterations
f(b) = 1.46673
Frob norm 2 after updating B : 1.08019
Iteration number -------- 65  -----------
lambda : 1.37603
max_diff => 0.0319668
performed mixing
Frob norm 1 after updating U: 1.08011
200 iterations
f(b) = 1.51933
Frob norm 2 after updating B : 1.07731
Iteration number -------- 66  -----------
lambda : 1.38291
max_diff => 0.033026
performed mixing
Frob norm 1 after updating U: 1.07724
200 iterations
f(b) = 1.50598
Frob norm 2 after updating B : 1.07217
Iteration number -------- 67  -----------
lambda : 1.38982
max_diff => 0.0348737
performed mixing
Frob norm 1 after updating U: 1.07207
200 iterations
f(b) = 1.45249
Frob norm 2 after updating B : 1.06976
Iteration number -------- 68  -----------
lambda : 1.39677
max_diff => 0.0357204
performed mixing
Frob norm 1 after updating U: 1.06968
200 iterations
f(b) = 1.5119
Frob norm 2 after updating B : 1.06812
Iteration number -------- 69  -----------
lambda : 1.40376
max_diff => 0.0363046
performed mixing
Frob norm 1 after updating U: 1.06805
200 iterations
f(b) = 1.46755
Frob norm 2 after updating B : 1.06377
Iteration number -------- 70  -----------
lambda : 1.41078
max_diff => 0.0378374
performed mixing
Frob norm 1 after updating U: 1.06369
200 iterations
f(b) = 1.52059
Frob norm 2 after updating B : 1.06331
Iteration number -------- 71  -----------
lambda : 1.41783
max_diff => 0.0379837
performed mixing
Frob norm 1 after updating U: 1.06326
200 iterations
f(b) = 1.50548
Frob norm 2 after updating B : 1.06097
Iteration number -------- 72  -----------
lambda : 1.42492
max_diff => 0.0388042
performed mixing
Frob norm 1 after updating U: 1.06091
200 iterations
f(b) = 1.51562
Frob norm 2 after updating B : 1.05934
Iteration number -------- 73  -----------
lambda : 1.43204
max_diff => 0.0393554
performed mixing
Frob norm 1 after updating U: 1.05929
200 iterations
f(b) = 1.51469
Frob norm 2 after updating B : 1.05732
Iteration number -------- 74  -----------
lambda : 1.4392
max_diff => 0.0400666
performed mixing
Frob norm 1 after updating U: 1.05727
200 iterations
f(b) = 1.51422
Frob norm 2 after updating B : 1.0549
Iteration number -------- 75  -----------
lambda : 1.4464
max_diff => 0.0409018
performed mixing
Frob norm 1 after updating U: 1.05485
200 iterations
f(b) = 1.5176
Frob norm 2 after updating B : 1.05353
Iteration number -------- 76  -----------
lambda : 1.45363
max_diff => 0.041348
performed mixing
Frob norm 1 after updating U: 1.05349
200 iterations
f(b) = 1.5101
Frob norm 2 after updating B : 1.04939
Iteration number -------- 77  -----------
lambda : 1.4609
max_diff => 0.0427871
performed mixing
Frob norm 1 after updating U: 1.04934
200 iterations
f(b) = 1.50564
Frob norm 2 after updating B : 1.04929
Iteration number -------- 78  -----------
lambda : 1.46821
max_diff => 0.0428091
performed mixing
Frob norm 1 after updating U: 1.04925
200 iterations
f(b) = 1.51986
Frob norm 2 after updating B : 1.04776
Iteration number -------- 79  -----------
lambda : 1.47555
max_diff => 0.0433037
performed mixing
Frob norm 1 after updating U: 1.04772
200 iterations
f(b) = 1.45045
Frob norm 2 after updating B : 1.04197
Iteration number -------- 80  -----------
lambda : 1.48292
max_diff => 0.0452323
performed mixing
Frob norm 1 after updating U: 1.04191
200 iterations
f(b) = 1.51668
Frob norm 2 after updating B : 1.04153
Iteration number -------- 81  -----------
lambda : 1.49034
max_diff => 0.0453531
performed mixing
Frob norm 1 after updating U: 1.04149
200 iterations
f(b) = 1.45526
Frob norm 2 after updating B : 1.04003
Iteration number -------- 82  -----------
lambda : 1.49779
max_diff => 0.0458286
performed mixing
Frob norm 1 after updating U: 1.04
200 iterations
f(b) = 1.75875
Frob norm 2 after updating B : 1.05078
Iteration number -------- 83  -----------
lambda : 1.50528
max_diff => 0.041375
performed mixing
Frob norm 1 after updating U: 1.04946
200 iterations
f(b) = 1.50191
Frob norm 2 after updating B : 1.04063
Iteration number -------- 84  -----------
lambda : 1.51281
max_diff => 0.0452017
performed mixing
Frob norm 1 after updating U: 1.04059
200 iterations
f(b) = 1.51037
Frob norm 2 after updating B : 1.03899
Iteration number -------- 85  -----------
lambda : 1.52037
max_diff => 0.0461854
performed mixing
Frob norm 1 after updating U: 1.03892
200 iterations
f(b) = 1.53015
Frob norm 2 after updating B : 1.03713
Iteration number -------- 86  -----------
lambda : 1.52797
max_diff => 0.0467355
performed mixing
Frob norm 1 after updating U: 1.03707
200 iterations
f(b) = 1.47747
Frob norm 2 after updating B : 1.03631
Iteration number -------- 87  -----------
lambda : 1.53561
max_diff => 0.0470166
performed mixing
Frob norm 1 after updating U: 1.03626
200 iterations
f(b) = 1.51769
Frob norm 2 after updating B : 1.03513
Iteration number -------- 88  -----------
lambda : 1.54329
max_diff => 0.0473857
performed mixing
Frob norm 1 after updating U: 1.0351
200 iterations
f(b) = 1.53259
Frob norm 2 after updating B : 1.03426
Iteration number -------- 89  -----------
lambda : 1.55101
max_diff => 0.0476428
performed mixing
Frob norm 1 after updating U: 1.03423
200 iterations
f(b) = 1.51185
Frob norm 2 after updating B : 1.03091
Iteration number -------- 90  -----------
lambda : 1.55876
max_diff => 0.0484182
performed mixing
Frob norm 1 after updating U: 1.03088
200 iterations
f(b) = 1.48148
Frob norm 2 after updating B : 1.02996
Iteration number -------- 91  -----------
lambda : 1.56655
max_diff => 0.0489571
performed mixing
Frob norm 1 after updating U: 1.02993
200 iterations
f(b) = 1.46751
Frob norm 2 after updating B : 1.02526
Iteration number -------- 92  -----------
lambda : 1.57439
max_diff => 0.0502858
performed mixing
Frob norm 1 after updating U: 1.02521
200 iterations
f(b) = 1.52259
Frob norm 2 after updating B : 1.02288
Iteration number -------- 93  -----------
lambda : 1.58226
max_diff => 0.0509776
performed mixing
Frob norm 1 after updating U: 1.02284
200 iterations
f(b) = 1.51812
Frob norm 2 after updating B : 1.01964
Iteration number -------- 94  -----------
lambda : 1.59017
max_diff => 0.0518972
performed mixing
Frob norm 1 after updating U: 1.01959
200 iterations
f(b) = 1.50927
Frob norm 2 after updating B : 1.01772
Iteration number -------- 95  -----------
lambda : 1.59812
max_diff => 0.0524883
performed mixing
Frob norm 1 after updating U: 1.01767
200 iterations
f(b) = 1.52522
Frob norm 2 after updating B : 1.01577
Iteration number -------- 96  -----------
lambda : 1.60611
max_diff => 0.0529969
performed mixing
Frob norm 1 after updating U: 1.01572
200 iterations
f(b) = 1.48365
Frob norm 2 after updating B : 1.01434
Iteration number -------- 97  -----------
lambda : 1.61414
max_diff => 0.0533706
performed mixing
Frob norm 1 after updating U: 1.0143
200 iterations
f(b) = 1.5228
Frob norm 2 after updating B : 1.01227
Iteration number -------- 98  -----------
lambda : 1.62221
max_diff => 0.0539254
performed mixing
Frob norm 1 after updating U: 1.01223
200 iterations
f(b) = 1.52142
Frob norm 2 after updating B : 1.01006
Iteration number -------- 99  -----------
lambda : 1.63032
max_diff => 0.0544859
performed mixing
Frob norm 1 after updating U: 1.01002
200 iterations
f(b) = 1.5214
Frob norm 2 after updating B : 1.00878
Iteration number -------- 100  -----------
lambda : 1.63848
max_diff => 0.054782
