Academic license - for non-commercial use only
Frob norm 1 after updating U: 11.5428
200 iterations
f(b) = 83.2769
Frob norm 2 after updating B : 8.3561
Iteration number -------- 1  -----------
lambda : 1
max_diff => 0.139906
performed mixing
Frob norm 1 after updating U: 6.75021
200 iterations
f(b) = 73.2001
Frob norm 2 after updating B : 7.83573
Iteration number -------- 2  -----------
lambda : 1.005
max_diff => 0.126407
performed mixing
Frob norm 1 after updating U: 6.23587
200 iterations
f(b) = 64.753
Frob norm 2 after updating B : 7.33423
Iteration number -------- 3  -----------
lambda : 1.01002
max_diff => 0.0981425
performed mixing
Frob norm 1 after updating U: 5.9667
200 iterations
f(b) = 57.9297
Frob norm 2 after updating B : 6.91965
Iteration number -------- 4  -----------
lambda : 1.01508
max_diff => 0.0819012
performed mixing
Frob norm 1 after updating U: 5.73795
200 iterations
f(b) = 52.5121
Frob norm 2 after updating B : 6.56326
Iteration number -------- 5  -----------
lambda : 1.02015
max_diff => 0.0728599
performed mixing
Frob norm 1 after updating U: 5.62658
200 iterations
f(b) = 48.1983
Frob norm 2 after updating B : 6.28343
Iteration number -------- 6  -----------
lambda : 1.02525
max_diff => 0.064206
performed mixing
Frob norm 1 after updating U: 5.52058
200 iterations
f(b) = 44.8245
Frob norm 2 after updating B : 6.04862
Iteration number -------- 7  -----------
lambda : 1.03038
max_diff => 0.0637356
performed mixing
Frob norm 1 after updating U: 5.43644
200 iterations
f(b) = 40.9172
Frob norm 2 after updating B : 5.83183
Iteration number -------- 8  -----------
lambda : 1.03553
max_diff => 0.0650738
performed mixing
Frob norm 1 after updating U: 5.14475
200 iterations
f(b) = 38.0798
Frob norm 2 after updating B : 5.62583
Iteration number -------- 9  -----------
lambda : 1.04071
max_diff => 0.0648695
performed mixing
Frob norm 1 after updating U: 5.12447
200 iterations
f(b) = 32.5236
Frob norm 2 after updating B : 5.23357
Iteration number -------- 10  -----------
lambda : 1.04591
max_diff => 0.0646782
performed mixing
Frob norm 1 after updating U: 4.32575
200 iterations
f(b) = 28.4777
Frob norm 2 after updating B : 4.9667
Iteration number -------- 11  -----------
lambda : 1.05114
max_diff => 0.0624983
performed mixing
Frob norm 1 after updating U: 4.19641
200 iterations
f(b) = 25.9065
Frob norm 2 after updating B : 4.72139
Iteration number -------- 12  -----------
lambda : 1.0564
max_diff => 0.0624882
performed mixing
Frob norm 1 after updating U: 4.1753
200 iterations
f(b) = 24.2183
Frob norm 2 after updating B : 4.53741
Iteration number -------- 13  -----------
lambda : 1.06168
max_diff => 0.0624863
performed mixing
Frob norm 1 after updating U: 4.17022
200 iterations
f(b) = 21.6848
Frob norm 2 after updating B : 4.27713
Iteration number -------- 14  -----------
lambda : 1.06699
max_diff => 0.0730758
performed mixing
Frob norm 1 after updating U: 3.94246
200 iterations
f(b) = 20.7107
Frob norm 2 after updating B : 4.16464
Iteration number -------- 15  -----------
lambda : 1.07232
max_diff => 0.0757883
performed mixing
Frob norm 1 after updating U: 3.9383
200 iterations
f(b) = 20.0952
Frob norm 2 after updating B : 4.08719
Iteration number -------- 16  -----------
lambda : 1.07768
max_diff => 0.0762177
performed mixing
Frob norm 1 after updating U: 3.93766
200 iterations
f(b) = 19.6042
Frob norm 2 after updating B : 4.03604
Iteration number -------- 17  -----------
lambda : 1.08307
max_diff => 0.0838396
performed mixing
Frob norm 1 after updating U: 3.92341
200 iterations
f(b) = 19.2094
Frob norm 2 after updating B : 3.98686
Iteration number -------- 18  -----------
lambda : 1.08849
max_diff => 0.0952701
performed mixing
Frob norm 1 after updating U: 3.89489
200 iterations
f(b) = 18.1769
Frob norm 2 after updating B : 3.87544
Iteration number -------- 19  -----------
lambda : 1.09393
max_diff => 0.0622046
performed mixing
Frob norm 1 after updating U: 3.76627
200 iterations
f(b) = 17.8648
Frob norm 2 after updating B : 3.83715
Iteration number -------- 20  -----------
lambda : 1.0994
max_diff => 0.0621181
performed mixing
Frob norm 1 after updating U: 3.7631
200 iterations
f(b) = 17.687
Frob norm 2 after updating B : 3.81086
Iteration number -------- 21  -----------
lambda : 1.1049
max_diff => 0.0620975
performed mixing
Frob norm 1 after updating U: 3.76246
200 iterations
f(b) = 17.5036
Frob norm 2 after updating B : 3.79309
Iteration number -------- 22  -----------
lambda : 1.11042
max_diff => 0.0617341
performed mixing
Frob norm 1 after updating U: 3.75675
200 iterations
f(b) = 17.4374
Frob norm 2 after updating B : 3.78
Iteration number -------- 23  -----------
lambda : 1.11597
max_diff => 0.0616991
performed mixing
Frob norm 1 after updating U: 3.75614
200 iterations
f(b) = 17.3819
Frob norm 2 after updating B : 3.77146
Iteration number -------- 24  -----------
lambda : 1.12155
max_diff => 0.0616518
performed mixing
Frob norm 1 after updating U: 3.75566
200 iterations
f(b) = 17.2518
Frob norm 2 after updating B : 3.77093
Iteration number -------- 25  -----------
lambda : 1.12716
max_diff => 0.0610853
performed mixing
Frob norm 1 after updating U: 3.74453
200 iterations
f(b) = 17.1951
Frob norm 2 after updating B : 3.76139
Iteration number -------- 26  -----------
lambda : 1.1328
max_diff => 0.0610747
performed mixing
Frob norm 1 after updating U: 3.74418
200 iterations
f(b) = 17.197
Frob norm 2 after updating B : 3.7552
Iteration number -------- 27  -----------
lambda : 1.13846
max_diff => 0.0610674
performed mixing
Frob norm 1 after updating U: 3.74388
200 iterations
f(b) = 17.1863
Frob norm 2 after updating B : 3.75118
Iteration number -------- 28  -----------
lambda : 1.14415
max_diff => 0.0610572
performed mixing
Frob norm 1 after updating U: 3.74367
200 iterations
f(b) = 17.1329
Frob norm 2 after updating B : 3.74819
Iteration number -------- 29  -----------
lambda : 1.14987
max_diff => 0.0610136
performed mixing
Frob norm 1 after updating U: 3.74275
200 iterations
f(b) = 17.0581
Frob norm 2 after updating B : 3.75538
Iteration number -------- 30  -----------
lambda : 1.15562
max_diff => 0.0604029
performed mixing
Frob norm 1 after updating U: 3.73639
200 iterations
f(b) = 17.0598
Frob norm 2 after updating B : 3.74849
Iteration number -------- 31  -----------
lambda : 1.1614
max_diff => 0.0603987
performed mixing
Frob norm 1 after updating U: 3.73624
200 iterations
f(b) = 17.0455
Frob norm 2 after updating B : 3.74416
Iteration number -------- 32  -----------
lambda : 1.16721
max_diff => 0.0603888
performed mixing
Frob norm 1 after updating U: 3.73614
200 iterations
f(b) = 17.0472
Frob norm 2 after updating B : 3.74132
Iteration number -------- 33  -----------
lambda : 1.17304
max_diff => 0.060388
performed mixing
Frob norm 1 after updating U: 3.736
200 iterations
f(b) = 17.0399
Frob norm 2 after updating B : 3.73961
Iteration number -------- 34  -----------
lambda : 1.17891
max_diff => 0.0603811
performed mixing
Frob norm 1 after updating U: 3.73606
200 iterations
f(b) = 17.0406
Frob norm 2 after updating B : 3.73849
Iteration number -------- 35  -----------
lambda : 1.1848
max_diff => 0.0603586
performed mixing
Frob norm 1 after updating U: 3.73601
200 iterations
f(b) = 17.0451
Frob norm 2 after updating B : 3.73779
Iteration number -------- 36  -----------
lambda : 1.19073
max_diff => 0.0603365
performed mixing
Frob norm 1 after updating U: 3.73599
200 iterations
f(b) = 17.055
Frob norm 2 after updating B : 3.73723
Iteration number -------- 37  -----------
lambda : 1.19668
max_diff => 0.0603236
performed mixing
Frob norm 1 after updating U: 3.73595
200 iterations
f(b) = 17.0612
Frob norm 2 after updating B : 3.73697
Iteration number -------- 38  -----------
lambda : 1.20266
max_diff => 0.0603042
performed mixing
Frob norm 1 after updating U: 3.73601
200 iterations
f(b) = 17.0715
Frob norm 2 after updating B : 3.73678
Iteration number -------- 39  -----------
lambda : 1.20868
max_diff => 0.0602847
performed mixing
Frob norm 1 after updating U: 3.73604
200 iterations
f(b) = 16.9205
Frob norm 2 after updating B : 3.74976
Iteration number -------- 40  -----------
lambda : 1.21472
max_diff => 0.0592669
performed mixing
Frob norm 1 after updating U: 3.72822
200 iterations
f(b) = 16.9127
Frob norm 2 after updating B : 3.74247
Iteration number -------- 41  -----------
lambda : 1.22079
max_diff => 0.0592508
performed mixing
Frob norm 1 after updating U: 3.7287
200 iterations
f(b) = 16.8849
Frob norm 2 after updating B : 3.73786
Iteration number -------- 42  -----------
lambda : 1.2269
max_diff => 0.0592307
performed mixing
Frob norm 1 after updating U: 3.72892
200 iterations
f(b) = 16.8842
Frob norm 2 after updating B : 3.73481
Iteration number -------- 43  -----------
lambda : 1.23303
max_diff => 0.0592169
performed mixing
Frob norm 1 after updating U: 3.729
200 iterations
f(b) = 16.8778
Frob norm 2 after updating B : 3.73302
Iteration number -------- 44  -----------
lambda : 1.2392
max_diff => 0.0592029
performed mixing
Frob norm 1 after updating U: 3.7292
200 iterations
f(b) = 16.8684
Frob norm 2 after updating B : 3.73252
Iteration number -------- 45  -----------
lambda : 1.24539
max_diff => 0.0591351
performed mixing
Frob norm 1 after updating U: 3.72961
200 iterations
f(b) = 16.8769
Frob norm 2 after updating B : 3.73148
Iteration number -------- 46  -----------
lambda : 1.25162
max_diff => 0.0591186
performed mixing
Frob norm 1 after updating U: 3.72952
200 iterations
f(b) = 16.8073
Frob norm 2 after updating B : 3.73096
Iteration number -------- 47  -----------
lambda : 1.25788
max_diff => 0.0590434
performed mixing
Frob norm 1 after updating U: 3.72927
200 iterations
f(b) = 16.8844
Frob norm 2 after updating B : 3.73092
Iteration number -------- 48  -----------
lambda : 1.26417
max_diff => 0.0590107
performed mixing
Frob norm 1 after updating U: 3.72965
200 iterations
f(b) = 16.8734
Frob norm 2 after updating B : 3.73154
Iteration number -------- 49  -----------
lambda : 1.27049
max_diff => 0.0589258
performed mixing
Frob norm 1 after updating U: 3.73024
200 iterations
f(b) = 16.8858
Frob norm 2 after updating B : 3.7316
Iteration number -------- 50  -----------
lambda : 1.27684
max_diff => 0.0588921
performed mixing
Frob norm 1 after updating U: 3.73057
200 iterations
f(b) = 16.7422
Frob norm 2 after updating B : 3.76327
Iteration number -------- 51  -----------
lambda : 1.28323
max_diff => 0.0594634
performed mixing
Frob norm 1 after updating U: 3.74157
200 iterations
f(b) = 16.7392
Frob norm 2 after updating B : 3.75547
Iteration number -------- 52  -----------
lambda : 1.28964
max_diff => 0.0595463
performed mixing
Frob norm 1 after updating U: 3.74143
200 iterations
f(b) = 16.7169
Frob norm 2 after updating B : 3.75068
Iteration number -------- 53  -----------
lambda : 1.29609
max_diff => 0.0596008
performed mixing
Frob norm 1 after updating U: 3.74149
200 iterations
f(b) = 16.6648
Frob norm 2 after updating B : 3.74749
Iteration number -------- 54  -----------
lambda : 1.30257
max_diff => 0.0597069
performed mixing
Frob norm 1 after updating U: 3.74133
200 iterations
f(b) = 16.6902
Frob norm 2 after updating B : 3.746
Iteration number -------- 55  -----------
lambda : 1.30908
max_diff => 0.0598202
performed mixing
Frob norm 1 after updating U: 3.74151
200 iterations
f(b) = 16.6838
Frob norm 2 after updating B : 3.74477
Iteration number -------- 56  -----------
lambda : 1.31563
max_diff => 0.0599294
performed mixing
Frob norm 1 after updating U: 3.7416
200 iterations
f(b) = 16.6778
Frob norm 2 after updating B : 3.74415
Iteration number -------- 57  -----------
lambda : 1.32221
max_diff => 0.0600344
performed mixing
Frob norm 1 after updating U: 3.74177
200 iterations
f(b) = 16.4563
Frob norm 2 after updating B : 3.77231
Iteration number -------- 58  -----------
lambda : 1.32882
max_diff => 0.0620903
performed mixing
Frob norm 1 after updating U: 3.74702
200 iterations
f(b) = 16.4601
Frob norm 2 after updating B : 3.73798
Iteration number -------- 59  -----------
lambda : 1.33546
max_diff => 0.0623161
performed mixing
Frob norm 1 after updating U: 3.7056
200 iterations
f(b) = 16.2425
Frob norm 2 after updating B : 3.74648
Iteration number -------- 60  -----------
lambda : 1.34214
max_diff => 0.0616211
performed mixing
Frob norm 1 after updating U: 3.7199
200 iterations
f(b) = 16.2087
Frob norm 2 after updating B : 3.7377
Iteration number -------- 61  -----------
lambda : 1.34885
max_diff => 0.0614851
performed mixing
Frob norm 1 after updating U: 3.71995
200 iterations
f(b) = 16.1353
Frob norm 2 after updating B : 3.72964
Iteration number -------- 62  -----------
lambda : 1.35559
max_diff => 0.0611689
performed mixing
Frob norm 1 after updating U: 3.71717
200 iterations
f(b) = 16.0521
Frob norm 2 after updating B : 3.72403
Iteration number -------- 63  -----------
lambda : 1.36237
max_diff => 0.0609796
performed mixing
Frob norm 1 after updating U: 3.71506
200 iterations
f(b) = 16.0897
Frob norm 2 after updating B : 3.72069
Iteration number -------- 64  -----------
lambda : 1.36918
max_diff => 0.0608707
performed mixing
Frob norm 1 after updating U: 3.71445
200 iterations
f(b) = 16.0651
Frob norm 2 after updating B : 3.7187
Iteration number -------- 65  -----------
lambda : 1.37603
max_diff => 0.0606867
performed mixing
Frob norm 1 after updating U: 3.71372
200 iterations
f(b) = 16.0525
Frob norm 2 after updating B : 3.71666
Iteration number -------- 66  -----------
lambda : 1.38291
max_diff => 0.0606279
performed mixing
Frob norm 1 after updating U: 3.71325
200 iterations
f(b) = 16.0345
Frob norm 2 after updating B : 3.7147
Iteration number -------- 67  -----------
lambda : 1.38982
max_diff => 0.0605536
performed mixing
Frob norm 1 after updating U: 3.71236
200 iterations
f(b) = 16.0592
Frob norm 2 after updating B : 3.71334
Iteration number -------- 68  -----------
lambda : 1.39677
max_diff => 0.0605095
performed mixing
Frob norm 1 after updating U: 3.71175
200 iterations
f(b) = 16.0584
Frob norm 2 after updating B : 3.71202
Iteration number -------- 69  -----------
lambda : 1.40376
max_diff => 0.0604262
performed mixing
Frob norm 1 after updating U: 3.71088
200 iterations
f(b) = 16.0614
Frob norm 2 after updating B : 3.71115
Iteration number -------- 70  -----------
lambda : 1.41078
max_diff => 0.0603803
performed mixing
Frob norm 1 after updating U: 3.71034
200 iterations
f(b) = 16.0146
Frob norm 2 after updating B : 3.70984
Iteration number -------- 71  -----------
lambda : 1.41783
max_diff => 0.0602894
performed mixing
Frob norm 1 after updating U: 3.70921
200 iterations
f(b) = 16.0612
Frob norm 2 after updating B : 3.70817
Iteration number -------- 72  -----------
lambda : 1.42492
max_diff => 0.0601997
performed mixing
Frob norm 1 after updating U: 3.70766
200 iterations
f(b) = 14.1814
Frob norm 2 after updating B : 3.37152
Iteration number -------- 73  -----------
lambda : 1.43204
max_diff => 0.0563462
performed mixing
Frob norm 1 after updating U: 3.22755
200 iterations
f(b) = 12.4305
Frob norm 2 after updating B : 3.32278
Iteration number -------- 74  -----------
lambda : 1.4392
max_diff => 0.0503624
performed mixing
Frob norm 1 after updating U: 3.24105
200 iterations
f(b) = 12.2786
Frob norm 2 after updating B : 3.29397
Iteration number -------- 75  -----------
lambda : 1.4464
max_diff => 0.0503306
performed mixing
Frob norm 1 after updating U: 3.24139
200 iterations
f(b) = 12.1877
Frob norm 2 after updating B : 3.2756
Iteration number -------- 76  -----------
lambda : 1.45363
max_diff => 0.0503348
performed mixing
Frob norm 1 after updating U: 3.24175
200 iterations
f(b) = 12.1146
Frob norm 2 after updating B : 3.26378
Iteration number -------- 77  -----------
lambda : 1.4609
max_diff => 0.0503323
performed mixing
Frob norm 1 after updating U: 3.24195
200 iterations
f(b) = 12.0679
Frob norm 2 after updating B : 3.25628
Iteration number -------- 78  -----------
lambda : 1.46821
max_diff => 0.0503744
performed mixing
Frob norm 1 after updating U: 3.24212
200 iterations
f(b) = 12.0423
Frob norm 2 after updating B : 3.25133
Iteration number -------- 79  -----------
lambda : 1.47555
max_diff => 0.0504389
performed mixing
Frob norm 1 after updating U: 3.24213
200 iterations
f(b) = 12.0238
Frob norm 2 after updating B : 3.24819
Iteration number -------- 80  -----------
lambda : 1.48292
max_diff => 0.0505112
performed mixing
Frob norm 1 after updating U: 3.24213
200 iterations
f(b) = 12.0013
Frob norm 2 after updating B : 3.24633
Iteration number -------- 81  -----------
lambda : 1.49034
max_diff => 0.0506825
performed mixing
Frob norm 1 after updating U: 3.24218
200 iterations
f(b) = 12.0041
Frob norm 2 after updating B : 3.24521
Iteration number -------- 82  -----------
lambda : 1.49779
max_diff => 0.0507615
performed mixing
Frob norm 1 after updating U: 3.2424
200 iterations
f(b) = 11.9952
Frob norm 2 after updating B : 3.24433
Iteration number -------- 83  -----------
lambda : 1.50528
max_diff => 0.0508125
performed mixing
Frob norm 1 after updating U: 3.24246
200 iterations
f(b) = 11.9952
Frob norm 2 after updating B : 3.2433
Iteration number -------- 84  -----------
lambda : 1.51281
max_diff => 0.0509089
performed mixing
Frob norm 1 after updating U: 3.24204
200 iterations
f(b) = 11.9939
Frob norm 2 after updating B : 3.24263
Iteration number -------- 85  -----------
lambda : 1.52037
max_diff => 0.0510335
performed mixing
Frob norm 1 after updating U: 3.24175
200 iterations
f(b) = 12.0028
Frob norm 2 after updating B : 3.24218
Iteration number -------- 86  -----------
lambda : 1.52797
max_diff => 0.0510903
performed mixing
Frob norm 1 after updating U: 3.24159
200 iterations
f(b) = 12.0083
Frob norm 2 after updating B : 3.24176
Iteration number -------- 87  -----------
lambda : 1.53561
max_diff => 0.0511802
performed mixing
Frob norm 1 after updating U: 3.24134
200 iterations
f(b) = 12.0042
Frob norm 2 after updating B : 3.24152
Iteration number -------- 88  -----------
lambda : 1.54329
max_diff => 0.051267
performed mixing
Frob norm 1 after updating U: 3.24121
200 iterations
f(b) = 12.0109
Frob norm 2 after updating B : 3.24115
Iteration number -------- 89  -----------
lambda : 1.55101
max_diff => 0.0513816
performed mixing
Frob norm 1 after updating U: 3.24092
200 iterations
f(b) = 11.7968
Frob norm 2 after updating B : 3.23564
Iteration number -------- 90  -----------
lambda : 1.55876
max_diff => 0.0570019
performed mixing
Frob norm 1 after updating U: 3.23068
200 iterations
f(b) = 11.8635
Frob norm 2 after updating B : 3.23344
Iteration number -------- 91  -----------
lambda : 1.56655
max_diff => 0.0571218
performed mixing
Frob norm 1 after updating U: 3.23017
200 iterations
f(b) = 11.8623
Frob norm 2 after updating B : 3.23198
Iteration number -------- 92  -----------
lambda : 1.57439
max_diff => 0.0572174
performed mixing
Frob norm 1 after updating U: 3.22982
200 iterations
f(b) = 11.8595
Frob norm 2 after updating B : 3.23062
Iteration number -------- 93  -----------
lambda : 1.58226
max_diff => 0.0573519
performed mixing
Frob norm 1 after updating U: 3.22916
200 iterations
f(b) = 11.8627
Frob norm 2 after updating B : 3.22973
Iteration number -------- 94  -----------
lambda : 1.59017
max_diff => 0.057496
performed mixing
Frob norm 1 after updating U: 3.22874
200 iterations
f(b) = 11.8641
Frob norm 2 after updating B : 3.22866
Iteration number -------- 95  -----------
lambda : 1.59812
max_diff => 0.0576613
performed mixing
Frob norm 1 after updating U: 3.22795
200 iterations
f(b) = 11.8683
Frob norm 2 after updating B : 3.22795
Iteration number -------- 96  -----------
lambda : 1.60611
max_diff => 0.0577574
performed mixing
Frob norm 1 after updating U: 3.22747
200 iterations
f(b) = 11.8751
Frob norm 2 after updating B : 3.22723
Iteration number -------- 97  -----------
lambda : 1.61414
max_diff => 0.0578631
performed mixing
Frob norm 1 after updating U: 3.2269
200 iterations
f(b) = 11.8757
Frob norm 2 after updating B : 3.22662
Iteration number -------- 98  -----------
lambda : 1.62221
max_diff => 0.0579599
performed mixing
Frob norm 1 after updating U: 3.22639
200 iterations
f(b) = 11.8813
Frob norm 2 after updating B : 3.22571
Iteration number -------- 99  -----------
lambda : 1.63032
max_diff => 0.0581041
performed mixing
Frob norm 1 after updating U: 3.22554
200 iterations
f(b) = 11.8834
Frob norm 2 after updating B : 3.22484
Iteration number -------- 100  -----------
lambda : 1.63848
max_diff => 0.0582466
