Academic license - for non-commercial use only
Frob norm 1 after updating U: 11.975
200 iterations
f(b) = 76.945
Frob norm 2 after updating B : 8.35226
Iteration number -------- 1  -----------
lambda : 1
max_diff => 0.102896
performed mixing
Frob norm 1 after updating U: 8.05939
200 iterations
f(b) = 75.0148
Frob norm 2 after updating B : 8.24782
Iteration number -------- 2  -----------
lambda : 1.005
max_diff => 0.102315
performed mixing
Frob norm 1 after updating U: 7.96763
200 iterations
f(b) = 73.2691
Frob norm 2 after updating B : 8.14369
Iteration number -------- 3  -----------
lambda : 1.01002
max_diff => 0.101112
performed mixing
Frob norm 1 after updating U: 7.89465
200 iterations
f(b) = 71.7853
Frob norm 2 after updating B : 8.04953
Iteration number -------- 4  -----------
lambda : 1.01508
max_diff => 0.100165
performed mixing
Frob norm 1 after updating U: 7.84335
200 iterations
f(b) = 70.5394
Frob norm 2 after updating B : 7.96808
Iteration number -------- 5  -----------
lambda : 1.02015
max_diff => 0.0986261
performed mixing
Frob norm 1 after updating U: 7.79538
200 iterations
f(b) = 68.2946
Frob norm 2 after updating B : 7.82582
Iteration number -------- 6  -----------
lambda : 1.02525
max_diff => 0.0794153
performed mixing
Frob norm 1 after updating U: 7.60276
200 iterations
f(b) = 67.1277
Frob norm 2 after updating B : 7.74731
Iteration number -------- 7  -----------
lambda : 1.03038
max_diff => 0.0786487
performed mixing
Frob norm 1 after updating U: 7.59889
200 iterations
f(b) = 66.215
Frob norm 2 after updating B : 7.68512
Iteration number -------- 8  -----------
lambda : 1.03553
max_diff => 0.0768574
performed mixing
Frob norm 1 after updating U: 7.55633
200 iterations
f(b) = 65.5367
Frob norm 2 after updating B : 7.63727
Iteration number -------- 9  -----------
lambda : 1.04071
max_diff => 0.0781594
performed mixing
Frob norm 1 after updating U: 7.54211
200 iterations
f(b) = 64.9936
Frob norm 2 after updating B : 7.59907
Iteration number -------- 10  -----------
lambda : 1.04591
max_diff => 0.0795482
performed mixing
Frob norm 1 after updating U: 7.51874
200 iterations
f(b) = 64.5724
Frob norm 2 after updating B : 7.56909
Iteration number -------- 11  -----------
lambda : 1.05114
max_diff => 0.0811649
performed mixing
Frob norm 1 after updating U: 7.50723
200 iterations
f(b) = 64.2415
Frob norm 2 after updating B : 7.54501
Iteration number -------- 12  -----------
lambda : 1.0564
max_diff => 0.0809502
performed mixing
Frob norm 1 after updating U: 7.49331
200 iterations
f(b) = 63.9719
Frob norm 2 after updating B : 7.52545
Iteration number -------- 13  -----------
lambda : 1.06168
max_diff => 0.0824885
performed mixing
Frob norm 1 after updating U: 7.48375
200 iterations
f(b) = 63.7617
Frob norm 2 after updating B : 7.50978
Iteration number -------- 14  -----------
lambda : 1.06699
max_diff => 0.0825346
performed mixing
Frob norm 1 after updating U: 7.47468
200 iterations
f(b) = 63.5976
Frob norm 2 after updating B : 7.49636
Iteration number -------- 15  -----------
lambda : 1.07232
max_diff => 0.0829432
performed mixing
Frob norm 1 after updating U: 7.46971
200 iterations
f(b) = 63.483
Frob norm 2 after updating B : 7.48467
Iteration number -------- 16  -----------
lambda : 1.07768
max_diff => 0.0831333
performed mixing
Frob norm 1 after updating U: 7.46232
200 iterations
f(b) = 63.3554
Frob norm 2 after updating B : 7.47469
Iteration number -------- 17  -----------
lambda : 1.08307
max_diff => 0.0830386
performed mixing
Frob norm 1 after updating U: 7.45214
200 iterations
f(b) = 63.3015
Frob norm 2 after updating B : 7.46658
Iteration number -------- 18  -----------
lambda : 1.08849
max_diff => 0.0830131
performed mixing
Frob norm 1 after updating U: 7.45178
200 iterations
f(b) = 63.2144
Frob norm 2 after updating B : 7.45846
Iteration number -------- 19  -----------
lambda : 1.09393
max_diff => 0.082682
performed mixing
Frob norm 1 after updating U: 7.44062
200 iterations
f(b) = 63.1536
Frob norm 2 after updating B : 7.45137
Iteration number -------- 20  -----------
lambda : 1.0994
max_diff => 0.0825634
performed mixing
Frob norm 1 after updating U: 7.43814
200 iterations
f(b) = 63.0851
Frob norm 2 after updating B : 7.44379
Iteration number -------- 21  -----------
lambda : 1.1049
max_diff => 0.0823801
performed mixing
Frob norm 1 after updating U: 7.42717
200 iterations
f(b) = 63.035
Frob norm 2 after updating B : 7.43726
Iteration number -------- 22  -----------
lambda : 1.11042
max_diff => 0.0823501
performed mixing
Frob norm 1 after updating U: 7.4241
200 iterations
f(b) = 62.9598
Frob norm 2 after updating B : 7.43076
Iteration number -------- 23  -----------
lambda : 1.11597
max_diff => 0.0810536
performed mixing
Frob norm 1 after updating U: 7.41231
200 iterations
f(b) = 62.89
Frob norm 2 after updating B : 7.42266
Iteration number -------- 24  -----------
lambda : 1.12155
max_diff => 0.0805822
performed mixing
Frob norm 1 after updating U: 7.40697
200 iterations
f(b) = 62.8312
Frob norm 2 after updating B : 7.41578
Iteration number -------- 25  -----------
lambda : 1.12716
max_diff => 0.0806202
performed mixing
Frob norm 1 after updating U: 7.39993
200 iterations
f(b) = 62.7452
Frob norm 2 after updating B : 7.40889
Iteration number -------- 26  -----------
lambda : 1.1328
max_diff => 0.0776293
performed mixing
Frob norm 1 after updating U: 7.38796
200 iterations
f(b) = 62.6482
Frob norm 2 after updating B : 7.39951
Iteration number -------- 27  -----------
lambda : 1.13846
max_diff => 0.0792106
performed mixing
Frob norm 1 after updating U: 7.38213
200 iterations
f(b) = 62.528
Frob norm 2 after updating B : 7.39063
Iteration number -------- 28  -----------
lambda : 1.14415
max_diff => 0.0824134
performed mixing
Frob norm 1 after updating U: 7.36254
200 iterations
f(b) = 62.3816
Frob norm 2 after updating B : 7.37952
Iteration number -------- 29  -----------
lambda : 1.14987
max_diff => 0.0851255
performed mixing
Frob norm 1 after updating U: 7.35101
200 iterations
f(b) = 62.1971
Frob norm 2 after updating B : 7.36734
Iteration number -------- 30  -----------
lambda : 1.15562
max_diff => 0.089416
performed mixing
Frob norm 1 after updating U: 7.32489
200 iterations
f(b) = 62.0346
Frob norm 2 after updating B : 7.35192
Iteration number -------- 31  -----------
lambda : 1.1614
max_diff => 0.0895561
performed mixing
Frob norm 1 after updating U: 7.32404
200 iterations
f(b) = 61.7635
Frob norm 2 after updating B : 7.33733
Iteration number -------- 32  -----------
lambda : 1.16721
max_diff => 0.095504
performed mixing
Frob norm 1 after updating U: 7.28903
200 iterations
f(b) = 61.5074
Frob norm 2 after updating B : 7.3178
Iteration number -------- 33  -----------
lambda : 1.17304
max_diff => 0.0935577
performed mixing
Frob norm 1 after updating U: 7.2697
200 iterations
f(b) = 61.1417
Frob norm 2 after updating B : 7.29657
Iteration number -------- 34  -----------
lambda : 1.17891
max_diff => 0.0979964
performed mixing
Frob norm 1 after updating U: 7.2228
200 iterations
f(b) = 58.7071
Frob norm 2 after updating B : 7.11183
Iteration number -------- 35  -----------
lambda : 1.1848
max_diff => 0.100244
performed mixing
Frob norm 1 after updating U: 6.84759
200 iterations
f(b) = 53.5842
Frob norm 2 after updating B : 6.78089
Iteration number -------- 36  -----------
lambda : 1.19073
max_diff => 0.146626
performed mixing
Frob norm 1 after updating U: 5.93539
200 iterations
f(b) = 46.2767
Frob norm 2 after updating B : 6.21412
Iteration number -------- 37  -----------
lambda : 1.19668
max_diff => 0.123727
performed mixing
Frob norm 1 after updating U: 4.60413
200 iterations
f(b) = 34.9428
Frob norm 2 after updating B : 5.34302
Iteration number -------- 38  -----------
lambda : 1.20266
max_diff => 0.114468
performed mixing
Frob norm 1 after updating U: 2.62753
200 iterations
f(b) = 25.6847
Frob norm 2 after updating B : 4.51726
Iteration number -------- 39  -----------
lambda : 1.20868
max_diff => 0.0673005
performed mixing
Frob norm 1 after updating U: 1.5918
200 iterations
f(b) = 19.6714
Frob norm 2 after updating B : 3.83428
Iteration number -------- 40  -----------
lambda : 1.21472
max_diff => 0.0515524
performed mixing
Frob norm 1 after updating U: 1.23909
200 iterations
f(b) = 15.2646
Frob norm 2 after updating B : 3.26074
Iteration number -------- 41  -----------
lambda : 1.22079
max_diff => 0.0421941
performed mixing
Frob norm 1 after updating U: 0.987505
200 iterations
f(b) = 11.9856
Frob norm 2 after updating B : 2.78643
Iteration number -------- 42  -----------
lambda : 1.2269
max_diff => 0.036977
performed mixing
Frob norm 1 after updating U: 0.822527
200 iterations
f(b) = 9.50507
Frob norm 2 after updating B : 2.42369
Iteration number -------- 43  -----------
lambda : 1.23303
max_diff => 0.0297404
performed mixing
Frob norm 1 after updating U: 0.643186
200 iterations
f(b) = 7.5269
Frob norm 2 after updating B : 2.16308
Iteration number -------- 44  -----------
lambda : 1.2392
max_diff => 0.0234134
performed mixing
Frob norm 1 after updating U: 0.500484
200 iterations
f(b) = 5.91277
Frob norm 2 after updating B : 1.89741
Iteration number -------- 45  -----------
lambda : 1.24539
max_diff => 0.0169173
performed mixing
Frob norm 1 after updating U: 0.408303
200 iterations
f(b) = 4.75137
Frob norm 2 after updating B : 1.55131
Iteration number -------- 46  -----------
lambda : 1.25162
max_diff => 0.0168026
performed mixing
Frob norm 1 after updating U: 0.407099
200 iterations
f(b) = 3.66768
Frob norm 2 after updating B : 1.54381
Iteration number -------- 47  -----------
lambda : 1.25788
max_diff => 0.00913277
performed mixing
Frob norm 1 after updating U: 0.297258
200 iterations
f(b) = 2.89386
Frob norm 2 after updating B : 1.25848
Iteration number -------- 48  -----------
lambda : 1.26417
max_diff => 0.00900413
performed mixing
Frob norm 1 after updating U: 0.294602
200 iterations
f(b) = 2.1066
Frob norm 2 after updating B : 1.26672
Iteration number -------- 49  -----------
lambda : 1.27049
max_diff => 0.00236866
performed mixing
Frob norm 1 after updating U: 0.136471
200 iterations
f(b) = 1.56249
Frob norm 2 after updating B : 1.03341
Iteration number -------- 50  -----------
lambda : 1.27684
max_diff => 0.00219355
performed mixing
Frob norm 1 after updating U: 0.126413
200 iterations
f(b) = 1.00788
Frob norm 2 after updating B : 0.97209
Iteration number -------- 51  -----------
lambda : 1.28323
max_diff => 0.00019028
performed mixing
Frob norm 1 after updating U: 0.0287366
200 iterations
f(b) = 0.689058
Frob norm 2 after updating B : 0.792482
Iteration number -------- 52  -----------
lambda : 1.28964
max_diff => 6.66578e-05
performed mixing
Frob norm 1 after updating U: 0.0143337
200 iterations
f(b) = 0.467101
Frob norm 2 after updating B : 0.634771
Iteration number -------- 53  -----------
lambda : 1.29609
max_diff => 5.3732e-05
performed mixing
Frob norm 1 after updating U: 0.0133805
200 iterations
f(b) = 0.320075
Frob norm 2 after updating B : 0.509019
Iteration number -------- 54  -----------
lambda : 1.30257
max_diff => 2.89596e-05
performed mixing
Frob norm 1 after updating U: 0.0115673
200 iterations
f(b) = 0.228044
Frob norm 2 after updating B : 0.407794
Iteration number -------- 55  -----------
lambda : 1.30908
max_diff => 2.07317e-05
performed mixing
Frob norm 1 after updating U: 0.0110236
200 iterations
f(b) = 0.165992
Frob norm 2 after updating B : 0.327564
Iteration number -------- 56  -----------
lambda : 1.31563
max_diff => 5.85327e-06
performed mixing
Frob norm 1 after updating U: 0.0106994
200 iterations
f(b) = 0.124887
Frob norm 2 after updating B : 0.263564
Iteration number -------- 57  -----------
lambda : 1.32221
max_diff => 4.999e-08
performed mixing
Frob norm 1 after updating U: 0.0119669
200 iterations
f(b) = 0.10044
Frob norm 2 after updating B : 0.211002
Iteration number -------- 58  -----------
lambda : 1.32882
max_diff => 5.01756e-08
performed mixing
Frob norm 1 after updating U: 0.011924
200 iterations
f(b) = 0.0834404
Frob norm 2 after updating B : 0.169161
Iteration number -------- 59  -----------
lambda : 1.33546
max_diff => 4.999e-08
performed mixing
Frob norm 1 after updating U: 0.0119469
200 iterations
f(b) = 0.0743481
Frob norm 2 after updating B : 0.135574
Iteration number -------- 60  -----------
lambda : 1.34214
max_diff => 4.999e-08
performed mixing
Frob norm 1 after updating U: 0.0119839
200 iterations
f(b) = 0.068544
Frob norm 2 after updating B : 0.10863
Iteration number -------- 61  -----------
lambda : 1.34885
max_diff => 4.999e-08
performed mixing
Frob norm 1 after updating U: 0.0118879
200 iterations
f(b) = 0.0604701
Frob norm 2 after updating B : 0.0875622
Iteration number -------- 62  -----------
lambda : 1.35559
max_diff => 4.999e-08
performed mixing
Frob norm 1 after updating U: 0.0119717
200 iterations
f(b) = 0.0592101
Frob norm 2 after updating B : 0.07042
Iteration number -------- 63  -----------
lambda : 1.36237
max_diff => 4.999e-08
performed mixing
Frob norm 1 after updating U: 0.0119444
200 iterations
f(b) = 0.0587564
Frob norm 2 after updating B : 0.0570354
Iteration number -------- 64  -----------
lambda : 1.36918
max_diff => 4.999e-08
performed mixing
Frob norm 1 after updating U: 0.0119205
200 iterations
f(b) = 0.0253962
Frob norm 2 after updating B : 0.0463542
Iteration number -------- 65  -----------
lambda : 1.37603
max_diff => 4.999e-08
performed mixing
Frob norm 1 after updating U: 0.0118485
200 iterations
f(b) = 0.0544633
Frob norm 2 after updating B : 0.0376873
Iteration number -------- 66  -----------
lambda : 1.38291
max_diff => 4.999e-08
performed mixing
Frob norm 1 after updating U: 0.0118865
200 iterations
f(b) = 0.0216277
Frob norm 2 after updating B : 0.0311622
Iteration number -------- 67  -----------
lambda : 1.38982
max_diff => 4.999e-08
performed mixing
Frob norm 1 after updating U: 0.0119236
200 iterations
f(b) = 0.0266507
Frob norm 2 after updating B : 0.0259385
Iteration number -------- 68  -----------
lambda : 1.39677
max_diff => 4.999e-08
performed mixing
Frob norm 1 after updating U: 0.0117808
200 iterations
f(b) = 0.022755
Frob norm 2 after updating B : 0.0220432
Iteration number -------- 69  -----------
lambda : 1.40376
max_diff => 4.999e-08
performed mixing
Frob norm 1 after updating U: 0.0118943
200 iterations
f(b) = 0.0193978
Frob norm 2 after updating B : 0.0191276
Iteration number -------- 70  -----------
lambda : 1.41078
max_diff => 4.999e-08
performed mixing
Frob norm 1 after updating U: 0.0118312
200 iterations
f(b) = 0.0201659
Frob norm 2 after updating B : 0.0169991
Iteration number -------- 71  -----------
lambda : 1.41783
max_diff => 4.999e-08
performed mixing
Frob norm 1 after updating U: 0.0119022
200 iterations
f(b) = 0.0200947
Frob norm 2 after updating B : 0.01523
Iteration number -------- 72  -----------
lambda : 1.42492
max_diff => 4.999e-08
performed mixing
Frob norm 1 after updating U: 0.0117261
200 iterations
f(b) = 0.0178343
Frob norm 2 after updating B : 0.0142688
Iteration number -------- 73  -----------
lambda : 1.43204
max_diff => 4.999e-08
performed mixing
Frob norm 1 after updating U: 0.011814
200 iterations
f(b) = 0.0186461
Frob norm 2 after updating B : 0.0133878
Iteration number -------- 74  -----------
lambda : 1.4392
max_diff => 4.999e-08
performed mixing
Frob norm 1 after updating U: 0.0117917
200 iterations
f(b) = 0.0174529
Frob norm 2 after updating B : 0.0129655
Iteration number -------- 75  -----------
lambda : 1.4464
max_diff => 4.999e-08
performed mixing
Frob norm 1 after updating U: 0.0117828
200 iterations
f(b) = 0.0168802
Frob norm 2 after updating B : 0.0125358
Iteration number -------- 76  -----------
lambda : 1.45363
max_diff => 4.999e-08
performed mixing
Frob norm 1 after updating U: 0.0117369
200 iterations
f(b) = 0.0169515
Frob norm 2 after updating B : 0.0121703
Iteration number -------- 77  -----------
lambda : 1.4609
max_diff => 4.999e-08
performed mixing
Frob norm 1 after updating U: 0.0117103
200 iterations
f(b) = 0.0157346
Frob norm 2 after updating B : 0.0121614
Iteration number -------- 78  -----------
lambda : 1.46821
max_diff => 4.999e-08
performed mixing
Frob norm 1 after updating U: 0.0117805
200 iterations
f(b) = 0.0173289
Frob norm 2 after updating B : 0.0119405
Iteration number -------- 79  -----------
lambda : 1.47555
max_diff => 4.999e-08
performed mixing
Frob norm 1 after updating U: 0.0116799
200 iterations
f(b) = 0.0157928
Frob norm 2 after updating B : 0.0119206
Iteration number -------- 80  -----------
lambda : 1.48292
max_diff => 4.999e-08
performed mixing
Frob norm 1 after updating U: 0.0117512
200 iterations
f(b) = 0.0174476
Frob norm 2 after updating B : 0.0118377
Iteration number -------- 81  -----------
lambda : 1.49034
max_diff => 4.999e-08
performed mixing
Frob norm 1 after updating U: 0.0117015
200 iterations
f(b) = 0.0141525
Frob norm 2 after updating B : 0.0118949
Iteration number -------- 82  -----------
lambda : 1.49779
max_diff => 4.999e-08
performed mixing
Frob norm 1 after updating U: 0.0118055
200 iterations
f(b) = 0.0141816
Frob norm 2 after updating B : 0.0118729
Iteration number -------- 83  -----------
lambda : 1.50528
max_diff => 4.999e-08
performed mixing
Frob norm 1 after updating U: 0.0118025
200 iterations
f(b) = 0.0154668
Frob norm 2 after updating B : 0.0118112
Iteration number -------- 84  -----------
lambda : 1.51281
max_diff => 4.999e-08
performed mixing
Frob norm 1 after updating U: 0.0117517
200 iterations
f(b) = 0.0172686
Frob norm 2 after updating B : 0.0117535
Iteration number -------- 85  -----------
lambda : 1.52037
max_diff => 4.999e-08
performed mixing
Frob norm 1 after updating U: 0.0117188
200 iterations
f(b) = 0.015863
Frob norm 2 after updating B : 0.0117648
Iteration number -------- 86  -----------
lambda : 1.52797
max_diff => 4.999e-08
performed mixing
Frob norm 1 after updating U: 0.0117378
200 iterations
f(b) = 0.0126802
Frob norm 2 after updating B : 0.0117848
Iteration number -------- 87  -----------
lambda : 1.53561
max_diff => 4.999e-08
performed mixing
Frob norm 1 after updating U: 0.0117528
200 iterations
f(b) = 0.0160085
Frob norm 2 after updating B : 0.0117594
Iteration number -------- 88  -----------
lambda : 1.54329
max_diff => 4.999e-08
performed mixing
Frob norm 1 after updating U: 0.0117376
200 iterations
f(b) = 0.0184312
Frob norm 2 after updating B : 0.0117389
Iteration number -------- 89  -----------
lambda : 1.55101
max_diff => 4.999e-08
performed mixing
Frob norm 1 after updating U: 0.0117248
200 iterations
f(b) = 0.0168139
Frob norm 2 after updating B : 0.0117501
Iteration number -------- 90  -----------
lambda : 1.55876
max_diff => 4.999e-08
performed mixing
Frob norm 1 after updating U: 0.0117393
200 iterations
f(b) = 0.0148337
Frob norm 2 after updating B : 0.0117938
Iteration number -------- 91  -----------
lambda : 1.56655
max_diff => 4.999e-08
performed mixing
Frob norm 1 after updating U: 0.0117705
200 iterations
f(b) = 0.0156385
Frob norm 2 after updating B : 0.0116855
Iteration number -------- 92  -----------
lambda : 1.57439
max_diff => 4.999e-08
performed mixing
Frob norm 1 after updating U: 0.0116841
200 iterations
f(b) = 0.0179339
Frob norm 2 after updating B : 0.0117006
Iteration number -------- 93  -----------
lambda : 1.58226
max_diff => 4.999e-08
performed mixing
Frob norm 1 after updating U: 0.0116985
200 iterations
f(b) = 0.0138936
Frob norm 2 after updating B : 0.0116758
Iteration number -------- 94  -----------
lambda : 1.59017
max_diff => 4.999e-08
performed mixing
Frob norm 1 after updating U: 0.0116723
200 iterations
f(b) = 0.017166
Frob norm 2 after updating B : 0.0115949
Iteration number -------- 95  -----------
lambda : 1.59812
max_diff => 4.999e-08
performed mixing
Frob norm 1 after updating U: 0.0115986
200 iterations
f(b) = 0.0169122
Frob norm 2 after updating B : 0.0117304
Iteration number -------- 96  -----------
lambda : 1.60611
max_diff => 4.999e-08
performed mixing
Frob norm 1 after updating U: 0.0117299
200 iterations
f(b) = 0.0169245
Frob norm 2 after updating B : 0.0118224
Iteration number -------- 97  -----------
lambda : 1.61414
max_diff => 4.999e-08
performed mixing
Frob norm 1 after updating U: 0.0118113
200 iterations
f(b) = 0.0201031
Frob norm 2 after updating B : 0.0116201
Iteration number -------- 98  -----------
lambda : 1.62221
max_diff => 4.999e-08
performed mixing
Frob norm 1 after updating U: 0.0116224
200 iterations
f(b) = 0.0163012
Frob norm 2 after updating B : 0.0116721
Iteration number -------- 99  -----------
lambda : 1.63032
max_diff => 4.999e-08
performed mixing
Frob norm 1 after updating U: 0.0116728
200 iterations
f(b) = 0.0192906
Frob norm 2 after updating B : 0.0116076
Iteration number -------- 100  -----------
lambda : 1.63848
max_diff => 4.999e-08
