Academic license - for non-commercial use only
Frob norm 1 after updating U: 11.9697
200 iterations
f(b) = 65.703
Frob norm 2 after updating B : 7.47018
Iteration number -------- 1  -----------
lambda : 1
max_diff => 0.160739
performed mixing
Frob norm 1 after updating U: 6.31214
200 iterations
f(b) = 59.3071
Frob norm 2 after updating B : 7.04811
Iteration number -------- 2  -----------
lambda : 1.005
max_diff => 0.151383
performed mixing
Frob norm 1 after updating U: 5.91098
200 iterations
f(b) = 52.3514
Frob norm 2 after updating B : 6.57614
Iteration number -------- 3  -----------
lambda : 1.01002
max_diff => 0.138434
performed mixing
Frob norm 1 after updating U: 5.34955
200 iterations
f(b) = 46.5951
Frob norm 2 after updating B : 6.16074
Iteration number -------- 4  -----------
lambda : 1.01508
max_diff => 0.123402
performed mixing
Frob norm 1 after updating U: 5.06327
200 iterations
f(b) = 41.6748
Frob norm 2 after updating B : 5.79409
Iteration number -------- 5  -----------
lambda : 1.02015
max_diff => 0.104996
performed mixing
Frob norm 1 after updating U: 4.78883
200 iterations
f(b) = 32.0686
Frob norm 2 after updating B : 4.9817
Iteration number -------- 6  -----------
lambda : 1.02525
max_diff => 0.0808908
performed mixing
Frob norm 1 after updating U: 2.59457
200 iterations
f(b) = 24.9376
Frob norm 2 after updating B : 4.31186
Iteration number -------- 7  -----------
lambda : 1.03038
max_diff => 0.0538163
performed mixing
Frob norm 1 after updating U: 2.10509
200 iterations
f(b) = 19.5396
Frob norm 2 after updating B : 3.71697
Iteration number -------- 8  -----------
lambda : 1.03553
max_diff => 0.0670391
performed mixing
Frob norm 1 after updating U: 1.71531
200 iterations
f(b) = 15.5753
Frob norm 2 after updating B : 3.20767
Iteration number -------- 9  -----------
lambda : 1.04071
max_diff => 0.0626608
performed mixing
Frob norm 1 after updating U: 1.50673
200 iterations
f(b) = 12.59
Frob norm 2 after updating B : 2.7949
Iteration number -------- 10  -----------
lambda : 1.04591
max_diff => 0.0561267
performed mixing
Frob norm 1 after updating U: 1.27546
200 iterations
f(b) = 10.2768
Frob norm 2 after updating B : 2.47606
Iteration number -------- 11  -----------
lambda : 1.05114
max_diff => 0.0444527
performed mixing
Frob norm 1 after updating U: 1.03947
200 iterations
f(b) = 8.39966
Frob norm 2 after updating B : 2.19505
Iteration number -------- 12  -----------
lambda : 1.0564
max_diff => 0.0329387
performed mixing
Frob norm 1 after updating U: 0.870488
200 iterations
f(b) = 6.95018
Frob norm 2 after updating B : 1.84665
Iteration number -------- 13  -----------
lambda : 1.06168
max_diff => 0.0319293
performed mixing
Frob norm 1 after updating U: 0.856062
200 iterations
f(b) = 5.72617
Frob norm 2 after updating B : 1.79978
Iteration number -------- 14  -----------
lambda : 1.06699
max_diff => 0.0195965
performed mixing
Frob norm 1 after updating U: 0.584135
200 iterations
f(b) = 4.61477
Frob norm 2 after updating B : 1.62666
Iteration number -------- 15  -----------
lambda : 1.07232
max_diff => 0.0155477
performed mixing
Frob norm 1 after updating U: 0.49477
200 iterations
f(b) = 3.68063
Frob norm 2 after updating B : 1.48752
Iteration number -------- 16  -----------
lambda : 1.07768
max_diff => 0.0116786
performed mixing
Frob norm 1 after updating U: 0.384542
200 iterations
f(b) = 2.95326
Frob norm 2 after updating B : 1.22067
Iteration number -------- 17  -----------
lambda : 1.08307
max_diff => 0.0115034
performed mixing
Frob norm 1 after updating U: 0.381866
200 iterations
f(b) = 2.31584
Frob norm 2 after updating B : 1.21068
Iteration number -------- 18  -----------
lambda : 1.08849
max_diff => 0.00524881
performed mixing
Frob norm 1 after updating U: 0.229289
200 iterations
f(b) = 1.83803
Frob norm 2 after updating B : 0.983336
Iteration number -------- 19  -----------
lambda : 1.09393
max_diff => 0.00518014
performed mixing
Frob norm 1 after updating U: 0.227629
200 iterations
f(b) = 1.37525
Frob norm 2 after updating B : 0.971014
Iteration number -------- 20  -----------
lambda : 1.0994
max_diff => 0.00161614
performed mixing
Frob norm 1 after updating U: 0.120738
200 iterations
f(b) = 1.06112
Frob norm 2 after updating B : 0.789543
Iteration number -------- 21  -----------
lambda : 1.1049
max_diff => 0.00152312
performed mixing
Frob norm 1 after updating U: 0.114876
200 iterations
f(b) = 0.688633
Frob norm 2 after updating B : 0.800608
Iteration number -------- 22  -----------
lambda : 1.11042
max_diff => 7.02658e-05
performed mixing
Frob norm 1 after updating U: 0.0246875
200 iterations
f(b) = 0.487401
Frob norm 2 after updating B : 0.645842
Iteration number -------- 23  -----------
lambda : 1.11597
max_diff => 5.30203e-05
performed mixing
Frob norm 1 after updating U: 0.0221871
200 iterations
f(b) = 0.330902
Frob norm 2 after updating B : 0.523282
Iteration number -------- 24  -----------
lambda : 1.12155
max_diff => 2.03432e-05
performed mixing
Frob norm 1 after updating U: 0.0155408
200 iterations
f(b) = 0.228773
Frob norm 2 after updating B : 0.423098
Iteration number -------- 25  -----------
lambda : 1.12716
max_diff => 7.04398e-06
performed mixing
Frob norm 1 after updating U: 0.0130132
200 iterations
f(b) = 0.162856
Frob norm 2 after updating B : 0.340323
Iteration number -------- 26  -----------
lambda : 1.1328
max_diff => 1.47258e-07
performed mixing
Frob norm 1 after updating U: 0.0119505
200 iterations
f(b) = 0.123341
Frob norm 2 after updating B : 0.272332
Iteration number -------- 27  -----------
lambda : 1.13846
max_diff => 4.999e-08
performed mixing
Frob norm 1 after updating U: 0.0118567
200 iterations
f(b) = 0.100717
Frob norm 2 after updating B : 0.217996
Iteration number -------- 28  -----------
lambda : 1.14415
max_diff => 4.999e-08
performed mixing
Frob norm 1 after updating U: 0.0118503
200 iterations
f(b) = 0.077284
Frob norm 2 after updating B : 0.174711
Iteration number -------- 29  -----------
lambda : 1.14987
max_diff => 4.999e-08
performed mixing
Frob norm 1 after updating U: 0.0118866
200 iterations
f(b) = 0.0670885
Frob norm 2 after updating B : 0.139932
Iteration number -------- 30  -----------
lambda : 1.15562
max_diff => 4.999e-08
performed mixing
Frob norm 1 after updating U: 0.011779
200 iterations
f(b) = 0.0591147
Frob norm 2 after updating B : 0.112219
Iteration number -------- 31  -----------
lambda : 1.1614
max_diff => 4.999e-08
performed mixing
Frob norm 1 after updating U: 0.0118422
200 iterations
f(b) = 0.0547333
Frob norm 2 after updating B : 0.090075
Iteration number -------- 32  -----------
lambda : 1.16721
max_diff => 4.999e-08
performed mixing
Frob norm 1 after updating U: 0.0117654
200 iterations
f(b) = 0.049067
Frob norm 2 after updating B : 0.0725847
Iteration number -------- 33  -----------
lambda : 1.17304
max_diff => 4.999e-08
performed mixing
Frob norm 1 after updating U: 0.011757
200 iterations
f(b) = 0.0474596
Frob norm 2 after updating B : 0.0586771
Iteration number -------- 34  -----------
lambda : 1.17891
max_diff => 4.999e-08
performed mixing
Frob norm 1 after updating U: 0.0118188
200 iterations
f(b) = 0.030553
Frob norm 2 after updating B : 0.0474735
Iteration number -------- 35  -----------
lambda : 1.1848
max_diff => 4.999e-08
performed mixing
Frob norm 1 after updating U: 0.0117834
200 iterations
f(b) = 0.0201451
Frob norm 2 after updating B : 0.0385765
Iteration number -------- 36  -----------
lambda : 1.19073
max_diff => 4.999e-08
performed mixing
Frob norm 1 after updating U: 0.0118298
200 iterations
f(b) = 0.0183711
Frob norm 2 after updating B : 0.0318775
Iteration number -------- 37  -----------
lambda : 1.19668
max_diff => 4.999e-08
performed mixing
Frob norm 1 after updating U: 0.0117672
200 iterations
f(b) = 0.0230747
Frob norm 2 after updating B : 0.0264681
Iteration number -------- 38  -----------
lambda : 1.20266
max_diff => 4.999e-08
performed mixing
Frob norm 1 after updating U: 0.011814
200 iterations
f(b) = 0.017802
Frob norm 2 after updating B : 0.0221717
Iteration number -------- 39  -----------
lambda : 1.20868
max_diff => 4.999e-08
performed mixing
Frob norm 1 after updating U: 0.0117407
200 iterations
f(b) = 0.0163114
Frob norm 2 after updating B : 0.019407
Iteration number -------- 40  -----------
lambda : 1.21472
max_diff => 4.999e-08
performed mixing
Frob norm 1 after updating U: 0.0118048
200 iterations
f(b) = 0.0186511
Frob norm 2 after updating B : 0.0169588
Iteration number -------- 41  -----------
lambda : 1.22079
max_diff => 4.999e-08
performed mixing
Frob norm 1 after updating U: 0.0117776
200 iterations
f(b) = 0.0155282
Frob norm 2 after updating B : 0.0153823
Iteration number -------- 42  -----------
lambda : 1.2269
max_diff => 4.999e-08
performed mixing
Frob norm 1 after updating U: 0.0117527
200 iterations
f(b) = 0.0157005
Frob norm 2 after updating B : 0.0140236
Iteration number -------- 43  -----------
lambda : 1.23303
max_diff => 4.999e-08
performed mixing
Frob norm 1 after updating U: 0.0118022
200 iterations
f(b) = 0.0148522
Frob norm 2 after updating B : 0.0133626
Iteration number -------- 44  -----------
lambda : 1.2392
max_diff => 4.999e-08
performed mixing
Frob norm 1 after updating U: 0.0117357
200 iterations
f(b) = 0.0145175
Frob norm 2 after updating B : 0.0127881
Iteration number -------- 45  -----------
lambda : 1.24539
max_diff => 4.999e-08
performed mixing
Frob norm 1 after updating U: 0.0117292
200 iterations
f(b) = 0.014498
Frob norm 2 after updating B : 0.012513
Iteration number -------- 46  -----------
lambda : 1.25162
max_diff => 4.999e-08
performed mixing
Frob norm 1 after updating U: 0.0117758
200 iterations
f(b) = 0.0156151
Frob norm 2 after updating B : 0.0122182
Iteration number -------- 47  -----------
lambda : 1.25788
max_diff => 4.999e-08
performed mixing
Frob norm 1 after updating U: 0.0117393
200 iterations
f(b) = 0.013981
Frob norm 2 after updating B : 0.011985
Iteration number -------- 48  -----------
lambda : 1.26417
max_diff => 4.999e-08
performed mixing
Frob norm 1 after updating U: 0.0116825
200 iterations
f(b) = 0.0126356
Frob norm 2 after updating B : 0.012014
Iteration number -------- 49  -----------
lambda : 1.27049
max_diff => 4.999e-08
performed mixing
Frob norm 1 after updating U: 0.0118033
200 iterations
f(b) = 0.0140299
Frob norm 2 after updating B : 0.0119024
Iteration number -------- 50  -----------
lambda : 1.27684
max_diff => 4.999e-08
performed mixing
Frob norm 1 after updating U: 0.011738
200 iterations
f(b) = 0.0150021
Frob norm 2 after updating B : 0.0117457
Iteration number -------- 51  -----------
lambda : 1.28323
max_diff => 4.999e-08
performed mixing
Frob norm 1 after updating U: 0.0116718
200 iterations
f(b) = 0.0138664
Frob norm 2 after updating B : 0.0119015
Iteration number -------- 52  -----------
lambda : 1.28964
max_diff => 4.999e-08
performed mixing
Frob norm 1 after updating U: 0.0118148
200 iterations
f(b) = 0.0154545
Frob norm 2 after updating B : 0.0117729
Iteration number -------- 53  -----------
lambda : 1.29609
max_diff => 4.999e-08
performed mixing
Frob norm 1 after updating U: 0.0117334
200 iterations
f(b) = 0.0157619
Frob norm 2 after updating B : 0.0117529
Iteration number -------- 54  -----------
lambda : 1.30257
max_diff => 4.999e-08
performed mixing
Frob norm 1 after updating U: 0.01173
200 iterations
f(b) = 0.0152397
Frob norm 2 after updating B : 0.0117996
Iteration number -------- 55  -----------
lambda : 1.30908
max_diff => 4.999e-08
performed mixing
Frob norm 1 after updating U: 0.0117665
200 iterations
f(b) = 0.0125174
Frob norm 2 after updating B : 0.0117906
Iteration number -------- 56  -----------
lambda : 1.31563
max_diff => 4.999e-08
performed mixing
Frob norm 1 after updating U: 0.0117718
200 iterations
f(b) = 0.0132584
Frob norm 2 after updating B : 0.0117317
Iteration number -------- 57  -----------
lambda : 1.32221
max_diff => 4.999e-08
performed mixing
Frob norm 1 after updating U: 0.011725
200 iterations
f(b) = 0.0147689
Frob norm 2 after updating B : 0.0117459
Iteration number -------- 58  -----------
lambda : 1.32882
max_diff => 4.999e-08
performed mixing
Frob norm 1 after updating U: 0.0117384
200 iterations
f(b) = 0.0154292
Frob norm 2 after updating B : 0.0117937
Iteration number -------- 59  -----------
lambda : 1.33546
max_diff => 4.999e-08
performed mixing
Frob norm 1 after updating U: 0.0117807
200 iterations
f(b) = 0.0152238
Frob norm 2 after updating B : 0.0117696
Iteration number -------- 60  -----------
lambda : 1.34214
max_diff => 4.999e-08
performed mixing
Frob norm 1 after updating U: 0.0117668
200 iterations
f(b) = 0.0121003
Frob norm 2 after updating B : 0.0117902
Iteration number -------- 61  -----------
lambda : 1.34885
max_diff => 4.999e-08
performed mixing
Frob norm 1 after updating U: 0.0117836
200 iterations
f(b) = 0.0120134
Frob norm 2 after updating B : 0.0118006
Iteration number -------- 62  -----------
lambda : 1.35559
max_diff => 4.999e-08
performed mixing
Frob norm 1 after updating U: 0.0117867
200 iterations
f(b) = 0.0115091
Frob norm 2 after updating B : 0.0118977
Iteration number -------- 63  -----------
lambda : 1.36237
max_diff => 4.999e-08
performed mixing
Frob norm 1 after updating U: 0.0118829
200 iterations
f(b) = 0.0146995
Frob norm 2 after updating B : 0.0117511
Iteration number -------- 64  -----------
lambda : 1.36918
max_diff => 4.999e-08
performed mixing
Frob norm 1 after updating U: 0.0117479
200 iterations
f(b) = 0.0126755
Frob norm 2 after updating B : 0.0117784
Iteration number -------- 65  -----------
lambda : 1.37603
max_diff => 4.999e-08
performed mixing
Frob norm 1 after updating U: 0.0117807
200 iterations
f(b) = 0.0157821
Frob norm 2 after updating B : 0.0117419
Iteration number -------- 66  -----------
lambda : 1.38291
max_diff => 4.999e-08
performed mixing
Frob norm 1 after updating U: 0.0117389
200 iterations
f(b) = 0.0129224
Frob norm 2 after updating B : 0.0117061
Iteration number -------- 67  -----------
lambda : 1.38982
max_diff => 4.999e-08
performed mixing
Frob norm 1 after updating U: 0.0117088
200 iterations
f(b) = 0.0159666
Frob norm 2 after updating B : 0.01161
Iteration number -------- 68  -----------
lambda : 1.39677
max_diff => 4.999e-08
performed mixing
Frob norm 1 after updating U: 0.0116127
200 iterations
f(b) = 0.0172365
Frob norm 2 after updating B : 0.0116489
Iteration number -------- 69  -----------
lambda : 1.40376
max_diff => 4.999e-08
performed mixing
Frob norm 1 after updating U: 0.0116469
200 iterations
f(b) = 0.0121163
Frob norm 2 after updating B : 0.0117758
Iteration number -------- 70  -----------
lambda : 1.41078
max_diff => 4.999e-08
performed mixing
Frob norm 1 after updating U: 0.0117646
200 iterations
f(b) = 0.015944
Frob norm 2 after updating B : 0.0117338
Iteration number -------- 71  -----------
lambda : 1.41783
max_diff => 4.999e-08
performed mixing
Frob norm 1 after updating U: 0.0117331
200 iterations
f(b) = 0.0166439
Frob norm 2 after updating B : 0.0116629
Iteration number -------- 72  -----------
lambda : 1.42492
max_diff => 4.999e-08
performed mixing
Frob norm 1 after updating U: 0.0116622
200 iterations
f(b) = 0.0173081
Frob norm 2 after updating B : 0.0116863
Iteration number -------- 73  -----------
lambda : 1.43204
max_diff => 4.999e-08
performed mixing
Frob norm 1 after updating U: 0.0116867
200 iterations
f(b) = 0.0161491
Frob norm 2 after updating B : 0.0116542
Iteration number -------- 74  -----------
lambda : 1.4392
max_diff => 4.999e-08
performed mixing
Frob norm 1 after updating U: 0.0116547
200 iterations
f(b) = 0.0139439
Frob norm 2 after updating B : 0.0118157
Iteration number -------- 75  -----------
lambda : 1.4464
max_diff => 4.999e-08
performed mixing
Frob norm 1 after updating U: 0.011807
200 iterations
f(b) = 0.0167248
Frob norm 2 after updating B : 0.0116664
Iteration number -------- 76  -----------
lambda : 1.45363
max_diff => 4.999e-08
performed mixing
Frob norm 1 after updating U: 0.0116669
200 iterations
f(b) = 0.0169455
Frob norm 2 after updating B : 0.0117277
Iteration number -------- 77  -----------
lambda : 1.4609
max_diff => 4.999e-08
performed mixing
Frob norm 1 after updating U: 0.0117247
200 iterations
f(b) = 0.0145349
Frob norm 2 after updating B : 0.0116888
Iteration number -------- 78  -----------
lambda : 1.46821
max_diff => 4.999e-08
performed mixing
Frob norm 1 after updating U: 0.0116898
200 iterations
f(b) = 0.0173675
Frob norm 2 after updating B : 0.0116761
Iteration number -------- 79  -----------
lambda : 1.47555
max_diff => 4.999e-08
performed mixing
Frob norm 1 after updating U: 0.0116786
200 iterations
f(b) = 0.0144463
Frob norm 2 after updating B : 0.0117492
Iteration number -------- 80  -----------
lambda : 1.48292
max_diff => 4.999e-08
performed mixing
Frob norm 1 after updating U: 0.0117442
200 iterations
f(b) = 0.0179196
Frob norm 2 after updating B : 0.0116807
Iteration number -------- 81  -----------
lambda : 1.49034
max_diff => 4.999e-08
performed mixing
Frob norm 1 after updating U: 0.0116756
200 iterations
f(b) = 0.0161932
Frob norm 2 after updating B : 0.0117621
Iteration number -------- 82  -----------
lambda : 1.49779
max_diff => 4.999e-08
performed mixing
Frob norm 1 after updating U: 0.011757
200 iterations
f(b) = 0.0167957
Frob norm 2 after updating B : 0.0117237
Iteration number -------- 83  -----------
lambda : 1.50528
max_diff => 4.999e-08
performed mixing
Frob norm 1 after updating U: 0.0117261
200 iterations
f(b) = 0.0154465
Frob norm 2 after updating B : 0.0116821
Iteration number -------- 84  -----------
lambda : 1.51281
max_diff => 4.999e-08
performed mixing
Frob norm 1 after updating U: 0.0116843
200 iterations
f(b) = 0.0188188
Frob norm 2 after updating B : 0.0116893
Iteration number -------- 85  -----------
lambda : 1.52037
max_diff => 4.999e-08
performed mixing
Frob norm 1 after updating U: 0.0116887
200 iterations
f(b) = 0.0163699
Frob norm 2 after updating B : 0.0117191
Iteration number -------- 86  -----------
lambda : 1.52797
max_diff => 4.999e-08
performed mixing
Frob norm 1 after updating U: 0.011713
200 iterations
f(b) = 0.0161468
Frob norm 2 after updating B : 0.0117236
Iteration number -------- 87  -----------
lambda : 1.53561
max_diff => 4.999e-08
performed mixing
Frob norm 1 after updating U: 0.0117245
200 iterations
f(b) = 0.0165094
Frob norm 2 after updating B : 0.011679
Iteration number -------- 88  -----------
lambda : 1.54329
max_diff => 4.999e-08
performed mixing
Frob norm 1 after updating U: 0.011678
200 iterations
f(b) = 0.011622
Frob norm 2 after updating B : 0.0117504
Iteration number -------- 89  -----------
lambda : 1.55101
max_diff => 4.999e-08
performed mixing
Frob norm 1 after updating U: 0.0117354
200 iterations
f(b) = 0.0158062
Frob norm 2 after updating B : 0.011762
Iteration number -------- 90  -----------
lambda : 1.55876
max_diff => 4.999e-08
performed mixing
Frob norm 1 after updating U: 0.0117533
200 iterations
f(b) = 0.0187087
Frob norm 2 after updating B : 0.0116753
Iteration number -------- 91  -----------
lambda : 1.56655
max_diff => 4.999e-08
performed mixing
Frob norm 1 after updating U: 0.0116758
200 iterations
f(b) = 0.014853
Frob norm 2 after updating B : 0.0117167
Iteration number -------- 92  -----------
lambda : 1.57439
max_diff => 4.999e-08
performed mixing
Frob norm 1 after updating U: 0.0117145
200 iterations
f(b) = 0.0182789
Frob norm 2 after updating B : 0.0117325
Iteration number -------- 93  -----------
lambda : 1.58226
max_diff => 4.999e-08
performed mixing
Frob norm 1 after updating U: 0.0117271
200 iterations
f(b) = 0.0167405
Frob norm 2 after updating B : 0.0117255
Iteration number -------- 94  -----------
lambda : 1.59017
max_diff => 4.999e-08
performed mixing
Frob norm 1 after updating U: 0.0117227
200 iterations
f(b) = 0.0163723
Frob norm 2 after updating B : 0.0118233
Iteration number -------- 95  -----------
lambda : 1.59812
max_diff => 4.999e-08
performed mixing
Frob norm 1 after updating U: 0.0118136
200 iterations
f(b) = 0.0196139
Frob norm 2 after updating B : 0.0116916
Iteration number -------- 96  -----------
lambda : 1.60611
max_diff => 4.999e-08
performed mixing
Frob norm 1 after updating U: 0.0116902
200 iterations
f(b) = 0.0189769
Frob norm 2 after updating B : 0.0116127
Iteration number -------- 97  -----------
lambda : 1.61414
max_diff => 4.999e-08
performed mixing
Frob norm 1 after updating U: 0.0116181
200 iterations
f(b) = 0.0203137
Frob norm 2 after updating B : 0.011626
Iteration number -------- 98  -----------
lambda : 1.62221
max_diff => 4.999e-08
performed mixing
Frob norm 1 after updating U: 0.0116224
200 iterations
f(b) = 0.0184021
Frob norm 2 after updating B : 0.011639
Iteration number -------- 99  -----------
lambda : 1.63032
max_diff => 4.999e-08
performed mixing
Frob norm 1 after updating U: 0.0116401
200 iterations
f(b) = 0.0151645
Frob norm 2 after updating B : 0.0117322
Iteration number -------- 100  -----------
lambda : 1.63848
max_diff => 4.999e-08
