Academic license - for non-commercial use only
Frob norm 1 after updating U: 11.1177
200 iterations
f(b) = 58.0935
Frob norm 2 after updating B : 7.19787
Iteration number -------- 1  -----------
lambda : 1
max_diff => 0.110699
performed mixing
Frob norm 1 after updating U: 6.19051
200 iterations
f(b) = 52.8087
Frob norm 2 after updating B : 6.86775
Iteration number -------- 2  -----------
lambda : 1.005
max_diff => 0.0795622
performed mixing
Frob norm 1 after updating U: 5.95406
200 iterations
f(b) = 48.1759
Frob norm 2 after updating B : 6.58752
Iteration number -------- 3  -----------
lambda : 1.01002
max_diff => 0.0642916
performed mixing
Frob norm 1 after updating U: 5.81735
200 iterations
f(b) = 44.7486
Frob norm 2 after updating B : 6.32771
Iteration number -------- 4  -----------
lambda : 1.01508
max_diff => 0.0641052
performed mixing
Frob norm 1 after updating U: 5.7395
200 iterations
f(b) = 42.1324
Frob norm 2 after updating B : 6.13412
Iteration number -------- 5  -----------
lambda : 1.02015
max_diff => 0.0647641
performed mixing
Frob norm 1 after updating U: 5.6757
200 iterations
f(b) = 40.1591
Frob norm 2 after updating B : 5.98869
Iteration number -------- 6  -----------
lambda : 1.02525
max_diff => 0.0646829
performed mixing
Frob norm 1 after updating U: 5.62293
200 iterations
f(b) = 38.6925
Frob norm 2 after updating B : 5.86538
Iteration number -------- 7  -----------
lambda : 1.03038
max_diff => 0.0646757
performed mixing
Frob norm 1 after updating U: 5.59421
200 iterations
f(b) = 37.6
Frob norm 2 after updating B : 5.77389
Iteration number -------- 8  -----------
lambda : 1.03553
max_diff => 0.0647459
performed mixing
Frob norm 1 after updating U: 5.56302
200 iterations
f(b) = 34.5613
Frob norm 2 after updating B : 5.48112
Iteration number -------- 9  -----------
lambda : 1.04071
max_diff => 0.273455
performed mixing
Frob norm 1 after updating U: 5.08496
200 iterations
f(b) = 32.8889
Frob norm 2 after updating B : 5.36711
Iteration number -------- 10  -----------
lambda : 1.04591
max_diff => 0.110118
performed mixing
Frob norm 1 after updating U: 5.02374
200 iterations
f(b) = 30.2889
Frob norm 2 after updating B : 5.15278
Iteration number -------- 11  -----------
lambda : 1.05114
max_diff => 0.0624966
performed mixing
Frob norm 1 after updating U: 4.80013
200 iterations
f(b) = 29.0296
Frob norm 2 after updating B : 5.03667
Iteration number -------- 12  -----------
lambda : 1.0564
max_diff => 0.0624839
performed mixing
Frob norm 1 after updating U: 4.77318
200 iterations
f(b) = 28.1025
Frob norm 2 after updating B : 4.94889
Iteration number -------- 13  -----------
lambda : 1.06168
max_diff => 0.0624968
performed mixing
Frob norm 1 after updating U: 4.75437
200 iterations
f(b) = 27.4228
Frob norm 2 after updating B : 4.88344
Iteration number -------- 14  -----------
lambda : 1.06699
max_diff => 0.0624578
performed mixing
Frob norm 1 after updating U: 4.73357
200 iterations
f(b) = 26.9119
Frob norm 2 after updating B : 4.83488
Iteration number -------- 15  -----------
lambda : 1.07232
max_diff => 0.0623142
performed mixing
Frob norm 1 after updating U: 4.71851
200 iterations
f(b) = 26.5458
Frob norm 2 after updating B : 4.79463
Iteration number -------- 16  -----------
lambda : 1.07768
max_diff => 0.0622822
performed mixing
Frob norm 1 after updating U: 4.71715
200 iterations
f(b) = 26.2306
Frob norm 2 after updating B : 4.77343
Iteration number -------- 17  -----------
lambda : 1.08307
max_diff => 0.0618281
performed mixing
Frob norm 1 after updating U: 4.69611
200 iterations
f(b) = 25.998
Frob norm 2 after updating B : 4.74669
Iteration number -------- 18  -----------
lambda : 1.08849
max_diff => 0.0617803
performed mixing
Frob norm 1 after updating U: 4.69518
200 iterations
f(b) = 25.7814
Frob norm 2 after updating B : 4.73562
Iteration number -------- 19  -----------
lambda : 1.09393
max_diff => 0.060649
performed mixing
Frob norm 1 after updating U: 4.6798
200 iterations
f(b) = 25.627
Frob norm 2 after updating B : 4.71636
Iteration number -------- 20  -----------
lambda : 1.0994
max_diff => 0.0606301
performed mixing
Frob norm 1 after updating U: 4.67952
200 iterations
f(b) = 25.4693
Frob norm 2 after updating B : 4.709
Iteration number -------- 21  -----------
lambda : 1.1049
max_diff => 0.0597572
performed mixing
Frob norm 1 after updating U: 4.67016
200 iterations
f(b) = 25.3747
Frob norm 2 after updating B : 4.69543
Iteration number -------- 22  -----------
lambda : 1.11042
max_diff => 0.0597234
performed mixing
Frob norm 1 after updating U: 4.66993
200 iterations
f(b) = 25.2614
Frob norm 2 after updating B : 4.68986
Iteration number -------- 23  -----------
lambda : 1.11597
max_diff => 0.0586495
performed mixing
Frob norm 1 after updating U: 4.66161
200 iterations
f(b) = 25.2043
Frob norm 2 after updating B : 4.68
Iteration number -------- 24  -----------
lambda : 1.12155
max_diff => 0.058615
performed mixing
Frob norm 1 after updating U: 4.66146
200 iterations
f(b) = 25.111
Frob norm 2 after updating B : 4.67773
Iteration number -------- 25  -----------
lambda : 1.12716
max_diff => 0.0573233
performed mixing
Frob norm 1 after updating U: 4.65466
200 iterations
f(b) = 25.0712
Frob norm 2 after updating B : 4.66961
Iteration number -------- 26  -----------
lambda : 1.1328
max_diff => 0.0572992
performed mixing
Frob norm 1 after updating U: 4.65454
200 iterations
f(b) = 24.9963
Frob norm 2 after updating B : 4.66823
Iteration number -------- 27  -----------
lambda : 1.13846
max_diff => 0.0557818
performed mixing
Frob norm 1 after updating U: 4.649
200 iterations
f(b) = 24.9648
Frob norm 2 after updating B : 4.6616
Iteration number -------- 28  -----------
lambda : 1.14415
max_diff => 0.0557263
performed mixing
Frob norm 1 after updating U: 4.64892
200 iterations
f(b) = 24.9102
Frob norm 2 after updating B : 4.65917
Iteration number -------- 29  -----------
lambda : 1.14987
max_diff => 0.0559311
performed mixing
Frob norm 1 after updating U: 4.64673
200 iterations
f(b) = 24.8938
Frob norm 2 after updating B : 4.65484
Iteration number -------- 30  -----------
lambda : 1.15562
max_diff => 0.0559482
performed mixing
Frob norm 1 after updating U: 4.64656
200 iterations
f(b) = 24.8361
Frob norm 2 after updating B : 4.65214
Iteration number -------- 31  -----------
lambda : 1.1614
max_diff => 0.0563517
performed mixing
Frob norm 1 after updating U: 4.64204
200 iterations
f(b) = 24.8362
Frob norm 2 after updating B : 4.64848
Iteration number -------- 32  -----------
lambda : 1.16721
max_diff => 0.0563704
performed mixing
Frob norm 1 after updating U: 4.64181
200 iterations
f(b) = 24.8182
Frob norm 2 after updating B : 4.64588
Iteration number -------- 33  -----------
lambda : 1.17304
max_diff => 0.056494
performed mixing
Frob norm 1 after updating U: 4.64101
200 iterations
f(b) = 24.8183
Frob norm 2 after updating B : 4.64388
Iteration number -------- 34  -----------
lambda : 1.17891
max_diff => 0.0565317
performed mixing
Frob norm 1 after updating U: 4.64048
200 iterations
f(b) = 24.8231
Frob norm 2 after updating B : 4.64251
Iteration number -------- 35  -----------
lambda : 1.1848
max_diff => 0.056567
performed mixing
Frob norm 1 after updating U: 4.64011
200 iterations
f(b) = 24.7659
Frob norm 2 after updating B : 4.64056
Iteration number -------- 36  -----------
lambda : 1.19073
max_diff => 0.0575785
performed mixing
Frob norm 1 after updating U: 4.63226
200 iterations
f(b) = 24.7808
Frob norm 2 after updating B : 4.63777
Iteration number -------- 37  -----------
lambda : 1.19668
max_diff => 0.0575896
performed mixing
Frob norm 1 after updating U: 4.63241
200 iterations
f(b) = 24.7777
Frob norm 2 after updating B : 4.63595
Iteration number -------- 38  -----------
lambda : 1.20266
max_diff => 0.0575888
performed mixing
Frob norm 1 after updating U: 4.63239
200 iterations
f(b) = 24.7784
Frob norm 2 after updating B : 4.63467
Iteration number -------- 39  -----------
lambda : 1.20868
max_diff => 0.0576046
performed mixing
Frob norm 1 after updating U: 4.6323
200 iterations
f(b) = 24.7898
Frob norm 2 after updating B : 4.6338
Iteration number -------- 40  -----------
lambda : 1.21472
max_diff => 0.0576209
performed mixing
Frob norm 1 after updating U: 4.63218
200 iterations
f(b) = 24.7788
Frob norm 2 after updating B : 4.63305
Iteration number -------- 41  -----------
lambda : 1.22079
max_diff => 0.0576478
performed mixing
Frob norm 1 after updating U: 4.63176
200 iterations
f(b) = 24.7567
Frob norm 2 after updating B : 4.63492
Iteration number -------- 42  -----------
lambda : 1.2269
max_diff => 0.0577731
performed mixing
Frob norm 1 after updating U: 4.62987
200 iterations
f(b) = 24.7809
Frob norm 2 after updating B : 4.6332
Iteration number -------- 43  -----------
lambda : 1.23303
max_diff => 0.0577845
performed mixing
Frob norm 1 after updating U: 4.62992
200 iterations
f(b) = 24.7767
Frob norm 2 after updating B : 4.63205
Iteration number -------- 44  -----------
lambda : 1.2392
max_diff => 0.0577989
performed mixing
Frob norm 1 after updating U: 4.62984
200 iterations
f(b) = 24.7949
Frob norm 2 after updating B : 4.63121
Iteration number -------- 45  -----------
lambda : 1.24539
max_diff => 0.0578074
performed mixing
Frob norm 1 after updating U: 4.62973
200 iterations
f(b) = 24.8066
Frob norm 2 after updating B : 4.63073
Iteration number -------- 46  -----------
lambda : 1.25162
max_diff => 0.0578154
performed mixing
Frob norm 1 after updating U: 4.62972
200 iterations
f(b) = 24.778
Frob norm 2 after updating B : 4.63304
Iteration number -------- 47  -----------
lambda : 1.25788
max_diff => 0.0579084
performed mixing
Frob norm 1 after updating U: 4.62945
200 iterations
f(b) = 24.8059
Frob norm 2 after updating B : 4.63181
Iteration number -------- 48  -----------
lambda : 1.26417
max_diff => 0.0579221
performed mixing
Frob norm 1 after updating U: 4.62949
200 iterations
f(b) = 24.8071
Frob norm 2 after updating B : 4.63104
Iteration number -------- 49  -----------
lambda : 1.27049
max_diff => 0.0579223
performed mixing
Frob norm 1 after updating U: 4.62948
200 iterations
f(b) = 24.8276
Frob norm 2 after updating B : 4.63045
Iteration number -------- 50  -----------
lambda : 1.27684
max_diff => 0.0579329
performed mixing
Frob norm 1 after updating U: 4.62942
200 iterations
f(b) = 24.8386
Frob norm 2 after updating B : 4.63011
Iteration number -------- 51  -----------
lambda : 1.28323
max_diff => 0.0579418
performed mixing
Frob norm 1 after updating U: 4.62942
200 iterations
f(b) = 24.8316
Frob norm 2 after updating B : 4.62961
Iteration number -------- 52  -----------
lambda : 1.28964
max_diff => 0.0579621
performed mixing
Frob norm 1 after updating U: 4.62901
200 iterations
f(b) = 24.867
Frob norm 2 after updating B : 4.62952
Iteration number -------- 53  -----------
lambda : 1.29609
max_diff => 0.057971
performed mixing
Frob norm 1 after updating U: 4.62911
200 iterations
f(b) = 24.8608
Frob norm 2 after updating B : 4.62958
Iteration number -------- 54  -----------
lambda : 1.30257
max_diff => 0.0579724
performed mixing
Frob norm 1 after updating U: 4.62921
200 iterations
f(b) = 24.8941
Frob norm 2 after updating B : 4.62955
Iteration number -------- 55  -----------
lambda : 1.30908
max_diff => 0.05798
performed mixing
Frob norm 1 after updating U: 4.62928
200 iterations
f(b) = 24.909
Frob norm 2 after updating B : 4.62949
Iteration number -------- 56  -----------
lambda : 1.31563
max_diff => 0.0579892
performed mixing
Frob norm 1 after updating U: 4.62928
200 iterations
f(b) = 24.897
Frob norm 2 after updating B : 4.6292
Iteration number -------- 57  -----------
lambda : 1.32221
max_diff => 0.0579968
performed mixing
Frob norm 1 after updating U: 4.62899
200 iterations
f(b) = 24.9333
Frob norm 2 after updating B : 4.62935
Iteration number -------- 58  -----------
lambda : 1.32882
max_diff => 0.0579998
performed mixing
Frob norm 1 after updating U: 4.6292
200 iterations
f(b) = 24.9541
Frob norm 2 after updating B : 4.62942
Iteration number -------- 59  -----------
lambda : 1.33546
max_diff => 0.0580051
performed mixing
Frob norm 1 after updating U: 4.62931
200 iterations
f(b) = 24.9624
Frob norm 2 after updating B : 4.62938
Iteration number -------- 60  -----------
lambda : 1.34214
max_diff => 0.0580998
performed mixing
Frob norm 1 after updating U: 4.62909
200 iterations
f(b) = 24.9831
Frob norm 2 after updating B : 4.62956
Iteration number -------- 61  -----------
lambda : 1.34885
max_diff => 0.0581039
performed mixing
Frob norm 1 after updating U: 4.62935
200 iterations
f(b) = 24.9971
Frob norm 2 after updating B : 4.62967
Iteration number -------- 62  -----------
lambda : 1.35559
max_diff => 0.0581064
performed mixing
Frob norm 1 after updating U: 4.62951
200 iterations
f(b) = 25.0145
Frob norm 2 after updating B : 4.62984
Iteration number -------- 63  -----------
lambda : 1.36237
max_diff => 0.0581073
performed mixing
Frob norm 1 after updating U: 4.62972
200 iterations
f(b) = 25.0292
Frob norm 2 after updating B : 4.63011
Iteration number -------- 64  -----------
lambda : 1.36918
max_diff => 0.0581019
performed mixing
Frob norm 1 after updating U: 4.62998
200 iterations
f(b) = 25.046
Frob norm 2 after updating B : 4.63014
Iteration number -------- 65  -----------
lambda : 1.37603
max_diff => 0.0580998
performed mixing
Frob norm 1 after updating U: 4.63004
200 iterations
f(b) = 25.0446
Frob norm 2 after updating B : 4.63016
Iteration number -------- 66  -----------
lambda : 1.38291
max_diff => 0.0581131
performed mixing
Frob norm 1 after updating U: 4.63006
200 iterations
f(b) = 25.0773
Frob norm 2 after updating B : 4.63025
Iteration number -------- 67  -----------
lambda : 1.38982
max_diff => 0.0581087
performed mixing
Frob norm 1 after updating U: 4.63017
200 iterations
f(b) = 25.094
Frob norm 2 after updating B : 4.63029
Iteration number -------- 68  -----------
lambda : 1.39677
max_diff => 0.0581063
performed mixing
Frob norm 1 after updating U: 4.63022
200 iterations
f(b) = 25.1114
Frob norm 2 after updating B : 4.63034
Iteration number -------- 69  -----------
lambda : 1.40376
max_diff => 0.058111
performed mixing
Frob norm 1 after updating U: 4.63028
200 iterations
f(b) = 25.1189
Frob norm 2 after updating B : 4.63045
Iteration number -------- 70  -----------
lambda : 1.41078
max_diff => 0.0581192
performed mixing
Frob norm 1 after updating U: 4.63039
200 iterations
f(b) = 25.143
Frob norm 2 after updating B : 4.63058
Iteration number -------- 71  -----------
lambda : 1.41783
max_diff => 0.0581192
performed mixing
Frob norm 1 after updating U: 4.63053
200 iterations
f(b) = 25.16
Frob norm 2 after updating B : 4.63076
Iteration number -------- 72  -----------
lambda : 1.42492
max_diff => 0.0581241
performed mixing
Frob norm 1 after updating U: 4.6307
200 iterations
f(b) = 25.1695
Frob norm 2 after updating B : 4.6307
Iteration number -------- 73  -----------
lambda : 1.43204
max_diff => 0.0581174
performed mixing
Frob norm 1 after updating U: 4.63053
200 iterations
f(b) = 25.1881
Frob norm 2 after updating B : 4.63103
Iteration number -------- 74  -----------
lambda : 1.4392
max_diff => 0.0581265
performed mixing
Frob norm 1 after updating U: 4.6309
200 iterations
f(b) = 25.2099
Frob norm 2 after updating B : 4.63119
Iteration number -------- 75  -----------
lambda : 1.4464
max_diff => 0.0581231
performed mixing
Frob norm 1 after updating U: 4.6311
200 iterations
f(b) = 25.2283
Frob norm 2 after updating B : 4.63141
Iteration number -------- 76  -----------
lambda : 1.45363
max_diff => 0.0581234
performed mixing
Frob norm 1 after updating U: 4.63133
200 iterations
f(b) = 25.2425
Frob norm 2 after updating B : 4.63164
Iteration number -------- 77  -----------
lambda : 1.4609
max_diff => 0.058127
performed mixing
Frob norm 1 after updating U: 4.63158
200 iterations
f(b) = 25.2608
Frob norm 2 after updating B : 4.63181
Iteration number -------- 78  -----------
lambda : 1.46821
max_diff => 0.058129
performed mixing
Frob norm 1 after updating U: 4.63175
200 iterations
f(b) = 25.279
Frob norm 2 after updating B : 4.63196
Iteration number -------- 79  -----------
lambda : 1.47555
max_diff => 0.0581363
performed mixing
Frob norm 1 after updating U: 4.63192
200 iterations
f(b) = 25.282
Frob norm 2 after updating B : 4.63213
Iteration number -------- 80  -----------
lambda : 1.48292
max_diff => 0.0581436
performed mixing
Frob norm 1 after updating U: 4.63209
200 iterations
f(b) = 25.3137
Frob norm 2 after updating B : 4.63229
Iteration number -------- 81  -----------
lambda : 1.49034
max_diff => 0.0581555
performed mixing
Frob norm 1 after updating U: 4.63224
200 iterations
f(b) = 25.3335
Frob norm 2 after updating B : 4.63246
Iteration number -------- 82  -----------
lambda : 1.49779
max_diff => 0.0581696
performed mixing
Frob norm 1 after updating U: 4.63242
200 iterations
f(b) = 25.3504
Frob norm 2 after updating B : 4.63257
Iteration number -------- 83  -----------
lambda : 1.50528
max_diff => 0.0581644
performed mixing
Frob norm 1 after updating U: 4.63254
200 iterations
f(b) = 25.3593
Frob norm 2 after updating B : 4.63275
Iteration number -------- 84  -----------
lambda : 1.51281
max_diff => 0.0581653
performed mixing
Frob norm 1 after updating U: 4.63271
200 iterations
f(b) = 25.389
Frob norm 2 after updating B : 4.63291
Iteration number -------- 85  -----------
lambda : 1.52037
max_diff => 0.0581706
performed mixing
Frob norm 1 after updating U: 4.63288
200 iterations
f(b) = 25.4053
Frob norm 2 after updating B : 4.63321
Iteration number -------- 86  -----------
lambda : 1.52797
max_diff => 0.0581676
performed mixing
Frob norm 1 after updating U: 4.63318
200 iterations
f(b) = 25.4245
Frob norm 2 after updating B : 4.63339
Iteration number -------- 87  -----------
lambda : 1.53561
max_diff => 0.0581711
performed mixing
Frob norm 1 after updating U: 4.63335
200 iterations
f(b) = 25.4423
Frob norm 2 after updating B : 4.6336
Iteration number -------- 88  -----------
lambda : 1.54329
max_diff => 0.0581752
performed mixing
Frob norm 1 after updating U: 4.63356
200 iterations
f(b) = 25.4566
Frob norm 2 after updating B : 4.6338
Iteration number -------- 89  -----------
lambda : 1.55101
max_diff => 0.0581846
performed mixing
Frob norm 1 after updating U: 4.63377
200 iterations
f(b) = 25.4522
Frob norm 2 after updating B : 4.63471
Iteration number -------- 90  -----------
lambda : 1.55876
max_diff => 0.0581199
performed mixing
Frob norm 1 after updating U: 4.63455
200 iterations
f(b) = 25.4877
Frob norm 2 after updating B : 4.63525
Iteration number -------- 91  -----------
lambda : 1.56655
max_diff => 0.0581227
performed mixing
Frob norm 1 after updating U: 4.63512
200 iterations
f(b) = 25.4927
Frob norm 2 after updating B : 4.6358
Iteration number -------- 92  -----------
lambda : 1.57439
max_diff => 0.0581197
performed mixing
Frob norm 1 after updating U: 4.63569
200 iterations
f(b) = 25.5266
Frob norm 2 after updating B : 4.63614
Iteration number -------- 93  -----------
lambda : 1.58226
max_diff => 0.0581306
performed mixing
Frob norm 1 after updating U: 4.63605
200 iterations
f(b) = 25.5458
Frob norm 2 after updating B : 4.63641
Iteration number -------- 94  -----------
lambda : 1.59017
max_diff => 0.0581355
performed mixing
Frob norm 1 after updating U: 4.63634
200 iterations
f(b) = 25.5644
Frob norm 2 after updating B : 4.63651
Iteration number -------- 95  -----------
lambda : 1.59812
max_diff => 0.0581395
performed mixing
Frob norm 1 after updating U: 4.63646
200 iterations
f(b) = 25.5655
Frob norm 2 after updating B : 4.63694
Iteration number -------- 96  -----------
lambda : 1.60611
max_diff => 0.0581412
performed mixing
Frob norm 1 after updating U: 4.63688
200 iterations
f(b) = 25.6043
Frob norm 2 after updating B : 4.63719
Iteration number -------- 97  -----------
lambda : 1.61414
max_diff => 0.0581406
performed mixing
Frob norm 1 after updating U: 4.63714
200 iterations
f(b) = 25.6228
Frob norm 2 after updating B : 4.63736
Iteration number -------- 98  -----------
lambda : 1.62221
max_diff => 0.0581484
performed mixing
Frob norm 1 after updating U: 4.63732
200 iterations
f(b) = 25.639
Frob norm 2 after updating B : 4.63771
Iteration number -------- 99  -----------
lambda : 1.63032
max_diff => 0.0581491
performed mixing
Frob norm 1 after updating U: 4.63767
200 iterations
f(b) = 25.6605
Frob norm 2 after updating B : 4.63793
Iteration number -------- 100  -----------
lambda : 1.63848
max_diff => 0.0581488
