Academic license - for non-commercial use only
Frob norm 1 after updating U: 10.9265
200 iterations
f(b) = 70.5291
Frob norm 2 after updating B : 7.57609
Iteration number -------- 1  -----------
lambda : 1
max_diff => 0.172439
performed mixing
Frob norm 1 after updating U: 6.34029
200 iterations
f(b) = 63.3068
Frob norm 2 after updating B : 7.1687
Iteration number -------- 2  -----------
lambda : 1.005
max_diff => 0.155995
performed mixing
Frob norm 1 after updating U: 5.90127
200 iterations
f(b) = 56.6297
Frob norm 2 after updating B : 6.81709
Iteration number -------- 3  -----------
lambda : 1.01002
max_diff => 0.128656
performed mixing
Frob norm 1 after updating U: 5.54782
200 iterations
f(b) = 50.6215
Frob norm 2 after updating B : 6.44165
Iteration number -------- 4  -----------
lambda : 1.01508
max_diff => 0.112693
performed mixing
Frob norm 1 after updating U: 5.35136
200 iterations
f(b) = 42.201
Frob norm 2 after updating B : 5.91966
Iteration number -------- 5  -----------
lambda : 1.02015
max_diff => 0.103549
performed mixing
Frob norm 1 after updating U: 4.61304
200 iterations
f(b) = 36.9306
Frob norm 2 after updating B : 5.53673
Iteration number -------- 6  -----------
lambda : 1.02525
max_diff => 0.10723
performed mixing
Frob norm 1 after updating U: 4.47287
200 iterations
f(b) = 31.7593
Frob norm 2 after updating B : 5.15481
Iteration number -------- 7  -----------
lambda : 1.03038
max_diff => 0.1069
performed mixing
Frob norm 1 after updating U: 4.28116
200 iterations
f(b) = 28.7391
Frob norm 2 after updating B : 4.887
Iteration number -------- 8  -----------
lambda : 1.03553
max_diff => 0.107899
performed mixing
Frob norm 1 after updating U: 4.25958
200 iterations
f(b) = 26.7681
Frob norm 2 after updating B : 4.67708
Iteration number -------- 9  -----------
lambda : 1.04071
max_diff => 0.107922
performed mixing
Frob norm 1 after updating U: 4.25869
200 iterations
f(b) = 25.217
Frob norm 2 after updating B : 4.5611
Iteration number -------- 10  -----------
lambda : 1.04591
max_diff => 0.107526
performed mixing
Frob norm 1 after updating U: 4.21374
200 iterations
f(b) = 24.1784
Frob norm 2 after updating B : 4.44376
Iteration number -------- 11  -----------
lambda : 1.05114
max_diff => 0.107422
performed mixing
Frob norm 1 after updating U: 4.21333
200 iterations
f(b) = 23.3044
Frob norm 2 after updating B : 4.39798
Iteration number -------- 12  -----------
lambda : 1.0564
max_diff => 0.103052
performed mixing
Frob norm 1 after updating U: 4.18911
200 iterations
f(b) = 22.7206
Frob norm 2 after updating B : 4.32699
Iteration number -------- 13  -----------
lambda : 1.06168
max_diff => 0.102899
performed mixing
Frob norm 1 after updating U: 4.18887
200 iterations
f(b) = 22.1062
Frob norm 2 after updating B : 4.30616
Iteration number -------- 14  -----------
lambda : 1.06699
max_diff => 0.0956743
performed mixing
Frob norm 1 after updating U: 4.17608
200 iterations
f(b) = 21.7448
Frob norm 2 after updating B : 4.26129
Iteration number -------- 15  -----------
lambda : 1.07232
max_diff => 0.0954583
performed mixing
Frob norm 1 after updating U: 4.17567
200 iterations
f(b) = 21.4575
Frob norm 2 after updating B : 4.23167
Iteration number -------- 16  -----------
lambda : 1.07768
max_diff => 0.0948705
performed mixing
Frob norm 1 after updating U: 4.17394
200 iterations
f(b) = 21.3354
Frob norm 2 after updating B : 4.21204
Iteration number -------- 17  -----------
lambda : 1.08307
max_diff => 0.0945205
performed mixing
Frob norm 1 after updating U: 4.17354
200 iterations
f(b) = 21.0041
Frob norm 2 after updating B : 4.19767
Iteration number -------- 18  -----------
lambda : 1.08849
max_diff => 0.0808117
performed mixing
Frob norm 1 after updating U: 4.14016
200 iterations
f(b) = 20.8894
Frob norm 2 after updating B : 4.17756
Iteration number -------- 19  -----------
lambda : 1.09393
max_diff => 0.0805421
performed mixing
Frob norm 1 after updating U: 4.13976
200 iterations
f(b) = 20.5549
Frob norm 2 after updating B : 4.15191
Iteration number -------- 20  -----------
lambda : 1.0994
max_diff => 0.0624441
performed mixing
Frob norm 1 after updating U: 4.07846
200 iterations
f(b) = 20.3203
Frob norm 2 after updating B : 4.12238
Iteration number -------- 21  -----------
lambda : 1.1049
max_diff => 0.0624344
performed mixing
Frob norm 1 after updating U: 4.06918
200 iterations
f(b) = 19.834
Frob norm 2 after updating B : 4.08441
Iteration number -------- 22  -----------
lambda : 1.11042
max_diff => 0.0624734
performed mixing
Frob norm 1 after updating U: 4.01433
200 iterations
f(b) = 19.571
Frob norm 2 after updating B : 4.05927
Iteration number -------- 23  -----------
lambda : 1.11597
max_diff => 0.062471
performed mixing
Frob norm 1 after updating U: 4.01347
200 iterations
f(b) = 19.5198
Frob norm 2 after updating B : 4.04262
Iteration number -------- 24  -----------
lambda : 1.12155
max_diff => 0.0624645
performed mixing
Frob norm 1 after updating U: 4.01233
200 iterations
f(b) = 17.5345
Frob norm 2 after updating B : 3.81934
Iteration number -------- 25  -----------
lambda : 1.12716
max_diff => 0.0624952
performed mixing
Frob norm 1 after updating U: 3.45923
200 iterations
f(b) = 15.4823
Frob norm 2 after updating B : 3.61373
Iteration number -------- 26  -----------
lambda : 1.1328
max_diff => 0.0624975
performed mixing
Frob norm 1 after updating U: 3.46925
200 iterations
f(b) = 15.0527
Frob norm 2 after updating B : 3.56435
Iteration number -------- 27  -----------
lambda : 1.13846
max_diff => 0.0624998
performed mixing
Frob norm 1 after updating U: 3.46126
200 iterations
f(b) = 14.8333
Frob norm 2 after updating B : 3.52757
Iteration number -------- 28  -----------
lambda : 1.14415
max_diff => 0.0624997
performed mixing
Frob norm 1 after updating U: 3.46064
200 iterations
f(b) = 14.6624
Frob norm 2 after updating B : 3.50332
Iteration number -------- 29  -----------
lambda : 1.14987
max_diff => 0.0624986
performed mixing
Frob norm 1 after updating U: 3.45886
200 iterations
f(b) = 14.2449
Frob norm 2 after updating B : 3.48286
Iteration number -------- 30  -----------
lambda : 1.15562
max_diff => 0.0625157
performed mixing
Frob norm 1 after updating U: 3.4023
200 iterations
f(b) = 14.1035
Frob norm 2 after updating B : 3.45396
Iteration number -------- 31  -----------
lambda : 1.1614
max_diff => 0.0625174
performed mixing
Frob norm 1 after updating U: 3.40146
200 iterations
f(b) = 13.711
Frob norm 2 after updating B : 3.42955
Iteration number -------- 32  -----------
lambda : 1.16721
max_diff => 0.0632138
performed mixing
Frob norm 1 after updating U: 3.34585
200 iterations
f(b) = 13.5467
Frob norm 2 after updating B : 3.3987
Iteration number -------- 33  -----------
lambda : 1.17304
max_diff => 0.0632729
performed mixing
Frob norm 1 after updating U: 3.34335
200 iterations
f(b) = 13.4123
Frob norm 2 after updating B : 3.37733
Iteration number -------- 34  -----------
lambda : 1.17891
max_diff => 0.0633175
performed mixing
Frob norm 1 after updating U: 3.34044
200 iterations
f(b) = 12.9378
Frob norm 2 after updating B : 3.30182
Iteration number -------- 35  -----------
lambda : 1.1848
max_diff => 0.0666256
performed mixing
Frob norm 1 after updating U: 3.22439
200 iterations
f(b) = 12.4783
Frob norm 2 after updating B : 3.22067
Iteration number -------- 36  -----------
lambda : 1.19073
max_diff => 0.0702929
performed mixing
Frob norm 1 after updating U: 3.11001
200 iterations
f(b) = 10.7161
Frob norm 2 after updating B : 2.97482
Iteration number -------- 37  -----------
lambda : 1.19668
max_diff => 0.0715069
performed mixing
Frob norm 1 after updating U: 2.72625
200 iterations
f(b) = 10.1703
Frob norm 2 after updating B : 2.88421
Iteration number -------- 38  -----------
lambda : 1.20266
max_diff => 0.0714181
performed mixing
Frob norm 1 after updating U: 2.71961
200 iterations
f(b) = 9.85141
Frob norm 2 after updating B : 2.82562
Iteration number -------- 39  -----------
lambda : 1.20868
max_diff => 0.0713604
performed mixing
Frob norm 1 after updating U: 2.71799
200 iterations
f(b) = 9.26503
Frob norm 2 after updating B : 2.77842
Iteration number -------- 40  -----------
lambda : 1.21472
max_diff => 0.0717462
performed mixing
Frob norm 1 after updating U: 2.61669
200 iterations
f(b) = 8.7905
Frob norm 2 after updating B : 2.70496
Iteration number -------- 41  -----------
lambda : 1.22079
max_diff => 0.0755856
performed mixing
Frob norm 1 after updating U: 2.56343
200 iterations
f(b) = 8.30588
Frob norm 2 after updating B : 2.62847
Iteration number -------- 42  -----------
lambda : 1.2269
max_diff => 0.0930477
performed mixing
Frob norm 1 after updating U: 2.48691
200 iterations
f(b) = 8.09703
Frob norm 2 after updating B : 2.57988
Iteration number -------- 43  -----------
lambda : 1.23303
max_diff => 0.0931531
performed mixing
Frob norm 1 after updating U: 2.48683
200 iterations
f(b) = 7.93742
Frob norm 2 after updating B : 2.54786
Iteration number -------- 44  -----------
lambda : 1.2392
max_diff => 0.0931114
performed mixing
Frob norm 1 after updating U: 2.48649
200 iterations
f(b) = 7.83367
Frob norm 2 after updating B : 2.52665
Iteration number -------- 45  -----------
lambda : 1.24539
max_diff => 0.0932064
performed mixing
Frob norm 1 after updating U: 2.48588
200 iterations
f(b) = 7.77081
Frob norm 2 after updating B : 2.51201
Iteration number -------- 46  -----------
lambda : 1.25162
max_diff => 0.0933359
performed mixing
Frob norm 1 after updating U: 2.48433
200 iterations
f(b) = 7.59762
Frob norm 2 after updating B : 2.48509
Iteration number -------- 47  -----------
lambda : 1.25788
max_diff => 0.0955124
performed mixing
Frob norm 1 after updating U: 2.44705
200 iterations
f(b) = 7.60249
Frob norm 2 after updating B : 2.47251
Iteration number -------- 48  -----------
lambda : 1.26417
max_diff => 0.0954833
performed mixing
Frob norm 1 after updating U: 2.44658
200 iterations
f(b) = 7.5666
Frob norm 2 after updating B : 2.46405
Iteration number -------- 49  -----------
lambda : 1.27049
max_diff => 0.0953826
performed mixing
Frob norm 1 after updating U: 2.44622
200 iterations
f(b) = 7.54616
Frob norm 2 after updating B : 2.45793
Iteration number -------- 50  -----------
lambda : 1.27684
max_diff => 0.0953003
performed mixing
Frob norm 1 after updating U: 2.44551
200 iterations
f(b) = 7.52632
Frob norm 2 after updating B : 2.45314
Iteration number -------- 51  -----------
lambda : 1.28323
max_diff => 0.0951697
performed mixing
Frob norm 1 after updating U: 2.44407
200 iterations
f(b) = 7.52367
Frob norm 2 after updating B : 2.44981
Iteration number -------- 52  -----------
lambda : 1.28964
max_diff => 0.0951297
performed mixing
Frob norm 1 after updating U: 2.44331
200 iterations
f(b) = 7.38653
Frob norm 2 after updating B : 2.42749
Iteration number -------- 53  -----------
lambda : 1.29609
max_diff => 0.0947677
performed mixing
Frob norm 1 after updating U: 2.40768
200 iterations
f(b) = 7.42035
Frob norm 2 after updating B : 2.42096
Iteration number -------- 54  -----------
lambda : 1.30257
max_diff => 0.0945959
performed mixing
Frob norm 1 after updating U: 2.40752
200 iterations
f(b) = 7.39927
Frob norm 2 after updating B : 2.41659
Iteration number -------- 55  -----------
lambda : 1.30908
max_diff => 0.0940638
performed mixing
Frob norm 1 after updating U: 2.40716
200 iterations
f(b) = 7.39057
Frob norm 2 after updating B : 2.41367
Iteration number -------- 56  -----------
lambda : 1.31563
max_diff => 0.0932692
performed mixing
Frob norm 1 after updating U: 2.40694
200 iterations
f(b) = 7.38455
Frob norm 2 after updating B : 2.41159
Iteration number -------- 57  -----------
lambda : 1.32221
max_diff => 0.092737
performed mixing
Frob norm 1 after updating U: 2.4067
200 iterations
f(b) = 7.37456
Frob norm 2 after updating B : 2.41011
Iteration number -------- 58  -----------
lambda : 1.32882
max_diff => 0.0923788
performed mixing
Frob norm 1 after updating U: 2.40658
200 iterations
f(b) = 7.38921
Frob norm 2 after updating B : 2.40902
Iteration number -------- 59  -----------
lambda : 1.33546
max_diff => 0.0917499
performed mixing
Frob norm 1 after updating U: 2.40643
200 iterations
f(b) = 7.38876
Frob norm 2 after updating B : 2.40814
Iteration number -------- 60  -----------
lambda : 1.34214
max_diff => 0.0912436
performed mixing
Frob norm 1 after updating U: 2.40616
200 iterations
f(b) = 7.39478
Frob norm 2 after updating B : 2.40746
Iteration number -------- 61  -----------
lambda : 1.34885
max_diff => 0.0909106
performed mixing
Frob norm 1 after updating U: 2.40599
200 iterations
f(b) = 7.39549
Frob norm 2 after updating B : 2.40726
Iteration number -------- 62  -----------
lambda : 1.35559
max_diff => 0.0903442
performed mixing
Frob norm 1 after updating U: 2.4061
200 iterations
f(b) = 7.40337
Frob norm 2 after updating B : 2.40693
Iteration number -------- 63  -----------
lambda : 1.36237
max_diff => 0.0896715
performed mixing
Frob norm 1 after updating U: 2.40602
200 iterations
f(b) = 7.3999
Frob norm 2 after updating B : 2.40691
Iteration number -------- 64  -----------
lambda : 1.36918
max_diff => 0.0887114
performed mixing
Frob norm 1 after updating U: 2.40615
200 iterations
f(b) = 7.26279
Frob norm 2 after updating B : 2.40858
Iteration number -------- 65  -----------
lambda : 1.37603
max_diff => 0.0703437
performed mixing
Frob norm 1 after updating U: 2.39113
200 iterations
f(b) = 7.27725
Frob norm 2 after updating B : 2.40286
Iteration number -------- 66  -----------
lambda : 1.38291
max_diff => 0.0697184
performed mixing
Frob norm 1 after updating U: 2.39149
200 iterations
f(b) = 7.13405
Frob norm 2 after updating B : 2.40872
Iteration number -------- 67  -----------
lambda : 1.38982
max_diff => 0.0605706
performed mixing
Frob norm 1 after updating U: 2.39655
200 iterations
f(b) = 7.1459
Frob norm 2 after updating B : 2.40451
Iteration number -------- 68  -----------
lambda : 1.39677
max_diff => 0.0605552
performed mixing
Frob norm 1 after updating U: 2.39656
200 iterations
f(b) = 7.14083
Frob norm 2 after updating B : 2.40132
Iteration number -------- 69  -----------
lambda : 1.40376
max_diff => 0.0605488
performed mixing
Frob norm 1 after updating U: 2.39609
200 iterations
f(b) = 7.15993
Frob norm 2 after updating B : 2.39961
Iteration number -------- 70  -----------
lambda : 1.41078
max_diff => 0.0605243
performed mixing
Frob norm 1 after updating U: 2.39613
200 iterations
f(b) = 7.15713
Frob norm 2 after updating B : 2.39845
Iteration number -------- 71  -----------
lambda : 1.41783
max_diff => 0.0604946
performed mixing
Frob norm 1 after updating U: 2.39607
200 iterations
f(b) = 7.15077
Frob norm 2 after updating B : 2.3977
Iteration number -------- 72  -----------
lambda : 1.42492
max_diff => 0.0604238
performed mixing
Frob norm 1 after updating U: 2.39593
200 iterations
f(b) = 7.15786
Frob norm 2 after updating B : 2.39693
Iteration number -------- 73  -----------
lambda : 1.43204
max_diff => 0.0603896
performed mixing
Frob norm 1 after updating U: 2.39569
200 iterations
f(b) = 7.16484
Frob norm 2 after updating B : 2.39649
Iteration number -------- 74  -----------
lambda : 1.4392
max_diff => 0.0603373
performed mixing
Frob norm 1 after updating U: 2.3956
200 iterations
f(b) = 7.16468
Frob norm 2 after updating B : 2.39589
Iteration number -------- 75  -----------
lambda : 1.4464
max_diff => 0.0603083
performed mixing
Frob norm 1 after updating U: 2.39524
200 iterations
f(b) = 7.17651
Frob norm 2 after updating B : 2.39561
Iteration number -------- 76  -----------
lambda : 1.45363
max_diff => 0.0602778
performed mixing
Frob norm 1 after updating U: 2.39514
200 iterations
f(b) = 7.1747
Frob norm 2 after updating B : 2.39531
Iteration number -------- 77  -----------
lambda : 1.4609
max_diff => 0.0602454
performed mixing
Frob norm 1 after updating U: 2.39496
200 iterations
f(b) = 7.18161
Frob norm 2 after updating B : 2.39485
Iteration number -------- 78  -----------
lambda : 1.46821
max_diff => 0.0601919
performed mixing
Frob norm 1 after updating U: 2.39456
200 iterations
f(b) = 7.19786
Frob norm 2 after updating B : 2.39462
Iteration number -------- 79  -----------
lambda : 1.47555
max_diff => 0.0601676
performed mixing
Frob norm 1 after updating U: 2.39441
200 iterations
f(b) = 7.19068
Frob norm 2 after updating B : 2.39427
Iteration number -------- 80  -----------
lambda : 1.48292
max_diff => 0.0601225
performed mixing
Frob norm 1 after updating U: 2.39408
200 iterations
f(b) = 7.20125
Frob norm 2 after updating B : 2.39382
Iteration number -------- 81  -----------
lambda : 1.49034
max_diff => 0.0600671
performed mixing
Frob norm 1 after updating U: 2.39366
200 iterations
f(b) = 7.19363
Frob norm 2 after updating B : 2.39357
Iteration number -------- 82  -----------
lambda : 1.49779
max_diff => 0.0599942
performed mixing
Frob norm 1 after updating U: 2.39341
200 iterations
f(b) = 7.19328
Frob norm 2 after updating B : 2.39323
Iteration number -------- 83  -----------
lambda : 1.50528
max_diff => 0.0599553
performed mixing
Frob norm 1 after updating U: 2.3931
200 iterations
f(b) = 7.22163
Frob norm 2 after updating B : 2.39295
Iteration number -------- 84  -----------
lambda : 1.51281
max_diff => 0.0599302
performed mixing
Frob norm 1 after updating U: 2.39285
200 iterations
f(b) = 7.22486
Frob norm 2 after updating B : 2.39242
Iteration number -------- 85  -----------
lambda : 1.52037
max_diff => 0.059891
performed mixing
Frob norm 1 after updating U: 2.39232
200 iterations
f(b) = 7.22308
Frob norm 2 after updating B : 2.39246
Iteration number -------- 86  -----------
lambda : 1.52797
max_diff => 0.0598316
performed mixing
Frob norm 1 after updating U: 2.39236
200 iterations
f(b) = 7.23701
Frob norm 2 after updating B : 2.39223
Iteration number -------- 87  -----------
lambda : 1.53561
max_diff => 0.0597798
performed mixing
Frob norm 1 after updating U: 2.39214
200 iterations
f(b) = 7.24323
Frob norm 2 after updating B : 2.39187
Iteration number -------- 88  -----------
lambda : 1.54329
max_diff => 0.0597395
performed mixing
Frob norm 1 after updating U: 2.39179
200 iterations
f(b) = 7.23933
Frob norm 2 after updating B : 2.39155
Iteration number -------- 89  -----------
lambda : 1.55101
max_diff => 0.0596336
performed mixing
Frob norm 1 after updating U: 2.39144
200 iterations
f(b) = 7.23262
Frob norm 2 after updating B : 2.39108
Iteration number -------- 90  -----------
lambda : 1.55876
max_diff => 0.0594781
performed mixing
Frob norm 1 after updating U: 2.39092
200 iterations
f(b) = 7.24633
Frob norm 2 after updating B : 2.39082
Iteration number -------- 91  -----------
lambda : 1.56655
max_diff => 0.0593682
performed mixing
Frob norm 1 after updating U: 2.39066
200 iterations
f(b) = 7.2594
Frob norm 2 after updating B : 2.39061
Iteration number -------- 92  -----------
lambda : 1.57439
max_diff => 0.0593263
performed mixing
Frob norm 1 after updating U: 2.39047
200 iterations
f(b) = 7.26261
Frob norm 2 after updating B : 2.39038
Iteration number -------- 93  -----------
lambda : 1.58226
max_diff => 0.0592904
performed mixing
Frob norm 1 after updating U: 2.39026
200 iterations
f(b) = 7.13534
Frob norm 2 after updating B : 2.39422
Iteration number -------- 94  -----------
lambda : 1.59017
max_diff => 0.0554698
performed mixing
Frob norm 1 after updating U: 2.38257
200 iterations
f(b) = 7.1734
Frob norm 2 after updating B : 2.39017
Iteration number -------- 95  -----------
lambda : 1.59812
max_diff => 0.0554409
performed mixing
Frob norm 1 after updating U: 2.38262
200 iterations
f(b) = 7.18617
Frob norm 2 after updating B : 2.3873
Iteration number -------- 96  -----------
lambda : 1.60611
max_diff => 0.055391
performed mixing
Frob norm 1 after updating U: 2.38234
200 iterations
f(b) = 7.1719
Frob norm 2 after updating B : 2.38545
Iteration number -------- 97  -----------
lambda : 1.61414
max_diff => 0.0553394
performed mixing
Frob norm 1 after updating U: 2.38212
200 iterations
f(b) = 7.182
Frob norm 2 after updating B : 2.38406
Iteration number -------- 98  -----------
lambda : 1.62221
max_diff => 0.0552722
performed mixing
Frob norm 1 after updating U: 2.3818
200 iterations
f(b) = 7.17733
Frob norm 2 after updating B : 2.38298
Iteration number -------- 99  -----------
lambda : 1.63032
max_diff => 0.0552002
performed mixing
Frob norm 1 after updating U: 2.38138
200 iterations
f(b) = 7.19023
Frob norm 2 after updating B : 2.38228
Iteration number -------- 100  -----------
lambda : 1.63848
max_diff => 0.0551181
