Academic license - for non-commercial use only
Frob norm 1 after updating U: 11.1125
200 iterations
f(b) = 61.9174
Frob norm 2 after updating B : 7.31871
Iteration number -------- 1  -----------
lambda : 1
max_diff => 0.143872
performed mixing
Frob norm 1 after updating U: 6.58984
200 iterations
f(b) = 57.8037
Frob norm 2 after updating B : 7.05821
Iteration number -------- 2  -----------
lambda : 1.005
max_diff => 0.129913
performed mixing
Frob norm 1 after updating U: 6.30901
200 iterations
f(b) = 53.6894
Frob norm 2 after updating B : 6.78995
Iteration number -------- 3  -----------
lambda : 1.01002
max_diff => 0.101977
performed mixing
Frob norm 1 after updating U: 5.96555
200 iterations
f(b) = 49.5276
Frob norm 2 after updating B : 6.51923
Iteration number -------- 4  -----------
lambda : 1.01508
max_diff => 0.0753702
performed mixing
Frob norm 1 after updating U: 5.63821
200 iterations
f(b) = 43.8455
Frob norm 2 after updating B : 6.13934
Iteration number -------- 5  -----------
lambda : 1.02015
max_diff => 0.0686029
performed mixing
Frob norm 1 after updating U: 5.01513
200 iterations
f(b) = 38.9683
Frob norm 2 after updating B : 5.81271
Iteration number -------- 6  -----------
lambda : 1.02525
max_diff => 0.0622952
performed mixing
Frob norm 1 after updating U: 4.83688
200 iterations
f(b) = 35.1417
Frob norm 2 after updating B : 5.50468
Iteration number -------- 7  -----------
lambda : 1.03038
max_diff => 0.0618292
performed mixing
Frob norm 1 after updating U: 4.76656
200 iterations
f(b) = 32.3701
Frob norm 2 after updating B : 5.26812
Iteration number -------- 8  -----------
lambda : 1.03553
max_diff => 0.0612985
performed mixing
Frob norm 1 after updating U: 4.72565
200 iterations
f(b) = 30.416
Frob norm 2 after updating B : 5.08867
Iteration number -------- 9  -----------
lambda : 1.04071
max_diff => 0.0601371
performed mixing
Frob norm 1 after updating U: 4.69302
200 iterations
f(b) = 28.9729
Frob norm 2 after updating B : 4.9619
Iteration number -------- 10  -----------
lambda : 1.04591
max_diff => 0.059248
performed mixing
Frob norm 1 after updating U: 4.6696
200 iterations
f(b) = 27.928
Frob norm 2 after updating B : 4.87257
Iteration number -------- 11  -----------
lambda : 1.05114
max_diff => 0.0581287
performed mixing
Frob norm 1 after updating U: 4.64731
200 iterations
f(b) = 27.158
Frob norm 2 after updating B : 4.80263
Iteration number -------- 12  -----------
lambda : 1.0564
max_diff => 0.0575635
performed mixing
Frob norm 1 after updating U: 4.63208
200 iterations
f(b) = 26.5456
Frob norm 2 after updating B : 4.75256
Iteration number -------- 13  -----------
lambda : 1.06168
max_diff => 0.0564648
performed mixing
Frob norm 1 after updating U: 4.62127
200 iterations
f(b) = 26.0822
Frob norm 2 after updating B : 4.71722
Iteration number -------- 14  -----------
lambda : 1.06699
max_diff => 0.055709
performed mixing
Frob norm 1 after updating U: 4.603
200 iterations
f(b) = 25.6487
Frob norm 2 after updating B : 4.69971
Iteration number -------- 15  -----------
lambda : 1.07232
max_diff => 0.056206
performed mixing
Frob norm 1 after updating U: 4.59042
200 iterations
f(b) = 25.3178
Frob norm 2 after updating B : 4.66166
Iteration number -------- 16  -----------
lambda : 1.07768
max_diff => 0.0562525
performed mixing
Frob norm 1 after updating U: 4.59002
200 iterations
f(b) = 24.9689
Frob norm 2 after updating B : 4.65161
Iteration number -------- 17  -----------
lambda : 1.08307
max_diff => 0.0579521
performed mixing
Frob norm 1 after updating U: 4.56768
200 iterations
f(b) = 24.7327
Frob norm 2 after updating B : 4.62239
Iteration number -------- 18  -----------
lambda : 1.08849
max_diff => 0.0579783
performed mixing
Frob norm 1 after updating U: 4.56745
200 iterations
f(b) = 24.5158
Frob norm 2 after updating B : 4.60535
Iteration number -------- 19  -----------
lambda : 1.09393
max_diff => 0.0583279
performed mixing
Frob norm 1 after updating U: 4.562
200 iterations
f(b) = 24.5146
Frob norm 2 after updating B : 4.58971
Iteration number -------- 20  -----------
lambda : 1.0994
max_diff => 0.0584023
performed mixing
Frob norm 1 after updating U: 4.56011
200 iterations
f(b) = 24.2603
Frob norm 2 after updating B : 4.57284
Iteration number -------- 21  -----------
lambda : 1.1049
max_diff => 0.0595627
performed mixing
Frob norm 1 after updating U: 4.54034
200 iterations
f(b) = 24.1972
Frob norm 2 after updating B : 4.56044
Iteration number -------- 22  -----------
lambda : 1.11042
max_diff => 0.0595712
performed mixing
Frob norm 1 after updating U: 4.53909
200 iterations
f(b) = 24.0581
Frob norm 2 after updating B : 4.52734
Iteration number -------- 23  -----------
lambda : 1.11597
max_diff => 0.0631809
performed mixing
Frob norm 1 after updating U: 4.47857
200 iterations
f(b) = 17.3295
Frob norm 2 after updating B : 3.75128
Iteration number -------- 24  -----------
lambda : 1.12155
max_diff => 0.102239
performed mixing
Frob norm 1 after updating U: 2.47879
200 iterations
f(b) = 13.1345
Frob norm 2 after updating B : 3.22463
Iteration number -------- 25  -----------
lambda : 1.12716
max_diff => 0.0327502
performed mixing
Frob norm 1 after updating U: 2.06907
200 iterations
f(b) = 10.2457
Frob norm 2 after updating B : 2.68203
Iteration number -------- 26  -----------
lambda : 1.1328
max_diff => 0.0574591
performed mixing
Frob norm 1 after updating U: 1.02839
200 iterations
f(b) = 7.81553
Frob norm 2 after updating B : 2.28633
Iteration number -------- 27  -----------
lambda : 1.13846
max_diff => 0.0436398
performed mixing
Frob norm 1 after updating U: 0.840659
200 iterations
f(b) = 6.05467
Frob norm 2 after updating B : 2.00694
Iteration number -------- 28  -----------
lambda : 1.14415
max_diff => 0.0279909
performed mixing
Frob norm 1 after updating U: 0.585199
200 iterations
f(b) = 4.66456
Frob norm 2 after updating B : 1.75106
Iteration number -------- 29  -----------
lambda : 1.14987
max_diff => 0.018645
performed mixing
Frob norm 1 after updating U: 0.436306
200 iterations
f(b) = 3.66402
Frob norm 2 after updating B : 1.43002
Iteration number -------- 30  -----------
lambda : 1.15562
max_diff => 0.0182701
performed mixing
Frob norm 1 after updating U: 0.430773
200 iterations
f(b) = 2.78386
Frob norm 2 after updating B : 1.34524
Iteration number -------- 31  -----------
lambda : 1.1614
max_diff => 0.00896278
performed mixing
Frob norm 1 after updating U: 0.277556
200 iterations
f(b) = 2.08012
Frob norm 2 after updating B : 1.26542
Iteration number -------- 32  -----------
lambda : 1.16721
max_diff => 0.00247565
performed mixing
Frob norm 1 after updating U: 0.144519
200 iterations
f(b) = 1.47108
Frob norm 2 after updating B : 1.10992
Iteration number -------- 33  -----------
lambda : 1.17304
max_diff => 0.000672322
performed mixing
Frob norm 1 after updating U: 0.0827993
200 iterations
f(b) = 1.05427
Frob norm 2 after updating B : 0.892077
Iteration number -------- 34  -----------
lambda : 1.17891
max_diff => 0.000642779
performed mixing
Frob norm 1 after updating U: 0.0811284
200 iterations
f(b) = 0.67968
Frob norm 2 after updating B : 0.804
Iteration number -------- 35  -----------
lambda : 1.1848
max_diff => 9.79654e-06
performed mixing
Frob norm 1 after updating U: 0.0152053
200 iterations
f(b) = 0.470457
Frob norm 2 after updating B : 0.645999
Iteration number -------- 36  -----------
lambda : 1.19073
max_diff => 2.99252e-06
performed mixing
Frob norm 1 after updating U: 0.0137714
200 iterations
f(b) = 0.320124
Frob norm 2 after updating B : 0.518543
Iteration number -------- 37  -----------
lambda : 1.19668
max_diff => 1.22134e-07
performed mixing
Frob norm 1 after updating U: 0.0129504
200 iterations
f(b) = 0.22367
Frob norm 2 after updating B : 0.415105
Iteration number -------- 38  -----------
lambda : 1.20266
max_diff => 5.39659e-08
performed mixing
Frob norm 1 after updating U: 0.0129634
200 iterations
f(b) = 0.161428
Frob norm 2 after updating B : 0.332128
Iteration number -------- 39  -----------
lambda : 1.20868
max_diff => 5.7475e-08
performed mixing
Frob norm 1 after updating U: 0.0129821
200 iterations
f(b) = 0.121498
Frob norm 2 after updating B : 0.265918
Iteration number -------- 40  -----------
lambda : 1.21472
max_diff => 4.99966e-08
performed mixing
Frob norm 1 after updating U: 0.0129539
200 iterations
f(b) = 0.0977084
Frob norm 2 after updating B : 0.212856
Iteration number -------- 41  -----------
lambda : 1.22079
max_diff => 4.99922e-08
performed mixing
Frob norm 1 after updating U: 0.0129314
200 iterations
f(b) = 0.0810738
Frob norm 2 after updating B : 0.170682
Iteration number -------- 42  -----------
lambda : 1.2269
max_diff => 4.99974e-08
performed mixing
Frob norm 1 after updating U: 0.0129679
200 iterations
f(b) = 0.0708643
Frob norm 2 after updating B : 0.136714
Iteration number -------- 43  -----------
lambda : 1.23303
max_diff => 4.999e-08
performed mixing
Frob norm 1 after updating U: 0.0129507
200 iterations
f(b) = 0.0635412
Frob norm 2 after updating B : 0.109769
Iteration number -------- 44  -----------
lambda : 1.2392
max_diff => 4.999e-08
performed mixing
Frob norm 1 after updating U: 0.0128661
200 iterations
f(b) = 0.0284027
Frob norm 2 after updating B : 0.0882099
Iteration number -------- 45  -----------
lambda : 1.24539
max_diff => 4.999e-08
performed mixing
Frob norm 1 after updating U: 0.0128719
200 iterations
f(b) = 0.05755
Frob norm 2 after updating B : 0.070973
Iteration number -------- 46  -----------
lambda : 1.25162
max_diff => 4.999e-08
performed mixing
Frob norm 1 after updating U: 0.0128399
200 iterations
f(b) = 0.0220824
Frob norm 2 after updating B : 0.0572355
Iteration number -------- 47  -----------
lambda : 1.25788
max_diff => 4.999e-08
performed mixing
Frob norm 1 after updating U: 0.0128251
200 iterations
f(b) = 0.0388025
Frob norm 2 after updating B : 0.0464977
Iteration number -------- 48  -----------
lambda : 1.26417
max_diff => 4.999e-08
performed mixing
Frob norm 1 after updating U: 0.0127738
200 iterations
f(b) = 0.0190283
Frob norm 2 after updating B : 0.0380268
Iteration number -------- 49  -----------
lambda : 1.27049
max_diff => 4.999e-08
performed mixing
Frob norm 1 after updating U: 0.012828
200 iterations
f(b) = 0.0368113
Frob norm 2 after updating B : 0.0314912
Iteration number -------- 50  -----------
lambda : 1.27684
max_diff => 4.999e-08
performed mixing
Frob norm 1 after updating U: 0.0127359
200 iterations
f(b) = 0.0193465
Frob norm 2 after updating B : 0.0262347
Iteration number -------- 51  -----------
lambda : 1.28323
max_diff => 4.999e-08
performed mixing
Frob norm 1 after updating U: 0.0127753
200 iterations
f(b) = 0.0160175
Frob norm 2 after updating B : 0.0225651
Iteration number -------- 52  -----------
lambda : 1.28964
max_diff => 4.999e-08
performed mixing
Frob norm 1 after updating U: 0.0128999
200 iterations
f(b) = 0.0178123
Frob norm 2 after updating B : 0.01957
Iteration number -------- 53  -----------
lambda : 1.29609
max_diff => 4.999e-08
performed mixing
Frob norm 1 after updating U: 0.012842
200 iterations
f(b) = 0.0167559
Frob norm 2 after updating B : 0.0174168
Iteration number -------- 54  -----------
lambda : 1.30257
max_diff => 4.999e-08
performed mixing
Frob norm 1 after updating U: 0.0127891
200 iterations
f(b) = 0.0156438
Frob norm 2 after updating B : 0.0159876
Iteration number -------- 55  -----------
lambda : 1.30908
max_diff => 4.999e-08
performed mixing
Frob norm 1 after updating U: 0.0128732
200 iterations
f(b) = 0.0160006
Frob norm 2 after updating B : 0.0149226
Iteration number -------- 56  -----------
lambda : 1.31563
max_diff => 4.999e-08
performed mixing
Frob norm 1 after updating U: 0.0128441
200 iterations
f(b) = 0.0192881
Frob norm 2 after updating B : 0.0141358
Iteration number -------- 57  -----------
lambda : 1.32221
max_diff => 4.999e-08
performed mixing
Frob norm 1 after updating U: 0.0127571
200 iterations
f(b) = 0.0154334
Frob norm 2 after updating B : 0.013756
Iteration number -------- 58  -----------
lambda : 1.32882
max_diff => 4.999e-08
performed mixing
Frob norm 1 after updating U: 0.0127978
200 iterations
f(b) = 0.0188684
Frob norm 2 after updating B : 0.0132856
Iteration number -------- 59  -----------
lambda : 1.33546
max_diff => 4.999e-08
performed mixing
Frob norm 1 after updating U: 0.0127455
200 iterations
f(b) = 0.0150584
Frob norm 2 after updating B : 0.0131641
Iteration number -------- 60  -----------
lambda : 1.34214
max_diff => 4.999e-08
performed mixing
Frob norm 1 after updating U: 0.0127903
200 iterations
f(b) = 0.0168629
Frob norm 2 after updating B : 0.0130614
Iteration number -------- 61  -----------
lambda : 1.34885
max_diff => 4.999e-08
performed mixing
Frob norm 1 after updating U: 0.0127884
200 iterations
f(b) = 0.0205468
Frob norm 2 after updating B : 0.01288
Iteration number -------- 62  -----------
lambda : 1.35559
max_diff => 4.999e-08
performed mixing
Frob norm 1 after updating U: 0.0126985
200 iterations
f(b) = 0.0221594
Frob norm 2 after updating B : 0.0128598
Iteration number -------- 63  -----------
lambda : 1.36237
max_diff => 4.999e-08
performed mixing
Frob norm 1 after updating U: 0.0127268
200 iterations
f(b) = 0.0137643
Frob norm 2 after updating B : 0.0127721
Iteration number -------- 64  -----------
lambda : 1.36918
max_diff => 4.999e-08
performed mixing
Frob norm 1 after updating U: 0.0127054
200 iterations
f(b) = 0.0141789
Frob norm 2 after updating B : 0.0129177
Iteration number -------- 65  -----------
lambda : 1.37603
max_diff => 4.999e-08
performed mixing
Frob norm 1 after updating U: 0.0128623
200 iterations
f(b) = 0.0173158
Frob norm 2 after updating B : 0.0128232
Iteration number -------- 66  -----------
lambda : 1.38291
max_diff => 4.999e-08
performed mixing
Frob norm 1 after updating U: 0.0127772
200 iterations
f(b) = 0.0208744
Frob norm 2 after updating B : 0.0127425
Iteration number -------- 67  -----------
lambda : 1.38982
max_diff => 4.999e-08
performed mixing
Frob norm 1 after updating U: 0.0127121
200 iterations
f(b) = 0.0127321
Frob norm 2 after updating B : 0.0127937
Iteration number -------- 68  -----------
lambda : 1.39677
max_diff => 4.999e-08
performed mixing
Frob norm 1 after updating U: 0.0127789
200 iterations
f(b) = 0.0235902
Frob norm 2 after updating B : 0.012713
Iteration number -------- 69  -----------
lambda : 1.40376
max_diff => 4.999e-08
performed mixing
Frob norm 1 after updating U: 0.0126913
200 iterations
f(b) = 0.0164362
Frob norm 2 after updating B : 0.0127932
Iteration number -------- 70  -----------
lambda : 1.41078
max_diff => 4.999e-08
performed mixing
Frob norm 1 after updating U: 0.0127908
200 iterations
f(b) = 0.0159445
Frob norm 2 after updating B : 0.012809
Iteration number -------- 71  -----------
lambda : 1.41783
max_diff => 4.999e-08
performed mixing
Frob norm 1 after updating U: 0.0127896
200 iterations
f(b) = 0.0259582
Frob norm 2 after updating B : 0.0127073
Iteration number -------- 72  -----------
lambda : 1.42492
max_diff => 4.999e-08
performed mixing
Frob norm 1 after updating U: 0.0127093
200 iterations
f(b) = 0.0188506
Frob norm 2 after updating B : 0.0127875
Iteration number -------- 73  -----------
lambda : 1.43204
max_diff => 4.999e-08
performed mixing
Frob norm 1 after updating U: 0.0127835
200 iterations
f(b) = 0.0171564
Frob norm 2 after updating B : 0.0127284
Iteration number -------- 74  -----------
lambda : 1.4392
max_diff => 4.999e-08
performed mixing
Frob norm 1 after updating U: 0.0127355
200 iterations
f(b) = 0.020196
Frob norm 2 after updating B : 0.0127122
Iteration number -------- 75  -----------
lambda : 1.4464
max_diff => 4.999e-08
performed mixing
Frob norm 1 after updating U: 0.0127146
200 iterations
f(b) = 0.0148394
Frob norm 2 after updating B : 0.0128006
Iteration number -------- 76  -----------
lambda : 1.45363
max_diff => 4.999e-08
performed mixing
Frob norm 1 after updating U: 0.0127973
200 iterations
f(b) = 0.016237
Frob norm 2 after updating B : 0.0128779
Iteration number -------- 77  -----------
lambda : 1.4609
max_diff => 4.999e-08
performed mixing
Frob norm 1 after updating U: 0.0128618
200 iterations
f(b) = 0.01585
Frob norm 2 after updating B : 0.0128353
Iteration number -------- 78  -----------
lambda : 1.46821
max_diff => 4.999e-08
performed mixing
Frob norm 1 after updating U: 0.0128353
200 iterations
f(b) = 0.0283704
Frob norm 2 after updating B : 0.0127034
Iteration number -------- 79  -----------
lambda : 1.47555
max_diff => 4.999e-08
performed mixing
Frob norm 1 after updating U: 0.0127069
200 iterations
f(b) = 0.0156453
Frob norm 2 after updating B : 0.0126867
Iteration number -------- 80  -----------
lambda : 1.48292
max_diff => 4.999e-08
performed mixing
Frob norm 1 after updating U: 0.0126853
200 iterations
f(b) = 0.0147666
Frob norm 2 after updating B : 0.0127302
Iteration number -------- 81  -----------
lambda : 1.49034
max_diff => 4.999e-08
performed mixing
Frob norm 1 after updating U: 0.0127252
200 iterations
f(b) = 0.0166244
Frob norm 2 after updating B : 0.0127316
Iteration number -------- 82  -----------
lambda : 1.49779
max_diff => 4.999e-08
performed mixing
Frob norm 1 after updating U: 0.0127196
200 iterations
f(b) = 0.019639
Frob norm 2 after updating B : 0.0127901
Iteration number -------- 83  -----------
lambda : 1.50528
max_diff => 4.999e-08
performed mixing
Frob norm 1 after updating U: 0.0127851
200 iterations
f(b) = 0.0158587
Frob norm 2 after updating B : 0.0128309
Iteration number -------- 84  -----------
lambda : 1.51281
max_diff => 4.999e-08
performed mixing
Frob norm 1 after updating U: 0.0128055
200 iterations
f(b) = 0.0162374
Frob norm 2 after updating B : 0.0126853
Iteration number -------- 85  -----------
lambda : 1.52037
max_diff => 4.999e-08
performed mixing
Frob norm 1 after updating U: 0.0126991
200 iterations
f(b) = 0.0161965
Frob norm 2 after updating B : 0.0128884
Iteration number -------- 86  -----------
lambda : 1.52797
max_diff => 4.999e-08
performed mixing
Frob norm 1 after updating U: 0.0128789
200 iterations
f(b) = 0.0173988
Frob norm 2 after updating B : 0.0127304
Iteration number -------- 87  -----------
lambda : 1.53561
max_diff => 4.999e-08
performed mixing
Frob norm 1 after updating U: 0.0127448
200 iterations
f(b) = 0.0149079
Frob norm 2 after updating B : 0.0127712
Iteration number -------- 88  -----------
lambda : 1.54329
max_diff => 4.999e-08
performed mixing
Frob norm 1 after updating U: 0.0127481
200 iterations
f(b) = 0.0161179
Frob norm 2 after updating B : 0.0128567
Iteration number -------- 89  -----------
lambda : 1.55101
max_diff => 4.999e-08
performed mixing
Frob norm 1 after updating U: 0.0128468
200 iterations
f(b) = 0.0173903
Frob norm 2 after updating B : 0.0127218
Iteration number -------- 90  -----------
lambda : 1.55876
max_diff => 4.999e-08
performed mixing
Frob norm 1 after updating U: 0.0127112
200 iterations
f(b) = 0.0162812
Frob norm 2 after updating B : 0.012813
Iteration number -------- 91  -----------
lambda : 1.56655
max_diff => 4.999e-08
performed mixing
Frob norm 1 after updating U: 0.0128045
200 iterations
f(b) = 0.0170194
Frob norm 2 after updating B : 0.0127304
Iteration number -------- 92  -----------
lambda : 1.57439
max_diff => 4.999e-08
performed mixing
Frob norm 1 after updating U: 0.0127277
200 iterations
f(b) = 0.0169248
Frob norm 2 after updating B : 0.0128263
Iteration number -------- 93  -----------
lambda : 1.58226
max_diff => 4.999e-08
performed mixing
Frob norm 1 after updating U: 0.0128266
200 iterations
f(b) = 0.0160516
Frob norm 2 after updating B : 0.0127779
Iteration number -------- 94  -----------
lambda : 1.59017
max_diff => 4.999e-08
performed mixing
Frob norm 1 after updating U: 0.0127857
200 iterations
f(b) = 0.0239922
Frob norm 2 after updating B : 0.0126344
Iteration number -------- 95  -----------
lambda : 1.59812
max_diff => 4.999e-08
performed mixing
Frob norm 1 after updating U: 0.0126454
200 iterations
f(b) = 0.0197101
Frob norm 2 after updating B : 0.0126704
Iteration number -------- 96  -----------
lambda : 1.60611
max_diff => 4.999e-08
performed mixing
Frob norm 1 after updating U: 0.0126767
200 iterations
f(b) = 0.0279151
Frob norm 2 after updating B : 0.0126882
Iteration number -------- 97  -----------
lambda : 1.61414
max_diff => 4.999e-08
performed mixing
Frob norm 1 after updating U: 0.0126828
200 iterations
f(b) = 0.0277895
Frob norm 2 after updating B : 0.0127601
Iteration number -------- 98  -----------
lambda : 1.62221
max_diff => 4.999e-08
performed mixing
Frob norm 1 after updating U: 0.012766
200 iterations
f(b) = 0.0196988
Frob norm 2 after updating B : 0.0127718
Iteration number -------- 99  -----------
lambda : 1.63032
max_diff => 4.999e-08
performed mixing
Frob norm 1 after updating U: 0.0127672
200 iterations
f(b) = 0.0171728
Frob norm 2 after updating B : 0.0127389
Iteration number -------- 100  -----------
lambda : 1.63848
max_diff => 4.999e-08
