Academic license - for non-commercial use only
Frob norm 1 after updating U: 11.6432
200 iterations
f(b) = 70.5995
Frob norm 2 after updating B : 7.55323
Iteration number -------- 1  -----------
lambda : 1
max_diff => 0.201993
performed mixing
Frob norm 1 after updating U: 6.08472
200 iterations
f(b) = 61.3683
Frob norm 2 after updating B : 7.10176
Iteration number -------- 2  -----------
lambda : 1.005
max_diff => 0.195328
performed mixing
Frob norm 1 after updating U: 5.53087
200 iterations
f(b) = 53.7663
Frob norm 2 after updating B : 6.59928
Iteration number -------- 3  -----------
lambda : 1.01002
max_diff => 0.187363
performed mixing
Frob norm 1 after updating U: 5.27164
200 iterations
f(b) = 47.5812
Frob norm 2 after updating B : 6.18068
Iteration number -------- 4  -----------
lambda : 1.01508
max_diff => 0.169508
performed mixing
Frob norm 1 after updating U: 4.98421
200 iterations
f(b) = 42.3042
Frob norm 2 after updating B : 5.84515
Iteration number -------- 5  -----------
lambda : 1.02015
max_diff => 0.146271
performed mixing
Frob norm 1 after updating U: 4.78922
200 iterations
f(b) = 38.0189
Frob norm 2 after updating B : 5.54421
Iteration number -------- 6  -----------
lambda : 1.02525
max_diff => 0.128223
performed mixing
Frob norm 1 after updating U: 4.69052
200 iterations
f(b) = 34.5775
Frob norm 2 after updating B : 5.31873
Iteration number -------- 7  -----------
lambda : 1.03038
max_diff => 0.106877
performed mixing
Frob norm 1 after updating U: 4.64091
200 iterations
f(b) = 32.1811
Frob norm 2 after updating B : 5.09581
Iteration number -------- 8  -----------
lambda : 1.03553
max_diff => 0.103542
performed mixing
Frob norm 1 after updating U: 4.63516
200 iterations
f(b) = 30.4237
Frob norm 2 after updating B : 4.96976
Iteration number -------- 9  -----------
lambda : 1.04071
max_diff => 0.0818535
performed mixing
Frob norm 1 after updating U: 4.60448
200 iterations
f(b) = 29.2134
Frob norm 2 after updating B : 4.84464
Iteration number -------- 10  -----------
lambda : 1.04591
max_diff => 0.0814702
performed mixing
Frob norm 1 after updating U: 4.60426
200 iterations
f(b) = 28.3892
Frob norm 2 after updating B : 4.76831
Iteration number -------- 11  -----------
lambda : 1.05114
max_diff => 0.07698
performed mixing
Frob norm 1 after updating U: 4.60024
200 iterations
f(b) = 27.6582
Frob norm 2 after updating B : 4.72773
Iteration number -------- 12  -----------
lambda : 1.0564
max_diff => 0.0679576
performed mixing
Frob norm 1 after updating U: 4.59062
200 iterations
f(b) = 27.2638
Frob norm 2 after updating B : 4.68081
Iteration number -------- 13  -----------
lambda : 1.06168
max_diff => 0.0677417
performed mixing
Frob norm 1 after updating U: 4.59053
200 iterations
f(b) = 26.9726
Frob norm 2 after updating B : 4.65109
Iteration number -------- 14  -----------
lambda : 1.06699
max_diff => 0.0670318
performed mixing
Frob norm 1 after updating U: 4.59014
200 iterations
f(b) = 26.5216
Frob norm 2 after updating B : 4.66697
Iteration number -------- 15  -----------
lambda : 1.07232
max_diff => 0.0625799
performed mixing
Frob norm 1 after updating U: 4.58811
200 iterations
f(b) = 26.3126
Frob norm 2 after updating B : 4.6403
Iteration number -------- 16  -----------
lambda : 1.07768
max_diff => 0.0625615
performed mixing
Frob norm 1 after updating U: 4.58846
200 iterations
f(b) = 26.1102
Frob norm 2 after updating B : 4.6234
Iteration number -------- 17  -----------
lambda : 1.08307
max_diff => 0.0625238
performed mixing
Frob norm 1 after updating U: 4.58826
200 iterations
f(b) = 26.0519
Frob norm 2 after updating B : 4.61258
Iteration number -------- 18  -----------
lambda : 1.08849
max_diff => 0.0624976
performed mixing
Frob norm 1 after updating U: 4.58879
200 iterations
f(b) = 25.8461
Frob norm 2 after updating B : 4.61486
Iteration number -------- 19  -----------
lambda : 1.09393
max_diff => 0.0624647
performed mixing
Frob norm 1 after updating U: 4.59069
200 iterations
f(b) = 25.8255
Frob norm 2 after updating B : 4.60658
Iteration number -------- 20  -----------
lambda : 1.0994
max_diff => 0.0624658
performed mixing
Frob norm 1 after updating U: 4.59085
200 iterations
f(b) = 25.7777
Frob norm 2 after updating B : 4.60135
Iteration number -------- 21  -----------
lambda : 1.1049
max_diff => 0.0624668
performed mixing
Frob norm 1 after updating U: 4.59106
200 iterations
f(b) = 25.7885
Frob norm 2 after updating B : 4.59801
Iteration number -------- 22  -----------
lambda : 1.11042
max_diff => 0.0624671
performed mixing
Frob norm 1 after updating U: 4.59127
200 iterations
f(b) = 25.785
Frob norm 2 after updating B : 4.59606
Iteration number -------- 23  -----------
lambda : 1.11597
max_diff => 0.0624685
performed mixing
Frob norm 1 after updating U: 4.59159
200 iterations
f(b) = 25.7917
Frob norm 2 after updating B : 4.59491
Iteration number -------- 24  -----------
lambda : 1.12155
max_diff => 0.0624692
performed mixing
Frob norm 1 after updating U: 4.59193
200 iterations
f(b) = 25.8028
Frob norm 2 after updating B : 4.59428
Iteration number -------- 25  -----------
lambda : 1.12716
max_diff => 0.0624724
performed mixing
Frob norm 1 after updating U: 4.59227
200 iterations
f(b) = 25.8205
Frob norm 2 after updating B : 4.594
Iteration number -------- 26  -----------
lambda : 1.1328
max_diff => 0.0624734
performed mixing
Frob norm 1 after updating U: 4.59263
200 iterations
f(b) = 25.8352
Frob norm 2 after updating B : 4.59405
Iteration number -------- 27  -----------
lambda : 1.13846
max_diff => 0.0624748
performed mixing
Frob norm 1 after updating U: 4.5931
200 iterations
f(b) = 25.8561
Frob norm 2 after updating B : 4.59422
Iteration number -------- 28  -----------
lambda : 1.14415
max_diff => 0.0624771
performed mixing
Frob norm 1 after updating U: 4.59355
200 iterations
f(b) = 25.879
Frob norm 2 after updating B : 4.59442
Iteration number -------- 29  -----------
lambda : 1.14987
max_diff => 0.0624781
performed mixing
Frob norm 1 after updating U: 4.59395
200 iterations
f(b) = 25.8918
Frob norm 2 after updating B : 4.59524
Iteration number -------- 30  -----------
lambda : 1.15562
max_diff => 0.0624812
performed mixing
Frob norm 1 after updating U: 4.59489
200 iterations
f(b) = 25.9147
Frob norm 2 after updating B : 4.59572
Iteration number -------- 31  -----------
lambda : 1.1614
max_diff => 0.0624828
performed mixing
Frob norm 1 after updating U: 4.59545
200 iterations
f(b) = 25.937
Frob norm 2 after updating B : 4.59611
Iteration number -------- 32  -----------
lambda : 1.16721
max_diff => 0.0624851
performed mixing
Frob norm 1 after updating U: 4.59591
200 iterations
f(b) = 25.9586
Frob norm 2 after updating B : 4.59669
Iteration number -------- 33  -----------
lambda : 1.17304
max_diff => 0.0624868
performed mixing
Frob norm 1 after updating U: 4.59653
200 iterations
f(b) = 25.9779
Frob norm 2 after updating B : 4.59711
Iteration number -------- 34  -----------
lambda : 1.17891
max_diff => 0.0624889
performed mixing
Frob norm 1 after updating U: 4.59698
200 iterations
f(b) = 26.0054
Frob norm 2 after updating B : 4.59748
Iteration number -------- 35  -----------
lambda : 1.1848
max_diff => 0.0624894
performed mixing
Frob norm 1 after updating U: 4.59738
200 iterations
f(b) = 26.0199
Frob norm 2 after updating B : 4.59829
Iteration number -------- 36  -----------
lambda : 1.19073
max_diff => 0.0624906
performed mixing
Frob norm 1 after updating U: 4.59821
200 iterations
f(b) = 26.0398
Frob norm 2 after updating B : 4.59883
Iteration number -------- 37  -----------
lambda : 1.19668
max_diff => 0.0624909
performed mixing
Frob norm 1 after updating U: 4.59876
200 iterations
f(b) = 26.0671
Frob norm 2 after updating B : 4.59915
Iteration number -------- 38  -----------
lambda : 1.20266
max_diff => 0.0624912
performed mixing
Frob norm 1 after updating U: 4.5991
200 iterations
f(b) = 26.0853
Frob norm 2 after updating B : 4.59988
Iteration number -------- 39  -----------
lambda : 1.20868
max_diff => 0.0624913
performed mixing
Frob norm 1 after updating U: 4.59983
200 iterations
f(b) = 26.1095
Frob norm 2 after updating B : 4.60042
Iteration number -------- 40  -----------
lambda : 1.21472
max_diff => 0.0624921
performed mixing
Frob norm 1 after updating U: 4.60037
200 iterations
f(b) = 26.1394
Frob norm 2 after updating B : 4.60086
Iteration number -------- 41  -----------
lambda : 1.22079
max_diff => 0.0624932
performed mixing
Frob norm 1 after updating U: 4.60082
200 iterations
f(b) = 26.1586
Frob norm 2 after updating B : 4.6013
Iteration number -------- 42  -----------
lambda : 1.2269
max_diff => 0.0624945
performed mixing
Frob norm 1 after updating U: 4.60126
200 iterations
f(b) = 26.1809
Frob norm 2 after updating B : 4.60174
Iteration number -------- 43  -----------
lambda : 1.23303
max_diff => 0.0624949
performed mixing
Frob norm 1 after updating U: 4.60171
200 iterations
f(b) = 26.1637
Frob norm 2 after updating B : 4.60268
Iteration number -------- 44  -----------
lambda : 1.2392
max_diff => 0.0624962
performed mixing
Frob norm 1 after updating U: 4.60264
200 iterations
f(b) = 26.228
Frob norm 2 after updating B : 4.60316
Iteration number -------- 45  -----------
lambda : 1.24539
max_diff => 0.0624967
performed mixing
Frob norm 1 after updating U: 4.60312
200 iterations
f(b) = 26.2313
Frob norm 2 after updating B : 4.60385
Iteration number -------- 46  -----------
lambda : 1.25162
max_diff => 0.0624974
performed mixing
Frob norm 1 after updating U: 4.60382
200 iterations
f(b) = 26.209
Frob norm 2 after updating B : 4.60489
Iteration number -------- 47  -----------
lambda : 1.25788
max_diff => 0.062498
performed mixing
Frob norm 1 after updating U: 4.60485
200 iterations
f(b) = 26.2715
Frob norm 2 after updating B : 4.60547
Iteration number -------- 48  -----------
lambda : 1.26417
max_diff => 0.0624982
performed mixing
Frob norm 1 after updating U: 4.60543
200 iterations
f(b) = 26.3176
Frob norm 2 after updating B : 4.60593
Iteration number -------- 49  -----------
lambda : 1.27049
max_diff => 0.0624984
performed mixing
Frob norm 1 after updating U: 4.60591
200 iterations
f(b) = 26.3328
Frob norm 2 after updating B : 4.60658
Iteration number -------- 50  -----------
lambda : 1.27684
max_diff => 0.0624986
performed mixing
Frob norm 1 after updating U: 4.60655
200 iterations
f(b) = 26.3017
Frob norm 2 after updating B : 4.6071
Iteration number -------- 51  -----------
lambda : 1.28323
max_diff => 0.062499
performed mixing
Frob norm 1 after updating U: 4.60708
200 iterations
f(b) = 26.3786
Frob norm 2 after updating B : 4.60779
Iteration number -------- 52  -----------
lambda : 1.28964
max_diff => 0.0624991
performed mixing
Frob norm 1 after updating U: 4.60777
200 iterations
f(b) = 26.4028
Frob norm 2 after updating B : 4.60852
Iteration number -------- 53  -----------
lambda : 1.29609
max_diff => 0.0624994
performed mixing
Frob norm 1 after updating U: 4.6085
200 iterations
f(b) = 26.4243
Frob norm 2 after updating B : 4.60909
Iteration number -------- 54  -----------
lambda : 1.30257
max_diff => 0.0624997
performed mixing
Frob norm 1 after updating U: 4.60907
200 iterations
f(b) = 26.3979
Frob norm 2 after updating B : 4.60942
Iteration number -------- 55  -----------
lambda : 1.30908
max_diff => 0.0624997
performed mixing
Frob norm 1 after updating U: 4.6094
200 iterations
f(b) = 26.3994
Frob norm 2 after updating B : 4.6097
Iteration number -------- 56  -----------
lambda : 1.31563
max_diff => 0.0625
performed mixing
Frob norm 1 after updating U: 4.60968
200 iterations
f(b) = 26.4729
Frob norm 2 after updating B : 4.60973
Iteration number -------- 57  -----------
lambda : 1.32221
max_diff => 0.0625
performed mixing
Frob norm 1 after updating U: 4.60971
200 iterations
f(b) = 26.5174
Frob norm 2 after updating B : 4.61015
Iteration number -------- 58  -----------
lambda : 1.32882
max_diff => 0.0625001
performed mixing
Frob norm 1 after updating U: 4.61013
200 iterations
f(b) = 26.5477
Frob norm 2 after updating B : 4.6105
Iteration number -------- 59  -----------
lambda : 1.33546
max_diff => 0.0625001
performed mixing
Frob norm 1 after updating U: 4.61048
200 iterations
f(b) = 26.537
Frob norm 2 after updating B : 4.61077
Iteration number -------- 60  -----------
lambda : 1.34214
max_diff => 0.0625001
performed mixing
Frob norm 1 after updating U: 4.61075
200 iterations
f(b) = 26.5668
Frob norm 2 after updating B : 4.611
Iteration number -------- 61  -----------
lambda : 1.34885
max_diff => 0.0625001
performed mixing
Frob norm 1 after updating U: 4.61097
200 iterations
f(b) = 26.6225
Frob norm 2 after updating B : 4.61192
Iteration number -------- 62  -----------
lambda : 1.35559
max_diff => 0.0625
performed mixing
Frob norm 1 after updating U: 4.61189
200 iterations
f(b) = 26.6343
Frob norm 2 after updating B : 4.61196
Iteration number -------- 63  -----------
lambda : 1.36237
max_diff => 0.0625
performed mixing
Frob norm 1 after updating U: 4.61194
200 iterations
f(b) = 26.678
Frob norm 2 after updating B : 4.61218
Iteration number -------- 64  -----------
lambda : 1.36918
max_diff => 0.0624999
performed mixing
Frob norm 1 after updating U: 4.61216
200 iterations
f(b) = 26.646
Frob norm 2 after updating B : 4.61224
Iteration number -------- 65  -----------
lambda : 1.37603
max_diff => 0.062499
performed mixing
Frob norm 1 after updating U: 4.61222
200 iterations
f(b) = 26.7367
Frob norm 2 after updating B : 4.61247
Iteration number -------- 66  -----------
lambda : 1.38291
max_diff => 0.0624987
performed mixing
Frob norm 1 after updating U: 4.61245
200 iterations
f(b) = 26.7575
Frob norm 2 after updating B : 4.61266
Iteration number -------- 67  -----------
lambda : 1.38982
max_diff => 0.0624986
performed mixing
Frob norm 1 after updating U: 4.61264
200 iterations
f(b) = 26.782
Frob norm 2 after updating B : 4.61294
Iteration number -------- 68  -----------
lambda : 1.39677
max_diff => 0.0624985
performed mixing
Frob norm 1 after updating U: 4.61293
200 iterations
f(b) = 26.7657
Frob norm 2 after updating B : 4.61365
Iteration number -------- 69  -----------
lambda : 1.40376
max_diff => 0.062498
performed mixing
Frob norm 1 after updating U: 4.61364
200 iterations
f(b) = 26.803
Frob norm 2 after updating B : 4.6137
Iteration number -------- 70  -----------
lambda : 1.41078
max_diff => 0.0624977
performed mixing
Frob norm 1 after updating U: 4.61369
200 iterations
f(b) = 26.8671
Frob norm 2 after updating B : 4.61389
Iteration number -------- 71  -----------
lambda : 1.41783
max_diff => 0.0624971
performed mixing
Frob norm 1 after updating U: 4.61388
200 iterations
f(b) = 26.8861
Frob norm 2 after updating B : 4.61409
Iteration number -------- 72  -----------
lambda : 1.42492
max_diff => 0.0625013
performed mixing
Frob norm 1 after updating U: 4.61407
200 iterations
f(b) = 26.9194
Frob norm 2 after updating B : 4.6144
Iteration number -------- 73  -----------
lambda : 1.43204
max_diff => 0.0624966
performed mixing
Frob norm 1 after updating U: 4.61439
200 iterations
f(b) = 26.9357
Frob norm 2 after updating B : 4.61508
Iteration number -------- 74  -----------
lambda : 1.4392
max_diff => 0.0624959
performed mixing
Frob norm 1 after updating U: 4.61507
200 iterations
f(b) = 26.9233
Frob norm 2 after updating B : 4.61556
Iteration number -------- 75  -----------
lambda : 1.4464
max_diff => 0.0624952
performed mixing
Frob norm 1 after updating U: 4.61554
200 iterations
f(b) = 26.9946
Frob norm 2 after updating B : 4.61571
Iteration number -------- 76  -----------
lambda : 1.45363
max_diff => 0.0624946
performed mixing
Frob norm 1 after updating U: 4.6157
200 iterations
f(b) = 26.9795
Frob norm 2 after updating B : 4.61603
Iteration number -------- 77  -----------
lambda : 1.4609
max_diff => 0.0624941
performed mixing
Frob norm 1 after updating U: 4.61602
200 iterations
f(b) = 26.9734
Frob norm 2 after updating B : 4.61629
Iteration number -------- 78  -----------
lambda : 1.46821
max_diff => 0.0624931
performed mixing
Frob norm 1 after updating U: 4.61628
200 iterations
f(b) = 27.0844
Frob norm 2 after updating B : 4.61659
Iteration number -------- 79  -----------
lambda : 1.47555
max_diff => 0.0624925
performed mixing
Frob norm 1 after updating U: 4.61658
200 iterations
f(b) = 27.0698
Frob norm 2 after updating B : 4.61643
Iteration number -------- 80  -----------
lambda : 1.48292
max_diff => 0.0624916
performed mixing
Frob norm 1 after updating U: 4.61642
200 iterations
f(b) = 27.1394
Frob norm 2 after updating B : 4.61655
Iteration number -------- 81  -----------
lambda : 1.49034
max_diff => 0.062491
performed mixing
Frob norm 1 after updating U: 4.61654
200 iterations
f(b) = 27.1677
Frob norm 2 after updating B : 4.61675
Iteration number -------- 82  -----------
lambda : 1.49779
max_diff => 0.0624904
performed mixing
Frob norm 1 after updating U: 4.61675
200 iterations
f(b) = 27.1917
Frob norm 2 after updating B : 4.61697
Iteration number -------- 83  -----------
lambda : 1.50528
max_diff => 0.0624903
performed mixing
Frob norm 1 after updating U: 4.61696
200 iterations
f(b) = 27.2284
Frob norm 2 after updating B : 4.61716
Iteration number -------- 84  -----------
lambda : 1.51281
max_diff => 0.0624892
performed mixing
Frob norm 1 after updating U: 4.61715
200 iterations
f(b) = 27.2534
Frob norm 2 after updating B : 4.6175
Iteration number -------- 85  -----------
lambda : 1.52037
max_diff => 0.0624882
performed mixing
Frob norm 1 after updating U: 4.61749
200 iterations
f(b) = 27.2532
Frob norm 2 after updating B : 4.61662
Iteration number -------- 86  -----------
lambda : 1.52797
max_diff => 0.0624776
performed mixing
Frob norm 1 after updating U: 4.61656
200 iterations
f(b) = 27.3137
Frob norm 2 after updating B : 4.61837
Iteration number -------- 87  -----------
lambda : 1.53561
max_diff => 0.062475
performed mixing
Frob norm 1 after updating U: 4.61834
200 iterations
f(b) = 27.344
Frob norm 2 after updating B : 4.61925
Iteration number -------- 88  -----------
lambda : 1.54329
max_diff => 0.0624724
performed mixing
Frob norm 1 after updating U: 4.61922
200 iterations
f(b) = 27.3126
Frob norm 2 after updating B : 4.6194
Iteration number -------- 89  -----------
lambda : 1.55101
max_diff => 0.0624702
performed mixing
Frob norm 1 after updating U: 4.61936
200 iterations
f(b) = 27.3265
Frob norm 2 after updating B : 4.62042
Iteration number -------- 90  -----------
lambda : 1.55876
max_diff => 0.0624697
performed mixing
Frob norm 1 after updating U: 4.62039
200 iterations
f(b) = 27.3865
Frob norm 2 after updating B : 4.62086
Iteration number -------- 91  -----------
lambda : 1.56655
max_diff => 0.0624664
performed mixing
Frob norm 1 after updating U: 4.62082
200 iterations
f(b) = 27.4545
Frob norm 2 after updating B : 4.62129
Iteration number -------- 92  -----------
lambda : 1.57439
max_diff => 0.062465
performed mixing
Frob norm 1 after updating U: 4.62127
200 iterations
f(b) = 27.4261
Frob norm 2 after updating B : 4.62172
Iteration number -------- 93  -----------
lambda : 1.58226
max_diff => 0.0624638
performed mixing
Frob norm 1 after updating U: 4.6217
200 iterations
f(b) = 27.5048
Frob norm 2 after updating B : 4.6222
Iteration number -------- 94  -----------
lambda : 1.59017
max_diff => 0.0624615
performed mixing
Frob norm 1 after updating U: 4.62218
200 iterations
f(b) = 27.5449
Frob norm 2 after updating B : 4.62243
Iteration number -------- 95  -----------
lambda : 1.59812
max_diff => 0.0624598
performed mixing
Frob norm 1 after updating U: 4.62242
200 iterations
f(b) = 27.5758
Frob norm 2 after updating B : 4.6227
Iteration number -------- 96  -----------
lambda : 1.60611
max_diff => 0.0624579
performed mixing
Frob norm 1 after updating U: 4.62269
200 iterations
f(b) = 27.5994
Frob norm 2 after updating B : 4.623
Iteration number -------- 97  -----------
lambda : 1.61414
max_diff => 0.0624581
performed mixing
Frob norm 1 after updating U: 4.62299
200 iterations
f(b) = 27.634
Frob norm 2 after updating B : 4.62346
Iteration number -------- 98  -----------
lambda : 1.62221
max_diff => 0.0624539
performed mixing
Frob norm 1 after updating U: 4.62345
200 iterations
f(b) = 27.6881
Frob norm 2 after updating B : 4.62333
Iteration number -------- 99  -----------
lambda : 1.63032
max_diff => 0.0624526
performed mixing
Frob norm 1 after updating U: 4.62329
200 iterations
f(b) = 27.6941
Frob norm 2 after updating B : 4.624
Iteration number -------- 100  -----------
lambda : 1.63848
max_diff => 0.0624507
