Academic license - for non-commercial use only
Frob norm 1 after updating U: 10.9269
200 iterations
f(b) = 76.249
Frob norm 2 after updating B : 7.93877
Iteration number -------- 1  -----------
lambda : 1
max_diff => 0.192057
performed mixing
Frob norm 1 after updating U: 6.84803
200 iterations
f(b) = 68.0537
Frob norm 2 after updating B : 7.49875
Iteration number -------- 2  -----------
lambda : 1.005
max_diff => 0.203587
performed mixing
Frob norm 1 after updating U: 6.08233
200 iterations
f(b) = 58.7638
Frob norm 2 after updating B : 6.94894
Iteration number -------- 3  -----------
lambda : 1.01002
max_diff => 0.145022
performed mixing
Frob norm 1 after updating U: 5.31427
200 iterations
f(b) = 49.6876
Frob norm 2 after updating B : 6.43022
Iteration number -------- 4  -----------
lambda : 1.01508
max_diff => 0.134885
performed mixing
Frob norm 1 after updating U: 4.96876
200 iterations
f(b) = 43.3119
Frob norm 2 after updating B : 5.96443
Iteration number -------- 5  -----------
lambda : 1.02015
max_diff => 0.113567
performed mixing
Frob norm 1 after updating U: 4.74791
200 iterations
f(b) = 38.2136
Frob norm 2 after updating B : 5.59905
Iteration number -------- 6  -----------
lambda : 1.02525
max_diff => 0.101087
performed mixing
Frob norm 1 after updating U: 4.55807
200 iterations
f(b) = 34.1172
Frob norm 2 after updating B : 5.30662
Iteration number -------- 7  -----------
lambda : 1.03038
max_diff => 0.081915
performed mixing
Frob norm 1 after updating U: 4.418
200 iterations
f(b) = 30.7378
Frob norm 2 after updating B : 5.06413
Iteration number -------- 8  -----------
lambda : 1.03553
max_diff => 0.0624911
performed mixing
Frob norm 1 after updating U: 4.3477
200 iterations
f(b) = 28.1689
Frob norm 2 after updating B : 4.85442
Iteration number -------- 9  -----------
lambda : 1.04071
max_diff => 0.0621021
performed mixing
Frob norm 1 after updating U: 4.27606
200 iterations
f(b) = 25.9614
Frob norm 2 after updating B : 4.69178
Iteration number -------- 10  -----------
lambda : 1.04591
max_diff => 0.069057
performed mixing
Frob norm 1 after updating U: 4.1048
200 iterations
f(b) = 21.286
Frob norm 2 after updating B : 4.20944
Iteration number -------- 11  -----------
lambda : 1.05114
max_diff => 0.0844322
performed mixing
Frob norm 1 after updating U: 3.5868
200 iterations
f(b) = 19.0071
Frob norm 2 after updating B : 4.04954
Iteration number -------- 12  -----------
lambda : 1.0564
max_diff => 0.0766136
performed mixing
Frob norm 1 after updating U: 3.52962
200 iterations
f(b) = 17.4805
Frob norm 2 after updating B : 3.88484
Iteration number -------- 13  -----------
lambda : 1.06168
max_diff => 0.0782298
performed mixing
Frob norm 1 after updating U: 3.51904
200 iterations
f(b) = 16.0099
Frob norm 2 after updating B : 3.81636
Iteration number -------- 14  -----------
lambda : 1.06699
max_diff => 0.041473
performed mixing
Frob norm 1 after updating U: 3.45316
200 iterations
f(b) = 15.0695
Frob norm 2 after updating B : 3.69307
Iteration number -------- 15  -----------
lambda : 1.07232
max_diff => 0.0395032
performed mixing
Frob norm 1 after updating U: 3.45383
200 iterations
f(b) = 14.1091
Frob norm 2 after updating B : 3.65387
Iteration number -------- 16  -----------
lambda : 1.07768
max_diff => 0.0143139
performed mixing
Frob norm 1 after updating U: 3.47189
200 iterations
f(b) = 13.6656
Frob norm 2 after updating B : 3.59033
Iteration number -------- 17  -----------
lambda : 1.08307
max_diff => 0.014308
performed mixing
Frob norm 1 after updating U: 3.47198
200 iterations
f(b) = 13.3669
Frob norm 2 after updating B : 3.54909
Iteration number -------- 18  -----------
lambda : 1.08849
max_diff => 0.0143689
performed mixing
Frob norm 1 after updating U: 3.47199
200 iterations
f(b) = 13.1703
Frob norm 2 after updating B : 3.52245
Iteration number -------- 19  -----------
lambda : 1.09393
max_diff => 0.0144904
performed mixing
Frob norm 1 after updating U: 3.47202
200 iterations
f(b) = 13.0475
Frob norm 2 after updating B : 3.50508
Iteration number -------- 20  -----------
lambda : 1.0994
max_diff => 0.0146026
performed mixing
Frob norm 1 after updating U: 3.47214
200 iterations
f(b) = 12.9505
Frob norm 2 after updating B : 3.49434
Iteration number -------- 21  -----------
lambda : 1.1049
max_diff => 0.0149244
performed mixing
Frob norm 1 after updating U: 3.4723
200 iterations
f(b) = 12.8856
Frob norm 2 after updating B : 3.48718
Iteration number -------- 22  -----------
lambda : 1.11042
max_diff => 0.0151843
performed mixing
Frob norm 1 after updating U: 3.47246
200 iterations
f(b) = 12.8229
Frob norm 2 after updating B : 3.48338
Iteration number -------- 23  -----------
lambda : 1.11597
max_diff => 0.0158299
performed mixing
Frob norm 1 after updating U: 3.47291
200 iterations
f(b) = 12.7968
Frob norm 2 after updating B : 3.48045
Iteration number -------- 24  -----------
lambda : 1.12155
max_diff => 0.016071
performed mixing
Frob norm 1 after updating U: 3.47344
200 iterations
f(b) = 12.7773
Frob norm 2 after updating B : 3.47862
Iteration number -------- 25  -----------
lambda : 1.12716
max_diff => 0.0163131
performed mixing
Frob norm 1 after updating U: 3.47389
200 iterations
f(b) = 12.7664
Frob norm 2 after updating B : 3.47762
Iteration number -------- 26  -----------
lambda : 1.1328
max_diff => 0.0165944
performed mixing
Frob norm 1 after updating U: 3.4744
200 iterations
f(b) = 12.7578
Frob norm 2 after updating B : 3.47667
Iteration number -------- 27  -----------
lambda : 1.13846
max_diff => 0.0167487
performed mixing
Frob norm 1 after updating U: 3.4745
200 iterations
f(b) = 12.7503
Frob norm 2 after updating B : 3.47618
Iteration number -------- 28  -----------
lambda : 1.14415
max_diff => 0.0169296
performed mixing
Frob norm 1 after updating U: 3.4747
200 iterations
f(b) = 12.7544
Frob norm 2 after updating B : 3.47621
Iteration number -------- 29  -----------
lambda : 1.14987
max_diff => 0.0171888
performed mixing
Frob norm 1 after updating U: 3.47516
200 iterations
f(b) = 12.7399
Frob norm 2 after updating B : 3.47656
Iteration number -------- 30  -----------
lambda : 1.15562
max_diff => 0.0175107
performed mixing
Frob norm 1 after updating U: 3.47579
200 iterations
f(b) = 12.7307
Frob norm 2 after updating B : 3.47713
Iteration number -------- 31  -----------
lambda : 1.1614
max_diff => 0.0178551
performed mixing
Frob norm 1 after updating U: 3.47654
200 iterations
f(b) = 12.7245
Frob norm 2 after updating B : 3.47746
Iteration number -------- 32  -----------
lambda : 1.16721
max_diff => 0.0182318
performed mixing
Frob norm 1 after updating U: 3.477
200 iterations
f(b) = 12.718
Frob norm 2 after updating B : 3.47809
Iteration number -------- 33  -----------
lambda : 1.17304
max_diff => 0.0186015
performed mixing
Frob norm 1 after updating U: 3.47772
200 iterations
f(b) = 12.721
Frob norm 2 after updating B : 3.47822
Iteration number -------- 34  -----------
lambda : 1.17891
max_diff => 0.018743
performed mixing
Frob norm 1 after updating U: 3.47796
200 iterations
f(b) = 12.7139
Frob norm 2 after updating B : 3.47885
Iteration number -------- 35  -----------
lambda : 1.1848
max_diff => 0.0190408
performed mixing
Frob norm 1 after updating U: 3.47863
200 iterations
f(b) = 12.713
Frob norm 2 after updating B : 3.47928
Iteration number -------- 36  -----------
lambda : 1.19073
max_diff => 0.0191995
performed mixing
Frob norm 1 after updating U: 3.47911
200 iterations
f(b) = 12.7121
Frob norm 2 after updating B : 3.47958
Iteration number -------- 37  -----------
lambda : 1.19668
max_diff => 0.0193727
performed mixing
Frob norm 1 after updating U: 3.47945
200 iterations
f(b) = 12.7048
Frob norm 2 after updating B : 3.48037
Iteration number -------- 38  -----------
lambda : 1.20266
max_diff => 0.0197234
performed mixing
Frob norm 1 after updating U: 3.48024
200 iterations
f(b) = 12.7015
Frob norm 2 after updating B : 3.48081
Iteration number -------- 39  -----------
lambda : 1.20868
max_diff => 0.0199523
performed mixing
Frob norm 1 after updating U: 3.4807
200 iterations
f(b) = 12.7011
Frob norm 2 after updating B : 3.48116
Iteration number -------- 40  -----------
lambda : 1.21472
max_diff => 0.0201774
performed mixing
Frob norm 1 after updating U: 3.48106
200 iterations
f(b) = 12.6958
Frob norm 2 after updating B : 3.48173
Iteration number -------- 41  -----------
lambda : 1.22079
max_diff => 0.0204121
performed mixing
Frob norm 1 after updating U: 3.48165
200 iterations
f(b) = 12.6801
Frob norm 2 after updating B : 3.48227
Iteration number -------- 42  -----------
lambda : 1.2269
max_diff => 0.020712
performed mixing
Frob norm 1 after updating U: 3.48219
200 iterations
f(b) = 12.6927
Frob norm 2 after updating B : 3.48265
Iteration number -------- 43  -----------
lambda : 1.23303
max_diff => 0.0209014
performed mixing
Frob norm 1 after updating U: 3.48258
200 iterations
f(b) = 12.6929
Frob norm 2 after updating B : 3.48307
Iteration number -------- 44  -----------
lambda : 1.2392
max_diff => 0.0211011
performed mixing
Frob norm 1 after updating U: 3.48302
200 iterations
f(b) = 12.6889
Frob norm 2 after updating B : 3.48343
Iteration number -------- 45  -----------
lambda : 1.24539
max_diff => 0.0212916
performed mixing
Frob norm 1 after updating U: 3.48339
200 iterations
f(b) = 12.6926
Frob norm 2 after updating B : 3.48376
Iteration number -------- 46  -----------
lambda : 1.25162
max_diff => 0.0214473
performed mixing
Frob norm 1 after updating U: 3.48373
200 iterations
f(b) = 12.6917
Frob norm 2 after updating B : 3.48412
Iteration number -------- 47  -----------
lambda : 1.25788
max_diff => 0.0216179
performed mixing
Frob norm 1 after updating U: 3.48408
200 iterations
f(b) = 12.6891
Frob norm 2 after updating B : 3.48493
Iteration number -------- 48  -----------
lambda : 1.26417
max_diff => 0.0218872
performed mixing
Frob norm 1 after updating U: 3.4849
200 iterations
f(b) = 12.6901
Frob norm 2 after updating B : 3.48546
Iteration number -------- 49  -----------
lambda : 1.27049
max_diff => 0.0221194
performed mixing
Frob norm 1 after updating U: 3.48542
200 iterations
f(b) = 12.688
Frob norm 2 after updating B : 3.48592
Iteration number -------- 50  -----------
lambda : 1.27684
max_diff => 0.0222978
performed mixing
Frob norm 1 after updating U: 3.48589
200 iterations
f(b) = 12.6883
Frob norm 2 after updating B : 3.48628
Iteration number -------- 51  -----------
lambda : 1.28323
max_diff => 0.022467
performed mixing
Frob norm 1 after updating U: 3.48625
200 iterations
f(b) = 12.6853
Frob norm 2 after updating B : 3.4872
Iteration number -------- 52  -----------
lambda : 1.28964
max_diff => 0.0227433
performed mixing
Frob norm 1 after updating U: 3.48717
200 iterations
f(b) = 12.6823
Frob norm 2 after updating B : 3.4878
Iteration number -------- 53  -----------
lambda : 1.29609
max_diff => 0.0229594
performed mixing
Frob norm 1 after updating U: 3.48777
200 iterations
f(b) = 12.6868
Frob norm 2 after updating B : 3.48841
Iteration number -------- 54  -----------
lambda : 1.30257
max_diff => 0.0231424
performed mixing
Frob norm 1 after updating U: 3.48838
200 iterations
f(b) = 12.6841
Frob norm 2 after updating B : 3.48909
Iteration number -------- 55  -----------
lambda : 1.30908
max_diff => 0.0233926
performed mixing
Frob norm 1 after updating U: 3.48906
200 iterations
f(b) = 12.6844
Frob norm 2 after updating B : 3.48937
Iteration number -------- 56  -----------
lambda : 1.31563
max_diff => 0.0234975
performed mixing
Frob norm 1 after updating U: 3.48935
200 iterations
f(b) = 12.6829
Frob norm 2 after updating B : 3.49007
Iteration number -------- 57  -----------
lambda : 1.32221
max_diff => 0.0236749
performed mixing
Frob norm 1 after updating U: 3.49004
200 iterations
f(b) = 12.6846
Frob norm 2 after updating B : 3.49057
Iteration number -------- 58  -----------
lambda : 1.32882
max_diff => 0.0238109
performed mixing
Frob norm 1 after updating U: 3.49055
200 iterations
f(b) = 12.683
Frob norm 2 after updating B : 3.49108
Iteration number -------- 59  -----------
lambda : 1.33546
max_diff => 0.0239426
performed mixing
Frob norm 1 after updating U: 3.49106
200 iterations
f(b) = 12.6809
Frob norm 2 after updating B : 3.49165
Iteration number -------- 60  -----------
lambda : 1.34214
max_diff => 0.0240793
performed mixing
Frob norm 1 after updating U: 3.49163
200 iterations
f(b) = 12.6815
Frob norm 2 after updating B : 3.49203
Iteration number -------- 61  -----------
lambda : 1.34885
max_diff => 0.0242002
performed mixing
Frob norm 1 after updating U: 3.49202
200 iterations
f(b) = 12.6794
Frob norm 2 after updating B : 3.49289
Iteration number -------- 62  -----------
lambda : 1.35559
max_diff => 0.024417
performed mixing
Frob norm 1 after updating U: 3.49287
200 iterations
f(b) = 12.678
Frob norm 2 after updating B : 3.49336
Iteration number -------- 63  -----------
lambda : 1.36237
max_diff => 0.024552
performed mixing
Frob norm 1 after updating U: 3.49335
200 iterations
f(b) = 12.6817
Frob norm 2 after updating B : 3.49379
Iteration number -------- 64  -----------
lambda : 1.36918
max_diff => 0.0246654
performed mixing
Frob norm 1 after updating U: 3.49378
200 iterations
f(b) = 12.6823
Frob norm 2 after updating B : 3.49437
Iteration number -------- 65  -----------
lambda : 1.37603
max_diff => 0.0248129
performed mixing
Frob norm 1 after updating U: 3.49436
200 iterations
f(b) = 12.68
Frob norm 2 after updating B : 3.49489
Iteration number -------- 66  -----------
lambda : 1.38291
max_diff => 0.0249551
performed mixing
Frob norm 1 after updating U: 3.49488
200 iterations
f(b) = 12.6818
Frob norm 2 after updating B : 3.49537
Iteration number -------- 67  -----------
lambda : 1.38982
max_diff => 0.0250828
performed mixing
Frob norm 1 after updating U: 3.49536
200 iterations
f(b) = 12.6857
Frob norm 2 after updating B : 3.49591
Iteration number -------- 68  -----------
lambda : 1.39677
max_diff => 0.025215
performed mixing
Frob norm 1 after updating U: 3.4959
200 iterations
f(b) = 12.6219
Frob norm 2 after updating B : 3.49673
Iteration number -------- 69  -----------
lambda : 1.40376
max_diff => 0.0254242
performed mixing
Frob norm 1 after updating U: 3.49672
200 iterations
f(b) = 12.6827
Frob norm 2 after updating B : 3.49734
Iteration number -------- 70  -----------
lambda : 1.41078
max_diff => 0.0255272
performed mixing
Frob norm 1 after updating U: 3.49733
200 iterations
f(b) = 12.6843
Frob norm 2 after updating B : 3.4982
Iteration number -------- 71  -----------
lambda : 1.41783
max_diff => 0.0257088
performed mixing
Frob norm 1 after updating U: 3.4982
200 iterations
f(b) = 12.6839
Frob norm 2 after updating B : 3.49901
Iteration number -------- 72  -----------
lambda : 1.42492
max_diff => 0.0258605
performed mixing
Frob norm 1 after updating U: 3.499
200 iterations
f(b) = 12.6857
Frob norm 2 after updating B : 3.49945
Iteration number -------- 73  -----------
lambda : 1.43204
max_diff => 0.0259449
performed mixing
Frob norm 1 after updating U: 3.49944
200 iterations
f(b) = 12.6857
Frob norm 2 after updating B : 3.49991
Iteration number -------- 74  -----------
lambda : 1.4392
max_diff => 0.0260388
performed mixing
Frob norm 1 after updating U: 3.49991
200 iterations
f(b) = 12.6832
Frob norm 2 after updating B : 3.50039
Iteration number -------- 75  -----------
lambda : 1.4464
max_diff => 0.0261493
performed mixing
Frob norm 1 after updating U: 3.50038
200 iterations
f(b) = 12.6856
Frob norm 2 after updating B : 3.50079
Iteration number -------- 76  -----------
lambda : 1.45363
max_diff => 0.0262209
performed mixing
Frob norm 1 after updating U: 3.50078
200 iterations
f(b) = 12.6853
Frob norm 2 after updating B : 3.50145
Iteration number -------- 77  -----------
lambda : 1.4609
max_diff => 0.0263202
performed mixing
Frob norm 1 after updating U: 3.50145
200 iterations
f(b) = 12.6833
Frob norm 2 after updating B : 3.50223
Iteration number -------- 78  -----------
lambda : 1.46821
max_diff => 0.0264496
performed mixing
Frob norm 1 after updating U: 3.50222
200 iterations
f(b) = 12.6891
Frob norm 2 after updating B : 3.50267
Iteration number -------- 79  -----------
lambda : 1.47555
max_diff => 0.0265184
performed mixing
Frob norm 1 after updating U: 3.50266
200 iterations
f(b) = 12.6865
Frob norm 2 after updating B : 3.50307
Iteration number -------- 80  -----------
lambda : 1.48292
max_diff => 0.0266344
performed mixing
Frob norm 1 after updating U: 3.50307
200 iterations
f(b) = 12.6894
Frob norm 2 after updating B : 3.50343
Iteration number -------- 81  -----------
lambda : 1.49034
max_diff => 0.0267348
performed mixing
Frob norm 1 after updating U: 3.50343
200 iterations
f(b) = 12.6867
Frob norm 2 after updating B : 3.50372
Iteration number -------- 82  -----------
lambda : 1.49779
max_diff => 0.0268313
performed mixing
Frob norm 1 after updating U: 3.50372
200 iterations
f(b) = 12.684
Frob norm 2 after updating B : 3.50407
Iteration number -------- 83  -----------
lambda : 1.50528
max_diff => 0.0269481
performed mixing
Frob norm 1 after updating U: 3.50406
200 iterations
f(b) = 12.6903
Frob norm 2 after updating B : 3.50449
Iteration number -------- 84  -----------
lambda : 1.51281
max_diff => 0.0270388
performed mixing
Frob norm 1 after updating U: 3.50448
200 iterations
f(b) = 12.6908
Frob norm 2 after updating B : 3.50493
Iteration number -------- 85  -----------
lambda : 1.52037
max_diff => 0.0271429
performed mixing
Frob norm 1 after updating U: 3.50493
200 iterations
f(b) = 12.6942
Frob norm 2 after updating B : 3.50523
Iteration number -------- 86  -----------
lambda : 1.52797
max_diff => 0.027223
performed mixing
Frob norm 1 after updating U: 3.50523
200 iterations
f(b) = 12.6872
Frob norm 2 after updating B : 3.50561
Iteration number -------- 87  -----------
lambda : 1.53561
max_diff => 0.0273261
performed mixing
Frob norm 1 after updating U: 3.50561
200 iterations
f(b) = 12.6947
Frob norm 2 after updating B : 3.50581
Iteration number -------- 88  -----------
lambda : 1.54329
max_diff => 0.0274043
performed mixing
Frob norm 1 after updating U: 3.50581
200 iterations
f(b) = 12.6899
Frob norm 2 after updating B : 3.50619
Iteration number -------- 89  -----------
lambda : 1.55101
max_diff => 0.0275113
performed mixing
Frob norm 1 after updating U: 3.50619
200 iterations
f(b) = 12.6886
Frob norm 2 after updating B : 3.5065
Iteration number -------- 90  -----------
lambda : 1.55876
max_diff => 0.0276678
performed mixing
Frob norm 1 after updating U: 3.5065
200 iterations
f(b) = 12.699
Frob norm 2 after updating B : 3.50683
Iteration number -------- 91  -----------
lambda : 1.56655
max_diff => 0.0277269
performed mixing
Frob norm 1 after updating U: 3.50683
200 iterations
f(b) = 12.6977
Frob norm 2 after updating B : 3.50708
Iteration number -------- 92  -----------
lambda : 1.57439
max_diff => 0.0277916
performed mixing
Frob norm 1 after updating U: 3.50707
200 iterations
f(b) = 12.6996
Frob norm 2 after updating B : 3.5073
Iteration number -------- 93  -----------
lambda : 1.58226
max_diff => 0.0278863
performed mixing
Frob norm 1 after updating U: 3.50729
200 iterations
f(b) = 12.6982
Frob norm 2 after updating B : 3.50731
Iteration number -------- 94  -----------
lambda : 1.59017
max_diff => 0.0279521
performed mixing
Frob norm 1 after updating U: 3.5073
200 iterations
f(b) = 12.7006
Frob norm 2 after updating B : 3.50736
Iteration number -------- 95  -----------
lambda : 1.59812
max_diff => 0.0280032
performed mixing
Frob norm 1 after updating U: 3.50736
200 iterations
f(b) = 12.6894
Frob norm 2 after updating B : 3.50749
Iteration number -------- 96  -----------
lambda : 1.60611
max_diff => 0.0280964
performed mixing
Frob norm 1 after updating U: 3.50749
200 iterations
f(b) = 12.7054
Frob norm 2 after updating B : 3.50755
Iteration number -------- 97  -----------
lambda : 1.61414
max_diff => 0.0281846
performed mixing
Frob norm 1 after updating U: 3.50755
200 iterations
f(b) = 12.7094
Frob norm 2 after updating B : 3.50754
Iteration number -------- 98  -----------
lambda : 1.62221
max_diff => 0.0282528
performed mixing
Frob norm 1 after updating U: 3.50753
200 iterations
f(b) = 12.7111
Frob norm 2 after updating B : 3.50749
Iteration number -------- 99  -----------
lambda : 1.63032
max_diff => 0.0283191
performed mixing
Frob norm 1 after updating U: 3.50748
200 iterations
f(b) = 12.7127
Frob norm 2 after updating B : 3.50739
Iteration number -------- 100  -----------
lambda : 1.63848
max_diff => 0.0284003
