Academic license - for non-commercial use only
Frob norm 1 after updating U: 12.9412
200 iterations
f(b) = 99.9862
Frob norm 2 after updating B : 9.3033
Iteration number -------- 1  -----------
lambda : 1
max_diff => 0.146979
performed mixing
Frob norm 1 after updating U: 7.85953
200 iterations
f(b) = 88.1728
Frob norm 2 after updating B : 8.7405
Iteration number -------- 2  -----------
lambda : 1.005
max_diff => 0.138684
performed mixing
Frob norm 1 after updating U: 7.43916
200 iterations
f(b) = 79.6354
Frob norm 2 after updating B : 8.30881
Iteration number -------- 3  -----------
lambda : 1.01002
max_diff => 0.127024
performed mixing
Frob norm 1 after updating U: 7.22518
200 iterations
f(b) = 73.1029
Frob norm 2 after updating B : 7.9655
Iteration number -------- 4  -----------
lambda : 1.01508
max_diff => 0.120965
performed mixing
Frob norm 1 after updating U: 7.03404
200 iterations
f(b) = 65.971
Frob norm 2 after updating B : 7.58474
Iteration number -------- 5  -----------
lambda : 1.02015
max_diff => 0.115465
performed mixing
Frob norm 1 after updating U: 6.65693
200 iterations
f(b) = 60.1413
Frob norm 2 after updating B : 7.26889
Iteration number -------- 6  -----------
lambda : 1.02525
max_diff => 0.115895
performed mixing
Frob norm 1 after updating U: 6.47315
200 iterations
f(b) = 55.5836
Frob norm 2 after updating B : 7.03201
Iteration number -------- 7  -----------
lambda : 1.03038
max_diff => 0.115521
performed mixing
Frob norm 1 after updating U: 6.37298
200 iterations
f(b) = 52.0753
Frob norm 2 after updating B : 6.83305
Iteration number -------- 8  -----------
lambda : 1.03553
max_diff => 0.114624
performed mixing
Frob norm 1 after updating U: 6.32725
200 iterations
f(b) = 49.7688
Frob norm 2 after updating B : 6.658
Iteration number -------- 9  -----------
lambda : 1.04071
max_diff => 0.114596
performed mixing
Frob norm 1 after updating U: 6.32675
200 iterations
f(b) = 48.0198
Frob norm 2 after updating B : 6.55212
Iteration number -------- 10  -----------
lambda : 1.04591
max_diff => 0.113045
performed mixing
Frob norm 1 after updating U: 6.30514
200 iterations
f(b) = 46.9238
Frob norm 2 after updating B : 6.4656
Iteration number -------- 11  -----------
lambda : 1.05114
max_diff => 0.112952
performed mixing
Frob norm 1 after updating U: 6.30454
200 iterations
f(b) = 46.0939
Frob norm 2 after updating B : 6.40953
Iteration number -------- 12  -----------
lambda : 1.0564
max_diff => 0.111346
performed mixing
Frob norm 1 after updating U: 6.29241
200 iterations
f(b) = 45.5987
Frob norm 2 after updating B : 6.36775
Iteration number -------- 13  -----------
lambda : 1.06168
max_diff => 0.111234
performed mixing
Frob norm 1 after updating U: 6.29143
200 iterations
f(b) = 45.2437
Frob norm 2 after updating B : 6.33847
Iteration number -------- 14  -----------
lambda : 1.06699
max_diff => 0.110704
performed mixing
Frob norm 1 after updating U: 6.2872
200 iterations
f(b) = 45.0392
Frob norm 2 after updating B : 6.31954
Iteration number -------- 15  -----------
lambda : 1.07232
max_diff => 0.110537
performed mixing
Frob norm 1 after updating U: 6.28585
200 iterations
f(b) = 43.5253
Frob norm 2 after updating B : 6.15435
Iteration number -------- 16  -----------
lambda : 1.07768
max_diff => 0.096507
performed mixing
Frob norm 1 after updating U: 5.7047
200 iterations
f(b) = 39.5155
Frob norm 2 after updating B : 5.91642
Iteration number -------- 17  -----------
lambda : 1.08307
max_diff => 0.0622831
performed mixing
Frob norm 1 after updating U: 5.69861
200 iterations
f(b) = 38.6062
Frob norm 2 after updating B : 5.84135
Iteration number -------- 18  -----------
lambda : 1.08849
max_diff => 0.0622783
performed mixing
Frob norm 1 after updating U: 5.69228
200 iterations
f(b) = 37.8177
Frob norm 2 after updating B : 5.77419
Iteration number -------- 19  -----------
lambda : 1.09393
max_diff => 0.0729277
performed mixing
Frob norm 1 after updating U: 5.62062
200 iterations
f(b) = 34.3503
Frob norm 2 after updating B : 5.50555
Iteration number -------- 20  -----------
lambda : 1.0994
max_diff => 0.0607734
performed mixing
Frob norm 1 after updating U: 5.26174
200 iterations
f(b) = 33.0657
Frob norm 2 after updating B : 5.40963
Iteration number -------- 21  -----------
lambda : 1.1049
max_diff => 0.0600297
performed mixing
Frob norm 1 after updating U: 5.25314
200 iterations
f(b) = 32.5194
Frob norm 2 after updating B : 5.35444
Iteration number -------- 22  -----------
lambda : 1.11042
max_diff => 0.0599978
performed mixing
Frob norm 1 after updating U: 5.25298
200 iterations
f(b) = 32.1454
Frob norm 2 after updating B : 5.31864
Iteration number -------- 23  -----------
lambda : 1.11597
max_diff => 0.0598809
performed mixing
Frob norm 1 after updating U: 5.25249
200 iterations
f(b) = 31.9061
Frob norm 2 after updating B : 5.29537
Iteration number -------- 24  -----------
lambda : 1.12155
max_diff => 0.0597744
performed mixing
Frob norm 1 after updating U: 5.25212
200 iterations
f(b) = 31.7284
Frob norm 2 after updating B : 5.2802
Iteration number -------- 25  -----------
lambda : 1.12716
max_diff => 0.0595321
performed mixing
Frob norm 1 after updating U: 5.25144
200 iterations
f(b) = 31.4856
Frob norm 2 after updating B : 5.27886
Iteration number -------- 26  -----------
lambda : 1.1328
max_diff => 0.0577352
performed mixing
Frob norm 1 after updating U: 5.24374
200 iterations
f(b) = 31.3864
Frob norm 2 after updating B : 5.26668
Iteration number -------- 27  -----------
lambda : 1.13846
max_diff => 0.0577372
performed mixing
Frob norm 1 after updating U: 5.24397
200 iterations
f(b) = 31.3395
Frob norm 2 after updating B : 5.25869
Iteration number -------- 28  -----------
lambda : 1.14415
max_diff => 0.0577522
performed mixing
Frob norm 1 after updating U: 5.24397
200 iterations
f(b) = 31.2972
Frob norm 2 after updating B : 5.25361
Iteration number -------- 29  -----------
lambda : 1.14987
max_diff => 0.0577528
performed mixing
Frob norm 1 after updating U: 5.24396
200 iterations
f(b) = 31.1205
Frob norm 2 after updating B : 5.26896
Iteration number -------- 30  -----------
lambda : 1.15562
max_diff => 0.0584655
performed mixing
Frob norm 1 after updating U: 5.24402
200 iterations
f(b) = 31.0115
Frob norm 2 after updating B : 5.2592
Iteration number -------- 31  -----------
lambda : 1.1614
max_diff => 0.0585959
performed mixing
Frob norm 1 after updating U: 5.24336
200 iterations
f(b) = 30.9744
Frob norm 2 after updating B : 5.25352
Iteration number -------- 32  -----------
lambda : 1.16721
max_diff => 0.0586152
performed mixing
Frob norm 1 after updating U: 5.24337
200 iterations
f(b) = 30.9485
Frob norm 2 after updating B : 5.24988
Iteration number -------- 33  -----------
lambda : 1.17304
max_diff => 0.0586231
performed mixing
Frob norm 1 after updating U: 5.24332
200 iterations
f(b) = 30.9341
Frob norm 2 after updating B : 5.24769
Iteration number -------- 34  -----------
lambda : 1.17891
max_diff => 0.058647
performed mixing
Frob norm 1 after updating U: 5.24335
200 iterations
f(b) = 30.9235
Frob norm 2 after updating B : 5.24617
Iteration number -------- 35  -----------
lambda : 1.1848
max_diff => 0.0587107
performed mixing
Frob norm 1 after updating U: 5.24323
200 iterations
f(b) = 30.9293
Frob norm 2 after updating B : 5.24505
Iteration number -------- 36  -----------
lambda : 1.19073
max_diff => 0.0587312
performed mixing
Frob norm 1 after updating U: 5.24314
200 iterations
f(b) = 30.9237
Frob norm 2 after updating B : 5.24441
Iteration number -------- 37  -----------
lambda : 1.19668
max_diff => 0.0588187
performed mixing
Frob norm 1 after updating U: 5.24302
200 iterations
f(b) = 30.8227
Frob norm 2 after updating B : 5.24574
Iteration number -------- 38  -----------
lambda : 1.20266
max_diff => 0.0593659
performed mixing
Frob norm 1 after updating U: 5.24237
200 iterations
f(b) = 30.8397
Frob norm 2 after updating B : 5.24431
Iteration number -------- 39  -----------
lambda : 1.20868
max_diff => 0.0594254
performed mixing
Frob norm 1 after updating U: 5.24213
200 iterations
f(b) = 30.7265
Frob norm 2 after updating B : 5.24483
Iteration number -------- 40  -----------
lambda : 1.21472
max_diff => 0.0614909
performed mixing
Frob norm 1 after updating U: 5.23746
200 iterations
f(b) = 30.7481
Frob norm 2 after updating B : 5.24143
Iteration number -------- 41  -----------
lambda : 1.22079
max_diff => 0.0615795
performed mixing
Frob norm 1 after updating U: 5.23718
200 iterations
f(b) = 30.7483
Frob norm 2 after updating B : 5.23925
Iteration number -------- 42  -----------
lambda : 1.2269
max_diff => 0.0615514
performed mixing
Frob norm 1 after updating U: 5.23694
200 iterations
f(b) = 30.7431
Frob norm 2 after updating B : 5.23783
Iteration number -------- 43  -----------
lambda : 1.23303
max_diff => 0.0615731
performed mixing
Frob norm 1 after updating U: 5.2366
200 iterations
f(b) = 30.742
Frob norm 2 after updating B : 5.23682
Iteration number -------- 44  -----------
lambda : 1.2392
max_diff => 0.0616294
performed mixing
Frob norm 1 after updating U: 5.23619
200 iterations
f(b) = 30.7373
Frob norm 2 after updating B : 5.23613
Iteration number -------- 45  -----------
lambda : 1.24539
max_diff => 0.061659
performed mixing
Frob norm 1 after updating U: 5.23583
200 iterations
f(b) = 30.7673
Frob norm 2 after updating B : 5.23541
Iteration number -------- 46  -----------
lambda : 1.25162
max_diff => 0.061761
performed mixing
Frob norm 1 after updating U: 5.23528
200 iterations
f(b) = 30.7762
Frob norm 2 after updating B : 5.23498
Iteration number -------- 47  -----------
lambda : 1.25788
max_diff => 0.0617912
performed mixing
Frob norm 1 after updating U: 5.23495
200 iterations
f(b) = 30.738
Frob norm 2 after updating B : 5.23374
Iteration number -------- 48  -----------
lambda : 1.26417
max_diff => 0.0621726
performed mixing
Frob norm 1 after updating U: 5.2336
200 iterations
f(b) = 30.7765
Frob norm 2 after updating B : 5.23297
Iteration number -------- 49  -----------
lambda : 1.27049
max_diff => 0.0623456
performed mixing
Frob norm 1 after updating U: 5.23268
200 iterations
f(b) = 30.7953
Frob norm 2 after updating B : 5.23248
Iteration number -------- 50  -----------
lambda : 1.27684
max_diff => 0.0624084
performed mixing
Frob norm 1 after updating U: 5.23232
200 iterations
f(b) = 30.8015
Frob norm 2 after updating B : 5.23196
Iteration number -------- 51  -----------
lambda : 1.28323
max_diff => 0.0625474
performed mixing
Frob norm 1 after updating U: 5.23182
200 iterations
f(b) = 30.8068
Frob norm 2 after updating B : 5.2314
Iteration number -------- 52  -----------
lambda : 1.28964
max_diff => 0.0626925
performed mixing
Frob norm 1 after updating U: 5.23123
200 iterations
f(b) = 30.8136
Frob norm 2 after updating B : 5.23092
Iteration number -------- 53  -----------
lambda : 1.29609
max_diff => 0.0628145
performed mixing
Frob norm 1 after updating U: 5.23077
200 iterations
f(b) = 30.8128
Frob norm 2 after updating B : 5.2301
Iteration number -------- 54  -----------
lambda : 1.30257
max_diff => 0.0630672
performed mixing
Frob norm 1 after updating U: 5.22982
200 iterations
f(b) = 30.8178
Frob norm 2 after updating B : 5.22948
Iteration number -------- 55  -----------
lambda : 1.30908
max_diff => 0.0632525
performed mixing
Frob norm 1 after updating U: 5.22918
200 iterations
f(b) = 30.8173
Frob norm 2 after updating B : 5.22927
Iteration number -------- 56  -----------
lambda : 1.31563
max_diff => 0.0633494
performed mixing
Frob norm 1 after updating U: 5.22892
200 iterations
f(b) = 30.5606
Frob norm 2 after updating B : 5.23873
Iteration number -------- 57  -----------
lambda : 1.32221
max_diff => 0.068194
performed mixing
Frob norm 1 after updating U: 5.2183
200 iterations
f(b) = 30.5497
Frob norm 2 after updating B : 5.23103
Iteration number -------- 58  -----------
lambda : 1.32882
max_diff => 0.0683121
performed mixing
Frob norm 1 after updating U: 5.21782
200 iterations
f(b) = 30.5025
Frob norm 2 after updating B : 5.22602
Iteration number -------- 59  -----------
lambda : 1.33546
max_diff => 0.0684607
performed mixing
Frob norm 1 after updating U: 5.21729
200 iterations
f(b) = 30.4576
Frob norm 2 after updating B : 5.22131
Iteration number -------- 60  -----------
lambda : 1.34214
max_diff => 0.0691752
performed mixing
Frob norm 1 after updating U: 5.2144
200 iterations
f(b) = 30.4637
Frob norm 2 after updating B : 5.21867
Iteration number -------- 61  -----------
lambda : 1.34885
max_diff => 0.0692308
performed mixing
Frob norm 1 after updating U: 5.21417
200 iterations
f(b) = 30.3912
Frob norm 2 after updating B : 5.21531
Iteration number -------- 62  -----------
lambda : 1.35559
max_diff => 0.069574
performed mixing
Frob norm 1 after updating U: 5.21199
200 iterations
f(b) = 30.4315
Frob norm 2 after updating B : 5.21354
Iteration number -------- 63  -----------
lambda : 1.36237
max_diff => 0.0697423
performed mixing
Frob norm 1 after updating U: 5.21126
200 iterations
f(b) = 30.4423
Frob norm 2 after updating B : 5.21236
Iteration number -------- 64  -----------
lambda : 1.36918
max_diff => 0.0698607
performed mixing
Frob norm 1 after updating U: 5.21076
200 iterations
f(b) = 30.4427
Frob norm 2 after updating B : 5.21123
Iteration number -------- 65  -----------
lambda : 1.37603
max_diff => 0.0700162
performed mixing
Frob norm 1 after updating U: 5.20999
200 iterations
f(b) = 30.434
Frob norm 2 after updating B : 5.20968
Iteration number -------- 66  -----------
lambda : 1.38291
max_diff => 0.0702697
performed mixing
Frob norm 1 after updating U: 5.20865
200 iterations
f(b) = 30.2347
Frob norm 2 after updating B : 5.1993
Iteration number -------- 67  -----------
lambda : 1.38982
max_diff => 0.0753798
performed mixing
Frob norm 1 after updating U: 5.18259
200 iterations
f(b) = 30.1204
Frob norm 2 after updating B : 5.18832
Iteration number -------- 68  -----------
lambda : 1.39677
max_diff => 0.07616
performed mixing
Frob norm 1 after updating U: 5.17578
200 iterations
f(b) = 30.083
Frob norm 2 after updating B : 5.18304
Iteration number -------- 69  -----------
lambda : 1.40376
max_diff => 0.0764029
performed mixing
Frob norm 1 after updating U: 5.17454
200 iterations
f(b) = 30.0649
Frob norm 2 after updating B : 5.17924
Iteration number -------- 70  -----------
lambda : 1.41078
max_diff => 0.0765395
performed mixing
Frob norm 1 after updating U: 5.1735
200 iterations
f(b) = 30.0388
Frob norm 2 after updating B : 5.1759
Iteration number -------- 71  -----------
lambda : 1.41783
max_diff => 0.0768047
performed mixing
Frob norm 1 after updating U: 5.17153
200 iterations
f(b) = 30.0219
Frob norm 2 after updating B : 5.17247
Iteration number -------- 72  -----------
lambda : 1.42492
max_diff => 0.0770864
performed mixing
Frob norm 1 after updating U: 5.16916
200 iterations
f(b) = 29.6238
Frob norm 2 after updating B : 5.1345
Iteration number -------- 73  -----------
lambda : 1.43204
max_diff => 0.0826387
performed mixing
Frob norm 1 after updating U: 5.10757
200 iterations
f(b) = 29.5127
Frob norm 2 after updating B : 5.11786
Iteration number -------- 74  -----------
lambda : 1.4392
max_diff => 0.0829863
performed mixing
Frob norm 1 after updating U: 5.0991
200 iterations
f(b) = 29.4564
Frob norm 2 after updating B : 5.10967
Iteration number -------- 75  -----------
lambda : 1.4464
max_diff => 0.083096
performed mixing
Frob norm 1 after updating U: 5.09682
200 iterations
f(b) = 28.6356
Frob norm 2 after updating B : 5.05237
Iteration number -------- 76  -----------
lambda : 1.45363
max_diff => 0.0767527
performed mixing
Frob norm 1 after updating U: 4.93881
200 iterations
f(b) = 28.2413
Frob norm 2 after updating B : 5.01097
Iteration number -------- 77  -----------
lambda : 1.4609
max_diff => 0.0766499
performed mixing
Frob norm 1 after updating U: 4.93611
200 iterations
f(b) = 27.945
Frob norm 2 after updating B : 4.98263
Iteration number -------- 78  -----------
lambda : 1.46821
max_diff => 0.0764601
performed mixing
Frob norm 1 after updating U: 4.93266
200 iterations
f(b) = 26.9273
Frob norm 2 after updating B : 4.93565
Iteration number -------- 79  -----------
lambda : 1.47555
max_diff => 0.0649191
performed mixing
Frob norm 1 after updating U: 4.82167
200 iterations
f(b) = 26.5801
Frob norm 2 after updating B : 4.89526
Iteration number -------- 80  -----------
lambda : 1.48292
max_diff => 0.0648142
performed mixing
Frob norm 1 after updating U: 4.82109
200 iterations
f(b) = 26.31
Frob norm 2 after updating B : 4.86825
Iteration number -------- 81  -----------
lambda : 1.49034
max_diff => 0.0645192
performed mixing
Frob norm 1 after updating U: 4.81891
200 iterations
f(b) = 25.6006
Frob norm 2 after updating B : 4.83522
Iteration number -------- 82  -----------
lambda : 1.49779
max_diff => 0.0624184
performed mixing
Frob norm 1 after updating U: 4.73034
200 iterations
f(b) = 25.2787
Frob norm 2 after updating B : 4.79793
Iteration number -------- 83  -----------
lambda : 1.50528
max_diff => 0.0624016
performed mixing
Frob norm 1 after updating U: 4.72947
200 iterations
f(b) = 24.5301
Frob norm 2 after updating B : 4.79633
Iteration number -------- 84  -----------
lambda : 1.51281
max_diff => 0.0639865
performed mixing
Frob norm 1 after updating U: 4.60213
200 iterations
f(b) = 23.8534
Frob norm 2 after updating B : 4.72718
Iteration number -------- 85  -----------
lambda : 1.52037
max_diff => 0.0626248
performed mixing
Frob norm 1 after updating U: 4.59998
200 iterations
f(b) = 23.2245
Frob norm 2 after updating B : 4.68156
Iteration number -------- 86  -----------
lambda : 1.52797
max_diff => 0.0599573
performed mixing
Frob norm 1 after updating U: 4.58865
200 iterations
f(b) = 22.7616
Frob norm 2 after updating B : 4.65045
Iteration number -------- 87  -----------
lambda : 1.53561
max_diff => 0.0556259
performed mixing
Frob norm 1 after updating U: 4.5682
200 iterations
f(b) = 22.4892
Frob norm 2 after updating B : 4.62053
Iteration number -------- 88  -----------
lambda : 1.54329
max_diff => 0.0551735
performed mixing
Frob norm 1 after updating U: 4.5673
200 iterations
f(b) = 22.3106
Frob norm 2 after updating B : 4.60074
Iteration number -------- 89  -----------
lambda : 1.55101
max_diff => 0.0545324
performed mixing
Frob norm 1 after updating U: 4.56588
200 iterations
f(b) = 21.8844
Frob norm 2 after updating B : 4.58428
Iteration number -------- 90  -----------
lambda : 1.55876
max_diff => 0.0365261
performed mixing
Frob norm 1 after updating U: 4.54601
200 iterations
f(b) = 21.5046
Frob norm 2 after updating B : 4.56614
Iteration number -------- 91  -----------
lambda : 1.56655
max_diff => 0.0263898
performed mixing
Frob norm 1 after updating U: 4.52983
200 iterations
f(b) = 21.4189
Frob norm 2 after updating B : 4.55333
Iteration number -------- 92  -----------
lambda : 1.57439
max_diff => 0.0259698
performed mixing
Frob norm 1 after updating U: 4.52973
200 iterations
f(b) = 21.3324
Frob norm 2 after updating B : 4.54473
Iteration number -------- 93  -----------
lambda : 1.58226
max_diff => 0.0251308
performed mixing
Frob norm 1 after updating U: 4.52915
200 iterations
f(b) = 21.273
Frob norm 2 after updating B : 4.53888
Iteration number -------- 94  -----------
lambda : 1.59017
max_diff => 0.0241247
performed mixing
Frob norm 1 after updating U: 4.52844
200 iterations
f(b) = 21.2335
Frob norm 2 after updating B : 4.53494
Iteration number -------- 95  -----------
lambda : 1.59812
max_diff => 0.0233614
performed mixing
Frob norm 1 after updating U: 4.52798
200 iterations
f(b) = 21.1959
Frob norm 2 after updating B : 4.5321
Iteration number -------- 96  -----------
lambda : 1.60611
max_diff => 0.0224119
performed mixing
Frob norm 1 after updating U: 4.52736
200 iterations
f(b) = 20.9928
Frob norm 2 after updating B : 4.52791
Iteration number -------- 97  -----------
lambda : 1.61414
max_diff => 0.0215835
performed mixing
Frob norm 1 after updating U: 4.52271
200 iterations
f(b) = 21.0364
Frob norm 2 after updating B : 4.52597
Iteration number -------- 98  -----------
lambda : 1.62221
max_diff => 0.0216074
performed mixing
Frob norm 1 after updating U: 4.52251
200 iterations
f(b) = 21.0257
Frob norm 2 after updating B : 4.52455
Iteration number -------- 99  -----------
lambda : 1.63032
max_diff => 0.0216713
performed mixing
Frob norm 1 after updating U: 4.52223
200 iterations
f(b) = 21.0154
Frob norm 2 after updating B : 4.52352
Iteration number -------- 100  -----------
lambda : 1.63848
max_diff => 0.0217239
