Academic license - for non-commercial use only
Frob norm 1 after updating U: 13.6405
200 iterations
f(b) = 115.782
Frob norm 2 after updating B : 10.1158
Iteration number -------- 1  -----------
lambda : 1
max_diff => 0.17996
performed mixing
Frob norm 1 after updating U: 9.08211
200 iterations
f(b) = 101.828
Frob norm 2 after updating B : 9.47606
Iteration number -------- 2  -----------
lambda : 1.005
max_diff => 0.148947
performed mixing
Frob norm 1 after updating U: 8.04307
200 iterations
f(b) = 91.3839
Frob norm 2 after updating B : 8.97019
Iteration number -------- 3  -----------
lambda : 1.01002
max_diff => 0.133481
performed mixing
Frob norm 1 after updating U: 7.47007
200 iterations
f(b) = 81.3003
Frob norm 2 after updating B : 8.48952
Iteration number -------- 4  -----------
lambda : 1.01508
max_diff => 0.125615
performed mixing
Frob norm 1 after updating U: 7.18319
200 iterations
f(b) = 73.5391
Frob norm 2 after updating B : 8.05965
Iteration number -------- 5  -----------
lambda : 1.02015
max_diff => 0.123793
performed mixing
Frob norm 1 after updating U: 7.03474
200 iterations
f(b) = 67.8838
Frob norm 2 after updating B : 7.72056
Iteration number -------- 6  -----------
lambda : 1.02525
max_diff => 0.122537
performed mixing
Frob norm 1 after updating U: 6.95657
200 iterations
f(b) = 63.8186
Frob norm 2 after updating B : 7.46723
Iteration number -------- 7  -----------
lambda : 1.03038
max_diff => 0.121994
performed mixing
Frob norm 1 after updating U: 6.9141
200 iterations
f(b) = 61.0772
Frob norm 2 after updating B : 7.27822
Iteration number -------- 8  -----------
lambda : 1.03553
max_diff => 0.121962
performed mixing
Frob norm 1 after updating U: 6.91283
200 iterations
f(b) = 59.001
Frob norm 2 after updating B : 7.15617
Iteration number -------- 9  -----------
lambda : 1.04071
max_diff => 0.120097
performed mixing
Frob norm 1 after updating U: 6.86267
200 iterations
f(b) = 57.6217
Frob norm 2 after updating B : 7.05427
Iteration number -------- 10  -----------
lambda : 1.04591
max_diff => 0.120094
performed mixing
Frob norm 1 after updating U: 6.86243
200 iterations
f(b) = 56.5118
Frob norm 2 after updating B : 6.99296
Iteration number -------- 11  -----------
lambda : 1.05114
max_diff => 0.119071
performed mixing
Frob norm 1 after updating U: 6.83066
200 iterations
f(b) = 55.7782
Frob norm 2 after updating B : 6.93515
Iteration number -------- 12  -----------
lambda : 1.0564
max_diff => 0.11908
performed mixing
Frob norm 1 after updating U: 6.82995
200 iterations
f(b) = 55.0653
Frob norm 2 after updating B : 6.89525
Iteration number -------- 13  -----------
lambda : 1.06168
max_diff => 0.118887
performed mixing
Frob norm 1 after updating U: 6.78341
200 iterations
f(b) = 48.2278
Frob norm 2 after updating B : 6.4352
Iteration number -------- 14  -----------
lambda : 1.06699
max_diff => 0.121191
performed mixing
Frob norm 1 after updating U: 6.03484
200 iterations
f(b) = 46.4743
Frob norm 2 after updating B : 6.29444
Iteration number -------- 15  -----------
lambda : 1.07232
max_diff => 0.120875
performed mixing
Frob norm 1 after updating U: 6.03338
200 iterations
f(b) = 45.0886
Frob norm 2 after updating B : 6.21114
Iteration number -------- 16  -----------
lambda : 1.07768
max_diff => 0.119131
performed mixing
Frob norm 1 after updating U: 6.00497
200 iterations
f(b) = 43.9648
Frob norm 2 after updating B : 6.11152
Iteration number -------- 17  -----------
lambda : 1.08307
max_diff => 0.118686
performed mixing
Frob norm 1 after updating U: 5.90238
200 iterations
f(b) = 42.0371
Frob norm 2 after updating B : 5.95285
Iteration number -------- 18  -----------
lambda : 1.08849
max_diff => 0.11895
performed mixing
Frob norm 1 after updating U: 5.62044
200 iterations
f(b) = 40.7026
Frob norm 2 after updating B : 5.8364
Iteration number -------- 19  -----------
lambda : 1.09393
max_diff => 0.11895
performed mixing
Frob norm 1 after updating U: 5.61949
200 iterations
f(b) = 39.5347
Frob norm 2 after updating B : 5.77885
Iteration number -------- 20  -----------
lambda : 1.0994
max_diff => 0.116844
performed mixing
Frob norm 1 after updating U: 5.50832
200 iterations
f(b) = 38.5054
Frob norm 2 after updating B : 5.68323
Iteration number -------- 21  -----------
lambda : 1.1049
max_diff => 0.11694
performed mixing
Frob norm 1 after updating U: 5.50594
200 iterations
f(b) = 37.2711
Frob norm 2 after updating B : 5.62138
Iteration number -------- 22  -----------
lambda : 1.11042
max_diff => 0.117655
performed mixing
Frob norm 1 after updating U: 5.31102
200 iterations
f(b) = 36.1167
Frob norm 2 after updating B : 5.51186
Iteration number -------- 23  -----------
lambda : 1.11597
max_diff => 0.117769
performed mixing
Frob norm 1 after updating U: 5.30865
200 iterations
f(b) = 34.6827
Frob norm 2 after updating B : 5.42194
Iteration number -------- 24  -----------
lambda : 1.12155
max_diff => 0.121493
performed mixing
Frob norm 1 after updating U: 5.08141
200 iterations
f(b) = 33.5045
Frob norm 2 after updating B : 5.31222
Iteration number -------- 25  -----------
lambda : 1.12716
max_diff => 0.12143
performed mixing
Frob norm 1 after updating U: 5.0763
200 iterations
f(b) = 32.1741
Frob norm 2 after updating B : 5.23318
Iteration number -------- 26  -----------
lambda : 1.1328
max_diff => 0.13588
performed mixing
Frob norm 1 after updating U: 4.94037
200 iterations
f(b) = 31.2711
Frob norm 2 after updating B : 5.14197
Iteration number -------- 27  -----------
lambda : 1.13846
max_diff => 0.136315
performed mixing
Frob norm 1 after updating U: 4.93817
200 iterations
f(b) = 30.2097
Frob norm 2 after updating B : 5.06872
Iteration number -------- 28  -----------
lambda : 1.14415
max_diff => 0.160997
performed mixing
Frob norm 1 after updating U: 4.83244
200 iterations
f(b) = 29.4897
Frob norm 2 after updating B : 4.99271
Iteration number -------- 29  -----------
lambda : 1.14987
max_diff => 0.16122
performed mixing
Frob norm 1 after updating U: 4.83125
200 iterations
f(b) = 28.7067
Frob norm 2 after updating B : 4.94293
Iteration number -------- 30  -----------
lambda : 1.15562
max_diff => 0.200789
performed mixing
Frob norm 1 after updating U: 4.73111
200 iterations
f(b) = 28.0556
Frob norm 2 after updating B : 4.87176
Iteration number -------- 31  -----------
lambda : 1.1614
max_diff => 0.200885
performed mixing
Frob norm 1 after updating U: 4.7303
200 iterations
f(b) = 27.4449
Frob norm 2 after updating B : 4.82304
Iteration number -------- 32  -----------
lambda : 1.16721
max_diff => 0.206882
performed mixing
Frob norm 1 after updating U: 4.71464
200 iterations
f(b) = 26.8089
Frob norm 2 after updating B : 4.79618
Iteration number -------- 33  -----------
lambda : 1.17304
max_diff => 0.237178
performed mixing
Frob norm 1 after updating U: 4.66256
200 iterations
f(b) = 26.4316
Frob norm 2 after updating B : 4.75065
Iteration number -------- 34  -----------
lambda : 1.17891
max_diff => 0.237345
performed mixing
Frob norm 1 after updating U: 4.66209
200 iterations
f(b) = 26.1504
Frob norm 2 after updating B : 4.72033
Iteration number -------- 35  -----------
lambda : 1.1848
max_diff => 0.237955
performed mixing
Frob norm 1 after updating U: 4.66083
200 iterations
f(b) = 25.9617
Frob norm 2 after updating B : 4.69964
Iteration number -------- 36  -----------
lambda : 1.19073
max_diff => 0.238985
performed mixing
Frob norm 1 after updating U: 4.65914
200 iterations
f(b) = 25.8008
Frob norm 2 after updating B : 4.6838
Iteration number -------- 37  -----------
lambda : 1.19668
max_diff => 0.243094
performed mixing
Frob norm 1 after updating U: 4.65493
200 iterations
f(b) = 25.7244
Frob norm 2 after updating B : 4.67342
Iteration number -------- 38  -----------
lambda : 1.20266
max_diff => 0.244316
performed mixing
Frob norm 1 after updating U: 4.65345
200 iterations
f(b) = 25.6763
Frob norm 2 after updating B : 4.6664
Iteration number -------- 39  -----------
lambda : 1.20868
max_diff => 0.245047
performed mixing
Frob norm 1 after updating U: 4.65262
200 iterations
f(b) = 25.6429
Frob norm 2 after updating B : 4.66096
Iteration number -------- 40  -----------
lambda : 1.21472
max_diff => 0.245665
performed mixing
Frob norm 1 after updating U: 4.6512
200 iterations
f(b) = 25.6215
Frob norm 2 after updating B : 4.65717
Iteration number -------- 41  -----------
lambda : 1.22079
max_diff => 0.246551
performed mixing
Frob norm 1 after updating U: 4.65024
200 iterations
f(b) = 25.3604
Frob norm 2 after updating B : 4.63971
Iteration number -------- 42  -----------
lambda : 1.2269
max_diff => 0.267283
performed mixing
Frob norm 1 after updating U: 4.62929
200 iterations
f(b) = 25.3876
Frob norm 2 after updating B : 4.63605
Iteration number -------- 43  -----------
lambda : 1.23303
max_diff => 0.26769
performed mixing
Frob norm 1 after updating U: 4.62901
200 iterations
f(b) = 25.3796
Frob norm 2 after updating B : 4.63358
Iteration number -------- 44  -----------
lambda : 1.2392
max_diff => 0.267997
performed mixing
Frob norm 1 after updating U: 4.62875
200 iterations
f(b) = 25.3809
Frob norm 2 after updating B : 4.63178
Iteration number -------- 45  -----------
lambda : 1.24539
max_diff => 0.268221
performed mixing
Frob norm 1 after updating U: 4.62842
200 iterations
f(b) = 25.3846
Frob norm 2 after updating B : 4.63015
Iteration number -------- 46  -----------
lambda : 1.25162
max_diff => 0.268652
performed mixing
Frob norm 1 after updating U: 4.62774
200 iterations
f(b) = 25.3925
Frob norm 2 after updating B : 4.62909
Iteration number -------- 47  -----------
lambda : 1.25788
max_diff => 0.268959
performed mixing
Frob norm 1 after updating U: 4.62738
200 iterations
f(b) = 25.4056
Frob norm 2 after updating B : 4.62828
Iteration number -------- 48  -----------
lambda : 1.26417
max_diff => 0.26908
performed mixing
Frob norm 1 after updating U: 4.62705
200 iterations
f(b) = 25.4181
Frob norm 2 after updating B : 4.62751
Iteration number -------- 49  -----------
lambda : 1.27049
max_diff => 0.269209
performed mixing
Frob norm 1 after updating U: 4.6266
200 iterations
f(b) = 25.4279
Frob norm 2 after updating B : 4.62669
Iteration number -------- 50  -----------
lambda : 1.27684
max_diff => 0.269626
performed mixing
Frob norm 1 after updating U: 4.62599
200 iterations
f(b) = 25.4376
Frob norm 2 after updating B : 4.62579
Iteration number -------- 51  -----------
lambda : 1.28323
max_diff => 0.269797
performed mixing
Frob norm 1 after updating U: 4.62524
200 iterations
f(b) = 25.4535
Frob norm 2 after updating B : 4.62529
Iteration number -------- 52  -----------
lambda : 1.28964
max_diff => 0.269787
performed mixing
Frob norm 1 after updating U: 4.62487
200 iterations
f(b) = 25.4714
Frob norm 2 after updating B : 4.62482
Iteration number -------- 53  -----------
lambda : 1.29609
max_diff => 0.269853
performed mixing
Frob norm 1 after updating U: 4.62449
200 iterations
f(b) = 25.4256
Frob norm 2 after updating B : 4.62371
Iteration number -------- 54  -----------
lambda : 1.30257
max_diff => 0.27013
performed mixing
Frob norm 1 after updating U: 4.62341
200 iterations
f(b) = 25.4852
Frob norm 2 after updating B : 4.62298
Iteration number -------- 55  -----------
lambda : 1.30908
max_diff => 0.270233
performed mixing
Frob norm 1 after updating U: 4.62274
200 iterations
f(b) = 25.4958
Frob norm 2 after updating B : 4.62228
Iteration number -------- 56  -----------
lambda : 1.31563
max_diff => 0.270327
performed mixing
Frob norm 1 after updating U: 4.62208
200 iterations
f(b) = 25.5174
Frob norm 2 after updating B : 4.622
Iteration number -------- 57  -----------
lambda : 1.32221
max_diff => 0.270334
performed mixing
Frob norm 1 after updating U: 4.62184
200 iterations
f(b) = 25.5363
Frob norm 2 after updating B : 4.62128
Iteration number -------- 58  -----------
lambda : 1.32882
max_diff => 0.270455
performed mixing
Frob norm 1 after updating U: 4.62115
200 iterations
f(b) = 25.5477
Frob norm 2 after updating B : 4.62088
Iteration number -------- 59  -----------
lambda : 1.33546
max_diff => 0.270146
performed mixing
Frob norm 1 after updating U: 4.62077
200 iterations
f(b) = 25.5668
Frob norm 2 after updating B : 4.62063
Iteration number -------- 60  -----------
lambda : 1.34214
max_diff => 0.27006
performed mixing
Frob norm 1 after updating U: 4.62053
200 iterations
f(b) = 25.5821
Frob norm 2 after updating B : 4.6204
Iteration number -------- 61  -----------
lambda : 1.34885
max_diff => 0.269767
performed mixing
Frob norm 1 after updating U: 4.62032
200 iterations
f(b) = 25.6016
Frob norm 2 after updating B : 4.62018
Iteration number -------- 62  -----------
lambda : 1.35559
max_diff => 0.269387
performed mixing
Frob norm 1 after updating U: 4.62012
200 iterations
f(b) = 25.6174
Frob norm 2 after updating B : 4.61987
Iteration number -------- 63  -----------
lambda : 1.36237
max_diff => 0.269063
performed mixing
Frob norm 1 after updating U: 4.61981
200 iterations
f(b) = 25.632
Frob norm 2 after updating B : 4.61964
Iteration number -------- 64  -----------
lambda : 1.36918
max_diff => 0.268793
performed mixing
Frob norm 1 after updating U: 4.61959
200 iterations
f(b) = 25.6457
Frob norm 2 after updating B : 4.61943
Iteration number -------- 65  -----------
lambda : 1.37603
max_diff => 0.268422
performed mixing
Frob norm 1 after updating U: 4.61938
200 iterations
f(b) = 25.6645
Frob norm 2 after updating B : 4.61921
Iteration number -------- 66  -----------
lambda : 1.38291
max_diff => 0.26817
performed mixing
Frob norm 1 after updating U: 4.61917
200 iterations
f(b) = 25.6767
Frob norm 2 after updating B : 4.61912
Iteration number -------- 67  -----------
lambda : 1.38982
max_diff => 0.267657
performed mixing
Frob norm 1 after updating U: 4.61908
200 iterations
f(b) = 25.7008
Frob norm 2 after updating B : 4.61907
Iteration number -------- 68  -----------
lambda : 1.39677
max_diff => 0.267344
performed mixing
Frob norm 1 after updating U: 4.61903
200 iterations
f(b) = 25.7134
Frob norm 2 after updating B : 4.6189
Iteration number -------- 69  -----------
lambda : 1.40376
max_diff => 0.266809
performed mixing
Frob norm 1 after updating U: 4.61886
200 iterations
f(b) = 25.7347
Frob norm 2 after updating B : 4.61877
Iteration number -------- 70  -----------
lambda : 1.41078
max_diff => 0.266438
performed mixing
Frob norm 1 after updating U: 4.61874
200 iterations
f(b) = 25.7432
Frob norm 2 after updating B : 4.61871
Iteration number -------- 71  -----------
lambda : 1.41783
max_diff => 0.265852
performed mixing
Frob norm 1 after updating U: 4.61867
200 iterations
f(b) = 25.7604
Frob norm 2 after updating B : 4.61842
Iteration number -------- 72  -----------
lambda : 1.42492
max_diff => 0.265269
performed mixing
Frob norm 1 after updating U: 4.61838
200 iterations
f(b) = 25.7752
Frob norm 2 after updating B : 4.61847
Iteration number -------- 73  -----------
lambda : 1.43204
max_diff => 0.264307
performed mixing
Frob norm 1 after updating U: 4.61843
200 iterations
f(b) = 25.7913
Frob norm 2 after updating B : 4.61854
Iteration number -------- 74  -----------
lambda : 1.4392
max_diff => 0.263718
performed mixing
Frob norm 1 after updating U: 4.61851
200 iterations
f(b) = 25.7795
Frob norm 2 after updating B : 4.61842
Iteration number -------- 75  -----------
lambda : 1.4464
max_diff => 0.263141
performed mixing
Frob norm 1 after updating U: 4.61839
200 iterations
f(b) = 25.8326
Frob norm 2 after updating B : 4.61857
Iteration number -------- 76  -----------
lambda : 1.45363
max_diff => 0.262276
performed mixing
Frob norm 1 after updating U: 4.61853
200 iterations
f(b) = 25.8437
Frob norm 2 after updating B : 4.61871
Iteration number -------- 77  -----------
lambda : 1.4609
max_diff => 0.261576
performed mixing
Frob norm 1 after updating U: 4.61868
200 iterations
f(b) = 25.8672
Frob norm 2 after updating B : 4.61873
Iteration number -------- 78  -----------
lambda : 1.46821
max_diff => 0.261166
performed mixing
Frob norm 1 after updating U: 4.61871
200 iterations
f(b) = 25.8937
Frob norm 2 after updating B : 4.61878
Iteration number -------- 79  -----------
lambda : 1.47555
max_diff => 0.260558
performed mixing
Frob norm 1 after updating U: 4.61876
200 iterations
f(b) = 25.9116
Frob norm 2 after updating B : 4.6189
Iteration number -------- 80  -----------
lambda : 1.48292
max_diff => 0.259986
performed mixing
Frob norm 1 after updating U: 4.6189
200 iterations
f(b) = 25.9379
Frob norm 2 after updating B : 4.61907
Iteration number -------- 81  -----------
lambda : 1.49034
max_diff => 0.259287
performed mixing
Frob norm 1 after updating U: 4.61906
200 iterations
f(b) = 25.9636
Frob norm 2 after updating B : 4.61913
Iteration number -------- 82  -----------
lambda : 1.49779
max_diff => 0.258881
performed mixing
Frob norm 1 after updating U: 4.61912
200 iterations
f(b) = 25.9789
Frob norm 2 after updating B : 4.61919
Iteration number -------- 83  -----------
lambda : 1.50528
max_diff => 0.258138
performed mixing
Frob norm 1 after updating U: 4.61919
200 iterations
f(b) = 26.011
Frob norm 2 after updating B : 4.61924
Iteration number -------- 84  -----------
lambda : 1.51281
max_diff => 0.257722
performed mixing
Frob norm 1 after updating U: 4.61923
200 iterations
f(b) = 26.0257
Frob norm 2 after updating B : 4.61899
Iteration number -------- 85  -----------
lambda : 1.52037
max_diff => 0.25732
performed mixing
Frob norm 1 after updating U: 4.61898
200 iterations
f(b) = 26.0501
Frob norm 2 after updating B : 4.61935
Iteration number -------- 86  -----------
lambda : 1.52797
max_diff => 0.256724
performed mixing
Frob norm 1 after updating U: 4.61934
200 iterations
f(b) = 26.0716
Frob norm 2 after updating B : 4.61948
Iteration number -------- 87  -----------
lambda : 1.53561
max_diff => 0.255563
performed mixing
Frob norm 1 after updating U: 4.61948
200 iterations
f(b) = 26.0992
Frob norm 2 after updating B : 4.61956
Iteration number -------- 88  -----------
lambda : 1.54329
max_diff => 0.254961
performed mixing
Frob norm 1 after updating U: 4.61955
200 iterations
f(b) = 26.113
Frob norm 2 after updating B : 4.6197
Iteration number -------- 89  -----------
lambda : 1.55101
max_diff => 0.253946
performed mixing
Frob norm 1 after updating U: 4.6197
200 iterations
f(b) = 26.1463
Frob norm 2 after updating B : 4.61981
Iteration number -------- 90  -----------
lambda : 1.55876
max_diff => 0.25334
performed mixing
Frob norm 1 after updating U: 4.6198
200 iterations
f(b) = 26.168
Frob norm 2 after updating B : 4.6199
Iteration number -------- 91  -----------
lambda : 1.56655
max_diff => 0.252438
performed mixing
Frob norm 1 after updating U: 4.6199
200 iterations
f(b) = 26.1935
Frob norm 2 after updating B : 4.61999
Iteration number -------- 92  -----------
lambda : 1.57439
max_diff => 0.252034
performed mixing
Frob norm 1 after updating U: 4.61998
200 iterations
f(b) = 26.215
Frob norm 2 after updating B : 4.62009
Iteration number -------- 93  -----------
lambda : 1.58226
max_diff => 0.25145
performed mixing
Frob norm 1 after updating U: 4.62009
200 iterations
f(b) = 26.2389
Frob norm 2 after updating B : 4.62021
Iteration number -------- 94  -----------
lambda : 1.59017
max_diff => 0.250951
performed mixing
Frob norm 1 after updating U: 4.62021
200 iterations
f(b) = 26.262
Frob norm 2 after updating B : 4.62035
Iteration number -------- 95  -----------
lambda : 1.59812
max_diff => 0.250238
performed mixing
Frob norm 1 after updating U: 4.62035
200 iterations
f(b) = 26.2875
Frob norm 2 after updating B : 4.62048
Iteration number -------- 96  -----------
lambda : 1.60611
max_diff => 0.249603
performed mixing
Frob norm 1 after updating U: 4.62047
200 iterations
f(b) = 26.3046
Frob norm 2 after updating B : 4.62072
Iteration number -------- 97  -----------
lambda : 1.61414
max_diff => 0.248103
performed mixing
Frob norm 1 after updating U: 4.62072
200 iterations
f(b) = 26.3391
Frob norm 2 after updating B : 4.62088
Iteration number -------- 98  -----------
lambda : 1.62221
max_diff => 0.247361
performed mixing
Frob norm 1 after updating U: 4.62088
200 iterations
f(b) = 26.3585
Frob norm 2 after updating B : 4.62096
Iteration number -------- 99  -----------
lambda : 1.63032
max_diff => 0.246866
performed mixing
Frob norm 1 after updating U: 4.62096
200 iterations
f(b) = 26.3843
Frob norm 2 after updating B : 4.62118
Iteration number -------- 100  -----------
lambda : 1.63848
max_diff => 0.245899
