Academic license - for non-commercial use only
Frob norm 1 after updating U: 12.9393
200 iterations
f(b) = 93.7499
Frob norm 2 after updating B : 8.86017
Iteration number -------- 1  -----------
lambda : 1
max_diff => 0.215141
performed mixing
Frob norm 1 after updating U: 7.58012
200 iterations
f(b) = 85.1014
Frob norm 2 after updating B : 8.4951
Iteration number -------- 2  -----------
lambda : 1.005
max_diff => 0.165515
performed mixing
Frob norm 1 after updating U: 7.27396
200 iterations
f(b) = 77.5959
Frob norm 2 after updating B : 8.13152
Iteration number -------- 3  -----------
lambda : 1.01002
max_diff => 0.151701
performed mixing
Frob norm 1 after updating U: 7.10436
200 iterations
f(b) = 71.9051
Frob norm 2 after updating B : 7.80231
Iteration number -------- 4  -----------
lambda : 1.01508
max_diff => 0.155763
performed mixing
Frob norm 1 after updating U: 7.01928
200 iterations
f(b) = 67.5338
Frob norm 2 after updating B : 7.55754
Iteration number -------- 5  -----------
lambda : 1.02015
max_diff => 0.159424
performed mixing
Frob norm 1 after updating U: 6.96168
200 iterations
f(b) = 64.3587
Frob norm 2 after updating B : 7.36911
Iteration number -------- 6  -----------
lambda : 1.02525
max_diff => 0.160097
performed mixing
Frob norm 1 after updating U: 6.94188
200 iterations
f(b) = 62.2724
Frob norm 2 after updating B : 7.22781
Iteration number -------- 7  -----------
lambda : 1.03038
max_diff => 0.160657
performed mixing
Frob norm 1 after updating U: 6.93128
200 iterations
f(b) = 60.9134
Frob norm 2 after updating B : 7.12941
Iteration number -------- 8  -----------
lambda : 1.03553
max_diff => 0.160712
performed mixing
Frob norm 1 after updating U: 6.92917
200 iterations
f(b) = 60.0242
Frob norm 2 after updating B : 7.06335
Iteration number -------- 9  -----------
lambda : 1.04071
max_diff => 0.160761
performed mixing
Frob norm 1 after updating U: 6.92765
200 iterations
f(b) = 59.0543
Frob norm 2 after updating B : 7.0024
Iteration number -------- 10  -----------
lambda : 1.04591
max_diff => 0.162386
performed mixing
Frob norm 1 after updating U: 6.84047
200 iterations
f(b) = 58.3892
Frob norm 2 after updating B : 6.94811
Iteration number -------- 11  -----------
lambda : 1.05114
max_diff => 0.162416
performed mixing
Frob norm 1 after updating U: 6.8389
200 iterations
f(b) = 57.9215
Frob norm 2 after updating B : 6.91162
Iteration number -------- 12  -----------
lambda : 1.0564
max_diff => 0.162318
performed mixing
Frob norm 1 after updating U: 6.83646
200 iterations
f(b) = 57.2984
Frob norm 2 after updating B : 6.87675
Iteration number -------- 13  -----------
lambda : 1.06168
max_diff => 0.160043
performed mixing
Frob norm 1 after updating U: 6.75792
200 iterations
f(b) = 56.6912
Frob norm 2 after updating B : 6.83134
Iteration number -------- 14  -----------
lambda : 1.06699
max_diff => 0.157718
performed mixing
Frob norm 1 after updating U: 6.71681
200 iterations
f(b) = 55.929
Frob norm 2 after updating B : 6.7893
Iteration number -------- 15  -----------
lambda : 1.07232
max_diff => 0.154008
performed mixing
Frob norm 1 after updating U: 6.62139
200 iterations
f(b) = 54.9424
Frob norm 2 after updating B : 6.73194
Iteration number -------- 16  -----------
lambda : 1.07768
max_diff => 0.149185
performed mixing
Frob norm 1 after updating U: 6.51901
200 iterations
f(b) = 53.7336
Frob norm 2 after updating B : 6.65554
Iteration number -------- 17  -----------
lambda : 1.08307
max_diff => 0.142868
performed mixing
Frob norm 1 after updating U: 6.40319
200 iterations
f(b) = 52.2225
Frob norm 2 after updating B : 6.5698
Iteration number -------- 18  -----------
lambda : 1.08849
max_diff => 0.133674
performed mixing
Frob norm 1 after updating U: 6.26804
200 iterations
f(b) = 50.5868
Frob norm 2 after updating B : 6.48007
Iteration number -------- 19  -----------
lambda : 1.09393
max_diff => 0.11983
performed mixing
Frob norm 1 after updating U: 6.12636
200 iterations
f(b) = 48.836
Frob norm 2 after updating B : 6.37452
Iteration number -------- 20  -----------
lambda : 1.0994
max_diff => 0.112537
performed mixing
Frob norm 1 after updating U: 6.05234
200 iterations
f(b) = 47.306
Frob norm 2 after updating B : 6.27034
Iteration number -------- 21  -----------
lambda : 1.1049
max_diff => 0.114641
performed mixing
Frob norm 1 after updating U: 6.01035
200 iterations
f(b) = 46.0277
Frob norm 2 after updating B : 6.19776
Iteration number -------- 22  -----------
lambda : 1.11042
max_diff => 0.113336
performed mixing
Frob norm 1 after updating U: 5.93285
200 iterations
f(b) = 44.8266
Frob norm 2 after updating B : 6.11541
Iteration number -------- 23  -----------
lambda : 1.11597
max_diff => 0.115608
performed mixing
Frob norm 1 after updating U: 5.91872
200 iterations
f(b) = 43.7794
Frob norm 2 after updating B : 6.05798
Iteration number -------- 24  -----------
lambda : 1.12155
max_diff => 0.115228
performed mixing
Frob norm 1 after updating U: 5.88661
200 iterations
f(b) = 43.127
Frob norm 2 after updating B : 5.99949
Iteration number -------- 25  -----------
lambda : 1.12716
max_diff => 0.115225
performed mixing
Frob norm 1 after updating U: 5.88559
200 iterations
f(b) = 41.7463
Frob norm 2 after updating B : 6.01376
Iteration number -------- 26  -----------
lambda : 1.1328
max_diff => 0.114148
performed mixing
Frob norm 1 after updating U: 5.7852
200 iterations
f(b) = 40.8175
Frob norm 2 after updating B : 5.93449
Iteration number -------- 27  -----------
lambda : 1.13846
max_diff => 0.114671
performed mixing
Frob norm 1 after updating U: 5.7813
200 iterations
f(b) = 37.7462
Frob norm 2 after updating B : 5.69878
Iteration number -------- 28  -----------
lambda : 1.14415
max_diff => 0.172173
performed mixing
Frob norm 1 after updating U: 5.22959
200 iterations
f(b) = 33.7413
Frob norm 2 after updating B : 5.46637
Iteration number -------- 29  -----------
lambda : 1.14987
max_diff => 0.0897408
performed mixing
Frob norm 1 after updating U: 4.93553
200 iterations
f(b) = 31.4439
Frob norm 2 after updating B : 5.2658
Iteration number -------- 30  -----------
lambda : 1.15562
max_diff => 0.14758
performed mixing
Frob norm 1 after updating U: 4.78115
200 iterations
f(b) = 27.1022
Frob norm 2 after updating B : 4.83458
Iteration number -------- 31  -----------
lambda : 1.1614
max_diff => 0.148018
performed mixing
Frob norm 1 after updating U: 4.06247
200 iterations
f(b) = 21.6894
Frob norm 2 after updating B : 4.39522
Iteration number -------- 32  -----------
lambda : 1.16721
max_diff => 0.112695
performed mixing
Frob norm 1 after updating U: 3.46318
200 iterations
f(b) = 19.1959
Frob norm 2 after updating B : 4.10776
Iteration number -------- 33  -----------
lambda : 1.17304
max_diff => 0.112887
performed mixing
Frob norm 1 after updating U: 3.46518
200 iterations
f(b) = 17.5268
Frob norm 2 after updating B : 3.9004
Iteration number -------- 34  -----------
lambda : 1.17891
max_diff => 0.112706
performed mixing
Frob norm 1 after updating U: 3.46403
200 iterations
f(b) = 16.1215
Frob norm 2 after updating B : 3.79391
Iteration number -------- 35  -----------
lambda : 1.1848
max_diff => 0.105431
performed mixing
Frob norm 1 after updating U: 3.43897
200 iterations
f(b) = 15.2809
Frob norm 2 after updating B : 3.67743
Iteration number -------- 36  -----------
lambda : 1.19073
max_diff => 0.105297
performed mixing
Frob norm 1 after updating U: 3.43784
200 iterations
f(b) = 14.4013
Frob norm 2 after updating B : 3.60788
Iteration number -------- 37  -----------
lambda : 1.19668
max_diff => 0.0998248
performed mixing
Frob norm 1 after updating U: 3.39169
200 iterations
f(b) = 13.9439
Frob norm 2 after updating B : 3.53636
Iteration number -------- 38  -----------
lambda : 1.20266
max_diff => 0.100038
performed mixing
Frob norm 1 after updating U: 3.38907
200 iterations
f(b) = 12.7552
Frob norm 2 after updating B : 3.34737
Iteration number -------- 39  -----------
lambda : 1.20868
max_diff => 0.0515656
performed mixing
Frob norm 1 after updating U: 3.06324
200 iterations
f(b) = 11.8619
Frob norm 2 after updating B : 3.26589
Iteration number -------- 40  -----------
lambda : 1.21472
max_diff => 0.0409101
performed mixing
Frob norm 1 after updating U: 3.04879
200 iterations
f(b) = 11.2898
Frob norm 2 after updating B : 3.19137
Iteration number -------- 41  -----------
lambda : 1.22079
max_diff => 0.0437689
performed mixing
Frob norm 1 after updating U: 3.02477
200 iterations
f(b) = 10.9604
Frob norm 2 after updating B : 3.13848
Iteration number -------- 42  -----------
lambda : 1.2269
max_diff => 0.0439096
performed mixing
Frob norm 1 after updating U: 3.02386
200 iterations
f(b) = 10.7417
Frob norm 2 after updating B : 3.10234
Iteration number -------- 43  -----------
lambda : 1.23303
max_diff => 0.0440202
performed mixing
Frob norm 1 after updating U: 3.02319
200 iterations
f(b) = 10.5921
Frob norm 2 after updating B : 3.07766
Iteration number -------- 44  -----------
lambda : 1.2392
max_diff => 0.044152
performed mixing
Frob norm 1 after updating U: 3.02208
200 iterations
f(b) = 10.4408
Frob norm 2 after updating B : 3.05896
Iteration number -------- 45  -----------
lambda : 1.24539
max_diff => 0.0445788
performed mixing
Frob norm 1 after updating U: 3.01836
200 iterations
f(b) = 10.4155
Frob norm 2 after updating B : 3.04672
Iteration number -------- 46  -----------
lambda : 1.25162
max_diff => 0.0447879
performed mixing
Frob norm 1 after updating U: 3.01699
200 iterations
f(b) = 10.3691
Frob norm 2 after updating B : 3.03764
Iteration number -------- 47  -----------
lambda : 1.25788
max_diff => 0.0449475
performed mixing
Frob norm 1 after updating U: 3.01563
200 iterations
f(b) = 10.1373
Frob norm 2 after updating B : 3.00326
Iteration number -------- 48  -----------
lambda : 1.26417
max_diff => 0.052174
performed mixing
Frob norm 1 after updating U: 2.95801
200 iterations
f(b) = 10.0995
Frob norm 2 after updating B : 2.98652
Iteration number -------- 49  -----------
lambda : 1.27049
max_diff => 0.0522902
performed mixing
Frob norm 1 after updating U: 2.95719
200 iterations
f(b) = 10.0413
Frob norm 2 after updating B : 2.97512
Iteration number -------- 50  -----------
lambda : 1.27684
max_diff => 0.0524889
performed mixing
Frob norm 1 after updating U: 2.95594
200 iterations
f(b) = 10.008
Frob norm 2 after updating B : 2.96763
Iteration number -------- 51  -----------
lambda : 1.28323
max_diff => 0.0525851
performed mixing
Frob norm 1 after updating U: 2.95516
200 iterations
f(b) = 9.97843
Frob norm 2 after updating B : 2.96206
Iteration number -------- 52  -----------
lambda : 1.28964
max_diff => 0.0527584
performed mixing
Frob norm 1 after updating U: 2.95386
200 iterations
f(b) = 9.9696
Frob norm 2 after updating B : 2.95797
Iteration number -------- 53  -----------
lambda : 1.29609
max_diff => 0.0529176
performed mixing
Frob norm 1 after updating U: 2.95255
200 iterations
f(b) = 9.96235
Frob norm 2 after updating B : 2.95503
Iteration number -------- 54  -----------
lambda : 1.30257
max_diff => 0.0530392
performed mixing
Frob norm 1 after updating U: 2.95143
200 iterations
f(b) = 9.95919
Frob norm 2 after updating B : 2.95242
Iteration number -------- 55  -----------
lambda : 1.30908
max_diff => 0.0532221
performed mixing
Frob norm 1 after updating U: 2.95
200 iterations
f(b) = 9.95439
Frob norm 2 after updating B : 2.95062
Iteration number -------- 56  -----------
lambda : 1.31563
max_diff => 0.0533557
performed mixing
Frob norm 1 after updating U: 2.94899
200 iterations
f(b) = 9.96138
Frob norm 2 after updating B : 2.94916
Iteration number -------- 57  -----------
lambda : 1.32221
max_diff => 0.0534654
performed mixing
Frob norm 1 after updating U: 2.94805
200 iterations
f(b) = 9.95714
Frob norm 2 after updating B : 2.94759
Iteration number -------- 58  -----------
lambda : 1.32882
max_diff => 0.0536097
performed mixing
Frob norm 1 after updating U: 2.94681
200 iterations
f(b) = 9.96528
Frob norm 2 after updating B : 2.94618
Iteration number -------- 59  -----------
lambda : 1.33546
max_diff => 0.0537715
performed mixing
Frob norm 1 after updating U: 2.94563
200 iterations
f(b) = 9.96102
Frob norm 2 after updating B : 2.94457
Iteration number -------- 60  -----------
lambda : 1.34214
max_diff => 0.053963
performed mixing
Frob norm 1 after updating U: 2.94416
200 iterations
f(b) = 9.96898
Frob norm 2 after updating B : 2.94375
Iteration number -------- 61  -----------
lambda : 1.34885
max_diff => 0.0540547
performed mixing
Frob norm 1 after updating U: 2.94346
200 iterations
f(b) = 9.97782
Frob norm 2 after updating B : 2.94281
Iteration number -------- 62  -----------
lambda : 1.35559
max_diff => 0.0541672
performed mixing
Frob norm 1 after updating U: 2.9426
200 iterations
f(b) = 9.97585
Frob norm 2 after updating B : 2.94156
Iteration number -------- 63  -----------
lambda : 1.36237
max_diff => 0.0543088
performed mixing
Frob norm 1 after updating U: 2.9414
200 iterations
f(b) = 9.97696
Frob norm 2 after updating B : 2.94011
Iteration number -------- 64  -----------
lambda : 1.36918
max_diff => 0.0544957
performed mixing
Frob norm 1 after updating U: 2.93997
200 iterations
f(b) = 9.98676
Frob norm 2 after updating B : 2.9391
Iteration number -------- 65  -----------
lambda : 1.37603
max_diff => 0.0546356
performed mixing
Frob norm 1 after updating U: 2.93899
200 iterations
f(b) = 9.99113
Frob norm 2 after updating B : 2.93823
Iteration number -------- 66  -----------
lambda : 1.38291
max_diff => 0.054747
performed mixing
Frob norm 1 after updating U: 2.93814
200 iterations
f(b) = 9.99397
Frob norm 2 after updating B : 2.93727
Iteration number -------- 67  -----------
lambda : 1.38982
max_diff => 0.0548783
performed mixing
Frob norm 1 after updating U: 2.9372
200 iterations
f(b) = 10.0017
Frob norm 2 after updating B : 2.93649
Iteration number -------- 68  -----------
lambda : 1.39677
max_diff => 0.0549772
performed mixing
Frob norm 1 after updating U: 2.93643
200 iterations
f(b) = 10.0002
Frob norm 2 after updating B : 2.93535
Iteration number -------- 69  -----------
lambda : 1.40376
max_diff => 0.0551247
performed mixing
Frob norm 1 after updating U: 2.9353
200 iterations
f(b) = 10.001
Frob norm 2 after updating B : 2.93438
Iteration number -------- 70  -----------
lambda : 1.41078
max_diff => 0.0552723
performed mixing
Frob norm 1 after updating U: 2.93433
200 iterations
f(b) = 10.0127
Frob norm 2 after updating B : 2.93341
Iteration number -------- 71  -----------
lambda : 1.41783
max_diff => 0.0554116
performed mixing
Frob norm 1 after updating U: 2.93336
200 iterations
f(b) = 10.0144
Frob norm 2 after updating B : 2.9327
Iteration number -------- 72  -----------
lambda : 1.42492
max_diff => 0.0555101
performed mixing
Frob norm 1 after updating U: 2.93266
200 iterations
f(b) = 10.0226
Frob norm 2 after updating B : 2.93193
Iteration number -------- 73  -----------
lambda : 1.43204
max_diff => 0.0556195
performed mixing
Frob norm 1 after updating U: 2.93189
200 iterations
f(b) = 10.0224
Frob norm 2 after updating B : 2.93102
Iteration number -------- 74  -----------
lambda : 1.4392
max_diff => 0.0557565
performed mixing
Frob norm 1 after updating U: 2.93098
200 iterations
f(b) = 10.0346
Frob norm 2 after updating B : 2.93045
Iteration number -------- 75  -----------
lambda : 1.4464
max_diff => 0.0558419
performed mixing
Frob norm 1 after updating U: 2.93042
200 iterations
f(b) = 10.0316
Frob norm 2 after updating B : 2.92962
Iteration number -------- 76  -----------
lambda : 1.45363
max_diff => 0.0559715
performed mixing
Frob norm 1 after updating U: 2.92959
200 iterations
f(b) = 10.041
Frob norm 2 after updating B : 2.92907
Iteration number -------- 77  -----------
lambda : 1.4609
max_diff => 0.056058
performed mixing
Frob norm 1 after updating U: 2.92904
200 iterations
f(b) = 10.0492
Frob norm 2 after updating B : 2.92847
Iteration number -------- 78  -----------
lambda : 1.46821
max_diff => 0.0561572
performed mixing
Frob norm 1 after updating U: 2.92845
200 iterations
f(b) = 10.0581
Frob norm 2 after updating B : 2.92791
Iteration number -------- 79  -----------
lambda : 1.47555
max_diff => 0.0562581
performed mixing
Frob norm 1 after updating U: 2.92789
200 iterations
f(b) = 10.0605
Frob norm 2 after updating B : 2.92747
Iteration number -------- 80  -----------
lambda : 1.48292
max_diff => 0.0563321
performed mixing
Frob norm 1 after updating U: 2.92745
200 iterations
f(b) = 10.0586
Frob norm 2 after updating B : 2.92678
Iteration number -------- 81  -----------
lambda : 1.49034
max_diff => 0.0564406
performed mixing
Frob norm 1 after updating U: 2.92676
200 iterations
f(b) = 10.0719
Frob norm 2 after updating B : 2.92619
Iteration number -------- 82  -----------
lambda : 1.49779
max_diff => 0.056541
performed mixing
Frob norm 1 after updating U: 2.92617
200 iterations
f(b) = 10.0753
Frob norm 2 after updating B : 2.92556
Iteration number -------- 83  -----------
lambda : 1.50528
max_diff => 0.0566312
performed mixing
Frob norm 1 after updating U: 2.92554
200 iterations
f(b) = 10.0877
Frob norm 2 after updating B : 2.92519
Iteration number -------- 84  -----------
lambda : 1.51281
max_diff => 0.0566964
performed mixing
Frob norm 1 after updating U: 2.92517
200 iterations
f(b) = 10.0502
Frob norm 2 after updating B : 2.924
Iteration number -------- 85  -----------
lambda : 1.52037
max_diff => 0.0568757
performed mixing
Frob norm 1 after updating U: 2.92397
200 iterations
f(b) = 10.0954
Frob norm 2 after updating B : 2.9236
Iteration number -------- 86  -----------
lambda : 1.52797
max_diff => 0.056944
performed mixing
Frob norm 1 after updating U: 2.92358
200 iterations
f(b) = 10.0945
Frob norm 2 after updating B : 2.92312
Iteration number -------- 87  -----------
lambda : 1.53561
max_diff => 0.0570466
performed mixing
Frob norm 1 after updating U: 2.9231
200 iterations
f(b) = 10.095
Frob norm 2 after updating B : 2.92255
Iteration number -------- 88  -----------
lambda : 1.54329
max_diff => 0.057221
performed mixing
Frob norm 1 after updating U: 2.92253
200 iterations
f(b) = 10.1123
Frob norm 2 after updating B : 2.9222
Iteration number -------- 89  -----------
lambda : 1.55101
max_diff => 0.0572948
performed mixing
Frob norm 1 after updating U: 2.92218
200 iterations
f(b) = 10.1243
Frob norm 2 after updating B : 2.92189
Iteration number -------- 90  -----------
lambda : 1.55876
max_diff => 0.0573383
performed mixing
Frob norm 1 after updating U: 2.92188
200 iterations
f(b) = 10.1268
Frob norm 2 after updating B : 2.92168
Iteration number -------- 91  -----------
lambda : 1.56655
max_diff => 0.0574114
performed mixing
Frob norm 1 after updating U: 2.92166
200 iterations
f(b) = 10.1346
Frob norm 2 after updating B : 2.92126
Iteration number -------- 92  -----------
lambda : 1.57439
max_diff => 0.0574869
performed mixing
Frob norm 1 after updating U: 2.92125
200 iterations
f(b) = 10.1444
Frob norm 2 after updating B : 2.921
Iteration number -------- 93  -----------
lambda : 1.58226
max_diff => 0.0575555
performed mixing
Frob norm 1 after updating U: 2.92099
200 iterations
f(b) = 10.1514
Frob norm 2 after updating B : 2.92074
Iteration number -------- 94  -----------
lambda : 1.59017
max_diff => 0.0576054
performed mixing
Frob norm 1 after updating U: 2.92073
200 iterations
f(b) = 10.1595
Frob norm 2 after updating B : 2.92042
Iteration number -------- 95  -----------
lambda : 1.59812
max_diff => 0.0576746
performed mixing
Frob norm 1 after updating U: 2.92041
200 iterations
f(b) = 10.1645
Frob norm 2 after updating B : 2.92026
Iteration number -------- 96  -----------
lambda : 1.60611
max_diff => 0.0577148
performed mixing
Frob norm 1 after updating U: 2.92025
200 iterations
f(b) = 10.1729
Frob norm 2 after updating B : 2.92006
Iteration number -------- 97  -----------
lambda : 1.61414
max_diff => 0.0577683
performed mixing
Frob norm 1 after updating U: 2.92006
200 iterations
f(b) = 10.1781
Frob norm 2 after updating B : 2.91998
Iteration number -------- 98  -----------
lambda : 1.62221
max_diff => 0.0578354
performed mixing
Frob norm 1 after updating U: 2.91997
200 iterations
f(b) = 10.1776
Frob norm 2 after updating B : 2.91991
Iteration number -------- 99  -----------
lambda : 1.63032
max_diff => 0.0579096
performed mixing
Frob norm 1 after updating U: 2.9199
200 iterations
f(b) = 10.1143
Frob norm 2 after updating B : 2.91865
Iteration number -------- 100  -----------
lambda : 1.63848
max_diff => 0.05808
