Academic license - for non-commercial use only
Frob norm 1 after updating U: 11.7029
200 iterations
f(b) = 83.9351
Frob norm 2 after updating B : 8.34973
Iteration number -------- 1  -----------
lambda : 1
max_diff => 0.178597
performed mixing
Frob norm 1 after updating U: 6.45049
200 iterations
f(b) = 72.6185
Frob norm 2 after updating B : 7.67118
Iteration number -------- 2  -----------
lambda : 1.005
max_diff => 0.197693
performed mixing
Frob norm 1 after updating U: 5.90927
200 iterations
f(b) = 61.4652
Frob norm 2 after updating B : 6.99669
Iteration number -------- 3  -----------
lambda : 1.01002
max_diff => 0.205141
performed mixing
Frob norm 1 after updating U: 5.04544
200 iterations
f(b) = 52.0134
Frob norm 2 after updating B : 6.36594
Iteration number -------- 4  -----------
lambda : 1.01508
max_diff => 0.202543
performed mixing
Frob norm 1 after updating U: 4.42733
200 iterations
f(b) = 42.7364
Frob norm 2 after updating B : 5.66499
Iteration number -------- 5  -----------
lambda : 1.02015
max_diff => 0.185192
performed mixing
Frob norm 1 after updating U: 3.73116
200 iterations
f(b) = 35.457
Frob norm 2 after updating B : 5.10426
Iteration number -------- 6  -----------
lambda : 1.02525
max_diff => 0.161903
performed mixing
Frob norm 1 after updating U: 3.42143
200 iterations
f(b) = 29.7255
Frob norm 2 after updating B : 4.66173
Iteration number -------- 7  -----------
lambda : 1.03038
max_diff => 0.121777
performed mixing
Frob norm 1 after updating U: 3.16499
200 iterations
f(b) = 25.1018
Frob norm 2 after updating B : 4.30132
Iteration number -------- 8  -----------
lambda : 1.03553
max_diff => 0.0699583
performed mixing
Frob norm 1 after updating U: 2.98926
200 iterations
f(b) = 21.4142
Frob norm 2 after updating B : 3.95285
Iteration number -------- 9  -----------
lambda : 1.04071
max_diff => 0.05817
performed mixing
Frob norm 1 after updating U: 2.95431
200 iterations
f(b) = 18.4074
Frob norm 2 after updating B : 3.73361
Iteration number -------- 10  -----------
lambda : 1.04591
max_diff => 0.0599853
performed mixing
Frob norm 1 after updating U: 2.88007
200 iterations
f(b) = 16.3867
Frob norm 2 after updating B : 3.46155
Iteration number -------- 11  -----------
lambda : 1.05114
max_diff => 0.0600636
performed mixing
Frob norm 1 after updating U: 2.87698
200 iterations
f(b) = 14.5449
Frob norm 2 after updating B : 3.33363
Iteration number -------- 12  -----------
lambda : 1.0564
max_diff => 0.0614525
performed mixing
Frob norm 1 after updating U: 2.83378
200 iterations
f(b) = 13.4808
Frob norm 2 after updating B : 3.1675
Iteration number -------- 13  -----------
lambda : 1.06168
max_diff => 0.0614635
performed mixing
Frob norm 1 after updating U: 2.83345
200 iterations
f(b) = 12.738
Frob norm 2 after updating B : 3.05913
Iteration number -------- 14  -----------
lambda : 1.06699
max_diff => 0.0615181
performed mixing
Frob norm 1 after updating U: 2.8313
200 iterations
f(b) = 12.1291
Frob norm 2 after updating B : 2.99803
Iteration number -------- 15  -----------
lambda : 1.07232
max_diff => 0.0617194
performed mixing
Frob norm 1 after updating U: 2.82516
200 iterations
f(b) = 11.6977
Frob norm 2 after updating B : 2.94781
Iteration number -------- 16  -----------
lambda : 1.07768
max_diff => 0.061878
performed mixing
Frob norm 1 after updating U: 2.82252
200 iterations
f(b) = 11.4822
Frob norm 2 after updating B : 2.90469
Iteration number -------- 17  -----------
lambda : 1.08307
max_diff => 0.061886
performed mixing
Frob norm 1 after updating U: 2.82249
200 iterations
f(b) = 11.3304
Frob norm 2 after updating B : 2.87647
Iteration number -------- 18  -----------
lambda : 1.08849
max_diff => 0.0618974
performed mixing
Frob norm 1 after updating U: 2.82232
200 iterations
f(b) = 11.2218
Frob norm 2 after updating B : 2.85815
Iteration number -------- 19  -----------
lambda : 1.09393
max_diff => 0.0619149
performed mixing
Frob norm 1 after updating U: 2.8221
200 iterations
f(b) = 11.1606
Frob norm 2 after updating B : 2.84586
Iteration number -------- 20  -----------
lambda : 1.0994
max_diff => 0.0619255
performed mixing
Frob norm 1 after updating U: 2.822
200 iterations
f(b) = 11.1289
Frob norm 2 after updating B : 2.83756
Iteration number -------- 21  -----------
lambda : 1.1049
max_diff => 0.0619298
performed mixing
Frob norm 1 after updating U: 2.82188
200 iterations
f(b) = 11.1155
Frob norm 2 after updating B : 2.8322
Iteration number -------- 22  -----------
lambda : 1.11042
max_diff => 0.0619369
performed mixing
Frob norm 1 after updating U: 2.82183
200 iterations
f(b) = 11.1085
Frob norm 2 after updating B : 2.82866
Iteration number -------- 23  -----------
lambda : 1.11597
max_diff => 0.0619466
performed mixing
Frob norm 1 after updating U: 2.82175
200 iterations
f(b) = 11.1114
Frob norm 2 after updating B : 2.82638
Iteration number -------- 24  -----------
lambda : 1.12155
max_diff => 0.0619551
performed mixing
Frob norm 1 after updating U: 2.82174
200 iterations
f(b) = 11.3898
Frob norm 2 after updating B : 2.81999
Iteration number -------- 25  -----------
lambda : 1.12716
max_diff => 0.0620305
performed mixing
Frob norm 1 after updating U: 2.81643
200 iterations
f(b) = 11.106
Frob norm 2 after updating B : 2.82283
Iteration number -------- 26  -----------
lambda : 1.1328
max_diff => 0.062031
performed mixing
Frob norm 1 after updating U: 2.82029
200 iterations
f(b) = 11.1192
Frob norm 2 after updating B : 2.8226
Iteration number -------- 27  -----------
lambda : 1.13846
max_diff => 0.0620381
performed mixing
Frob norm 1 after updating U: 2.82081
200 iterations
f(b) = 11.1205
Frob norm 2 after updating B : 2.8225
Iteration number -------- 28  -----------
lambda : 1.14415
max_diff => 0.0620525
performed mixing
Frob norm 1 after updating U: 2.82117
200 iterations
f(b) = 11.1182
Frob norm 2 after updating B : 2.82248
Iteration number -------- 29  -----------
lambda : 1.14987
max_diff => 0.0620661
performed mixing
Frob norm 1 after updating U: 2.82148
200 iterations
f(b) = 11.1503
Frob norm 2 after updating B : 2.82229
Iteration number -------- 30  -----------
lambda : 1.15562
max_diff => 0.0620725
performed mixing
Frob norm 1 after updating U: 2.82156
200 iterations
f(b) = 11.1622
Frob norm 2 after updating B : 2.82223
Iteration number -------- 31  -----------
lambda : 1.1614
max_diff => 0.0620813
performed mixing
Frob norm 1 after updating U: 2.82166
200 iterations
f(b) = 11.1777
Frob norm 2 after updating B : 2.82212
Iteration number -------- 32  -----------
lambda : 1.16721
max_diff => 0.0620865
performed mixing
Frob norm 1 after updating U: 2.8217
200 iterations
f(b) = 11.1877
Frob norm 2 after updating B : 2.8222
Iteration number -------- 33  -----------
lambda : 1.17304
max_diff => 0.0620961
performed mixing
Frob norm 1 after updating U: 2.82186
200 iterations
f(b) = 11.2049
Frob norm 2 after updating B : 2.82224
Iteration number -------- 34  -----------
lambda : 1.17891
max_diff => 0.0621029
performed mixing
Frob norm 1 after updating U: 2.82196
200 iterations
f(b) = 11.217
Frob norm 2 after updating B : 2.82237
Iteration number -------- 35  -----------
lambda : 1.1848
max_diff => 0.0621093
performed mixing
Frob norm 1 after updating U: 2.82215
200 iterations
f(b) = 11.2292
Frob norm 2 after updating B : 2.82245
Iteration number -------- 36  -----------
lambda : 1.19073
max_diff => 0.062117
performed mixing
Frob norm 1 after updating U: 2.82226
200 iterations
f(b) = 11.247
Frob norm 2 after updating B : 2.82254
Iteration number -------- 37  -----------
lambda : 1.19668
max_diff => 0.0621204
performed mixing
Frob norm 1 after updating U: 2.82239
200 iterations
f(b) = 11.2606
Frob norm 2 after updating B : 2.82266
Iteration number -------- 38  -----------
lambda : 1.20266
max_diff => 0.0621234
performed mixing
Frob norm 1 after updating U: 2.82254
200 iterations
f(b) = 11.2713
Frob norm 2 after updating B : 2.8228
Iteration number -------- 39  -----------
lambda : 1.20868
max_diff => 0.0621285
performed mixing
Frob norm 1 after updating U: 2.82269
200 iterations
f(b) = 11.2839
Frob norm 2 after updating B : 2.82303
Iteration number -------- 40  -----------
lambda : 1.21472
max_diff => 0.0621363
performed mixing
Frob norm 1 after updating U: 2.82293
200 iterations
f(b) = 11.3046
Frob norm 2 after updating B : 2.82335
Iteration number -------- 41  -----------
lambda : 1.22079
max_diff => 0.0621438
performed mixing
Frob norm 1 after updating U: 2.82326
200 iterations
f(b) = 11.3199
Frob norm 2 after updating B : 2.8235
Iteration number -------- 42  -----------
lambda : 1.2269
max_diff => 0.0621696
performed mixing
Frob norm 1 after updating U: 2.82342
200 iterations
f(b) = 11.332
Frob norm 2 after updating B : 2.82366
Iteration number -------- 43  -----------
lambda : 1.23303
max_diff => 0.0622064
performed mixing
Frob norm 1 after updating U: 2.82359
200 iterations
f(b) = 11.3439
Frob norm 2 after updating B : 2.82398
Iteration number -------- 44  -----------
lambda : 1.2392
max_diff => 0.0622477
performed mixing
Frob norm 1 after updating U: 2.82391
200 iterations
f(b) = 11.3638
Frob norm 2 after updating B : 2.82417
Iteration number -------- 45  -----------
lambda : 1.24539
max_diff => 0.0622812
performed mixing
Frob norm 1 after updating U: 2.82411
200 iterations
f(b) = 11.3719
Frob norm 2 after updating B : 2.82466
Iteration number -------- 46  -----------
lambda : 1.25162
max_diff => 0.062325
performed mixing
Frob norm 1 after updating U: 2.82459
200 iterations
f(b) = 11.3611
Frob norm 2 after updating B : 2.82498
Iteration number -------- 47  -----------
lambda : 1.25788
max_diff => 0.0623482
performed mixing
Frob norm 1 after updating U: 2.82492
200 iterations
f(b) = 11.3971
Frob norm 2 after updating B : 2.8258
Iteration number -------- 48  -----------
lambda : 1.26417
max_diff => 0.0624018
performed mixing
Frob norm 1 after updating U: 2.82572
200 iterations
f(b) = 11.4218
Frob norm 2 after updating B : 2.8261
Iteration number -------- 49  -----------
lambda : 1.27049
max_diff => 0.0624237
performed mixing
Frob norm 1 after updating U: 2.82603
200 iterations
f(b) = 11.435
Frob norm 2 after updating B : 2.82636
Iteration number -------- 50  -----------
lambda : 1.27684
max_diff => 0.0624396
performed mixing
Frob norm 1 after updating U: 2.8263
200 iterations
f(b) = 11.4521
Frob norm 2 after updating B : 2.82668
Iteration number -------- 51  -----------
lambda : 1.28323
max_diff => 0.0624521
performed mixing
Frob norm 1 after updating U: 2.82663
200 iterations
f(b) = 11.427
Frob norm 2 after updating B : 2.82776
Iteration number -------- 52  -----------
lambda : 1.28964
max_diff => 0.0624793
performed mixing
Frob norm 1 after updating U: 2.82769
200 iterations
f(b) = 11.5182
Frob norm 2 after updating B : 2.82077
Iteration number -------- 53  -----------
lambda : 1.29609
max_diff => 0.0624047
performed mixing
Frob norm 1 after updating U: 2.82026
200 iterations
f(b) = 11.4891
Frob norm 2 after updating B : 2.82439
Iteration number -------- 54  -----------
lambda : 1.30257
max_diff => 0.0623406
performed mixing
Frob norm 1 after updating U: 2.82401
200 iterations
f(b) = 11.5144
Frob norm 2 after updating B : 2.82497
Iteration number -------- 55  -----------
lambda : 1.30908
max_diff => 0.0623255
performed mixing
Frob norm 1 after updating U: 2.8247
200 iterations
f(b) = 11.4812
Frob norm 2 after updating B : 2.83303
Iteration number -------- 56  -----------
lambda : 1.31563
max_diff => 0.0622957
performed mixing
Frob norm 1 after updating U: 2.83256
200 iterations
f(b) = 11.5192
Frob norm 2 after updating B : 2.83324
Iteration number -------- 57  -----------
lambda : 1.32221
max_diff => 0.0622972
performed mixing
Frob norm 1 after updating U: 2.83291
200 iterations
f(b) = 11.5334
Frob norm 2 after updating B : 2.83348
Iteration number -------- 58  -----------
lambda : 1.32882
max_diff => 0.0622991
performed mixing
Frob norm 1 after updating U: 2.83325
200 iterations
f(b) = 11.5534
Frob norm 2 after updating B : 2.83366
Iteration number -------- 59  -----------
lambda : 1.33546
max_diff => 0.0623009
performed mixing
Frob norm 1 after updating U: 2.8335
200 iterations
f(b) = 11.5644
Frob norm 2 after updating B : 2.83413
Iteration number -------- 60  -----------
lambda : 1.34214
max_diff => 0.0623025
performed mixing
Frob norm 1 after updating U: 2.83401
200 iterations
f(b) = 11.5872
Frob norm 2 after updating B : 2.83447
Iteration number -------- 61  -----------
lambda : 1.34885
max_diff => 0.0623043
performed mixing
Frob norm 1 after updating U: 2.83437
200 iterations
f(b) = 11.603
Frob norm 2 after updating B : 2.83466
Iteration number -------- 62  -----------
lambda : 1.35559
max_diff => 0.0623053
performed mixing
Frob norm 1 after updating U: 2.83459
200 iterations
f(b) = 11.6152
Frob norm 2 after updating B : 2.83502
Iteration number -------- 63  -----------
lambda : 1.36237
max_diff => 0.0623065
performed mixing
Frob norm 1 after updating U: 2.83497
200 iterations
f(b) = 12.0481
Frob norm 2 after updating B : 2.84477
Iteration number -------- 64  -----------
lambda : 1.36918
max_diff => 0.062402
performed mixing
Frob norm 1 after updating U: 2.84419
200 iterations
f(b) = 11.6304
Frob norm 2 after updating B : 2.84364
Iteration number -------- 65  -----------
lambda : 1.37603
max_diff => 0.0624121
performed mixing
Frob norm 1 after updating U: 2.84307
200 iterations
f(b) = 11.6122
Frob norm 2 after updating B : 2.85007
Iteration number -------- 66  -----------
lambda : 1.38291
max_diff => 0.0624167
performed mixing
Frob norm 1 after updating U: 2.84931
200 iterations
f(b) = 11.6507
Frob norm 2 after updating B : 2.85027
Iteration number -------- 67  -----------
lambda : 1.38982
max_diff => 0.0624167
performed mixing
Frob norm 1 after updating U: 2.84976
200 iterations
f(b) = 11.6658
Frob norm 2 after updating B : 2.85047
Iteration number -------- 68  -----------
lambda : 1.39677
max_diff => 0.0624176
performed mixing
Frob norm 1 after updating U: 2.85012
200 iterations
f(b) = 11.6777
Frob norm 2 after updating B : 2.85081
Iteration number -------- 69  -----------
lambda : 1.40376
max_diff => 0.062419
performed mixing
Frob norm 1 after updating U: 2.85056
200 iterations
f(b) = 11.7006
Frob norm 2 after updating B : 2.85117
Iteration number -------- 70  -----------
lambda : 1.41078
max_diff => 0.0624204
performed mixing
Frob norm 1 after updating U: 2.851
200 iterations
f(b) = 11.7193
Frob norm 2 after updating B : 2.85152
Iteration number -------- 71  -----------
lambda : 1.41783
max_diff => 0.0624216
performed mixing
Frob norm 1 after updating U: 2.85139
200 iterations
f(b) = 11.7377
Frob norm 2 after updating B : 2.85196
Iteration number -------- 72  -----------
lambda : 1.42492
max_diff => 0.0624237
performed mixing
Frob norm 1 after updating U: 2.85186
200 iterations
f(b) = 11.7519
Frob norm 2 after updating B : 2.85241
Iteration number -------- 73  -----------
lambda : 1.43204
max_diff => 0.0624242
performed mixing
Frob norm 1 after updating U: 2.85234
200 iterations
f(b) = 11.7647
Frob norm 2 after updating B : 2.85285
Iteration number -------- 74  -----------
lambda : 1.4392
max_diff => 0.0624257
performed mixing
Frob norm 1 after updating U: 2.85279
200 iterations
f(b) = 11.7858
Frob norm 2 after updating B : 2.85328
Iteration number -------- 75  -----------
lambda : 1.4464
max_diff => 0.0624269
performed mixing
Frob norm 1 after updating U: 2.85323
200 iterations
f(b) = 11.732
Frob norm 2 after updating B : 2.85324
Iteration number -------- 76  -----------
lambda : 1.45363
max_diff => 0.0624274
performed mixing
Frob norm 1 after updating U: 2.8532
200 iterations
f(b) = 11.825
Frob norm 2 after updating B : 2.85358
Iteration number -------- 77  -----------
lambda : 1.4609
max_diff => 0.0624287
performed mixing
Frob norm 1 after updating U: 2.85355
200 iterations
f(b) = 11.8421
Frob norm 2 after updating B : 2.85412
Iteration number -------- 78  -----------
lambda : 1.46821
max_diff => 0.0624307
performed mixing
Frob norm 1 after updating U: 2.85409
200 iterations
f(b) = 11.8165
Frob norm 2 after updating B : 2.85471
Iteration number -------- 79  -----------
lambda : 1.47555
max_diff => 0.0624321
performed mixing
Frob norm 1 after updating U: 2.85469
200 iterations
f(b) = 11.8728
Frob norm 2 after updating B : 2.85519
Iteration number -------- 80  -----------
lambda : 1.48292
max_diff => 0.0624339
performed mixing
Frob norm 1 after updating U: 2.85517
200 iterations
f(b) = 11.8723
Frob norm 2 after updating B : 2.85585
Iteration number -------- 81  -----------
lambda : 1.49034
max_diff => 0.062435
performed mixing
Frob norm 1 after updating U: 2.85583
200 iterations
f(b) = 11.8844
Frob norm 2 after updating B : 2.8564
Iteration number -------- 82  -----------
lambda : 1.49779
max_diff => 0.0624366
performed mixing
Frob norm 1 after updating U: 2.85638
200 iterations
f(b) = 11.8525
Frob norm 2 after updating B : 2.85683
Iteration number -------- 83  -----------
lambda : 1.50528
max_diff => 0.0624371
performed mixing
Frob norm 1 after updating U: 2.85681
200 iterations
f(b) = 11.9319
Frob norm 2 after updating B : 2.85746
Iteration number -------- 84  -----------
lambda : 1.51281
max_diff => 0.0624392
performed mixing
Frob norm 1 after updating U: 2.85744
200 iterations
f(b) = 11.9634
Frob norm 2 after updating B : 2.858
Iteration number -------- 85  -----------
lambda : 1.52037
max_diff => 0.062441
performed mixing
Frob norm 1 after updating U: 2.85798
200 iterations
f(b) = 11.9817
Frob norm 2 after updating B : 2.85852
Iteration number -------- 86  -----------
lambda : 1.52797
max_diff => 0.062442
performed mixing
Frob norm 1 after updating U: 2.8585
200 iterations
f(b) = 11.9968
Frob norm 2 after updating B : 2.85895
Iteration number -------- 87  -----------
lambda : 1.53561
max_diff => 0.062443
performed mixing
Frob norm 1 after updating U: 2.85893
200 iterations
f(b) = 11.9685
Frob norm 2 after updating B : 2.85996
Iteration number -------- 88  -----------
lambda : 1.54329
max_diff => 0.0624442
performed mixing
Frob norm 1 after updating U: 2.85994
200 iterations
f(b) = 12.0343
Frob norm 2 after updating B : 2.86061
Iteration number -------- 89  -----------
lambda : 1.55101
max_diff => 0.0624458
performed mixing
Frob norm 1 after updating U: 2.86059
200 iterations
f(b) = 12.0596
Frob norm 2 after updating B : 2.86118
Iteration number -------- 90  -----------
lambda : 1.55876
max_diff => 0.0624469
performed mixing
Frob norm 1 after updating U: 2.86116
200 iterations
f(b) = 12.0677
Frob norm 2 after updating B : 2.86203
Iteration number -------- 91  -----------
lambda : 1.56655
max_diff => 0.0624487
performed mixing
Frob norm 1 after updating U: 2.86201
200 iterations
f(b) = 12.082
Frob norm 2 after updating B : 2.86364
Iteration number -------- 92  -----------
lambda : 1.57439
max_diff => 0.0624512
performed mixing
Frob norm 1 after updating U: 2.86361
200 iterations
f(b) = 12.0832
Frob norm 2 after updating B : 2.86538
Iteration number -------- 93  -----------
lambda : 1.58226
max_diff => 0.0624537
performed mixing
Frob norm 1 after updating U: 2.86534
200 iterations
f(b) = 12.1035
Frob norm 2 after updating B : 2.86596
Iteration number -------- 94  -----------
lambda : 1.59017
max_diff => 0.0624543
performed mixing
Frob norm 1 after updating U: 2.86592
200 iterations
f(b) = 12.1357
Frob norm 2 after updating B : 2.86737
Iteration number -------- 95  -----------
lambda : 1.59812
max_diff => 0.0624568
performed mixing
Frob norm 1 after updating U: 2.86733
200 iterations
f(b) = 12.1575
Frob norm 2 after updating B : 2.86837
Iteration number -------- 96  -----------
lambda : 1.60611
max_diff => 0.0624579
performed mixing
Frob norm 1 after updating U: 2.86834
200 iterations
f(b) = 12.144
Frob norm 2 after updating B : 2.86893
Iteration number -------- 97  -----------
lambda : 1.61414
max_diff => 0.0624585
performed mixing
Frob norm 1 after updating U: 2.86891
200 iterations
f(b) = 12.1918
Frob norm 2 after updating B : 2.86959
Iteration number -------- 98  -----------
lambda : 1.62221
max_diff => 0.0624599
performed mixing
Frob norm 1 after updating U: 2.86957
200 iterations
f(b) = 12.2075
Frob norm 2 after updating B : 2.87049
Iteration number -------- 99  -----------
lambda : 1.63032
max_diff => 0.062461
performed mixing
Frob norm 1 after updating U: 2.87046
200 iterations
f(b) = 12.2227
Frob norm 2 after updating B : 2.8714
Iteration number -------- 100  -----------
lambda : 1.63848
max_diff => 0.0624619
