Academic license - for non-commercial use only
Frob norm 1 after updating U: 12.2767
200 iterations
f(b) = 74.2816
Frob norm 2 after updating B : 7.7686
Iteration number -------- 1  -----------
lambda : 1
max_diff => 0.149999
performed mixing
Frob norm 1 after updating U: 6.41338
200 iterations
f(b) = 66.5615
Frob norm 2 after updating B : 7.33311
Iteration number -------- 2  -----------
lambda : 1.005
max_diff => 0.137459
performed mixing
Frob norm 1 after updating U: 6.01598
200 iterations
f(b) = 59.792
Frob norm 2 after updating B : 6.90812
Iteration number -------- 3  -----------
lambda : 1.01002
max_diff => 0.124749
performed mixing
Frob norm 1 after updating U: 5.74514
200 iterations
f(b) = 53.8493
Frob norm 2 after updating B : 6.58244
Iteration number -------- 4  -----------
lambda : 1.01508
max_diff => 0.113932
performed mixing
Frob norm 1 after updating U: 5.50109
200 iterations
f(b) = 48.8521
Frob norm 2 after updating B : 6.27745
Iteration number -------- 5  -----------
lambda : 1.02015
max_diff => 0.101792
performed mixing
Frob norm 1 after updating U: 5.33314
200 iterations
f(b) = 44.725
Frob norm 2 after updating B : 6.02959
Iteration number -------- 6  -----------
lambda : 1.02525
max_diff => 0.0867336
performed mixing
Frob norm 1 after updating U: 5.19895
200 iterations
f(b) = 41.092
Frob norm 2 after updating B : 5.81259
Iteration number -------- 7  -----------
lambda : 1.03038
max_diff => 0.0731524
performed mixing
Frob norm 1 after updating U: 5.12533
200 iterations
f(b) = 38.371
Frob norm 2 after updating B : 5.59733
Iteration number -------- 8  -----------
lambda : 1.03553
max_diff => 0.0697573
performed mixing
Frob norm 1 after updating U: 5.08732
200 iterations
f(b) = 36.2541
Frob norm 2 after updating B : 5.46356
Iteration number -------- 9  -----------
lambda : 1.04071
max_diff => 0.066654
performed mixing
Frob norm 1 after updating U: 5.0211
200 iterations
f(b) = 34.6548
Frob norm 2 after updating B : 5.31081
Iteration number -------- 10  -----------
lambda : 1.04591
max_diff => 0.066694
performed mixing
Frob norm 1 after updating U: 5.02021
200 iterations
f(b) = 33.1985
Frob norm 2 after updating B : 5.24695
Iteration number -------- 11  -----------
lambda : 1.05114
max_diff => 0.0648125
performed mixing
Frob norm 1 after updating U: 4.94746
200 iterations
f(b) = 32.1509
Frob norm 2 after updating B : 5.14245
Iteration number -------- 12  -----------
lambda : 1.0564
max_diff => 0.0648497
performed mixing
Frob norm 1 after updating U: 4.94625
200 iterations
f(b) = 31.2544
Frob norm 2 after updating B : 5.0853
Iteration number -------- 13  -----------
lambda : 1.06168
max_diff => 0.0631978
performed mixing
Frob norm 1 after updating U: 4.89026
200 iterations
f(b) = 30.593
Frob norm 2 after updating B : 5.01646
Iteration number -------- 14  -----------
lambda : 1.06699
max_diff => 0.0631962
performed mixing
Frob norm 1 after updating U: 4.89011
200 iterations
f(b) = 30.1557
Frob norm 2 after updating B : 4.97158
Iteration number -------- 15  -----------
lambda : 1.07232
max_diff => 0.0631672
performed mixing
Frob norm 1 after updating U: 4.88811
200 iterations
f(b) = 29.5965
Frob norm 2 after updating B : 4.95495
Iteration number -------- 16  -----------
lambda : 1.07768
max_diff => 0.0624314
performed mixing
Frob norm 1 after updating U: 4.84597
200 iterations
f(b) = 29.2651
Frob norm 2 after updating B : 4.91709
Iteration number -------- 17  -----------
lambda : 1.08307
max_diff => 0.0624144
performed mixing
Frob norm 1 after updating U: 4.84549
200 iterations
f(b) = 29.0348
Frob norm 2 after updating B : 4.89248
Iteration number -------- 18  -----------
lambda : 1.08849
max_diff => 0.0623894
performed mixing
Frob norm 1 after updating U: 4.84458
200 iterations
f(b) = 28.7932
Frob norm 2 after updating B : 4.87648
Iteration number -------- 19  -----------
lambda : 1.09393
max_diff => 0.0622111
performed mixing
Frob norm 1 after updating U: 4.83605
200 iterations
f(b) = 28.6791
Frob norm 2 after updating B : 4.86216
Iteration number -------- 20  -----------
lambda : 1.0994
max_diff => 0.0621807
performed mixing
Frob norm 1 after updating U: 4.83497
200 iterations
f(b) = 28.6103
Frob norm 2 after updating B : 4.85261
Iteration number -------- 21  -----------
lambda : 1.1049
max_diff => 0.0621633
performed mixing
Frob norm 1 after updating U: 4.83429
200 iterations
f(b) = 28.5699
Frob norm 2 after updating B : 4.84596
Iteration number -------- 22  -----------
lambda : 1.11042
max_diff => 0.0621421
performed mixing
Frob norm 1 after updating U: 4.83348
200 iterations
f(b) = 28.3001
Frob norm 2 after updating B : 4.84266
Iteration number -------- 23  -----------
lambda : 1.11597
max_diff => 0.0601541
performed mixing
Frob norm 1 after updating U: 4.81125
200 iterations
f(b) = 28.2518
Frob norm 2 after updating B : 4.83276
Iteration number -------- 24  -----------
lambda : 1.12155
max_diff => 0.0601375
performed mixing
Frob norm 1 after updating U: 4.81133
200 iterations
f(b) = 28.203
Frob norm 2 after updating B : 4.82612
Iteration number -------- 25  -----------
lambda : 1.12716
max_diff => 0.0601197
performed mixing
Frob norm 1 after updating U: 4.81129
200 iterations
f(b) = 28.1724
Frob norm 2 after updating B : 4.82158
Iteration number -------- 26  -----------
lambda : 1.1328
max_diff => 0.0601145
performed mixing
Frob norm 1 after updating U: 4.81122
200 iterations
f(b) = 28.1826
Frob norm 2 after updating B : 4.81858
Iteration number -------- 27  -----------
lambda : 1.13846
max_diff => 0.0601025
performed mixing
Frob norm 1 after updating U: 4.81121
200 iterations
f(b) = 28.1844
Frob norm 2 after updating B : 4.81666
Iteration number -------- 28  -----------
lambda : 1.14415
max_diff => 0.0600802
performed mixing
Frob norm 1 after updating U: 4.81135
200 iterations
f(b) = 28.1909
Frob norm 2 after updating B : 4.81517
Iteration number -------- 29  -----------
lambda : 1.14987
max_diff => 0.060053
performed mixing
Frob norm 1 after updating U: 4.81126
200 iterations
f(b) = 28.1788
Frob norm 2 after updating B : 4.81421
Iteration number -------- 30  -----------
lambda : 1.15562
max_diff => 0.0600333
performed mixing
Frob norm 1 after updating U: 4.81126
200 iterations
f(b) = 28.2097
Frob norm 2 after updating B : 4.81355
Iteration number -------- 31  -----------
lambda : 1.1614
max_diff => 0.0600069
performed mixing
Frob norm 1 after updating U: 4.81127
200 iterations
f(b) = 28.2316
Frob norm 2 after updating B : 4.81316
Iteration number -------- 32  -----------
lambda : 1.16721
max_diff => 0.0599979
performed mixing
Frob norm 1 after updating U: 4.81143
200 iterations
f(b) = 28.1605
Frob norm 2 after updating B : 4.82652
Iteration number -------- 33  -----------
lambda : 1.17304
max_diff => 0.0576607
performed mixing
Frob norm 1 after updating U: 4.81886
200 iterations
f(b) = 28.3301
Frob norm 2 after updating B : 4.82236
Iteration number -------- 34  -----------
lambda : 1.17891
max_diff => 0.0576935
performed mixing
Frob norm 1 after updating U: 4.81697
200 iterations
f(b) = 28.1043
Frob norm 2 after updating B : 4.82124
Iteration number -------- 35  -----------
lambda : 1.1848
max_diff => 0.0577289
performed mixing
Frob norm 1 after updating U: 4.81719
200 iterations
f(b) = 28.1604
Frob norm 2 after updating B : 4.82006
Iteration number -------- 36  -----------
lambda : 1.19073
max_diff => 0.0577225
performed mixing
Frob norm 1 after updating U: 4.81725
200 iterations
f(b) = 28.1768
Frob norm 2 after updating B : 4.81926
Iteration number -------- 37  -----------
lambda : 1.19668
max_diff => 0.0577245
performed mixing
Frob norm 1 after updating U: 4.81729
200 iterations
f(b) = 28.1895
Frob norm 2 after updating B : 4.81871
Iteration number -------- 38  -----------
lambda : 1.20266
max_diff => 0.0577216
performed mixing
Frob norm 1 after updating U: 4.81729
200 iterations
f(b) = 28.2068
Frob norm 2 after updating B : 4.8185
Iteration number -------- 39  -----------
lambda : 1.20868
max_diff => 0.0577158
performed mixing
Frob norm 1 after updating U: 4.8174
200 iterations
f(b) = 28.2233
Frob norm 2 after updating B : 4.81827
Iteration number -------- 40  -----------
lambda : 1.21472
max_diff => 0.0577008
performed mixing
Frob norm 1 after updating U: 4.8174
200 iterations
f(b) = 28.2345
Frob norm 2 after updating B : 4.81836
Iteration number -------- 41  -----------
lambda : 1.22079
max_diff => 0.0576788
performed mixing
Frob norm 1 after updating U: 4.8176
200 iterations
f(b) = 28.2541
Frob norm 2 after updating B : 4.81843
Iteration number -------- 42  -----------
lambda : 1.2269
max_diff => 0.0576508
performed mixing
Frob norm 1 after updating U: 4.81781
200 iterations
f(b) = 28.2733
Frob norm 2 after updating B : 4.81861
Iteration number -------- 43  -----------
lambda : 1.23303
max_diff => 0.0576287
performed mixing
Frob norm 1 after updating U: 4.81809
200 iterations
f(b) = 28.2923
Frob norm 2 after updating B : 4.81872
Iteration number -------- 44  -----------
lambda : 1.2392
max_diff => 0.0576088
performed mixing
Frob norm 1 after updating U: 4.81831
200 iterations
f(b) = 28.3152
Frob norm 2 after updating B : 4.8189
Iteration number -------- 45  -----------
lambda : 1.24539
max_diff => 0.0575924
performed mixing
Frob norm 1 after updating U: 4.81858
200 iterations
f(b) = 28.323
Frob norm 2 after updating B : 4.81983
Iteration number -------- 46  -----------
lambda : 1.25162
max_diff => 0.0575302
performed mixing
Frob norm 1 after updating U: 4.81947
200 iterations
f(b) = 28.3424
Frob norm 2 after updating B : 4.82016
Iteration number -------- 47  -----------
lambda : 1.25788
max_diff => 0.057497
performed mixing
Frob norm 1 after updating U: 4.81982
200 iterations
f(b) = 28.364
Frob norm 2 after updating B : 4.82058
Iteration number -------- 48  -----------
lambda : 1.26417
max_diff => 0.0575067
performed mixing
Frob norm 1 after updating U: 4.82028
200 iterations
f(b) = 28.3551
Frob norm 2 after updating B : 4.82229
Iteration number -------- 49  -----------
lambda : 1.27049
max_diff => 0.0573542
performed mixing
Frob norm 1 after updating U: 4.82164
200 iterations
f(b) = 28.3731
Frob norm 2 after updating B : 4.82193
Iteration number -------- 50  -----------
lambda : 1.27684
max_diff => 0.0572786
performed mixing
Frob norm 1 after updating U: 4.82144
200 iterations
f(b) = 28.4003
Frob norm 2 after updating B : 4.82163
Iteration number -------- 51  -----------
lambda : 1.28323
max_diff => 0.0572664
performed mixing
Frob norm 1 after updating U: 4.82129
200 iterations
f(b) = 28.4224
Frob norm 2 after updating B : 4.82157
Iteration number -------- 52  -----------
lambda : 1.28964
max_diff => 0.0572078
performed mixing
Frob norm 1 after updating U: 4.82132
200 iterations
f(b) = 28.4467
Frob norm 2 after updating B : 4.82154
Iteration number -------- 53  -----------
lambda : 1.29609
max_diff => 0.057164
performed mixing
Frob norm 1 after updating U: 4.82136
200 iterations
f(b) = 28.4696
Frob norm 2 after updating B : 4.82157
Iteration number -------- 54  -----------
lambda : 1.30257
max_diff => 0.0571255
performed mixing
Frob norm 1 after updating U: 4.82144
200 iterations
f(b) = 28.4746
Frob norm 2 after updating B : 4.82156
Iteration number -------- 55  -----------
lambda : 1.30908
max_diff => 0.0571109
performed mixing
Frob norm 1 after updating U: 4.82146
200 iterations
f(b) = 28.5194
Frob norm 2 after updating B : 4.82151
Iteration number -------- 56  -----------
lambda : 1.31563
max_diff => 0.0570825
performed mixing
Frob norm 1 after updating U: 4.82142
200 iterations
f(b) = 28.5426
Frob norm 2 after updating B : 4.82155
Iteration number -------- 57  -----------
lambda : 1.32221
max_diff => 0.0570518
performed mixing
Frob norm 1 after updating U: 4.82148
200 iterations
f(b) = 28.5667
Frob norm 2 after updating B : 4.82151
Iteration number -------- 58  -----------
lambda : 1.32882
max_diff => 0.0570199
performed mixing
Frob norm 1 after updating U: 4.82146
200 iterations
f(b) = 28.596
Frob norm 2 after updating B : 4.82157
Iteration number -------- 59  -----------
lambda : 1.33546
max_diff => 0.0570049
performed mixing
Frob norm 1 after updating U: 4.82153
200 iterations
f(b) = 28.6168
Frob norm 2 after updating B : 4.82172
Iteration number -------- 60  -----------
lambda : 1.34214
max_diff => 0.056977
performed mixing
Frob norm 1 after updating U: 4.82168
200 iterations
f(b) = 28.6376
Frob norm 2 after updating B : 4.82205
Iteration number -------- 61  -----------
lambda : 1.34885
max_diff => 0.056921
performed mixing
Frob norm 1 after updating U: 4.82201
200 iterations
f(b) = 28.6667
Frob norm 2 after updating B : 4.82224
Iteration number -------- 62  -----------
lambda : 1.35559
max_diff => 0.0568771
performed mixing
Frob norm 1 after updating U: 4.82221
200 iterations
f(b) = 28.6894
Frob norm 2 after updating B : 4.82241
Iteration number -------- 63  -----------
lambda : 1.36237
max_diff => 0.0568444
performed mixing
Frob norm 1 after updating U: 4.82238
200 iterations
f(b) = 28.7154
Frob norm 2 after updating B : 4.8225
Iteration number -------- 64  -----------
lambda : 1.36918
max_diff => 0.0568351
performed mixing
Frob norm 1 after updating U: 4.82248
200 iterations
f(b) = 28.7435
Frob norm 2 after updating B : 4.82272
Iteration number -------- 65  -----------
lambda : 1.37603
max_diff => 0.0568051
performed mixing
Frob norm 1 after updating U: 4.8227
200 iterations
f(b) = 28.7613
Frob norm 2 after updating B : 4.82301
Iteration number -------- 66  -----------
lambda : 1.38291
max_diff => 0.0567729
performed mixing
Frob norm 1 after updating U: 4.82299
200 iterations
f(b) = 28.781
Frob norm 2 after updating B : 4.82333
Iteration number -------- 67  -----------
lambda : 1.38982
max_diff => 0.0567373
performed mixing
Frob norm 1 after updating U: 4.82331
200 iterations
f(b) = 28.8118
Frob norm 2 after updating B : 4.82384
Iteration number -------- 68  -----------
lambda : 1.39677
max_diff => 0.0566823
performed mixing
Frob norm 1 after updating U: 4.82381
200 iterations
f(b) = 28.8407
Frob norm 2 after updating B : 4.82407
Iteration number -------- 69  -----------
lambda : 1.40376
max_diff => 0.0566505
performed mixing
Frob norm 1 after updating U: 4.82404
200 iterations
f(b) = 28.8494
Frob norm 2 after updating B : 4.82431
Iteration number -------- 70  -----------
lambda : 1.41078
max_diff => 0.0565751
performed mixing
Frob norm 1 after updating U: 4.82428
200 iterations
f(b) = 28.8961
Frob norm 2 after updating B : 4.82423
Iteration number -------- 71  -----------
lambda : 1.41783
max_diff => 0.0565409
performed mixing
Frob norm 1 after updating U: 4.8242
200 iterations
f(b) = 28.9154
Frob norm 2 after updating B : 4.82451
Iteration number -------- 72  -----------
lambda : 1.42492
max_diff => 0.0565051
performed mixing
Frob norm 1 after updating U: 4.82449
200 iterations
f(b) = 28.9441
Frob norm 2 after updating B : 4.82454
Iteration number -------- 73  -----------
lambda : 1.43204
max_diff => 0.0564783
performed mixing
Frob norm 1 after updating U: 4.82452
200 iterations
f(b) = 28.9747
Frob norm 2 after updating B : 4.82465
Iteration number -------- 74  -----------
lambda : 1.4392
max_diff => 0.0564539
performed mixing
Frob norm 1 after updating U: 4.82463
200 iterations
f(b) = 28.9976
Frob norm 2 after updating B : 4.82468
Iteration number -------- 75  -----------
lambda : 1.4464
max_diff => 0.0564235
performed mixing
Frob norm 1 after updating U: 4.82466
200 iterations
f(b) = 29.0256
Frob norm 2 after updating B : 4.82499
Iteration number -------- 76  -----------
lambda : 1.45363
max_diff => 0.0563858
performed mixing
Frob norm 1 after updating U: 4.82498
200 iterations
f(b) = 29.0568
Frob norm 2 after updating B : 4.82523
Iteration number -------- 77  -----------
lambda : 1.4609
max_diff => 0.0563574
performed mixing
Frob norm 1 after updating U: 4.82522
200 iterations
f(b) = 29.0767
Frob norm 2 after updating B : 4.82512
Iteration number -------- 78  -----------
lambda : 1.46821
max_diff => 0.0563254
performed mixing
Frob norm 1 after updating U: 4.8251
200 iterations
f(b) = 29.1098
Frob norm 2 after updating B : 4.82549
Iteration number -------- 79  -----------
lambda : 1.47555
max_diff => 0.0562746
performed mixing
Frob norm 1 after updating U: 4.82547
200 iterations
f(b) = 29.1357
Frob norm 2 after updating B : 4.82551
Iteration number -------- 80  -----------
lambda : 1.48292
max_diff => 0.0562454
performed mixing
Frob norm 1 after updating U: 4.8255
200 iterations
f(b) = 29.1635
Frob norm 2 after updating B : 4.82568
Iteration number -------- 81  -----------
lambda : 1.49034
max_diff => 0.0562184
performed mixing
Frob norm 1 after updating U: 4.82566
200 iterations
f(b) = 29.1545
Frob norm 2 after updating B : 4.82517
Iteration number -------- 82  -----------
lambda : 1.49779
max_diff => 0.0558066
performed mixing
Frob norm 1 after updating U: 4.82483
200 iterations
f(b) = 29.2044
Frob norm 2 after updating B : 4.82707
Iteration number -------- 83  -----------
lambda : 1.50528
max_diff => 0.055771
performed mixing
Frob norm 1 after updating U: 4.82697
200 iterations
f(b) = 29.2318
Frob norm 2 after updating B : 4.82768
Iteration number -------- 84  -----------
lambda : 1.51281
max_diff => 0.0557536
performed mixing
Frob norm 1 after updating U: 4.82761
200 iterations
f(b) = 29.2613
Frob norm 2 after updating B : 4.82832
Iteration number -------- 85  -----------
lambda : 1.52037
max_diff => 0.0557196
performed mixing
Frob norm 1 after updating U: 4.82826
200 iterations
f(b) = 29.2869
Frob norm 2 after updating B : 4.82865
Iteration number -------- 86  -----------
lambda : 1.52797
max_diff => 0.0556933
performed mixing
Frob norm 1 after updating U: 4.8286
200 iterations
f(b) = 29.3188
Frob norm 2 after updating B : 4.82894
Iteration number -------- 87  -----------
lambda : 1.53561
max_diff => 0.0556687
performed mixing
Frob norm 1 after updating U: 4.82891
200 iterations
f(b) = 29.3414
Frob norm 2 after updating B : 4.82922
Iteration number -------- 88  -----------
lambda : 1.54329
max_diff => 0.0556432
performed mixing
Frob norm 1 after updating U: 4.82919
200 iterations
f(b) = 29.3751
Frob norm 2 after updating B : 4.82954
Iteration number -------- 89  -----------
lambda : 1.55101
max_diff => 0.0556131
performed mixing
Frob norm 1 after updating U: 4.82951
200 iterations
f(b) = 29.4073
Frob norm 2 after updating B : 4.82977
Iteration number -------- 90  -----------
lambda : 1.55876
max_diff => 0.0556026
performed mixing
Frob norm 1 after updating U: 4.82975
200 iterations
f(b) = 29.4304
Frob norm 2 after updating B : 4.83024
Iteration number -------- 91  -----------
lambda : 1.56655
max_diff => 0.0555573
performed mixing
Frob norm 1 after updating U: 4.83022
200 iterations
f(b) = 29.4621
Frob norm 2 after updating B : 4.83069
Iteration number -------- 92  -----------
lambda : 1.57439
max_diff => 0.0555346
performed mixing
Frob norm 1 after updating U: 4.83068
200 iterations
f(b) = 29.4933
Frob norm 2 after updating B : 4.83105
Iteration number -------- 93  -----------
lambda : 1.58226
max_diff => 0.0555071
performed mixing
Frob norm 1 after updating U: 4.83104
200 iterations
f(b) = 29.4792
Frob norm 2 after updating B : 4.8314
Iteration number -------- 94  -----------
lambda : 1.59017
max_diff => 0.0554616
performed mixing
Frob norm 1 after updating U: 4.83138
200 iterations
f(b) = 29.4649
Frob norm 2 after updating B : 4.83242
Iteration number -------- 95  -----------
lambda : 1.59812
max_diff => 0.0554089
performed mixing
Frob norm 1 after updating U: 4.8324
200 iterations
f(b) = 29.5773
Frob norm 2 after updating B : 4.83274
Iteration number -------- 96  -----------
lambda : 1.60611
max_diff => 0.0553845
performed mixing
Frob norm 1 after updating U: 4.83272
200 iterations
f(b) = 29.6058
Frob norm 2 after updating B : 4.83313
Iteration number -------- 97  -----------
lambda : 1.61414
max_diff => 0.0553545
performed mixing
Frob norm 1 after updating U: 4.83312
200 iterations
f(b) = 29.6305
Frob norm 2 after updating B : 4.83401
Iteration number -------- 98  -----------
lambda : 1.62221
max_diff => 0.0553032
performed mixing
Frob norm 1 after updating U: 4.834
200 iterations
f(b) = 29.6649
Frob norm 2 after updating B : 4.83444
Iteration number -------- 99  -----------
lambda : 1.63032
max_diff => 0.0552779
performed mixing
Frob norm 1 after updating U: 4.83442
200 iterations
f(b) = 29.7004
Frob norm 2 after updating B : 4.83489
Iteration number -------- 100  -----------
lambda : 1.63848
max_diff => 0.055252
