Academic license - for non-commercial use only
Frob norm 1 after updating U: 12.2833
200 iterations
f(b) = 72.1193
Frob norm 2 after updating B : 7.57153
Iteration number -------- 1  -----------
lambda : 1
max_diff => 0.151046
performed mixing
Frob norm 1 after updating U: 6.0026
200 iterations
f(b) = 61.8925
Frob norm 2 after updating B : 7.06574
Iteration number -------- 2  -----------
lambda : 1.005
max_diff => 0.127801
performed mixing
Frob norm 1 after updating U: 5.51823
200 iterations
f(b) = 53.6917
Frob norm 2 after updating B : 6.63054
Iteration number -------- 3  -----------
lambda : 1.01002
max_diff => 0.108497
performed mixing
Frob norm 1 after updating U: 5.05121
200 iterations
f(b) = 46.6553
Frob norm 2 after updating B : 6.1527
Iteration number -------- 4  -----------
lambda : 1.01508
max_diff => 0.0999424
performed mixing
Frob norm 1 after updating U: 4.85737
200 iterations
f(b) = 41.0704
Frob norm 2 after updating B : 5.75241
Iteration number -------- 5  -----------
lambda : 1.02015
max_diff => 0.0893752
performed mixing
Frob norm 1 after updating U: 4.67655
200 iterations
f(b) = 36.8663
Frob norm 2 after updating B : 5.40125
Iteration number -------- 6  -----------
lambda : 1.02525
max_diff => 0.0837045
performed mixing
Frob norm 1 after updating U: 4.53644
200 iterations
f(b) = 33.4311
Frob norm 2 after updating B : 5.12225
Iteration number -------- 7  -----------
lambda : 1.03038
max_diff => 0.061464
performed mixing
Frob norm 1 after updating U: 4.43148
200 iterations
f(b) = 30.9939
Frob norm 2 after updating B : 4.89769
Iteration number -------- 8  -----------
lambda : 1.03553
max_diff => 0.0610181
performed mixing
Frob norm 1 after updating U: 4.37815
200 iterations
f(b) = 29.1833
Frob norm 2 after updating B : 4.74626
Iteration number -------- 9  -----------
lambda : 1.04071
max_diff => 0.060626
performed mixing
Frob norm 1 after updating U: 4.30637
200 iterations
f(b) = 27.8129
Frob norm 2 after updating B : 4.59521
Iteration number -------- 10  -----------
lambda : 1.04591
max_diff => 0.0605669
performed mixing
Frob norm 1 after updating U: 4.30501
200 iterations
f(b) = 26.6609
Frob norm 2 after updating B : 4.52619
Iteration number -------- 11  -----------
lambda : 1.05114
max_diff => 0.0593492
performed mixing
Frob norm 1 after updating U: 4.24427
200 iterations
f(b) = 25.8217
Frob norm 2 after updating B : 4.42916
Iteration number -------- 12  -----------
lambda : 1.0564
max_diff => 0.0593245
performed mixing
Frob norm 1 after updating U: 4.24318
200 iterations
f(b) = 25.1186
Frob norm 2 after updating B : 4.37805
Iteration number -------- 13  -----------
lambda : 1.06168
max_diff => 0.0586817
performed mixing
Frob norm 1 after updating U: 4.22138
200 iterations
f(b) = 24.683
Frob norm 2 after updating B : 4.32382
Iteration number -------- 14  -----------
lambda : 1.06699
max_diff => 0.0586585
performed mixing
Frob norm 1 after updating U: 4.22048
200 iterations
f(b) = 24.2267
Frob norm 2 after updating B : 4.31284
Iteration number -------- 15  -----------
lambda : 1.07232
max_diff => 0.0575635
performed mixing
Frob norm 1 after updating U: 4.19569
200 iterations
f(b) = 23.9108
Frob norm 2 after updating B : 4.27202
Iteration number -------- 16  -----------
lambda : 1.07768
max_diff => 0.0575667
performed mixing
Frob norm 1 after updating U: 4.19558
200 iterations
f(b) = 23.6976
Frob norm 2 after updating B : 4.24575
Iteration number -------- 17  -----------
lambda : 1.08307
max_diff => 0.0575492
performed mixing
Frob norm 1 after updating U: 4.19508
200 iterations
f(b) = 23.4257
Frob norm 2 after updating B : 4.25018
Iteration number -------- 18  -----------
lambda : 1.08849
max_diff => 0.0572705
performed mixing
Frob norm 1 after updating U: 4.18669
200 iterations
f(b) = 23.2244
Frob norm 2 after updating B : 4.2295
Iteration number -------- 19  -----------
lambda : 1.09393
max_diff => 0.0572459
performed mixing
Frob norm 1 after updating U: 4.18349
200 iterations
f(b) = 23.1122
Frob norm 2 after updating B : 4.21438
Iteration number -------- 20  -----------
lambda : 1.0994
max_diff => 0.0572351
performed mixing
Frob norm 1 after updating U: 4.1832
200 iterations
f(b) = 22.8815
Frob norm 2 after updating B : 4.22458
Iteration number -------- 21  -----------
lambda : 1.1049
max_diff => 0.0569658
performed mixing
Frob norm 1 after updating U: 4.18097
200 iterations
f(b) = 22.7505
Frob norm 2 after updating B : 4.21643
Iteration number -------- 22  -----------
lambda : 1.11042
max_diff => 0.0566605
performed mixing
Frob norm 1 after updating U: 4.18166
200 iterations
f(b) = 22.6995
Frob norm 2 after updating B : 4.20464
Iteration number -------- 23  -----------
lambda : 1.11597
max_diff => 0.0566449
performed mixing
Frob norm 1 after updating U: 4.18213
200 iterations
f(b) = 22.6542
Frob norm 2 after updating B : 4.19713
Iteration number -------- 24  -----------
lambda : 1.12155
max_diff => 0.0566251
performed mixing
Frob norm 1 after updating U: 4.18254
200 iterations
f(b) = 22.6284
Frob norm 2 after updating B : 4.19252
Iteration number -------- 25  -----------
lambda : 1.12716
max_diff => 0.0565985
performed mixing
Frob norm 1 after updating U: 4.18302
200 iterations
f(b) = 22.6235
Frob norm 2 after updating B : 4.18938
Iteration number -------- 26  -----------
lambda : 1.1328
max_diff => 0.056575
performed mixing
Frob norm 1 after updating U: 4.18318
200 iterations
f(b) = 22.6232
Frob norm 2 after updating B : 4.18749
Iteration number -------- 27  -----------
lambda : 1.13846
max_diff => 0.0565382
performed mixing
Frob norm 1 after updating U: 4.18341
200 iterations
f(b) = 22.6399
Frob norm 2 after updating B : 4.18624
Iteration number -------- 28  -----------
lambda : 1.14415
max_diff => 0.0565021
performed mixing
Frob norm 1 after updating U: 4.18354
200 iterations
f(b) = 22.6531
Frob norm 2 after updating B : 4.1854
Iteration number -------- 29  -----------
lambda : 1.14987
max_diff => 0.0564653
performed mixing
Frob norm 1 after updating U: 4.1836
200 iterations
f(b) = 22.6656
Frob norm 2 after updating B : 4.185
Iteration number -------- 30  -----------
lambda : 1.15562
max_diff => 0.0563865
performed mixing
Frob norm 1 after updating U: 4.18372
200 iterations
f(b) = 22.6861
Frob norm 2 after updating B : 4.18485
Iteration number -------- 31  -----------
lambda : 1.1614
max_diff => 0.0563324
performed mixing
Frob norm 1 after updating U: 4.18396
200 iterations
f(b) = 22.7122
Frob norm 2 after updating B : 4.18457
Iteration number -------- 32  -----------
lambda : 1.16721
max_diff => 0.0563071
performed mixing
Frob norm 1 after updating U: 4.18397
200 iterations
f(b) = 22.7365
Frob norm 2 after updating B : 4.18449
Iteration number -------- 33  -----------
lambda : 1.17304
max_diff => 0.0562857
performed mixing
Frob norm 1 after updating U: 4.18408
200 iterations
f(b) = 22.7553
Frob norm 2 after updating B : 4.18445
Iteration number -------- 34  -----------
lambda : 1.17891
max_diff => 0.0562425
performed mixing
Frob norm 1 after updating U: 4.18415
200 iterations
f(b) = 22.7825
Frob norm 2 after updating B : 4.18459
Iteration number -------- 35  -----------
lambda : 1.1848
max_diff => 0.0562097
performed mixing
Frob norm 1 after updating U: 4.18438
200 iterations
f(b) = 22.7694
Frob norm 2 after updating B : 4.18573
Iteration number -------- 36  -----------
lambda : 1.19073
max_diff => 0.0559047
performed mixing
Frob norm 1 after updating U: 4.18538
200 iterations
f(b) = 22.8118
Frob norm 2 after updating B : 4.18595
Iteration number -------- 37  -----------
lambda : 1.19668
max_diff => 0.055893
performed mixing
Frob norm 1 after updating U: 4.18567
200 iterations
f(b) = 22.8438
Frob norm 2 after updating B : 4.18597
Iteration number -------- 38  -----------
lambda : 1.20266
max_diff => 0.0558832
performed mixing
Frob norm 1 after updating U: 4.18577
200 iterations
f(b) = 22.8625
Frob norm 2 after updating B : 4.18623
Iteration number -------- 39  -----------
lambda : 1.20868
max_diff => 0.0558597
performed mixing
Frob norm 1 after updating U: 4.18607
200 iterations
f(b) = 22.8841
Frob norm 2 after updating B : 4.1865
Iteration number -------- 40  -----------
lambda : 1.21472
max_diff => 0.0558416
performed mixing
Frob norm 1 after updating U: 4.18637
200 iterations
f(b) = 22.9144
Frob norm 2 after updating B : 4.18665
Iteration number -------- 41  -----------
lambda : 1.22079
max_diff => 0.0558312
performed mixing
Frob norm 1 after updating U: 4.18655
200 iterations
f(b) = 22.9372
Frob norm 2 after updating B : 4.1869
Iteration number -------- 42  -----------
lambda : 1.2269
max_diff => 0.0558172
performed mixing
Frob norm 1 after updating U: 4.18682
200 iterations
f(b) = 22.9684
Frob norm 2 after updating B : 4.18717
Iteration number -------- 43  -----------
lambda : 1.23303
max_diff => 0.0558038
performed mixing
Frob norm 1 after updating U: 4.18711
200 iterations
f(b) = 22.9962
Frob norm 2 after updating B : 4.18739
Iteration number -------- 44  -----------
lambda : 1.2392
max_diff => 0.0557974
performed mixing
Frob norm 1 after updating U: 4.18733
200 iterations
f(b) = 23.0201
Frob norm 2 after updating B : 4.18758
Iteration number -------- 45  -----------
lambda : 1.24539
max_diff => 0.0557839
performed mixing
Frob norm 1 after updating U: 4.18754
200 iterations
f(b) = 23.0441
Frob norm 2 after updating B : 4.18791
Iteration number -------- 46  -----------
lambda : 1.25162
max_diff => 0.0557824
performed mixing
Frob norm 1 after updating U: 4.18787
200 iterations
f(b) = 23.0638
Frob norm 2 after updating B : 4.18833
Iteration number -------- 47  -----------
lambda : 1.25788
max_diff => 0.055773
performed mixing
Frob norm 1 after updating U: 4.18829
200 iterations
f(b) = 23.0955
Frob norm 2 after updating B : 4.18861
Iteration number -------- 48  -----------
lambda : 1.26417
max_diff => 0.0557566
performed mixing
Frob norm 1 after updating U: 4.18857
200 iterations
f(b) = 23.1196
Frob norm 2 after updating B : 4.18886
Iteration number -------- 49  -----------
lambda : 1.27049
max_diff => 0.055741
performed mixing
Frob norm 1 after updating U: 4.18883
200 iterations
f(b) = 23.1416
Frob norm 2 after updating B : 4.18911
Iteration number -------- 50  -----------
lambda : 1.27684
max_diff => 0.0557386
performed mixing
Frob norm 1 after updating U: 4.18908
200 iterations
f(b) = 23.1787
Frob norm 2 after updating B : 4.18939
Iteration number -------- 51  -----------
lambda : 1.28323
max_diff => 0.055739
performed mixing
Frob norm 1 after updating U: 4.18936
200 iterations
f(b) = 23.1946
Frob norm 2 after updating B : 4.18988
Iteration number -------- 52  -----------
lambda : 1.28964
max_diff => 0.0557356
performed mixing
Frob norm 1 after updating U: 4.18985
200 iterations
f(b) = 23.2257
Frob norm 2 after updating B : 4.19038
Iteration number -------- 53  -----------
lambda : 1.29609
max_diff => 0.0557245
performed mixing
Frob norm 1 after updating U: 4.19036
200 iterations
f(b) = 23.2215
Frob norm 2 after updating B : 4.19163
Iteration number -------- 54  -----------
lambda : 1.30257
max_diff => 0.0557005
performed mixing
Frob norm 1 after updating U: 4.1916
200 iterations
f(b) = 23.2804
Frob norm 2 after updating B : 4.1921
Iteration number -------- 55  -----------
lambda : 1.30908
max_diff => 0.0556842
performed mixing
Frob norm 1 after updating U: 4.19206
200 iterations
f(b) = 23.3071
Frob norm 2 after updating B : 4.19255
Iteration number -------- 56  -----------
lambda : 1.31563
max_diff => 0.0556572
performed mixing
Frob norm 1 after updating U: 4.19252
200 iterations
f(b) = 23.2697
Frob norm 2 after updating B : 4.19318
Iteration number -------- 57  -----------
lambda : 1.32221
max_diff => 0.0556411
performed mixing
Frob norm 1 after updating U: 4.19315
200 iterations
f(b) = 23.3666
Frob norm 2 after updating B : 4.19356
Iteration number -------- 58  -----------
lambda : 1.32882
max_diff => 0.0556372
performed mixing
Frob norm 1 after updating U: 4.19353
200 iterations
f(b) = 23.3915
Frob norm 2 after updating B : 4.19384
Iteration number -------- 59  -----------
lambda : 1.33546
max_diff => 0.0556358
performed mixing
Frob norm 1 after updating U: 4.19382
200 iterations
f(b) = 23.4146
Frob norm 2 after updating B : 4.19427
Iteration number -------- 60  -----------
lambda : 1.34214
max_diff => 0.0556314
performed mixing
Frob norm 1 after updating U: 4.19425
200 iterations
f(b) = 23.4413
Frob norm 2 after updating B : 4.19494
Iteration number -------- 61  -----------
lambda : 1.34885
max_diff => 0.0556249
performed mixing
Frob norm 1 after updating U: 4.19492
200 iterations
f(b) = 23.4614
Frob norm 2 after updating B : 4.19619
Iteration number -------- 62  -----------
lambda : 1.35559
max_diff => 0.0556384
performed mixing
Frob norm 1 after updating U: 4.19616
200 iterations
f(b) = 23.4971
Frob norm 2 after updating B : 4.19659
Iteration number -------- 63  -----------
lambda : 1.36237
max_diff => 0.0556323
performed mixing
Frob norm 1 after updating U: 4.19657
200 iterations
f(b) = 23.5245
Frob norm 2 after updating B : 4.19702
Iteration number -------- 64  -----------
lambda : 1.36918
max_diff => 0.055632
performed mixing
Frob norm 1 after updating U: 4.19699
200 iterations
f(b) = 23.55
Frob norm 2 after updating B : 4.19778
Iteration number -------- 65  -----------
lambda : 1.37603
max_diff => 0.0556324
performed mixing
Frob norm 1 after updating U: 4.19776
200 iterations
f(b) = 23.5679
Frob norm 2 after updating B : 4.19898
Iteration number -------- 66  -----------
lambda : 1.38291
max_diff => 0.055743
performed mixing
Frob norm 1 after updating U: 4.19894
200 iterations
f(b) = 23.6011
Frob norm 2 after updating B : 4.19942
Iteration number -------- 67  -----------
lambda : 1.38982
max_diff => 0.0557428
performed mixing
Frob norm 1 after updating U: 4.19939
200 iterations
f(b) = 23.6258
Frob norm 2 after updating B : 4.19992
Iteration number -------- 68  -----------
lambda : 1.39677
max_diff => 0.0557503
performed mixing
Frob norm 1 after updating U: 4.19989
200 iterations
f(b) = 23.6572
Frob norm 2 after updating B : 4.2001
Iteration number -------- 69  -----------
lambda : 1.40376
max_diff => 0.0557539
performed mixing
Frob norm 1 after updating U: 4.20008
200 iterations
f(b) = 23.6836
Frob norm 2 after updating B : 4.20034
Iteration number -------- 70  -----------
lambda : 1.41078
max_diff => 0.0557511
performed mixing
Frob norm 1 after updating U: 4.20031
200 iterations
f(b) = 23.7167
Frob norm 2 after updating B : 4.20047
Iteration number -------- 71  -----------
lambda : 1.41783
max_diff => 0.0557471
performed mixing
Frob norm 1 after updating U: 4.20045
200 iterations
f(b) = 23.7566
Frob norm 2 after updating B : 4.2005
Iteration number -------- 72  -----------
lambda : 1.42492
max_diff => 0.055748
performed mixing
Frob norm 1 after updating U: 4.20049
200 iterations
f(b) = 23.7731
Frob norm 2 after updating B : 4.20061
Iteration number -------- 73  -----------
lambda : 1.43204
max_diff => 0.0557447
performed mixing
Frob norm 1 after updating U: 4.2006
200 iterations
f(b) = 23.8113
Frob norm 2 after updating B : 4.20073
Iteration number -------- 74  -----------
lambda : 1.4392
max_diff => 0.0557434
performed mixing
Frob norm 1 after updating U: 4.20072
200 iterations
f(b) = 23.8398
Frob norm 2 after updating B : 4.20087
Iteration number -------- 75  -----------
lambda : 1.4464
max_diff => 0.0557506
performed mixing
Frob norm 1 after updating U: 4.20086
200 iterations
f(b) = 23.868
Frob norm 2 after updating B : 4.20109
Iteration number -------- 76  -----------
lambda : 1.45363
max_diff => 0.0557513
performed mixing
Frob norm 1 after updating U: 4.20108
200 iterations
f(b) = 23.8993
Frob norm 2 after updating B : 4.20126
Iteration number -------- 77  -----------
lambda : 1.4609
max_diff => 0.0557539
performed mixing
Frob norm 1 after updating U: 4.20125
200 iterations
f(b) = 23.9257
Frob norm 2 after updating B : 4.20154
Iteration number -------- 78  -----------
lambda : 1.46821
max_diff => 0.0557365
performed mixing
Frob norm 1 after updating U: 4.20153
200 iterations
f(b) = 23.9552
Frob norm 2 after updating B : 4.20183
Iteration number -------- 79  -----------
lambda : 1.47555
max_diff => 0.0557331
performed mixing
Frob norm 1 after updating U: 4.20182
200 iterations
f(b) = 23.9883
Frob norm 2 after updating B : 4.20201
Iteration number -------- 80  -----------
lambda : 1.48292
max_diff => 0.0557418
performed mixing
Frob norm 1 after updating U: 4.202
200 iterations
f(b) = 24.0245
Frob norm 2 after updating B : 4.20218
Iteration number -------- 81  -----------
lambda : 1.49034
max_diff => 0.0557385
performed mixing
Frob norm 1 after updating U: 4.20218
200 iterations
f(b) = 24.0575
Frob norm 2 after updating B : 4.20234
Iteration number -------- 82  -----------
lambda : 1.49779
max_diff => 0.0557358
performed mixing
Frob norm 1 after updating U: 4.20233
200 iterations
f(b) = 24.0512
Frob norm 2 after updating B : 4.20251
Iteration number -------- 83  -----------
lambda : 1.50528
max_diff => 0.0557486
performed mixing
Frob norm 1 after updating U: 4.20251
200 iterations
f(b) = 24.1099
Frob norm 2 after updating B : 4.20291
Iteration number -------- 84  -----------
lambda : 1.51281
max_diff => 0.0557558
performed mixing
Frob norm 1 after updating U: 4.2029
200 iterations
f(b) = 24.1457
Frob norm 2 after updating B : 4.20314
Iteration number -------- 85  -----------
lambda : 1.52037
max_diff => 0.0557424
performed mixing
Frob norm 1 after updating U: 4.20313
200 iterations
f(b) = 24.1737
Frob norm 2 after updating B : 4.20339
Iteration number -------- 86  -----------
lambda : 1.52797
max_diff => 0.0557375
performed mixing
Frob norm 1 after updating U: 4.20338
200 iterations
f(b) = 24.2153
Frob norm 2 after updating B : 4.20359
Iteration number -------- 87  -----------
lambda : 1.53561
max_diff => 0.0557294
performed mixing
Frob norm 1 after updating U: 4.20359
200 iterations
f(b) = 24.247
Frob norm 2 after updating B : 4.20387
Iteration number -------- 88  -----------
lambda : 1.54329
max_diff => 0.0557156
performed mixing
Frob norm 1 after updating U: 4.20386
200 iterations
f(b) = 24.2782
Frob norm 2 after updating B : 4.20409
Iteration number -------- 89  -----------
lambda : 1.55101
max_diff => 0.0557195
performed mixing
Frob norm 1 after updating U: 4.20409
200 iterations
f(b) = 24.2864
Frob norm 2 after updating B : 4.2049
Iteration number -------- 90  -----------
lambda : 1.55876
max_diff => 0.0556864
performed mixing
Frob norm 1 after updating U: 4.20489
200 iterations
f(b) = 24.2841
Frob norm 2 after updating B : 4.20583
Iteration number -------- 91  -----------
lambda : 1.56655
max_diff => 0.0556457
performed mixing
Frob norm 1 after updating U: 4.20581
200 iterations
f(b) = 24.3704
Frob norm 2 after updating B : 4.20616
Iteration number -------- 92  -----------
lambda : 1.57439
max_diff => 0.0556426
performed mixing
Frob norm 1 after updating U: 4.20615
200 iterations
f(b) = 24.4389
Frob norm 2 after updating B : 4.20629
Iteration number -------- 93  -----------
lambda : 1.58226
max_diff => 0.0556251
performed mixing
Frob norm 1 after updating U: 4.20626
200 iterations
f(b) = 24.3562
Frob norm 2 after updating B : 4.20678
Iteration number -------- 94  -----------
lambda : 1.59017
max_diff => 0.0556092
performed mixing
Frob norm 1 after updating U: 4.20677
200 iterations
f(b) = 24.4685
Frob norm 2 after updating B : 4.20706
Iteration number -------- 95  -----------
lambda : 1.59812
max_diff => 0.0555943
performed mixing
Frob norm 1 after updating U: 4.20705
200 iterations
f(b) = 24.4926
Frob norm 2 after updating B : 4.20749
Iteration number -------- 96  -----------
lambda : 1.60611
max_diff => 0.0555773
performed mixing
Frob norm 1 after updating U: 4.20748
200 iterations
f(b) = 24.5175
Frob norm 2 after updating B : 4.2082
Iteration number -------- 97  -----------
lambda : 1.61414
max_diff => 0.0555727
performed mixing
Frob norm 1 after updating U: 4.2082
200 iterations
f(b) = 24.5715
Frob norm 2 after updating B : 4.20841
Iteration number -------- 98  -----------
lambda : 1.62221
max_diff => 0.0555766
performed mixing
Frob norm 1 after updating U: 4.20841
200 iterations
f(b) = 24.5964
Frob norm 2 after updating B : 4.20883
Iteration number -------- 99  -----------
lambda : 1.63032
max_diff => 0.0555731
performed mixing
Frob norm 1 after updating U: 4.20882
200 iterations
f(b) = 24.6258
Frob norm 2 after updating B : 4.20919
Iteration number -------- 100  -----------
lambda : 1.63848
max_diff => 0.0555646
