Academic license - for non-commercial use only
Frob norm 1 after updating U: 12.2767
200 iterations
f(b) = 98.6396
Frob norm 2 after updating B : 9.23856
Iteration number -------- 1  -----------
lambda : 1
max_diff => 0.125999
performed mixing
Frob norm 1 after updating U: 8.46422
200 iterations
f(b) = 91.2733
Frob norm 2 after updating B : 8.91638
Iteration number -------- 2  -----------
lambda : 1.005
max_diff => 0.149516
performed mixing
Frob norm 1 after updating U: 7.87101
200 iterations
f(b) = 81.858
Frob norm 2 after updating B : 8.4004
Iteration number -------- 3  -----------
lambda : 1.01002
max_diff => 0.138892
performed mixing
Frob norm 1 after updating U: 6.38158
200 iterations
f(b) = 69.0465
Frob norm 2 after updating B : 7.76201
Iteration number -------- 4  -----------
lambda : 1.01508
max_diff => 0.120333
performed mixing
Frob norm 1 after updating U: 5.72919
200 iterations
f(b) = 58.6598
Frob norm 2 after updating B : 7.08703
Iteration number -------- 5  -----------
lambda : 1.02015
max_diff => 0.12062
performed mixing
Frob norm 1 after updating U: 5.46569
200 iterations
f(b) = 50.8469
Frob norm 2 after updating B : 6.55488
Iteration number -------- 6  -----------
lambda : 1.02525
max_diff => 0.118558
performed mixing
Frob norm 1 after updating U: 5.19257
200 iterations
f(b) = 44.5952
Frob norm 2 after updating B : 6.1362
Iteration number -------- 7  -----------
lambda : 1.03038
max_diff => 0.105145
performed mixing
Frob norm 1 after updating U: 4.94108
200 iterations
f(b) = 39.7611
Frob norm 2 after updating B : 5.76914
Iteration number -------- 8  -----------
lambda : 1.03553
max_diff => 0.0989589
performed mixing
Frob norm 1 after updating U: 4.83889
200 iterations
f(b) = 35.9912
Frob norm 2 after updating B : 5.48204
Iteration number -------- 9  -----------
lambda : 1.04071
max_diff => 0.0864395
performed mixing
Frob norm 1 after updating U: 4.69681
200 iterations
f(b) = 33.0084
Frob norm 2 after updating B : 5.24585
Iteration number -------- 10  -----------
lambda : 1.04591
max_diff => 0.0716249
performed mixing
Frob norm 1 after updating U: 4.60909
200 iterations
f(b) = 30.6043
Frob norm 2 after updating B : 5.08052
Iteration number -------- 11  -----------
lambda : 1.05114
max_diff => 0.0540265
performed mixing
Frob norm 1 after updating U: 4.49562
200 iterations
f(b) = 28.6227
Frob norm 2 after updating B : 4.89689
Iteration number -------- 12  -----------
lambda : 1.0564
max_diff => 0.0535259
performed mixing
Frob norm 1 after updating U: 4.48221
200 iterations
f(b) = 27.1509
Frob norm 2 after updating B : 4.76328
Iteration number -------- 13  -----------
lambda : 1.06168
max_diff => 0.0501101
performed mixing
Frob norm 1 after updating U: 4.43328
200 iterations
f(b) = 25.9753
Frob norm 2 after updating B : 4.64752
Iteration number -------- 14  -----------
lambda : 1.06699
max_diff => 0.0442775
performed mixing
Frob norm 1 after updating U: 4.35266
200 iterations
f(b) = 25.0923
Frob norm 2 after updating B : 4.54345
Iteration number -------- 15  -----------
lambda : 1.07232
max_diff => 0.0440406
performed mixing
Frob norm 1 after updating U: 4.34787
200 iterations
f(b) = 22.9615
Frob norm 2 after updating B : 4.12589
Iteration number -------- 16  -----------
lambda : 1.07768
max_diff => 0.0653586
performed mixing
Frob norm 1 after updating U: 3.82914
200 iterations
f(b) = 19.3386
Frob norm 2 after updating B : 4.02436
Iteration number -------- 17  -----------
lambda : 1.08307
max_diff => 0.035964
performed mixing
Frob norm 1 after updating U: 3.69951
200 iterations
f(b) = 18.477
Frob norm 2 after updating B : 3.90947
Iteration number -------- 18  -----------
lambda : 1.08849
max_diff => 0.0352984
performed mixing
Frob norm 1 after updating U: 3.69419
200 iterations
f(b) = 17.9064
Frob norm 2 after updating B : 3.83816
Iteration number -------- 19  -----------
lambda : 1.09393
max_diff => 0.0351722
performed mixing
Frob norm 1 after updating U: 3.69524
200 iterations
f(b) = 17.3848
Frob norm 2 after updating B : 3.82524
Iteration number -------- 20  -----------
lambda : 1.0994
max_diff => 0.0338227
performed mixing
Frob norm 1 after updating U: 3.6774
200 iterations
f(b) = 17.0189
Frob norm 2 after updating B : 3.7737
Iteration number -------- 21  -----------
lambda : 1.1049
max_diff => 0.0338254
performed mixing
Frob norm 1 after updating U: 3.67757
200 iterations
f(b) = 16.596
Frob norm 2 after updating B : 3.7756
Iteration number -------- 22  -----------
lambda : 1.11042
max_diff => 0.0321254
performed mixing
Frob norm 1 after updating U: 3.66425
200 iterations
f(b) = 16.3541
Frob norm 2 after updating B : 3.73687
Iteration number -------- 23  -----------
lambda : 1.11597
max_diff => 0.032098
performed mixing
Frob norm 1 after updating U: 3.66433
200 iterations
f(b) = 16.0272
Frob norm 2 after updating B : 3.74086
Iteration number -------- 24  -----------
lambda : 1.12155
max_diff => 0.0318158
performed mixing
Frob norm 1 after updating U: 3.65126
200 iterations
f(b) = 15.8279
Frob norm 2 after updating B : 3.70988
Iteration number -------- 25  -----------
lambda : 1.12716
max_diff => 0.0317593
performed mixing
Frob norm 1 after updating U: 3.65159
200 iterations
f(b) = 15.5796
Frob norm 2 after updating B : 3.70496
Iteration number -------- 26  -----------
lambda : 1.1328
max_diff => 0.0305452
performed mixing
Frob norm 1 after updating U: 3.64654
200 iterations
f(b) = 15.4462
Frob norm 2 after updating B : 3.68425
Iteration number -------- 27  -----------
lambda : 1.13846
max_diff => 0.0304887
performed mixing
Frob norm 1 after updating U: 3.64599
200 iterations
f(b) = 15.347
Frob norm 2 after updating B : 3.67003
Iteration number -------- 28  -----------
lambda : 1.14415
max_diff => 0.0304093
performed mixing
Frob norm 1 after updating U: 3.64456
200 iterations
f(b) = 15.0962
Frob norm 2 after updating B : 3.65522
Iteration number -------- 29  -----------
lambda : 1.14987
max_diff => 0.0292104
performed mixing
Frob norm 1 after updating U: 3.61786
200 iterations
f(b) = 15.0392
Frob norm 2 after updating B : 3.64063
Iteration number -------- 30  -----------
lambda : 1.15562
max_diff => 0.0292207
performed mixing
Frob norm 1 after updating U: 3.61618
200 iterations
f(b) = 14.9802
Frob norm 2 after updating B : 3.63143
Iteration number -------- 31  -----------
lambda : 1.1614
max_diff => 0.0292188
performed mixing
Frob norm 1 after updating U: 3.61555
200 iterations
f(b) = 14.1784
Frob norm 2 after updating B : 3.42339
Iteration number -------- 32  -----------
lambda : 1.16721
max_diff => 0.0566912
performed mixing
Frob norm 1 after updating U: 3.23382
200 iterations
f(b) = 7.1184
Frob norm 2 after updating B : 2.56939
Iteration number -------- 33  -----------
lambda : 1.17304
max_diff => 0.0632991
performed mixing
Frob norm 1 after updating U: 2.03727
200 iterations
f(b) = 6.19927
Frob norm 2 after updating B : 2.39106
Iteration number -------- 34  -----------
lambda : 1.17891
max_diff => 0.0610667
performed mixing
Frob norm 1 after updating U: 2.02097
200 iterations
f(b) = 5.05464
Frob norm 2 after updating B : 2.21626
Iteration number -------- 35  -----------
lambda : 1.1848
max_diff => 0.002153
performed mixing
Frob norm 1 after updating U: 1.93886
200 iterations
f(b) = 4.66378
Frob norm 2 after updating B : 2.12388
Iteration number -------- 36  -----------
lambda : 1.19073
max_diff => 0.00165261
performed mixing
Frob norm 1 after updating U: 1.94149
200 iterations
f(b) = 4.39608
Frob norm 2 after updating B : 2.06129
Iteration number -------- 37  -----------
lambda : 1.19668
max_diff => 0.00144986
performed mixing
Frob norm 1 after updating U: 1.94239
200 iterations
f(b) = 4.2283
Frob norm 2 after updating B : 2.02009
Iteration number -------- 38  -----------
lambda : 1.20266
max_diff => 0.00124547
performed mixing
Frob norm 1 after updating U: 1.94289
200 iterations
f(b) = 4.11485
Frob norm 2 after updating B : 1.99391
Iteration number -------- 39  -----------
lambda : 1.20868
max_diff => 0.000984955
performed mixing
Frob norm 1 after updating U: 1.94379
200 iterations
f(b) = 4.02214
Frob norm 2 after updating B : 1.97229
Iteration number -------- 40  -----------
lambda : 1.21472
max_diff => 0.000459476
performed mixing
Frob norm 1 after updating U: 1.93915
200 iterations
f(b) = 3.9766
Frob norm 2 after updating B : 1.96498
Iteration number -------- 41  -----------
lambda : 1.22079
max_diff => 0.000250637
performed mixing
Frob norm 1 after updating U: 1.94338
200 iterations
f(b) = 3.94628
Frob norm 2 after updating B : 1.95687
Iteration number -------- 42  -----------
lambda : 1.2269
max_diff => 0.000144736
performed mixing
Frob norm 1 after updating U: 1.9428
200 iterations
f(b) = 3.92249
Frob norm 2 after updating B : 1.95315
Iteration number -------- 43  -----------
lambda : 1.23303
max_diff => 4.54939e-05
performed mixing
Frob norm 1 after updating U: 1.9439
200 iterations
f(b) = 3.90315
Frob norm 2 after updating B : 1.94999
Iteration number -------- 44  -----------
lambda : 1.2392
max_diff => 5.97302e-06
performed mixing
Frob norm 1 after updating U: 1.9439
200 iterations
f(b) = 3.89338
Frob norm 2 after updating B : 1.94777
Iteration number -------- 45  -----------
lambda : 1.24539
max_diff => 2.1423e-07
performed mixing
Frob norm 1 after updating U: 1.94378
200 iterations
f(b) = 3.89626
Frob norm 2 after updating B : 1.94638
Iteration number -------- 46  -----------
lambda : 1.25162
max_diff => 2.07283e-07
performed mixing
Frob norm 1 after updating U: 1.94383
200 iterations
f(b) = 3.89099
Frob norm 2 after updating B : 1.9451
Iteration number -------- 47  -----------
lambda : 1.25788
max_diff => 3.79947e-07
performed mixing
Frob norm 1 after updating U: 1.94345
200 iterations
f(b) = 3.88855
Frob norm 2 after updating B : 1.94469
Iteration number -------- 48  -----------
lambda : 1.26417
max_diff => 2.7304e-07
performed mixing
Frob norm 1 after updating U: 1.94363
200 iterations
f(b) = 3.88511
Frob norm 2 after updating B : 1.94465
Iteration number -------- 49  -----------
lambda : 1.27049
max_diff => 1.53905e-07
performed mixing
Frob norm 1 after updating U: 1.94397
200 iterations
f(b) = 3.88744
Frob norm 2 after updating B : 1.94443
Iteration number -------- 50  -----------
lambda : 1.27684
max_diff => 1.17498e-07
performed mixing
Frob norm 1 after updating U: 1.94399
200 iterations
f(b) = 3.88383
Frob norm 2 after updating B : 1.94423
Iteration number -------- 51  -----------
lambda : 1.28323
max_diff => 1.25772e-07
performed mixing
Frob norm 1 after updating U: 1.94395
200 iterations
f(b) = 3.88347
Frob norm 2 after updating B : 1.94409
Iteration number -------- 52  -----------
lambda : 1.28964
max_diff => 1.5944e-07
performed mixing
Frob norm 1 after updating U: 1.9439
200 iterations
f(b) = 3.89201
Frob norm 2 after updating B : 1.94391
Iteration number -------- 53  -----------
lambda : 1.29609
max_diff => 1.88237e-07
performed mixing
Frob norm 1 after updating U: 1.94379
200 iterations
f(b) = 3.88922
Frob norm 2 after updating B : 1.94399
Iteration number -------- 54  -----------
lambda : 1.30257
max_diff => 1.57092e-07
performed mixing
Frob norm 1 after updating U: 1.94392
200 iterations
f(b) = 3.88458
Frob norm 2 after updating B : 1.944
Iteration number -------- 55  -----------
lambda : 1.30908
max_diff => 1.45498e-07
performed mixing
Frob norm 1 after updating U: 1.94395
200 iterations
f(b) = 3.86064
Frob norm 2 after updating B : 1.94396
Iteration number -------- 56  -----------
lambda : 1.31563
max_diff => 1.72502e-07
performed mixing
Frob norm 1 after updating U: 1.94393
200 iterations
f(b) = 3.88974
Frob norm 2 after updating B : 1.94382
Iteration number -------- 57  -----------
lambda : 1.32221
max_diff => 1.96164e-07
performed mixing
Frob norm 1 after updating U: 1.94379
200 iterations
f(b) = 3.89117
Frob norm 2 after updating B : 1.944
Iteration number -------- 58  -----------
lambda : 1.32882
max_diff => 1.22568e-07
performed mixing
Frob norm 1 after updating U: 1.94399
200 iterations
f(b) = 3.88914
Frob norm 2 after updating B : 1.94398
Iteration number -------- 59  -----------
lambda : 1.33546
max_diff => 1.22912e-07
performed mixing
Frob norm 1 after updating U: 1.94397
200 iterations
f(b) = 3.80799
Frob norm 2 after updating B : 1.94394
Iteration number -------- 60  -----------
lambda : 1.34214
max_diff => 1.45962e-07
performed mixing
Frob norm 1 after updating U: 1.94393
200 iterations
f(b) = 3.86557
Frob norm 2 after updating B : 1.94372
Iteration number -------- 61  -----------
lambda : 1.34885
max_diff => 2.50073e-07
performed mixing
Frob norm 1 after updating U: 1.94371
200 iterations
f(b) = 3.84865
Frob norm 2 after updating B : 1.944
Iteration number -------- 62  -----------
lambda : 1.35559
max_diff => 1.17741e-07
performed mixing
Frob norm 1 after updating U: 1.944
200 iterations
f(b) = 3.89479
Frob norm 2 after updating B : 1.94403
Iteration number -------- 63  -----------
lambda : 1.36237
max_diff => 1.04737e-07
performed mixing
Frob norm 1 after updating U: 1.94402
200 iterations
f(b) = 3.89576
Frob norm 2 after updating B : 1.94377
Iteration number -------- 64  -----------
lambda : 1.36918
max_diff => 4.12879e-07
performed mixing
Frob norm 1 after updating U: 1.94376
200 iterations
f(b) = 3.88934
Frob norm 2 after updating B : 1.9439
Iteration number -------- 65  -----------
lambda : 1.37603
max_diff => 1.66756e-07
performed mixing
Frob norm 1 after updating U: 1.9439
200 iterations
f(b) = 3.88386
Frob norm 2 after updating B : 1.94243
Iteration number -------- 66  -----------
lambda : 1.38291
max_diff => 7.00505e-06
performed mixing
Frob norm 1 after updating U: 1.94243
200 iterations
f(b) = 3.88871
Frob norm 2 after updating B : 1.94404
Iteration number -------- 67  -----------
lambda : 1.38982
max_diff => 1.05041e-07
performed mixing
Frob norm 1 after updating U: 1.94404
200 iterations
f(b) = 3.88979
Frob norm 2 after updating B : 1.94403
Iteration number -------- 68  -----------
lambda : 1.39677
max_diff => 1.05573e-07
performed mixing
Frob norm 1 after updating U: 1.94403
200 iterations
f(b) = 3.89652
Frob norm 2 after updating B : 1.94391
Iteration number -------- 69  -----------
lambda : 1.40376
max_diff => 2.15093e-07
performed mixing
Frob norm 1 after updating U: 1.94391
200 iterations
f(b) = 3.89795
Frob norm 2 after updating B : 1.94395
Iteration number -------- 70  -----------
lambda : 1.41078
max_diff => 1.25109e-07
performed mixing
Frob norm 1 after updating U: 1.94395
200 iterations
f(b) = 3.85403
Frob norm 2 after updating B : 1.94395
Iteration number -------- 71  -----------
lambda : 1.41783
max_diff => 2.8636e-07
performed mixing
Frob norm 1 after updating U: 1.94395
200 iterations
f(b) = 3.89671
Frob norm 2 after updating B : 1.94359
Iteration number -------- 72  -----------
lambda : 1.42492
max_diff => 3.08504e-07
performed mixing
Frob norm 1 after updating U: 1.94359
200 iterations
f(b) = 3.89816
Frob norm 2 after updating B : 1.94403
Iteration number -------- 73  -----------
lambda : 1.43204
max_diff => 1.04169e-07
performed mixing
Frob norm 1 after updating U: 1.94403
200 iterations
f(b) = 3.90163
Frob norm 2 after updating B : 1.94396
Iteration number -------- 74  -----------
lambda : 1.4392
max_diff => 3.03971e-07
performed mixing
Frob norm 1 after updating U: 1.94396
200 iterations
f(b) = 3.90294
Frob norm 2 after updating B : 1.94403
Iteration number -------- 75  -----------
lambda : 1.4464
max_diff => 1.04163e-07
performed mixing
Frob norm 1 after updating U: 1.94403
200 iterations
f(b) = 3.9041
Frob norm 2 after updating B : 1.94402
Iteration number -------- 76  -----------
lambda : 1.45363
max_diff => 1.14452e-07
performed mixing
Frob norm 1 after updating U: 1.94402
200 iterations
f(b) = 3.87528
Frob norm 2 after updating B : 1.94403
Iteration number -------- 77  -----------
lambda : 1.4609
max_diff => 1.03144e-07
performed mixing
Frob norm 1 after updating U: 1.94403
200 iterations
f(b) = 3.90235
Frob norm 2 after updating B : 1.944
Iteration number -------- 78  -----------
lambda : 1.46821
max_diff => 1.10399e-07
performed mixing
Frob norm 1 after updating U: 1.944
200 iterations
f(b) = 3.87484
Frob norm 2 after updating B : 1.94387
Iteration number -------- 79  -----------
lambda : 1.47555
max_diff => 2.19059e-07
performed mixing
Frob norm 1 after updating U: 1.94387
200 iterations
f(b) = 3.90232
Frob norm 2 after updating B : 1.944
Iteration number -------- 80  -----------
lambda : 1.48292
max_diff => 1.26581e-07
performed mixing
Frob norm 1 after updating U: 1.944
200 iterations
f(b) = 3.90659
Frob norm 2 after updating B : 1.94402
Iteration number -------- 81  -----------
lambda : 1.49034
max_diff => 1.15525e-07
performed mixing
Frob norm 1 after updating U: 1.94402
200 iterations
f(b) = 3.90562
Frob norm 2 after updating B : 1.94401
Iteration number -------- 82  -----------
lambda : 1.49779
max_diff => 1.20198e-07
performed mixing
Frob norm 1 after updating U: 1.94401
200 iterations
f(b) = 3.898
Frob norm 2 after updating B : 1.94398
Iteration number -------- 83  -----------
lambda : 1.50528
max_diff => 1.10829e-07
performed mixing
Frob norm 1 after updating U: 1.94398
200 iterations
f(b) = 3.85681
Frob norm 2 after updating B : 1.94397
Iteration number -------- 84  -----------
lambda : 1.51281
max_diff => 1.25725e-07
performed mixing
Frob norm 1 after updating U: 1.94397
200 iterations
f(b) = 3.9117
Frob norm 2 after updating B : 1.94397
Iteration number -------- 85  -----------
lambda : 1.52037
max_diff => 1.20016e-07
performed mixing
Frob norm 1 after updating U: 1.94397
200 iterations
f(b) = 3.90151
Frob norm 2 after updating B : 1.94405
Iteration number -------- 86  -----------
lambda : 1.52797
max_diff => 1.13172e-07
performed mixing
Frob norm 1 after updating U: 1.94405
200 iterations
f(b) = 3.89708
Frob norm 2 after updating B : 1.94394
Iteration number -------- 87  -----------
lambda : 1.53561
max_diff => 1.43044e-07
performed mixing
Frob norm 1 after updating U: 1.94394
200 iterations
f(b) = 3.90676
Frob norm 2 after updating B : 1.94394
Iteration number -------- 88  -----------
lambda : 1.54329
max_diff => 1.81803e-07
performed mixing
Frob norm 1 after updating U: 1.94394
200 iterations
f(b) = 3.89592
Frob norm 2 after updating B : 1.94402
Iteration number -------- 89  -----------
lambda : 1.55101
max_diff => 1.08884e-07
performed mixing
Frob norm 1 after updating U: 1.94402
200 iterations
f(b) = 3.90617
Frob norm 2 after updating B : 1.94387
Iteration number -------- 90  -----------
lambda : 1.55876
max_diff => 1.44593e-07
performed mixing
Frob norm 1 after updating U: 1.94387
200 iterations
f(b) = 3.91065
Frob norm 2 after updating B : 1.94404
Iteration number -------- 91  -----------
lambda : 1.56655
max_diff => 1.04559e-07
performed mixing
Frob norm 1 after updating U: 1.94404
200 iterations
f(b) = 3.90804
Frob norm 2 after updating B : 1.94401
Iteration number -------- 92  -----------
lambda : 1.57439
max_diff => 1.09653e-07
performed mixing
Frob norm 1 after updating U: 1.94401
200 iterations
f(b) = 3.91144
Frob norm 2 after updating B : 1.94396
Iteration number -------- 93  -----------
lambda : 1.58226
max_diff => 1.24703e-07
performed mixing
Frob norm 1 after updating U: 1.94396
200 iterations
f(b) = 3.91481
Frob norm 2 after updating B : 1.94393
Iteration number -------- 94  -----------
lambda : 1.59017
max_diff => 1.57305e-07
performed mixing
Frob norm 1 after updating U: 1.94393
200 iterations
f(b) = 3.91304
Frob norm 2 after updating B : 1.94399
Iteration number -------- 95  -----------
lambda : 1.59812
max_diff => 1.14456e-07
performed mixing
Frob norm 1 after updating U: 1.94399
200 iterations
f(b) = 3.86173
Frob norm 2 after updating B : 1.94401
Iteration number -------- 96  -----------
lambda : 1.60611
max_diff => 1.31809e-07
performed mixing
Frob norm 1 after updating U: 1.94401
200 iterations
f(b) = 3.91651
Frob norm 2 after updating B : 1.94395
Iteration number -------- 97  -----------
lambda : 1.61414
max_diff => 2.10777e-07
performed mixing
Frob norm 1 after updating U: 1.94395
200 iterations
f(b) = 3.91705
Frob norm 2 after updating B : 1.94403
Iteration number -------- 98  -----------
lambda : 1.62221
max_diff => 1.03095e-07
performed mixing
Frob norm 1 after updating U: 1.94403
200 iterations
f(b) = 3.91255
Frob norm 2 after updating B : 1.9439
Iteration number -------- 99  -----------
lambda : 1.63032
max_diff => 1.61364e-07
performed mixing
Frob norm 1 after updating U: 1.9439
200 iterations
f(b) = 3.91397
Frob norm 2 after updating B : 1.94402
Iteration number -------- 100  -----------
lambda : 1.63848
max_diff => 1.07554e-07
