Academic license - for non-commercial use only
Frob norm 1 after updating U: 12.2727
200 iterations
f(b) = 57.9937
Frob norm 2 after updating B : 6.82328
Iteration number -------- 1  -----------
lambda : 1
max_diff => 0.111012
performed mixing
Frob norm 1 after updating U: 4.94045
200 iterations
f(b) = 48.3154
Frob norm 2 after updating B : 6.18263
Iteration number -------- 2  -----------
lambda : 1.005
max_diff => 0.109374
performed mixing
Frob norm 1 after updating U: 4.34893
200 iterations
f(b) = 40.7303
Frob norm 2 after updating B : 5.62502
Iteration number -------- 3  -----------
lambda : 1.01002
max_diff => 0.108049
performed mixing
Frob norm 1 after updating U: 3.99081
200 iterations
f(b) = 34.5577
Frob norm 2 after updating B : 5.14287
Iteration number -------- 4  -----------
lambda : 1.01508
max_diff => 0.0991894
performed mixing
Frob norm 1 after updating U: 3.67598
200 iterations
f(b) = 29.5557
Frob norm 2 after updating B : 4.71972
Iteration number -------- 5  -----------
lambda : 1.02015
max_diff => 0.084875
performed mixing
Frob norm 1 after updating U: 3.44143
200 iterations
f(b) = 25.3873
Frob norm 2 after updating B : 4.39092
Iteration number -------- 6  -----------
lambda : 1.02525
max_diff => 0.06606
performed mixing
Frob norm 1 after updating U: 3.22192
200 iterations
f(b) = 21.8753
Frob norm 2 after updating B : 4.09562
Iteration number -------- 7  -----------
lambda : 1.03038
max_diff => 0.0624353
performed mixing
Frob norm 1 after updating U: 3.06483
200 iterations
f(b) = 19.1026
Frob norm 2 after updating B : 3.796
Iteration number -------- 8  -----------
lambda : 1.03553
max_diff => 0.0624785
performed mixing
Frob norm 1 after updating U: 3.02012
200 iterations
f(b) = 16.9953
Frob norm 2 after updating B : 3.59495
Iteration number -------- 9  -----------
lambda : 1.04071
max_diff => 0.0614408
performed mixing
Frob norm 1 after updating U: 2.9211
200 iterations
f(b) = 15.2899
Frob norm 2 after updating B : 3.42989
Iteration number -------- 10  -----------
lambda : 1.04591
max_diff => 0.0582928
performed mixing
Frob norm 1 after updating U: 2.86373
200 iterations
f(b) = 13.9727
Frob norm 2 after updating B : 3.24946
Iteration number -------- 11  -----------
lambda : 1.05114
max_diff => 0.0576626
performed mixing
Frob norm 1 after updating U: 2.85793
200 iterations
f(b) = 13.1175
Frob norm 2 after updating B : 3.11678
Iteration number -------- 12  -----------
lambda : 1.0564
max_diff => 0.0574187
performed mixing
Frob norm 1 after updating U: 2.85537
200 iterations
f(b) = 12.2892
Frob norm 2 after updating B : 3.08808
Iteration number -------- 13  -----------
lambda : 1.06168
max_diff => 0.051895
performed mixing
Frob norm 1 after updating U: 2.81751
200 iterations
f(b) = 11.7574
Frob norm 2 after updating B : 2.99488
Iteration number -------- 14  -----------
lambda : 1.06699
max_diff => 0.0517025
performed mixing
Frob norm 1 after updating U: 2.81758
200 iterations
f(b) = 11.3867
Frob norm 2 after updating B : 2.93431
Iteration number -------- 15  -----------
lambda : 1.07232
max_diff => 0.0513599
performed mixing
Frob norm 1 after updating U: 2.81699
200 iterations
f(b) = 10.8512
Frob norm 2 after updating B : 2.94363
Iteration number -------- 16  -----------
lambda : 1.07768
max_diff => 0.0429961
performed mixing
Frob norm 1 after updating U: 2.81091
200 iterations
f(b) = 10.6147
Frob norm 2 after updating B : 2.89762
Iteration number -------- 17  -----------
lambda : 1.08307
max_diff => 0.0425569
performed mixing
Frob norm 1 after updating U: 2.81101
200 iterations
f(b) = 10.4351
Frob norm 2 after updating B : 2.86805
Iteration number -------- 18  -----------
lambda : 1.08849
max_diff => 0.0419254
performed mixing
Frob norm 1 after updating U: 2.81121
200 iterations
f(b) = 9.97627
Frob norm 2 after updating B : 2.90573
Iteration number -------- 19  -----------
lambda : 1.09393
max_diff => 0.0231535
performed mixing
Frob norm 1 after updating U: 2.81924
200 iterations
f(b) = 9.83553
Frob norm 2 after updating B : 2.87543
Iteration number -------- 20  -----------
lambda : 1.0994
max_diff => 0.0231173
performed mixing
Frob norm 1 after updating U: 2.81926
200 iterations
f(b) = 9.71126
Frob norm 2 after updating B : 2.85615
Iteration number -------- 21  -----------
lambda : 1.1049
max_diff => 0.0230371
performed mixing
Frob norm 1 after updating U: 2.81912
200 iterations
f(b) = 9.6223
Frob norm 2 after updating B : 2.84226
Iteration number -------- 22  -----------
lambda : 1.11042
max_diff => 0.0230256
performed mixing
Frob norm 1 after updating U: 2.81651
200 iterations
f(b) = 9.56624
Frob norm 2 after updating B : 2.83614
Iteration number -------- 23  -----------
lambda : 1.11597
max_diff => 0.0228637
performed mixing
Frob norm 1 after updating U: 2.81904
200 iterations
f(b) = 9.12286
Frob norm 2 after updating B : 2.87474
Iteration number -------- 24  -----------
lambda : 1.12155
max_diff => 0.0203694
performed mixing
Frob norm 1 after updating U: 2.82445
200 iterations
f(b) = 9.05868
Frob norm 2 after updating B : 2.85803
Iteration number -------- 25  -----------
lambda : 1.12716
max_diff => 0.0202979
performed mixing
Frob norm 1 after updating U: 2.82578
200 iterations
f(b) = 9.00265
Frob norm 2 after updating B : 2.84723
Iteration number -------- 26  -----------
lambda : 1.1328
max_diff => 0.0202471
performed mixing
Frob norm 1 after updating U: 2.82657
200 iterations
f(b) = 8.95484
Frob norm 2 after updating B : 2.8405
Iteration number -------- 27  -----------
lambda : 1.13846
max_diff => 0.0201653
performed mixing
Frob norm 1 after updating U: 2.82725
200 iterations
f(b) = 8.93395
Frob norm 2 after updating B : 2.83617
Iteration number -------- 28  -----------
lambda : 1.14415
max_diff => 0.0201114
performed mixing
Frob norm 1 after updating U: 2.82767
200 iterations
f(b) = 8.9203
Frob norm 2 after updating B : 2.83331
Iteration number -------- 29  -----------
lambda : 1.14987
max_diff => 0.0200733
performed mixing
Frob norm 1 after updating U: 2.82785
200 iterations
f(b) = 8.9137
Frob norm 2 after updating B : 2.83173
Iteration number -------- 30  -----------
lambda : 1.15562
max_diff => 0.019992
performed mixing
Frob norm 1 after updating U: 2.82823
200 iterations
f(b) = 8.91033
Frob norm 2 after updating B : 2.83055
Iteration number -------- 31  -----------
lambda : 1.1614
max_diff => 0.0199578
performed mixing
Frob norm 1 after updating U: 2.8283
200 iterations
f(b) = 8.91082
Frob norm 2 after updating B : 2.82985
Iteration number -------- 32  -----------
lambda : 1.16721
max_diff => 0.0199206
performed mixing
Frob norm 1 after updating U: 2.8284
200 iterations
f(b) = 8.90906
Frob norm 2 after updating B : 2.82952
Iteration number -------- 33  -----------
lambda : 1.17304
max_diff => 0.019855
performed mixing
Frob norm 1 after updating U: 2.82858
200 iterations
f(b) = 8.91251
Frob norm 2 after updating B : 2.8294
Iteration number -------- 34  -----------
lambda : 1.17891
max_diff => 0.0197849
performed mixing
Frob norm 1 after updating U: 2.82879
200 iterations
f(b) = 8.91495
Frob norm 2 after updating B : 2.82931
Iteration number -------- 35  -----------
lambda : 1.1848
max_diff => 0.0197316
performed mixing
Frob norm 1 after updating U: 2.82892
200 iterations
f(b) = 8.91812
Frob norm 2 after updating B : 2.82948
Iteration number -------- 36  -----------
lambda : 1.19073
max_diff => 0.019672
performed mixing
Frob norm 1 after updating U: 2.82922
200 iterations
f(b) = 8.92615
Frob norm 2 after updating B : 2.82965
Iteration number -------- 37  -----------
lambda : 1.19668
max_diff => 0.0196023
performed mixing
Frob norm 1 after updating U: 2.82948
200 iterations
f(b) = 8.91071
Frob norm 2 after updating B : 2.82992
Iteration number -------- 38  -----------
lambda : 1.20266
max_diff => 0.0194859
performed mixing
Frob norm 1 after updating U: 2.82981
200 iterations
f(b) = 8.92957
Frob norm 2 after updating B : 2.83033
Iteration number -------- 39  -----------
lambda : 1.20868
max_diff => 0.0193478
performed mixing
Frob norm 1 after updating U: 2.83025
200 iterations
f(b) = 8.92075
Frob norm 2 after updating B : 2.83057
Iteration number -------- 40  -----------
lambda : 1.21472
max_diff => 0.0192474
performed mixing
Frob norm 1 after updating U: 2.83051
200 iterations
f(b) = 8.9362
Frob norm 2 after updating B : 2.8312
Iteration number -------- 41  -----------
lambda : 1.22079
max_diff => 0.0191183
performed mixing
Frob norm 1 after updating U: 2.83116
200 iterations
f(b) = 8.92398
Frob norm 2 after updating B : 2.8325
Iteration number -------- 42  -----------
lambda : 1.2269
max_diff => 0.0187426
performed mixing
Frob norm 1 after updating U: 2.83246
200 iterations
f(b) = 8.94222
Frob norm 2 after updating B : 2.83293
Iteration number -------- 43  -----------
lambda : 1.23303
max_diff => 0.0186408
performed mixing
Frob norm 1 after updating U: 2.8329
200 iterations
f(b) = 8.92676
Frob norm 2 after updating B : 2.83371
Iteration number -------- 44  -----------
lambda : 1.2392
max_diff => 0.018476
performed mixing
Frob norm 1 after updating U: 2.83368
200 iterations
f(b) = 8.95185
Frob norm 2 after updating B : 2.83434
Iteration number -------- 45  -----------
lambda : 1.24539
max_diff => 0.0183544
performed mixing
Frob norm 1 after updating U: 2.83432
200 iterations
f(b) = 8.95396
Frob norm 2 after updating B : 2.83472
Iteration number -------- 46  -----------
lambda : 1.25162
max_diff => 0.0182723
performed mixing
Frob norm 1 after updating U: 2.8347
200 iterations
f(b) = 8.95583
Frob norm 2 after updating B : 2.83533
Iteration number -------- 47  -----------
lambda : 1.25788
max_diff => 0.0181229
performed mixing
Frob norm 1 after updating U: 2.83532
200 iterations
f(b) = 8.96307
Frob norm 2 after updating B : 2.83585
Iteration number -------- 48  -----------
lambda : 1.26417
max_diff => 0.0180078
performed mixing
Frob norm 1 after updating U: 2.83584
200 iterations
f(b) = 8.93875
Frob norm 2 after updating B : 2.83672
Iteration number -------- 49  -----------
lambda : 1.27049
max_diff => 0.0178329
performed mixing
Frob norm 1 after updating U: 2.83671
200 iterations
f(b) = 8.93688
Frob norm 2 after updating B : 2.83686
Iteration number -------- 50  -----------
lambda : 1.27684
max_diff => 0.0176778
performed mixing
Frob norm 1 after updating U: 2.83684
200 iterations
f(b) = 8.97268
Frob norm 2 after updating B : 2.83711
Iteration number -------- 51  -----------
lambda : 1.28323
max_diff => 0.0176251
performed mixing
Frob norm 1 after updating U: 2.83709
200 iterations
f(b) = 8.97172
Frob norm 2 after updating B : 2.83826
Iteration number -------- 52  -----------
lambda : 1.28964
max_diff => 0.0174704
performed mixing
Frob norm 1 after updating U: 2.83824
200 iterations
f(b) = 8.96879
Frob norm 2 after updating B : 2.83919
Iteration number -------- 53  -----------
lambda : 1.29609
max_diff => 0.01726
performed mixing
Frob norm 1 after updating U: 2.83917
200 iterations
f(b) = 8.94362
Frob norm 2 after updating B : 2.84048
Iteration number -------- 54  -----------
lambda : 1.30257
max_diff => 0.0169768
performed mixing
Frob norm 1 after updating U: 2.84046
200 iterations
f(b) = 8.97677
Frob norm 2 after updating B : 2.84108
Iteration number -------- 55  -----------
lambda : 1.30908
max_diff => 0.016869
performed mixing
Frob norm 1 after updating U: 2.84107
200 iterations
f(b) = 8.98648
Frob norm 2 after updating B : 2.84171
Iteration number -------- 56  -----------
lambda : 1.31563
max_diff => 0.0167439
performed mixing
Frob norm 1 after updating U: 2.8417
200 iterations
f(b) = 8.99216
Frob norm 2 after updating B : 2.8423
Iteration number -------- 57  -----------
lambda : 1.32221
max_diff => 0.0166356
performed mixing
Frob norm 1 after updating U: 2.84228
200 iterations
f(b) = 8.92294
Frob norm 2 after updating B : 2.84333
Iteration number -------- 58  -----------
lambda : 1.32882
max_diff => 0.0164909
performed mixing
Frob norm 1 after updating U: 2.84332
200 iterations
f(b) = 8.99509
Frob norm 2 after updating B : 2.84408
Iteration number -------- 59  -----------
lambda : 1.33546
max_diff => 0.0163503
performed mixing
Frob norm 1 after updating U: 2.84407
200 iterations
f(b) = 8.99992
Frob norm 2 after updating B : 2.84516
Iteration number -------- 60  -----------
lambda : 1.34214
max_diff => 0.0161906
performed mixing
Frob norm 1 after updating U: 2.84515
200 iterations
f(b) = 9.00073
Frob norm 2 after updating B : 2.84539
Iteration number -------- 61  -----------
lambda : 1.34885
max_diff => 0.0161141
performed mixing
Frob norm 1 after updating U: 2.84538
200 iterations
f(b) = 9.00836
Frob norm 2 after updating B : 2.84603
Iteration number -------- 62  -----------
lambda : 1.35559
max_diff => 0.0160074
performed mixing
Frob norm 1 after updating U: 2.84602
200 iterations
f(b) = 9.00952
Frob norm 2 after updating B : 2.84685
Iteration number -------- 63  -----------
lambda : 1.36237
max_diff => 0.015843
performed mixing
Frob norm 1 after updating U: 2.84684
200 iterations
f(b) = 9.01283
Frob norm 2 after updating B : 2.84767
Iteration number -------- 64  -----------
lambda : 1.36918
max_diff => 0.0156639
performed mixing
Frob norm 1 after updating U: 2.84766
200 iterations
f(b) = 9.01657
Frob norm 2 after updating B : 2.84838
Iteration number -------- 65  -----------
lambda : 1.37603
max_diff => 0.0155072
performed mixing
Frob norm 1 after updating U: 2.84837
200 iterations
f(b) = 9.00798
Frob norm 2 after updating B : 2.84953
Iteration number -------- 66  -----------
lambda : 1.38291
max_diff => 0.0152203
performed mixing
Frob norm 1 after updating U: 2.84952
200 iterations
f(b) = 9.02352
Frob norm 2 after updating B : 2.85014
Iteration number -------- 67  -----------
lambda : 1.38982
max_diff => 0.015107
performed mixing
Frob norm 1 after updating U: 2.85013
200 iterations
f(b) = 9.01181
Frob norm 2 after updating B : 2.85094
Iteration number -------- 68  -----------
lambda : 1.39677
max_diff => 0.0148419
performed mixing
Frob norm 1 after updating U: 2.85092
200 iterations
f(b) = 9.02671
Frob norm 2 after updating B : 2.8518
Iteration number -------- 69  -----------
lambda : 1.40376
max_diff => 0.0147103
performed mixing
Frob norm 1 after updating U: 2.85178
200 iterations
f(b) = 9.03132
Frob norm 2 after updating B : 2.8524
Iteration number -------- 70  -----------
lambda : 1.41078
max_diff => 0.0145453
performed mixing
Frob norm 1 after updating U: 2.85238
200 iterations
f(b) = 9.02617
Frob norm 2 after updating B : 2.85335
Iteration number -------- 71  -----------
lambda : 1.41783
max_diff => 0.0142797
performed mixing
Frob norm 1 after updating U: 2.85334
200 iterations
f(b) = 9.03306
Frob norm 2 after updating B : 2.85394
Iteration number -------- 72  -----------
lambda : 1.42492
max_diff => 0.0140938
performed mixing
Frob norm 1 after updating U: 2.85393
200 iterations
f(b) = 9.03464
Frob norm 2 after updating B : 2.85521
Iteration number -------- 73  -----------
lambda : 1.43204
max_diff => 0.0137684
performed mixing
Frob norm 1 after updating U: 2.85518
200 iterations
f(b) = 9.03891
Frob norm 2 after updating B : 2.85614
Iteration number -------- 74  -----------
lambda : 1.4392
max_diff => 0.0135535
performed mixing
Frob norm 1 after updating U: 2.85612
200 iterations
f(b) = 9.03826
Frob norm 2 after updating B : 2.85666
Iteration number -------- 75  -----------
lambda : 1.4464
max_diff => 0.0134102
performed mixing
Frob norm 1 after updating U: 2.85665
200 iterations
f(b) = 9.0364
Frob norm 2 after updating B : 2.85734
Iteration number -------- 76  -----------
lambda : 1.45363
max_diff => 0.0132497
performed mixing
Frob norm 1 after updating U: 2.85732
200 iterations
f(b) = 9.04119
Frob norm 2 after updating B : 2.85824
Iteration number -------- 77  -----------
lambda : 1.4609
max_diff => 0.0130275
performed mixing
Frob norm 1 after updating U: 2.85822
200 iterations
f(b) = 9.04476
Frob norm 2 after updating B : 2.85899
Iteration number -------- 78  -----------
lambda : 1.46821
max_diff => 0.0128161
performed mixing
Frob norm 1 after updating U: 2.85897
200 iterations
f(b) = 9.04442
Frob norm 2 after updating B : 2.85943
Iteration number -------- 79  -----------
lambda : 1.47555
max_diff => 0.0126889
performed mixing
Frob norm 1 after updating U: 2.85941
200 iterations
f(b) = 9.04714
Frob norm 2 after updating B : 2.86022
Iteration number -------- 80  -----------
lambda : 1.48292
max_diff => 0.0125062
performed mixing
Frob norm 1 after updating U: 2.8602
200 iterations
f(b) = 9.03813
Frob norm 2 after updating B : 2.8622
Iteration number -------- 81  -----------
lambda : 1.49034
max_diff => 0.0119477
performed mixing
Frob norm 1 after updating U: 2.86217
200 iterations
f(b) = 8.96201
Frob norm 2 after updating B : 2.86444
Iteration number -------- 82  -----------
lambda : 1.49779
max_diff => 0.0114662
performed mixing
Frob norm 1 after updating U: 2.86439
200 iterations
f(b) = 9.04169
Frob norm 2 after updating B : 2.86549
Iteration number -------- 83  -----------
lambda : 1.50528
max_diff => 0.011245
performed mixing
Frob norm 1 after updating U: 2.86545
200 iterations
f(b) = 8.97011
Frob norm 2 after updating B : 2.86707
Iteration number -------- 84  -----------
lambda : 1.51281
max_diff => 0.0108165
performed mixing
Frob norm 1 after updating U: 2.86701
200 iterations
f(b) = 9.0415
Frob norm 2 after updating B : 2.86883
Iteration number -------- 85  -----------
lambda : 1.52037
max_diff => 0.0104881
performed mixing
Frob norm 1 after updating U: 2.86877
200 iterations
f(b) = 9.04292
Frob norm 2 after updating B : 2.8699
Iteration number -------- 86  -----------
lambda : 1.52797
max_diff => 0.0102495
performed mixing
Frob norm 1 after updating U: 2.86984
200 iterations
f(b) = 9.04252
Frob norm 2 after updating B : 2.87087
Iteration number -------- 87  -----------
lambda : 1.53561
max_diff => 0.0100259
performed mixing
Frob norm 1 after updating U: 2.87083
200 iterations
f(b) = 9.04469
Frob norm 2 after updating B : 2.87189
Iteration number -------- 88  -----------
lambda : 1.54329
max_diff => 0.00980647
performed mixing
Frob norm 1 after updating U: 2.87185
200 iterations
f(b) = 9.03852
Frob norm 2 after updating B : 2.87295
Iteration number -------- 89  -----------
lambda : 1.55101
max_diff => 0.00958333
performed mixing
Frob norm 1 after updating U: 2.87291
200 iterations
f(b) = 9.04037
Frob norm 2 after updating B : 2.87406
Iteration number -------- 90  -----------
lambda : 1.55876
max_diff => 0.00933823
performed mixing
Frob norm 1 after updating U: 2.87402
200 iterations
f(b) = 9.04115
Frob norm 2 after updating B : 2.87522
Iteration number -------- 91  -----------
lambda : 1.56655
max_diff => 0.00909445
performed mixing
Frob norm 1 after updating U: 2.87518
200 iterations
f(b) = 9.03349
Frob norm 2 after updating B : 2.87659
Iteration number -------- 92  -----------
lambda : 1.57439
max_diff => 0.00878834
performed mixing
Frob norm 1 after updating U: 2.87654
200 iterations
f(b) = 9.0216
Frob norm 2 after updating B : 2.88079
Iteration number -------- 93  -----------
lambda : 1.58226
max_diff => 0.00788824
performed mixing
Frob norm 1 after updating U: 2.88069
200 iterations
f(b) = 8.9826
Frob norm 2 after updating B : 2.88536
Iteration number -------- 94  -----------
lambda : 1.59017
max_diff => 0.00697929
performed mixing
Frob norm 1 after updating U: 2.88518
200 iterations
f(b) = 8.94534
Frob norm 2 after updating B : 2.9002
Iteration number -------- 95  -----------
lambda : 1.59812
max_diff => 0.00447037
performed mixing
Frob norm 1 after updating U: 2.89953
200 iterations
f(b) = 8.95683
Frob norm 2 after updating B : 2.90092
Iteration number -------- 96  -----------
lambda : 1.60611
max_diff => 0.00429644
performed mixing
Frob norm 1 after updating U: 2.90046
200 iterations
f(b) = 8.93114
Frob norm 2 after updating B : 2.90213
Iteration number -------- 97  -----------
lambda : 1.61414
max_diff => 0.00398088
performed mixing
Frob norm 1 after updating U: 2.90177
200 iterations
f(b) = 8.95084
Frob norm 2 after updating B : 2.90281
Iteration number -------- 98  -----------
lambda : 1.62221
max_diff => 0.00387743
performed mixing
Frob norm 1 after updating U: 2.90256
200 iterations
f(b) = 8.85104
Frob norm 2 after updating B : 2.91215
Iteration number -------- 99  -----------
lambda : 1.63032
max_diff => 0.0022663
performed mixing
Frob norm 1 after updating U: 2.91162
200 iterations
f(b) = 8.90368
Frob norm 2 after updating B : 2.91424
Iteration number -------- 100  -----------
lambda : 1.63848
max_diff => 0.00201133
