Academic license - for non-commercial use only
Frob norm 1 after updating U: 11.6065
200 iterations
f(b) = 58.6777
Frob norm 2 after updating B : 7.2307
Iteration number -------- 1  -----------
lambda : 1
max_diff => 0.117543
performed mixing
Frob norm 1 after updating U: 5.74728
200 iterations
f(b) = 51.0622
Frob norm 2 after updating B : 6.70576
Iteration number -------- 2  -----------
lambda : 1.005
max_diff => 0.114585
performed mixing
Frob norm 1 after updating U: 5.42434
200 iterations
f(b) = 44.9594
Frob norm 2 after updating B : 6.24577
Iteration number -------- 3  -----------
lambda : 1.01002
max_diff => 0.109067
performed mixing
Frob norm 1 after updating U: 5.13333
200 iterations
f(b) = 40.0596
Frob norm 2 after updating B : 5.84624
Iteration number -------- 4  -----------
lambda : 1.01508
max_diff => 0.10287
performed mixing
Frob norm 1 after updating U: 4.9139
200 iterations
f(b) = 36.2051
Frob norm 2 after updating B : 5.51286
Iteration number -------- 5  -----------
lambda : 1.02015
max_diff => 0.0961275
performed mixing
Frob norm 1 after updating U: 4.73161
200 iterations
f(b) = 33.1961
Frob norm 2 after updating B : 5.24068
Iteration number -------- 6  -----------
lambda : 1.02525
max_diff => 0.0896561
performed mixing
Frob norm 1 after updating U: 4.59116
200 iterations
f(b) = 30.843
Frob norm 2 after updating B : 5.01822
Iteration number -------- 7  -----------
lambda : 1.03038
max_diff => 0.085232
performed mixing
Frob norm 1 after updating U: 4.50729
200 iterations
f(b) = 29.0216
Frob norm 2 after updating B : 4.84861
Iteration number -------- 8  -----------
lambda : 1.03553
max_diff => 0.0799413
performed mixing
Frob norm 1 after updating U: 4.41848
200 iterations
f(b) = 27.5626
Frob norm 2 after updating B : 4.70788
Iteration number -------- 9  -----------
lambda : 1.04071
max_diff => 0.0762803
performed mixing
Frob norm 1 after updating U: 4.3647
200 iterations
f(b) = 26.378
Frob norm 2 after updating B : 4.60023
Iteration number -------- 10  -----------
lambda : 1.04591
max_diff => 0.0724848
performed mixing
Frob norm 1 after updating U: 4.31114
200 iterations
f(b) = 25.4241
Frob norm 2 after updating B : 4.51082
Iteration number -------- 11  -----------
lambda : 1.05114
max_diff => 0.0697876
performed mixing
Frob norm 1 after updating U: 4.27585
200 iterations
f(b) = 24.6474
Frob norm 2 after updating B : 4.44147
Iteration number -------- 12  -----------
lambda : 1.0564
max_diff => 0.0687557
performed mixing
Frob norm 1 after updating U: 4.24131
200 iterations
f(b) = 23.9974
Frob norm 2 after updating B : 4.38543
Iteration number -------- 13  -----------
lambda : 1.06168
max_diff => 0.0683633
performed mixing
Frob norm 1 after updating U: 4.21504
200 iterations
f(b) = 23.4719
Frob norm 2 after updating B : 4.32825
Iteration number -------- 14  -----------
lambda : 1.06699
max_diff => 0.0682862
performed mixing
Frob norm 1 after updating U: 4.20794
200 iterations
f(b) = 23.0221
Frob norm 2 after updating B : 4.30733
Iteration number -------- 15  -----------
lambda : 1.07232
max_diff => 0.0676725
performed mixing
Frob norm 1 after updating U: 4.17798
200 iterations
f(b) = 22.6361
Frob norm 2 after updating B : 4.26429
Iteration number -------- 16  -----------
lambda : 1.07768
max_diff => 0.0676216
performed mixing
Frob norm 1 after updating U: 4.174
200 iterations
f(b) = 22.2816
Frob norm 2 after updating B : 4.25622
Iteration number -------- 17  -----------
lambda : 1.08307
max_diff => 0.0669257
performed mixing
Frob norm 1 after updating U: 4.14903
200 iterations
f(b) = 21.9634
Frob norm 2 after updating B : 4.22349
Iteration number -------- 18  -----------
lambda : 1.08849
max_diff => 0.0667302
performed mixing
Frob norm 1 after updating U: 4.14444
200 iterations
f(b) = 21.6806
Frob norm 2 after updating B : 4.2078
Iteration number -------- 19  -----------
lambda : 1.09393
max_diff => 0.0663717
performed mixing
Frob norm 1 after updating U: 4.12892
200 iterations
f(b) = 21.4312
Frob norm 2 after updating B : 4.19368
Iteration number -------- 20  -----------
lambda : 1.0994
max_diff => 0.06598
performed mixing
Frob norm 1 after updating U: 4.11862
200 iterations
f(b) = 21.1926
Frob norm 2 after updating B : 4.17771
Iteration number -------- 21  -----------
lambda : 1.1049
max_diff => 0.0656332
performed mixing
Frob norm 1 after updating U: 4.11111
200 iterations
f(b) = 21.0055
Frob norm 2 after updating B : 4.15628
Iteration number -------- 22  -----------
lambda : 1.11042
max_diff => 0.0655721
performed mixing
Frob norm 1 after updating U: 4.10933
200 iterations
f(b) = 20.8247
Frob norm 2 after updating B : 4.15907
Iteration number -------- 23  -----------
lambda : 1.11597
max_diff => 0.0649829
performed mixing
Frob norm 1 after updating U: 4.09933
200 iterations
f(b) = 20.6867
Frob norm 2 after updating B : 4.13814
Iteration number -------- 24  -----------
lambda : 1.12155
max_diff => 0.0649691
performed mixing
Frob norm 1 after updating U: 4.09923
200 iterations
f(b) = 20.6065
Frob norm 2 after updating B : 4.1263
Iteration number -------- 25  -----------
lambda : 1.12716
max_diff => 0.0649111
performed mixing
Frob norm 1 after updating U: 4.09947
200 iterations
f(b) = 20.3902
Frob norm 2 after updating B : 4.13782
Iteration number -------- 26  -----------
lambda : 1.1328
max_diff => 0.0642835
performed mixing
Frob norm 1 after updating U: 4.08667
200 iterations
f(b) = 20.1688
Frob norm 2 after updating B : 4.07201
Iteration number -------- 27  -----------
lambda : 1.13846
max_diff => 0.0725893
performed mixing
Frob norm 1 after updating U: 3.99686
200 iterations
f(b) = 14.4522
Frob norm 2 after updating B : 3.41181
Iteration number -------- 28  -----------
lambda : 1.14415
max_diff => 0.0553877
performed mixing
Frob norm 1 after updating U: 1.90119
200 iterations
f(b) = 11.2267
Frob norm 2 after updating B : 2.94997
Iteration number -------- 29  -----------
lambda : 1.14987
max_diff => 0.0451419
performed mixing
Frob norm 1 after updating U: 1.44352
200 iterations
f(b) = 8.54743
Frob norm 2 after updating B : 2.50371
Iteration number -------- 30  -----------
lambda : 1.15562
max_diff => 0.0332643
performed mixing
Frob norm 1 after updating U: 0.998186
200 iterations
f(b) = 6.55193
Frob norm 2 after updating B : 2.10507
Iteration number -------- 31  -----------
lambda : 1.1614
max_diff => 0.0332367
performed mixing
Frob norm 1 after updating U: 0.713602
200 iterations
f(b) = 5.26355
Frob norm 2 after updating B : 1.73835
Iteration number -------- 32  -----------
lambda : 1.16721
max_diff => 0.0331193
performed mixing
Frob norm 1 after updating U: 0.711366
200 iterations
f(b) = 4.13508
Frob norm 2 after updating B : 1.60245
Iteration number -------- 33  -----------
lambda : 1.17304
max_diff => 0.0159747
performed mixing
Frob norm 1 after updating U: 0.456583
200 iterations
f(b) = 3.33168
Frob norm 2 after updating B : 1.3137
Iteration number -------- 34  -----------
lambda : 1.17891
max_diff => 0.0158016
performed mixing
Frob norm 1 after updating U: 0.452655
200 iterations
f(b) = 2.59864
Frob norm 2 after updating B : 1.28851
Iteration number -------- 35  -----------
lambda : 1.1848
max_diff => 0.00594219
performed mixing
Frob norm 1 after updating U: 0.267397
200 iterations
f(b) = 1.91944
Frob norm 2 after updating B : 1.2056
Iteration number -------- 36  -----------
lambda : 1.19073
max_diff => 0.00310871
performed mixing
Frob norm 1 after updating U: 0.130558
200 iterations
f(b) = 1.3681
Frob norm 2 after updating B : 1.11516
Iteration number -------- 37  -----------
lambda : 1.19668
max_diff => 0.000722645
performed mixing
Frob norm 1 after updating U: 0.0514444
200 iterations
f(b) = 0.957611
Frob norm 2 after updating B : 0.893337
Iteration number -------- 38  -----------
lambda : 1.20266
max_diff => 0.000712536
performed mixing
Frob norm 1 after updating U: 0.0512042
200 iterations
f(b) = 0.672897
Frob norm 2 after updating B : 0.71644
Iteration number -------- 39  -----------
lambda : 1.20868
max_diff => 0.000686228
performed mixing
Frob norm 1 after updating U: 0.0505445
200 iterations
f(b) = 0.481901
Frob norm 2 after updating B : 0.580379
Iteration number -------- 40  -----------
lambda : 1.21472
max_diff => 0.000541833
performed mixing
Frob norm 1 after updating U: 0.0465569
200 iterations
f(b) = 0.296127
Frob norm 2 after updating B : 0.515905
Iteration number -------- 41  -----------
lambda : 1.22079
max_diff => 1.89784e-07
performed mixing
Frob norm 1 after updating U: 0.0125
200 iterations
f(b) = 0.224561
Frob norm 2 after updating B : 0.413352
Iteration number -------- 42  -----------
lambda : 1.2269
max_diff => 6.67256e-08
performed mixing
Frob norm 1 after updating U: 0.012411
200 iterations
f(b) = 0.151332
Frob norm 2 after updating B : 0.330786
Iteration number -------- 43  -----------
lambda : 1.23303
max_diff => 5.5418e-08
performed mixing
Frob norm 1 after updating U: 0.0124588
200 iterations
f(b) = 0.122721
Frob norm 2 after updating B : 0.264752
Iteration number -------- 44  -----------
lambda : 1.2392
max_diff => 4.999e-08
performed mixing
Frob norm 1 after updating U: 0.0124491
200 iterations
f(b) = 0.100208
Frob norm 2 after updating B : 0.211861
Iteration number -------- 45  -----------
lambda : 1.24539
max_diff => 4.99906e-08
performed mixing
Frob norm 1 after updating U: 0.0124004
200 iterations
f(b) = 0.0791706
Frob norm 2 after updating B : 0.169835
Iteration number -------- 46  -----------
lambda : 1.25162
max_diff => 4.999e-08
performed mixing
Frob norm 1 after updating U: 0.0123977
200 iterations
f(b) = 0.0688699
Frob norm 2 after updating B : 0.136252
Iteration number -------- 47  -----------
lambda : 1.25788
max_diff => 4.999e-08
performed mixing
Frob norm 1 after updating U: 0.0123418
200 iterations
f(b) = 0.0657747
Frob norm 2 after updating B : 0.109044
Iteration number -------- 48  -----------
lambda : 1.26417
max_diff => 4.999e-08
performed mixing
Frob norm 1 after updating U: 0.0124236
200 iterations
f(b) = 0.0543261
Frob norm 2 after updating B : 0.0877408
Iteration number -------- 49  -----------
lambda : 1.27049
max_diff => 4.999e-08
performed mixing
Frob norm 1 after updating U: 0.0122853
200 iterations
f(b) = 0.0228308
Frob norm 2 after updating B : 0.0707167
Iteration number -------- 50  -----------
lambda : 1.27684
max_diff => 4.999e-08
performed mixing
Frob norm 1 after updating U: 0.0122811
200 iterations
f(b) = 0.0527464
Frob norm 2 after updating B : 0.0569198
Iteration number -------- 51  -----------
lambda : 1.28323
max_diff => 4.999e-08
performed mixing
Frob norm 1 after updating U: 0.0122761
200 iterations
f(b) = 0.0237952
Frob norm 2 after updating B : 0.0462617
Iteration number -------- 52  -----------
lambda : 1.28964
max_diff => 4.999e-08
performed mixing
Frob norm 1 after updating U: 0.0124696
200 iterations
f(b) = 0.0198411
Frob norm 2 after updating B : 0.0379222
Iteration number -------- 53  -----------
lambda : 1.29609
max_diff => 4.999e-08
performed mixing
Frob norm 1 after updating U: 0.012334
200 iterations
f(b) = 0.0158811
Frob norm 2 after updating B : 0.0310332
Iteration number -------- 54  -----------
lambda : 1.30257
max_diff => 4.999e-08
performed mixing
Frob norm 1 after updating U: 0.0124343
200 iterations
f(b) = 0.0159686
Frob norm 2 after updating B : 0.0260463
Iteration number -------- 55  -----------
lambda : 1.30908
max_diff => 4.999e-08
performed mixing
Frob norm 1 after updating U: 0.0123536
200 iterations
f(b) = 0.0190494
Frob norm 2 after updating B : 0.0221141
Iteration number -------- 56  -----------
lambda : 1.31563
max_diff => 4.999e-08
performed mixing
Frob norm 1 after updating U: 0.0124549
200 iterations
f(b) = 0.0151163
Frob norm 2 after updating B : 0.0191885
Iteration number -------- 57  -----------
lambda : 1.32221
max_diff => 4.999e-08
performed mixing
Frob norm 1 after updating U: 0.0123553
200 iterations
f(b) = 0.015725
Frob norm 2 after updating B : 0.0168737
Iteration number -------- 58  -----------
lambda : 1.32882
max_diff => 4.999e-08
performed mixing
Frob norm 1 after updating U: 0.012251
200 iterations
f(b) = 0.0134361
Frob norm 2 after updating B : 0.0156442
Iteration number -------- 59  -----------
lambda : 1.33546
max_diff => 4.999e-08
performed mixing
Frob norm 1 after updating U: 0.0124947
200 iterations
f(b) = 0.01481
Frob norm 2 after updating B : 0.0145158
Iteration number -------- 60  -----------
lambda : 1.34214
max_diff => 4.999e-08
performed mixing
Frob norm 1 after updating U: 0.0123673
200 iterations
f(b) = 0.0176844
Frob norm 2 after updating B : 0.0137197
Iteration number -------- 61  -----------
lambda : 1.34885
max_diff => 4.999e-08
performed mixing
Frob norm 1 after updating U: 0.0123893
200 iterations
f(b) = 0.0134031
Frob norm 2 after updating B : 0.0132073
Iteration number -------- 62  -----------
lambda : 1.35559
max_diff => 4.999e-08
performed mixing
Frob norm 1 after updating U: 0.0122613
200 iterations
f(b) = 0.01633
Frob norm 2 after updating B : 0.012889
Iteration number -------- 63  -----------
lambda : 1.36237
max_diff => 4.999e-08
performed mixing
Frob norm 1 after updating U: 0.0122794
200 iterations
f(b) = 0.0142509
Frob norm 2 after updating B : 0.0126478
Iteration number -------- 64  -----------
lambda : 1.36918
max_diff => 4.999e-08
performed mixing
Frob norm 1 after updating U: 0.0122357
200 iterations
f(b) = 0.0140474
Frob norm 2 after updating B : 0.0126423
Iteration number -------- 65  -----------
lambda : 1.37603
max_diff => 4.999e-08
performed mixing
Frob norm 1 after updating U: 0.0123179
200 iterations
f(b) = 0.0130804
Frob norm 2 after updating B : 0.0124868
Iteration number -------- 66  -----------
lambda : 1.38291
max_diff => 4.999e-08
performed mixing
Frob norm 1 after updating U: 0.0123103
200 iterations
f(b) = 0.0135312
Frob norm 2 after updating B : 0.0123787
Iteration number -------- 67  -----------
lambda : 1.38982
max_diff => 4.999e-08
performed mixing
Frob norm 1 after updating U: 0.0122704
200 iterations
f(b) = 0.0170579
Frob norm 2 after updating B : 0.0122792
Iteration number -------- 68  -----------
lambda : 1.39677
max_diff => 4.999e-08
performed mixing
Frob norm 1 after updating U: 0.012209
200 iterations
f(b) = 0.0146945
Frob norm 2 after updating B : 0.0123431
Iteration number -------- 69  -----------
lambda : 1.40376
max_diff => 4.999e-08
performed mixing
Frob norm 1 after updating U: 0.0123016
200 iterations
f(b) = 0.0109435
Frob norm 2 after updating B : 0.0124107
Iteration number -------- 70  -----------
lambda : 1.41078
max_diff => 4.999e-08
performed mixing
Frob norm 1 after updating U: 0.0123625
200 iterations
f(b) = 0.0150204
Frob norm 2 after updating B : 0.0122644
Iteration number -------- 71  -----------
lambda : 1.41783
max_diff => 4.999e-08
performed mixing
Frob norm 1 after updating U: 0.0122503
200 iterations
f(b) = 0.0112913
Frob norm 2 after updating B : 0.0123205
Iteration number -------- 72  -----------
lambda : 1.42492
max_diff => 4.999e-08
performed mixing
Frob norm 1 after updating U: 0.012295
200 iterations
f(b) = 0.0139374
Frob norm 2 after updating B : 0.0123216
Iteration number -------- 73  -----------
lambda : 1.43204
max_diff => 4.999e-08
performed mixing
Frob norm 1 after updating U: 0.0123135
200 iterations
f(b) = 0.0146698
Frob norm 2 after updating B : 0.0123026
Iteration number -------- 74  -----------
lambda : 1.4392
max_diff => 4.999e-08
performed mixing
Frob norm 1 after updating U: 0.0122926
200 iterations
f(b) = 0.0148211
Frob norm 2 after updating B : 0.0122886
Iteration number -------- 75  -----------
lambda : 1.4464
max_diff => 4.999e-08
performed mixing
Frob norm 1 after updating U: 0.0122718
200 iterations
f(b) = 0.0151096
Frob norm 2 after updating B : 0.0122361
Iteration number -------- 76  -----------
lambda : 1.45363
max_diff => 4.999e-08
performed mixing
Frob norm 1 after updating U: 0.012227
200 iterations
f(b) = 0.0149541
Frob norm 2 after updating B : 0.0122547
Iteration number -------- 77  -----------
lambda : 1.4609
max_diff => 4.999e-08
performed mixing
Frob norm 1 after updating U: 0.0122507
200 iterations
f(b) = 0.015143
Frob norm 2 after updating B : 0.0122102
Iteration number -------- 78  -----------
lambda : 1.46821
max_diff => 4.999e-08
performed mixing
Frob norm 1 after updating U: 0.0122081
200 iterations
f(b) = 0.0158
Frob norm 2 after updating B : 0.0122779
Iteration number -------- 79  -----------
lambda : 1.47555
max_diff => 4.999e-08
performed mixing
Frob norm 1 after updating U: 0.0122725
200 iterations
f(b) = 0.0126279
Frob norm 2 after updating B : 0.0121901
Iteration number -------- 80  -----------
lambda : 1.48292
max_diff => 4.999e-08
performed mixing
Frob norm 1 after updating U: 0.0121919
200 iterations
f(b) = 0.0142855
Frob norm 2 after updating B : 0.0123527
Iteration number -------- 81  -----------
lambda : 1.49034
max_diff => 4.999e-08
performed mixing
Frob norm 1 after updating U: 0.0123369
200 iterations
f(b) = 0.0161571
Frob norm 2 after updating B : 0.0123295
Iteration number -------- 82  -----------
lambda : 1.49779
max_diff => 4.999e-08
performed mixing
Frob norm 1 after updating U: 0.012308
200 iterations
f(b) = 0.0176632
Frob norm 2 after updating B : 0.0122089
Iteration number -------- 83  -----------
lambda : 1.50528
max_diff => 4.999e-08
performed mixing
Frob norm 1 after updating U: 0.0122184
200 iterations
f(b) = 0.0153469
Frob norm 2 after updating B : 0.0123725
Iteration number -------- 84  -----------
lambda : 1.51281
max_diff => 4.999e-08
performed mixing
Frob norm 1 after updating U: 0.0123599
200 iterations
f(b) = 0.0147528
Frob norm 2 after updating B : 0.0122381
Iteration number -------- 85  -----------
lambda : 1.52037
max_diff => 4.999e-08
performed mixing
Frob norm 1 after updating U: 0.0122327
200 iterations
f(b) = 0.0157325
Frob norm 2 after updating B : 0.0121923
Iteration number -------- 86  -----------
lambda : 1.52797
max_diff => 4.999e-08
performed mixing
Frob norm 1 after updating U: 0.0121938
200 iterations
f(b) = 0.0166566
Frob norm 2 after updating B : 0.0122062
Iteration number -------- 87  -----------
lambda : 1.53561
max_diff => 4.999e-08
performed mixing
Frob norm 1 after updating U: 0.0122002
200 iterations
f(b) = 0.0142112
Frob norm 2 after updating B : 0.0122738
Iteration number -------- 88  -----------
lambda : 1.54329
max_diff => 4.999e-08
performed mixing
Frob norm 1 after updating U: 0.0122677
200 iterations
f(b) = 0.0150146
Frob norm 2 after updating B : 0.0123419
Iteration number -------- 89  -----------
lambda : 1.55101
max_diff => 4.999e-08
performed mixing
Frob norm 1 after updating U: 0.0123245
200 iterations
f(b) = 0.0166102
Frob norm 2 after updating B : 0.0121453
Iteration number -------- 90  -----------
lambda : 1.55876
max_diff => 4.999e-08
performed mixing
Frob norm 1 after updating U: 0.0121514
200 iterations
f(b) = 0.0151186
Frob norm 2 after updating B : 0.0123632
Iteration number -------- 91  -----------
lambda : 1.56655
max_diff => 4.999e-08
performed mixing
Frob norm 1 after updating U: 0.0123357
200 iterations
f(b) = 0.0157444
Frob norm 2 after updating B : 0.0123085
Iteration number -------- 92  -----------
lambda : 1.57439
max_diff => 4.999e-08
performed mixing
Frob norm 1 after updating U: 0.0122998
200 iterations
f(b) = 0.0149045
Frob norm 2 after updating B : 0.0123713
Iteration number -------- 93  -----------
lambda : 1.58226
max_diff => 4.999e-08
performed mixing
Frob norm 1 after updating U: 0.0123574
200 iterations
f(b) = 0.0145576
Frob norm 2 after updating B : 0.0123087
Iteration number -------- 94  -----------
lambda : 1.59017
max_diff => 4.999e-08
performed mixing
Frob norm 1 after updating U: 0.0123031
200 iterations
f(b) = 0.0226346
Frob norm 2 after updating B : 0.0122794
Iteration number -------- 95  -----------
lambda : 1.59812
max_diff => 4.999e-08
performed mixing
Frob norm 1 after updating U: 0.0122798
200 iterations
f(b) = 0.0160315
Frob norm 2 after updating B : 0.0122808
Iteration number -------- 96  -----------
lambda : 1.60611
max_diff => 4.999e-08
performed mixing
Frob norm 1 after updating U: 0.0122761
200 iterations
f(b) = 0.0153604
Frob norm 2 after updating B : 0.0122725
Iteration number -------- 97  -----------
lambda : 1.61414
max_diff => 4.999e-08
performed mixing
Frob norm 1 after updating U: 0.0122772
200 iterations
f(b) = 0.0146765
Frob norm 2 after updating B : 0.0123304
Iteration number -------- 98  -----------
lambda : 1.62221
max_diff => 4.999e-08
performed mixing
Frob norm 1 after updating U: 0.0123269
200 iterations
f(b) = 0.0154168
Frob norm 2 after updating B : 0.0123099
Iteration number -------- 99  -----------
lambda : 1.63032
max_diff => 4.999e-08
performed mixing
Frob norm 1 after updating U: 0.0123035
200 iterations
f(b) = 0.0129802
Frob norm 2 after updating B : 0.0123082
Iteration number -------- 100  -----------
lambda : 1.63848
max_diff => 4.999e-08
