Academic license - for non-commercial use only
Frob norm 1 after updating U: 11.9692
200 iterations
f(b) = 56.1225
Frob norm 2 after updating B : 7.11715
Iteration number -------- 1  -----------
lambda : 1
max_diff => 0.114256
performed mixing
Frob norm 1 after updating U: 5.66785
200 iterations
f(b) = 48.9405
Frob norm 2 after updating B : 6.61161
Iteration number -------- 2  -----------
lambda : 1.005
max_diff => 0.114275
performed mixing
Frob norm 1 after updating U: 5.386
200 iterations
f(b) = 43.2726
Frob norm 2 after updating B : 6.18372
Iteration number -------- 3  -----------
lambda : 1.01002
max_diff => 0.111648
performed mixing
Frob norm 1 after updating U: 5.16792
200 iterations
f(b) = 38.8551
Frob norm 2 after updating B : 5.83164
Iteration number -------- 4  -----------
lambda : 1.01508
max_diff => 0.107702
performed mixing
Frob norm 1 after updating U: 5.004
200 iterations
f(b) = 35.4087
Frob norm 2 after updating B : 5.55032
Iteration number -------- 5  -----------
lambda : 1.02015
max_diff => 0.10198
performed mixing
Frob norm 1 after updating U: 4.87859
200 iterations
f(b) = 32.7266
Frob norm 2 after updating B : 5.3277
Iteration number -------- 6  -----------
lambda : 1.02525
max_diff => 0.094398
performed mixing
Frob norm 1 after updating U: 4.78041
200 iterations
f(b) = 30.6406
Frob norm 2 after updating B : 5.15233
Iteration number -------- 7  -----------
lambda : 1.03038
max_diff => 0.085962
performed mixing
Frob norm 1 after updating U: 4.70637
200 iterations
f(b) = 29.0047
Frob norm 2 after updating B : 5.01128
Iteration number -------- 8  -----------
lambda : 1.03553
max_diff => 0.0781268
performed mixing
Frob norm 1 after updating U: 4.65997
200 iterations
f(b) = 27.7395
Frob norm 2 after updating B : 4.89966
Iteration number -------- 9  -----------
lambda : 1.04071
max_diff => 0.071392
performed mixing
Frob norm 1 after updating U: 4.6277
200 iterations
f(b) = 26.7792
Frob norm 2 after updating B : 4.81309
Iteration number -------- 10  -----------
lambda : 1.04591
max_diff => 0.0644925
performed mixing
Frob norm 1 after updating U: 4.60213
200 iterations
f(b) = 26.0283
Frob norm 2 after updating B : 4.74786
Iteration number -------- 11  -----------
lambda : 1.05114
max_diff => 0.0630901
performed mixing
Frob norm 1 after updating U: 4.57906
200 iterations
f(b) = 25.4433
Frob norm 2 after updating B : 4.69657
Iteration number -------- 12  -----------
lambda : 1.0564
max_diff => 0.0631063
performed mixing
Frob norm 1 after updating U: 4.56166
200 iterations
f(b) = 24.9747
Frob norm 2 after updating B : 4.6576
Iteration number -------- 13  -----------
lambda : 1.06168
max_diff => 0.0631472
performed mixing
Frob norm 1 after updating U: 4.5461
200 iterations
f(b) = 24.5923
Frob norm 2 after updating B : 4.62434
Iteration number -------- 14  -----------
lambda : 1.06699
max_diff => 0.0632484
performed mixing
Frob norm 1 after updating U: 4.53026
200 iterations
f(b) = 23.7815
Frob norm 2 after updating B : 4.49118
Iteration number -------- 15  -----------
lambda : 1.07232
max_diff => 0.121117
performed mixing
Frob norm 1 after updating U: 3.89547
200 iterations
f(b) = 19.6052
Frob norm 2 after updating B : 4.10023
Iteration number -------- 16  -----------
lambda : 1.07768
max_diff => 0.0425451
performed mixing
Frob norm 1 after updating U: 3.48965
200 iterations
f(b) = 16.9335
Frob norm 2 after updating B : 3.70802
Iteration number -------- 17  -----------
lambda : 1.08307
max_diff => 0.192528
performed mixing
Frob norm 1 after updating U: 3.00103
200 iterations
f(b) = 15.0904
Frob norm 2 after updating B : 3.51461
Iteration number -------- 18  -----------
lambda : 1.08849
max_diff => 0.099798
performed mixing
Frob norm 1 after updating U: 2.97154
200 iterations
f(b) = 13.8049
Frob norm 2 after updating B : 3.37183
Iteration number -------- 19  -----------
lambda : 1.09393
max_diff => 0.0670087
performed mixing
Frob norm 1 after updating U: 2.92963
200 iterations
f(b) = 12.8167
Frob norm 2 after updating B : 3.25255
Iteration number -------- 20  -----------
lambda : 1.0994
max_diff => 0.0514748
performed mixing
Frob norm 1 after updating U: 2.90735
200 iterations
f(b) = 12.0658
Frob norm 2 after updating B : 3.13557
Iteration number -------- 21  -----------
lambda : 1.1049
max_diff => 0.0485543
performed mixing
Frob norm 1 after updating U: 2.90025
200 iterations
f(b) = 9.17646
Frob norm 2 after updating B : 2.73105
Iteration number -------- 22  -----------
lambda : 1.11042
max_diff => 0.030159
performed mixing
Frob norm 1 after updating U: 2.25853
200 iterations
f(b) = 8.30861
Frob norm 2 after updating B : 2.59274
Iteration number -------- 23  -----------
lambda : 1.11597
max_diff => 0.0294043
performed mixing
Frob norm 1 after updating U: 2.24723
200 iterations
f(b) = 7.69361
Frob norm 2 after updating B : 2.48652
Iteration number -------- 24  -----------
lambda : 1.12155
max_diff => 0.028771
performed mixing
Frob norm 1 after updating U: 2.23401
200 iterations
f(b) = 5.19096
Frob norm 2 after updating B : 1.97574
Iteration number -------- 25  -----------
lambda : 1.12716
max_diff => 0.0389209
performed mixing
Frob norm 1 after updating U: 0.707549
200 iterations
f(b) = 3.75784
Frob norm 2 after updating B : 1.67943
Iteration number -------- 26  -----------
lambda : 1.1328
max_diff => 0.0102909
performed mixing
Frob norm 1 after updating U: 0.495785
200 iterations
f(b) = 2.66188
Frob norm 2 after updating B : 1.47348
Iteration number -------- 27  -----------
lambda : 1.13846
max_diff => 0.00410243
performed mixing
Frob norm 1 after updating U: 0.268888
200 iterations
f(b) = 1.93749
Frob norm 2 after updating B : 1.19367
Iteration number -------- 28  -----------
lambda : 1.14415
max_diff => 0.00402929
performed mixing
Frob norm 1 after updating U: 0.265578
200 iterations
f(b) = 1.30048
Frob norm 2 after updating B : 1.07229
Iteration number -------- 29  -----------
lambda : 1.14987
max_diff => 0.00106723
performed mixing
Frob norm 1 after updating U: 0.110231
200 iterations
f(b) = 0.867465
Frob norm 2 after updating B : 0.895005
Iteration number -------- 30  -----------
lambda : 1.15562
max_diff => 0.000336134
performed mixing
Frob norm 1 after updating U: 0.0531565
200 iterations
f(b) = 0.61113
Frob norm 2 after updating B : 0.718157
Iteration number -------- 31  -----------
lambda : 1.1614
max_diff => 0.000305555
performed mixing
Frob norm 1 after updating U: 0.0502273
200 iterations
f(b) = 0.397119
Frob norm 2 after updating B : 0.589846
Iteration number -------- 32  -----------
lambda : 1.16721
max_diff => 3.7084e-05
performed mixing
Frob norm 1 after updating U: 0.0184648
200 iterations
f(b) = 0.278169
Frob norm 2 after updating B : 0.474591
Iteration number -------- 33  -----------
lambda : 1.17304
max_diff => 1.2234e-05
performed mixing
Frob norm 1 after updating U: 0.0147407
200 iterations
f(b) = 0.195863
Frob norm 2 after updating B : 0.381163
Iteration number -------- 34  -----------
lambda : 1.17891
max_diff => 7.43808e-07
performed mixing
Frob norm 1 after updating U: 0.0129514
200 iterations
f(b) = 0.147117
Frob norm 2 after updating B : 0.305399
Iteration number -------- 35  -----------
lambda : 1.1848
max_diff => 5.04136e-08
performed mixing
Frob norm 1 after updating U: 0.0128865
200 iterations
f(b) = 0.112702
Frob norm 2 after updating B : 0.244683
Iteration number -------- 36  -----------
lambda : 1.19073
max_diff => 4.999e-08
performed mixing
Frob norm 1 after updating U: 0.0128198
200 iterations
f(b) = 0.091587
Frob norm 2 after updating B : 0.195901
Iteration number -------- 37  -----------
lambda : 1.19668
max_diff => 4.999e-08
performed mixing
Frob norm 1 after updating U: 0.0128342
200 iterations
f(b) = 0.0782385
Frob norm 2 after updating B : 0.157009
Iteration number -------- 38  -----------
lambda : 1.20266
max_diff => 4.999e-08
performed mixing
Frob norm 1 after updating U: 0.0128306
200 iterations
f(b) = 0.0343883
Frob norm 2 after updating B : 0.125934
Iteration number -------- 39  -----------
lambda : 1.20868
max_diff => 4.999e-08
performed mixing
Frob norm 1 after updating U: 0.0128665
200 iterations
f(b) = 0.0628666
Frob norm 2 after updating B : 0.101223
Iteration number -------- 40  -----------
lambda : 1.21472
max_diff => 4.999e-08
performed mixing
Frob norm 1 after updating U: 0.0128063
200 iterations
f(b) = 0.0585494
Frob norm 2 after updating B : 0.0814202
Iteration number -------- 41  -----------
lambda : 1.22079
max_diff => 4.999e-08
performed mixing
Frob norm 1 after updating U: 0.0128018
200 iterations
f(b) = 0.0539254
Frob norm 2 after updating B : 0.0656105
Iteration number -------- 42  -----------
lambda : 1.2269
max_diff => 4.999e-08
performed mixing
Frob norm 1 after updating U: 0.0128151
200 iterations
f(b) = 0.0196442
Frob norm 2 after updating B : 0.0531699
Iteration number -------- 43  -----------
lambda : 1.23303
max_diff => 4.999e-08
performed mixing
Frob norm 1 after updating U: 0.0128432
200 iterations
f(b) = 0.0414589
Frob norm 2 after updating B : 0.043236
Iteration number -------- 44  -----------
lambda : 1.2392
max_diff => 4.999e-08
performed mixing
Frob norm 1 after updating U: 0.0127706
200 iterations
f(b) = 0.020726
Frob norm 2 after updating B : 0.0356005
Iteration number -------- 45  -----------
lambda : 1.24539
max_diff => 4.999e-08
performed mixing
Frob norm 1 after updating U: 0.01277
200 iterations
f(b) = 0.0181426
Frob norm 2 after updating B : 0.0295219
Iteration number -------- 46  -----------
lambda : 1.25162
max_diff => 4.999e-08
performed mixing
Frob norm 1 after updating U: 0.0127504
200 iterations
f(b) = 0.0182498
Frob norm 2 after updating B : 0.0248866
Iteration number -------- 47  -----------
lambda : 1.25788
max_diff => 4.999e-08
performed mixing
Frob norm 1 after updating U: 0.0128345
200 iterations
f(b) = 0.0151417
Frob norm 2 after updating B : 0.0214229
Iteration number -------- 48  -----------
lambda : 1.26417
max_diff => 4.999e-08
performed mixing
Frob norm 1 after updating U: 0.0128176
200 iterations
f(b) = 0.0276916
Frob norm 2 after updating B : 0.0186849
Iteration number -------- 49  -----------
lambda : 1.27049
max_diff => 4.999e-08
performed mixing
Frob norm 1 after updating U: 0.0126721
200 iterations
f(b) = 0.0162341
Frob norm 2 after updating B : 0.0169462
Iteration number -------- 50  -----------
lambda : 1.27684
max_diff => 4.999e-08
performed mixing
Frob norm 1 after updating U: 0.0127902
200 iterations
f(b) = 0.0171057
Frob norm 2 after updating B : 0.0155859
Iteration number -------- 51  -----------
lambda : 1.28323
max_diff => 4.999e-08
performed mixing
Frob norm 1 after updating U: 0.0127162
200 iterations
f(b) = 0.0202115
Frob norm 2 after updating B : 0.0147153
Iteration number -------- 52  -----------
lambda : 1.28964
max_diff => 4.999e-08
performed mixing
Frob norm 1 after updating U: 0.0127725
200 iterations
f(b) = 0.0146947
Frob norm 2 after updating B : 0.0140348
Iteration number -------- 53  -----------
lambda : 1.29609
max_diff => 4.999e-08
performed mixing
Frob norm 1 after updating U: 0.0128038
200 iterations
f(b) = 0.0269647
Frob norm 2 after updating B : 0.0135412
Iteration number -------- 54  -----------
lambda : 1.30257
max_diff => 4.999e-08
performed mixing
Frob norm 1 after updating U: 0.0126967
200 iterations
f(b) = 0.0206975
Frob norm 2 after updating B : 0.0132702
Iteration number -------- 55  -----------
lambda : 1.30908
max_diff => 4.999e-08
performed mixing
Frob norm 1 after updating U: 0.0126994
200 iterations
f(b) = 0.0218365
Frob norm 2 after updating B : 0.0131262
Iteration number -------- 56  -----------
lambda : 1.31563
max_diff => 4.999e-08
performed mixing
Frob norm 1 after updating U: 0.0127043
200 iterations
f(b) = 0.0133378
Frob norm 2 after updating B : 0.012912
Iteration number -------- 57  -----------
lambda : 1.32221
max_diff => 4.999e-08
performed mixing
Frob norm 1 after updating U: 0.012623
200 iterations
f(b) = 0.0154336
Frob norm 2 after updating B : 0.0128497
Iteration number -------- 58  -----------
lambda : 1.32882
max_diff => 4.999e-08
performed mixing
Frob norm 1 after updating U: 0.0126835
200 iterations
f(b) = 0.0174778
Frob norm 2 after updating B : 0.0127728
Iteration number -------- 59  -----------
lambda : 1.33546
max_diff => 4.999e-08
performed mixing
Frob norm 1 after updating U: 0.0126473
200 iterations
f(b) = 0.0171754
Frob norm 2 after updating B : 0.0128072
Iteration number -------- 60  -----------
lambda : 1.34214
max_diff => 4.999e-08
performed mixing
Frob norm 1 after updating U: 0.012739
200 iterations
f(b) = 0.0253117
Frob norm 2 after updating B : 0.0127261
Iteration number -------- 61  -----------
lambda : 1.34885
max_diff => 4.999e-08
performed mixing
Frob norm 1 after updating U: 0.0126623
200 iterations
f(b) = 0.0265356
Frob norm 2 after updating B : 0.0127131
Iteration number -------- 62  -----------
lambda : 1.35559
max_diff => 4.999e-08
performed mixing
Frob norm 1 after updating U: 0.0126535
200 iterations
f(b) = 0.0168193
Frob norm 2 after updating B : 0.0127669
Iteration number -------- 63  -----------
lambda : 1.36237
max_diff => 4.999e-08
performed mixing
Frob norm 1 after updating U: 0.0127374
200 iterations
f(b) = 0.0153423
Frob norm 2 after updating B : 0.0127561
Iteration number -------- 64  -----------
lambda : 1.36918
max_diff => 4.999e-08
performed mixing
Frob norm 1 after updating U: 0.012716
200 iterations
f(b) = 0.0254985
Frob norm 2 after updating B : 0.0126905
Iteration number -------- 65  -----------
lambda : 1.37603
max_diff => 4.999e-08
performed mixing
Frob norm 1 after updating U: 0.0126808
200 iterations
f(b) = 0.0178346
Frob norm 2 after updating B : 0.012723
Iteration number -------- 66  -----------
lambda : 1.38291
max_diff => 4.999e-08
performed mixing
Frob norm 1 after updating U: 0.0126998
200 iterations
f(b) = 0.0152729
Frob norm 2 after updating B : 0.0127271
Iteration number -------- 67  -----------
lambda : 1.38982
max_diff => 4.999e-08
performed mixing
Frob norm 1 after updating U: 0.0127193
200 iterations
f(b) = 0.0179378
Frob norm 2 after updating B : 0.0126676
Iteration number -------- 68  -----------
lambda : 1.39677
max_diff => 4.999e-08
performed mixing
Frob norm 1 after updating U: 0.0126655
200 iterations
f(b) = 0.0154859
Frob norm 2 after updating B : 0.0127501
Iteration number -------- 69  -----------
lambda : 1.40376
max_diff => 4.999e-08
performed mixing
Frob norm 1 after updating U: 0.0127346
200 iterations
f(b) = 0.0169592
Frob norm 2 after updating B : 0.0126626
Iteration number -------- 70  -----------
lambda : 1.41078
max_diff => 4.999e-08
performed mixing
Frob norm 1 after updating U: 0.0126651
200 iterations
f(b) = 0.020521
Frob norm 2 after updating B : 0.0126592
Iteration number -------- 71  -----------
lambda : 1.41783
max_diff => 4.999e-08
performed mixing
Frob norm 1 after updating U: 0.0126589
200 iterations
f(b) = 0.0176151
Frob norm 2 after updating B : 0.0126943
Iteration number -------- 72  -----------
lambda : 1.42492
max_diff => 4.999e-08
performed mixing
Frob norm 1 after updating U: 0.0126906
200 iterations
f(b) = 0.0156498
Frob norm 2 after updating B : 0.0127516
Iteration number -------- 73  -----------
lambda : 1.43204
max_diff => 4.999e-08
performed mixing
Frob norm 1 after updating U: 0.0127404
200 iterations
f(b) = 0.0149971
Frob norm 2 after updating B : 0.0127045
Iteration number -------- 74  -----------
lambda : 1.4392
max_diff => 4.999e-08
performed mixing
Frob norm 1 after updating U: 0.0127033
200 iterations
f(b) = 0.0174726
Frob norm 2 after updating B : 0.0126341
Iteration number -------- 75  -----------
lambda : 1.4464
max_diff => 4.999e-08
performed mixing
Frob norm 1 after updating U: 0.0126312
200 iterations
f(b) = 0.0142806
Frob norm 2 after updating B : 0.012694
Iteration number -------- 76  -----------
lambda : 1.45363
max_diff => 4.999e-08
performed mixing
Frob norm 1 after updating U: 0.0126909
200 iterations
f(b) = 0.0164975
Frob norm 2 after updating B : 0.0127281
Iteration number -------- 77  -----------
lambda : 1.4609
max_diff => 4.999e-08
performed mixing
Frob norm 1 after updating U: 0.0127203
200 iterations
f(b) = 0.0166794
Frob norm 2 after updating B : 0.0127003
Iteration number -------- 78  -----------
lambda : 1.46821
max_diff => 4.999e-08
performed mixing
Frob norm 1 after updating U: 0.0126952
200 iterations
f(b) = 0.0176286
Frob norm 2 after updating B : 0.012688
Iteration number -------- 79  -----------
lambda : 1.47555
max_diff => 4.999e-08
performed mixing
Frob norm 1 after updating U: 0.0126927
200 iterations
f(b) = 0.0182185
Frob norm 2 after updating B : 0.0126774
Iteration number -------- 80  -----------
lambda : 1.48292
max_diff => 4.999e-08
performed mixing
Frob norm 1 after updating U: 0.0126717
200 iterations
f(b) = 0.0183857
Frob norm 2 after updating B : 0.0126768
Iteration number -------- 81  -----------
lambda : 1.49034
max_diff => 4.999e-08
performed mixing
Frob norm 1 after updating U: 0.0126747
200 iterations
f(b) = 0.0181206
Frob norm 2 after updating B : 0.0126629
Iteration number -------- 82  -----------
lambda : 1.49779
max_diff => 4.999e-08
performed mixing
Frob norm 1 after updating U: 0.0126692
200 iterations
f(b) = 0.018699
Frob norm 2 after updating B : 0.0126382
Iteration number -------- 83  -----------
lambda : 1.50528
max_diff => 4.999e-08
performed mixing
Frob norm 1 after updating U: 0.012632
200 iterations
f(b) = 0.0160302
Frob norm 2 after updating B : 0.0127163
Iteration number -------- 84  -----------
lambda : 1.51281
max_diff => 4.999e-08
performed mixing
Frob norm 1 after updating U: 0.0127118
200 iterations
f(b) = 0.0168919
Frob norm 2 after updating B : 0.0127078
Iteration number -------- 85  -----------
lambda : 1.52037
max_diff => 4.999e-08
performed mixing
Frob norm 1 after updating U: 0.0127064
200 iterations
f(b) = 0.01748
Frob norm 2 after updating B : 0.01274
Iteration number -------- 86  -----------
lambda : 1.52797
max_diff => 4.999e-08
performed mixing
Frob norm 1 after updating U: 0.0127336
200 iterations
f(b) = 0.0174203
Frob norm 2 after updating B : 0.0127393
Iteration number -------- 87  -----------
lambda : 1.53561
max_diff => 4.999e-08
performed mixing
Frob norm 1 after updating U: 0.0127388
200 iterations
f(b) = 0.0171402
Frob norm 2 after updating B : 0.0126371
Iteration number -------- 88  -----------
lambda : 1.54329
max_diff => 4.999e-08
performed mixing
Frob norm 1 after updating U: 0.0126426
200 iterations
f(b) = 0.0162038
Frob norm 2 after updating B : 0.0128267
Iteration number -------- 89  -----------
lambda : 1.55101
max_diff => 4.999e-08
performed mixing
Frob norm 1 after updating U: 0.0128136
200 iterations
f(b) = 0.0157645
Frob norm 2 after updating B : 0.0127892
Iteration number -------- 90  -----------
lambda : 1.55876
max_diff => 4.999e-08
performed mixing
Frob norm 1 after updating U: 0.0127921
200 iterations
f(b) = 0.0150774
Frob norm 2 after updating B : 0.0127546
Iteration number -------- 91  -----------
lambda : 1.56655
max_diff => 4.999e-08
performed mixing
Frob norm 1 after updating U: 0.0127512
200 iterations
f(b) = 0.0177038
Frob norm 2 after updating B : 0.0127774
Iteration number -------- 92  -----------
lambda : 1.57439
max_diff => 4.999e-08
performed mixing
Frob norm 1 after updating U: 0.0127762
200 iterations
f(b) = 0.0165428
Frob norm 2 after updating B : 0.012778
Iteration number -------- 93  -----------
lambda : 1.58226
max_diff => 4.999e-08
performed mixing
Frob norm 1 after updating U: 0.0127737
200 iterations
f(b) = 0.0206385
Frob norm 2 after updating B : 0.0127525
Iteration number -------- 94  -----------
lambda : 1.59017
max_diff => 4.999e-08
performed mixing
Frob norm 1 after updating U: 0.0127494
200 iterations
f(b) = 0.0185226
Frob norm 2 after updating B : 0.0127995
Iteration number -------- 95  -----------
lambda : 1.59812
max_diff => 4.999e-08
performed mixing
Frob norm 1 after updating U: 0.012795
200 iterations
f(b) = 0.0185406
Frob norm 2 after updating B : 0.0128776
Iteration number -------- 96  -----------
lambda : 1.60611
max_diff => 4.999e-08
performed mixing
Frob norm 1 after updating U: 0.0128559
200 iterations
f(b) = 0.0200048
Frob norm 2 after updating B : 0.0126635
Iteration number -------- 97  -----------
lambda : 1.61414
max_diff => 4.999e-08
performed mixing
Frob norm 1 after updating U: 0.0126597
200 iterations
f(b) = 0.0179287
Frob norm 2 after updating B : 0.0127364
Iteration number -------- 98  -----------
lambda : 1.62221
max_diff => 4.999e-08
performed mixing
Frob norm 1 after updating U: 0.0127379
200 iterations
f(b) = 0.017559
Frob norm 2 after updating B : 0.0128238
Iteration number -------- 99  -----------
lambda : 1.63032
max_diff => 4.999e-08
performed mixing
Frob norm 1 after updating U: 0.0128093
200 iterations
f(b) = 0.0190351
Frob norm 2 after updating B : 0.0127371
Iteration number -------- 100  -----------
lambda : 1.63848
max_diff => 4.999e-08
