Academic license - for non-commercial use only
Frob norm 1 after updating U: 11.9666
200 iterations
f(b) = 63.194
Frob norm 2 after updating B : 7.59059
Iteration number -------- 1  -----------
lambda : 1
max_diff => 0.108485
performed mixing
Frob norm 1 after updating U: 6.36212
200 iterations
f(b) = 55.9361
Frob norm 2 after updating B : 7.12871
Iteration number -------- 2  -----------
lambda : 1.005
max_diff => 0.0922431
performed mixing
Frob norm 1 after updating U: 6.10816
200 iterations
f(b) = 46.6521
Frob norm 2 after updating B : 6.42249
Iteration number -------- 3  -----------
lambda : 1.01002
max_diff => 0.120833
performed mixing
Frob norm 1 after updating U: 4.58198
200 iterations
f(b) = 38.8025
Frob norm 2 after updating B : 5.77367
Iteration number -------- 4  -----------
lambda : 1.01508
max_diff => 0.166448
performed mixing
Frob norm 1 after updating U: 4.18912
200 iterations
f(b) = 32.7282
Frob norm 2 after updating B : 5.24058
Iteration number -------- 5  -----------
lambda : 1.02015
max_diff => 0.243846
performed mixing
Frob norm 1 after updating U: 3.88358
200 iterations
f(b) = 28.1297
Frob norm 2 after updating B : 4.82904
Iteration number -------- 6  -----------
lambda : 1.02525
max_diff => 0.220806
performed mixing
Frob norm 1 after updating U: 3.65715
200 iterations
f(b) = 24.4919
Frob norm 2 after updating B : 4.49137
Iteration number -------- 7  -----------
lambda : 1.03038
max_diff => 0.172766
performed mixing
Frob norm 1 after updating U: 3.45994
200 iterations
f(b) = 20.4947
Frob norm 2 after updating B : 4.10022
Iteration number -------- 8  -----------
lambda : 1.03553
max_diff => 0.127614
performed mixing
Frob norm 1 after updating U: 2.74126
200 iterations
f(b) = 16.5067
Frob norm 2 after updating B : 3.69599
Iteration number -------- 9  -----------
lambda : 1.04071
max_diff => 0.0858221
performed mixing
Frob norm 1 after updating U: 2.48871
200 iterations
f(b) = 13.8901
Frob norm 2 after updating B : 3.38952
Iteration number -------- 10  -----------
lambda : 1.04591
max_diff => 0.0612584
performed mixing
Frob norm 1 after updating U: 2.36633
200 iterations
f(b) = 11.86
Frob norm 2 after updating B : 3.12928
Iteration number -------- 11  -----------
lambda : 1.05114
max_diff => 0.0425023
performed mixing
Frob norm 1 after updating U: 2.29346
200 iterations
f(b) = 10.2981
Frob norm 2 after updating B : 2.92509
Iteration number -------- 12  -----------
lambda : 1.0564
max_diff => 0.0395999
performed mixing
Frob norm 1 after updating U: 2.23317
200 iterations
f(b) = 9.06865
Frob norm 2 after updating B : 2.73868
Iteration number -------- 13  -----------
lambda : 1.06168
max_diff => 0.0371961
performed mixing
Frob norm 1 after updating U: 2.20705
200 iterations
f(b) = 8.13003
Frob norm 2 after updating B : 2.60889
Iteration number -------- 14  -----------
lambda : 1.06699
max_diff => 0.0343626
performed mixing
Frob norm 1 after updating U: 2.18005
200 iterations
f(b) = 7.39286
Frob norm 2 after updating B : 2.50375
Iteration number -------- 15  -----------
lambda : 1.07232
max_diff => 0.0327083
performed mixing
Frob norm 1 after updating U: 2.15983
200 iterations
f(b) = 6.80578
Frob norm 2 after updating B : 2.42152
Iteration number -------- 16  -----------
lambda : 1.07768
max_diff => 0.0308562
performed mixing
Frob norm 1 after updating U: 2.13598
200 iterations
f(b) = 6.30412
Frob norm 2 after updating B : 2.34072
Iteration number -------- 17  -----------
lambda : 1.08307
max_diff => 0.0306028
performed mixing
Frob norm 1 after updating U: 2.10886
200 iterations
f(b) = 5.20209
Frob norm 2 after updating B : 2.03149
Iteration number -------- 18  -----------
lambda : 1.08849
max_diff => 0.0330257
performed mixing
Frob norm 1 after updating U: 1.19584
200 iterations
f(b) = 4.03447
Frob norm 2 after updating B : 1.88899
Iteration number -------- 19  -----------
lambda : 1.09393
max_diff => 0.0259118
performed mixing
Frob norm 1 after updating U: 1.19029
200 iterations
f(b) = 3.22474
Frob norm 2 after updating B : 1.71358
Iteration number -------- 20  -----------
lambda : 1.0994
max_diff => 0.0171002
performed mixing
Frob norm 1 after updating U: 1.17096
200 iterations
f(b) = 2.69407
Frob norm 2 after updating B : 1.54551
Iteration number -------- 21  -----------
lambda : 1.1049
max_diff => 0.0162625
performed mixing
Frob norm 1 after updating U: 1.15966
200 iterations
f(b) = 2.23668
Frob norm 2 after updating B : 1.40314
Iteration number -------- 22  -----------
lambda : 1.11042
max_diff => 0.0211441
performed mixing
Frob norm 1 after updating U: 1.04433
200 iterations
f(b) = 1.29672
Frob norm 2 after updating B : 1.11862
Iteration number -------- 23  -----------
lambda : 1.11597
max_diff => 0.000194158
performed mixing
Frob norm 1 after updating U: 0.0312405
200 iterations
f(b) = 0.868558
Frob norm 2 after updating B : 0.897125
Iteration number -------- 24  -----------
lambda : 1.12155
max_diff => 0.000187297
performed mixing
Frob norm 1 after updating U: 0.0306687
200 iterations
f(b) = 0.581812
Frob norm 2 after updating B : 0.719971
Iteration number -------- 25  -----------
lambda : 1.12716
max_diff => 0.000170219
performed mixing
Frob norm 1 after updating U: 0.0295571
200 iterations
f(b) = 0.397893
Frob norm 2 after updating B : 0.578238
Iteration number -------- 26  -----------
lambda : 1.1328
max_diff => 0.000149133
performed mixing
Frob norm 1 after updating U: 0.0279346
200 iterations
f(b) = 0.279575
Frob norm 2 after updating B : 0.464898
Iteration number -------- 27  -----------
lambda : 1.13846
max_diff => 0.000125031
performed mixing
Frob norm 1 after updating U: 0.0261397
200 iterations
f(b) = 0.199923
Frob norm 2 after updating B : 0.374511
Iteration number -------- 28  -----------
lambda : 1.14415
max_diff => 9.40431e-05
performed mixing
Frob norm 1 after updating U: 0.0235706
200 iterations
f(b) = 0.143228
Frob norm 2 after updating B : 0.303008
Iteration number -------- 29  -----------
lambda : 1.14987
max_diff => 4.4036e-05
performed mixing
Frob norm 1 after updating U: 0.0186496
200 iterations
f(b) = 0.10652
Frob norm 2 after updating B : 0.247843
Iteration number -------- 30  -----------
lambda : 1.15562
max_diff => 4.999e-08
performed mixing
Frob norm 1 after updating U: 0.0128128
200 iterations
f(b) = 0.0869502
Frob norm 2 after updating B : 0.198347
Iteration number -------- 31  -----------
lambda : 1.1614
max_diff => 4.999e-08
performed mixing
Frob norm 1 after updating U: 0.0128741
200 iterations
f(b) = 0.073251
Frob norm 2 after updating B : 0.159103
Iteration number -------- 32  -----------
lambda : 1.16721
max_diff => 4.999e-08
performed mixing
Frob norm 1 after updating U: 0.0129134
200 iterations
f(b) = 0.0653891
Frob norm 2 after updating B : 0.127424
Iteration number -------- 33  -----------
lambda : 1.17304
max_diff => 4.999e-08
performed mixing
Frob norm 1 after updating U: 0.0129219
200 iterations
f(b) = 0.0598669
Frob norm 2 after updating B : 0.102063
Iteration number -------- 34  -----------
lambda : 1.17891
max_diff => 4.999e-08
performed mixing
Frob norm 1 after updating U: 0.0128468
200 iterations
f(b) = 0.0521914
Frob norm 2 after updating B : 0.0822012
Iteration number -------- 35  -----------
lambda : 1.1848
max_diff => 4.999e-08
performed mixing
Frob norm 1 after updating U: 0.0128492
200 iterations
f(b) = 0.0521845
Frob norm 2 after updating B : 0.0660433
Iteration number -------- 36  -----------
lambda : 1.19073
max_diff => 4.999e-08
performed mixing
Frob norm 1 after updating U: 0.0127782
200 iterations
f(b) = 0.0243137
Frob norm 2 after updating B : 0.0535029
Iteration number -------- 37  -----------
lambda : 1.19668
max_diff => 4.999e-08
performed mixing
Frob norm 1 after updating U: 0.0128343
200 iterations
f(b) = 0.0465235
Frob norm 2 after updating B : 0.0435335
Iteration number -------- 38  -----------
lambda : 1.20266
max_diff => 4.999e-08
performed mixing
Frob norm 1 after updating U: 0.012821
200 iterations
f(b) = 0.0167171
Frob norm 2 after updating B : 0.0358224
Iteration number -------- 39  -----------
lambda : 1.20868
max_diff => 4.999e-08
performed mixing
Frob norm 1 after updating U: 0.0127601
200 iterations
f(b) = 0.0166353
Frob norm 2 after updating B : 0.0296056
Iteration number -------- 40  -----------
lambda : 1.21472
max_diff => 4.999e-08
performed mixing
Frob norm 1 after updating U: 0.0128266
200 iterations
f(b) = 0.0371074
Frob norm 2 after updating B : 0.024816
Iteration number -------- 41  -----------
lambda : 1.22079
max_diff => 4.999e-08
performed mixing
Frob norm 1 after updating U: 0.0127179
200 iterations
f(b) = 0.0157314
Frob norm 2 after updating B : 0.0214895
Iteration number -------- 42  -----------
lambda : 1.2269
max_diff => 4.999e-08
performed mixing
Frob norm 1 after updating U: 0.0129152
200 iterations
f(b) = 0.0155588
Frob norm 2 after updating B : 0.0188132
Iteration number -------- 43  -----------
lambda : 1.23303
max_diff => 4.999e-08
performed mixing
Frob norm 1 after updating U: 0.0127791
200 iterations
f(b) = 0.0178712
Frob norm 2 after updating B : 0.0168466
Iteration number -------- 44  -----------
lambda : 1.2392
max_diff => 4.999e-08
performed mixing
Frob norm 1 after updating U: 0.0128408
200 iterations
f(b) = 0.0185651
Frob norm 2 after updating B : 0.0154768
Iteration number -------- 45  -----------
lambda : 1.24539
max_diff => 4.999e-08
performed mixing
Frob norm 1 after updating U: 0.0127633
200 iterations
f(b) = 0.0137935
Frob norm 2 after updating B : 0.0145316
Iteration number -------- 46  -----------
lambda : 1.25162
max_diff => 4.999e-08
performed mixing
Frob norm 1 after updating U: 0.0127582
200 iterations
f(b) = 0.0144289
Frob norm 2 after updating B : 0.014024
Iteration number -------- 47  -----------
lambda : 1.25788
max_diff => 4.999e-08
performed mixing
Frob norm 1 after updating U: 0.0128529
200 iterations
f(b) = 0.0135343
Frob norm 2 after updating B : 0.0136626
Iteration number -------- 48  -----------
lambda : 1.26417
max_diff => 4.999e-08
performed mixing
Frob norm 1 after updating U: 0.0129007
200 iterations
f(b) = 0.0144534
Frob norm 2 after updating B : 0.0132245
Iteration number -------- 49  -----------
lambda : 1.27049
max_diff => 4.999e-08
performed mixing
Frob norm 1 after updating U: 0.0126836
200 iterations
f(b) = 0.0141043
Frob norm 2 after updating B : 0.0130331
Iteration number -------- 50  -----------
lambda : 1.27684
max_diff => 4.999e-08
performed mixing
Frob norm 1 after updating U: 0.0126817
200 iterations
f(b) = 0.011665
Frob norm 2 after updating B : 0.0129297
Iteration number -------- 51  -----------
lambda : 1.28323
max_diff => 4.999e-08
performed mixing
Frob norm 1 after updating U: 0.0127262
200 iterations
f(b) = 0.0104124
Frob norm 2 after updating B : 0.0128484
Iteration number -------- 52  -----------
lambda : 1.28964
max_diff => 4.999e-08
performed mixing
Frob norm 1 after updating U: 0.012679
200 iterations
f(b) = 0.0168805
Frob norm 2 after updating B : 0.0127536
Iteration number -------- 53  -----------
lambda : 1.29609
max_diff => 4.999e-08
performed mixing
Frob norm 1 after updating U: 0.0126537
200 iterations
f(b) = 0.0137429
Frob norm 2 after updating B : 0.0127767
Iteration number -------- 54  -----------
lambda : 1.30257
max_diff => 4.999e-08
performed mixing
Frob norm 1 after updating U: 0.0127008
200 iterations
f(b) = 0.0137196
Frob norm 2 after updating B : 0.012771
Iteration number -------- 55  -----------
lambda : 1.30908
max_diff => 4.999e-08
performed mixing
Frob norm 1 after updating U: 0.0127334
200 iterations
f(b) = 0.0134964
Frob norm 2 after updating B : 0.0127051
Iteration number -------- 56  -----------
lambda : 1.31563
max_diff => 4.999e-08
performed mixing
Frob norm 1 after updating U: 0.0126794
200 iterations
f(b) = 0.0126488
Frob norm 2 after updating B : 0.0127604
Iteration number -------- 57  -----------
lambda : 1.32221
max_diff => 4.999e-08
performed mixing
Frob norm 1 after updating U: 0.0127439
200 iterations
f(b) = 0.0134771
Frob norm 2 after updating B : 0.012692
Iteration number -------- 58  -----------
lambda : 1.32882
max_diff => 4.999e-08
performed mixing
Frob norm 1 after updating U: 0.0126833
200 iterations
f(b) = 0.0237285
Frob norm 2 after updating B : 0.01269
Iteration number -------- 59  -----------
lambda : 1.33546
max_diff => 4.999e-08
performed mixing
Frob norm 1 after updating U: 0.0126804
200 iterations
f(b) = 0.0153668
Frob norm 2 after updating B : 0.0127491
Iteration number -------- 60  -----------
lambda : 1.34214
max_diff => 4.999e-08
performed mixing
Frob norm 1 after updating U: 0.0127384
200 iterations
f(b) = 0.0178099
Frob norm 2 after updating B : 0.012705
Iteration number -------- 61  -----------
lambda : 1.34885
max_diff => 4.999e-08
performed mixing
Frob norm 1 after updating U: 0.0127068
200 iterations
f(b) = 0.0133597
Frob norm 2 after updating B : 0.0126824
Iteration number -------- 62  -----------
lambda : 1.35559
max_diff => 4.999e-08
performed mixing
Frob norm 1 after updating U: 0.0126724
200 iterations
f(b) = 0.0152313
Frob norm 2 after updating B : 0.0127366
Iteration number -------- 63  -----------
lambda : 1.36237
max_diff => 4.999e-08
performed mixing
Frob norm 1 after updating U: 0.012733
200 iterations
f(b) = 0.0240064
Frob norm 2 after updating B : 0.0126212
Iteration number -------- 64  -----------
lambda : 1.36918
max_diff => 4.999e-08
performed mixing
Frob norm 1 after updating U: 0.0126223
200 iterations
f(b) = 0.0153355
Frob norm 2 after updating B : 0.0127614
Iteration number -------- 65  -----------
lambda : 1.37603
max_diff => 4.999e-08
performed mixing
Frob norm 1 after updating U: 0.0127546
200 iterations
f(b) = 0.0160805
Frob norm 2 after updating B : 0.0126999
Iteration number -------- 66  -----------
lambda : 1.38291
max_diff => 4.999e-08
performed mixing
Frob norm 1 after updating U: 0.0126917
200 iterations
f(b) = 0.0157451
Frob norm 2 after updating B : 0.0127861
Iteration number -------- 67  -----------
lambda : 1.38982
max_diff => 4.999e-08
performed mixing
Frob norm 1 after updating U: 0.0127816
200 iterations
f(b) = 0.0166718
Frob norm 2 after updating B : 0.0126636
Iteration number -------- 68  -----------
lambda : 1.39677
max_diff => 4.999e-08
performed mixing
Frob norm 1 after updating U: 0.0126622
200 iterations
f(b) = 0.0155403
Frob norm 2 after updating B : 0.0126799
Iteration number -------- 69  -----------
lambda : 1.40376
max_diff => 4.999e-08
performed mixing
Frob norm 1 after updating U: 0.0126845
200 iterations
f(b) = 0.0144811
Frob norm 2 after updating B : 0.0127505
Iteration number -------- 70  -----------
lambda : 1.41078
max_diff => 4.999e-08
performed mixing
Frob norm 1 after updating U: 0.0127431
200 iterations
f(b) = 0.016874
Frob norm 2 after updating B : 0.0126995
Iteration number -------- 71  -----------
lambda : 1.41783
max_diff => 4.999e-08
performed mixing
Frob norm 1 after updating U: 0.0126982
200 iterations
f(b) = 0.0159931
Frob norm 2 after updating B : 0.0127252
Iteration number -------- 72  -----------
lambda : 1.42492
max_diff => 4.999e-08
performed mixing
Frob norm 1 after updating U: 0.0127245
200 iterations
f(b) = 0.0155964
Frob norm 2 after updating B : 0.0127724
Iteration number -------- 73  -----------
lambda : 1.43204
max_diff => 4.999e-08
performed mixing
Frob norm 1 after updating U: 0.0127684
200 iterations
f(b) = 0.0172328
Frob norm 2 after updating B : 0.0126606
Iteration number -------- 74  -----------
lambda : 1.4392
max_diff => 4.999e-08
performed mixing
Frob norm 1 after updating U: 0.0126669
200 iterations
f(b) = 0.0152684
Frob norm 2 after updating B : 0.0127426
Iteration number -------- 75  -----------
lambda : 1.4464
max_diff => 4.999e-08
performed mixing
Frob norm 1 after updating U: 0.012731
200 iterations
f(b) = 0.0170955
Frob norm 2 after updating B : 0.0126937
Iteration number -------- 76  -----------
lambda : 1.45363
max_diff => 4.999e-08
performed mixing
Frob norm 1 after updating U: 0.0126971
200 iterations
f(b) = 0.0173189
Frob norm 2 after updating B : 0.0127739
Iteration number -------- 77  -----------
lambda : 1.4609
max_diff => 4.999e-08
performed mixing
Frob norm 1 after updating U: 0.0127697
200 iterations
f(b) = 0.0153664
Frob norm 2 after updating B : 0.0126606
Iteration number -------- 78  -----------
lambda : 1.46821
max_diff => 4.999e-08
performed mixing
Frob norm 1 after updating U: 0.01266
200 iterations
f(b) = 0.0199215
Frob norm 2 after updating B : 0.0126635
Iteration number -------- 79  -----------
lambda : 1.47555
max_diff => 4.999e-08
performed mixing
Frob norm 1 after updating U: 0.012659
200 iterations
f(b) = 0.0167332
Frob norm 2 after updating B : 0.0127119
Iteration number -------- 80  -----------
lambda : 1.48292
max_diff => 4.999e-08
performed mixing
Frob norm 1 after updating U: 0.0127057
200 iterations
f(b) = 0.0163004
Frob norm 2 after updating B : 0.0127921
Iteration number -------- 81  -----------
lambda : 1.49034
max_diff => 4.999e-08
performed mixing
Frob norm 1 after updating U: 0.0127855
200 iterations
f(b) = 0.0163363
Frob norm 2 after updating B : 0.0127368
Iteration number -------- 82  -----------
lambda : 1.49779
max_diff => 4.999e-08
performed mixing
Frob norm 1 after updating U: 0.0127424
200 iterations
f(b) = 0.016883
Frob norm 2 after updating B : 0.0127346
Iteration number -------- 83  -----------
lambda : 1.50528
max_diff => 4.999e-08
performed mixing
Frob norm 1 after updating U: 0.0127236
200 iterations
f(b) = 0.0168072
Frob norm 2 after updating B : 0.0128037
Iteration number -------- 84  -----------
lambda : 1.51281
max_diff => 4.999e-08
performed mixing
Frob norm 1 after updating U: 0.0127927
200 iterations
f(b) = 0.015982
Frob norm 2 after updating B : 0.012694
Iteration number -------- 85  -----------
lambda : 1.52037
max_diff => 4.999e-08
performed mixing
Frob norm 1 after updating U: 0.012696
200 iterations
f(b) = 0.0187642
Frob norm 2 after updating B : 0.0126976
Iteration number -------- 86  -----------
lambda : 1.52797
max_diff => 4.999e-08
performed mixing
Frob norm 1 after updating U: 0.0127036
200 iterations
f(b) = 0.0177041
Frob norm 2 after updating B : 0.0126871
Iteration number -------- 87  -----------
lambda : 1.53561
max_diff => 4.999e-08
performed mixing
Frob norm 1 after updating U: 0.0126825
200 iterations
f(b) = 0.0172685
Frob norm 2 after updating B : 0.0127877
Iteration number -------- 88  -----------
lambda : 1.54329
max_diff => 4.999e-08
performed mixing
Frob norm 1 after updating U: 0.012777
200 iterations
f(b) = 0.017736
Frob norm 2 after updating B : 0.0127433
Iteration number -------- 89  -----------
lambda : 1.55101
max_diff => 4.999e-08
performed mixing
Frob norm 1 after updating U: 0.012749
200 iterations
f(b) = 0.0171731
Frob norm 2 after updating B : 0.0127441
Iteration number -------- 90  -----------
lambda : 1.55876
max_diff => 4.999e-08
performed mixing
Frob norm 1 after updating U: 0.0127381
200 iterations
f(b) = 0.017089
Frob norm 2 after updating B : 0.0127101
Iteration number -------- 91  -----------
lambda : 1.56655
max_diff => 4.999e-08
performed mixing
Frob norm 1 after updating U: 0.0127088
200 iterations
f(b) = 0.0194287
Frob norm 2 after updating B : 0.0127404
Iteration number -------- 92  -----------
lambda : 1.57439
max_diff => 4.999e-08
performed mixing
Frob norm 1 after updating U: 0.0127358
200 iterations
f(b) = 0.0191717
Frob norm 2 after updating B : 0.0127576
Iteration number -------- 93  -----------
lambda : 1.58226
max_diff => 4.999e-08
performed mixing
Frob norm 1 after updating U: 0.01275
200 iterations
f(b) = 0.0162019
Frob norm 2 after updating B : 0.0126221
Iteration number -------- 94  -----------
lambda : 1.59017
max_diff => 4.999e-08
performed mixing
Frob norm 1 after updating U: 0.0126304
200 iterations
f(b) = 0.017467
Frob norm 2 after updating B : 0.0127642
Iteration number -------- 95  -----------
lambda : 1.59812
max_diff => 4.999e-08
performed mixing
Frob norm 1 after updating U: 0.0127579
200 iterations
f(b) = 0.0164661
Frob norm 2 after updating B : 0.0126557
Iteration number -------- 96  -----------
lambda : 1.60611
max_diff => 4.999e-08
performed mixing
Frob norm 1 after updating U: 0.0126516
200 iterations
f(b) = 0.0188884
Frob norm 2 after updating B : 0.0126683
Iteration number -------- 97  -----------
lambda : 1.61414
max_diff => 4.999e-08
performed mixing
Frob norm 1 after updating U: 0.0126646
200 iterations
f(b) = 0.018118
Frob norm 2 after updating B : 0.0126645
Iteration number -------- 98  -----------
lambda : 1.62221
max_diff => 4.999e-08
performed mixing
Frob norm 1 after updating U: 0.0126714
200 iterations
f(b) = 0.0195967
Frob norm 2 after updating B : 0.012774
Iteration number -------- 99  -----------
lambda : 1.63032
max_diff => 4.999e-08
performed mixing
Frob norm 1 after updating U: 0.0127556
200 iterations
f(b) = 0.0192924
Frob norm 2 after updating B : 0.0127741
Iteration number -------- 100  -----------
lambda : 1.63848
max_diff => 4.999e-08
