Academic license - for non-commercial use only
Frob norm 1 after updating U: 10.3219
200 iterations
f(b) = 57.9159
Frob norm 2 after updating B : 6.61116
Iteration number -------- 1  -----------
lambda : 1
max_diff => 0.179213
performed mixing
Frob norm 1 after updating U: 5.2045
200 iterations
f(b) = 50.9628
Frob norm 2 after updating B : 6.15213
Iteration number -------- 2  -----------
lambda : 1.005
max_diff => 0.166052
performed mixing
Frob norm 1 after updating U: 4.54269
200 iterations
f(b) = 43.9696
Frob norm 2 after updating B : 5.71494
Iteration number -------- 3  -----------
lambda : 1.01002
max_diff => 0.175519
performed mixing
Frob norm 1 after updating U: 3.96019
200 iterations
f(b) = 37.1761
Frob norm 2 after updating B : 5.30119
Iteration number -------- 4  -----------
lambda : 1.01508
max_diff => 0.18308
performed mixing
Frob norm 1 after updating U: 3.5307
200 iterations
f(b) = 31.0842
Frob norm 2 after updating B : 4.83636
Iteration number -------- 5  -----------
lambda : 1.02015
max_diff => 0.181135
performed mixing
Frob norm 1 after updating U: 3.23854
200 iterations
f(b) = 25.8632
Frob norm 2 after updating B : 4.44124
Iteration number -------- 6  -----------
lambda : 1.02525
max_diff => 0.152534
performed mixing
Frob norm 1 after updating U: 2.94122
200 iterations
f(b) = 21.2316
Frob norm 2 after updating B : 4.07438
Iteration number -------- 7  -----------
lambda : 1.03038
max_diff => 0.107798
performed mixing
Frob norm 1 after updating U: 2.7811
200 iterations
f(b) = 17.7522
Frob norm 2 after updating B : 3.7044
Iteration number -------- 8  -----------
lambda : 1.03553
max_diff => 0.087917
performed mixing
Frob norm 1 after updating U: 2.72389
200 iterations
f(b) = 15.074
Frob norm 2 after updating B : 3.43935
Iteration number -------- 9  -----------
lambda : 1.04071
max_diff => 0.0695511
performed mixing
Frob norm 1 after updating U: 2.64915
200 iterations
f(b) = 13.3852
Frob norm 2 after updating B : 3.18042
Iteration number -------- 10  -----------
lambda : 1.04591
max_diff => 0.0693223
performed mixing
Frob norm 1 after updating U: 2.64779
200 iterations
f(b) = 11.6787
Frob norm 2 after updating B : 3.08048
Iteration number -------- 11  -----------
lambda : 1.05114
max_diff => 0.0620028
performed mixing
Frob norm 1 after updating U: 2.59427
200 iterations
f(b) = 10.4026
Frob norm 2 after updating B : 2.97188
Iteration number -------- 12  -----------
lambda : 1.0564
max_diff => 0.0606514
performed mixing
Frob norm 1 after updating U: 2.5824
200 iterations
f(b) = 9.58207
Frob norm 2 after updating B : 2.85469
Iteration number -------- 13  -----------
lambda : 1.06168
max_diff => 0.0598738
performed mixing
Frob norm 1 after updating U: 2.58021
200 iterations
f(b) = 8.93473
Frob norm 2 after updating B : 2.77204
Iteration number -------- 14  -----------
lambda : 1.06699
max_diff => 0.0586459
performed mixing
Frob norm 1 after updating U: 2.57692
200 iterations
f(b) = 8.60187
Frob norm 2 after updating B : 2.7042
Iteration number -------- 15  -----------
lambda : 1.07232
max_diff => 0.0585728
performed mixing
Frob norm 1 after updating U: 2.57697
200 iterations
f(b) = 8.36484
Frob norm 2 after updating B : 2.66001
Iteration number -------- 16  -----------
lambda : 1.07768
max_diff => 0.0584432
performed mixing
Frob norm 1 after updating U: 2.57703
200 iterations
f(b) = 8.20225
Frob norm 2 after updating B : 2.63118
Iteration number -------- 17  -----------
lambda : 1.08307
max_diff => 0.0583074
performed mixing
Frob norm 1 after updating U: 2.57706
200 iterations
f(b) = 8.09885
Frob norm 2 after updating B : 2.61248
Iteration number -------- 18  -----------
lambda : 1.08849
max_diff => 0.0580561
performed mixing
Frob norm 1 after updating U: 2.57669
200 iterations
f(b) = 7.93282
Frob norm 2 after updating B : 2.60358
Iteration number -------- 19  -----------
lambda : 1.09393
max_diff => 0.0565582
performed mixing
Frob norm 1 after updating U: 2.57628
200 iterations
f(b) = 7.90364
Frob norm 2 after updating B : 2.59403
Iteration number -------- 20  -----------
lambda : 1.0994
max_diff => 0.05646
performed mixing
Frob norm 1 after updating U: 2.5763
200 iterations
f(b) = 7.87584
Frob norm 2 after updating B : 2.58783
Iteration number -------- 21  -----------
lambda : 1.1049
max_diff => 0.0562918
performed mixing
Frob norm 1 after updating U: 2.57619
200 iterations
f(b) = 7.85354
Frob norm 2 after updating B : 2.58399
Iteration number -------- 22  -----------
lambda : 1.11042
max_diff => 0.0560514
performed mixing
Frob norm 1 after updating U: 2.5763
200 iterations
f(b) = 7.83823
Frob norm 2 after updating B : 2.58146
Iteration number -------- 23  -----------
lambda : 1.11597
max_diff => 0.0558782
performed mixing
Frob norm 1 after updating U: 2.57634
200 iterations
f(b) = 7.6137
Frob norm 2 after updating B : 2.60239
Iteration number -------- 24  -----------
lambda : 1.12155
max_diff => 0.0455096
performed mixing
Frob norm 1 after updating U: 2.57978
200 iterations
f(b) = 7.56526
Frob norm 2 after updating B : 2.59513
Iteration number -------- 25  -----------
lambda : 1.12716
max_diff => 0.0453385
performed mixing
Frob norm 1 after updating U: 2.58052
200 iterations
f(b) = 7.45235
Frob norm 2 after updating B : 2.59635
Iteration number -------- 26  -----------
lambda : 1.1328
max_diff => 0.0412679
performed mixing
Frob norm 1 after updating U: 2.58245
200 iterations
f(b) = 7.21052
Frob norm 2 after updating B : 2.62198
Iteration number -------- 27  -----------
lambda : 1.13846
max_diff => 0.0238009
performed mixing
Frob norm 1 after updating U: 2.58329
200 iterations
f(b) = 7.1246
Frob norm 2 after updating B : 2.6162
Iteration number -------- 28  -----------
lambda : 1.14415
max_diff => 0.0184468
performed mixing
Frob norm 1 after updating U: 2.58403
200 iterations
f(b) = 7.04632
Frob norm 2 after updating B : 2.6076
Iteration number -------- 29  -----------
lambda : 1.14987
max_diff => 0.0154258
performed mixing
Frob norm 1 after updating U: 2.58384
200 iterations
f(b) = 7.00324
Frob norm 2 after updating B : 2.59895
Iteration number -------- 30  -----------
lambda : 1.15562
max_diff => 0.015056
performed mixing
Frob norm 1 after updating U: 2.58351
200 iterations
f(b) = 6.95402
Frob norm 2 after updating B : 2.59278
Iteration number -------- 31  -----------
lambda : 1.1614
max_diff => 0.0143245
performed mixing
Frob norm 1 after updating U: 2.58255
200 iterations
f(b) = 6.79423
Frob norm 2 after updating B : 2.56205
Iteration number -------- 32  -----------
lambda : 1.16721
max_diff => 0.00543998
performed mixing
Frob norm 1 after updating U: 2.5386
200 iterations
f(b) = 6.77393
Frob norm 2 after updating B : 2.55267
Iteration number -------- 33  -----------
lambda : 1.17304
max_diff => 0.00567035
performed mixing
Frob norm 1 after updating U: 2.53729
200 iterations
f(b) = 6.74517
Frob norm 2 after updating B : 2.54534
Iteration number -------- 34  -----------
lambda : 1.17891
max_diff => 0.00606522
performed mixing
Frob norm 1 after updating U: 2.535
200 iterations
f(b) = 5.28381
Frob norm 2 after updating B : 2.18645
Iteration number -------- 35  -----------
lambda : 1.1848
max_diff => 0.0605542
performed mixing
Frob norm 1 after updating U: 1.79755
200 iterations
f(b) = 4.48276
Frob norm 2 after updating B : 2.03101
Iteration number -------- 36  -----------
lambda : 1.19073
max_diff => 0.0603976
performed mixing
Frob norm 1 after updating U: 1.71562
200 iterations
f(b) = 3.68527
Frob norm 2 after updating B : 1.87925
Iteration number -------- 37  -----------
lambda : 1.19668
max_diff => 0.00230432
performed mixing
Frob norm 1 after updating U: 1.57909
200 iterations
f(b) = 3.3469
Frob norm 2 after updating B : 1.77778
Iteration number -------- 38  -----------
lambda : 1.20266
max_diff => 0.00239668
performed mixing
Frob norm 1 after updating U: 1.57971
200 iterations
f(b) = 3.10983
Frob norm 2 after updating B : 1.70986
Iteration number -------- 39  -----------
lambda : 1.20868
max_diff => 0.00244238
performed mixing
Frob norm 1 after updating U: 1.5803
200 iterations
f(b) = 2.95067
Frob norm 2 after updating B : 1.66559
Iteration number -------- 40  -----------
lambda : 1.21472
max_diff => 0.00255343
performed mixing
Frob norm 1 after updating U: 1.58141
200 iterations
f(b) = 2.85749
Frob norm 2 after updating B : 1.63669
Iteration number -------- 41  -----------
lambda : 1.22079
max_diff => 0.00261002
performed mixing
Frob norm 1 after updating U: 1.58222
200 iterations
f(b) = 2.79163
Frob norm 2 after updating B : 1.61758
Iteration number -------- 42  -----------
lambda : 1.2269
max_diff => 0.00264603
performed mixing
Frob norm 1 after updating U: 1.58241
200 iterations
f(b) = 2.75419
Frob norm 2 after updating B : 1.60622
Iteration number -------- 43  -----------
lambda : 1.23303
max_diff => 0.0027684
performed mixing
Frob norm 1 after updating U: 1.58356
200 iterations
f(b) = 2.73558
Frob norm 2 after updating B : 1.59828
Iteration number -------- 44  -----------
lambda : 1.2392
max_diff => 0.00279835
performed mixing
Frob norm 1 after updating U: 1.58369
200 iterations
f(b) = 2.71395
Frob norm 2 after updating B : 1.5932
Iteration number -------- 45  -----------
lambda : 1.24539
max_diff => 0.0028346
performed mixing
Frob norm 1 after updating U: 1.58379
200 iterations
f(b) = 2.70344
Frob norm 2 after updating B : 1.59168
Iteration number -------- 46  -----------
lambda : 1.25162
max_diff => 0.00263358
performed mixing
Frob norm 1 after updating U: 1.58561
200 iterations
f(b) = 2.6947
Frob norm 2 after updating B : 1.58949
Iteration number -------- 47  -----------
lambda : 1.25788
max_diff => 0.00266321
performed mixing
Frob norm 1 after updating U: 1.58557
200 iterations
f(b) = 2.68921
Frob norm 2 after updating B : 1.5869
Iteration number -------- 48  -----------
lambda : 1.26417
max_diff => 0.0027592
performed mixing
Frob norm 1 after updating U: 1.58437
200 iterations
f(b) = 2.6897
Frob norm 2 after updating B : 1.58634
Iteration number -------- 49  -----------
lambda : 1.27049
max_diff => 0.0029014
performed mixing
Frob norm 1 after updating U: 1.5847
200 iterations
f(b) = 2.69155
Frob norm 2 after updating B : 1.58556
Iteration number -------- 50  -----------
lambda : 1.27684
max_diff => 0.00291608
performed mixing
Frob norm 1 after updating U: 1.5845
200 iterations
f(b) = 2.68642
Frob norm 2 after updating B : 1.58259
Iteration number -------- 51  -----------
lambda : 1.28323
max_diff => 0.0033672
performed mixing
Frob norm 1 after updating U: 1.58189
200 iterations
f(b) = 2.69157
Frob norm 2 after updating B : 1.58307
Iteration number -------- 52  -----------
lambda : 1.28964
max_diff => 0.00340155
performed mixing
Frob norm 1 after updating U: 1.58261
200 iterations
f(b) = 2.69689
Frob norm 2 after updating B : 1.58286
Iteration number -------- 53  -----------
lambda : 1.29609
max_diff => 0.00342894
performed mixing
Frob norm 1 after updating U: 1.58256
200 iterations
f(b) = 2.69756
Frob norm 2 after updating B : 1.58266
Iteration number -------- 54  -----------
lambda : 1.30257
max_diff => 0.00344188
performed mixing
Frob norm 1 after updating U: 1.58246
200 iterations
f(b) = 2.6836
Frob norm 2 after updating B : 1.58315
Iteration number -------- 55  -----------
lambda : 1.30908
max_diff => 0.0033059
performed mixing
Frob norm 1 after updating U: 1.58301
200 iterations
f(b) = 2.69494
Frob norm 2 after updating B : 1.58304
Iteration number -------- 56  -----------
lambda : 1.31563
max_diff => 0.00331638
performed mixing
Frob norm 1 after updating U: 1.58295
200 iterations
f(b) = 2.70061
Frob norm 2 after updating B : 1.58293
Iteration number -------- 57  -----------
lambda : 1.32221
max_diff => 0.00332392
performed mixing
Frob norm 1 after updating U: 1.58287
200 iterations
f(b) = 2.69773
Frob norm 2 after updating B : 1.58297
Iteration number -------- 58  -----------
lambda : 1.32882
max_diff => 0.00333804
performed mixing
Frob norm 1 after updating U: 1.58293
200 iterations
f(b) = 2.69997
Frob norm 2 after updating B : 1.5829
Iteration number -------- 59  -----------
lambda : 1.33546
max_diff => 0.00334608
performed mixing
Frob norm 1 after updating U: 1.58287
200 iterations
f(b) = 2.70455
Frob norm 2 after updating B : 1.58285
Iteration number -------- 60  -----------
lambda : 1.34214
max_diff => 0.00335583
performed mixing
Frob norm 1 after updating U: 1.58283
200 iterations
f(b) = 2.70542
Frob norm 2 after updating B : 1.58284
Iteration number -------- 61  -----------
lambda : 1.34885
max_diff => 0.00335258
performed mixing
Frob norm 1 after updating U: 1.58283
200 iterations
f(b) = 2.69553
Frob norm 2 after updating B : 1.58201
Iteration number -------- 62  -----------
lambda : 1.35559
max_diff => 0.00347425
performed mixing
Frob norm 1 after updating U: 1.582
200 iterations
f(b) = 2.70448
Frob norm 2 after updating B : 1.58238
Iteration number -------- 63  -----------
lambda : 1.36237
max_diff => 0.00347686
performed mixing
Frob norm 1 after updating U: 1.58237
200 iterations
f(b) = 2.70832
Frob norm 2 after updating B : 1.58286
Iteration number -------- 64  -----------
lambda : 1.36918
max_diff => 0.00333965
performed mixing
Frob norm 1 after updating U: 1.58285
200 iterations
f(b) = 2.70469
Frob norm 2 after updating B : 1.58292
Iteration number -------- 65  -----------
lambda : 1.37603
max_diff => 0.00333039
performed mixing
Frob norm 1 after updating U: 1.58292
200 iterations
f(b) = 2.70829
Frob norm 2 after updating B : 1.58296
Iteration number -------- 66  -----------
lambda : 1.38291
max_diff => 0.00332507
performed mixing
Frob norm 1 after updating U: 1.58295
200 iterations
f(b) = 2.62041
Frob norm 2 after updating B : 1.58276
Iteration number -------- 67  -----------
lambda : 1.38982
max_diff => 0.00338231
performed mixing
Frob norm 1 after updating U: 1.58275
200 iterations
f(b) = 2.66361
Frob norm 2 after updating B : 1.5744
Iteration number -------- 68  -----------
lambda : 1.39677
max_diff => 0.00370008
performed mixing
Frob norm 1 after updating U: 1.57435
200 iterations
f(b) = 2.70309
Frob norm 2 after updating B : 1.57917
Iteration number -------- 69  -----------
lambda : 1.40376
max_diff => 0.00367768
performed mixing
Frob norm 1 after updating U: 1.57917
200 iterations
f(b) = 2.71481
Frob norm 2 after updating B : 1.58002
Iteration number -------- 70  -----------
lambda : 1.41078
max_diff => 0.00368569
performed mixing
Frob norm 1 after updating U: 1.58002
200 iterations
f(b) = 2.71017
Frob norm 2 after updating B : 1.58171
Iteration number -------- 71  -----------
lambda : 1.41783
max_diff => 0.0036581
performed mixing
Frob norm 1 after updating U: 1.58171
200 iterations
f(b) = 2.66786
Frob norm 2 after updating B : 1.58129
Iteration number -------- 72  -----------
lambda : 1.42492
max_diff => 0.00367604
performed mixing
Frob norm 1 after updating U: 1.58129
200 iterations
f(b) = 2.70576
Frob norm 2 after updating B : 1.58182
Iteration number -------- 73  -----------
lambda : 1.43204
max_diff => 0.0036251
performed mixing
Frob norm 1 after updating U: 1.58181
200 iterations
f(b) = 2.71444
Frob norm 2 after updating B : 1.58195
Iteration number -------- 74  -----------
lambda : 1.4392
max_diff => 0.00359241
performed mixing
Frob norm 1 after updating U: 1.58195
200 iterations
f(b) = 2.71812
Frob norm 2 after updating B : 1.58184
Iteration number -------- 75  -----------
lambda : 1.4464
max_diff => 0.00358671
performed mixing
Frob norm 1 after updating U: 1.58184
200 iterations
f(b) = 2.71913
Frob norm 2 after updating B : 1.58207
Iteration number -------- 76  -----------
lambda : 1.45363
max_diff => 0.00357347
performed mixing
Frob norm 1 after updating U: 1.58207
200 iterations
f(b) = 2.70778
Frob norm 2 after updating B : 1.58199
Iteration number -------- 77  -----------
lambda : 1.4609
max_diff => 0.00353617
performed mixing
Frob norm 1 after updating U: 1.58199
200 iterations
f(b) = 2.72046
Frob norm 2 after updating B : 1.58227
Iteration number -------- 78  -----------
lambda : 1.46821
max_diff => 0.00350708
performed mixing
Frob norm 1 after updating U: 1.58227
200 iterations
f(b) = 2.72495
Frob norm 2 after updating B : 1.58187
Iteration number -------- 79  -----------
lambda : 1.47555
max_diff => 0.00354007
performed mixing
Frob norm 1 after updating U: 1.58187
200 iterations
f(b) = 2.70817
Frob norm 2 after updating B : 1.58224
Iteration number -------- 80  -----------
lambda : 1.48292
max_diff => 0.00351134
performed mixing
Frob norm 1 after updating U: 1.58224
200 iterations
f(b) = 2.72536
Frob norm 2 after updating B : 1.58237
Iteration number -------- 81  -----------
lambda : 1.49034
max_diff => 0.00347858
performed mixing
Frob norm 1 after updating U: 1.58237
200 iterations
f(b) = 2.72555
Frob norm 2 after updating B : 1.58243
Iteration number -------- 82  -----------
lambda : 1.49779
max_diff => 0.00346853
performed mixing
Frob norm 1 after updating U: 1.58243
200 iterations
f(b) = 2.72876
Frob norm 2 after updating B : 1.58256
Iteration number -------- 83  -----------
lambda : 1.50528
max_diff => 0.00342898
performed mixing
Frob norm 1 after updating U: 1.58256
200 iterations
f(b) = 2.63309
Frob norm 2 after updating B : 1.58287
Iteration number -------- 84  -----------
lambda : 1.51281
max_diff => 0.00334801
performed mixing
Frob norm 1 after updating U: 1.58287
200 iterations
f(b) = 2.72543
Frob norm 2 after updating B : 1.58252
Iteration number -------- 85  -----------
lambda : 1.52037
max_diff => 0.00336966
performed mixing
Frob norm 1 after updating U: 1.58252
200 iterations
f(b) = 2.72091
Frob norm 2 after updating B : 1.58304
Iteration number -------- 86  -----------
lambda : 1.52797
max_diff => 0.00331199
performed mixing
Frob norm 1 after updating U: 1.58304
200 iterations
f(b) = 2.73231
Frob norm 2 after updating B : 1.58311
Iteration number -------- 87  -----------
lambda : 1.53561
max_diff => 0.00328506
performed mixing
Frob norm 1 after updating U: 1.58311
200 iterations
f(b) = 2.73432
Frob norm 2 after updating B : 1.5832
Iteration number -------- 88  -----------
lambda : 1.54329
max_diff => 0.00324649
performed mixing
Frob norm 1 after updating U: 1.5832
200 iterations
f(b) = 2.66682
Frob norm 2 after updating B : 1.58343
Iteration number -------- 89  -----------
lambda : 1.55101
max_diff => 0.0031731
performed mixing
Frob norm 1 after updating U: 1.58343
200 iterations
f(b) = 2.73742
Frob norm 2 after updating B : 1.58374
Iteration number -------- 90  -----------
lambda : 1.55876
max_diff => 0.00311788
performed mixing
Frob norm 1 after updating U: 1.58374
200 iterations
f(b) = 2.73647
Frob norm 2 after updating B : 1.58437
Iteration number -------- 91  -----------
lambda : 1.56655
max_diff => 0.00295791
performed mixing
Frob norm 1 after updating U: 1.58437
200 iterations
f(b) = 2.65094
Frob norm 2 after updating B : 1.58467
Iteration number -------- 92  -----------
lambda : 1.57439
max_diff => 0.0028841
performed mixing
Frob norm 1 after updating U: 1.58467
200 iterations
f(b) = 2.71773
Frob norm 2 after updating B : 1.58513
Iteration number -------- 93  -----------
lambda : 1.58226
max_diff => 0.00276524
performed mixing
Frob norm 1 after updating U: 1.58512
200 iterations
f(b) = 2.73475
Frob norm 2 after updating B : 1.58542
Iteration number -------- 94  -----------
lambda : 1.59017
max_diff => 0.0026886
performed mixing
Frob norm 1 after updating U: 1.58542
200 iterations
f(b) = 2.66388
Frob norm 2 after updating B : 1.58314
Iteration number -------- 95  -----------
lambda : 1.59812
max_diff => 0.00321596
performed mixing
Frob norm 1 after updating U: 1.58314
200 iterations
f(b) = 2.66878
Frob norm 2 after updating B : 1.58479
Iteration number -------- 96  -----------
lambda : 1.60611
max_diff => 0.00284985
performed mixing
Frob norm 1 after updating U: 1.58479
200 iterations
f(b) = 2.74367
Frob norm 2 after updating B : 1.58502
Iteration number -------- 97  -----------
lambda : 1.61414
max_diff => 0.00280104
performed mixing
Frob norm 1 after updating U: 1.58502
200 iterations
f(b) = 2.74483
Frob norm 2 after updating B : 1.58532
Iteration number -------- 98  -----------
lambda : 1.62221
max_diff => 0.00272722
performed mixing
Frob norm 1 after updating U: 1.58532
200 iterations
f(b) = 2.7347
Frob norm 2 after updating B : 1.58569
Iteration number -------- 99  -----------
lambda : 1.63032
max_diff => 0.00264658
performed mixing
Frob norm 1 after updating U: 1.58569
200 iterations
f(b) = 2.69862
Frob norm 2 after updating B : 1.58615
Iteration number -------- 100  -----------
lambda : 1.63848
max_diff => 0.00252739
