Academic license - for non-commercial use only
Frob norm 1 after updating U: 12.548
200 iterations
f(b) = 50.0004
Frob norm 2 after updating B : 6.54418
Iteration number -------- 1  -----------
lambda : 1
max_diff => 0.136084
performed mixing
Frob norm 1 after updating U: 4.48465
200 iterations
f(b) = 40.9422
Frob norm 2 after updating B : 5.87511
Iteration number -------- 2  -----------
lambda : 1.005
max_diff => 0.125155
performed mixing
Frob norm 1 after updating U: 4.1531
200 iterations
f(b) = 34.3578
Frob norm 2 after updating B : 5.32135
Iteration number -------- 3  -----------
lambda : 1.01002
max_diff => 0.117904
performed mixing
Frob norm 1 after updating U: 3.88229
200 iterations
f(b) = 29.2957
Frob norm 2 after updating B : 4.87013
Iteration number -------- 4  -----------
lambda : 1.01508
max_diff => 0.111356
performed mixing
Frob norm 1 after updating U: 3.67523
200 iterations
f(b) = 25.1078
Frob norm 2 after updating B : 4.58039
Iteration number -------- 5  -----------
lambda : 1.02015
max_diff => 0.102223
performed mixing
Frob norm 1 after updating U: 3.52
200 iterations
f(b) = 21.9028
Frob norm 2 after updating B : 4.25788
Iteration number -------- 6  -----------
lambda : 1.02525
max_diff => 0.0975296
performed mixing
Frob norm 1 after updating U: 3.4016
200 iterations
f(b) = 19.4679
Frob norm 2 after updating B : 3.99347
Iteration number -------- 7  -----------
lambda : 1.03038
max_diff => 0.0941789
performed mixing
Frob norm 1 after updating U: 3.32405
200 iterations
f(b) = 17.637
Frob norm 2 after updating B : 3.78882
Iteration number -------- 8  -----------
lambda : 1.03553
max_diff => 0.0910872
performed mixing
Frob norm 1 after updating U: 3.27273
200 iterations
f(b) = 16.276
Frob norm 2 after updating B : 3.63441
Iteration number -------- 9  -----------
lambda : 1.04071
max_diff => 0.086852
performed mixing
Frob norm 1 after updating U: 3.23307
200 iterations
f(b) = 15.2626
Frob norm 2 after updating B : 3.5114
Iteration number -------- 10  -----------
lambda : 1.04591
max_diff => 0.0838933
performed mixing
Frob norm 1 after updating U: 3.21015
200 iterations
f(b) = 14.5199
Frob norm 2 after updating B : 3.41947
Iteration number -------- 11  -----------
lambda : 1.05114
max_diff => 0.0807951
performed mixing
Frob norm 1 after updating U: 3.19518
200 iterations
f(b) = 13.697
Frob norm 2 after updating B : 3.35763
Iteration number -------- 12  -----------
lambda : 1.0564
max_diff => 0.0488157
performed mixing
Frob norm 1 after updating U: 3.18069
200 iterations
f(b) = 12.8923
Frob norm 2 after updating B : 3.31
Iteration number -------- 13  -----------
lambda : 1.06168
max_diff => 0.0404861
performed mixing
Frob norm 1 after updating U: 3.17785
200 iterations
f(b) = 12.5548
Frob norm 2 after updating B : 3.27146
Iteration number -------- 14  -----------
lambda : 1.06699
max_diff => 0.0406219
performed mixing
Frob norm 1 after updating U: 3.17644
200 iterations
f(b) = 12.3749
Frob norm 2 after updating B : 3.2379
Iteration number -------- 15  -----------
lambda : 1.07232
max_diff => 0.0406256
performed mixing
Frob norm 1 after updating U: 3.17647
200 iterations
f(b) = 12.1889
Frob norm 2 after updating B : 3.22578
Iteration number -------- 16  -----------
lambda : 1.07768
max_diff => 0.0407889
performed mixing
Frob norm 1 after updating U: 3.1782
200 iterations
f(b) = 12.1092
Frob norm 2 after updating B : 3.20843
Iteration number -------- 17  -----------
lambda : 1.08307
max_diff => 0.040802
performed mixing
Frob norm 1 after updating U: 3.17816
200 iterations
f(b) = 12.0492
Frob norm 2 after updating B : 3.1973
Iteration number -------- 18  -----------
lambda : 1.08849
max_diff => 0.0408091
performed mixing
Frob norm 1 after updating U: 3.17814
200 iterations
f(b) = 11.9714
Frob norm 2 after updating B : 3.19275
Iteration number -------- 19  -----------
lambda : 1.09393
max_diff => 0.04104
performed mixing
Frob norm 1 after updating U: 3.17948
200 iterations
f(b) = 11.9736
Frob norm 2 after updating B : 3.18734
Iteration number -------- 20  -----------
lambda : 1.0994
max_diff => 0.0410684
performed mixing
Frob norm 1 after updating U: 3.17934
200 iterations
f(b) = 11.9634
Frob norm 2 after updating B : 3.18378
Iteration number -------- 21  -----------
lambda : 1.1049
max_diff => 0.0410849
performed mixing
Frob norm 1 after updating U: 3.17911
200 iterations
f(b) = 11.9587
Frob norm 2 after updating B : 3.18176
Iteration number -------- 22  -----------
lambda : 1.11042
max_diff => 0.0410954
performed mixing
Frob norm 1 after updating U: 3.17921
200 iterations
f(b) = 11.9581
Frob norm 2 after updating B : 3.18029
Iteration number -------- 23  -----------
lambda : 1.11597
max_diff => 0.0411191
performed mixing
Frob norm 1 after updating U: 3.17912
200 iterations
f(b) = 11.9623
Frob norm 2 after updating B : 3.17934
Iteration number -------- 24  -----------
lambda : 1.12155
max_diff => 0.0411766
performed mixing
Frob norm 1 after updating U: 3.17923
200 iterations
f(b) = 11.9695
Frob norm 2 after updating B : 3.17885
Iteration number -------- 25  -----------
lambda : 1.12716
max_diff => 0.0411876
performed mixing
Frob norm 1 after updating U: 3.17923
200 iterations
f(b) = 11.9318
Frob norm 2 after updating B : 3.17669
Iteration number -------- 26  -----------
lambda : 1.1328
max_diff => 0.0416226
performed mixing
Frob norm 1 after updating U: 3.18063
200 iterations
f(b) = 11.9703
Frob norm 2 after updating B : 3.17675
Iteration number -------- 27  -----------
lambda : 1.13846
max_diff => 0.0416234
performed mixing
Frob norm 1 after updating U: 3.18055
200 iterations
f(b) = 11.9821
Frob norm 2 after updating B : 3.17713
Iteration number -------- 28  -----------
lambda : 1.14415
max_diff => 0.0416184
performed mixing
Frob norm 1 after updating U: 3.18054
200 iterations
f(b) = 11.9954
Frob norm 2 after updating B : 3.17743
Iteration number -------- 29  -----------
lambda : 1.14987
max_diff => 0.0416229
performed mixing
Frob norm 1 after updating U: 3.18048
200 iterations
f(b) = 12.0055
Frob norm 2 after updating B : 3.17771
Iteration number -------- 30  -----------
lambda : 1.15562
max_diff => 0.0416217
performed mixing
Frob norm 1 after updating U: 3.18044
200 iterations
f(b) = 12.0173
Frob norm 2 after updating B : 3.17819
Iteration number -------- 31  -----------
lambda : 1.1614
max_diff => 0.0416227
performed mixing
Frob norm 1 after updating U: 3.18051
200 iterations
f(b) = 12.0218
Frob norm 2 after updating B : 3.17858
Iteration number -------- 32  -----------
lambda : 1.16721
max_diff => 0.0416321
performed mixing
Frob norm 1 after updating U: 3.18078
200 iterations
f(b) = 12.0008
Frob norm 2 after updating B : 3.1758
Iteration number -------- 33  -----------
lambda : 1.17304
max_diff => 0.0428595
performed mixing
Frob norm 1 after updating U: 3.17869
200 iterations
f(b) = 12.0393
Frob norm 2 after updating B : 3.17628
Iteration number -------- 34  -----------
lambda : 1.17891
max_diff => 0.0428104
performed mixing
Frob norm 1 after updating U: 3.17912
200 iterations
f(b) = 12.0526
Frob norm 2 after updating B : 3.17671
Iteration number -------- 35  -----------
lambda : 1.1848
max_diff => 0.0427906
performed mixing
Frob norm 1 after updating U: 3.17928
200 iterations
f(b) = 12.0628
Frob norm 2 after updating B : 3.17732
Iteration number -------- 36  -----------
lambda : 1.19073
max_diff => 0.0427449
performed mixing
Frob norm 1 after updating U: 3.17962
200 iterations
f(b) = 12.0717
Frob norm 2 after updating B : 3.17795
Iteration number -------- 37  -----------
lambda : 1.19668
max_diff => 0.0426845
performed mixing
Frob norm 1 after updating U: 3.18014
200 iterations
f(b) = 12.0863
Frob norm 2 after updating B : 3.17841
Iteration number -------- 38  -----------
lambda : 1.20266
max_diff => 0.0426702
performed mixing
Frob norm 1 after updating U: 3.18031
200 iterations
f(b) = 12.0973
Frob norm 2 after updating B : 3.17883
Iteration number -------- 39  -----------
lambda : 1.20868
max_diff => 0.0426505
performed mixing
Frob norm 1 after updating U: 3.18049
200 iterations
f(b) = 12.1081
Frob norm 2 after updating B : 3.17938
Iteration number -------- 40  -----------
lambda : 1.21472
max_diff => 0.042592
performed mixing
Frob norm 1 after updating U: 3.18091
200 iterations
f(b) = 12.1178
Frob norm 2 after updating B : 3.17987
Iteration number -------- 41  -----------
lambda : 1.22079
max_diff => 0.0425605
performed mixing
Frob norm 1 after updating U: 3.18115
200 iterations
f(b) = 12.1297
Frob norm 2 after updating B : 3.18017
Iteration number -------- 42  -----------
lambda : 1.2269
max_diff => 0.0425484
performed mixing
Frob norm 1 after updating U: 3.18133
200 iterations
f(b) = 12.1391
Frob norm 2 after updating B : 3.18045
Iteration number -------- 43  -----------
lambda : 1.23303
max_diff => 0.0425092
performed mixing
Frob norm 1 after updating U: 3.18158
200 iterations
f(b) = 12.1499
Frob norm 2 after updating B : 3.18082
Iteration number -------- 44  -----------
lambda : 1.2392
max_diff => 0.0424795
performed mixing
Frob norm 1 after updating U: 3.18178
200 iterations
f(b) = 12.1584
Frob norm 2 after updating B : 3.18127
Iteration number -------- 45  -----------
lambda : 1.24539
max_diff => 0.042433
performed mixing
Frob norm 1 after updating U: 3.18224
200 iterations
f(b) = 12.1673
Frob norm 2 after updating B : 3.18189
Iteration number -------- 46  -----------
lambda : 1.25162
max_diff => 0.0423519
performed mixing
Frob norm 1 after updating U: 3.18292
200 iterations
f(b) = 12.1811
Frob norm 2 after updating B : 3.18218
Iteration number -------- 47  -----------
lambda : 1.25788
max_diff => 0.0423341
performed mixing
Frob norm 1 after updating U: 3.18309
200 iterations
f(b) = 12.1915
Frob norm 2 after updating B : 3.18248
Iteration number -------- 48  -----------
lambda : 1.26417
max_diff => 0.0423141
performed mixing
Frob norm 1 after updating U: 3.18336
200 iterations
f(b) = 12.1995
Frob norm 2 after updating B : 3.18292
Iteration number -------- 49  -----------
lambda : 1.27049
max_diff => 0.0422655
performed mixing
Frob norm 1 after updating U: 3.18374
200 iterations
f(b) = 12.207
Frob norm 2 after updating B : 3.18353
Iteration number -------- 50  -----------
lambda : 1.27684
max_diff => 0.0421785
performed mixing
Frob norm 1 after updating U: 3.18448
200 iterations
f(b) = 12.2192
Frob norm 2 after updating B : 3.1841
Iteration number -------- 51  -----------
lambda : 1.28323
max_diff => 0.0421561
performed mixing
Frob norm 1 after updating U: 3.185
200 iterations
f(b) = 12.2285
Frob norm 2 after updating B : 3.18468
Iteration number -------- 52  -----------
lambda : 1.28964
max_diff => 0.0420981
performed mixing
Frob norm 1 after updating U: 3.18561
200 iterations
f(b) = 12.2413
Frob norm 2 after updating B : 3.18508
Iteration number -------- 53  -----------
lambda : 1.29609
max_diff => 0.0421188
performed mixing
Frob norm 1 after updating U: 3.18582
200 iterations
f(b) = 12.2512
Frob norm 2 after updating B : 3.1854
Iteration number -------- 54  -----------
lambda : 1.30257
max_diff => 0.0420773
performed mixing
Frob norm 1 after updating U: 3.18602
200 iterations
f(b) = 12.2632
Frob norm 2 after updating B : 3.18562
Iteration number -------- 55  -----------
lambda : 1.30908
max_diff => 0.0420637
performed mixing
Frob norm 1 after updating U: 3.1862
200 iterations
f(b) = 12.2715
Frob norm 2 after updating B : 3.18611
Iteration number -------- 56  -----------
lambda : 1.31563
max_diff => 0.0420176
performed mixing
Frob norm 1 after updating U: 3.18665
200 iterations
f(b) = 12.2813
Frob norm 2 after updating B : 3.18671
Iteration number -------- 57  -----------
lambda : 1.32221
max_diff => 0.0419707
performed mixing
Frob norm 1 after updating U: 3.18716
200 iterations
f(b) = 12.2919
Frob norm 2 after updating B : 3.18703
Iteration number -------- 58  -----------
lambda : 1.32882
max_diff => 0.0419529
performed mixing
Frob norm 1 after updating U: 3.18755
200 iterations
f(b) = 12.3025
Frob norm 2 after updating B : 3.18741
Iteration number -------- 59  -----------
lambda : 1.33546
max_diff => 0.041923
performed mixing
Frob norm 1 after updating U: 3.18793
200 iterations
f(b) = 12.3119
Frob norm 2 after updating B : 3.18794
Iteration number -------- 60  -----------
lambda : 1.34214
max_diff => 0.0419224
performed mixing
Frob norm 1 after updating U: 3.18845
200 iterations
f(b) = 12.3228
Frob norm 2 after updating B : 3.18846
Iteration number -------- 61  -----------
lambda : 1.34885
max_diff => 0.04188
performed mixing
Frob norm 1 after updating U: 3.18894
200 iterations
f(b) = 12.3307
Frob norm 2 after updating B : 3.18919
Iteration number -------- 62  -----------
lambda : 1.35559
max_diff => 0.0418216
performed mixing
Frob norm 1 after updating U: 3.18964
200 iterations
f(b) = 12.3417
Frob norm 2 after updating B : 3.18979
Iteration number -------- 63  -----------
lambda : 1.36237
max_diff => 0.0417862
performed mixing
Frob norm 1 after updating U: 3.19021
200 iterations
f(b) = 12.3358
Frob norm 2 after updating B : 3.19071
Iteration number -------- 64  -----------
lambda : 1.36918
max_diff => 0.041722
performed mixing
Frob norm 1 after updating U: 3.19117
200 iterations
f(b) = 12.362
Frob norm 2 after updating B : 3.19118
Iteration number -------- 65  -----------
lambda : 1.37603
max_diff => 0.0416994
performed mixing
Frob norm 1 after updating U: 3.1917
200 iterations
f(b) = 12.3716
Frob norm 2 after updating B : 3.19186
Iteration number -------- 66  -----------
lambda : 1.38291
max_diff => 0.0416389
performed mixing
Frob norm 1 after updating U: 3.19236
200 iterations
f(b) = 12.3835
Frob norm 2 after updating B : 3.19234
Iteration number -------- 67  -----------
lambda : 1.38982
max_diff => 0.0416144
performed mixing
Frob norm 1 after updating U: 3.19281
200 iterations
f(b) = 12.394
Frob norm 2 after updating B : 3.19272
Iteration number -------- 68  -----------
lambda : 1.39677
max_diff => 0.041608
performed mixing
Frob norm 1 after updating U: 3.19315
200 iterations
f(b) = 12.4034
Frob norm 2 after updating B : 3.19326
Iteration number -------- 69  -----------
lambda : 1.40376
max_diff => 0.0415772
performed mixing
Frob norm 1 after updating U: 3.1936
200 iterations
f(b) = 12.4167
Frob norm 2 after updating B : 3.19351
Iteration number -------- 70  -----------
lambda : 1.41078
max_diff => 0.0415607
performed mixing
Frob norm 1 after updating U: 3.19383
200 iterations
f(b) = 12.4234
Frob norm 2 after updating B : 3.19428
Iteration number -------- 71  -----------
lambda : 1.41783
max_diff => 0.0414966
performed mixing
Frob norm 1 after updating U: 3.19467
200 iterations
f(b) = 12.4334
Frob norm 2 after updating B : 3.19487
Iteration number -------- 72  -----------
lambda : 1.42492
max_diff => 0.0414574
performed mixing
Frob norm 1 after updating U: 3.19528
200 iterations
f(b) = 12.4435
Frob norm 2 after updating B : 3.19536
Iteration number -------- 73  -----------
lambda : 1.43204
max_diff => 0.0414859
performed mixing
Frob norm 1 after updating U: 3.19587
200 iterations
f(b) = 12.4176
Frob norm 2 after updating B : 3.19844
Iteration number -------- 74  -----------
lambda : 1.4392
max_diff => 0.0413138
performed mixing
Frob norm 1 after updating U: 3.19878
200 iterations
f(b) = 12.462
Frob norm 2 after updating B : 3.19888
Iteration number -------- 75  -----------
lambda : 1.4464
max_diff => 0.0412683
performed mixing
Frob norm 1 after updating U: 3.19918
200 iterations
f(b) = 12.4711
Frob norm 2 after updating B : 3.19979
Iteration number -------- 76  -----------
lambda : 1.45363
max_diff => 0.0411883
performed mixing
Frob norm 1 after updating U: 3.20014
200 iterations
f(b) = 12.4819
Frob norm 2 after updating B : 3.20016
Iteration number -------- 77  -----------
lambda : 1.4609
max_diff => 0.0411597
performed mixing
Frob norm 1 after updating U: 3.20068
200 iterations
f(b) = 12.495
Frob norm 2 after updating B : 3.20047
Iteration number -------- 78  -----------
lambda : 1.46821
max_diff => 0.0411428
performed mixing
Frob norm 1 after updating U: 3.20089
200 iterations
f(b) = 12.5021
Frob norm 2 after updating B : 3.20135
Iteration number -------- 79  -----------
lambda : 1.47555
max_diff => 0.0410661
performed mixing
Frob norm 1 after updating U: 3.20173
200 iterations
f(b) = 12.5156
Frob norm 2 after updating B : 3.20197
Iteration number -------- 80  -----------
lambda : 1.48292
max_diff => 0.0410265
performed mixing
Frob norm 1 after updating U: 3.20228
200 iterations
f(b) = 12.5244
Frob norm 2 after updating B : 3.20304
Iteration number -------- 81  -----------
lambda : 1.49034
max_diff => 0.0409312
performed mixing
Frob norm 1 after updating U: 3.20337
200 iterations
f(b) = 12.5347
Frob norm 2 after updating B : 3.20353
Iteration number -------- 82  -----------
lambda : 1.49779
max_diff => 0.0409655
performed mixing
Frob norm 1 after updating U: 3.20377
200 iterations
f(b) = 12.5446
Frob norm 2 after updating B : 3.20424
Iteration number -------- 83  -----------
lambda : 1.50528
max_diff => 0.0409257
performed mixing
Frob norm 1 after updating U: 3.20451
200 iterations
f(b) = 12.5562
Frob norm 2 after updating B : 3.20496
Iteration number -------- 84  -----------
lambda : 1.51281
max_diff => 0.0409026
performed mixing
Frob norm 1 after updating U: 3.20512
200 iterations
f(b) = 12.5679
Frob norm 2 after updating B : 3.20531
Iteration number -------- 85  -----------
lambda : 1.52037
max_diff => 0.0408773
performed mixing
Frob norm 1 after updating U: 3.20544
200 iterations
f(b) = 12.5781
Frob norm 2 after updating B : 3.20576
Iteration number -------- 86  -----------
lambda : 1.52797
max_diff => 0.0408582
performed mixing
Frob norm 1 after updating U: 3.20582
200 iterations
f(b) = 12.5468
Frob norm 2 after updating B : 3.21147
Iteration number -------- 87  -----------
lambda : 1.53561
max_diff => 0.0402424
performed mixing
Frob norm 1 after updating U: 3.20858
200 iterations
f(b) = 12.5909
Frob norm 2 after updating B : 3.21122
Iteration number -------- 88  -----------
lambda : 1.54329
max_diff => 0.0402308
performed mixing
Frob norm 1 after updating U: 3.20903
200 iterations
f(b) = 12.5974
Frob norm 2 after updating B : 3.2113
Iteration number -------- 89  -----------
lambda : 1.55101
max_diff => 0.0401996
performed mixing
Frob norm 1 after updating U: 3.20966
200 iterations
f(b) = 12.6062
Frob norm 2 after updating B : 3.21155
Iteration number -------- 90  -----------
lambda : 1.55876
max_diff => 0.0401846
performed mixing
Frob norm 1 after updating U: 3.2103
200 iterations
f(b) = 12.6149
Frob norm 2 after updating B : 3.21173
Iteration number -------- 91  -----------
lambda : 1.56655
max_diff => 0.0401667
performed mixing
Frob norm 1 after updating U: 3.21078
200 iterations
f(b) = 12.6224
Frob norm 2 after updating B : 3.21196
Iteration number -------- 92  -----------
lambda : 1.57439
max_diff => 0.0401432
performed mixing
Frob norm 1 after updating U: 3.21127
200 iterations
f(b) = 12.6337
Frob norm 2 after updating B : 3.21228
Iteration number -------- 93  -----------
lambda : 1.58226
max_diff => 0.0401134
performed mixing
Frob norm 1 after updating U: 3.21181
200 iterations
f(b) = 12.6442
Frob norm 2 after updating B : 3.21268
Iteration number -------- 94  -----------
lambda : 1.59017
max_diff => 0.040091
performed mixing
Frob norm 1 after updating U: 3.21232
200 iterations
f(b) = 12.6531
Frob norm 2 after updating B : 3.21314
Iteration number -------- 95  -----------
lambda : 1.59812
max_diff => 0.0400651
performed mixing
Frob norm 1 after updating U: 3.213
200 iterations
f(b) = 12.6077
Frob norm 2 after updating B : 3.22694
Iteration number -------- 96  -----------
lambda : 1.60611
max_diff => 0.0389244
performed mixing
Frob norm 1 after updating U: 3.22728
200 iterations
f(b) = 12.6589
Frob norm 2 after updating B : 3.22718
Iteration number -------- 97  -----------
lambda : 1.61414
max_diff => 0.0389394
performed mixing
Frob norm 1 after updating U: 3.22756
200 iterations
f(b) = 12.6694
Frob norm 2 after updating B : 3.22771
Iteration number -------- 98  -----------
lambda : 1.62221
max_diff => 0.0389325
performed mixing
Frob norm 1 after updating U: 3.22809
200 iterations
f(b) = 12.6781
Frob norm 2 after updating B : 3.22876
Iteration number -------- 99  -----------
lambda : 1.63032
max_diff => 0.0389128
performed mixing
Frob norm 1 after updating U: 3.22905
200 iterations
f(b) = 12.6439
Frob norm 2 after updating B : 3.23724
Iteration number -------- 100  -----------
lambda : 1.63848
max_diff => 0.0385602
