Academic license - for non-commercial use only
Frob norm 1 after updating U: 10.8864
200 iterations
f(b) = 49.1731
Frob norm 2 after updating B : 6.19925
Iteration number -------- 1  -----------
lambda : 1
max_diff => 0.19493
performed mixing
Frob norm 1 after updating U: 4.12068
200 iterations
f(b) = 40.0685
Frob norm 2 after updating B : 5.68205
Iteration number -------- 2  -----------
lambda : 1.005
max_diff => 0.104972
performed mixing
Frob norm 1 after updating U: 3.68112
200 iterations
f(b) = 32.7268
Frob norm 2 after updating B : 5.1132
Iteration number -------- 3  -----------
lambda : 1.01002
max_diff => 0.0835103
performed mixing
Frob norm 1 after updating U: 3.40012
200 iterations
f(b) = 26.6651
Frob norm 2 after updating B : 4.67478
Iteration number -------- 4  -----------
lambda : 1.01508
max_diff => 0.0780659
performed mixing
Frob norm 1 after updating U: 3.20825
200 iterations
f(b) = 22.2839
Frob norm 2 after updating B : 4.25
Iteration number -------- 5  -----------
lambda : 1.02015
max_diff => 0.072426
performed mixing
Frob norm 1 after updating U: 3.10434
200 iterations
f(b) = 19.095
Frob norm 2 after updating B : 3.89996
Iteration number -------- 6  -----------
lambda : 1.02525
max_diff => 0.0650152
performed mixing
Frob norm 1 after updating U: 3.02976
200 iterations
f(b) = 16.7679
Frob norm 2 after updating B : 3.64994
Iteration number -------- 7  -----------
lambda : 1.03038
max_diff => 0.0565601
performed mixing
Frob norm 1 after updating U: 2.9432
200 iterations
f(b) = 15.0114
Frob norm 2 after updating B : 3.45056
Iteration number -------- 8  -----------
lambda : 1.03553
max_diff => 0.0541431
performed mixing
Frob norm 1 after updating U: 2.90183
200 iterations
f(b) = 13.6406
Frob norm 2 after updating B : 3.2958
Iteration number -------- 9  -----------
lambda : 1.04071
max_diff => 0.0501351
performed mixing
Frob norm 1 after updating U: 2.85354
200 iterations
f(b) = 12.5523
Frob norm 2 after updating B : 3.19665
Iteration number -------- 10  -----------
lambda : 1.04591
max_diff => 0.0441839
performed mixing
Frob norm 1 after updating U: 2.80625
200 iterations
f(b) = 11.5569
Frob norm 2 after updating B : 3.06245
Iteration number -------- 11  -----------
lambda : 1.05114
max_diff => 0.043425
performed mixing
Frob norm 1 after updating U: 2.80132
200 iterations
f(b) = 10.8424
Frob norm 2 after updating B : 3.01242
Iteration number -------- 12  -----------
lambda : 1.0564
max_diff => 0.0365811
performed mixing
Frob norm 1 after updating U: 2.75914
200 iterations
f(b) = 10.275
Frob norm 2 after updating B : 2.94196
Iteration number -------- 13  -----------
lambda : 1.06168
max_diff => 0.0339257
performed mixing
Frob norm 1 after updating U: 2.75053
200 iterations
f(b) = 9.77516
Frob norm 2 after updating B : 2.89088
Iteration number -------- 14  -----------
lambda : 1.06699
max_diff => 0.0292991
performed mixing
Frob norm 1 after updating U: 2.72093
200 iterations
f(b) = 9.24557
Frob norm 2 after updating B : 2.82504
Iteration number -------- 15  -----------
lambda : 1.07232
max_diff => 0.0172948
performed mixing
Frob norm 1 after updating U: 2.58273
200 iterations
f(b) = 8.48961
Frob norm 2 after updating B : 2.66898
Iteration number -------- 16  -----------
lambda : 1.07768
max_diff => 0.0480502
performed mixing
Frob norm 1 after updating U: 2.09786
200 iterations
f(b) = 7.41843
Frob norm 2 after updating B : 2.43812
Iteration number -------- 17  -----------
lambda : 1.08307
max_diff => 0.0620295
performed mixing
Frob norm 1 after updating U: 1.82961
200 iterations
f(b) = 6.12004
Frob norm 2 after updating B : 2.17976
Iteration number -------- 18  -----------
lambda : 1.08849
max_diff => 0.0550057
performed mixing
Frob norm 1 after updating U: 1.38428
200 iterations
f(b) = 4.81505
Frob norm 2 after updating B : 1.94227
Iteration number -------- 19  -----------
lambda : 1.09393
max_diff => 0.0616587
performed mixing
Frob norm 1 after updating U: 1.03796
200 iterations
f(b) = 3.51807
Frob norm 2 after updating B : 1.73305
Iteration number -------- 20  -----------
lambda : 1.0994
max_diff => 0.0525549
performed mixing
Frob norm 1 after updating U: 0.923464
200 iterations
f(b) = 2.63168
Frob norm 2 after updating B : 1.52481
Iteration number -------- 21  -----------
lambda : 1.1049
max_diff => 0.0437952
performed mixing
Frob norm 1 after updating U: 0.892991
200 iterations
f(b) = 2.09862
Frob norm 2 after updating B : 1.33497
Iteration number -------- 22  -----------
lambda : 1.11042
max_diff => 0.0431578
performed mixing
Frob norm 1 after updating U: 0.891195
200 iterations
f(b) = 1.74776
Frob norm 2 after updating B : 1.1958
Iteration number -------- 23  -----------
lambda : 1.11597
max_diff => 0.0421675
performed mixing
Frob norm 1 after updating U: 0.888438
200 iterations
f(b) = 1.50631
Frob norm 2 after updating B : 1.09315
Iteration number -------- 24  -----------
lambda : 1.12155
max_diff => 0.0390412
performed mixing
Frob norm 1 after updating U: 0.880392
200 iterations
f(b) = 1.0395
Frob norm 2 after updating B : 1.00661
Iteration number -------- 25  -----------
lambda : 1.12716
max_diff => 9.998e-08
performed mixing
Frob norm 1 after updating U: 0.821863
200 iterations
f(b) = 0.980859
Frob norm 2 after updating B : 0.944342
Iteration number -------- 26  -----------
lambda : 1.1328
max_diff => 9.998e-08
performed mixing
Frob norm 1 after updating U: 0.821832
200 iterations
f(b) = 0.900056
Frob norm 2 after updating B : 0.902095
Iteration number -------- 27  -----------
lambda : 1.13846
max_diff => 1.34967e-06
performed mixing
Frob norm 1 after updating U: 0.821555
200 iterations
f(b) = 0.851124
Frob norm 2 after updating B : 0.87424
Iteration number -------- 28  -----------
lambda : 1.14415
max_diff => 9.998e-08
performed mixing
Frob norm 1 after updating U: 0.821857
200 iterations
f(b) = 0.822169
Frob norm 2 after updating B : 0.855816
Iteration number -------- 29  -----------
lambda : 1.14987
max_diff => 9.998e-08
performed mixing
Frob norm 1 after updating U: 0.821873
200 iterations
f(b) = 0.80054
Frob norm 2 after updating B : 0.843774
Iteration number -------- 30  -----------
lambda : 1.15562
max_diff => 9.998e-08
performed mixing
Frob norm 1 after updating U: 0.821847
200 iterations
f(b) = 0.786772
Frob norm 2 after updating B : 0.835984
Iteration number -------- 31  -----------
lambda : 1.1614
max_diff => 9.998e-08
performed mixing
Frob norm 1 after updating U: 0.821839
200 iterations
f(b) = 0.779454
Frob norm 2 after updating B : 0.830983
Iteration number -------- 32  -----------
lambda : 1.16721
max_diff => 9.998e-08
performed mixing
Frob norm 1 after updating U: 0.821876
200 iterations
f(b) = 0.774353
Frob norm 2 after updating B : 0.827735
Iteration number -------- 33  -----------
lambda : 1.17304
max_diff => 9.998e-08
performed mixing
Frob norm 1 after updating U: 0.821868
200 iterations
f(b) = 0.776707
Frob norm 2 after updating B : 0.825622
Iteration number -------- 34  -----------
lambda : 1.17891
max_diff => 1.06038e-07
performed mixing
Frob norm 1 after updating U: 0.821844
200 iterations
f(b) = 0.77102
Frob norm 2 after updating B : 0.824356
Iteration number -------- 35  -----------
lambda : 1.1848
max_diff => 9.998e-08
performed mixing
Frob norm 1 after updating U: 0.82192
200 iterations
f(b) = 0.77058
Frob norm 2 after updating B : 0.823401
Iteration number -------- 36  -----------
lambda : 1.19073
max_diff => 9.998e-08
performed mixing
Frob norm 1 after updating U: 0.821828
200 iterations
f(b) = 0.761614
Frob norm 2 after updating B : 0.822692
Iteration number -------- 37  -----------
lambda : 1.19668
max_diff => 5.51232e-07
performed mixing
Frob norm 1 after updating U: 0.82167
200 iterations
f(b) = 0.771366
Frob norm 2 after updating B : 0.822528
Iteration number -------- 38  -----------
lambda : 1.20266
max_diff => 1.22187e-07
performed mixing
Frob norm 1 after updating U: 0.821871
200 iterations
f(b) = 0.767923
Frob norm 2 after updating B : 0.822292
Iteration number -------- 39  -----------
lambda : 1.20868
max_diff => 9.998e-08
performed mixing
Frob norm 1 after updating U: 0.821865
200 iterations
f(b) = 0.77061
Frob norm 2 after updating B : 0.822145
Iteration number -------- 40  -----------
lambda : 1.21472
max_diff => 9.998e-08
performed mixing
Frob norm 1 after updating U: 0.821866
200 iterations
f(b) = 0.767582
Frob norm 2 after updating B : 0.82219
Iteration number -------- 41  -----------
lambda : 1.22079
max_diff => 1.37261e-07
performed mixing
Frob norm 1 after updating U: 0.822008
200 iterations
f(b) = 0.772168
Frob norm 2 after updating B : 0.821943
Iteration number -------- 42  -----------
lambda : 1.2269
max_diff => 9.998e-08
performed mixing
Frob norm 1 after updating U: 0.821822
200 iterations
f(b) = 0.77043
Frob norm 2 after updating B : 0.82193
Iteration number -------- 43  -----------
lambda : 1.23303
max_diff => 1.00365e-07
performed mixing
Frob norm 1 after updating U: 0.82185
200 iterations
f(b) = 0.770795
Frob norm 2 after updating B : 0.8219
Iteration number -------- 44  -----------
lambda : 1.2392
max_diff => 9.998e-08
performed mixing
Frob norm 1 after updating U: 0.821847
200 iterations
f(b) = 0.771087
Frob norm 2 after updating B : 0.82186
Iteration number -------- 45  -----------
lambda : 1.24539
max_diff => 1.23202e-07
performed mixing
Frob norm 1 after updating U: 0.821824
200 iterations
f(b) = 0.776239
Frob norm 2 after updating B : 0.821823
Iteration number -------- 46  -----------
lambda : 1.25162
max_diff => 9.99911e-08
performed mixing
Frob norm 1 after updating U: 0.821799
200 iterations
f(b) = 0.773243
Frob norm 2 after updating B : 0.821854
Iteration number -------- 47  -----------
lambda : 1.25788
max_diff => 9.998e-08
performed mixing
Frob norm 1 after updating U: 0.821837
200 iterations
f(b) = 0.774018
Frob norm 2 after updating B : 0.821826
Iteration number -------- 48  -----------
lambda : 1.26417
max_diff => 9.998e-08
performed mixing
Frob norm 1 after updating U: 0.821814
200 iterations
f(b) = 0.77295
Frob norm 2 after updating B : 0.821873
Iteration number -------- 49  -----------
lambda : 1.27049
max_diff => 1.79861e-07
performed mixing
Frob norm 1 after updating U: 0.821864
200 iterations
f(b) = 0.772948
Frob norm 2 after updating B : 0.821852
Iteration number -------- 50  -----------
lambda : 1.27684
max_diff => 1.00856e-07
performed mixing
Frob norm 1 after updating U: 0.821847
200 iterations
f(b) = 0.777913
Frob norm 2 after updating B : 0.82194
Iteration number -------- 51  -----------
lambda : 1.28323
max_diff => 2.21634e-07
performed mixing
Frob norm 1 after updating U: 0.821935
200 iterations
f(b) = 0.775794
Frob norm 2 after updating B : 0.821835
Iteration number -------- 52  -----------
lambda : 1.28964
max_diff => 9.998e-08
performed mixing
Frob norm 1 after updating U: 0.821832
200 iterations
f(b) = 0.772797
Frob norm 2 after updating B : 0.821898
Iteration number -------- 53  -----------
lambda : 1.29609
max_diff => 9.998e-08
performed mixing
Frob norm 1 after updating U: 0.821895
200 iterations
f(b) = 0.777149
Frob norm 2 after updating B : 0.821851
Iteration number -------- 54  -----------
lambda : 1.30257
max_diff => 9.998e-08
performed mixing
Frob norm 1 after updating U: 0.821848
200 iterations
f(b) = 0.775371
Frob norm 2 after updating B : 0.821856
Iteration number -------- 55  -----------
lambda : 1.30908
max_diff => 1.07838e-07
performed mixing
Frob norm 1 after updating U: 0.821855
200 iterations
f(b) = 0.7776
Frob norm 2 after updating B : 0.821845
Iteration number -------- 56  -----------
lambda : 1.31563
max_diff => 1.01711e-07
performed mixing
Frob norm 1 after updating U: 0.821844
200 iterations
f(b) = 0.781148
Frob norm 2 after updating B : 0.821833
Iteration number -------- 57  -----------
lambda : 1.32221
max_diff => 9.998e-08
performed mixing
Frob norm 1 after updating U: 0.821833
200 iterations
f(b) = 0.778977
Frob norm 2 after updating B : 0.821843
Iteration number -------- 58  -----------
lambda : 1.32882
max_diff => 9.998e-08
performed mixing
Frob norm 1 after updating U: 0.821843
200 iterations
f(b) = 0.778383
Frob norm 2 after updating B : 0.821853
Iteration number -------- 59  -----------
lambda : 1.33546
max_diff => 9.998e-08
performed mixing
Frob norm 1 after updating U: 0.821853
200 iterations
f(b) = 0.782163
Frob norm 2 after updating B : 0.821874
Iteration number -------- 60  -----------
lambda : 1.34214
max_diff => 1.34947e-07
performed mixing
Frob norm 1 after updating U: 0.821874
200 iterations
f(b) = 0.778608
Frob norm 2 after updating B : 0.821679
Iteration number -------- 61  -----------
lambda : 1.34885
max_diff => 7.1632e-07
performed mixing
Frob norm 1 after updating U: 0.821679
200 iterations
f(b) = 1.03519
Frob norm 2 after updating B : 0.798148
Iteration number -------- 62  -----------
lambda : 1.35559
max_diff => 0.00866608
performed mixing
Frob norm 1 after updating U: 0.793856
200 iterations
f(b) = 0.832469
Frob norm 2 after updating B : 0.794458
Iteration number -------- 63  -----------
lambda : 1.36237
max_diff => 0.00623352
performed mixing
Frob norm 1 after updating U: 0.792653
200 iterations
f(b) = 0.835543
Frob norm 2 after updating B : 0.797166
Iteration number -------- 64  -----------
lambda : 1.36918
max_diff => 0.00503833
performed mixing
Frob norm 1 after updating U: 0.796415
200 iterations
f(b) = 0.797985
Frob norm 2 after updating B : 0.817901
Iteration number -------- 65  -----------
lambda : 1.37603
max_diff => 0.000183573
performed mixing
Frob norm 1 after updating U: 0.817516
200 iterations
f(b) = 0.730779
Frob norm 2 after updating B : 0.822414
Iteration number -------- 66  -----------
lambda : 1.38291
max_diff => 1.21746e-07
performed mixing
Frob norm 1 after updating U: 0.821814
200 iterations
f(b) = 0.785312
Frob norm 2 after updating B : 0.822198
Iteration number -------- 67  -----------
lambda : 1.38982
max_diff => 9.99837e-08
performed mixing
Frob norm 1 after updating U: 0.821808
200 iterations
f(b) = 0.783263
Frob norm 2 after updating B : 0.822138
Iteration number -------- 68  -----------
lambda : 1.39677
max_diff => 9.998e-08
performed mixing
Frob norm 1 after updating U: 0.821888
200 iterations
f(b) = 0.787246
Frob norm 2 after updating B : 0.821966
Iteration number -------- 69  -----------
lambda : 1.40376
max_diff => 9.998e-08
performed mixing
Frob norm 1 after updating U: 0.821804
200 iterations
f(b) = 0.786357
Frob norm 2 after updating B : 0.821929
Iteration number -------- 70  -----------
lambda : 1.41078
max_diff => 9.998e-08
performed mixing
Frob norm 1 after updating U: 0.821824
200 iterations
f(b) = 0.78627
Frob norm 2 after updating B : 0.821926
Iteration number -------- 71  -----------
lambda : 1.41783
max_diff => 1.26249e-07
performed mixing
Frob norm 1 after updating U: 0.821859
200 iterations
f(b) = 0.787187
Frob norm 2 after updating B : 0.821881
Iteration number -------- 72  -----------
lambda : 1.42492
max_diff => 9.998e-08
performed mixing
Frob norm 1 after updating U: 0.821837
200 iterations
f(b) = 0.788246
Frob norm 2 after updating B : 0.821935
Iteration number -------- 73  -----------
lambda : 1.43204
max_diff => 1.0281e-07
performed mixing
Frob norm 1 after updating U: 0.821905
200 iterations
f(b) = 0.790284
Frob norm 2 after updating B : 0.821881
Iteration number -------- 74  -----------
lambda : 1.4392
max_diff => 1.00439e-07
performed mixing
Frob norm 1 after updating U: 0.821863
200 iterations
f(b) = 0.815639
Frob norm 2 after updating B : 0.824379
Iteration number -------- 75  -----------
lambda : 1.4464
max_diff => 6.02768e-05
performed mixing
Frob norm 1 after updating U: 0.824145
200 iterations
f(b) = 0.791228
Frob norm 2 after updating B : 0.821809
Iteration number -------- 76  -----------
lambda : 1.45363
max_diff => 9.998e-08
performed mixing
Frob norm 1 after updating U: 0.821837
200 iterations
f(b) = 0.790896
Frob norm 2 after updating B : 0.821777
Iteration number -------- 77  -----------
lambda : 1.4609
max_diff => 9.998e-08
performed mixing
Frob norm 1 after updating U: 0.821799
200 iterations
f(b) = 0.789467
Frob norm 2 after updating B : 0.821844
Iteration number -------- 78  -----------
lambda : 1.46821
max_diff => 9.998e-08
performed mixing
Frob norm 1 after updating U: 0.821862
200 iterations
f(b) = 0.792218
Frob norm 2 after updating B : 0.821876
Iteration number -------- 79  -----------
lambda : 1.47555
max_diff => 1.08027e-07
performed mixing
Frob norm 1 after updating U: 0.82189
200 iterations
f(b) = 0.791482
Frob norm 2 after updating B : 0.82183
Iteration number -------- 80  -----------
lambda : 1.48292
max_diff => 9.998e-08
performed mixing
Frob norm 1 after updating U: 0.821842
200 iterations
f(b) = 0.79375
Frob norm 2 after updating B : 0.821845
Iteration number -------- 81  -----------
lambda : 1.49034
max_diff => 9.998e-08
performed mixing
Frob norm 1 after updating U: 0.821855
200 iterations
f(b) = 0.796028
Frob norm 2 after updating B : 0.821817
Iteration number -------- 82  -----------
lambda : 1.49779
max_diff => 9.998e-08
performed mixing
Frob norm 1 after updating U: 0.821825
200 iterations
f(b) = 0.797165
Frob norm 2 after updating B : 0.821794
Iteration number -------- 83  -----------
lambda : 1.50528
max_diff => 1.00178e-07
performed mixing
Frob norm 1 after updating U: 0.8218
200 iterations
f(b) = 0.78485
Frob norm 2 after updating B : 0.821899
Iteration number -------- 84  -----------
lambda : 1.51281
max_diff => 9.998e-08
performed mixing
Frob norm 1 after updating U: 0.821904
200 iterations
f(b) = 0.794118
Frob norm 2 after updating B : 0.821843
Iteration number -------- 85  -----------
lambda : 1.52037
max_diff => 9.998e-08
performed mixing
Frob norm 1 after updating U: 0.821847
200 iterations
f(b) = 0.799203
Frob norm 2 after updating B : 0.821822
Iteration number -------- 86  -----------
lambda : 1.52797
max_diff => 9.998e-08
performed mixing
Frob norm 1 after updating U: 0.821825
200 iterations
f(b) = 0.800692
Frob norm 2 after updating B : 0.822046
Iteration number -------- 87  -----------
lambda : 1.53561
max_diff => 5.84793e-07
performed mixing
Frob norm 1 after updating U: 0.822025
200 iterations
f(b) = 0.797017
Frob norm 2 after updating B : 0.821837
Iteration number -------- 88  -----------
lambda : 1.54329
max_diff => 9.998e-08
performed mixing
Frob norm 1 after updating U: 0.821844
200 iterations
f(b) = 0.798742
Frob norm 2 after updating B : 0.82174
Iteration number -------- 89  -----------
lambda : 1.55101
max_diff => 2.1021e-07
performed mixing
Frob norm 1 after updating U: 0.821745
200 iterations
f(b) = 0.790991
Frob norm 2 after updating B : 0.821853
Iteration number -------- 90  -----------
lambda : 1.55876
max_diff => 9.998e-08
performed mixing
Frob norm 1 after updating U: 0.821857
200 iterations
f(b) = 0.797176
Frob norm 2 after updating B : 0.821864
Iteration number -------- 91  -----------
lambda : 1.56655
max_diff => 9.998e-08
performed mixing
Frob norm 1 after updating U: 0.821867
200 iterations
f(b) = 0.79667
Frob norm 2 after updating B : 0.821845
Iteration number -------- 92  -----------
lambda : 1.57439
max_diff => 9.998e-08
performed mixing
Frob norm 1 after updating U: 0.821848
200 iterations
f(b) = 0.804239
Frob norm 2 after updating B : 0.821803
Iteration number -------- 93  -----------
lambda : 1.58226
max_diff => 9.998e-08
performed mixing
Frob norm 1 after updating U: 0.821806
200 iterations
f(b) = 0.798752
Frob norm 2 after updating B : 0.821851
Iteration number -------- 94  -----------
lambda : 1.59017
max_diff => 9.998e-08
performed mixing
Frob norm 1 after updating U: 0.821853
200 iterations
f(b) = 0.797272
Frob norm 2 after updating B : 0.821899
Iteration number -------- 95  -----------
lambda : 1.59812
max_diff => 9.998e-08
performed mixing
Frob norm 1 after updating U: 0.821901
200 iterations
f(b) = 0.801355
Frob norm 2 after updating B : 0.821876
Iteration number -------- 96  -----------
lambda : 1.60611
max_diff => 9.998e-08
performed mixing
Frob norm 1 after updating U: 0.821877
200 iterations
f(b) = 0.805754
Frob norm 2 after updating B : 0.821823
Iteration number -------- 97  -----------
lambda : 1.61414
max_diff => 9.998e-08
performed mixing
Frob norm 1 after updating U: 0.821824
200 iterations
f(b) = 0.80263
Frob norm 2 after updating B : 0.821845
Iteration number -------- 98  -----------
lambda : 1.62221
max_diff => 9.998e-08
performed mixing
Frob norm 1 after updating U: 0.821845
200 iterations
f(b) = 0.80337
Frob norm 2 after updating B : 0.821827
Iteration number -------- 99  -----------
lambda : 1.63032
max_diff => 9.9988e-08
performed mixing
Frob norm 1 after updating U: 0.821828
200 iterations
f(b) = 0.802754
Frob norm 2 after updating B : 0.821835
Iteration number -------- 100  -----------
lambda : 1.63848
max_diff => 9.998e-08
