Academic license - for non-commercial use only
Frob norm 1 after updating U: 10.3292
200 iterations
f(b) = 57.1743
Frob norm 2 after updating B : 6.8263
Iteration number -------- 1  -----------
lambda : 1
max_diff => 0.13212
performed mixing
Frob norm 1 after updating U: 5.51797
200 iterations
f(b) = 50.4155
Frob norm 2 after updating B : 6.41006
Iteration number -------- 2  -----------
lambda : 1.005
max_diff => 0.123125
performed mixing
Frob norm 1 after updating U: 5.09705
200 iterations
f(b) = 44.4274
Frob norm 2 after updating B : 5.9988
Iteration number -------- 3  -----------
lambda : 1.01002
max_diff => 0.116246
performed mixing
Frob norm 1 after updating U: 4.8287
200 iterations
f(b) = 39.2671
Frob norm 2 after updating B : 5.65275
Iteration number -------- 4  -----------
lambda : 1.01508
max_diff => 0.106402
performed mixing
Frob norm 1 after updating U: 4.58583
200 iterations
f(b) = 35.3336
Frob norm 2 after updating B : 5.32331
Iteration number -------- 5  -----------
lambda : 1.02015
max_diff => 0.103234
performed mixing
Frob norm 1 after updating U: 4.53514
200 iterations
f(b) = 32.389
Frob norm 2 after updating B : 5.0872
Iteration number -------- 6  -----------
lambda : 1.02525
max_diff => 0.0969427
performed mixing
Frob norm 1 after updating U: 4.46329
200 iterations
f(b) = 30.1404
Frob norm 2 after updating B : 4.89652
Iteration number -------- 7  -----------
lambda : 1.03038
max_diff => 0.0934195
performed mixing
Frob norm 1 after updating U: 4.43463
200 iterations
f(b) = 28.4908
Frob norm 2 after updating B : 4.75501
Iteration number -------- 8  -----------
lambda : 1.03553
max_diff => 0.0940721
performed mixing
Frob norm 1 after updating U: 4.40272
200 iterations
f(b) = 27.4011
Frob norm 2 after updating B : 4.63393
Iteration number -------- 9  -----------
lambda : 1.04071
max_diff => 0.0941125
performed mixing
Frob norm 1 after updating U: 4.40135
200 iterations
f(b) = 26.3895
Frob norm 2 after updating B : 4.57953
Iteration number -------- 10  -----------
lambda : 1.04591
max_diff => 0.0958703
performed mixing
Frob norm 1 after updating U: 4.34563
200 iterations
f(b) = 25.7143
Frob norm 2 after updating B : 4.49858
Iteration number -------- 11  -----------
lambda : 1.05114
max_diff => 0.0958798
performed mixing
Frob norm 1 after updating U: 4.34554
200 iterations
f(b) = 25.1358
Frob norm 2 after updating B : 4.45781
Iteration number -------- 12  -----------
lambda : 1.0564
max_diff => 0.0970164
performed mixing
Frob norm 1 after updating U: 4.33279
200 iterations
f(b) = 24.6902
Frob norm 2 after updating B : 4.40901
Iteration number -------- 13  -----------
lambda : 1.06168
max_diff => 0.0978686
performed mixing
Frob norm 1 after updating U: 4.30641
200 iterations
f(b) = 21.3521
Frob norm 2 after updating B : 3.98317
Iteration number -------- 14  -----------
lambda : 1.06699
max_diff => 0.0970683
performed mixing
Frob norm 1 after updating U: 3.63193
200 iterations
f(b) = 19.7809
Frob norm 2 after updating B : 3.85496
Iteration number -------- 15  -----------
lambda : 1.07232
max_diff => 0.0984799
performed mixing
Frob norm 1 after updating U: 3.60715
200 iterations
f(b) = 19.2089
Frob norm 2 after updating B : 3.77246
Iteration number -------- 16  -----------
lambda : 1.07768
max_diff => 0.0985149
performed mixing
Frob norm 1 after updating U: 3.60725
200 iterations
f(b) = 18.8045
Frob norm 2 after updating B : 3.71692
Iteration number -------- 17  -----------
lambda : 1.08307
max_diff => 0.09861
performed mixing
Frob norm 1 after updating U: 3.60462
200 iterations
f(b) = 18.3113
Frob norm 2 after updating B : 3.67384
Iteration number -------- 18  -----------
lambda : 1.08849
max_diff => 0.100486
performed mixing
Frob norm 1 after updating U: 3.56141
200 iterations
f(b) = 18.0657
Frob norm 2 after updating B : 3.63565
Iteration number -------- 19  -----------
lambda : 1.09393
max_diff => 0.100479
performed mixing
Frob norm 1 after updating U: 3.55987
200 iterations
f(b) = 16.9856
Frob norm 2 after updating B : 3.58588
Iteration number -------- 20  -----------
lambda : 1.0994
max_diff => 0.0968448
performed mixing
Frob norm 1 after updating U: 3.43918
200 iterations
f(b) = 16.6747
Frob norm 2 after updating B : 3.534
Iteration number -------- 21  -----------
lambda : 1.1049
max_diff => 0.0968758
performed mixing
Frob norm 1 after updating U: 3.43876
200 iterations
f(b) = 16.4566
Frob norm 2 after updating B : 3.50039
Iteration number -------- 22  -----------
lambda : 1.11042
max_diff => 0.0968688
performed mixing
Frob norm 1 after updating U: 3.43817
200 iterations
f(b) = 16.308
Frob norm 2 after updating B : 3.47903
Iteration number -------- 23  -----------
lambda : 1.11597
max_diff => 0.0968776
performed mixing
Frob norm 1 after updating U: 3.43726
200 iterations
f(b) = 15.955
Frob norm 2 after updating B : 3.47679
Iteration number -------- 24  -----------
lambda : 1.12155
max_diff => 0.101935
performed mixing
Frob norm 1 after updating U: 3.41722
200 iterations
f(b) = 15.7739
Frob norm 2 after updating B : 3.46401
Iteration number -------- 25  -----------
lambda : 1.12716
max_diff => 0.104548
performed mixing
Frob norm 1 after updating U: 3.41413
200 iterations
f(b) = 15.6956
Frob norm 2 after updating B : 3.44619
Iteration number -------- 26  -----------
lambda : 1.1328
max_diff => 0.104701
performed mixing
Frob norm 1 after updating U: 3.41366
200 iterations
f(b) = 15.4891
Frob norm 2 after updating B : 3.44037
Iteration number -------- 27  -----------
lambda : 1.13846
max_diff => 0.111761
performed mixing
Frob norm 1 after updating U: 3.40206
200 iterations
f(b) = 15.4572
Frob norm 2 after updating B : 3.42664
Iteration number -------- 28  -----------
lambda : 1.14415
max_diff => 0.111826
performed mixing
Frob norm 1 after updating U: 3.40175
200 iterations
f(b) = 15.3814
Frob norm 2 after updating B : 3.41763
Iteration number -------- 29  -----------
lambda : 1.14987
max_diff => 0.111998
performed mixing
Frob norm 1 after updating U: 3.40109
200 iterations
f(b) = 15.3797
Frob norm 2 after updating B : 3.41124
Iteration number -------- 30  -----------
lambda : 1.15562
max_diff => 0.112203
performed mixing
Frob norm 1 after updating U: 3.39999
200 iterations
f(b) = 15.2042
Frob norm 2 after updating B : 3.40276
Iteration number -------- 31  -----------
lambda : 1.1614
max_diff => 0.11504
performed mixing
Frob norm 1 after updating U: 3.38263
200 iterations
f(b) = 15.2216
Frob norm 2 after updating B : 3.39487
Iteration number -------- 32  -----------
lambda : 1.16721
max_diff => 0.115091
performed mixing
Frob norm 1 after updating U: 3.38144
200 iterations
f(b) = 14.9081
Frob norm 2 after updating B : 3.37495
Iteration number -------- 33  -----------
lambda : 1.17304
max_diff => 0.11403
performed mixing
Frob norm 1 after updating U: 3.30906
200 iterations
f(b) = 13.7642
Frob norm 2 after updating B : 3.19146
Iteration number -------- 34  -----------
lambda : 1.17891
max_diff => 0.108775
performed mixing
Frob norm 1 after updating U: 2.91152
200 iterations
f(b) = 11.7152
Frob norm 2 after updating B : 3.00143
Iteration number -------- 35  -----------
lambda : 1.1848
max_diff => 0.0997345
performed mixing
Frob norm 1 after updating U: 2.72829
200 iterations
f(b) = 10.8284
Frob norm 2 after updating B : 2.96131
Iteration number -------- 36  -----------
lambda : 1.19073
max_diff => 0.0892442
performed mixing
Frob norm 1 after updating U: 2.67464
200 iterations
f(b) = 10.1507
Frob norm 2 after updating B : 2.8713
Iteration number -------- 37  -----------
lambda : 1.19668
max_diff => 0.0829246
performed mixing
Frob norm 1 after updating U: 2.63472
200 iterations
f(b) = 8.85654
Frob norm 2 after updating B : 2.80848
Iteration number -------- 38  -----------
lambda : 1.20266
max_diff => 0.0607888
performed mixing
Frob norm 1 after updating U: 2.36887
200 iterations
f(b) = 8.016
Frob norm 2 after updating B : 2.65923
Iteration number -------- 39  -----------
lambda : 1.20868
max_diff => 0.0607558
performed mixing
Frob norm 1 after updating U: 2.36696
200 iterations
f(b) = 7.4992
Frob norm 2 after updating B : 2.55974
Iteration number -------- 40  -----------
lambda : 1.21472
max_diff => 0.0607201
performed mixing
Frob norm 1 after updating U: 2.36691
200 iterations
f(b) = 6.98075
Frob norm 2 after updating B : 2.51461
Iteration number -------- 41  -----------
lambda : 1.22079
max_diff => 0.0591829
performed mixing
Frob norm 1 after updating U: 2.36576
200 iterations
f(b) = 6.74309
Frob norm 2 after updating B : 2.46582
Iteration number -------- 42  -----------
lambda : 1.2269
max_diff => 0.0586474
performed mixing
Frob norm 1 after updating U: 2.36515
200 iterations
f(b) = 6.57603
Frob norm 2 after updating B : 2.43071
Iteration number -------- 43  -----------
lambda : 1.23303
max_diff => 0.0584658
performed mixing
Frob norm 1 after updating U: 2.36493
200 iterations
f(b) = 6.40149
Frob norm 2 after updating B : 2.41034
Iteration number -------- 44  -----------
lambda : 1.2392
max_diff => 0.0571566
performed mixing
Frob norm 1 after updating U: 2.36358
200 iterations
f(b) = 6.34243
Frob norm 2 after updating B : 2.39394
Iteration number -------- 45  -----------
lambda : 1.24539
max_diff => 0.0569178
performed mixing
Frob norm 1 after updating U: 2.36354
200 iterations
f(b) = 6.29353
Frob norm 2 after updating B : 2.38302
Iteration number -------- 46  -----------
lambda : 1.25162
max_diff => 0.0568211
performed mixing
Frob norm 1 after updating U: 2.36342
200 iterations
f(b) = 6.26212
Frob norm 2 after updating B : 2.37586
Iteration number -------- 47  -----------
lambda : 1.25788
max_diff => 0.0566597
performed mixing
Frob norm 1 after updating U: 2.36319
200 iterations
f(b) = 6.24223
Frob norm 2 after updating B : 2.3707
Iteration number -------- 48  -----------
lambda : 1.26417
max_diff => 0.0562977
performed mixing
Frob norm 1 after updating U: 2.36245
200 iterations
f(b) = 6.22973
Frob norm 2 after updating B : 2.36677
Iteration number -------- 49  -----------
lambda : 1.27049
max_diff => 0.0557219
performed mixing
Frob norm 1 after updating U: 2.36134
200 iterations
f(b) = 6.21956
Frob norm 2 after updating B : 2.36439
Iteration number -------- 50  -----------
lambda : 1.27684
max_diff => 0.0551845
performed mixing
Frob norm 1 after updating U: 2.36081
200 iterations
f(b) = 6.21875
Frob norm 2 after updating B : 2.36281
Iteration number -------- 51  -----------
lambda : 1.28323
max_diff => 0.0549006
performed mixing
Frob norm 1 after updating U: 2.36046
200 iterations
f(b) = 6.20678
Frob norm 2 after updating B : 2.36069
Iteration number -------- 52  -----------
lambda : 1.28964
max_diff => 0.0536197
performed mixing
Frob norm 1 after updating U: 2.35902
200 iterations
f(b) = 6.01125
Frob norm 2 after updating B : 2.3669
Iteration number -------- 53  -----------
lambda : 1.29609
max_diff => 0.051728
performed mixing
Frob norm 1 after updating U: 2.33929
200 iterations
f(b) = 5.98741
Frob norm 2 after updating B : 2.35694
Iteration number -------- 54  -----------
lambda : 1.30257
max_diff => 0.0518634
performed mixing
Frob norm 1 after updating U: 2.33909
200 iterations
f(b) = 5.96123
Frob norm 2 after updating B : 2.35031
Iteration number -------- 55  -----------
lambda : 1.30908
max_diff => 0.0519731
performed mixing
Frob norm 1 after updating U: 2.3388
200 iterations
f(b) = 5.94744
Frob norm 2 after updating B : 2.34583
Iteration number -------- 56  -----------
lambda : 1.31563
max_diff => 0.0521381
performed mixing
Frob norm 1 after updating U: 2.33836
200 iterations
f(b) = 5.92863
Frob norm 2 after updating B : 2.34251
Iteration number -------- 57  -----------
lambda : 1.32221
max_diff => 0.0523615
performed mixing
Frob norm 1 after updating U: 2.33768
200 iterations
f(b) = 5.88513
Frob norm 2 after updating B : 2.33999
Iteration number -------- 58  -----------
lambda : 1.32882
max_diff => 0.0526322
performed mixing
Frob norm 1 after updating U: 2.33681
200 iterations
f(b) = 5.91813
Frob norm 2 after updating B : 2.33764
Iteration number -------- 59  -----------
lambda : 1.33546
max_diff => 0.0532049
performed mixing
Frob norm 1 after updating U: 2.33551
200 iterations
f(b) = 5.91965
Frob norm 2 after updating B : 2.33605
Iteration number -------- 60  -----------
lambda : 1.34214
max_diff => 0.0535212
performed mixing
Frob norm 1 after updating U: 2.33463
200 iterations
f(b) = 5.91442
Frob norm 2 after updating B : 2.33444
Iteration number -------- 61  -----------
lambda : 1.34885
max_diff => 0.0540119
performed mixing
Frob norm 1 after updating U: 2.33347
200 iterations
f(b) = 5.90994
Frob norm 2 after updating B : 2.33273
Iteration number -------- 62  -----------
lambda : 1.35559
max_diff => 0.0546994
performed mixing
Frob norm 1 after updating U: 2.33205
200 iterations
f(b) = 5.8412
Frob norm 2 after updating B : 2.32793
Iteration number -------- 63  -----------
lambda : 1.36237
max_diff => 0.0563665
performed mixing
Frob norm 1 after updating U: 2.32729
200 iterations
f(b) = 5.8965
Frob norm 2 after updating B : 2.32576
Iteration number -------- 64  -----------
lambda : 1.36918
max_diff => 0.0568953
performed mixing
Frob norm 1 after updating U: 2.32526
200 iterations
f(b) = 6.04625
Frob norm 2 after updating B : 2.32258
Iteration number -------- 65  -----------
lambda : 1.37603
max_diff => 0.0569774
performed mixing
Frob norm 1 after updating U: 2.32191
200 iterations
f(b) = 5.8878
Frob norm 2 after updating B : 2.31731
Iteration number -------- 66  -----------
lambda : 1.38291
max_diff => 0.0583991
performed mixing
Frob norm 1 after updating U: 2.31677
200 iterations
f(b) = 5.88832
Frob norm 2 after updating B : 2.31587
Iteration number -------- 67  -----------
lambda : 1.38982
max_diff => 0.0587761
performed mixing
Frob norm 1 after updating U: 2.31546
200 iterations
f(b) = 5.89684
Frob norm 2 after updating B : 2.31484
Iteration number -------- 68  -----------
lambda : 1.39677
max_diff => 0.0589726
performed mixing
Frob norm 1 after updating U: 2.31454
200 iterations
f(b) = 5.89821
Frob norm 2 after updating B : 2.31398
Iteration number -------- 69  -----------
lambda : 1.40376
max_diff => 0.0591863
performed mixing
Frob norm 1 after updating U: 2.31376
200 iterations
f(b) = 5.83126
Frob norm 2 after updating B : 2.31198
Iteration number -------- 70  -----------
lambda : 1.41078
max_diff => 0.0597481
performed mixing
Frob norm 1 after updating U: 2.31177
200 iterations
f(b) = 5.88534
Frob norm 2 after updating B : 2.30962
Iteration number -------- 71  -----------
lambda : 1.41783
max_diff => 0.0602119
performed mixing
Frob norm 1 after updating U: 2.30941
200 iterations
f(b) = 5.86135
Frob norm 2 after updating B : 2.30746
Iteration number -------- 72  -----------
lambda : 1.42492
max_diff => 0.0604548
performed mixing
Frob norm 1 after updating U: 2.30724
200 iterations
f(b) = 5.41475
Frob norm 2 after updating B : 2.25334
Iteration number -------- 73  -----------
lambda : 1.43204
max_diff => 0.0148183
performed mixing
Frob norm 1 after updating U: 2.21463
200 iterations
f(b) = 5.41119
Frob norm 2 after updating B : 2.23934
Iteration number -------- 74  -----------
lambda : 1.4392
max_diff => 0.0148534
performed mixing
Frob norm 1 after updating U: 2.21441
200 iterations
f(b) = 5.37366
Frob norm 2 after updating B : 2.23014
Iteration number -------- 75  -----------
lambda : 1.4464
max_diff => 0.0149234
performed mixing
Frob norm 1 after updating U: 2.21397
200 iterations
f(b) = 5.34828
Frob norm 2 after updating B : 2.22357
Iteration number -------- 76  -----------
lambda : 1.45363
max_diff => 0.0151076
performed mixing
Frob norm 1 after updating U: 2.21289
200 iterations
f(b) = 5.32376
Frob norm 2 after updating B : 2.21805
Iteration number -------- 77  -----------
lambda : 1.4609
max_diff => 0.0154561
performed mixing
Frob norm 1 after updating U: 2.21073
200 iterations
f(b) = 5.19044
Frob norm 2 after updating B : 2.15911
Iteration number -------- 78  -----------
lambda : 1.46821
max_diff => 0.0313965
performed mixing
Frob norm 1 after updating U: 2.12599
200 iterations
f(b) = 5.2111
Frob norm 2 after updating B : 2.1474
Iteration number -------- 79  -----------
lambda : 1.47555
max_diff => 0.031569
performed mixing
Frob norm 1 after updating U: 2.12528
200 iterations
f(b) = 5.17642
Frob norm 2 after updating B : 2.13873
Iteration number -------- 80  -----------
lambda : 1.48292
max_diff => 0.031921
performed mixing
Frob norm 1 after updating U: 2.12352
200 iterations
f(b) = 5.02203
Frob norm 2 after updating B : 2.07746
Iteration number -------- 81  -----------
lambda : 1.49034
max_diff => 0.0496793
performed mixing
Frob norm 1 after updating U: 2.02358
200 iterations
f(b) = 5.00707
Frob norm 2 after updating B : 2.05915
Iteration number -------- 82  -----------
lambda : 1.49779
max_diff => 0.0498447
performed mixing
Frob norm 1 after updating U: 2.02257
200 iterations
f(b) = 4.95134
Frob norm 2 after updating B : 2.04635
Iteration number -------- 83  -----------
lambda : 1.50528
max_diff => 0.0500742
performed mixing
Frob norm 1 after updating U: 2.02109
200 iterations
f(b) = 4.91215
Frob norm 2 after updating B : 2.03441
Iteration number -------- 84  -----------
lambda : 1.51281
max_diff => 0.0509973
performed mixing
Frob norm 1 after updating U: 2.01533
200 iterations
f(b) = 4.89116
Frob norm 2 after updating B : 2.02629
Iteration number -------- 85  -----------
lambda : 1.52037
max_diff => 0.0514419
performed mixing
Frob norm 1 after updating U: 2.01243
200 iterations
f(b) = 4.6217
Frob norm 2 after updating B : 1.95057
Iteration number -------- 86  -----------
lambda : 1.52797
max_diff => 0.0620734
performed mixing
Frob norm 1 after updating U: 1.83066
200 iterations
f(b) = 4.52843
Frob norm 2 after updating B : 1.91043
Iteration number -------- 87  -----------
lambda : 1.53561
max_diff => 0.0620404
performed mixing
Frob norm 1 after updating U: 1.82984
200 iterations
f(b) = 4.43018
Frob norm 2 after updating B : 1.88295
Iteration number -------- 88  -----------
lambda : 1.54329
max_diff => 0.061963
performed mixing
Frob norm 1 after updating U: 1.82791
200 iterations
f(b) = 4.38452
Frob norm 2 after updating B : 1.85683
Iteration number -------- 89  -----------
lambda : 1.55101
max_diff => 0.0617794
performed mixing
Frob norm 1 after updating U: 1.81601
200 iterations
f(b) = 4.30287
Frob norm 2 after updating B : 1.84012
Iteration number -------- 90  -----------
lambda : 1.55876
max_diff => 0.0616017
performed mixing
Frob norm 1 after updating U: 1.81116
200 iterations
f(b) = 4.25962
Frob norm 2 after updating B : 1.82791
Iteration number -------- 91  -----------
lambda : 1.56655
max_diff => 0.061333
performed mixing
Frob norm 1 after updating U: 1.80672
200 iterations
f(b) = 4.22918
Frob norm 2 after updating B : 1.81857
Iteration number -------- 92  -----------
lambda : 1.57439
max_diff => 0.0611095
performed mixing
Frob norm 1 after updating U: 1.80308
200 iterations
f(b) = 4.20734
Frob norm 2 after updating B : 1.81143
Iteration number -------- 93  -----------
lambda : 1.58226
max_diff => 0.0608866
performed mixing
Frob norm 1 after updating U: 1.80005
200 iterations
f(b) = 4.17936
Frob norm 2 after updating B : 1.80255
Iteration number -------- 94  -----------
lambda : 1.59017
max_diff => 0.0603522
performed mixing
Frob norm 1 after updating U: 1.79324
200 iterations
f(b) = 3.56909
Frob norm 2 after updating B : 1.78658
Iteration number -------- 95  -----------
lambda : 1.59812
max_diff => 0.0273785
performed mixing
Frob norm 1 after updating U: 1.56744
200 iterations
f(b) = 3.31451
Frob norm 2 after updating B : 1.68503
Iteration number -------- 96  -----------
lambda : 1.60611
max_diff => 0.0419386
performed mixing
Frob norm 1 after updating U: 1.52705
200 iterations
f(b) = 3.11358
Frob norm 2 after updating B : 1.628
Iteration number -------- 97  -----------
lambda : 1.61414
max_diff => 0.0427492
performed mixing
Frob norm 1 after updating U: 1.52459
200 iterations
f(b) = 2.99635
Frob norm 2 after updating B : 1.5915
Iteration number -------- 98  -----------
lambda : 1.62221
max_diff => 0.0431202
performed mixing
Frob norm 1 after updating U: 1.52379
200 iterations
f(b) = 2.92251
Frob norm 2 after updating B : 1.56585
Iteration number -------- 99  -----------
lambda : 1.63032
max_diff => 0.0438996
performed mixing
Frob norm 1 after updating U: 1.52149
200 iterations
f(b) = 2.89911
Frob norm 2 after updating B : 1.54768
Iteration number -------- 100  -----------
lambda : 1.63848
max_diff => 0.0447755
