Academic license - for non-commercial use only
Frob norm 1 after updating U: 10.9807
200 iterations
f(b) = 58.0433
Frob norm 2 after updating B : 7.07523
Iteration number -------- 1  -----------
lambda : 1
max_diff => 0.147261
performed mixing
Frob norm 1 after updating U: 6.05733
200 iterations
f(b) = 52.2678
Frob norm 2 after updating B : 6.67998
Iteration number -------- 2  -----------
lambda : 1.005
max_diff => 0.138898
performed mixing
Frob norm 1 after updating U: 5.62875
200 iterations
f(b) = 46.8487
Frob norm 2 after updating B : 6.29922
Iteration number -------- 3  -----------
lambda : 1.01002
max_diff => 0.117609
performed mixing
Frob norm 1 after updating U: 5.26455
200 iterations
f(b) = 42.0254
Frob norm 2 after updating B : 5.95677
Iteration number -------- 4  -----------
lambda : 1.01508
max_diff => 0.120508
performed mixing
Frob norm 1 after updating U: 4.92834
200 iterations
f(b) = 37.6466
Frob norm 2 after updating B : 5.6433
Iteration number -------- 5  -----------
lambda : 1.02015
max_diff => 0.125151
performed mixing
Frob norm 1 after updating U: 4.67502
200 iterations
f(b) = 33.9175
Frob norm 2 after updating B : 5.3514
Iteration number -------- 6  -----------
lambda : 1.02525
max_diff => 0.123843
performed mixing
Frob norm 1 after updating U: 4.51135
200 iterations
f(b) = 30.6338
Frob norm 2 after updating B : 5.0842
Iteration number -------- 7  -----------
lambda : 1.03038
max_diff => 0.117663
performed mixing
Frob norm 1 after updating U: 4.34329
200 iterations
f(b) = 25.8922
Frob norm 2 after updating B : 4.74435
Iteration number -------- 8  -----------
lambda : 1.03553
max_diff => 0.0714884
performed mixing
Frob norm 1 after updating U: 3.93472
200 iterations
f(b) = 23.2038
Frob norm 2 after updating B : 4.51806
Iteration number -------- 9  -----------
lambda : 1.04071
max_diff => 0.062494
performed mixing
Frob norm 1 after updating U: 3.86732
200 iterations
f(b) = 21.1146
Frob norm 2 after updating B : 4.32565
Iteration number -------- 10  -----------
lambda : 1.04591
max_diff => 0.0623865
performed mixing
Frob norm 1 after updating U: 3.81003
200 iterations
f(b) = 19.4479
Frob norm 2 after updating B : 4.16764
Iteration number -------- 11  -----------
lambda : 1.05114
max_diff => 0.0614693
performed mixing
Frob norm 1 after updating U: 3.7525
200 iterations
f(b) = 18.3118
Frob norm 2 after updating B : 4.02452
Iteration number -------- 12  -----------
lambda : 1.0564
max_diff => 0.061426
performed mixing
Frob norm 1 after updating U: 3.75015
200 iterations
f(b) = 17.1916
Frob norm 2 after updating B : 3.94436
Iteration number -------- 13  -----------
lambda : 1.06168
max_diff => 0.0605193
performed mixing
Frob norm 1 after updating U: 3.65963
200 iterations
f(b) = 14.7901
Frob norm 2 after updating B : 3.63831
Iteration number -------- 14  -----------
lambda : 1.06699
max_diff => 0.0309598
performed mixing
Frob norm 1 after updating U: 3.28325
200 iterations
f(b) = 13.6033
Frob norm 2 after updating B : 3.53798
Iteration number -------- 15  -----------
lambda : 1.07232
max_diff => 0.0188585
performed mixing
Frob norm 1 after updating U: 3.24329
200 iterations
f(b) = 11.5658
Frob norm 2 after updating B : 3.31242
Iteration number -------- 16  -----------
lambda : 1.07768
max_diff => 0.00521716
performed mixing
Frob norm 1 after updating U: 2.72149
200 iterations
f(b) = 10.357
Frob norm 2 after updating B : 3.11573
Iteration number -------- 17  -----------
lambda : 1.08307
max_diff => 0.00500271
performed mixing
Frob norm 1 after updating U: 2.72066
200 iterations
f(b) = 9.29246
Frob norm 2 after updating B : 3.01452
Iteration number -------- 18  -----------
lambda : 1.08849
max_diff => 0.00268075
performed mixing
Frob norm 1 after updating U: 2.71415
200 iterations
f(b) = 8.77719
Frob norm 2 after updating B : 2.91108
Iteration number -------- 19  -----------
lambda : 1.09393
max_diff => 0.00268249
performed mixing
Frob norm 1 after updating U: 2.7131
200 iterations
f(b) = 7.14084
Frob norm 2 after updating B : 2.5764
Iteration number -------- 20  -----------
lambda : 1.0994
max_diff => 0.0634053
performed mixing
Frob norm 1 after updating U: 2.13711
200 iterations
f(b) = 5.45397
Frob norm 2 after updating B : 2.2317
Iteration number -------- 21  -----------
lambda : 1.1049
max_diff => 0.0489712
performed mixing
Frob norm 1 after updating U: 1.8033
200 iterations
f(b) = 2.60845
Frob norm 2 after updating B : 1.4893
Iteration number -------- 22  -----------
lambda : 1.11042
max_diff => 0.0189412
performed mixing
Frob norm 1 after updating U: 0.206683
200 iterations
f(b) = 1.4888
Frob norm 2 after updating B : 1.11962
Iteration number -------- 23  -----------
lambda : 1.11597
max_diff => 0.0232784
performed mixing
Frob norm 1 after updating U: 0.168556
200 iterations
f(b) = 0.948272
Frob norm 2 after updating B : 0.939826
Iteration number -------- 24  -----------
lambda : 1.12155
max_diff => 0.000431145
performed mixing
Frob norm 1 after updating U: 0.0306798
200 iterations
f(b) = 0.684995
Frob norm 2 after updating B : 0.753603
Iteration number -------- 25  -----------
lambda : 1.12716
max_diff => 0.0003652
performed mixing
Frob norm 1 after updating U: 0.0288241
200 iterations
f(b) = 0.444552
Frob norm 2 after updating B : 0.612216
Iteration number -------- 26  -----------
lambda : 1.1328
max_diff => 1.21618e-07
performed mixing
Frob norm 1 after updating U: 0.0127597
200 iterations
f(b) = 0.336423
Frob norm 2 after updating B : 0.490255
Iteration number -------- 27  -----------
lambda : 1.13846
max_diff => 1.11913e-07
performed mixing
Frob norm 1 after updating U: 0.0127282
200 iterations
f(b) = 0.246915
Frob norm 2 after updating B : 0.392575
Iteration number -------- 28  -----------
lambda : 1.14415
max_diff => 1.00286e-07
performed mixing
Frob norm 1 after updating U: 0.012727
200 iterations
f(b) = 0.194133
Frob norm 2 after updating B : 0.314555
Iteration number -------- 29  -----------
lambda : 1.14987
max_diff => 9.998e-08
performed mixing
Frob norm 1 after updating U: 0.0127101
200 iterations
f(b) = 0.161005
Frob norm 2 after updating B : 0.252055
Iteration number -------- 30  -----------
lambda : 1.15562
max_diff => 9.998e-08
performed mixing
Frob norm 1 after updating U: 0.0126897
200 iterations
f(b) = 0.13218
Frob norm 2 after updating B : 0.20225
Iteration number -------- 31  -----------
lambda : 1.1614
max_diff => 9.998e-08
performed mixing
Frob norm 1 after updating U: 0.0127009
200 iterations
f(b) = 0.0917104
Frob norm 2 after updating B : 0.162221
Iteration number -------- 32  -----------
lambda : 1.16721
max_diff => 9.998e-08
performed mixing
Frob norm 1 after updating U: 0.0127278
200 iterations
f(b) = 0.112785
Frob norm 2 after updating B : 0.130339
Iteration number -------- 33  -----------
lambda : 1.17304
max_diff => 9.998e-08
performed mixing
Frob norm 1 after updating U: 0.012712
200 iterations
f(b) = 0.109764
Frob norm 2 after updating B : 0.104941
Iteration number -------- 34  -----------
lambda : 1.17891
max_diff => 9.998e-08
performed mixing
Frob norm 1 after updating U: 0.0126728
200 iterations
f(b) = 0.0714627
Frob norm 2 after updating B : 0.0846691
Iteration number -------- 35  -----------
lambda : 1.1848
max_diff => 9.998e-08
performed mixing
Frob norm 1 after updating U: 0.0126941
200 iterations
f(b) = 0.0684286
Frob norm 2 after updating B : 0.0684754
Iteration number -------- 36  -----------
lambda : 1.19073
max_diff => 9.998e-08
performed mixing
Frob norm 1 after updating U: 0.012644
200 iterations
f(b) = 0.0661289
Frob norm 2 after updating B : 0.0556221
Iteration number -------- 37  -----------
lambda : 1.19668
max_diff => 9.998e-08
performed mixing
Frob norm 1 after updating U: 0.0126759
200 iterations
f(b) = 0.0586711
Frob norm 2 after updating B : 0.0454245
Iteration number -------- 38  -----------
lambda : 1.20266
max_diff => 9.998e-08
performed mixing
Frob norm 1 after updating U: 0.0126686
200 iterations
f(b) = 0.0597246
Frob norm 2 after updating B : 0.0374511
Iteration number -------- 39  -----------
lambda : 1.20868
max_diff => 9.998e-08
performed mixing
Frob norm 1 after updating U: 0.0127188
200 iterations
f(b) = 0.0592668
Frob norm 2 after updating B : 0.0312481
Iteration number -------- 40  -----------
lambda : 1.21472
max_diff => 9.998e-08
performed mixing
Frob norm 1 after updating U: 0.0126974
200 iterations
f(b) = 0.0518689
Frob norm 2 after updating B : 0.0263851
Iteration number -------- 41  -----------
lambda : 1.22079
max_diff => 9.998e-08
performed mixing
Frob norm 1 after updating U: 0.0126974
200 iterations
f(b) = 0.0521037
Frob norm 2 after updating B : 0.0226877
Iteration number -------- 42  -----------
lambda : 1.2269
max_diff => 9.998e-08
performed mixing
Frob norm 1 after updating U: 0.0126152
200 iterations
f(b) = 0.0543876
Frob norm 2 after updating B : 0.0198966
Iteration number -------- 43  -----------
lambda : 1.23303
max_diff => 9.998e-08
performed mixing
Frob norm 1 after updating U: 0.012642
200 iterations
f(b) = 0.0571385
Frob norm 2 after updating B : 0.017846
Iteration number -------- 44  -----------
lambda : 1.2392
max_diff => 9.998e-08
performed mixing
Frob norm 1 after updating U: 0.0126391
200 iterations
f(b) = 0.0512265
Frob norm 2 after updating B : 0.0163566
Iteration number -------- 45  -----------
lambda : 1.24539
max_diff => 9.998e-08
performed mixing
Frob norm 1 after updating U: 0.0126676
200 iterations
f(b) = 0.0465217
Frob norm 2 after updating B : 0.0152846
Iteration number -------- 46  -----------
lambda : 1.25162
max_diff => 9.998e-08
performed mixing
Frob norm 1 after updating U: 0.012618
200 iterations
f(b) = 0.0512379
Frob norm 2 after updating B : 0.014564
Iteration number -------- 47  -----------
lambda : 1.25788
max_diff => 9.998e-08
performed mixing
Frob norm 1 after updating U: 0.0126626
200 iterations
f(b) = 0.0477365
Frob norm 2 after updating B : 0.014012
Iteration number -------- 48  -----------
lambda : 1.26417
max_diff => 9.998e-08
performed mixing
Frob norm 1 after updating U: 0.0126632
200 iterations
f(b) = 0.0461594
Frob norm 2 after updating B : 0.0136198
Iteration number -------- 49  -----------
lambda : 1.27049
max_diff => 9.998e-08
performed mixing
Frob norm 1 after updating U: 0.0126465
200 iterations
f(b) = 0.0428091
Frob norm 2 after updating B : 0.0133059
Iteration number -------- 50  -----------
lambda : 1.27684
max_diff => 9.998e-08
performed mixing
Frob norm 1 after updating U: 0.012605
200 iterations
f(b) = 0.0357126
Frob norm 2 after updating B : 0.0131532
Iteration number -------- 51  -----------
lambda : 1.28323
max_diff => 9.998e-08
performed mixing
Frob norm 1 after updating U: 0.0126276
200 iterations
f(b) = 0.0493539
Frob norm 2 after updating B : 0.0129777
Iteration number -------- 52  -----------
lambda : 1.28964
max_diff => 9.998e-08
performed mixing
Frob norm 1 after updating U: 0.0125964
200 iterations
f(b) = 0.0352862
Frob norm 2 after updating B : 0.0129161
Iteration number -------- 53  -----------
lambda : 1.29609
max_diff => 9.998e-08
performed mixing
Frob norm 1 after updating U: 0.0126412
200 iterations
f(b) = 0.0412288
Frob norm 2 after updating B : 0.0128593
Iteration number -------- 54  -----------
lambda : 1.30257
max_diff => 9.998e-08
performed mixing
Frob norm 1 after updating U: 0.0126362
200 iterations
f(b) = 0.0447292
Frob norm 2 after updating B : 0.0127931
Iteration number -------- 55  -----------
lambda : 1.30908
max_diff => 9.998e-08
performed mixing
Frob norm 1 after updating U: 0.0126133
200 iterations
f(b) = 0.0379541
Frob norm 2 after updating B : 0.0127889
Iteration number -------- 56  -----------
lambda : 1.31563
max_diff => 9.998e-08
performed mixing
Frob norm 1 after updating U: 0.0126578
200 iterations
f(b) = 0.0421748
Frob norm 2 after updating B : 0.0127282
Iteration number -------- 57  -----------
lambda : 1.32221
max_diff => 9.998e-08
performed mixing
Frob norm 1 after updating U: 0.0126313
200 iterations
f(b) = 0.0399419
Frob norm 2 after updating B : 0.0126732
Iteration number -------- 58  -----------
lambda : 1.32882
max_diff => 9.998e-08
performed mixing
Frob norm 1 after updating U: 0.0126001
200 iterations
f(b) = 0.0479375
Frob norm 2 after updating B : 0.0126102
Iteration number -------- 59  -----------
lambda : 1.33546
max_diff => 9.998e-08
performed mixing
Frob norm 1 after updating U: 0.0125559
200 iterations
f(b) = 0.0461362
Frob norm 2 after updating B : 0.0126566
Iteration number -------- 60  -----------
lambda : 1.34214
max_diff => 9.998e-08
performed mixing
Frob norm 1 after updating U: 0.0126027
200 iterations
f(b) = 0.0469232
Frob norm 2 after updating B : 0.0126157
Iteration number -------- 61  -----------
lambda : 1.34885
max_diff => 9.998e-08
performed mixing
Frob norm 1 after updating U: 0.0125857
200 iterations
f(b) = 0.0450607
Frob norm 2 after updating B : 0.0126251
Iteration number -------- 62  -----------
lambda : 1.35559
max_diff => 9.998e-08
performed mixing
Frob norm 1 after updating U: 0.0125938
200 iterations
f(b) = 0.0380109
Frob norm 2 after updating B : 0.0126577
Iteration number -------- 63  -----------
lambda : 1.36237
max_diff => 9.998e-08
performed mixing
Frob norm 1 after updating U: 0.0126241
200 iterations
f(b) = 0.0404564
Frob norm 2 after updating B : 0.0126961
Iteration number -------- 64  -----------
lambda : 1.36918
max_diff => 9.998e-08
performed mixing
Frob norm 1 after updating U: 0.012674
200 iterations
f(b) = 0.0469403
Frob norm 2 after updating B : 0.0125823
Iteration number -------- 65  -----------
lambda : 1.37603
max_diff => 9.998e-08
performed mixing
Frob norm 1 after updating U: 0.0125772
200 iterations
f(b) = 0.0499365
Frob norm 2 after updating B : 0.0125774
Iteration number -------- 66  -----------
lambda : 1.38291
max_diff => 9.998e-08
performed mixing
Frob norm 1 after updating U: 0.0125595
200 iterations
f(b) = 0.0485469
Frob norm 2 after updating B : 0.012661
Iteration number -------- 67  -----------
lambda : 1.38982
max_diff => 9.998e-08
performed mixing
Frob norm 1 after updating U: 0.0126337
200 iterations
f(b) = 0.0480443
Frob norm 2 after updating B : 0.0126286
Iteration number -------- 68  -----------
lambda : 1.39677
max_diff => 9.998e-08
performed mixing
Frob norm 1 after updating U: 0.0126239
200 iterations
f(b) = 0.0311141
Frob norm 2 after updating B : 0.012639
Iteration number -------- 69  -----------
lambda : 1.40376
max_diff => 9.998e-08
performed mixing
Frob norm 1 after updating U: 0.0126371
200 iterations
f(b) = 0.0426255
Frob norm 2 after updating B : 0.0126891
Iteration number -------- 70  -----------
lambda : 1.41078
max_diff => 9.998e-08
performed mixing
Frob norm 1 after updating U: 0.0126762
200 iterations
f(b) = 0.0459471
Frob norm 2 after updating B : 0.0126437
Iteration number -------- 71  -----------
lambda : 1.41783
max_diff => 9.998e-08
performed mixing
Frob norm 1 after updating U: 0.0126174
200 iterations
f(b) = 0.0444855
Frob norm 2 after updating B : 0.0126653
Iteration number -------- 72  -----------
lambda : 1.42492
max_diff => 9.998e-08
performed mixing
Frob norm 1 after updating U: 0.0126614
200 iterations
f(b) = 0.0456585
Frob norm 2 after updating B : 0.0126262
Iteration number -------- 73  -----------
lambda : 1.43204
max_diff => 9.998e-08
performed mixing
Frob norm 1 after updating U: 0.0126254
200 iterations
f(b) = 0.0464168
Frob norm 2 after updating B : 0.0125944
Iteration number -------- 74  -----------
lambda : 1.4392
max_diff => 9.998e-08
performed mixing
Frob norm 1 after updating U: 0.0126001
200 iterations
f(b) = 0.0554583
Frob norm 2 after updating B : 0.0125758
Iteration number -------- 75  -----------
lambda : 1.4464
max_diff => 9.998e-08
performed mixing
Frob norm 1 after updating U: 0.0125763
200 iterations
f(b) = 0.0500254
Frob norm 2 after updating B : 0.0126328
Iteration number -------- 76  -----------
lambda : 1.45363
max_diff => 9.998e-08
performed mixing
Frob norm 1 after updating U: 0.0126251
200 iterations
f(b) = 0.0474962
Frob norm 2 after updating B : 0.0126084
Iteration number -------- 77  -----------
lambda : 1.4609
max_diff => 9.998e-08
performed mixing
Frob norm 1 after updating U: 0.0126076
200 iterations
f(b) = 0.0469446
Frob norm 2 after updating B : 0.0126283
Iteration number -------- 78  -----------
lambda : 1.46821
max_diff => 1.00505e-07
performed mixing
Frob norm 1 after updating U: 0.0126192
200 iterations
f(b) = 0.0444648
Frob norm 2 after updating B : 0.012744
Iteration number -------- 79  -----------
lambda : 1.47555
max_diff => 1.32056e-07
performed mixing
Frob norm 1 after updating U: 0.0127107
200 iterations
f(b) = 0.0457537
Frob norm 2 after updating B : 0.0126766
Iteration number -------- 80  -----------
lambda : 1.48292
max_diff => 9.998e-08
performed mixing
Frob norm 1 after updating U: 0.0126688
200 iterations
f(b) = 0.0427928
Frob norm 2 after updating B : 0.0126184
Iteration number -------- 81  -----------
lambda : 1.49034
max_diff => 9.998e-08
performed mixing
Frob norm 1 after updating U: 0.0126258
200 iterations
f(b) = 0.0463733
Frob norm 2 after updating B : 0.0125683
Iteration number -------- 82  -----------
lambda : 1.49779
max_diff => 9.998e-08
performed mixing
Frob norm 1 after updating U: 0.0125754
200 iterations
f(b) = 0.0454427
Frob norm 2 after updating B : 0.0126079
Iteration number -------- 83  -----------
lambda : 1.50528
max_diff => 9.998e-08
performed mixing
Frob norm 1 after updating U: 0.0126066
200 iterations
f(b) = 0.0534904
Frob norm 2 after updating B : 0.0125863
Iteration number -------- 84  -----------
lambda : 1.51281
max_diff => 9.998e-08
performed mixing
Frob norm 1 after updating U: 0.0125834
200 iterations
f(b) = 0.0499934
Frob norm 2 after updating B : 0.0126474
Iteration number -------- 85  -----------
lambda : 1.52037
max_diff => 9.998e-08
performed mixing
Frob norm 1 after updating U: 0.0126401
200 iterations
f(b) = 0.0408419
Frob norm 2 after updating B : 0.0126454
Iteration number -------- 86  -----------
lambda : 1.52797
max_diff => 9.998e-08
performed mixing
Frob norm 1 after updating U: 0.0126447
200 iterations
f(b) = 0.0543174
Frob norm 2 after updating B : 0.0125824
Iteration number -------- 87  -----------
lambda : 1.53561
max_diff => 9.998e-08
performed mixing
Frob norm 1 after updating U: 0.0125953
200 iterations
f(b) = 0.050447
Frob norm 2 after updating B : 0.0126351
Iteration number -------- 88  -----------
lambda : 1.54329
max_diff => 9.998e-08
performed mixing
Frob norm 1 after updating U: 0.0126311
200 iterations
f(b) = 0.0481383
Frob norm 2 after updating B : 0.0125724
Iteration number -------- 89  -----------
lambda : 1.55101
max_diff => 9.998e-08
performed mixing
Frob norm 1 after updating U: 0.0125787
200 iterations
f(b) = 0.0475
Frob norm 2 after updating B : 0.0126609
Iteration number -------- 90  -----------
lambda : 1.55876
max_diff => 9.998e-08
performed mixing
Frob norm 1 after updating U: 0.0126447
200 iterations
f(b) = 0.0428655
Frob norm 2 after updating B : 0.0126032
Iteration number -------- 91  -----------
lambda : 1.56655
max_diff => 9.998e-08
performed mixing
Frob norm 1 after updating U: 0.0125943
200 iterations
f(b) = 0.0444241
Frob norm 2 after updating B : 0.0126012
Iteration number -------- 92  -----------
lambda : 1.57439
max_diff => 9.998e-08
performed mixing
Frob norm 1 after updating U: 0.0126091
200 iterations
f(b) = 0.0516292
Frob norm 2 after updating B : 0.0126441
Iteration number -------- 93  -----------
lambda : 1.58226
max_diff => 9.998e-08
performed mixing
Frob norm 1 after updating U: 0.0126362
200 iterations
f(b) = 0.0585646
Frob norm 2 after updating B : 0.0125614
Iteration number -------- 94  -----------
lambda : 1.59017
max_diff => 9.998e-08
performed mixing
Frob norm 1 after updating U: 0.0125738
200 iterations
f(b) = 0.0580496
Frob norm 2 after updating B : 0.0125464
Iteration number -------- 95  -----------
lambda : 1.59812
max_diff => 9.998e-08
performed mixing
Frob norm 1 after updating U: 0.0125555
200 iterations
f(b) = 0.0533587
Frob norm 2 after updating B : 0.0126563
Iteration number -------- 96  -----------
lambda : 1.60611
max_diff => 9.998e-08
performed mixing
Frob norm 1 after updating U: 0.0126487
200 iterations
f(b) = 0.0514104
Frob norm 2 after updating B : 0.0126086
Iteration number -------- 97  -----------
lambda : 1.61414
max_diff => 9.998e-08
performed mixing
Frob norm 1 after updating U: 0.0126093
200 iterations
f(b) = 0.0453249
Frob norm 2 after updating B : 0.0126361
Iteration number -------- 98  -----------
lambda : 1.62221
max_diff => 9.998e-08
performed mixing
Frob norm 1 after updating U: 0.0126359
200 iterations
f(b) = 0.0531989
Frob norm 2 after updating B : 0.0125731
Iteration number -------- 99  -----------
lambda : 1.63032
max_diff => 9.998e-08
performed mixing
Frob norm 1 after updating U: 0.0125802
200 iterations
f(b) = 0.0572976
Frob norm 2 after updating B : 0.0125899
Iteration number -------- 100  -----------
lambda : 1.63848
max_diff => 9.998e-08
