Academic license - for non-commercial use only
Frob norm 1 after updating U: 10.4486
200 iterations
f(b) = 53.5666
Frob norm 2 after updating B : 6.53105
Iteration number -------- 1  -----------
lambda : 1
max_diff => 0.1699
performed mixing
Frob norm 1 after updating U: 5.28017
200 iterations
f(b) = 47.7868
Frob norm 2 after updating B : 6.13493
Iteration number -------- 2  -----------
lambda : 1.005
max_diff => 0.16677
performed mixing
Frob norm 1 after updating U: 4.94987
200 iterations
f(b) = 42.9169
Frob norm 2 after updating B : 5.75576
Iteration number -------- 3  -----------
lambda : 1.01002
max_diff => 0.166328
performed mixing
Frob norm 1 after updating U: 4.7772
200 iterations
f(b) = 39.0125
Frob norm 2 after updating B : 5.44034
Iteration number -------- 4  -----------
lambda : 1.01508
max_diff => 0.161907
performed mixing
Frob norm 1 after updating U: 4.63145
200 iterations
f(b) = 35.9113
Frob norm 2 after updating B : 5.19007
Iteration number -------- 5  -----------
lambda : 1.02015
max_diff => 0.146928
performed mixing
Frob norm 1 after updating U: 4.48075
200 iterations
f(b) = 33.2687
Frob norm 2 after updating B : 4.99007
Iteration number -------- 6  -----------
lambda : 1.02525
max_diff => 0.127319
performed mixing
Frob norm 1 after updating U: 4.37231
200 iterations
f(b) = 30.983
Frob norm 2 after updating B : 4.83221
Iteration number -------- 7  -----------
lambda : 1.03038
max_diff => 0.120657
performed mixing
Frob norm 1 after updating U: 4.25527
200 iterations
f(b) = 28.9326
Frob norm 2 after updating B : 4.67647
Iteration number -------- 8  -----------
lambda : 1.03553
max_diff => 0.116727
performed mixing
Frob norm 1 after updating U: 4.19167
200 iterations
f(b) = 27.2467
Frob norm 2 after updating B : 4.53837
Iteration number -------- 9  -----------
lambda : 1.04071
max_diff => 0.111967
performed mixing
Frob norm 1 after updating U: 4.13636
200 iterations
f(b) = 25.8502
Frob norm 2 after updating B : 4.4192
Iteration number -------- 10  -----------
lambda : 1.04591
max_diff => 0.106318
performed mixing
Frob norm 1 after updating U: 4.08966
200 iterations
f(b) = 24.6445
Frob norm 2 after updating B : 4.33858
Iteration number -------- 11  -----------
lambda : 1.05114
max_diff => 0.0932282
performed mixing
Frob norm 1 after updating U: 4.01191
200 iterations
f(b) = 23.5091
Frob norm 2 after updating B : 4.25882
Iteration number -------- 12  -----------
lambda : 1.0564
max_diff => 0.0933582
performed mixing
Frob norm 1 after updating U: 3.9517
200 iterations
f(b) = 22.4949
Frob norm 2 after updating B : 4.17148
Iteration number -------- 13  -----------
lambda : 1.06168
max_diff => 0.0936383
performed mixing
Frob norm 1 after updating U: 3.89698
200 iterations
f(b) = 21.4451
Frob norm 2 after updating B : 4.11163
Iteration number -------- 14  -----------
lambda : 1.06699
max_diff => 0.0914884
performed mixing
Frob norm 1 after updating U: 3.83527
200 iterations
f(b) = 20.542
Frob norm 2 after updating B : 4.03275
Iteration number -------- 15  -----------
lambda : 1.07232
max_diff => 0.0883782
performed mixing
Frob norm 1 after updating U: 3.79855
200 iterations
f(b) = 19.832
Frob norm 2 after updating B : 3.96048
Iteration number -------- 16  -----------
lambda : 1.07768
max_diff => 0.0827653
performed mixing
Frob norm 1 after updating U: 3.75567
200 iterations
f(b) = 19.2131
Frob norm 2 after updating B : 3.8915
Iteration number -------- 17  -----------
lambda : 1.08307
max_diff => 0.0771493
performed mixing
Frob norm 1 after updating U: 3.72711
200 iterations
f(b) = 18.6431
Frob norm 2 after updating B : 3.84033
Iteration number -------- 18  -----------
lambda : 1.08849
max_diff => 0.071914
performed mixing
Frob norm 1 after updating U: 3.70169
200 iterations
f(b) = 18.309
Frob norm 2 after updating B : 3.79245
Iteration number -------- 19  -----------
lambda : 1.09393
max_diff => 0.0711044
performed mixing
Frob norm 1 after updating U: 3.69867
200 iterations
f(b) = 17.8165
Frob norm 2 after updating B : 3.77401
Iteration number -------- 20  -----------
lambda : 1.0994
max_diff => 0.0625
performed mixing
Frob norm 1 after updating U: 3.65497
200 iterations
f(b) = 17.5593
Frob norm 2 after updating B : 3.7324
Iteration number -------- 21  -----------
lambda : 1.1049
max_diff => 0.0625001
performed mixing
Frob norm 1 after updating U: 3.65455
200 iterations
f(b) = 17.2545
Frob norm 2 after updating B : 3.70907
Iteration number -------- 22  -----------
lambda : 1.11042
max_diff => 0.0623725
performed mixing
Frob norm 1 after updating U: 3.64425
200 iterations
f(b) = 17.1353
Frob norm 2 after updating B : 3.68624
Iteration number -------- 23  -----------
lambda : 1.11597
max_diff => 0.0623574
performed mixing
Frob norm 1 after updating U: 3.64347
200 iterations
f(b) = 16.8139
Frob norm 2 after updating B : 3.69941
Iteration number -------- 24  -----------
lambda : 1.12155
max_diff => 0.059476
performed mixing
Frob norm 1 after updating U: 3.61643
200 iterations
f(b) = 16.6611
Frob norm 2 after updating B : 3.67029
Iteration number -------- 25  -----------
lambda : 1.12716
max_diff => 0.0594841
performed mixing
Frob norm 1 after updating U: 3.61652
200 iterations
f(b) = 16.5343
Frob norm 2 after updating B : 3.65155
Iteration number -------- 26  -----------
lambda : 1.1328
max_diff => 0.0594667
performed mixing
Frob norm 1 after updating U: 3.61649
200 iterations
f(b) = 16.4552
Frob norm 2 after updating B : 3.63947
Iteration number -------- 27  -----------
lambda : 1.13846
max_diff => 0.0594342
performed mixing
Frob norm 1 after updating U: 3.61635
200 iterations
f(b) = 16.0614
Frob norm 2 after updating B : 3.71419
Iteration number -------- 28  -----------
lambda : 1.14415
max_diff => 0.0542656
performed mixing
Frob norm 1 after updating U: 3.61271
200 iterations
f(b) = 15.5951
Frob norm 2 after updating B : 3.72888
Iteration number -------- 29  -----------
lambda : 1.14987
max_diff => 0.0567714
performed mixing
Frob norm 1 after updating U: 3.60865
200 iterations
f(b) = 15.3108
Frob norm 2 after updating B : 3.6871
Iteration number -------- 30  -----------
lambda : 1.15562
max_diff => 0.0567587
performed mixing
Frob norm 1 after updating U: 3.60864
200 iterations
f(b) = 14.9844
Frob norm 2 after updating B : 3.67227
Iteration number -------- 31  -----------
lambda : 1.1614
max_diff => 0.0565707
performed mixing
Frob norm 1 after updating U: 3.60679
200 iterations
f(b) = 14.7899
Frob norm 2 after updating B : 3.65097
Iteration number -------- 32  -----------
lambda : 1.16721
max_diff => 0.0565126
performed mixing
Frob norm 1 after updating U: 3.60514
200 iterations
f(b) = 14.6558
Frob norm 2 after updating B : 3.63336
Iteration number -------- 33  -----------
lambda : 1.17304
max_diff => 0.0566943
performed mixing
Frob norm 1 after updating U: 3.60198
200 iterations
f(b) = 14.5722
Frob norm 2 after updating B : 3.62136
Iteration number -------- 34  -----------
lambda : 1.17891
max_diff => 0.0567967
performed mixing
Frob norm 1 after updating U: 3.60048
200 iterations
f(b) = 14.4704
Frob norm 2 after updating B : 3.6113
Iteration number -------- 35  -----------
lambda : 1.1848
max_diff => 0.0571825
performed mixing
Frob norm 1 after updating U: 3.59673
200 iterations
f(b) = 14.4708
Frob norm 2 after updating B : 3.60593
Iteration number -------- 36  -----------
lambda : 1.19073
max_diff => 0.0572354
performed mixing
Frob norm 1 after updating U: 3.59621
200 iterations
f(b) = 14.3745
Frob norm 2 after updating B : 3.592
Iteration number -------- 37  -----------
lambda : 1.19668
max_diff => 0.0598493
performed mixing
Frob norm 1 after updating U: 3.58307
200 iterations
f(b) = 13.8152
Frob norm 2 after updating B : 3.55823
Iteration number -------- 38  -----------
lambda : 1.20266
max_diff => 0.0882231
performed mixing
Frob norm 1 after updating U: 3.49262
200 iterations
f(b) = 11.1139
Frob norm 2 after updating B : 3.18591
Iteration number -------- 39  -----------
lambda : 1.20868
max_diff => 0.0635817
performed mixing
Frob norm 1 after updating U: 2.9424
200 iterations
f(b) = 9.50862
Frob norm 2 after updating B : 2.94903
Iteration number -------- 40  -----------
lambda : 1.21472
max_diff => 0.0581414
performed mixing
Frob norm 1 after updating U: 2.70356
200 iterations
f(b) = 8.27417
Frob norm 2 after updating B : 2.80463
Iteration number -------- 41  -----------
lambda : 1.22079
max_diff => 0.0201505
performed mixing
Frob norm 1 after updating U: 2.56879
200 iterations
f(b) = 7.81564
Frob norm 2 after updating B : 2.71875
Iteration number -------- 42  -----------
lambda : 1.2269
max_diff => 0.0252593
performed mixing
Frob norm 1 after updating U: 2.54874
200 iterations
f(b) = 6.05791
Frob norm 2 after updating B : 2.42114
Iteration number -------- 43  -----------
lambda : 1.23303
max_diff => 0.010069
performed mixing
Frob norm 1 after updating U: 2.02971
200 iterations
f(b) = 5.36242
Frob norm 2 after updating B : 2.29004
Iteration number -------- 44  -----------
lambda : 1.2392
max_diff => 0.000288245
performed mixing
Frob norm 1 after updating U: 2.02229
200 iterations
f(b) = 4.94666
Frob norm 2 after updating B : 2.19761
Iteration number -------- 45  -----------
lambda : 1.24539
max_diff => 0.000155145
performed mixing
Frob norm 1 after updating U: 2.0222
200 iterations
f(b) = 4.66204
Frob norm 2 after updating B : 2.13649
Iteration number -------- 46  -----------
lambda : 1.25162
max_diff => 1.23236e-07
performed mixing
Frob norm 1 after updating U: 2.02213
200 iterations
f(b) = 4.50149
Frob norm 2 after updating B : 2.09611
Iteration number -------- 47  -----------
lambda : 1.25788
max_diff => 9.998e-08
performed mixing
Frob norm 1 after updating U: 2.02212
200 iterations
f(b) = 4.39099
Frob norm 2 after updating B : 2.06986
Iteration number -------- 48  -----------
lambda : 1.26417
max_diff => 1.01707e-07
performed mixing
Frob norm 1 after updating U: 2.02213
200 iterations
f(b) = 4.32294
Frob norm 2 after updating B : 2.05286
Iteration number -------- 49  -----------
lambda : 1.27049
max_diff => 1.11301e-07
performed mixing
Frob norm 1 after updating U: 2.02212
200 iterations
f(b) = 4.28148
Frob norm 2 after updating B : 2.04189
Iteration number -------- 50  -----------
lambda : 1.27684
max_diff => 1.33302e-07
performed mixing
Frob norm 1 after updating U: 2.02211
200 iterations
f(b) = 4.24612
Frob norm 2 after updating B : 2.03486
Iteration number -------- 51  -----------
lambda : 1.28323
max_diff => 9.998e-08
performed mixing
Frob norm 1 after updating U: 2.02213
200 iterations
f(b) = 4.22866
Frob norm 2 after updating B : 2.03032
Iteration number -------- 52  -----------
lambda : 1.28964
max_diff => 9.998e-08
performed mixing
Frob norm 1 after updating U: 2.02213
200 iterations
f(b) = 4.21642
Frob norm 2 after updating B : 2.02739
Iteration number -------- 53  -----------
lambda : 1.29609
max_diff => 1.30126e-07
performed mixing
Frob norm 1 after updating U: 2.02213
200 iterations
f(b) = 4.21458
Frob norm 2 after updating B : 2.02551
Iteration number -------- 54  -----------
lambda : 1.30257
max_diff => 1.07604e-07
performed mixing
Frob norm 1 after updating U: 2.02212
200 iterations
f(b) = 4.20814
Frob norm 2 after updating B : 2.02432
Iteration number -------- 55  -----------
lambda : 1.30908
max_diff => 9.998e-08
performed mixing
Frob norm 1 after updating U: 2.02213
200 iterations
f(b) = 4.20414
Frob norm 2 after updating B : 2.02354
Iteration number -------- 56  -----------
lambda : 1.31563
max_diff => 9.998e-08
performed mixing
Frob norm 1 after updating U: 2.02213
200 iterations
f(b) = 4.20554
Frob norm 2 after updating B : 2.02304
Iteration number -------- 57  -----------
lambda : 1.32221
max_diff => 9.998e-08
performed mixing
Frob norm 1 after updating U: 2.02213
200 iterations
f(b) = 4.19053
Frob norm 2 after updating B : 2.02273
Iteration number -------- 58  -----------
lambda : 1.32882
max_diff => 9.998e-08
performed mixing
Frob norm 1 after updating U: 2.02213
200 iterations
f(b) = 4.19931
Frob norm 2 after updating B : 2.02252
Iteration number -------- 59  -----------
lambda : 1.33546
max_diff => 1.00132e-07
performed mixing
Frob norm 1 after updating U: 2.02213
200 iterations
f(b) = 4.20654
Frob norm 2 after updating B : 2.02239
Iteration number -------- 60  -----------
lambda : 1.34214
max_diff => 1.21916e-07
performed mixing
Frob norm 1 after updating U: 2.02213
200 iterations
f(b) = 4.20646
Frob norm 2 after updating B : 2.02229
Iteration number -------- 61  -----------
lambda : 1.34885
max_diff => 9.998e-08
performed mixing
Frob norm 1 after updating U: 2.02212
200 iterations
f(b) = 4.18447
Frob norm 2 after updating B : 2.02224
Iteration number -------- 62  -----------
lambda : 1.35559
max_diff => 9.998e-08
performed mixing
Frob norm 1 after updating U: 2.02213
200 iterations
f(b) = 4.2028
Frob norm 2 after updating B : 2.0222
Iteration number -------- 63  -----------
lambda : 1.36237
max_diff => 9.998e-08
performed mixing
Frob norm 1 after updating U: 2.02213
200 iterations
f(b) = 4.20544
Frob norm 2 after updating B : 2.02218
Iteration number -------- 64  -----------
lambda : 1.36918
max_diff => 9.998e-08
performed mixing
Frob norm 1 after updating U: 2.02213
200 iterations
f(b) = 4.20801
Frob norm 2 after updating B : 2.02216
Iteration number -------- 65  -----------
lambda : 1.37603
max_diff => 1.12738e-07
performed mixing
Frob norm 1 after updating U: 2.02213
200 iterations
f(b) = 4.20373
Frob norm 2 after updating B : 2.02215
Iteration number -------- 66  -----------
lambda : 1.38291
max_diff => 9.998e-08
performed mixing
Frob norm 1 after updating U: 2.02213
200 iterations
f(b) = 4.20996
Frob norm 2 after updating B : 2.02214
Iteration number -------- 67  -----------
lambda : 1.38982
max_diff => 9.998e-08
performed mixing
Frob norm 1 after updating U: 2.02212
200 iterations
f(b) = 4.2107
Frob norm 2 after updating B : 2.02211
Iteration number -------- 68  -----------
lambda : 1.39677
max_diff => 1.3877e-07
performed mixing
Frob norm 1 after updating U: 2.0221
200 iterations
f(b) = 4.21211
Frob norm 2 after updating B : 2.02213
Iteration number -------- 69  -----------
lambda : 1.40376
max_diff => 1.01254e-07
performed mixing
Frob norm 1 after updating U: 2.02212
200 iterations
f(b) = 4.21558
Frob norm 2 after updating B : 2.02213
Iteration number -------- 70  -----------
lambda : 1.41078
max_diff => 9.998e-08
performed mixing
Frob norm 1 after updating U: 2.02212
200 iterations
f(b) = 4.20403
Frob norm 2 after updating B : 2.02213
Iteration number -------- 71  -----------
lambda : 1.41783
max_diff => 1.02867e-07
performed mixing
Frob norm 1 after updating U: 2.02213
200 iterations
f(b) = 4.21046
Frob norm 2 after updating B : 2.02213
Iteration number -------- 72  -----------
lambda : 1.42492
max_diff => 9.998e-08
performed mixing
Frob norm 1 after updating U: 2.02212
200 iterations
f(b) = 4.21427
Frob norm 2 after updating B : 2.02212
Iteration number -------- 73  -----------
lambda : 1.43204
max_diff => 1.00443e-07
performed mixing
Frob norm 1 after updating U: 2.02211
200 iterations
f(b) = 4.20922
Frob norm 2 after updating B : 2.02211
Iteration number -------- 74  -----------
lambda : 1.4392
max_diff => 1.48676e-07
performed mixing
Frob norm 1 after updating U: 2.0221
200 iterations
f(b) = 4.20023
Frob norm 2 after updating B : 2.02213
Iteration number -------- 75  -----------
lambda : 1.4464
max_diff => 9.998e-08
performed mixing
Frob norm 1 after updating U: 2.02213
200 iterations
f(b) = 4.21457
Frob norm 2 after updating B : 2.02213
Iteration number -------- 76  -----------
lambda : 1.45363
max_diff => 9.998e-08
performed mixing
Frob norm 1 after updating U: 2.02213
200 iterations
f(b) = 4.21389
Frob norm 2 after updating B : 2.02214
Iteration number -------- 77  -----------
lambda : 1.4609
max_diff => 9.998e-08
performed mixing
Frob norm 1 after updating U: 2.02214
200 iterations
f(b) = 4.21861
Frob norm 2 after updating B : 2.02212
Iteration number -------- 78  -----------
lambda : 1.46821
max_diff => 1.06621e-07
performed mixing
Frob norm 1 after updating U: 2.02212
200 iterations
f(b) = 4.21876
Frob norm 2 after updating B : 2.02213
Iteration number -------- 79  -----------
lambda : 1.47555
max_diff => 9.998e-08
performed mixing
Frob norm 1 after updating U: 2.02213
200 iterations
f(b) = 4.19399
Frob norm 2 after updating B : 2.02212
Iteration number -------- 80  -----------
lambda : 1.48292
max_diff => 9.998e-08
performed mixing
Frob norm 1 after updating U: 2.02212
200 iterations
f(b) = 4.21452
Frob norm 2 after updating B : 2.02212
Iteration number -------- 81  -----------
lambda : 1.49034
max_diff => 9.998e-08
performed mixing
Frob norm 1 after updating U: 2.02212
200 iterations
f(b) = 4.21979
Frob norm 2 after updating B : 2.02213
Iteration number -------- 82  -----------
lambda : 1.49779
max_diff => 9.998e-08
performed mixing
Frob norm 1 after updating U: 2.02213
200 iterations
f(b) = 4.20779
Frob norm 2 after updating B : 2.02212
Iteration number -------- 83  -----------
lambda : 1.50528
max_diff => 1.11218e-07
performed mixing
Frob norm 1 after updating U: 2.02212
200 iterations
f(b) = 4.22056
Frob norm 2 after updating B : 2.02212
Iteration number -------- 84  -----------
lambda : 1.51281
max_diff => 1.15954e-07
performed mixing
Frob norm 1 after updating U: 2.02212
200 iterations
f(b) = 4.22072
Frob norm 2 after updating B : 2.02212
Iteration number -------- 85  -----------
lambda : 1.52037
max_diff => 9.998e-08
performed mixing
Frob norm 1 after updating U: 2.02212
200 iterations
f(b) = 4.14062
Frob norm 2 after updating B : 2.02213
Iteration number -------- 86  -----------
lambda : 1.52797
max_diff => 9.998e-08
performed mixing
Frob norm 1 after updating U: 2.02213
200 iterations
f(b) = 4.22226
Frob norm 2 after updating B : 2.02213
Iteration number -------- 87  -----------
lambda : 1.53561
max_diff => 9.998e-08
performed mixing
Frob norm 1 after updating U: 2.02213
200 iterations
f(b) = 4.21986
Frob norm 2 after updating B : 2.02213
Iteration number -------- 88  -----------
lambda : 1.54329
max_diff => 9.998e-08
performed mixing
Frob norm 1 after updating U: 2.02213
200 iterations
f(b) = 4.21517
Frob norm 2 after updating B : 2.02213
Iteration number -------- 89  -----------
lambda : 1.55101
max_diff => 9.998e-08
performed mixing
Frob norm 1 after updating U: 2.02213
200 iterations
f(b) = 4.2232
Frob norm 2 after updating B : 2.02213
Iteration number -------- 90  -----------
lambda : 1.55876
max_diff => 9.998e-08
performed mixing
Frob norm 1 after updating U: 2.02213
200 iterations
f(b) = 4.22554
Frob norm 2 after updating B : 2.02212
Iteration number -------- 91  -----------
lambda : 1.56655
max_diff => 1.0787e-07
performed mixing
Frob norm 1 after updating U: 2.02212
200 iterations
f(b) = 4.18361
Frob norm 2 after updating B : 2.02087
Iteration number -------- 92  -----------
lambda : 1.57439
max_diff => 5.61225e-05
performed mixing
Frob norm 1 after updating U: 2.02084
200 iterations
f(b) = 4.21658
Frob norm 2 after updating B : 2.02217
Iteration number -------- 93  -----------
lambda : 1.58226
max_diff => 1.57705e-07
performed mixing
Frob norm 1 after updating U: 2.02216
200 iterations
f(b) = 4.22146
Frob norm 2 after updating B : 2.02213
Iteration number -------- 94  -----------
lambda : 1.59017
max_diff => 9.998e-08
performed mixing
Frob norm 1 after updating U: 2.02213
200 iterations
f(b) = 4.22831
Frob norm 2 after updating B : 2.02212
Iteration number -------- 95  -----------
lambda : 1.59812
max_diff => 9.998e-08
performed mixing
Frob norm 1 after updating U: 2.02212
200 iterations
f(b) = 4.22737
Frob norm 2 after updating B : 2.02213
Iteration number -------- 96  -----------
lambda : 1.60611
max_diff => 9.998e-08
performed mixing
Frob norm 1 after updating U: 2.02213
200 iterations
f(b) = 4.23538
Frob norm 2 after updating B : 2.02212
Iteration number -------- 97  -----------
lambda : 1.61414
max_diff => 9.998e-08
performed mixing
Frob norm 1 after updating U: 2.02212
200 iterations
f(b) = 4.22533
Frob norm 2 after updating B : 2.02212
Iteration number -------- 98  -----------
lambda : 1.62221
max_diff => 9.998e-08
performed mixing
Frob norm 1 after updating U: 2.02212
200 iterations
f(b) = 4.21114
Frob norm 2 after updating B : 2.0221
Iteration number -------- 99  -----------
lambda : 1.63032
max_diff => 1.67244e-07
performed mixing
Frob norm 1 after updating U: 2.0221
200 iterations
f(b) = 4.23447
Frob norm 2 after updating B : 2.02209
Iteration number -------- 100  -----------
lambda : 1.63848
max_diff => 1.50728e-07
