Academic license - for non-commercial use only
Frob norm 1 after updating U: 10.7327
200 iterations
f(b) = 41.3137
Frob norm 2 after updating B : 5.95314
Iteration number -------- 1  -----------
lambda : 1
max_diff => 0.124845
performed mixing
Frob norm 1 after updating U: 4.98468
200 iterations
f(b) = 37.2659
Frob norm 2 after updating B : 5.61937
Iteration number -------- 2  -----------
lambda : 1.005
max_diff => 0.123084
performed mixing
Frob norm 1 after updating U: 4.86061
200 iterations
f(b) = 34.2116
Frob norm 2 after updating B : 5.36515
Iteration number -------- 3  -----------
lambda : 1.01002
max_diff => 0.122994
performed mixing
Frob norm 1 after updating U: 4.75596
200 iterations
f(b) = 31.8494
Frob norm 2 after updating B : 5.16275
Iteration number -------- 4  -----------
lambda : 1.01508
max_diff => 0.123461
performed mixing
Frob norm 1 after updating U: 4.67476
200 iterations
f(b) = 29.9857
Frob norm 2 after updating B : 5.00699
Iteration number -------- 5  -----------
lambda : 1.02015
max_diff => 0.124352
performed mixing
Frob norm 1 after updating U: 4.59455
200 iterations
f(b) = 28.4867
Frob norm 2 after updating B : 4.88015
Iteration number -------- 6  -----------
lambda : 1.02525
max_diff => 0.125227
performed mixing
Frob norm 1 after updating U: 4.54047
200 iterations
f(b) = 27.2726
Frob norm 2 after updating B : 4.783
Iteration number -------- 7  -----------
lambda : 1.03038
max_diff => 0.126045
performed mixing
Frob norm 1 after updating U: 4.49194
200 iterations
f(b) = 26.2908
Frob norm 2 after updating B : 4.6873
Iteration number -------- 8  -----------
lambda : 1.03553
max_diff => 0.126392
performed mixing
Frob norm 1 after updating U: 4.46459
200 iterations
f(b) = 25.513
Frob norm 2 after updating B : 4.6185
Iteration number -------- 9  -----------
lambda : 1.04071
max_diff => 0.127264
performed mixing
Frob norm 1 after updating U: 4.44039
200 iterations
f(b) = 24.7775
Frob norm 2 after updating B : 4.56982
Iteration number -------- 10  -----------
lambda : 1.04591
max_diff => 0.125764
performed mixing
Frob norm 1 after updating U: 4.36856
200 iterations
f(b) = 23.0027
Frob norm 2 after updating B : 4.40979
Iteration number -------- 11  -----------
lambda : 1.05114
max_diff => 0.118789
performed mixing
Frob norm 1 after updating U: 4.16812
200 iterations
f(b) = 22.2229
Frob norm 2 after updating B : 4.33172
Iteration number -------- 12  -----------
lambda : 1.0564
max_diff => 0.120512
performed mixing
Frob norm 1 after updating U: 4.14838
200 iterations
f(b) = 21.6358
Frob norm 2 after updating B : 4.27152
Iteration number -------- 13  -----------
lambda : 1.06168
max_diff => 0.120822
performed mixing
Frob norm 1 after updating U: 4.12795
200 iterations
f(b) = 20.3024
Frob norm 2 after updating B : 4.14164
Iteration number -------- 14  -----------
lambda : 1.06699
max_diff => 0.0640584
performed mixing
Frob norm 1 after updating U: 3.8165
200 iterations
f(b) = 19.3403
Frob norm 2 after updating B : 4.05453
Iteration number -------- 15  -----------
lambda : 1.07232
max_diff => 0.0615466
performed mixing
Frob norm 1 after updating U: 3.8065
200 iterations
f(b) = 18.6677
Frob norm 2 after updating B : 3.97087
Iteration number -------- 16  -----------
lambda : 1.07768
max_diff => 0.0610863
performed mixing
Frob norm 1 after updating U: 3.79986
200 iterations
f(b) = 18.1863
Frob norm 2 after updating B : 3.91654
Iteration number -------- 17  -----------
lambda : 1.08307
max_diff => 0.0605193
performed mixing
Frob norm 1 after updating U: 3.79016
200 iterations
f(b) = 17.8298
Frob norm 2 after updating B : 3.87705
Iteration number -------- 18  -----------
lambda : 1.08849
max_diff => 0.0601137
performed mixing
Frob norm 1 after updating U: 3.77424
200 iterations
f(b) = 17.4544
Frob norm 2 after updating B : 3.78613
Iteration number -------- 19  -----------
lambda : 1.09393
max_diff => 0.109582
performed mixing
Frob norm 1 after updating U: 3.62451
200 iterations
f(b) = 15.6741
Frob norm 2 after updating B : 3.58189
Iteration number -------- 20  -----------
lambda : 1.0994
max_diff => 0.095771
performed mixing
Frob norm 1 after updating U: 3.17874
200 iterations
f(b) = 13.6981
Frob norm 2 after updating B : 3.29955
Iteration number -------- 21  -----------
lambda : 1.1049
max_diff => 0.0793393
performed mixing
Frob norm 1 after updating U: 2.82767
200 iterations
f(b) = 12.6027
Frob norm 2 after updating B : 3.15585
Iteration number -------- 22  -----------
lambda : 1.11042
max_diff => 0.0751755
performed mixing
Frob norm 1 after updating U: 2.79017
200 iterations
f(b) = 11.0259
Frob norm 2 after updating B : 2.89168
Iteration number -------- 23  -----------
lambda : 1.11597
max_diff => 0.161158
performed mixing
Frob norm 1 after updating U: 2.53328
200 iterations
f(b) = 10.281
Frob norm 2 after updating B : 2.79608
Iteration number -------- 24  -----------
lambda : 1.12155
max_diff => 0.141977
performed mixing
Frob norm 1 after updating U: 2.51072
200 iterations
f(b) = 9.72623
Frob norm 2 after updating B : 2.71071
Iteration number -------- 25  -----------
lambda : 1.12716
max_diff => 0.132311
performed mixing
Frob norm 1 after updating U: 2.4888
200 iterations
f(b) = 9.30611
Frob norm 2 after updating B : 2.64342
Iteration number -------- 26  -----------
lambda : 1.1328
max_diff => 0.128478
performed mixing
Frob norm 1 after updating U: 2.47572
200 iterations
f(b) = 8.21988
Frob norm 2 after updating B : 2.38209
Iteration number -------- 27  -----------
lambda : 1.13846
max_diff => 0.122406
performed mixing
Frob norm 1 after updating U: 1.89476
200 iterations
f(b) = 7.3732
Frob norm 2 after updating B : 2.25054
Iteration number -------- 28  -----------
lambda : 1.14415
max_diff => 0.108821
performed mixing
Frob norm 1 after updating U: 1.82709
200 iterations
f(b) = 5.83387
Frob norm 2 after updating B : 1.90768
Iteration number -------- 29  -----------
lambda : 1.14987
max_diff => 0.0928915
performed mixing
Frob norm 1 after updating U: 0.682073
200 iterations
f(b) = 4.56792
Frob norm 2 after updating B : 1.6742
Iteration number -------- 30  -----------
lambda : 1.15562
max_diff => 0.070318
performed mixing
Frob norm 1 after updating U: 0.555382
200 iterations
f(b) = 3.64875
Frob norm 2 after updating B : 1.49712
Iteration number -------- 31  -----------
lambda : 1.1614
max_diff => 0.0437727
performed mixing
Frob norm 1 after updating U: 0.42489
200 iterations
f(b) = 2.96051
Frob norm 2 after updating B : 1.23834
Iteration number -------- 32  -----------
lambda : 1.16721
max_diff => 0.0427957
performed mixing
Frob norm 1 after updating U: 0.420095
200 iterations
f(b) = 2.3222
Frob norm 2 after updating B : 1.20881
Iteration number -------- 33  -----------
lambda : 1.17304
max_diff => 0.0188491
performed mixing
Frob norm 1 after updating U: 0.276953
200 iterations
f(b) = 1.79504
Frob norm 2 after updating B : 1.07224
Iteration number -------- 34  -----------
lambda : 1.17891
max_diff => 0.0114383
performed mixing
Frob norm 1 after updating U: 0.222377
200 iterations
f(b) = 1.34131
Frob norm 2 after updating B : 1.03289
Iteration number -------- 35  -----------
lambda : 1.1848
max_diff => 0.00350502
performed mixing
Frob norm 1 after updating U: 0.126721
200 iterations
f(b) = 1.00275
Frob norm 2 after updating B : 0.8373
Iteration number -------- 36  -----------
lambda : 1.19073
max_diff => 0.00342415
performed mixing
Frob norm 1 after updating U: 0.125577
200 iterations
f(b) = 0.660953
Frob norm 2 after updating B : 0.76974
Iteration number -------- 37  -----------
lambda : 1.19668
max_diff => 0.000811571
performed mixing
Frob norm 1 after updating U: 0.0645309
200 iterations
f(b) = 0.474696
Frob norm 2 after updating B : 0.630888
Iteration number -------- 38  -----------
lambda : 1.20266
max_diff => 0.000574254
performed mixing
Frob norm 1 after updating U: 0.0566145
200 iterations
f(b) = 0.29275
Frob norm 2 after updating B : 0.525165
Iteration number -------- 39  -----------
lambda : 1.20868
max_diff => 5.46269e-08
performed mixing
Frob norm 1 after updating U: 0.0119834
200 iterations
f(b) = 0.230156
Frob norm 2 after updating B : 0.420213
Iteration number -------- 40  -----------
lambda : 1.21472
max_diff => 6.0926e-08
performed mixing
Frob norm 1 after updating U: 0.0118808
200 iterations
f(b) = 0.167831
Frob norm 2 after updating B : 0.336366
Iteration number -------- 41  -----------
lambda : 1.22079
max_diff => 6.05587e-08
performed mixing
Frob norm 1 after updating U: 0.0120003
200 iterations
f(b) = 0.128457
Frob norm 2 after updating B : 0.269219
Iteration number -------- 42  -----------
lambda : 1.2269
max_diff => 4.999e-08
performed mixing
Frob norm 1 after updating U: 0.0119051
200 iterations
f(b) = 0.0934232
Frob norm 2 after updating B : 0.215643
Iteration number -------- 43  -----------
lambda : 1.23303
max_diff => 4.99955e-08
performed mixing
Frob norm 1 after updating U: 0.011865
200 iterations
f(b) = 0.0839053
Frob norm 2 after updating B : 0.172638
Iteration number -------- 44  -----------
lambda : 1.2392
max_diff => 4.999e-08
performed mixing
Frob norm 1 after updating U: 0.0118303
200 iterations
f(b) = 0.0747412
Frob norm 2 after updating B : 0.138322
Iteration number -------- 45  -----------
lambda : 1.24539
max_diff => 4.999e-08
performed mixing
Frob norm 1 after updating U: 0.0118809
200 iterations
f(b) = 0.064746
Frob norm 2 after updating B : 0.111036
Iteration number -------- 46  -----------
lambda : 1.25162
max_diff => 4.999e-08
performed mixing
Frob norm 1 after updating U: 0.0119523
200 iterations
f(b) = 0.0588616
Frob norm 2 after updating B : 0.089005
Iteration number -------- 47  -----------
lambda : 1.25788
max_diff => 4.999e-08
performed mixing
Frob norm 1 after updating U: 0.0119631
200 iterations
f(b) = 0.0238929
Frob norm 2 after updating B : 0.0716626
Iteration number -------- 48  -----------
lambda : 1.26417
max_diff => 4.999e-08
performed mixing
Frob norm 1 after updating U: 0.0117904
200 iterations
f(b) = 0.0297986
Frob norm 2 after updating B : 0.0577857
Iteration number -------- 49  -----------
lambda : 1.27049
max_diff => 4.999e-08
performed mixing
Frob norm 1 after updating U: 0.0117565
200 iterations
f(b) = 0.0223256
Frob norm 2 after updating B : 0.0467168
Iteration number -------- 50  -----------
lambda : 1.27684
max_diff => 4.999e-08
performed mixing
Frob norm 1 after updating U: 0.0118094
200 iterations
f(b) = 0.0207698
Frob norm 2 after updating B : 0.0383151
Iteration number -------- 51  -----------
lambda : 1.28323
max_diff => 4.999e-08
performed mixing
Frob norm 1 after updating U: 0.0118705
200 iterations
f(b) = 0.0201342
Frob norm 2 after updating B : 0.0314305
Iteration number -------- 52  -----------
lambda : 1.28964
max_diff => 4.999e-08
performed mixing
Frob norm 1 after updating U: 0.0117952
200 iterations
f(b) = 0.0222102
Frob norm 2 after updating B : 0.026011
Iteration number -------- 53  -----------
lambda : 1.29609
max_diff => 4.999e-08
performed mixing
Frob norm 1 after updating U: 0.0118333
200 iterations
f(b) = 0.0192605
Frob norm 2 after updating B : 0.0221228
Iteration number -------- 54  -----------
lambda : 1.30257
max_diff => 4.999e-08
performed mixing
Frob norm 1 after updating U: 0.011805
200 iterations
f(b) = 0.0185933
Frob norm 2 after updating B : 0.0190619
Iteration number -------- 55  -----------
lambda : 1.30908
max_diff => 4.999e-08
performed mixing
Frob norm 1 after updating U: 0.011878
200 iterations
f(b) = 0.0197409
Frob norm 2 after updating B : 0.0167114
Iteration number -------- 56  -----------
lambda : 1.31563
max_diff => 4.999e-08
performed mixing
Frob norm 1 after updating U: 0.011743
200 iterations
f(b) = 0.0166381
Frob norm 2 after updating B : 0.0152196
Iteration number -------- 57  -----------
lambda : 1.32221
max_diff => 4.999e-08
performed mixing
Frob norm 1 after updating U: 0.0118044
200 iterations
f(b) = 0.0162933
Frob norm 2 after updating B : 0.01406
Iteration number -------- 58  -----------
lambda : 1.32882
max_diff => 4.999e-08
performed mixing
Frob norm 1 after updating U: 0.0117979
200 iterations
f(b) = 0.0152371
Frob norm 2 after updating B : 0.013334
Iteration number -------- 59  -----------
lambda : 1.33546
max_diff => 4.999e-08
performed mixing
Frob norm 1 after updating U: 0.0118275
200 iterations
f(b) = 0.0146278
Frob norm 2 after updating B : 0.0127971
Iteration number -------- 60  -----------
lambda : 1.34214
max_diff => 4.999e-08
performed mixing
Frob norm 1 after updating U: 0.0117872
200 iterations
f(b) = 0.0160312
Frob norm 2 after updating B : 0.0124892
Iteration number -------- 61  -----------
lambda : 1.34885
max_diff => 4.999e-08
performed mixing
Frob norm 1 after updating U: 0.0118137
200 iterations
f(b) = 0.0147187
Frob norm 2 after updating B : 0.0122525
Iteration number -------- 62  -----------
lambda : 1.35559
max_diff => 4.999e-08
performed mixing
Frob norm 1 after updating U: 0.0117582
200 iterations
f(b) = 0.0150046
Frob norm 2 after updating B : 0.0119344
Iteration number -------- 63  -----------
lambda : 1.36237
max_diff => 4.999e-08
performed mixing
Frob norm 1 after updating U: 0.0116628
200 iterations
f(b) = 0.0164439
Frob norm 2 after updating B : 0.0119469
Iteration number -------- 64  -----------
lambda : 1.36918
max_diff => 4.999e-08
performed mixing
Frob norm 1 after updating U: 0.0117701
200 iterations
f(b) = 0.0158071
Frob norm 2 after updating B : 0.0118092
Iteration number -------- 65  -----------
lambda : 1.37603
max_diff => 4.999e-08
performed mixing
Frob norm 1 after updating U: 0.011692
200 iterations
f(b) = 0.0158612
Frob norm 2 after updating B : 0.0117742
Iteration number -------- 66  -----------
lambda : 1.38291
max_diff => 4.999e-08
performed mixing
Frob norm 1 after updating U: 0.0117008
200 iterations
f(b) = 0.016718
Frob norm 2 after updating B : 0.0117104
Iteration number -------- 67  -----------
lambda : 1.38982
max_diff => 4.999e-08
performed mixing
Frob norm 1 after updating U: 0.0116456
200 iterations
f(b) = 0.0159316
Frob norm 2 after updating B : 0.0117763
Iteration number -------- 68  -----------
lambda : 1.39677
max_diff => 4.999e-08
performed mixing
Frob norm 1 after updating U: 0.0117187
200 iterations
f(b) = 0.0164856
Frob norm 2 after updating B : 0.0117985
Iteration number -------- 69  -----------
lambda : 1.40376
max_diff => 4.999e-08
performed mixing
Frob norm 1 after updating U: 0.0117546
200 iterations
f(b) = 0.0165604
Frob norm 2 after updating B : 0.0117332
Iteration number -------- 70  -----------
lambda : 1.41078
max_diff => 4.999e-08
performed mixing
Frob norm 1 after updating U: 0.0117096
200 iterations
f(b) = 0.0113868
Frob norm 2 after updating B : 0.0118139
Iteration number -------- 71  -----------
lambda : 1.41783
max_diff => 4.999e-08
performed mixing
Frob norm 1 after updating U: 0.0118061
200 iterations
f(b) = 0.014562
Frob norm 2 after updating B : 0.0117678
Iteration number -------- 72  -----------
lambda : 1.42492
max_diff => 4.999e-08
performed mixing
Frob norm 1 after updating U: 0.0117538
200 iterations
f(b) = 0.0162596
Frob norm 2 after updating B : 0.0116959
Iteration number -------- 73  -----------
lambda : 1.43204
max_diff => 4.999e-08
performed mixing
Frob norm 1 after updating U: 0.0116826
200 iterations
f(b) = 0.0147449
Frob norm 2 after updating B : 0.0116983
Iteration number -------- 74  -----------
lambda : 1.4392
max_diff => 4.999e-08
performed mixing
Frob norm 1 after updating U: 0.011698
200 iterations
f(b) = 0.0179735
Frob norm 2 after updating B : 0.011728
Iteration number -------- 75  -----------
lambda : 1.4464
max_diff => 4.999e-08
performed mixing
Frob norm 1 after updating U: 0.0117159
200 iterations
f(b) = 0.015299
Frob norm 2 after updating B : 0.0116804
Iteration number -------- 76  -----------
lambda : 1.45363
max_diff => 4.999e-08
performed mixing
Frob norm 1 after updating U: 0.0116828
200 iterations
f(b) = 0.0169185
Frob norm 2 after updating B : 0.0117716
Iteration number -------- 77  -----------
lambda : 1.4609
max_diff => 4.999e-08
performed mixing
Frob norm 1 after updating U: 0.0117734
200 iterations
f(b) = 0.0158335
Frob norm 2 after updating B : 0.0117842
Iteration number -------- 78  -----------
lambda : 1.46821
max_diff => 4.999e-08
performed mixing
Frob norm 1 after updating U: 0.0117874
200 iterations
f(b) = 0.0172636
Frob norm 2 after updating B : 0.0116801
Iteration number -------- 79  -----------
lambda : 1.47555
max_diff => 4.999e-08
performed mixing
Frob norm 1 after updating U: 0.0116699
200 iterations
f(b) = 0.0183774
Frob norm 2 after updating B : 0.0116672
Iteration number -------- 80  -----------
lambda : 1.48292
max_diff => 4.999e-08
performed mixing
Frob norm 1 after updating U: 0.0116737
200 iterations
f(b) = 0.017363
Frob norm 2 after updating B : 0.0117607
Iteration number -------- 81  -----------
lambda : 1.49034
max_diff => 4.999e-08
performed mixing
Frob norm 1 after updating U: 0.0117601
200 iterations
f(b) = 0.0159316
Frob norm 2 after updating B : 0.0117676
Iteration number -------- 82  -----------
lambda : 1.49779
max_diff => 4.999e-08
performed mixing
Frob norm 1 after updating U: 0.0117508
200 iterations
f(b) = 0.0155197
Frob norm 2 after updating B : 0.0116695
Iteration number -------- 83  -----------
lambda : 1.50528
max_diff => 4.999e-08
performed mixing
Frob norm 1 after updating U: 0.0116787
200 iterations
f(b) = 0.0166506
Frob norm 2 after updating B : 0.0117316
Iteration number -------- 84  -----------
lambda : 1.51281
max_diff => 4.999e-08
performed mixing
Frob norm 1 after updating U: 0.0117253
200 iterations
f(b) = 0.0146752
Frob norm 2 after updating B : 0.0117769
Iteration number -------- 85  -----------
lambda : 1.52037
max_diff => 4.999e-08
performed mixing
Frob norm 1 after updating U: 0.0117708
200 iterations
f(b) = 0.019553
Frob norm 2 after updating B : 0.0117126
Iteration number -------- 86  -----------
lambda : 1.52797
max_diff => 4.999e-08
performed mixing
Frob norm 1 after updating U: 0.0117025
200 iterations
f(b) = 0.0171675
Frob norm 2 after updating B : 0.011675
Iteration number -------- 87  -----------
lambda : 1.53561
max_diff => 4.999e-08
performed mixing
Frob norm 1 after updating U: 0.0116826
200 iterations
f(b) = 0.0185001
Frob norm 2 after updating B : 0.0116418
Iteration number -------- 88  -----------
lambda : 1.54329
max_diff => 4.999e-08
performed mixing
Frob norm 1 after updating U: 0.0116466
200 iterations
f(b) = 0.0181199
Frob norm 2 after updating B : 0.0116989
Iteration number -------- 89  -----------
lambda : 1.55101
max_diff => 4.999e-08
performed mixing
Frob norm 1 after updating U: 0.0117049
200 iterations
f(b) = 0.0162514
Frob norm 2 after updating B : 0.0116609
Iteration number -------- 90  -----------
lambda : 1.55876
max_diff => 4.999e-08
performed mixing
Frob norm 1 after updating U: 0.0116544
200 iterations
f(b) = 0.0143607
Frob norm 2 after updating B : 0.011692
Iteration number -------- 91  -----------
lambda : 1.56655
max_diff => 4.999e-08
performed mixing
Frob norm 1 after updating U: 0.0116814
200 iterations
f(b) = 0.0187374
Frob norm 2 after updating B : 0.0116954
Iteration number -------- 92  -----------
lambda : 1.57439
max_diff => 4.999e-08
performed mixing
Frob norm 1 after updating U: 0.0116954
200 iterations
f(b) = 0.0185018
Frob norm 2 after updating B : 0.0117127
Iteration number -------- 93  -----------
lambda : 1.58226
max_diff => 4.999e-08
performed mixing
Frob norm 1 after updating U: 0.0117019
200 iterations
f(b) = 0.01842
Frob norm 2 after updating B : 0.0116302
Iteration number -------- 94  -----------
lambda : 1.59017
max_diff => 4.999e-08
performed mixing
Frob norm 1 after updating U: 0.0116236
200 iterations
f(b) = 0.016914
Frob norm 2 after updating B : 0.011723
Iteration number -------- 95  -----------
lambda : 1.59812
max_diff => 4.999e-08
performed mixing
Frob norm 1 after updating U: 0.0117251
200 iterations
f(b) = 0.0219302
Frob norm 2 after updating B : 0.0115627
Iteration number -------- 96  -----------
lambda : 1.60611
max_diff => 4.999e-08
performed mixing
Frob norm 1 after updating U: 0.0115616
200 iterations
f(b) = 0.0139669
Frob norm 2 after updating B : 0.0116921
Iteration number -------- 97  -----------
lambda : 1.61414
max_diff => 4.999e-08
performed mixing
Frob norm 1 after updating U: 0.0116817
200 iterations
f(b) = 0.0189117
Frob norm 2 after updating B : 0.0116664
Iteration number -------- 98  -----------
lambda : 1.62221
max_diff => 4.999e-08
performed mixing
Frob norm 1 after updating U: 0.0116555
200 iterations
f(b) = 0.0155057
Frob norm 2 after updating B : 0.011766
Iteration number -------- 99  -----------
lambda : 1.63032
max_diff => 4.999e-08
performed mixing
Frob norm 1 after updating U: 0.0117466
200 iterations
f(b) = 0.0202371
Frob norm 2 after updating B : 0.0117059
Iteration number -------- 100  -----------
lambda : 1.63848
max_diff => 4.999e-08
