Academic license - for non-commercial use only
Frob norm 1 after updating U: 10.4504
200 iterations
f(b) = 54.8528
Frob norm 2 after updating B : 6.66007
Iteration number -------- 1  -----------
lambda : 1
max_diff => 0.175139
performed mixing
Frob norm 1 after updating U: 5.08413
200 iterations
f(b) = 47.1404
Frob norm 2 after updating B : 6.19173
Iteration number -------- 2  -----------
lambda : 1.005
max_diff => 0.1605
performed mixing
Frob norm 1 after updating U: 4.49213
200 iterations
f(b) = 40.0852
Frob norm 2 after updating B : 5.7365
Iteration number -------- 3  -----------
lambda : 1.01002
max_diff => 0.157756
performed mixing
Frob norm 1 after updating U: 4.10951
200 iterations
f(b) = 34.0089
Frob norm 2 after updating B : 5.28974
Iteration number -------- 4  -----------
lambda : 1.01508
max_diff => 0.149487
performed mixing
Frob norm 1 after updating U: 3.97054
200 iterations
f(b) = 29.1137
Frob norm 2 after updating B : 4.95038
Iteration number -------- 5  -----------
lambda : 1.02015
max_diff => 0.128638
performed mixing
Frob norm 1 after updating U: 3.84465
200 iterations
f(b) = 25.3781
Frob norm 2 after updating B : 4.63397
Iteration number -------- 6  -----------
lambda : 1.02525
max_diff => 0.110361
performed mixing
Frob norm 1 after updating U: 3.75482
200 iterations
f(b) = 20.4112
Frob norm 2 after updating B : 4.21735
Iteration number -------- 7  -----------
lambda : 1.03038
max_diff => 0.0769235
performed mixing
Frob norm 1 after updating U: 3.26136
200 iterations
f(b) = 17.8949
Frob norm 2 after updating B : 3.91563
Iteration number -------- 8  -----------
lambda : 1.03553
max_diff => 0.0760228
performed mixing
Frob norm 1 after updating U: 3.25897
200 iterations
f(b) = 16.2354
Frob norm 2 after updating B : 3.70176
Iteration number -------- 9  -----------
lambda : 1.04071
max_diff => 0.0740664
performed mixing
Frob norm 1 after updating U: 3.25037
200 iterations
f(b) = 14.8359
Frob norm 2 after updating B : 3.55775
Iteration number -------- 10  -----------
lambda : 1.04591
max_diff => 0.0618495
performed mixing
Frob norm 1 after updating U: 3.17239
200 iterations
f(b) = 13.4316
Frob norm 2 after updating B : 3.28405
Iteration number -------- 11  -----------
lambda : 1.05114
max_diff => 0.0623716
performed mixing
Frob norm 1 after updating U: 2.61773
200 iterations
f(b) = 11.7688
Frob norm 2 after updating B : 2.96354
Iteration number -------- 12  -----------
lambda : 1.0564
max_diff => 0.0624985
performed mixing
Frob norm 1 after updating U: 2.33125
200 iterations
f(b) = 10.3387
Frob norm 2 after updating B : 2.76511
Iteration number -------- 13  -----------
lambda : 1.06168
max_diff => 0.0624303
performed mixing
Frob norm 1 after updating U: 2.24804
200 iterations
f(b) = 9.04343
Frob norm 2 after updating B : 2.57578
Iteration number -------- 14  -----------
lambda : 1.06699
max_diff => 0.0624732
performed mixing
Frob norm 1 after updating U: 2.07108
200 iterations
f(b) = 7.67982
Frob norm 2 after updating B : 2.47692
Iteration number -------- 15  -----------
lambda : 1.07232
max_diff => 0.0624481
performed mixing
Frob norm 1 after updating U: 1.94448
200 iterations
f(b) = 6.88621
Frob norm 2 after updating B : 2.30453
Iteration number -------- 16  -----------
lambda : 1.07768
max_diff => 0.0624482
performed mixing
Frob norm 1 after updating U: 1.94458
200 iterations
f(b) = 6.31444
Frob norm 2 after updating B : 2.18629
Iteration number -------- 17  -----------
lambda : 1.08307
max_diff => 0.0624489
performed mixing
Frob norm 1 after updating U: 1.9449
200 iterations
f(b) = 5.83444
Frob norm 2 after updating B : 2.11448
Iteration number -------- 18  -----------
lambda : 1.08849
max_diff => 0.0624569
performed mixing
Frob norm 1 after updating U: 1.94488
200 iterations
f(b) = 5.62123
Frob norm 2 after updating B : 2.05621
Iteration number -------- 19  -----------
lambda : 1.09393
max_diff => 0.0624583
performed mixing
Frob norm 1 after updating U: 1.94473
200 iterations
f(b) = 5.46683
Frob norm 2 after updating B : 2.01769
Iteration number -------- 20  -----------
lambda : 1.0994
max_diff => 0.0624587
performed mixing
Frob norm 1 after updating U: 1.94458
200 iterations
f(b) = 5.36236
Frob norm 2 after updating B : 1.99247
Iteration number -------- 21  -----------
lambda : 1.1049
max_diff => 0.0624593
performed mixing
Frob norm 1 after updating U: 1.94441
200 iterations
f(b) = 5.13891
Frob norm 2 after updating B : 1.98186
Iteration number -------- 22  -----------
lambda : 1.11042
max_diff => 0.0624778
performed mixing
Frob norm 1 after updating U: 1.94599
200 iterations
f(b) = 5.12723
Frob norm 2 after updating B : 1.96943
Iteration number -------- 23  -----------
lambda : 1.11597
max_diff => 0.0624783
performed mixing
Frob norm 1 after updating U: 1.94618
200 iterations
f(b) = 5.10385
Frob norm 2 after updating B : 1.96136
Iteration number -------- 24  -----------
lambda : 1.12155
max_diff => 0.0624786
performed mixing
Frob norm 1 after updating U: 1.94626
200 iterations
f(b) = 5.0872
Frob norm 2 after updating B : 1.95623
Iteration number -------- 25  -----------
lambda : 1.12716
max_diff => 0.0624787
performed mixing
Frob norm 1 after updating U: 1.9464
200 iterations
f(b) = 5.08055
Frob norm 2 after updating B : 1.95299
Iteration number -------- 26  -----------
lambda : 1.1328
max_diff => 0.062479
performed mixing
Frob norm 1 after updating U: 1.94657
200 iterations
f(b) = 5.07839
Frob norm 2 after updating B : 1.95087
Iteration number -------- 27  -----------
lambda : 1.13846
max_diff => 0.0624791
performed mixing
Frob norm 1 after updating U: 1.94667
200 iterations
f(b) = 5.07768
Frob norm 2 after updating B : 1.94971
Iteration number -------- 28  -----------
lambda : 1.14415
max_diff => 0.0624802
performed mixing
Frob norm 1 after updating U: 1.94694
200 iterations
f(b) = 5.08325
Frob norm 2 after updating B : 1.94881
Iteration number -------- 29  -----------
lambda : 1.14987
max_diff => 0.0624808
performed mixing
Frob norm 1 after updating U: 1.94697
200 iterations
f(b) = 5.08917
Frob norm 2 after updating B : 1.94838
Iteration number -------- 30  -----------
lambda : 1.15562
max_diff => 0.062481
performed mixing
Frob norm 1 after updating U: 1.94715
200 iterations
f(b) = 5.07801
Frob norm 2 after updating B : 1.94805
Iteration number -------- 31  -----------
lambda : 1.1614
max_diff => 0.0624838
performed mixing
Frob norm 1 after updating U: 1.94718
200 iterations
f(b) = 5.09664
Frob norm 2 after updating B : 1.94801
Iteration number -------- 32  -----------
lambda : 1.16721
max_diff => 0.0624842
performed mixing
Frob norm 1 after updating U: 1.94742
200 iterations
f(b) = 5.10082
Frob norm 2 after updating B : 1.94839
Iteration number -------- 33  -----------
lambda : 1.17304
max_diff => 0.0624856
performed mixing
Frob norm 1 after updating U: 1.94798
200 iterations
f(b) = 5.10689
Frob norm 2 after updating B : 1.94857
Iteration number -------- 34  -----------
lambda : 1.17891
max_diff => 0.0624862
performed mixing
Frob norm 1 after updating U: 1.94829
200 iterations
f(b) = 5.11105
Frob norm 2 after updating B : 1.94901
Iteration number -------- 35  -----------
lambda : 1.1848
max_diff => 0.0624866
performed mixing
Frob norm 1 after updating U: 1.9488
200 iterations
f(b) = 5.11982
Frob norm 2 after updating B : 1.94907
Iteration number -------- 36  -----------
lambda : 1.19073
max_diff => 0.062487
performed mixing
Frob norm 1 after updating U: 1.94892
200 iterations
f(b) = 5.12459
Frob norm 2 after updating B : 1.94927
Iteration number -------- 37  -----------
lambda : 1.19668
max_diff => 0.0624873
performed mixing
Frob norm 1 after updating U: 1.94915
200 iterations
f(b) = 5.10799
Frob norm 2 after updating B : 1.94959
Iteration number -------- 38  -----------
lambda : 1.20266
max_diff => 0.0624877
performed mixing
Frob norm 1 after updating U: 1.9495
200 iterations
f(b) = 5.11272
Frob norm 2 after updating B : 1.94993
Iteration number -------- 39  -----------
lambda : 1.20868
max_diff => 0.0624882
performed mixing
Frob norm 1 after updating U: 1.94985
200 iterations
f(b) = 5.13742
Frob norm 2 after updating B : 1.9504
Iteration number -------- 40  -----------
lambda : 1.21472
max_diff => 0.0624884
performed mixing
Frob norm 1 after updating U: 1.95034
200 iterations
f(b) = 5.15083
Frob norm 2 after updating B : 1.95062
Iteration number -------- 41  -----------
lambda : 1.22079
max_diff => 0.0624889
performed mixing
Frob norm 1 after updating U: 1.95057
200 iterations
f(b) = 5.15716
Frob norm 2 after updating B : 1.95081
Iteration number -------- 42  -----------
lambda : 1.2269
max_diff => 0.062489
performed mixing
Frob norm 1 after updating U: 1.95078
200 iterations
f(b) = 5.16317
Frob norm 2 after updating B : 1.95107
Iteration number -------- 43  -----------
lambda : 1.23303
max_diff => 0.0624892
performed mixing
Frob norm 1 after updating U: 1.95104
200 iterations
f(b) = 5.16715
Frob norm 2 after updating B : 1.95159
Iteration number -------- 44  -----------
lambda : 1.2392
max_diff => 0.0624897
performed mixing
Frob norm 1 after updating U: 1.95155
200 iterations
f(b) = 5.17372
Frob norm 2 after updating B : 1.95192
Iteration number -------- 45  -----------
lambda : 1.24539
max_diff => 0.0624899
performed mixing
Frob norm 1 after updating U: 1.95189
200 iterations
f(b) = 5.18087
Frob norm 2 after updating B : 1.95232
Iteration number -------- 46  -----------
lambda : 1.25162
max_diff => 0.0624904
performed mixing
Frob norm 1 after updating U: 1.95229
200 iterations
f(b) = 5.18632
Frob norm 2 after updating B : 1.95261
Iteration number -------- 47  -----------
lambda : 1.25788
max_diff => 0.0624905
performed mixing
Frob norm 1 after updating U: 1.95259
200 iterations
f(b) = 5.19261
Frob norm 2 after updating B : 1.95318
Iteration number -------- 48  -----------
lambda : 1.26417
max_diff => 0.0624906
performed mixing
Frob norm 1 after updating U: 1.95315
200 iterations
f(b) = 5.19841
Frob norm 2 after updating B : 1.95366
Iteration number -------- 49  -----------
lambda : 1.27049
max_diff => 0.0624909
performed mixing
Frob norm 1 after updating U: 1.95364
200 iterations
f(b) = 5.20564
Frob norm 2 after updating B : 1.95414
Iteration number -------- 50  -----------
lambda : 1.27684
max_diff => 0.0624914
performed mixing
Frob norm 1 after updating U: 1.95411
200 iterations
f(b) = 5.14806
Frob norm 2 after updating B : 1.95436
Iteration number -------- 51  -----------
lambda : 1.28323
max_diff => 0.0624924
performed mixing
Frob norm 1 after updating U: 1.95433
200 iterations
f(b) = 5.21899
Frob norm 2 after updating B : 1.95445
Iteration number -------- 52  -----------
lambda : 1.28964
max_diff => 0.0624926
performed mixing
Frob norm 1 after updating U: 1.95444
200 iterations
f(b) = 5.22655
Frob norm 2 after updating B : 1.95451
Iteration number -------- 53  -----------
lambda : 1.29609
max_diff => 0.0624929
performed mixing
Frob norm 1 after updating U: 1.95449
200 iterations
f(b) = 5.23233
Frob norm 2 after updating B : 1.9548
Iteration number -------- 54  -----------
lambda : 1.30257
max_diff => 0.0624934
performed mixing
Frob norm 1 after updating U: 1.95478
200 iterations
f(b) = 5.23917
Frob norm 2 after updating B : 1.95488
Iteration number -------- 55  -----------
lambda : 1.30908
max_diff => 0.0624936
performed mixing
Frob norm 1 after updating U: 1.95486
200 iterations
f(b) = 5.2414
Frob norm 2 after updating B : 1.95521
Iteration number -------- 56  -----------
lambda : 1.31563
max_diff => 0.0624941
performed mixing
Frob norm 1 after updating U: 1.9552
200 iterations
f(b) = 5.25437
Frob norm 2 after updating B : 1.95532
Iteration number -------- 57  -----------
lambda : 1.32221
max_diff => 0.0624943
performed mixing
Frob norm 1 after updating U: 1.95531
200 iterations
f(b) = 5.25867
Frob norm 2 after updating B : 1.95549
Iteration number -------- 58  -----------
lambda : 1.32882
max_diff => 0.0624947
performed mixing
Frob norm 1 after updating U: 1.95548
200 iterations
f(b) = 5.26752
Frob norm 2 after updating B : 1.95569
Iteration number -------- 59  -----------
lambda : 1.33546
max_diff => 0.0624949
performed mixing
Frob norm 1 after updating U: 1.95568
200 iterations
f(b) = 5.28055
Frob norm 2 after updating B : 1.95543
Iteration number -------- 60  -----------
lambda : 1.34214
max_diff => 0.0624956
performed mixing
Frob norm 1 after updating U: 1.95543
200 iterations
f(b) = 5.28022
Frob norm 2 after updating B : 1.95584
Iteration number -------- 61  -----------
lambda : 1.34885
max_diff => 0.0624958
performed mixing
Frob norm 1 after updating U: 1.95583
200 iterations
f(b) = 5.29084
Frob norm 2 after updating B : 1.95608
Iteration number -------- 62  -----------
lambda : 1.35559
max_diff => 0.0624962
performed mixing
Frob norm 1 after updating U: 1.95607
200 iterations
f(b) = 5.29644
Frob norm 2 after updating B : 1.95627
Iteration number -------- 63  -----------
lambda : 1.36237
max_diff => 0.0624965
performed mixing
Frob norm 1 after updating U: 1.95626
200 iterations
f(b) = 5.3031
Frob norm 2 after updating B : 1.95641
Iteration number -------- 64  -----------
lambda : 1.36918
max_diff => 0.0624968
performed mixing
Frob norm 1 after updating U: 1.95641
200 iterations
f(b) = 5.31158
Frob norm 2 after updating B : 1.95654
Iteration number -------- 65  -----------
lambda : 1.37603
max_diff => 0.0624969
performed mixing
Frob norm 1 after updating U: 1.95653
200 iterations
f(b) = 5.31735
Frob norm 2 after updating B : 1.95674
Iteration number -------- 66  -----------
lambda : 1.38291
max_diff => 0.062497
performed mixing
Frob norm 1 after updating U: 1.95674
200 iterations
f(b) = 5.32354
Frob norm 2 after updating B : 1.95688
Iteration number -------- 67  -----------
lambda : 1.38982
max_diff => 0.0624972
performed mixing
Frob norm 1 after updating U: 1.95687
200 iterations
f(b) = 5.33001
Frob norm 2 after updating B : 1.95699
Iteration number -------- 68  -----------
lambda : 1.39677
max_diff => 0.0624975
performed mixing
Frob norm 1 after updating U: 1.95699
200 iterations
f(b) = 5.24152
Frob norm 2 after updating B : 1.95707
Iteration number -------- 69  -----------
lambda : 1.40376
max_diff => 0.0624978
performed mixing
Frob norm 1 after updating U: 1.95706
200 iterations
f(b) = 5.34702
Frob norm 2 after updating B : 1.95721
Iteration number -------- 70  -----------
lambda : 1.41078
max_diff => 0.0624979
performed mixing
Frob norm 1 after updating U: 1.9572
200 iterations
f(b) = 5.35617
Frob norm 2 after updating B : 1.95733
Iteration number -------- 71  -----------
lambda : 1.41783
max_diff => 0.0624982
performed mixing
Frob norm 1 after updating U: 1.95732
200 iterations
f(b) = 5.36288
Frob norm 2 after updating B : 1.95746
Iteration number -------- 72  -----------
lambda : 1.42492
max_diff => 0.0624983
performed mixing
Frob norm 1 after updating U: 1.95746
200 iterations
f(b) = 5.36986
Frob norm 2 after updating B : 1.95748
Iteration number -------- 73  -----------
lambda : 1.43204
max_diff => 0.0624984
performed mixing
Frob norm 1 after updating U: 1.95748
200 iterations
f(b) = 5.37626
Frob norm 2 after updating B : 1.95758
Iteration number -------- 74  -----------
lambda : 1.4392
max_diff => 0.0624986
performed mixing
Frob norm 1 after updating U: 1.95758
200 iterations
f(b) = 5.38557
Frob norm 2 after updating B : 1.95764
Iteration number -------- 75  -----------
lambda : 1.4464
max_diff => 0.0624986
performed mixing
Frob norm 1 after updating U: 1.95764
200 iterations
f(b) = 5.39301
Frob norm 2 after updating B : 1.95778
Iteration number -------- 76  -----------
lambda : 1.45363
max_diff => 0.0624988
performed mixing
Frob norm 1 after updating U: 1.95778
200 iterations
f(b) = 5.39714
Frob norm 2 after updating B : 1.95796
Iteration number -------- 77  -----------
lambda : 1.4609
max_diff => 0.0624989
performed mixing
Frob norm 1 after updating U: 1.95795
200 iterations
f(b) = 5.37345
Frob norm 2 after updating B : 1.95806
Iteration number -------- 78  -----------
lambda : 1.46821
max_diff => 0.0624991
performed mixing
Frob norm 1 after updating U: 1.95806
200 iterations
f(b) = 5.41801
Frob norm 2 after updating B : 1.95822
Iteration number -------- 79  -----------
lambda : 1.47555
max_diff => 0.0624992
performed mixing
Frob norm 1 after updating U: 1.95822
200 iterations
f(b) = 5.42594
Frob norm 2 after updating B : 1.95837
Iteration number -------- 80  -----------
lambda : 1.48292
max_diff => 0.0624994
performed mixing
Frob norm 1 after updating U: 1.95837
200 iterations
f(b) = 5.4285
Frob norm 2 after updating B : 1.95851
Iteration number -------- 81  -----------
lambda : 1.49034
max_diff => 0.0624995
performed mixing
Frob norm 1 after updating U: 1.9585
200 iterations
f(b) = 5.43909
Frob norm 2 after updating B : 1.95867
Iteration number -------- 82  -----------
lambda : 1.49779
max_diff => 0.0624996
performed mixing
Frob norm 1 after updating U: 1.95867
200 iterations
f(b) = 5.43683
Frob norm 2 after updating B : 1.9588
Iteration number -------- 83  -----------
lambda : 1.50528
max_diff => 0.0624997
performed mixing
Frob norm 1 after updating U: 1.9588
200 iterations
f(b) = 5.45565
Frob norm 2 after updating B : 1.95896
Iteration number -------- 84  -----------
lambda : 1.51281
max_diff => 0.0624998
performed mixing
Frob norm 1 after updating U: 1.95896
200 iterations
f(b) = 5.45932
Frob norm 2 after updating B : 1.9591
Iteration number -------- 85  -----------
lambda : 1.52037
max_diff => 0.0624999
performed mixing
Frob norm 1 after updating U: 1.9591
200 iterations
f(b) = 5.47252
Frob norm 2 after updating B : 1.95923
Iteration number -------- 86  -----------
lambda : 1.52797
max_diff => 0.0624999
performed mixing
Frob norm 1 after updating U: 1.95923
200 iterations
f(b) = 5.47697
Frob norm 2 after updating B : 1.95941
Iteration number -------- 87  -----------
lambda : 1.53561
max_diff => 0.0625
performed mixing
Frob norm 1 after updating U: 1.95941
200 iterations
f(b) = 5.48271
Frob norm 2 after updating B : 1.95955
Iteration number -------- 88  -----------
lambda : 1.54329
max_diff => 0.0625001
performed mixing
Frob norm 1 after updating U: 1.95954
200 iterations
f(b) = 5.49548
Frob norm 2 after updating B : 1.9597
Iteration number -------- 89  -----------
lambda : 1.55101
max_diff => 0.0625001
performed mixing
Frob norm 1 after updating U: 1.9597
200 iterations
f(b) = 5.50317
Frob norm 2 after updating B : 1.95983
Iteration number -------- 90  -----------
lambda : 1.55876
max_diff => 0.0625001
performed mixing
Frob norm 1 after updating U: 1.95983
200 iterations
f(b) = 5.51383
Frob norm 2 after updating B : 1.96
Iteration number -------- 91  -----------
lambda : 1.56655
max_diff => 0.0625001
performed mixing
Frob norm 1 after updating U: 1.95999
200 iterations
f(b) = 5.51924
Frob norm 2 after updating B : 1.96012
Iteration number -------- 92  -----------
lambda : 1.57439
max_diff => 0.0625001
performed mixing
Frob norm 1 after updating U: 1.96012
200 iterations
f(b) = 5.52822
Frob norm 2 after updating B : 1.96039
Iteration number -------- 93  -----------
lambda : 1.58226
max_diff => 0.0625
performed mixing
Frob norm 1 after updating U: 1.96039
200 iterations
f(b) = 5.53567
Frob norm 2 after updating B : 1.96052
Iteration number -------- 94  -----------
lambda : 1.59017
max_diff => 0.0625
performed mixing
Frob norm 1 after updating U: 1.96051
200 iterations
f(b) = 5.66298
Frob norm 2 after updating B : 1.96217
Iteration number -------- 95  -----------
lambda : 1.59812
max_diff => 0.062501
performed mixing
Frob norm 1 after updating U: 1.96213
200 iterations
f(b) = 5.55362
Frob norm 2 after updating B : 1.9608
Iteration number -------- 96  -----------
lambda : 1.60611
max_diff => 0.0624999
performed mixing
Frob norm 1 after updating U: 1.96081
200 iterations
f(b) = 5.55677
Frob norm 2 after updating B : 1.96118
Iteration number -------- 97  -----------
lambda : 1.61414
max_diff => 0.0624998
performed mixing
Frob norm 1 after updating U: 1.96118
200 iterations
f(b) = 5.55331
Frob norm 2 after updating B : 1.96155
Iteration number -------- 98  -----------
lambda : 1.62221
max_diff => 0.0624996
performed mixing
Frob norm 1 after updating U: 1.96155
200 iterations
f(b) = 5.57744
Frob norm 2 after updating B : 1.96168
Iteration number -------- 99  -----------
lambda : 1.63032
max_diff => 0.0624996
performed mixing
Frob norm 1 after updating U: 1.96167
200 iterations
f(b) = 5.58357
Frob norm 2 after updating B : 1.96186
Iteration number -------- 100  -----------
lambda : 1.63848
max_diff => 0.0624995
