Academic license - for non-commercial use only
Frob norm 1 after updating U: 11.2238
200 iterations
f(b) = 45.1075
Frob norm 2 after updating B : 6.33363
Iteration number -------- 1  -----------
lambda : 1
max_diff => 0.0865492
performed mixing
Frob norm 1 after updating U: 5.13898
200 iterations
f(b) = 39.7585
Frob norm 2 after updating B : 5.88332
Iteration number -------- 2  -----------
lambda : 1.005
max_diff => 0.0853157
performed mixing
Frob norm 1 after updating U: 4.9431
200 iterations
f(b) = 35.7743
Frob norm 2 after updating B : 5.53196
Iteration number -------- 3  -----------
lambda : 1.01002
max_diff => 0.086744
performed mixing
Frob norm 1 after updating U: 4.78972
200 iterations
f(b) = 32.8275
Frob norm 2 after updating B : 5.27408
Iteration number -------- 4  -----------
lambda : 1.01508
max_diff => 0.0865102
performed mixing
Frob norm 1 after updating U: 4.66541
200 iterations
f(b) = 30.566
Frob norm 2 after updating B : 5.0467
Iteration number -------- 5  -----------
lambda : 1.02015
max_diff => 0.0889208
performed mixing
Frob norm 1 after updating U: 4.4863
200 iterations
f(b) = 27.6513
Frob norm 2 after updating B : 4.82042
Iteration number -------- 6  -----------
lambda : 1.02525
max_diff => 0.0816989
performed mixing
Frob norm 1 after updating U: 4.20838
200 iterations
f(b) = 25.6088
Frob norm 2 after updating B : 4.62327
Iteration number -------- 7  -----------
lambda : 1.03038
max_diff => 0.0791409
performed mixing
Frob norm 1 after updating U: 4.14295
200 iterations
f(b) = 23.9931
Frob norm 2 after updating B : 4.48166
Iteration number -------- 8  -----------
lambda : 1.03553
max_diff => 0.0741888
performed mixing
Frob norm 1 after updating U: 4.07988
200 iterations
f(b) = 22.6916
Frob norm 2 after updating B : 4.35707
Iteration number -------- 9  -----------
lambda : 1.04071
max_diff => 0.0710831
performed mixing
Frob norm 1 after updating U: 4.03497
200 iterations
f(b) = 21.6183
Frob norm 2 after updating B : 4.27965
Iteration number -------- 10  -----------
lambda : 1.04591
max_diff => 0.0651688
performed mixing
Frob norm 1 after updating U: 3.97639
200 iterations
f(b) = 20.0216
Frob norm 2 after updating B : 4.12647
Iteration number -------- 11  -----------
lambda : 1.05114
max_diff => 0.076011
performed mixing
Frob norm 1 after updating U: 3.6925
200 iterations
f(b) = 18.7996
Frob norm 2 after updating B : 3.9961
Iteration number -------- 12  -----------
lambda : 1.0564
max_diff => 0.0677525
performed mixing
Frob norm 1 after updating U: 3.66591
200 iterations
f(b) = 17.8468
Frob norm 2 after updating B : 3.91436
Iteration number -------- 13  -----------
lambda : 1.06168
max_diff => 0.0605976
performed mixing
Frob norm 1 after updating U: 3.64296
200 iterations
f(b) = 17.0473
Frob norm 2 after updating B : 3.85234
Iteration number -------- 14  -----------
lambda : 1.06699
max_diff => 0.0596789
performed mixing
Frob norm 1 after updating U: 3.62951
200 iterations
f(b) = 16.4145
Frob norm 2 after updating B : 3.80428
Iteration number -------- 15  -----------
lambda : 1.07232
max_diff => 0.058763
performed mixing
Frob norm 1 after updating U: 3.62055
200 iterations
f(b) = 15.9494
Frob norm 2 after updating B : 3.74466
Iteration number -------- 16  -----------
lambda : 1.07768
max_diff => 0.0584701
performed mixing
Frob norm 1 after updating U: 3.61988
200 iterations
f(b) = 15.5761
Frob norm 2 after updating B : 3.72026
Iteration number -------- 17  -----------
lambda : 1.08307
max_diff => 0.0572171
performed mixing
Frob norm 1 after updating U: 3.61393
200 iterations
f(b) = 15.3222
Frob norm 2 after updating B : 3.68416
Iteration number -------- 18  -----------
lambda : 1.08849
max_diff => 0.0572048
performed mixing
Frob norm 1 after updating U: 3.61393
200 iterations
f(b) = 15.1241
Frob norm 2 after updating B : 3.66531
Iteration number -------- 19  -----------
lambda : 1.09393
max_diff => 0.0566684
performed mixing
Frob norm 1 after updating U: 3.61247
200 iterations
f(b) = 14.9693
Frob norm 2 after updating B : 3.65024
Iteration number -------- 20  -----------
lambda : 1.0994
max_diff => 0.0561579
performed mixing
Frob norm 1 after updating U: 3.60965
200 iterations
f(b) = 14.8956
Frob norm 2 after updating B : 3.6368
Iteration number -------- 21  -----------
lambda : 1.1049
max_diff => 0.0560354
performed mixing
Frob norm 1 after updating U: 3.60957
200 iterations
f(b) = 14.7875
Frob norm 2 after updating B : 3.63599
Iteration number -------- 22  -----------
lambda : 1.11042
max_diff => 0.0541368
performed mixing
Frob norm 1 after updating U: 3.60945
200 iterations
f(b) = 14.752
Frob norm 2 after updating B : 3.62655
Iteration number -------- 23  -----------
lambda : 1.11597
max_diff => 0.0541429
performed mixing
Frob norm 1 after updating U: 3.60943
200 iterations
f(b) = 14.7027
Frob norm 2 after updating B : 3.62048
Iteration number -------- 24  -----------
lambda : 1.12155
max_diff => 0.0541378
performed mixing
Frob norm 1 after updating U: 3.60939
200 iterations
f(b) = 14.688
Frob norm 2 after updating B : 3.61657
Iteration number -------- 25  -----------
lambda : 1.12716
max_diff => 0.0540847
performed mixing
Frob norm 1 after updating U: 3.60941
200 iterations
f(b) = 14.6831
Frob norm 2 after updating B : 3.61396
Iteration number -------- 26  -----------
lambda : 1.1328
max_diff => 0.0540458
performed mixing
Frob norm 1 after updating U: 3.6093
200 iterations
f(b) = 14.6793
Frob norm 2 after updating B : 3.6123
Iteration number -------- 27  -----------
lambda : 1.13846
max_diff => 0.0540257
performed mixing
Frob norm 1 after updating U: 3.60929
200 iterations
f(b) = 14.6767
Frob norm 2 after updating B : 3.6112
Iteration number -------- 28  -----------
lambda : 1.14415
max_diff => 0.0539189
performed mixing
Frob norm 1 after updating U: 3.6092
200 iterations
f(b) = 14.6806
Frob norm 2 after updating B : 3.61045
Iteration number -------- 29  -----------
lambda : 1.14987
max_diff => 0.0538523
performed mixing
Frob norm 1 after updating U: 3.60914
200 iterations
f(b) = 14.6811
Frob norm 2 after updating B : 3.60971
Iteration number -------- 30  -----------
lambda : 1.15562
max_diff => 0.0535924
performed mixing
Frob norm 1 after updating U: 3.60875
200 iterations
f(b) = 14.6692
Frob norm 2 after updating B : 3.60871
Iteration number -------- 31  -----------
lambda : 1.1614
max_diff => 0.0541505
performed mixing
Frob norm 1 after updating U: 3.60773
200 iterations
f(b) = 14.6829
Frob norm 2 after updating B : 3.60833
Iteration number -------- 32  -----------
lambda : 1.16721
max_diff => 0.054167
performed mixing
Frob norm 1 after updating U: 3.60768
200 iterations
f(b) = 14.6812
Frob norm 2 after updating B : 3.60802
Iteration number -------- 33  -----------
lambda : 1.17304
max_diff => 0.0542145
performed mixing
Frob norm 1 after updating U: 3.60759
200 iterations
f(b) = 14.7069
Frob norm 2 after updating B : 3.60786
Iteration number -------- 34  -----------
lambda : 1.17891
max_diff => 0.0542265
performed mixing
Frob norm 1 after updating U: 3.60758
200 iterations
f(b) = 14.7129
Frob norm 2 after updating B : 3.60776
Iteration number -------- 35  -----------
lambda : 1.1848
max_diff => 0.0542326
performed mixing
Frob norm 1 after updating U: 3.60756
200 iterations
f(b) = 14.7208
Frob norm 2 after updating B : 3.60763
Iteration number -------- 36  -----------
lambda : 1.19073
max_diff => 0.0542691
performed mixing
Frob norm 1 after updating U: 3.60749
200 iterations
f(b) = 14.7285
Frob norm 2 after updating B : 3.60755
Iteration number -------- 37  -----------
lambda : 1.19668
max_diff => 0.0543051
performed mixing
Frob norm 1 after updating U: 3.60744
200 iterations
f(b) = 14.7378
Frob norm 2 after updating B : 3.6075
Iteration number -------- 38  -----------
lambda : 1.20266
max_diff => 0.0543195
performed mixing
Frob norm 1 after updating U: 3.60743
200 iterations
f(b) = 14.7462
Frob norm 2 after updating B : 3.60742
Iteration number -------- 39  -----------
lambda : 1.20868
max_diff => 0.0543463
performed mixing
Frob norm 1 after updating U: 3.60736
200 iterations
f(b) = 14.7546
Frob norm 2 after updating B : 3.60738
Iteration number -------- 40  -----------
lambda : 1.21472
max_diff => 0.0543768
performed mixing
Frob norm 1 after updating U: 3.60734
200 iterations
f(b) = 14.7638
Frob norm 2 after updating B : 3.60733
Iteration number -------- 41  -----------
lambda : 1.22079
max_diff => 0.0543994
performed mixing
Frob norm 1 after updating U: 3.6073
200 iterations
f(b) = 15.7391
Frob norm 2 after updating B : 3.65494
Iteration number -------- 42  -----------
lambda : 1.2269
max_diff => 0.0578715
performed mixing
Frob norm 1 after updating U: 3.64597
200 iterations
f(b) = 14.7493
Frob norm 2 after updating B : 3.60925
Iteration number -------- 43  -----------
lambda : 1.23303
max_diff => 0.0545739
performed mixing
Frob norm 1 after updating U: 3.60878
200 iterations
f(b) = 14.7877
Frob norm 2 after updating B : 3.60905
Iteration number -------- 44  -----------
lambda : 1.2392
max_diff => 0.0545832
performed mixing
Frob norm 1 after updating U: 3.60873
200 iterations
f(b) = 14.7959
Frob norm 2 after updating B : 3.60889
Iteration number -------- 45  -----------
lambda : 1.24539
max_diff => 0.0546102
performed mixing
Frob norm 1 after updating U: 3.60867
200 iterations
f(b) = 14.8021
Frob norm 2 after updating B : 3.60873
Iteration number -------- 46  -----------
lambda : 1.25162
max_diff => 0.0546286
performed mixing
Frob norm 1 after updating U: 3.60856
200 iterations
f(b) = 14.8131
Frob norm 2 after updating B : 3.60865
Iteration number -------- 47  -----------
lambda : 1.25788
max_diff => 0.0546348
performed mixing
Frob norm 1 after updating U: 3.60854
200 iterations
f(b) = 14.8203
Frob norm 2 after updating B : 3.60859
Iteration number -------- 48  -----------
lambda : 1.26417
max_diff => 0.0546452
performed mixing
Frob norm 1 after updating U: 3.60851
200 iterations
f(b) = 14.8299
Frob norm 2 after updating B : 3.60854
Iteration number -------- 49  -----------
lambda : 1.27049
max_diff => 0.0546581
performed mixing
Frob norm 1 after updating U: 3.60848
200 iterations
f(b) = 14.8386
Frob norm 2 after updating B : 3.60848
Iteration number -------- 50  -----------
lambda : 1.27684
max_diff => 0.0546741
performed mixing
Frob norm 1 after updating U: 3.60843
200 iterations
f(b) = 14.8459
Frob norm 2 after updating B : 3.6084
Iteration number -------- 51  -----------
lambda : 1.28323
max_diff => 0.054693
performed mixing
Frob norm 1 after updating U: 3.60836
200 iterations
f(b) = 14.8551
Frob norm 2 after updating B : 3.60833
Iteration number -------- 52  -----------
lambda : 1.28964
max_diff => 0.0547207
performed mixing
Frob norm 1 after updating U: 3.6083
200 iterations
f(b) = 14.859
Frob norm 2 after updating B : 3.60818
Iteration number -------- 53  -----------
lambda : 1.29609
max_diff => 0.0547903
performed mixing
Frob norm 1 after updating U: 3.60814
200 iterations
f(b) = 14.8741
Frob norm 2 after updating B : 3.60815
Iteration number -------- 54  -----------
lambda : 1.30257
max_diff => 0.0547757
performed mixing
Frob norm 1 after updating U: 3.60812
200 iterations
f(b) = 14.8809
Frob norm 2 after updating B : 3.60811
Iteration number -------- 55  -----------
lambda : 1.30908
max_diff => 0.0547996
performed mixing
Frob norm 1 after updating U: 3.60809
200 iterations
f(b) = 14.8716
Frob norm 2 after updating B : 3.60791
Iteration number -------- 56  -----------
lambda : 1.31563
max_diff => 0.054845
performed mixing
Frob norm 1 after updating U: 3.60788
200 iterations
f(b) = 14.8981
Frob norm 2 after updating B : 3.60797
Iteration number -------- 57  -----------
lambda : 1.32221
max_diff => 0.0548785
performed mixing
Frob norm 1 after updating U: 3.60794
200 iterations
f(b) = 14.9054
Frob norm 2 after updating B : 3.60783
Iteration number -------- 58  -----------
lambda : 1.32882
max_diff => 0.0549115
performed mixing
Frob norm 1 after updating U: 3.60781
200 iterations
f(b) = 14.9195
Frob norm 2 after updating B : 3.60781
Iteration number -------- 59  -----------
lambda : 1.33546
max_diff => 0.0549272
performed mixing
Frob norm 1 after updating U: 3.6078
200 iterations
f(b) = 14.9288
Frob norm 2 after updating B : 3.60783
Iteration number -------- 60  -----------
lambda : 1.34214
max_diff => 0.0549182
performed mixing
Frob norm 1 after updating U: 3.60782
200 iterations
f(b) = 14.9374
Frob norm 2 after updating B : 3.60782
Iteration number -------- 61  -----------
lambda : 1.34885
max_diff => 0.0549232
performed mixing
Frob norm 1 after updating U: 3.60781
200 iterations
f(b) = 14.9473
Frob norm 2 after updating B : 3.60775
Iteration number -------- 62  -----------
lambda : 1.35559
max_diff => 0.0549261
performed mixing
Frob norm 1 after updating U: 3.60775
200 iterations
f(b) = 14.9363
Frob norm 2 after updating B : 3.6076
Iteration number -------- 63  -----------
lambda : 1.36237
max_diff => 0.0550264
performed mixing
Frob norm 1 after updating U: 3.60758
200 iterations
f(b) = 14.9667
Frob norm 2 after updating B : 3.6076
Iteration number -------- 64  -----------
lambda : 1.36918
max_diff => 0.0550362
performed mixing
Frob norm 1 after updating U: 3.60759
200 iterations
f(b) = 14.9762
Frob norm 2 after updating B : 3.60758
Iteration number -------- 65  -----------
lambda : 1.37603
max_diff => 0.0550412
performed mixing
Frob norm 1 after updating U: 3.60757
200 iterations
f(b) = 14.9652
Frob norm 2 after updating B : 3.60762
Iteration number -------- 66  -----------
lambda : 1.38291
max_diff => 0.0550518
performed mixing
Frob norm 1 after updating U: 3.60761
200 iterations
f(b) = 14.996
Frob norm 2 after updating B : 3.60762
Iteration number -------- 67  -----------
lambda : 1.38982
max_diff => 0.0550593
performed mixing
Frob norm 1 after updating U: 3.60761
200 iterations
f(b) = 15.005
Frob norm 2 after updating B : 3.60755
Iteration number -------- 68  -----------
lambda : 1.39677
max_diff => 0.0550855
performed mixing
Frob norm 1 after updating U: 3.60754
200 iterations
f(b) = 15.0159
Frob norm 2 after updating B : 3.60753
Iteration number -------- 69  -----------
lambda : 1.40376
max_diff => 0.0550966
performed mixing
Frob norm 1 after updating U: 3.60753
200 iterations
f(b) = 15.0219
Frob norm 2 after updating B : 3.60748
Iteration number -------- 70  -----------
lambda : 1.41078
max_diff => 0.0551285
performed mixing
Frob norm 1 after updating U: 3.60747
200 iterations
f(b) = 15.0362
Frob norm 2 after updating B : 3.60747
Iteration number -------- 71  -----------
lambda : 1.41783
max_diff => 0.0551306
performed mixing
Frob norm 1 after updating U: 3.60746
200 iterations
f(b) = 15.0458
Frob norm 2 after updating B : 3.60753
Iteration number -------- 72  -----------
lambda : 1.42492
max_diff => 0.0551369
performed mixing
Frob norm 1 after updating U: 3.60753
200 iterations
f(b) = 15.0567
Frob norm 2 after updating B : 3.6075
Iteration number -------- 73  -----------
lambda : 1.43204
max_diff => 0.0551408
performed mixing
Frob norm 1 after updating U: 3.60749
200 iterations
f(b) = 15.0662
Frob norm 2 after updating B : 3.60753
Iteration number -------- 74  -----------
lambda : 1.4392
max_diff => 0.0551482
performed mixing
Frob norm 1 after updating U: 3.60753
200 iterations
f(b) = 15.0758
Frob norm 2 after updating B : 3.60746
Iteration number -------- 75  -----------
lambda : 1.4464
max_diff => 0.055151
performed mixing
Frob norm 1 after updating U: 3.60746
200 iterations
f(b) = 15.0858
Frob norm 2 after updating B : 3.60747
Iteration number -------- 76  -----------
lambda : 1.45363
max_diff => 0.0551656
performed mixing
Frob norm 1 after updating U: 3.60746
200 iterations
f(b) = 15.0945
Frob norm 2 after updating B : 3.60748
Iteration number -------- 77  -----------
lambda : 1.4609
max_diff => 0.0551576
performed mixing
Frob norm 1 after updating U: 3.60748
200 iterations
f(b) = 15.1064
Frob norm 2 after updating B : 3.60749
Iteration number -------- 78  -----------
lambda : 1.46821
max_diff => 0.0551659
performed mixing
Frob norm 1 after updating U: 3.60749
200 iterations
f(b) = 15.1161
Frob norm 2 after updating B : 3.60751
Iteration number -------- 79  -----------
lambda : 1.47555
max_diff => 0.0551665
performed mixing
Frob norm 1 after updating U: 3.60751
200 iterations
f(b) = 15.1267
Frob norm 2 after updating B : 3.6075
Iteration number -------- 80  -----------
lambda : 1.48292
max_diff => 0.0551743
performed mixing
Frob norm 1 after updating U: 3.6075
200 iterations
f(b) = 15.1396
Frob norm 2 after updating B : 3.60752
Iteration number -------- 81  -----------
lambda : 1.49034
max_diff => 0.0551585
performed mixing
Frob norm 1 after updating U: 3.60752
200 iterations
f(b) = 15.1487
Frob norm 2 after updating B : 3.6075
Iteration number -------- 82  -----------
lambda : 1.49779
max_diff => 0.0551695
performed mixing
Frob norm 1 after updating U: 3.6075
200 iterations
f(b) = 15.1591
Frob norm 2 after updating B : 3.60753
Iteration number -------- 83  -----------
lambda : 1.50528
max_diff => 0.0551661
performed mixing
Frob norm 1 after updating U: 3.60753
200 iterations
f(b) = 15.1677
Frob norm 2 after updating B : 3.60753
Iteration number -------- 84  -----------
lambda : 1.51281
max_diff => 0.0551652
performed mixing
Frob norm 1 after updating U: 3.60753
200 iterations
f(b) = 15.1804
Frob norm 2 after updating B : 3.60753
Iteration number -------- 85  -----------
lambda : 1.52037
max_diff => 0.055169
performed mixing
Frob norm 1 after updating U: 3.60753
200 iterations
f(b) = 15.1927
Frob norm 2 after updating B : 3.60751
Iteration number -------- 86  -----------
lambda : 1.52797
max_diff => 0.0551745
performed mixing
Frob norm 1 after updating U: 3.60751
200 iterations
f(b) = 15.2012
Frob norm 2 after updating B : 3.6075
Iteration number -------- 87  -----------
lambda : 1.53561
max_diff => 0.0551865
performed mixing
Frob norm 1 after updating U: 3.6075
200 iterations
f(b) = 15.2114
Frob norm 2 after updating B : 3.60745
Iteration number -------- 88  -----------
lambda : 1.54329
max_diff => 0.055185
performed mixing
Frob norm 1 after updating U: 3.60744
200 iterations
f(b) = 15.2259
Frob norm 2 after updating B : 3.60744
Iteration number -------- 89  -----------
lambda : 1.55101
max_diff => 0.0551892
performed mixing
Frob norm 1 after updating U: 3.60744
200 iterations
f(b) = 15.2121
Frob norm 2 after updating B : 3.60735
Iteration number -------- 90  -----------
lambda : 1.55876
max_diff => 0.0552503
performed mixing
Frob norm 1 after updating U: 3.60735
200 iterations
f(b) = 15.2217
Frob norm 2 after updating B : 3.6074
Iteration number -------- 91  -----------
lambda : 1.56655
max_diff => 0.055225
performed mixing
Frob norm 1 after updating U: 3.60739
200 iterations
f(b) = 15.2574
Frob norm 2 after updating B : 3.6074
Iteration number -------- 92  -----------
lambda : 1.57439
max_diff => 0.0552288
performed mixing
Frob norm 1 after updating U: 3.6074
200 iterations
f(b) = 15.2682
Frob norm 2 after updating B : 3.60741
Iteration number -------- 93  -----------
lambda : 1.58226
max_diff => 0.0552282
performed mixing
Frob norm 1 after updating U: 3.60741
200 iterations
f(b) = 15.2781
Frob norm 2 after updating B : 3.60744
Iteration number -------- 94  -----------
lambda : 1.59017
max_diff => 0.0552304
performed mixing
Frob norm 1 after updating U: 3.60744
200 iterations
f(b) = 15.2816
Frob norm 2 after updating B : 3.6076
Iteration number -------- 95  -----------
lambda : 1.59812
max_diff => 0.0551715
performed mixing
Frob norm 1 after updating U: 3.6076
200 iterations
f(b) = 15.3018
Frob norm 2 after updating B : 3.60761
Iteration number -------- 96  -----------
lambda : 1.60611
max_diff => 0.0551729
performed mixing
Frob norm 1 after updating U: 3.60761
200 iterations
f(b) = 15.3109
Frob norm 2 after updating B : 3.60761
Iteration number -------- 97  -----------
lambda : 1.61414
max_diff => 0.0551795
performed mixing
Frob norm 1 after updating U: 3.60761
200 iterations
f(b) = 15.3212
Frob norm 2 after updating B : 3.60757
Iteration number -------- 98  -----------
lambda : 1.62221
max_diff => 0.0551774
performed mixing
Frob norm 1 after updating U: 3.60756
200 iterations
f(b) = 15.3368
Frob norm 2 after updating B : 3.60759
Iteration number -------- 99  -----------
lambda : 1.63032
max_diff => 0.0551808
performed mixing
Frob norm 1 after updating U: 3.60759
200 iterations
f(b) = 15.3221
Frob norm 2 after updating B : 3.60754
Iteration number -------- 100  -----------
lambda : 1.63848
max_diff => 0.0552015
