Academic license - for non-commercial use only
Frob norm 1 after updating U: 10.9724
200 iterations
f(b) = 55.1872
Frob norm 2 after updating B : 6.8122
Iteration number -------- 1  -----------
lambda : 1
max_diff => 0.145288
performed mixing
Frob norm 1 after updating U: 5.88969
200 iterations
f(b) = 50.5281
Frob norm 2 after updating B : 6.52581
Iteration number -------- 2  -----------
lambda : 1.005
max_diff => 0.128807
performed mixing
Frob norm 1 after updating U: 5.69202
200 iterations
f(b) = 46.4544
Frob norm 2 after updating B : 6.27867
Iteration number -------- 3  -----------
lambda : 1.01002
max_diff => 0.110579
performed mixing
Frob norm 1 after updating U: 5.55333
200 iterations
f(b) = 43.0549
Frob norm 2 after updating B : 6.05451
Iteration number -------- 4  -----------
lambda : 1.01508
max_diff => 0.0992938
performed mixing
Frob norm 1 after updating U: 5.44578
200 iterations
f(b) = 40.2936
Frob norm 2 after updating B : 5.86715
Iteration number -------- 5  -----------
lambda : 1.02015
max_diff => 0.0992247
performed mixing
Frob norm 1 after updating U: 5.34235
200 iterations
f(b) = 37.9589
Frob norm 2 after updating B : 5.70494
Iteration number -------- 6  -----------
lambda : 1.02525
max_diff => 0.098045
performed mixing
Frob norm 1 after updating U: 5.26627
200 iterations
f(b) = 36.0414
Frob norm 2 after updating B : 5.56457
Iteration number -------- 7  -----------
lambda : 1.03038
max_diff => 0.0974056
performed mixing
Frob norm 1 after updating U: 5.19514
200 iterations
f(b) = 34.4243
Frob norm 2 after updating B : 5.43486
Iteration number -------- 8  -----------
lambda : 1.03553
max_diff => 0.0982259
performed mixing
Frob norm 1 after updating U: 5.09425
200 iterations
f(b) = 33.1799
Frob norm 2 after updating B : 5.3128
Iteration number -------- 9  -----------
lambda : 1.04071
max_diff => 0.0997593
performed mixing
Frob norm 1 after updating U: 5.06098
200 iterations
f(b) = 32.3448
Frob norm 2 after updating B : 5.22789
Iteration number -------- 10  -----------
lambda : 1.04591
max_diff => 0.0997557
performed mixing
Frob norm 1 after updating U: 5.05185
200 iterations
f(b) = 31.7951
Frob norm 2 after updating B : 5.16976
Iteration number -------- 11  -----------
lambda : 1.05114
max_diff => 0.0997343
performed mixing
Frob norm 1 after updating U: 5.04987
200 iterations
f(b) = 29.5699
Frob norm 2 after updating B : 4.93335
Iteration number -------- 12  -----------
lambda : 1.0564
max_diff => 0.108178
performed mixing
Frob norm 1 after updating U: 4.65605
200 iterations
f(b) = 27.8801
Frob norm 2 after updating B : 4.75348
Iteration number -------- 13  -----------
lambda : 1.06168
max_diff => 0.108528
performed mixing
Frob norm 1 after updating U: 4.44515
200 iterations
f(b) = 26.8097
Frob norm 2 after updating B : 4.65275
Iteration number -------- 14  -----------
lambda : 1.06699
max_diff => 0.107972
performed mixing
Frob norm 1 after updating U: 4.43217
200 iterations
f(b) = 26.1656
Frob norm 2 after updating B : 4.57687
Iteration number -------- 15  -----------
lambda : 1.07232
max_diff => 0.107936
performed mixing
Frob norm 1 after updating U: 4.43162
200 iterations
f(b) = 25.5644
Frob norm 2 after updating B : 4.5277
Iteration number -------- 16  -----------
lambda : 1.07768
max_diff => 0.101703
performed mixing
Frob norm 1 after updating U: 4.38744
200 iterations
f(b) = 24.9939
Frob norm 2 after updating B : 4.46129
Iteration number -------- 17  -----------
lambda : 1.08307
max_diff => 0.0982785
performed mixing
Frob norm 1 after updating U: 4.31264
200 iterations
f(b) = 23.7182
Frob norm 2 after updating B : 4.34098
Iteration number -------- 18  -----------
lambda : 1.08849
max_diff => 0.0938048
performed mixing
Frob norm 1 after updating U: 4.02558
200 iterations
f(b) = 22.7843
Frob norm 2 after updating B : 4.23118
Iteration number -------- 19  -----------
lambda : 1.09393
max_diff => 0.0932915
performed mixing
Frob norm 1 after updating U: 4.02339
200 iterations
f(b) = 22.1958
Frob norm 2 after updating B : 4.15807
Iteration number -------- 20  -----------
lambda : 1.0994
max_diff => 0.092974
performed mixing
Frob norm 1 after updating U: 4.02213
200 iterations
f(b) = 21.5181
Frob norm 2 after updating B : 4.11192
Iteration number -------- 21  -----------
lambda : 1.1049
max_diff => 0.0778323
performed mixing
Frob norm 1 after updating U: 3.96725
200 iterations
f(b) = 21.148
Frob norm 2 after updating B : 4.05903
Iteration number -------- 22  -----------
lambda : 1.11042
max_diff => 0.0776316
performed mixing
Frob norm 1 after updating U: 3.96521
200 iterations
f(b) = 20.1568
Frob norm 2 after updating B : 4.05228
Iteration number -------- 23  -----------
lambda : 1.11597
max_diff => 0.0732565
performed mixing
Frob norm 1 after updating U: 3.78255
200 iterations
f(b) = 19.4402
Frob norm 2 after updating B : 3.95826
Iteration number -------- 24  -----------
lambda : 1.12155
max_diff => 0.0733745
performed mixing
Frob norm 1 after updating U: 3.7814
200 iterations
f(b) = 18.3243
Frob norm 2 after updating B : 3.99155
Iteration number -------- 25  -----------
lambda : 1.12716
max_diff => 0.0847093
performed mixing
Frob norm 1 after updating U: 3.64444
200 iterations
f(b) = 17.4048
Frob norm 2 after updating B : 3.8693
Iteration number -------- 26  -----------
lambda : 1.1328
max_diff => 0.0847707
performed mixing
Frob norm 1 after updating U: 3.64372
200 iterations
f(b) = 16.7783
Frob norm 2 after updating B : 3.78833
Iteration number -------- 27  -----------
lambda : 1.13846
max_diff => 0.0850242
performed mixing
Frob norm 1 after updating U: 3.63926
200 iterations
f(b) = 15.9245
Frob norm 2 after updating B : 3.71939
Iteration number -------- 28  -----------
lambda : 1.14415
max_diff => 0.0870969
performed mixing
Frob norm 1 after updating U: 3.45803
200 iterations
f(b) = 15.3194
Frob norm 2 after updating B : 3.62774
Iteration number -------- 29  -----------
lambda : 1.14987
max_diff => 0.0869734
performed mixing
Frob norm 1 after updating U: 3.4548
200 iterations
f(b) = 14.5246
Frob norm 2 after updating B : 3.55063
Iteration number -------- 30  -----------
lambda : 1.15562
max_diff => 0.0775956
performed mixing
Frob norm 1 after updating U: 3.32221
200 iterations
f(b) = 13.5516
Frob norm 2 after updating B : 3.4601
Iteration number -------- 31  -----------
lambda : 1.1614
max_diff => 0.0624076
performed mixing
Frob norm 1 after updating U: 3.10012
200 iterations
f(b) = 12.7814
Frob norm 2 after updating B : 3.33877
Iteration number -------- 32  -----------
lambda : 1.16721
max_diff => 0.0624278
performed mixing
Frob norm 1 after updating U: 3.09845
200 iterations
f(b) = 11.9898
Frob norm 2 after updating B : 3.25493
Iteration number -------- 33  -----------
lambda : 1.17304
max_diff => 0.0610456
performed mixing
Frob norm 1 after updating U: 3.03812
200 iterations
f(b) = 11.347
Frob norm 2 after updating B : 3.19235
Iteration number -------- 34  -----------
lambda : 1.17891
max_diff => 0.0508077
performed mixing
Frob norm 1 after updating U: 2.93279
200 iterations
f(b) = 10.7876
Frob norm 2 after updating B : 3.10412
Iteration number -------- 35  -----------
lambda : 1.1848
max_diff => 0.0508956
performed mixing
Frob norm 1 after updating U: 2.93232
200 iterations
f(b) = 10.4276
Frob norm 2 after updating B : 3.04545
Iteration number -------- 36  -----------
lambda : 1.19073
max_diff => 0.0510628
performed mixing
Frob norm 1 after updating U: 2.93146
200 iterations
f(b) = 9.89256
Frob norm 2 after updating B : 3.0387
Iteration number -------- 37  -----------
lambda : 1.19668
max_diff => 0.0612581
performed mixing
Frob norm 1 after updating U: 2.88657
200 iterations
f(b) = 9.63867
Frob norm 2 after updating B : 2.98555
Iteration number -------- 38  -----------
lambda : 1.20266
max_diff => 0.0612874
performed mixing
Frob norm 1 after updating U: 2.88606
200 iterations
f(b) = 9.43302
Frob norm 2 after updating B : 2.95039
Iteration number -------- 39  -----------
lambda : 1.20868
max_diff => 0.0613855
performed mixing
Frob norm 1 after updating U: 2.88465
200 iterations
f(b) = 9.30205
Frob norm 2 after updating B : 2.85003
Iteration number -------- 40  -----------
lambda : 1.21472
max_diff => 0.113392
performed mixing
Frob norm 1 after updating U: 2.69399
200 iterations
f(b) = 7.31797
Frob norm 2 after updating B : 2.63246
Iteration number -------- 41  -----------
lambda : 1.22079
max_diff => 0.0153522
performed mixing
Frob norm 1 after updating U: 2.41027
200 iterations
f(b) = 6.97623
Frob norm 2 after updating B : 2.55669
Iteration number -------- 42  -----------
lambda : 1.2269
max_diff => 0.0149639
performed mixing
Frob norm 1 after updating U: 2.40965
200 iterations
f(b) = 6.70904
Frob norm 2 after updating B : 2.50562
Iteration number -------- 43  -----------
lambda : 1.23303
max_diff => 0.0142771
performed mixing
Frob norm 1 after updating U: 2.40755
200 iterations
f(b) = 5.9804
Frob norm 2 after updating B : 2.35301
Iteration number -------- 44  -----------
lambda : 1.2392
max_diff => 0.00789532
performed mixing
Frob norm 1 after updating U: 2.04314
200 iterations
f(b) = 5.12483
Frob norm 2 after updating B : 2.24367
Iteration number -------- 45  -----------
lambda : 1.24539
max_diff => 7.18962e-05
performed mixing
Frob norm 1 after updating U: 2.03516
200 iterations
f(b) = 4.82558
Frob norm 2 after updating B : 2.17138
Iteration number -------- 46  -----------
lambda : 1.25162
max_diff => 5.51525e-05
performed mixing
Frob norm 1 after updating U: 2.03517
200 iterations
f(b) = 4.62488
Frob norm 2 after updating B : 2.1237
Iteration number -------- 47  -----------
lambda : 1.25788
max_diff => 4.17012e-05
performed mixing
Frob norm 1 after updating U: 2.03516
200 iterations
f(b) = 4.49135
Frob norm 2 after updating B : 2.09265
Iteration number -------- 48  -----------
lambda : 1.26417
max_diff => 2.42423e-05
performed mixing
Frob norm 1 after updating U: 2.03516
200 iterations
f(b) = 4.40166
Frob norm 2 after updating B : 2.07266
Iteration number -------- 49  -----------
lambda : 1.27049
max_diff => 4.28885e-06
performed mixing
Frob norm 1 after updating U: 2.03516
200 iterations
f(b) = 4.34666
Frob norm 2 after updating B : 2.05955
Iteration number -------- 50  -----------
lambda : 1.27684
max_diff => 1.0025e-07
performed mixing
Frob norm 1 after updating U: 2.03516
200 iterations
f(b) = 4.31654
Frob norm 2 after updating B : 2.05086
Iteration number -------- 51  -----------
lambda : 1.28323
max_diff => 9.998e-08
performed mixing
Frob norm 1 after updating U: 2.03516
200 iterations
f(b) = 4.29428
Frob norm 2 after updating B : 2.04525
Iteration number -------- 52  -----------
lambda : 1.28964
max_diff => 9.998e-08
performed mixing
Frob norm 1 after updating U: 2.03515
200 iterations
f(b) = 4.27636
Frob norm 2 after updating B : 2.04167
Iteration number -------- 53  -----------
lambda : 1.29609
max_diff => 1.14095e-07
performed mixing
Frob norm 1 after updating U: 2.03516
200 iterations
f(b) = 4.26307
Frob norm 2 after updating B : 2.03936
Iteration number -------- 54  -----------
lambda : 1.30257
max_diff => 9.998e-08
performed mixing
Frob norm 1 after updating U: 2.03516
200 iterations
f(b) = 4.26427
Frob norm 2 after updating B : 2.03787
Iteration number -------- 55  -----------
lambda : 1.30908
max_diff => 9.998e-08
performed mixing
Frob norm 1 after updating U: 2.03516
200 iterations
f(b) = 4.26483
Frob norm 2 after updating B : 2.03692
Iteration number -------- 56  -----------
lambda : 1.31563
max_diff => 1.00779e-07
performed mixing
Frob norm 1 after updating U: 2.03517
200 iterations
f(b) = 4.18759
Frob norm 2 after updating B : 2.03629
Iteration number -------- 57  -----------
lambda : 1.32221
max_diff => 1.12047e-07
performed mixing
Frob norm 1 after updating U: 2.03516
200 iterations
f(b) = 4.25684
Frob norm 2 after updating B : 2.0359
Iteration number -------- 58  -----------
lambda : 1.32882
max_diff => 9.998e-08
performed mixing
Frob norm 1 after updating U: 2.03517
200 iterations
f(b) = 4.25767
Frob norm 2 after updating B : 2.03564
Iteration number -------- 59  -----------
lambda : 1.33546
max_diff => 9.998e-08
performed mixing
Frob norm 1 after updating U: 2.03516
200 iterations
f(b) = 4.25736
Frob norm 2 after updating B : 2.03548
Iteration number -------- 60  -----------
lambda : 1.34214
max_diff => 9.998e-08
performed mixing
Frob norm 1 after updating U: 2.03517
200 iterations
f(b) = 4.25378
Frob norm 2 after updating B : 2.03537
Iteration number -------- 61  -----------
lambda : 1.34885
max_diff => 1.03469e-07
performed mixing
Frob norm 1 after updating U: 2.03516
200 iterations
f(b) = 4.25967
Frob norm 2 after updating B : 2.0353
Iteration number -------- 62  -----------
lambda : 1.35559
max_diff => 1.0881e-07
performed mixing
Frob norm 1 after updating U: 2.03516
200 iterations
f(b) = 4.26096
Frob norm 2 after updating B : 2.03526
Iteration number -------- 63  -----------
lambda : 1.36237
max_diff => 1.01048e-07
performed mixing
Frob norm 1 after updating U: 2.03517
200 iterations
f(b) = 4.18374
Frob norm 2 after updating B : 2.03523
Iteration number -------- 64  -----------
lambda : 1.36918
max_diff => 9.998e-08
performed mixing
Frob norm 1 after updating U: 2.03517
200 iterations
f(b) = 4.22747
Frob norm 2 after updating B : 2.0352
Iteration number -------- 65  -----------
lambda : 1.37603
max_diff => 9.998e-08
performed mixing
Frob norm 1 after updating U: 2.03516
200 iterations
f(b) = 4.25369
Frob norm 2 after updating B : 2.03518
Iteration number -------- 66  -----------
lambda : 1.38291
max_diff => 1.08282e-07
performed mixing
Frob norm 1 after updating U: 2.03515
200 iterations
f(b) = 4.26274
Frob norm 2 after updating B : 2.03516
Iteration number -------- 67  -----------
lambda : 1.38982
max_diff => 1.2587e-07
performed mixing
Frob norm 1 after updating U: 2.03514
200 iterations
f(b) = 4.26332
Frob norm 2 after updating B : 2.03517
Iteration number -------- 68  -----------
lambda : 1.39677
max_diff => 9.998e-08
performed mixing
Frob norm 1 after updating U: 2.03516
200 iterations
f(b) = 4.26336
Frob norm 2 after updating B : 2.03517
Iteration number -------- 69  -----------
lambda : 1.40376
max_diff => 9.998e-08
performed mixing
Frob norm 1 after updating U: 2.03516
200 iterations
f(b) = 4.26637
Frob norm 2 after updating B : 2.03516
Iteration number -------- 70  -----------
lambda : 1.41078
max_diff => 1.05033e-07
performed mixing
Frob norm 1 after updating U: 2.03515
200 iterations
f(b) = 4.26509
Frob norm 2 after updating B : 2.03516
Iteration number -------- 71  -----------
lambda : 1.41783
max_diff => 9.998e-08
performed mixing
Frob norm 1 after updating U: 2.03516
200 iterations
f(b) = 4.19226
Frob norm 2 after updating B : 2.03516
Iteration number -------- 72  -----------
lambda : 1.42492
max_diff => 9.998e-08
performed mixing
Frob norm 1 after updating U: 2.03516
200 iterations
f(b) = 4.23226
Frob norm 2 after updating B : 2.03515
Iteration number -------- 73  -----------
lambda : 1.43204
max_diff => 1.06702e-07
performed mixing
Frob norm 1 after updating U: 2.03515
200 iterations
f(b) = 4.27121
Frob norm 2 after updating B : 2.03516
Iteration number -------- 74  -----------
lambda : 1.4392
max_diff => 9.998e-08
performed mixing
Frob norm 1 after updating U: 2.03516
200 iterations
f(b) = 4.25536
Frob norm 2 after updating B : 2.03516
Iteration number -------- 75  -----------
lambda : 1.4464
max_diff => 9.998e-08
performed mixing
Frob norm 1 after updating U: 2.03516
200 iterations
f(b) = 4.26241
Frob norm 2 after updating B : 2.03518
Iteration number -------- 76  -----------
lambda : 1.45363
max_diff => 9.998e-08
performed mixing
Frob norm 1 after updating U: 2.03517
200 iterations
f(b) = 4.24416
Frob norm 2 after updating B : 2.03517
Iteration number -------- 77  -----------
lambda : 1.4609
max_diff => 1.0011e-07
performed mixing
Frob norm 1 after updating U: 2.03517
200 iterations
f(b) = 4.26316
Frob norm 2 after updating B : 2.03517
Iteration number -------- 78  -----------
lambda : 1.46821
max_diff => 1.00257e-07
performed mixing
Frob norm 1 after updating U: 2.03517
200 iterations
f(b) = 4.26885
Frob norm 2 after updating B : 2.03516
Iteration number -------- 79  -----------
lambda : 1.47555
max_diff => 9.998e-08
performed mixing
Frob norm 1 after updating U: 2.03516
200 iterations
f(b) = 4.2592
Frob norm 2 after updating B : 2.03515
Iteration number -------- 80  -----------
lambda : 1.48292
max_diff => 1.499e-07
performed mixing
Frob norm 1 after updating U: 2.03515
200 iterations
f(b) = 4.27014
Frob norm 2 after updating B : 2.03516
Iteration number -------- 81  -----------
lambda : 1.49034
max_diff => 9.998e-08
performed mixing
Frob norm 1 after updating U: 2.03516
200 iterations
f(b) = 4.24366
Frob norm 2 after updating B : 2.03515
Iteration number -------- 82  -----------
lambda : 1.49779
max_diff => 1.39051e-07
performed mixing
Frob norm 1 after updating U: 2.03515
200 iterations
f(b) = 4.27217
Frob norm 2 after updating B : 2.03516
Iteration number -------- 83  -----------
lambda : 1.50528
max_diff => 9.998e-08
performed mixing
Frob norm 1 after updating U: 2.03516
200 iterations
f(b) = 4.23717
Frob norm 2 after updating B : 2.03516
Iteration number -------- 84  -----------
lambda : 1.51281
max_diff => 1.87711e-07
performed mixing
Frob norm 1 after updating U: 2.03516
200 iterations
f(b) = 4.27301
Frob norm 2 after updating B : 2.03516
Iteration number -------- 85  -----------
lambda : 1.52037
max_diff => 1.06932e-07
performed mixing
Frob norm 1 after updating U: 2.03516
200 iterations
f(b) = 4.27668
Frob norm 2 after updating B : 2.03516
Iteration number -------- 86  -----------
lambda : 1.52797
max_diff => 9.998e-08
performed mixing
Frob norm 1 after updating U: 2.03516
200 iterations
f(b) = 4.27883
Frob norm 2 after updating B : 2.03515
Iteration number -------- 87  -----------
lambda : 1.53561
max_diff => 9.998e-08
performed mixing
Frob norm 1 after updating U: 2.03515
200 iterations
f(b) = 4.27848
Frob norm 2 after updating B : 2.03516
Iteration number -------- 88  -----------
lambda : 1.54329
max_diff => 9.998e-08
performed mixing
Frob norm 1 after updating U: 2.03516
200 iterations
f(b) = 4.26804
Frob norm 2 after updating B : 2.03516
Iteration number -------- 89  -----------
lambda : 1.55101
max_diff => 9.998e-08
performed mixing
Frob norm 1 after updating U: 2.03516
200 iterations
f(b) = 4.2802
Frob norm 2 after updating B : 2.03516
Iteration number -------- 90  -----------
lambda : 1.55876
max_diff => 9.998e-08
performed mixing
Frob norm 1 after updating U: 2.03516
200 iterations
f(b) = 4.23775
Frob norm 2 after updating B : 2.03382
Iteration number -------- 91  -----------
lambda : 1.56655
max_diff => 8.21864e-05
performed mixing
Frob norm 1 after updating U: 2.0338
200 iterations
f(b) = 4.26846
Frob norm 2 after updating B : 2.03516
Iteration number -------- 92  -----------
lambda : 1.57439
max_diff => 1.04461e-07
performed mixing
Frob norm 1 after updating U: 2.03516
200 iterations
f(b) = 4.27829
Frob norm 2 after updating B : 2.03516
Iteration number -------- 93  -----------
lambda : 1.58226
max_diff => 9.998e-08
performed mixing
Frob norm 1 after updating U: 2.03516
200 iterations
f(b) = 4.28266
Frob norm 2 after updating B : 2.03515
Iteration number -------- 94  -----------
lambda : 1.59017
max_diff => 1.24082e-07
performed mixing
Frob norm 1 after updating U: 2.03515
200 iterations
f(b) = 4.28033
Frob norm 2 after updating B : 2.03516
Iteration number -------- 95  -----------
lambda : 1.59812
max_diff => 9.998e-08
performed mixing
Frob norm 1 after updating U: 2.03516
200 iterations
f(b) = 4.25357
Frob norm 2 after updating B : 2.03515
Iteration number -------- 96  -----------
lambda : 1.60611
max_diff => 1.22016e-07
performed mixing
Frob norm 1 after updating U: 2.03515
200 iterations
f(b) = 4.27512
Frob norm 2 after updating B : 2.03516
Iteration number -------- 97  -----------
lambda : 1.61414
max_diff => 9.998e-08
performed mixing
Frob norm 1 after updating U: 2.03516
200 iterations
f(b) = 4.2751
Frob norm 2 after updating B : 2.03516
Iteration number -------- 98  -----------
lambda : 1.62221
max_diff => 9.998e-08
performed mixing
Frob norm 1 after updating U: 2.03516
200 iterations
f(b) = 4.19181
Frob norm 2 after updating B : 2.03516
Iteration number -------- 99  -----------
lambda : 1.63032
max_diff => 9.99989e-08
performed mixing
Frob norm 1 after updating U: 2.03516
200 iterations
f(b) = 4.28624
Frob norm 2 after updating B : 2.03516
Iteration number -------- 100  -----------
lambda : 1.63848
max_diff => 9.998e-08
