Academic license - for non-commercial use only
Frob norm 1 after updating U: 10.8355
200 iterations
f(b) = 56.1544
Frob norm 2 after updating B : 6.98344
Iteration number -------- 1  -----------
lambda : 1
max_diff => 0.103377
performed mixing
Frob norm 1 after updating U: 5.97082
200 iterations
f(b) = 50.9536
Frob norm 2 after updating B : 6.63988
Iteration number -------- 2  -----------
lambda : 1.005
max_diff => 0.0689322
performed mixing
Frob norm 1 after updating U: 5.74143
200 iterations
f(b) = 46.6113
Frob norm 2 after updating B : 6.3376
Iteration number -------- 3  -----------
lambda : 1.01002
max_diff => 0.0667218
performed mixing
Frob norm 1 after updating U: 5.56041
200 iterations
f(b) = 40.8123
Frob norm 2 after updating B : 5.86774
Iteration number -------- 4  -----------
lambda : 1.01508
max_diff => 0.0902173
performed mixing
Frob norm 1 after updating U: 4.16043
200 iterations
f(b) = 31.6843
Frob norm 2 after updating B : 5.16732
Iteration number -------- 5  -----------
lambda : 1.02015
max_diff => 0.111186
performed mixing
Frob norm 1 after updating U: 2.70619
200 iterations
f(b) = 23.8754
Frob norm 2 after updating B : 4.46196
Iteration number -------- 6  -----------
lambda : 1.02525
max_diff => 0.172854
performed mixing
Frob norm 1 after updating U: 2.1861
200 iterations
f(b) = 18.3835
Frob norm 2 after updating B : 3.86113
Iteration number -------- 7  -----------
lambda : 1.03038
max_diff => 0.192078
performed mixing
Frob norm 1 after updating U: 1.83777
200 iterations
f(b) = 14.2672
Frob norm 2 after updating B : 3.32822
Iteration number -------- 8  -----------
lambda : 1.03553
max_diff => 0.178744
performed mixing
Frob norm 1 after updating U: 1.50091
200 iterations
f(b) = 11.0224
Frob norm 2 after updating B : 2.89359
Iteration number -------- 9  -----------
lambda : 1.04071
max_diff => 0.145277
performed mixing
Frob norm 1 after updating U: 1.08799
200 iterations
f(b) = 8.28194
Frob norm 2 after updating B : 2.55401
Iteration number -------- 10  -----------
lambda : 1.04591
max_diff => 0.110039
performed mixing
Frob norm 1 after updating U: 0.792803
200 iterations
f(b) = 6.18598
Frob norm 2 after updating B : 2.19698
Iteration number -------- 11  -----------
lambda : 1.05114
max_diff => 0.0890501
performed mixing
Frob norm 1 after updating U: 0.617426
200 iterations
f(b) = 4.62752
Frob norm 2 after updating B : 1.90101
Iteration number -------- 12  -----------
lambda : 1.0564
max_diff => 0.0640686
performed mixing
Frob norm 1 after updating U: 0.494849
200 iterations
f(b) = 3.44433
Frob norm 2 after updating B : 1.62916
Iteration number -------- 13  -----------
lambda : 1.06168
max_diff => 0.0456548
performed mixing
Frob norm 1 after updating U: 0.411884
200 iterations
f(b) = 2.62194
Frob norm 2 after updating B : 1.34445
Iteration number -------- 14  -----------
lambda : 1.06699
max_diff => 0.0442925
performed mixing
Frob norm 1 after updating U: 0.405706
200 iterations
f(b) = 1.9459
Frob norm 2 after updating B : 1.22016
Iteration number -------- 15  -----------
lambda : 1.07232
max_diff => 0.0214929
performed mixing
Frob norm 1 after updating U: 0.288988
200 iterations
f(b) = 1.48694
Frob norm 2 after updating B : 1.00454
Iteration number -------- 16  -----------
lambda : 1.07768
max_diff => 0.0211839
performed mixing
Frob norm 1 after updating U: 0.287389
200 iterations
f(b) = 1.09462
Frob norm 2 after updating B : 0.908702
Iteration number -------- 17  -----------
lambda : 1.08307
max_diff => 0.0084115
performed mixing
Frob norm 1 after updating U: 0.197649
200 iterations
f(b) = 0.84876
Frob norm 2 after updating B : 0.748433
Iteration number -------- 18  -----------
lambda : 1.08849
max_diff => 0.00817671
performed mixing
Frob norm 1 after updating U: 0.195174
200 iterations
f(b) = 0.671612
Frob norm 2 after updating B : 0.621491
Iteration number -------- 19  -----------
lambda : 1.09393
max_diff => 0.00795856
performed mixing
Frob norm 1 after updating U: 0.19299
200 iterations
f(b) = 0.465345
Frob norm 2 after updating B : 0.626502
Iteration number -------- 20  -----------
lambda : 1.0994
max_diff => 0.00106118
performed mixing
Frob norm 1 after updating U: 0.0900868
200 iterations
f(b) = 0.367923
Frob norm 2 after updating B : 0.511921
Iteration number -------- 21  -----------
lambda : 1.1049
max_diff => 0.00104262
performed mixing
Frob norm 1 after updating U: 0.0895899
200 iterations
f(b) = 0.281975
Frob norm 2 after updating B : 0.421316
Iteration number -------- 22  -----------
lambda : 1.11042
max_diff => 0.00100952
performed mixing
Frob norm 1 after updating U: 0.0886807
200 iterations
f(b) = 0.180719
Frob norm 2 after updating B : 0.385477
Iteration number -------- 23  -----------
lambda : 1.11597
max_diff => 7.29145e-05
performed mixing
Frob norm 1 after updating U: 0.0309994
200 iterations
f(b) = 0.154932
Frob norm 2 after updating B : 0.313017
Iteration number -------- 24  -----------
lambda : 1.12155
max_diff => 5.65892e-05
performed mixing
Frob norm 1 after updating U: 0.0281598
200 iterations
f(b) = 0.119453
Frob norm 2 after updating B : 0.255775
Iteration number -------- 25  -----------
lambda : 1.12716
max_diff => 2.95111e-05
performed mixing
Frob norm 1 after updating U: 0.0224032
200 iterations
f(b) = 0.0897361
Frob norm 2 after updating B : 0.212765
Iteration number -------- 26  -----------
lambda : 1.1328
max_diff => 4.99901e-08
performed mixing
Frob norm 1 after updating U: 0.0123572
200 iterations
f(b) = 0.0779858
Frob norm 2 after updating B : 0.17044
Iteration number -------- 27  -----------
lambda : 1.13846
max_diff => 5.67814e-08
performed mixing
Frob norm 1 after updating U: 0.012312
200 iterations
f(b) = 0.0667311
Frob norm 2 after updating B : 0.136765
Iteration number -------- 28  -----------
lambda : 1.14415
max_diff => 4.99998e-08
performed mixing
Frob norm 1 after updating U: 0.0123468
200 iterations
f(b) = 0.0597102
Frob norm 2 after updating B : 0.110094
Iteration number -------- 29  -----------
lambda : 1.14987
max_diff => 4.999e-08
performed mixing
Frob norm 1 after updating U: 0.0122737
200 iterations
f(b) = 0.0510893
Frob norm 2 after updating B : 0.0883304
Iteration number -------- 30  -----------
lambda : 1.15562
max_diff => 4.999e-08
performed mixing
Frob norm 1 after updating U: 0.0122506
200 iterations
f(b) = 0.0236125
Frob norm 2 after updating B : 0.071294
Iteration number -------- 31  -----------
lambda : 1.1614
max_diff => 4.999e-08
performed mixing
Frob norm 1 after updating U: 0.0122122
200 iterations
f(b) = 0.0436957
Frob norm 2 after updating B : 0.0577212
Iteration number -------- 32  -----------
lambda : 1.16721
max_diff => 4.999e-08
performed mixing
Frob norm 1 after updating U: 0.0122334
200 iterations
f(b) = 0.0211696
Frob norm 2 after updating B : 0.0467822
Iteration number -------- 33  -----------
lambda : 1.17304
max_diff => 4.999e-08
performed mixing
Frob norm 1 after updating U: 0.012231
200 iterations
f(b) = 0.0169453
Frob norm 2 after updating B : 0.0383949
Iteration number -------- 34  -----------
lambda : 1.17891
max_diff => 4.999e-08
performed mixing
Frob norm 1 after updating U: 0.0122256
200 iterations
f(b) = 0.0152091
Frob norm 2 after updating B : 0.0316777
Iteration number -------- 35  -----------
lambda : 1.1848
max_diff => 4.999e-08
performed mixing
Frob norm 1 after updating U: 0.0121945
200 iterations
f(b) = 0.0212377
Frob norm 2 after updating B : 0.0266468
Iteration number -------- 36  -----------
lambda : 1.19073
max_diff => 4.999e-08
performed mixing
Frob norm 1 after updating U: 0.0122478
200 iterations
f(b) = 0.0179117
Frob norm 2 after updating B : 0.0224553
Iteration number -------- 37  -----------
lambda : 1.19668
max_diff => 4.999e-08
performed mixing
Frob norm 1 after updating U: 0.0122274
200 iterations
f(b) = 0.0151693
Frob norm 2 after updating B : 0.0196457
Iteration number -------- 38  -----------
lambda : 1.20266
max_diff => 4.999e-08
performed mixing
Frob norm 1 after updating U: 0.0122642
200 iterations
f(b) = 0.0131646
Frob norm 2 after updating B : 0.0174324
Iteration number -------- 39  -----------
lambda : 1.20868
max_diff => 4.999e-08
performed mixing
Frob norm 1 after updating U: 0.0122115
200 iterations
f(b) = 0.0138332
Frob norm 2 after updating B : 0.0158279
Iteration number -------- 40  -----------
lambda : 1.21472
max_diff => 4.999e-08
performed mixing
Frob norm 1 after updating U: 0.0121983
200 iterations
f(b) = 0.0146071
Frob norm 2 after updating B : 0.014642
Iteration number -------- 41  -----------
lambda : 1.22079
max_diff => 4.999e-08
performed mixing
Frob norm 1 after updating U: 0.0121947
200 iterations
f(b) = 0.0146577
Frob norm 2 after updating B : 0.0139752
Iteration number -------- 42  -----------
lambda : 1.2269
max_diff => 4.999e-08
performed mixing
Frob norm 1 after updating U: 0.0122604
200 iterations
f(b) = 0.0117792
Frob norm 2 after updating B : 0.0134231
Iteration number -------- 43  -----------
lambda : 1.23303
max_diff => 4.999e-08
performed mixing
Frob norm 1 after updating U: 0.0122738
200 iterations
f(b) = 0.0194328
Frob norm 2 after updating B : 0.0130377
Iteration number -------- 44  -----------
lambda : 1.2392
max_diff => 4.999e-08
performed mixing
Frob norm 1 after updating U: 0.0121874
200 iterations
f(b) = 0.0142151
Frob norm 2 after updating B : 0.0127035
Iteration number -------- 45  -----------
lambda : 1.24539
max_diff => 4.999e-08
performed mixing
Frob norm 1 after updating U: 0.0121384
200 iterations
f(b) = 0.0144835
Frob norm 2 after updating B : 0.0125667
Iteration number -------- 46  -----------
lambda : 1.25162
max_diff => 4.999e-08
performed mixing
Frob norm 1 after updating U: 0.0121502
200 iterations
f(b) = 0.0145813
Frob norm 2 after updating B : 0.0125212
Iteration number -------- 47  -----------
lambda : 1.25788
max_diff => 4.999e-08
performed mixing
Frob norm 1 after updating U: 0.0122295
200 iterations
f(b) = 0.018863
Frob norm 2 after updating B : 0.0124308
Iteration number -------- 48  -----------
lambda : 1.26417
max_diff => 4.999e-08
performed mixing
Frob norm 1 after updating U: 0.0122224
200 iterations
f(b) = 0.0144011
Frob norm 2 after updating B : 0.0124027
Iteration number -------- 49  -----------
lambda : 1.27049
max_diff => 4.999e-08
performed mixing
Frob norm 1 after updating U: 0.0122488
200 iterations
f(b) = 0.0166713
Frob norm 2 after updating B : 0.0122858
Iteration number -------- 50  -----------
lambda : 1.27684
max_diff => 4.999e-08
performed mixing
Frob norm 1 after updating U: 0.0121667
200 iterations
f(b) = 0.014044
Frob norm 2 after updating B : 0.0123421
Iteration number -------- 51  -----------
lambda : 1.28323
max_diff => 4.999e-08
performed mixing
Frob norm 1 after updating U: 0.0122652
200 iterations
f(b) = 0.0157582
Frob norm 2 after updating B : 0.0122752
Iteration number -------- 52  -----------
lambda : 1.28964
max_diff => 4.999e-08
performed mixing
Frob norm 1 after updating U: 0.0122133
200 iterations
f(b) = 0.0151943
Frob norm 2 after updating B : 0.0121957
Iteration number -------- 53  -----------
lambda : 1.29609
max_diff => 4.999e-08
performed mixing
Frob norm 1 after updating U: 0.0121529
200 iterations
f(b) = 0.0160593
Frob norm 2 after updating B : 0.0121912
Iteration number -------- 54  -----------
lambda : 1.30257
max_diff => 4.999e-08
performed mixing
Frob norm 1 after updating U: 0.0121574
200 iterations
f(b) = 0.0185814
Frob norm 2 after updating B : 0.0121747
Iteration number -------- 55  -----------
lambda : 1.30908
max_diff => 4.999e-08
performed mixing
Frob norm 1 after updating U: 0.0121393
200 iterations
f(b) = 0.0148953
Frob norm 2 after updating B : 0.0122628
Iteration number -------- 56  -----------
lambda : 1.31563
max_diff => 4.999e-08
performed mixing
Frob norm 1 after updating U: 0.0122378
200 iterations
f(b) = 0.0150181
Frob norm 2 after updating B : 0.0122001
Iteration number -------- 57  -----------
lambda : 1.32221
max_diff => 4.999e-08
performed mixing
Frob norm 1 after updating U: 0.0121811
200 iterations
f(b) = 0.015371
Frob norm 2 after updating B : 0.0122484
Iteration number -------- 58  -----------
lambda : 1.32882
max_diff => 4.999e-08
performed mixing
Frob norm 1 after updating U: 0.0122364
200 iterations
f(b) = 0.0145654
Frob norm 2 after updating B : 0.0122314
Iteration number -------- 59  -----------
lambda : 1.33546
max_diff => 4.999e-08
performed mixing
Frob norm 1 after updating U: 0.012224
200 iterations
f(b) = 0.0152324
Frob norm 2 after updating B : 0.0121912
Iteration number -------- 60  -----------
lambda : 1.34214
max_diff => 4.999e-08
performed mixing
Frob norm 1 after updating U: 0.0121819
200 iterations
f(b) = 0.0150735
Frob norm 2 after updating B : 0.012254
Iteration number -------- 61  -----------
lambda : 1.34885
max_diff => 4.999e-08
performed mixing
Frob norm 1 after updating U: 0.0122437
200 iterations
f(b) = 0.016039
Frob norm 2 after updating B : 0.0121002
Iteration number -------- 62  -----------
lambda : 1.35559
max_diff => 4.999e-08
performed mixing
Frob norm 1 after updating U: 0.0120927
200 iterations
f(b) = 0.0161184
Frob norm 2 after updating B : 0.0121006
Iteration number -------- 63  -----------
lambda : 1.36237
max_diff => 4.999e-08
performed mixing
Frob norm 1 after updating U: 0.0120973
200 iterations
f(b) = 0.0156852
Frob norm 2 after updating B : 0.0121273
Iteration number -------- 64  -----------
lambda : 1.36918
max_diff => 4.999e-08
performed mixing
Frob norm 1 after updating U: 0.0121233
200 iterations
f(b) = 0.0160959
Frob norm 2 after updating B : 0.0121669
Iteration number -------- 65  -----------
lambda : 1.37603
max_diff => 4.999e-08
performed mixing
Frob norm 1 after updating U: 0.0121587
200 iterations
f(b) = 0.0137471
Frob norm 2 after updating B : 0.0122003
Iteration number -------- 66  -----------
lambda : 1.38291
max_diff => 4.999e-08
performed mixing
Frob norm 1 after updating U: 0.0121948
200 iterations
f(b) = 0.0155047
Frob norm 2 after updating B : 0.012164
Iteration number -------- 67  -----------
lambda : 1.38982
max_diff => 4.999e-08
performed mixing
Frob norm 1 after updating U: 0.0121622
200 iterations
f(b) = 0.0153085
Frob norm 2 after updating B : 0.0122672
Iteration number -------- 68  -----------
lambda : 1.39677
max_diff => 4.999e-08
performed mixing
Frob norm 1 after updating U: 0.0122637
200 iterations
f(b) = 0.0151087
Frob norm 2 after updating B : 0.0122079
Iteration number -------- 69  -----------
lambda : 1.40376
max_diff => 4.999e-08
performed mixing
Frob norm 1 after updating U: 0.0122012
200 iterations
f(b) = 0.0144176
Frob norm 2 after updating B : 0.0122052
Iteration number -------- 70  -----------
lambda : 1.41078
max_diff => 4.999e-08
performed mixing
Frob norm 1 after updating U: 0.0121996
200 iterations
f(b) = 0.0145713
Frob norm 2 after updating B : 0.0122377
Iteration number -------- 71  -----------
lambda : 1.41783
max_diff => 4.999e-08
performed mixing
Frob norm 1 after updating U: 0.0122341
200 iterations
f(b) = 0.0161286
Frob norm 2 after updating B : 0.0122553
Iteration number -------- 72  -----------
lambda : 1.42492
max_diff => 4.999e-08
performed mixing
Frob norm 1 after updating U: 0.0122547
200 iterations
f(b) = 0.0163429
Frob norm 2 after updating B : 0.0122102
Iteration number -------- 73  -----------
lambda : 1.43204
max_diff => 4.999e-08
performed mixing
Frob norm 1 after updating U: 0.0122058
200 iterations
f(b) = 0.0159769
Frob norm 2 after updating B : 0.0121998
Iteration number -------- 74  -----------
lambda : 1.4392
max_diff => 4.999e-08
performed mixing
Frob norm 1 after updating U: 0.0121953
200 iterations
f(b) = 0.0161809
Frob norm 2 after updating B : 0.0121624
Iteration number -------- 75  -----------
lambda : 1.4464
max_diff => 4.999e-08
performed mixing
Frob norm 1 after updating U: 0.0121556
200 iterations
f(b) = 0.0167457
Frob norm 2 after updating B : 0.0121651
Iteration number -------- 76  -----------
lambda : 1.45363
max_diff => 4.999e-08
performed mixing
Frob norm 1 after updating U: 0.0121628
200 iterations
f(b) = 0.0130171
Frob norm 2 after updating B : 0.0122209
Iteration number -------- 77  -----------
lambda : 1.4609
max_diff => 4.999e-08
performed mixing
Frob norm 1 after updating U: 0.0122203
200 iterations
f(b) = 0.0157769
Frob norm 2 after updating B : 0.0122025
Iteration number -------- 78  -----------
lambda : 1.46821
max_diff => 4.999e-08
performed mixing
Frob norm 1 after updating U: 0.0121998
200 iterations
f(b) = 0.0165209
Frob norm 2 after updating B : 0.0122553
Iteration number -------- 79  -----------
lambda : 1.47555
max_diff => 4.999e-08
performed mixing
Frob norm 1 after updating U: 0.012256
200 iterations
f(b) = 0.0170259
Frob norm 2 after updating B : 0.0121916
Iteration number -------- 80  -----------
lambda : 1.48292
max_diff => 4.999e-08
performed mixing
Frob norm 1 after updating U: 0.0121899
200 iterations
f(b) = 0.0168777
Frob norm 2 after updating B : 0.0122166
Iteration number -------- 81  -----------
lambda : 1.49034
max_diff => 4.999e-08
performed mixing
Frob norm 1 after updating U: 0.0122191
200 iterations
f(b) = 0.0172323
Frob norm 2 after updating B : 0.0121887
Iteration number -------- 82  -----------
lambda : 1.49779
max_diff => 4.999e-08
performed mixing
Frob norm 1 after updating U: 0.0121869
200 iterations
f(b) = 0.0172967
Frob norm 2 after updating B : 0.0122245
Iteration number -------- 83  -----------
lambda : 1.50528
max_diff => 4.999e-08
performed mixing
Frob norm 1 after updating U: 0.0122276
200 iterations
f(b) = 0.0168087
Frob norm 2 after updating B : 0.0122434
Iteration number -------- 84  -----------
lambda : 1.51281
max_diff => 4.999e-08
performed mixing
Frob norm 1 after updating U: 0.0122427
200 iterations
f(b) = 0.0167825
Frob norm 2 after updating B : 0.0121971
Iteration number -------- 85  -----------
lambda : 1.52037
max_diff => 4.999e-08
performed mixing
Frob norm 1 after updating U: 0.0121955
200 iterations
f(b) = 0.0173105
Frob norm 2 after updating B : 0.0122183
Iteration number -------- 86  -----------
lambda : 1.52797
max_diff => 4.999e-08
performed mixing
Frob norm 1 after updating U: 0.0122153
200 iterations
f(b) = 0.0172657
Frob norm 2 after updating B : 0.0122288
Iteration number -------- 87  -----------
lambda : 1.53561
max_diff => 4.999e-08
performed mixing
Frob norm 1 after updating U: 0.0122258
200 iterations
f(b) = 0.0176756
Frob norm 2 after updating B : 0.0122589
Iteration number -------- 88  -----------
lambda : 1.54329
max_diff => 4.999e-08
performed mixing
Frob norm 1 after updating U: 0.0122618
200 iterations
f(b) = 0.017765
Frob norm 2 after updating B : 0.0121897
Iteration number -------- 89  -----------
lambda : 1.55101
max_diff => 4.999e-08
performed mixing
Frob norm 1 after updating U: 0.0121861
200 iterations
f(b) = 0.0180462
Frob norm 2 after updating B : 0.0122033
Iteration number -------- 90  -----------
lambda : 1.55876
max_diff => 4.999e-08
performed mixing
Frob norm 1 after updating U: 0.0122012
200 iterations
f(b) = 0.0179825
Frob norm 2 after updating B : 0.0122182
Iteration number -------- 91  -----------
lambda : 1.56655
max_diff => 4.999e-08
performed mixing
Frob norm 1 after updating U: 0.0122209
200 iterations
f(b) = 0.0181096
Frob norm 2 after updating B : 0.0122427
Iteration number -------- 92  -----------
lambda : 1.57439
max_diff => 4.999e-08
performed mixing
Frob norm 1 after updating U: 0.0122381
200 iterations
f(b) = 0.0175767
Frob norm 2 after updating B : 0.0122324
Iteration number -------- 93  -----------
lambda : 1.58226
max_diff => 4.999e-08
performed mixing
Frob norm 1 after updating U: 0.012226
200 iterations
f(b) = 0.0171858
Frob norm 2 after updating B : 0.0122878
Iteration number -------- 94  -----------
lambda : 1.59017
max_diff => 4.999e-08
performed mixing
Frob norm 1 after updating U: 0.0122855
200 iterations
f(b) = 0.0180524
Frob norm 2 after updating B : 0.0121496
Iteration number -------- 95  -----------
lambda : 1.59812
max_diff => 4.999e-08
performed mixing
Frob norm 1 after updating U: 0.0121447
200 iterations
f(b) = 0.0174536
Frob norm 2 after updating B : 0.0122289
Iteration number -------- 96  -----------
lambda : 1.60611
max_diff => 4.999e-08
performed mixing
Frob norm 1 after updating U: 0.0122218
200 iterations
f(b) = 0.0171878
Frob norm 2 after updating B : 0.0123009
Iteration number -------- 97  -----------
lambda : 1.61414
max_diff => 4.999e-08
performed mixing
Frob norm 1 after updating U: 0.0122963
200 iterations
f(b) = 0.0173874
Frob norm 2 after updating B : 0.0122524
Iteration number -------- 98  -----------
lambda : 1.62221
max_diff => 4.999e-08
performed mixing
Frob norm 1 after updating U: 0.0122489
200 iterations
f(b) = 0.0162938
Frob norm 2 after updating B : 0.0122115
Iteration number -------- 99  -----------
lambda : 1.63032
max_diff => 4.999e-08
performed mixing
Frob norm 1 after updating U: 0.0122114
200 iterations
f(b) = 0.0183807
Frob norm 2 after updating B : 0.0122965
Iteration number -------- 100  -----------
lambda : 1.63848
max_diff => 4.999e-08
