Academic license - for non-commercial use only
Frob norm 1 after updating U: 11.4639
200 iterations
f(b) = 76.4518
Frob norm 2 after updating B : 8.52806
Iteration number -------- 1  -----------
lambda : 1
max_diff => 0.0417856
performed mixing
Frob norm 1 after updating U: 8.23757
200 iterations
f(b) = 74.0729
Frob norm 2 after updating B : 8.40589
Iteration number -------- 2  -----------
lambda : 1.005
max_diff => 0.0434657
performed mixing
Frob norm 1 after updating U: 8.18606
200 iterations
f(b) = 72.7425
Frob norm 2 after updating B : 8.32638
Iteration number -------- 3  -----------
lambda : 1.01002
max_diff => 0.0441212
performed mixing
Frob norm 1 after updating U: 8.16113
200 iterations
f(b) = 71.6906
Frob norm 2 after updating B : 8.26732
Iteration number -------- 4  -----------
lambda : 1.01508
max_diff => 0.0419497
performed mixing
Frob norm 1 after updating U: 8.1439
200 iterations
f(b) = 67.8675
Frob norm 2 after updating B : 7.98862
Iteration number -------- 5  -----------
lambda : 1.02015
max_diff => 0.0691777
performed mixing
Frob norm 1 after updating U: 7.03945
200 iterations
f(b) = 61.5961
Frob norm 2 after updating B : 7.50994
Iteration number -------- 6  -----------
lambda : 1.02525
max_diff => 0.309289
performed mixing
Frob norm 1 after updating U: 6.88055
200 iterations
f(b) = 58.2232
Frob norm 2 after updating B : 7.28084
Iteration number -------- 7  -----------
lambda : 1.03038
max_diff => 0.306038
performed mixing
Frob norm 1 after updating U: 6.80655
200 iterations
f(b) = 55.7532
Frob norm 2 after updating B : 7.1088
Iteration number -------- 8  -----------
lambda : 1.03553
max_diff => 0.304736
performed mixing
Frob norm 1 after updating U: 6.75702
200 iterations
f(b) = 53.973
Frob norm 2 after updating B : 6.98376
Iteration number -------- 9  -----------
lambda : 1.04071
max_diff => 0.299408
performed mixing
Frob norm 1 after updating U: 6.72535
200 iterations
f(b) = 52.6898
Frob norm 2 after updating B : 6.89356
Iteration number -------- 10  -----------
lambda : 1.04591
max_diff => 0.287676
performed mixing
Frob norm 1 after updating U: 6.7056
200 iterations
f(b) = 51.7628
Frob norm 2 after updating B : 6.83044
Iteration number -------- 11  -----------
lambda : 1.05114
max_diff => 0.266393
performed mixing
Frob norm 1 after updating U: 6.69047
200 iterations
f(b) = 50.9352
Frob norm 2 after updating B : 6.82525
Iteration number -------- 12  -----------
lambda : 1.0564
max_diff => 0.12452
performed mixing
Frob norm 1 after updating U: 6.68378
200 iterations
f(b) = 50.2657
Frob norm 2 after updating B : 6.7752
Iteration number -------- 13  -----------
lambda : 1.06168
max_diff => 0.12466
performed mixing
Frob norm 1 after updating U: 6.67496
200 iterations
f(b) = 49.7859
Frob norm 2 after updating B : 6.74071
Iteration number -------- 14  -----------
lambda : 1.06699
max_diff => 0.119147
performed mixing
Frob norm 1 after updating U: 6.66647
200 iterations
f(b) = 49.4445
Frob norm 2 after updating B : 6.71441
Iteration number -------- 15  -----------
lambda : 1.07232
max_diff => 0.117512
performed mixing
Frob norm 1 after updating U: 6.66356
200 iterations
f(b) = 49.1136
Frob norm 2 after updating B : 6.70936
Iteration number -------- 16  -----------
lambda : 1.07768
max_diff => 0.0596009
performed mixing
Frob norm 1 after updating U: 6.64385
200 iterations
f(b) = 46.6408
Frob norm 2 after updating B : 6.43696
Iteration number -------- 17  -----------
lambda : 1.08307
max_diff => 0.063008
performed mixing
Frob norm 1 after updating U: 5.76382
200 iterations
f(b) = 40.653
Frob norm 2 after updating B : 6.10562
Iteration number -------- 18  -----------
lambda : 1.08849
max_diff => 0.0614217
performed mixing
Frob norm 1 after updating U: 5.66945
200 iterations
f(b) = 38.8209
Frob norm 2 after updating B : 5.96182
Iteration number -------- 19  -----------
lambda : 1.09393
max_diff => 0.0618053
performed mixing
Frob norm 1 after updating U: 5.64033
200 iterations
f(b) = 37.4597
Frob norm 2 after updating B : 5.85808
Iteration number -------- 20  -----------
lambda : 1.0994
max_diff => 0.0621633
performed mixing
Frob norm 1 after updating U: 5.62034
200 iterations
f(b) = 36.4567
Frob norm 2 after updating B : 5.78519
Iteration number -------- 21  -----------
lambda : 1.1049
max_diff => 0.0623981
performed mixing
Frob norm 1 after updating U: 5.60497
200 iterations
f(b) = 35.7589
Frob norm 2 after updating B : 5.72231
Iteration number -------- 22  -----------
lambda : 1.11042
max_diff => 0.0624159
performed mixing
Frob norm 1 after updating U: 5.60399
200 iterations
f(b) = 35.2049
Frob norm 2 after updating B : 5.69054
Iteration number -------- 23  -----------
lambda : 1.11597
max_diff => 0.0624997
performed mixing
Frob norm 1 after updating U: 5.59039
200 iterations
f(b) = 34.8347
Frob norm 2 after updating B : 5.65556
Iteration number -------- 24  -----------
lambda : 1.12155
max_diff => 0.062499
performed mixing
Frob norm 1 after updating U: 5.58992
200 iterations
f(b) = 34.5376
Frob norm 2 after updating B : 5.63338
Iteration number -------- 25  -----------
lambda : 1.12716
max_diff => 0.0623631
performed mixing
Frob norm 1 after updating U: 5.57791
200 iterations
f(b) = 34.2598
Frob norm 2 after updating B : 5.62603
Iteration number -------- 26  -----------
lambda : 1.1328
max_diff => 0.0622229
performed mixing
Frob norm 1 after updating U: 5.5737
200 iterations
f(b) = 34.0765
Frob norm 2 after updating B : 5.60749
Iteration number -------- 27  -----------
lambda : 1.13846
max_diff => 0.0622001
performed mixing
Frob norm 1 after updating U: 5.57306
200 iterations
f(b) = 33.9216
Frob norm 2 after updating B : 5.59683
Iteration number -------- 28  -----------
lambda : 1.14415
max_diff => 0.0617702
performed mixing
Frob norm 1 after updating U: 5.56543
200 iterations
f(b) = 33.8306
Frob norm 2 after updating B : 5.5857
Iteration number -------- 29  -----------
lambda : 1.14987
max_diff => 0.0617702
performed mixing
Frob norm 1 after updating U: 5.5653
200 iterations
f(b) = 33.742
Frob norm 2 after updating B : 5.57861
Iteration number -------- 30  -----------
lambda : 1.15562
max_diff => 0.06178
performed mixing
Frob norm 1 after updating U: 5.56422
200 iterations
f(b) = 33.6827
Frob norm 2 after updating B : 5.57303
Iteration number -------- 31  -----------
lambda : 1.1614
max_diff => 0.0618307
performed mixing
Frob norm 1 after updating U: 5.56194
200 iterations
f(b) = 33.6685
Frob norm 2 after updating B : 5.56903
Iteration number -------- 32  -----------
lambda : 1.16721
max_diff => 0.0618325
performed mixing
Frob norm 1 after updating U: 5.56186
200 iterations
f(b) = 33.6455
Frob norm 2 after updating B : 5.56616
Iteration number -------- 33  -----------
lambda : 1.17304
max_diff => 0.0618462
performed mixing
Frob norm 1 after updating U: 5.5611
200 iterations
f(b) = 33.6403
Frob norm 2 after updating B : 5.56422
Iteration number -------- 34  -----------
lambda : 1.17891
max_diff => 0.061843
performed mixing
Frob norm 1 after updating U: 5.56082
200 iterations
f(b) = 33.635
Frob norm 2 after updating B : 5.56281
Iteration number -------- 35  -----------
lambda : 1.1848
max_diff => 0.06185
performed mixing
Frob norm 1 after updating U: 5.56044
200 iterations
f(b) = 33.6007
Frob norm 2 after updating B : 5.56075
Iteration number -------- 36  -----------
lambda : 1.19073
max_diff => 0.0619178
performed mixing
Frob norm 1 after updating U: 5.5555
200 iterations
f(b) = 33.6068
Frob norm 2 after updating B : 5.5589
Iteration number -------- 37  -----------
lambda : 1.19668
max_diff => 0.0619216
performed mixing
Frob norm 1 after updating U: 5.55552
200 iterations
f(b) = 33.6063
Frob norm 2 after updating B : 5.55769
Iteration number -------- 38  -----------
lambda : 1.20266
max_diff => 0.0619228
performed mixing
Frob norm 1 after updating U: 5.55544
200 iterations
f(b) = 33.6026
Frob norm 2 after updating B : 5.55679
Iteration number -------- 39  -----------
lambda : 1.20868
max_diff => 0.0618588
performed mixing
Frob norm 1 after updating U: 5.55483
200 iterations
f(b) = 33.6101
Frob norm 2 after updating B : 5.55605
Iteration number -------- 40  -----------
lambda : 1.21472
max_diff => 0.0618663
performed mixing
Frob norm 1 after updating U: 5.55471
200 iterations
f(b) = 33.6156
Frob norm 2 after updating B : 5.55543
Iteration number -------- 41  -----------
lambda : 1.22079
max_diff => 0.0618713
performed mixing
Frob norm 1 after updating U: 5.55441
200 iterations
f(b) = 33.6266
Frob norm 2 after updating B : 5.55492
Iteration number -------- 42  -----------
lambda : 1.2269
max_diff => 0.0618737
performed mixing
Frob norm 1 after updating U: 5.55422
200 iterations
f(b) = 33.6358
Frob norm 2 after updating B : 5.55468
Iteration number -------- 43  -----------
lambda : 1.23303
max_diff => 0.0618728
performed mixing
Frob norm 1 after updating U: 5.55419
200 iterations
f(b) = 33.647
Frob norm 2 after updating B : 5.55445
Iteration number -------- 44  -----------
lambda : 1.2392
max_diff => 0.0618752
performed mixing
Frob norm 1 after updating U: 5.5541
200 iterations
f(b) = 33.6407
Frob norm 2 after updating B : 5.55402
Iteration number -------- 45  -----------
lambda : 1.24539
max_diff => 0.0618786
performed mixing
Frob norm 1 after updating U: 5.55367
200 iterations
f(b) = 33.6665
Frob norm 2 after updating B : 5.5539
Iteration number -------- 46  -----------
lambda : 1.25162
max_diff => 0.0618751
performed mixing
Frob norm 1 after updating U: 5.55365
200 iterations
f(b) = 33.6781
Frob norm 2 after updating B : 5.55373
Iteration number -------- 47  -----------
lambda : 1.25788
max_diff => 0.0618755
performed mixing
Frob norm 1 after updating U: 5.55354
200 iterations
f(b) = 33.6896
Frob norm 2 after updating B : 5.55358
Iteration number -------- 48  -----------
lambda : 1.26417
max_diff => 0.0618784
performed mixing
Frob norm 1 after updating U: 5.55341
200 iterations
f(b) = 33.6707
Frob norm 2 after updating B : 5.5528
Iteration number -------- 49  -----------
lambda : 1.27049
max_diff => 0.0622043
performed mixing
Frob norm 1 after updating U: 5.55182
200 iterations
f(b) = 33.6975
Frob norm 2 after updating B : 5.55254
Iteration number -------- 50  -----------
lambda : 1.27684
max_diff => 0.062197
performed mixing
Frob norm 1 after updating U: 5.55187
200 iterations
f(b) = 33.7053
Frob norm 2 after updating B : 5.55227
Iteration number -------- 51  -----------
lambda : 1.28323
max_diff => 0.0621833
performed mixing
Frob norm 1 after updating U: 5.55179
200 iterations
f(b) = 33.7189
Frob norm 2 after updating B : 5.55206
Iteration number -------- 52  -----------
lambda : 1.28964
max_diff => 0.0621783
performed mixing
Frob norm 1 after updating U: 5.55173
200 iterations
f(b) = 33.7323
Frob norm 2 after updating B : 5.55184
Iteration number -------- 53  -----------
lambda : 1.29609
max_diff => 0.062173
performed mixing
Frob norm 1 after updating U: 5.55158
200 iterations
f(b) = 33.7431
Frob norm 2 after updating B : 5.55174
Iteration number -------- 54  -----------
lambda : 1.30257
max_diff => 0.0621669
performed mixing
Frob norm 1 after updating U: 5.55156
200 iterations
f(b) = 33.7568
Frob norm 2 after updating B : 5.55152
Iteration number -------- 55  -----------
lambda : 1.30908
max_diff => 0.0621561
performed mixing
Frob norm 1 after updating U: 5.55136
200 iterations
f(b) = 33.766
Frob norm 2 after updating B : 5.55145
Iteration number -------- 56  -----------
lambda : 1.31563
max_diff => 0.0621497
performed mixing
Frob norm 1 after updating U: 5.55131
200 iterations
f(b) = 33.7818
Frob norm 2 after updating B : 5.55132
Iteration number -------- 57  -----------
lambda : 1.32221
max_diff => 0.0621431
performed mixing
Frob norm 1 after updating U: 5.55121
200 iterations
f(b) = 33.7933
Frob norm 2 after updating B : 5.55121
Iteration number -------- 58  -----------
lambda : 1.32882
max_diff => 0.062135
performed mixing
Frob norm 1 after updating U: 5.55111
200 iterations
f(b) = 33.8072
Frob norm 2 after updating B : 5.55111
Iteration number -------- 59  -----------
lambda : 1.33546
max_diff => 0.0621285
performed mixing
Frob norm 1 after updating U: 5.55103
200 iterations
f(b) = 33.8206
Frob norm 2 after updating B : 5.55098
Iteration number -------- 60  -----------
lambda : 1.34214
max_diff => 0.0621226
performed mixing
Frob norm 1 after updating U: 5.5509
200 iterations
f(b) = 33.8317
Frob norm 2 after updating B : 5.55074
Iteration number -------- 61  -----------
lambda : 1.34885
max_diff => 0.0621086
performed mixing
Frob norm 1 after updating U: 5.55064
200 iterations
f(b) = 33.8472
Frob norm 2 after updating B : 5.55079
Iteration number -------- 62  -----------
lambda : 1.35559
max_diff => 0.0621041
performed mixing
Frob norm 1 after updating U: 5.55071
200 iterations
f(b) = 33.8602
Frob norm 2 after updating B : 5.55082
Iteration number -------- 63  -----------
lambda : 1.36237
max_diff => 0.0620986
performed mixing
Frob norm 1 after updating U: 5.55076
200 iterations
f(b) = 33.8551
Frob norm 2 after updating B : 5.55071
Iteration number -------- 64  -----------
lambda : 1.36918
max_diff => 0.0620927
performed mixing
Frob norm 1 after updating U: 5.55061
200 iterations
f(b) = 33.8857
Frob norm 2 after updating B : 5.55068
Iteration number -------- 65  -----------
lambda : 1.37603
max_diff => 0.0620893
performed mixing
Frob norm 1 after updating U: 5.55061
200 iterations
f(b) = 33.8975
Frob norm 2 after updating B : 5.5506
Iteration number -------- 66  -----------
lambda : 1.38291
max_diff => 0.062084
performed mixing
Frob norm 1 after updating U: 5.55054
200 iterations
f(b) = 33.9152
Frob norm 2 after updating B : 5.55055
Iteration number -------- 67  -----------
lambda : 1.38982
max_diff => 0.0620816
performed mixing
Frob norm 1 after updating U: 5.55049
200 iterations
f(b) = 33.9285
Frob norm 2 after updating B : 5.55054
Iteration number -------- 68  -----------
lambda : 1.39677
max_diff => 0.0620803
performed mixing
Frob norm 1 after updating U: 5.55049
200 iterations
f(b) = 33.9427
Frob norm 2 after updating B : 5.55052
Iteration number -------- 69  -----------
lambda : 1.40376
max_diff => 0.0620764
performed mixing
Frob norm 1 after updating U: 5.55048
200 iterations
f(b) = 33.957
Frob norm 2 after updating B : 5.55049
Iteration number -------- 70  -----------
lambda : 1.41078
max_diff => 0.0620743
performed mixing
Frob norm 1 after updating U: 5.55046
200 iterations
f(b) = 33.9723
Frob norm 2 after updating B : 5.5505
Iteration number -------- 71  -----------
lambda : 1.41783
max_diff => 0.0620722
performed mixing
Frob norm 1 after updating U: 5.55048
200 iterations
f(b) = 33.988
Frob norm 2 after updating B : 5.5505
Iteration number -------- 72  -----------
lambda : 1.42492
max_diff => 0.0620713
performed mixing
Frob norm 1 after updating U: 5.55048
200 iterations
f(b) = 34.0029
Frob norm 2 after updating B : 5.55053
Iteration number -------- 73  -----------
lambda : 1.43204
max_diff => 0.0620689
performed mixing
Frob norm 1 after updating U: 5.55051
200 iterations
f(b) = 34.0182
Frob norm 2 after updating B : 5.55052
Iteration number -------- 74  -----------
lambda : 1.4392
max_diff => 0.0620667
performed mixing
Frob norm 1 after updating U: 5.55051
200 iterations
f(b) = 34.0331
Frob norm 2 after updating B : 5.55048
Iteration number -------- 75  -----------
lambda : 1.4464
max_diff => 0.0620642
performed mixing
Frob norm 1 after updating U: 5.55047
200 iterations
f(b) = 34.0486
Frob norm 2 after updating B : 5.5505
Iteration number -------- 76  -----------
lambda : 1.45363
max_diff => 0.0620563
performed mixing
Frob norm 1 after updating U: 5.55048
200 iterations
f(b) = 34.0626
Frob norm 2 after updating B : 5.55056
Iteration number -------- 77  -----------
lambda : 1.4609
max_diff => 0.0620519
performed mixing
Frob norm 1 after updating U: 5.55054
200 iterations
f(b) = 34.0783
Frob norm 2 after updating B : 5.5506
Iteration number -------- 78  -----------
lambda : 1.46821
max_diff => 0.0620391
performed mixing
Frob norm 1 after updating U: 5.55058
200 iterations
f(b) = 34.0934
Frob norm 2 after updating B : 5.55062
Iteration number -------- 79  -----------
lambda : 1.47555
max_diff => 0.0620363
performed mixing
Frob norm 1 after updating U: 5.5506
200 iterations
f(b) = 34.1076
Frob norm 2 after updating B : 5.55015
Iteration number -------- 80  -----------
lambda : 1.48292
max_diff => 0.0620255
performed mixing
Frob norm 1 after updating U: 5.5501
200 iterations
f(b) = 34.1138
Frob norm 2 after updating B : 5.55049
Iteration number -------- 81  -----------
lambda : 1.49034
max_diff => 0.0620207
performed mixing
Frob norm 1 after updating U: 5.55044
200 iterations
f(b) = 34.1379
Frob norm 2 after updating B : 5.55052
Iteration number -------- 82  -----------
lambda : 1.49779
max_diff => 0.0620189
performed mixing
Frob norm 1 after updating U: 5.55048
200 iterations
f(b) = 34.1497
Frob norm 2 after updating B : 5.55048
Iteration number -------- 83  -----------
lambda : 1.50528
max_diff => 0.0620169
performed mixing
Frob norm 1 after updating U: 5.55045
200 iterations
f(b) = 34.17
Frob norm 2 after updating B : 5.55049
Iteration number -------- 84  -----------
lambda : 1.51281
max_diff => 0.0620109
performed mixing
Frob norm 1 after updating U: 5.55046
200 iterations
f(b) = 34.1844
Frob norm 2 after updating B : 5.55045
Iteration number -------- 85  -----------
lambda : 1.52037
max_diff => 0.0620101
performed mixing
Frob norm 1 after updating U: 5.55042
200 iterations
f(b) = 34.1823
Frob norm 2 after updating B : 5.55039
Iteration number -------- 86  -----------
lambda : 1.52797
max_diff => 0.0620009
performed mixing
Frob norm 1 after updating U: 5.55033
200 iterations
f(b) = 34.2158
Frob norm 2 after updating B : 5.55044
Iteration number -------- 87  -----------
lambda : 1.53561
max_diff => 0.0619952
performed mixing
Frob norm 1 after updating U: 5.5504
200 iterations
f(b) = 34.2313
Frob norm 2 after updating B : 5.5504
Iteration number -------- 88  -----------
lambda : 1.54329
max_diff => 0.0619956
performed mixing
Frob norm 1 after updating U: 5.55036
200 iterations
f(b) = 34.2474
Frob norm 2 after updating B : 5.55041
Iteration number -------- 89  -----------
lambda : 1.55101
max_diff => 0.0619946
performed mixing
Frob norm 1 after updating U: 5.55038
200 iterations
f(b) = 34.2186
Frob norm 2 after updating B : 5.55039
Iteration number -------- 90  -----------
lambda : 1.55876
max_diff => 0.0619754
performed mixing
Frob norm 1 after updating U: 5.55034
200 iterations
f(b) = 34.2747
Frob norm 2 after updating B : 5.55031
Iteration number -------- 91  -----------
lambda : 1.56655
max_diff => 0.0619629
performed mixing
Frob norm 1 after updating U: 5.55023
200 iterations
f(b) = 34.2929
Frob norm 2 after updating B : 5.55034
Iteration number -------- 92  -----------
lambda : 1.57439
max_diff => 0.0619622
performed mixing
Frob norm 1 after updating U: 5.55028
200 iterations
f(b) = 34.3106
Frob norm 2 after updating B : 5.55042
Iteration number -------- 93  -----------
lambda : 1.58226
max_diff => 0.0619602
performed mixing
Frob norm 1 after updating U: 5.55038
200 iterations
f(b) = 34.3274
Frob norm 2 after updating B : 5.55033
Iteration number -------- 94  -----------
lambda : 1.59017
max_diff => 0.0619568
performed mixing
Frob norm 1 after updating U: 5.55029
200 iterations
f(b) = 34.3434
Frob norm 2 after updating B : 5.55041
Iteration number -------- 95  -----------
lambda : 1.59812
max_diff => 0.0619554
performed mixing
Frob norm 1 after updating U: 5.55038
200 iterations
f(b) = 34.3611
Frob norm 2 after updating B : 5.55041
Iteration number -------- 96  -----------
lambda : 1.60611
max_diff => 0.0619523
performed mixing
Frob norm 1 after updating U: 5.55038
200 iterations
f(b) = 34.3775
Frob norm 2 after updating B : 5.5504
Iteration number -------- 97  -----------
lambda : 1.61414
max_diff => 0.0619461
performed mixing
Frob norm 1 after updating U: 5.55038
200 iterations
f(b) = 34.3962
Frob norm 2 after updating B : 5.5504
Iteration number -------- 98  -----------
lambda : 1.62221
max_diff => 0.0619411
performed mixing
Frob norm 1 after updating U: 5.55038
200 iterations
f(b) = 34.4122
Frob norm 2 after updating B : 5.55031
Iteration number -------- 99  -----------
lambda : 1.63032
max_diff => 0.061941
performed mixing
Frob norm 1 after updating U: 5.55029
200 iterations
f(b) = 34.4294
Frob norm 2 after updating B : 5.55043
Iteration number -------- 100  -----------
lambda : 1.63848
max_diff => 0.0619365
