Academic license - for non-commercial use only
Frob norm 1 after updating U: 11.3429
200 iterations
f(b) = 70.8117
Frob norm 2 after updating B : 7.57701
Iteration number -------- 1  -----------
lambda : 1
max_diff => 0.137654
performed mixing
Frob norm 1 after updating U: 6.05317
200 iterations
f(b) = 61.841
Frob norm 2 after updating B : 7.10691
Iteration number -------- 2  -----------
lambda : 1.005
max_diff => 0.125537
performed mixing
Frob norm 1 after updating U: 5.58979
200 iterations
f(b) = 54.4355
Frob norm 2 after updating B : 6.6639
Iteration number -------- 3  -----------
lambda : 1.01002
max_diff => 0.135283
performed mixing
Frob norm 1 after updating U: 5.35175
200 iterations
f(b) = 48.4852
Frob norm 2 after updating B : 6.28021
Iteration number -------- 4  -----------
lambda : 1.01508
max_diff => 0.139623
performed mixing
Frob norm 1 after updating U: 5.20409
200 iterations
f(b) = 44.0448
Frob norm 2 after updating B : 5.93767
Iteration number -------- 5  -----------
lambda : 1.02015
max_diff => 0.138936
performed mixing
Frob norm 1 after updating U: 5.15599
200 iterations
f(b) = 40.7406
Frob norm 2 after updating B : 5.69777
Iteration number -------- 6  -----------
lambda : 1.02525
max_diff => 0.13548
performed mixing
Frob norm 1 after updating U: 5.08287
200 iterations
f(b) = 37.9962
Frob norm 2 after updating B : 5.53593
Iteration number -------- 7  -----------
lambda : 1.03038
max_diff => 0.135878
performed mixing
Frob norm 1 after updating U: 5.04599
200 iterations
f(b) = 36.0286
Frob norm 2 after updating B : 5.38497
Iteration number -------- 8  -----------
lambda : 1.03553
max_diff => 0.136793
performed mixing
Frob norm 1 after updating U: 5.03052
200 iterations
f(b) = 34.4413
Frob norm 2 after updating B : 5.28042
Iteration number -------- 9  -----------
lambda : 1.04071
max_diff => 0.137306
performed mixing
Frob norm 1 after updating U: 5.01005
200 iterations
f(b) = 33.5048
Frob norm 2 after updating B : 5.18723
Iteration number -------- 10  -----------
lambda : 1.04591
max_diff => 0.137317
performed mixing
Frob norm 1 after updating U: 5.00906
200 iterations
f(b) = 32.6196
Frob norm 2 after updating B : 5.14152
Iteration number -------- 11  -----------
lambda : 1.05114
max_diff => 0.136367
performed mixing
Frob norm 1 after updating U: 4.96735
200 iterations
f(b) = 32.0339
Frob norm 2 after updating B : 5.08099
Iteration number -------- 12  -----------
lambda : 1.0564
max_diff => 0.136317
performed mixing
Frob norm 1 after updating U: 4.96674
200 iterations
f(b) = 31.5042
Frob norm 2 after updating B : 5.04531
Iteration number -------- 13  -----------
lambda : 1.06168
max_diff => 0.135001
performed mixing
Frob norm 1 after updating U: 4.9509
200 iterations
f(b) = 31.1761
Frob norm 2 after updating B : 5.01193
Iteration number -------- 14  -----------
lambda : 1.06699
max_diff => 0.134835
performed mixing
Frob norm 1 after updating U: 4.94898
200 iterations
f(b) = 30.6754
Frob norm 2 after updating B : 5.00014
Iteration number -------- 15  -----------
lambda : 1.07232
max_diff => 0.125361
performed mixing
Frob norm 1 after updating U: 4.88793
200 iterations
f(b) = 30.3347
Frob norm 2 after updating B : 4.96044
Iteration number -------- 16  -----------
lambda : 1.07768
max_diff => 0.125268
performed mixing
Frob norm 1 after updating U: 4.88724
200 iterations
f(b) = 29.9909
Frob norm 2 after updating B : 4.93912
Iteration number -------- 17  -----------
lambda : 1.08307
max_diff => 0.119006
performed mixing
Frob norm 1 after updating U: 4.85604
200 iterations
f(b) = 29.6443
Frob norm 2 after updating B : 4.90624
Iteration number -------- 18  -----------
lambda : 1.08849
max_diff => 0.118111
performed mixing
Frob norm 1 after updating U: 4.84916
200 iterations
f(b) = 29.0634
Frob norm 2 after updating B : 4.87429
Iteration number -------- 19  -----------
lambda : 1.09393
max_diff => 0.113161
performed mixing
Frob norm 1 after updating U: 4.76033
200 iterations
f(b) = 26.4119
Frob norm 2 after updating B : 4.5968
Iteration number -------- 20  -----------
lambda : 1.0994
max_diff => 0.100444
performed mixing
Frob norm 1 after updating U: 3.97819
200 iterations
f(b) = 21.1855
Frob norm 2 after updating B : 4.11016
Iteration number -------- 21  -----------
lambda : 1.1049
max_diff => 0.153653
performed mixing
Frob norm 1 after updating U: 3.5253
200 iterations
f(b) = 19.4958
Frob norm 2 after updating B : 3.93998
Iteration number -------- 22  -----------
lambda : 1.11042
max_diff => 0.0868461
performed mixing
Frob norm 1 after updating U: 3.5084
200 iterations
f(b) = 18.306
Frob norm 2 after updating B : 3.80449
Iteration number -------- 23  -----------
lambda : 1.11597
max_diff => 0.0778353
performed mixing
Frob norm 1 after updating U: 3.50097
200 iterations
f(b) = 17.5561
Frob norm 2 after updating B : 3.70032
Iteration number -------- 24  -----------
lambda : 1.12155
max_diff => 0.0776231
performed mixing
Frob norm 1 after updating U: 3.50065
200 iterations
f(b) = 17.0582
Frob norm 2 after updating B : 3.63121
Iteration number -------- 25  -----------
lambda : 1.12716
max_diff => 0.0773576
performed mixing
Frob norm 1 after updating U: 3.5002
200 iterations
f(b) = 16.5861
Frob norm 2 after updating B : 3.59856
Iteration number -------- 26  -----------
lambda : 1.1328
max_diff => 0.0715541
performed mixing
Frob norm 1 after updating U: 3.49324
200 iterations
f(b) = 16.2277
Frob norm 2 after updating B : 3.58308
Iteration number -------- 27  -----------
lambda : 1.13846
max_diff => 0.0635736
performed mixing
Frob norm 1 after updating U: 3.48586
200 iterations
f(b) = 16.0472
Frob norm 2 after updating B : 3.5489
Iteration number -------- 28  -----------
lambda : 1.14415
max_diff => 0.0635139
performed mixing
Frob norm 1 after updating U: 3.48589
200 iterations
f(b) = 15.9147
Frob norm 2 after updating B : 3.5268
Iteration number -------- 29  -----------
lambda : 1.14987
max_diff => 0.0633675
performed mixing
Frob norm 1 after updating U: 3.48581
200 iterations
f(b) = 15.8104
Frob norm 2 after updating B : 3.51241
Iteration number -------- 30  -----------
lambda : 1.15562
max_diff => 0.0632264
performed mixing
Frob norm 1 after updating U: 3.48569
200 iterations
f(b) = 15.713
Frob norm 2 after updating B : 3.50492
Iteration number -------- 31  -----------
lambda : 1.1614
max_diff => 0.0619831
performed mixing
Frob norm 1 after updating U: 3.48431
200 iterations
f(b) = 15.6947
Frob norm 2 after updating B : 3.4977
Iteration number -------- 32  -----------
lambda : 1.16721
max_diff => 0.0619916
performed mixing
Frob norm 1 after updating U: 3.48433
200 iterations
f(b) = 15.6746
Frob norm 2 after updating B : 3.49313
Iteration number -------- 33  -----------
lambda : 1.17304
max_diff => 0.0620004
performed mixing
Frob norm 1 after updating U: 3.48436
200 iterations
f(b) = 15.6673
Frob norm 2 after updating B : 3.49012
Iteration number -------- 34  -----------
lambda : 1.17891
max_diff => 0.0620287
performed mixing
Frob norm 1 after updating U: 3.48426
200 iterations
f(b) = 15.6727
Frob norm 2 after updating B : 3.48807
Iteration number -------- 35  -----------
lambda : 1.1848
max_diff => 0.0620357
performed mixing
Frob norm 1 after updating U: 3.48425
200 iterations
f(b) = 15.675
Frob norm 2 after updating B : 3.48682
Iteration number -------- 36  -----------
lambda : 1.19073
max_diff => 0.0620532
performed mixing
Frob norm 1 after updating U: 3.48429
200 iterations
f(b) = 15.6436
Frob norm 2 after updating B : 3.48666
Iteration number -------- 37  -----------
lambda : 1.19668
max_diff => 0.0621863
performed mixing
Frob norm 1 after updating U: 3.48426
200 iterations
f(b) = 15.6748
Frob norm 2 after updating B : 3.48577
Iteration number -------- 38  -----------
lambda : 1.20266
max_diff => 0.0621945
performed mixing
Frob norm 1 after updating U: 3.48422
200 iterations
f(b) = 15.6805
Frob norm 2 after updating B : 3.4852
Iteration number -------- 39  -----------
lambda : 1.20868
max_diff => 0.0622036
performed mixing
Frob norm 1 after updating U: 3.4842
200 iterations
f(b) = 15.6609
Frob norm 2 after updating B : 3.48501
Iteration number -------- 40  -----------
lambda : 1.21472
max_diff => 0.0622173
performed mixing
Frob norm 1 after updating U: 3.48435
200 iterations
f(b) = 15.7157
Frob norm 2 after updating B : 3.48475
Iteration number -------- 41  -----------
lambda : 1.22079
max_diff => 0.0622272
performed mixing
Frob norm 1 after updating U: 3.48432
200 iterations
f(b) = 15.7333
Frob norm 2 after updating B : 3.48457
Iteration number -------- 42  -----------
lambda : 1.2269
max_diff => 0.0622327
performed mixing
Frob norm 1 after updating U: 3.4843
200 iterations
f(b) = 15.7468
Frob norm 2 after updating B : 3.48446
Iteration number -------- 43  -----------
lambda : 1.23303
max_diff => 0.0622428
performed mixing
Frob norm 1 after updating U: 3.48429
200 iterations
f(b) = 15.756
Frob norm 2 after updating B : 3.48422
Iteration number -------- 44  -----------
lambda : 1.2392
max_diff => 0.0622535
performed mixing
Frob norm 1 after updating U: 3.48413
200 iterations
f(b) = 15.7364
Frob norm 2 after updating B : 3.48399
Iteration number -------- 45  -----------
lambda : 1.24539
max_diff => 0.0622675
performed mixing
Frob norm 1 after updating U: 3.48398
200 iterations
f(b) = 15.7882
Frob norm 2 after updating B : 3.48409
Iteration number -------- 46  -----------
lambda : 1.25162
max_diff => 0.0622818
performed mixing
Frob norm 1 after updating U: 3.48404
200 iterations
f(b) = 15.8045
Frob norm 2 after updating B : 3.48414
Iteration number -------- 47  -----------
lambda : 1.25788
max_diff => 0.0622902
performed mixing
Frob norm 1 after updating U: 3.48408
200 iterations
f(b) = 15.7912
Frob norm 2 after updating B : 3.48422
Iteration number -------- 48  -----------
lambda : 1.26417
max_diff => 0.0622961
performed mixing
Frob norm 1 after updating U: 3.4842
200 iterations
f(b) = 15.8385
Frob norm 2 after updating B : 3.4842
Iteration number -------- 49  -----------
lambda : 1.27049
max_diff => 0.062306
performed mixing
Frob norm 1 after updating U: 3.48419
200 iterations
f(b) = 15.8611
Frob norm 2 after updating B : 3.48421
Iteration number -------- 50  -----------
lambda : 1.27684
max_diff => 0.0623102
performed mixing
Frob norm 1 after updating U: 3.4842
200 iterations
f(b) = 15.8773
Frob norm 2 after updating B : 3.48422
Iteration number -------- 51  -----------
lambda : 1.28323
max_diff => 0.0623175
performed mixing
Frob norm 1 after updating U: 3.48422
200 iterations
f(b) = 15.8679
Frob norm 2 after updating B : 3.48459
Iteration number -------- 52  -----------
lambda : 1.28964
max_diff => 0.0623409
performed mixing
Frob norm 1 after updating U: 3.48452
200 iterations
f(b) = 15.9141
Frob norm 2 after updating B : 3.48463
Iteration number -------- 53  -----------
lambda : 1.29609
max_diff => 0.0623464
performed mixing
Frob norm 1 after updating U: 3.48456
200 iterations
f(b) = 15.9262
Frob norm 2 after updating B : 3.48457
Iteration number -------- 54  -----------
lambda : 1.30257
max_diff => 0.0623529
performed mixing
Frob norm 1 after updating U: 3.48453
200 iterations
f(b) = 15.8998
Frob norm 2 after updating B : 3.48493
Iteration number -------- 55  -----------
lambda : 1.30908
max_diff => 0.0623685
performed mixing
Frob norm 1 after updating U: 3.48484
200 iterations
f(b) = 15.9669
Frob norm 2 after updating B : 3.48514
Iteration number -------- 56  -----------
lambda : 1.31563
max_diff => 0.0623784
performed mixing
Frob norm 1 after updating U: 3.48502
200 iterations
f(b) = 15.9773
Frob norm 2 after updating B : 3.48531
Iteration number -------- 57  -----------
lambda : 1.32221
max_diff => 0.0623864
performed mixing
Frob norm 1 after updating U: 3.4852
200 iterations
f(b) = 15.9772
Frob norm 2 after updating B : 3.48528
Iteration number -------- 58  -----------
lambda : 1.32882
max_diff => 0.0623909
performed mixing
Frob norm 1 after updating U: 3.4852
200 iterations
f(b) = 16.0068
Frob norm 2 after updating B : 3.48577
Iteration number -------- 59  -----------
lambda : 1.33546
max_diff => 0.062404
performed mixing
Frob norm 1 after updating U: 3.48562
200 iterations
f(b) = 15.9799
Frob norm 2 after updating B : 3.48586
Iteration number -------- 60  -----------
lambda : 1.34214
max_diff => 0.0624109
performed mixing
Frob norm 1 after updating U: 3.48572
200 iterations
f(b) = 16.0502
Frob norm 2 after updating B : 3.48589
Iteration number -------- 61  -----------
lambda : 1.34885
max_diff => 0.0624129
performed mixing
Frob norm 1 after updating U: 3.48577
200 iterations
f(b) = 16.0694
Frob norm 2 after updating B : 3.48594
Iteration number -------- 62  -----------
lambda : 1.35559
max_diff => 0.0624165
performed mixing
Frob norm 1 after updating U: 3.48583
200 iterations
f(b) = 16.0356
Frob norm 2 after updating B : 3.48591
Iteration number -------- 63  -----------
lambda : 1.36237
max_diff => 0.0624273
performed mixing
Frob norm 1 after updating U: 3.48583
200 iterations
f(b) = 16.1077
Frob norm 2 after updating B : 3.486
Iteration number -------- 64  -----------
lambda : 1.36918
max_diff => 0.062429
performed mixing
Frob norm 1 after updating U: 3.48593
200 iterations
f(b) = 16.0849
Frob norm 2 after updating B : 3.48612
Iteration number -------- 65  -----------
lambda : 1.37603
max_diff => 0.0624314
performed mixing
Frob norm 1 after updating U: 3.48604
200 iterations
f(b) = 16.134
Frob norm 2 after updating B : 3.48626
Iteration number -------- 66  -----------
lambda : 1.38291
max_diff => 0.0624347
performed mixing
Frob norm 1 after updating U: 3.48616
200 iterations
f(b) = 16.1203
Frob norm 2 after updating B : 3.48637
Iteration number -------- 67  -----------
lambda : 1.38982
max_diff => 0.0624409
performed mixing
Frob norm 1 after updating U: 3.4863
200 iterations
f(b) = 16.1793
Frob norm 2 after updating B : 3.48647
Iteration number -------- 68  -----------
lambda : 1.39677
max_diff => 0.0624441
performed mixing
Frob norm 1 after updating U: 3.48639
200 iterations
f(b) = 16.1721
Frob norm 2 after updating B : 3.48665
Iteration number -------- 69  -----------
lambda : 1.40376
max_diff => 0.0624475
performed mixing
Frob norm 1 after updating U: 3.48654
200 iterations
f(b) = 16.149
Frob norm 2 after updating B : 3.48668
Iteration number -------- 70  -----------
lambda : 1.41078
max_diff => 0.0624522
performed mixing
Frob norm 1 after updating U: 3.48657
200 iterations
f(b) = 16.222
Frob norm 2 after updating B : 3.48713
Iteration number -------- 71  -----------
lambda : 1.41783
max_diff => 0.0624568
performed mixing
Frob norm 1 after updating U: 3.48698
200 iterations
f(b) = 16.2009
Frob norm 2 after updating B : 3.48731
Iteration number -------- 72  -----------
lambda : 1.42492
max_diff => 0.0624618
performed mixing
Frob norm 1 after updating U: 3.48716
200 iterations
f(b) = 16.2503
Frob norm 2 after updating B : 3.48736
Iteration number -------- 73  -----------
lambda : 1.43204
max_diff => 0.0624678
performed mixing
Frob norm 1 after updating U: 3.48723
200 iterations
f(b) = 16.2751
Frob norm 2 after updating B : 3.48743
Iteration number -------- 74  -----------
lambda : 1.4392
max_diff => 0.0624703
performed mixing
Frob norm 1 after updating U: 3.48731
200 iterations
f(b) = 16.2623
Frob norm 2 after updating B : 3.48788
Iteration number -------- 75  -----------
lambda : 1.4464
max_diff => 0.0624754
performed mixing
Frob norm 1 after updating U: 3.48771
200 iterations
f(b) = 16.3191
Frob norm 2 after updating B : 3.48806
Iteration number -------- 76  -----------
lambda : 1.45363
max_diff => 0.0624774
performed mixing
Frob norm 1 after updating U: 3.48789
200 iterations
f(b) = 16.345
Frob norm 2 after updating B : 3.48822
Iteration number -------- 77  -----------
lambda : 1.4609
max_diff => 0.0624785
performed mixing
Frob norm 1 after updating U: 3.48807
200 iterations
f(b) = 16.3633
Frob norm 2 after updating B : 3.4882
Iteration number -------- 78  -----------
lambda : 1.46821
max_diff => 0.0624797
performed mixing
Frob norm 1 after updating U: 3.48806
200 iterations
f(b) = 16.3809
Frob norm 2 after updating B : 3.48846
Iteration number -------- 79  -----------
lambda : 1.47555
max_diff => 0.0624804
performed mixing
Frob norm 1 after updating U: 3.48832
200 iterations
f(b) = 16.3895
Frob norm 2 after updating B : 3.48868
Iteration number -------- 80  -----------
lambda : 1.48292
max_diff => 0.0624824
performed mixing
Frob norm 1 after updating U: 3.48854
200 iterations
f(b) = 16.4133
Frob norm 2 after updating B : 3.48859
Iteration number -------- 81  -----------
lambda : 1.49034
max_diff => 0.062483
performed mixing
Frob norm 1 after updating U: 3.48845
200 iterations
f(b) = 16.4302
Frob norm 2 after updating B : 3.48941
Iteration number -------- 82  -----------
lambda : 1.49779
max_diff => 0.0624872
performed mixing
Frob norm 1 after updating U: 3.4892
200 iterations
f(b) = 16.4631
Frob norm 2 after updating B : 3.48945
Iteration number -------- 83  -----------
lambda : 1.50528
max_diff => 0.0624883
performed mixing
Frob norm 1 after updating U: 3.48928
200 iterations
f(b) = 16.4762
Frob norm 2 after updating B : 3.48953
Iteration number -------- 84  -----------
lambda : 1.51281
max_diff => 0.0624893
performed mixing
Frob norm 1 after updating U: 3.48937
200 iterations
f(b) = 16.4676
Frob norm 2 after updating B : 3.48981
Iteration number -------- 85  -----------
lambda : 1.52037
max_diff => 0.0624922
performed mixing
Frob norm 1 after updating U: 3.48963
200 iterations
f(b) = 16.4672
Frob norm 2 after updating B : 3.49023
Iteration number -------- 86  -----------
lambda : 1.52797
max_diff => 0.0624939
performed mixing
Frob norm 1 after updating U: 3.49004
200 iterations
f(b) = 16.5068
Frob norm 2 after updating B : 3.4903
Iteration number -------- 87  -----------
lambda : 1.53561
max_diff => 0.0624952
performed mixing
Frob norm 1 after updating U: 3.49015
200 iterations
f(b) = 16.5506
Frob norm 2 after updating B : 3.49062
Iteration number -------- 88  -----------
lambda : 1.54329
max_diff => 0.0624964
performed mixing
Frob norm 1 after updating U: 3.49046
200 iterations
f(b) = 16.5669
Frob norm 2 after updating B : 3.49085
Iteration number -------- 89  -----------
lambda : 1.55101
max_diff => 0.0624976
performed mixing
Frob norm 1 after updating U: 3.49069
200 iterations
f(b) = 16.5685
Frob norm 2 after updating B : 3.49125
Iteration number -------- 90  -----------
lambda : 1.55876
max_diff => 0.0624989
performed mixing
Frob norm 1 after updating U: 3.49108
200 iterations
f(b) = 16.6132
Frob norm 2 after updating B : 3.49135
Iteration number -------- 91  -----------
lambda : 1.56655
max_diff => 0.0624992
performed mixing
Frob norm 1 after updating U: 3.4912
200 iterations
f(b) = 16.6372
Frob norm 2 after updating B : 3.49145
Iteration number -------- 92  -----------
lambda : 1.57439
max_diff => 0.0624993
performed mixing
Frob norm 1 after updating U: 3.49133
200 iterations
f(b) = 16.6497
Frob norm 2 after updating B : 3.4917
Iteration number -------- 93  -----------
lambda : 1.58226
max_diff => 0.0624996
performed mixing
Frob norm 1 after updating U: 3.49157
200 iterations
f(b) = 16.6676
Frob norm 2 after updating B : 3.49205
Iteration number -------- 94  -----------
lambda : 1.59017
max_diff => 0.0624999
performed mixing
Frob norm 1 after updating U: 3.4919
200 iterations
f(b) = 16.6813
Frob norm 2 after updating B : 3.49216
Iteration number -------- 95  -----------
lambda : 1.59812
max_diff => 0.0625
performed mixing
Frob norm 1 after updating U: 3.49204
200 iterations
f(b) = 16.6934
Frob norm 2 after updating B : 3.49322
Iteration number -------- 96  -----------
lambda : 1.60611
max_diff => 0.0625
performed mixing
Frob norm 1 after updating U: 3.49296
200 iterations
f(b) = 16.6779
Frob norm 2 after updating B : 3.49344
Iteration number -------- 97  -----------
lambda : 1.61414
max_diff => 0.0624996
performed mixing
Frob norm 1 after updating U: 3.49323
200 iterations
f(b) = 16.7424
Frob norm 2 after updating B : 3.49372
Iteration number -------- 98  -----------
lambda : 1.62221
max_diff => 0.0624994
performed mixing
Frob norm 1 after updating U: 3.49352
200 iterations
f(b) = 16.7629
Frob norm 2 after updating B : 3.49389
Iteration number -------- 99  -----------
lambda : 1.63032
max_diff => 0.0624992
performed mixing
Frob norm 1 after updating U: 3.49371
200 iterations
f(b) = 16.7744
Frob norm 2 after updating B : 3.49442
Iteration number -------- 100  -----------
lambda : 1.63848
max_diff => 0.0624989
