Academic license - for non-commercial use only
Frob norm 1 after updating U: 11.4848
200 iterations
f(b) = 61.9038
Frob norm 2 after updating B : 7.44809
Iteration number -------- 1  -----------
lambda : 1
max_diff => 0.0738274
performed mixing
Frob norm 1 after updating U: 6.94078
200 iterations
f(b) = 59.0188
Frob norm 2 after updating B : 7.28494
Iteration number -------- 2  -----------
lambda : 1.005
max_diff => 0.063902
performed mixing
Frob norm 1 after updating U: 6.82122
200 iterations
f(b) = 56.4946
Frob norm 2 after updating B : 7.14179
Iteration number -------- 3  -----------
lambda : 1.01002
max_diff => 0.0623284
performed mixing
Frob norm 1 after updating U: 6.73647
200 iterations
f(b) = 54.3494
Frob norm 2 after updating B : 7.02166
Iteration number -------- 4  -----------
lambda : 1.01508
max_diff => 0.0618104
performed mixing
Frob norm 1 after updating U: 6.67573
200 iterations
f(b) = 52.5745
Frob norm 2 after updating B : 6.91591
Iteration number -------- 5  -----------
lambda : 1.02015
max_diff => 0.062119
performed mixing
Frob norm 1 after updating U: 6.64267
200 iterations
f(b) = 51.1803
Frob norm 2 after updating B : 6.83498
Iteration number -------- 6  -----------
lambda : 1.02525
max_diff => 0.062406
performed mixing
Frob norm 1 after updating U: 6.61329
200 iterations
f(b) = 50.116
Frob norm 2 after updating B : 6.76362
Iteration number -------- 7  -----------
lambda : 1.03038
max_diff => 0.0624875
performed mixing
Frob norm 1 after updating U: 6.60243
200 iterations
f(b) = 49.3069
Frob norm 2 after updating B : 6.71461
Iteration number -------- 8  -----------
lambda : 1.03553
max_diff => 0.0624689
performed mixing
Frob norm 1 after updating U: 6.58764
200 iterations
f(b) = 48.6826
Frob norm 2 after updating B : 6.67767
Iteration number -------- 9  -----------
lambda : 1.04071
max_diff => 0.0623457
performed mixing
Frob norm 1 after updating U: 6.57848
200 iterations
f(b) = 48.1926
Frob norm 2 after updating B : 6.65389
Iteration number -------- 10  -----------
lambda : 1.04591
max_diff => 0.0620878
performed mixing
Frob norm 1 after updating U: 6.57052
200 iterations
f(b) = 47.7948
Frob norm 2 after updating B : 6.63208
Iteration number -------- 11  -----------
lambda : 1.05114
max_diff => 0.0616989
performed mixing
Frob norm 1 after updating U: 6.56437
200 iterations
f(b) = 47.4732
Frob norm 2 after updating B : 6.6148
Iteration number -------- 12  -----------
lambda : 1.0564
max_diff => 0.0613251
performed mixing
Frob norm 1 after updating U: 6.56092
200 iterations
f(b) = 42.2021
Frob norm 2 after updating B : 6.15114
Iteration number -------- 13  -----------
lambda : 1.06168
max_diff => 0.0594632
performed mixing
Frob norm 1 after updating U: 4.61619
200 iterations
f(b) = 31.1739
Frob norm 2 after updating B : 5.42685
Iteration number -------- 14  -----------
lambda : 1.06699
max_diff => 0.113329
performed mixing
Frob norm 1 after updating U: 4.4916
200 iterations
f(b) = 28.3001
Frob norm 2 after updating B : 5.1545
Iteration number -------- 15  -----------
lambda : 1.07232
max_diff => 0.125882
performed mixing
Frob norm 1 after updating U: 4.31229
200 iterations
f(b) = 25.8947
Frob norm 2 after updating B : 4.89731
Iteration number -------- 16  -----------
lambda : 1.07768
max_diff => 0.127765
performed mixing
Frob norm 1 after updating U: 4.16255
200 iterations
f(b) = 20.3695
Frob norm 2 after updating B : 4.50762
Iteration number -------- 17  -----------
lambda : 1.08307
max_diff => 0.0156746
performed mixing
Frob norm 1 after updating U: 2.19602
200 iterations
f(b) = 15.3503
Frob norm 2 after updating B : 3.89657
Iteration number -------- 18  -----------
lambda : 1.08849
max_diff => 0.0124618
performed mixing
Frob norm 1 after updating U: 2.15698
200 iterations
f(b) = 11.9581
Frob norm 2 after updating B : 3.4309
Iteration number -------- 19  -----------
lambda : 1.09393
max_diff => 0.00727536
performed mixing
Frob norm 1 after updating U: 2.12533
200 iterations
f(b) = 9.66491
Frob norm 2 after updating B : 3.0814
Iteration number -------- 20  -----------
lambda : 1.0994
max_diff => 0.00371509
performed mixing
Frob norm 1 after updating U: 2.10644
200 iterations
f(b) = 8.06831
Frob norm 2 after updating B : 2.79847
Iteration number -------- 21  -----------
lambda : 1.1049
max_diff => 0.00163766
performed mixing
Frob norm 1 after updating U: 2.05891
200 iterations
f(b) = 6.88716
Frob norm 2 after updating B : 2.51654
Iteration number -------- 22  -----------
lambda : 1.11042
max_diff => 0.0118494
performed mixing
Frob norm 1 after updating U: 1.88763
200 iterations
f(b) = 5.54712
Frob norm 2 after updating B : 2.16032
Iteration number -------- 23  -----------
lambda : 1.11597
max_diff => 0.0189342
performed mixing
Frob norm 1 after updating U: 0.338337
200 iterations
f(b) = 3.94305
Frob norm 2 after updating B : 1.74836
Iteration number -------- 24  -----------
lambda : 1.12155
max_diff => 0.018653
performed mixing
Frob norm 1 after updating U: 0.334511
200 iterations
f(b) = 2.73166
Frob norm 2 after updating B : 1.50255
Iteration number -------- 25  -----------
lambda : 1.12716
max_diff => 0.0092225
performed mixing
Frob norm 1 after updating U: 0.227459
200 iterations
f(b) = 1.98077
Frob norm 2 after updating B : 1.21431
Iteration number -------- 26  -----------
lambda : 1.1328
max_diff => 0.00908642
performed mixing
Frob norm 1 after updating U: 0.224985
200 iterations
f(b) = 1.47301
Frob norm 2 after updating B : 0.985306
Iteration number -------- 27  -----------
lambda : 1.13846
max_diff => 0.00893578
performed mixing
Frob norm 1 after updating U: 0.222381
200 iterations
f(b) = 1.05952
Frob norm 2 after updating B : 0.830199
Iteration number -------- 28  -----------
lambda : 1.14415
max_diff => 0.00651331
performed mixing
Frob norm 1 after updating U: 0.188682
200 iterations
f(b) = 0.865625
Frob norm 2 after updating B : 0.680004
Iteration number -------- 29  -----------
lambda : 1.14987
max_diff => 0.00618024
performed mixing
Frob norm 1 after updating U: 0.184511
200 iterations
f(b) = 0.714348
Frob norm 2 after updating B : 0.559329
Iteration number -------- 30  -----------
lambda : 1.15562
max_diff => 0.00602309
performed mixing
Frob norm 1 after updating U: 0.18246
200 iterations
f(b) = 0.483249
Frob norm 2 after updating B : 0.6391
Iteration number -------- 31  -----------
lambda : 1.1614
max_diff => 0.000120398
performed mixing
Frob norm 1 after updating U: 0.0355046
200 iterations
f(b) = 0.364882
Frob norm 2 after updating B : 0.513149
Iteration number -------- 32  -----------
lambda : 1.16721
max_diff => 0.000117352
performed mixing
Frob norm 1 after updating U: 0.0351699
200 iterations
f(b) = 0.269679
Frob norm 2 after updating B : 0.413724
Iteration number -------- 33  -----------
lambda : 1.17304
max_diff => 0.000107889
performed mixing
Frob norm 1 after updating U: 0.0341609
200 iterations
f(b) = 0.203479
Frob norm 2 after updating B : 0.3393
Iteration number -------- 34  -----------
lambda : 1.17891
max_diff => 7.30935e-05
performed mixing
Frob norm 1 after updating U: 0.0297579
200 iterations
f(b) = 0.155572
Frob norm 2 after updating B : 0.284575
Iteration number -------- 35  -----------
lambda : 1.1848
max_diff => 2.98703e-05
performed mixing
Frob norm 1 after updating U: 0.0229068
200 iterations
f(b) = 0.106659
Frob norm 2 after updating B : 0.250158
Iteration number -------- 36  -----------
lambda : 1.19073
max_diff => 4.999e-08
performed mixing
Frob norm 1 after updating U: 0.0131885
200 iterations
f(b) = 0.0908423
Frob norm 2 after updating B : 0.20036
Iteration number -------- 37  -----------
lambda : 1.19668
max_diff => 4.999e-08
performed mixing
Frob norm 1 after updating U: 0.0130867
200 iterations
f(b) = 0.076603
Frob norm 2 after updating B : 0.160622
Iteration number -------- 38  -----------
lambda : 1.20266
max_diff => 4.999e-08
performed mixing
Frob norm 1 after updating U: 0.0130261
200 iterations
f(b) = 0.0677701
Frob norm 2 after updating B : 0.12902
Iteration number -------- 39  -----------
lambda : 1.20868
max_diff => 4.999e-08
performed mixing
Frob norm 1 after updating U: 0.0131418
200 iterations
f(b) = 0.0599599
Frob norm 2 after updating B : 0.103438
Iteration number -------- 40  -----------
lambda : 1.21472
max_diff => 4.999e-08
performed mixing
Frob norm 1 after updating U: 0.0130864
200 iterations
f(b) = 0.050875
Frob norm 2 after updating B : 0.0833855
Iteration number -------- 41  -----------
lambda : 1.22079
max_diff => 4.999e-08
performed mixing
Frob norm 1 after updating U: 0.0130532
200 iterations
f(b) = 0.0501819
Frob norm 2 after updating B : 0.0673401
Iteration number -------- 42  -----------
lambda : 1.2269
max_diff => 4.999e-08
performed mixing
Frob norm 1 after updating U: 0.0131999
200 iterations
f(b) = 0.0139786
Frob norm 2 after updating B : 0.0545002
Iteration number -------- 43  -----------
lambda : 1.23303
max_diff => 4.999e-08
performed mixing
Frob norm 1 after updating U: 0.0132354
200 iterations
f(b) = 0.0464838
Frob norm 2 after updating B : 0.0440224
Iteration number -------- 44  -----------
lambda : 1.2392
max_diff => 4.999e-08
performed mixing
Frob norm 1 after updating U: 0.0131016
200 iterations
f(b) = 0.0130223
Frob norm 2 after updating B : 0.0364797
Iteration number -------- 45  -----------
lambda : 1.24539
max_diff => 4.999e-08
performed mixing
Frob norm 1 after updating U: 0.0130003
200 iterations
f(b) = 0.0257641
Frob norm 2 after updating B : 0.030393
Iteration number -------- 46  -----------
lambda : 1.25162
max_diff => 4.999e-08
performed mixing
Frob norm 1 after updating U: 0.0132504
200 iterations
f(b) = 0.0122065
Frob norm 2 after updating B : 0.025242
Iteration number -------- 47  -----------
lambda : 1.25788
max_diff => 4.999e-08
performed mixing
Frob norm 1 after updating U: 0.0130972
200 iterations
f(b) = 0.0187721
Frob norm 2 after updating B : 0.0219454
Iteration number -------- 48  -----------
lambda : 1.26417
max_diff => 4.999e-08
performed mixing
Frob norm 1 after updating U: 0.0131807
200 iterations
f(b) = 0.0139864
Frob norm 2 after updating B : 0.019308
Iteration number -------- 49  -----------
lambda : 1.27049
max_diff => 4.999e-08
performed mixing
Frob norm 1 after updating U: 0.0131055
200 iterations
f(b) = 0.0110844
Frob norm 2 after updating B : 0.0174917
Iteration number -------- 50  -----------
lambda : 1.27684
max_diff => 4.999e-08
performed mixing
Frob norm 1 after updating U: 0.0130536
200 iterations
f(b) = 0.0232076
Frob norm 2 after updating B : 0.0159753
Iteration number -------- 51  -----------
lambda : 1.28323
max_diff => 4.999e-08
performed mixing
Frob norm 1 after updating U: 0.0130077
200 iterations
f(b) = 0.0157029
Frob norm 2 after updating B : 0.0150942
Iteration number -------- 52  -----------
lambda : 1.28964
max_diff => 4.999e-08
performed mixing
Frob norm 1 after updating U: 0.013019
200 iterations
f(b) = 0.011445
Frob norm 2 after updating B : 0.0144352
Iteration number -------- 53  -----------
lambda : 1.29609
max_diff => 4.999e-08
performed mixing
Frob norm 1 after updating U: 0.0129808
200 iterations
f(b) = 0.0247494
Frob norm 2 after updating B : 0.0138491
Iteration number -------- 54  -----------
lambda : 1.30257
max_diff => 4.999e-08
performed mixing
Frob norm 1 after updating U: 0.0130241
200 iterations
f(b) = 0.0120995
Frob norm 2 after updating B : 0.0137391
Iteration number -------- 55  -----------
lambda : 1.30908
max_diff => 4.999e-08
performed mixing
Frob norm 1 after updating U: 0.0131152
200 iterations
f(b) = 0.0145274
Frob norm 2 after updating B : 0.0133531
Iteration number -------- 56  -----------
lambda : 1.31563
max_diff => 4.999e-08
performed mixing
Frob norm 1 after updating U: 0.0129232
200 iterations
f(b) = 0.0119177
Frob norm 2 after updating B : 0.0132763
Iteration number -------- 57  -----------
lambda : 1.32221
max_diff => 4.999e-08
performed mixing
Frob norm 1 after updating U: 0.0129478
200 iterations
f(b) = 0.0111906
Frob norm 2 after updating B : 0.0131261
Iteration number -------- 58  -----------
lambda : 1.32882
max_diff => 4.999e-08
performed mixing
Frob norm 1 after updating U: 0.0128973
200 iterations
f(b) = 0.0108325
Frob norm 2 after updating B : 0.013144
Iteration number -------- 59  -----------
lambda : 1.33546
max_diff => 4.999e-08
performed mixing
Frob norm 1 after updating U: 0.0130112
200 iterations
f(b) = 0.0282902
Frob norm 2 after updating B : 0.0130597
Iteration number -------- 60  -----------
lambda : 1.34214
max_diff => 4.999e-08
performed mixing
Frob norm 1 after updating U: 0.012933
200 iterations
f(b) = 0.019391
Frob norm 2 after updating B : 0.012886
Iteration number -------- 61  -----------
lambda : 1.34885
max_diff => 4.999e-08
performed mixing
Frob norm 1 after updating U: 0.0127951
200 iterations
f(b) = 0.0114468
Frob norm 2 after updating B : 0.0130835
Iteration number -------- 62  -----------
lambda : 1.35559
max_diff => 4.999e-08
performed mixing
Frob norm 1 after updating U: 0.0130408
200 iterations
f(b) = 0.0283331
Frob norm 2 after updating B : 0.0129591
Iteration number -------- 63  -----------
lambda : 1.36237
max_diff => 4.999e-08
performed mixing
Frob norm 1 after updating U: 0.0129224
200 iterations
f(b) = 0.00918527
Frob norm 2 after updating B : 0.0131584
Iteration number -------- 64  -----------
lambda : 1.36918
max_diff => 4.999e-08
performed mixing
Frob norm 1 after updating U: 0.0131272
200 iterations
f(b) = 0.0135168
Frob norm 2 after updating B : 0.0129827
Iteration number -------- 65  -----------
lambda : 1.37603
max_diff => 4.999e-08
performed mixing
Frob norm 1 after updating U: 0.012943
200 iterations
f(b) = 0.0115259
Frob norm 2 after updating B : 0.0130843
Iteration number -------- 66  -----------
lambda : 1.38291
max_diff => 4.999e-08
performed mixing
Frob norm 1 after updating U: 0.0130601
200 iterations
f(b) = 0.010795
Frob norm 2 after updating B : 0.0130119
Iteration number -------- 67  -----------
lambda : 1.38982
max_diff => 4.999e-08
performed mixing
Frob norm 1 after updating U: 0.012995
200 iterations
f(b) = 0.017173
Frob norm 2 after updating B : 0.0131146
Iteration number -------- 68  -----------
lambda : 1.39677
max_diff => 4.999e-08
performed mixing
Frob norm 1 after updating U: 0.0130953
200 iterations
f(b) = 0.0281514
Frob norm 2 after updating B : 0.0128786
Iteration number -------- 69  -----------
lambda : 1.40376
max_diff => 4.999e-08
performed mixing
Frob norm 1 after updating U: 0.0128695
200 iterations
f(b) = 0.0288091
Frob norm 2 after updating B : 0.0128772
Iteration number -------- 70  -----------
lambda : 1.41078
max_diff => 4.999e-08
performed mixing
Frob norm 1 after updating U: 0.0128683
200 iterations
f(b) = 0.0122027
Frob norm 2 after updating B : 0.0131466
Iteration number -------- 71  -----------
lambda : 1.41783
max_diff => 4.999e-08
performed mixing
Frob norm 1 after updating U: 0.0131325
200 iterations
f(b) = 0.0113497
Frob norm 2 after updating B : 0.0131247
Iteration number -------- 72  -----------
lambda : 1.42492
max_diff => 4.999e-08
performed mixing
Frob norm 1 after updating U: 0.0131179
200 iterations
f(b) = 0.02343
Frob norm 2 after updating B : 0.012907
Iteration number -------- 73  -----------
lambda : 1.43204
max_diff => 4.999e-08
performed mixing
Frob norm 1 after updating U: 0.0129017
200 iterations
f(b) = 0.0116126
Frob norm 2 after updating B : 0.013035
Iteration number -------- 74  -----------
lambda : 1.4392
max_diff => 4.999e-08
performed mixing
Frob norm 1 after updating U: 0.013026
200 iterations
f(b) = 0.0114761
Frob norm 2 after updating B : 0.0130307
Iteration number -------- 75  -----------
lambda : 1.4464
max_diff => 4.999e-08
performed mixing
Frob norm 1 after updating U: 0.0130265
200 iterations
f(b) = 0.0123005
Frob norm 2 after updating B : 0.013017
Iteration number -------- 76  -----------
lambda : 1.45363
max_diff => 4.999e-08
performed mixing
Frob norm 1 after updating U: 0.0130105
200 iterations
f(b) = 0.014157
Frob norm 2 after updating B : 0.013064
Iteration number -------- 77  -----------
lambda : 1.4609
max_diff => 4.999e-08
performed mixing
Frob norm 1 after updating U: 0.013052
200 iterations
f(b) = 0.00924418
Frob norm 2 after updating B : 0.0130076
Iteration number -------- 78  -----------
lambda : 1.46821
max_diff => 4.999e-08
performed mixing
Frob norm 1 after updating U: 0.0130064
200 iterations
f(b) = 0.0119401
Frob norm 2 after updating B : 0.013038
Iteration number -------- 79  -----------
lambda : 1.47555
max_diff => 4.999e-08
performed mixing
Frob norm 1 after updating U: 0.0130349
200 iterations
f(b) = 0.0114549
Frob norm 2 after updating B : 0.0129267
Iteration number -------- 80  -----------
lambda : 1.48292
max_diff => 4.999e-08
performed mixing
Frob norm 1 after updating U: 0.0129201
200 iterations
f(b) = 0.0135353
Frob norm 2 after updating B : 0.0132469
Iteration number -------- 81  -----------
lambda : 1.49034
max_diff => 4.999e-08
performed mixing
Frob norm 1 after updating U: 0.013224
200 iterations
f(b) = 0.0110118
Frob norm 2 after updating B : 0.0131945
Iteration number -------- 82  -----------
lambda : 1.49779
max_diff => 4.999e-08
performed mixing
Frob norm 1 after updating U: 0.0131794
200 iterations
f(b) = 0.0133391
Frob norm 2 after updating B : 0.0131145
Iteration number -------- 83  -----------
lambda : 1.50528
max_diff => 4.999e-08
performed mixing
Frob norm 1 after updating U: 0.0131073
200 iterations
f(b) = 0.0124842
Frob norm 2 after updating B : 0.0131367
Iteration number -------- 84  -----------
lambda : 1.51281
max_diff => 4.999e-08
performed mixing
Frob norm 1 after updating U: 0.0131258
200 iterations
f(b) = 0.0116604
Frob norm 2 after updating B : 0.0131423
Iteration number -------- 85  -----------
lambda : 1.52037
max_diff => 4.999e-08
performed mixing
Frob norm 1 after updating U: 0.0131364
200 iterations
f(b) = 0.0131386
Frob norm 2 after updating B : 0.0130408
Iteration number -------- 86  -----------
lambda : 1.52797
max_diff => 4.999e-08
performed mixing
Frob norm 1 after updating U: 0.0130366
200 iterations
f(b) = 0.0155678
Frob norm 2 after updating B : 0.0130654
Iteration number -------- 87  -----------
lambda : 1.53561
max_diff => 4.999e-08
performed mixing
Frob norm 1 after updating U: 0.0130551
200 iterations
f(b) = 0.0122882
Frob norm 2 after updating B : 0.0130452
Iteration number -------- 88  -----------
lambda : 1.54329
max_diff => 4.999e-08
performed mixing
Frob norm 1 after updating U: 0.013039
200 iterations
f(b) = 0.0137184
Frob norm 2 after updating B : 0.0129394
Iteration number -------- 89  -----------
lambda : 1.55101
max_diff => 4.999e-08
performed mixing
Frob norm 1 after updating U: 0.0129367
200 iterations
f(b) = 0.0131677
Frob norm 2 after updating B : 0.0129807
Iteration number -------- 90  -----------
lambda : 1.55876
max_diff => 4.999e-08
performed mixing
Frob norm 1 after updating U: 0.0129754
200 iterations
f(b) = 0.0149652
Frob norm 2 after updating B : 0.0131471
Iteration number -------- 91  -----------
lambda : 1.56655
max_diff => 4.999e-08
performed mixing
Frob norm 1 after updating U: 0.0131383
200 iterations
f(b) = 0.0133399
Frob norm 2 after updating B : 0.0130845
Iteration number -------- 92  -----------
lambda : 1.57439
max_diff => 4.999e-08
performed mixing
Frob norm 1 after updating U: 0.0130757
200 iterations
f(b) = 0.010961
Frob norm 2 after updating B : 0.0131155
Iteration number -------- 93  -----------
lambda : 1.58226
max_diff => 4.999e-08
performed mixing
Frob norm 1 after updating U: 0.0131115
200 iterations
f(b) = 0.0135386
Frob norm 2 after updating B : 0.01284
Iteration number -------- 94  -----------
lambda : 1.59017
max_diff => 4.999e-08
performed mixing
Frob norm 1 after updating U: 0.0128394
200 iterations
f(b) = 0.0147954
Frob norm 2 after updating B : 0.0130707
Iteration number -------- 95  -----------
lambda : 1.59812
max_diff => 4.999e-08
performed mixing
Frob norm 1 after updating U: 0.0130652
200 iterations
f(b) = 0.0127612
Frob norm 2 after updating B : 0.0129196
Iteration number -------- 96  -----------
lambda : 1.60611
max_diff => 4.999e-08
performed mixing
Frob norm 1 after updating U: 0.0129191
200 iterations
f(b) = 0.0142108
Frob norm 2 after updating B : 0.013207
Iteration number -------- 97  -----------
lambda : 1.61414
max_diff => 4.999e-08
performed mixing
Frob norm 1 after updating U: 0.0131946
200 iterations
f(b) = 0.0134112
Frob norm 2 after updating B : 0.0130228
Iteration number -------- 98  -----------
lambda : 1.62221
max_diff => 4.999e-08
performed mixing
Frob norm 1 after updating U: 0.0130223
200 iterations
f(b) = 0.0134871
Frob norm 2 after updating B : 0.0129234
Iteration number -------- 99  -----------
lambda : 1.63032
max_diff => 4.999e-08
performed mixing
Frob norm 1 after updating U: 0.0129231
200 iterations
f(b) = 0.0259731
Frob norm 2 after updating B : 0.0129514
Iteration number -------- 100  -----------
lambda : 1.63848
max_diff => 4.999e-08
