Academic license - for non-commercial use only
Frob norm 1 after updating U: 12.0214
200 iterations
f(b) = 79.7445
Frob norm 2 after updating B : 8.19365
Iteration number -------- 1  -----------
lambda : 1
max_diff => 0.117562
performed mixing
Frob norm 1 after updating U: 6.96363
200 iterations
f(b) = 72.0467
Frob norm 2 after updating B : 7.74237
Iteration number -------- 2  -----------
lambda : 1.005
max_diff => 0.125379
performed mixing
Frob norm 1 after updating U: 6.60422
200 iterations
f(b) = 65.5157
Frob norm 2 after updating B : 7.34324
Iteration number -------- 3  -----------
lambda : 1.01002
max_diff => 0.132179
performed mixing
Frob norm 1 after updating U: 6.31796
200 iterations
f(b) = 59.9876
Frob norm 2 after updating B : 6.99735
Iteration number -------- 4  -----------
lambda : 1.01508
max_diff => 0.136954
performed mixing
Frob norm 1 after updating U: 6.14421
200 iterations
f(b) = 55.6432
Frob norm 2 after updating B : 6.70257
Iteration number -------- 5  -----------
lambda : 1.02015
max_diff => 0.140497
performed mixing
Frob norm 1 after updating U: 6.01892
200 iterations
f(b) = 52.3311
Frob norm 2 after updating B : 6.46874
Iteration number -------- 6  -----------
lambda : 1.02525
max_diff => 0.142937
performed mixing
Frob norm 1 after updating U: 5.91129
200 iterations
f(b) = 49.5964
Frob norm 2 after updating B : 6.28636
Iteration number -------- 7  -----------
lambda : 1.03038
max_diff => 0.142954
performed mixing
Frob norm 1 after updating U: 5.80156
200 iterations
f(b) = 47.3533
Frob norm 2 after updating B : 6.12697
Iteration number -------- 8  -----------
lambda : 1.03553
max_diff => 0.143303
performed mixing
Frob norm 1 after updating U: 5.70731
200 iterations
f(b) = 45.3871
Frob norm 2 after updating B : 5.993
Iteration number -------- 9  -----------
lambda : 1.04071
max_diff => 0.143595
performed mixing
Frob norm 1 after updating U: 5.60662
200 iterations
f(b) = 43.8767
Frob norm 2 after updating B : 5.86015
Iteration number -------- 10  -----------
lambda : 1.04591
max_diff => 0.143642
performed mixing
Frob norm 1 after updating U: 5.60298
200 iterations
f(b) = 42.4149
Frob norm 2 after updating B : 5.78243
Iteration number -------- 11  -----------
lambda : 1.05114
max_diff => 0.147543
performed mixing
Frob norm 1 after updating U: 5.48351
200 iterations
f(b) = 41.228
Frob norm 2 after updating B : 5.68397
Iteration number -------- 12  -----------
lambda : 1.0564
max_diff => 0.147451
performed mixing
Frob norm 1 after updating U: 5.47764
200 iterations
f(b) = 40.1912
Frob norm 2 after updating B : 5.62539
Iteration number -------- 13  -----------
lambda : 1.06168
max_diff => 0.147991
performed mixing
Frob norm 1 after updating U: 5.41205
200 iterations
f(b) = 39.3139
Frob norm 2 after updating B : 5.55601
Iteration number -------- 14  -----------
lambda : 1.06699
max_diff => 0.146316
performed mixing
Frob norm 1 after updating U: 5.38586
200 iterations
f(b) = 38.7211
Frob norm 2 after updating B : 5.4972
Iteration number -------- 15  -----------
lambda : 1.07232
max_diff => 0.146137
performed mixing
Frob norm 1 after updating U: 5.38419
200 iterations
f(b) = 37.8835
Frob norm 2 after updating B : 5.49513
Iteration number -------- 16  -----------
lambda : 1.07768
max_diff => 0.140403
performed mixing
Frob norm 1 after updating U: 5.32465
200 iterations
f(b) = 37.2954
Frob norm 2 after updating B : 5.43535
Iteration number -------- 17  -----------
lambda : 1.08307
max_diff => 0.140255
performed mixing
Frob norm 1 after updating U: 5.32422
200 iterations
f(b) = 36.52
Frob norm 2 after updating B : 5.44024
Iteration number -------- 18  -----------
lambda : 1.08849
max_diff => 0.125248
performed mixing
Frob norm 1 after updating U: 5.27262
200 iterations
f(b) = 35.933
Frob norm 2 after updating B : 5.38121
Iteration number -------- 19  -----------
lambda : 1.09393
max_diff => 0.125071
performed mixing
Frob norm 1 after updating U: 5.27217
200 iterations
f(b) = 35.2537
Frob norm 2 after updating B : 5.36055
Iteration number -------- 20  -----------
lambda : 1.0994
max_diff => 0.116986
performed mixing
Frob norm 1 after updating U: 5.24667
200 iterations
f(b) = 34.8758
Frob norm 2 after updating B : 5.32022
Iteration number -------- 21  -----------
lambda : 1.1049
max_diff => 0.116239
performed mixing
Frob norm 1 after updating U: 5.24462
200 iterations
f(b) = 34.2464
Frob norm 2 after updating B : 5.30654
Iteration number -------- 22  -----------
lambda : 1.11042
max_diff => 0.102896
performed mixing
Frob norm 1 after updating U: 5.20889
200 iterations
f(b) = 33.9499
Frob norm 2 after updating B : 5.27211
Iteration number -------- 23  -----------
lambda : 1.11597
max_diff => 0.102845
performed mixing
Frob norm 1 after updating U: 5.20872
200 iterations
f(b) = 33.7126
Frob norm 2 after updating B : 5.24964
Iteration number -------- 24  -----------
lambda : 1.12155
max_diff => 0.102232
performed mixing
Frob norm 1 after updating U: 5.20658
200 iterations
f(b) = 33.5727
Frob norm 2 after updating B : 5.23401
Iteration number -------- 25  -----------
lambda : 1.12716
max_diff => 0.101751
performed mixing
Frob norm 1 after updating U: 5.20482
200 iterations
f(b) = 33.1628
Frob norm 2 after updating B : 5.22402
Iteration number -------- 26  -----------
lambda : 1.1328
max_diff => 0.0932302
performed mixing
Frob norm 1 after updating U: 5.16959
200 iterations
f(b) = 33.022
Frob norm 2 after updating B : 5.20462
Iteration number -------- 27  -----------
lambda : 1.13846
max_diff => 0.0931281
performed mixing
Frob norm 1 after updating U: 5.16892
200 iterations
f(b) = 32.913
Frob norm 2 after updating B : 5.19192
Iteration number -------- 28  -----------
lambda : 1.14415
max_diff => 0.0929192
performed mixing
Frob norm 1 after updating U: 5.16809
200 iterations
f(b) = 32.5693
Frob norm 2 after updating B : 5.18396
Iteration number -------- 29  -----------
lambda : 1.14987
max_diff => 0.0839711
performed mixing
Frob norm 1 after updating U: 5.13252
200 iterations
f(b) = 32.4399
Frob norm 2 after updating B : 5.16574
Iteration number -------- 30  -----------
lambda : 1.15562
max_diff => 0.0838908
performed mixing
Frob norm 1 after updating U: 5.13225
200 iterations
f(b) = 32.3325
Frob norm 2 after updating B : 5.15397
Iteration number -------- 31  -----------
lambda : 1.1614
max_diff => 0.0836949
performed mixing
Frob norm 1 after updating U: 5.13177
200 iterations
f(b) = 32.272
Frob norm 2 after updating B : 5.14603
Iteration number -------- 32  -----------
lambda : 1.16721
max_diff => 0.0833659
performed mixing
Frob norm 1 after updating U: 5.13085
200 iterations
f(b) = 31.9327
Frob norm 2 after updating B : 5.13383
Iteration number -------- 33  -----------
lambda : 1.17304
max_diff => 0.0811048
performed mixing
Frob norm 1 after updating U: 5.08787
200 iterations
f(b) = 31.8201
Frob norm 2 after updating B : 5.11786
Iteration number -------- 34  -----------
lambda : 1.17891
max_diff => 0.0812378
performed mixing
Frob norm 1 after updating U: 5.08777
200 iterations
f(b) = 31.7294
Frob norm 2 after updating B : 5.10741
Iteration number -------- 35  -----------
lambda : 1.1848
max_diff => 0.0813664
performed mixing
Frob norm 1 after updating U: 5.08754
200 iterations
f(b) = 31.6808
Frob norm 2 after updating B : 5.10034
Iteration number -------- 36  -----------
lambda : 1.19073
max_diff => 0.0814976
performed mixing
Frob norm 1 after updating U: 5.08712
200 iterations
f(b) = 31.4334
Frob norm 2 after updating B : 5.09533
Iteration number -------- 37  -----------
lambda : 1.19668
max_diff => 0.0876339
performed mixing
Frob norm 1 after updating U: 5.06312
200 iterations
f(b) = 31.3774
Frob norm 2 after updating B : 5.08401
Iteration number -------- 38  -----------
lambda : 1.20266
max_diff => 0.0876732
performed mixing
Frob norm 1 after updating U: 5.06301
200 iterations
f(b) = 31.3219
Frob norm 2 after updating B : 5.07697
Iteration number -------- 39  -----------
lambda : 1.20868
max_diff => 0.0877385
performed mixing
Frob norm 1 after updating U: 5.06281
200 iterations
f(b) = 31.2887
Frob norm 2 after updating B : 5.07206
Iteration number -------- 40  -----------
lambda : 1.21472
max_diff => 0.087828
performed mixing
Frob norm 1 after updating U: 5.06235
200 iterations
f(b) = 31.2712
Frob norm 2 after updating B : 5.06857
Iteration number -------- 41  -----------
lambda : 1.22079
max_diff => 0.0879178
performed mixing
Frob norm 1 after updating U: 5.06189
200 iterations
f(b) = 31.2584
Frob norm 2 after updating B : 5.06583
Iteration number -------- 42  -----------
lambda : 1.2269
max_diff => 0.088078
performed mixing
Frob norm 1 after updating U: 5.06078
200 iterations
f(b) = 30.8516
Frob norm 2 after updating B : 5.07545
Iteration number -------- 43  -----------
lambda : 1.23303
max_diff => 0.09186
performed mixing
Frob norm 1 after updating U: 5.0277
200 iterations
f(b) = 27.4504
Frob norm 2 after updating B : 4.6462
Iteration number -------- 44  -----------
lambda : 1.2392
max_diff => 0.0930631
performed mixing
Frob norm 1 after updating U: 4.13258
200 iterations
f(b) = 19.5483
Frob norm 2 after updating B : 3.91591
Iteration number -------- 45  -----------
lambda : 1.24539
max_diff => 0.0861096
performed mixing
Frob norm 1 after updating U: 3.05949
200 iterations
f(b) = 16.096
Frob norm 2 after updating B : 3.56399
Iteration number -------- 46  -----------
lambda : 1.25162
max_diff => 0.0781126
performed mixing
Frob norm 1 after updating U: 2.77686
200 iterations
f(b) = 14.3354
Frob norm 2 after updating B : 3.30533
Iteration number -------- 47  -----------
lambda : 1.25788
max_diff => 0.0778668
performed mixing
Frob norm 1 after updating U: 2.77583
200 iterations
f(b) = 12.9029
Frob norm 2 after updating B : 3.2184
Iteration number -------- 48  -----------
lambda : 1.26417
max_diff => 0.0616582
performed mixing
Frob norm 1 after updating U: 2.71761
200 iterations
f(b) = 11.8988
Frob norm 2 after updating B : 3.04908
Iteration number -------- 49  -----------
lambda : 1.27049
max_diff => 0.061574
performed mixing
Frob norm 1 after updating U: 2.71752
200 iterations
f(b) = 11.2113
Frob norm 2 after updating B : 2.93725
Iteration number -------- 50  -----------
lambda : 1.27684
max_diff => 0.0611929
performed mixing
Frob norm 1 after updating U: 2.71689
200 iterations
f(b) = 10.4805
Frob norm 2 after updating B : 2.90547
Iteration number -------- 51  -----------
lambda : 1.28323
max_diff => 0.0553264
performed mixing
Frob norm 1 after updating U: 2.70633
200 iterations
f(b) = 9.96554
Frob norm 2 after updating B : 2.87104
Iteration number -------- 52  -----------
lambda : 1.28964
max_diff => 0.0532553
performed mixing
Frob norm 1 after updating U: 2.69981
200 iterations
f(b) = 9.66608
Frob norm 2 after updating B : 2.81029
Iteration number -------- 53  -----------
lambda : 1.29609
max_diff => 0.0532699
performed mixing
Frob norm 1 after updating U: 2.69967
200 iterations
f(b) = 9.46901
Frob norm 2 after updating B : 2.77136
Iteration number -------- 54  -----------
lambda : 1.30257
max_diff => 0.0532866
performed mixing
Frob norm 1 after updating U: 2.69961
200 iterations
f(b) = 9.32686
Frob norm 2 after updating B : 2.74597
Iteration number -------- 55  -----------
lambda : 1.30908
max_diff => 0.0533048
performed mixing
Frob norm 1 after updating U: 2.69944
200 iterations
f(b) = 9.24999
Frob norm 2 after updating B : 2.7294
Iteration number -------- 56  -----------
lambda : 1.31563
max_diff => 0.0533231
performed mixing
Frob norm 1 after updating U: 2.69937
200 iterations
f(b) = 9.19463
Frob norm 2 after updating B : 2.7186
Iteration number -------- 57  -----------
lambda : 1.32221
max_diff => 0.05334
performed mixing
Frob norm 1 after updating U: 2.6992
200 iterations
f(b) = 9.16742
Frob norm 2 after updating B : 2.7113
Iteration number -------- 58  -----------
lambda : 1.32882
max_diff => 0.0533657
performed mixing
Frob norm 1 after updating U: 2.69875
200 iterations
f(b) = 9.15564
Frob norm 2 after updating B : 2.70681
Iteration number -------- 59  -----------
lambda : 1.33546
max_diff => 0.0533808
performed mixing
Frob norm 1 after updating U: 2.69868
200 iterations
f(b) = 9.14261
Frob norm 2 after updating B : 2.7037
Iteration number -------- 60  -----------
lambda : 1.34214
max_diff => 0.0534
performed mixing
Frob norm 1 after updating U: 2.69842
200 iterations
f(b) = 9.14975
Frob norm 2 after updating B : 2.70162
Iteration number -------- 61  -----------
lambda : 1.34885
max_diff => 0.0534342
performed mixing
Frob norm 1 after updating U: 2.69819
200 iterations
f(b) = 9.1368
Frob norm 2 after updating B : 2.69939
Iteration number -------- 62  -----------
lambda : 1.35559
max_diff => 0.053504
performed mixing
Frob norm 1 after updating U: 2.69711
200 iterations
f(b) = 9.15665
Frob norm 2 after updating B : 2.69859
Iteration number -------- 63  -----------
lambda : 1.36237
max_diff => 0.053522
performed mixing
Frob norm 1 after updating U: 2.69709
200 iterations
f(b) = 9.16503
Frob norm 2 after updating B : 2.69814
Iteration number -------- 64  -----------
lambda : 1.36918
max_diff => 0.0535553
performed mixing
Frob norm 1 after updating U: 2.69715
200 iterations
f(b) = 9.1689
Frob norm 2 after updating B : 2.69759
Iteration number -------- 65  -----------
lambda : 1.37603
max_diff => 0.0535877
performed mixing
Frob norm 1 after updating U: 2.69692
200 iterations
f(b) = 9.1825
Frob norm 2 after updating B : 2.69722
Iteration number -------- 66  -----------
lambda : 1.38291
max_diff => 0.0536284
performed mixing
Frob norm 1 after updating U: 2.69677
200 iterations
f(b) = 9.18251
Frob norm 2 after updating B : 2.69679
Iteration number -------- 67  -----------
lambda : 1.38982
max_diff => 0.0536673
performed mixing
Frob norm 1 after updating U: 2.69649
200 iterations
f(b) = 9.19037
Frob norm 2 after updating B : 2.6962
Iteration number -------- 68  -----------
lambda : 1.39677
max_diff => 0.0537252
performed mixing
Frob norm 1 after updating U: 2.69599
200 iterations
f(b) = 9.20586
Frob norm 2 after updating B : 2.69601
Iteration number -------- 69  -----------
lambda : 1.40376
max_diff => 0.0537563
performed mixing
Frob norm 1 after updating U: 2.69586
200 iterations
f(b) = 9.2175
Frob norm 2 after updating B : 2.6959
Iteration number -------- 70  -----------
lambda : 1.41078
max_diff => 0.0537787
performed mixing
Frob norm 1 after updating U: 2.69579
200 iterations
f(b) = 9.17737
Frob norm 2 after updating B : 2.69551
Iteration number -------- 71  -----------
lambda : 1.41783
max_diff => 0.0537858
performed mixing
Frob norm 1 after updating U: 2.69544
200 iterations
f(b) = 9.22124
Frob norm 2 after updating B : 2.69532
Iteration number -------- 72  -----------
lambda : 1.42492
max_diff => 0.0538279
performed mixing
Frob norm 1 after updating U: 2.69526
200 iterations
f(b) = 9.23765
Frob norm 2 after updating B : 2.69513
Iteration number -------- 73  -----------
lambda : 1.43204
max_diff => 0.0538598
performed mixing
Frob norm 1 after updating U: 2.69508
200 iterations
f(b) = 9.24432
Frob norm 2 after updating B : 2.69505
Iteration number -------- 74  -----------
lambda : 1.4392
max_diff => 0.0538627
performed mixing
Frob norm 1 after updating U: 2.69502
200 iterations
f(b) = 9.25331
Frob norm 2 after updating B : 2.69491
Iteration number -------- 75  -----------
lambda : 1.4464
max_diff => 0.0538751
performed mixing
Frob norm 1 after updating U: 2.69489
200 iterations
f(b) = 9.27246
Frob norm 2 after updating B : 2.69477
Iteration number -------- 76  -----------
lambda : 1.45363
max_diff => 0.0539043
performed mixing
Frob norm 1 after updating U: 2.69475
200 iterations
f(b) = 9.28489
Frob norm 2 after updating B : 2.69453
Iteration number -------- 77  -----------
lambda : 1.4609
max_diff => 0.0539164
performed mixing
Frob norm 1 after updating U: 2.69452
200 iterations
f(b) = 9.29464
Frob norm 2 after updating B : 2.69451
Iteration number -------- 78  -----------
lambda : 1.46821
max_diff => 0.0539441
performed mixing
Frob norm 1 after updating U: 2.69449
200 iterations
f(b) = 9.30761
Frob norm 2 after updating B : 2.69445
Iteration number -------- 79  -----------
lambda : 1.47555
max_diff => 0.0539521
performed mixing
Frob norm 1 after updating U: 2.69444
200 iterations
f(b) = 9.3173
Frob norm 2 after updating B : 2.69427
Iteration number -------- 80  -----------
lambda : 1.48292
max_diff => 0.0539736
performed mixing
Frob norm 1 after updating U: 2.69426
200 iterations
f(b) = 9.3201
Frob norm 2 after updating B : 2.69403
Iteration number -------- 81  -----------
lambda : 1.49034
max_diff => 0.0540048
performed mixing
Frob norm 1 after updating U: 2.69402
200 iterations
f(b) = 9.31501
Frob norm 2 after updating B : 2.69404
Iteration number -------- 82  -----------
lambda : 1.49779
max_diff => 0.0540005
performed mixing
Frob norm 1 after updating U: 2.69403
200 iterations
f(b) = 9.3209
Frob norm 2 after updating B : 2.6941
Iteration number -------- 83  -----------
lambda : 1.50528
max_diff => 0.0539828
performed mixing
Frob norm 1 after updating U: 2.6941
200 iterations
f(b) = 9.35691
Frob norm 2 after updating B : 2.69397
Iteration number -------- 84  -----------
lambda : 1.51281
max_diff => 0.0539945
performed mixing
Frob norm 1 after updating U: 2.69397
200 iterations
f(b) = 9.35899
Frob norm 2 after updating B : 2.69369
Iteration number -------- 85  -----------
lambda : 1.52037
max_diff => 0.0540324
performed mixing
Frob norm 1 after updating U: 2.69368
200 iterations
f(b) = 9.37838
Frob norm 2 after updating B : 2.69379
Iteration number -------- 86  -----------
lambda : 1.52797
max_diff => 0.0540459
performed mixing
Frob norm 1 after updating U: 2.69378
200 iterations
f(b) = 9.38653
Frob norm 2 after updating B : 2.69367
Iteration number -------- 87  -----------
lambda : 1.53561
max_diff => 0.0540569
performed mixing
Frob norm 1 after updating U: 2.69366
200 iterations
f(b) = 9.40194
Frob norm 2 after updating B : 2.69367
Iteration number -------- 88  -----------
lambda : 1.54329
max_diff => 0.0540544
performed mixing
Frob norm 1 after updating U: 2.69367
200 iterations
f(b) = 9.403
Frob norm 2 after updating B : 2.69359
Iteration number -------- 89  -----------
lambda : 1.55101
max_diff => 0.0540713
performed mixing
Frob norm 1 after updating U: 2.69359
200 iterations
f(b) = 9.41254
Frob norm 2 after updating B : 2.69346
Iteration number -------- 90  -----------
lambda : 1.55876
max_diff => 0.0540693
performed mixing
Frob norm 1 after updating U: 2.69346
200 iterations
f(b) = 9.4282
Frob norm 2 after updating B : 2.69346
Iteration number -------- 91  -----------
lambda : 1.56655
max_diff => 0.054093
performed mixing
Frob norm 1 after updating U: 2.69345
200 iterations
f(b) = 9.44919
Frob norm 2 after updating B : 2.69335
Iteration number -------- 92  -----------
lambda : 1.57439
max_diff => 0.0541623
performed mixing
Frob norm 1 after updating U: 2.69335
200 iterations
f(b) = 9.41894
Frob norm 2 after updating B : 2.6933
Iteration number -------- 93  -----------
lambda : 1.58226
max_diff => 0.054181
performed mixing
Frob norm 1 after updating U: 2.6933
200 iterations
f(b) = 9.46189
Frob norm 2 after updating B : 2.69328
Iteration number -------- 94  -----------
lambda : 1.59017
max_diff => 0.0542115
performed mixing
Frob norm 1 after updating U: 2.69328
200 iterations
f(b) = 9.41245
Frob norm 2 after updating B : 2.69285
Iteration number -------- 95  -----------
lambda : 1.59812
max_diff => 0.0542548
performed mixing
Frob norm 1 after updating U: 2.69284
200 iterations
f(b) = 9.47655
Frob norm 2 after updating B : 2.69318
Iteration number -------- 96  -----------
lambda : 1.60611
max_diff => 0.0542832
performed mixing
Frob norm 1 after updating U: 2.69318
200 iterations
f(b) = 9.48859
Frob norm 2 after updating B : 2.6931
Iteration number -------- 97  -----------
lambda : 1.61414
max_diff => 0.0542727
performed mixing
Frob norm 1 after updating U: 2.6931
200 iterations
f(b) = 9.50156
Frob norm 2 after updating B : 2.69307
Iteration number -------- 98  -----------
lambda : 1.62221
max_diff => 0.0543092
performed mixing
Frob norm 1 after updating U: 2.69307
200 iterations
f(b) = 9.47959
Frob norm 2 after updating B : 2.69276
Iteration number -------- 99  -----------
lambda : 1.63032
max_diff => 0.0543606
performed mixing
Frob norm 1 after updating U: 2.69275
200 iterations
f(b) = 9.52745
Frob norm 2 after updating B : 2.69295
Iteration number -------- 100  -----------
lambda : 1.63848
max_diff => 0.0543908
