Academic license - for non-commercial use only
Frob norm 1 after updating U: 12.0244
200 iterations
f(b) = 95.7381
Frob norm 2 after updating B : 8.91743
Iteration number -------- 1  -----------
lambda : 1
max_diff => 0.181214
performed mixing
Frob norm 1 after updating U: 7.93047
200 iterations
f(b) = 82.9975
Frob norm 2 after updating B : 8.33969
Iteration number -------- 2  -----------
lambda : 1.005
max_diff => 0.162301
performed mixing
Frob norm 1 after updating U: 6.74957
200 iterations
f(b) = 73.0874
Frob norm 2 after updating B : 7.79631
Iteration number -------- 3  -----------
lambda : 1.01002
max_diff => 0.153135
performed mixing
Frob norm 1 after updating U: 6.35371
200 iterations
f(b) = 64.1603
Frob norm 2 after updating B : 7.3798
Iteration number -------- 4  -----------
lambda : 1.01508
max_diff => 0.13136
performed mixing
Frob norm 1 after updating U: 5.79836
200 iterations
f(b) = 56.2321
Frob norm 2 after updating B : 6.9145
Iteration number -------- 5  -----------
lambda : 1.02015
max_diff => 0.117003
performed mixing
Frob norm 1 after updating U: 5.54928
200 iterations
f(b) = 49.6755
Frob norm 2 after updating B : 6.52778
Iteration number -------- 6  -----------
lambda : 1.02525
max_diff => 0.0894018
performed mixing
Frob norm 1 after updating U: 5.38357
200 iterations
f(b) = 44.5748
Frob norm 2 after updating B : 6.20585
Iteration number -------- 7  -----------
lambda : 1.03038
max_diff => 0.0642899
performed mixing
Frob norm 1 after updating U: 5.28122
200 iterations
f(b) = 40.7977
Frob norm 2 after updating B : 5.91343
Iteration number -------- 8  -----------
lambda : 1.03553
max_diff => 0.0626406
performed mixing
Frob norm 1 after updating U: 5.26645
200 iterations
f(b) = 37.9211
Frob norm 2 after updating B : 5.7351
Iteration number -------- 9  -----------
lambda : 1.04071
max_diff => 0.0511409
performed mixing
Frob norm 1 after updating U: 5.16832
200 iterations
f(b) = 31.395
Frob norm 2 after updating B : 5.20252
Iteration number -------- 10  -----------
lambda : 1.04591
max_diff => 0.0404334
performed mixing
Frob norm 1 after updating U: 4.48626
200 iterations
f(b) = 28.7537
Frob norm 2 after updating B : 4.99969
Iteration number -------- 11  -----------
lambda : 1.05114
max_diff => 0.0381968
performed mixing
Frob norm 1 after updating U: 4.44001
200 iterations
f(b) = 26.7649
Frob norm 2 after updating B : 4.82564
Iteration number -------- 12  -----------
lambda : 1.0564
max_diff => 0.0364579
performed mixing
Frob norm 1 after updating U: 4.39757
200 iterations
f(b) = 41.9112
Frob norm 2 after updating B : 5.0119
Iteration number -------- 13  -----------
lambda : 1.06168
max_diff => 0.0844223
performed mixing
Frob norm 1 after updating U: 4.64758
200 iterations
f(b) = 23.9832
Frob norm 2 after updating B : 4.60432
Iteration number -------- 14  -----------
lambda : 1.06699
max_diff => 0.0283938
performed mixing
Frob norm 1 after updating U: 4.29772
200 iterations
f(b) = 22.0112
Frob norm 2 after updating B : 4.44813
Iteration number -------- 15  -----------
lambda : 1.07232
max_diff => 0.054194
performed mixing
Frob norm 1 after updating U: 4.05879
200 iterations
f(b) = 20.7683
Frob norm 2 after updating B : 4.32057
Iteration number -------- 16  -----------
lambda : 1.07768
max_diff => 0.053131
performed mixing
Frob norm 1 after updating U: 4.05606
200 iterations
f(b) = 19.9925
Frob norm 2 after updating B : 4.22881
Iteration number -------- 17  -----------
lambda : 1.08307
max_diff => 0.0530391
performed mixing
Frob norm 1 after updating U: 4.05498
200 iterations
f(b) = 19.2972
Frob norm 2 after updating B : 4.1701
Iteration number -------- 18  -----------
lambda : 1.08849
max_diff => 0.0531857
performed mixing
Frob norm 1 after updating U: 4.02634
200 iterations
f(b) = 18.919
Frob norm 2 after updating B : 4.11931
Iteration number -------- 19  -----------
lambda : 1.09393
max_diff => 0.0533047
performed mixing
Frob norm 1 after updating U: 4.02492
200 iterations
f(b) = 18.3983
Frob norm 2 after updating B : 4.03875
Iteration number -------- 20  -----------
lambda : 1.0994
max_diff => 0.0632104
performed mixing
Frob norm 1 after updating U: 3.93278
200 iterations
f(b) = 15.4281
Frob norm 2 after updating B : 3.6039
Iteration number -------- 21  -----------
lambda : 1.1049
max_diff => 0.0922329
performed mixing
Frob norm 1 after updating U: 3.21731
200 iterations
f(b) = 12.361
Frob norm 2 after updating B : 3.29053
Iteration number -------- 22  -----------
lambda : 1.11042
max_diff => 0.0394007
performed mixing
Frob norm 1 after updating U: 2.79969
200 iterations
f(b) = 11.2398
Frob norm 2 after updating B : 3.13808
Iteration number -------- 23  -----------
lambda : 1.11597
max_diff => 0.0390446
performed mixing
Frob norm 1 after updating U: 2.80121
200 iterations
f(b) = 10.5785
Frob norm 2 after updating B : 3.02554
Iteration number -------- 24  -----------
lambda : 1.12155
max_diff => 0.0390547
performed mixing
Frob norm 1 after updating U: 2.80104
200 iterations
f(b) = 10.09
Frob norm 2 after updating B : 2.95095
Iteration number -------- 25  -----------
lambda : 1.12716
max_diff => 0.0394458
performed mixing
Frob norm 1 after updating U: 2.79755
200 iterations
f(b) = 9.76125
Frob norm 2 after updating B : 2.899
Iteration number -------- 26  -----------
lambda : 1.1328
max_diff => 0.0396608
performed mixing
Frob norm 1 after updating U: 2.79617
200 iterations
f(b) = 9.6016
Frob norm 2 after updating B : 2.86385
Iteration number -------- 27  -----------
lambda : 1.13846
max_diff => 0.0399286
performed mixing
Frob norm 1 after updating U: 2.79413
200 iterations
f(b) = 9.32107
Frob norm 2 after updating B : 2.83111
Iteration number -------- 28  -----------
lambda : 1.14415
max_diff => 0.0448044
performed mixing
Frob norm 1 after updating U: 2.76185
200 iterations
f(b) = 9.23828
Frob norm 2 after updating B : 2.80622
Iteration number -------- 29  -----------
lambda : 1.14987
max_diff => 0.044885
performed mixing
Frob norm 1 after updating U: 2.76129
200 iterations
f(b) = 9.1605
Frob norm 2 after updating B : 2.78977
Iteration number -------- 30  -----------
lambda : 1.15562
max_diff => 0.0449561
performed mixing
Frob norm 1 after updating U: 2.76075
200 iterations
f(b) = 9.10512
Frob norm 2 after updating B : 2.77881
Iteration number -------- 31  -----------
lambda : 1.1614
max_diff => 0.0450509
performed mixing
Frob norm 1 after updating U: 2.75999
200 iterations
f(b) = 9.06951
Frob norm 2 after updating B : 2.77081
Iteration number -------- 32  -----------
lambda : 1.16721
max_diff => 0.0452593
performed mixing
Frob norm 1 after updating U: 2.75846
200 iterations
f(b) = 9.05598
Frob norm 2 after updating B : 2.76584
Iteration number -------- 33  -----------
lambda : 1.17304
max_diff => 0.0453288
performed mixing
Frob norm 1 after updating U: 2.75781
200 iterations
f(b) = 9.03707
Frob norm 2 after updating B : 2.76155
Iteration number -------- 34  -----------
lambda : 1.17891
max_diff => 0.0454927
performed mixing
Frob norm 1 after updating U: 2.75621
200 iterations
f(b) = 9.03108
Frob norm 2 after updating B : 2.75834
Iteration number -------- 35  -----------
lambda : 1.1848
max_diff => 0.0456422
performed mixing
Frob norm 1 after updating U: 2.75477
200 iterations
f(b) = 9.04534
Frob norm 2 after updating B : 2.75657
Iteration number -------- 36  -----------
lambda : 1.19073
max_diff => 0.0457056
performed mixing
Frob norm 1 after updating U: 2.75423
200 iterations
f(b) = 9.04573
Frob norm 2 after updating B : 2.75507
Iteration number -------- 37  -----------
lambda : 1.19668
max_diff => 0.0457815
performed mixing
Frob norm 1 after updating U: 2.75351
200 iterations
f(b) = 8.94754
Frob norm 2 after updating B : 2.72889
Iteration number -------- 38  -----------
lambda : 1.20266
max_diff => 0.0492212
performed mixing
Frob norm 1 after updating U: 2.72329
200 iterations
f(b) = 9.00564
Frob norm 2 after updating B : 2.72688
Iteration number -------- 39  -----------
lambda : 1.20868
max_diff => 0.0492432
performed mixing
Frob norm 1 after updating U: 2.72321
200 iterations
f(b) = 9.01266
Frob norm 2 after updating B : 2.72543
Iteration number -------- 40  -----------
lambda : 1.21472
max_diff => 0.0492775
performed mixing
Frob norm 1 after updating U: 2.72302
200 iterations
f(b) = 9.00463
Frob norm 2 after updating B : 2.72436
Iteration number -------- 41  -----------
lambda : 1.22079
max_diff => 0.0493048
performed mixing
Frob norm 1 after updating U: 2.72276
200 iterations
f(b) = 9.01736
Frob norm 2 after updating B : 2.7236
Iteration number -------- 42  -----------
lambda : 1.2269
max_diff => 0.0493391
performed mixing
Frob norm 1 after updating U: 2.72252
200 iterations
f(b) = 9.02248
Frob norm 2 after updating B : 2.72286
Iteration number -------- 43  -----------
lambda : 1.23303
max_diff => 0.0494061
performed mixing
Frob norm 1 after updating U: 2.72211
200 iterations
f(b) = 9.02765
Frob norm 2 after updating B : 2.72221
Iteration number -------- 44  -----------
lambda : 1.2392
max_diff => 0.0494726
performed mixing
Frob norm 1 after updating U: 2.72168
200 iterations
f(b) = 9.03794
Frob norm 2 after updating B : 2.72184
Iteration number -------- 45  -----------
lambda : 1.24539
max_diff => 0.049497
performed mixing
Frob norm 1 after updating U: 2.72148
200 iterations
f(b) = 9.03527
Frob norm 2 after updating B : 2.72048
Iteration number -------- 46  -----------
lambda : 1.25162
max_diff => 0.0496518
performed mixing
Frob norm 1 after updating U: 2.72017
200 iterations
f(b) = 9.0503
Frob norm 2 after updating B : 2.72024
Iteration number -------- 47  -----------
lambda : 1.25788
max_diff => 0.0496934
performed mixing
Frob norm 1 after updating U: 2.72003
200 iterations
f(b) = 9.05917
Frob norm 2 after updating B : 2.71987
Iteration number -------- 48  -----------
lambda : 1.26417
max_diff => 0.0497358
performed mixing
Frob norm 1 after updating U: 2.71971
200 iterations
f(b) = 9.0603
Frob norm 2 after updating B : 2.71928
Iteration number -------- 49  -----------
lambda : 1.27049
max_diff => 0.049853
performed mixing
Frob norm 1 after updating U: 2.71915
200 iterations
f(b) = 9.00464
Frob norm 2 after updating B : 2.71654
Iteration number -------- 50  -----------
lambda : 1.27684
max_diff => 0.0500792
performed mixing
Frob norm 1 after updating U: 2.71637
200 iterations
f(b) = 9.04767
Frob norm 2 after updating B : 2.7168
Iteration number -------- 51  -----------
lambda : 1.28323
max_diff => 0.050251
performed mixing
Frob norm 1 after updating U: 2.71666
200 iterations
f(b) = 9.08645
Frob norm 2 after updating B : 2.71649
Iteration number -------- 52  -----------
lambda : 1.28964
max_diff => 0.050311
performed mixing
Frob norm 1 after updating U: 2.71638
200 iterations
f(b) = 9.09057
Frob norm 2 after updating B : 2.71606
Iteration number -------- 53  -----------
lambda : 1.29609
max_diff => 0.0504052
performed mixing
Frob norm 1 after updating U: 2.71597
200 iterations
f(b) = 9.09073
Frob norm 2 after updating B : 2.7151
Iteration number -------- 54  -----------
lambda : 1.30257
max_diff => 0.0505302
performed mixing
Frob norm 1 after updating U: 2.71501
200 iterations
f(b) = 9.10416
Frob norm 2 after updating B : 2.71482
Iteration number -------- 55  -----------
lambda : 1.30908
max_diff => 0.0506188
performed mixing
Frob norm 1 after updating U: 2.71475
200 iterations
f(b) = 9.10483
Frob norm 2 after updating B : 2.71431
Iteration number -------- 56  -----------
lambda : 1.31563
max_diff => 0.0506977
performed mixing
Frob norm 1 after updating U: 2.71426
200 iterations
f(b) = 9.11892
Frob norm 2 after updating B : 2.71406
Iteration number -------- 57  -----------
lambda : 1.32221
max_diff => 0.050758
performed mixing
Frob norm 1 after updating U: 2.71402
200 iterations
f(b) = 9.13482
Frob norm 2 after updating B : 2.71379
Iteration number -------- 58  -----------
lambda : 1.32882
max_diff => 0.0508011
performed mixing
Frob norm 1 after updating U: 2.71376
200 iterations
f(b) = 9.06493
Frob norm 2 after updating B : 2.70555
Iteration number -------- 59  -----------
lambda : 1.33546
max_diff => 0.0523878
performed mixing
Frob norm 1 after updating U: 2.70488
200 iterations
f(b) = 9.14136
Frob norm 2 after updating B : 2.7052
Iteration number -------- 60  -----------
lambda : 1.34214
max_diff => 0.0524151
performed mixing
Frob norm 1 after updating U: 2.70476
200 iterations
f(b) = 9.14349
Frob norm 2 after updating B : 2.70486
Iteration number -------- 61  -----------
lambda : 1.34885
max_diff => 0.0524561
performed mixing
Frob norm 1 after updating U: 2.70455
200 iterations
f(b) = 9.15077
Frob norm 2 after updating B : 2.70441
Iteration number -------- 62  -----------
lambda : 1.35559
max_diff => 0.052503
performed mixing
Frob norm 1 after updating U: 2.7042
200 iterations
f(b) = 9.18951
Frob norm 2 after updating B : 2.70439
Iteration number -------- 63  -----------
lambda : 1.36237
max_diff => 0.052634
performed mixing
Frob norm 1 after updating U: 2.70423
200 iterations
f(b) = 9.13853
Frob norm 2 after updating B : 2.70379
Iteration number -------- 64  -----------
lambda : 1.36918
max_diff => 0.0527052
performed mixing
Frob norm 1 after updating U: 2.70368
200 iterations
f(b) = 9.17887
Frob norm 2 after updating B : 2.70361
Iteration number -------- 65  -----------
lambda : 1.37603
max_diff => 0.0527325
performed mixing
Frob norm 1 after updating U: 2.70353
200 iterations
f(b) = 9.1519
Frob norm 2 after updating B : 2.7032
Iteration number -------- 66  -----------
lambda : 1.38291
max_diff => 0.0528369
performed mixing
Frob norm 1 after updating U: 2.70313
200 iterations
f(b) = 9.18828
Frob norm 2 after updating B : 2.70259
Iteration number -------- 67  -----------
lambda : 1.38982
max_diff => 0.052936
performed mixing
Frob norm 1 after updating U: 2.70253
200 iterations
f(b) = 9.20279
Frob norm 2 after updating B : 2.7025
Iteration number -------- 68  -----------
lambda : 1.39677
max_diff => 0.0529607
performed mixing
Frob norm 1 after updating U: 2.70246
200 iterations
f(b) = 9.20419
Frob norm 2 after updating B : 2.70218
Iteration number -------- 69  -----------
lambda : 1.40376
max_diff => 0.0530109
performed mixing
Frob norm 1 after updating U: 2.70214
200 iterations
f(b) = 9.21089
Frob norm 2 after updating B : 2.70205
Iteration number -------- 70  -----------
lambda : 1.41078
max_diff => 0.0530746
performed mixing
Frob norm 1 after updating U: 2.70202
200 iterations
f(b) = 9.22471
Frob norm 2 after updating B : 2.70162
Iteration number -------- 71  -----------
lambda : 1.41783
max_diff => 0.0530943
performed mixing
Frob norm 1 after updating U: 2.7016
200 iterations
f(b) = 9.2385
Frob norm 2 after updating B : 2.70155
Iteration number -------- 72  -----------
lambda : 1.42492
max_diff => 0.0531448
performed mixing
Frob norm 1 after updating U: 2.70153
200 iterations
f(b) = 9.23785
Frob norm 2 after updating B : 2.70106
Iteration number -------- 73  -----------
lambda : 1.43204
max_diff => 0.0531776
performed mixing
Frob norm 1 after updating U: 2.70104
200 iterations
f(b) = 9.26052
Frob norm 2 after updating B : 2.70104
Iteration number -------- 74  -----------
lambda : 1.4392
max_diff => 0.0532036
performed mixing
Frob norm 1 after updating U: 2.70102
200 iterations
f(b) = 9.27039
Frob norm 2 after updating B : 2.70098
Iteration number -------- 75  -----------
lambda : 1.4464
max_diff => 0.0532329
performed mixing
Frob norm 1 after updating U: 2.70097
200 iterations
f(b) = 9.22364
Frob norm 2 after updating B : 2.70081
Iteration number -------- 76  -----------
lambda : 1.45363
max_diff => 0.0532779
performed mixing
Frob norm 1 after updating U: 2.7008
200 iterations
f(b) = 9.29494
Frob norm 2 after updating B : 2.70072
Iteration number -------- 77  -----------
lambda : 1.4609
max_diff => 0.0533037
performed mixing
Frob norm 1 after updating U: 2.70071
200 iterations
f(b) = 9.25993
Frob norm 2 after updating B : 2.70021
Iteration number -------- 78  -----------
lambda : 1.46821
max_diff => 0.0533918
performed mixing
Frob norm 1 after updating U: 2.7002
200 iterations
f(b) = 9.29458
Frob norm 2 after updating B : 2.69998
Iteration number -------- 79  -----------
lambda : 1.47555
max_diff => 0.0534544
performed mixing
Frob norm 1 after updating U: 2.69997
200 iterations
f(b) = 9.32339
Frob norm 2 after updating B : 2.69978
Iteration number -------- 80  -----------
lambda : 1.48292
max_diff => 0.0534828
performed mixing
Frob norm 1 after updating U: 2.69977
200 iterations
f(b) = 9.32183
Frob norm 2 after updating B : 2.69978
Iteration number -------- 81  -----------
lambda : 1.49034
max_diff => 0.053495
performed mixing
Frob norm 1 after updating U: 2.69977
200 iterations
f(b) = 9.34322
Frob norm 2 after updating B : 2.69966
Iteration number -------- 82  -----------
lambda : 1.49779
max_diff => 0.0535265
performed mixing
Frob norm 1 after updating U: 2.69965
200 iterations
f(b) = 9.35243
Frob norm 2 after updating B : 2.69962
Iteration number -------- 83  -----------
lambda : 1.50528
max_diff => 0.0535429
performed mixing
Frob norm 1 after updating U: 2.69961
200 iterations
f(b) = 9.36563
Frob norm 2 after updating B : 2.69696
Iteration number -------- 84  -----------
lambda : 1.51281
max_diff => 0.053683
performed mixing
Frob norm 1 after updating U: 2.69689
200 iterations
f(b) = 9.36513
Frob norm 2 after updating B : 2.69708
Iteration number -------- 85  -----------
lambda : 1.52037
max_diff => 0.0537354
performed mixing
Frob norm 1 after updating U: 2.69705
200 iterations
f(b) = 9.37695
Frob norm 2 after updating B : 2.69739
Iteration number -------- 86  -----------
lambda : 1.52797
max_diff => 0.0537538
performed mixing
Frob norm 1 after updating U: 2.69737
200 iterations
f(b) = 9.38866
Frob norm 2 after updating B : 2.69811
Iteration number -------- 87  -----------
lambda : 1.53561
max_diff => 0.0537756
performed mixing
Frob norm 1 after updating U: 2.6981
200 iterations
f(b) = 9.34274
Frob norm 2 after updating B : 2.69766
Iteration number -------- 88  -----------
lambda : 1.54329
max_diff => 0.0538553
performed mixing
Frob norm 1 after updating U: 2.69765
200 iterations
f(b) = 9.33562
Frob norm 2 after updating B : 2.6984
Iteration number -------- 89  -----------
lambda : 1.55101
max_diff => 0.0539054
performed mixing
Frob norm 1 after updating U: 2.69839
200 iterations
f(b) = 9.41907
Frob norm 2 after updating B : 2.69837
Iteration number -------- 90  -----------
lambda : 1.55876
max_diff => 0.0539405
performed mixing
Frob norm 1 after updating U: 2.69836
200 iterations
f(b) = 9.42647
Frob norm 2 after updating B : 2.69815
Iteration number -------- 91  -----------
lambda : 1.56655
max_diff => 0.0539713
performed mixing
Frob norm 1 after updating U: 2.69814
200 iterations
f(b) = 9.43755
Frob norm 2 after updating B : 2.69823
Iteration number -------- 92  -----------
lambda : 1.57439
max_diff => 0.0539923
performed mixing
Frob norm 1 after updating U: 2.69822
200 iterations
f(b) = 9.44967
Frob norm 2 after updating B : 2.69818
Iteration number -------- 93  -----------
lambda : 1.58226
max_diff => 0.0540167
performed mixing
Frob norm 1 after updating U: 2.69818
200 iterations
f(b) = 9.45765
Frob norm 2 after updating B : 2.69808
Iteration number -------- 94  -----------
lambda : 1.59017
max_diff => 0.054048
performed mixing
Frob norm 1 after updating U: 2.69807
200 iterations
f(b) = 9.45299
Frob norm 2 after updating B : 2.69779
Iteration number -------- 95  -----------
lambda : 1.59812
max_diff => 0.0540502
performed mixing
Frob norm 1 after updating U: 2.69778
200 iterations
f(b) = 9.48649
Frob norm 2 after updating B : 2.69796
Iteration number -------- 96  -----------
lambda : 1.60611
max_diff => 0.0540657
performed mixing
Frob norm 1 after updating U: 2.69796
200 iterations
f(b) = 9.49571
Frob norm 2 after updating B : 2.69783
Iteration number -------- 97  -----------
lambda : 1.61414
max_diff => 0.0540834
performed mixing
Frob norm 1 after updating U: 2.69783
200 iterations
f(b) = 9.41203
Frob norm 2 after updating B : 2.69759
Iteration number -------- 98  -----------
lambda : 1.62221
max_diff => 0.0540862
performed mixing
Frob norm 1 after updating U: 2.69758
200 iterations
f(b) = 9.5225
Frob norm 2 after updating B : 2.69773
Iteration number -------- 99  -----------
lambda : 1.63032
max_diff => 0.0540973
performed mixing
Frob norm 1 after updating U: 2.69773
200 iterations
f(b) = 9.47182
Frob norm 2 after updating B : 2.69682
Iteration number -------- 100  -----------
lambda : 1.63848
max_diff => 0.0543718
