Academic license - for non-commercial use only
Frob norm 1 after updating U: 11.4682
200 iterations
f(b) = 59.9464
Frob norm 2 after updating B : 7.42841
Iteration number -------- 1  -----------
lambda : 1
max_diff => 0.0753344
performed mixing
Frob norm 1 after updating U: 6.36956
200 iterations
f(b) = 54.3054
Frob norm 2 after updating B : 7.06269
Iteration number -------- 2  -----------
lambda : 1.005
max_diff => 0.0727951
performed mixing
Frob norm 1 after updating U: 6.19063
200 iterations
f(b) = 49.8521
Frob norm 2 after updating B : 6.76555
Iteration number -------- 3  -----------
lambda : 1.01002
max_diff => 0.0690193
performed mixing
Frob norm 1 after updating U: 6.045
200 iterations
f(b) = 46.3269
Frob norm 2 after updating B : 6.52454
Iteration number -------- 4  -----------
lambda : 1.01508
max_diff => 0.0640854
performed mixing
Frob norm 1 after updating U: 5.93616
200 iterations
f(b) = 43.5515
Frob norm 2 after updating B : 6.32941
Iteration number -------- 5  -----------
lambda : 1.02015
max_diff => 0.0603341
performed mixing
Frob norm 1 after updating U: 5.86195
200 iterations
f(b) = 41.3779
Frob norm 2 after updating B : 6.1783
Iteration number -------- 6  -----------
lambda : 1.02525
max_diff => 0.0582124
performed mixing
Frob norm 1 after updating U: 5.79881
200 iterations
f(b) = 39.6535
Frob norm 2 after updating B : 6.05915
Iteration number -------- 7  -----------
lambda : 1.03038
max_diff => 0.0583621
performed mixing
Frob norm 1 after updating U: 5.75276
200 iterations
f(b) = 38.3475
Frob norm 2 after updating B : 5.95808
Iteration number -------- 8  -----------
lambda : 1.03553
max_diff => 0.0585467
performed mixing
Frob norm 1 after updating U: 5.72911
200 iterations
f(b) = 37.3647
Frob norm 2 after updating B : 5.88072
Iteration number -------- 9  -----------
lambda : 1.04071
max_diff => 0.0586307
performed mixing
Frob norm 1 after updating U: 5.71211
200 iterations
f(b) = 36.691
Frob norm 2 after updating B : 5.82349
Iteration number -------- 10  -----------
lambda : 1.04591
max_diff => 0.0585516
performed mixing
Frob norm 1 after updating U: 5.70236
200 iterations
f(b) = 36.2151
Frob norm 2 after updating B : 5.78158
Iteration number -------- 11  -----------
lambda : 1.05114
max_diff => 0.0590063
performed mixing
Frob norm 1 after updating U: 5.6962
200 iterations
f(b) = 35.8711
Frob norm 2 after updating B : 5.74851
Iteration number -------- 12  -----------
lambda : 1.0564
max_diff => 0.0600047
performed mixing
Frob norm 1 after updating U: 5.68237
200 iterations
f(b) = 35.6153
Frob norm 2 after updating B : 5.72273
Iteration number -------- 13  -----------
lambda : 1.06168
max_diff => 0.0606697
performed mixing
Frob norm 1 after updating U: 5.67161
200 iterations
f(b) = 35.439
Frob norm 2 after updating B : 5.70501
Iteration number -------- 14  -----------
lambda : 1.06699
max_diff => 0.0609013
performed mixing
Frob norm 1 after updating U: 5.66854
200 iterations
f(b) = 35.2855
Frob norm 2 after updating B : 5.68749
Iteration number -------- 15  -----------
lambda : 1.07232
max_diff => 0.0615276
performed mixing
Frob norm 1 after updating U: 5.65473
200 iterations
f(b) = 35.1805
Frob norm 2 after updating B : 5.67567
Iteration number -------- 16  -----------
lambda : 1.07768
max_diff => 0.0616026
performed mixing
Frob norm 1 after updating U: 5.65275
200 iterations
f(b) = 35.1008
Frob norm 2 after updating B : 5.6666
Iteration number -------- 17  -----------
lambda : 1.08307
max_diff => 0.0617141
performed mixing
Frob norm 1 after updating U: 5.64979
200 iterations
f(b) = 35.062
Frob norm 2 after updating B : 5.66061
Iteration number -------- 18  -----------
lambda : 1.08849
max_diff => 0.0617599
performed mixing
Frob norm 1 after updating U: 5.64875
200 iterations
f(b) = 34.9738
Frob norm 2 after updating B : 5.64609
Iteration number -------- 19  -----------
lambda : 1.09393
max_diff => 0.0623355
performed mixing
Frob norm 1 after updating U: 5.62679
200 iterations
f(b) = 31.9615
Frob norm 2 after updating B : 5.26186
Iteration number -------- 20  -----------
lambda : 1.0994
max_diff => 0.0623633
performed mixing
Frob norm 1 after updating U: 4.66053
200 iterations
f(b) = 26.2355
Frob norm 2 after updating B : 4.83058
Iteration number -------- 21  -----------
lambda : 1.1049
max_diff => 0.0624999
performed mixing
Frob norm 1 after updating U: 4.38121
200 iterations
f(b) = 24.6684
Frob norm 2 after updating B : 4.69855
Iteration number -------- 22  -----------
lambda : 1.11042
max_diff => 0.0626115
performed mixing
Frob norm 1 after updating U: 4.33957
200 iterations
f(b) = 20.6735
Frob norm 2 after updating B : 4.18581
Iteration number -------- 23  -----------
lambda : 1.11597
max_diff => 0.718152
performed mixing
Frob norm 1 after updating U: 2.81975
200 iterations
f(b) = 16.9905
Frob norm 2 after updating B : 3.79621
Iteration number -------- 24  -----------
lambda : 1.12155
max_diff => 0.105405
performed mixing
Frob norm 1 after updating U: 2.3284
200 iterations
f(b) = 13.3847
Frob norm 2 after updating B : 3.33768
Iteration number -------- 25  -----------
lambda : 1.12716
max_diff => 0.0961288
performed mixing
Frob norm 1 after updating U: 1.84493
200 iterations
f(b) = 10.3562
Frob norm 2 after updating B : 2.85025
Iteration number -------- 26  -----------
lambda : 1.1328
max_diff => 0.126795
performed mixing
Frob norm 1 after updating U: 1.51367
200 iterations
f(b) = 8.31927
Frob norm 2 after updating B : 2.47264
Iteration number -------- 27  -----------
lambda : 1.13846
max_diff => 0.1244
performed mixing
Frob norm 1 after updating U: 1.29898
200 iterations
f(b) = 6.7983
Frob norm 2 after updating B : 2.18858
Iteration number -------- 28  -----------
lambda : 1.14415
max_diff => 0.102652
performed mixing
Frob norm 1 after updating U: 1.06562
200 iterations
f(b) = 5.58005
Frob norm 2 after updating B : 1.94033
Iteration number -------- 29  -----------
lambda : 1.14987
max_diff => 0.0844073
performed mixing
Frob norm 1 after updating U: 0.89187
200 iterations
f(b) = 4.61492
Frob norm 2 after updating B : 1.71278
Iteration number -------- 30  -----------
lambda : 1.15562
max_diff => 0.0685437
performed mixing
Frob norm 1 after updating U: 0.779442
200 iterations
f(b) = 3.85492
Frob norm 2 after updating B : 1.53199
Iteration number -------- 31  -----------
lambda : 1.1614
max_diff => 0.0524605
performed mixing
Frob norm 1 after updating U: 0.664939
200 iterations
f(b) = 3.21059
Frob norm 2 after updating B : 1.37969
Iteration number -------- 32  -----------
lambda : 1.16721
max_diff => 0.0389422
performed mixing
Frob norm 1 after updating U: 0.558879
200 iterations
f(b) = 2.6749
Frob norm 2 after updating B : 1.22174
Iteration number -------- 33  -----------
lambda : 1.17304
max_diff => 0.0316824
performed mixing
Frob norm 1 after updating U: 0.490306
200 iterations
f(b) = 2.23012
Frob norm 2 after updating B : 1.11523
Iteration number -------- 34  -----------
lambda : 1.17891
max_diff => 0.0222111
performed mixing
Frob norm 1 after updating U: 0.405598
200 iterations
f(b) = 1.8385
Frob norm 2 after updating B : 1.03425
Iteration number -------- 35  -----------
lambda : 1.1848
max_diff => 0.0145626
performed mixing
Frob norm 1 after updating U: 0.320353
200 iterations
f(b) = 1.54282
Frob norm 2 after updating B : 0.859767
Iteration number -------- 36  -----------
lambda : 1.19073
max_diff => 0.0144592
performed mixing
Frob norm 1 after updating U: 0.319052
200 iterations
f(b) = 1.24444
Frob norm 2 after updating B : 0.80655
Iteration number -------- 37  -----------
lambda : 1.19668
max_diff => 0.00983638
performed mixing
Frob norm 1 after updating U: 0.255455
200 iterations
f(b) = 1.06433
Frob norm 2 after updating B : 0.671785
Iteration number -------- 38  -----------
lambda : 1.20266
max_diff => 0.00971217
performed mixing
Frob norm 1 after updating U: 0.253484
200 iterations
f(b) = 0.786248
Frob norm 2 after updating B : 0.763274
Iteration number -------- 39  -----------
lambda : 1.20868
max_diff => 0.00233132
performed mixing
Frob norm 1 after updating U: 0.124192
200 iterations
f(b) = 0.612901
Frob norm 2 after updating B : 0.620905
Iteration number -------- 40  -----------
lambda : 1.21472
max_diff => 0.00230728
performed mixing
Frob norm 1 after updating U: 0.123668
200 iterations
f(b) = 0.485782
Frob norm 2 after updating B : 0.508565
Iteration number -------- 41  -----------
lambda : 1.22079
max_diff => 0.00223821
performed mixing
Frob norm 1 after updating U: 0.122031
200 iterations
f(b) = 0.400424
Frob norm 2 after updating B : 0.419482
Iteration number -------- 42  -----------
lambda : 1.2269
max_diff => 0.00217644
performed mixing
Frob norm 1 after updating U: 0.120522
200 iterations
f(b) = 0.240025
Frob norm 2 after updating B : 0.469482
Iteration number -------- 43  -----------
lambda : 1.23303
max_diff => 9.99376e-07
performed mixing
Frob norm 1 after updating U: 0.0139325
200 iterations
f(b) = 0.19708
Frob norm 2 after updating B : 0.377409
Iteration number -------- 44  -----------
lambda : 1.2392
max_diff => 2.30829e-07
performed mixing
Frob norm 1 after updating U: 0.0132601
200 iterations
f(b) = 0.14549
Frob norm 2 after updating B : 0.302952
Iteration number -------- 45  -----------
lambda : 1.24539
max_diff => 1.60592e-07
performed mixing
Frob norm 1 after updating U: 0.0131393
200 iterations
f(b) = 0.0710191
Frob norm 2 after updating B : 0.243085
Iteration number -------- 46  -----------
lambda : 1.25162
max_diff => 4.999e-08
performed mixing
Frob norm 1 after updating U: 0.0131952
200 iterations
f(b) = 0.0916883
Frob norm 2 after updating B : 0.194532
Iteration number -------- 47  -----------
lambda : 1.25788
max_diff => 6.58749e-08
performed mixing
Frob norm 1 after updating U: 0.0131879
200 iterations
f(b) = 0.0770316
Frob norm 2 after updating B : 0.155914
Iteration number -------- 48  -----------
lambda : 1.26417
max_diff => 9.06099e-08
performed mixing
Frob norm 1 after updating U: 0.0130828
200 iterations
f(b) = 0.0583692
Frob norm 2 after updating B : 0.125285
Iteration number -------- 49  -----------
lambda : 1.27049
max_diff => 4.999e-08
performed mixing
Frob norm 1 after updating U: 0.0129639
200 iterations
f(b) = 0.022085
Frob norm 2 after updating B : 0.100716
Iteration number -------- 50  -----------
lambda : 1.27684
max_diff => 4.999e-08
performed mixing
Frob norm 1 after updating U: 0.0130942
200 iterations
f(b) = 0.0190827
Frob norm 2 after updating B : 0.0811046
Iteration number -------- 51  -----------
lambda : 1.28323
max_diff => 4.999e-08
performed mixing
Frob norm 1 after updating U: 0.0131769
200 iterations
f(b) = 0.048636
Frob norm 2 after updating B : 0.065526
Iteration number -------- 52  -----------
lambda : 1.28964
max_diff => 4.999e-08
performed mixing
Frob norm 1 after updating U: 0.0132032
200 iterations
f(b) = 0.0145057
Frob norm 2 after updating B : 0.0532212
Iteration number -------- 53  -----------
lambda : 1.29609
max_diff => 4.999e-08
performed mixing
Frob norm 1 after updating U: 0.0130843
200 iterations
f(b) = 0.0128567
Frob norm 2 after updating B : 0.0434776
Iteration number -------- 54  -----------
lambda : 1.30257
max_diff => 4.999e-08
performed mixing
Frob norm 1 after updating U: 0.0130992
200 iterations
f(b) = 0.014052
Frob norm 2 after updating B : 0.0356901
Iteration number -------- 55  -----------
lambda : 1.30908
max_diff => 4.999e-08
performed mixing
Frob norm 1 after updating U: 0.0130941
200 iterations
f(b) = 0.0152366
Frob norm 2 after updating B : 0.0299879
Iteration number -------- 56  -----------
lambda : 1.31563
max_diff => 4.999e-08
performed mixing
Frob norm 1 after updating U: 0.0130433
200 iterations
f(b) = 0.0144631
Frob norm 2 after updating B : 0.0251022
Iteration number -------- 57  -----------
lambda : 1.32221
max_diff => 4.999e-08
performed mixing
Frob norm 1 after updating U: 0.013018
200 iterations
f(b) = 0.0132029
Frob norm 2 after updating B : 0.0217905
Iteration number -------- 58  -----------
lambda : 1.32882
max_diff => 4.999e-08
performed mixing
Frob norm 1 after updating U: 0.0131066
200 iterations
f(b) = 0.0117282
Frob norm 2 after updating B : 0.0190355
Iteration number -------- 59  -----------
lambda : 1.33546
max_diff => 4.999e-08
performed mixing
Frob norm 1 after updating U: 0.0130282
200 iterations
f(b) = 0.0117742
Frob norm 2 after updating B : 0.0173501
Iteration number -------- 60  -----------
lambda : 1.34214
max_diff => 4.999e-08
performed mixing
Frob norm 1 after updating U: 0.0130143
200 iterations
f(b) = 0.00965474
Frob norm 2 after updating B : 0.0159276
Iteration number -------- 61  -----------
lambda : 1.34885
max_diff => 4.999e-08
performed mixing
Frob norm 1 after updating U: 0.0130217
200 iterations
f(b) = 0.0117257
Frob norm 2 after updating B : 0.0150654
Iteration number -------- 62  -----------
lambda : 1.35559
max_diff => 4.999e-08
performed mixing
Frob norm 1 after updating U: 0.0130896
200 iterations
f(b) = 0.0114996
Frob norm 2 after updating B : 0.0145679
Iteration number -------- 63  -----------
lambda : 1.36237
max_diff => 4.999e-08
performed mixing
Frob norm 1 after updating U: 0.0132419
200 iterations
f(b) = 0.0173545
Frob norm 2 after updating B : 0.0139019
Iteration number -------- 64  -----------
lambda : 1.36918
max_diff => 4.999e-08
performed mixing
Frob norm 1 after updating U: 0.0129378
200 iterations
f(b) = 0.0196997
Frob norm 2 after updating B : 0.0135813
Iteration number -------- 65  -----------
lambda : 1.37603
max_diff => 4.999e-08
performed mixing
Frob norm 1 after updating U: 0.0129783
200 iterations
f(b) = 0.0131781
Frob norm 2 after updating B : 0.0134604
Iteration number -------- 66  -----------
lambda : 1.38291
max_diff => 4.999e-08
performed mixing
Frob norm 1 after updating U: 0.0130492
200 iterations
f(b) = 0.0124722
Frob norm 2 after updating B : 0.0132374
Iteration number -------- 67  -----------
lambda : 1.38982
max_diff => 4.999e-08
performed mixing
Frob norm 1 after updating U: 0.0129084
200 iterations
f(b) = 0.0170116
Frob norm 2 after updating B : 0.0132081
Iteration number -------- 68  -----------
lambda : 1.39677
max_diff => 4.999e-08
performed mixing
Frob norm 1 after updating U: 0.0129473
200 iterations
f(b) = 0.0218854
Frob norm 2 after updating B : 0.0132865
Iteration number -------- 69  -----------
lambda : 1.40376
max_diff => 4.999e-08
performed mixing
Frob norm 1 after updating U: 0.0131207
200 iterations
f(b) = 0.0112665
Frob norm 2 after updating B : 0.0132904
Iteration number -------- 70  -----------
lambda : 1.41078
max_diff => 4.999e-08
performed mixing
Frob norm 1 after updating U: 0.013189
200 iterations
f(b) = 0.0131402
Frob norm 2 after updating B : 0.0131886
Iteration number -------- 71  -----------
lambda : 1.41783
max_diff => 4.999e-08
performed mixing
Frob norm 1 after updating U: 0.0131004
200 iterations
f(b) = 0.0118116
Frob norm 2 after updating B : 0.0131044
Iteration number -------- 72  -----------
lambda : 1.42492
max_diff => 4.999e-08
performed mixing
Frob norm 1 after updating U: 0.0130313
200 iterations
f(b) = 0.0153556
Frob norm 2 after updating B : 0.0131053
Iteration number -------- 73  -----------
lambda : 1.43204
max_diff => 4.999e-08
performed mixing
Frob norm 1 after updating U: 0.0130543
200 iterations
f(b) = 0.0110049
Frob norm 2 after updating B : 0.0131312
Iteration number -------- 74  -----------
lambda : 1.4392
max_diff => 4.999e-08
performed mixing
Frob norm 1 after updating U: 0.0131028
200 iterations
f(b) = 0.0166596
Frob norm 2 after updating B : 0.0129319
Iteration number -------- 75  -----------
lambda : 1.4464
max_diff => 4.999e-08
performed mixing
Frob norm 1 after updating U: 0.0129002
200 iterations
f(b) = 0.0133417
Frob norm 2 after updating B : 0.0128947
Iteration number -------- 76  -----------
lambda : 1.45363
max_diff => 4.999e-08
performed mixing
Frob norm 1 after updating U: 0.0128708
200 iterations
f(b) = 0.0184466
Frob norm 2 after updating B : 0.0130556
Iteration number -------- 77  -----------
lambda : 1.4609
max_diff => 4.999e-08
performed mixing
Frob norm 1 after updating U: 0.0130394
200 iterations
f(b) = 0.0174306
Frob norm 2 after updating B : 0.0128763
Iteration number -------- 78  -----------
lambda : 1.46821
max_diff => 4.999e-08
performed mixing
Frob norm 1 after updating U: 0.0128592
200 iterations
f(b) = 0.0134505
Frob norm 2 after updating B : 0.0129388
Iteration number -------- 79  -----------
lambda : 1.47555
max_diff => 4.999e-08
performed mixing
Frob norm 1 after updating U: 0.0129215
200 iterations
f(b) = 0.0121166
Frob norm 2 after updating B : 0.0131771
Iteration number -------- 80  -----------
lambda : 1.48292
max_diff => 4.999e-08
performed mixing
Frob norm 1 after updating U: 0.0131529
200 iterations
f(b) = 0.013318
Frob norm 2 after updating B : 0.0132891
Iteration number -------- 81  -----------
lambda : 1.49034
max_diff => 4.999e-08
performed mixing
Frob norm 1 after updating U: 0.0132593
200 iterations
f(b) = 0.0124305
Frob norm 2 after updating B : 0.0131412
Iteration number -------- 82  -----------
lambda : 1.49779
max_diff => 4.999e-08
performed mixing
Frob norm 1 after updating U: 0.0131299
200 iterations
f(b) = 0.0133436
Frob norm 2 after updating B : 0.0131305
Iteration number -------- 83  -----------
lambda : 1.50528
max_diff => 4.999e-08
performed mixing
Frob norm 1 after updating U: 0.0131179
200 iterations
f(b) = 0.0117531
Frob norm 2 after updating B : 0.0131802
Iteration number -------- 84  -----------
lambda : 1.51281
max_diff => 4.999e-08
performed mixing
Frob norm 1 after updating U: 0.0131662
200 iterations
f(b) = 0.013046
Frob norm 2 after updating B : 0.0132036
Iteration number -------- 85  -----------
lambda : 1.52037
max_diff => 4.999e-08
performed mixing
Frob norm 1 after updating U: 0.0131935
200 iterations
f(b) = 0.0140466
Frob norm 2 after updating B : 0.0131447
Iteration number -------- 86  -----------
lambda : 1.52797
max_diff => 4.999e-08
performed mixing
Frob norm 1 after updating U: 0.0131353
200 iterations
f(b) = 0.0138577
Frob norm 2 after updating B : 0.0129659
Iteration number -------- 87  -----------
lambda : 1.53561
max_diff => 4.999e-08
performed mixing
Frob norm 1 after updating U: 0.0129569
200 iterations
f(b) = 0.0129314
Frob norm 2 after updating B : 0.0130264
Iteration number -------- 88  -----------
lambda : 1.54329
max_diff => 4.999e-08
performed mixing
Frob norm 1 after updating U: 0.0130245
200 iterations
f(b) = 0.0143783
Frob norm 2 after updating B : 0.0129825
Iteration number -------- 89  -----------
lambda : 1.55101
max_diff => 4.999e-08
performed mixing
Frob norm 1 after updating U: 0.0129754
200 iterations
f(b) = 0.0146954
Frob norm 2 after updating B : 0.013147
Iteration number -------- 90  -----------
lambda : 1.55876
max_diff => 4.999e-08
performed mixing
Frob norm 1 after updating U: 0.0131377
200 iterations
f(b) = 0.0138793
Frob norm 2 after updating B : 0.0131127
Iteration number -------- 91  -----------
lambda : 1.56655
max_diff => 4.999e-08
performed mixing
Frob norm 1 after updating U: 0.0130982
200 iterations
f(b) = 0.0133094
Frob norm 2 after updating B : 0.0129895
Iteration number -------- 92  -----------
lambda : 1.57439
max_diff => 4.999e-08
performed mixing
Frob norm 1 after updating U: 0.0129766
200 iterations
f(b) = 0.014277
Frob norm 2 after updating B : 0.0130332
Iteration number -------- 93  -----------
lambda : 1.58226
max_diff => 4.999e-08
performed mixing
Frob norm 1 after updating U: 0.0130232
200 iterations
f(b) = 0.0169995
Frob norm 2 after updating B : 0.0129739
Iteration number -------- 94  -----------
lambda : 1.59017
max_diff => 4.999e-08
performed mixing
Frob norm 1 after updating U: 0.0129718
200 iterations
f(b) = 0.0146001
Frob norm 2 after updating B : 0.0129842
Iteration number -------- 95  -----------
lambda : 1.59812
max_diff => 4.999e-08
performed mixing
Frob norm 1 after updating U: 0.0129784
200 iterations
f(b) = 0.0139058
Frob norm 2 after updating B : 0.0129914
Iteration number -------- 96  -----------
lambda : 1.60611
max_diff => 4.999e-08
performed mixing
Frob norm 1 after updating U: 0.0129887
200 iterations
f(b) = 0.0146546
Frob norm 2 after updating B : 0.0130451
Iteration number -------- 97  -----------
lambda : 1.61414
max_diff => 4.999e-08
performed mixing
Frob norm 1 after updating U: 0.0130256
200 iterations
f(b) = 0.0135478
Frob norm 2 after updating B : 0.0131376
Iteration number -------- 98  -----------
lambda : 1.62221
max_diff => 4.999e-08
performed mixing
Frob norm 1 after updating U: 0.0131238
200 iterations
f(b) = 0.0136085
Frob norm 2 after updating B : 0.0129656
Iteration number -------- 99  -----------
lambda : 1.63032
max_diff => 4.999e-08
performed mixing
Frob norm 1 after updating U: 0.0129622
200 iterations
f(b) = 0.013224
Frob norm 2 after updating B : 0.0130688
Iteration number -------- 100  -----------
lambda : 1.63848
max_diff => 4.999e-08
