Academic license - for non-commercial use only
Frob norm 1 after updating U: 11.4732
200 iterations
f(b) = 63.6575
Frob norm 2 after updating B : 7.36754
Iteration number -------- 1  -----------
lambda : 1
max_diff => 0.115693
performed mixing
Frob norm 1 after updating U: 6.60592
200 iterations
f(b) = 59.1688
Frob norm 2 after updating B : 7.08763
Iteration number -------- 2  -----------
lambda : 1.005
max_diff => 0.10394
performed mixing
Frob norm 1 after updating U: 6.33494
200 iterations
f(b) = 54.9441
Frob norm 2 after updating B : 6.81289
Iteration number -------- 3  -----------
lambda : 1.01002
max_diff => 0.0913923
performed mixing
Frob norm 1 after updating U: 6.08112
200 iterations
f(b) = 50.9831
Frob norm 2 after updating B : 6.55943
Iteration number -------- 4  -----------
lambda : 1.01508
max_diff => 0.0867592
performed mixing
Frob norm 1 after updating U: 5.81828
200 iterations
f(b) = 47.2053
Frob norm 2 after updating B : 6.32662
Iteration number -------- 5  -----------
lambda : 1.02015
max_diff => 0.0873415
performed mixing
Frob norm 1 after updating U: 5.55844
200 iterations
f(b) = 43.4688
Frob norm 2 after updating B : 6.09816
Iteration number -------- 6  -----------
lambda : 1.02525
max_diff => 0.0864556
performed mixing
Frob norm 1 after updating U: 5.33206
200 iterations
f(b) = 39.7994
Frob norm 2 after updating B : 5.88993
Iteration number -------- 7  -----------
lambda : 1.03038
max_diff => 0.0844855
performed mixing
Frob norm 1 after updating U: 5.1539
200 iterations
f(b) = 36.3938
Frob norm 2 after updating B : 5.68877
Iteration number -------- 8  -----------
lambda : 1.03553
max_diff => 0.0806057
performed mixing
Frob norm 1 after updating U: 5.02835
200 iterations
f(b) = 33.6922
Frob norm 2 after updating B : 5.48257
Iteration number -------- 9  -----------
lambda : 1.04071
max_diff => 0.0760776
performed mixing
Frob norm 1 after updating U: 4.94821
200 iterations
f(b) = 31.4091
Frob norm 2 after updating B : 5.33554
Iteration number -------- 10  -----------
lambda : 1.04591
max_diff => 0.0696401
performed mixing
Frob norm 1 after updating U: 4.8443
200 iterations
f(b) = 29.4885
Frob norm 2 after updating B : 5.20954
Iteration number -------- 11  -----------
lambda : 1.05114
max_diff => 0.0641492
performed mixing
Frob norm 1 after updating U: 4.76806
200 iterations
f(b) = 27.8952
Frob norm 2 after updating B : 5.06422
Iteration number -------- 12  -----------
lambda : 1.0564
max_diff => 0.0623934
performed mixing
Frob norm 1 after updating U: 4.74513
200 iterations
f(b) = 26.7117
Frob norm 2 after updating B : 4.95885
Iteration number -------- 13  -----------
lambda : 1.06168
max_diff => 0.0598115
performed mixing
Frob norm 1 after updating U: 4.70622
200 iterations
f(b) = 25.7795
Frob norm 2 after updating B : 4.87434
Iteration number -------- 14  -----------
lambda : 1.06699
max_diff => 0.0599772
performed mixing
Frob norm 1 after updating U: 4.67274
200 iterations
f(b) = 25.079
Frob norm 2 after updating B : 4.80324
Iteration number -------- 15  -----------
lambda : 1.07232
max_diff => 0.0609088
performed mixing
Frob norm 1 after updating U: 4.64513
200 iterations
f(b) = 20.8134
Frob norm 2 after updating B : 4.34601
Iteration number -------- 16  -----------
lambda : 1.07768
max_diff => 0.0598267
performed mixing
Frob norm 1 after updating U: 2.54248
200 iterations
f(b) = 14.808
Frob norm 2 after updating B : 3.63556
Iteration number -------- 17  -----------
lambda : 1.08307
max_diff => 0.107174
performed mixing
Frob norm 1 after updating U: 1.7225
200 iterations
f(b) = 10.6577
Frob norm 2 after updating B : 3.07981
Iteration number -------- 18  -----------
lambda : 1.08849
max_diff => 0.202788
performed mixing
Frob norm 1 after updating U: 1.10459
200 iterations
f(b) = 8.09127
Frob norm 2 after updating B : 2.60654
Iteration number -------- 19  -----------
lambda : 1.09393
max_diff => 0.197672
performed mixing
Frob norm 1 after updating U: 0.882931
200 iterations
f(b) = 6.18826
Frob norm 2 after updating B : 2.2605
Iteration number -------- 20  -----------
lambda : 1.0994
max_diff => 0.189143
performed mixing
Frob norm 1 after updating U: 0.746689
200 iterations
f(b) = 4.8729
Frob norm 2 after updating B : 1.95726
Iteration number -------- 21  -----------
lambda : 1.1049
max_diff => 0.157583
performed mixing
Frob norm 1 after updating U: 0.662085
200 iterations
f(b) = 3.88856
Frob norm 2 after updating B : 1.72075
Iteration number -------- 22  -----------
lambda : 1.11042
max_diff => 0.126447
performed mixing
Frob norm 1 after updating U: 0.598834
200 iterations
f(b) = 3.12639
Frob norm 2 after updating B : 1.49812
Iteration number -------- 23  -----------
lambda : 1.11597
max_diff => 0.0978205
performed mixing
Frob norm 1 after updating U: 0.558483
200 iterations
f(b) = 2.54088
Frob norm 2 after updating B : 1.31723
Iteration number -------- 24  -----------
lambda : 1.12155
max_diff => 0.072253
performed mixing
Frob norm 1 after updating U: 0.498097
200 iterations
f(b) = 2.09692
Frob norm 2 after updating B : 1.15872
Iteration number -------- 25  -----------
lambda : 1.12716
max_diff => 0.0530366
performed mixing
Frob norm 1 after updating U: 0.446187
200 iterations
f(b) = 1.78748
Frob norm 2 after updating B : 0.981993
Iteration number -------- 26  -----------
lambda : 1.1328
max_diff => 0.0524552
performed mixing
Frob norm 1 after updating U: 0.444439
200 iterations
f(b) = 1.53792
Frob norm 2 after updating B : 0.846305
Iteration number -------- 27  -----------
lambda : 1.13846
max_diff => 0.0515502
performed mixing
Frob norm 1 after updating U: 0.441611
200 iterations
f(b) = 1.24593
Frob norm 2 after updating B : 0.884294
Iteration number -------- 28  -----------
lambda : 1.14415
max_diff => 0.0164782
performed mixing
Frob norm 1 after updating U: 0.284941
200 iterations
f(b) = 1.03905
Frob norm 2 after updating B : 0.74121
Iteration number -------- 29  -----------
lambda : 1.14987
max_diff => 0.0163896
performed mixing
Frob norm 1 after updating U: 0.284373
200 iterations
f(b) = 0.886689
Frob norm 2 after updating B : 0.630073
Iteration number -------- 30  -----------
lambda : 1.15562
max_diff => 0.0162373
performed mixing
Frob norm 1 after updating U: 0.28332
200 iterations
f(b) = 0.704901
Frob norm 2 after updating B : 0.682178
Iteration number -------- 31  -----------
lambda : 1.1614
max_diff => 0.00354083
performed mixing
Frob norm 1 after updating U: 0.149265
200 iterations
f(b) = 0.571522
Frob norm 2 after updating B : 0.56176
Iteration number -------- 32  -----------
lambda : 1.16721
max_diff => 0.00350559
performed mixing
Frob norm 1 after updating U: 0.148592
200 iterations
f(b) = 0.473625
Frob norm 2 after updating B : 0.467403
Iteration number -------- 33  -----------
lambda : 1.17304
max_diff => 0.00342969
performed mixing
Frob norm 1 after updating U: 0.147168
200 iterations
f(b) = 0.34061
Frob norm 2 after updating B : 0.5205
Iteration number -------- 34  -----------
lambda : 1.17891
max_diff => 0.000144904
performed mixing
Frob norm 1 after updating U: 0.0397281
200 iterations
f(b) = 0.266386
Frob norm 2 after updating B : 0.422605
Iteration number -------- 35  -----------
lambda : 1.1848
max_diff => 0.000127078
performed mixing
Frob norm 1 after updating U: 0.0365139
200 iterations
f(b) = 0.207276
Frob norm 2 after updating B : 0.342337
Iteration number -------- 36  -----------
lambda : 1.19073
max_diff => 0.000116566
performed mixing
Frob norm 1 after updating U: 0.0353446
200 iterations
f(b) = 0.133236
Frob norm 2 after updating B : 0.313565
Iteration number -------- 37  -----------
lambda : 1.19668
max_diff => 5.00096e-08
performed mixing
Frob norm 1 after updating U: 0.0130689
200 iterations
f(b) = 0.110567
Frob norm 2 after updating B : 0.250975
Iteration number -------- 38  -----------
lambda : 1.20266
max_diff => 5.85655e-08
performed mixing
Frob norm 1 after updating U: 0.0130382
200 iterations
f(b) = 0.0527323
Frob norm 2 after updating B : 0.201461
Iteration number -------- 39  -----------
lambda : 1.20868
max_diff => 4.999e-08
performed mixing
Frob norm 1 after updating U: 0.0130192
200 iterations
f(b) = 0.075564
Frob norm 2 after updating B : 0.161288
Iteration number -------- 40  -----------
lambda : 1.21472
max_diff => 4.99961e-08
performed mixing
Frob norm 1 after updating U: 0.0130986
200 iterations
f(b) = 0.0633672
Frob norm 2 after updating B : 0.129668
Iteration number -------- 41  -----------
lambda : 1.22079
max_diff => 4.999e-08
performed mixing
Frob norm 1 after updating U: 0.0130181
200 iterations
f(b) = 0.0228238
Frob norm 2 after updating B : 0.104198
Iteration number -------- 42  -----------
lambda : 1.2269
max_diff => 4.999e-08
performed mixing
Frob norm 1 after updating U: 0.0130266
200 iterations
f(b) = 0.0544284
Frob norm 2 after updating B : 0.0835598
Iteration number -------- 43  -----------
lambda : 1.23303
max_diff => 4.999e-08
performed mixing
Frob norm 1 after updating U: 0.0129246
200 iterations
f(b) = 0.0477464
Frob norm 2 after updating B : 0.0678149
Iteration number -------- 44  -----------
lambda : 1.2392
max_diff => 4.999e-08
performed mixing
Frob norm 1 after updating U: 0.012987
200 iterations
f(b) = 0.038787
Frob norm 2 after updating B : 0.0549353
Iteration number -------- 45  -----------
lambda : 1.24539
max_diff => 4.999e-08
performed mixing
Frob norm 1 after updating U: 0.0131096
200 iterations
f(b) = 0.0396294
Frob norm 2 after updating B : 0.0445817
Iteration number -------- 46  -----------
lambda : 1.25162
max_diff => 4.999e-08
performed mixing
Frob norm 1 after updating U: 0.0131085
200 iterations
f(b) = 0.0144087
Frob norm 2 after updating B : 0.0368471
Iteration number -------- 47  -----------
lambda : 1.25788
max_diff => 4.999e-08
performed mixing
Frob norm 1 after updating U: 0.0132379
200 iterations
f(b) = 0.01432
Frob norm 2 after updating B : 0.0306036
Iteration number -------- 48  -----------
lambda : 1.26417
max_diff => 4.999e-08
performed mixing
Frob norm 1 after updating U: 0.0131201
200 iterations
f(b) = 0.0276824
Frob norm 2 after updating B : 0.0256029
Iteration number -------- 49  -----------
lambda : 1.27049
max_diff => 4.999e-08
performed mixing
Frob norm 1 after updating U: 0.0130664
200 iterations
f(b) = 0.0132844
Frob norm 2 after updating B : 0.0223545
Iteration number -------- 50  -----------
lambda : 1.27684
max_diff => 4.999e-08
performed mixing
Frob norm 1 after updating U: 0.0131418
200 iterations
f(b) = 0.0129477
Frob norm 2 after updating B : 0.0196835
Iteration number -------- 51  -----------
lambda : 1.28323
max_diff => 4.999e-08
performed mixing
Frob norm 1 after updating U: 0.0131542
200 iterations
f(b) = 0.0206613
Frob norm 2 after updating B : 0.0176927
Iteration number -------- 52  -----------
lambda : 1.28964
max_diff => 4.999e-08
performed mixing
Frob norm 1 after updating U: 0.0129428
200 iterations
f(b) = 0.0120265
Frob norm 2 after updating B : 0.0161698
Iteration number -------- 53  -----------
lambda : 1.29609
max_diff => 4.999e-08
performed mixing
Frob norm 1 after updating U: 0.0130839
200 iterations
f(b) = 0.00959515
Frob norm 2 after updating B : 0.0152016
Iteration number -------- 54  -----------
lambda : 1.30257
max_diff => 4.999e-08
performed mixing
Frob norm 1 after updating U: 0.0131983
200 iterations
f(b) = 0.0128573
Frob norm 2 after updating B : 0.0147213
Iteration number -------- 55  -----------
lambda : 1.30908
max_diff => 4.999e-08
performed mixing
Frob norm 1 after updating U: 0.0130959
200 iterations
f(b) = 0.0277049
Frob norm 2 after updating B : 0.0139428
Iteration number -------- 56  -----------
lambda : 1.31563
max_diff => 4.999e-08
performed mixing
Frob norm 1 after updating U: 0.0129486
200 iterations
f(b) = 0.00978465
Frob norm 2 after updating B : 0.0137344
Iteration number -------- 57  -----------
lambda : 1.32221
max_diff => 4.999e-08
performed mixing
Frob norm 1 after updating U: 0.0130382
200 iterations
f(b) = 0.011411
Frob norm 2 after updating B : 0.0136241
Iteration number -------- 58  -----------
lambda : 1.32882
max_diff => 4.999e-08
performed mixing
Frob norm 1 after updating U: 0.0131662
200 iterations
f(b) = 0.0117804
Frob norm 2 after updating B : 0.0134132
Iteration number -------- 59  -----------
lambda : 1.33546
max_diff => 4.999e-08
performed mixing
Frob norm 1 after updating U: 0.0130165
200 iterations
f(b) = 0.0130462
Frob norm 2 after updating B : 0.0131827
Iteration number -------- 60  -----------
lambda : 1.34214
max_diff => 4.999e-08
performed mixing
Frob norm 1 after updating U: 0.0128763
200 iterations
f(b) = 0.0120116
Frob norm 2 after updating B : 0.0133012
Iteration number -------- 61  -----------
lambda : 1.34885
max_diff => 4.999e-08
performed mixing
Frob norm 1 after updating U: 0.0131016
200 iterations
f(b) = 0.0171023
Frob norm 2 after updating B : 0.0130808
Iteration number -------- 62  -----------
lambda : 1.35559
max_diff => 4.999e-08
performed mixing
Frob norm 1 after updating U: 0.0129465
200 iterations
f(b) = 0.0142082
Frob norm 2 after updating B : 0.0131391
Iteration number -------- 63  -----------
lambda : 1.36237
max_diff => 4.999e-08
performed mixing
Frob norm 1 after updating U: 0.0130525
200 iterations
f(b) = 0.0120165
Frob norm 2 after updating B : 0.0130533
Iteration number -------- 64  -----------
lambda : 1.36918
max_diff => 4.999e-08
performed mixing
Frob norm 1 after updating U: 0.0129807
200 iterations
f(b) = 0.0163359
Frob norm 2 after updating B : 0.0128906
Iteration number -------- 65  -----------
lambda : 1.37603
max_diff => 4.999e-08
performed mixing
Frob norm 1 after updating U: 0.0128295
200 iterations
f(b) = 0.0128232
Frob norm 2 after updating B : 0.0129978
Iteration number -------- 66  -----------
lambda : 1.38291
max_diff => 4.999e-08
performed mixing
Frob norm 1 after updating U: 0.012943
200 iterations
f(b) = 0.0143253
Frob norm 2 after updating B : 0.0131087
Iteration number -------- 67  -----------
lambda : 1.38982
max_diff => 4.999e-08
performed mixing
Frob norm 1 after updating U: 0.0130766
200 iterations
f(b) = 0.0114209
Frob norm 2 after updating B : 0.0131482
Iteration number -------- 68  -----------
lambda : 1.39677
max_diff => 4.999e-08
performed mixing
Frob norm 1 after updating U: 0.0131174
200 iterations
f(b) = 0.0142858
Frob norm 2 after updating B : 0.0133085
Iteration number -------- 69  -----------
lambda : 1.40376
max_diff => 4.999e-08
performed mixing
Frob norm 1 after updating U: 0.013264
200 iterations
f(b) = 0.0109693
Frob norm 2 after updating B : 0.0130486
Iteration number -------- 70  -----------
lambda : 1.41078
max_diff => 4.999e-08
performed mixing
Frob norm 1 after updating U: 0.01303
200 iterations
f(b) = 0.0257249
Frob norm 2 after updating B : 0.0128097
Iteration number -------- 71  -----------
lambda : 1.41783
max_diff => 4.999e-08
performed mixing
Frob norm 1 after updating U: 0.0127914
200 iterations
f(b) = 0.0158512
Frob norm 2 after updating B : 0.0128785
Iteration number -------- 72  -----------
lambda : 1.42492
max_diff => 4.999e-08
performed mixing
Frob norm 1 after updating U: 0.012866
200 iterations
f(b) = 0.0117979
Frob norm 2 after updating B : 0.013096
Iteration number -------- 73  -----------
lambda : 1.43204
max_diff => 4.999e-08
performed mixing
Frob norm 1 after updating U: 0.0130774
200 iterations
f(b) = 0.011962
Frob norm 2 after updating B : 0.0130169
Iteration number -------- 74  -----------
lambda : 1.4392
max_diff => 4.999e-08
performed mixing
Frob norm 1 after updating U: 0.0129956
200 iterations
f(b) = 0.0256555
Frob norm 2 after updating B : 0.0129557
Iteration number -------- 75  -----------
lambda : 1.4464
max_diff => 4.999e-08
performed mixing
Frob norm 1 after updating U: 0.0129484
200 iterations
f(b) = 0.0128211
Frob norm 2 after updating B : 0.0130458
Iteration number -------- 76  -----------
lambda : 1.45363
max_diff => 4.999e-08
performed mixing
Frob norm 1 after updating U: 0.013034
200 iterations
f(b) = 0.0139655
Frob norm 2 after updating B : 0.0130537
Iteration number -------- 77  -----------
lambda : 1.4609
max_diff => 4.999e-08
performed mixing
Frob norm 1 after updating U: 0.013043
200 iterations
f(b) = 0.0126634
Frob norm 2 after updating B : 0.0131125
Iteration number -------- 78  -----------
lambda : 1.46821
max_diff => 4.999e-08
performed mixing
Frob norm 1 after updating U: 0.0130974
200 iterations
f(b) = 0.0133642
Frob norm 2 after updating B : 0.0129912
Iteration number -------- 79  -----------
lambda : 1.47555
max_diff => 4.999e-08
performed mixing
Frob norm 1 after updating U: 0.0129794
200 iterations
f(b) = 0.0215408
Frob norm 2 after updating B : 0.0129383
Iteration number -------- 80  -----------
lambda : 1.48292
max_diff => 4.999e-08
performed mixing
Frob norm 1 after updating U: 0.0129287
200 iterations
f(b) = 0.0124096
Frob norm 2 after updating B : 0.0131406
Iteration number -------- 81  -----------
lambda : 1.49034
max_diff => 4.999e-08
performed mixing
Frob norm 1 after updating U: 0.013129
200 iterations
f(b) = 0.0173228
Frob norm 2 after updating B : 0.0128672
Iteration number -------- 82  -----------
lambda : 1.49779
max_diff => 4.999e-08
performed mixing
Frob norm 1 after updating U: 0.0128637
200 iterations
f(b) = 0.0148014
Frob norm 2 after updating B : 0.0131412
Iteration number -------- 83  -----------
lambda : 1.50528
max_diff => 4.999e-08
performed mixing
Frob norm 1 after updating U: 0.0131284
200 iterations
f(b) = 0.0128088
Frob norm 2 after updating B : 0.0130298
Iteration number -------- 84  -----------
lambda : 1.51281
max_diff => 4.999e-08
performed mixing
Frob norm 1 after updating U: 0.0130244
200 iterations
f(b) = 0.0130276
Frob norm 2 after updating B : 0.013073
Iteration number -------- 85  -----------
lambda : 1.52037
max_diff => 4.999e-08
performed mixing
Frob norm 1 after updating U: 0.0130625
200 iterations
f(b) = 0.012184
Frob norm 2 after updating B : 0.0130649
Iteration number -------- 86  -----------
lambda : 1.52797
max_diff => 4.999e-08
performed mixing
Frob norm 1 after updating U: 0.0130577
200 iterations
f(b) = 0.0126387
Frob norm 2 after updating B : 0.0129614
Iteration number -------- 87  -----------
lambda : 1.53561
max_diff => 4.999e-08
performed mixing
Frob norm 1 after updating U: 0.0129561
200 iterations
f(b) = 0.0129908
Frob norm 2 after updating B : 0.0128879
Iteration number -------- 88  -----------
lambda : 1.54329
max_diff => 4.999e-08
performed mixing
Frob norm 1 after updating U: 0.0128814
200 iterations
f(b) = 0.0142697
Frob norm 2 after updating B : 0.0130428
Iteration number -------- 89  -----------
lambda : 1.55101
max_diff => 4.999e-08
performed mixing
Frob norm 1 after updating U: 0.0130355
200 iterations
f(b) = 0.0133305
Frob norm 2 after updating B : 0.0131021
Iteration number -------- 90  -----------
lambda : 1.55876
max_diff => 4.999e-08
performed mixing
Frob norm 1 after updating U: 0.0130957
200 iterations
f(b) = 0.0130529
Frob norm 2 after updating B : 0.013037
Iteration number -------- 91  -----------
lambda : 1.56655
max_diff => 4.999e-08
performed mixing
Frob norm 1 after updating U: 0.0130287
200 iterations
f(b) = 0.0147956
Frob norm 2 after updating B : 0.0129612
Iteration number -------- 92  -----------
lambda : 1.57439
max_diff => 4.999e-08
performed mixing
Frob norm 1 after updating U: 0.0129514
200 iterations
f(b) = 0.0133068
Frob norm 2 after updating B : 0.0131655
Iteration number -------- 93  -----------
lambda : 1.58226
max_diff => 4.999e-08
performed mixing
Frob norm 1 after updating U: 0.0131486
200 iterations
f(b) = 0.0141634
Frob norm 2 after updating B : 0.0130281
Iteration number -------- 94  -----------
lambda : 1.59017
max_diff => 4.999e-08
performed mixing
Frob norm 1 after updating U: 0.013023
200 iterations
f(b) = 0.0149962
Frob norm 2 after updating B : 0.013098
Iteration number -------- 95  -----------
lambda : 1.59812
max_diff => 4.999e-08
performed mixing
Frob norm 1 after updating U: 0.0130914
200 iterations
f(b) = 0.0133625
Frob norm 2 after updating B : 0.012937
Iteration number -------- 96  -----------
lambda : 1.60611
max_diff => 4.999e-08
performed mixing
Frob norm 1 after updating U: 0.0129361
200 iterations
f(b) = 0.0138703
Frob norm 2 after updating B : 0.0130103
Iteration number -------- 97  -----------
lambda : 1.61414
max_diff => 4.999e-08
performed mixing
Frob norm 1 after updating U: 0.0130063
200 iterations
f(b) = 0.0138956
Frob norm 2 after updating B : 0.0129379
Iteration number -------- 98  -----------
lambda : 1.62221
max_diff => 4.999e-08
performed mixing
Frob norm 1 after updating U: 0.0129369
200 iterations
f(b) = 0.0151588
Frob norm 2 after updating B : 0.0130941
Iteration number -------- 99  -----------
lambda : 1.63032
max_diff => 4.999e-08
performed mixing
Frob norm 1 after updating U: 0.0130697
200 iterations
f(b) = 0.013413
Frob norm 2 after updating B : 0.0130456
Iteration number -------- 100  -----------
lambda : 1.63848
max_diff => 4.999e-08
