Academic license - for non-commercial use only
Frob norm 1 after updating U: 14.4111
200 iterations
f(b) = 84.7907
Frob norm 2 after updating B : 8.37247
Iteration number -------- 1  -----------
lambda : 1
max_diff => 0.142271
performed mixing
Frob norm 1 after updating U: 6.60883
200 iterations
f(b) = 74.2257
Frob norm 2 after updating B : 7.8865
Iteration number -------- 2  -----------
lambda : 1.005
max_diff => 0.120802
performed mixing
Frob norm 1 after updating U: 6.21736
200 iterations
f(b) = 65.2987
Frob norm 2 after updating B : 7.43054
Iteration number -------- 3  -----------
lambda : 1.01002
max_diff => 0.0933251
performed mixing
Frob norm 1 after updating U: 6.07452
200 iterations
f(b) = 58.0148
Frob norm 2 after updating B : 7.05235
Iteration number -------- 4  -----------
lambda : 1.01508
max_diff => 0.0791555
performed mixing
Frob norm 1 after updating U: 5.96126
200 iterations
f(b) = 52.2346
Frob norm 2 after updating B : 6.75682
Iteration number -------- 5  -----------
lambda : 1.02015
max_diff => 0.0719388
performed mixing
Frob norm 1 after updating U: 5.87978
200 iterations
f(b) = 48.1965
Frob norm 2 after updating B : 6.4748
Iteration number -------- 6  -----------
lambda : 1.02525
max_diff => 0.0677468
performed mixing
Frob norm 1 after updating U: 5.85174
200 iterations
f(b) = 45.4724
Frob norm 2 after updating B : 6.2607
Iteration number -------- 7  -----------
lambda : 1.03038
max_diff => 0.0672492
performed mixing
Frob norm 1 after updating U: 5.84995
200 iterations
f(b) = 43.4042
Frob norm 2 after updating B : 6.14444
Iteration number -------- 8  -----------
lambda : 1.03553
max_diff => 0.0618052
performed mixing
Frob norm 1 after updating U: 5.80153
200 iterations
f(b) = 41.5652
Frob norm 2 after updating B : 6.05881
Iteration number -------- 9  -----------
lambda : 1.04071
max_diff => 0.0614282
performed mixing
Frob norm 1 after updating U: 5.73893
200 iterations
f(b) = 38.4413
Frob norm 2 after updating B : 5.82797
Iteration number -------- 10  -----------
lambda : 1.04591
max_diff => 0.06389
performed mixing
Frob norm 1 after updating U: 5.53989
200 iterations
f(b) = 36.993
Frob norm 2 after updating B : 5.74246
Iteration number -------- 11  -----------
lambda : 1.05114
max_diff => 0.0622044
performed mixing
Frob norm 1 after updating U: 5.5098
200 iterations
f(b) = 35.9761
Frob norm 2 after updating B : 5.66052
Iteration number -------- 12  -----------
lambda : 1.0564
max_diff => 0.0608532
performed mixing
Frob norm 1 after updating U: 5.49232
200 iterations
f(b) = 32.6529
Frob norm 2 after updating B : 5.30955
Iteration number -------- 13  -----------
lambda : 1.06168
max_diff => 0.0622515
performed mixing
Frob norm 1 after updating U: 4.99611
200 iterations
f(b) = 30.806
Frob norm 2 after updating B : 5.15738
Iteration number -------- 14  -----------
lambda : 1.06699
max_diff => 0.0619014
performed mixing
Frob norm 1 after updating U: 4.89414
200 iterations
f(b) = 29.6073
Frob norm 2 after updating B : 5.00218
Iteration number -------- 15  -----------
lambda : 1.07232
max_diff => 0.0623507
performed mixing
Frob norm 1 after updating U: 4.7211
200 iterations
f(b) = 26.2892
Frob norm 2 after updating B : 4.74465
Iteration number -------- 16  -----------
lambda : 1.07768
max_diff => 0.0607253
performed mixing
Frob norm 1 after updating U: 4.38498
200 iterations
f(b) = 24.991
Frob norm 2 after updating B : 4.6276
Iteration number -------- 17  -----------
lambda : 1.08307
max_diff => 0.0596557
performed mixing
Frob norm 1 after updating U: 4.37501
200 iterations
f(b) = 23.9804
Frob norm 2 after updating B : 4.55224
Iteration number -------- 18  -----------
lambda : 1.08849
max_diff => 0.0527165
performed mixing
Frob norm 1 after updating U: 4.34702
200 iterations
f(b) = 23.2764
Frob norm 2 after updating B : 4.48318
Iteration number -------- 19  -----------
lambda : 1.09393
max_diff => 0.0523752
performed mixing
Frob norm 1 after updating U: 4.34361
200 iterations
f(b) = 22.5447
Frob norm 2 after updating B : 4.43401
Iteration number -------- 20  -----------
lambda : 1.0994
max_diff => 0.0533873
performed mixing
Frob norm 1 after updating U: 4.31782
200 iterations
f(b) = 22.0378
Frob norm 2 after updating B : 4.40168
Iteration number -------- 21  -----------
lambda : 1.1049
max_diff => 0.0533112
performed mixing
Frob norm 1 after updating U: 4.31252
200 iterations
f(b) = 21.7531
Frob norm 2 after updating B : 4.37074
Iteration number -------- 22  -----------
lambda : 1.11042
max_diff => 0.0534114
performed mixing
Frob norm 1 after updating U: 4.31104
200 iterations
f(b) = 21.444
Frob norm 2 after updating B : 4.35427
Iteration number -------- 23  -----------
lambda : 1.11597
max_diff => 0.0540293
performed mixing
Frob norm 1 after updating U: 4.30293
200 iterations
f(b) = 21.294
Frob norm 2 after updating B : 4.33426
Iteration number -------- 24  -----------
lambda : 1.12155
max_diff => 0.0539655
performed mixing
Frob norm 1 after updating U: 4.29963
200 iterations
f(b) = 21.206
Frob norm 2 after updating B : 4.3216
Iteration number -------- 25  -----------
lambda : 1.12716
max_diff => 0.0539687
performed mixing
Frob norm 1 after updating U: 4.29901
200 iterations
f(b) = 21.142
Frob norm 2 after updating B : 4.31255
Iteration number -------- 26  -----------
lambda : 1.1328
max_diff => 0.0539815
performed mixing
Frob norm 1 after updating U: 4.29751
200 iterations
f(b) = 20.9703
Frob norm 2 after updating B : 4.30623
Iteration number -------- 27  -----------
lambda : 1.13846
max_diff => 0.055803
performed mixing
Frob norm 1 after updating U: 4.26849
200 iterations
f(b) = 17.6351
Frob norm 2 after updating B : 3.80806
Iteration number -------- 28  -----------
lambda : 1.14415
max_diff => 0.0640377
performed mixing
Frob norm 1 after updating U: 3.13905
200 iterations
f(b) = 12.1394
Frob norm 2 after updating B : 3.23873
Iteration number -------- 29  -----------
lambda : 1.14987
max_diff => 0.0154154
performed mixing
Frob norm 1 after updating U: 2.07705
200 iterations
f(b) = 9.73843
Frob norm 2 after updating B : 2.91961
Iteration number -------- 30  -----------
lambda : 1.15562
max_diff => 0.0113456
performed mixing
Frob norm 1 after updating U: 2.03575
200 iterations
f(b) = 7.94721
Frob norm 2 after updating B : 2.68817
Iteration number -------- 31  -----------
lambda : 1.1614
max_diff => 0.0126995
performed mixing
Frob norm 1 after updating U: 1.93324
200 iterations
f(b) = 5.25619
Frob norm 2 after updating B : 2.0413
Iteration number -------- 32  -----------
lambda : 1.16721
max_diff => 0.0586794
performed mixing
Frob norm 1 after updating U: 0.800516
200 iterations
f(b) = 3.4787
Frob norm 2 after updating B : 1.7334
Iteration number -------- 33  -----------
lambda : 1.17304
max_diff => 0.062265
performed mixing
Frob norm 1 after updating U: 0.521899
200 iterations
f(b) = 1.9741
Frob norm 2 after updating B : 1.38655
Iteration number -------- 34  -----------
lambda : 1.17891
max_diff => 9.177e-07
performed mixing
Frob norm 1 after updating U: 0.0148218
200 iterations
f(b) = 1.31831
Frob norm 2 after updating B : 1.10986
Iteration number -------- 35  -----------
lambda : 1.1848
max_diff => 1.08154e-07
performed mixing
Frob norm 1 after updating U: 0.0145914
200 iterations
f(b) = 0.876049
Frob norm 2 after updating B : 0.888051
Iteration number -------- 36  -----------
lambda : 1.19073
max_diff => 1.11483e-07
performed mixing
Frob norm 1 after updating U: 0.0145657
200 iterations
f(b) = 0.598367
Frob norm 2 after updating B : 0.710685
Iteration number -------- 37  -----------
lambda : 1.19668
max_diff => 1.00123e-07
performed mixing
Frob norm 1 after updating U: 0.0146011
200 iterations
f(b) = 0.421363
Frob norm 2 after updating B : 0.568631
Iteration number -------- 38  -----------
lambda : 1.20266
max_diff => 1.23876e-07
performed mixing
Frob norm 1 after updating U: 0.0145813
200 iterations
f(b) = 0.299389
Frob norm 2 after updating B : 0.455183
Iteration number -------- 39  -----------
lambda : 1.20868
max_diff => 1.08398e-07
performed mixing
Frob norm 1 after updating U: 0.0145915
200 iterations
f(b) = 0.226934
Frob norm 2 after updating B : 0.364401
Iteration number -------- 40  -----------
lambda : 1.21472
max_diff => 9.998e-08
performed mixing
Frob norm 1 after updating U: 0.0145974
200 iterations
f(b) = 0.180702
Frob norm 2 after updating B : 0.291716
Iteration number -------- 41  -----------
lambda : 1.22079
max_diff => 9.998e-08
performed mixing
Frob norm 1 after updating U: 0.0145971
200 iterations
f(b) = 0.14364
Frob norm 2 after updating B : 0.233682
Iteration number -------- 42  -----------
lambda : 1.2269
max_diff => 9.998e-08
performed mixing
Frob norm 1 after updating U: 0.0145778
200 iterations
f(b) = 0.115612
Frob norm 2 after updating B : 0.187363
Iteration number -------- 43  -----------
lambda : 1.23303
max_diff => 9.998e-08
performed mixing
Frob norm 1 after updating U: 0.0145422
200 iterations
f(b) = 0.0817268
Frob norm 2 after updating B : 0.150191
Iteration number -------- 44  -----------
lambda : 1.2392
max_diff => 9.998e-08
performed mixing
Frob norm 1 after updating U: 0.0144505
200 iterations
f(b) = 0.098069
Frob norm 2 after updating B : 0.120627
Iteration number -------- 45  -----------
lambda : 1.24539
max_diff => 9.998e-08
performed mixing
Frob norm 1 after updating U: 0.0144456
200 iterations
f(b) = 0.0711977
Frob norm 2 after updating B : 0.096955
Iteration number -------- 46  -----------
lambda : 1.25162
max_diff => 9.998e-08
performed mixing
Frob norm 1 after updating U: 0.0145078
200 iterations
f(b) = 0.0683086
Frob norm 2 after updating B : 0.0782426
Iteration number -------- 47  -----------
lambda : 1.25788
max_diff => 9.998e-08
performed mixing
Frob norm 1 after updating U: 0.014439
200 iterations
f(b) = 0.0632095
Frob norm 2 after updating B : 0.0632647
Iteration number -------- 48  -----------
lambda : 1.26417
max_diff => 9.998e-08
performed mixing
Frob norm 1 after updating U: 0.014466
200 iterations
f(b) = 0.0583972
Frob norm 2 after updating B : 0.0514586
Iteration number -------- 49  -----------
lambda : 1.27049
max_diff => 9.998e-08
performed mixing
Frob norm 1 after updating U: 0.0145035
200 iterations
f(b) = 0.0569339
Frob norm 2 after updating B : 0.0421724
Iteration number -------- 50  -----------
lambda : 1.27684
max_diff => 9.998e-08
performed mixing
Frob norm 1 after updating U: 0.0144351
200 iterations
f(b) = 0.0582431
Frob norm 2 after updating B : 0.0349332
Iteration number -------- 51  -----------
lambda : 1.28323
max_diff => 9.998e-08
performed mixing
Frob norm 1 after updating U: 0.014424
200 iterations
f(b) = 0.0542902
Frob norm 2 after updating B : 0.0293957
Iteration number -------- 52  -----------
lambda : 1.28964
max_diff => 9.998e-08
performed mixing
Frob norm 1 after updating U: 0.0145379
200 iterations
f(b) = 0.0583891
Frob norm 2 after updating B : 0.0250741
Iteration number -------- 53  -----------
lambda : 1.29609
max_diff => 9.998e-08
performed mixing
Frob norm 1 after updating U: 0.014447
200 iterations
f(b) = 0.0569022
Frob norm 2 after updating B : 0.0221152
Iteration number -------- 54  -----------
lambda : 1.30257
max_diff => 9.998e-08
performed mixing
Frob norm 1 after updating U: 0.0145439
200 iterations
f(b) = 0.0551032
Frob norm 2 after updating B : 0.0196647
Iteration number -------- 55  -----------
lambda : 1.30908
max_diff => 9.998e-08
performed mixing
Frob norm 1 after updating U: 0.0144118
200 iterations
f(b) = 0.0531634
Frob norm 2 after updating B : 0.0181229
Iteration number -------- 56  -----------
lambda : 1.31563
max_diff => 9.998e-08
performed mixing
Frob norm 1 after updating U: 0.0145818
200 iterations
f(b) = 0.0571896
Frob norm 2 after updating B : 0.0168578
Iteration number -------- 57  -----------
lambda : 1.32221
max_diff => 9.998e-08
performed mixing
Frob norm 1 after updating U: 0.0144275
200 iterations
f(b) = 0.0527815
Frob norm 2 after updating B : 0.0160648
Iteration number -------- 58  -----------
lambda : 1.32882
max_diff => 9.998e-08
performed mixing
Frob norm 1 after updating U: 0.0144512
200 iterations
f(b) = 0.0496198
Frob norm 2 after updating B : 0.0156127
Iteration number -------- 59  -----------
lambda : 1.33546
max_diff => 9.998e-08
performed mixing
Frob norm 1 after updating U: 0.0144724
200 iterations
f(b) = 0.0496147
Frob norm 2 after updating B : 0.0151927
Iteration number -------- 60  -----------
lambda : 1.34214
max_diff => 9.998e-08
performed mixing
Frob norm 1 after updating U: 0.0144573
200 iterations
f(b) = 0.0526369
Frob norm 2 after updating B : 0.0149766
Iteration number -------- 61  -----------
lambda : 1.34885
max_diff => 9.998e-08
performed mixing
Frob norm 1 after updating U: 0.014455
200 iterations
f(b) = 0.0543838
Frob norm 2 after updating B : 0.0148106
Iteration number -------- 62  -----------
lambda : 1.35559
max_diff => 9.998e-08
performed mixing
Frob norm 1 after updating U: 0.0144645
200 iterations
f(b) = 0.0539217
Frob norm 2 after updating B : 0.014693
Iteration number -------- 63  -----------
lambda : 1.36237
max_diff => 9.998e-08
performed mixing
Frob norm 1 after updating U: 0.0144459
200 iterations
f(b) = 0.0559267
Frob norm 2 after updating B : 0.014569
Iteration number -------- 64  -----------
lambda : 1.36918
max_diff => 9.998e-08
performed mixing
Frob norm 1 after updating U: 0.0144142
200 iterations
f(b) = 0.0519226
Frob norm 2 after updating B : 0.0145257
Iteration number -------- 65  -----------
lambda : 1.37603
max_diff => 9.998e-08
performed mixing
Frob norm 1 after updating U: 0.0144139
200 iterations
f(b) = 0.0498651
Frob norm 2 after updating B : 0.0144978
Iteration number -------- 66  -----------
lambda : 1.38291
max_diff => 9.998e-08
performed mixing
Frob norm 1 after updating U: 0.0144168
200 iterations
f(b) = 0.0539837
Frob norm 2 after updating B : 0.0145196
Iteration number -------- 67  -----------
lambda : 1.38982
max_diff => 9.998e-08
performed mixing
Frob norm 1 after updating U: 0.0144495
200 iterations
f(b) = 0.049191
Frob norm 2 after updating B : 0.0144603
Iteration number -------- 68  -----------
lambda : 1.39677
max_diff => 9.998e-08
performed mixing
Frob norm 1 after updating U: 0.0144147
200 iterations
f(b) = 0.0562014
Frob norm 2 after updating B : 0.0144808
Iteration number -------- 69  -----------
lambda : 1.40376
max_diff => 9.998e-08
performed mixing
Frob norm 1 after updating U: 0.0144442
200 iterations
f(b) = 0.0573612
Frob norm 2 after updating B : 0.0144074
Iteration number -------- 70  -----------
lambda : 1.41078
max_diff => 9.998e-08
performed mixing
Frob norm 1 after updating U: 0.0143933
200 iterations
f(b) = 0.057746
Frob norm 2 after updating B : 0.0144873
Iteration number -------- 71  -----------
lambda : 1.41783
max_diff => 9.998e-08
performed mixing
Frob norm 1 after updating U: 0.0144561
200 iterations
f(b) = 0.0479398
Frob norm 2 after updating B : 0.0144425
Iteration number -------- 72  -----------
lambda : 1.42492
max_diff => 9.998e-08
performed mixing
Frob norm 1 after updating U: 0.0144329
200 iterations
f(b) = 0.0567015
Frob norm 2 after updating B : 0.014349
Iteration number -------- 73  -----------
lambda : 1.43204
max_diff => 9.998e-08
performed mixing
Frob norm 1 after updating U: 0.0143471
200 iterations
f(b) = 0.0569648
Frob norm 2 after updating B : 0.0144211
Iteration number -------- 74  -----------
lambda : 1.4392
max_diff => 9.998e-08
performed mixing
Frob norm 1 after updating U: 0.0144108
200 iterations
f(b) = 0.0582522
Frob norm 2 after updating B : 0.0144537
Iteration number -------- 75  -----------
lambda : 1.4464
max_diff => 9.998e-08
performed mixing
Frob norm 1 after updating U: 0.0144372
200 iterations
f(b) = 0.0602368
Frob norm 2 after updating B : 0.0143819
Iteration number -------- 76  -----------
lambda : 1.45363
max_diff => 9.998e-08
performed mixing
Frob norm 1 after updating U: 0.0143871
200 iterations
f(b) = 0.0544628
Frob norm 2 after updating B : 0.0145513
Iteration number -------- 77  -----------
lambda : 1.4609
max_diff => 9.998e-08
performed mixing
Frob norm 1 after updating U: 0.0145047
200 iterations
f(b) = 0.0543465
Frob norm 2 after updating B : 0.0143975
Iteration number -------- 78  -----------
lambda : 1.46821
max_diff => 9.998e-08
performed mixing
Frob norm 1 after updating U: 0.0144056
200 iterations
f(b) = 0.0584769
Frob norm 2 after updating B : 0.0144423
Iteration number -------- 79  -----------
lambda : 1.47555
max_diff => 9.998e-08
performed mixing
Frob norm 1 after updating U: 0.0144294
200 iterations
f(b) = 0.0596311
Frob norm 2 after updating B : 0.0143931
Iteration number -------- 80  -----------
lambda : 1.48292
max_diff => 9.998e-08
performed mixing
Frob norm 1 after updating U: 0.0143966
200 iterations
f(b) = 0.0586392
Frob norm 2 after updating B : 0.0144471
Iteration number -------- 81  -----------
lambda : 1.49034
max_diff => 9.998e-08
performed mixing
Frob norm 1 after updating U: 0.0144369
200 iterations
f(b) = 0.0601194
Frob norm 2 after updating B : 0.0143487
Iteration number -------- 82  -----------
lambda : 1.49779
max_diff => 9.998e-08
performed mixing
Frob norm 1 after updating U: 0.0143583
200 iterations
f(b) = 0.0552527
Frob norm 2 after updating B : 0.0145225
Iteration number -------- 83  -----------
lambda : 1.50528
max_diff => 9.998e-08
performed mixing
Frob norm 1 after updating U: 0.0144786
200 iterations
f(b) = 0.0593603
Frob norm 2 after updating B : 0.0143777
Iteration number -------- 84  -----------
lambda : 1.51281
max_diff => 9.998e-08
performed mixing
Frob norm 1 after updating U: 0.0143841
200 iterations
f(b) = 0.0616299
Frob norm 2 after updating B : 0.0144382
Iteration number -------- 85  -----------
lambda : 1.52037
max_diff => 9.998e-08
performed mixing
Frob norm 1 after updating U: 0.0144447
200 iterations
f(b) = 0.0417165
Frob norm 2 after updating B : 0.0145102
Iteration number -------- 86  -----------
lambda : 1.52797
max_diff => 9.998e-08
performed mixing
Frob norm 1 after updating U: 0.0144808
200 iterations
f(b) = 0.0606491
Frob norm 2 after updating B : 0.0144071
Iteration number -------- 87  -----------
lambda : 1.53561
max_diff => 9.998e-08
performed mixing
Frob norm 1 after updating U: 0.0144206
200 iterations
f(b) = 0.0523914
Frob norm 2 after updating B : 0.0144793
Iteration number -------- 88  -----------
lambda : 1.54329
max_diff => 9.998e-08
performed mixing
Frob norm 1 after updating U: 0.0144685
200 iterations
f(b) = 0.0594943
Frob norm 2 after updating B : 0.014409
Iteration number -------- 89  -----------
lambda : 1.55101
max_diff => 9.998e-08
performed mixing
Frob norm 1 after updating U: 0.0144084
200 iterations
f(b) = 0.0608031
Frob norm 2 after updating B : 0.0143859
Iteration number -------- 90  -----------
lambda : 1.55876
max_diff => 9.998e-08
performed mixing
Frob norm 1 after updating U: 0.0143837
200 iterations
f(b) = 0.0611666
Frob norm 2 after updating B : 0.0143505
Iteration number -------- 91  -----------
lambda : 1.56655
max_diff => 9.998e-08
performed mixing
Frob norm 1 after updating U: 0.0143626
200 iterations
f(b) = 0.0605783
Frob norm 2 after updating B : 0.0143253
Iteration number -------- 92  -----------
lambda : 1.57439
max_diff => 9.998e-08
performed mixing
Frob norm 1 after updating U: 0.0143354
200 iterations
f(b) = 0.0604762
Frob norm 2 after updating B : 0.0144745
Iteration number -------- 93  -----------
lambda : 1.58226
max_diff => 9.998e-08
performed mixing
Frob norm 1 after updating U: 0.0144598
200 iterations
f(b) = 0.0609133
Frob norm 2 after updating B : 0.0143872
Iteration number -------- 94  -----------
lambda : 1.59017
max_diff => 9.998e-08
performed mixing
Frob norm 1 after updating U: 0.0143941
200 iterations
f(b) = 0.0626918
Frob norm 2 after updating B : 0.0143896
Iteration number -------- 95  -----------
lambda : 1.59812
max_diff => 9.998e-08
performed mixing
Frob norm 1 after updating U: 0.0143976
200 iterations
f(b) = 0.0616712
Frob norm 2 after updating B : 0.0144807
Iteration number -------- 96  -----------
lambda : 1.60611
max_diff => 9.998e-08
performed mixing
Frob norm 1 after updating U: 0.0144664
200 iterations
f(b) = 0.0587233
Frob norm 2 after updating B : 0.0144153
Iteration number -------- 97  -----------
lambda : 1.61414
max_diff => 9.998e-08
performed mixing
Frob norm 1 after updating U: 0.0144099
200 iterations
f(b) = 0.0678037
Frob norm 2 after updating B : 0.014345
Iteration number -------- 98  -----------
lambda : 1.62221
max_diff => 9.998e-08
performed mixing
Frob norm 1 after updating U: 0.0143624
200 iterations
f(b) = 0.0563053
Frob norm 2 after updating B : 0.0144802
Iteration number -------- 99  -----------
lambda : 1.63032
max_diff => 9.998e-08
performed mixing
Frob norm 1 after updating U: 0.0144594
200 iterations
f(b) = 0.0597377
Frob norm 2 after updating B : 0.0143598
Iteration number -------- 100  -----------
lambda : 1.63848
max_diff => 9.998e-08
