Academic license - for non-commercial use only
Frob norm 1 after updating U: 14.5218
200 iterations
f(b) = 79.9717
Frob norm 2 after updating B : 8.23929
Iteration number -------- 1  -----------
lambda : 1
max_diff => 0.13882
performed mixing
Frob norm 1 after updating U: 6.67941
200 iterations
f(b) = 70.393
Frob norm 2 after updating B : 7.77005
Iteration number -------- 2  -----------
lambda : 1.005
max_diff => 0.112073
performed mixing
Frob norm 1 after updating U: 6.21557
200 iterations
f(b) = 62.0449
Frob norm 2 after updating B : 7.3163
Iteration number -------- 3  -----------
lambda : 1.01002
max_diff => 0.115427
performed mixing
Frob norm 1 after updating U: 5.98895
200 iterations
f(b) = 55.3773
Frob norm 2 after updating B : 6.89622
Iteration number -------- 4  -----------
lambda : 1.01508
max_diff => 0.118198
performed mixing
Frob norm 1 after updating U: 5.86654
200 iterations
f(b) = 50.5303
Frob norm 2 after updating B : 6.53877
Iteration number -------- 5  -----------
lambda : 1.02015
max_diff => 0.120628
performed mixing
Frob norm 1 after updating U: 5.78699
200 iterations
f(b) = 47.014
Frob norm 2 after updating B : 6.27222
Iteration number -------- 6  -----------
lambda : 1.02525
max_diff => 0.123438
performed mixing
Frob norm 1 after updating U: 5.67798
200 iterations
f(b) = 44.3522
Frob norm 2 after updating B : 6.06742
Iteration number -------- 7  -----------
lambda : 1.03038
max_diff => 0.124964
performed mixing
Frob norm 1 after updating U: 5.56255
200 iterations
f(b) = 42.2323
Frob norm 2 after updating B : 5.89486
Iteration number -------- 8  -----------
lambda : 1.03553
max_diff => 0.124915
performed mixing
Frob norm 1 after updating U: 5.53112
200 iterations
f(b) = 40.5437
Frob norm 2 after updating B : 5.76938
Iteration number -------- 9  -----------
lambda : 1.04071
max_diff => 0.123264
performed mixing
Frob norm 1 after updating U: 5.45356
200 iterations
f(b) = 39.0594
Frob norm 2 after updating B : 5.68283
Iteration number -------- 10  -----------
lambda : 1.04591
max_diff => 0.119081
performed mixing
Frob norm 1 after updating U: 5.39668
200 iterations
f(b) = 37.7495
Frob norm 2 after updating B : 5.58524
Iteration number -------- 11  -----------
lambda : 1.05114
max_diff => 0.114172
performed mixing
Frob norm 1 after updating U: 5.35863
200 iterations
f(b) = 36.8622
Frob norm 2 after updating B : 5.50739
Iteration number -------- 12  -----------
lambda : 1.0564
max_diff => 0.112433
performed mixing
Frob norm 1 after updating U: 5.35082
200 iterations
f(b) = 36.1579
Frob norm 2 after updating B : 5.46018
Iteration number -------- 13  -----------
lambda : 1.06168
max_diff => 0.102595
performed mixing
Frob norm 1 after updating U: 5.31727
200 iterations
f(b) = 35.4131
Frob norm 2 after updating B : 5.42222
Iteration number -------- 14  -----------
lambda : 1.06699
max_diff => 0.0762995
performed mixing
Frob norm 1 after updating U: 5.26533
200 iterations
f(b) = 34.7903
Frob norm 2 after updating B : 5.37158
Iteration number -------- 15  -----------
lambda : 1.07232
max_diff => 0.0742921
performed mixing
Frob norm 1 after updating U: 5.25649
200 iterations
f(b) = 34.0874
Frob norm 2 after updating B : 5.37174
Iteration number -------- 16  -----------
lambda : 1.07768
max_diff => 0.0617789
performed mixing
Frob norm 1 after updating U: 5.20225
200 iterations
f(b) = 33.3727
Frob norm 2 after updating B : 5.32768
Iteration number -------- 17  -----------
lambda : 1.08307
max_diff => 0.0596552
performed mixing
Frob norm 1 after updating U: 5.19172
200 iterations
f(b) = 32.8793
Frob norm 2 after updating B : 5.28137
Iteration number -------- 18  -----------
lambda : 1.08849
max_diff => 0.0594919
performed mixing
Frob norm 1 after updating U: 5.18968
200 iterations
f(b) = 32.156
Frob norm 2 after updating B : 5.30098
Iteration number -------- 19  -----------
lambda : 1.09393
max_diff => 0.0602508
performed mixing
Frob norm 1 after updating U: 5.16292
200 iterations
f(b) = 31.6762
Frob norm 2 after updating B : 5.25224
Iteration number -------- 20  -----------
lambda : 1.0994
max_diff => 0.0601998
performed mixing
Frob norm 1 after updating U: 5.16276
200 iterations
f(b) = 31.3523
Frob norm 2 after updating B : 5.22075
Iteration number -------- 21  -----------
lambda : 1.1049
max_diff => 0.0601845
performed mixing
Frob norm 1 after updating U: 5.16256
200 iterations
f(b) = 31.042
Frob norm 2 after updating B : 5.20647
Iteration number -------- 22  -----------
lambda : 1.11042
max_diff => 0.0596157
performed mixing
Frob norm 1 after updating U: 5.15875
200 iterations
f(b) = 30.879
Frob norm 2 after updating B : 5.18963
Iteration number -------- 23  -----------
lambda : 1.11597
max_diff => 0.0596021
performed mixing
Frob norm 1 after updating U: 5.15866
200 iterations
f(b) = 30.751
Frob norm 2 after updating B : 5.17971
Iteration number -------- 24  -----------
lambda : 1.12155
max_diff => 0.0594573
performed mixing
Frob norm 1 after updating U: 5.15727
200 iterations
f(b) = 30.6854
Frob norm 2 after updating B : 5.17172
Iteration number -------- 25  -----------
lambda : 1.12716
max_diff => 0.0594524
performed mixing
Frob norm 1 after updating U: 5.15721
200 iterations
f(b) = 30.673
Frob norm 2 after updating B : 5.16652
Iteration number -------- 26  -----------
lambda : 1.1328
max_diff => 0.0594451
performed mixing
Frob norm 1 after updating U: 5.15709
200 iterations
f(b) = 30.6476
Frob norm 2 after updating B : 5.16317
Iteration number -------- 27  -----------
lambda : 1.13846
max_diff => 0.0594392
performed mixing
Frob norm 1 after updating U: 5.15703
200 iterations
f(b) = 30.652
Frob norm 2 after updating B : 5.16096
Iteration number -------- 28  -----------
lambda : 1.14415
max_diff => 0.0594365
performed mixing
Frob norm 1 after updating U: 5.15694
200 iterations
f(b) = 30.6468
Frob norm 2 after updating B : 5.15936
Iteration number -------- 29  -----------
lambda : 1.14987
max_diff => 0.0594138
performed mixing
Frob norm 1 after updating U: 5.15657
200 iterations
f(b) = 30.659
Frob norm 2 after updating B : 5.1583
Iteration number -------- 30  -----------
lambda : 1.15562
max_diff => 0.0594076
performed mixing
Frob norm 1 after updating U: 5.15642
200 iterations
f(b) = 30.6681
Frob norm 2 after updating B : 5.15752
Iteration number -------- 31  -----------
lambda : 1.1614
max_diff => 0.0593889
performed mixing
Frob norm 1 after updating U: 5.15622
200 iterations
f(b) = 30.6837
Frob norm 2 after updating B : 5.15695
Iteration number -------- 32  -----------
lambda : 1.16721
max_diff => 0.059394
performed mixing
Frob norm 1 after updating U: 5.15605
200 iterations
f(b) = 30.6807
Frob norm 2 after updating B : 5.15655
Iteration number -------- 33  -----------
lambda : 1.17304
max_diff => 0.0593953
performed mixing
Frob norm 1 after updating U: 5.15588
200 iterations
f(b) = 30.7027
Frob norm 2 after updating B : 5.15616
Iteration number -------- 34  -----------
lambda : 1.17891
max_diff => 0.0593955
performed mixing
Frob norm 1 after updating U: 5.15562
200 iterations
f(b) = 30.7098
Frob norm 2 after updating B : 5.15584
Iteration number -------- 35  -----------
lambda : 1.1848
max_diff => 0.0594232
performed mixing
Frob norm 1 after updating U: 5.15539
200 iterations
f(b) = 30.7372
Frob norm 2 after updating B : 5.1556
Iteration number -------- 36  -----------
lambda : 1.19073
max_diff => 0.0594193
performed mixing
Frob norm 1 after updating U: 5.15526
200 iterations
f(b) = 30.7521
Frob norm 2 after updating B : 5.15537
Iteration number -------- 37  -----------
lambda : 1.19668
max_diff => 0.0594151
performed mixing
Frob norm 1 after updating U: 5.15508
200 iterations
f(b) = 30.7356
Frob norm 2 after updating B : 5.15505
Iteration number -------- 38  -----------
lambda : 1.20266
max_diff => 0.0594802
performed mixing
Frob norm 1 after updating U: 5.15338
200 iterations
f(b) = 30.7455
Frob norm 2 after updating B : 5.15453
Iteration number -------- 39  -----------
lambda : 1.20868
max_diff => 0.0594825
performed mixing
Frob norm 1 after updating U: 5.15339
200 iterations
f(b) = 30.7429
Frob norm 2 after updating B : 5.15409
Iteration number -------- 40  -----------
lambda : 1.21472
max_diff => 0.0594938
performed mixing
Frob norm 1 after updating U: 5.15311
200 iterations
f(b) = 30.7714
Frob norm 2 after updating B : 5.15371
Iteration number -------- 41  -----------
lambda : 1.22079
max_diff => 0.0595
performed mixing
Frob norm 1 after updating U: 5.15293
200 iterations
f(b) = 30.7749
Frob norm 2 after updating B : 5.15345
Iteration number -------- 42  -----------
lambda : 1.2269
max_diff => 0.0595028
performed mixing
Frob norm 1 after updating U: 5.15284
200 iterations
f(b) = 30.7478
Frob norm 2 after updating B : 5.1573
Iteration number -------- 43  -----------
lambda : 1.23303
max_diff => 0.0597573
performed mixing
Frob norm 1 after updating U: 5.152
200 iterations
f(b) = 30.7516
Frob norm 2 after updating B : 5.15521
Iteration number -------- 44  -----------
lambda : 1.2392
max_diff => 0.0597796
performed mixing
Frob norm 1 after updating U: 5.15169
200 iterations
f(b) = 30.7502
Frob norm 2 after updating B : 5.154
Iteration number -------- 45  -----------
lambda : 1.24539
max_diff => 0.0597962
performed mixing
Frob norm 1 after updating U: 5.15161
200 iterations
f(b) = 30.7846
Frob norm 2 after updating B : 5.15316
Iteration number -------- 46  -----------
lambda : 1.25162
max_diff => 0.0598087
performed mixing
Frob norm 1 after updating U: 5.15153
200 iterations
f(b) = 30.7772
Frob norm 2 after updating B : 5.15276
Iteration number -------- 47  -----------
lambda : 1.25788
max_diff => 0.0598573
performed mixing
Frob norm 1 after updating U: 5.15148
200 iterations
f(b) = 30.7752
Frob norm 2 after updating B : 5.15395
Iteration number -------- 48  -----------
lambda : 1.26417
max_diff => 0.0599591
performed mixing
Frob norm 1 after updating U: 5.15142
200 iterations
f(b) = 30.7732
Frob norm 2 after updating B : 5.15305
Iteration number -------- 49  -----------
lambda : 1.27049
max_diff => 0.0599741
performed mixing
Frob norm 1 after updating U: 5.15134
200 iterations
f(b) = 30.8194
Frob norm 2 after updating B : 5.15241
Iteration number -------- 50  -----------
lambda : 1.27684
max_diff => 0.0599908
performed mixing
Frob norm 1 after updating U: 5.15124
200 iterations
f(b) = 30.8281
Frob norm 2 after updating B : 5.15197
Iteration number -------- 51  -----------
lambda : 1.28323
max_diff => 0.0600134
performed mixing
Frob norm 1 after updating U: 5.15109
200 iterations
f(b) = 30.8474
Frob norm 2 after updating B : 5.15169
Iteration number -------- 52  -----------
lambda : 1.28964
max_diff => 0.0600357
performed mixing
Frob norm 1 after updating U: 5.15104
200 iterations
f(b) = 30.8479
Frob norm 2 after updating B : 5.15139
Iteration number -------- 53  -----------
lambda : 1.29609
max_diff => 0.0600922
performed mixing
Frob norm 1 after updating U: 5.15073
200 iterations
f(b) = 30.8029
Frob norm 2 after updating B : 5.1571
Iteration number -------- 54  -----------
lambda : 1.30257
max_diff => 0.0606871
performed mixing
Frob norm 1 after updating U: 5.14885
200 iterations
f(b) = 30.8156
Frob norm 2 after updating B : 5.15421
Iteration number -------- 55  -----------
lambda : 1.30908
max_diff => 0.0606934
performed mixing
Frob norm 1 after updating U: 5.14885
200 iterations
f(b) = 30.8162
Frob norm 2 after updating B : 5.15239
Iteration number -------- 56  -----------
lambda : 1.31563
max_diff => 0.0607024
performed mixing
Frob norm 1 after updating U: 5.14884
200 iterations
f(b) = 30.8008
Frob norm 2 after updating B : 5.15133
Iteration number -------- 57  -----------
lambda : 1.32221
max_diff => 0.060709
performed mixing
Frob norm 1 after updating U: 5.14889
200 iterations
f(b) = 30.8305
Frob norm 2 after updating B : 5.15055
Iteration number -------- 58  -----------
lambda : 1.32882
max_diff => 0.0607265
performed mixing
Frob norm 1 after updating U: 5.14888
200 iterations
f(b) = 30.8204
Frob norm 2 after updating B : 5.15035
Iteration number -------- 59  -----------
lambda : 1.33546
max_diff => 0.0607801
performed mixing
Frob norm 1 after updating U: 5.14877
200 iterations
f(b) = 30.8488
Frob norm 2 after updating B : 5.14996
Iteration number -------- 60  -----------
lambda : 1.34214
max_diff => 0.0608045
performed mixing
Frob norm 1 after updating U: 5.14877
200 iterations
f(b) = 30.7751
Frob norm 2 after updating B : 5.16125
Iteration number -------- 61  -----------
lambda : 1.34885
max_diff => 0.0616071
performed mixing
Frob norm 1 after updating U: 5.1498
200 iterations
f(b) = 30.78
Frob norm 2 after updating B : 5.1573
Iteration number -------- 62  -----------
lambda : 1.35559
max_diff => 0.0616079
performed mixing
Frob norm 1 after updating U: 5.14988
200 iterations
f(b) = 30.7686
Frob norm 2 after updating B : 5.15488
Iteration number -------- 63  -----------
lambda : 1.36237
max_diff => 0.0616135
performed mixing
Frob norm 1 after updating U: 5.14998
200 iterations
f(b) = 30.7125
Frob norm 2 after updating B : 5.15888
Iteration number -------- 64  -----------
lambda : 1.36918
max_diff => 0.061689
performed mixing
Frob norm 1 after updating U: 5.14979
200 iterations
f(b) = 30.7073
Frob norm 2 after updating B : 5.15654
Iteration number -------- 65  -----------
lambda : 1.37603
max_diff => 0.0617745
performed mixing
Frob norm 1 after updating U: 5.14942
200 iterations
f(b) = 30.7084
Frob norm 2 after updating B : 5.15452
Iteration number -------- 66  -----------
lambda : 1.38291
max_diff => 0.0617864
performed mixing
Frob norm 1 after updating U: 5.14968
200 iterations
f(b) = 30.6834
Frob norm 2 after updating B : 5.15318
Iteration number -------- 67  -----------
lambda : 1.38982
max_diff => 0.0618099
performed mixing
Frob norm 1 after updating U: 5.14977
200 iterations
f(b) = 30.7529
Frob norm 2 after updating B : 5.15166
Iteration number -------- 68  -----------
lambda : 1.39677
max_diff => 0.0618217
performed mixing
Frob norm 1 after updating U: 5.14922
200 iterations
f(b) = 30.6385
Frob norm 2 after updating B : 5.15968
Iteration number -------- 69  -----------
lambda : 1.40376
max_diff => 0.0622085
performed mixing
Frob norm 1 after updating U: 5.14764
200 iterations
f(b) = 30.6309
Frob norm 2 after updating B : 5.15554
Iteration number -------- 70  -----------
lambda : 1.41078
max_diff => 0.0622122
performed mixing
Frob norm 1 after updating U: 5.14775
200 iterations
f(b) = 30.6281
Frob norm 2 after updating B : 5.15283
Iteration number -------- 71  -----------
lambda : 1.41783
max_diff => 0.0622197
performed mixing
Frob norm 1 after updating U: 5.14778
200 iterations
f(b) = 30.5884
Frob norm 2 after updating B : 5.15133
Iteration number -------- 72  -----------
lambda : 1.42492
max_diff => 0.0622302
performed mixing
Frob norm 1 after updating U: 5.14786
200 iterations
f(b) = 30.6323
Frob norm 2 after updating B : 5.15018
Iteration number -------- 73  -----------
lambda : 1.43204
max_diff => 0.0622404
performed mixing
Frob norm 1 after updating U: 5.14785
200 iterations
f(b) = 30.6092
Frob norm 2 after updating B : 5.14955
Iteration number -------- 74  -----------
lambda : 1.4392
max_diff => 0.062264
performed mixing
Frob norm 1 after updating U: 5.14786
200 iterations
f(b) = 30.651
Frob norm 2 after updating B : 5.14905
Iteration number -------- 75  -----------
lambda : 1.4464
max_diff => 0.0622796
performed mixing
Frob norm 1 after updating U: 5.14786
200 iterations
f(b) = 30.5771
Frob norm 2 after updating B : 5.15396
Iteration number -------- 76  -----------
lambda : 1.45363
max_diff => 0.0624845
performed mixing
Frob norm 1 after updating U: 5.14782
200 iterations
f(b) = 30.6033
Frob norm 2 after updating B : 5.15176
Iteration number -------- 77  -----------
lambda : 1.4609
max_diff => 0.0624836
performed mixing
Frob norm 1 after updating U: 5.1478
200 iterations
f(b) = 30.583
Frob norm 2 after updating B : 5.15027
Iteration number -------- 78  -----------
lambda : 1.46821
max_diff => 0.0624821
performed mixing
Frob norm 1 after updating U: 5.14767
200 iterations
f(b) = 30.6185
Frob norm 2 after updating B : 5.14932
Iteration number -------- 79  -----------
lambda : 1.47555
max_diff => 0.0624803
performed mixing
Frob norm 1 after updating U: 5.14761
200 iterations
f(b) = 30.6285
Frob norm 2 after updating B : 5.1486
Iteration number -------- 80  -----------
lambda : 1.48292
max_diff => 0.062477
performed mixing
Frob norm 1 after updating U: 5.14746
200 iterations
f(b) = 30.6253
Frob norm 2 after updating B : 5.14785
Iteration number -------- 81  -----------
lambda : 1.49034
max_diff => 0.0624696
performed mixing
Frob norm 1 after updating U: 5.14703
200 iterations
f(b) = 30.6583
Frob norm 2 after updating B : 5.14769
Iteration number -------- 82  -----------
lambda : 1.49779
max_diff => 0.0624627
performed mixing
Frob norm 1 after updating U: 5.14708
200 iterations
f(b) = 30.6777
Frob norm 2 after updating B : 5.14745
Iteration number -------- 83  -----------
lambda : 1.50528
max_diff => 0.0624613
performed mixing
Frob norm 1 after updating U: 5.14705
200 iterations
f(b) = 30.6949
Frob norm 2 after updating B : 5.14724
Iteration number -------- 84  -----------
lambda : 1.51281
max_diff => 0.0624571
performed mixing
Frob norm 1 after updating U: 5.14694
200 iterations
f(b) = 30.6751
Frob norm 2 after updating B : 5.14654
Iteration number -------- 85  -----------
lambda : 1.52037
max_diff => 0.0624297
performed mixing
Frob norm 1 after updating U: 5.14618
200 iterations
f(b) = 30.7105
Frob norm 2 after updating B : 5.14624
Iteration number -------- 86  -----------
lambda : 1.52797
max_diff => 0.0624165
performed mixing
Frob norm 1 after updating U: 5.14597
200 iterations
f(b) = 30.7445
Frob norm 2 after updating B : 5.14604
Iteration number -------- 87  -----------
lambda : 1.53561
max_diff => 0.0624115
performed mixing
Frob norm 1 after updating U: 5.14585
200 iterations
f(b) = 30.7665
Frob norm 2 after updating B : 5.14592
Iteration number -------- 88  -----------
lambda : 1.54329
max_diff => 0.0624088
performed mixing
Frob norm 1 after updating U: 5.14579
200 iterations
f(b) = 30.7847
Frob norm 2 after updating B : 5.14581
Iteration number -------- 89  -----------
lambda : 1.55101
max_diff => 0.0624048
performed mixing
Frob norm 1 after updating U: 5.14571
200 iterations
f(b) = 30.7949
Frob norm 2 after updating B : 5.14572
Iteration number -------- 90  -----------
lambda : 1.55876
max_diff => 0.0624009
performed mixing
Frob norm 1 after updating U: 5.14564
200 iterations
f(b) = 30.8244
Frob norm 2 after updating B : 5.14559
Iteration number -------- 91  -----------
lambda : 1.56655
max_diff => 0.0623952
performed mixing
Frob norm 1 after updating U: 5.14553
200 iterations
f(b) = 30.8461
Frob norm 2 after updating B : 5.1455
Iteration number -------- 92  -----------
lambda : 1.57439
max_diff => 0.0623896
performed mixing
Frob norm 1 after updating U: 5.14546
200 iterations
f(b) = 30.829
Frob norm 2 after updating B : 5.14518
Iteration number -------- 93  -----------
lambda : 1.58226
max_diff => 0.0623638
performed mixing
Frob norm 1 after updating U: 5.14511
200 iterations
f(b) = 30.8846
Frob norm 2 after updating B : 5.14511
Iteration number -------- 94  -----------
lambda : 1.59017
max_diff => 0.0623596
performed mixing
Frob norm 1 after updating U: 5.14506
200 iterations
f(b) = 30.902
Frob norm 2 after updating B : 5.14499
Iteration number -------- 95  -----------
lambda : 1.59812
max_diff => 0.0623493
performed mixing
Frob norm 1 after updating U: 5.14495
200 iterations
f(b) = 30.9261
Frob norm 2 after updating B : 5.14491
Iteration number -------- 96  -----------
lambda : 1.60611
max_diff => 0.0623423
performed mixing
Frob norm 1 after updating U: 5.14488
200 iterations
f(b) = 30.9472
Frob norm 2 after updating B : 5.14483
Iteration number -------- 97  -----------
lambda : 1.61414
max_diff => 0.0623329
performed mixing
Frob norm 1 after updating U: 5.1448
200 iterations
f(b) = 30.967
Frob norm 2 after updating B : 5.14476
Iteration number -------- 98  -----------
lambda : 1.62221
max_diff => 0.0623255
performed mixing
Frob norm 1 after updating U: 5.14473
200 iterations
f(b) = 30.988
Frob norm 2 after updating B : 5.14465
Iteration number -------- 99  -----------
lambda : 1.63032
max_diff => 0.0623146
performed mixing
Frob norm 1 after updating U: 5.14463
200 iterations
f(b) = 31.0102
Frob norm 2 after updating B : 5.14463
Iteration number -------- 100  -----------
lambda : 1.63848
max_diff => 0.0623069
