Academic license - for non-commercial use only
Frob norm 1 after updating U: 15.2709
200 iterations
f(b) = 149.141
Frob norm 2 after updating B : 11.3619
Iteration number -------- 1  -----------
lambda : 1
max_diff => 0.195749
performed mixing
Frob norm 1 after updating U: 9.80703
200 iterations
f(b) = 134.983
Frob norm 2 after updating B : 10.8241
Iteration number -------- 2  -----------
lambda : 1.005
max_diff => 0.184984
performed mixing
Frob norm 1 after updating U: 9.03284
200 iterations
f(b) = 120.925
Frob norm 2 after updating B : 10.206
Iteration number -------- 3  -----------
lambda : 1.01002
max_diff => 0.176018
performed mixing
Frob norm 1 after updating U: 8.37505
200 iterations
f(b) = 107.886
Frob norm 2 after updating B : 9.58088
Iteration number -------- 4  -----------
lambda : 1.01508
max_diff => 0.156071
performed mixing
Frob norm 1 after updating U: 7.84488
200 iterations
f(b) = 95.7485
Frob norm 2 after updating B : 9.02641
Iteration number -------- 5  -----------
lambda : 1.02015
max_diff => 0.141972
performed mixing
Frob norm 1 after updating U: 7.28647
200 iterations
f(b) = 84.8
Frob norm 2 after updating B : 8.49597
Iteration number -------- 6  -----------
lambda : 1.02525
max_diff => 0.136091
performed mixing
Frob norm 1 after updating U: 6.94506
200 iterations
f(b) = 75.2659
Frob norm 2 after updating B : 8.07739
Iteration number -------- 7  -----------
lambda : 1.03038
max_diff => 0.113834
performed mixing
Frob norm 1 after updating U: 6.62003
200 iterations
f(b) = 67.1613
Frob norm 2 after updating B : 7.67326
Iteration number -------- 8  -----------
lambda : 1.03553
max_diff => 0.0801561
performed mixing
Frob norm 1 after updating U: 6.42041
200 iterations
f(b) = 59.6037
Frob norm 2 after updating B : 7.27053
Iteration number -------- 9  -----------
lambda : 1.04071
max_diff => 0.0518911
performed mixing
Frob norm 1 after updating U: 6.19189
200 iterations
f(b) = 54.5211
Frob norm 2 after updating B : 6.93496
Iteration number -------- 10  -----------
lambda : 1.04591
max_diff => 0.048218
performed mixing
Frob norm 1 after updating U: 6.1601
200 iterations
f(b) = 50.6873
Frob norm 2 after updating B : 6.72095
Iteration number -------- 11  -----------
lambda : 1.05114
max_diff => 0.0416482
performed mixing
Frob norm 1 after updating U: 6.10683
200 iterations
f(b) = 47.2069
Frob norm 2 after updating B : 6.52532
Iteration number -------- 12  -----------
lambda : 1.0564
max_diff => 0.0462361
performed mixing
Frob norm 1 after updating U: 5.97707
200 iterations
f(b) = 44.7791
Frob norm 2 after updating B : 6.33682
Iteration number -------- 13  -----------
lambda : 1.06168
max_diff => 0.0465027
performed mixing
Frob norm 1 after updating U: 5.97666
200 iterations
f(b) = 42.8525
Frob norm 2 after updating B : 6.24377
Iteration number -------- 14  -----------
lambda : 1.06699
max_diff => 0.0571292
performed mixing
Frob norm 1 after updating U: 5.95106
200 iterations
f(b) = 41.6246
Frob norm 2 after updating B : 6.14137
Iteration number -------- 15  -----------
lambda : 1.07232
max_diff => 0.0573086
performed mixing
Frob norm 1 after updating U: 5.94987
200 iterations
f(b) = 40.3204
Frob norm 2 after updating B : 6.0486
Iteration number -------- 16  -----------
lambda : 1.07768
max_diff => 0.0623633
performed mixing
Frob norm 1 after updating U: 5.82146
200 iterations
f(b) = 24.2161
Frob norm 2 after updating B : 4.66897
Iteration number -------- 17  -----------
lambda : 1.08307
max_diff => 0.0598928
performed mixing
Frob norm 1 after updating U: 2.95644
200 iterations
f(b) = 19.6425
Frob norm 2 after updating B : 4.14757
Iteration number -------- 18  -----------
lambda : 1.08849
max_diff => 0.0598417
performed mixing
Frob norm 1 after updating U: 2.95161
200 iterations
f(b) = 15.604
Frob norm 2 after updating B : 3.60454
Iteration number -------- 19  -----------
lambda : 1.09393
max_diff => 0.0545937
performed mixing
Frob norm 1 after updating U: 2.34093
200 iterations
f(b) = 10.1751
Frob norm 2 after updating B : 3.02444
Iteration number -------- 20  -----------
lambda : 1.0994
max_diff => 0.0577976
performed mixing
Frob norm 1 after updating U: 1.62073
200 iterations
f(b) = 7.64225
Frob norm 2 after updating B : 2.62751
Iteration number -------- 21  -----------
lambda : 1.1049
max_diff => 0.0583398
performed mixing
Frob norm 1 after updating U: 1.61425
200 iterations
f(b) = 6.1107
Frob norm 2 after updating B : 2.31918
Iteration number -------- 22  -----------
lambda : 1.11042
max_diff => 0.0584245
performed mixing
Frob norm 1 after updating U: 1.6141
200 iterations
f(b) = 5.10213
Frob norm 2 after updating B : 2.09937
Iteration number -------- 23  -----------
lambda : 1.11597
max_diff => 0.0586897
performed mixing
Frob norm 1 after updating U: 1.61319
200 iterations
f(b) = 4.40338
Frob norm 2 after updating B : 1.95119
Iteration number -------- 24  -----------
lambda : 1.12155
max_diff => 0.0592361
performed mixing
Frob norm 1 after updating U: 1.6107
200 iterations
f(b) = 3.97013
Frob norm 2 after updating B : 1.83909
Iteration number -------- 25  -----------
lambda : 1.12716
max_diff => 0.0594465
performed mixing
Frob norm 1 after updating U: 1.6091
200 iterations
f(b) = 3.52429
Frob norm 2 after updating B : 1.76966
Iteration number -------- 26  -----------
lambda : 1.1328
max_diff => 0.0635464
performed mixing
Frob norm 1 after updating U: 1.5694
200 iterations
f(b) = 3.30188
Frob norm 2 after updating B : 1.69519
Iteration number -------- 27  -----------
lambda : 1.13846
max_diff => 0.0642246
performed mixing
Frob norm 1 after updating U: 1.56251
200 iterations
f(b) = 1.58744
Frob norm 2 after updating B : 1.08724
Iteration number -------- 28  -----------
lambda : 1.14415
max_diff => 0.0616599
performed mixing
Frob norm 1 after updating U: 0.60992
200 iterations
f(b) = 0.704877
Frob norm 2 after updating B : 0.812834
Iteration number -------- 29  -----------
lambda : 1.14987
max_diff => 3.0644e-06
performed mixing
Frob norm 1 after updating U: 0.0159417
200 iterations
f(b) = 0.504361
Frob norm 2 after updating B : 0.65047
Iteration number -------- 30  -----------
lambda : 1.15562
max_diff => 1.36248e-07
performed mixing
Frob norm 1 after updating U: 0.0154079
200 iterations
f(b) = 0.346727
Frob norm 2 after updating B : 0.520752
Iteration number -------- 31  -----------
lambda : 1.1614
max_diff => 1.60489e-07
performed mixing
Frob norm 1 after updating U: 0.0154169
200 iterations
f(b) = 0.251721
Frob norm 2 after updating B : 0.416806
Iteration number -------- 32  -----------
lambda : 1.16721
max_diff => 9.998e-08
performed mixing
Frob norm 1 after updating U: 0.0154245
200 iterations
f(b) = 0.193211
Frob norm 2 after updating B : 0.333761
Iteration number -------- 33  -----------
lambda : 1.17304
max_diff => 9.99823e-08
performed mixing
Frob norm 1 after updating U: 0.0154445
200 iterations
f(b) = 0.143603
Frob norm 2 after updating B : 0.267425
Iteration number -------- 34  -----------
lambda : 1.17891
max_diff => 9.998e-08
performed mixing
Frob norm 1 after updating U: 0.0153854
200 iterations
f(b) = 0.128417
Frob norm 2 after updating B : 0.214338
Iteration number -------- 35  -----------
lambda : 1.1848
max_diff => 9.998e-08
performed mixing
Frob norm 1 after updating U: 0.0153744
200 iterations
f(b) = 0.0990401
Frob norm 2 after updating B : 0.171867
Iteration number -------- 36  -----------
lambda : 1.19073
max_diff => 9.998e-08
performed mixing
Frob norm 1 after updating U: 0.0153512
200 iterations
f(b) = 0.0822671
Frob norm 2 after updating B : 0.138007
Iteration number -------- 37  -----------
lambda : 1.19668
max_diff => 9.998e-08
performed mixing
Frob norm 1 after updating U: 0.0152784
200 iterations
f(b) = 0.0631212
Frob norm 2 after updating B : 0.111024
Iteration number -------- 38  -----------
lambda : 1.20266
max_diff => 9.998e-08
performed mixing
Frob norm 1 after updating U: 0.0153679
200 iterations
f(b) = 0.0656042
Frob norm 2 after updating B : 0.0894885
Iteration number -------- 39  -----------
lambda : 1.20868
max_diff => 9.998e-08
performed mixing
Frob norm 1 after updating U: 0.0154
200 iterations
f(b) = 0.075701
Frob norm 2 after updating B : 0.0723386
Iteration number -------- 40  -----------
lambda : 1.21472
max_diff => 9.998e-08
performed mixing
Frob norm 1 after updating U: 0.0152629
200 iterations
f(b) = 0.0633784
Frob norm 2 after updating B : 0.0588699
Iteration number -------- 41  -----------
lambda : 1.22079
max_diff => 9.998e-08
performed mixing
Frob norm 1 after updating U: 0.0154377
200 iterations
f(b) = 0.0642955
Frob norm 2 after updating B : 0.0480577
Iteration number -------- 42  -----------
lambda : 1.2269
max_diff => 9.998e-08
performed mixing
Frob norm 1 after updating U: 0.0153257
200 iterations
f(b) = 0.0546372
Frob norm 2 after updating B : 0.0398062
Iteration number -------- 43  -----------
lambda : 1.23303
max_diff => 9.998e-08
performed mixing
Frob norm 1 after updating U: 0.0153178
200 iterations
f(b) = 0.0493527
Frob norm 2 after updating B : 0.0333827
Iteration number -------- 44  -----------
lambda : 1.2392
max_diff => 9.998e-08
performed mixing
Frob norm 1 after updating U: 0.0153513
200 iterations
f(b) = 0.0504032
Frob norm 2 after updating B : 0.0283799
Iteration number -------- 45  -----------
lambda : 1.24539
max_diff => 9.998e-08
performed mixing
Frob norm 1 after updating U: 0.0153512
200 iterations
f(b) = 0.0595819
Frob norm 2 after updating B : 0.0244983
Iteration number -------- 46  -----------
lambda : 1.25162
max_diff => 9.998e-08
performed mixing
Frob norm 1 after updating U: 0.0153237
200 iterations
f(b) = 0.0535696
Frob norm 2 after updating B : 0.0218909
Iteration number -------- 47  -----------
lambda : 1.25788
max_diff => 9.998e-08
performed mixing
Frob norm 1 after updating U: 0.0153483
200 iterations
f(b) = 0.0550974
Frob norm 2 after updating B : 0.019931
Iteration number -------- 48  -----------
lambda : 1.26417
max_diff => 9.998e-08
performed mixing
Frob norm 1 after updating U: 0.0153855
200 iterations
f(b) = 0.0529082
Frob norm 2 after updating B : 0.0184117
Iteration number -------- 49  -----------
lambda : 1.27049
max_diff => 9.998e-08
performed mixing
Frob norm 1 after updating U: 0.015322
200 iterations
f(b) = 0.0459191
Frob norm 2 after updating B : 0.0175483
Iteration number -------- 50  -----------
lambda : 1.27684
max_diff => 9.998e-08
performed mixing
Frob norm 1 after updating U: 0.0153541
200 iterations
f(b) = 0.0435947
Frob norm 2 after updating B : 0.0167964
Iteration number -------- 51  -----------
lambda : 1.28323
max_diff => 9.998e-08
performed mixing
Frob norm 1 after updating U: 0.0153419
200 iterations
f(b) = 0.0489638
Frob norm 2 after updating B : 0.0163053
Iteration number -------- 52  -----------
lambda : 1.28964
max_diff => 9.998e-08
performed mixing
Frob norm 1 after updating U: 0.0152852
200 iterations
f(b) = 0.0527183
Frob norm 2 after updating B : 0.0159188
Iteration number -------- 53  -----------
lambda : 1.29609
max_diff => 9.998e-08
performed mixing
Frob norm 1 after updating U: 0.0152299
200 iterations
f(b) = 0.0524301
Frob norm 2 after updating B : 0.0158934
Iteration number -------- 54  -----------
lambda : 1.30257
max_diff => 9.998e-08
performed mixing
Frob norm 1 after updating U: 0.0153855
200 iterations
f(b) = 0.0501431
Frob norm 2 after updating B : 0.0155961
Iteration number -------- 55  -----------
lambda : 1.30908
max_diff => 9.998e-08
performed mixing
Frob norm 1 after updating U: 0.0152554
200 iterations
f(b) = 0.0512626
Frob norm 2 after updating B : 0.0156076
Iteration number -------- 56  -----------
lambda : 1.31563
max_diff => 9.998e-08
performed mixing
Frob norm 1 after updating U: 0.0153478
200 iterations
f(b) = 0.0457016
Frob norm 2 after updating B : 0.0155788
Iteration number -------- 57  -----------
lambda : 1.32221
max_diff => 9.998e-08
performed mixing
Frob norm 1 after updating U: 0.0153769
200 iterations
f(b) = 0.0500114
Frob norm 2 after updating B : 0.0154106
Iteration number -------- 58  -----------
lambda : 1.32882
max_diff => 9.998e-08
performed mixing
Frob norm 1 after updating U: 0.0152867
200 iterations
f(b) = 0.0530892
Frob norm 2 after updating B : 0.0154348
Iteration number -------- 59  -----------
lambda : 1.33546
max_diff => 9.998e-08
performed mixing
Frob norm 1 after updating U: 0.0153233
200 iterations
f(b) = 0.0546762
Frob norm 2 after updating B : 0.0153105
Iteration number -------- 60  -----------
lambda : 1.34214
max_diff => 9.998e-08
performed mixing
Frob norm 1 after updating U: 0.0152446
200 iterations
f(b) = 0.0511634
Frob norm 2 after updating B : 0.0153793
Iteration number -------- 61  -----------
lambda : 1.34885
max_diff => 9.998e-08
performed mixing
Frob norm 1 after updating U: 0.015311
200 iterations
f(b) = 0.0511798
Frob norm 2 after updating B : 0.0153008
Iteration number -------- 62  -----------
lambda : 1.35559
max_diff => 9.998e-08
performed mixing
Frob norm 1 after updating U: 0.0152802
200 iterations
f(b) = 0.0503804
Frob norm 2 after updating B : 0.0153737
Iteration number -------- 63  -----------
lambda : 1.36237
max_diff => 9.998e-08
performed mixing
Frob norm 1 after updating U: 0.0153228
200 iterations
f(b) = 0.0552876
Frob norm 2 after updating B : 0.0152609
Iteration number -------- 64  -----------
lambda : 1.36918
max_diff => 9.998e-08
performed mixing
Frob norm 1 after updating U: 0.015253
200 iterations
f(b) = 0.0445614
Frob norm 2 after updating B : 0.015294
Iteration number -------- 65  -----------
lambda : 1.37603
max_diff => 9.998e-08
performed mixing
Frob norm 1 after updating U: 0.0152657
200 iterations
f(b) = 0.0540611
Frob norm 2 after updating B : 0.0153446
Iteration number -------- 66  -----------
lambda : 1.38291
max_diff => 9.998e-08
performed mixing
Frob norm 1 after updating U: 0.0153146
200 iterations
f(b) = 0.0560296
Frob norm 2 after updating B : 0.0152465
Iteration number -------- 67  -----------
lambda : 1.38982
max_diff => 9.998e-08
performed mixing
Frob norm 1 after updating U: 0.0152368
200 iterations
f(b) = 0.0582594
Frob norm 2 after updating B : 0.0153803
Iteration number -------- 68  -----------
lambda : 1.39677
max_diff => 9.998e-08
performed mixing
Frob norm 1 after updating U: 0.0153532
200 iterations
f(b) = 0.0559889
Frob norm 2 after updating B : 0.0152473
Iteration number -------- 69  -----------
lambda : 1.40376
max_diff => 9.998e-08
performed mixing
Frob norm 1 after updating U: 0.0152511
200 iterations
f(b) = 0.0476841
Frob norm 2 after updating B : 0.0153648
Iteration number -------- 70  -----------
lambda : 1.41078
max_diff => 9.998e-08
performed mixing
Frob norm 1 after updating U: 0.0153338
200 iterations
f(b) = 0.0558718
Frob norm 2 after updating B : 0.0152007
Iteration number -------- 71  -----------
lambda : 1.41783
max_diff => 9.998e-08
performed mixing
Frob norm 1 after updating U: 0.0152144
200 iterations
f(b) = 0.0553314
Frob norm 2 after updating B : 0.0153383
Iteration number -------- 72  -----------
lambda : 1.42492
max_diff => 9.998e-08
performed mixing
Frob norm 1 after updating U: 0.0153317
200 iterations
f(b) = 0.0555163
Frob norm 2 after updating B : 0.0153877
Iteration number -------- 73  -----------
lambda : 1.43204
max_diff => 9.998e-08
performed mixing
Frob norm 1 after updating U: 0.0153574
200 iterations
f(b) = 0.0576202
Frob norm 2 after updating B : 0.0152371
Iteration number -------- 74  -----------
lambda : 1.4392
max_diff => 9.998e-08
performed mixing
Frob norm 1 after updating U: 0.015258
200 iterations
f(b) = 0.0567212
Frob norm 2 after updating B : 0.0153363
Iteration number -------- 75  -----------
lambda : 1.4464
max_diff => 9.998e-08
performed mixing
Frob norm 1 after updating U: 0.0153134
200 iterations
f(b) = 0.0579739
Frob norm 2 after updating B : 0.0152456
Iteration number -------- 76  -----------
lambda : 1.45363
max_diff => 9.998e-08
performed mixing
Frob norm 1 after updating U: 0.0152576
200 iterations
f(b) = 0.0583576
Frob norm 2 after updating B : 0.0152769
Iteration number -------- 77  -----------
lambda : 1.4609
max_diff => 9.998e-08
performed mixing
Frob norm 1 after updating U: 0.0152706
200 iterations
f(b) = 0.0575339
Frob norm 2 after updating B : 0.0153274
Iteration number -------- 78  -----------
lambda : 1.46821
max_diff => 9.998e-08
performed mixing
Frob norm 1 after updating U: 0.0153315
200 iterations
f(b) = 0.0516683
Frob norm 2 after updating B : 0.0153708
Iteration number -------- 79  -----------
lambda : 1.47555
max_diff => 9.998e-08
performed mixing
Frob norm 1 after updating U: 0.0153454
200 iterations
f(b) = 0.051311
Frob norm 2 after updating B : 0.015278
Iteration number -------- 80  -----------
lambda : 1.48292
max_diff => 9.998e-08
performed mixing
Frob norm 1 after updating U: 0.0152876
200 iterations
f(b) = 0.0570663
Frob norm 2 after updating B : 0.0153055
Iteration number -------- 81  -----------
lambda : 1.49034
max_diff => 9.998e-08
performed mixing
Frob norm 1 after updating U: 0.0153001
200 iterations
f(b) = 0.0589087
Frob norm 2 after updating B : 0.0153191
Iteration number -------- 82  -----------
lambda : 1.49779
max_diff => 9.998e-08
performed mixing
Frob norm 1 after updating U: 0.0153113
200 iterations
f(b) = 0.0588936
Frob norm 2 after updating B : 0.0152846
Iteration number -------- 83  -----------
lambda : 1.50528
max_diff => 9.998e-08
performed mixing
Frob norm 1 after updating U: 0.0152874
200 iterations
f(b) = 0.0599256
Frob norm 2 after updating B : 0.0153031
Iteration number -------- 84  -----------
lambda : 1.51281
max_diff => 9.998e-08
performed mixing
Frob norm 1 after updating U: 0.0152952
200 iterations
f(b) = 0.0493435
Frob norm 2 after updating B : 0.0153186
Iteration number -------- 85  -----------
lambda : 1.52037
max_diff => 9.998e-08
performed mixing
Frob norm 1 after updating U: 0.0153078
200 iterations
f(b) = 0.0584336
Frob norm 2 after updating B : 0.0152393
Iteration number -------- 86  -----------
lambda : 1.52797
max_diff => 9.998e-08
performed mixing
Frob norm 1 after updating U: 0.0152401
200 iterations
f(b) = 0.060402
Frob norm 2 after updating B : 0.0153066
Iteration number -------- 87  -----------
lambda : 1.53561
max_diff => 9.998e-08
performed mixing
Frob norm 1 after updating U: 0.0152942
200 iterations
f(b) = 0.059922
Frob norm 2 after updating B : 0.0152545
Iteration number -------- 88  -----------
lambda : 1.54329
max_diff => 9.998e-08
performed mixing
Frob norm 1 after updating U: 0.0152606
200 iterations
f(b) = 0.0545075
Frob norm 2 after updating B : 0.0152767
Iteration number -------- 89  -----------
lambda : 1.55101
max_diff => 9.998e-08
performed mixing
Frob norm 1 after updating U: 0.0152771
200 iterations
f(b) = 0.0600055
Frob norm 2 after updating B : 0.0151708
Iteration number -------- 90  -----------
lambda : 1.55876
max_diff => 9.998e-08
performed mixing
Frob norm 1 after updating U: 0.0151913
200 iterations
f(b) = 0.0616849
Frob norm 2 after updating B : 0.0152195
Iteration number -------- 91  -----------
lambda : 1.56655
max_diff => 9.998e-08
performed mixing
Frob norm 1 after updating U: 0.0152193
200 iterations
f(b) = 0.0605703
Frob norm 2 after updating B : 0.0153282
Iteration number -------- 92  -----------
lambda : 1.57439
max_diff => 9.998e-08
performed mixing
Frob norm 1 after updating U: 0.0153109
200 iterations
f(b) = 0.0629641
Frob norm 2 after updating B : 0.0152322
Iteration number -------- 93  -----------
lambda : 1.58226
max_diff => 9.998e-08
performed mixing
Frob norm 1 after updating U: 0.015244
200 iterations
f(b) = 0.0558717
Frob norm 2 after updating B : 0.0152855
Iteration number -------- 94  -----------
lambda : 1.59017
max_diff => 9.998e-08
performed mixing
Frob norm 1 after updating U: 0.0152666
200 iterations
f(b) = 0.0550699
Frob norm 2 after updating B : 0.0153499
Iteration number -------- 95  -----------
lambda : 1.59812
max_diff => 9.998e-08
performed mixing
Frob norm 1 after updating U: 0.015333
200 iterations
f(b) = 0.057787
Frob norm 2 after updating B : 0.0152665
Iteration number -------- 96  -----------
lambda : 1.60611
max_diff => 9.998e-08
performed mixing
Frob norm 1 after updating U: 0.0152431
200 iterations
f(b) = 0.0616903
Frob norm 2 after updating B : 0.0153892
Iteration number -------- 97  -----------
lambda : 1.61414
max_diff => 9.998e-08
performed mixing
Frob norm 1 after updating U: 0.0153595
200 iterations
f(b) = 0.0615687
Frob norm 2 after updating B : 0.0152549
Iteration number -------- 98  -----------
lambda : 1.62221
max_diff => 9.998e-08
performed mixing
Frob norm 1 after updating U: 0.0152578
200 iterations
f(b) = 0.0620373
Frob norm 2 after updating B : 0.0152495
Iteration number -------- 99  -----------
lambda : 1.63032
max_diff => 9.998e-08
performed mixing
Frob norm 1 after updating U: 0.0152659
200 iterations
f(b) = 0.0617731
Frob norm 2 after updating B : 0.0153642
Iteration number -------- 100  -----------
lambda : 1.63848
max_diff => 9.998e-08
