Academic license - for non-commercial use only
Frob norm 1 after updating U: 15.2717
200 iterations
f(b) = 128.736
Frob norm 2 after updating B : 10.3694
Iteration number -------- 1  -----------
lambda : 1
max_diff => 0.216118
performed mixing
Frob norm 1 after updating U: 8.30433
200 iterations
f(b) = 112.257
Frob norm 2 after updating B : 9.62732
Iteration number -------- 2  -----------
lambda : 1.005
max_diff => 0.217716
performed mixing
Frob norm 1 after updating U: 7.40917
200 iterations
f(b) = 96.5414
Frob norm 2 after updating B : 8.88126
Iteration number -------- 3  -----------
lambda : 1.01002
max_diff => 0.197385
performed mixing
Frob norm 1 after updating U: 6.59966
200 iterations
f(b) = 81.2274
Frob norm 2 after updating B : 8.23595
Iteration number -------- 4  -----------
lambda : 1.01508
max_diff => 0.132461
performed mixing
Frob norm 1 after updating U: 5.5377
200 iterations
f(b) = 66.2857
Frob norm 2 after updating B : 7.57232
Iteration number -------- 5  -----------
lambda : 1.02015
max_diff => 0.0927279
performed mixing
Frob norm 1 after updating U: 4.66309
200 iterations
f(b) = 52.3522
Frob norm 2 after updating B : 6.81008
Iteration number -------- 6  -----------
lambda : 1.02525
max_diff => 0.0727556
performed mixing
Frob norm 1 after updating U: 4.21171
200 iterations
f(b) = 41.327
Frob norm 2 after updating B : 6.06625
Iteration number -------- 7  -----------
lambda : 1.03038
max_diff => 0.0736336
performed mixing
Frob norm 1 after updating U: 3.67547
200 iterations
f(b) = 32.6783
Frob norm 2 after updating B : 5.39134
Iteration number -------- 8  -----------
lambda : 1.03553
max_diff => 0.0754351
performed mixing
Frob norm 1 after updating U: 3.40112
200 iterations
f(b) = 25.2967
Frob norm 2 after updating B : 4.79004
Iteration number -------- 9  -----------
lambda : 1.04071
max_diff => 0.0886771
performed mixing
Frob norm 1 after updating U: 2.85788
200 iterations
f(b) = 18.7844
Frob norm 2 after updating B : 4.05417
Iteration number -------- 10  -----------
lambda : 1.04591
max_diff => 0.124342
performed mixing
Frob norm 1 after updating U: 2.34344
200 iterations
f(b) = 10.2458
Frob norm 2 after updating B : 3.07017
Iteration number -------- 11  -----------
lambda : 1.05114
max_diff => 0.0606884
performed mixing
Frob norm 1 after updating U: 1.1408
200 iterations
f(b) = 6.76574
Frob norm 2 after updating B : 2.5229
Iteration number -------- 12  -----------
lambda : 1.0564
max_diff => 0.0256815
performed mixing
Frob norm 1 after updating U: 0.936108
200 iterations
f(b) = 4.78308
Frob norm 2 after updating B : 2.10856
Iteration number -------- 13  -----------
lambda : 1.06168
max_diff => 0.0282848
performed mixing
Frob norm 1 after updating U: 0.915332
200 iterations
f(b) = 3.50162
Frob norm 2 after updating B : 1.77977
Iteration number -------- 14  -----------
lambda : 1.06699
max_diff => 0.029598
performed mixing
Frob norm 1 after updating U: 0.906241
200 iterations
f(b) = 2.63835
Frob norm 2 after updating B : 1.52865
Iteration number -------- 15  -----------
lambda : 1.07232
max_diff => 0.0317529
performed mixing
Frob norm 1 after updating U: 0.887863
200 iterations
f(b) = 1.24682
Frob norm 2 after updating B : 1.09463
Iteration number -------- 16  -----------
lambda : 1.07768
max_diff => 1.61653e-05
performed mixing
Frob norm 1 after updating U: 0.017019
200 iterations
f(b) = 0.836573
Frob norm 2 after updating B : 0.87558
Iteration number -------- 17  -----------
lambda : 1.08307
max_diff => 1.00923e-07
performed mixing
Frob norm 1 after updating U: 0.0154735
200 iterations
f(b) = 0.566473
Frob norm 2 after updating B : 0.700958
Iteration number -------- 18  -----------
lambda : 1.08849
max_diff => 1.16747e-07
performed mixing
Frob norm 1 after updating U: 0.0154625
200 iterations
f(b) = 0.392226
Frob norm 2 after updating B : 0.561145
Iteration number -------- 19  -----------
lambda : 1.09393
max_diff => 9.998e-08
performed mixing
Frob norm 1 after updating U: 0.0154194
200 iterations
f(b) = 0.279076
Frob norm 2 after updating B : 0.449386
Iteration number -------- 20  -----------
lambda : 1.0994
max_diff => 9.998e-08
performed mixing
Frob norm 1 after updating U: 0.0154129
200 iterations
f(b) = 0.205036
Frob norm 2 after updating B : 0.360002
Iteration number -------- 21  -----------
lambda : 1.1049
max_diff => 9.998e-08
performed mixing
Frob norm 1 after updating U: 0.0154048
200 iterations
f(b) = 0.156927
Frob norm 2 after updating B : 0.288434
Iteration number -------- 22  -----------
lambda : 1.11042
max_diff => 9.998e-08
performed mixing
Frob norm 1 after updating U: 0.0154623
200 iterations
f(b) = 0.132022
Frob norm 2 after updating B : 0.231334
Iteration number -------- 23  -----------
lambda : 1.11597
max_diff => 9.998e-08
performed mixing
Frob norm 1 after updating U: 0.0154203
200 iterations
f(b) = 0.0781076
Frob norm 2 after updating B : 0.185722
Iteration number -------- 24  -----------
lambda : 1.12155
max_diff => 9.998e-08
performed mixing
Frob norm 1 after updating U: 0.0153873
200 iterations
f(b) = 0.100321
Frob norm 2 after updating B : 0.149063
Iteration number -------- 25  -----------
lambda : 1.12716
max_diff => 9.998e-08
performed mixing
Frob norm 1 after updating U: 0.0154658
200 iterations
f(b) = 0.0831316
Frob norm 2 after updating B : 0.12003
Iteration number -------- 26  -----------
lambda : 1.1328
max_diff => 9.998e-08
performed mixing
Frob norm 1 after updating U: 0.0153699
200 iterations
f(b) = 0.081857
Frob norm 2 after updating B : 0.0967995
Iteration number -------- 27  -----------
lambda : 1.13846
max_diff => 9.998e-08
performed mixing
Frob norm 1 after updating U: 0.0153915
200 iterations
f(b) = 0.0776414
Frob norm 2 after updating B : 0.0783929
Iteration number -------- 28  -----------
lambda : 1.14415
max_diff => 9.998e-08
performed mixing
Frob norm 1 after updating U: 0.0154176
200 iterations
f(b) = 0.0746126
Frob norm 2 after updating B : 0.0636162
Iteration number -------- 29  -----------
lambda : 1.14987
max_diff => 9.998e-08
performed mixing
Frob norm 1 after updating U: 0.0154062
200 iterations
f(b) = 0.069983
Frob norm 2 after updating B : 0.0521127
Iteration number -------- 30  -----------
lambda : 1.15562
max_diff => 9.998e-08
performed mixing
Frob norm 1 after updating U: 0.0153973
200 iterations
f(b) = 0.0578458
Frob norm 2 after updating B : 0.0430693
Iteration number -------- 31  -----------
lambda : 1.1614
max_diff => 9.998e-08
performed mixing
Frob norm 1 after updating U: 0.015361
200 iterations
f(b) = 0.0615011
Frob norm 2 after updating B : 0.0359249
Iteration number -------- 32  -----------
lambda : 1.16721
max_diff => 9.998e-08
performed mixing
Frob norm 1 after updating U: 0.015352
200 iterations
f(b) = 0.0596514
Frob norm 2 after updating B : 0.0304898
Iteration number -------- 33  -----------
lambda : 1.17304
max_diff => 9.998e-08
performed mixing
Frob norm 1 after updating U: 0.0152912
200 iterations
f(b) = 0.0508372
Frob norm 2 after updating B : 0.0263245
Iteration number -------- 34  -----------
lambda : 1.17891
max_diff => 9.998e-08
performed mixing
Frob norm 1 after updating U: 0.0153311
200 iterations
f(b) = 0.0462306
Frob norm 2 after updating B : 0.0232613
Iteration number -------- 35  -----------
lambda : 1.1848
max_diff => 9.998e-08
performed mixing
Frob norm 1 after updating U: 0.0152879
200 iterations
f(b) = 0.0484729
Frob norm 2 after updating B : 0.0209936
Iteration number -------- 36  -----------
lambda : 1.19073
max_diff => 9.998e-08
performed mixing
Frob norm 1 after updating U: 0.0153151
200 iterations
f(b) = 0.0470701
Frob norm 2 after updating B : 0.0192772
Iteration number -------- 37  -----------
lambda : 1.19668
max_diff => 9.998e-08
performed mixing
Frob norm 1 after updating U: 0.0152721
200 iterations
f(b) = 0.0470343
Frob norm 2 after updating B : 0.0181628
Iteration number -------- 38  -----------
lambda : 1.20266
max_diff => 9.998e-08
performed mixing
Frob norm 1 after updating U: 0.0153562
200 iterations
f(b) = 0.0487708
Frob norm 2 after updating B : 0.0173361
Iteration number -------- 39  -----------
lambda : 1.20868
max_diff => 9.998e-08
performed mixing
Frob norm 1 after updating U: 0.0153688
200 iterations
f(b) = 0.044515
Frob norm 2 after updating B : 0.0167894
Iteration number -------- 40  -----------
lambda : 1.21472
max_diff => 9.998e-08
performed mixing
Frob norm 1 after updating U: 0.0153555
200 iterations
f(b) = 0.0509628
Frob norm 2 after updating B : 0.0162179
Iteration number -------- 41  -----------
lambda : 1.22079
max_diff => 9.998e-08
performed mixing
Frob norm 1 after updating U: 0.0152159
200 iterations
f(b) = 0.0492916
Frob norm 2 after updating B : 0.0161093
Iteration number -------- 42  -----------
lambda : 1.2269
max_diff => 9.998e-08
performed mixing
Frob norm 1 after updating U: 0.0153722
200 iterations
f(b) = 0.0478702
Frob norm 2 after updating B : 0.0158732
Iteration number -------- 43  -----------
lambda : 1.23303
max_diff => 9.998e-08
performed mixing
Frob norm 1 after updating U: 0.0153278
200 iterations
f(b) = 0.0500185
Frob norm 2 after updating B : 0.0156446
Iteration number -------- 44  -----------
lambda : 1.2392
max_diff => 9.998e-08
performed mixing
Frob norm 1 after updating U: 0.0152601
200 iterations
f(b) = 0.0494712
Frob norm 2 after updating B : 0.0156659
Iteration number -------- 45  -----------
lambda : 1.24539
max_diff => 9.998e-08
performed mixing
Frob norm 1 after updating U: 0.0153527
200 iterations
f(b) = 0.0494016
Frob norm 2 after updating B : 0.0155164
Iteration number -------- 46  -----------
lambda : 1.25162
max_diff => 9.998e-08
performed mixing
Frob norm 1 after updating U: 0.0152908
200 iterations
f(b) = 0.0481612
Frob norm 2 after updating B : 0.0154732
Iteration number -------- 47  -----------
lambda : 1.25788
max_diff => 9.998e-08
performed mixing
Frob norm 1 after updating U: 0.0153086
200 iterations
f(b) = 0.0489457
Frob norm 2 after updating B : 0.0154583
Iteration number -------- 48  -----------
lambda : 1.26417
max_diff => 9.998e-08
performed mixing
Frob norm 1 after updating U: 0.0153174
200 iterations
f(b) = 0.0497647
Frob norm 2 after updating B : 0.0153766
Iteration number -------- 49  -----------
lambda : 1.27049
max_diff => 9.998e-08
performed mixing
Frob norm 1 after updating U: 0.0152856
200 iterations
f(b) = 0.0496902
Frob norm 2 after updating B : 0.0153792
Iteration number -------- 50  -----------
lambda : 1.27684
max_diff => 9.998e-08
performed mixing
Frob norm 1 after updating U: 0.0152991
200 iterations
f(b) = 0.0512117
Frob norm 2 after updating B : 0.0153354
Iteration number -------- 51  -----------
lambda : 1.28323
max_diff => 9.998e-08
performed mixing
Frob norm 1 after updating U: 0.0152829
200 iterations
f(b) = 0.0503722
Frob norm 2 after updating B : 0.015377
Iteration number -------- 52  -----------
lambda : 1.28964
max_diff => 9.998e-08
performed mixing
Frob norm 1 after updating U: 0.015322
200 iterations
f(b) = 0.0522362
Frob norm 2 after updating B : 0.0153502
Iteration number -------- 53  -----------
lambda : 1.29609
max_diff => 9.998e-08
performed mixing
Frob norm 1 after updating U: 0.0153143
200 iterations
f(b) = 0.0517765
Frob norm 2 after updating B : 0.0153844
Iteration number -------- 54  -----------
lambda : 1.30257
max_diff => 9.998e-08
performed mixing
Frob norm 1 after updating U: 0.0153461
200 iterations
f(b) = 0.0503888
Frob norm 2 after updating B : 0.0153451
Iteration number -------- 55  -----------
lambda : 1.30908
max_diff => 9.998e-08
performed mixing
Frob norm 1 after updating U: 0.0153062
200 iterations
f(b) = 0.0461823
Frob norm 2 after updating B : 0.0152711
Iteration number -------- 56  -----------
lambda : 1.31563
max_diff => 9.998e-08
performed mixing
Frob norm 1 after updating U: 0.015268
200 iterations
f(b) = 0.0495242
Frob norm 2 after updating B : 0.0152245
Iteration number -------- 57  -----------
lambda : 1.32221
max_diff => 9.998e-08
performed mixing
Frob norm 1 after updating U: 0.0152173
200 iterations
f(b) = 0.0515128
Frob norm 2 after updating B : 0.0153478
Iteration number -------- 58  -----------
lambda : 1.32882
max_diff => 9.998e-08
performed mixing
Frob norm 1 after updating U: 0.0153287
200 iterations
f(b) = 0.0518343
Frob norm 2 after updating B : 0.0152997
Iteration number -------- 59  -----------
lambda : 1.33546
max_diff => 9.998e-08
performed mixing
Frob norm 1 after updating U: 0.0152909
200 iterations
f(b) = 0.0533631
Frob norm 2 after updating B : 0.0152488
Iteration number -------- 60  -----------
lambda : 1.34214
max_diff => 9.998e-08
performed mixing
Frob norm 1 after updating U: 0.0152574
200 iterations
f(b) = 0.052718
Frob norm 2 after updating B : 0.0152744
Iteration number -------- 61  -----------
lambda : 1.34885
max_diff => 9.998e-08
performed mixing
Frob norm 1 after updating U: 0.0152654
200 iterations
f(b) = 0.0488853
Frob norm 2 after updating B : 0.0153974
Iteration number -------- 62  -----------
lambda : 1.35559
max_diff => 9.998e-08
performed mixing
Frob norm 1 after updating U: 0.0153521
200 iterations
f(b) = 0.044102
Frob norm 2 after updating B : 0.0153887
Iteration number -------- 63  -----------
lambda : 1.36237
max_diff => 9.998e-08
performed mixing
Frob norm 1 after updating U: 0.0153597
200 iterations
f(b) = 0.0562233
Frob norm 2 after updating B : 0.0152051
Iteration number -------- 64  -----------
lambda : 1.36918
max_diff => 9.998e-08
performed mixing
Frob norm 1 after updating U: 0.0152226
200 iterations
f(b) = 0.0516134
Frob norm 2 after updating B : 0.0153418
Iteration number -------- 65  -----------
lambda : 1.37603
max_diff => 9.998e-08
performed mixing
Frob norm 1 after updating U: 0.0153313
200 iterations
f(b) = 0.0554846
Frob norm 2 after updating B : 0.0152548
Iteration number -------- 66  -----------
lambda : 1.38291
max_diff => 9.998e-08
performed mixing
Frob norm 1 after updating U: 0.01527
200 iterations
f(b) = 0.0536736
Frob norm 2 after updating B : 0.0152661
Iteration number -------- 67  -----------
lambda : 1.38982
max_diff => 9.998e-08
performed mixing
Frob norm 1 after updating U: 0.0152666
200 iterations
f(b) = 0.0541055
Frob norm 2 after updating B : 0.0152976
Iteration number -------- 68  -----------
lambda : 1.39677
max_diff => 9.998e-08
performed mixing
Frob norm 1 after updating U: 0.0152856
200 iterations
f(b) = 0.0534848
Frob norm 2 after updating B : 0.0152967
Iteration number -------- 69  -----------
lambda : 1.40376
max_diff => 9.998e-08
performed mixing
Frob norm 1 after updating U: 0.0153008
200 iterations
f(b) = 0.0555322
Frob norm 2 after updating B : 0.0153384
Iteration number -------- 70  -----------
lambda : 1.41078
max_diff => 9.998e-08
performed mixing
Frob norm 1 after updating U: 0.0153156
200 iterations
f(b) = 0.0503899
Frob norm 2 after updating B : 0.0152426
Iteration number -------- 71  -----------
lambda : 1.41783
max_diff => 9.998e-08
performed mixing
Frob norm 1 after updating U: 0.0152513
200 iterations
f(b) = 0.0582383
Frob norm 2 after updating B : 0.0152913
Iteration number -------- 72  -----------
lambda : 1.42492
max_diff => 9.998e-08
performed mixing
Frob norm 1 after updating U: 0.0152998
200 iterations
f(b) = 0.0568284
Frob norm 2 after updating B : 0.0153126
Iteration number -------- 73  -----------
lambda : 1.43204
max_diff => 9.998e-08
performed mixing
Frob norm 1 after updating U: 0.0152939
200 iterations
f(b) = 0.0562524
Frob norm 2 after updating B : 0.0153643
Iteration number -------- 74  -----------
lambda : 1.4392
max_diff => 9.998e-08
performed mixing
Frob norm 1 after updating U: 0.0153511
200 iterations
f(b) = 0.0565111
Frob norm 2 after updating B : 0.0153077
Iteration number -------- 75  -----------
lambda : 1.4464
max_diff => 9.998e-08
performed mixing
Frob norm 1 after updating U: 0.015305
200 iterations
f(b) = 0.0539495
Frob norm 2 after updating B : 0.015402
Iteration number -------- 76  -----------
lambda : 1.45363
max_diff => 9.998e-08
performed mixing
Frob norm 1 after updating U: 0.0153741
200 iterations
f(b) = 0.0577287
Frob norm 2 after updating B : 0.0152307
Iteration number -------- 77  -----------
lambda : 1.4609
max_diff => 9.998e-08
performed mixing
Frob norm 1 after updating U: 0.0152402
200 iterations
f(b) = 0.0551759
Frob norm 2 after updating B : 0.0152897
Iteration number -------- 78  -----------
lambda : 1.46821
max_diff => 9.998e-08
performed mixing
Frob norm 1 after updating U: 0.0152778
200 iterations
f(b) = 0.0596069
Frob norm 2 after updating B : 0.0153194
Iteration number -------- 79  -----------
lambda : 1.47555
max_diff => 9.998e-08
performed mixing
Frob norm 1 after updating U: 0.0153298
200 iterations
f(b) = 0.0549915
Frob norm 2 after updating B : 0.0152986
Iteration number -------- 80  -----------
lambda : 1.48292
max_diff => 9.998e-08
performed mixing
Frob norm 1 after updating U: 0.015275
200 iterations
f(b) = 0.0583209
Frob norm 2 after updating B : 0.0153006
Iteration number -------- 81  -----------
lambda : 1.49034
max_diff => 9.998e-08
performed mixing
Frob norm 1 after updating U: 0.0153087
200 iterations
f(b) = 0.0571733
Frob norm 2 after updating B : 0.015276
Iteration number -------- 82  -----------
lambda : 1.49779
max_diff => 9.998e-08
performed mixing
Frob norm 1 after updating U: 0.0152676
200 iterations
f(b) = 0.0597997
Frob norm 2 after updating B : 0.0151543
Iteration number -------- 83  -----------
lambda : 1.50528
max_diff => 9.998e-08
performed mixing
Frob norm 1 after updating U: 0.0151908
200 iterations
f(b) = 0.0529544
Frob norm 2 after updating B : 0.0153073
Iteration number -------- 84  -----------
lambda : 1.51281
max_diff => 9.998e-08
performed mixing
Frob norm 1 after updating U: 0.0152929
200 iterations
f(b) = 0.0595951
Frob norm 2 after updating B : 0.0152676
Iteration number -------- 85  -----------
lambda : 1.52037
max_diff => 9.998e-08
performed mixing
Frob norm 1 after updating U: 0.0152726
200 iterations
f(b) = 0.0578483
Frob norm 2 after updating B : 0.015268
Iteration number -------- 86  -----------
lambda : 1.52797
max_diff => 9.998e-08
performed mixing
Frob norm 1 after updating U: 0.0152382
200 iterations
f(b) = 0.0523639
Frob norm 2 after updating B : 0.0152854
Iteration number -------- 87  -----------
lambda : 1.53561
max_diff => 9.998e-08
performed mixing
Frob norm 1 after updating U: 0.0152696
200 iterations
f(b) = 0.0591215
Frob norm 2 after updating B : 0.0152676
Iteration number -------- 88  -----------
lambda : 1.54329
max_diff => 9.998e-08
performed mixing
Frob norm 1 after updating U: 0.0152716
200 iterations
f(b) = 0.0547873
Frob norm 2 after updating B : 0.0152535
Iteration number -------- 89  -----------
lambda : 1.55101
max_diff => 9.998e-08
performed mixing
Frob norm 1 after updating U: 0.0152511
200 iterations
f(b) = 0.0619464
Frob norm 2 after updating B : 0.0153157
Iteration number -------- 90  -----------
lambda : 1.55876
max_diff => 9.998e-08
performed mixing
Frob norm 1 after updating U: 0.0152988
200 iterations
f(b) = 0.0604982
Frob norm 2 after updating B : 0.0151878
Iteration number -------- 91  -----------
lambda : 1.56655
max_diff => 9.998e-08
performed mixing
Frob norm 1 after updating U: 0.0152083
200 iterations
f(b) = 0.0553575
Frob norm 2 after updating B : 0.0154133
Iteration number -------- 92  -----------
lambda : 1.57439
max_diff => 9.998e-08
performed mixing
Frob norm 1 after updating U: 0.015363
200 iterations
f(b) = 0.0567345
Frob norm 2 after updating B : 0.0152684
Iteration number -------- 93  -----------
lambda : 1.58226
max_diff => 9.998e-08
performed mixing
Frob norm 1 after updating U: 0.0152785
200 iterations
f(b) = 0.0621121
Frob norm 2 after updating B : 0.0152645
Iteration number -------- 94  -----------
lambda : 1.59017
max_diff => 9.998e-08
performed mixing
Frob norm 1 after updating U: 0.0152704
200 iterations
f(b) = 0.0515238
Frob norm 2 after updating B : 0.015319
Iteration number -------- 95  -----------
lambda : 1.59812
max_diff => 9.998e-08
performed mixing
Frob norm 1 after updating U: 0.0153049
200 iterations
f(b) = 0.0593393
Frob norm 2 after updating B : 0.0152572
Iteration number -------- 96  -----------
lambda : 1.60611
max_diff => 9.998e-08
performed mixing
Frob norm 1 after updating U: 0.0152658
200 iterations
f(b) = 0.0596065
Frob norm 2 after updating B : 0.0152452
Iteration number -------- 97  -----------
lambda : 1.61414
max_diff => 9.998e-08
performed mixing
Frob norm 1 after updating U: 0.0152459
200 iterations
f(b) = 0.0658019
Frob norm 2 after updating B : 0.0152078
Iteration number -------- 98  -----------
lambda : 1.62221
max_diff => 9.998e-08
performed mixing
Frob norm 1 after updating U: 0.0152335
200 iterations
f(b) = 0.0607111
Frob norm 2 after updating B : 0.0152396
Iteration number -------- 99  -----------
lambda : 1.63032
max_diff => 9.998e-08
performed mixing
Frob norm 1 after updating U: 0.0152464
200 iterations
f(b) = 0.062497
Frob norm 2 after updating B : 0.0151738
Iteration number -------- 100  -----------
lambda : 1.63848
max_diff => 9.998e-08
