Academic license - for non-commercial use only
Frob norm 1 after updating U: 15.556
200 iterations
f(b) = 119.853
Frob norm 2 after updating B : 10.6611
Iteration number -------- 1  -----------
lambda : 1
max_diff => 0.0632073
performed mixing
Frob norm 1 after updating U: 9.6244
200 iterations
f(b) = 111.454
Frob norm 2 after updating B : 10.2907
Iteration number -------- 2  -----------
lambda : 1.005
max_diff => 0.0624958
performed mixing
Frob norm 1 after updating U: 9.43743
200 iterations
f(b) = 104.983
Frob norm 2 after updating B : 9.97517
Iteration number -------- 3  -----------
lambda : 1.01002
max_diff => 0.0620164
performed mixing
Frob norm 1 after updating U: 9.28837
200 iterations
f(b) = 99.9082
Frob norm 2 after updating B : 9.71839
Iteration number -------- 4  -----------
lambda : 1.01508
max_diff => 0.0616996
performed mixing
Frob norm 1 after updating U: 9.15342
200 iterations
f(b) = 90.0319
Frob norm 2 after updating B : 9.19413
Iteration number -------- 5  -----------
lambda : 1.02015
max_diff => 0.0623306
performed mixing
Frob norm 1 after updating U: 7.76061
200 iterations
f(b) = 78.8133
Frob norm 2 after updating B : 8.50244
Iteration number -------- 6  -----------
lambda : 1.02525
max_diff => 0.302125
performed mixing
Frob norm 1 after updating U: 7.23073
200 iterations
f(b) = 69.6354
Frob norm 2 after updating B : 7.97151
Iteration number -------- 7  -----------
lambda : 1.03038
max_diff => 0.4576
performed mixing
Frob norm 1 after updating U: 6.6637
200 iterations
f(b) = 62.8405
Frob norm 2 after updating B : 7.54636
Iteration number -------- 8  -----------
lambda : 1.03553
max_diff => 0.471156
performed mixing
Frob norm 1 after updating U: 6.40641
200 iterations
f(b) = 57.5322
Frob norm 2 after updating B : 7.18487
Iteration number -------- 9  -----------
lambda : 1.04071
max_diff => 0.42491
performed mixing
Frob norm 1 after updating U: 6.19883
200 iterations
f(b) = 42.4244
Frob norm 2 after updating B : 6.14819
Iteration number -------- 10  -----------
lambda : 1.04591
max_diff => 0.293781
performed mixing
Frob norm 1 after updating U: 3.27608
200 iterations
f(b) = 32.7423
Frob norm 2 after updating B : 5.34643
Iteration number -------- 11  -----------
lambda : 1.05114
max_diff => 0.26308
performed mixing
Frob norm 1 after updating U: 2.84323
200 iterations
f(b) = 25.7519
Frob norm 2 after updating B : 4.71018
Iteration number -------- 12  -----------
lambda : 1.0564
max_diff => 0.206287
performed mixing
Frob norm 1 after updating U: 2.47212
200 iterations
f(b) = 20.2397
Frob norm 2 after updating B : 4.10247
Iteration number -------- 13  -----------
lambda : 1.06168
max_diff => 0.149727
performed mixing
Frob norm 1 after updating U: 2.01462
200 iterations
f(b) = 15.4921
Frob norm 2 after updating B : 3.59201
Iteration number -------- 14  -----------
lambda : 1.06699
max_diff => 0.106032
performed mixing
Frob norm 1 after updating U: 1.37318
200 iterations
f(b) = 11.9927
Frob norm 2 after updating B : 3.10608
Iteration number -------- 15  -----------
lambda : 1.07232
max_diff => 0.0865322
performed mixing
Frob norm 1 after updating U: 1.2118
200 iterations
f(b) = 9.25063
Frob norm 2 after updating B : 2.70635
Iteration number -------- 16  -----------
lambda : 1.07768
max_diff => 0.0664424
performed mixing
Frob norm 1 after updating U: 1.01106
200 iterations
f(b) = 7.11728
Frob norm 2 after updating B : 2.34563
Iteration number -------- 17  -----------
lambda : 1.08307
max_diff => 0.0495057
performed mixing
Frob norm 1 after updating U: 0.854459
200 iterations
f(b) = 5.47038
Frob norm 2 after updating B : 2.04935
Iteration number -------- 18  -----------
lambda : 1.08849
max_diff => 0.0324688
performed mixing
Frob norm 1 after updating U: 0.670452
200 iterations
f(b) = 4.20176
Frob norm 2 after updating B : 1.76972
Iteration number -------- 19  -----------
lambda : 1.09393
max_diff => 0.0241517
performed mixing
Frob norm 1 after updating U: 0.558516
200 iterations
f(b) = 3.28656
Frob norm 2 after updating B : 1.47013
Iteration number -------- 20  -----------
lambda : 1.0994
max_diff => 0.0239818
performed mixing
Frob norm 1 after updating U: 0.556457
200 iterations
f(b) = 2.65616
Frob norm 2 after updating B : 1.23736
Iteration number -------- 21  -----------
lambda : 1.1049
max_diff => 0.0237508
performed mixing
Frob norm 1 after updating U: 0.553176
200 iterations
f(b) = 2.00536
Frob norm 2 after updating B : 1.21396
Iteration number -------- 22  -----------
lambda : 1.11042
max_diff => 0.0101553
performed mixing
Frob norm 1 after updating U: 0.348869
200 iterations
f(b) = 1.55421
Frob norm 2 after updating B : 1.01372
Iteration number -------- 23  -----------
lambda : 1.11597
max_diff => 0.00970331
performed mixing
Frob norm 1 after updating U: 0.341821
200 iterations
f(b) = 1.22835
Frob norm 2 after updating B : 0.86063
Iteration number -------- 24  -----------
lambda : 1.12155
max_diff => 0.00894379
performed mixing
Frob norm 1 after updating U: 0.330627
200 iterations
f(b) = 0.988205
Frob norm 2 after updating B : 0.748154
Iteration number -------- 25  -----------
lambda : 1.12716
max_diff => 0.00756466
performed mixing
Frob norm 1 after updating U: 0.309898
200 iterations
f(b) = 0.7227
Frob norm 2 after updating B : 0.765406
Iteration number -------- 26  -----------
lambda : 1.1328
max_diff => 0.000615305
performed mixing
Frob norm 1 after updating U: 0.101576
200 iterations
f(b) = 0.540615
Frob norm 2 after updating B : 0.622575
Iteration number -------- 27  -----------
lambda : 1.13846
max_diff => 0.000605292
performed mixing
Frob norm 1 after updating U: 0.101022
200 iterations
f(b) = 0.41145
Frob norm 2 after updating B : 0.508894
Iteration number -------- 28  -----------
lambda : 1.14415
max_diff => 0.000586166
performed mixing
Frob norm 1 after updating U: 0.0996332
200 iterations
f(b) = 0.326019
Frob norm 2 after updating B : 0.419192
Iteration number -------- 29  -----------
lambda : 1.14987
max_diff => 0.000551776
performed mixing
Frob norm 1 after updating U: 0.0969577
200 iterations
f(b) = 0.258671
Frob norm 2 after updating B : 0.354536
Iteration number -------- 30  -----------
lambda : 1.15562
max_diff => 0.000411034
performed mixing
Frob norm 1 after updating U: 0.0852081
200 iterations
f(b) = 0.220077
Frob norm 2 after updating B : 0.296272
Iteration number -------- 31  -----------
lambda : 1.1614
max_diff => 0.000359812
performed mixing
Frob norm 1 after updating U: 0.0799942
200 iterations
f(b) = 0.125848
Frob norm 2 after updating B : 0.306901
Iteration number -------- 32  -----------
lambda : 1.16721
max_diff => 5.86651e-08
performed mixing
Frob norm 1 after updating U: 0.0164954
200 iterations
f(b) = 0.107402
Frob norm 2 after updating B : 0.245958
Iteration number -------- 33  -----------
lambda : 1.17304
max_diff => 4.999e-08
performed mixing
Frob norm 1 after updating U: 0.0164673
200 iterations
f(b) = 0.0845
Frob norm 2 after updating B : 0.197458
Iteration number -------- 34  -----------
lambda : 1.17891
max_diff => 4.999e-08
performed mixing
Frob norm 1 after updating U: 0.016498
200 iterations
f(b) = 0.0705329
Frob norm 2 after updating B : 0.158221
Iteration number -------- 35  -----------
lambda : 1.1848
max_diff => 4.999e-08
performed mixing
Frob norm 1 after updating U: 0.0164914
200 iterations
f(b) = 0.0601368
Frob norm 2 after updating B : 0.127344
Iteration number -------- 36  -----------
lambda : 1.19073
max_diff => 4.999e-08
performed mixing
Frob norm 1 after updating U: 0.0164831
200 iterations
f(b) = 0.0559885
Frob norm 2 after updating B : 0.102665
Iteration number -------- 37  -----------
lambda : 1.19668
max_diff => 4.999e-08
performed mixing
Frob norm 1 after updating U: 0.0164911
200 iterations
f(b) = 0.0324413
Frob norm 2 after updating B : 0.0829377
Iteration number -------- 38  -----------
lambda : 1.20266
max_diff => 4.999e-08
performed mixing
Frob norm 1 after updating U: 0.0164492
200 iterations
f(b) = 0.0363127
Frob norm 2 after updating B : 0.0672861
Iteration number -------- 39  -----------
lambda : 1.20868
max_diff => 4.999e-08
performed mixing
Frob norm 1 after updating U: 0.0164694
200 iterations
f(b) = 0.0360906
Frob norm 2 after updating B : 0.0548984
Iteration number -------- 40  -----------
lambda : 1.21472
max_diff => 4.999e-08
performed mixing
Frob norm 1 after updating U: 0.0164714
200 iterations
f(b) = 0.0416311
Frob norm 2 after updating B : 0.045322
Iteration number -------- 41  -----------
lambda : 1.22079
max_diff => 4.999e-08
performed mixing
Frob norm 1 after updating U: 0.0165801
200 iterations
f(b) = 0.0226659
Frob norm 2 after updating B : 0.0375679
Iteration number -------- 42  -----------
lambda : 1.2269
max_diff => 4.999e-08
performed mixing
Frob norm 1 after updating U: 0.016333
200 iterations
f(b) = 0.0229432
Frob norm 2 after updating B : 0.0318905
Iteration number -------- 43  -----------
lambda : 1.23303
max_diff => 4.999e-08
performed mixing
Frob norm 1 after updating U: 0.0166001
200 iterations
f(b) = 0.0203441
Frob norm 2 after updating B : 0.027555
Iteration number -------- 44  -----------
lambda : 1.2392
max_diff => 4.999e-08
performed mixing
Frob norm 1 after updating U: 0.0163474
200 iterations
f(b) = 0.0200601
Frob norm 2 after updating B : 0.0243246
Iteration number -------- 45  -----------
lambda : 1.24539
max_diff => 4.999e-08
performed mixing
Frob norm 1 after updating U: 0.0164029
200 iterations
f(b) = 0.0246835
Frob norm 2 after updating B : 0.021962
Iteration number -------- 46  -----------
lambda : 1.25162
max_diff => 4.999e-08
performed mixing
Frob norm 1 after updating U: 0.0164113
200 iterations
f(b) = 0.0279527
Frob norm 2 after updating B : 0.0204479
Iteration number -------- 47  -----------
lambda : 1.25788
max_diff => 4.999e-08
performed mixing
Frob norm 1 after updating U: 0.0166368
200 iterations
f(b) = 0.0278502
Frob norm 2 after updating B : 0.018903
Iteration number -------- 48  -----------
lambda : 1.26417
max_diff => 4.999e-08
performed mixing
Frob norm 1 after updating U: 0.0164335
200 iterations
f(b) = 0.0238065
Frob norm 2 after updating B : 0.0181771
Iteration number -------- 49  -----------
lambda : 1.27049
max_diff => 4.999e-08
performed mixing
Frob norm 1 after updating U: 0.0163118
200 iterations
f(b) = 0.0229342
Frob norm 2 after updating B : 0.0175683
Iteration number -------- 50  -----------
lambda : 1.27684
max_diff => 4.999e-08
performed mixing
Frob norm 1 after updating U: 0.0163559
200 iterations
f(b) = 0.0189827
Frob norm 2 after updating B : 0.0174669
Iteration number -------- 51  -----------
lambda : 1.28323
max_diff => 4.999e-08
performed mixing
Frob norm 1 after updating U: 0.0166377
200 iterations
f(b) = 0.019087
Frob norm 2 after updating B : 0.0171031
Iteration number -------- 52  -----------
lambda : 1.28964
max_diff => 4.999e-08
performed mixing
Frob norm 1 after updating U: 0.0164328
200 iterations
f(b) = 0.0184167
Frob norm 2 after updating B : 0.0169868
Iteration number -------- 53  -----------
lambda : 1.29609
max_diff => 4.999e-08
performed mixing
Frob norm 1 after updating U: 0.0164979
200 iterations
f(b) = 0.0189755
Frob norm 2 after updating B : 0.0167736
Iteration number -------- 54  -----------
lambda : 1.30257
max_diff => 4.999e-08
performed mixing
Frob norm 1 after updating U: 0.016452
200 iterations
f(b) = 0.0210434
Frob norm 2 after updating B : 0.0166607
Iteration number -------- 55  -----------
lambda : 1.30908
max_diff => 4.999e-08
performed mixing
Frob norm 1 after updating U: 0.0164481
200 iterations
f(b) = 0.0193555
Frob norm 2 after updating B : 0.0166072
Iteration number -------- 56  -----------
lambda : 1.31563
max_diff => 4.999e-08
performed mixing
Frob norm 1 after updating U: 0.0164573
200 iterations
f(b) = 0.0210763
Frob norm 2 after updating B : 0.0167064
Iteration number -------- 57  -----------
lambda : 1.32221
max_diff => 4.999e-08
performed mixing
Frob norm 1 after updating U: 0.0165827
200 iterations
f(b) = 0.0220316
Frob norm 2 after updating B : 0.0163872
Iteration number -------- 58  -----------
lambda : 1.32882
max_diff => 4.999e-08
performed mixing
Frob norm 1 after updating U: 0.0162845
200 iterations
f(b) = 0.0206492
Frob norm 2 after updating B : 0.016341
Iteration number -------- 59  -----------
lambda : 1.33546
max_diff => 4.999e-08
performed mixing
Frob norm 1 after updating U: 0.0162827
200 iterations
f(b) = 0.0255051
Frob norm 2 after updating B : 0.0166244
Iteration number -------- 60  -----------
lambda : 1.34214
max_diff => 4.999e-08
performed mixing
Frob norm 1 after updating U: 0.0165487
200 iterations
f(b) = 0.0302031
Frob norm 2 after updating B : 0.0164098
Iteration number -------- 61  -----------
lambda : 1.34885
max_diff => 4.999e-08
performed mixing
Frob norm 1 after updating U: 0.016371
200 iterations
f(b) = 0.0261741
Frob norm 2 after updating B : 0.0163641
Iteration number -------- 62  -----------
lambda : 1.35559
max_diff => 4.999e-08
performed mixing
Frob norm 1 after updating U: 0.0163369
200 iterations
f(b) = 0.0216097
Frob norm 2 after updating B : 0.016294
Iteration number -------- 63  -----------
lambda : 1.36237
max_diff => 4.999e-08
performed mixing
Frob norm 1 after updating U: 0.0162689
200 iterations
f(b) = 0.0196731
Frob norm 2 after updating B : 0.0164079
Iteration number -------- 64  -----------
lambda : 1.36918
max_diff => 4.999e-08
performed mixing
Frob norm 1 after updating U: 0.0163753
200 iterations
f(b) = 0.0237271
Frob norm 2 after updating B : 0.0163797
Iteration number -------- 65  -----------
lambda : 1.37603
max_diff => 4.999e-08
performed mixing
Frob norm 1 after updating U: 0.0163544
200 iterations
f(b) = 0.0305533
Frob norm 2 after updating B : 0.0163795
Iteration number -------- 66  -----------
lambda : 1.38291
max_diff => 4.999e-08
performed mixing
Frob norm 1 after updating U: 0.016372
200 iterations
f(b) = 0.0262757
Frob norm 2 after updating B : 0.0164811
Iteration number -------- 67  -----------
lambda : 1.38982
max_diff => 4.999e-08
performed mixing
Frob norm 1 after updating U: 0.0164563
200 iterations
f(b) = 0.0293686
Frob norm 2 after updating B : 0.0163416
Iteration number -------- 68  -----------
lambda : 1.39677
max_diff => 4.999e-08
performed mixing
Frob norm 1 after updating U: 0.016331
200 iterations
f(b) = 0.0265463
Frob norm 2 after updating B : 0.0162633
Iteration number -------- 69  -----------
lambda : 1.40376
max_diff => 4.999e-08
performed mixing
Frob norm 1 after updating U: 0.0162614
200 iterations
f(b) = 0.020784
Frob norm 2 after updating B : 0.0165214
Iteration number -------- 70  -----------
lambda : 1.41078
max_diff => 4.999e-08
performed mixing
Frob norm 1 after updating U: 0.0164864
200 iterations
f(b) = 0.0216655
Frob norm 2 after updating B : 0.0163321
Iteration number -------- 71  -----------
lambda : 1.41783
max_diff => 4.999e-08
performed mixing
Frob norm 1 after updating U: 0.0163245
200 iterations
f(b) = 0.02182
Frob norm 2 after updating B : 0.0165069
Iteration number -------- 72  -----------
lambda : 1.42492
max_diff => 4.999e-08
performed mixing
Frob norm 1 after updating U: 0.0164845
200 iterations
f(b) = 0.0255378
Frob norm 2 after updating B : 0.016494
Iteration number -------- 73  -----------
lambda : 1.43204
max_diff => 4.999e-08
performed mixing
Frob norm 1 after updating U: 0.0164804
200 iterations
f(b) = 0.0261534
Frob norm 2 after updating B : 0.0165085
Iteration number -------- 74  -----------
lambda : 1.4392
max_diff => 4.999e-08
performed mixing
Frob norm 1 after updating U: 0.0164931
200 iterations
f(b) = 0.0246574
Frob norm 2 after updating B : 0.0164972
Iteration number -------- 75  -----------
lambda : 1.4464
max_diff => 4.999e-08
performed mixing
Frob norm 1 after updating U: 0.0164884
200 iterations
f(b) = 0.0195588
Frob norm 2 after updating B : 0.0163964
Iteration number -------- 76  -----------
lambda : 1.45363
max_diff => 4.999e-08
performed mixing
Frob norm 1 after updating U: 0.0163986
200 iterations
f(b) = 0.0207904
Frob norm 2 after updating B : 0.0164151
Iteration number -------- 77  -----------
lambda : 1.4609
max_diff => 4.999e-08
performed mixing
Frob norm 1 after updating U: 0.0164104
200 iterations
f(b) = 0.0235724
Frob norm 2 after updating B : 0.0164233
Iteration number -------- 78  -----------
lambda : 1.46821
max_diff => 4.999e-08
performed mixing
Frob norm 1 after updating U: 0.0164044
200 iterations
f(b) = 0.021667
Frob norm 2 after updating B : 0.0163866
Iteration number -------- 79  -----------
lambda : 1.47555
max_diff => 4.999e-08
performed mixing
Frob norm 1 after updating U: 0.0163848
200 iterations
f(b) = 0.0239456
Frob norm 2 after updating B : 0.0165562
Iteration number -------- 80  -----------
lambda : 1.48292
max_diff => 4.999e-08
performed mixing
Frob norm 1 after updating U: 0.0165208
200 iterations
f(b) = 0.0245456
Frob norm 2 after updating B : 0.0163414
Iteration number -------- 81  -----------
lambda : 1.49034
max_diff => 4.999e-08
performed mixing
Frob norm 1 after updating U: 0.0163372
200 iterations
f(b) = 0.0299368
Frob norm 2 after updating B : 0.0164574
Iteration number -------- 82  -----------
lambda : 1.49779
max_diff => 4.999e-08
performed mixing
Frob norm 1 after updating U: 0.0164609
200 iterations
f(b) = 0.0216526
Frob norm 2 after updating B : 0.016471
Iteration number -------- 83  -----------
lambda : 1.50528
max_diff => 4.999e-08
performed mixing
Frob norm 1 after updating U: 0.0164639
200 iterations
f(b) = 0.020115
Frob norm 2 after updating B : 0.0163108
Iteration number -------- 84  -----------
lambda : 1.51281
max_diff => 4.999e-08
performed mixing
Frob norm 1 after updating U: 0.0163191
200 iterations
f(b) = 0.0226596
Frob norm 2 after updating B : 0.0164163
Iteration number -------- 85  -----------
lambda : 1.52037
max_diff => 4.999e-08
performed mixing
Frob norm 1 after updating U: 0.0164071
200 iterations
f(b) = 0.025206
Frob norm 2 after updating B : 0.0168956
Iteration number -------- 86  -----------
lambda : 1.52797
max_diff => 4.999e-08
performed mixing
Frob norm 1 after updating U: 0.0168384
200 iterations
f(b) = 0.0294534
Frob norm 2 after updating B : 0.0163341
Iteration number -------- 87  -----------
lambda : 1.53561
max_diff => 4.999e-08
performed mixing
Frob norm 1 after updating U: 0.0163297
200 iterations
f(b) = 0.035437
Frob norm 2 after updating B : 0.0163302
Iteration number -------- 88  -----------
lambda : 1.54329
max_diff => 4.999e-08
performed mixing
Frob norm 1 after updating U: 0.0163191
200 iterations
f(b) = 0.0214413
Frob norm 2 after updating B : 0.0165219
Iteration number -------- 89  -----------
lambda : 1.55101
max_diff => 4.999e-08
performed mixing
Frob norm 1 after updating U: 0.016508
200 iterations
f(b) = 0.0222463
Frob norm 2 after updating B : 0.016496
Iteration number -------- 90  -----------
lambda : 1.55876
max_diff => 4.999e-08
performed mixing
Frob norm 1 after updating U: 0.0164891
200 iterations
f(b) = 0.0229186
Frob norm 2 after updating B : 0.0163278
Iteration number -------- 91  -----------
lambda : 1.56655
max_diff => 4.999e-08
performed mixing
Frob norm 1 after updating U: 0.0163325
200 iterations
f(b) = 0.0287673
Frob norm 2 after updating B : 0.0164915
Iteration number -------- 92  -----------
lambda : 1.57439
max_diff => 4.999e-08
performed mixing
Frob norm 1 after updating U: 0.0164727
200 iterations
f(b) = 0.0254767
Frob norm 2 after updating B : 0.0165986
Iteration number -------- 93  -----------
lambda : 1.58226
max_diff => 4.999e-08
performed mixing
Frob norm 1 after updating U: 0.0165719
200 iterations
f(b) = 0.0276472
Frob norm 2 after updating B : 0.0162681
Iteration number -------- 94  -----------
lambda : 1.59017
max_diff => 4.999e-08
performed mixing
Frob norm 1 after updating U: 0.0162643
200 iterations
f(b) = 0.0227403
Frob norm 2 after updating B : 0.0163987
Iteration number -------- 95  -----------
lambda : 1.59812
max_diff => 4.999e-08
performed mixing
Frob norm 1 after updating U: 0.0163925
200 iterations
f(b) = 0.0247221
Frob norm 2 after updating B : 0.0165393
Iteration number -------- 96  -----------
lambda : 1.60611
max_diff => 4.999e-08
performed mixing
Frob norm 1 after updating U: 0.0165192
200 iterations
f(b) = 0.0356487
Frob norm 2 after updating B : 0.0163148
Iteration number -------- 97  -----------
lambda : 1.61414
max_diff => 4.999e-08
performed mixing
Frob norm 1 after updating U: 0.0163082
200 iterations
f(b) = 0.0253735
Frob norm 2 after updating B : 0.0164204
Iteration number -------- 98  -----------
lambda : 1.62221
max_diff => 4.999e-08
performed mixing
Frob norm 1 after updating U: 0.0164109
200 iterations
f(b) = 0.0311338
Frob norm 2 after updating B : 0.0163722
Iteration number -------- 99  -----------
lambda : 1.63032
max_diff => 4.999e-08
performed mixing
Frob norm 1 after updating U: 0.0163648
200 iterations
f(b) = 0.0262729
Frob norm 2 after updating B : 0.016353
Iteration number -------- 100  -----------
lambda : 1.63848
max_diff => 4.999e-08
