performing filtering
Academic license - for non-commercial use only
Frob norm 1 after updating U: 26.3648
200 iterations
f(b) = 234.356
Frob norm 2 after updating B : 14.9889
Iteration number -------- 1  -----------
lambda : 1
max_diff => 0.0868848
------------------------normalized = 0.564382 ----------------
performed mixing
Frob norm 1 after updating U: 11.2562
200 iterations
f(b) = 196.114
Frob norm 2 after updating B : 13.716
Iteration number -------- 2  -----------
lambda : 1.005
max_diff => 0.0703628
------------------------normalized = 0.516456 ----------------
performed mixing
Frob norm 1 after updating U: 10.5557
200 iterations
f(b) = 165.168
Frob norm 2 after updating B : 12.5778
Iteration number -------- 3  -----------
lambda : 1.01002
max_diff => 0.0649756
------------------------normalized = 0.473597 ----------------
performed mixing
Frob norm 1 after updating U: 9.75156
200 iterations
f(b) = 139.645
Frob norm 2 after updating B : 11.6363
Iteration number -------- 4  -----------
lambda : 1.01508
max_diff => 0.0624965
------------------------normalized = 0.438148 ----------------
performed mixing
Frob norm 1 after updating U: 9.41108
200 iterations
f(b) = 122.746
Frob norm 2 after updating B : 10.9145
Iteration number -------- 5  -----------
lambda : 1.02015
max_diff => 0.0860867
------------------------normalized = 0.41097 ----------------
performed mixing
Frob norm 1 after updating U: 9.27943
200 iterations
f(b) = 111.303
Frob norm 2 after updating B : 10.388
Iteration number -------- 6  -----------
lambda : 1.02525
max_diff => 0.156553
------------------------normalized = 0.391143 ----------------
performed mixing
Frob norm 1 after updating U: 9.19248
200 iterations
f(b) = 103.434
Frob norm 2 after updating B : 9.99514
Iteration number -------- 7  -----------
lambda : 1.03038
max_diff => 0.181449
------------------------normalized = 0.376352 ----------------
performed mixing
Frob norm 1 after updating U: 9.16752
200 iterations
f(b) = 98.1464
Frob norm 2 after updating B : 9.71024
Iteration number -------- 8  -----------
lambda : 1.03553
max_diff => 0.186904
------------------------normalized = 0.365624 ----------------
performed mixing
Frob norm 1 after updating U: 9.15807
200 iterations
f(b) = 94.5188
Frob norm 2 after updating B : 9.51844
Iteration number -------- 9  -----------
lambda : 1.04071
max_diff => 0.190426
------------------------normalized = 0.358402 ----------------
performed mixing
Frob norm 1 after updating U: 9.15102
200 iterations
f(b) = 92.1372
Frob norm 2 after updating B : 9.38722
Iteration number -------- 10  -----------
lambda : 1.04591
max_diff => 0.191389
------------------------normalized = 0.353461 ----------------
performed mixing
Frob norm 1 after updating U: 9.14809
200 iterations
f(b) = 90.5338
Frob norm 2 after updating B : 9.29912
Iteration number -------- 11  -----------
lambda : 1.05114
max_diff => 0.191563
------------------------normalized = 0.350144 ----------------
performed mixing
Frob norm 1 after updating U: 9.14656
200 iterations
f(b) = 89.495
Frob norm 2 after updating B : 9.24085
Iteration number -------- 12  -----------
lambda : 1.0564
max_diff => 0.190434
------------------------normalized = 0.34795 ----------------
performed mixing
Frob norm 1 after updating U: 9.14596
200 iterations
f(b) = 88.8086
Frob norm 2 after updating B : 9.20206
Iteration number -------- 13  -----------
lambda : 1.06168
max_diff => 0.188187
------------------------normalized = 0.346489 ----------------
performed mixing
Frob norm 1 after updating U: 9.14557
200 iterations
f(b) = 88.3732
Frob norm 2 after updating B : 9.17711
Iteration number -------- 14  -----------
lambda : 1.06699
max_diff => 0.18577
------------------------normalized = 0.34555 ----------------
performed mixing
Frob norm 1 after updating U: 9.14553
200 iterations
f(b) = 88.1159
Frob norm 2 after updating B : 9.15992
Iteration number -------- 15  -----------
lambda : 1.07232
max_diff => 0.182675
------------------------normalized = 0.344903 ----------------
performed mixing
Frob norm 1 after updating U: 9.14532
200 iterations
f(b) = 88.0199
Frob norm 2 after updating B : 9.15109
Iteration number -------- 16  -----------
lambda : 1.07768
max_diff => 0.182325
------------------------normalized = 0.34457 ----------------
performed mixing
Frob norm 1 after updating U: 9.14529
200 iterations
f(b) = 87.8726
Frob norm 2 after updating B : 9.13988
Iteration number -------- 17  -----------
lambda : 1.08307
max_diff => 0.176274
------------------------normalized = 0.344148 ----------------
performed mixing
Frob norm 1 after updating U: 9.14499
200 iterations
f(b) = 87.8729
Frob norm 2 after updating B : 9.13724
Iteration number -------- 18  -----------
lambda : 1.08849
max_diff => 0.175473
------------------------normalized = 0.344049 ----------------
performed mixing
Frob norm 1 after updating U: 9.14482
200 iterations
f(b) = 87.8929
Frob norm 2 after updating B : 9.13633
Iteration number -------- 19  -----------
lambda : 1.09393
max_diff => 0.174893
------------------------normalized = 0.344014 ----------------
performed mixing
Frob norm 1 after updating U: 9.14475
200 iterations
f(b) = 87.9298
Frob norm 2 after updating B : 9.13616
Iteration number -------- 20  -----------
lambda : 1.0994
max_diff => 0.174461
------------------------normalized = 0.344008 ----------------
performed mixing
Frob norm 1 after updating U: 9.14469
200 iterations
f(b) = 87.8599
Frob norm 2 after updating B : 9.12765
Iteration number -------- 21  -----------
lambda : 1.1049
max_diff => 0.16676
------------------------normalized = 0.343688 ----------------
performed mixing
Frob norm 1 after updating U: 9.14329
200 iterations
f(b) = 87.9638
Frob norm 2 after updating B : 9.12911
Iteration number -------- 22  -----------
lambda : 1.11042
max_diff => 0.166417
------------------------normalized = 0.343743 ----------------
performed mixing
Frob norm 1 after updating U: 9.14321
200 iterations
f(b) = 87.9995
Frob norm 2 after updating B : 9.12998
Iteration number -------- 23  -----------
lambda : 1.11597
max_diff => 0.165346
------------------------normalized = 0.343775 ----------------
performed mixing
Frob norm 1 after updating U: 9.14294
200 iterations
f(b) = 87.9692
Frob norm 2 after updating B : 9.1224
Iteration number -------- 24  -----------
lambda : 1.12155
max_diff => 0.156716
------------------------normalized = 0.34349 ----------------
performed mixing
Frob norm 1 after updating U: 9.1402
200 iterations
f(b) = 88.091
Frob norm 2 after updating B : 9.12445
Iteration number -------- 25  -----------
lambda : 1.12716
max_diff => 0.156398
------------------------normalized = 0.343567 ----------------
performed mixing
Frob norm 1 after updating U: 9.14005
200 iterations
f(b) = 88.1344
Frob norm 2 after updating B : 9.12582
Iteration number -------- 26  -----------
lambda : 1.1328
max_diff => 0.155464
------------------------normalized = 0.343619 ----------------
performed mixing
Frob norm 1 after updating U: 9.13968
200 iterations
f(b) = 88.2107
Frob norm 2 after updating B : 9.12739
Iteration number -------- 27  -----------
lambda : 1.13846
max_diff => 0.155042
------------------------normalized = 0.343678 ----------------
performed mixing
Frob norm 1 after updating U: 9.13942
200 iterations
f(b) = 88.1528
Frob norm 2 after updating B : 9.1195
Iteration number -------- 28  -----------
lambda : 1.14415
max_diff => 0.147677
------------------------normalized = 0.343381 ----------------
performed mixing
Frob norm 1 after updating U: 9.13496
200 iterations
f(b) = 88.2252
Frob norm 2 after updating B : 9.12157
Iteration number -------- 29  -----------
lambda : 1.14987
max_diff => 0.150169
------------------------normalized = 0.343459 ----------------
performed mixing
Frob norm 1 after updating U: 9.13324
200 iterations
f(b) = 88.2771
Frob norm 2 after updating B : 9.11862
Iteration number -------- 30  -----------
lambda : 1.15562
max_diff => 0.154653
------------------------normalized = 0.343348 ----------------
performed mixing
Frob norm 1 after updating U: 9.1309
200 iterations
f(b) = 88.3777
Frob norm 2 after updating B : 9.11985
Iteration number -------- 31  -----------
lambda : 1.1614
max_diff => 0.155329
------------------------normalized = 0.343394 ----------------
performed mixing
Frob norm 1 after updating U: 9.13057
200 iterations
f(b) = 88.2879
Frob norm 2 after updating B : 9.1118
Iteration number -------- 32  -----------
lambda : 1.16721
max_diff => 0.179762
------------------------normalized = 0.343091 ----------------
performed mixing
Frob norm 1 after updating U: 9.12108
200 iterations
f(b) = 88.2803
Frob norm 2 after updating B : 9.10767
Iteration number -------- 33  -----------
lambda : 1.17304
max_diff => 0.184477
------------------------normalized = 0.342935 ----------------
performed mixing
Frob norm 1 after updating U: 9.1091
200 iterations
f(b) = 88.2511
Frob norm 2 after updating B : 9.09992
Iteration number -------- 34  -----------
lambda : 1.17891
max_diff => 0.18965
------------------------normalized = 0.342643 ----------------
performed mixing
Frob norm 1 after updating U: 9.09857
200 iterations
f(b) = 88.0839
Frob norm 2 after updating B : 9.08195
Iteration number -------- 35  -----------
lambda : 1.1848
max_diff => 0.199879
------------------------normalized = 0.341967 ----------------
performed mixing
Frob norm 1 after updating U: 9.05414
200 iterations
f(b) = 87.7271
Frob norm 2 after updating B : 9.05459
Iteration number -------- 36  -----------
lambda : 1.19073
max_diff => 0.202056
------------------------normalized = 0.340937 ----------------
performed mixing
Frob norm 1 after updating U: 9.00672
200 iterations
f(b) = 86.6209
Frob norm 2 after updating B : 8.99132
Iteration number -------- 37  -----------
lambda : 1.19668
max_diff => 0.205642
------------------------normalized = 0.338554 ----------------
performed mixing
Frob norm 1 after updating U: 8.7682
200 iterations
f(b) = 84.4755
Frob norm 2 after updating B : 8.90291
Iteration number -------- 38  -----------
lambda : 1.20266
max_diff => 0.197689
------------------------normalized = 0.335226 ----------------
performed mixing
Frob norm 1 after updating U: 8.58224
200 iterations
f(b) = 82.6755
Frob norm 2 after updating B : 8.80007
Iteration number -------- 39  -----------
lambda : 1.20868
max_diff => 0.193815
------------------------normalized = 0.331353 ----------------
performed mixing
Frob norm 1 after updating U: 8.56572
200 iterations
f(b) = 81.3763
Frob norm 2 after updating B : 8.72347
Iteration number -------- 40  -----------
lambda : 1.21472
max_diff => 0.185511
------------------------normalized = 0.328469 ----------------
performed mixing
Frob norm 1 after updating U: 8.55147
200 iterations
f(b) = 80.431
Frob norm 2 after updating B : 8.6667
Iteration number -------- 41  -----------
lambda : 1.22079
max_diff => 0.170721
------------------------normalized = 0.326331 ----------------
performed mixing
Frob norm 1 after updating U: 8.53945
200 iterations
f(b) = 79.6869
Frob norm 2 after updating B : 8.62731
Iteration number -------- 42  -----------
lambda : 1.2269
max_diff => 0.143775
------------------------normalized = 0.324848 ----------------
performed mixing
Frob norm 1 after updating U: 8.52907
200 iterations
f(b) = 79.1885
Frob norm 2 after updating B : 8.59681
Iteration number -------- 43  -----------
lambda : 1.23303
max_diff => 0.136647
------------------------normalized = 0.3237 ----------------
performed mixing
Frob norm 1 after updating U: 8.52763
200 iterations
f(b) = 78.7861
Frob norm 2 after updating B : 8.57649
Iteration number -------- 44  -----------
lambda : 1.2392
max_diff => 0.123101
------------------------normalized = 0.322935 ----------------
performed mixing
Frob norm 1 after updating U: 8.52595
200 iterations
f(b) = 78.5396
Frob norm 2 after updating B : 8.56127
Iteration number -------- 45  -----------
lambda : 1.24539
max_diff => 0.119754
------------------------normalized = 0.322362 ----------------
performed mixing
Frob norm 1 after updating U: 8.52568
200 iterations
f(b) = 78.4182
Frob norm 2 after updating B : 8.55071
Iteration number -------- 46  -----------
lambda : 1.25162
max_diff => 0.118756
------------------------normalized = 0.321964 ----------------
performed mixing
Frob norm 1 after updating U: 8.52564
200 iterations
f(b) = 78.1349
Frob norm 2 after updating B : 8.54904
Iteration number -------- 47  -----------
lambda : 1.25788
max_diff => 0.116324
------------------------normalized = 0.321901 ----------------
performed mixing
Frob norm 1 after updating U: 8.52766
200 iterations
f(b) = 78.125
Frob norm 2 after updating B : 8.54224
Iteration number -------- 48  -----------
lambda : 1.26417
max_diff => 0.116282
------------------------normalized = 0.321645 ----------------
performed mixing
Frob norm 1 after updating U: 8.52755
200 iterations
f(b) = 78.0131
Frob norm 2 after updating B : 8.53756
Iteration number -------- 49  -----------
lambda : 1.27049
max_diff => 0.116253
------------------------normalized = 0.321469 ----------------
performed mixing
Frob norm 1 after updating U: 8.52722
200 iterations
f(b) = 78.0036
Frob norm 2 after updating B : 8.53527
Iteration number -------- 50  -----------
lambda : 1.27684
max_diff => 0.116291
------------------------normalized = 0.321382 ----------------
performed mixing
Frob norm 1 after updating U: 8.52787
200 iterations
f(b) = 77.9865
Frob norm 2 after updating B : 8.53324
Iteration number -------- 51  -----------
lambda : 1.28323
max_diff => 0.11632
------------------------normalized = 0.321306 ----------------
performed mixing
Frob norm 1 after updating U: 8.52787
200 iterations
f(b) = 77.9872
Frob norm 2 after updating B : 8.53202
Iteration number -------- 52  -----------
lambda : 1.28964
max_diff => 0.116341
------------------------normalized = 0.32126 ----------------
performed mixing
Frob norm 1 after updating U: 8.52809
200 iterations
f(b) = 78.0005
Frob norm 2 after updating B : 8.53111
Iteration number -------- 53  -----------
lambda : 1.29609
max_diff => 0.116375
------------------------normalized = 0.321226 ----------------
performed mixing
Frob norm 1 after updating U: 8.52819
200 iterations
f(b) = 78.0099
Frob norm 2 after updating B : 8.53051
Iteration number -------- 54  -----------
lambda : 1.30257
max_diff => 0.116383
------------------------normalized = 0.321203 ----------------
performed mixing
Frob norm 1 after updating U: 8.52828
200 iterations
f(b) = 78.007
Frob norm 2 after updating B : 8.53028
Iteration number -------- 55  -----------
lambda : 1.30908
max_diff => 0.11646
------------------------normalized = 0.321195 ----------------
performed mixing
Frob norm 1 after updating U: 8.52849
200 iterations
f(b) = 78.0384
Frob norm 2 after updating B : 8.53019
Iteration number -------- 56  -----------
lambda : 1.31563
max_diff => 0.116459
------------------------normalized = 0.321191 ----------------
performed mixing
Frob norm 1 after updating U: 8.5287
200 iterations
f(b) = 78.053
Frob norm 2 after updating B : 8.53009
Iteration number -------- 57  -----------
lambda : 1.32221
max_diff => 0.116462
------------------------normalized = 0.321187 ----------------
performed mixing
Frob norm 1 after updating U: 8.52887
200 iterations
f(b) = 78.0735
Frob norm 2 after updating B : 8.5302
Iteration number -------- 58  -----------
lambda : 1.32882
max_diff => 0.116473
------------------------normalized = 0.321191 ----------------
performed mixing
Frob norm 1 after updating U: 8.52916
200 iterations
f(b) = 78.0905
Frob norm 2 after updating B : 8.53026
Iteration number -------- 59  -----------
lambda : 1.33546
max_diff => 0.116446
------------------------normalized = 0.321194 ----------------
performed mixing
Frob norm 1 after updating U: 8.52941
200 iterations
f(b) = 78.1232
Frob norm 2 after updating B : 8.53049
Iteration number -------- 60  -----------
lambda : 1.34214
max_diff => 0.116421
------------------------normalized = 0.321203 ----------------
performed mixing
Frob norm 1 after updating U: 8.52964
200 iterations
f(b) = 78.0995
Frob norm 2 after updating B : 8.53232
Iteration number -------- 61  -----------
lambda : 1.34885
max_diff => 0.116216
------------------------normalized = 0.321271 ----------------
performed mixing
Frob norm 1 after updating U: 8.53073
200 iterations
f(b) = 78.1425
Frob norm 2 after updating B : 8.53253
Iteration number -------- 62  -----------
lambda : 1.35559
max_diff => 0.116177
------------------------normalized = 0.321279 ----------------
performed mixing
Frob norm 1 after updating U: 8.5312
200 iterations
f(b) = 78.146
Frob norm 2 after updating B : 8.53332
Iteration number -------- 63  -----------
lambda : 1.36237
max_diff => 0.116104
------------------------normalized = 0.321309 ----------------
performed mixing
Frob norm 1 after updating U: 8.532
200 iterations
f(b) = 78.1695
Frob norm 2 after updating B : 8.53333
Iteration number -------- 64  -----------
lambda : 1.36918
max_diff => 0.116052
------------------------normalized = 0.321309 ----------------
performed mixing
Frob norm 1 after updating U: 8.53223
200 iterations
f(b) = 78.1939
Frob norm 2 after updating B : 8.53339
Iteration number -------- 65  -----------
lambda : 1.37603
max_diff => 0.115998
------------------------normalized = 0.321312 ----------------
performed mixing
Frob norm 1 after updating U: 8.53246
200 iterations
f(b) = 78.2095
Frob norm 2 after updating B : 8.53356
Iteration number -------- 66  -----------
lambda : 1.38291
max_diff => 0.115934
------------------------normalized = 0.321318 ----------------
performed mixing
Frob norm 1 after updating U: 8.53274
200 iterations
f(b) = 78.2191
Frob norm 2 after updating B : 8.53394
Iteration number -------- 67  -----------
lambda : 1.38982
max_diff => 0.115814
------------------------normalized = 0.321332 ----------------
performed mixing
Frob norm 1 after updating U: 8.53308
200 iterations
f(b) = 78.2631
Frob norm 2 after updating B : 8.53429
Iteration number -------- 68  -----------
lambda : 1.39677
max_diff => 0.115727
------------------------normalized = 0.321346 ----------------
performed mixing
Frob norm 1 after updating U: 8.53343
200 iterations
f(b) = 78.2821
Frob norm 2 after updating B : 8.53452
Iteration number -------- 69  -----------
lambda : 1.40376
max_diff => 0.115581
------------------------normalized = 0.321354 ----------------
performed mixing
Frob norm 1 after updating U: 8.53372
200 iterations
f(b) = 78.3189
Frob norm 2 after updating B : 8.53458
Iteration number -------- 70  -----------
lambda : 1.41078
max_diff => 0.115541
------------------------normalized = 0.321357 ----------------
performed mixing
Frob norm 1 after updating U: 8.53387
200 iterations
f(b) = 78.3286
Frob norm 2 after updating B : 8.53495
Iteration number -------- 71  -----------
lambda : 1.41783
max_diff => 0.115391
------------------------normalized = 0.321371 ----------------
performed mixing
Frob norm 1 after updating U: 8.53419
200 iterations
f(b) = 78.3578
Frob norm 2 after updating B : 8.53507
Iteration number -------- 72  -----------
lambda : 1.42492
max_diff => 0.115295
------------------------normalized = 0.321375 ----------------
performed mixing
Frob norm 1 after updating U: 8.53437
200 iterations
f(b) = 78.3676
Frob norm 2 after updating B : 8.53556
Iteration number -------- 73  -----------
lambda : 1.43204
max_diff => 0.115077
------------------------normalized = 0.321393 ----------------
performed mixing
Frob norm 1 after updating U: 8.53482
200 iterations
f(b) = 78.3817
Frob norm 2 after updating B : 8.53584
Iteration number -------- 74  -----------
lambda : 1.4392
max_diff => 0.114875
------------------------normalized = 0.321404 ----------------
performed mixing
Frob norm 1 after updating U: 8.53511
200 iterations
f(b) = 78.4156
Frob norm 2 after updating B : 8.53643
Iteration number -------- 75  -----------
lambda : 1.4464
max_diff => 0.114653
------------------------normalized = 0.321426 ----------------
performed mixing
Frob norm 1 after updating U: 8.53559
200 iterations
f(b) = 78.4535
Frob norm 2 after updating B : 8.53662
Iteration number -------- 76  -----------
lambda : 1.45363
max_diff => 0.114553
------------------------normalized = 0.321433 ----------------
performed mixing
Frob norm 1 after updating U: 8.53585
200 iterations
f(b) = 78.4741
Frob norm 2 after updating B : 8.53683
Iteration number -------- 77  -----------
lambda : 1.4609
max_diff => 0.114416
------------------------normalized = 0.321441 ----------------
performed mixing
Frob norm 1 after updating U: 8.53612
200 iterations
f(b) = 78.4897
Frob norm 2 after updating B : 8.53743
Iteration number -------- 78  -----------
lambda : 1.46821
max_diff => 0.114058
------------------------normalized = 0.321464 ----------------
performed mixing
Frob norm 1 after updating U: 8.53662
200 iterations
f(b) = 78.5235
Frob norm 2 after updating B : 8.53784
Iteration number -------- 79  -----------
lambda : 1.47555
max_diff => 0.113823
------------------------normalized = 0.321479 ----------------
performed mixing
Frob norm 1 after updating U: 8.53704
200 iterations
f(b) = 78.5515
Frob norm 2 after updating B : 8.53799
Iteration number -------- 80  -----------
lambda : 1.48292
max_diff => 0.113709
------------------------normalized = 0.321485 ----------------
performed mixing
Frob norm 1 after updating U: 8.53724
200 iterations
f(b) = 78.5675
Frob norm 2 after updating B : 8.53824
Iteration number -------- 81  -----------
lambda : 1.49034
max_diff => 0.113522
------------------------normalized = 0.321494 ----------------
performed mixing
Frob norm 1 after updating U: 8.53751
200 iterations
f(b) = 78.5815
Frob norm 2 after updating B : 8.53897
Iteration number -------- 82  -----------
lambda : 1.49779
max_diff => 0.113123
------------------------normalized = 0.321522 ----------------
performed mixing
Frob norm 1 after updating U: 8.53811
200 iterations
f(b) = 78.6088
Frob norm 2 after updating B : 8.53936
Iteration number -------- 83  -----------
lambda : 1.50528
max_diff => 0.112832
------------------------normalized = 0.321536 ----------------
performed mixing
Frob norm 1 after updating U: 8.53849
200 iterations
f(b) = 78.6435
Frob norm 2 after updating B : 8.53981
Iteration number -------- 84  -----------
lambda : 1.51281
max_diff => 0.112586
------------------------normalized = 0.321554 ----------------
performed mixing
Frob norm 1 after updating U: 8.53894
200 iterations
f(b) = 78.6752
Frob norm 2 after updating B : 8.53995
Iteration number -------- 85  -----------
lambda : 1.52037
max_diff => 0.112461
------------------------normalized = 0.321559 ----------------
performed mixing
Frob norm 1 after updating U: 8.53917
200 iterations
f(b) = 78.6913
Frob norm 2 after updating B : 8.54023
Iteration number -------- 86  -----------
lambda : 1.52797
max_diff => 0.112287
------------------------normalized = 0.321569 ----------------
performed mixing
Frob norm 1 after updating U: 8.53946
200 iterations
f(b) = 78.7039
Frob norm 2 after updating B : 8.54091
Iteration number -------- 87  -----------
lambda : 1.53561
max_diff => 0.111896
------------------------normalized = 0.321595 ----------------
performed mixing
Frob norm 1 after updating U: 8.53998
200 iterations
f(b) = 78.7305
Frob norm 2 after updating B : 8.54123
Iteration number -------- 88  -----------
lambda : 1.54329
max_diff => 0.111674
------------------------normalized = 0.321607 ----------------
performed mixing
Frob norm 1 after updating U: 8.54035
200 iterations
f(b) = 78.7601
Frob norm 2 after updating B : 8.54147
Iteration number -------- 89  -----------
lambda : 1.55101
max_diff => 0.11143
------------------------normalized = 0.321616 ----------------
performed mixing
Frob norm 1 after updating U: 8.54063
200 iterations
f(b) = 78.7906
Frob norm 2 after updating B : 8.54171
Iteration number -------- 90  -----------
lambda : 1.55876
max_diff => 0.11125
------------------------normalized = 0.321625 ----------------
performed mixing
Frob norm 1 after updating U: 8.54091
200 iterations
f(b) = 78.8019
Frob norm 2 after updating B : 8.54226
Iteration number -------- 91  -----------
lambda : 1.56655
max_diff => 0.110972
------------------------normalized = 0.321646 ----------------
performed mixing
Frob norm 1 after updating U: 8.5414
200 iterations
f(b) = 78.8261
Frob norm 2 after updating B : 8.54302
Iteration number -------- 92  -----------
lambda : 1.57439
max_diff => 0.110557
------------------------normalized = 0.321674 ----------------
performed mixing
Frob norm 1 after updating U: 8.54205
200 iterations
f(b) = 78.8506
Frob norm 2 after updating B : 8.54342
Iteration number -------- 93  -----------
lambda : 1.58226
max_diff => 0.110253
------------------------normalized = 0.321689 ----------------
performed mixing
Frob norm 1 after updating U: 8.54247
200 iterations
f(b) = 78.8854
Frob norm 2 after updating B : 8.54372
Iteration number -------- 94  -----------
lambda : 1.59017
max_diff => 0.109998
------------------------normalized = 0.321701 ----------------
performed mixing
Frob norm 1 after updating U: 8.54281
200 iterations
f(b) = 78.9009
Frob norm 2 after updating B : 8.5441
Iteration number -------- 95  -----------
lambda : 1.59812
max_diff => 0.109717
------------------------normalized = 0.321715 ----------------
performed mixing
Frob norm 1 after updating U: 8.54322
200 iterations
f(b) = 78.9208
Frob norm 2 after updating B : 8.54445
Iteration number -------- 96  -----------
lambda : 1.60611
max_diff => 0.109455
------------------------normalized = 0.321728 ----------------
performed mixing
Frob norm 1 after updating U: 8.54357
200 iterations
f(b) = 78.9274
Frob norm 2 after updating B : 8.5451
Iteration number -------- 97  -----------
lambda : 1.61414
max_diff => 0.109026
------------------------normalized = 0.321753 ----------------
performed mixing
Frob norm 1 after updating U: 8.54417
200 iterations
f(b) = 78.9575
Frob norm 2 after updating B : 8.54617
Iteration number -------- 98  -----------
lambda : 1.62221
max_diff => 0.108366
------------------------normalized = 0.321793 ----------------
performed mixing
Frob norm 1 after updating U: 8.545
200 iterations
f(b) = 78.9836
Frob norm 2 after updating B : 8.54685
Iteration number -------- 99  -----------
lambda : 1.63032
max_diff => 0.107812
------------------------normalized = 0.321819 ----------------
performed mixing
Frob norm 1 after updating U: 8.54563
200 iterations
f(b) = 79.0019
Frob norm 2 after updating B : 8.54743
Iteration number -------- 100  -----------
lambda : 1.63848
max_diff => 0.107407
------------------------normalized = 0.32184 ----------------
performed mixing
Frob norm 1 after updating U: 8.5462
200 iterations
f(b) = 79.0141
Frob norm 2 after updating B : 8.54843
Iteration number -------- 101  -----------
lambda : 1.64667
max_diff => 0.106738
------------------------normalized = 0.321878 ----------------
performed mixing
Frob norm 1 after updating U: 8.54705
200 iterations
f(b) = 79.0175
Frob norm 2 after updating B : 8.54936
Iteration number -------- 102  -----------
lambda : 1.6549
max_diff => 0.105968
------------------------normalized = 0.321913 ----------------
performed mixing
Frob norm 1 after updating U: 8.54781
200 iterations
f(b) = 79.0779
Frob norm 2 after updating B : 8.54989
Iteration number -------- 103  -----------
lambda : 1.66318
max_diff => 0.105655
------------------------normalized = 0.321933 ----------------
performed mixing
Frob norm 1 after updating U: 8.54844
200 iterations
f(b) = 79.0884
Frob norm 2 after updating B : 8.55062
Iteration number -------- 104  -----------
lambda : 1.67149
max_diff => 0.104986
------------------------normalized = 0.32196 ----------------
performed mixing
Frob norm 1 after updating U: 8.54912
200 iterations
f(b) = 79.0933
Frob norm 2 after updating B : 8.55257
Iteration number -------- 105  -----------
lambda : 1.67985
max_diff => 0.103821
------------------------normalized = 0.322034 ----------------
performed mixing
Frob norm 1 after updating U: 8.55064
200 iterations
f(b) = 79.1212
Frob norm 2 after updating B : 8.55313
Iteration number -------- 106  -----------
lambda : 1.68825
max_diff => 0.103253
------------------------normalized = 0.322055 ----------------
performed mixing
Frob norm 1 after updating U: 8.55128
200 iterations
f(b) = 79.1541
Frob norm 2 after updating B : 8.55341
Iteration number -------- 107  -----------
lambda : 1.69669
max_diff => 0.102856
------------------------normalized = 0.322065 ----------------
performed mixing
Frob norm 1 after updating U: 8.55172
200 iterations
f(b) = 79.1618
Frob norm 2 after updating B : 8.5538
Iteration number -------- 108  -----------
lambda : 1.70517
max_diff => 0.10229
------------------------normalized = 0.32208 ----------------
performed mixing
Frob norm 1 after updating U: 8.55223
200 iterations
f(b) = 79.1967
Frob norm 2 after updating B : 8.55399
Iteration number -------- 109  -----------
lambda : 1.7137
max_diff => 0.102066
------------------------normalized = 0.322087 ----------------
performed mixing
Frob norm 1 after updating U: 8.55258
200 iterations
f(b) = 79.2194
Frob norm 2 after updating B : 8.55417
Iteration number -------- 110  -----------
lambda : 1.72227
max_diff => 0.101862
------------------------normalized = 0.322094 ----------------
performed mixing
Frob norm 1 after updating U: 8.55289
200 iterations
f(b) = 79.2201
Frob norm 2 after updating B : 8.55543
Iteration number -------- 111  -----------
lambda : 1.73088
max_diff => 0.10091
------------------------normalized = 0.322141 ----------------
performed mixing
Frob norm 1 after updating U: 8.5539
200 iterations
f(b) = 79.2365
Frob norm 2 after updating B : 8.55615
Iteration number -------- 112  -----------
lambda : 1.73953
max_diff => 0.100313
------------------------normalized = 0.322169 ----------------
performed mixing
Frob norm 1 after updating U: 8.55461
200 iterations
f(b) = 79.299
Frob norm 2 after updating B : 8.55628
Iteration number -------- 113  -----------
lambda : 1.74823
max_diff => 0.100095
------------------------normalized = 0.322174 ----------------
performed mixing
Frob norm 1 after updating U: 8.55492
200 iterations
f(b) = 79.3047
Frob norm 2 after updating B : 8.55675
Iteration number -------- 114  -----------
lambda : 1.75697
max_diff => 0.0996767
------------------------normalized = 0.322191 ----------------
performed mixing
Frob norm 1 after updating U: 8.55543
200 iterations
f(b) = 79.3215
Frob norm 2 after updating B : 8.55729
Iteration number -------- 115  -----------
lambda : 1.76576
max_diff => 0.0991949
------------------------normalized = 0.322212 ----------------
performed mixing
Frob norm 1 after updating U: 8.55598
200 iterations
f(b) = 79.3385
Frob norm 2 after updating B : 8.558
Iteration number -------- 116  -----------
lambda : 1.77459
max_diff => 0.0986983
------------------------normalized = 0.322238 ----------------
performed mixing
Frob norm 1 after updating U: 8.55656
200 iterations
f(b) = 79.3322
Frob norm 2 after updating B : 8.55908
Iteration number -------- 117  -----------
lambda : 1.78346
max_diff => 0.0979548
------------------------normalized = 0.322279 ----------------
performed mixing
Frob norm 1 after updating U: 8.55749
200 iterations
f(b) = 79.3742
Frob norm 2 after updating B : 8.56025
Iteration number -------- 118  -----------
lambda : 1.79238
max_diff => 0.0972506
------------------------normalized = 0.322323 ----------------
performed mixing
Frob norm 1 after updating U: 8.55853
200 iterations
f(b) = 79.4014
Frob norm 2 after updating B : 8.56146
Iteration number -------- 119  -----------
lambda : 1.80134
max_diff => 0.0965298
------------------------normalized = 0.322368 ----------------
performed mixing
Frob norm 1 after updating U: 8.55961
200 iterations
f(b) = 79.4124
Frob norm 2 after updating B : 8.56211
Iteration number -------- 120  -----------
lambda : 1.81035
max_diff => 0.0958852
------------------------normalized = 0.322393 ----------------
performed mixing
Frob norm 1 after updating U: 8.56029
200 iterations
f(b) = 79.4328
Frob norm 2 after updating B : 8.56258
Iteration number -------- 121  -----------
lambda : 1.8194
max_diff => 0.0954486
------------------------normalized = 0.322411 ----------------
performed mixing
Frob norm 1 after updating U: 8.56088
200 iterations
f(b) = 79.4639
Frob norm 2 after updating B : 8.56317
Iteration number -------- 122  -----------
lambda : 1.82849
max_diff => 0.0948821
------------------------normalized = 0.322433 ----------------
performed mixing
Frob norm 1 after updating U: 8.5615
200 iterations
f(b) = 79.4764
Frob norm 2 after updating B : 8.56359
Iteration number -------- 123  -----------
lambda : 1.83764
max_diff => 0.0943871
------------------------normalized = 0.322449 ----------------
performed mixing
Frob norm 1 after updating U: 8.56199
200 iterations
f(b) = 79.4934
Frob norm 2 after updating B : 8.56429
Iteration number -------- 124  -----------
lambda : 1.84682
max_diff => 0.0936043
------------------------normalized = 0.322475 ----------------
performed mixing
Frob norm 1 after updating U: 8.56266
200 iterations
f(b) = 79.52
Frob norm 2 after updating B : 8.56486
Iteration number -------- 125  -----------
lambda : 1.85606
max_diff => 0.0930204
------------------------normalized = 0.322497 ----------------
performed mixing
Frob norm 1 after updating U: 8.56323
200 iterations
f(b) = 79.5383
Frob norm 2 after updating B : 8.56587
Iteration number -------- 126  -----------
lambda : 1.86534
max_diff => 0.0923625
------------------------normalized = 0.322535 ----------------
performed mixing
Frob norm 1 after updating U: 8.56408
200 iterations
f(b) = 79.5489
Frob norm 2 after updating B : 8.5665
Iteration number -------- 127  -----------
lambda : 1.87467
max_diff => 0.0917105
------------------------normalized = 0.322558 ----------------
performed mixing
Frob norm 1 after updating U: 8.56467
200 iterations
f(b) = 79.5766
Frob norm 2 after updating B : 8.56681
Iteration number -------- 128  -----------
lambda : 1.88404
max_diff => 0.0912642
------------------------normalized = 0.32257 ----------------
performed mixing
Frob norm 1 after updating U: 8.5651
200 iterations
f(b) = 79.5963
Frob norm 2 after updating B : 8.56714
Iteration number -------- 129  -----------
lambda : 1.89346
max_diff => 0.0907013
------------------------normalized = 0.322583 ----------------
performed mixing
Frob norm 1 after updating U: 8.56552
200 iterations
f(b) = 79.6245
Frob norm 2 after updating B : 8.56747
Iteration number -------- 130  -----------
lambda : 1.90293
max_diff => 0.0902312
------------------------normalized = 0.322595 ----------------
performed mixing
Frob norm 1 after updating U: 8.56592
200 iterations
f(b) = 79.6177
Frob norm 2 after updating B : 8.56874
Iteration number -------- 131  -----------
lambda : 1.91244
max_diff => 0.0883955
------------------------normalized = 0.322643 ----------------
performed mixing
Frob norm 1 after updating U: 8.56645
200 iterations
f(b) = 79.6458
Frob norm 2 after updating B : 8.57008
Iteration number -------- 132  -----------
lambda : 1.922
max_diff => 0.0877451
------------------------normalized = 0.322693 ----------------
performed mixing
Frob norm 1 after updating U: 8.56786
200 iterations
f(b) = 79.6743
Frob norm 2 after updating B : 8.57075
Iteration number -------- 133  -----------
lambda : 1.93161
max_diff => 0.0871683
------------------------normalized = 0.322718 ----------------
performed mixing
Frob norm 1 after updating U: 8.56865
200 iterations
f(b) = 79.6828
Frob norm 2 after updating B : 8.5716
Iteration number -------- 134  -----------
lambda : 1.94127
max_diff => 0.0864081
------------------------normalized = 0.32275 ----------------
performed mixing
Frob norm 1 after updating U: 8.56948
200 iterations
f(b) = 79.7106
Frob norm 2 after updating B : 8.57244
Iteration number -------- 135  -----------
lambda : 1.95098
max_diff => 0.085787
------------------------normalized = 0.322782 ----------------
performed mixing
Frob norm 1 after updating U: 8.57026
200 iterations
f(b) = 79.7541
Frob norm 2 after updating B : 8.57229
Iteration number -------- 136  -----------
lambda : 1.96073
max_diff => 0.0855753
------------------------normalized = 0.322776 ----------------
performed mixing
Frob norm 1 after updating U: 8.57047
200 iterations
f(b) = 79.7474
Frob norm 2 after updating B : 8.57246
Iteration number -------- 137  -----------
lambda : 1.97054
max_diff => 0.0851181
------------------------normalized = 0.322783 ----------------
performed mixing
Frob norm 1 after updating U: 8.5708
200 iterations
f(b) = 79.7833
Frob norm 2 after updating B : 8.57288
Iteration number -------- 138  -----------
lambda : 1.98039
max_diff => 0.0846657
------------------------normalized = 0.322799 ----------------
performed mixing
Frob norm 1 after updating U: 8.57129
200 iterations
f(b) = 79.809
Frob norm 2 after updating B : 8.57316
Iteration number -------- 139  -----------
lambda : 1.99029
max_diff => 0.0843254
------------------------normalized = 0.322809 ----------------
performed mixing
Frob norm 1 after updating U: 8.57169
200 iterations
f(b) = 79.8131
Frob norm 2 after updating B : 8.57407
Iteration number -------- 140  -----------
lambda : 2.00024
max_diff => 0.0835537
------------------------normalized = 0.322843 ----------------
performed mixing
Frob norm 1 after updating U: 8.57243
200 iterations
f(b) = 79.8564
Frob norm 2 after updating B : 8.5743
Iteration number -------- 141  -----------
lambda : 2.01024
max_diff => 0.083164
------------------------normalized = 0.322852 ----------------
performed mixing
Frob norm 1 after updating U: 8.57277
200 iterations
f(b) = 79.8241
Frob norm 2 after updating B : 8.57559
Iteration number -------- 142  -----------
lambda : 2.02029
max_diff => 0.0820888
------------------------normalized = 0.322901 ----------------
performed mixing
Frob norm 1 after updating U: 8.57374
200 iterations
f(b) = 79.8755
Frob norm 2 after updating B : 8.57605
Iteration number -------- 143  -----------
lambda : 2.0304
max_diff => 0.0815935
------------------------normalized = 0.322918 ----------------
performed mixing
Frob norm 1 after updating U: 8.5743
200 iterations
f(b) = 79.8693
Frob norm 2 after updating B : 8.57769
Iteration number -------- 144  -----------
lambda : 2.04055
max_diff => 0.0804619
------------------------normalized = 0.32298 ----------------
performed mixing
Frob norm 1 after updating U: 8.57544
200 iterations
f(b) = 79.8681
Frob norm 2 after updating B : 8.58021
Iteration number -------- 145  -----------
lambda : 2.05075
max_diff => 0.0786467
------------------------normalized = 0.323074 ----------------
performed mixing
Frob norm 1 after updating U: 8.57721
200 iterations
f(b) = 79.9256
Frob norm 2 after updating B : 8.58027
Iteration number -------- 146  -----------
lambda : 2.061
max_diff => 0.0782266
------------------------normalized = 0.323077 ----------------
performed mixing
Frob norm 1 after updating U: 8.57769
200 iterations
f(b) = 79.9218
Frob norm 2 after updating B : 8.58172
Iteration number -------- 147  -----------
lambda : 2.07131
max_diff => 0.077146
------------------------normalized = 0.323131 ----------------
performed mixing
Frob norm 1 after updating U: 8.57891
200 iterations
f(b) = 79.9464
Frob norm 2 after updating B : 8.58223
Iteration number -------- 148  -----------
lambda : 2.08167
max_diff => 0.0764836
------------------------normalized = 0.323151 ----------------
performed mixing
Frob norm 1 after updating U: 8.57958
200 iterations
f(b) = 79.9708
Frob norm 2 after updating B : 8.58214
Iteration number -------- 149  -----------
lambda : 2.09207
max_diff => 0.0761592
------------------------normalized = 0.323147 ----------------
performed mixing
Frob norm 1 after updating U: 8.57987
200 iterations
f(b) = 79.9961
Frob norm 2 after updating B : 8.58225
Iteration number -------- 150  -----------
lambda : 2.10253
max_diff => 0.075741
------------------------normalized = 0.323152 ----------------
performed mixing
Frob norm 1 after updating U: 8.58024
200 iterations
f(b) = 80.0086
Frob norm 2 after updating B : 8.58275
Iteration number -------- 151  -----------
lambda : 2.11305
max_diff => 0.0750396
------------------------normalized = 0.32317 ----------------
performed mixing
Frob norm 1 after updating U: 8.58076
200 iterations
f(b) = 80.0255
Frob norm 2 after updating B : 8.58354
Iteration number -------- 152  -----------
lambda : 2.12361
max_diff => 0.0743238
------------------------normalized = 0.3232 ----------------
performed mixing
Frob norm 1 after updating U: 8.5815
200 iterations
f(b) = 80.0376
Frob norm 2 after updating B : 8.58407
Iteration number -------- 153  -----------
lambda : 2.13423
max_diff => 0.0736704
------------------------normalized = 0.32322 ----------------
performed mixing
Frob norm 1 after updating U: 8.58205
200 iterations
f(b) = 80.0744
Frob norm 2 after updating B : 8.58439
Iteration number -------- 154  -----------
lambda : 2.1449
max_diff => 0.0731822
------------------------normalized = 0.323232 ----------------
performed mixing
Frob norm 1 after updating U: 8.5825
200 iterations
f(b) = 80.0983
Frob norm 2 after updating B : 8.58469
Iteration number -------- 155  -----------
lambda : 2.15563
max_diff => 0.0726829
------------------------normalized = 0.323243 ----------------
performed mixing
Frob norm 1 after updating U: 8.58292
200 iterations
f(b) = 80.0989
Frob norm 2 after updating B : 8.58568
Iteration number -------- 156  -----------
lambda : 2.1664
max_diff => 0.0718158
------------------------normalized = 0.32328 ----------------
performed mixing
Frob norm 1 after updating U: 8.58367
200 iterations
f(b) = 80.086
Frob norm 2 after updating B : 8.58606
Iteration number -------- 157  -----------
lambda : 2.17724
max_diff => 0.071178
------------------------normalized = 0.323295 ----------------
performed mixing
Frob norm 1 after updating U: 8.58415
200 iterations
f(b) = 80.1436
Frob norm 2 after updating B : 8.58734
Iteration number -------- 158  -----------
lambda : 2.18812
max_diff => 0.0702291
------------------------normalized = 0.323343 ----------------
performed mixing
Frob norm 1 after updating U: 8.5852
200 iterations
f(b) = 80.1681
Frob norm 2 after updating B : 8.58827
Iteration number -------- 159  -----------
lambda : 2.19906
max_diff => 0.0695615
------------------------normalized = 0.323378 ----------------
performed mixing
Frob norm 1 after updating U: 8.58608
200 iterations
f(b) = 80.1956
Frob norm 2 after updating B : 8.58875
Iteration number -------- 160  -----------
lambda : 2.21006
max_diff => 0.0690288
------------------------normalized = 0.323396 ----------------
performed mixing
Frob norm 1 after updating U: 8.58664
200 iterations
f(b) = 80.2143
Frob norm 2 after updating B : 8.58875
Iteration number -------- 161  -----------
lambda : 2.22111
max_diff => 0.0687093
------------------------normalized = 0.323396 ----------------
performed mixing
Frob norm 1 after updating U: 8.58688
200 iterations
f(b) = 80.1307
Frob norm 2 after updating B : 8.60482
Iteration number -------- 162  -----------
lambda : 2.23221
max_diff => 0.0623923
------------------------normalized = 0.324001 ----------------
performed mixing
Frob norm 1 after updating U: 8.59621
200 iterations
f(b) = 80.1598
Frob norm 2 after updating B : 8.60319
Iteration number -------- 163  -----------
lambda : 2.24338
max_diff => 0.0623923
------------------------normalized = 0.32394 ----------------
performed mixing
Frob norm 1 after updating U: 8.59649
200 iterations
f(b) = 80.1631
Frob norm 2 after updating B : 8.60214
Iteration number -------- 164  -----------
lambda : 2.25459
max_diff => 0.0623928
------------------------normalized = 0.3239 ----------------
performed mixing
Frob norm 1 after updating U: 8.59678
200 iterations
f(b) = 80.175
Frob norm 2 after updating B : 8.60143
Iteration number -------- 165  -----------
lambda : 2.26587
max_diff => 0.0623924
------------------------normalized = 0.323873 ----------------
performed mixing
Frob norm 1 after updating U: 8.59708
200 iterations
f(b) = 80.1674
Frob norm 2 after updating B : 8.6013
Iteration number -------- 166  -----------
lambda : 2.27719
max_diff => 0.0623932
------------------------normalized = 0.323869 ----------------
performed mixing
Frob norm 1 after updating U: 8.59754
200 iterations
f(b) = 80.1771
Frob norm 2 after updating B : 8.60111
Iteration number -------- 167  -----------
lambda : 2.28858
max_diff => 0.0623946
------------------------normalized = 0.323862 ----------------
performed mixing
Frob norm 1 after updating U: 8.59792
200 iterations
f(b) = 80.2104
Frob norm 2 after updating B : 8.60097
Iteration number -------- 168  -----------
lambda : 2.30002
max_diff => 0.0623949
------------------------normalized = 0.323856 ----------------
performed mixing
Frob norm 1 after updating U: 8.5982
200 iterations
f(b) = 80.2325
Frob norm 2 after updating B : 8.60114
Iteration number -------- 169  -----------
lambda : 2.31152
max_diff => 0.0623952
------------------------normalized = 0.323863 ----------------
performed mixing
Frob norm 1 after updating U: 8.59866
200 iterations
f(b) = 80.1676
Frob norm 2 after updating B : 8.61421
Iteration number -------- 170  -----------
lambda : 2.32308
max_diff => 0.0624026
------------------------normalized = 0.324355 ----------------
performed mixing
Frob norm 1 after updating U: 8.60587
200 iterations
f(b) = 80.1752
Frob norm 2 after updating B : 8.61305
Iteration number -------- 171  -----------
lambda : 2.3347
max_diff => 0.0624042
------------------------normalized = 0.324311 ----------------
performed mixing
Frob norm 1 after updating U: 8.60638
200 iterations
f(b) = 80.202
Frob norm 2 after updating B : 8.61177
Iteration number -------- 172  -----------
lambda : 2.34637
max_diff => 0.0624044
------------------------normalized = 0.324263 ----------------
performed mixing
Frob norm 1 after updating U: 8.60656
200 iterations
f(b) = 80.2004
Frob norm 2 after updating B : 8.61115
Iteration number -------- 173  -----------
lambda : 2.3581
max_diff => 0.062405
------------------------normalized = 0.32424 ----------------
performed mixing
Frob norm 1 after updating U: 8.60686
200 iterations
f(b) = 80.2028
Frob norm 2 after updating B : 8.61139
Iteration number -------- 174  -----------
lambda : 2.36989
max_diff => 0.062407
------------------------normalized = 0.324249 ----------------
performed mixing
Frob norm 1 after updating U: 8.60764
200 iterations
f(b) = 80.1904
Frob norm 2 after updating B : 8.61269
Iteration number -------- 175  -----------
lambda : 2.38174
max_diff => 0.0624089
------------------------normalized = 0.324298 ----------------
performed mixing
Frob norm 1 after updating U: 8.60877
200 iterations
f(b) = 80.2239
Frob norm 2 after updating B : 8.61243
Iteration number -------- 176  -----------
lambda : 2.39365
max_diff => 0.0624091
------------------------normalized = 0.324288 ----------------
performed mixing
Frob norm 1 after updating U: 8.60909
200 iterations
f(b) = 80.2097
Frob norm 2 after updating B : 8.61267
Iteration number -------- 177  -----------
lambda : 2.40562
max_diff => 0.0624102
------------------------normalized = 0.324297 ----------------
performed mixing
Frob norm 1 after updating U: 8.60967
200 iterations
f(b) = 80.2262
Frob norm 2 after updating B : 8.61306
Iteration number -------- 178  -----------
lambda : 2.41765
max_diff => 0.0624117
------------------------normalized = 0.324312 ----------------
performed mixing
Frob norm 1 after updating U: 8.61028
200 iterations
f(b) = 80.2728
Frob norm 2 after updating B : 8.61348
Iteration number -------- 179  -----------
lambda : 2.42974
max_diff => 0.0624125
------------------------normalized = 0.324327 ----------------
performed mixing
Frob norm 1 after updating U: 8.61087
200 iterations
f(b) = 80.2367
Frob norm 2 after updating B : 8.61361
Iteration number -------- 180  -----------
lambda : 2.44188
max_diff => 0.0624128
------------------------normalized = 0.324332 ----------------
performed mixing
Frob norm 1 after updating U: 8.61127
200 iterations
f(b) = 80.2353
Frob norm 2 after updating B : 8.61478
Iteration number -------- 181  -----------
lambda : 2.45409
max_diff => 0.0624143
------------------------normalized = 0.324376 ----------------
performed mixing
Frob norm 1 after updating U: 8.61228
200 iterations
f(b) = 80.3092
Frob norm 2 after updating B : 8.61485
Iteration number -------- 182  -----------
lambda : 2.46636
max_diff => 0.0624147
------------------------normalized = 0.324379 ----------------
performed mixing
Frob norm 1 after updating U: 8.61264
200 iterations
f(b) = 80.332
Frob norm 2 after updating B : 8.61515
Iteration number -------- 183  -----------
lambda : 2.4787
max_diff => 0.0624148
------------------------normalized = 0.32439 ----------------
performed mixing
Frob norm 1 after updating U: 8.61313
200 iterations
f(b) = 80.3418
Frob norm 2 after updating B : 8.61569
Iteration number -------- 184  -----------
lambda : 2.49109
max_diff => 0.0624155
------------------------normalized = 0.32441 ----------------
performed mixing
Frob norm 1 after updating U: 8.61373
200 iterations
f(b) = 80.3554
Frob norm 2 after updating B : 8.61685
Iteration number -------- 185  -----------
lambda : 2.50354
max_diff => 0.0624166
------------------------normalized = 0.324454 ----------------
performed mixing
Frob norm 1 after updating U: 8.61468
200 iterations
f(b) = 80.3568
Frob norm 2 after updating B : 8.61722
Iteration number -------- 186  -----------
lambda : 2.51606
max_diff => 0.0624174
------------------------normalized = 0.324468 ----------------
performed mixing
Frob norm 1 after updating U: 8.6152
200 iterations
f(b) = 80.3536
Frob norm 2 after updating B : 8.61803
Iteration number -------- 187  -----------
lambda : 2.52864
max_diff => 0.0624185
------------------------normalized = 0.324499 ----------------
performed mixing
Frob norm 1 after updating U: 8.61602
200 iterations
f(b) = 80.4054
Frob norm 2 after updating B : 8.61852
Iteration number -------- 188  -----------
lambda : 2.54129
max_diff => 0.0624194
------------------------normalized = 0.324517 ----------------
performed mixing
Frob norm 1 after updating U: 8.6166
200 iterations
f(b) = 80.4145
Frob norm 2 after updating B : 8.61927
Iteration number -------- 189  -----------
lambda : 2.55399
max_diff => 0.0624205
------------------------normalized = 0.324545 ----------------
performed mixing
Frob norm 1 after updating U: 8.61733
200 iterations
f(b) = 80.401
Frob norm 2 after updating B : 8.62638
Iteration number -------- 190  -----------
lambda : 2.56676
max_diff => 0.0624275
------------------------normalized = 0.324813 ----------------
performed mixing
Frob norm 1 after updating U: 8.6218
200 iterations
f(b) = 80.3728
Frob norm 2 after updating B : 8.62661
Iteration number -------- 191  -----------
lambda : 2.5796
max_diff => 0.0624268
------------------------normalized = 0.324822 ----------------
performed mixing
Frob norm 1 after updating U: 8.62276
200 iterations
f(b) = 80.4263
Frob norm 2 after updating B : 8.62648
Iteration number -------- 192  -----------
lambda : 2.59249
max_diff => 0.0624271
------------------------normalized = 0.324817 ----------------
performed mixing
Frob norm 1 after updating U: 8.62321
200 iterations
f(b) = 80.4294
Frob norm 2 after updating B : 8.6267
Iteration number -------- 193  -----------
lambda : 2.60546
max_diff => 0.0624275
------------------------normalized = 0.324825 ----------------
performed mixing
Frob norm 1 after updating U: 8.62383
200 iterations
f(b) = 80.4563
Frob norm 2 after updating B : 8.62671
Iteration number -------- 194  -----------
lambda : 2.61848
max_diff => 0.0624282
------------------------normalized = 0.324825 ----------------
performed mixing
Frob norm 1 after updating U: 8.62427
200 iterations
f(b) = 80.4663
Frob norm 2 after updating B : 8.62707
Iteration number -------- 195  -----------
lambda : 2.63158
max_diff => 0.0624293
------------------------normalized = 0.324839 ----------------
performed mixing
Frob norm 1 after updating U: 8.62479
200 iterations
f(b) = 80.485
Frob norm 2 after updating B : 8.62767
Iteration number -------- 196  -----------
lambda : 2.64473
max_diff => 0.0624303
------------------------normalized = 0.324861 ----------------
performed mixing
Frob norm 1 after updating U: 8.62548
200 iterations
f(b) = 80.4943
Frob norm 2 after updating B : 8.62785
Iteration number -------- 197  -----------
lambda : 2.65796
max_diff => 0.0624311
------------------------normalized = 0.324868 ----------------
performed mixing
Frob norm 1 after updating U: 8.62587
200 iterations
f(b) = 80.5248
Frob norm 2 after updating B : 8.62828
Iteration number -------- 198  -----------
lambda : 2.67125
max_diff => 0.0624315
------------------------normalized = 0.324885 ----------------
performed mixing
Frob norm 1 after updating U: 8.62641
200 iterations
f(b) = 80.5382
Frob norm 2 after updating B : 8.62878
Iteration number -------- 199  -----------
lambda : 2.6846
max_diff => 0.0624319
------------------------normalized = 0.324904 ----------------
performed mixing
Frob norm 1 after updating U: 8.62704
200 iterations
f(b) = 80.5674
Frob norm 2 after updating B : 8.62877
Iteration number -------- 200  -----------
lambda : 2.69803
max_diff => 0.0624324
------------------------normalized = 0.324903 ----------------
