performing filtering
Academic license - for non-commercial use only
Frob norm 1 after updating U: 26.3599
200 iterations
f(b) = 233.754
Frob norm 2 after updating B : 14.913
Iteration number -------- 1  -----------
lambda : 1
max_diff => 0.111307
------------------------normalized = 0.561527 ----------------
performed mixing
Frob norm 1 after updating U: 11.2916
200 iterations
f(b) = 195.718
Frob norm 2 after updating B : 13.6556
Iteration number -------- 2  -----------
lambda : 1.005
max_diff => 0.0938082
------------------------normalized = 0.514179 ----------------
performed mixing
Frob norm 1 after updating U: 10.4158
200 iterations
f(b) = 165.382
Frob norm 2 after updating B : 12.5681
Iteration number -------- 3  -----------
lambda : 1.01002
max_diff => 0.0713051
------------------------normalized = 0.473232 ----------------
performed mixing
Frob norm 1 after updating U: 9.76662
200 iterations
f(b) = 141.39
Frob norm 2 after updating B : 11.6424
Iteration number -------- 4  -----------
lambda : 1.01508
max_diff => 0.0604959
------------------------normalized = 0.438378 ----------------
performed mixing
Frob norm 1 after updating U: 9.22768
200 iterations
f(b) = 122.481
Frob norm 2 after updating B : 10.8416
Iteration number -------- 5  -----------
lambda : 1.02015
max_diff => 0.0606962
------------------------normalized = 0.408222 ----------------
performed mixing
Frob norm 1 after updating U: 8.93344
200 iterations
f(b) = 108.878
Frob norm 2 after updating B : 10.2126
Iteration number -------- 6  -----------
lambda : 1.02525
max_diff => 0.0611234
------------------------normalized = 0.38454 ----------------
performed mixing
Frob norm 1 after updating U: 8.80521
200 iterations
f(b) = 99.3211
Frob norm 2 after updating B : 9.7376
Iteration number -------- 7  -----------
lambda : 1.03038
max_diff => 0.0619931
------------------------normalized = 0.366654 ----------------
performed mixing
Frob norm 1 after updating U: 8.73353
200 iterations
f(b) = 92.9117
Frob norm 2 after updating B : 9.39442
Iteration number -------- 8  -----------
lambda : 1.03553
max_diff => 0.0623603
------------------------normalized = 0.353733 ----------------
performed mixing
Frob norm 1 after updating U: 8.69386
200 iterations
f(b) = 88.5649
Frob norm 2 after updating B : 9.15128
Iteration number -------- 9  -----------
lambda : 1.04071
max_diff => 0.0724211
------------------------normalized = 0.344577 ----------------
performed mixing
Frob norm 1 after updating U: 8.66586
200 iterations
f(b) = 85.667
Frob norm 2 after updating B : 8.98123
Iteration number -------- 10  -----------
lambda : 1.04591
max_diff => 0.0785703
------------------------normalized = 0.338174 ----------------
performed mixing
Frob norm 1 after updating U: 8.64678
200 iterations
f(b) = 83.7228
Frob norm 2 after updating B : 8.86347
Iteration number -------- 11  -----------
lambda : 1.05114
max_diff => 0.0801949
------------------------normalized = 0.33374 ----------------
performed mixing
Frob norm 1 after updating U: 8.63395
200 iterations
f(b) = 82.3724
Frob norm 2 after updating B : 8.77813
Iteration number -------- 12  -----------
lambda : 1.0564
max_diff => 0.0790258
------------------------normalized = 0.330527 ----------------
performed mixing
Frob norm 1 after updating U: 8.61849
200 iterations
f(b) = 81.4203
Frob norm 2 after updating B : 8.71666
Iteration number -------- 13  -----------
lambda : 1.06168
max_diff => 0.0747312
------------------------normalized = 0.328212 ----------------
performed mixing
Frob norm 1 after updating U: 8.60359
200 iterations
f(b) = 80.8474
Frob norm 2 after updating B : 8.67906
Iteration number -------- 14  -----------
lambda : 1.06699
max_diff => 0.0740529
------------------------normalized = 0.326797 ----------------
performed mixing
Frob norm 1 after updating U: 8.60229
200 iterations
f(b) = 80.2422
Frob norm 2 after updating B : 8.63531
Iteration number -------- 15  -----------
lambda : 1.07232
max_diff => 0.0653187
------------------------normalized = 0.325149 ----------------
performed mixing
Frob norm 1 after updating U: 8.57293
200 iterations
f(b) = 79.9083
Frob norm 2 after updating B : 8.61296
Iteration number -------- 16  -----------
lambda : 1.07768
max_diff => 0.0657362
------------------------normalized = 0.324308 ----------------
performed mixing
Frob norm 1 after updating U: 8.57111
200 iterations
f(b) = 79.4942
Frob norm 2 after updating B : 8.5831
Iteration number -------- 17  -----------
lambda : 1.08307
max_diff => 0.0798816
------------------------normalized = 0.323183 ----------------
performed mixing
Frob norm 1 after updating U: 8.54324
200 iterations
f(b) = 79.0332
Frob norm 2 after updating B : 8.54791
Iteration number -------- 18  -----------
lambda : 1.08849
max_diff => 0.0912926
------------------------normalized = 0.321858 ----------------
performed mixing
Frob norm 1 after updating U: 8.50397
200 iterations
f(b) = 78.7167
Frob norm 2 after updating B : 8.52652
Iteration number -------- 19  -----------
lambda : 1.09393
max_diff => 0.0953072
------------------------normalized = 0.321053 ----------------
performed mixing
Frob norm 1 after updating U: 8.49267
200 iterations
f(b) = 78.3905
Frob norm 2 after updating B : 8.50286
Iteration number -------- 20  -----------
lambda : 1.0994
max_diff => 0.10297
------------------------normalized = 0.320162 ----------------
performed mixing
Frob norm 1 after updating U: 8.47415
200 iterations
f(b) = 77.4943
Frob norm 2 after updating B : 8.44952
Iteration number -------- 21  -----------
lambda : 1.1049
max_diff => 0.136507
------------------------normalized = 0.318154 ----------------
performed mixing
Frob norm 1 after updating U: 8.33979
200 iterations
f(b) = 76.8262
Frob norm 2 after updating B : 8.40652
Iteration number -------- 22  -----------
lambda : 1.11042
max_diff => 0.137077
------------------------normalized = 0.316535 ----------------
performed mixing
Frob norm 1 after updating U: 8.33345
200 iterations
f(b) = 76.0493
Frob norm 2 after updating B : 8.36232
Iteration number -------- 23  -----------
lambda : 1.11597
max_diff => 0.152476
------------------------normalized = 0.31487 ----------------
performed mixing
Frob norm 1 after updating U: 8.268
200 iterations
f(b) = 75.0604
Frob norm 2 after updating B : 8.30989
Iteration number -------- 24  -----------
lambda : 1.12155
max_diff => 0.161091
------------------------normalized = 0.312896 ----------------
performed mixing
Frob norm 1 after updating U: 8.19866
200 iterations
f(b) = 74.3692
Frob norm 2 after updating B : 8.26681
Iteration number -------- 25  -----------
lambda : 1.12716
max_diff => 0.160915
------------------------normalized = 0.311274 ----------------
performed mixing
Frob norm 1 after updating U: 8.18386
200 iterations
f(b) = 73.4266
Frob norm 2 after updating B : 8.23225
Iteration number -------- 26  -----------
lambda : 1.1328
max_diff => 0.159648
------------------------normalized = 0.309973 ----------------
performed mixing
Frob norm 1 after updating U: 8.1269
200 iterations
f(b) = 72.9034
Frob norm 2 after updating B : 8.19567
Iteration number -------- 27  -----------
lambda : 1.13846
max_diff => 0.157319
------------------------normalized = 0.308595 ----------------
performed mixing
Frob norm 1 after updating U: 8.11635
200 iterations
f(b) = 72.4484
Frob norm 2 after updating B : 8.16897
Iteration number -------- 28  -----------
lambda : 1.14415
max_diff => 0.154733
------------------------normalized = 0.30759 ----------------
performed mixing
Frob norm 1 after updating U: 8.1039
200 iterations
f(b) = 72.0728
Frob norm 2 after updating B : 8.14796
Iteration number -------- 29  -----------
lambda : 1.14987
max_diff => 0.150228
------------------------normalized = 0.306799 ----------------
performed mixing
Frob norm 1 after updating U: 8.08926
200 iterations
f(b) = 71.8146
Frob norm 2 after updating B : 8.12939
Iteration number -------- 30  -----------
lambda : 1.15562
max_diff => 0.147393
------------------------normalized = 0.3061 ----------------
performed mixing
Frob norm 1 after updating U: 8.08003
200 iterations
f(b) = 71.5799
Frob norm 2 after updating B : 8.11437
Iteration number -------- 31  -----------
lambda : 1.1614
max_diff => 0.144631
------------------------normalized = 0.305534 ----------------
performed mixing
Frob norm 1 after updating U: 8.07125
200 iterations
f(b) = 71.3525
Frob norm 2 after updating B : 8.10176
Iteration number -------- 32  -----------
lambda : 1.16721
max_diff => 0.139532
------------------------normalized = 0.305059 ----------------
performed mixing
Frob norm 1 after updating U: 8.06141
200 iterations
f(b) = 71.1743
Frob norm 2 after updating B : 8.08979
Iteration number -------- 33  -----------
lambda : 1.17304
max_diff => 0.13553
------------------------normalized = 0.304609 ----------------
performed mixing
Frob norm 1 after updating U: 8.05457
200 iterations
f(b) = 71.0136
Frob norm 2 after updating B : 8.08012
Iteration number -------- 34  -----------
lambda : 1.17891
max_diff => 0.131267
------------------------normalized = 0.304245 ----------------
performed mixing
Frob norm 1 after updating U: 8.04814
200 iterations
f(b) = 70.7897
Frob norm 2 after updating B : 8.07326
Iteration number -------- 35  -----------
lambda : 1.1848
max_diff => 0.121736
------------------------normalized = 0.303986 ----------------
performed mixing
Frob norm 1 after updating U: 8.04114
200 iterations
f(b) = 70.6572
Frob norm 2 after updating B : 8.06477
Iteration number -------- 36  -----------
lambda : 1.19073
max_diff => 0.117149
------------------------normalized = 0.303666 ----------------
performed mixing
Frob norm 1 after updating U: 8.03615
200 iterations
f(b) = 70.5237
Frob norm 2 after updating B : 8.05868
Iteration number -------- 37  -----------
lambda : 1.19668
max_diff => 0.111842
------------------------normalized = 0.303437 ----------------
performed mixing
Frob norm 1 after updating U: 8.03315
200 iterations
f(b) = 70.4345
Frob norm 2 after updating B : 8.05275
Iteration number -------- 38  -----------
lambda : 1.20266
max_diff => 0.107138
------------------------normalized = 0.303214 ----------------
performed mixing
Frob norm 1 after updating U: 8.02976
200 iterations
f(b) = 70.3601
Frob norm 2 after updating B : 8.04716
Iteration number -------- 39  -----------
lambda : 1.20868
max_diff => 0.103265
------------------------normalized = 0.303003 ----------------
performed mixing
Frob norm 1 after updating U: 8.02665
200 iterations
f(b) = 70.2809
Frob norm 2 after updating B : 8.04281
Iteration number -------- 40  -----------
lambda : 1.21472
max_diff => 0.0990646
------------------------normalized = 0.30284 ----------------
performed mixing
Frob norm 1 after updating U: 8.02396
200 iterations
f(b) = 70.2092
Frob norm 2 after updating B : 8.03866
Iteration number -------- 41  -----------
lambda : 1.22079
max_diff => 0.0952642
------------------------normalized = 0.302683 ----------------
performed mixing
Frob norm 1 after updating U: 8.02134
200 iterations
f(b) = 70.1481
Frob norm 2 after updating B : 8.03557
Iteration number -------- 42  -----------
lambda : 1.2269
max_diff => 0.0915837
------------------------normalized = 0.302567 ----------------
performed mixing
Frob norm 1 after updating U: 8.01989
200 iterations
f(b) = 70.0589
Frob norm 2 after updating B : 8.03197
Iteration number -------- 43  -----------
lambda : 1.23303
max_diff => 0.0878169
------------------------normalized = 0.302432 ----------------
performed mixing
Frob norm 1 after updating U: 8.01699
200 iterations
f(b) = 69.965
Frob norm 2 after updating B : 8.03268
Iteration number -------- 44  -----------
lambda : 1.2392
max_diff => 0.0891486
------------------------normalized = 0.302458 ----------------
performed mixing
Frob norm 1 after updating U: 8.01929
200 iterations
f(b) = 69.8905
Frob norm 2 after updating B : 8.03108
Iteration number -------- 45  -----------
lambda : 1.24539
max_diff => 0.0902567
------------------------normalized = 0.302398 ----------------
performed mixing
Frob norm 1 after updating U: 8.01956
200 iterations
f(b) = 69.8483
Frob norm 2 after updating B : 8.02941
Iteration number -------- 46  -----------
lambda : 1.25162
max_diff => 0.091131
------------------------normalized = 0.302335 ----------------
performed mixing
Frob norm 1 after updating U: 8.01998
200 iterations
f(b) = 69.805
Frob norm 2 after updating B : 8.02857
Iteration number -------- 47  -----------
lambda : 1.25788
max_diff => 0.0922404
------------------------normalized = 0.302304 ----------------
performed mixing
Frob norm 1 after updating U: 8.02053
200 iterations
f(b) = 69.7997
Frob norm 2 after updating B : 8.0278
Iteration number -------- 48  -----------
lambda : 1.26417
max_diff => 0.0932486
------------------------normalized = 0.302274 ----------------
performed mixing
Frob norm 1 after updating U: 8.0213
200 iterations
f(b) = 69.8095
Frob norm 2 after updating B : 8.02663
Iteration number -------- 49  -----------
lambda : 1.27049
max_diff => 0.0937413
------------------------normalized = 0.302231 ----------------
performed mixing
Frob norm 1 after updating U: 8.0216
200 iterations
f(b) = 69.7967
Frob norm 2 after updating B : 8.02689
Iteration number -------- 50  -----------
lambda : 1.27684
max_diff => 0.0946862
------------------------normalized = 0.30224 ----------------
performed mixing
Frob norm 1 after updating U: 8.02256
200 iterations
f(b) = 69.8538
Frob norm 2 after updating B : 8.0257
Iteration number -------- 51  -----------
lambda : 1.28323
max_diff => 0.0947398
------------------------normalized = 0.302195 ----------------
performed mixing
Frob norm 1 after updating U: 8.02264
200 iterations
f(b) = 69.8226
Frob norm 2 after updating B : 8.02623
Iteration number -------- 52  -----------
lambda : 1.28964
max_diff => 0.0954637
------------------------normalized = 0.302215 ----------------
performed mixing
Frob norm 1 after updating U: 8.02336
200 iterations
f(b) = 69.8667
Frob norm 2 after updating B : 8.02562
Iteration number -------- 53  -----------
lambda : 1.29609
max_diff => 0.0955328
------------------------normalized = 0.302193 ----------------
performed mixing
Frob norm 1 after updating U: 8.0235
200 iterations
f(b) = 69.8678
Frob norm 2 after updating B : 8.0253
Iteration number -------- 54  -----------
lambda : 1.30257
max_diff => 0.0956586
------------------------normalized = 0.30218 ----------------
performed mixing
Frob norm 1 after updating U: 8.02361
200 iterations
f(b) = 69.9003
Frob norm 2 after updating B : 8.02528
Iteration number -------- 55  -----------
lambda : 1.30908
max_diff => 0.0957825
------------------------normalized = 0.302179 ----------------
performed mixing
Frob norm 1 after updating U: 8.0238
200 iterations
f(b) = 69.928
Frob norm 2 after updating B : 8.02506
Iteration number -------- 56  -----------
lambda : 1.31563
max_diff => 0.0958739
------------------------normalized = 0.302171 ----------------
performed mixing
Frob norm 1 after updating U: 8.02391
200 iterations
f(b) = 69.9428
Frob norm 2 after updating B : 8.02503
Iteration number -------- 57  -----------
lambda : 1.32221
max_diff => 0.0959424
------------------------normalized = 0.30217 ----------------
performed mixing
Frob norm 1 after updating U: 8.02407
200 iterations
f(b) = 69.9679
Frob norm 2 after updating B : 8.02536
Iteration number -------- 58  -----------
lambda : 1.32882
max_diff => 0.0960628
------------------------normalized = 0.302183 ----------------
performed mixing
Frob norm 1 after updating U: 8.02432
200 iterations
f(b) = 69.986
Frob norm 2 after updating B : 8.02541
Iteration number -------- 59  -----------
lambda : 1.33546
max_diff => 0.0961297
------------------------normalized = 0.302184 ----------------
performed mixing
Frob norm 1 after updating U: 8.02451
200 iterations
f(b) = 69.9754
Frob norm 2 after updating B : 8.0256
Iteration number -------- 60  -----------
lambda : 1.34214
max_diff => 0.0962106
------------------------normalized = 0.302191 ----------------
performed mixing
Frob norm 1 after updating U: 8.02475
200 iterations
f(b) = 70.0203
Frob norm 2 after updating B : 8.0258
Iteration number -------- 61  -----------
lambda : 1.34885
max_diff => 0.0962799
------------------------normalized = 0.302199 ----------------
performed mixing
Frob norm 1 after updating U: 8.0251
200 iterations
f(b) = 70.0402
Frob norm 2 after updating B : 8.02651
Iteration number -------- 62  -----------
lambda : 1.35559
max_diff => 0.0963286
------------------------normalized = 0.302226 ----------------
performed mixing
Frob norm 1 after updating U: 8.02568
200 iterations
f(b) = 70.0208
Frob norm 2 after updating B : 8.02688
Iteration number -------- 63  -----------
lambda : 1.36237
max_diff => 0.0964224
------------------------normalized = 0.30224 ----------------
performed mixing
Frob norm 1 after updating U: 8.0258
200 iterations
f(b) = 70.0412
Frob norm 2 after updating B : 8.02813
Iteration number -------- 64  -----------
lambda : 1.36918
max_diff => 0.0964989
------------------------normalized = 0.302287 ----------------
performed mixing
Frob norm 1 after updating U: 8.02685
200 iterations
f(b) = 70.0818
Frob norm 2 after updating B : 8.02878
Iteration number -------- 65  -----------
lambda : 1.37603
max_diff => 0.0965008
------------------------normalized = 0.302311 ----------------
performed mixing
Frob norm 1 after updating U: 8.02773
200 iterations
f(b) = 70.1246
Frob norm 2 after updating B : 8.02895
Iteration number -------- 66  -----------
lambda : 1.38291
max_diff => 0.0964903
------------------------normalized = 0.302318 ----------------
performed mixing
Frob norm 1 after updating U: 8.02805
200 iterations
f(b) = 70.1388
Frob norm 2 after updating B : 8.0296
Iteration number -------- 67  -----------
lambda : 1.38982
max_diff => 0.0964859
------------------------normalized = 0.302342 ----------------
performed mixing
Frob norm 1 after updating U: 8.02864
200 iterations
f(b) = 70.1526
Frob norm 2 after updating B : 8.02975
Iteration number -------- 68  -----------
lambda : 1.39677
max_diff => 0.09647
------------------------normalized = 0.302348 ----------------
performed mixing
Frob norm 1 after updating U: 8.02898
200 iterations
f(b) = 70.1942
Frob norm 2 after updating B : 8.03012
Iteration number -------- 69  -----------
lambda : 1.40376
max_diff => 0.0964732
------------------------normalized = 0.302362 ----------------
performed mixing
Frob norm 1 after updating U: 8.02932
200 iterations
f(b) = 70.2022
Frob norm 2 after updating B : 8.03067
Iteration number -------- 70  -----------
lambda : 1.41078
max_diff => 0.0964291
------------------------normalized = 0.302383 ----------------
performed mixing
Frob norm 1 after updating U: 8.02989
200 iterations
f(b) = 70.23
Frob norm 2 after updating B : 8.03091
Iteration number -------- 71  -----------
lambda : 1.41783
max_diff => 0.0963984
------------------------normalized = 0.302392 ----------------
performed mixing
Frob norm 1 after updating U: 8.03017
200 iterations
f(b) = 70.2611
Frob norm 2 after updating B : 8.0311
Iteration number -------- 72  -----------
lambda : 1.42492
max_diff => 0.0963342
------------------------normalized = 0.302399 ----------------
performed mixing
Frob norm 1 after updating U: 8.03046
200 iterations
f(b) = 70.2822
Frob norm 2 after updating B : 8.03175
Iteration number -------- 73  -----------
lambda : 1.43204
max_diff => 0.096259
------------------------normalized = 0.302423 ----------------
performed mixing
Frob norm 1 after updating U: 8.03101
200 iterations
f(b) = 70.3065
Frob norm 2 after updating B : 8.03205
Iteration number -------- 74  -----------
lambda : 1.4392
max_diff => 0.0961889
------------------------normalized = 0.302434 ----------------
performed mixing
Frob norm 1 after updating U: 8.03134
200 iterations
f(b) = 70.2804
Frob norm 2 after updating B : 8.0336
Iteration number -------- 75  -----------
lambda : 1.4464
max_diff => 0.0956182
------------------------normalized = 0.302493 ----------------
performed mixing
Frob norm 1 after updating U: 8.03224
200 iterations
f(b) = 70.3503
Frob norm 2 after updating B : 8.03411
Iteration number -------- 76  -----------
lambda : 1.45363
max_diff => 0.0955289
------------------------normalized = 0.302512 ----------------
performed mixing
Frob norm 1 after updating U: 8.03294
200 iterations
f(b) = 70.355
Frob norm 2 after updating B : 8.03493
Iteration number -------- 77  -----------
lambda : 1.4609
max_diff => 0.0954301
------------------------normalized = 0.302543 ----------------
performed mixing
Frob norm 1 after updating U: 8.03375
200 iterations
f(b) = 70.3859
Frob norm 2 after updating B : 8.03573
Iteration number -------- 78  -----------
lambda : 1.46821
max_diff => 0.0953065
------------------------normalized = 0.302573 ----------------
performed mixing
Frob norm 1 after updating U: 8.03454
200 iterations
f(b) = 70.4238
Frob norm 2 after updating B : 8.03596
Iteration number -------- 79  -----------
lambda : 1.47555
max_diff => 0.0952114
------------------------normalized = 0.302582 ----------------
performed mixing
Frob norm 1 after updating U: 8.0349
200 iterations
f(b) = 70.3903
Frob norm 2 after updating B : 8.03668
Iteration number -------- 80  -----------
lambda : 1.48292
max_diff => 0.0949737
------------------------normalized = 0.302609 ----------------
performed mixing
Frob norm 1 after updating U: 8.03551
200 iterations
f(b) = 70.4431
Frob norm 2 after updating B : 8.0372
Iteration number -------- 81  -----------
lambda : 1.49034
max_diff => 0.094821
------------------------normalized = 0.302628 ----------------
performed mixing
Frob norm 1 after updating U: 8.03613
200 iterations
f(b) = 70.4786
Frob norm 2 after updating B : 8.0375
Iteration number -------- 82  -----------
lambda : 1.49779
max_diff => 0.0946991
------------------------normalized = 0.30264 ----------------
performed mixing
Frob norm 1 after updating U: 8.0365
200 iterations
f(b) = 70.4435
Frob norm 2 after updating B : 8.03824
Iteration number -------- 83  -----------
lambda : 1.50528
max_diff => 0.0944755
------------------------normalized = 0.302668 ----------------
performed mixing
Frob norm 1 after updating U: 8.03708
200 iterations
f(b) = 70.5254
Frob norm 2 after updating B : 8.03865
Iteration number -------- 84  -----------
lambda : 1.51281
max_diff => 0.0943201
------------------------normalized = 0.302683 ----------------
performed mixing
Frob norm 1 after updating U: 8.03754
200 iterations
f(b) = 70.5396
Frob norm 2 after updating B : 8.03926
Iteration number -------- 85  -----------
lambda : 1.52037
max_diff => 0.0941095
------------------------normalized = 0.302706 ----------------
performed mixing
Frob norm 1 after updating U: 8.03813
200 iterations
f(b) = 70.5496
Frob norm 2 after updating B : 8.03945
Iteration number -------- 86  -----------
lambda : 1.52797
max_diff => 0.0917279
------------------------normalized = 0.302713 ----------------
performed mixing
Frob norm 1 after updating U: 8.03678
200 iterations
f(b) = 70.5764
Frob norm 2 after updating B : 8.04208
Iteration number -------- 87  -----------
lambda : 1.53561
max_diff => 0.091421
------------------------normalized = 0.302812 ----------------
performed mixing
Frob norm 1 after updating U: 8.03957
200 iterations
f(b) = 70.6109
Frob norm 2 after updating B : 8.04314
Iteration number -------- 88  -----------
lambda : 1.54329
max_diff => 0.0912187
------------------------normalized = 0.302852 ----------------
performed mixing
Frob norm 1 after updating U: 8.04092
200 iterations
f(b) = 70.6253
Frob norm 2 after updating B : 8.04336
Iteration number -------- 89  -----------
lambda : 1.55101
max_diff => 0.0910995
------------------------normalized = 0.30286 ----------------
performed mixing
Frob norm 1 after updating U: 8.0415
200 iterations
f(b) = 70.6323
Frob norm 2 after updating B : 8.04385
Iteration number -------- 90  -----------
lambda : 1.55876
max_diff => 0.0909425
------------------------normalized = 0.302879 ----------------
performed mixing
Frob norm 1 after updating U: 8.0422
200 iterations
f(b) = 70.6659
Frob norm 2 after updating B : 8.04467
Iteration number -------- 91  -----------
lambda : 1.56655
max_diff => 0.0907826
------------------------normalized = 0.30291 ----------------
performed mixing
Frob norm 1 after updating U: 8.04306
200 iterations
f(b) = 70.6668
Frob norm 2 after updating B : 8.04697
Iteration number -------- 92  -----------
lambda : 1.57439
max_diff => 0.0903523
------------------------normalized = 0.302996 ----------------
performed mixing
Frob norm 1 after updating U: 8.04488
200 iterations
f(b) = 70.7015
Frob norm 2 after updating B : 8.04708
Iteration number -------- 93  -----------
lambda : 1.58226
max_diff => 0.0901868
------------------------normalized = 0.303001 ----------------
performed mixing
Frob norm 1 after updating U: 8.04528
200 iterations
f(b) = 70.7178
Frob norm 2 after updating B : 8.04787
Iteration number -------- 94  -----------
lambda : 1.59017
max_diff => 0.0898208
------------------------normalized = 0.30303 ----------------
performed mixing
Frob norm 1 after updating U: 8.04617
200 iterations
f(b) = 70.7451
Frob norm 2 after updating B : 8.04791
Iteration number -------- 95  -----------
lambda : 1.59812
max_diff => 0.0896592
------------------------normalized = 0.303032 ----------------
performed mixing
Frob norm 1 after updating U: 8.04646
200 iterations
f(b) = 70.7692
Frob norm 2 after updating B : 8.04828
Iteration number -------- 96  -----------
lambda : 1.60611
max_diff => 0.0894423
------------------------normalized = 0.303046 ----------------
performed mixing
Frob norm 1 after updating U: 8.04694
200 iterations
f(b) = 70.8028
Frob norm 2 after updating B : 8.0491
Iteration number -------- 97  -----------
lambda : 1.61414
max_diff => 0.0891685
------------------------normalized = 0.303076 ----------------
performed mixing
Frob norm 1 after updating U: 8.04769
200 iterations
f(b) = 70.8113
Frob norm 2 after updating B : 8.04935
Iteration number -------- 98  -----------
lambda : 1.62221
max_diff => 0.0889657
------------------------normalized = 0.303086 ----------------
performed mixing
Frob norm 1 after updating U: 8.04806
200 iterations
f(b) = 70.8095
Frob norm 2 after updating B : 8.05168
Iteration number -------- 99  -----------
lambda : 1.63032
max_diff => 0.0884623
------------------------normalized = 0.303174 ----------------
performed mixing
Frob norm 1 after updating U: 8.0496
200 iterations
f(b) = 70.8763
Frob norm 2 after updating B : 8.05169
Iteration number -------- 100  -----------
lambda : 1.63848
max_diff => 0.088262
------------------------normalized = 0.303174 ----------------
performed mixing
Frob norm 1 after updating U: 8.04994
200 iterations
f(b) = 70.8734
Frob norm 2 after updating B : 8.05204
Iteration number -------- 101  -----------
lambda : 1.64667
max_diff => 0.0880139
------------------------normalized = 0.303187 ----------------
performed mixing
Frob norm 1 after updating U: 8.05043
200 iterations
f(b) = 70.8811
Frob norm 2 after updating B : 8.05274
Iteration number -------- 102  -----------
lambda : 1.6549
max_diff => 0.087698
------------------------normalized = 0.303213 ----------------
performed mixing
Frob norm 1 after updating U: 8.05107
200 iterations
f(b) = 70.9089
Frob norm 2 after updating B : 8.05336
Iteration number -------- 103  -----------
lambda : 1.66318
max_diff => 0.0873635
------------------------normalized = 0.303237 ----------------
performed mixing
Frob norm 1 after updating U: 8.05173
200 iterations
f(b) = 70.9216
Frob norm 2 after updating B : 8.05397
Iteration number -------- 104  -----------
lambda : 1.67149
max_diff => 0.0870322
------------------------normalized = 0.30326 ----------------
performed mixing
Frob norm 1 after updating U: 8.05231
200 iterations
f(b) = 70.9329
Frob norm 2 after updating B : 8.05456
Iteration number -------- 105  -----------
lambda : 1.67985
max_diff => 0.0866058
------------------------normalized = 0.303282 ----------------
performed mixing
Frob norm 1 after updating U: 8.05295
200 iterations
f(b) = 70.9612
Frob norm 2 after updating B : 8.05532
Iteration number -------- 106  -----------
lambda : 1.68825
max_diff => 0.0861225
------------------------normalized = 0.303311 ----------------
performed mixing
Frob norm 1 after updating U: 8.05365
200 iterations
f(b) = 70.9484
Frob norm 2 after updating B : 8.05614
Iteration number -------- 107  -----------
lambda : 1.69669
max_diff => 0.085412
------------------------normalized = 0.303342 ----------------
performed mixing
Frob norm 1 after updating U: 8.05434
200 iterations
f(b) = 71.0207
Frob norm 2 after updating B : 8.057
Iteration number -------- 108  -----------
lambda : 1.70517
max_diff => 0.0850258
------------------------normalized = 0.303374 ----------------
performed mixing
Frob norm 1 after updating U: 8.05526
200 iterations
f(b) = 70.9969
Frob norm 2 after updating B : 8.05663
Iteration number -------- 109  -----------
lambda : 1.7137
max_diff => 0.0825723
------------------------normalized = 0.30336 ----------------
performed mixing
Frob norm 1 after updating U: 8.05369
200 iterations
f(b) = 71.0227
Frob norm 2 after updating B : 8.06139
Iteration number -------- 110  -----------
lambda : 1.72227
max_diff => 0.0812831
------------------------normalized = 0.303539 ----------------
performed mixing
Frob norm 1 after updating U: 8.05801
200 iterations
f(b) = 71.072
Frob norm 2 after updating B : 8.06176
Iteration number -------- 111  -----------
lambda : 1.73088
max_diff => 0.0809944
------------------------normalized = 0.303553 ----------------
performed mixing
Frob norm 1 after updating U: 8.0588
200 iterations
f(b) = 71.0995
Frob norm 2 after updating B : 8.06175
Iteration number -------- 112  -----------
lambda : 1.73953
max_diff => 0.0807976
------------------------normalized = 0.303553 ----------------
performed mixing
Frob norm 1 after updating U: 8.05928
200 iterations
f(b) = 71.1226
Frob norm 2 after updating B : 8.06172
Iteration number -------- 113  -----------
lambda : 1.74823
max_diff => 0.0806103
------------------------normalized = 0.303552 ----------------
performed mixing
Frob norm 1 after updating U: 8.05963
200 iterations
f(b) = 71.1255
Frob norm 2 after updating B : 8.06226
Iteration number -------- 114  -----------
lambda : 1.75697
max_diff => 0.0802665
------------------------normalized = 0.303572 ----------------
performed mixing
Frob norm 1 after updating U: 8.06035
200 iterations
f(b) = 71.1025
Frob norm 2 after updating B : 8.06528
Iteration number -------- 115  -----------
lambda : 1.76576
max_diff => 0.0792611
------------------------normalized = 0.303686 ----------------
performed mixing
Frob norm 1 after updating U: 8.06254
200 iterations
f(b) = 71.1571
Frob norm 2 after updating B : 8.0652
Iteration number -------- 116  -----------
lambda : 1.77459
max_diff => 0.0790219
------------------------normalized = 0.303683 ----------------
performed mixing
Frob norm 1 after updating U: 8.06293
200 iterations
f(b) = 71.1844
Frob norm 2 after updating B : 8.0653
Iteration number -------- 117  -----------
lambda : 1.78346
max_diff => 0.0787667
------------------------normalized = 0.303686 ----------------
performed mixing
Frob norm 1 after updating U: 8.06329
200 iterations
f(b) = 71.1975
Frob norm 2 after updating B : 8.06556
Iteration number -------- 118  -----------
lambda : 1.79238
max_diff => 0.0785087
------------------------normalized = 0.303696 ----------------
performed mixing
Frob norm 1 after updating U: 8.06373
200 iterations
f(b) = 71.2247
Frob norm 2 after updating B : 8.06601
Iteration number -------- 119  -----------
lambda : 1.80134
max_diff => 0.078197
------------------------normalized = 0.303713 ----------------
performed mixing
Frob norm 1 after updating U: 8.06432
200 iterations
f(b) = 71.2174
Frob norm 2 after updating B : 8.06642
Iteration number -------- 120  -----------
lambda : 1.81035
max_diff => 0.0778515
------------------------normalized = 0.303729 ----------------
performed mixing
Frob norm 1 after updating U: 8.06482
200 iterations
f(b) = 71.2626
Frob norm 2 after updating B : 8.06689
Iteration number -------- 121  -----------
lambda : 1.8194
max_diff => 0.0775133
------------------------normalized = 0.303746 ----------------
performed mixing
Frob norm 1 after updating U: 8.06538
200 iterations
f(b) = 71.2687
Frob norm 2 after updating B : 8.06738
Iteration number -------- 122  -----------
lambda : 1.82849
max_diff => 0.0771502
------------------------normalized = 0.303765 ----------------
performed mixing
Frob norm 1 after updating U: 8.06591
200 iterations
f(b) = 71.3115
Frob norm 2 after updating B : 8.06784
Iteration number -------- 123  -----------
lambda : 1.83764
max_diff => 0.0768647
------------------------normalized = 0.303782 ----------------
performed mixing
Frob norm 1 after updating U: 8.06645
200 iterations
f(b) = 71.3482
Frob norm 2 after updating B : 8.06806
Iteration number -------- 124  -----------
lambda : 1.84682
max_diff => 0.076591
------------------------normalized = 0.30379 ----------------
performed mixing
Frob norm 1 after updating U: 8.06679
200 iterations
f(b) = 71.364
Frob norm 2 after updating B : 8.06841
Iteration number -------- 125  -----------
lambda : 1.85606
max_diff => 0.0763223
------------------------normalized = 0.303804 ----------------
performed mixing
Frob norm 1 after updating U: 8.06718
200 iterations
f(b) = 71.3755
Frob norm 2 after updating B : 8.06873
Iteration number -------- 126  -----------
lambda : 1.86534
max_diff => 0.0761031
------------------------normalized = 0.303816 ----------------
performed mixing
Frob norm 1 after updating U: 8.0676
200 iterations
f(b) = 71.3714
Frob norm 2 after updating B : 8.06982
Iteration number -------- 127  -----------
lambda : 1.87467
max_diff => 0.0754956
------------------------normalized = 0.303857 ----------------
performed mixing
Frob norm 1 after updating U: 8.0684
200 iterations
f(b) = 71.392
Frob norm 2 after updating B : 8.07335
Iteration number -------- 128  -----------
lambda : 1.88404
max_diff => 0.074282
------------------------normalized = 0.30399 ----------------
performed mixing
Frob norm 1 after updating U: 8.07074
200 iterations
f(b) = 71.4556
Frob norm 2 after updating B : 8.07322
Iteration number -------- 129  -----------
lambda : 1.89346
max_diff => 0.0740657
------------------------normalized = 0.303985 ----------------
performed mixing
Frob norm 1 after updating U: 8.07107
200 iterations
f(b) = 71.423
Frob norm 2 after updating B : 8.07386
Iteration number -------- 130  -----------
lambda : 1.90293
max_diff => 0.0735311
------------------------normalized = 0.304009 ----------------
performed mixing
Frob norm 1 after updating U: 8.07177
200 iterations
f(b) = 71.4772
Frob norm 2 after updating B : 8.07427
Iteration number -------- 131  -----------
lambda : 1.91244
max_diff => 0.0731462
------------------------normalized = 0.304024 ----------------
performed mixing
Frob norm 1 after updating U: 8.07231
200 iterations
f(b) = 71.5031
Frob norm 2 after updating B : 8.07439
Iteration number -------- 132  -----------
lambda : 1.922
max_diff => 0.0728132
------------------------normalized = 0.304029 ----------------
performed mixing
Frob norm 1 after updating U: 8.07267
200 iterations
f(b) = 71.4531
Frob norm 2 after updating B : 8.08635
Iteration number -------- 133  -----------
lambda : 1.93161
max_diff => 0.067481
------------------------normalized = 0.304479 ----------------
performed mixing
Frob norm 1 after updating U: 8.08008
200 iterations
f(b) = 71.4963
Frob norm 2 after updating B : 8.08536
Iteration number -------- 134  -----------
lambda : 1.94127
max_diff => 0.0672037
------------------------normalized = 0.304442 ----------------
performed mixing
Frob norm 1 after updating U: 8.08041
200 iterations
f(b) = 71.5132
Frob norm 2 after updating B : 8.08476
Iteration number -------- 135  -----------
lambda : 1.95098
max_diff => 0.0669596
------------------------normalized = 0.304419 ----------------
performed mixing
Frob norm 1 after updating U: 8.08077
200 iterations
f(b) = 71.4582
Frob norm 2 after updating B : 8.08502
Iteration number -------- 136  -----------
lambda : 1.96073
max_diff => 0.0657054
------------------------normalized = 0.304429 ----------------
performed mixing
Frob norm 1 after updating U: 8.08098
200 iterations
f(b) = 71.5398
Frob norm 2 after updating B : 8.08524
Iteration number -------- 137  -----------
lambda : 1.97054
max_diff => 0.0654085
------------------------normalized = 0.304437 ----------------
performed mixing
Frob norm 1 after updating U: 8.08184
200 iterations
f(b) = 71.5648
Frob norm 2 after updating B : 8.08543
Iteration number -------- 138  -----------
lambda : 1.98039
max_diff => 0.0650951
------------------------normalized = 0.304444 ----------------
performed mixing
Frob norm 1 after updating U: 8.0825
200 iterations
f(b) = 71.5403
Frob norm 2 after updating B : 8.08603
Iteration number -------- 139  -----------
lambda : 1.99029
max_diff => 0.0646467
------------------------normalized = 0.304467 ----------------
performed mixing
Frob norm 1 after updating U: 8.08329
200 iterations
f(b) = 71.5974
Frob norm 2 after updating B : 8.08637
Iteration number -------- 140  -----------
lambda : 2.00024
max_diff => 0.0643832
------------------------normalized = 0.30448 ----------------
performed mixing
Frob norm 1 after updating U: 8.08389
200 iterations
f(b) = 71.5917
Frob norm 2 after updating B : 8.08644
Iteration number -------- 141  -----------
lambda : 2.01024
max_diff => 0.0641119
------------------------normalized = 0.304483 ----------------
performed mixing
Frob norm 1 after updating U: 8.08427
200 iterations
f(b) = 71.6103
Frob norm 2 after updating B : 8.08735
Iteration number -------- 142  -----------
lambda : 2.02029
max_diff => 0.0636654
------------------------normalized = 0.304517 ----------------
performed mixing
Frob norm 1 after updating U: 8.08511
200 iterations
f(b) = 71.6172
Frob norm 2 after updating B : 8.08825
Iteration number -------- 143  -----------
lambda : 2.0304
max_diff => 0.063057
------------------------normalized = 0.30455 ----------------
performed mixing
Frob norm 1 after updating U: 8.08595
200 iterations
f(b) = 71.6335
Frob norm 2 after updating B : 8.08865
Iteration number -------- 144  -----------
lambda : 2.04055
max_diff => 0.0626101
------------------------normalized = 0.304566 ----------------
performed mixing
Frob norm 1 after updating U: 8.08648
200 iterations
f(b) = 71.6265
Frob norm 2 after updating B : 8.08911
Iteration number -------- 145  -----------
lambda : 2.05075
max_diff => 0.0624941
------------------------normalized = 0.304583 ----------------
performed mixing
Frob norm 1 after updating U: 8.08706
200 iterations
f(b) = 71.6674
Frob norm 2 after updating B : 8.09088
Iteration number -------- 146  -----------
lambda : 2.061
max_diff => 0.0624941
------------------------normalized = 0.30465 ----------------
performed mixing
Frob norm 1 after updating U: 8.08838
200 iterations
f(b) = 71.7274
Frob norm 2 after updating B : 8.0911
Iteration number -------- 147  -----------
lambda : 2.07131
max_diff => 0.0624941
------------------------normalized = 0.304658 ----------------
performed mixing
Frob norm 1 after updating U: 8.0889
200 iterations
f(b) = 71.6981
Frob norm 2 after updating B : 8.0918
Iteration number -------- 148  -----------
lambda : 2.08167
max_diff => 0.062494
------------------------normalized = 0.304684 ----------------
performed mixing
Frob norm 1 after updating U: 8.08958
200 iterations
f(b) = 71.7375
Frob norm 2 after updating B : 8.09226
Iteration number -------- 149  -----------
lambda : 2.09207
max_diff => 0.062494
------------------------normalized = 0.304702 ----------------
performed mixing
Frob norm 1 after updating U: 8.09022
200 iterations
f(b) = 71.7654
Frob norm 2 after updating B : 8.09277
Iteration number -------- 150  -----------
lambda : 2.10253
max_diff => 0.0624939
------------------------normalized = 0.304721 ----------------
performed mixing
Frob norm 1 after updating U: 8.09077
200 iterations
f(b) = 71.791
Frob norm 2 after updating B : 8.09247
Iteration number -------- 151  -----------
lambda : 2.11305
max_diff => 0.0624939
------------------------normalized = 0.304709 ----------------
performed mixing
Frob norm 1 after updating U: 8.09083
200 iterations
f(b) = 71.739
Frob norm 2 after updating B : 8.10413
Iteration number -------- 152  -----------
lambda : 2.12361
max_diff => 0.0624945
------------------------normalized = 0.305148 ----------------
performed mixing
Frob norm 1 after updating U: 8.09796
200 iterations
f(b) = 71.7103
Frob norm 2 after updating B : 8.10347
Iteration number -------- 153  -----------
lambda : 2.13423
max_diff => 0.0624945
------------------------normalized = 0.305124 ----------------
performed mixing
Frob norm 1 after updating U: 8.09849
200 iterations
f(b) = 71.7979
Frob norm 2 after updating B : 8.10304
Iteration number -------- 154  -----------
lambda : 2.1449
max_diff => 0.0624946
------------------------normalized = 0.305107 ----------------
performed mixing
Frob norm 1 after updating U: 8.09887
200 iterations
f(b) = 71.81
Frob norm 2 after updating B : 8.10304
Iteration number -------- 155  -----------
lambda : 2.15563
max_diff => 0.0624947
------------------------normalized = 0.305108 ----------------
performed mixing
Frob norm 1 after updating U: 8.09952
200 iterations
f(b) = 71.8054
Frob norm 2 after updating B : 8.10317
Iteration number -------- 156  -----------
lambda : 2.1664
max_diff => 0.0624948
------------------------normalized = 0.305113 ----------------
performed mixing
Frob norm 1 after updating U: 8.10004
200 iterations
f(b) = 71.8328
Frob norm 2 after updating B : 8.10352
Iteration number -------- 157  -----------
lambda : 2.17724
max_diff => 0.0624949
------------------------normalized = 0.305126 ----------------
performed mixing
Frob norm 1 after updating U: 8.10064
200 iterations
f(b) = 71.8388
Frob norm 2 after updating B : 8.10376
Iteration number -------- 158  -----------
lambda : 2.18812
max_diff => 0.062495
------------------------normalized = 0.305134 ----------------
performed mixing
Frob norm 1 after updating U: 8.1012
200 iterations
f(b) = 71.8594
Frob norm 2 after updating B : 8.10399
Iteration number -------- 159  -----------
lambda : 2.19906
max_diff => 0.0624949
------------------------normalized = 0.305143 ----------------
performed mixing
Frob norm 1 after updating U: 8.10167
200 iterations
f(b) = 71.896
Frob norm 2 after updating B : 8.10426
Iteration number -------- 160  -----------
lambda : 2.21006
max_diff => 0.062495
------------------------normalized = 0.305154 ----------------
performed mixing
Frob norm 1 after updating U: 8.10217
200 iterations
f(b) = 71.9138
Frob norm 2 after updating B : 8.10436
Iteration number -------- 161  -----------
lambda : 2.22111
max_diff => 0.062495
------------------------normalized = 0.305157 ----------------
performed mixing
Frob norm 1 after updating U: 8.10252
200 iterations
f(b) = 71.9227
Frob norm 2 after updating B : 8.10512
Iteration number -------- 162  -----------
lambda : 2.23221
max_diff => 0.0624952
------------------------normalized = 0.305186 ----------------
performed mixing
Frob norm 1 after updating U: 8.10322
200 iterations
f(b) = 71.9301
Frob norm 2 after updating B : 8.1072
Iteration number -------- 163  -----------
lambda : 2.24338
max_diff => 0.0624955
------------------------normalized = 0.305264 ----------------
performed mixing
Frob norm 1 after updating U: 8.10465
200 iterations
f(b) = 71.8979
Frob norm 2 after updating B : 8.10752
Iteration number -------- 164  -----------
lambda : 2.25459
max_diff => 0.0624958
------------------------normalized = 0.305276 ----------------
performed mixing
Frob norm 1 after updating U: 8.1051
200 iterations
f(b) = 71.9393
Frob norm 2 after updating B : 8.10824
Iteration number -------- 165  -----------
lambda : 2.26587
max_diff => 0.0624959
------------------------normalized = 0.305303 ----------------
performed mixing
Frob norm 1 after updating U: 8.10594
200 iterations
f(b) = 71.955
Frob norm 2 after updating B : 8.1084
Iteration number -------- 166  -----------
lambda : 2.27719
max_diff => 0.062496
------------------------normalized = 0.305309 ----------------
performed mixing
Frob norm 1 after updating U: 8.10631
200 iterations
f(b) = 71.9523
Frob norm 2 after updating B : 8.11708
Iteration number -------- 167  -----------
lambda : 2.28858
max_diff => 0.0624971
------------------------normalized = 0.305636 ----------------
performed mixing
Frob norm 1 after updating U: 8.11169
200 iterations
f(b) = 71.9853
Frob norm 2 after updating B : 8.11653
Iteration number -------- 168  -----------
lambda : 2.30002
max_diff => 0.0624973
------------------------normalized = 0.305615 ----------------
performed mixing
Frob norm 1 after updating U: 8.11208
200 iterations
f(b) = 72.0032
Frob norm 2 after updating B : 8.1159
Iteration number -------- 169  -----------
lambda : 2.31152
max_diff => 0.0624974
------------------------normalized = 0.305592 ----------------
performed mixing
Frob norm 1 after updating U: 8.11233
200 iterations
f(b) = 71.992
Frob norm 2 after updating B : 8.1165
Iteration number -------- 170  -----------
lambda : 2.32308
max_diff => 0.0624976
------------------------normalized = 0.305614 ----------------
performed mixing
Frob norm 1 after updating U: 8.11305
200 iterations
f(b) = 72.0241
Frob norm 2 after updating B : 8.1166
Iteration number -------- 171  -----------
lambda : 2.3347
max_diff => 0.0624978
------------------------normalized = 0.305618 ----------------
performed mixing
Frob norm 1 after updating U: 8.11366
200 iterations
f(b) = 72.0514
Frob norm 2 after updating B : 8.11718
Iteration number -------- 172  -----------
lambda : 2.34637
max_diff => 0.0624979
------------------------normalized = 0.30564 ----------------
performed mixing
Frob norm 1 after updating U: 8.11445
200 iterations
f(b) = 71.9602
Frob norm 2 after updating B : 8.13591
Iteration number -------- 173  -----------
lambda : 2.3581
max_diff => 0.0624997
------------------------normalized = 0.306345 ----------------
performed mixing
Frob norm 1 after updating U: 8.12528
200 iterations
f(b) = 71.9186
Frob norm 2 after updating B : 8.13336
Iteration number -------- 174  -----------
lambda : 2.36989
max_diff => 0.0624998
------------------------normalized = 0.306249 ----------------
performed mixing
Frob norm 1 after updating U: 8.12536
200 iterations
f(b) = 72.0184
Frob norm 2 after updating B : 8.13206
Iteration number -------- 175  -----------
lambda : 2.38174
max_diff => 0.0624998
------------------------normalized = 0.3062 ----------------
performed mixing
Frob norm 1 after updating U: 8.12582
200 iterations
f(b) = 71.9817
Frob norm 2 after updating B : 8.1311
Iteration number -------- 176  -----------
lambda : 2.39365
max_diff => 0.0624998
------------------------normalized = 0.306164 ----------------
performed mixing
Frob norm 1 after updating U: 8.12612
200 iterations
f(b) = 71.9862
Frob norm 2 after updating B : 8.13052
Iteration number -------- 177  -----------
lambda : 2.40562
max_diff => 0.0624999
------------------------normalized = 0.306142 ----------------
performed mixing
Frob norm 1 after updating U: 8.12645
200 iterations
f(b) = 72.0615
Frob norm 2 after updating B : 8.13005
Iteration number -------- 178  -----------
lambda : 2.41765
max_diff => 0.0624999
------------------------normalized = 0.306125 ----------------
performed mixing
Frob norm 1 after updating U: 8.12675
200 iterations
f(b) = 72.0432
Frob norm 2 after updating B : 8.12954
Iteration number -------- 179  -----------
lambda : 2.42974
max_diff => 0.0624999
------------------------normalized = 0.306105 ----------------
performed mixing
Frob norm 1 after updating U: 8.12688
200 iterations
f(b) = 71.9985
Frob norm 2 after updating B : 8.13005
Iteration number -------- 180  -----------
lambda : 2.44188
max_diff => 0.0625
------------------------normalized = 0.306125 ----------------
performed mixing
Frob norm 1 after updating U: 8.12747
200 iterations
f(b) = 72.0598
Frob norm 2 after updating B : 8.13087
Iteration number -------- 181  -----------
lambda : 2.45409
max_diff => 0.0625001
------------------------normalized = 0.306155 ----------------
performed mixing
Frob norm 1 after updating U: 8.12833
200 iterations
f(b) = 72.0907
Frob norm 2 after updating B : 8.13127
Iteration number -------- 182  -----------
lambda : 2.46636
max_diff => 0.0625001
------------------------normalized = 0.306171 ----------------
performed mixing
Frob norm 1 after updating U: 8.12891
200 iterations
f(b) = 72.0904
Frob norm 2 after updating B : 8.13225
Iteration number -------- 183  -----------
lambda : 2.4787
max_diff => 0.0625001
------------------------normalized = 0.306208 ----------------
performed mixing
Frob norm 1 after updating U: 8.1298
200 iterations
f(b) = 72.144
Frob norm 2 after updating B : 8.13263
Iteration number -------- 184  -----------
lambda : 2.49109
max_diff => 0.0625001
------------------------normalized = 0.306222 ----------------
performed mixing
Frob norm 1 after updating U: 8.13036
200 iterations
f(b) = 72.1415
Frob norm 2 after updating B : 8.13285
Iteration number -------- 185  -----------
lambda : 2.50354
max_diff => 0.0625001
------------------------normalized = 0.30623 ----------------
performed mixing
Frob norm 1 after updating U: 8.13081
200 iterations
f(b) = 72.1591
Frob norm 2 after updating B : 8.13306
Iteration number -------- 186  -----------
lambda : 2.51606
max_diff => 0.0625001
------------------------normalized = 0.306238 ----------------
performed mixing
Frob norm 1 after updating U: 8.1312
200 iterations
f(b) = 72.1575
Frob norm 2 after updating B : 8.13388
Iteration number -------- 187  -----------
lambda : 2.52864
max_diff => 0.0625001
------------------------normalized = 0.306269 ----------------
performed mixing
Frob norm 1 after updating U: 8.132
200 iterations
f(b) = 72.2016
Frob norm 2 after updating B : 8.13486
Iteration number -------- 188  -----------
lambda : 2.54129
max_diff => 0.0625001
------------------------normalized = 0.306306 ----------------
performed mixing
Frob norm 1 after updating U: 8.13288
200 iterations
f(b) = 72.1733
Frob norm 2 after updating B : 8.13686
Iteration number -------- 189  -----------
lambda : 2.55399
max_diff => 0.0625
------------------------normalized = 0.306381 ----------------
performed mixing
Frob norm 1 after updating U: 8.13433
200 iterations
f(b) = 72.2275
Frob norm 2 after updating B : 8.13703
Iteration number -------- 190  -----------
lambda : 2.56676
max_diff => 0.0625
------------------------normalized = 0.306387 ----------------
performed mixing
Frob norm 1 after updating U: 8.13482
200 iterations
f(b) = 72.2279
Frob norm 2 after updating B : 8.13727
Iteration number -------- 191  -----------
lambda : 2.5796
max_diff => 0.0624999
------------------------normalized = 0.306397 ----------------
performed mixing
Frob norm 1 after updating U: 8.13528
200 iterations
f(b) = 72.2324
Frob norm 2 after updating B : 8.13949
Iteration number -------- 192  -----------
lambda : 2.59249
max_diff => 0.0624998
------------------------normalized = 0.30648 ----------------
performed mixing
Frob norm 1 after updating U: 8.13694
200 iterations
f(b) = 72.194
Frob norm 2 after updating B : 8.14138
Iteration number -------- 193  -----------
lambda : 2.60546
max_diff => 0.0624992
------------------------normalized = 0.306551 ----------------
performed mixing
Frob norm 1 after updating U: 8.1381
200 iterations
f(b) = 72.2591
Frob norm 2 after updating B : 8.14338
Iteration number -------- 194  -----------
lambda : 2.61848
max_diff => 0.062499
------------------------normalized = 0.306626 ----------------
performed mixing
Frob norm 1 after updating U: 8.14027
200 iterations
f(b) = 72.3015
Frob norm 2 after updating B : 8.14309
Iteration number -------- 195  -----------
lambda : 2.63158
max_diff => 0.062499
------------------------normalized = 0.306616 ----------------
performed mixing
Frob norm 1 after updating U: 8.14053
200 iterations
f(b) = 72.2325
Frob norm 2 after updating B : 8.14346
Iteration number -------- 196  -----------
lambda : 2.64473
max_diff => 0.0624988
------------------------normalized = 0.30663 ----------------
performed mixing
Frob norm 1 after updating U: 8.14119
200 iterations
f(b) = 72.3188
Frob norm 2 after updating B : 8.14394
Iteration number -------- 197  -----------
lambda : 2.65796
max_diff => 0.0624986
------------------------normalized = 0.306648 ----------------
performed mixing
Frob norm 1 after updating U: 8.14171
200 iterations
f(b) = 72.2983
Frob norm 2 after updating B : 8.14461
Iteration number -------- 198  -----------
lambda : 2.67125
max_diff => 0.0624983
------------------------normalized = 0.306673 ----------------
performed mixing
Frob norm 1 after updating U: 8.14245
200 iterations
f(b) = 72.3597
Frob norm 2 after updating B : 8.14472
Iteration number -------- 199  -----------
lambda : 2.6846
max_diff => 0.0624981
------------------------normalized = 0.306677 ----------------
performed mixing
Frob norm 1 after updating U: 8.1428
200 iterations
f(b) = 72.4074
Frob norm 2 after updating B : 8.14543
Iteration number -------- 200  -----------
lambda : 2.69803
max_diff => 0.0624979
------------------------normalized = 0.306703 ----------------
