performing filtering
Academic license - for non-commercial use only
Frob norm 1 after updating U: 26.3565
200 iterations
f(b) = 164.325
Frob norm 2 after updating B : 12.4478
Iteration number -------- 1  -----------
lambda : 1
max_diff => 0.115457
------------------------normalized = 0.468703 ----------------
performed mixing
Frob norm 1 after updating U: 9.6568
200 iterations
f(b) = 139.834
Frob norm 2 after updating B : 11.5184
Iteration number -------- 2  -----------
lambda : 1.005
max_diff => 0.078478
------------------------normalized = 0.433708 ----------------
performed mixing
Frob norm 1 after updating U: 9.23023
200 iterations
f(b) = 121.53
Frob norm 2 after updating B : 10.7326
Iteration number -------- 3  -----------
lambda : 1.01002
max_diff => 0.0945201
------------------------normalized = 0.404118 ----------------
performed mixing
Frob norm 1 after updating U: 8.90184
200 iterations
f(b) = 102.079
Frob norm 2 after updating B : 9.83925
Iteration number -------- 4  -----------
lambda : 1.01508
max_diff => 0.135196
------------------------normalized = 0.370482 ----------------
performed mixing
Frob norm 1 after updating U: 8.00488
200 iterations
f(b) = 90.0013
Frob norm 2 after updating B : 9.23733
Iteration number -------- 5  -----------
lambda : 1.02015
max_diff => 0.126512
------------------------normalized = 0.347817 ----------------
performed mixing
Frob norm 1 after updating U: 7.88522
200 iterations
f(b) = 81.5231
Frob norm 2 after updating B : 8.78392
Iteration number -------- 6  -----------
lambda : 1.02525
max_diff => 0.121083
------------------------normalized = 0.330745 ----------------
performed mixing
Frob norm 1 after updating U: 7.81038
200 iterations
f(b) = 76.1463
Frob norm 2 after updating B : 8.45278
Iteration number -------- 7  -----------
lambda : 1.03038
max_diff => 0.120611
------------------------normalized = 0.318276 ----------------
performed mixing
Frob norm 1 after updating U: 7.80241
200 iterations
f(b) = 72.2544
Frob norm 2 after updating B : 8.22337
Iteration number -------- 8  -----------
lambda : 1.03553
max_diff => 0.119054
------------------------normalized = 0.309638 ----------------
performed mixing
Frob norm 1 after updating U: 7.7744
200 iterations
f(b) = 69.5111
Frob norm 2 after updating B : 8.05789
Iteration number -------- 9  -----------
lambda : 1.04071
max_diff => 0.113835
------------------------normalized = 0.303407 ----------------
performed mixing
Frob norm 1 after updating U: 7.73169
200 iterations
f(b) = 67.7158
Frob norm 2 after updating B : 7.94333
Iteration number -------- 10  -----------
lambda : 1.04591
max_diff => 0.112195
------------------------normalized = 0.299094 ----------------
performed mixing
Frob norm 1 after updating U: 7.72573
200 iterations
f(b) = 66.3534
Frob norm 2 after updating B : 7.86274
Iteration number -------- 11  -----------
lambda : 1.05114
max_diff => 0.101659
------------------------normalized = 0.296059 ----------------
performed mixing
Frob norm 1 after updating U: 7.69287
200 iterations
f(b) = 65.4641
Frob norm 2 after updating B : 7.80438
Iteration number -------- 12  -----------
lambda : 1.0564
max_diff => 0.101399
------------------------normalized = 0.293862 ----------------
performed mixing
Frob norm 1 after updating U: 7.69214
200 iterations
f(b) = 64.6832
Frob norm 2 after updating B : 7.76536
Iteration number -------- 13  -----------
lambda : 1.06168
max_diff => 0.092438
------------------------normalized = 0.292393 ----------------
performed mixing
Frob norm 1 after updating U: 7.67767
200 iterations
f(b) = 64.1174
Frob norm 2 after updating B : 7.73343
Iteration number -------- 14  -----------
lambda : 1.06699
max_diff => 0.0851875
------------------------normalized = 0.29119 ----------------
performed mixing
Frob norm 1 after updating U: 7.66557
200 iterations
f(b) = 62.4216
Frob norm 2 after updating B : 7.72848
Iteration number -------- 15  -----------
lambda : 1.07232
max_diff => 0.0457568
------------------------normalized = 0.291004 ----------------
performed mixing
Frob norm 1 after updating U: 7.5799
200 iterations
f(b) = 61.596
Frob norm 2 after updating B : 7.67595
Iteration number -------- 16  -----------
lambda : 1.07768
max_diff => 0.0457277
------------------------normalized = 0.289026 ----------------
performed mixing
Frob norm 1 after updating U: 7.57977
200 iterations
f(b) = 61.1091
Frob norm 2 after updating B : 7.64239
Iteration number -------- 17  -----------
lambda : 1.08307
max_diff => 0.0457108
------------------------normalized = 0.287762 ----------------
performed mixing
Frob norm 1 after updating U: 7.57979
200 iterations
f(b) = 60.7064
Frob norm 2 after updating B : 7.62175
Iteration number -------- 18  -----------
lambda : 1.08849
max_diff => 0.0455951
------------------------normalized = 0.286985 ----------------
performed mixing
Frob norm 1 after updating U: 7.5797
200 iterations
f(b) = 60.4943
Frob norm 2 after updating B : 7.60778
Iteration number -------- 19  -----------
lambda : 1.09393
max_diff => 0.0455461
------------------------normalized = 0.286459 ----------------
performed mixing
Frob norm 1 after updating U: 7.57983
200 iterations
f(b) = 60.3553
Frob norm 2 after updating B : 7.59831
Iteration number -------- 20  -----------
lambda : 1.0994
max_diff => 0.0455315
------------------------normalized = 0.286103 ----------------
performed mixing
Frob norm 1 after updating U: 7.57988
200 iterations
f(b) = 60.253
Frob norm 2 after updating B : 7.59318
Iteration number -------- 21  -----------
lambda : 1.1049
max_diff => 0.0454154
------------------------normalized = 0.28591 ----------------
performed mixing
Frob norm 1 after updating U: 7.58018
200 iterations
f(b) = 60.2299
Frob norm 2 after updating B : 7.58869
Iteration number -------- 22  -----------
lambda : 1.11042
max_diff => 0.0454067
------------------------normalized = 0.28574 ----------------
performed mixing
Frob norm 1 after updating U: 7.58019
200 iterations
f(b) = 60.1999
Frob norm 2 after updating B : 7.58585
Iteration number -------- 23  -----------
lambda : 1.11597
max_diff => 0.0453983
------------------------normalized = 0.285633 ----------------
performed mixing
Frob norm 1 after updating U: 7.58026
200 iterations
f(b) = 60.1674
Frob norm 2 after updating B : 7.58396
Iteration number -------- 24  -----------
lambda : 1.12155
max_diff => 0.0453858
------------------------normalized = 0.285562 ----------------
performed mixing
Frob norm 1 after updating U: 7.58026
200 iterations
f(b) = 60.1589
Frob norm 2 after updating B : 7.58291
Iteration number -------- 25  -----------
lambda : 1.12716
max_diff => 0.0453728
------------------------normalized = 0.285523 ----------------
performed mixing
Frob norm 1 after updating U: 7.58042
200 iterations
f(b) = 60.1607
Frob norm 2 after updating B : 7.58219
Iteration number -------- 26  -----------
lambda : 1.1328
max_diff => 0.0453602
------------------------normalized = 0.285496 ----------------
performed mixing
Frob norm 1 after updating U: 7.5805
200 iterations
f(b) = 60.1436
Frob norm 2 after updating B : 7.58168
Iteration number -------- 27  -----------
lambda : 1.13846
max_diff => 0.0453502
------------------------normalized = 0.285476 ----------------
performed mixing
Frob norm 1 after updating U: 7.58056
200 iterations
f(b) = 60.0216
Frob norm 2 after updating B : 7.58654
Iteration number -------- 28  -----------
lambda : 1.14415
max_diff => 0.0450842
------------------------normalized = 0.285659 ----------------
performed mixing
Frob norm 1 after updating U: 7.58365
200 iterations
f(b) = 60.0201
Frob norm 2 after updating B : 7.58606
Iteration number -------- 29  -----------
lambda : 1.14987
max_diff => 0.0451874
------------------------normalized = 0.285642 ----------------
performed mixing
Frob norm 1 after updating U: 7.58349
200 iterations
f(b) = 60.0064
Frob norm 2 after updating B : 7.58512
Iteration number -------- 30  -----------
lambda : 1.15562
max_diff => 0.0451839
------------------------normalized = 0.285606 ----------------
performed mixing
Frob norm 1 after updating U: 7.58354
200 iterations
f(b) = 60.0374
Frob norm 2 after updating B : 7.5846
Iteration number -------- 31  -----------
lambda : 1.1614
max_diff => 0.0451799
------------------------normalized = 0.285586 ----------------
performed mixing
Frob norm 1 after updating U: 7.58365
200 iterations
f(b) = 60.0373
Frob norm 2 after updating B : 7.58435
Iteration number -------- 32  -----------
lambda : 1.16721
max_diff => 0.0451783
------------------------normalized = 0.285577 ----------------
performed mixing
Frob norm 1 after updating U: 7.58378
200 iterations
f(b) = 60.0608
Frob norm 2 after updating B : 7.5842
Iteration number -------- 33  -----------
lambda : 1.17304
max_diff => 0.045174
------------------------normalized = 0.285572 ----------------
performed mixing
Frob norm 1 after updating U: 7.58392
200 iterations
f(b) = 60.0595
Frob norm 2 after updating B : 7.58421
Iteration number -------- 34  -----------
lambda : 1.17891
max_diff => 0.0451606
------------------------normalized = 0.285572 ----------------
performed mixing
Frob norm 1 after updating U: 7.58432
200 iterations
f(b) = 60.0621
Frob norm 2 after updating B : 7.58428
Iteration number -------- 35  -----------
lambda : 1.1848
max_diff => 0.0451575
------------------------normalized = 0.285574 ----------------
performed mixing
Frob norm 1 after updating U: 7.58441
200 iterations
f(b) = 60.0515
Frob norm 2 after updating B : 7.58442
Iteration number -------- 36  -----------
lambda : 1.19073
max_diff => 0.0451512
------------------------normalized = 0.28558 ----------------
performed mixing
Frob norm 1 after updating U: 7.58461
200 iterations
f(b) = 60.0196
Frob norm 2 after updating B : 7.58668
Iteration number -------- 37  -----------
lambda : 1.19668
max_diff => 0.045092
------------------------normalized = 0.285665 ----------------
performed mixing
Frob norm 1 after updating U: 7.58685
200 iterations
f(b) = 59.9885
Frob norm 2 after updating B : 7.58944
Iteration number -------- 38  -----------
lambda : 1.20266
max_diff => 0.0450711
------------------------normalized = 0.285769 ----------------
performed mixing
Frob norm 1 after updating U: 7.58907
200 iterations
f(b) = 60.0487
Frob norm 2 after updating B : 7.58926
Iteration number -------- 39  -----------
lambda : 1.20868
max_diff => 0.045071
------------------------normalized = 0.285762 ----------------
performed mixing
Frob norm 1 after updating U: 7.58917
200 iterations
f(b) = 60.0121
Frob norm 2 after updating B : 7.5892
Iteration number -------- 40  -----------
lambda : 1.21472
max_diff => 0.0450675
------------------------normalized = 0.28576 ----------------
performed mixing
Frob norm 1 after updating U: 7.58929
200 iterations
f(b) = 60.0822
Frob norm 2 after updating B : 7.58913
Iteration number -------- 41  -----------
lambda : 1.22079
max_diff => 0.0450666
------------------------normalized = 0.285757 ----------------
performed mixing
Frob norm 1 after updating U: 7.5894
200 iterations
f(b) = 60.0378
Frob norm 2 after updating B : 7.58929
Iteration number -------- 42  -----------
lambda : 1.2269
max_diff => 0.0450638
------------------------normalized = 0.285763 ----------------
performed mixing
Frob norm 1 after updating U: 7.58959
200 iterations
f(b) = 60.076
Frob norm 2 after updating B : 7.58957
Iteration number -------- 43  -----------
lambda : 1.23303
max_diff => 0.0450593
------------------------normalized = 0.285773 ----------------
performed mixing
Frob norm 1 after updating U: 7.58986
200 iterations
f(b) = 60.0282
Frob norm 2 after updating B : 7.58965
Iteration number -------- 44  -----------
lambda : 1.2392
max_diff => 0.0450576
------------------------normalized = 0.285777 ----------------
performed mixing
Frob norm 1 after updating U: 7.58997
200 iterations
f(b) = 60.1148
Frob norm 2 after updating B : 7.58994
Iteration number -------- 45  -----------
lambda : 1.24539
max_diff => 0.0450544
------------------------normalized = 0.285788 ----------------
performed mixing
Frob norm 1 after updating U: 7.59022
200 iterations
f(b) = 60.0392
Frob norm 2 after updating B : 7.58989
Iteration number -------- 46  -----------
lambda : 1.25162
max_diff => 0.0450426
------------------------normalized = 0.285786 ----------------
performed mixing
Frob norm 1 after updating U: 7.5903
200 iterations
f(b) = 60.1342
Frob norm 2 after updating B : 7.59037
Iteration number -------- 47  -----------
lambda : 1.25788
max_diff => 0.0450393
------------------------normalized = 0.285804 ----------------
performed mixing
Frob norm 1 after updating U: 7.5907
200 iterations
f(b) = 60.1363
Frob norm 2 after updating B : 7.59064
Iteration number -------- 48  -----------
lambda : 1.26417
max_diff => 0.0450346
------------------------normalized = 0.285814 ----------------
performed mixing
Frob norm 1 after updating U: 7.59097
200 iterations
f(b) = 60.1745
Frob norm 2 after updating B : 7.59084
Iteration number -------- 49  -----------
lambda : 1.27049
max_diff => 0.0450337
------------------------normalized = 0.285822 ----------------
performed mixing
Frob norm 1 after updating U: 7.59115
200 iterations
f(b) = 60.1621
Frob norm 2 after updating B : 7.5911
Iteration number -------- 50  -----------
lambda : 1.27684
max_diff => 0.0450293
------------------------normalized = 0.285831 ----------------
performed mixing
Frob norm 1 after updating U: 7.59139
200 iterations
f(b) = 60.1899
Frob norm 2 after updating B : 7.59136
Iteration number -------- 51  -----------
lambda : 1.28323
max_diff => 0.0450252
------------------------normalized = 0.285841 ----------------
performed mixing
Frob norm 1 after updating U: 7.59159
200 iterations
f(b) = 60.2031
Frob norm 2 after updating B : 7.5916
Iteration number -------- 52  -----------
lambda : 1.28964
max_diff => 0.0450205
------------------------normalized = 0.28585 ----------------
performed mixing
Frob norm 1 after updating U: 7.5918
200 iterations
f(b) = 60.1339
Frob norm 2 after updating B : 7.59195
Iteration number -------- 53  -----------
lambda : 1.29609
max_diff => 0.0450101
------------------------normalized = 0.285863 ----------------
performed mixing
Frob norm 1 after updating U: 7.59223
200 iterations
f(b) = 60.2469
Frob norm 2 after updating B : 7.59235
Iteration number -------- 54  -----------
lambda : 1.30257
max_diff => 0.0450049
------------------------normalized = 0.285878 ----------------
performed mixing
Frob norm 1 after updating U: 7.59259
200 iterations
f(b) = 60.2417
Frob norm 2 after updating B : 7.59255
Iteration number -------- 55  -----------
lambda : 1.30908
max_diff => 0.0450007
------------------------normalized = 0.285886 ----------------
performed mixing
Frob norm 1 after updating U: 7.59277
200 iterations
f(b) = 60.248
Frob norm 2 after updating B : 7.59274
Iteration number -------- 56  -----------
lambda : 1.31563
max_diff => 0.044996
------------------------normalized = 0.285893 ----------------
performed mixing
Frob norm 1 after updating U: 7.59298
200 iterations
f(b) = 60.2631
Frob norm 2 after updating B : 7.59298
Iteration number -------- 57  -----------
lambda : 1.32221
max_diff => 0.044991
------------------------normalized = 0.285902 ----------------
performed mixing
Frob norm 1 after updating U: 7.5932
200 iterations
f(b) = 60.2897
Frob norm 2 after updating B : 7.59325
Iteration number -------- 58  -----------
lambda : 1.32882
max_diff => 0.0449848
------------------------normalized = 0.285912 ----------------
performed mixing
Frob norm 1 after updating U: 7.59348
200 iterations
f(b) = 60.2825
Frob norm 2 after updating B : 7.59345
Iteration number -------- 59  -----------
lambda : 1.33546
max_diff => 0.04498
------------------------normalized = 0.28592 ----------------
performed mixing
Frob norm 1 after updating U: 7.59366
200 iterations
f(b) = 60.2794
Frob norm 2 after updating B : 7.59395
Iteration number -------- 60  -----------
lambda : 1.34214
max_diff => 0.0449613
------------------------normalized = 0.285939 ----------------
performed mixing
Frob norm 1 after updating U: 7.59426
200 iterations
f(b) = 60.3091
Frob norm 2 after updating B : 7.5942
Iteration number -------- 61  -----------
lambda : 1.34885
max_diff => 0.0449577
------------------------normalized = 0.285948 ----------------
performed mixing
Frob norm 1 after updating U: 7.59443
200 iterations
f(b) = 60.3042
Frob norm 2 after updating B : 7.59489
Iteration number -------- 62  -----------
lambda : 1.35559
max_diff => 0.0449437
------------------------normalized = 0.285974 ----------------
performed mixing
Frob norm 1 after updating U: 7.59518
200 iterations
f(b) = 60.3063
Frob norm 2 after updating B : 7.59529
Iteration number -------- 63  -----------
lambda : 1.36237
max_diff => 0.044935
------------------------normalized = 0.285989 ----------------
performed mixing
Frob norm 1 after updating U: 7.59556
200 iterations
f(b) = 60.2875
Frob norm 2 after updating B : 7.59578
Iteration number -------- 64  -----------
lambda : 1.36918
max_diff => 0.0449239
------------------------normalized = 0.286007 ----------------
performed mixing
Frob norm 1 after updating U: 7.59605
200 iterations
f(b) = 60.3409
Frob norm 2 after updating B : 7.59616
Iteration number -------- 65  -----------
lambda : 1.37603
max_diff => 0.0449191
------------------------normalized = 0.286022 ----------------
performed mixing
Frob norm 1 after updating U: 7.5964
200 iterations
f(b) = 60.2997
Frob norm 2 after updating B : 7.59669
Iteration number -------- 66  -----------
lambda : 1.38291
max_diff => 0.044909
------------------------normalized = 0.286042 ----------------
performed mixing
Frob norm 1 after updating U: 7.59691
200 iterations
f(b) = 60.3923
Frob norm 2 after updating B : 7.59716
Iteration number -------- 67  -----------
lambda : 1.38982
max_diff => 0.0448997
------------------------normalized = 0.286059 ----------------
performed mixing
Frob norm 1 after updating U: 7.59738
200 iterations
f(b) = 60.3885
Frob norm 2 after updating B : 7.59769
Iteration number -------- 68  -----------
lambda : 1.39677
max_diff => 0.0448866
------------------------normalized = 0.286079 ----------------
performed mixing
Frob norm 1 after updating U: 7.59798
200 iterations
f(b) = 60.3965
Frob norm 2 after updating B : 7.59844
Iteration number -------- 69  -----------
lambda : 1.40376
max_diff => 0.0448709
------------------------normalized = 0.286107 ----------------
performed mixing
Frob norm 1 after updating U: 7.5987
200 iterations
f(b) = 60.42
Frob norm 2 after updating B : 7.59892
Iteration number -------- 70  -----------
lambda : 1.41078
max_diff => 0.0448582
------------------------normalized = 0.286126 ----------------
performed mixing
Frob norm 1 after updating U: 7.59919
200 iterations
f(b) = 60.4413
Frob norm 2 after updating B : 7.59925
Iteration number -------- 71  -----------
lambda : 1.41783
max_diff => 0.0448534
------------------------normalized = 0.286138 ----------------
performed mixing
Frob norm 1 after updating U: 7.59948
200 iterations
f(b) = 60.4495
Frob norm 2 after updating B : 7.59969
Iteration number -------- 72  -----------
lambda : 1.42492
max_diff => 0.0448463
------------------------normalized = 0.286155 ----------------
performed mixing
Frob norm 1 after updating U: 7.5999
200 iterations
f(b) = 60.4367
Frob norm 2 after updating B : 7.60027
Iteration number -------- 73  -----------
lambda : 1.43204
max_diff => 0.0448347
------------------------normalized = 0.286176 ----------------
performed mixing
Frob norm 1 after updating U: 7.60052
200 iterations
f(b) = 60.4275
Frob norm 2 after updating B : 7.6008
Iteration number -------- 74  -----------
lambda : 1.4392
max_diff => 0.0448236
------------------------normalized = 0.286196 ----------------
performed mixing
Frob norm 1 after updating U: 7.60103
200 iterations
f(b) = 60.472
Frob norm 2 after updating B : 7.60106
Iteration number -------- 75  -----------
lambda : 1.4464
max_diff => 0.0448194
------------------------normalized = 0.286206 ----------------
performed mixing
Frob norm 1 after updating U: 7.60127
200 iterations
f(b) = 60.4842
Frob norm 2 after updating B : 7.6013
Iteration number -------- 76  -----------
lambda : 1.45363
max_diff => 0.0448222
------------------------normalized = 0.286215 ----------------
performed mixing
Frob norm 1 after updating U: 7.60152
200 iterations
f(b) = 60.4577
Frob norm 2 after updating B : 7.60183
Iteration number -------- 77  -----------
lambda : 1.4609
max_diff => 0.0448127
------------------------normalized = 0.286235 ----------------
performed mixing
Frob norm 1 after updating U: 7.602
200 iterations
f(b) = 60.4923
Frob norm 2 after updating B : 7.60245
Iteration number -------- 78  -----------
lambda : 1.46821
max_diff => 0.0448029
------------------------normalized = 0.286259 ----------------
performed mixing
Frob norm 1 after updating U: 7.6026
200 iterations
f(b) = 60.5309
Frob norm 2 after updating B : 7.60291
Iteration number -------- 79  -----------
lambda : 1.47555
max_diff => 0.044795
------------------------normalized = 0.286276 ----------------
performed mixing
Frob norm 1 after updating U: 7.60304
200 iterations
f(b) = 60.5504
Frob norm 2 after updating B : 7.60332
Iteration number -------- 80  -----------
lambda : 1.48292
max_diff => 0.0447883
------------------------normalized = 0.286291 ----------------
performed mixing
Frob norm 1 after updating U: 7.60345
200 iterations
f(b) = 60.5845
Frob norm 2 after updating B : 7.60366
Iteration number -------- 81  -----------
lambda : 1.49034
max_diff => 0.0447809
------------------------normalized = 0.286304 ----------------
performed mixing
Frob norm 1 after updating U: 7.60379
200 iterations
f(b) = 60.5669
Frob norm 2 after updating B : 7.60432
Iteration number -------- 82  -----------
lambda : 1.49779
max_diff => 0.0447668
------------------------normalized = 0.286329 ----------------
performed mixing
Frob norm 1 after updating U: 7.60445
200 iterations
f(b) = 60.597
Frob norm 2 after updating B : 7.60476
Iteration number -------- 83  -----------
lambda : 1.50528
max_diff => 0.0447602
------------------------normalized = 0.286346 ----------------
performed mixing
Frob norm 1 after updating U: 7.60487
200 iterations
f(b) = 60.5693
Frob norm 2 after updating B : 7.60543
Iteration number -------- 84  -----------
lambda : 1.51281
max_diff => 0.0447475
------------------------normalized = 0.286371 ----------------
performed mixing
Frob norm 1 after updating U: 7.60554
200 iterations
f(b) = 60.5815
Frob norm 2 after updating B : 7.6064
Iteration number -------- 85  -----------
lambda : 1.52037
max_diff => 0.044724
------------------------normalized = 0.286407 ----------------
performed mixing
Frob norm 1 after updating U: 7.60656
200 iterations
f(b) = 60.6192
Frob norm 2 after updating B : 7.60708
Iteration number -------- 86  -----------
lambda : 1.52797
max_diff => 0.0447125
------------------------normalized = 0.286433 ----------------
performed mixing
Frob norm 1 after updating U: 7.60722
200 iterations
f(b) = 60.615
Frob norm 2 after updating B : 7.60789
Iteration number -------- 87  -----------
lambda : 1.53561
max_diff => 0.0446953
------------------------normalized = 0.286463 ----------------
performed mixing
Frob norm 1 after updating U: 7.60803
200 iterations
f(b) = 60.6219
Frob norm 2 after updating B : 7.60864
Iteration number -------- 88  -----------
lambda : 1.54329
max_diff => 0.0446695
------------------------normalized = 0.286491 ----------------
performed mixing
Frob norm 1 after updating U: 7.6088
200 iterations
f(b) = 60.6439
Frob norm 2 after updating B : 7.60898
Iteration number -------- 89  -----------
lambda : 1.55101
max_diff => 0.0446659
------------------------normalized = 0.286505 ----------------
performed mixing
Frob norm 1 after updating U: 7.60911
200 iterations
f(b) = 60.6819
Frob norm 2 after updating B : 7.60932
Iteration number -------- 90  -----------
lambda : 1.55876
max_diff => 0.0446615
------------------------normalized = 0.286517 ----------------
performed mixing
Frob norm 1 after updating U: 7.60943
200 iterations
f(b) = 60.6557
Frob norm 2 after updating B : 7.60973
Iteration number -------- 91  -----------
lambda : 1.56655
max_diff => 0.0446521
------------------------normalized = 0.286533 ----------------
performed mixing
Frob norm 1 after updating U: 7.60983
200 iterations
f(b) = 60.7649
Frob norm 2 after updating B : 7.60292
Iteration number -------- 92  -----------
lambda : 1.57439
max_diff => 0.0445764
------------------------normalized = 0.286276 ----------------
performed mixing
Frob norm 1 after updating U: 7.60339
200 iterations
f(b) = 60.6345
Frob norm 2 after updating B : 7.60973
Iteration number -------- 93  -----------
lambda : 1.58226
max_diff => 0.0445356
------------------------normalized = 0.286533 ----------------
performed mixing
Frob norm 1 after updating U: 7.60983
200 iterations
f(b) = 60.7067
Frob norm 2 after updating B : 7.6113
Iteration number -------- 94  -----------
lambda : 1.59017
max_diff => 0.0445303
------------------------normalized = 0.286592 ----------------
performed mixing
Frob norm 1 after updating U: 7.61139
200 iterations
f(b) = 60.7045
Frob norm 2 after updating B : 7.6117
Iteration number -------- 95  -----------
lambda : 1.59812
max_diff => 0.0445288
------------------------normalized = 0.286607 ----------------
performed mixing
Frob norm 1 after updating U: 7.61176
200 iterations
f(b) = 60.7369
Frob norm 2 after updating B : 7.61204
Iteration number -------- 96  -----------
lambda : 1.60611
max_diff => 0.0445267
------------------------normalized = 0.28662 ----------------
performed mixing
Frob norm 1 after updating U: 7.61209
200 iterations
f(b) = 60.7809
Frob norm 2 after updating B : 7.61244
Iteration number -------- 97  -----------
lambda : 1.61414
max_diff => 0.0445223
------------------------normalized = 0.286635 ----------------
performed mixing
Frob norm 1 after updating U: 7.61248
200 iterations
f(b) = 60.7608
Frob norm 2 after updating B : 7.61282
Iteration number -------- 98  -----------
lambda : 1.62221
max_diff => 0.0445175
------------------------normalized = 0.286649 ----------------
performed mixing
Frob norm 1 after updating U: 7.61287
200 iterations
f(b) = 60.7466
Frob norm 2 after updating B : 7.61305
Iteration number -------- 99  -----------
lambda : 1.63032
max_diff => 0.0445138
------------------------normalized = 0.286658 ----------------
performed mixing
Frob norm 1 after updating U: 7.61311
200 iterations
f(b) = 60.7097
Frob norm 2 after updating B : 7.61394
Iteration number -------- 100  -----------
lambda : 1.63848
max_diff => 0.0445008
------------------------normalized = 0.286691 ----------------
performed mixing
Frob norm 1 after updating U: 7.61398
200 iterations
f(b) = 60.777
Frob norm 2 after updating B : 7.61457
Iteration number -------- 101  -----------
lambda : 1.64667
max_diff => 0.0444956
------------------------normalized = 0.286715 ----------------
performed mixing
Frob norm 1 after updating U: 7.61461
200 iterations
f(b) = 60.8166
Frob norm 2 after updating B : 7.61516
Iteration number -------- 102  -----------
lambda : 1.6549
max_diff => 0.0444873
------------------------normalized = 0.286737 ----------------
performed mixing
Frob norm 1 after updating U: 7.6152
200 iterations
f(b) = 60.7659
Frob norm 2 after updating B : 7.61558
Iteration number -------- 103  -----------
lambda : 1.66318
max_diff => 0.0444785
------------------------normalized = 0.286753 ----------------
performed mixing
Frob norm 1 after updating U: 7.61562
200 iterations
f(b) = 60.8445
Frob norm 2 after updating B : 7.61609
Iteration number -------- 104  -----------
lambda : 1.67149
max_diff => 0.0444729
------------------------normalized = 0.286772 ----------------
performed mixing
Frob norm 1 after updating U: 7.61612
200 iterations
f(b) = 60.8527
Frob norm 2 after updating B : 7.6163
Iteration number -------- 105  -----------
lambda : 1.67985
max_diff => 0.0444675
------------------------normalized = 0.28678 ----------------
performed mixing
Frob norm 1 after updating U: 7.61633
200 iterations
f(b) = 60.8936
Frob norm 2 after updating B : 7.61668
Iteration number -------- 106  -----------
lambda : 1.68825
max_diff => 0.0444624
------------------------normalized = 0.286794 ----------------
performed mixing
Frob norm 1 after updating U: 7.61672
200 iterations
f(b) = 60.897
Frob norm 2 after updating B : 7.61698
Iteration number -------- 107  -----------
lambda : 1.69669
max_diff => 0.0444573
------------------------normalized = 0.286806 ----------------
performed mixing
Frob norm 1 after updating U: 7.61702
200 iterations
f(b) = 60.9106
Frob norm 2 after updating B : 7.61721
Iteration number -------- 108  -----------
lambda : 1.70517
max_diff => 0.0444538
------------------------normalized = 0.286814 ----------------
performed mixing
Frob norm 1 after updating U: 7.61726
200 iterations
f(b) = 60.9274
Frob norm 2 after updating B : 7.61764
Iteration number -------- 109  -----------
lambda : 1.7137
max_diff => 0.0444476
------------------------normalized = 0.28683 ----------------
performed mixing
Frob norm 1 after updating U: 7.61767
200 iterations
f(b) = 60.7814
Frob norm 2 after updating B : 7.61827
Iteration number -------- 110  -----------
lambda : 1.72227
max_diff => 0.0444355
------------------------normalized = 0.286854 ----------------
performed mixing
Frob norm 1 after updating U: 7.61825
200 iterations
f(b) = 60.9439
Frob norm 2 after updating B : 7.6192
Iteration number -------- 111  -----------
lambda : 1.73088
max_diff => 0.0444176
------------------------normalized = 0.286889 ----------------
performed mixing
Frob norm 1 after updating U: 7.6192
200 iterations
f(b) = 60.9587
Frob norm 2 after updating B : 7.61959
Iteration number -------- 112  -----------
lambda : 1.73953
max_diff => 0.0444114
------------------------normalized = 0.286904 ----------------
performed mixing
Frob norm 1 after updating U: 7.61959
200 iterations
f(b) = 60.9918
Frob norm 2 after updating B : 7.61985
Iteration number -------- 113  -----------
lambda : 1.74823
max_diff => 0.0444092
------------------------normalized = 0.286914 ----------------
performed mixing
Frob norm 1 after updating U: 7.61984
200 iterations
f(b) = 60.994
Frob norm 2 after updating B : 7.62036
Iteration number -------- 114  -----------
lambda : 1.75697
max_diff => 0.0444019
------------------------normalized = 0.286933 ----------------
performed mixing
Frob norm 1 after updating U: 7.62034
200 iterations
f(b) = 60.9797
Frob norm 2 after updating B : 7.62092
Iteration number -------- 115  -----------
lambda : 1.76576
max_diff => 0.0443871
------------------------normalized = 0.286954 ----------------
performed mixing
Frob norm 1 after updating U: 7.6209
200 iterations
f(b) = 60.9951
Frob norm 2 after updating B : 7.62168
Iteration number -------- 116  -----------
lambda : 1.77459
max_diff => 0.0443667
------------------------normalized = 0.286983 ----------------
performed mixing
Frob norm 1 after updating U: 7.62166
200 iterations
f(b) = 60.985
Frob norm 2 after updating B : 7.62231
Iteration number -------- 117  -----------
lambda : 1.78346
max_diff => 0.0443605
------------------------normalized = 0.287006 ----------------
performed mixing
Frob norm 1 after updating U: 7.62232
200 iterations
f(b) = 61.0203
Frob norm 2 after updating B : 7.62293
Iteration number -------- 118  -----------
lambda : 1.79238
max_diff => 0.0443492
------------------------normalized = 0.28703 ----------------
performed mixing
Frob norm 1 after updating U: 7.62292
200 iterations
f(b) = 60.9508
Frob norm 2 after updating B : 7.62342
Iteration number -------- 119  -----------
lambda : 1.80134
max_diff => 0.0443372
------------------------normalized = 0.287048 ----------------
performed mixing
Frob norm 1 after updating U: 7.62343
200 iterations
f(b) = 61.0729
Frob norm 2 after updating B : 7.62392
Iteration number -------- 120  -----------
lambda : 1.81035
max_diff => 0.0443294
------------------------normalized = 0.287067 ----------------
performed mixing
Frob norm 1 after updating U: 7.62389
200 iterations
f(b) = 61.0742
Frob norm 2 after updating B : 7.62418
Iteration number -------- 121  -----------
lambda : 1.8194
max_diff => 0.0443247
------------------------normalized = 0.287077 ----------------
performed mixing
Frob norm 1 after updating U: 7.62416
200 iterations
f(b) = 60.9715
Frob norm 2 after updating B : 7.62456
Iteration number -------- 122  -----------
lambda : 1.82849
max_diff => 0.0443145
------------------------normalized = 0.287091 ----------------
performed mixing
Frob norm 1 after updating U: 7.62457
200 iterations
f(b) = 61.1095
Frob norm 2 after updating B : 7.62494
Iteration number -------- 123  -----------
lambda : 1.83764
max_diff => 0.0443082
------------------------normalized = 0.287106 ----------------
performed mixing
Frob norm 1 after updating U: 7.62493
200 iterations
f(b) = 61.0826
Frob norm 2 after updating B : 7.62614
Iteration number -------- 124  -----------
lambda : 1.84682
max_diff => 0.0442775
------------------------normalized = 0.287151 ----------------
performed mixing
Frob norm 1 after updating U: 7.62609
200 iterations
f(b) = 61.1271
Frob norm 2 after updating B : 7.62677
Iteration number -------- 125  -----------
lambda : 1.85606
max_diff => 0.0442621
------------------------normalized = 0.287174 ----------------
performed mixing
Frob norm 1 after updating U: 7.62671
200 iterations
f(b) = 61.1295
Frob norm 2 after updating B : 7.62725
Iteration number -------- 126  -----------
lambda : 1.86534
max_diff => 0.0442501
------------------------normalized = 0.287192 ----------------
performed mixing
Frob norm 1 after updating U: 7.62717
200 iterations
f(b) = 61.1714
Frob norm 2 after updating B : 7.62779
Iteration number -------- 127  -----------
lambda : 1.87467
max_diff => 0.0442397
------------------------normalized = 0.287213 ----------------
performed mixing
Frob norm 1 after updating U: 7.62772
200 iterations
f(b) = 61.0592
Frob norm 2 after updating B : 7.62833
Iteration number -------- 128  -----------
lambda : 1.88404
max_diff => 0.0442221
------------------------normalized = 0.287233 ----------------
performed mixing
Frob norm 1 after updating U: 7.62829
200 iterations
f(b) = 61.1826
Frob norm 2 after updating B : 7.6288
Iteration number -------- 129  -----------
lambda : 1.89346
max_diff => 0.0442099
------------------------normalized = 0.287251 ----------------
performed mixing
Frob norm 1 after updating U: 7.62872
200 iterations
f(b) = 61.1312
Frob norm 2 after updating B : 7.62799
Iteration number -------- 130  -----------
lambda : 1.90293
max_diff => 0.0441268
------------------------normalized = 0.28722 ----------------
performed mixing
Frob norm 1 after updating U: 7.62814
200 iterations
f(b) = 61.2037
Frob norm 2 after updating B : 7.63122
Iteration number -------- 131  -----------
lambda : 1.91244
max_diff => 0.0441092
------------------------normalized = 0.287342 ----------------
performed mixing
Frob norm 1 after updating U: 7.63105
200 iterations
f(b) = 61.2575
Frob norm 2 after updating B : 7.6317
Iteration number -------- 132  -----------
lambda : 1.922
max_diff => 0.0441048
------------------------normalized = 0.28736 ----------------
performed mixing
Frob norm 1 after updating U: 7.63153
200 iterations
f(b) = 61.145
Frob norm 2 after updating B : 7.63012
Iteration number -------- 133  -----------
lambda : 1.93161
max_diff => 0.0440947
------------------------normalized = 0.287301 ----------------
performed mixing
Frob norm 1 after updating U: 7.63003
200 iterations
f(b) = 61.2395
Frob norm 2 after updating B : 7.63217
Iteration number -------- 134  -----------
lambda : 1.94127
max_diff => 0.0440784
------------------------normalized = 0.287378 ----------------
performed mixing
Frob norm 1 after updating U: 7.63206
200 iterations
f(b) = 61.249
Frob norm 2 after updating B : 7.63263
Iteration number -------- 135  -----------
lambda : 1.95098
max_diff => 0.0440734
------------------------normalized = 0.287395 ----------------
performed mixing
Frob norm 1 after updating U: 7.63254
200 iterations
f(b) = 61.276
Frob norm 2 after updating B : 7.63304
Iteration number -------- 136  -----------
lambda : 1.96073
max_diff => 0.0440682
------------------------normalized = 0.28741 ----------------
performed mixing
Frob norm 1 after updating U: 7.63297
200 iterations
f(b) = 61.2963
Frob norm 2 after updating B : 7.63362
Iteration number -------- 137  -----------
lambda : 1.97054
max_diff => 0.0440622
------------------------normalized = 0.287432 ----------------
performed mixing
Frob norm 1 after updating U: 7.63354
200 iterations
f(b) = 61.299
Frob norm 2 after updating B : 7.63441
Iteration number -------- 138  -----------
lambda : 1.98039
max_diff => 0.044052
------------------------normalized = 0.287462 ----------------
performed mixing
Frob norm 1 after updating U: 7.63432
200 iterations
f(b) = 61.3239
Frob norm 2 after updating B : 7.63516
Iteration number -------- 139  -----------
lambda : 1.99029
max_diff => 0.0440422
------------------------normalized = 0.28749 ----------------
performed mixing
Frob norm 1 after updating U: 7.63504
200 iterations
f(b) = 61.3431
Frob norm 2 after updating B : 7.63572
Iteration number -------- 140  -----------
lambda : 2.00024
max_diff => 0.0440359
------------------------normalized = 0.287511 ----------------
performed mixing
Frob norm 1 after updating U: 7.63561
200 iterations
f(b) = 61.3429
Frob norm 2 after updating B : 7.636
Iteration number -------- 141  -----------
lambda : 2.01024
max_diff => 0.0440311
------------------------normalized = 0.287522 ----------------
performed mixing
Frob norm 1 after updating U: 7.63592
200 iterations
f(b) = 61.3327
Frob norm 2 after updating B : 7.63736
Iteration number -------- 142  -----------
lambda : 2.02029
max_diff => 0.0440004
------------------------normalized = 0.287573 ----------------
performed mixing
Frob norm 1 after updating U: 7.63726
200 iterations
f(b) = 61.3421
Frob norm 2 after updating B : 7.63817
Iteration number -------- 143  -----------
lambda : 2.0304
max_diff => 0.0439813
------------------------normalized = 0.287604 ----------------
performed mixing
Frob norm 1 after updating U: 7.63804
200 iterations
f(b) = 61.1982
Frob norm 2 after updating B : 7.63822
Iteration number -------- 144  -----------
lambda : 2.04055
max_diff => 0.0439466
------------------------normalized = 0.287605 ----------------
performed mixing
Frob norm 1 after updating U: 7.63808
200 iterations
f(b) = 61.3769
Frob norm 2 after updating B : 7.64003
Iteration number -------- 145  -----------
lambda : 2.05075
max_diff => 0.0439304
------------------------normalized = 0.287674 ----------------
performed mixing
Frob norm 1 after updating U: 7.63985
200 iterations
f(b) = 61.426
Frob norm 2 after updating B : 7.64034
Iteration number -------- 146  -----------
lambda : 2.061
max_diff => 0.0439248
------------------------normalized = 0.287685 ----------------
performed mixing
Frob norm 1 after updating U: 7.64018
200 iterations
f(b) = 61.3706
Frob norm 2 after updating B : 7.64047
Iteration number -------- 147  -----------
lambda : 2.07131
max_diff => 0.0439194
------------------------normalized = 0.28769 ----------------
performed mixing
Frob norm 1 after updating U: 7.64036
200 iterations
f(b) = 61.4268
Frob norm 2 after updating B : 7.64193
Iteration number -------- 148  -----------
lambda : 2.08167
max_diff => 0.043885
------------------------normalized = 0.287745 ----------------
performed mixing
Frob norm 1 after updating U: 7.64168
200 iterations
f(b) = 61.4454
Frob norm 2 after updating B : 7.64209
Iteration number -------- 149  -----------
lambda : 2.09207
max_diff => 0.0438763
------------------------normalized = 0.287751 ----------------
performed mixing
Frob norm 1 after updating U: 7.6419
200 iterations
f(b) = 61.4666
Frob norm 2 after updating B : 7.64237
Iteration number -------- 150  -----------
lambda : 2.10253
max_diff => 0.0438681
------------------------normalized = 0.287762 ----------------
performed mixing
Frob norm 1 after updating U: 7.6422
200 iterations
f(b) = 61.4279
Frob norm 2 after updating B : 7.64285
Iteration number -------- 151  -----------
lambda : 2.11305
max_diff => 0.0438526
------------------------normalized = 0.28778 ----------------
performed mixing
Frob norm 1 after updating U: 7.64266
200 iterations
f(b) = 61.362
Frob norm 2 after updating B : 7.64337
Iteration number -------- 152  -----------
lambda : 2.12361
max_diff => 0.043839
------------------------normalized = 0.287799 ----------------
performed mixing
Frob norm 1 after updating U: 7.6432
200 iterations
f(b) = 61.4819
Frob norm 2 after updating B : 7.64378
Iteration number -------- 153  -----------
lambda : 2.13423
max_diff => 0.0438344
------------------------normalized = 0.287815 ----------------
performed mixing
Frob norm 1 after updating U: 7.64361
200 iterations
f(b) = 61.5126
Frob norm 2 after updating B : 7.64414
Iteration number -------- 154  -----------
lambda : 2.1449
max_diff => 0.0438258
------------------------normalized = 0.287828 ----------------
performed mixing
Frob norm 1 after updating U: 7.64398
200 iterations
f(b) = 61.5221
Frob norm 2 after updating B : 7.64425
Iteration number -------- 155  -----------
lambda : 2.15563
max_diff => 0.0438158
------------------------normalized = 0.287833 ----------------
performed mixing
Frob norm 1 after updating U: 7.6441
200 iterations
f(b) = 61.5733
Frob norm 2 after updating B : 7.6449
Iteration number -------- 156  -----------
lambda : 2.1664
max_diff => 0.0438064
------------------------normalized = 0.287857 ----------------
performed mixing
Frob norm 1 after updating U: 7.64473
200 iterations
f(b) = 61.538
Frob norm 2 after updating B : 7.64513
Iteration number -------- 157  -----------
lambda : 2.17724
max_diff => 0.0437962
------------------------normalized = 0.287866 ----------------
performed mixing
Frob norm 1 after updating U: 7.645
200 iterations
f(b) = 61.5739
Frob norm 2 after updating B : 7.64545
Iteration number -------- 158  -----------
lambda : 2.18812
max_diff => 0.0437885
------------------------normalized = 0.287878 ----------------
performed mixing
Frob norm 1 after updating U: 7.64535
200 iterations
f(b) = 61.609
Frob norm 2 after updating B : 7.6458
Iteration number -------- 159  -----------
lambda : 2.19906
max_diff => 0.0437844
------------------------normalized = 0.287891 ----------------
performed mixing
Frob norm 1 after updating U: 7.64569
200 iterations
f(b) = 61.4468
Frob norm 2 after updating B : 7.64615
Iteration number -------- 160  -----------
lambda : 2.21006
max_diff => 0.0437732
------------------------normalized = 0.287904 ----------------
performed mixing
Frob norm 1 after updating U: 7.646
200 iterations
f(b) = 61.5607
Frob norm 2 after updating B : 7.64666
Iteration number -------- 161  -----------
lambda : 2.22111
max_diff => 0.0437662
------------------------normalized = 0.287923 ----------------
performed mixing
Frob norm 1 after updating U: 7.64653
200 iterations
f(b) = 61.5027
Frob norm 2 after updating B : 7.64771
Iteration number -------- 162  -----------
lambda : 2.23221
max_diff => 0.0437338
------------------------normalized = 0.287963 ----------------
performed mixing
Frob norm 1 after updating U: 7.64751
200 iterations
f(b) = 61.5932
Frob norm 2 after updating B : 7.64828
Iteration number -------- 163  -----------
lambda : 2.24338
max_diff => 0.0437128
------------------------normalized = 0.287984 ----------------
performed mixing
Frob norm 1 after updating U: 7.64809
200 iterations
f(b) = 61.6496
Frob norm 2 after updating B : 7.6489
Iteration number -------- 164  -----------
lambda : 2.25459
max_diff => 0.0437038
------------------------normalized = 0.288008 ----------------
performed mixing
Frob norm 1 after updating U: 7.64868
200 iterations
f(b) = 61.6376
Frob norm 2 after updating B : 7.64929
Iteration number -------- 165  -----------
lambda : 2.26587
max_diff => 0.0436952
------------------------normalized = 0.288022 ----------------
performed mixing
Frob norm 1 after updating U: 7.64909
200 iterations
f(b) = 61.7031
Frob norm 2 after updating B : 7.64976
Iteration number -------- 166  -----------
lambda : 2.27719
max_diff => 0.0436844
------------------------normalized = 0.28804 ----------------
performed mixing
Frob norm 1 after updating U: 7.64956
200 iterations
f(b) = 61.7107
Frob norm 2 after updating B : 7.64994
Iteration number -------- 167  -----------
lambda : 2.28858
max_diff => 0.0436775
------------------------normalized = 0.288047 ----------------
performed mixing
Frob norm 1 after updating U: 7.64978
200 iterations
f(b) = 61.5436
Frob norm 2 after updating B : 7.651
Iteration number -------- 168  -----------
lambda : 2.30002
max_diff => 0.0436352
------------------------normalized = 0.288087 ----------------
performed mixing
Frob norm 1 after updating U: 7.65071
200 iterations
f(b) = 61.7118
Frob norm 2 after updating B : 7.65179
Iteration number -------- 169  -----------
lambda : 2.31152
max_diff => 0.0436265
------------------------normalized = 0.288116 ----------------
performed mixing
Frob norm 1 after updating U: 7.65155
200 iterations
f(b) = 61.7063
Frob norm 2 after updating B : 7.65272
Iteration number -------- 170  -----------
lambda : 2.32308
max_diff => 0.0436042
------------------------normalized = 0.288151 ----------------
performed mixing
Frob norm 1 after updating U: 7.65244
200 iterations
f(b) = 61.6904
Frob norm 2 after updating B : 7.65304
Iteration number -------- 171  -----------
lambda : 2.3347
max_diff => 0.0435971
------------------------normalized = 0.288164 ----------------
performed mixing
Frob norm 1 after updating U: 7.65276
200 iterations
f(b) = 61.7572
Frob norm 2 after updating B : 7.65347
Iteration number -------- 172  -----------
lambda : 2.34637
max_diff => 0.0435833
------------------------normalized = 0.28818 ----------------
performed mixing
Frob norm 1 after updating U: 7.65323
200 iterations
f(b) = 79.0297
Frob norm 2 after updating B : 7.68184
Iteration number -------- 173  -----------
lambda : 2.3581
max_diff => 0.196171
------------------------normalized = 0.289248 ----------------
performed mixing
Frob norm 1 after updating U: 7.64055
200 iterations
f(b) = 62.0627
Frob norm 2 after updating B : 7.65917
Iteration number -------- 174  -----------
lambda : 2.36989
max_diff => 0.0432866
------------------------normalized = 0.288394 ----------------
performed mixing
Frob norm 1 after updating U: 7.65502
200 iterations
f(b) = 61.8498
Frob norm 2 after updating B : 7.65683
Iteration number -------- 175  -----------
lambda : 2.38174
max_diff => 0.0432872
------------------------normalized = 0.288306 ----------------
performed mixing
Frob norm 1 after updating U: 7.65385
200 iterations
f(b) = 61.9438
Frob norm 2 after updating B : 7.65625
Iteration number -------- 176  -----------
lambda : 2.39365
max_diff => 0.0432862
------------------------normalized = 0.288284 ----------------
performed mixing
Frob norm 1 after updating U: 7.65405
200 iterations
f(b) = 61.9468
Frob norm 2 after updating B : 7.65602
Iteration number -------- 177  -----------
lambda : 2.40562
max_diff => 0.0432835
------------------------normalized = 0.288276 ----------------
performed mixing
Frob norm 1 after updating U: 7.65437
200 iterations
f(b) = 61.979
Frob norm 2 after updating B : 7.6558
Iteration number -------- 178  -----------
lambda : 2.41765
max_diff => 0.0432802
------------------------normalized = 0.288267 ----------------
performed mixing
Frob norm 1 after updating U: 7.65455
200 iterations
f(b) = 61.9793
Frob norm 2 after updating B : 7.65587
Iteration number -------- 179  -----------
lambda : 2.42974
max_diff => 0.043279
------------------------normalized = 0.28827 ----------------
performed mixing
Frob norm 1 after updating U: 7.6549
200 iterations
f(b) = 61.9494
Frob norm 2 after updating B : 7.65701
Iteration number -------- 180  -----------
lambda : 2.44188
max_diff => 0.0432512
------------------------normalized = 0.288313 ----------------
performed mixing
Frob norm 1 after updating U: 7.65607
200 iterations
f(b) = 62.0136
Frob norm 2 after updating B : 7.65697
Iteration number -------- 181  -----------
lambda : 2.45409
max_diff => 0.0432484
------------------------normalized = 0.288311 ----------------
performed mixing
Frob norm 1 after updating U: 7.65623
200 iterations
f(b) = 61.9346
Frob norm 2 after updating B : 7.65722
Iteration number -------- 182  -----------
lambda : 2.46636
max_diff => 0.0432426
------------------------normalized = 0.288321 ----------------
performed mixing
Frob norm 1 after updating U: 7.65664
200 iterations
f(b) = 61.8785
Frob norm 2 after updating B : 7.65759
Iteration number -------- 183  -----------
lambda : 2.4787
max_diff => 0.0432328
------------------------normalized = 0.288335 ----------------
performed mixing
Frob norm 1 after updating U: 7.65709
200 iterations
f(b) = 61.9221
Frob norm 2 after updating B : 7.65587
Iteration number -------- 184  -----------
lambda : 2.49109
max_diff => 0.0432146
------------------------normalized = 0.28827 ----------------
performed mixing
Frob norm 1 after updating U: 7.65535
200 iterations
f(b) = 61.9938
Frob norm 2 after updating B : 7.65982
Iteration number -------- 185  -----------
lambda : 2.50354
max_diff => 0.0431972
------------------------normalized = 0.288419 ----------------
performed mixing
Frob norm 1 after updating U: 7.65932
200 iterations
f(b) = 61.959
Frob norm 2 after updating B : 7.66124
Iteration number -------- 186  -----------
lambda : 2.51606
max_diff => 0.0431824
------------------------normalized = 0.288472 ----------------
performed mixing
Frob norm 1 after updating U: 7.6607
200 iterations
f(b) = 62.0443
Frob norm 2 after updating B : 7.66137
Iteration number -------- 187  -----------
lambda : 2.52864
max_diff => 0.0431779
------------------------normalized = 0.288477 ----------------
performed mixing
Frob norm 1 after updating U: 7.66093
200 iterations
f(b) = 62.0249
Frob norm 2 after updating B : 7.66175
Iteration number -------- 188  -----------
lambda : 2.54129
max_diff => 0.0431703
------------------------normalized = 0.288492 ----------------
performed mixing
Frob norm 1 after updating U: 7.66139
200 iterations
f(b) = 62.0391
Frob norm 2 after updating B : 7.6627
Iteration number -------- 189  -----------
lambda : 2.55399
max_diff => 0.0431537
------------------------normalized = 0.288527 ----------------
performed mixing
Frob norm 1 after updating U: 7.66231
200 iterations
f(b) = 62.0816
Frob norm 2 after updating B : 7.66297
Iteration number -------- 190  -----------
lambda : 2.56676
max_diff => 0.0431499
------------------------normalized = 0.288537 ----------------
performed mixing
Frob norm 1 after updating U: 7.66265
200 iterations
f(b) = 62.0486
Frob norm 2 after updating B : 7.66358
Iteration number -------- 191  -----------
lambda : 2.5796
max_diff => 0.0431377
------------------------normalized = 0.28856 ----------------
performed mixing
Frob norm 1 after updating U: 7.66328
200 iterations
f(b) = 61.9833
Frob norm 2 after updating B : 7.66542
Iteration number -------- 192  -----------
lambda : 2.59249
max_diff => 0.0430655
------------------------normalized = 0.28863 ----------------
performed mixing
Frob norm 1 after updating U: 7.66357
200 iterations
f(b) = 62.022
Frob norm 2 after updating B : 7.66917
Iteration number -------- 193  -----------
lambda : 2.60546
max_diff => 0.0430353
------------------------normalized = 0.288771 ----------------
performed mixing
Frob norm 1 after updating U: 7.66801
200 iterations
f(b) = 62.0705
Frob norm 2 after updating B : 7.66942
Iteration number -------- 194  -----------
lambda : 2.61848
max_diff => 0.0430302
------------------------normalized = 0.28878 ----------------
performed mixing
Frob norm 1 after updating U: 7.66856
200 iterations
f(b) = 62.0924
Frob norm 2 after updating B : 7.66977
Iteration number -------- 195  -----------
lambda : 2.63158
max_diff => 0.043021
------------------------normalized = 0.288793 ----------------
performed mixing
Frob norm 1 after updating U: 7.66912
200 iterations
f(b) = 62.0706
Frob norm 2 after updating B : 7.67021
Iteration number -------- 196  -----------
lambda : 2.64473
max_diff => 0.0430115
------------------------normalized = 0.28881 ----------------
performed mixing
Frob norm 1 after updating U: 7.6697
200 iterations
f(b) = 62.078
Frob norm 2 after updating B : 7.67063
Iteration number -------- 197  -----------
lambda : 2.65796
max_diff => 0.043002
------------------------normalized = 0.288826 ----------------
performed mixing
Frob norm 1 after updating U: 7.6702
200 iterations
f(b) = 62.0839
Frob norm 2 after updating B : 7.67124
Iteration number -------- 198  -----------
lambda : 2.67125
max_diff => 0.0429949
------------------------normalized = 0.288849 ----------------
performed mixing
Frob norm 1 after updating U: 7.67088
200 iterations
f(b) = 62.0782
Frob norm 2 after updating B : 7.67201
Iteration number -------- 199  -----------
lambda : 2.6846
max_diff => 0.042985
------------------------normalized = 0.288878 ----------------
performed mixing
Frob norm 1 after updating U: 7.67164
200 iterations
f(b) = 61.9906
Frob norm 2 after updating B : 7.6728
Iteration number -------- 200  -----------
lambda : 2.69803
max_diff => 0.0429664
------------------------normalized = 0.288907 ----------------
