performing filtering
Academic license - for non-commercial use only
Frob norm 1 after updating U: 26.3669
200 iterations
f(b) = 211.367
Frob norm 2 after updating B : 14.0151
Iteration number -------- 1  -----------
lambda : 1
max_diff => 0.201964
------------------------normalized = 0.527716 ----------------
performed mixing
Frob norm 1 after updating U: 10.383
200 iterations
f(b) = 174.97
Frob norm 2 after updating B : 12.7081
Iteration number -------- 2  -----------
lambda : 1.005
max_diff => 0.205556
------------------------normalized = 0.478506 ----------------
performed mixing
Frob norm 1 after updating U: 9.49386
200 iterations
f(b) = 146.035
Frob norm 2 after updating B : 11.613
Iteration number -------- 3  -----------
lambda : 1.01002
max_diff => 0.217996
------------------------normalized = 0.437268 ----------------
performed mixing
Frob norm 1 after updating U: 8.72343
200 iterations
f(b) = 121.955
Frob norm 2 after updating B : 10.699
Iteration number -------- 4  -----------
lambda : 1.01508
max_diff => 0.147075
------------------------normalized = 0.402853 ----------------
performed mixing
Frob norm 1 after updating U: 8.04395
200 iterations
f(b) = 103.593
Frob norm 2 after updating B : 9.90337
Iteration number -------- 5  -----------
lambda : 1.02015
max_diff => 0.139991
------------------------normalized = 0.372896 ----------------
performed mixing
Frob norm 1 after updating U: 7.66844
200 iterations
f(b) = 90.0748
Frob norm 2 after updating B : 9.2181
Iteration number -------- 6  -----------
lambda : 1.02525
max_diff => 0.133589
------------------------normalized = 0.347093 ----------------
performed mixing
Frob norm 1 after updating U: 7.49762
200 iterations
f(b) = 80.2884
Frob norm 2 after updating B : 8.67939
Iteration number -------- 7  -----------
lambda : 1.03038
max_diff => 0.137494
------------------------normalized = 0.326809 ----------------
performed mixing
Frob norm 1 after updating U: 7.34884
200 iterations
f(b) = 73.0934
Frob norm 2 after updating B : 8.24275
Iteration number -------- 8  -----------
lambda : 1.03553
max_diff => 0.136143
------------------------normalized = 0.310368 ----------------
performed mixing
Frob norm 1 after updating U: 7.27067
200 iterations
f(b) = 67.8241
Frob norm 2 after updating B : 7.91789
Iteration number -------- 9  -----------
lambda : 1.04071
max_diff => 0.133708
------------------------normalized = 0.298136 ----------------
performed mixing
Frob norm 1 after updating U: 7.21173
200 iterations
f(b) = 64.3521
Frob norm 2 after updating B : 7.67424
Iteration number -------- 10  -----------
lambda : 1.04591
max_diff => 0.144374
------------------------normalized = 0.288962 ----------------
performed mixing
Frob norm 1 after updating U: 7.17027
200 iterations
f(b) = 61.7588
Frob norm 2 after updating B : 7.49981
Iteration number -------- 11  -----------
lambda : 1.05114
max_diff => 0.143084
------------------------normalized = 0.282394 ----------------
performed mixing
Frob norm 1 after updating U: 7.12767
200 iterations
f(b) = 59.9505
Frob norm 2 after updating B : 7.37387
Iteration number -------- 12  -----------
lambda : 1.0564
max_diff => 0.134081
------------------------normalized = 0.277652 ----------------
performed mixing
Frob norm 1 after updating U: 7.10223
200 iterations
f(b) = 58.6578
Frob norm 2 after updating B : 7.28436
Iteration number -------- 13  -----------
lambda : 1.06168
max_diff => 0.122303
------------------------normalized = 0.274281 ----------------
performed mixing
Frob norm 1 after updating U: 7.08476
200 iterations
f(b) = 57.5912
Frob norm 2 after updating B : 7.22115
Iteration number -------- 14  -----------
lambda : 1.06699
max_diff => 0.106233
------------------------normalized = 0.271901 ----------------
performed mixing
Frob norm 1 after updating U: 7.0625
200 iterations
f(b) = 56.9098
Frob norm 2 after updating B : 7.17142
Iteration number -------- 15  -----------
lambda : 1.07232
max_diff => 0.103679
------------------------normalized = 0.270029 ----------------
performed mixing
Frob norm 1 after updating U: 7.05717
200 iterations
f(b) = 56.3991
Frob norm 2 after updating B : 7.13674
Iteration number -------- 16  -----------
lambda : 1.07768
max_diff => 0.10034
------------------------normalized = 0.268723 ----------------
performed mixing
Frob norm 1 after updating U: 7.0515
200 iterations
f(b) = 55.9794
Frob norm 2 after updating B : 7.11207
Iteration number -------- 17  -----------
lambda : 1.08307
max_diff => 0.0954983
------------------------normalized = 0.267794 ----------------
performed mixing
Frob norm 1 after updating U: 7.04492
200 iterations
f(b) = 55.578
Frob norm 2 after updating B : 7.09308
Iteration number -------- 18  -----------
lambda : 1.08849
max_diff => 0.0893333
------------------------normalized = 0.267079 ----------------
performed mixing
Frob norm 1 after updating U: 7.03721
200 iterations
f(b) = 55.2159
Frob norm 2 after updating B : 7.07952
Iteration number -------- 19  -----------
lambda : 1.09393
max_diff => 0.0826811
------------------------normalized = 0.266568 ----------------
performed mixing
Frob norm 1 after updating U: 7.03087
200 iterations
f(b) = 54.9536
Frob norm 2 after updating B : 7.06544
Iteration number -------- 20  -----------
lambda : 1.0994
max_diff => 0.0799399
------------------------normalized = 0.266038 ----------------
performed mixing
Frob norm 1 after updating U: 7.02788
200 iterations
f(b) = 54.742
Frob norm 2 after updating B : 7.0577
Iteration number -------- 21  -----------
lambda : 1.1049
max_diff => 0.0746011
------------------------normalized = 0.265747 ----------------
performed mixing
Frob norm 1 after updating U: 7.0235
200 iterations
f(b) = 54.5195
Frob norm 2 after updating B : 7.04502
Iteration number -------- 22  -----------
lambda : 1.11042
max_diff => 0.070988
------------------------normalized = 0.265269 ----------------
performed mixing
Frob norm 1 after updating U: 7.01708
200 iterations
f(b) = 54.3148
Frob norm 2 after updating B : 7.03692
Iteration number -------- 23  -----------
lambda : 1.11597
max_diff => 0.0703525
------------------------normalized = 0.264964 ----------------
performed mixing
Frob norm 1 after updating U: 7.0162
200 iterations
f(b) = 54.2717
Frob norm 2 after updating B : 7.03137
Iteration number -------- 24  -----------
lambda : 1.12155
max_diff => 0.0698724
------------------------normalized = 0.264755 ----------------
performed mixing
Frob norm 1 after updating U: 7.01588
200 iterations
f(b) = 54.0757
Frob norm 2 after updating B : 7.03399
Iteration number -------- 25  -----------
lambda : 1.12716
max_diff => 0.0623711
------------------------normalized = 0.264854 ----------------
performed mixing
Frob norm 1 after updating U: 7.00973
200 iterations
f(b) = 53.7235
Frob norm 2 after updating B : 7.01956
Iteration number -------- 26  -----------
lambda : 1.1328
max_diff => 0.0622425
------------------------normalized = 0.264311 ----------------
performed mixing
Frob norm 1 after updating U: 6.99989
200 iterations
f(b) = 53.6215
Frob norm 2 after updating B : 7.01681
Iteration number -------- 27  -----------
lambda : 1.13846
max_diff => 0.0622767
------------------------normalized = 0.264207 ----------------
performed mixing
Frob norm 1 after updating U: 6.99829
200 iterations
f(b) = 53.5849
Frob norm 2 after updating B : 7.01133
Iteration number -------- 28  -----------
lambda : 1.14415
max_diff => 0.0622798
------------------------normalized = 0.264001 ----------------
performed mixing
Frob norm 1 after updating U: 6.99805
200 iterations
f(b) = 53.4583
Frob norm 2 after updating B : 7.00813
Iteration number -------- 29  -----------
lambda : 1.14987
max_diff => 0.0623368
------------------------normalized = 0.26388 ----------------
performed mixing
Frob norm 1 after updating U: 6.99362
200 iterations
f(b) = 53.4235
Frob norm 2 after updating B : 7.00413
Iteration number -------- 30  -----------
lambda : 1.15562
max_diff => 0.0623362
------------------------normalized = 0.26373 ----------------
performed mixing
Frob norm 1 after updating U: 6.99362
200 iterations
f(b) = 53.0328
Frob norm 2 after updating B : 7.00949
Iteration number -------- 31  -----------
lambda : 1.1614
max_diff => 0.0622724
------------------------normalized = 0.263931 ----------------
performed mixing
Frob norm 1 after updating U: 6.99617
200 iterations
f(b) = 52.8964
Frob norm 2 after updating B : 6.9971
Iteration number -------- 32  -----------
lambda : 1.16721
max_diff => 0.062227
------------------------normalized = 0.263465 ----------------
performed mixing
Frob norm 1 after updating U: 6.98745
200 iterations
f(b) = 52.9293
Frob norm 2 after updating B : 6.99434
Iteration number -------- 33  -----------
lambda : 1.17304
max_diff => 0.0622276
------------------------normalized = 0.263361 ----------------
performed mixing
Frob norm 1 after updating U: 6.98746
200 iterations
f(b) = 52.918
Frob norm 2 after updating B : 6.99248
Iteration number -------- 34  -----------
lambda : 1.17891
max_diff => 0.0622285
------------------------normalized = 0.263291 ----------------
performed mixing
Frob norm 1 after updating U: 6.98745
200 iterations
f(b) = 52.8514
Frob norm 2 after updating B : 6.99115
Iteration number -------- 35  -----------
lambda : 1.1848
max_diff => 0.0622286
------------------------normalized = 0.263241 ----------------
performed mixing
Frob norm 1 after updating U: 6.98732
200 iterations
f(b) = 52.8698
Frob norm 2 after updating B : 6.99037
Iteration number -------- 36  -----------
lambda : 1.19073
max_diff => 0.0622284
------------------------normalized = 0.263212 ----------------
performed mixing
Frob norm 1 after updating U: 6.98739
200 iterations
f(b) = 52.9118
Frob norm 2 after updating B : 6.98978
Iteration number -------- 37  -----------
lambda : 1.19668
max_diff => 0.062228
------------------------normalized = 0.263189 ----------------
performed mixing
Frob norm 1 after updating U: 6.9875
200 iterations
f(b) = 52.6502
Frob norm 2 after updating B : 7.00009
Iteration number -------- 38  -----------
lambda : 1.20266
max_diff => 0.0621847
------------------------normalized = 0.263577 ----------------
performed mixing
Frob norm 1 after updating U: 6.99535
200 iterations
f(b) = 52.704
Frob norm 2 after updating B : 6.99762
Iteration number -------- 39  -----------
lambda : 1.20868
max_diff => 0.0621852
------------------------normalized = 0.263485 ----------------
performed mixing
Frob norm 1 after updating U: 6.99417
200 iterations
f(b) = 52.7089
Frob norm 2 after updating B : 6.99593
Iteration number -------- 40  -----------
lambda : 1.21472
max_diff => 0.0621847
------------------------normalized = 0.263421 ----------------
performed mixing
Frob norm 1 after updating U: 6.99338
200 iterations
f(b) = 52.6788
Frob norm 2 after updating B : 6.99488
Iteration number -------- 41  -----------
lambda : 1.22079
max_diff => 0.0621829
------------------------normalized = 0.263381 ----------------
performed mixing
Frob norm 1 after updating U: 6.99294
200 iterations
f(b) = 52.7054
Frob norm 2 after updating B : 6.99459
Iteration number -------- 42  -----------
lambda : 1.2269
max_diff => 0.0621819
------------------------normalized = 0.263371 ----------------
performed mixing
Frob norm 1 after updating U: 6.99312
200 iterations
f(b) = 52.7303
Frob norm 2 after updating B : 6.9942
Iteration number -------- 43  -----------
lambda : 1.23303
max_diff => 0.0621801
------------------------normalized = 0.263356 ----------------
performed mixing
Frob norm 1 after updating U: 6.99305
200 iterations
f(b) = 52.7257
Frob norm 2 after updating B : 6.99387
Iteration number -------- 44  -----------
lambda : 1.2392
max_diff => 0.0621778
------------------------normalized = 0.263343 ----------------
performed mixing
Frob norm 1 after updating U: 6.9929
200 iterations
f(b) = 52.7733
Frob norm 2 after updating B : 6.9937
Iteration number -------- 45  -----------
lambda : 1.24539
max_diff => 0.0621765
------------------------normalized = 0.263337 ----------------
performed mixing
Frob norm 1 after updating U: 6.99291
200 iterations
f(b) = 52.731
Frob norm 2 after updating B : 6.99369
Iteration number -------- 46  -----------
lambda : 1.25162
max_diff => 0.0621736
------------------------normalized = 0.263336 ----------------
performed mixing
Frob norm 1 after updating U: 6.99301
200 iterations
f(b) = 52.7851
Frob norm 2 after updating B : 6.99363
Iteration number -------- 47  -----------
lambda : 1.25788
max_diff => 0.0621716
------------------------normalized = 0.263334 ----------------
performed mixing
Frob norm 1 after updating U: 6.99309
200 iterations
f(b) = 52.7369
Frob norm 2 after updating B : 6.99379
Iteration number -------- 48  -----------
lambda : 1.26417
max_diff => 0.0621679
------------------------normalized = 0.26334 ----------------
performed mixing
Frob norm 1 after updating U: 6.99326
200 iterations
f(b) = 52.8206
Frob norm 2 after updating B : 6.99388
Iteration number -------- 49  -----------
lambda : 1.27049
max_diff => 0.0621659
------------------------normalized = 0.263344 ----------------
performed mixing
Frob norm 1 after updating U: 6.9934
200 iterations
f(b) = 52.82
Frob norm 2 after updating B : 6.99407
Iteration number -------- 50  -----------
lambda : 1.27684
max_diff => 0.0621627
------------------------normalized = 0.263351 ----------------
performed mixing
Frob norm 1 after updating U: 6.99361
200 iterations
f(b) = 52.6999
Frob norm 2 after updating B : 7.00045
Iteration number -------- 51  -----------
lambda : 1.28323
max_diff => 0.0620898
------------------------normalized = 0.263591 ----------------
performed mixing
Frob norm 1 after updating U: 6.99896
200 iterations
f(b) = 52.7903
Frob norm 2 after updating B : 7.0001
Iteration number -------- 52  -----------
lambda : 1.28964
max_diff => 0.062089
------------------------normalized = 0.263578 ----------------
performed mixing
Frob norm 1 after updating U: 6.999
200 iterations
f(b) = 52.8079
Frob norm 2 after updating B : 6.99986
Iteration number -------- 53  -----------
lambda : 1.29609
max_diff => 0.062088
------------------------normalized = 0.263569 ----------------
performed mixing
Frob norm 1 after updating U: 6.99904
200 iterations
f(b) = 52.7527
Frob norm 2 after updating B : 6.99992
Iteration number -------- 54  -----------
lambda : 1.30257
max_diff => 0.0620835
------------------------normalized = 0.263571 ----------------
performed mixing
Frob norm 1 after updating U: 6.99926
200 iterations
f(b) = 52.8485
Frob norm 2 after updating B : 6.99999
Iteration number -------- 55  -----------
lambda : 1.30908
max_diff => 0.0620823
------------------------normalized = 0.263574 ----------------
performed mixing
Frob norm 1 after updating U: 6.99945
200 iterations
f(b) = 52.8538
Frob norm 2 after updating B : 7.00005
Iteration number -------- 56  -----------
lambda : 1.31563
max_diff => 0.0620802
------------------------normalized = 0.263576 ----------------
performed mixing
Frob norm 1 after updating U: 6.99961
200 iterations
f(b) = 52.8747
Frob norm 2 after updating B : 7.00014
Iteration number -------- 57  -----------
lambda : 1.32221
max_diff => 0.0620783
------------------------normalized = 0.263579 ----------------
performed mixing
Frob norm 1 after updating U: 6.99977
200 iterations
f(b) = 52.8907
Frob norm 2 after updating B : 7.00016
Iteration number -------- 58  -----------
lambda : 1.32882
max_diff => 0.0620761
------------------------normalized = 0.26358 ----------------
performed mixing
Frob norm 1 after updating U: 6.99987
200 iterations
f(b) = 52.9041
Frob norm 2 after updating B : 7.00039
Iteration number -------- 59  -----------
lambda : 1.33546
max_diff => 0.0620738
------------------------normalized = 0.263589 ----------------
performed mixing
Frob norm 1 after updating U: 7.00013
200 iterations
f(b) = 52.8587
Frob norm 2 after updating B : 7.00064
Iteration number -------- 60  -----------
lambda : 1.34214
max_diff => 0.0620702
------------------------normalized = 0.263598 ----------------
performed mixing
Frob norm 1 after updating U: 7.00038
200 iterations
f(b) = 52.9175
Frob norm 2 after updating B : 7.00126
Iteration number -------- 61  -----------
lambda : 1.34885
max_diff => 0.0620647
------------------------normalized = 0.263622 ----------------
performed mixing
Frob norm 1 after updating U: 7.00098
200 iterations
f(b) = 52.9499
Frob norm 2 after updating B : 7.00154
Iteration number -------- 62  -----------
lambda : 1.35559
max_diff => 0.0620618
------------------------normalized = 0.263632 ----------------
performed mixing
Frob norm 1 after updating U: 7.00128
200 iterations
f(b) = 52.92
Frob norm 2 after updating B : 7.00198
Iteration number -------- 63  -----------
lambda : 1.36237
max_diff => 0.0620564
------------------------normalized = 0.263649 ----------------
performed mixing
Frob norm 1 after updating U: 7.00172
200 iterations
f(b) = 52.9563
Frob norm 2 after updating B : 7.00228
Iteration number -------- 64  -----------
lambda : 1.36918
max_diff => 0.0620535
------------------------normalized = 0.26366 ----------------
performed mixing
Frob norm 1 after updating U: 7.00202
200 iterations
f(b) = 53.004
Frob norm 2 after updating B : 7.00279
Iteration number -------- 65  -----------
lambda : 1.37603
max_diff => 0.0620499
------------------------normalized = 0.263679 ----------------
performed mixing
Frob norm 1 after updating U: 7.0025
200 iterations
f(b) = 53.0132
Frob norm 2 after updating B : 7.00327
Iteration number -------- 66  -----------
lambda : 1.38291
max_diff => 0.0620461
------------------------normalized = 0.263697 ----------------
performed mixing
Frob norm 1 after updating U: 7.00296
200 iterations
f(b) = 53.0414
Frob norm 2 after updating B : 7.00376
Iteration number -------- 67  -----------
lambda : 1.38982
max_diff => 0.0620429
------------------------normalized = 0.263716 ----------------
performed mixing
Frob norm 1 after updating U: 7.00341
200 iterations
f(b) = 53.078
Frob norm 2 after updating B : 7.00399
Iteration number -------- 68  -----------
lambda : 1.39677
max_diff => 0.0620405
------------------------normalized = 0.263724 ----------------
performed mixing
Frob norm 1 after updating U: 7.00367
200 iterations
f(b) = 53.0734
Frob norm 2 after updating B : 7.00434
Iteration number -------- 69  -----------
lambda : 1.40376
max_diff => 0.0620378
------------------------normalized = 0.263738 ----------------
performed mixing
Frob norm 1 after updating U: 7.00404
200 iterations
f(b) = 53.0774
Frob norm 2 after updating B : 7.00472
Iteration number -------- 70  -----------
lambda : 1.41078
max_diff => 0.0620336
------------------------normalized = 0.263752 ----------------
performed mixing
Frob norm 1 after updating U: 7.00444
200 iterations
f(b) = 53.1026
Frob norm 2 after updating B : 7.0051
Iteration number -------- 71  -----------
lambda : 1.41783
max_diff => 0.062031
------------------------normalized = 0.263766 ----------------
performed mixing
Frob norm 1 after updating U: 7.0048
200 iterations
f(b) = 53.126
Frob norm 2 after updating B : 7.00549
Iteration number -------- 72  -----------
lambda : 1.42492
max_diff => 0.0620262
------------------------normalized = 0.263781 ----------------
performed mixing
Frob norm 1 after updating U: 7.00523
200 iterations
f(b) = 53.15
Frob norm 2 after updating B : 7.00604
Iteration number -------- 73  -----------
lambda : 1.43204
max_diff => 0.0620211
------------------------normalized = 0.263801 ----------------
performed mixing
Frob norm 1 after updating U: 7.00575
200 iterations
f(b) = 53.1629
Frob norm 2 after updating B : 7.00652
Iteration number -------- 74  -----------
lambda : 1.4392
max_diff => 0.0620183
------------------------normalized = 0.26382 ----------------
performed mixing
Frob norm 1 after updating U: 7.00623
200 iterations
f(b) = 53.2076
Frob norm 2 after updating B : 7.0068
Iteration number -------- 75  -----------
lambda : 1.4464
max_diff => 0.0620157
------------------------normalized = 0.26383 ----------------
performed mixing
Frob norm 1 after updating U: 7.00652
200 iterations
f(b) = 53.187
Frob norm 2 after updating B : 7.00749
Iteration number -------- 76  -----------
lambda : 1.45363
max_diff => 0.0620106
------------------------normalized = 0.263856 ----------------
performed mixing
Frob norm 1 after updating U: 7.00717
200 iterations
f(b) = 53.1787
Frob norm 2 after updating B : 7.00861
Iteration number -------- 77  -----------
lambda : 1.4609
max_diff => 0.0620045
------------------------normalized = 0.263898 ----------------
performed mixing
Frob norm 1 after updating U: 7.00816
200 iterations
f(b) = 53.2464
Frob norm 2 after updating B : 7.00919
Iteration number -------- 78  -----------
lambda : 1.46821
max_diff => 0.0619996
------------------------normalized = 0.26392 ----------------
performed mixing
Frob norm 1 after updating U: 7.00873
200 iterations
f(b) = 53.2444
Frob norm 2 after updating B : 7.00958
Iteration number -------- 79  -----------
lambda : 1.47555
max_diff => 0.0619952
------------------------normalized = 0.263935 ----------------
performed mixing
Frob norm 1 after updating U: 7.00917
200 iterations
f(b) = 53.2614
Frob norm 2 after updating B : 7.01012
Iteration number -------- 80  -----------
lambda : 1.48292
max_diff => 0.0619907
------------------------normalized = 0.263955 ----------------
performed mixing
Frob norm 1 after updating U: 7.00973
200 iterations
f(b) = 53.2828
Frob norm 2 after updating B : 7.01082
Iteration number -------- 81  -----------
lambda : 1.49034
max_diff => 0.0619852
------------------------normalized = 0.263982 ----------------
performed mixing
Frob norm 1 after updating U: 7.0104
200 iterations
f(b) = 53.3018
Frob norm 2 after updating B : 7.01154
Iteration number -------- 82  -----------
lambda : 1.49779
max_diff => 0.0619816
------------------------normalized = 0.264009 ----------------
performed mixing
Frob norm 1 after updating U: 7.01113
200 iterations
f(b) = 53.3356
Frob norm 2 after updating B : 7.01213
Iteration number -------- 83  -----------
lambda : 1.50528
max_diff => 0.0619769
------------------------normalized = 0.264031 ----------------
performed mixing
Frob norm 1 after updating U: 7.01171
200 iterations
f(b) = 53.301
Frob norm 2 after updating B : 7.01266
Iteration number -------- 84  -----------
lambda : 1.51281
max_diff => 0.061971
------------------------normalized = 0.264051 ----------------
performed mixing
Frob norm 1 after updating U: 7.01229
200 iterations
f(b) = 53.3288
Frob norm 2 after updating B : 7.01298
Iteration number -------- 85  -----------
lambda : 1.52037
max_diff => 0.0619677
------------------------normalized = 0.264063 ----------------
performed mixing
Frob norm 1 after updating U: 7.01267
200 iterations
f(b) = 53.3628
Frob norm 2 after updating B : 7.01337
Iteration number -------- 86  -----------
lambda : 1.52797
max_diff => 0.0619637
------------------------normalized = 0.264078 ----------------
performed mixing
Frob norm 1 after updating U: 7.0131
200 iterations
f(b) = 53.303
Frob norm 2 after updating B : 7.02762
Iteration number -------- 87  -----------
lambda : 1.53561
max_diff => 0.0618493
------------------------normalized = 0.264614 ----------------
performed mixing
Frob norm 1 after updating U: 7.02554
200 iterations
f(b) = 53.3853
Frob norm 2 after updating B : 7.02717
Iteration number -------- 88  -----------
lambda : 1.54329
max_diff => 0.0618467
------------------------normalized = 0.264597 ----------------
performed mixing
Frob norm 1 after updating U: 7.02566
200 iterations
f(b) = 53.368
Frob norm 2 after updating B : 7.02703
Iteration number -------- 89  -----------
lambda : 1.55101
max_diff => 0.0618443
------------------------normalized = 0.264592 ----------------
performed mixing
Frob norm 1 after updating U: 7.02591
200 iterations
f(b) = 53.2581
Frob norm 2 after updating B : 7.02691
Iteration number -------- 90  -----------
lambda : 1.55876
max_diff => 0.0618397
------------------------normalized = 0.264587 ----------------
performed mixing
Frob norm 1 after updating U: 7.02604
200 iterations
f(b) = 53.4062
Frob norm 2 after updating B : 7.02722
Iteration number -------- 91  -----------
lambda : 1.56655
max_diff => 0.0618352
------------------------normalized = 0.264599 ----------------
performed mixing
Frob norm 1 after updating U: 7.02653
200 iterations
f(b) = 53.4204
Frob norm 2 after updating B : 7.02762
Iteration number -------- 92  -----------
lambda : 1.57439
max_diff => 0.0618283
------------------------normalized = 0.264614 ----------------
performed mixing
Frob norm 1 after updating U: 7.02701
200 iterations
f(b) = 53.4482
Frob norm 2 after updating B : 7.0277
Iteration number -------- 93  -----------
lambda : 1.58226
max_diff => 0.0618264
------------------------normalized = 0.264617 ----------------
performed mixing
Frob norm 1 after updating U: 7.02719
200 iterations
f(b) = 53.3843
Frob norm 2 after updating B : 7.02818
Iteration number -------- 94  -----------
lambda : 1.59017
max_diff => 0.0618196
------------------------normalized = 0.264635 ----------------
performed mixing
Frob norm 1 after updating U: 7.02769
200 iterations
f(b) = 53.4711
Frob norm 2 after updating B : 7.02862
Iteration number -------- 95  -----------
lambda : 1.59812
max_diff => 0.0618136
------------------------normalized = 0.264652 ----------------
performed mixing
Frob norm 1 after updating U: 7.02816
200 iterations
f(b) = 53.458
Frob norm 2 after updating B : 7.03009
Iteration number -------- 96  -----------
lambda : 1.60611
max_diff => 0.0617992
------------------------normalized = 0.264707 ----------------
performed mixing
Frob norm 1 after updating U: 7.02938
200 iterations
f(b) = 53.4389
Frob norm 2 after updating B : 7.03051
Iteration number -------- 97  -----------
lambda : 1.61414
max_diff => 0.0617882
------------------------normalized = 0.264723 ----------------
performed mixing
Frob norm 1 after updating U: 7.02991
200 iterations
f(b) = 53.491
Frob norm 2 after updating B : 7.03115
Iteration number -------- 98  -----------
lambda : 1.62221
max_diff => 0.0617799
------------------------normalized = 0.264747 ----------------
performed mixing
Frob norm 1 after updating U: 7.03063
200 iterations
f(b) = 53.5246
Frob norm 2 after updating B : 7.03156
Iteration number -------- 99  -----------
lambda : 1.63032
max_diff => 0.0617731
------------------------normalized = 0.264763 ----------------
performed mixing
Frob norm 1 after updating U: 7.03109
200 iterations
f(b) = 53.5288
Frob norm 2 after updating B : 7.03191
Iteration number -------- 100  -----------
lambda : 1.63848
max_diff => 0.0617671
------------------------normalized = 0.264776 ----------------
performed mixing
Frob norm 1 after updating U: 7.0315
200 iterations
f(b) = 53.5835
Frob norm 2 after updating B : 7.03237
Iteration number -------- 101  -----------
lambda : 1.64667
max_diff => 0.0617608
------------------------normalized = 0.264793 ----------------
performed mixing
Frob norm 1 after updating U: 7.03201
200 iterations
f(b) = 53.5551
Frob norm 2 after updating B : 7.03284
Iteration number -------- 102  -----------
lambda : 1.6549
max_diff => 0.0617551
------------------------normalized = 0.264811 ----------------
performed mixing
Frob norm 1 after updating U: 7.03249
200 iterations
f(b) = 53.5952
Frob norm 2 after updating B : 7.03398
Iteration number -------- 103  -----------
lambda : 1.66318
max_diff => 0.0617419
------------------------normalized = 0.264854 ----------------
performed mixing
Frob norm 1 after updating U: 7.03349
200 iterations
f(b) = 53.6044
Frob norm 2 after updating B : 7.03489
Iteration number -------- 104  -----------
lambda : 1.67149
max_diff => 0.0617276
------------------------normalized = 0.264888 ----------------
performed mixing
Frob norm 1 after updating U: 7.03442
200 iterations
f(b) = 53.5993
Frob norm 2 after updating B : 7.03574
Iteration number -------- 105  -----------
lambda : 1.67985
max_diff => 0.0617167
------------------------normalized = 0.26492 ----------------
performed mixing
Frob norm 1 after updating U: 7.03523
200 iterations
f(b) = 53.643
Frob norm 2 after updating B : 7.03618
Iteration number -------- 106  -----------
lambda : 1.68825
max_diff => 0.0617098
------------------------normalized = 0.264937 ----------------
performed mixing
Frob norm 1 after updating U: 7.03575
200 iterations
f(b) = 53.6565
Frob norm 2 after updating B : 7.03649
Iteration number -------- 107  -----------
lambda : 1.69669
max_diff => 0.0617048
------------------------normalized = 0.264948 ----------------
performed mixing
Frob norm 1 after updating U: 7.03608
200 iterations
f(b) = 53.6981
Frob norm 2 after updating B : 7.03703
Iteration number -------- 108  -----------
lambda : 1.70517
max_diff => 0.0616988
------------------------normalized = 0.264969 ----------------
performed mixing
Frob norm 1 after updating U: 7.03663
200 iterations
f(b) = 53.6693
Frob norm 2 after updating B : 7.03729
Iteration number -------- 109  -----------
lambda : 1.7137
max_diff => 0.0616931
------------------------normalized = 0.264978 ----------------
performed mixing
Frob norm 1 after updating U: 7.03694
200 iterations
f(b) = 53.7208
Frob norm 2 after updating B : 7.03794
Iteration number -------- 110  -----------
lambda : 1.72227
max_diff => 0.061685
------------------------normalized = 0.265003 ----------------
performed mixing
Frob norm 1 after updating U: 7.03757
200 iterations
f(b) = 53.7423
Frob norm 2 after updating B : 7.03833
Iteration number -------- 111  -----------
lambda : 1.73088
max_diff => 0.0616789
------------------------normalized = 0.265018 ----------------
performed mixing
Frob norm 1 after updating U: 7.03797
200 iterations
f(b) = 53.6461
Frob norm 2 after updating B : 7.03885
Iteration number -------- 112  -----------
lambda : 1.73953
max_diff => 0.0616702
------------------------normalized = 0.265037 ----------------
performed mixing
Frob norm 1 after updating U: 7.03849
200 iterations
f(b) = 53.6988
Frob norm 2 after updating B : 7.04742
Iteration number -------- 113  -----------
lambda : 1.74823
max_diff => 0.0615575
------------------------normalized = 0.26536 ----------------
performed mixing
Frob norm 1 after updating U: 7.04593
200 iterations
f(b) = 53.7257
Frob norm 2 after updating B : 7.0473
Iteration number -------- 114  -----------
lambda : 1.75697
max_diff => 0.061552
------------------------normalized = 0.265355 ----------------
performed mixing
Frob norm 1 after updating U: 7.04618
200 iterations
f(b) = 53.7545
Frob norm 2 after updating B : 7.04739
Iteration number -------- 115  -----------
lambda : 1.76576
max_diff => 0.0615444
------------------------normalized = 0.265359 ----------------
performed mixing
Frob norm 1 after updating U: 7.04652
200 iterations
f(b) = 53.7937
Frob norm 2 after updating B : 7.04757
Iteration number -------- 116  -----------
lambda : 1.77459
max_diff => 0.0615379
------------------------normalized = 0.265365 ----------------
performed mixing
Frob norm 1 after updating U: 7.04688
200 iterations
f(b) = 53.782
Frob norm 2 after updating B : 7.04777
Iteration number -------- 117  -----------
lambda : 1.78346
max_diff => 0.0615294
------------------------normalized = 0.265373 ----------------
performed mixing
Frob norm 1 after updating U: 7.04722
200 iterations
f(b) = 53.8097
Frob norm 2 after updating B : 7.04797
Iteration number -------- 118  -----------
lambda : 1.79238
max_diff => 0.0615236
------------------------normalized = 0.26538 ----------------
performed mixing
Frob norm 1 after updating U: 7.0475
200 iterations
f(b) = 53.8112
Frob norm 2 after updating B : 7.04884
Iteration number -------- 119  -----------
lambda : 1.80134
max_diff => 0.0615092
------------------------normalized = 0.265413 ----------------
performed mixing
Frob norm 1 after updating U: 7.04832
200 iterations
f(b) = 53.8285
Frob norm 2 after updating B : 7.04902
Iteration number -------- 120  -----------
lambda : 1.81035
max_diff => 0.0615001
------------------------normalized = 0.26542 ----------------
performed mixing
Frob norm 1 after updating U: 7.04857
200 iterations
f(b) = 53.7508
Frob norm 2 after updating B : 7.0613
Iteration number -------- 121  -----------
lambda : 1.8194
max_diff => 0.0612535
------------------------normalized = 0.265882 ----------------
performed mixing
Frob norm 1 after updating U: 7.05908
200 iterations
f(b) = 53.8312
Frob norm 2 after updating B : 7.06099
Iteration number -------- 122  -----------
lambda : 1.82849
max_diff => 0.0612428
------------------------normalized = 0.265871 ----------------
performed mixing
Frob norm 1 after updating U: 7.05943
200 iterations
f(b) = 53.8626
Frob norm 2 after updating B : 7.06088
Iteration number -------- 123  -----------
lambda : 1.83764
max_diff => 0.0612368
------------------------normalized = 0.265867 ----------------
performed mixing
Frob norm 1 after updating U: 7.05973
200 iterations
f(b) = 53.8321
Frob norm 2 after updating B : 7.06086
Iteration number -------- 124  -----------
lambda : 1.84682
max_diff => 0.0612271
------------------------normalized = 0.265866 ----------------
performed mixing
Frob norm 1 after updating U: 7.05999
200 iterations
f(b) = 53.8503
Frob norm 2 after updating B : 7.06117
Iteration number -------- 125  -----------
lambda : 1.85606
max_diff => 0.0612142
------------------------normalized = 0.265877 ----------------
performed mixing
Frob norm 1 after updating U: 7.06046
200 iterations
f(b) = 53.8941
Frob norm 2 after updating B : 7.06149
Iteration number -------- 126  -----------
lambda : 1.86534
max_diff => 0.0612016
------------------------normalized = 0.26589 ----------------
performed mixing
Frob norm 1 after updating U: 7.06088
200 iterations
f(b) = 53.8065
Frob norm 2 after updating B : 7.0619
Iteration number -------- 127  -----------
lambda : 1.87467
max_diff => 0.0611703
------------------------normalized = 0.265905 ----------------
performed mixing
Frob norm 1 after updating U: 7.06132
200 iterations
f(b) = 53.772
Frob norm 2 after updating B : 7.06229
Iteration number -------- 128  -----------
lambda : 1.88404
max_diff => 0.0611608
------------------------normalized = 0.26592 ----------------
performed mixing
Frob norm 1 after updating U: 7.06181
200 iterations
f(b) = 53.8982
Frob norm 2 after updating B : 7.06285
Iteration number -------- 129  -----------
lambda : 1.89346
max_diff => 0.0611422
------------------------normalized = 0.265941 ----------------
performed mixing
Frob norm 1 after updating U: 7.06244
200 iterations
f(b) = 53.9432
Frob norm 2 after updating B : 7.06351
Iteration number -------- 130  -----------
lambda : 1.90293
max_diff => 0.0611265
------------------------normalized = 0.265966 ----------------
performed mixing
Frob norm 1 after updating U: 7.0631
200 iterations
f(b) = 53.833
Frob norm 2 after updating B : 7.072
Iteration number -------- 131  -----------
lambda : 1.91244
max_diff => 0.0607816
------------------------normalized = 0.266285 ----------------
performed mixing
Frob norm 1 after updating U: 7.07101
200 iterations
f(b) = 53.9098
Frob norm 2 after updating B : 7.07192
Iteration number -------- 132  -----------
lambda : 1.922
max_diff => 0.0607726
------------------------normalized = 0.266282 ----------------
performed mixing
Frob norm 1 after updating U: 7.07118
200 iterations
f(b) = 53.9491
Frob norm 2 after updating B : 7.07201
Iteration number -------- 133  -----------
lambda : 1.93161
max_diff => 0.0607638
------------------------normalized = 0.266286 ----------------
performed mixing
Frob norm 1 after updating U: 7.07135
200 iterations
f(b) = 53.7954
Frob norm 2 after updating B : 7.0719
Iteration number -------- 134  -----------
lambda : 1.94127
max_diff => 0.0607508
------------------------normalized = 0.266281 ----------------
performed mixing
Frob norm 1 after updating U: 7.07144
200 iterations
f(b) = 53.968
Frob norm 2 after updating B : 7.07241
Iteration number -------- 135  -----------
lambda : 1.95098
max_diff => 0.0607288
------------------------normalized = 0.266301 ----------------
performed mixing
Frob norm 1 after updating U: 7.07202
200 iterations
f(b) = 53.9565
Frob norm 2 after updating B : 7.07265
Iteration number -------- 136  -----------
lambda : 1.96073
max_diff => 0.0607097
------------------------normalized = 0.26631 ----------------
performed mixing
Frob norm 1 after updating U: 7.07235
200 iterations
f(b) = 53.8958
Frob norm 2 after updating B : 7.07285
Iteration number -------- 137  -----------
lambda : 1.97054
max_diff => 0.0606917
------------------------normalized = 0.266317 ----------------
performed mixing
Frob norm 1 after updating U: 7.07262
200 iterations
f(b) = 53.9985
Frob norm 2 after updating B : 7.0731
Iteration number -------- 138  -----------
lambda : 1.98039
max_diff => 0.0606772
------------------------normalized = 0.266327 ----------------
performed mixing
Frob norm 1 after updating U: 7.07294
200 iterations
f(b) = 54.0275
Frob norm 2 after updating B : 7.07335
Iteration number -------- 139  -----------
lambda : 1.99029
max_diff => 0.0606649
------------------------normalized = 0.266336 ----------------
performed mixing
Frob norm 1 after updating U: 7.07319
200 iterations
f(b) = 54.0322
Frob norm 2 after updating B : 7.07366
Iteration number -------- 140  -----------
lambda : 2.00024
max_diff => 0.060646
------------------------normalized = 0.266348 ----------------
performed mixing
Frob norm 1 after updating U: 7.07355
200 iterations
f(b) = 54.0133
Frob norm 2 after updating B : 7.07424
Iteration number -------- 141  -----------
lambda : 2.01024
max_diff => 0.0606171
------------------------normalized = 0.26637 ----------------
performed mixing
Frob norm 1 after updating U: 7.07414
200 iterations
f(b) = 54.0657
Frob norm 2 after updating B : 7.07446
Iteration number -------- 142  -----------
lambda : 2.02029
max_diff => 0.0606039
------------------------normalized = 0.266378 ----------------
performed mixing
Frob norm 1 after updating U: 7.07437
200 iterations
f(b) = 54.0732
Frob norm 2 after updating B : 7.07496
Iteration number -------- 143  -----------
lambda : 2.0304
max_diff => 0.060582
------------------------normalized = 0.266397 ----------------
performed mixing
Frob norm 1 after updating U: 7.07493
200 iterations
f(b) = 53.9813
Frob norm 2 after updating B : 7.08167
Iteration number -------- 144  -----------
lambda : 2.04055
max_diff => 0.060215
------------------------normalized = 0.266649 ----------------
performed mixing
Frob norm 1 after updating U: 7.08139
200 iterations
f(b) = 54.0901
Frob norm 2 after updating B : 7.08185
Iteration number -------- 145  -----------
lambda : 2.05075
max_diff => 0.0602017
------------------------normalized = 0.266656 ----------------
performed mixing
Frob norm 1 after updating U: 7.08165
200 iterations
f(b) = 54.0895
Frob norm 2 after updating B : 7.08207
Iteration number -------- 146  -----------
lambda : 2.061
max_diff => 0.0601849
------------------------normalized = 0.266665 ----------------
performed mixing
Frob norm 1 after updating U: 7.08191
200 iterations
f(b) = 54.1049
Frob norm 2 after updating B : 7.08213
Iteration number -------- 147  -----------
lambda : 2.07131
max_diff => 0.0601716
------------------------normalized = 0.266667 ----------------
performed mixing
Frob norm 1 after updating U: 7.08206
200 iterations
f(b) = 54.1186
Frob norm 2 after updating B : 7.08239
Iteration number -------- 148  -----------
lambda : 2.08167
max_diff => 0.0601562
------------------------normalized = 0.266677 ----------------
performed mixing
Frob norm 1 after updating U: 7.08232
200 iterations
f(b) = 54.0725
Frob norm 2 after updating B : 7.08291
Iteration number -------- 149  -----------
lambda : 2.09207
max_diff => 0.0601243
------------------------normalized = 0.266696 ----------------
performed mixing
Frob norm 1 after updating U: 7.08283
200 iterations
f(b) = 54.1394
Frob norm 2 after updating B : 7.08341
Iteration number -------- 150  -----------
lambda : 2.10253
max_diff => 0.0600945
------------------------normalized = 0.266715 ----------------
performed mixing
Frob norm 1 after updating U: 7.08335
200 iterations
f(b) = 54.0874
Frob norm 2 after updating B : 7.08387
Iteration number -------- 151  -----------
lambda : 2.11305
max_diff => 0.0600698
------------------------normalized = 0.266732 ----------------
performed mixing
Frob norm 1 after updating U: 7.08379
200 iterations
f(b) = 54.1461
Frob norm 2 after updating B : 7.08402
Iteration number -------- 152  -----------
lambda : 2.12361
max_diff => 0.0600473
------------------------normalized = 0.266738 ----------------
performed mixing
Frob norm 1 after updating U: 7.08403
200 iterations
f(b) = 54.1806
Frob norm 2 after updating B : 7.08472
Iteration number -------- 153  -----------
lambda : 2.13423
max_diff => 0.0600052
------------------------normalized = 0.266764 ----------------
performed mixing
Frob norm 1 after updating U: 7.08469
200 iterations
f(b) = 54.2008
Frob norm 2 after updating B : 7.08496
Iteration number -------- 154  -----------
lambda : 2.1449
max_diff => 0.0599826
------------------------normalized = 0.266773 ----------------
performed mixing
Frob norm 1 after updating U: 7.08492
200 iterations
f(b) = 54.2127
Frob norm 2 after updating B : 7.08547
Iteration number -------- 155  -----------
lambda : 2.15563
max_diff => 0.0599524
------------------------normalized = 0.266792 ----------------
performed mixing
Frob norm 1 after updating U: 7.08543
200 iterations
f(b) = 54.0869
Frob norm 2 after updating B : 7.08612
Iteration number -------- 156  -----------
lambda : 2.1664
max_diff => 0.059899
------------------------normalized = 0.266817 ----------------
performed mixing
Frob norm 1 after updating U: 7.08608
200 iterations
f(b) = 54.1513
Frob norm 2 after updating B : 7.08651
Iteration number -------- 157  -----------
lambda : 2.17724
max_diff => 0.0598615
------------------------normalized = 0.266832 ----------------
performed mixing
Frob norm 1 after updating U: 7.08649
200 iterations
f(b) = 54.2475
Frob norm 2 after updating B : 7.08709
Iteration number -------- 158  -----------
lambda : 2.18812
max_diff => 0.0598392
------------------------normalized = 0.266853 ----------------
performed mixing
Frob norm 1 after updating U: 7.08704
200 iterations
f(b) = 54.2074
Frob norm 2 after updating B : 7.08738
Iteration number -------- 159  -----------
lambda : 2.19906
max_diff => 0.059807
------------------------normalized = 0.266865 ----------------
performed mixing
Frob norm 1 after updating U: 7.08736
200 iterations
f(b) = 54.2473
Frob norm 2 after updating B : 7.08799
Iteration number -------- 160  -----------
lambda : 2.21006
max_diff => 0.0597715
------------------------normalized = 0.266887 ----------------
performed mixing
Frob norm 1 after updating U: 7.08795
200 iterations
f(b) = 54.2698
Frob norm 2 after updating B : 7.08876
Iteration number -------- 161  -----------
lambda : 2.22111
max_diff => 0.0597346
------------------------normalized = 0.266917 ----------------
performed mixing
Frob norm 1 after updating U: 7.08871
200 iterations
f(b) = 54.2844
Frob norm 2 after updating B : 7.08903
Iteration number -------- 162  -----------
lambda : 2.23221
max_diff => 0.0597066
------------------------normalized = 0.266927 ----------------
performed mixing
Frob norm 1 after updating U: 7.08901
200 iterations
f(b) = 54.0191
Frob norm 2 after updating B : 7.10478
Iteration number -------- 163  -----------
lambda : 2.24338
max_diff => 0.0582466
------------------------normalized = 0.26752 ----------------
performed mixing
Frob norm 1 after updating U: 7.10362
200 iterations
f(b) = 54.1263
Frob norm 2 after updating B : 7.10435
Iteration number -------- 164  -----------
lambda : 2.25459
max_diff => 0.0582379
------------------------normalized = 0.267503 ----------------
performed mixing
Frob norm 1 after updating U: 7.1036
200 iterations
f(b) = 53.9858
Frob norm 2 after updating B : 7.10393
Iteration number -------- 165  -----------
lambda : 2.26587
max_diff => 0.0582186
------------------------normalized = 0.267488 ----------------
performed mixing
Frob norm 1 after updating U: 7.10345
200 iterations
f(b) = 54.1483
Frob norm 2 after updating B : 7.10389
Iteration number -------- 166  -----------
lambda : 2.27719
max_diff => 0.0582045
------------------------normalized = 0.267486 ----------------
performed mixing
Frob norm 1 after updating U: 7.10361
200 iterations
f(b) = 54.156
Frob norm 2 after updating B : 7.10374
Iteration number -------- 167  -----------
lambda : 2.28858
max_diff => 0.0581493
------------------------normalized = 0.267481 ----------------
performed mixing
Frob norm 1 after updating U: 7.10351
200 iterations
f(b) = 54.142
Frob norm 2 after updating B : 7.10384
Iteration number -------- 168  -----------
lambda : 2.30002
max_diff => 0.0581182
------------------------normalized = 0.267484 ----------------
performed mixing
Frob norm 1 after updating U: 7.10369
200 iterations
f(b) = 54.2167
Frob norm 2 after updating B : 7.10389
Iteration number -------- 169  -----------
lambda : 2.31152
max_diff => 0.058089
------------------------normalized = 0.267486 ----------------
performed mixing
Frob norm 1 after updating U: 7.10379
200 iterations
f(b) = 54.098
Frob norm 2 after updating B : 7.10403
Iteration number -------- 170  -----------
lambda : 2.32308
max_diff => 0.0580446
------------------------normalized = 0.267491 ----------------
performed mixing
Frob norm 1 after updating U: 7.10394
200 iterations
f(b) = 54.2283
Frob norm 2 after updating B : 7.10415
Iteration number -------- 171  -----------
lambda : 2.3347
max_diff => 0.0580188
------------------------normalized = 0.267496 ----------------
performed mixing
Frob norm 1 after updating U: 7.10408
200 iterations
f(b) = 54.2726
Frob norm 2 after updating B : 7.10436
Iteration number -------- 172  -----------
lambda : 2.34637
max_diff => 0.0579849
------------------------normalized = 0.267504 ----------------
performed mixing
Frob norm 1 after updating U: 7.10432
200 iterations
f(b) = 54.2646
Frob norm 2 after updating B : 7.10445
Iteration number -------- 173  -----------
lambda : 2.3581
max_diff => 0.0579431
------------------------normalized = 0.267507 ----------------
performed mixing
Frob norm 1 after updating U: 7.10442
200 iterations
f(b) = 54.2985
Frob norm 2 after updating B : 7.1047
Iteration number -------- 174  -----------
lambda : 2.36989
max_diff => 0.0579161
------------------------normalized = 0.267517 ----------------
performed mixing
Frob norm 1 after updating U: 7.10468
200 iterations
f(b) = 54.325
Frob norm 2 after updating B : 7.10484
Iteration number -------- 175  -----------
lambda : 2.38174
max_diff => 0.0578829
------------------------normalized = 0.267522 ----------------
performed mixing
Frob norm 1 after updating U: 7.10482
200 iterations
f(b) = 54.3546
Frob norm 2 after updating B : 7.10503
Iteration number -------- 176  -----------
lambda : 2.39365
max_diff => 0.0578605
------------------------normalized = 0.267529 ----------------
performed mixing
Frob norm 1 after updating U: 7.10501
200 iterations
f(b) = 54.283
Frob norm 2 after updating B : 7.10525
Iteration number -------- 177  -----------
lambda : 2.40562
max_diff => 0.0577947
------------------------normalized = 0.267537 ----------------
performed mixing
Frob norm 1 after updating U: 7.10524
200 iterations
f(b) = 54.3958
Frob norm 2 after updating B : 7.10553
Iteration number -------- 178  -----------
lambda : 2.41765
max_diff => 0.0577407
------------------------normalized = 0.267548 ----------------
performed mixing
Frob norm 1 after updating U: 7.10551
200 iterations
f(b) = 54.4101
Frob norm 2 after updating B : 7.10558
Iteration number -------- 179  -----------
lambda : 2.42974
max_diff => 0.0577103
------------------------normalized = 0.26755 ----------------
performed mixing
Frob norm 1 after updating U: 7.10553
200 iterations
f(b) = 54.2595
Frob norm 2 after updating B : 7.10598
Iteration number -------- 180  -----------
lambda : 2.44188
max_diff => 0.0576411
------------------------normalized = 0.267565 ----------------
performed mixing
Frob norm 1 after updating U: 7.10598
200 iterations
f(b) = 54.3966
Frob norm 2 after updating B : 7.10623
Iteration number -------- 181  -----------
lambda : 2.45409
max_diff => 0.0576037
------------------------normalized = 0.267574 ----------------
performed mixing
Frob norm 1 after updating U: 7.10627
200 iterations
f(b) = 54.4554
Frob norm 2 after updating B : 7.10651
Iteration number -------- 182  -----------
lambda : 2.46636
max_diff => 0.0575617
------------------------normalized = 0.267585 ----------------
performed mixing
Frob norm 1 after updating U: 7.10651
200 iterations
f(b) = 54.45
Frob norm 2 after updating B : 7.10665
Iteration number -------- 183  -----------
lambda : 2.4787
max_diff => 0.0575394
------------------------normalized = 0.26759 ----------------
performed mixing
Frob norm 1 after updating U: 7.10662
200 iterations
f(b) = 54.5194
Frob norm 2 after updating B : 7.10673
Iteration number -------- 184  -----------
lambda : 2.49109
max_diff => 0.0575121
------------------------normalized = 0.267593 ----------------
performed mixing
Frob norm 1 after updating U: 7.10675
200 iterations
f(b) = 54.5325
Frob norm 2 after updating B : 7.10693
Iteration number -------- 185  -----------
lambda : 2.50354
max_diff => 0.0574916
------------------------normalized = 0.267601 ----------------
performed mixing
Frob norm 1 after updating U: 7.10693
200 iterations
f(b) = 54.4119
Frob norm 2 after updating B : 7.10546
Iteration number -------- 186  -----------
lambda : 2.51606
max_diff => 0.0568966
------------------------normalized = 0.267545 ----------------
performed mixing
Frob norm 1 after updating U: 7.10597
200 iterations
f(b) = 54.4967
Frob norm 2 after updating B : 7.10875
Iteration number -------- 187  -----------
lambda : 2.52864
max_diff => 0.0567968
------------------------normalized = 0.267669 ----------------
performed mixing
Frob norm 1 after updating U: 7.10863
200 iterations
f(b) = 54.5402
Frob norm 2 after updating B : 7.10924
Iteration number -------- 188  -----------
lambda : 2.54129
max_diff => 0.0567564
------------------------normalized = 0.267687 ----------------
performed mixing
Frob norm 1 after updating U: 7.10913
200 iterations
f(b) = 54.5633
Frob norm 2 after updating B : 7.1096
Iteration number -------- 189  -----------
lambda : 2.55399
max_diff => 0.0567203
------------------------normalized = 0.267701 ----------------
performed mixing
Frob norm 1 after updating U: 7.10951
200 iterations
f(b) = 54.5957
Frob norm 2 after updating B : 7.10968
Iteration number -------- 190  -----------
lambda : 2.56676
max_diff => 0.0566975
------------------------normalized = 0.267704 ----------------
performed mixing
Frob norm 1 after updating U: 7.10961
200 iterations
f(b) = 54.5015
Frob norm 2 after updating B : 7.1094
Iteration number -------- 191  -----------
lambda : 2.5796
max_diff => 0.056631
------------------------normalized = 0.267693 ----------------
performed mixing
Frob norm 1 after updating U: 7.10937
200 iterations
f(b) = 54.6293
Frob norm 2 after updating B : 7.11026
Iteration number -------- 192  -----------
lambda : 2.59249
max_diff => 0.0565993
------------------------normalized = 0.267726 ----------------
performed mixing
Frob norm 1 after updating U: 7.11021
200 iterations
f(b) = 54.6054
Frob norm 2 after updating B : 7.11039
Iteration number -------- 193  -----------
lambda : 2.60546
max_diff => 0.0565706
------------------------normalized = 0.267731 ----------------
performed mixing
Frob norm 1 after updating U: 7.11034
200 iterations
f(b) = 54.6567
Frob norm 2 after updating B : 7.11069
Iteration number -------- 194  -----------
lambda : 2.61848
max_diff => 0.0565344
------------------------normalized = 0.267742 ----------------
performed mixing
Frob norm 1 after updating U: 7.11066
200 iterations
f(b) = 54.6627
Frob norm 2 after updating B : 7.11112
Iteration number -------- 195  -----------
lambda : 2.63158
max_diff => 0.0564956
------------------------normalized = 0.267758 ----------------
performed mixing
Frob norm 1 after updating U: 7.11108
200 iterations
f(b) = 54.5913
Frob norm 2 after updating B : 7.11147
Iteration number -------- 196  -----------
lambda : 2.64473
max_diff => 0.0564014
------------------------normalized = 0.267771 ----------------
performed mixing
Frob norm 1 after updating U: 7.11144
200 iterations
f(b) = 54.7345
Frob norm 2 after updating B : 7.11192
Iteration number -------- 197  -----------
lambda : 2.65796
max_diff => 0.0563631
------------------------normalized = 0.267789 ----------------
performed mixing
Frob norm 1 after updating U: 7.11191
200 iterations
f(b) = 54.5601
Frob norm 2 after updating B : 7.11193
Iteration number -------- 198  -----------
lambda : 2.67125
max_diff => 0.0562792
------------------------normalized = 0.267789 ----------------
performed mixing
Frob norm 1 after updating U: 7.11193
200 iterations
f(b) = 54.7977
Frob norm 2 after updating B : 7.11289
Iteration number -------- 199  -----------
lambda : 2.6846
max_diff => 0.0562455
------------------------normalized = 0.267825 ----------------
performed mixing
Frob norm 1 after updating U: 7.11287
200 iterations
f(b) = 54.6559
Frob norm 2 after updating B : 7.1133
Iteration number -------- 200  -----------
lambda : 2.69803
max_diff => 0.0561915
------------------------normalized = 0.26784 ----------------
