performing filtering
Academic license - for non-commercial use only
Frob norm 1 after updating U: 26.357
200 iterations
f(b) = 231.569
Frob norm 2 after updating B : 14.6914
Iteration number -------- 1  -----------
lambda : 1
max_diff => 0.208116
------------------------normalized = 0.553182 ----------------
performed mixing
Frob norm 1 after updating U: 10.4727
200 iterations
f(b) = 186.905
Frob norm 2 after updating B : 13.2448
Iteration number -------- 2  -----------
lambda : 1.005
max_diff => 0.135907
------------------------normalized = 0.498712 ----------------
performed mixing
Frob norm 1 after updating U: 9.26068
200 iterations
f(b) = 152.184
Frob norm 2 after updating B : 11.9652
Iteration number -------- 3  -----------
lambda : 1.01002
max_diff => 0.186779
------------------------normalized = 0.450533 ----------------
performed mixing
Frob norm 1 after updating U: 8.79205
200 iterations
f(b) = 127.614
Frob norm 2 after updating B : 10.9088
Iteration number -------- 4  -----------
lambda : 1.01508
max_diff => 0.297859
------------------------normalized = 0.410756 ----------------
performed mixing
Frob norm 1 after updating U: 8.45358
200 iterations
f(b) = 109.854
Frob norm 2 after updating B : 10.0667
Iteration number -------- 5  -----------
lambda : 1.02015
max_diff => 0.393635
------------------------normalized = 0.379048 ----------------
performed mixing
Frob norm 1 after updating U: 8.14531
200 iterations
f(b) = 96.6193
Frob norm 2 after updating B : 9.37948
Iteration number -------- 6  -----------
lambda : 1.02525
max_diff => 0.51928
------------------------normalized = 0.35317 ----------------
performed mixing
Frob norm 1 after updating U: 7.86467
200 iterations
f(b) = 84.8075
Frob norm 2 after updating B : 8.78525
Iteration number -------- 7  -----------
lambda : 1.03038
max_diff => 0.57692
------------------------normalized = 0.330795 ----------------
performed mixing
Frob norm 1 after updating U: 7.44807
200 iterations
f(b) = 77.4587
Frob norm 2 after updating B : 8.33294
Iteration number -------- 8  -----------
lambda : 1.03553
max_diff => 0.604676
------------------------normalized = 0.313764 ----------------
performed mixing
Frob norm 1 after updating U: 7.3847
200 iterations
f(b) = 71.5028
Frob norm 2 after updating B : 7.96582
Iteration number -------- 9  -----------
lambda : 1.04071
max_diff => 0.844552
------------------------normalized = 0.299941 ----------------
performed mixing
Frob norm 1 after updating U: 7.17876
200 iterations
f(b) = 67.3847
Frob norm 2 after updating B : 7.69522
Iteration number -------- 10  -----------
lambda : 1.04591
max_diff => 0.840337
------------------------normalized = 0.289752 ----------------
performed mixing
Frob norm 1 after updating U: 7.11166
200 iterations
f(b) = 63.8091
Frob norm 2 after updating B : 7.46957
Iteration number -------- 11  -----------
lambda : 1.05114
max_diff => 1.02098
------------------------normalized = 0.281255 ----------------
performed mixing
Frob norm 1 after updating U: 6.95658
200 iterations
f(b) = 61.3598
Frob norm 2 after updating B : 7.29828
Iteration number -------- 12  -----------
lambda : 1.0564
max_diff => 1.01165
------------------------normalized = 0.274806 ----------------
performed mixing
Frob norm 1 after updating U: 6.91491
200 iterations
f(b) = 59.1857
Frob norm 2 after updating B : 7.17051
Iteration number -------- 13  -----------
lambda : 1.06168
max_diff => 1.04465
------------------------normalized = 0.269994 ----------------
performed mixing
Frob norm 1 after updating U: 6.83825
200 iterations
f(b) = 57.6742
Frob norm 2 after updating B : 7.06716
Iteration number -------- 14  -----------
lambda : 1.06699
max_diff => 1.03041
------------------------normalized = 0.266103 ----------------
performed mixing
Frob norm 1 after updating U: 6.80931
200 iterations
f(b) = 56.3862
Frob norm 2 after updating B : 6.99422
Iteration number -------- 15  -----------
lambda : 1.07232
max_diff => 0.990392
------------------------normalized = 0.263356 ----------------
performed mixing
Frob norm 1 after updating U: 6.77606
200 iterations
f(b) = 55.2852
Frob norm 2 after updating B : 6.93758
Iteration number -------- 16  -----------
lambda : 1.07768
max_diff => 0.950137
------------------------normalized = 0.261224 ----------------
performed mixing
Frob norm 1 after updating U: 6.75375
200 iterations
f(b) = 54.4151
Frob norm 2 after updating B : 6.8969
Iteration number -------- 17  -----------
lambda : 1.08307
max_diff => 0.883911
------------------------normalized = 0.259692 ----------------
performed mixing
Frob norm 1 after updating U: 6.73388
200 iterations
f(b) = 53.7059
Frob norm 2 after updating B : 6.86248
Iteration number -------- 18  -----------
lambda : 1.08849
max_diff => 0.831162
------------------------normalized = 0.258396 ----------------
performed mixing
Frob norm 1 after updating U: 6.72753
200 iterations
f(b) = 53.0939
Frob norm 2 after updating B : 6.8333
Iteration number -------- 19  -----------
lambda : 1.09393
max_diff => 0.774949
------------------------normalized = 0.257297 ----------------
performed mixing
Frob norm 1 after updating U: 6.7178
200 iterations
f(b) = 52.5905
Frob norm 2 after updating B : 6.81701
Iteration number -------- 20  -----------
lambda : 1.0994
max_diff => 0.706475
------------------------normalized = 0.256684 ----------------
performed mixing
Frob norm 1 after updating U: 6.71824
200 iterations
f(b) = 52.1893
Frob norm 2 after updating B : 6.79344
Iteration number -------- 21  -----------
lambda : 1.1049
max_diff => 0.659455
------------------------normalized = 0.255796 ----------------
performed mixing
Frob norm 1 after updating U: 6.71029
200 iterations
f(b) = 51.8118
Frob norm 2 after updating B : 6.78748
Iteration number -------- 22  -----------
lambda : 1.11042
max_diff => 0.58727
------------------------normalized = 0.255572 ----------------
performed mixing
Frob norm 1 after updating U: 6.712
200 iterations
f(b) = 51.5018
Frob norm 2 after updating B : 6.77367
Iteration number -------- 23  -----------
lambda : 1.11597
max_diff => 0.53666
------------------------normalized = 0.255052 ----------------
performed mixing
Frob norm 1 after updating U: 6.70565
200 iterations
f(b) = 51.2081
Frob norm 2 after updating B : 6.76863
Iteration number -------- 24  -----------
lambda : 1.12155
max_diff => 0.487737
------------------------normalized = 0.254862 ----------------
performed mixing
Frob norm 1 after updating U: 6.70898
200 iterations
f(b) = 50.9374
Frob norm 2 after updating B : 6.76086
Iteration number -------- 25  -----------
lambda : 1.12716
max_diff => 0.434342
------------------------normalized = 0.25457 ----------------
performed mixing
Frob norm 1 after updating U: 6.70307
200 iterations
f(b) = 50.697
Frob norm 2 after updating B : 6.75764
Iteration number -------- 26  -----------
lambda : 1.1328
max_diff => 0.393013
------------------------normalized = 0.254448 ----------------
performed mixing
Frob norm 1 after updating U: 6.70617
200 iterations
f(b) = 50.4684
Frob norm 2 after updating B : 6.74992
Iteration number -------- 27  -----------
lambda : 1.13846
max_diff => 0.349844
------------------------normalized = 0.254158 ----------------
performed mixing
Frob norm 1 after updating U: 6.70062
200 iterations
f(b) = 50.3077
Frob norm 2 after updating B : 6.7447
Iteration number -------- 28  -----------
lambda : 1.14415
max_diff => 0.318848
------------------------normalized = 0.253961 ----------------
performed mixing
Frob norm 1 after updating U: 6.70181
200 iterations
f(b) = 50.1749
Frob norm 2 after updating B : 6.73417
Iteration number -------- 29  -----------
lambda : 1.14987
max_diff => 0.303615
------------------------normalized = 0.253565 ----------------
performed mixing
Frob norm 1 after updating U: 6.69953
200 iterations
f(b) = 50.0651
Frob norm 2 after updating B : 6.72775
Iteration number -------- 30  -----------
lambda : 1.15562
max_diff => 0.281944
------------------------normalized = 0.253323 ----------------
performed mixing
Frob norm 1 after updating U: 6.69844
200 iterations
f(b) = 49.9725
Frob norm 2 after updating B : 6.72151
Iteration number -------- 31  -----------
lambda : 1.1614
max_diff => 0.26921
------------------------normalized = 0.253088 ----------------
performed mixing
Frob norm 1 after updating U: 6.69802
200 iterations
f(b) = 49.8018
Frob norm 2 after updating B : 6.72499
Iteration number -------- 32  -----------
lambda : 1.16721
max_diff => 0.210685
------------------------normalized = 0.253219 ----------------
performed mixing
Frob norm 1 after updating U: 6.69553
200 iterations
f(b) = 49.798
Frob norm 2 after updating B : 6.71672
Iteration number -------- 33  -----------
lambda : 1.17304
max_diff => 0.209217
------------------------normalized = 0.252908 ----------------
performed mixing
Frob norm 1 after updating U: 6.69547
200 iterations
f(b) = 49.6201
Frob norm 2 after updating B : 6.71819
Iteration number -------- 34  -----------
lambda : 1.17891
max_diff => 0.171477
------------------------normalized = 0.252963 ----------------
performed mixing
Frob norm 1 after updating U: 6.69347
200 iterations
f(b) = 49.627
Frob norm 2 after updating B : 6.71152
Iteration number -------- 35  -----------
lambda : 1.1848
max_diff => 0.169121
------------------------normalized = 0.252712 ----------------
performed mixing
Frob norm 1 after updating U: 6.69326
200 iterations
f(b) = 49.6141
Frob norm 2 after updating B : 6.70683
Iteration number -------- 36  -----------
lambda : 1.19073
max_diff => 0.167269
------------------------normalized = 0.252535 ----------------
performed mixing
Frob norm 1 after updating U: 6.69318
200 iterations
f(b) = 49.4987
Frob norm 2 after updating B : 6.70644
Iteration number -------- 37  -----------
lambda : 1.19668
max_diff => 0.149452
------------------------normalized = 0.252521 ----------------
performed mixing
Frob norm 1 after updating U: 6.69224
200 iterations
f(b) = 49.5202
Frob norm 2 after updating B : 6.70289
Iteration number -------- 38  -----------
lambda : 1.20266
max_diff => 0.147745
------------------------normalized = 0.252387 ----------------
performed mixing
Frob norm 1 after updating U: 6.69213
200 iterations
f(b) = 49.498
Frob norm 2 after updating B : 6.70052
Iteration number -------- 39  -----------
lambda : 1.20868
max_diff => 0.144979
------------------------normalized = 0.252298 ----------------
performed mixing
Frob norm 1 after updating U: 6.69199
200 iterations
f(b) = 49.3561
Frob norm 2 after updating B : 6.70846
Iteration number -------- 40  -----------
lambda : 1.21472
max_diff => 0.102873
------------------------normalized = 0.252597 ----------------
performed mixing
Frob norm 1 after updating U: 6.69016
200 iterations
f(b) = 49.3889
Frob norm 2 after updating B : 6.70354
Iteration number -------- 41  -----------
lambda : 1.22079
max_diff => 0.102284
------------------------normalized = 0.252412 ----------------
performed mixing
Frob norm 1 after updating U: 6.69016
200 iterations
f(b) = 49.3557
Frob norm 2 after updating B : 6.70011
Iteration number -------- 42  -----------
lambda : 1.2269
max_diff => 0.101161
------------------------normalized = 0.252282 ----------------
performed mixing
Frob norm 1 after updating U: 6.69
200 iterations
f(b) = 49.3599
Frob norm 2 after updating B : 6.69779
Iteration number -------- 43  -----------
lambda : 1.23303
max_diff => 0.100163
------------------------normalized = 0.252195 ----------------
performed mixing
Frob norm 1 after updating U: 6.69006
200 iterations
f(b) = 49.3201
Frob norm 2 after updating B : 6.69634
Iteration number -------- 44  -----------
lambda : 1.2392
max_diff => 0.0980137
------------------------normalized = 0.25214 ----------------
performed mixing
Frob norm 1 after updating U: 6.69004
200 iterations
f(b) = 49.3254
Frob norm 2 after updating B : 6.69542
Iteration number -------- 45  -----------
lambda : 1.24539
max_diff => 0.095008
------------------------normalized = 0.252106 ----------------
performed mixing
Frob norm 1 after updating U: 6.68995
200 iterations
f(b) = 49.204
Frob norm 2 after updating B : 6.70142
Iteration number -------- 46  -----------
lambda : 1.25162
max_diff => 0.0708322
------------------------normalized = 0.252332 ----------------
performed mixing
Frob norm 1 after updating U: 6.68946
200 iterations
f(b) = 49.2648
Frob norm 2 after updating B : 6.69847
Iteration number -------- 47  -----------
lambda : 1.25788
max_diff => 0.0703019
------------------------normalized = 0.252221 ----------------
performed mixing
Frob norm 1 after updating U: 6.68954
200 iterations
f(b) = 49.2783
Frob norm 2 after updating B : 6.6963
Iteration number -------- 48  -----------
lambda : 1.26417
max_diff => 0.0698157
------------------------normalized = 0.252139 ----------------
performed mixing
Frob norm 1 after updating U: 6.68953
200 iterations
f(b) = 49.1429
Frob norm 2 after updating B : 6.6994
Iteration number -------- 49  -----------
lambda : 1.27049
max_diff => 0.056948
------------------------normalized = 0.252256 ----------------
performed mixing
Frob norm 1 after updating U: 6.68939
200 iterations
f(b) = 49.1965
Frob norm 2 after updating B : 6.69702
Iteration number -------- 50  -----------
lambda : 1.27684
max_diff => 0.0562929
------------------------normalized = 0.252166 ----------------
performed mixing
Frob norm 1 after updating U: 6.68939
200 iterations
f(b) = 49.1973
Frob norm 2 after updating B : 6.69538
Iteration number -------- 51  -----------
lambda : 1.28323
max_diff => 0.0554544
------------------------normalized = 0.252104 ----------------
performed mixing
Frob norm 1 after updating U: 6.6894
200 iterations
f(b) = 49.195
Frob norm 2 after updating B : 6.69418
Iteration number -------- 52  -----------
lambda : 1.28964
max_diff => 0.0547228
------------------------normalized = 0.252059 ----------------
performed mixing
Frob norm 1 after updating U: 6.68944
200 iterations
f(b) = 49.1978
Frob norm 2 after updating B : 6.69346
Iteration number -------- 53  -----------
lambda : 1.29609
max_diff => 0.0545294
------------------------normalized = 0.252032 ----------------
performed mixing
Frob norm 1 after updating U: 6.68939
200 iterations
f(b) = 49.1989
Frob norm 2 after updating B : 6.69294
Iteration number -------- 54  -----------
lambda : 1.30257
max_diff => 0.054443
------------------------normalized = 0.252012 ----------------
performed mixing
Frob norm 1 after updating U: 6.68959
200 iterations
f(b) = 49.1871
Frob norm 2 after updating B : 6.69278
Iteration number -------- 55  -----------
lambda : 1.30908
max_diff => 0.0542799
------------------------normalized = 0.252006 ----------------
performed mixing
Frob norm 1 after updating U: 6.68967
200 iterations
f(b) = 49.092
Frob norm 2 after updating B : 6.7038
Iteration number -------- 56  -----------
lambda : 1.31563
max_diff => 0.0529702
------------------------normalized = 0.252421 ----------------
performed mixing
Frob norm 1 after updating U: 6.69129
200 iterations
f(b) = 49.1243
Frob norm 2 after updating B : 6.70052
Iteration number -------- 57  -----------
lambda : 1.32221
max_diff => 0.0529615
------------------------normalized = 0.252298 ----------------
performed mixing
Frob norm 1 after updating U: 6.69134
200 iterations
f(b) = 49.1281
Frob norm 2 after updating B : 6.6982
Iteration number -------- 58  -----------
lambda : 1.32882
max_diff => 0.0529559
------------------------normalized = 0.25221 ----------------
performed mixing
Frob norm 1 after updating U: 6.69133
200 iterations
f(b) = 49.12
Frob norm 2 after updating B : 6.69672
Iteration number -------- 59  -----------
lambda : 1.33546
max_diff => 0.0529475
------------------------normalized = 0.252155 ----------------
performed mixing
Frob norm 1 after updating U: 6.69139
200 iterations
f(b) = 49.1192
Frob norm 2 after updating B : 6.69557
Iteration number -------- 60  -----------
lambda : 1.34214
max_diff => 0.0529425
------------------------normalized = 0.252111 ----------------
performed mixing
Frob norm 1 after updating U: 6.69141
200 iterations
f(b) = 49.132
Frob norm 2 after updating B : 6.69476
Iteration number -------- 61  -----------
lambda : 1.34885
max_diff => 0.0529349
------------------------normalized = 0.252081 ----------------
performed mixing
Frob norm 1 after updating U: 6.69142
200 iterations
f(b) = 49.1195
Frob norm 2 after updating B : 6.69447
Iteration number -------- 62  -----------
lambda : 1.35559
max_diff => 0.0529213
------------------------normalized = 0.25207 ----------------
performed mixing
Frob norm 1 after updating U: 6.69158
200 iterations
f(b) = 49.1287
Frob norm 2 after updating B : 6.69431
Iteration number -------- 63  -----------
lambda : 1.36237
max_diff => 0.0529069
------------------------normalized = 0.252064 ----------------
performed mixing
Frob norm 1 after updating U: 6.69174
200 iterations
f(b) = 49.1448
Frob norm 2 after updating B : 6.6941
Iteration number -------- 64  -----------
lambda : 1.36918
max_diff => 0.0528946
------------------------normalized = 0.252056 ----------------
performed mixing
Frob norm 1 after updating U: 6.69189
200 iterations
f(b) = 49.1568
Frob norm 2 after updating B : 6.69388
Iteration number -------- 65  -----------
lambda : 1.37603
max_diff => 0.0528815
------------------------normalized = 0.252048 ----------------
performed mixing
Frob norm 1 after updating U: 6.69198
200 iterations
f(b) = 49.161
Frob norm 2 after updating B : 6.69392
Iteration number -------- 66  -----------
lambda : 1.38291
max_diff => 0.0528674
------------------------normalized = 0.252049 ----------------
performed mixing
Frob norm 1 after updating U: 6.69212
200 iterations
f(b) = 49.1655
Frob norm 2 after updating B : 6.69399
Iteration number -------- 67  -----------
lambda : 1.38982
max_diff => 0.0528527
------------------------normalized = 0.252052 ----------------
performed mixing
Frob norm 1 after updating U: 6.69229
200 iterations
f(b) = 49.193
Frob norm 2 after updating B : 6.69411
Iteration number -------- 68  -----------
lambda : 1.39677
max_diff => 0.0528374
------------------------normalized = 0.252056 ----------------
performed mixing
Frob norm 1 after updating U: 6.69251
200 iterations
f(b) = 49.1972
Frob norm 2 after updating B : 6.69441
Iteration number -------- 69  -----------
lambda : 1.40376
max_diff => 0.052819
------------------------normalized = 0.252068 ----------------
performed mixing
Frob norm 1 after updating U: 6.69281
200 iterations
f(b) = 49.1101
Frob norm 2 after updating B : 6.70045
Iteration number -------- 70  -----------
lambda : 1.41078
max_diff => 0.0526629
------------------------normalized = 0.252295 ----------------
performed mixing
Frob norm 1 after updating U: 6.69539
200 iterations
f(b) = 49.1596
Frob norm 2 after updating B : 6.6996
Iteration number -------- 71  -----------
lambda : 1.41783
max_diff => 0.0526484
------------------------normalized = 0.252263 ----------------
performed mixing
Frob norm 1 after updating U: 6.6956
200 iterations
f(b) = 49.184
Frob norm 2 after updating B : 6.69902
Iteration number -------- 72  -----------
lambda : 1.42492
max_diff => 0.052635
------------------------normalized = 0.252241 ----------------
performed mixing
Frob norm 1 after updating U: 6.69577
200 iterations
f(b) = 49.2109
Frob norm 2 after updating B : 6.6987
Iteration number -------- 73  -----------
lambda : 1.43204
max_diff => 0.052623
------------------------normalized = 0.252229 ----------------
performed mixing
Frob norm 1 after updating U: 6.69601
200 iterations
f(b) = 49.1002
Frob norm 2 after updating B : 6.7088
Iteration number -------- 74  -----------
lambda : 1.4392
max_diff => 0.0523519
------------------------normalized = 0.252609 ----------------
performed mixing
Frob norm 1 after updating U: 6.70093
200 iterations
f(b) = 49.1011
Frob norm 2 after updating B : 6.70683
Iteration number -------- 75  -----------
lambda : 1.4464
max_diff => 0.052339
------------------------normalized = 0.252535 ----------------
performed mixing
Frob norm 1 after updating U: 6.70096
200 iterations
f(b) = 49.129
Frob norm 2 after updating B : 6.70621
Iteration number -------- 76  -----------
lambda : 1.45363
max_diff => 0.052312
------------------------normalized = 0.252512 ----------------
performed mixing
Frob norm 1 after updating U: 6.70145
200 iterations
f(b) = 49.1707
Frob norm 2 after updating B : 6.70523
Iteration number -------- 77  -----------
lambda : 1.4609
max_diff => 0.0523027
------------------------normalized = 0.252475 ----------------
performed mixing
Frob norm 1 after updating U: 6.70158
200 iterations
f(b) = 49.152
Frob norm 2 after updating B : 6.70478
Iteration number -------- 78  -----------
lambda : 1.46821
max_diff => 0.0522896
------------------------normalized = 0.252458 ----------------
performed mixing
Frob norm 1 after updating U: 6.70186
200 iterations
f(b) = 49.174
Frob norm 2 after updating B : 6.70455
Iteration number -------- 79  -----------
lambda : 1.47555
max_diff => 0.0522745
------------------------normalized = 0.252449 ----------------
performed mixing
Frob norm 1 after updating U: 6.70211
200 iterations
f(b) = 49.1803
Frob norm 2 after updating B : 6.70447
Iteration number -------- 80  -----------
lambda : 1.48292
max_diff => 0.0522601
------------------------normalized = 0.252446 ----------------
performed mixing
Frob norm 1 after updating U: 6.70242
200 iterations
f(b) = 49.188
Frob norm 2 after updating B : 6.70429
Iteration number -------- 81  -----------
lambda : 1.49034
max_diff => 0.0522474
------------------------normalized = 0.25244 ----------------
performed mixing
Frob norm 1 after updating U: 6.70264
200 iterations
f(b) = 49.1008
Frob norm 2 after updating B : 6.71178
Iteration number -------- 82  -----------
lambda : 1.49779
max_diff => 0.0529031
------------------------normalized = 0.252722 ----------------
performed mixing
Frob norm 1 after updating U: 6.70705
200 iterations
f(b) = 49.1924
Frob norm 2 after updating B : 6.71073
Iteration number -------- 83  -----------
lambda : 1.50528
max_diff => 0.0529577
------------------------normalized = 0.252682 ----------------
performed mixing
Frob norm 1 after updating U: 6.70718
200 iterations
f(b) = 49.1708
Frob norm 2 after updating B : 6.71026
Iteration number -------- 84  -----------
lambda : 1.51281
max_diff => 0.0530479
------------------------normalized = 0.252664 ----------------
performed mixing
Frob norm 1 after updating U: 6.7074
200 iterations
f(b) = 49.2104
Frob norm 2 after updating B : 6.70986
Iteration number -------- 85  -----------
lambda : 1.52037
max_diff => 0.0530874
------------------------normalized = 0.252649 ----------------
performed mixing
Frob norm 1 after updating U: 6.7076
200 iterations
f(b) = 49.1803
Frob norm 2 after updating B : 6.70993
Iteration number -------- 86  -----------
lambda : 1.52797
max_diff => 0.0531705
------------------------normalized = 0.252652 ----------------
performed mixing
Frob norm 1 after updating U: 6.70796
200 iterations
f(b) = 49.2223
Frob norm 2 after updating B : 6.70987
Iteration number -------- 87  -----------
lambda : 1.53561
max_diff => 0.0532236
------------------------normalized = 0.25265 ----------------
performed mixing
Frob norm 1 after updating U: 6.70821
200 iterations
f(b) = 49.2314
Frob norm 2 after updating B : 6.70986
Iteration number -------- 88  -----------
lambda : 1.54329
max_diff => 0.0532709
------------------------normalized = 0.252649 ----------------
performed mixing
Frob norm 1 after updating U: 6.70847
200 iterations
f(b) = 49.2093
Frob norm 2 after updating B : 6.7108
Iteration number -------- 89  -----------
lambda : 1.55101
max_diff => 0.053393
------------------------normalized = 0.252685 ----------------
performed mixing
Frob norm 1 after updating U: 6.70927
200 iterations
f(b) = 49.2507
Frob norm 2 after updating B : 6.71093
Iteration number -------- 90  -----------
lambda : 1.55876
max_diff => 0.0534612
------------------------normalized = 0.25269 ----------------
performed mixing
Frob norm 1 after updating U: 6.70956
200 iterations
f(b) = 49.1956
Frob norm 2 after updating B : 6.71122
Iteration number -------- 91  -----------
lambda : 1.56655
max_diff => 0.0535477
------------------------normalized = 0.252701 ----------------
performed mixing
Frob norm 1 after updating U: 6.70998
200 iterations
f(b) = 49.25
Frob norm 2 after updating B : 6.71134
Iteration number -------- 92  -----------
lambda : 1.57439
max_diff => 0.0535932
------------------------normalized = 0.252705 ----------------
performed mixing
Frob norm 1 after updating U: 6.71025
200 iterations
f(b) = 49.2835
Frob norm 2 after updating B : 6.71166
Iteration number -------- 93  -----------
lambda : 1.58226
max_diff => 0.0536511
------------------------normalized = 0.252717 ----------------
performed mixing
Frob norm 1 after updating U: 6.71065
200 iterations
f(b) = 49.1956
Frob norm 2 after updating B : 6.7237
Iteration number -------- 94  -----------
lambda : 1.59017
max_diff => 0.0548205
------------------------normalized = 0.253171 ----------------
performed mixing
Frob norm 1 after updating U: 6.7185
200 iterations
f(b) = 49.2736
Frob norm 2 after updating B : 6.72255
Iteration number -------- 95  -----------
lambda : 1.59812
max_diff => 0.054881
------------------------normalized = 0.253127 ----------------
performed mixing
Frob norm 1 after updating U: 6.71867
200 iterations
f(b) = 49.2779
Frob norm 2 after updating B : 6.72177
Iteration number -------- 96  -----------
lambda : 1.60611
max_diff => 0.0549628
------------------------normalized = 0.253098 ----------------
performed mixing
Frob norm 1 after updating U: 6.71877
200 iterations
f(b) = 49.2842
Frob norm 2 after updating B : 6.72129
Iteration number -------- 97  -----------
lambda : 1.61414
max_diff => 0.0550241
------------------------normalized = 0.25308 ----------------
performed mixing
Frob norm 1 after updating U: 6.71898
200 iterations
f(b) = 49.2871
Frob norm 2 after updating B : 6.72114
Iteration number -------- 98  -----------
lambda : 1.62221
max_diff => 0.055079
------------------------normalized = 0.253074 ----------------
performed mixing
Frob norm 1 after updating U: 6.71931
200 iterations
f(b) = 49.2829
Frob norm 2 after updating B : 6.72096
Iteration number -------- 99  -----------
lambda : 1.63032
max_diff => 0.0551247
------------------------normalized = 0.253067 ----------------
performed mixing
Frob norm 1 after updating U: 6.71947
200 iterations
f(b) = 49.2893
Frob norm 2 after updating B : 6.72101
Iteration number -------- 100  -----------
lambda : 1.63848
max_diff => 0.0551701
------------------------normalized = 0.253069 ----------------
performed mixing
Frob norm 1 after updating U: 6.71978
200 iterations
f(b) = 49.3252
Frob norm 2 after updating B : 6.72109
Iteration number -------- 101  -----------
lambda : 1.64667
max_diff => 0.0552172
------------------------normalized = 0.253072 ----------------
performed mixing
Frob norm 1 after updating U: 6.72005
200 iterations
f(b) = 49.3211
Frob norm 2 after updating B : 6.72134
Iteration number -------- 102  -----------
lambda : 1.6549
max_diff => 0.0552977
------------------------normalized = 0.253082 ----------------
performed mixing
Frob norm 1 after updating U: 6.72038
200 iterations
f(b) = 49.2922
Frob norm 2 after updating B : 6.72168
Iteration number -------- 103  -----------
lambda : 1.66318
max_diff => 0.0553523
------------------------normalized = 0.253095 ----------------
performed mixing
Frob norm 1 after updating U: 6.72082
200 iterations
f(b) = 49.3308
Frob norm 2 after updating B : 6.72205
Iteration number -------- 104  -----------
lambda : 1.67149
max_diff => 0.0554215
------------------------normalized = 0.253108 ----------------
performed mixing
Frob norm 1 after updating U: 6.72125
200 iterations
f(b) = 49.3023
Frob norm 2 after updating B : 6.72956
Iteration number -------- 105  -----------
lambda : 1.67985
max_diff => 0.0561735
------------------------normalized = 0.253391 ----------------
performed mixing
Frob norm 1 after updating U: 6.72671
200 iterations
f(b) = 49.3098
Frob norm 2 after updating B : 6.72914
Iteration number -------- 106  -----------
lambda : 1.68825
max_diff => 0.056241
------------------------normalized = 0.253375 ----------------
performed mixing
Frob norm 1 after updating U: 6.72695
200 iterations
f(b) = 49.3848
Frob norm 2 after updating B : 6.72891
Iteration number -------- 107  -----------
lambda : 1.69669
max_diff => 0.0563068
------------------------normalized = 0.253367 ----------------
performed mixing
Frob norm 1 after updating U: 6.7272
200 iterations
f(b) = 49.3596
Frob norm 2 after updating B : 6.72868
Iteration number -------- 108  -----------
lambda : 1.70517
max_diff => 0.0563783
------------------------normalized = 0.253358 ----------------
performed mixing
Frob norm 1 after updating U: 6.72729
200 iterations
f(b) = 49.4234
Frob norm 2 after updating B : 6.72887
Iteration number -------- 109  -----------
lambda : 1.7137
max_diff => 0.0564093
------------------------normalized = 0.253365 ----------------
performed mixing
Frob norm 1 after updating U: 6.72772
200 iterations
f(b) = 49.432
Frob norm 2 after updating B : 6.72897
Iteration number -------- 110  -----------
lambda : 1.72227
max_diff => 0.0564635
------------------------normalized = 0.253369 ----------------
performed mixing
Frob norm 1 after updating U: 6.72806
200 iterations
f(b) = 49.4746
Frob norm 2 after updating B : 6.729
Iteration number -------- 111  -----------
lambda : 1.73088
max_diff => 0.0564932
------------------------normalized = 0.25337 ----------------
performed mixing
Frob norm 1 after updating U: 6.72822
200 iterations
f(b) = 49.4663
Frob norm 2 after updating B : 6.72944
Iteration number -------- 112  -----------
lambda : 1.73953
max_diff => 0.0565451
------------------------normalized = 0.253387 ----------------
performed mixing
Frob norm 1 after updating U: 6.72867
200 iterations
f(b) = 49.4809
Frob norm 2 after updating B : 6.72947
Iteration number -------- 113  -----------
lambda : 1.74823
max_diff => 0.0565815
------------------------normalized = 0.253388 ----------------
performed mixing
Frob norm 1 after updating U: 6.72884
200 iterations
f(b) = 49.4451
Frob norm 2 after updating B : 6.72969
Iteration number -------- 114  -----------
lambda : 1.75697
max_diff => 0.0566626
------------------------normalized = 0.253396 ----------------
performed mixing
Frob norm 1 after updating U: 6.72919
200 iterations
f(b) = 49.5618
Frob norm 2 after updating B : 6.72991
Iteration number -------- 115  -----------
lambda : 1.76576
max_diff => 0.0566838
------------------------normalized = 0.253404 ----------------
performed mixing
Frob norm 1 after updating U: 6.72945
200 iterations
f(b) = 49.5196
Frob norm 2 after updating B : 6.7301
Iteration number -------- 116  -----------
lambda : 1.77459
max_diff => 0.056719
------------------------normalized = 0.253411 ----------------
performed mixing
Frob norm 1 after updating U: 6.72964
200 iterations
f(b) = 49.5501
Frob norm 2 after updating B : 6.73022
Iteration number -------- 117  -----------
lambda : 1.78346
max_diff => 0.0567594
------------------------normalized = 0.253416 ----------------
performed mixing
Frob norm 1 after updating U: 6.72979
200 iterations
f(b) = 49.566
Frob norm 2 after updating B : 6.73063
Iteration number -------- 118  -----------
lambda : 1.79238
max_diff => 0.0568151
------------------------normalized = 0.253432 ----------------
performed mixing
Frob norm 1 after updating U: 6.73022
200 iterations
f(b) = 49.5867
Frob norm 2 after updating B : 6.73082
Iteration number -------- 119  -----------
lambda : 1.80134
max_diff => 0.0568528
------------------------normalized = 0.253438 ----------------
performed mixing
Frob norm 1 after updating U: 6.73045
200 iterations
f(b) = 49.6207
Frob norm 2 after updating B : 6.73109
Iteration number -------- 120  -----------
lambda : 1.81035
max_diff => 0.0568837
------------------------normalized = 0.253449 ----------------
performed mixing
Frob norm 1 after updating U: 6.73074
200 iterations
f(b) = 49.6725
Frob norm 2 after updating B : 6.73115
Iteration number -------- 121  -----------
lambda : 1.8194
max_diff => 0.0568998
------------------------normalized = 0.253451 ----------------
performed mixing
Frob norm 1 after updating U: 6.73087
200 iterations
f(b) = 49.6568
Frob norm 2 after updating B : 6.73146
Iteration number -------- 122  -----------
lambda : 1.82849
max_diff => 0.0569342
------------------------normalized = 0.253463 ----------------
performed mixing
Frob norm 1 after updating U: 6.7312
200 iterations
f(b) = 49.6891
Frob norm 2 after updating B : 6.73203
Iteration number -------- 123  -----------
lambda : 1.83764
max_diff => 0.0569743
------------------------normalized = 0.253484 ----------------
performed mixing
Frob norm 1 after updating U: 6.73172
200 iterations
f(b) = 49.698
Frob norm 2 after updating B : 6.73221
Iteration number -------- 124  -----------
lambda : 1.84682
max_diff => 0.0570119
------------------------normalized = 0.253491 ----------------
performed mixing
Frob norm 1 after updating U: 6.73194
200 iterations
f(b) = 49.7208
Frob norm 2 after updating B : 6.73266
Iteration number -------- 125  -----------
lambda : 1.85606
max_diff => 0.0570537
------------------------normalized = 0.253508 ----------------
performed mixing
Frob norm 1 after updating U: 6.73243
200 iterations
f(b) = 49.7304
Frob norm 2 after updating B : 6.73287
Iteration number -------- 126  -----------
lambda : 1.86534
max_diff => 0.0570999
------------------------normalized = 0.253516 ----------------
performed mixing
Frob norm 1 after updating U: 6.73269
200 iterations
f(b) = 49.7655
Frob norm 2 after updating B : 6.73296
Iteration number -------- 127  -----------
lambda : 1.87467
max_diff => 0.0571209
------------------------normalized = 0.253519 ----------------
performed mixing
Frob norm 1 after updating U: 6.73282
200 iterations
f(b) = 49.6146
Frob norm 2 after updating B : 6.73368
Iteration number -------- 128  -----------
lambda : 1.88404
max_diff => 0.0572527
------------------------normalized = 0.253546 ----------------
performed mixing
Frob norm 1 after updating U: 6.73362
200 iterations
f(b) = 49.7207
Frob norm 2 after updating B : 6.73443
Iteration number -------- 129  -----------
lambda : 1.89346
max_diff => 0.0573179
------------------------normalized = 0.253574 ----------------
performed mixing
Frob norm 1 after updating U: 6.73433
200 iterations
f(b) = 49.7979
Frob norm 2 after updating B : 6.73478
Iteration number -------- 130  -----------
lambda : 1.90293
max_diff => 0.0573456
------------------------normalized = 0.253588 ----------------
performed mixing
Frob norm 1 after updating U: 6.7347
200 iterations
f(b) = 49.6979
Frob norm 2 after updating B : 6.73531
Iteration number -------- 131  -----------
lambda : 1.91244
max_diff => 0.0574466
------------------------normalized = 0.253608 ----------------
performed mixing
Frob norm 1 after updating U: 6.73529
200 iterations
f(b) = 49.7306
Frob norm 2 after updating B : 6.73621
Iteration number -------- 132  -----------
lambda : 1.922
max_diff => 0.0575149
------------------------normalized = 0.253641 ----------------
performed mixing
Frob norm 1 after updating U: 6.73613
200 iterations
f(b) = 49.8606
Frob norm 2 after updating B : 6.73739
Iteration number -------- 133  -----------
lambda : 1.93161
max_diff => 0.0575916
------------------------normalized = 0.253686 ----------------
performed mixing
Frob norm 1 after updating U: 6.73732
200 iterations
f(b) = 49.8901
Frob norm 2 after updating B : 6.73762
Iteration number -------- 134  -----------
lambda : 1.94127
max_diff => 0.0576271
------------------------normalized = 0.253695 ----------------
performed mixing
Frob norm 1 after updating U: 6.73762
200 iterations
f(b) = 49.9398
Frob norm 2 after updating B : 6.73785
Iteration number -------- 135  -----------
lambda : 1.95098
max_diff => 0.0576464
------------------------normalized = 0.253703 ----------------
performed mixing
Frob norm 1 after updating U: 6.7378
200 iterations
f(b) = 49.9337
Frob norm 2 after updating B : 6.73831
Iteration number -------- 136  -----------
lambda : 1.96073
max_diff => 0.0576879
------------------------normalized = 0.253721 ----------------
performed mixing
Frob norm 1 after updating U: 6.73826
200 iterations
f(b) = 49.9198
Frob norm 2 after updating B : 6.73899
Iteration number -------- 137  -----------
lambda : 1.97054
max_diff => 0.0577355
------------------------normalized = 0.253746 ----------------
performed mixing
Frob norm 1 after updating U: 6.73894
200 iterations
f(b) = 49.9643
Frob norm 2 after updating B : 6.73939
Iteration number -------- 138  -----------
lambda : 1.98039
max_diff => 0.0577735
------------------------normalized = 0.253761 ----------------
performed mixing
Frob norm 1 after updating U: 6.73935
200 iterations
f(b) = 49.9997
Frob norm 2 after updating B : 6.73965
Iteration number -------- 139  -----------
lambda : 1.99029
max_diff => 0.0577944
------------------------normalized = 0.253771 ----------------
performed mixing
Frob norm 1 after updating U: 6.73961
200 iterations
f(b) = 50.0258
Frob norm 2 after updating B : 6.73991
Iteration number -------- 140  -----------
lambda : 2.00024
max_diff => 0.0578206
------------------------normalized = 0.253781 ----------------
performed mixing
Frob norm 1 after updating U: 6.73994
200 iterations
f(b) = 50.0511
Frob norm 2 after updating B : 6.74028
Iteration number -------- 141  -----------
lambda : 2.01024
max_diff => 0.0578606
------------------------normalized = 0.253795 ----------------
performed mixing
Frob norm 1 after updating U: 6.74028
200 iterations
f(b) = 50.0427
Frob norm 2 after updating B : 6.74103
Iteration number -------- 142  -----------
lambda : 2.02029
max_diff => 0.0579119
------------------------normalized = 0.253823 ----------------
performed mixing
Frob norm 1 after updating U: 6.741
200 iterations
f(b) = 50.1037
Frob norm 2 after updating B : 6.74134
Iteration number -------- 143  -----------
lambda : 2.0304
max_diff => 0.057937
------------------------normalized = 0.253835 ----------------
performed mixing
Frob norm 1 after updating U: 6.7413
200 iterations
f(b) = 50.0716
Frob norm 2 after updating B : 6.74174
Iteration number -------- 144  -----------
lambda : 2.04055
max_diff => 0.057978
------------------------normalized = 0.25385 ----------------
performed mixing
Frob norm 1 after updating U: 6.74172
200 iterations
f(b) = 50.1701
Frob norm 2 after updating B : 6.74275
Iteration number -------- 145  -----------
lambda : 2.05075
max_diff => 0.0580373
------------------------normalized = 0.253888 ----------------
performed mixing
Frob norm 1 after updating U: 6.74272
200 iterations
f(b) = 50.1427
Frob norm 2 after updating B : 6.74297
Iteration number -------- 146  -----------
lambda : 2.061
max_diff => 0.0580663
------------------------normalized = 0.253896 ----------------
performed mixing
Frob norm 1 after updating U: 6.74295
200 iterations
f(b) = 50.1235
Frob norm 2 after updating B : 6.74353
Iteration number -------- 147  -----------
lambda : 2.07131
max_diff => 0.058121
------------------------normalized = 0.253917 ----------------
performed mixing
Frob norm 1 after updating U: 6.74361
200 iterations
f(b) = 50.1801
Frob norm 2 after updating B : 6.74406
Iteration number -------- 148  -----------
lambda : 2.08167
max_diff => 0.0581517
------------------------normalized = 0.253937 ----------------
performed mixing
Frob norm 1 after updating U: 6.74403
200 iterations
f(b) = 50.153
Frob norm 2 after updating B : 6.74476
Iteration number -------- 149  -----------
lambda : 2.09207
max_diff => 0.0582054
------------------------normalized = 0.253963 ----------------
performed mixing
Frob norm 1 after updating U: 6.74473
200 iterations
f(b) = 50.2496
Frob norm 2 after updating B : 6.74506
Iteration number -------- 150  -----------
lambda : 2.10253
max_diff => 0.0582235
------------------------normalized = 0.253975 ----------------
performed mixing
Frob norm 1 after updating U: 6.74504
200 iterations
f(b) = 50.2351
Frob norm 2 after updating B : 6.7453
Iteration number -------- 151  -----------
lambda : 2.11305
max_diff => 0.0582662
------------------------normalized = 0.253984 ----------------
performed mixing
Frob norm 1 after updating U: 6.74528
200 iterations
f(b) = 50.2746
Frob norm 2 after updating B : 6.74571
Iteration number -------- 152  -----------
lambda : 2.12361
max_diff => 0.0582945
------------------------normalized = 0.253999 ----------------
performed mixing
Frob norm 1 after updating U: 6.7457
200 iterations
f(b) = 50.1066
Frob norm 2 after updating B : 6.74581
Iteration number -------- 153  -----------
lambda : 2.13423
max_diff => 0.0584148
------------------------normalized = 0.254003 ----------------
performed mixing
Frob norm 1 after updating U: 6.74588
200 iterations
f(b) = 50.3475
Frob norm 2 after updating B : 6.74677
Iteration number -------- 154  -----------
lambda : 2.1449
max_diff => 0.0584384
------------------------normalized = 0.254039 ----------------
performed mixing
Frob norm 1 after updating U: 6.74676
200 iterations
f(b) = 50.2167
Frob norm 2 after updating B : 6.74716
Iteration number -------- 155  -----------
lambda : 2.15563
max_diff => 0.058467
------------------------normalized = 0.254054 ----------------
performed mixing
Frob norm 1 after updating U: 6.74716
200 iterations
f(b) = 50.3762
Frob norm 2 after updating B : 6.74762
Iteration number -------- 156  -----------
lambda : 2.1664
max_diff => 0.0584892
------------------------normalized = 0.254071 ----------------
performed mixing
Frob norm 1 after updating U: 6.74759
200 iterations
f(b) = 50.3587
Frob norm 2 after updating B : 6.7479
Iteration number -------- 157  -----------
lambda : 2.17724
max_diff => 0.0585048
------------------------normalized = 0.254082 ----------------
performed mixing
Frob norm 1 after updating U: 6.74788
200 iterations
f(b) = 50.2572
Frob norm 2 after updating B : 6.74804
Iteration number -------- 158  -----------
lambda : 2.18812
max_diff => 0.0585383
------------------------normalized = 0.254087 ----------------
performed mixing
Frob norm 1 after updating U: 6.74805
200 iterations
f(b) = 50.4025
Frob norm 2 after updating B : 6.74898
Iteration number -------- 159  -----------
lambda : 2.19906
max_diff => 0.0585828
------------------------normalized = 0.254122 ----------------
performed mixing
Frob norm 1 after updating U: 6.74894
200 iterations
f(b) = 50.4295
Frob norm 2 after updating B : 6.75008
Iteration number -------- 160  -----------
lambda : 2.21006
max_diff => 0.0586347
------------------------normalized = 0.254164 ----------------
performed mixing
Frob norm 1 after updating U: 6.75005
200 iterations
f(b) = 50.398
Frob norm 2 after updating B : 6.75042
Iteration number -------- 161  -----------
lambda : 2.22111
max_diff => 0.0586578
------------------------normalized = 0.254177 ----------------
performed mixing
Frob norm 1 after updating U: 6.75038
200 iterations
f(b) = 50.3149
Frob norm 2 after updating B : 6.75081
Iteration number -------- 162  -----------
lambda : 2.23221
max_diff => 0.0587068
------------------------normalized = 0.254191 ----------------
performed mixing
Frob norm 1 after updating U: 6.75081
200 iterations
f(b) = 50.4565
Frob norm 2 after updating B : 6.7522
Iteration number -------- 163  -----------
lambda : 2.24338
max_diff => 0.0587722
------------------------normalized = 0.254244 ----------------
performed mixing
Frob norm 1 after updating U: 6.75218
200 iterations
f(b) = 50.4405
Frob norm 2 after updating B : 6.75251
Iteration number -------- 164  -----------
lambda : 2.25459
max_diff => 0.0588213
------------------------normalized = 0.254255 ----------------
performed mixing
Frob norm 1 after updating U: 6.75259
200 iterations
f(b) = 50.5216
Frob norm 2 after updating B : 6.75341
Iteration number -------- 165  -----------
lambda : 2.26587
max_diff => 0.0588608
------------------------normalized = 0.254289 ----------------
performed mixing
Frob norm 1 after updating U: 6.75336
200 iterations
f(b) = 50.5695
Frob norm 2 after updating B : 6.75429
Iteration number -------- 166  -----------
lambda : 2.27719
max_diff => 0.0589039
------------------------normalized = 0.254322 ----------------
performed mixing
Frob norm 1 after updating U: 6.75425
200 iterations
f(b) = 50.5822
Frob norm 2 after updating B : 6.75434
Iteration number -------- 167  -----------
lambda : 2.28858
max_diff => 0.0589288
------------------------normalized = 0.254324 ----------------
performed mixing
Frob norm 1 after updating U: 6.75435
200 iterations
f(b) = 50.5987
Frob norm 2 after updating B : 6.75484
Iteration number -------- 168  -----------
lambda : 2.30002
max_diff => 0.0589638
------------------------normalized = 0.254343 ----------------
performed mixing
Frob norm 1 after updating U: 6.75483
200 iterations
f(b) = 50.6332
Frob norm 2 after updating B : 6.75536
Iteration number -------- 169  -----------
lambda : 2.31152
max_diff => 0.0589901
------------------------normalized = 0.254363 ----------------
performed mixing
Frob norm 1 after updating U: 6.75532
200 iterations
f(b) = 50.6228
Frob norm 2 after updating B : 6.75595
Iteration number -------- 170  -----------
lambda : 2.32308
max_diff => 0.0590305
------------------------normalized = 0.254385 ----------------
performed mixing
Frob norm 1 after updating U: 6.75591
200 iterations
f(b) = 50.6798
Frob norm 2 after updating B : 6.75633
Iteration number -------- 171  -----------
lambda : 2.3347
max_diff => 0.0590527
------------------------normalized = 0.254399 ----------------
performed mixing
Frob norm 1 after updating U: 6.75631
200 iterations
f(b) = 50.6857
Frob norm 2 after updating B : 6.75696
Iteration number -------- 172  -----------
lambda : 2.34637
max_diff => 0.0590848
------------------------normalized = 0.254423 ----------------
performed mixing
Frob norm 1 after updating U: 6.75693
200 iterations
f(b) = 50.5125
Frob norm 2 after updating B : 6.75733
Iteration number -------- 173  -----------
lambda : 2.3581
max_diff => 0.059131
------------------------normalized = 0.254437 ----------------
performed mixing
Frob norm 1 after updating U: 6.75735
200 iterations
f(b) = 50.6151
Frob norm 2 after updating B : 6.75829
Iteration number -------- 174  -----------
lambda : 2.36989
max_diff => 0.059011
------------------------normalized = 0.254473 ----------------
performed mixing
Frob norm 1 after updating U: 6.7583
200 iterations
f(b) = 50.7408
Frob norm 2 after updating B : 6.75941
Iteration number -------- 175  -----------
lambda : 2.38174
max_diff => 0.0590454
------------------------normalized = 0.254515 ----------------
performed mixing
Frob norm 1 after updating U: 6.75937
200 iterations
f(b) = 51.8684
Frob norm 2 after updating B : 6.75586
Iteration number -------- 176  -----------
lambda : 2.39365
max_diff => 0.0592481
------------------------normalized = 0.254381 ----------------
performed mixing
Frob norm 1 after updating U: 6.75589
200 iterations
f(b) = 50.6938
Frob norm 2 after updating B : 6.76094
Iteration number -------- 177  -----------
lambda : 2.40562
max_diff => 0.0592957
------------------------normalized = 0.254573 ----------------
performed mixing
Frob norm 1 after updating U: 6.76081
200 iterations
f(b) = 50.7906
Frob norm 2 after updating B : 6.76176
Iteration number -------- 178  -----------
lambda : 2.41765
max_diff => 0.0593144
------------------------normalized = 0.254604 ----------------
performed mixing
Frob norm 1 after updating U: 6.76167
200 iterations
f(b) = 50.8579
Frob norm 2 after updating B : 6.76206
Iteration number -------- 179  -----------
lambda : 2.42974
max_diff => 0.0593328
------------------------normalized = 0.254615 ----------------
performed mixing
Frob norm 1 after updating U: 6.76197
200 iterations
f(b) = 50.8496
Frob norm 2 after updating B : 6.76274
Iteration number -------- 180  -----------
lambda : 2.44188
max_diff => 0.059358
------------------------normalized = 0.254641 ----------------
performed mixing
Frob norm 1 after updating U: 6.76267
200 iterations
f(b) = 50.8674
Frob norm 2 after updating B : 6.7631
Iteration number -------- 181  -----------
lambda : 2.45409
max_diff => 0.0593791
------------------------normalized = 0.254654 ----------------
performed mixing
Frob norm 1 after updating U: 6.76306
200 iterations
f(b) = 50.7804
Frob norm 2 after updating B : 6.7633
Iteration number -------- 182  -----------
lambda : 2.46636
max_diff => 0.0594099
------------------------normalized = 0.254662 ----------------
performed mixing
Frob norm 1 after updating U: 6.76326
200 iterations
f(b) = 50.9549
Frob norm 2 after updating B : 6.76429
Iteration number -------- 183  -----------
lambda : 2.4787
max_diff => 0.0594362
------------------------normalized = 0.254699 ----------------
performed mixing
Frob norm 1 after updating U: 6.76424
200 iterations
f(b) = 50.9766
Frob norm 2 after updating B : 6.76463
Iteration number -------- 184  -----------
lambda : 2.49109
max_diff => 0.0594577
------------------------normalized = 0.254712 ----------------
performed mixing
Frob norm 1 after updating U: 6.7646
200 iterations
f(b) = 51.0173
Frob norm 2 after updating B : 6.76482
Iteration number -------- 185  -----------
lambda : 2.50354
max_diff => 0.0594713
------------------------normalized = 0.254719 ----------------
performed mixing
Frob norm 1 after updating U: 6.7648
200 iterations
f(b) = 51.008
Frob norm 2 after updating B : 6.76521
Iteration number -------- 186  -----------
lambda : 2.51606
max_diff => 0.059493
------------------------normalized = 0.254734 ----------------
performed mixing
Frob norm 1 after updating U: 6.76519
200 iterations
f(b) = 51.0359
Frob norm 2 after updating B : 6.76569
Iteration number -------- 187  -----------
lambda : 2.52864
max_diff => 0.0595176
------------------------normalized = 0.254751 ----------------
performed mixing
Frob norm 1 after updating U: 6.76574
200 iterations
f(b) = 51.0697
Frob norm 2 after updating B : 6.7665
Iteration number -------- 188  -----------
lambda : 2.54129
max_diff => 0.0595486
------------------------normalized = 0.254782 ----------------
performed mixing
Frob norm 1 after updating U: 6.76647
200 iterations
f(b) = 51.1232
Frob norm 2 after updating B : 6.76668
Iteration number -------- 189  -----------
lambda : 2.55399
max_diff => 0.0595673
------------------------normalized = 0.254789 ----------------
performed mixing
Frob norm 1 after updating U: 6.76666
200 iterations
f(b) = 51.187
Frob norm 2 after updating B : 6.76683
Iteration number -------- 190  -----------
lambda : 2.56676
max_diff => 0.0595855
------------------------normalized = 0.254795 ----------------
performed mixing
Frob norm 1 after updating U: 6.76682
200 iterations
f(b) = 51.1474
Frob norm 2 after updating B : 6.76746
Iteration number -------- 191  -----------
lambda : 2.5796
max_diff => 0.0596056
------------------------normalized = 0.254818 ----------------
performed mixing
Frob norm 1 after updating U: 6.76744
200 iterations
f(b) = 51.1884
Frob norm 2 after updating B : 6.76778
Iteration number -------- 192  -----------
lambda : 2.59249
max_diff => 0.059617
------------------------normalized = 0.25483 ----------------
performed mixing
Frob norm 1 after updating U: 6.76776
200 iterations
f(b) = 51.16
Frob norm 2 after updating B : 6.76791
Iteration number -------- 193  -----------
lambda : 2.60546
max_diff => 0.0596305
------------------------normalized = 0.254835 ----------------
performed mixing
Frob norm 1 after updating U: 6.7679
200 iterations
f(b) = 51.1423
Frob norm 2 after updating B : 6.76695
Iteration number -------- 194  -----------
lambda : 2.61848
max_diff => 0.0598161
------------------------normalized = 0.254799 ----------------
performed mixing
Frob norm 1 after updating U: 6.76699
200 iterations
f(b) = 51.1652
Frob norm 2 after updating B : 6.77335
Iteration number -------- 195  -----------
lambda : 2.63158
max_diff => 0.0598888
------------------------normalized = 0.25504 ----------------
performed mixing
Frob norm 1 after updating U: 6.77327
200 iterations
f(b) = 51.2368
Frob norm 2 after updating B : 6.77496
Iteration number -------- 196  -----------
lambda : 2.64473
max_diff => 0.0599297
------------------------normalized = 0.255101 ----------------
performed mixing
Frob norm 1 after updating U: 6.7749
200 iterations
f(b) = 51.2613
Frob norm 2 after updating B : 6.77113
Iteration number -------- 197  -----------
lambda : 2.65796
max_diff => 0.0603113
------------------------normalized = 0.254956 ----------------
performed mixing
Frob norm 1 after updating U: 6.77265
200 iterations
f(b) = 51.2263
Frob norm 2 after updating B : 6.77878
Iteration number -------- 198  -----------
lambda : 2.67125
max_diff => 0.0603763
------------------------normalized = 0.255244 ----------------
performed mixing
Frob norm 1 after updating U: 6.779
200 iterations
f(b) = 51.2236
Frob norm 2 after updating B : 6.78319
Iteration number -------- 199  -----------
lambda : 2.6846
max_diff => 0.0604543
------------------------normalized = 0.255411 ----------------
performed mixing
Frob norm 1 after updating U: 6.78269
200 iterations
f(b) = 51.28
Frob norm 2 after updating B : 6.7833
Iteration number -------- 200  -----------
lambda : 2.69803
max_diff => 0.0604693
------------------------normalized = 0.255415 ----------------
