performing filtering
Academic license - for non-commercial use only
Frob norm 1 after updating U: 26.3614
200 iterations
f(b) = 171.283
Frob norm 2 after updating B : 12.6133
Iteration number -------- 1  -----------
lambda : 1
max_diff => 0.208669
------------------------normalized = 0.474933 ----------------
performed mixing
Frob norm 1 after updating U: 9.58573
200 iterations
f(b) = 144.512
Frob norm 2 after updating B : 11.6167
Iteration number -------- 2  -----------
lambda : 1.005
max_diff => 0.151223
------------------------normalized = 0.437407 ----------------
performed mixing
Frob norm 1 after updating U: 9.23042
200 iterations
f(b) = 125.021
Frob norm 2 after updating B : 10.8324
Iteration number -------- 3  -----------
lambda : 1.01002
max_diff => 0.11265
------------------------normalized = 0.407877 ----------------
performed mixing
Frob norm 1 after updating U: 8.96841
200 iterations
f(b) = 110.566
Frob norm 2 after updating B : 10.2285
Iteration number -------- 4  -----------
lambda : 1.01508
max_diff => 0.0760484
------------------------normalized = 0.385137 ----------------
performed mixing
Frob norm 1 after updating U: 8.80167
200 iterations
f(b) = 100.025
Frob norm 2 after updating B : 9.75287
Iteration number -------- 5  -----------
lambda : 1.02015
max_diff => 0.0669824
------------------------normalized = 0.367229 ----------------
performed mixing
Frob norm 1 after updating U: 8.65943
200 iterations
f(b) = 91.9854
Frob norm 2 after updating B : 9.38662
Iteration number -------- 6  -----------
lambda : 1.02525
max_diff => 0.068961
------------------------normalized = 0.353439 ----------------
performed mixing
Frob norm 1 after updating U: 8.51627
200 iterations
f(b) = 86.0683
Frob norm 2 after updating B : 9.08522
Iteration number -------- 7  -----------
lambda : 1.03038
max_diff => 0.0707575
------------------------normalized = 0.34209 ----------------
performed mixing
Frob norm 1 after updating U: 8.40764
200 iterations
f(b) = 81.3038
Frob norm 2 after updating B : 8.83752
Iteration number -------- 8  -----------
lambda : 1.03553
max_diff => 0.0711764
------------------------normalized = 0.332763 ----------------
performed mixing
Frob norm 1 after updating U: 8.25451
200 iterations
f(b) = 76.3062
Frob norm 2 after updating B : 8.54354
Iteration number -------- 9  -----------
lambda : 1.04071
max_diff => 0.0624969
------------------------normalized = 0.321694 ----------------
performed mixing
Frob norm 1 after updating U: 7.93224
200 iterations
f(b) = 72.0625
Frob norm 2 after updating B : 8.32043
Iteration number -------- 10  -----------
lambda : 1.04591
max_diff => 0.063045
------------------------normalized = 0.313293 ----------------
performed mixing
Frob norm 1 after updating U: 7.88962
200 iterations
f(b) = 69.6974
Frob norm 2 after updating B : 8.16914
Iteration number -------- 11  -----------
lambda : 1.05114
max_diff => 0.0706523
------------------------normalized = 0.307596 ----------------
performed mixing
Frob norm 1 after updating U: 7.84098
200 iterations
f(b) = 67.9653
Frob norm 2 after updating B : 8.04914
Iteration number -------- 12  -----------
lambda : 1.0564
max_diff => 0.0854305
------------------------normalized = 0.303078 ----------------
performed mixing
Frob norm 1 after updating U: 7.801
200 iterations
f(b) = 66.7864
Frob norm 2 after updating B : 7.95447
Iteration number -------- 13  -----------
lambda : 1.06168
max_diff => 0.100326
------------------------normalized = 0.299513 ----------------
performed mixing
Frob norm 1 after updating U: 7.77041
200 iterations
f(b) = 65.8952
Frob norm 2 after updating B : 7.88428
Iteration number -------- 14  -----------
lambda : 1.06699
max_diff => 0.116257
------------------------normalized = 0.296871 ----------------
performed mixing
Frob norm 1 after updating U: 7.74967
200 iterations
f(b) = 65.3375
Frob norm 2 after updating B : 7.83271
Iteration number -------- 15  -----------
lambda : 1.07232
max_diff => 0.130217
------------------------normalized = 0.294929 ----------------
performed mixing
Frob norm 1 after updating U: 7.73454
200 iterations
f(b) = 64.8875
Frob norm 2 after updating B : 7.79524
Iteration number -------- 16  -----------
lambda : 1.07768
max_diff => 0.144325
------------------------normalized = 0.293518 ----------------
performed mixing
Frob norm 1 after updating U: 7.72244
200 iterations
f(b) = 64.5723
Frob norm 2 after updating B : 7.76665
Iteration number -------- 17  -----------
lambda : 1.08307
max_diff => 0.157694
------------------------normalized = 0.292441 ----------------
performed mixing
Frob norm 1 after updating U: 7.71289
200 iterations
f(b) = 64.3219
Frob norm 2 after updating B : 7.74526
Iteration number -------- 18  -----------
lambda : 1.08849
max_diff => 0.17194
------------------------normalized = 0.291636 ----------------
performed mixing
Frob norm 1 after updating U: 7.70427
200 iterations
f(b) = 64.1384
Frob norm 2 after updating B : 7.72921
Iteration number -------- 19  -----------
lambda : 1.09393
max_diff => 0.185052
------------------------normalized = 0.291031 ----------------
performed mixing
Frob norm 1 after updating U: 7.69813
200 iterations
f(b) = 64.01
Frob norm 2 after updating B : 7.71655
Iteration number -------- 20  -----------
lambda : 1.0994
max_diff => 0.197629
------------------------normalized = 0.290555 ----------------
performed mixing
Frob norm 1 after updating U: 7.69239
200 iterations
f(b) = 63.8961
Frob norm 2 after updating B : 7.70722
Iteration number -------- 21  -----------
lambda : 1.1049
max_diff => 0.207766
------------------------normalized = 0.290203 ----------------
performed mixing
Frob norm 1 after updating U: 7.68845
200 iterations
f(b) = 63.8108
Frob norm 2 after updating B : 7.69994
Iteration number -------- 22  -----------
lambda : 1.11042
max_diff => 0.217641
------------------------normalized = 0.289929 ----------------
performed mixing
Frob norm 1 after updating U: 7.68479
200 iterations
f(b) = 63.7294
Frob norm 2 after updating B : 7.6934
Iteration number -------- 23  -----------
lambda : 1.11597
max_diff => 0.228768
------------------------normalized = 0.289683 ----------------
performed mixing
Frob norm 1 after updating U: 7.68051
200 iterations
f(b) = 63.6516
Frob norm 2 after updating B : 7.68704
Iteration number -------- 24  -----------
lambda : 1.12155
max_diff => 0.239461
------------------------normalized = 0.289444 ----------------
performed mixing
Frob norm 1 after updating U: 7.67583
200 iterations
f(b) = 63.6133
Frob norm 2 after updating B : 7.68245
Iteration number -------- 25  -----------
lambda : 1.12716
max_diff => 0.24451
------------------------normalized = 0.289271 ----------------
performed mixing
Frob norm 1 after updating U: 7.67336
200 iterations
f(b) = 63.5789
Frob norm 2 after updating B : 7.67936
Iteration number -------- 26  -----------
lambda : 1.1328
max_diff => 0.247927
------------------------normalized = 0.289155 ----------------
performed mixing
Frob norm 1 after updating U: 7.67159
200 iterations
f(b) = 63.5079
Frob norm 2 after updating B : 7.67581
Iteration number -------- 27  -----------
lambda : 1.13846
max_diff => 0.253721
------------------------normalized = 0.289021 ----------------
performed mixing
Frob norm 1 after updating U: 7.66775
200 iterations
f(b) = 63.5458
Frob norm 2 after updating B : 7.67341
Iteration number -------- 28  -----------
lambda : 1.14415
max_diff => 0.253958
------------------------normalized = 0.28893 ----------------
performed mixing
Frob norm 1 after updating U: 7.66751
200 iterations
f(b) = 63.4326
Frob norm 2 after updating B : 7.67179
Iteration number -------- 29  -----------
lambda : 1.14987
max_diff => 0.256904
------------------------normalized = 0.288869 ----------------
performed mixing
Frob norm 1 after updating U: 7.66487
200 iterations
f(b) = 63.4822
Frob norm 2 after updating B : 7.66981
Iteration number -------- 30  -----------
lambda : 1.15562
max_diff => 0.25694
------------------------normalized = 0.288795 ----------------
performed mixing
Frob norm 1 after updating U: 7.66469
200 iterations
f(b) = 63.3879
Frob norm 2 after updating B : 7.66838
Iteration number -------- 31  -----------
lambda : 1.1614
max_diff => 0.256882
------------------------normalized = 0.288741 ----------------
performed mixing
Frob norm 1 after updating U: 7.66445
200 iterations
f(b) = 63.4673
Frob norm 2 after updating B : 7.66758
Iteration number -------- 32  -----------
lambda : 1.16721
max_diff => 0.256851
------------------------normalized = 0.288711 ----------------
performed mixing
Frob norm 1 after updating U: 7.66436
200 iterations
f(b) = 63.3589
Frob norm 2 after updating B : 7.66805
Iteration number -------- 33  -----------
lambda : 1.17304
max_diff => 0.255686
------------------------normalized = 0.288729 ----------------
performed mixing
Frob norm 1 after updating U: 7.66279
200 iterations
f(b) = 63.4326
Frob norm 2 after updating B : 7.66677
Iteration number -------- 34  -----------
lambda : 1.17891
max_diff => 0.255539
------------------------normalized = 0.28868 ----------------
performed mixing
Frob norm 1 after updating U: 7.66277
200 iterations
f(b) = 63.3865
Frob norm 2 after updating B : 7.66601
Iteration number -------- 35  -----------
lambda : 1.1848
max_diff => 0.255145
------------------------normalized = 0.288652 ----------------
performed mixing
Frob norm 1 after updating U: 7.66269
200 iterations
f(b) = 63.4154
Frob norm 2 after updating B : 7.66528
Iteration number -------- 36  -----------
lambda : 1.19073
max_diff => 0.254778
------------------------normalized = 0.288624 ----------------
performed mixing
Frob norm 1 after updating U: 7.66262
200 iterations
f(b) = 63.1657
Frob norm 2 after updating B : 7.67871
Iteration number -------- 37  -----------
lambda : 1.19668
max_diff => 0.239928
------------------------normalized = 0.28913 ----------------
performed mixing
Frob norm 1 after updating U: 7.66243
200 iterations
f(b) = 63.1733
Frob norm 2 after updating B : 7.67329
Iteration number -------- 38  -----------
lambda : 1.20266
max_diff => 0.239541
------------------------normalized = 0.288926 ----------------
performed mixing
Frob norm 1 after updating U: 7.66221
200 iterations
f(b) = 63.0726
Frob norm 2 after updating B : 7.66488
Iteration number -------- 39  -----------
lambda : 1.20868
max_diff => 0.234677
------------------------normalized = 0.288609 ----------------
performed mixing
Frob norm 1 after updating U: 7.65995
200 iterations
f(b) = 63.068
Frob norm 2 after updating B : 7.66367
Iteration number -------- 40  -----------
lambda : 1.21472
max_diff => 0.234118
------------------------normalized = 0.288564 ----------------
performed mixing
Frob norm 1 after updating U: 7.65997
200 iterations
f(b) = 63.0975
Frob norm 2 after updating B : 7.6629
Iteration number -------- 41  -----------
lambda : 1.22079
max_diff => 0.233532
------------------------normalized = 0.288535 ----------------
performed mixing
Frob norm 1 after updating U: 7.66001
200 iterations
f(b) = 63.1347
Frob norm 2 after updating B : 7.66243
Iteration number -------- 42  -----------
lambda : 1.2269
max_diff => 0.233016
------------------------normalized = 0.288517 ----------------
performed mixing
Frob norm 1 after updating U: 7.6601
200 iterations
f(b) = 63.1534
Frob norm 2 after updating B : 7.66212
Iteration number -------- 43  -----------
lambda : 1.23303
max_diff => 0.232465
------------------------normalized = 0.288505 ----------------
performed mixing
Frob norm 1 after updating U: 7.66021
200 iterations
f(b) = 63.1426
Frob norm 2 after updating B : 7.66189
Iteration number -------- 44  -----------
lambda : 1.2392
max_diff => 0.231998
------------------------normalized = 0.288497 ----------------
performed mixing
Frob norm 1 after updating U: 7.66027
200 iterations
f(b) = 63.0887
Frob norm 2 after updating B : 7.66619
Iteration number -------- 45  -----------
lambda : 1.24539
max_diff => 0.223401
------------------------normalized = 0.288659 ----------------
performed mixing
Frob norm 1 after updating U: 7.66219
200 iterations
f(b) = 63.1262
Frob norm 2 after updating B : 7.66545
Iteration number -------- 46  -----------
lambda : 1.25162
max_diff => 0.222327
------------------------normalized = 0.288631 ----------------
performed mixing
Frob norm 1 after updating U: 7.6623
200 iterations
f(b) = 63.0949
Frob norm 2 after updating B : 7.66653
Iteration number -------- 47  -----------
lambda : 1.25788
max_diff => 0.219182
------------------------normalized = 0.288671 ----------------
performed mixing
Frob norm 1 after updating U: 7.66302
200 iterations
f(b) = 63.1272
Frob norm 2 after updating B : 7.66585
Iteration number -------- 48  -----------
lambda : 1.26417
max_diff => 0.218658
------------------------normalized = 0.288646 ----------------
performed mixing
Frob norm 1 after updating U: 7.6631
200 iterations
f(b) = 63.1419
Frob norm 2 after updating B : 7.6655
Iteration number -------- 49  -----------
lambda : 1.27049
max_diff => 0.217898
------------------------normalized = 0.288632 ----------------
performed mixing
Frob norm 1 after updating U: 7.66326
200 iterations
f(b) = 63.1404
Frob norm 2 after updating B : 7.66544
Iteration number -------- 50  -----------
lambda : 1.27684
max_diff => 0.217087
------------------------normalized = 0.28863 ----------------
performed mixing
Frob norm 1 after updating U: 7.66351
200 iterations
f(b) = 63.1269
Frob norm 2 after updating B : 7.66541
Iteration number -------- 51  -----------
lambda : 1.28323
max_diff => 0.216265
------------------------normalized = 0.288629 ----------------
performed mixing
Frob norm 1 after updating U: 7.66372
200 iterations
f(b) = 63.1756
Frob norm 2 after updating B : 7.66585
Iteration number -------- 52  -----------
lambda : 1.28964
max_diff => 0.215111
------------------------normalized = 0.288646 ----------------
performed mixing
Frob norm 1 after updating U: 7.66415
200 iterations
f(b) = 63.1845
Frob norm 2 after updating B : 7.66593
Iteration number -------- 53  -----------
lambda : 1.29609
max_diff => 0.214227
------------------------normalized = 0.288649 ----------------
performed mixing
Frob norm 1 after updating U: 7.66442
200 iterations
f(b) = 63.1521
Frob norm 2 after updating B : 7.66752
Iteration number -------- 54  -----------
lambda : 1.30257
max_diff => 0.210728
------------------------normalized = 0.288709 ----------------
performed mixing
Frob norm 1 after updating U: 7.66546
200 iterations
f(b) = 63.1195
Frob norm 2 after updating B : 7.66745
Iteration number -------- 55  -----------
lambda : 1.30908
max_diff => 0.209302
------------------------normalized = 0.288706 ----------------
performed mixing
Frob norm 1 after updating U: 7.66561
200 iterations
f(b) = 63.1925
Frob norm 2 after updating B : 7.66794
Iteration number -------- 56  -----------
lambda : 1.31563
max_diff => 0.208156
------------------------normalized = 0.288725 ----------------
performed mixing
Frob norm 1 after updating U: 7.66623
200 iterations
f(b) = 63.1955
Frob norm 2 after updating B : 7.66788
Iteration number -------- 57  -----------
lambda : 1.32221
max_diff => 0.20729
------------------------normalized = 0.288722 ----------------
performed mixing
Frob norm 1 after updating U: 7.66644
200 iterations
f(b) = 63.131
Frob norm 2 after updating B : 7.67303
Iteration number -------- 58  -----------
lambda : 1.32882
max_diff => 0.1962
------------------------normalized = 0.288916 ----------------
performed mixing
Frob norm 1 after updating U: 7.66964
200 iterations
f(b) = 63.1963
Frob norm 2 after updating B : 7.67243
Iteration number -------- 59  -----------
lambda : 1.33546
max_diff => 0.195678
------------------------normalized = 0.288893 ----------------
performed mixing
Frob norm 1 after updating U: 7.66979
200 iterations
f(b) = 63.1329
Frob norm 2 after updating B : 7.67226
Iteration number -------- 60  -----------
lambda : 1.34214
max_diff => 0.194074
------------------------normalized = 0.288887 ----------------
performed mixing
Frob norm 1 after updating U: 7.6701
200 iterations
f(b) = 63.1943
Frob norm 2 after updating B : 7.6726
Iteration number -------- 61  -----------
lambda : 1.34885
max_diff => 0.192389
------------------------normalized = 0.2889 ----------------
performed mixing
Frob norm 1 after updating U: 7.67063
200 iterations
f(b) = 63.19
Frob norm 2 after updating B : 7.67263
Iteration number -------- 62  -----------
lambda : 1.35559
max_diff => 0.191345
------------------------normalized = 0.288901 ----------------
performed mixing
Frob norm 1 after updating U: 7.67089
200 iterations
f(b) = 63.2023
Frob norm 2 after updating B : 7.67314
Iteration number -------- 63  -----------
lambda : 1.36237
max_diff => 0.189859
------------------------normalized = 0.28892 ----------------
performed mixing
Frob norm 1 after updating U: 7.67147
200 iterations
f(b) = 63.23
Frob norm 2 after updating B : 7.67327
Iteration number -------- 64  -----------
lambda : 1.36918
max_diff => 0.189127
------------------------normalized = 0.288925 ----------------
performed mixing
Frob norm 1 after updating U: 7.67179
200 iterations
f(b) = 63.2154
Frob norm 2 after updating B : 7.6745
Iteration number -------- 65  -----------
lambda : 1.37603
max_diff => 0.187076
------------------------normalized = 0.288971 ----------------
performed mixing
Frob norm 1 after updating U: 7.67274
200 iterations
f(b) = 63.2338
Frob norm 2 after updating B : 7.67462
Iteration number -------- 66  -----------
lambda : 1.38291
max_diff => 0.186002
------------------------normalized = 0.288976 ----------------
performed mixing
Frob norm 1 after updating U: 7.67307
200 iterations
f(b) = 63.2193
Frob norm 2 after updating B : 7.67485
Iteration number -------- 67  -----------
lambda : 1.38982
max_diff => 0.185085
------------------------normalized = 0.288985 ----------------
performed mixing
Frob norm 1 after updating U: 7.67347
200 iterations
f(b) = 63.1445
Frob norm 2 after updating B : 7.67496
Iteration number -------- 68  -----------
lambda : 1.39677
max_diff => 0.184189
------------------------normalized = 0.288989 ----------------
performed mixing
Frob norm 1 after updating U: 7.67373
200 iterations
f(b) = 63.0285
Frob norm 2 after updating B : 7.70275
Iteration number -------- 69  -----------
lambda : 1.40376
max_diff => 0.145273
------------------------normalized = 0.290035 ----------------
performed mixing
Frob norm 1 after updating U: 7.69
200 iterations
f(b) = 63.0282
Frob norm 2 after updating B : 7.69772
Iteration number -------- 70  -----------
lambda : 1.41078
max_diff => 0.144802
------------------------normalized = 0.289846 ----------------
performed mixing
Frob norm 1 after updating U: 7.68954
200 iterations
f(b) = 62.9787
Frob norm 2 after updating B : 7.69534
Iteration number -------- 71  -----------
lambda : 1.41783
max_diff => 0.144537
------------------------normalized = 0.289756 ----------------
performed mixing
Frob norm 1 after updating U: 7.68953
200 iterations
f(b) = 62.9693
Frob norm 2 after updating B : 7.69186
Iteration number -------- 72  -----------
lambda : 1.42492
max_diff => 0.142923
------------------------normalized = 0.289625 ----------------
performed mixing
Frob norm 1 after updating U: 7.68782
200 iterations
f(b) = 63.0267
Frob norm 2 after updating B : 7.6922
Iteration number -------- 73  -----------
lambda : 1.43204
max_diff => 0.14153
------------------------normalized = 0.289638 ----------------
performed mixing
Frob norm 1 after updating U: 7.68904
200 iterations
f(b) = 62.9015
Frob norm 2 after updating B : 7.69161
Iteration number -------- 74  -----------
lambda : 1.4392
max_diff => 0.140944
------------------------normalized = 0.289616 ----------------
performed mixing
Frob norm 1 after updating U: 7.68917
200 iterations
f(b) = 63.0336
Frob norm 2 after updating B : 7.69128
Iteration number -------- 75  -----------
lambda : 1.4464
max_diff => 0.140657
------------------------normalized = 0.289603 ----------------
performed mixing
Frob norm 1 after updating U: 7.68934
200 iterations
f(b) = 63.0658
Frob norm 2 after updating B : 7.69129
Iteration number -------- 76  -----------
lambda : 1.45363
max_diff => 0.140076
------------------------normalized = 0.289604 ----------------
performed mixing
Frob norm 1 after updating U: 7.68968
200 iterations
f(b) = 63.049
Frob norm 2 after updating B : 7.69114
Iteration number -------- 77  -----------
lambda : 1.4609
max_diff => 0.139725
------------------------normalized = 0.289598 ----------------
performed mixing
Frob norm 1 after updating U: 7.68983
200 iterations
f(b) = 63.0604
Frob norm 2 after updating B : 7.69162
Iteration number -------- 78  -----------
lambda : 1.46821
max_diff => 0.138581
------------------------normalized = 0.289616 ----------------
performed mixing
Frob norm 1 after updating U: 7.69024
200 iterations
f(b) = 63.0372
Frob norm 2 after updating B : 7.69184
Iteration number -------- 79  -----------
lambda : 1.47555
max_diff => 0.137888
------------------------normalized = 0.289624 ----------------
performed mixing
Frob norm 1 after updating U: 7.69063
200 iterations
f(b) = 62.9825
Frob norm 2 after updating B : 7.69148
Iteration number -------- 80  -----------
lambda : 1.48292
max_diff => 0.136703
------------------------normalized = 0.289611 ----------------
performed mixing
Frob norm 1 after updating U: 7.69027
200 iterations
f(b) = 63.1153
Frob norm 2 after updating B : 7.69238
Iteration number -------- 81  -----------
lambda : 1.49034
max_diff => 0.136045
------------------------normalized = 0.289645 ----------------
performed mixing
Frob norm 1 after updating U: 7.69126
200 iterations
f(b) = 63.1275
Frob norm 2 after updating B : 7.69276
Iteration number -------- 82  -----------
lambda : 1.49779
max_diff => 0.135505
------------------------normalized = 0.289659 ----------------
performed mixing
Frob norm 1 after updating U: 7.69175
200 iterations
f(b) = 63.1177
Frob norm 2 after updating B : 7.69306
Iteration number -------- 83  -----------
lambda : 1.50528
max_diff => 0.134697
------------------------normalized = 0.28967 ----------------
performed mixing
Frob norm 1 after updating U: 7.69213
200 iterations
f(b) = 63.1763
Frob norm 2 after updating B : 7.69348
Iteration number -------- 84  -----------
lambda : 1.51281
max_diff => 0.134244
------------------------normalized = 0.289686 ----------------
performed mixing
Frob norm 1 after updating U: 7.69256
200 iterations
f(b) = 63.1304
Frob norm 2 after updating B : 7.69374
Iteration number -------- 85  -----------
lambda : 1.52037
max_diff => 0.133384
------------------------normalized = 0.289696 ----------------
performed mixing
Frob norm 1 after updating U: 7.6929
200 iterations
f(b) = 63.1827
Frob norm 2 after updating B : 7.69386
Iteration number -------- 86  -----------
lambda : 1.52797
max_diff => 0.133112
------------------------normalized = 0.2897 ----------------
performed mixing
Frob norm 1 after updating U: 7.69313
200 iterations
f(b) = 63.1788
Frob norm 2 after updating B : 7.69415
Iteration number -------- 87  -----------
lambda : 1.53561
max_diff => 0.132701
------------------------normalized = 0.289711 ----------------
performed mixing
Frob norm 1 after updating U: 7.69344
200 iterations
f(b) = 63.097
Frob norm 2 after updating B : 7.69444
Iteration number -------- 88  -----------
lambda : 1.54329
max_diff => 0.132166
------------------------normalized = 0.289722 ----------------
performed mixing
Frob norm 1 after updating U: 7.69375
200 iterations
f(b) = 63.1908
Frob norm 2 after updating B : 7.69509
Iteration number -------- 89  -----------
lambda : 1.55101
max_diff => 0.131519
------------------------normalized = 0.289747 ----------------
performed mixing
Frob norm 1 after updating U: 7.69432
200 iterations
f(b) = 63.206
Frob norm 2 after updating B : 7.69717
Iteration number -------- 90  -----------
lambda : 1.55876
max_diff => 0.129887
------------------------normalized = 0.289825 ----------------
performed mixing
Frob norm 1 after updating U: 7.69585
200 iterations
f(b) = 63.2416
Frob norm 2 after updating B : 7.69735
Iteration number -------- 91  -----------
lambda : 1.56655
max_diff => 0.12942
------------------------normalized = 0.289832 ----------------
performed mixing
Frob norm 1 after updating U: 7.6962
200 iterations
f(b) = 63.2511
Frob norm 2 after updating B : 7.69757
Iteration number -------- 92  -----------
lambda : 1.57439
max_diff => 0.128937
------------------------normalized = 0.28984 ----------------
performed mixing
Frob norm 1 after updating U: 7.69651
200 iterations
f(b) = 63.1252
Frob norm 2 after updating B : 7.69771
Iteration number -------- 93  -----------
lambda : 1.58226
max_diff => 0.128312
------------------------normalized = 0.289846 ----------------
performed mixing
Frob norm 1 after updating U: 7.69679
200 iterations
f(b) = 63.1546
Frob norm 2 after updating B : 7.69836
Iteration number -------- 94  -----------
lambda : 1.59017
max_diff => 0.126767
------------------------normalized = 0.28987 ----------------
performed mixing
Frob norm 1 after updating U: 7.69731
200 iterations
f(b) = 63.2407
Frob norm 2 after updating B : 7.69887
Iteration number -------- 95  -----------
lambda : 1.59812
max_diff => 0.126262
------------------------normalized = 0.289889 ----------------
performed mixing
Frob norm 1 after updating U: 7.69793
200 iterations
f(b) = 63.3219
Frob norm 2 after updating B : 7.69927
Iteration number -------- 96  -----------
lambda : 1.60611
max_diff => 0.125866
------------------------normalized = 0.289904 ----------------
performed mixing
Frob norm 1 after updating U: 7.69841
200 iterations
f(b) = 63.3326
Frob norm 2 after updating B : 7.69991
Iteration number -------- 97  -----------
lambda : 1.61414
max_diff => 0.125222
------------------------normalized = 0.289928 ----------------
performed mixing
Frob norm 1 after updating U: 7.69902
200 iterations
f(b) = 63.2834
Frob norm 2 after updating B : 7.70011
Iteration number -------- 98  -----------
lambda : 1.62221
max_diff => 0.124683
------------------------normalized = 0.289936 ----------------
performed mixing
Frob norm 1 after updating U: 7.69931
200 iterations
f(b) = 63.3071
Frob norm 2 after updating B : 7.70047
Iteration number -------- 99  -----------
lambda : 1.63032
max_diff => 0.124088
------------------------normalized = 0.289949 ----------------
performed mixing
Frob norm 1 after updating U: 7.69971
200 iterations
f(b) = 63.3724
Frob norm 2 after updating B : 7.70071
Iteration number -------- 100  -----------
lambda : 1.63848
max_diff => 0.123674
------------------------normalized = 0.289959 ----------------
performed mixing
Frob norm 1 after updating U: 7.70002
200 iterations
f(b) = 63.3049
Frob norm 2 after updating B : 7.7016
Iteration number -------- 101  -----------
lambda : 1.64667
max_diff => 0.122846
------------------------normalized = 0.289992 ----------------
performed mixing
Frob norm 1 after updating U: 7.70074
200 iterations
f(b) = 63.2619
Frob norm 2 after updating B : 7.69984
Iteration number -------- 102  -----------
lambda : 1.6549
max_diff => 0.11821
------------------------normalized = 0.289926 ----------------
performed mixing
Frob norm 1 after updating U: 7.69887
200 iterations
f(b) = 63.3616
Frob norm 2 after updating B : 7.70279
Iteration number -------- 103  -----------
lambda : 1.66318
max_diff => 0.116843
------------------------normalized = 0.290037 ----------------
performed mixing
Frob norm 1 after updating U: 7.70167
200 iterations
f(b) = 63.3892
Frob norm 2 after updating B : 7.70352
Iteration number -------- 104  -----------
lambda : 1.67149
max_diff => 0.116025
------------------------normalized = 0.290064 ----------------
performed mixing
Frob norm 1 after updating U: 7.70252
200 iterations
f(b) = 63.3794
Frob norm 2 after updating B : 7.70417
Iteration number -------- 105  -----------
lambda : 1.67985
max_diff => 0.115341
------------------------normalized = 0.290089 ----------------
performed mixing
Frob norm 1 after updating U: 7.70325
200 iterations
f(b) = 63.3979
Frob norm 2 after updating B : 7.7054
Iteration number -------- 106  -----------
lambda : 1.68825
max_diff => 0.114445
------------------------normalized = 0.290135 ----------------
performed mixing
Frob norm 1 after updating U: 7.70441
200 iterations
f(b) = 63.3791
Frob norm 2 after updating B : 7.70599
Iteration number -------- 107  -----------
lambda : 1.69669
max_diff => 0.11378
------------------------normalized = 0.290157 ----------------
performed mixing
Frob norm 1 after updating U: 7.70505
200 iterations
f(b) = 63.457
Frob norm 2 after updating B : 7.70659
Iteration number -------- 108  -----------
lambda : 1.70517
max_diff => 0.113238
------------------------normalized = 0.29018 ----------------
performed mixing
Frob norm 1 after updating U: 7.70559
200 iterations
f(b) = 63.4498
Frob norm 2 after updating B : 7.70718
Iteration number -------- 109  -----------
lambda : 1.7137
max_diff => 0.112593
------------------------normalized = 0.290202 ----------------
performed mixing
Frob norm 1 after updating U: 7.70621
200 iterations
f(b) = 63.4287
Frob norm 2 after updating B : 7.70823
Iteration number -------- 110  -----------
lambda : 1.72227
max_diff => 0.111372
------------------------normalized = 0.290242 ----------------
performed mixing
Frob norm 1 after updating U: 7.70716
200 iterations
f(b) = 63.4673
Frob norm 2 after updating B : 7.70869
Iteration number -------- 111  -----------
lambda : 1.73088
max_diff => 0.110574
------------------------normalized = 0.290259 ----------------
performed mixing
Frob norm 1 after updating U: 7.7078
200 iterations
f(b) = 63.5045
Frob norm 2 after updating B : 7.70944
Iteration number -------- 112  -----------
lambda : 1.73953
max_diff => 0.109934
------------------------normalized = 0.290287 ----------------
performed mixing
Frob norm 1 after updating U: 7.70859
200 iterations
f(b) = 63.5037
Frob norm 2 after updating B : 7.70994
Iteration number -------- 113  -----------
lambda : 1.74823
max_diff => 0.109413
------------------------normalized = 0.290306 ----------------
performed mixing
Frob norm 1 after updating U: 7.70914
200 iterations
f(b) = 63.5361
Frob norm 2 after updating B : 7.71023
Iteration number -------- 114  -----------
lambda : 1.75697
max_diff => 0.108941
------------------------normalized = 0.290317 ----------------
performed mixing
Frob norm 1 after updating U: 7.70953
200 iterations
f(b) = 63.5615
Frob norm 2 after updating B : 7.71046
Iteration number -------- 115  -----------
lambda : 1.76576
max_diff => 0.108571
------------------------normalized = 0.290325 ----------------
performed mixing
Frob norm 1 after updating U: 7.70986
200 iterations
f(b) = 63.5018
Frob norm 2 after updating B : 7.71127
Iteration number -------- 116  -----------
lambda : 1.77459
max_diff => 0.107662
------------------------normalized = 0.290356 ----------------
performed mixing
Frob norm 1 after updating U: 7.7106
200 iterations
f(b) = 63.5726
Frob norm 2 after updating B : 7.71195
Iteration number -------- 117  -----------
lambda : 1.78346
max_diff => 0.106957
------------------------normalized = 0.290382 ----------------
performed mixing
Frob norm 1 after updating U: 7.71128
200 iterations
f(b) = 63.5662
Frob norm 2 after updating B : 7.7125
Iteration number -------- 118  -----------
lambda : 1.79238
max_diff => 0.106306
------------------------normalized = 0.290402 ----------------
performed mixing
Frob norm 1 after updating U: 7.71188
200 iterations
f(b) = 63.5754
Frob norm 2 after updating B : 7.71297
Iteration number -------- 119  -----------
lambda : 1.80134
max_diff => 0.105593
------------------------normalized = 0.29042 ----------------
performed mixing
Frob norm 1 after updating U: 7.71238
200 iterations
f(b) = 63.5467
Frob norm 2 after updating B : 7.71569
Iteration number -------- 120  -----------
lambda : 1.81035
max_diff => 0.103516
------------------------normalized = 0.290522 ----------------
performed mixing
Frob norm 1 after updating U: 7.715
200 iterations
f(b) = 63.5546
Frob norm 2 after updating B : 7.71567
Iteration number -------- 121  -----------
lambda : 1.8194
max_diff => 0.103022
------------------------normalized = 0.290522 ----------------
performed mixing
Frob norm 1 after updating U: 7.71513
200 iterations
f(b) = 63.5954
Frob norm 2 after updating B : 7.71627
Iteration number -------- 122  -----------
lambda : 1.82849
max_diff => 0.10227
------------------------normalized = 0.290544 ----------------
performed mixing
Frob norm 1 after updating U: 7.71581
200 iterations
f(b) = 63.6565
Frob norm 2 after updating B : 7.71641
Iteration number -------- 123  -----------
lambda : 1.83764
max_diff => 0.101975
------------------------normalized = 0.290549 ----------------
performed mixing
Frob norm 1 after updating U: 7.71604
200 iterations
f(b) = 63.6467
Frob norm 2 after updating B : 7.71698
Iteration number -------- 124  -----------
lambda : 1.84682
max_diff => 0.101246
------------------------normalized = 0.290571 ----------------
performed mixing
Frob norm 1 after updating U: 7.71668
200 iterations
f(b) = 63.6413
Frob norm 2 after updating B : 7.71714
Iteration number -------- 125  -----------
lambda : 1.85606
max_diff => 0.10085
------------------------normalized = 0.290577 ----------------
performed mixing
Frob norm 1 after updating U: 7.71691
200 iterations
f(b) = 63.5208
Frob norm 2 after updating B : 7.71757
Iteration number -------- 126  -----------
lambda : 1.86534
max_diff => 0.0992682
------------------------normalized = 0.290593 ----------------
performed mixing
Frob norm 1 after updating U: 7.71746
200 iterations
f(b) = 63.6674
Frob norm 2 after updating B : 7.71913
Iteration number -------- 127  -----------
lambda : 1.87467
max_diff => 0.0984093
------------------------normalized = 0.290652 ----------------
performed mixing
Frob norm 1 after updating U: 7.71891
200 iterations
f(b) = 63.5704
Frob norm 2 after updating B : 7.7162
Iteration number -------- 128  -----------
lambda : 1.88404
max_diff => 0.0966517
------------------------normalized = 0.290542 ----------------
performed mixing
Frob norm 1 after updating U: 7.71605
200 iterations
f(b) = 63.6735
Frob norm 2 after updating B : 7.72051
Iteration number -------- 129  -----------
lambda : 1.89346
max_diff => 0.0953618
------------------------normalized = 0.290704 ----------------
performed mixing
Frob norm 1 after updating U: 7.72025
200 iterations
f(b) = 63.5501
Frob norm 2 after updating B : 7.72121
Iteration number -------- 130  -----------
lambda : 1.90293
max_diff => 0.0943881
------------------------normalized = 0.29073 ----------------
performed mixing
Frob norm 1 after updating U: 7.72098
200 iterations
f(b) = 63.6803
Frob norm 2 after updating B : 7.72223
Iteration number -------- 131  -----------
lambda : 1.91244
max_diff => 0.0938212
------------------------normalized = 0.290769 ----------------
performed mixing
Frob norm 1 after updating U: 7.72202
200 iterations
f(b) = 63.7154
Frob norm 2 after updating B : 7.72281
Iteration number -------- 132  -----------
lambda : 1.922
max_diff => 0.0932021
------------------------normalized = 0.29079 ----------------
performed mixing
Frob norm 1 after updating U: 7.72262
200 iterations
f(b) = 63.5933
Frob norm 2 after updating B : 7.7189
Iteration number -------- 133  -----------
lambda : 1.93161
max_diff => 0.0917567
------------------------normalized = 0.290643 ----------------
performed mixing
Frob norm 1 after updating U: 7.71859
200 iterations
f(b) = 63.6647
Frob norm 2 after updating B : 7.72358
Iteration number -------- 134  -----------
lambda : 1.94127
max_diff => 0.0901488
------------------------normalized = 0.290819 ----------------
performed mixing
Frob norm 1 after updating U: 7.72323
200 iterations
f(b) = 63.7565
Frob norm 2 after updating B : 7.72432
Iteration number -------- 135  -----------
lambda : 1.95098
max_diff => 0.0895972
------------------------normalized = 0.290847 ----------------
performed mixing
Frob norm 1 after updating U: 7.72404
200 iterations
f(b) = 63.5912
Frob norm 2 after updating B : 7.7249
Iteration number -------- 136  -----------
lambda : 1.96073
max_diff => 0.0887401
------------------------normalized = 0.290869 ----------------
performed mixing
Frob norm 1 after updating U: 7.72467
200 iterations
f(b) = 63.7207
Frob norm 2 after updating B : 7.72575
Iteration number -------- 137  -----------
lambda : 1.97054
max_diff => 0.0881439
------------------------normalized = 0.290901 ----------------
performed mixing
Frob norm 1 after updating U: 7.72556
200 iterations
f(b) = 63.7275
Frob norm 2 after updating B : 7.72606
Iteration number -------- 138  -----------
lambda : 1.98039
max_diff => 0.0877074
------------------------normalized = 0.290913 ----------------
performed mixing
Frob norm 1 after updating U: 7.72589
200 iterations
f(b) = 63.7581
Frob norm 2 after updating B : 7.72631
Iteration number -------- 139  -----------
lambda : 1.99029
max_diff => 0.0871405
------------------------normalized = 0.290922 ----------------
performed mixing
Frob norm 1 after updating U: 7.72615
200 iterations
f(b) = 63.7571
Frob norm 2 after updating B : 7.72656
Iteration number -------- 140  -----------
lambda : 2.00024
max_diff => 0.0866709
------------------------normalized = 0.290932 ----------------
performed mixing
Frob norm 1 after updating U: 7.72642
200 iterations
f(b) = 63.833
Frob norm 2 after updating B : 7.7268
Iteration number -------- 141  -----------
lambda : 2.01024
max_diff => 0.0863774
------------------------normalized = 0.290941 ----------------
performed mixing
Frob norm 1 after updating U: 7.72669
200 iterations
f(b) = 63.588
Frob norm 2 after updating B : 7.72698
Iteration number -------- 142  -----------
lambda : 2.02029
max_diff => 0.0853746
------------------------normalized = 0.290948 ----------------
performed mixing
Frob norm 1 after updating U: 7.72685
200 iterations
f(b) = 63.6204
Frob norm 2 after updating B : 7.72627
Iteration number -------- 143  -----------
lambda : 2.0304
max_diff => 0.0821966
------------------------normalized = 0.290921 ----------------
performed mixing
Frob norm 1 after updating U: 7.72595
200 iterations
f(b) = 63.6827
Frob norm 2 after updating B : 7.72967
Iteration number -------- 144  -----------
lambda : 2.04055
max_diff => 0.0803813
------------------------normalized = 0.291049 ----------------
performed mixing
Frob norm 1 after updating U: 7.72927
200 iterations
f(b) = 63.5855
Frob norm 2 after updating B : 7.72967
Iteration number -------- 145  -----------
lambda : 2.05075
max_diff => 0.0773263
------------------------normalized = 0.291049 ----------------
performed mixing
Frob norm 1 after updating U: 7.7287
200 iterations
f(b) = 63.6861
Frob norm 2 after updating B : 7.73026
Iteration number -------- 146  -----------
lambda : 2.061
max_diff => 0.0766498
------------------------normalized = 0.291071 ----------------
performed mixing
Frob norm 1 after updating U: 7.72951
200 iterations
f(b) = 63.7213
Frob norm 2 after updating B : 7.73037
Iteration number -------- 147  -----------
lambda : 2.07131
max_diff => 0.0762204
------------------------normalized = 0.291075 ----------------
performed mixing
Frob norm 1 after updating U: 7.72982
200 iterations
f(b) = 63.6658
Frob norm 2 after updating B : 7.73014
Iteration number -------- 148  -----------
lambda : 2.08167
max_diff => 0.0754335
------------------------normalized = 0.291067 ----------------
performed mixing
Frob norm 1 after updating U: 7.72967
200 iterations
f(b) = 63.7152
Frob norm 2 after updating B : 7.73062
Iteration number -------- 149  -----------
lambda : 2.09207
max_diff => 0.0746371
------------------------normalized = 0.291085 ----------------
performed mixing
Frob norm 1 after updating U: 7.7302
200 iterations
f(b) = 63.5574
Frob norm 2 after updating B : 7.73136
Iteration number -------- 150  -----------
lambda : 2.10253
max_diff => 0.071773
------------------------normalized = 0.291112 ----------------
performed mixing
Frob norm 1 after updating U: 7.73071
200 iterations
f(b) = 63.6235
Frob norm 2 after updating B : 7.73124
Iteration number -------- 151  -----------
lambda : 2.11305
max_diff => 0.0703984
------------------------normalized = 0.291108 ----------------
performed mixing
Frob norm 1 after updating U: 7.73058
200 iterations
f(b) = 63.0338
Frob norm 2 after updating B : 7.74525
Iteration number -------- 152  -----------
lambda : 2.12361
max_diff => 0.0441563
------------------------normalized = 0.291636 ----------------
performed mixing
Frob norm 1 after updating U: 7.73147
200 iterations
f(b) = 62.2863
Frob norm 2 after updating B : 7.72005
Iteration number -------- 153  -----------
lambda : 2.13423
max_diff => 0.0447917
------------------------normalized = 0.290687 ----------------
performed mixing
Frob norm 1 after updating U: 7.70618
200 iterations
f(b) = 62.3708
Frob norm 2 after updating B : 7.71601
Iteration number -------- 154  -----------
lambda : 2.1449
max_diff => 0.0447502
------------------------normalized = 0.290535 ----------------
performed mixing
Frob norm 1 after updating U: 7.70714
200 iterations
f(b) = 62.3112
Frob norm 2 after updating B : 7.71294
Iteration number -------- 155  -----------
lambda : 2.15563
max_diff => 0.0447407
------------------------normalized = 0.290419 ----------------
performed mixing
Frob norm 1 after updating U: 7.70725
200 iterations
f(b) = 62.319
Frob norm 2 after updating B : 7.71194
Iteration number -------- 156  -----------
lambda : 2.1664
max_diff => 0.0446935
------------------------normalized = 0.290381 ----------------
performed mixing
Frob norm 1 after updating U: 7.70829
200 iterations
f(b) = 62.34
Frob norm 2 after updating B : 7.71124
Iteration number -------- 157  -----------
lambda : 2.17724
max_diff => 0.0446678
------------------------normalized = 0.290355 ----------------
performed mixing
Frob norm 1 after updating U: 7.70889
200 iterations
f(b) = 62.3083
Frob norm 2 after updating B : 7.7107
Iteration number -------- 158  -----------
lambda : 2.18812
max_diff => 0.0446512
------------------------normalized = 0.290334 ----------------
performed mixing
Frob norm 1 after updating U: 7.70918
200 iterations
f(b) = 62.3795
Frob norm 2 after updating B : 7.71055
Iteration number -------- 159  -----------
lambda : 2.19906
max_diff => 0.044635
------------------------normalized = 0.290329 ----------------
performed mixing
Frob norm 1 after updating U: 7.70962
200 iterations
f(b) = 62.0914
Frob norm 2 after updating B : 7.71057
Iteration number -------- 160  -----------
lambda : 2.21006
max_diff => 0.0446079
------------------------normalized = 0.290329 ----------------
performed mixing
Frob norm 1 after updating U: 7.70994
200 iterations
f(b) = 62.3504
Frob norm 2 after updating B : 7.71106
Iteration number -------- 161  -----------
lambda : 2.22111
max_diff => 0.0445783
------------------------normalized = 0.290348 ----------------
performed mixing
Frob norm 1 after updating U: 7.71066
200 iterations
f(b) = 62.2218
Frob norm 2 after updating B : 7.7111
Iteration number -------- 162  -----------
lambda : 2.23221
max_diff => 0.0444927
------------------------normalized = 0.29035 ----------------
performed mixing
Frob norm 1 after updating U: 7.71092
200 iterations
f(b) = 62.3581
Frob norm 2 after updating B : 7.71334
Iteration number -------- 163  -----------
lambda : 2.24338
max_diff => 0.0444631
------------------------normalized = 0.290434 ----------------
performed mixing
Frob norm 1 after updating U: 7.71314
200 iterations
f(b) = 62.3326
Frob norm 2 after updating B : 7.71392
Iteration number -------- 164  -----------
lambda : 2.25459
max_diff => 0.044435
------------------------normalized = 0.290456 ----------------
performed mixing
Frob norm 1 after updating U: 7.71379
200 iterations
f(b) = 62.1721
Frob norm 2 after updating B : 7.71397
Iteration number -------- 165  -----------
lambda : 2.26587
max_diff => 0.0444161
------------------------normalized = 0.290458 ----------------
performed mixing
Frob norm 1 after updating U: 7.71388
200 iterations
f(b) = 62.409
Frob norm 2 after updating B : 7.71473
Iteration number -------- 166  -----------
lambda : 2.27719
max_diff => 0.0443952
------------------------normalized = 0.290486 ----------------
performed mixing
Frob norm 1 after updating U: 7.71468
200 iterations
f(b) = 62.3932
Frob norm 2 after updating B : 7.71511
Iteration number -------- 167  -----------
lambda : 2.28858
max_diff => 0.0443756
------------------------normalized = 0.290501 ----------------
performed mixing
Frob norm 1 after updating U: 7.71507
200 iterations
f(b) = 62.4222
Frob norm 2 after updating B : 7.71528
Iteration number -------- 168  -----------
lambda : 2.30002
max_diff => 0.0443583
------------------------normalized = 0.290507 ----------------
performed mixing
Frob norm 1 after updating U: 7.71526
200 iterations
f(b) = 62.451
Frob norm 2 after updating B : 7.71576
Iteration number -------- 169  -----------
lambda : 2.31152
max_diff => 0.0443423
------------------------normalized = 0.290525 ----------------
performed mixing
Frob norm 1 after updating U: 7.71575
200 iterations
f(b) = 62.4921
Frob norm 2 after updating B : 7.71625
Iteration number -------- 170  -----------
lambda : 2.32308
max_diff => 0.0443203
------------------------normalized = 0.290544 ----------------
performed mixing
Frob norm 1 after updating U: 7.71622
200 iterations
f(b) = 62.2513
Frob norm 2 after updating B : 7.71512
Iteration number -------- 171  -----------
lambda : 2.3347
max_diff => 0.0442931
------------------------normalized = 0.290501 ----------------
performed mixing
Frob norm 1 after updating U: 7.71516
200 iterations
f(b) = 62.3887
Frob norm 2 after updating B : 7.71712
Iteration number -------- 172  -----------
lambda : 2.34637
max_diff => 0.0442592
------------------------normalized = 0.290576 ----------------
performed mixing
Frob norm 1 after updating U: 7.71713
200 iterations
f(b) = 62.312
Frob norm 2 after updating B : 7.71822
Iteration number -------- 173  -----------
lambda : 2.3581
max_diff => 0.0442223
------------------------normalized = 0.290618 ----------------
performed mixing
Frob norm 1 after updating U: 7.71819
200 iterations
f(b) = 62.3174
Frob norm 2 after updating B : 7.71858
Iteration number -------- 174  -----------
lambda : 2.36989
max_diff => 0.0442124
------------------------normalized = 0.290631 ----------------
performed mixing
Frob norm 1 after updating U: 7.71857
200 iterations
f(b) = 62.56
Frob norm 2 after updating B : 7.71873
Iteration number -------- 175  -----------
lambda : 2.38174
max_diff => 0.0442056
------------------------normalized = 0.290637 ----------------
performed mixing
Frob norm 1 after updating U: 7.7187
200 iterations
f(b) = 62.5286
Frob norm 2 after updating B : 7.71898
Iteration number -------- 176  -----------
lambda : 2.39365
max_diff => 0.0441873
------------------------normalized = 0.290646 ----------------
performed mixing
Frob norm 1 after updating U: 7.71897
200 iterations
f(b) = 62.4304
Frob norm 2 after updating B : 7.71957
Iteration number -------- 177  -----------
lambda : 2.40562
max_diff => 0.0441687
------------------------normalized = 0.290669 ----------------
performed mixing
Frob norm 1 after updating U: 7.71957
200 iterations
f(b) = 62.5381
Frob norm 2 after updating B : 7.71993
Iteration number -------- 178  -----------
lambda : 2.41765
max_diff => 0.0441515
------------------------normalized = 0.290682 ----------------
performed mixing
Frob norm 1 after updating U: 7.71991
200 iterations
f(b) = 62.4784
Frob norm 2 after updating B : 7.72016
Iteration number -------- 179  -----------
lambda : 2.42974
max_diff => 0.0441427
------------------------normalized = 0.290691 ----------------
performed mixing
Frob norm 1 after updating U: 7.72016
200 iterations
f(b) = 62.6268
Frob norm 2 after updating B : 7.72064
Iteration number -------- 180  -----------
lambda : 2.44188
max_diff => 0.0441165
------------------------normalized = 0.290709 ----------------
performed mixing
Frob norm 1 after updating U: 7.72064
200 iterations
f(b) = 62.5495
Frob norm 2 after updating B : 7.72148
Iteration number -------- 181  -----------
lambda : 2.45409
max_diff => 0.0440798
------------------------normalized = 0.29074 ----------------
performed mixing
Frob norm 1 after updating U: 7.72148
200 iterations
f(b) = 62.4954
Frob norm 2 after updating B : 7.72179
Iteration number -------- 182  -----------
lambda : 2.46636
max_diff => 0.0440678
------------------------normalized = 0.290752 ----------------
performed mixing
Frob norm 1 after updating U: 7.72176
200 iterations
f(b) = 62.6319
Frob norm 2 after updating B : 7.72252
Iteration number -------- 183  -----------
lambda : 2.4787
max_diff => 0.0440381
------------------------normalized = 0.29078 ----------------
performed mixing
Frob norm 1 after updating U: 7.7225
200 iterations
f(b) = 62.671
Frob norm 2 after updating B : 7.72334
Iteration number -------- 184  -----------
lambda : 2.49109
max_diff => 0.0440001
------------------------normalized = 0.290811 ----------------
performed mixing
Frob norm 1 after updating U: 7.72332
200 iterations
f(b) = 62.6076
Frob norm 2 after updating B : 7.7236
Iteration number -------- 185  -----------
lambda : 2.50354
max_diff => 0.0439913
------------------------normalized = 0.29082 ----------------
performed mixing
Frob norm 1 after updating U: 7.72359
200 iterations
f(b) = 62.6564
Frob norm 2 after updating B : 7.72396
Iteration number -------- 186  -----------
lambda : 2.51606
max_diff => 0.0439774
------------------------normalized = 0.290834 ----------------
performed mixing
Frob norm 1 after updating U: 7.72396
200 iterations
f(b) = 62.5481
Frob norm 2 after updating B : 7.72382
Iteration number -------- 187  -----------
lambda : 2.52864
max_diff => 0.0439725
------------------------normalized = 0.290829 ----------------
performed mixing
Frob norm 1 after updating U: 7.72381
200 iterations
f(b) = 62.7723
Frob norm 2 after updating B : 7.7245
Iteration number -------- 188  -----------
lambda : 2.54129
max_diff => 0.0439592
------------------------normalized = 0.290854 ----------------
performed mixing
Frob norm 1 after updating U: 7.72449
200 iterations
f(b) = 62.7308
Frob norm 2 after updating B : 7.72502
Iteration number -------- 189  -----------
lambda : 2.55399
max_diff => 0.0439349
------------------------normalized = 0.290874 ----------------
performed mixing
Frob norm 1 after updating U: 7.72501
200 iterations
f(b) = 62.6994
Frob norm 2 after updating B : 7.72536
Iteration number -------- 190  -----------
lambda : 2.56676
max_diff => 0.0439245
------------------------normalized = 0.290886 ----------------
performed mixing
Frob norm 1 after updating U: 7.72536
200 iterations
f(b) = 62.673
Frob norm 2 after updating B : 7.72582
Iteration number -------- 191  -----------
lambda : 2.5796
max_diff => 0.0439037
------------------------normalized = 0.290904 ----------------
performed mixing
Frob norm 1 after updating U: 7.72581
200 iterations
f(b) = 62.6342
Frob norm 2 after updating B : 7.72582
Iteration number -------- 192  -----------
lambda : 2.59249
max_diff => 0.0438667
------------------------normalized = 0.290904 ----------------
performed mixing
Frob norm 1 after updating U: 7.72579
200 iterations
f(b) = 62.7812
Frob norm 2 after updating B : 7.7282
Iteration number -------- 193  -----------
lambda : 2.60546
max_diff => 0.043818
------------------------normalized = 0.290994 ----------------
performed mixing
Frob norm 1 after updating U: 7.72819
200 iterations
f(b) = 62.7789
Frob norm 2 after updating B : 7.7286
Iteration number -------- 194  -----------
lambda : 2.61848
max_diff => 0.043803
------------------------normalized = 0.291008 ----------------
performed mixing
Frob norm 1 after updating U: 7.72859
200 iterations
f(b) = 62.7024
Frob norm 2 after updating B : 7.72934
Iteration number -------- 195  -----------
lambda : 2.63158
max_diff => 0.0437782
------------------------normalized = 0.291036 ----------------
performed mixing
Frob norm 1 after updating U: 7.72933
200 iterations
f(b) = 62.8209
Frob norm 2 after updating B : 7.72963
Iteration number -------- 196  -----------
lambda : 2.64473
max_diff => 0.0437665
------------------------normalized = 0.291047 ----------------
performed mixing
Frob norm 1 after updating U: 7.72964
200 iterations
f(b) = 62.7684
Frob norm 2 after updating B : 7.73026
Iteration number -------- 197  -----------
lambda : 2.65796
max_diff => 0.0437452
------------------------normalized = 0.291071 ----------------
performed mixing
Frob norm 1 after updating U: 7.73025
200 iterations
f(b) = 62.7663
Frob norm 2 after updating B : 7.73067
Iteration number -------- 198  -----------
lambda : 2.67125
max_diff => 0.0437302
------------------------normalized = 0.291087 ----------------
performed mixing
Frob norm 1 after updating U: 7.73067
200 iterations
f(b) = 62.7339
Frob norm 2 after updating B : 7.73116
Iteration number -------- 199  -----------
lambda : 2.6846
max_diff => 0.0437194
------------------------normalized = 0.291105 ----------------
performed mixing
Frob norm 1 after updating U: 7.73116
200 iterations
f(b) = 62.8869
Frob norm 2 after updating B : 7.73165
Iteration number -------- 200  -----------
lambda : 2.69803
max_diff => 0.0437013
------------------------normalized = 0.291124 ----------------
