performing filtering
Academic license - for non-commercial use only
Frob norm 1 after updating U: 26.3474
200 iterations
f(b) = 211.199
Frob norm 2 after updating B : 14.1057
Iteration number -------- 1  -----------
lambda : 1
max_diff => 0.167277
------------------------normalized = 0.531127 ----------------
performed mixing
Frob norm 1 after updating U: 11.9736
200 iterations
f(b) = 188.62
Frob norm 2 after updating B : 13.3216
Iteration number -------- 2  -----------
lambda : 1.005
max_diff => 0.172206
------------------------normalized = 0.501604 ----------------
performed mixing
Frob norm 1 after updating U: 11.6191
200 iterations
f(b) = 169.84
Frob norm 2 after updating B : 12.6392
Iteration number -------- 3  -----------
lambda : 1.01002
max_diff => 0.162026
------------------------normalized = 0.475908 ----------------
performed mixing
Frob norm 1 after updating U: 10.8411
200 iterations
f(b) = 152.104
Frob norm 2 after updating B : 11.9704
Iteration number -------- 4  -----------
lambda : 1.01508
max_diff => 0.181953
------------------------normalized = 0.450727 ----------------
performed mixing
Frob norm 1 after updating U: 10.3341
200 iterations
f(b) = 136.701
Frob norm 2 after updating B : 11.4031
Iteration number -------- 5  -----------
lambda : 1.02015
max_diff => 0.312256
------------------------normalized = 0.429367 ----------------
performed mixing
Frob norm 1 after updating U: 9.73331
200 iterations
f(b) = 123.886
Frob norm 2 after updating B : 10.8448
Iteration number -------- 6  -----------
lambda : 1.02525
max_diff => 0.338435
------------------------normalized = 0.408346 ----------------
performed mixing
Frob norm 1 after updating U: 9.44295
200 iterations
f(b) = 112.698
Frob norm 2 after updating B : 10.3645
Iteration number -------- 7  -----------
lambda : 1.03038
max_diff => 0.394947
------------------------normalized = 0.390258 ----------------
performed mixing
Frob norm 1 after updating U: 9.03961
200 iterations
f(b) = 97.5014
Frob norm 2 after updating B : 9.6416
Iteration number -------- 8  -----------
lambda : 1.03553
max_diff => 0.404293
------------------------normalized = 0.36304 ----------------
performed mixing
Frob norm 1 after updating U: 8.10395
200 iterations
f(b) = 88.2568
Frob norm 2 after updating B : 9.14132
Iteration number -------- 9  -----------
lambda : 1.04071
max_diff => 0.382449
------------------------normalized = 0.344202 ----------------
performed mixing
Frob norm 1 after updating U: 8.03697
200 iterations
f(b) = 82.1151
Frob norm 2 after updating B : 8.7742
Iteration number -------- 10  -----------
lambda : 1.04591
max_diff => 0.366773
------------------------normalized = 0.330379 ----------------
performed mixing
Frob norm 1 after updating U: 8.01668
200 iterations
f(b) = 78.0623
Frob norm 2 after updating B : 8.52387
Iteration number -------- 11  -----------
lambda : 1.05114
max_diff => 0.347724
------------------------normalized = 0.320953 ----------------
performed mixing
Frob norm 1 after updating U: 8.00835
200 iterations
f(b) = 75.3943
Frob norm 2 after updating B : 8.35238
Iteration number -------- 12  -----------
lambda : 1.0564
max_diff => 0.325739
------------------------normalized = 0.314496 ----------------
performed mixing
Frob norm 1 after updating U: 8.00522
200 iterations
f(b) = 73.5693
Frob norm 2 after updating B : 8.23998
Iteration number -------- 13  -----------
lambda : 1.06168
max_diff => 0.307289
------------------------normalized = 0.310264 ----------------
performed mixing
Frob norm 1 after updating U: 8.00314
200 iterations
f(b) = 72.3408
Frob norm 2 after updating B : 8.1647
Iteration number -------- 14  -----------
lambda : 1.06699
max_diff => 0.295233
------------------------normalized = 0.307429 ----------------
performed mixing
Frob norm 1 after updating U: 8.00254
200 iterations
f(b) = 71.5708
Frob norm 2 after updating B : 8.11274
Iteration number -------- 15  -----------
lambda : 1.07232
max_diff => 0.290324
------------------------normalized = 0.305473 ----------------
performed mixing
Frob norm 1 after updating U: 8.00213
200 iterations
f(b) = 70.9603
Frob norm 2 after updating B : 8.07866
Iteration number -------- 16  -----------
lambda : 1.07768
max_diff => 0.279235
------------------------normalized = 0.304189 ----------------
performed mixing
Frob norm 1 after updating U: 8.00092
200 iterations
f(b) = 70.4738
Frob norm 2 after updating B : 8.05359
Iteration number -------- 17  -----------
lambda : 1.08307
max_diff => 0.261078
------------------------normalized = 0.303246 ----------------
performed mixing
Frob norm 1 after updating U: 7.99573
200 iterations
f(b) = 70.2172
Frob norm 2 after updating B : 8.03775
Iteration number -------- 18  -----------
lambda : 1.08849
max_diff => 0.258051
------------------------normalized = 0.302649 ----------------
performed mixing
Frob norm 1 after updating U: 7.99757
200 iterations
f(b) = 69.9966
Frob norm 2 after updating B : 8.02686
Iteration number -------- 19  -----------
lambda : 1.09393
max_diff => 0.252139
------------------------normalized = 0.302239 ----------------
performed mixing
Frob norm 1 after updating U: 7.99779
200 iterations
f(b) = 69.8159
Frob norm 2 after updating B : 8.01957
Iteration number -------- 20  -----------
lambda : 1.0994
max_diff => 0.243992
------------------------normalized = 0.301965 ----------------
performed mixing
Frob norm 1 after updating U: 7.99757
200 iterations
f(b) = 69.7181
Frob norm 2 after updating B : 8.01284
Iteration number -------- 21  -----------
lambda : 1.1049
max_diff => 0.242591
------------------------normalized = 0.301711 ----------------
performed mixing
Frob norm 1 after updating U: 7.99744
200 iterations
f(b) = 69.6419
Frob norm 2 after updating B : 8.00866
Iteration number -------- 22  -----------
lambda : 1.11042
max_diff => 0.237351
------------------------normalized = 0.301554 ----------------
performed mixing
Frob norm 1 after updating U: 7.99711
200 iterations
f(b) = 69.5785
Frob norm 2 after updating B : 8.00553
Iteration number -------- 23  -----------
lambda : 1.11597
max_diff => 0.232335
------------------------normalized = 0.301436 ----------------
performed mixing
Frob norm 1 after updating U: 7.99691
200 iterations
f(b) = 69.2996
Frob norm 2 after updating B : 8.00936
Iteration number -------- 24  -----------
lambda : 1.12155
max_diff => 0.202399
------------------------normalized = 0.30158 ----------------
performed mixing
Frob norm 1 after updating U: 7.99687
200 iterations
f(b) = 69.2494
Frob norm 2 after updating B : 8.00536
Iteration number -------- 25  -----------
lambda : 1.12716
max_diff => 0.197663
------------------------normalized = 0.301429 ----------------
performed mixing
Frob norm 1 after updating U: 7.9965
200 iterations
f(b) = 69.2812
Frob norm 2 after updating B : 8.00209
Iteration number -------- 26  -----------
lambda : 1.1328
max_diff => 0.196955
------------------------normalized = 0.301306 ----------------
performed mixing
Frob norm 1 after updating U: 7.99646
200 iterations
f(b) = 69.2058
Frob norm 2 after updating B : 7.99734
Iteration number -------- 27  -----------
lambda : 1.13846
max_diff => 0.193666
------------------------normalized = 0.301127 ----------------
performed mixing
Frob norm 1 after updating U: 7.99403
200 iterations
f(b) = 69.2265
Frob norm 2 after updating B : 7.99803
Iteration number -------- 28  -----------
lambda : 1.14415
max_diff => 0.190523
------------------------normalized = 0.301154 ----------------
performed mixing
Frob norm 1 after updating U: 7.99582
200 iterations
f(b) = 69.2593
Frob norm 2 after updating B : 7.99741
Iteration number -------- 29  -----------
lambda : 1.14987
max_diff => 0.189706
------------------------normalized = 0.30113 ----------------
performed mixing
Frob norm 1 after updating U: 7.99613
200 iterations
f(b) = 69.2033
Frob norm 2 after updating B : 7.99596
Iteration number -------- 30  -----------
lambda : 1.15562
max_diff => 0.188497
------------------------normalized = 0.301076 ----------------
performed mixing
Frob norm 1 after updating U: 7.99536
200 iterations
f(b) = 69.2242
Frob norm 2 after updating B : 7.99687
Iteration number -------- 31  -----------
lambda : 1.1614
max_diff => 0.182583
------------------------normalized = 0.30111 ----------------
performed mixing
Frob norm 1 after updating U: 7.99664
200 iterations
f(b) = 69.2964
Frob norm 2 after updating B : 7.9968
Iteration number -------- 32  -----------
lambda : 1.16721
max_diff => 0.181794
------------------------normalized = 0.301107 ----------------
performed mixing
Frob norm 1 after updating U: 7.99683
200 iterations
f(b) = 69.2554
Frob norm 2 after updating B : 7.99681
Iteration number -------- 33  -----------
lambda : 1.17304
max_diff => 0.177548
------------------------normalized = 0.301107 ----------------
performed mixing
Frob norm 1 after updating U: 7.99701
200 iterations
f(b) = 69.3201
Frob norm 2 after updating B : 7.99672
Iteration number -------- 34  -----------
lambda : 1.17891
max_diff => 0.176969
------------------------normalized = 0.301104 ----------------
performed mixing
Frob norm 1 after updating U: 7.99703
200 iterations
f(b) = 69.3186
Frob norm 2 after updating B : 7.99677
Iteration number -------- 35  -----------
lambda : 1.1848
max_diff => 0.176115
------------------------normalized = 0.301106 ----------------
performed mixing
Frob norm 1 after updating U: 7.99712
200 iterations
f(b) = 69.3243
Frob norm 2 after updating B : 7.99695
Iteration number -------- 36  -----------
lambda : 1.19073
max_diff => 0.175162
------------------------normalized = 0.301113 ----------------
performed mixing
Frob norm 1 after updating U: 7.99728
200 iterations
f(b) = 69.3955
Frob norm 2 after updating B : 7.99706
Iteration number -------- 37  -----------
lambda : 1.19668
max_diff => 0.174428
------------------------normalized = 0.301117 ----------------
performed mixing
Frob norm 1 after updating U: 7.99738
200 iterations
f(b) = 69.309
Frob norm 2 after updating B : 7.99809
Iteration number -------- 38  -----------
lambda : 1.20266
max_diff => 0.165525
------------------------normalized = 0.301156 ----------------
performed mixing
Frob norm 1 after updating U: 7.99832
200 iterations
f(b) = 69.3791
Frob norm 2 after updating B : 7.99796
Iteration number -------- 39  -----------
lambda : 1.20868
max_diff => 0.164821
------------------------normalized = 0.301151 ----------------
performed mixing
Frob norm 1 after updating U: 7.99827
200 iterations
f(b) = 69.424
Frob norm 2 after updating B : 7.99812
Iteration number -------- 40  -----------
lambda : 1.21472
max_diff => 0.163971
------------------------normalized = 0.301157 ----------------
performed mixing
Frob norm 1 after updating U: 7.99844
200 iterations
f(b) = 69.4072
Frob norm 2 after updating B : 7.99825
Iteration number -------- 41  -----------
lambda : 1.22079
max_diff => 0.16293
------------------------normalized = 0.301162 ----------------
performed mixing
Frob norm 1 after updating U: 7.99853
200 iterations
f(b) = 69.1037
Frob norm 2 after updating B : 8.01226
Iteration number -------- 42  -----------
lambda : 1.2269
max_diff => 0.1558
------------------------normalized = 0.301689 ----------------
performed mixing
Frob norm 1 after updating U: 8.00497
200 iterations
f(b) = 69.1255
Frob norm 2 after updating B : 8.00918
Iteration number -------- 43  -----------
lambda : 1.23303
max_diff => 0.155442
------------------------normalized = 0.301573 ----------------
performed mixing
Frob norm 1 after updating U: 8.0046
200 iterations
f(b) = 69.1247
Frob norm 2 after updating B : 8.00738
Iteration number -------- 44  -----------
lambda : 1.2392
max_diff => 0.155312
------------------------normalized = 0.301505 ----------------
performed mixing
Frob norm 1 after updating U: 8.00445
200 iterations
f(b) = 69.1388
Frob norm 2 after updating B : 8.00609
Iteration number -------- 45  -----------
lambda : 1.24539
max_diff => 0.155276
------------------------normalized = 0.301457 ----------------
performed mixing
Frob norm 1 after updating U: 8.00422
200 iterations
f(b) = 69.1047
Frob norm 2 after updating B : 8.00496
Iteration number -------- 46  -----------
lambda : 1.25162
max_diff => 0.155354
------------------------normalized = 0.301415 ----------------
performed mixing
Frob norm 1 after updating U: 8.00368
200 iterations
f(b) = 69.1403
Frob norm 2 after updating B : 8.0045
Iteration number -------- 47  -----------
lambda : 1.25788
max_diff => 0.155405
------------------------normalized = 0.301397 ----------------
performed mixing
Frob norm 1 after updating U: 8.00366
200 iterations
f(b) = 69.1491
Frob norm 2 after updating B : 8.0042
Iteration number -------- 48  -----------
lambda : 1.26417
max_diff => 0.155319
------------------------normalized = 0.301386 ----------------
performed mixing
Frob norm 1 after updating U: 8.0036
200 iterations
f(b) = 69.1807
Frob norm 2 after updating B : 8.00404
Iteration number -------- 49  -----------
lambda : 1.27049
max_diff => 0.155362
------------------------normalized = 0.30138 ----------------
performed mixing
Frob norm 1 after updating U: 8.00363
200 iterations
f(b) = 69.2435
Frob norm 2 after updating B : 8.00395
Iteration number -------- 50  -----------
lambda : 1.27684
max_diff => 0.155348
------------------------normalized = 0.301377 ----------------
performed mixing
Frob norm 1 after updating U: 8.00367
200 iterations
f(b) = 69.2445
Frob norm 2 after updating B : 8.00398
Iteration number -------- 51  -----------
lambda : 1.28323
max_diff => 0.155401
------------------------normalized = 0.301378 ----------------
performed mixing
Frob norm 1 after updating U: 8.00375
200 iterations
f(b) = 69.2535
Frob norm 2 after updating B : 8.0041
Iteration number -------- 52  -----------
lambda : 1.28964
max_diff => 0.15549
------------------------normalized = 0.301382 ----------------
performed mixing
Frob norm 1 after updating U: 8.0039
200 iterations
f(b) = 69.2918
Frob norm 2 after updating B : 8.00426
Iteration number -------- 53  -----------
lambda : 1.29609
max_diff => 0.155549
------------------------normalized = 0.301388 ----------------
performed mixing
Frob norm 1 after updating U: 8.00408
200 iterations
f(b) = 69.3365
Frob norm 2 after updating B : 8.00432
Iteration number -------- 54  -----------
lambda : 1.30257
max_diff => 0.155557
------------------------normalized = 0.30139 ----------------
performed mixing
Frob norm 1 after updating U: 8.00416
200 iterations
f(b) = 69.3723
Frob norm 2 after updating B : 8.0044
Iteration number -------- 55  -----------
lambda : 1.30908
max_diff => 0.155568
------------------------normalized = 0.301393 ----------------
performed mixing
Frob norm 1 after updating U: 8.00425
200 iterations
f(b) = 69.3753
Frob norm 2 after updating B : 8.00462
Iteration number -------- 56  -----------
lambda : 1.31563
max_diff => 0.155568
------------------------normalized = 0.301401 ----------------
performed mixing
Frob norm 1 after updating U: 8.00444
200 iterations
f(b) = 69.4067
Frob norm 2 after updating B : 8.00486
Iteration number -------- 57  -----------
lambda : 1.32221
max_diff => 0.155568
------------------------normalized = 0.301411 ----------------
performed mixing
Frob norm 1 after updating U: 8.00469
200 iterations
f(b) = 69.4184
Frob norm 2 after updating B : 8.00502
Iteration number -------- 58  -----------
lambda : 1.32882
max_diff => 0.155497
------------------------normalized = 0.301417 ----------------
performed mixing
Frob norm 1 after updating U: 8.00483
200 iterations
f(b) = 69.4224
Frob norm 2 after updating B : 8.00526
Iteration number -------- 59  -----------
lambda : 1.33546
max_diff => 0.155437
------------------------normalized = 0.301426 ----------------
performed mixing
Frob norm 1 after updating U: 8.00503
200 iterations
f(b) = 69.4896
Frob norm 2 after updating B : 8.00542
Iteration number -------- 60  -----------
lambda : 1.34214
max_diff => 0.155398
------------------------normalized = 0.301432 ----------------
performed mixing
Frob norm 1 after updating U: 8.00521
200 iterations
f(b) = 69.4675
Frob norm 2 after updating B : 8.00621
Iteration number -------- 61  -----------
lambda : 1.34885
max_diff => 0.155189
------------------------normalized = 0.301461 ----------------
performed mixing
Frob norm 1 after updating U: 8.00592
200 iterations
f(b) = 69.5195
Frob norm 2 after updating B : 8.00642
Iteration number -------- 62  -----------
lambda : 1.35559
max_diff => 0.155095
------------------------normalized = 0.301469 ----------------
performed mixing
Frob norm 1 after updating U: 8.00613
200 iterations
f(b) = 69.4472
Frob norm 2 after updating B : 8.00691
Iteration number -------- 63  -----------
lambda : 1.36237
max_diff => 0.154856
------------------------normalized = 0.301488 ----------------
performed mixing
Frob norm 1 after updating U: 8.00662
200 iterations
f(b) = 69.5805
Frob norm 2 after updating B : 8.00713
Iteration number -------- 64  -----------
lambda : 1.36918
max_diff => 0.154762
------------------------normalized = 0.301496 ----------------
performed mixing
Frob norm 1 after updating U: 8.00682
200 iterations
f(b) = 69.6064
Frob norm 2 after updating B : 8.00732
Iteration number -------- 65  -----------
lambda : 1.37603
max_diff => 0.154633
------------------------normalized = 0.301503 ----------------
performed mixing
Frob norm 1 after updating U: 8.00701
200 iterations
f(b) = 69.5749
Frob norm 2 after updating B : 8.00766
Iteration number -------- 66  -----------
lambda : 1.38291
max_diff => 0.154282
------------------------normalized = 0.301516 ----------------
performed mixing
Frob norm 1 after updating U: 8.00725
200 iterations
f(b) = 69.6498
Frob norm 2 after updating B : 8.00821
Iteration number -------- 67  -----------
lambda : 1.38982
max_diff => 0.154105
------------------------normalized = 0.301537 ----------------
performed mixing
Frob norm 1 after updating U: 8.00785
200 iterations
f(b) = 69.6553
Frob norm 2 after updating B : 8.00939
Iteration number -------- 68  -----------
lambda : 1.39677
max_diff => 0.153672
------------------------normalized = 0.301581 ----------------
performed mixing
Frob norm 1 after updating U: 8.00895
200 iterations
f(b) = 69.7006
Frob norm 2 after updating B : 8.0096
Iteration number -------- 69  -----------
lambda : 1.40376
max_diff => 0.153525
------------------------normalized = 0.301589 ----------------
performed mixing
Frob norm 1 after updating U: 8.00918
200 iterations
f(b) = 69.5464
Frob norm 2 after updating B : 8.00983
Iteration number -------- 70  -----------
lambda : 1.41078
max_diff => 0.15322
------------------------normalized = 0.301598 ----------------
performed mixing
Frob norm 1 after updating U: 8.00942
200 iterations
f(b) = 69.7679
Frob norm 2 after updating B : 8.01017
Iteration number -------- 71  -----------
lambda : 1.41783
max_diff => 0.153032
------------------------normalized = 0.30161 ----------------
performed mixing
Frob norm 1 after updating U: 8.00974
200 iterations
f(b) = 69.7199
Frob norm 2 after updating B : 8.01128
Iteration number -------- 72  -----------
lambda : 1.42492
max_diff => 0.152462
------------------------normalized = 0.301652 ----------------
performed mixing
Frob norm 1 after updating U: 8.01074
200 iterations
f(b) = 69.7729
Frob norm 2 after updating B : 8.01187
Iteration number -------- 73  -----------
lambda : 1.43204
max_diff => 0.152046
------------------------normalized = 0.301675 ----------------
performed mixing
Frob norm 1 after updating U: 8.01129
200 iterations
f(b) = 69.8144
Frob norm 2 after updating B : 8.01279
Iteration number -------- 74  -----------
lambda : 1.4392
max_diff => 0.151509
------------------------normalized = 0.301709 ----------------
performed mixing
Frob norm 1 after updating U: 8.01213
200 iterations
f(b) = 69.8363
Frob norm 2 after updating B : 8.01357
Iteration number -------- 75  -----------
lambda : 1.4464
max_diff => 0.150962
------------------------normalized = 0.301739 ----------------
performed mixing
Frob norm 1 after updating U: 8.01288
200 iterations
f(b) = 69.8504
Frob norm 2 after updating B : 8.01479
Iteration number -------- 76  -----------
lambda : 1.45363
max_diff => 0.15031
------------------------normalized = 0.301784 ----------------
performed mixing
Frob norm 1 after updating U: 8.01399
200 iterations
f(b) = 69.9109
Frob norm 2 after updating B : 8.01492
Iteration number -------- 77  -----------
lambda : 1.4609
max_diff => 0.15011
------------------------normalized = 0.301789 ----------------
performed mixing
Frob norm 1 after updating U: 8.0142
200 iterations
f(b) = 69.8381
Frob norm 2 after updating B : 8.01527
Iteration number -------- 78  -----------
lambda : 1.46821
max_diff => 0.149742
------------------------normalized = 0.301803 ----------------
performed mixing
Frob norm 1 after updating U: 8.01459
200 iterations
f(b) = 69.9266
Frob norm 2 after updating B : 8.01536
Iteration number -------- 79  -----------
lambda : 1.47555
max_diff => 0.149575
------------------------normalized = 0.301806 ----------------
performed mixing
Frob norm 1 after updating U: 8.01477
200 iterations
f(b) = 69.9787
Frob norm 2 after updating B : 8.01577
Iteration number -------- 80  -----------
lambda : 1.48292
max_diff => 0.149247
------------------------normalized = 0.301822 ----------------
performed mixing
Frob norm 1 after updating U: 8.0152
200 iterations
f(b) = 70.0157
Frob norm 2 after updating B : 8.01604
Iteration number -------- 81  -----------
lambda : 1.49034
max_diff => 0.148978
------------------------normalized = 0.301832 ----------------
performed mixing
Frob norm 1 after updating U: 8.01549
200 iterations
f(b) = 70.0241
Frob norm 2 after updating B : 8.0164
Iteration number -------- 82  -----------
lambda : 1.49779
max_diff => 0.148706
------------------------normalized = 0.301845 ----------------
performed mixing
Frob norm 1 after updating U: 8.01586
200 iterations
f(b) = 70.0512
Frob norm 2 after updating B : 8.01698
Iteration number -------- 83  -----------
lambda : 1.50528
max_diff => 0.148202
------------------------normalized = 0.301867 ----------------
performed mixing
Frob norm 1 after updating U: 8.01636
200 iterations
f(b) = 70.021
Frob norm 2 after updating B : 8.01746
Iteration number -------- 84  -----------
lambda : 1.51281
max_diff => 0.147793
------------------------normalized = 0.301885 ----------------
performed mixing
Frob norm 1 after updating U: 8.01681
200 iterations
f(b) = 70.0546
Frob norm 2 after updating B : 8.01819
Iteration number -------- 85  -----------
lambda : 1.52037
max_diff => 0.146934
------------------------normalized = 0.301912 ----------------
performed mixing
Frob norm 1 after updating U: 8.01745
200 iterations
f(b) = 70.1134
Frob norm 2 after updating B : 8.01922
Iteration number -------- 86  -----------
lambda : 1.52797
max_diff => 0.146253
------------------------normalized = 0.301951 ----------------
performed mixing
Frob norm 1 after updating U: 8.01835
200 iterations
f(b) = 70.1484
Frob norm 2 after updating B : 8.0195
Iteration number -------- 87  -----------
lambda : 1.53561
max_diff => 0.145869
------------------------normalized = 0.301962 ----------------
performed mixing
Frob norm 1 after updating U: 8.0187
200 iterations
f(b) = 70.1641
Frob norm 2 after updating B : 8.02007
Iteration number -------- 88  -----------
lambda : 1.54329
max_diff => 0.145378
------------------------normalized = 0.301983 ----------------
performed mixing
Frob norm 1 after updating U: 8.01929
200 iterations
f(b) = 70.1758
Frob norm 2 after updating B : 8.02064
Iteration number -------- 89  -----------
lambda : 1.55101
max_diff => 0.144876
------------------------normalized = 0.302005 ----------------
performed mixing
Frob norm 1 after updating U: 8.01985
200 iterations
f(b) = 70.0703
Frob norm 2 after updating B : 8.02134
Iteration number -------- 90  -----------
lambda : 1.55876
max_diff => 0.144098
------------------------normalized = 0.302031 ----------------
performed mixing
Frob norm 1 after updating U: 8.02049
200 iterations
f(b) = 70.2175
Frob norm 2 after updating B : 8.02238
Iteration number -------- 91  -----------
lambda : 1.56655
max_diff => 0.143375
------------------------normalized = 0.30207 ----------------
performed mixing
Frob norm 1 after updating U: 8.0214
200 iterations
f(b) = 70.2298
Frob norm 2 after updating B : 8.02308
Iteration number -------- 92  -----------
lambda : 1.57439
max_diff => 0.142649
------------------------normalized = 0.302097 ----------------
performed mixing
Frob norm 1 after updating U: 8.0222
200 iterations
f(b) = 70.265
Frob norm 2 after updating B : 8.02372
Iteration number -------- 93  -----------
lambda : 1.58226
max_diff => 0.142047
------------------------normalized = 0.302121 ----------------
performed mixing
Frob norm 1 after updating U: 8.02274
200 iterations
f(b) = 70.3229
Frob norm 2 after updating B : 8.024
Iteration number -------- 94  -----------
lambda : 1.59017
max_diff => 0.141761
------------------------normalized = 0.302131 ----------------
performed mixing
Frob norm 1 after updating U: 8.02309
200 iterations
f(b) = 70.3352
Frob norm 2 after updating B : 8.02448
Iteration number -------- 95  -----------
lambda : 1.59812
max_diff => 0.141192
------------------------normalized = 0.30215 ----------------
performed mixing
Frob norm 1 after updating U: 8.02357
200 iterations
f(b) = 70.333
Frob norm 2 after updating B : 8.02488
Iteration number -------- 96  -----------
lambda : 1.60611
max_diff => 0.140724
------------------------normalized = 0.302164 ----------------
performed mixing
Frob norm 1 after updating U: 8.024
200 iterations
f(b) = 70.3631
Frob norm 2 after updating B : 8.02553
Iteration number -------- 97  -----------
lambda : 1.61414
max_diff => 0.140135
------------------------normalized = 0.302189 ----------------
performed mixing
Frob norm 1 after updating U: 8.02463
200 iterations
f(b) = 70.3926
Frob norm 2 after updating B : 8.02596
Iteration number -------- 98  -----------
lambda : 1.62221
max_diff => 0.139569
------------------------normalized = 0.302205 ----------------
performed mixing
Frob norm 1 after updating U: 8.02507
200 iterations
f(b) = 70.4
Frob norm 2 after updating B : 8.02668
Iteration number -------- 99  -----------
lambda : 1.63032
max_diff => 0.138862
------------------------normalized = 0.302232 ----------------
performed mixing
Frob norm 1 after updating U: 8.02572
200 iterations
f(b) = 70.474
Frob norm 2 after updating B : 8.02728
Iteration number -------- 100  -----------
lambda : 1.63848
max_diff => 0.13831
------------------------normalized = 0.302255 ----------------
performed mixing
Frob norm 1 after updating U: 8.02633
200 iterations
f(b) = 70.5083
Frob norm 2 after updating B : 8.02784
Iteration number -------- 101  -----------
lambda : 1.64667
max_diff => 0.13775
------------------------normalized = 0.302276 ----------------
performed mixing
Frob norm 1 after updating U: 8.0269
200 iterations
f(b) = 70.5181
Frob norm 2 after updating B : 8.02836
Iteration number -------- 102  -----------
lambda : 1.6549
max_diff => 0.137182
------------------------normalized = 0.302296 ----------------
performed mixing
Frob norm 1 after updating U: 8.02743
200 iterations
f(b) = 70.5514
Frob norm 2 after updating B : 8.02881
Iteration number -------- 103  -----------
lambda : 1.66318
max_diff => 0.136693
------------------------normalized = 0.302312 ----------------
performed mixing
Frob norm 1 after updating U: 8.02789
200 iterations
f(b) = 70.5217
Frob norm 2 after updating B : 8.02971
Iteration number -------- 104  -----------
lambda : 1.67149
max_diff => 0.135964
------------------------normalized = 0.302346 ----------------
performed mixing
Frob norm 1 after updating U: 8.02886
200 iterations
f(b) = 70.569
Frob norm 2 after updating B : 8.03051
Iteration number -------- 105  -----------
lambda : 1.67985
max_diff => 0.135334
------------------------normalized = 0.302376 ----------------
performed mixing
Frob norm 1 after updating U: 8.02951
200 iterations
f(b) = 70.5795
Frob norm 2 after updating B : 8.03169
Iteration number -------- 106  -----------
lambda : 1.68825
max_diff => 0.134255
------------------------normalized = 0.302421 ----------------
performed mixing
Frob norm 1 after updating U: 8.03059
200 iterations
f(b) = 70.5914
Frob norm 2 after updating B : 8.03357
Iteration number -------- 107  -----------
lambda : 1.69669
max_diff => 0.132728
------------------------normalized = 0.302492 ----------------
performed mixing
Frob norm 1 after updating U: 8.03218
200 iterations
f(b) = 70.5145
Frob norm 2 after updating B : 8.03529
Iteration number -------- 108  -----------
lambda : 1.70517
max_diff => 0.131188
------------------------normalized = 0.302557 ----------------
performed mixing
Frob norm 1 after updating U: 8.03365
200 iterations
f(b) = 70.6915
Frob norm 2 after updating B : 8.03566
Iteration number -------- 109  -----------
lambda : 1.7137
max_diff => 0.130735
------------------------normalized = 0.30257 ----------------
performed mixing
Frob norm 1 after updating U: 8.03417
200 iterations
f(b) = 70.6858
Frob norm 2 after updating B : 8.03644
Iteration number -------- 110  -----------
lambda : 1.72227
max_diff => 0.129943
------------------------normalized = 0.3026 ----------------
performed mixing
Frob norm 1 after updating U: 8.035
200 iterations
f(b) = 70.6843
Frob norm 2 after updating B : 8.03654
Iteration number -------- 111  -----------
lambda : 1.73088
max_diff => 0.12962
------------------------normalized = 0.302603 ----------------
performed mixing
Frob norm 1 after updating U: 8.03531
200 iterations
f(b) = 70.7162
Frob norm 2 after updating B : 8.03685
Iteration number -------- 112  -----------
lambda : 1.73953
max_diff => 0.129198
------------------------normalized = 0.302615 ----------------
performed mixing
Frob norm 1 after updating U: 8.03573
200 iterations
f(b) = 70.7556
Frob norm 2 after updating B : 8.03742
Iteration number -------- 113  -----------
lambda : 1.74823
max_diff => 0.128598
------------------------normalized = 0.302637 ----------------
performed mixing
Frob norm 1 after updating U: 8.03629
200 iterations
f(b) = 70.6031
Frob norm 2 after updating B : 8.06274
Iteration number -------- 114  -----------
lambda : 1.75697
max_diff => 0.0940707
------------------------normalized = 0.30359 ----------------
performed mixing
Frob norm 1 after updating U: 8.04699
200 iterations
f(b) = 70.7008
Frob norm 2 after updating B : 8.06061
Iteration number -------- 115  -----------
lambda : 1.76576
max_diff => 0.0941315
------------------------normalized = 0.30351 ----------------
performed mixing
Frob norm 1 after updating U: 8.04851
200 iterations
f(b) = 70.7004
Frob norm 2 after updating B : 8.05871
Iteration number -------- 116  -----------
lambda : 1.77459
max_diff => 0.0941477
------------------------normalized = 0.303438 ----------------
performed mixing
Frob norm 1 after updating U: 8.04947
200 iterations
f(b) = 70.6613
Frob norm 2 after updating B : 8.05829
Iteration number -------- 117  -----------
lambda : 1.78346
max_diff => 0.0940697
------------------------normalized = 0.303423 ----------------
performed mixing
Frob norm 1 after updating U: 8.05099
200 iterations
f(b) = 70.6716
Frob norm 2 after updating B : 8.05738
Iteration number -------- 118  -----------
lambda : 1.79238
max_diff => 0.0940056
------------------------normalized = 0.303388 ----------------
performed mixing
Frob norm 1 after updating U: 8.05161
200 iterations
f(b) = 70.6433
Frob norm 2 after updating B : 8.05695
Iteration number -------- 119  -----------
lambda : 1.80134
max_diff => 0.0938655
------------------------normalized = 0.303372 ----------------
performed mixing
Frob norm 1 after updating U: 8.05238
200 iterations
f(b) = 70.6836
Frob norm 2 after updating B : 8.05739
Iteration number -------- 120  -----------
lambda : 1.81035
max_diff => 0.0936166
------------------------normalized = 0.303389 ----------------
performed mixing
Frob norm 1 after updating U: 8.05366
200 iterations
f(b) = 70.6682
Frob norm 2 after updating B : 8.05762
Iteration number -------- 121  -----------
lambda : 1.8194
max_diff => 0.0934057
------------------------normalized = 0.303397 ----------------
performed mixing
Frob norm 1 after updating U: 8.05459
200 iterations
f(b) = 70.7083
Frob norm 2 after updating B : 8.05781
Iteration number -------- 122  -----------
lambda : 1.82849
max_diff => 0.0931694
------------------------normalized = 0.303404 ----------------
performed mixing
Frob norm 1 after updating U: 8.05531
200 iterations
f(b) = 70.7429
Frob norm 2 after updating B : 8.05786
Iteration number -------- 123  -----------
lambda : 1.83764
max_diff => 0.0929853
------------------------normalized = 0.303406 ----------------
performed mixing
Frob norm 1 after updating U: 8.05581
200 iterations
f(b) = 70.7392
Frob norm 2 after updating B : 8.05851
Iteration number -------- 124  -----------
lambda : 1.84682
max_diff => 0.0925752
------------------------normalized = 0.303431 ----------------
performed mixing
Frob norm 1 after updating U: 8.05673
200 iterations
f(b) = 70.7484
Frob norm 2 after updating B : 8.05934
Iteration number -------- 125  -----------
lambda : 1.85606
max_diff => 0.0921485
------------------------normalized = 0.303462 ----------------
performed mixing
Frob norm 1 after updating U: 8.05773
200 iterations
f(b) = 70.7805
Frob norm 2 after updating B : 8.05977
Iteration number -------- 126  -----------
lambda : 1.86534
max_diff => 0.0917993
------------------------normalized = 0.303478 ----------------
performed mixing
Frob norm 1 after updating U: 8.05836
200 iterations
f(b) = 70.771
Frob norm 2 after updating B : 8.06066
Iteration number -------- 127  -----------
lambda : 1.87467
max_diff => 0.0913612
------------------------normalized = 0.303512 ----------------
performed mixing
Frob norm 1 after updating U: 8.05935
200 iterations
f(b) = 70.8241
Frob norm 2 after updating B : 8.06103
Iteration number -------- 128  -----------
lambda : 1.88404
max_diff => 0.0910839
------------------------normalized = 0.303526 ----------------
performed mixing
Frob norm 1 after updating U: 8.05987
200 iterations
f(b) = 70.8526
Frob norm 2 after updating B : 8.0613
Iteration number -------- 129  -----------
lambda : 1.89346
max_diff => 0.0908615
------------------------normalized = 0.303536 ----------------
performed mixing
Frob norm 1 after updating U: 8.06029
200 iterations
f(b) = 70.9086
Frob norm 2 after updating B : 8.06241
Iteration number -------- 130  -----------
lambda : 1.90293
max_diff => 0.0903699
------------------------normalized = 0.303578 ----------------
performed mixing
Frob norm 1 after updating U: 8.06141
200 iterations
f(b) = 70.8398
Frob norm 2 after updating B : 8.06407
Iteration number -------- 131  -----------
lambda : 1.91244
max_diff => 0.0893974
------------------------normalized = 0.30364 ----------------
performed mixing
Frob norm 1 after updating U: 8.06289
200 iterations
f(b) = 70.8506
Frob norm 2 after updating B : 8.06769
Iteration number -------- 132  -----------
lambda : 1.922
max_diff => 0.0873344
------------------------normalized = 0.303777 ----------------
performed mixing
Frob norm 1 after updating U: 8.06599
200 iterations
f(b) = 70.9013
Frob norm 2 after updating B : 8.06845
Iteration number -------- 133  -----------
lambda : 1.93161
max_diff => 0.0868523
------------------------normalized = 0.303805 ----------------
performed mixing
Frob norm 1 after updating U: 8.06683
200 iterations
f(b) = 70.9527
Frob norm 2 after updating B : 8.06904
Iteration number -------- 134  -----------
lambda : 1.94127
max_diff => 0.0863372
------------------------normalized = 0.303827 ----------------
performed mixing
Frob norm 1 after updating U: 8.06752
200 iterations
f(b) = 70.9535
Frob norm 2 after updating B : 8.06967
Iteration number -------- 135  -----------
lambda : 1.95098
max_diff => 0.0858522
------------------------normalized = 0.303851 ----------------
performed mixing
Frob norm 1 after updating U: 8.06827
200 iterations
f(b) = 71.0032
Frob norm 2 after updating B : 8.07026
Iteration number -------- 136  -----------
lambda : 1.96073
max_diff => 0.0853567
------------------------normalized = 0.303873 ----------------
performed mixing
Frob norm 1 after updating U: 8.06894
200 iterations
f(b) = 71.0172
Frob norm 2 after updating B : 8.07107
Iteration number -------- 137  -----------
lambda : 1.97054
max_diff => 0.0847571
------------------------normalized = 0.303904 ----------------
performed mixing
Frob norm 1 after updating U: 8.06979
200 iterations
f(b) = 71.0371
Frob norm 2 after updating B : 8.07146
Iteration number -------- 138  -----------
lambda : 1.98039
max_diff => 0.0843871
------------------------normalized = 0.303918 ----------------
performed mixing
Frob norm 1 after updating U: 8.07027
200 iterations
f(b) = 71.0874
Frob norm 2 after updating B : 8.07161
Iteration number -------- 139  -----------
lambda : 1.99029
max_diff => 0.0841375
------------------------normalized = 0.303924 ----------------
performed mixing
Frob norm 1 after updating U: 8.07054
200 iterations
f(b) = 71.1036
Frob norm 2 after updating B : 8.07185
Iteration number -------- 140  -----------
lambda : 2.00024
max_diff => 0.0838648
------------------------normalized = 0.303933 ----------------
performed mixing
Frob norm 1 after updating U: 8.07093
200 iterations
f(b) = 71.1337
Frob norm 2 after updating B : 8.07204
Iteration number -------- 141  -----------
lambda : 2.01024
max_diff => 0.0836308
------------------------normalized = 0.30394 ----------------
performed mixing
Frob norm 1 after updating U: 8.07118
200 iterations
f(b) = 71.1686
Frob norm 2 after updating B : 8.07268
Iteration number -------- 142  -----------
lambda : 2.02029
max_diff => 0.0831537
------------------------normalized = 0.303964 ----------------
performed mixing
Frob norm 1 after updating U: 8.07184
200 iterations
f(b) = 71.1567
Frob norm 2 after updating B : 8.07377
Iteration number -------- 143  -----------
lambda : 2.0304
max_diff => 0.0824226
------------------------normalized = 0.304006 ----------------
performed mixing
Frob norm 1 after updating U: 8.07276
200 iterations
f(b) = 71.2224
Frob norm 2 after updating B : 8.07416
Iteration number -------- 144  -----------
lambda : 2.04055
max_diff => 0.0820076
------------------------normalized = 0.30402 ----------------
performed mixing
Frob norm 1 after updating U: 8.07318
200 iterations
f(b) = 71.0887
Frob norm 2 after updating B : 8.07462
Iteration number -------- 145  -----------
lambda : 2.05075
max_diff => 0.0815465
------------------------normalized = 0.304037 ----------------
performed mixing
Frob norm 1 after updating U: 8.07366
200 iterations
f(b) = 71.2246
Frob norm 2 after updating B : 8.07561
Iteration number -------- 146  -----------
lambda : 2.061
max_diff => 0.080921
------------------------normalized = 0.304075 ----------------
performed mixing
Frob norm 1 after updating U: 8.07458
200 iterations
f(b) = 71.261
Frob norm 2 after updating B : 8.07651
Iteration number -------- 147  -----------
lambda : 2.07131
max_diff => 0.0803141
------------------------normalized = 0.304109 ----------------
performed mixing
Frob norm 1 after updating U: 8.07543
200 iterations
f(b) = 71.2763
Frob norm 2 after updating B : 8.07763
Iteration number -------- 148  -----------
lambda : 2.08167
max_diff => 0.079469
------------------------normalized = 0.304151 ----------------
performed mixing
Frob norm 1 after updating U: 8.07644
200 iterations
f(b) = 71.2996
Frob norm 2 after updating B : 8.07833
Iteration number -------- 149  -----------
lambda : 2.09207
max_diff => 0.0789442
------------------------normalized = 0.304177 ----------------
performed mixing
Frob norm 1 after updating U: 8.07718
200 iterations
f(b) = 71.3132
Frob norm 2 after updating B : 8.07883
Iteration number -------- 150  -----------
lambda : 2.10253
max_diff => 0.0784813
------------------------normalized = 0.304196 ----------------
performed mixing
Frob norm 1 after updating U: 8.07766
200 iterations
f(b) = 71.3492
Frob norm 2 after updating B : 8.08126
Iteration number -------- 151  -----------
lambda : 2.11305
max_diff => 0.0770207
------------------------normalized = 0.304288 ----------------
performed mixing
Frob norm 1 after updating U: 8.07971
200 iterations
f(b) = 71.4181
Frob norm 2 after updating B : 8.08169
Iteration number -------- 152  -----------
lambda : 2.12361
max_diff => 0.076553
------------------------normalized = 0.304304 ----------------
performed mixing
Frob norm 1 after updating U: 8.08025
200 iterations
f(b) = 71.4546
Frob norm 2 after updating B : 8.08209
Iteration number -------- 153  -----------
lambda : 2.13423
max_diff => 0.076106
------------------------normalized = 0.304319 ----------------
performed mixing
Frob norm 1 after updating U: 8.08074
200 iterations
f(b) = 71.4151
Frob norm 2 after updating B : 8.08314
Iteration number -------- 154  -----------
lambda : 2.1449
max_diff => 0.0749477
------------------------normalized = 0.304358 ----------------
performed mixing
Frob norm 1 after updating U: 8.08158
200 iterations
f(b) = 71.3971
Frob norm 2 after updating B : 8.08553
Iteration number -------- 155  -----------
lambda : 2.15563
max_diff => 0.073407
------------------------normalized = 0.304448 ----------------
performed mixing
Frob norm 1 after updating U: 8.0837
200 iterations
f(b) = 71.4892
Frob norm 2 after updating B : 8.08578
Iteration number -------- 156  -----------
lambda : 2.1664
max_diff => 0.0730478
------------------------normalized = 0.304457 ----------------
performed mixing
Frob norm 1 after updating U: 8.08405
200 iterations
f(b) = 71.5425
Frob norm 2 after updating B : 8.08614
Iteration number -------- 157  -----------
lambda : 2.17724
max_diff => 0.0726374
------------------------normalized = 0.304471 ----------------
performed mixing
Frob norm 1 after updating U: 8.08457
200 iterations
f(b) = 71.5364
Frob norm 2 after updating B : 8.08629
Iteration number -------- 158  -----------
lambda : 2.18812
max_diff => 0.0722341
------------------------normalized = 0.304477 ----------------
performed mixing
Frob norm 1 after updating U: 8.08487
200 iterations
f(b) = 71.5255
Frob norm 2 after updating B : 8.08699
Iteration number -------- 159  -----------
lambda : 2.19906
max_diff => 0.0713575
------------------------normalized = 0.304503 ----------------
performed mixing
Frob norm 1 after updating U: 8.08547
200 iterations
f(b) = 71.5706
Frob norm 2 after updating B : 8.08785
Iteration number -------- 160  -----------
lambda : 2.21006
max_diff => 0.070539
------------------------normalized = 0.304535 ----------------
performed mixing
Frob norm 1 after updating U: 8.08633
200 iterations
f(b) = 71.5502
Frob norm 2 after updating B : 8.08819
Iteration number -------- 161  -----------
lambda : 2.22111
max_diff => 0.0701371
------------------------normalized = 0.304548 ----------------
performed mixing
Frob norm 1 after updating U: 8.08673
200 iterations
f(b) = 71.5907
Frob norm 2 after updating B : 8.08908
Iteration number -------- 162  -----------
lambda : 2.23221
max_diff => 0.0691221
------------------------normalized = 0.304582 ----------------
performed mixing
Frob norm 1 after updating U: 8.08748
200 iterations
f(b) = 71.5386
Frob norm 2 after updating B : 8.08587
Iteration number -------- 163  -----------
lambda : 2.24338
max_diff => 0.0657176
------------------------normalized = 0.304461 ----------------
performed mixing
Frob norm 1 after updating U: 8.08322
200 iterations
f(b) = 71.5172
Frob norm 2 after updating B : 8.08708
Iteration number -------- 164  -----------
lambda : 2.25459
max_diff => 0.0653226
------------------------normalized = 0.304507 ----------------
performed mixing
Frob norm 1 after updating U: 8.08466
200 iterations
f(b) = 71.6061
Frob norm 2 after updating B : 8.08974
Iteration number -------- 165  -----------
lambda : 2.26587
max_diff => 0.0645647
------------------------normalized = 0.304607 ----------------
performed mixing
Frob norm 1 after updating U: 8.0873
200 iterations
f(b) = 71.6657
Frob norm 2 after updating B : 8.09042
Iteration number -------- 166  -----------
lambda : 2.27719
max_diff => 0.0641549
------------------------normalized = 0.304632 ----------------
performed mixing
Frob norm 1 after updating U: 8.0883
200 iterations
f(b) = 71.6748
Frob norm 2 after updating B : 8.09311
Iteration number -------- 167  -----------
lambda : 2.28858
max_diff => 0.0630385
------------------------normalized = 0.304734 ----------------
performed mixing
Frob norm 1 after updating U: 8.09088
200 iterations
f(b) = 71.7143
Frob norm 2 after updating B : 8.09614
Iteration number -------- 168  -----------
lambda : 2.30002
max_diff => 0.0617424
------------------------normalized = 0.304848 ----------------
performed mixing
Frob norm 1 after updating U: 8.09373
200 iterations
f(b) = 71.6177
Frob norm 2 after updating B : 8.09606
Iteration number -------- 169  -----------
lambda : 2.31152
max_diff => 0.0616713
------------------------normalized = 0.304845 ----------------
performed mixing
Frob norm 1 after updating U: 8.09399
200 iterations
f(b) = 71.7581
Frob norm 2 after updating B : 8.09664
Iteration number -------- 170  -----------
lambda : 2.32308
max_diff => 0.061677
------------------------normalized = 0.304867 ----------------
performed mixing
Frob norm 1 after updating U: 8.09468
200 iterations
f(b) = 71.8331
Frob norm 2 after updating B : 8.09707
Iteration number -------- 171  -----------
lambda : 2.3347
max_diff => 0.0616816
------------------------normalized = 0.304883 ----------------
performed mixing
Frob norm 1 after updating U: 8.09523
200 iterations
f(b) = 71.7962
Frob norm 2 after updating B : 8.09814
Iteration number -------- 172  -----------
lambda : 2.34637
max_diff => 0.0616883
------------------------normalized = 0.304923 ----------------
performed mixing
Frob norm 1 after updating U: 8.09628
200 iterations
f(b) = 71.8857
Frob norm 2 after updating B : 8.09819
Iteration number -------- 173  -----------
lambda : 2.3581
max_diff => 0.0616898
------------------------normalized = 0.304925 ----------------
performed mixing
Frob norm 1 after updating U: 8.09657
200 iterations
f(b) = 71.6952
Frob norm 2 after updating B : 8.0984
Iteration number -------- 174  -----------
lambda : 2.36989
max_diff => 0.0616925
------------------------normalized = 0.304933 ----------------
performed mixing
Frob norm 1 after updating U: 8.09689
200 iterations
f(b) = 71.7421
Frob norm 2 after updating B : 8.09895
Iteration number -------- 175  -----------
lambda : 2.38174
max_diff => 0.061695
------------------------normalized = 0.304953 ----------------
performed mixing
Frob norm 1 after updating U: 8.09742
200 iterations
f(b) = 71.7857
Frob norm 2 after updating B : 8.10066
Iteration number -------- 176  -----------
lambda : 2.39365
max_diff => 0.0617023
------------------------normalized = 0.305018 ----------------
performed mixing
Frob norm 1 after updating U: 8.09889
200 iterations
f(b) = 71.757
Frob norm 2 after updating B : 8.10157
Iteration number -------- 177  -----------
lambda : 2.40562
max_diff => 0.0617092
------------------------normalized = 0.305052 ----------------
performed mixing
Frob norm 1 after updating U: 8.09973
200 iterations
f(b) = 71.9083
Frob norm 2 after updating B : 8.10222
Iteration number -------- 178  -----------
lambda : 2.41765
max_diff => 0.0617139
------------------------normalized = 0.305077 ----------------
performed mixing
Frob norm 1 after updating U: 8.10048
200 iterations
f(b) = 71.7324
Frob norm 2 after updating B : 8.10295
Iteration number -------- 179  -----------
lambda : 2.42974
max_diff => 0.0617192
------------------------normalized = 0.305104 ----------------
performed mixing
Frob norm 1 after updating U: 8.10108
200 iterations
f(b) = 72.9642
Frob norm 2 after updating B : 8.10262
Iteration number -------- 180  -----------
lambda : 2.44188
max_diff => 0.0617347
------------------------normalized = 0.305092 ----------------
performed mixing
Frob norm 1 after updating U: 8.09997
200 iterations
f(b) = 71.8806
Frob norm 2 after updating B : 8.10591
Iteration number -------- 181  -----------
lambda : 2.45409
max_diff => 0.0617422
------------------------normalized = 0.305216 ----------------
performed mixing
Frob norm 1 after updating U: 8.10356
200 iterations
f(b) = 71.9852
Frob norm 2 after updating B : 8.10699
Iteration number -------- 182  -----------
lambda : 2.46636
max_diff => 0.061747
------------------------normalized = 0.305256 ----------------
performed mixing
Frob norm 1 after updating U: 8.10463
200 iterations
f(b) = 72.0823
Frob norm 2 after updating B : 8.10772
Iteration number -------- 183  -----------
lambda : 2.4787
max_diff => 0.0617518
------------------------normalized = 0.305284 ----------------
performed mixing
Frob norm 1 after updating U: 8.10555
200 iterations
f(b) = 72.0626
Frob norm 2 after updating B : 8.1086
Iteration number -------- 184  -----------
lambda : 2.49109
max_diff => 0.061757
------------------------normalized = 0.305317 ----------------
performed mixing
Frob norm 1 after updating U: 8.10654
200 iterations
f(b) = 72.0749
Frob norm 2 after updating B : 8.10899
Iteration number -------- 185  -----------
lambda : 2.50354
max_diff => 0.0617635
------------------------normalized = 0.305332 ----------------
performed mixing
Frob norm 1 after updating U: 8.10708
200 iterations
f(b) = 72.0786
Frob norm 2 after updating B : 8.11101
Iteration number -------- 186  -----------
lambda : 2.51606
max_diff => 0.0617732
------------------------normalized = 0.305407 ----------------
performed mixing
Frob norm 1 after updating U: 8.10875
200 iterations
f(b) = 72.1612
Frob norm 2 after updating B : 8.11104
Iteration number -------- 187  -----------
lambda : 2.52864
max_diff => 0.0617751
------------------------normalized = 0.305409 ----------------
performed mixing
Frob norm 1 after updating U: 8.10913
200 iterations
f(b) = 72.1653
Frob norm 2 after updating B : 8.11159
Iteration number -------- 188  -----------
lambda : 2.54129
max_diff => 0.0617798
------------------------normalized = 0.305429 ----------------
performed mixing
Frob norm 1 after updating U: 8.1098
200 iterations
f(b) = 72.1745
Frob norm 2 after updating B : 8.11178
Iteration number -------- 189  -----------
lambda : 2.55399
max_diff => 0.0617822
------------------------normalized = 0.305437 ----------------
performed mixing
Frob norm 1 after updating U: 8.1102
200 iterations
f(b) = 72.0438
Frob norm 2 after updating B : 8.11412
Iteration number -------- 190  -----------
lambda : 2.56676
max_diff => 0.0618083
------------------------normalized = 0.305525 ----------------
performed mixing
Frob norm 1 after updating U: 8.11164
200 iterations
f(b) = 72.0931
Frob norm 2 after updating B : 8.11528
Iteration number -------- 191  -----------
lambda : 2.5796
max_diff => 0.0618121
------------------------normalized = 0.305568 ----------------
performed mixing
Frob norm 1 after updating U: 8.11292
200 iterations
f(b) = 72.2547
Frob norm 2 after updating B : 8.11628
Iteration number -------- 192  -----------
lambda : 2.59249
max_diff => 0.0618163
------------------------normalized = 0.305606 ----------------
performed mixing
Frob norm 1 after updating U: 8.11407
200 iterations
f(b) = 72.2019
Frob norm 2 after updating B : 8.11912
Iteration number -------- 193  -----------
lambda : 2.60546
max_diff => 0.061828
------------------------normalized = 0.305713 ----------------
performed mixing
Frob norm 1 after updating U: 8.11653
200 iterations
f(b) = 72.2755
Frob norm 2 after updating B : 8.11924
Iteration number -------- 194  -----------
lambda : 2.61848
max_diff => 0.0618312
------------------------normalized = 0.305718 ----------------
performed mixing
Frob norm 1 after updating U: 8.11698
200 iterations
f(b) = 72.1934
Frob norm 2 after updating B : 8.11977
Iteration number -------- 195  -----------
lambda : 2.63158
max_diff => 0.0618366
------------------------normalized = 0.305737 ----------------
performed mixing
Frob norm 1 after updating U: 8.11767
200 iterations
f(b) = 72.321
Frob norm 2 after updating B : 8.12069
Iteration number -------- 196  -----------
lambda : 2.64473
max_diff => 0.0618448
------------------------normalized = 0.305772 ----------------
performed mixing
Frob norm 1 after updating U: 8.11863
200 iterations
f(b) = 72.2391
Frob norm 2 after updating B : 8.12155
Iteration number -------- 197  -----------
lambda : 2.65796
max_diff => 0.0618515
------------------------normalized = 0.305805 ----------------
performed mixing
Frob norm 1 after updating U: 8.11955
200 iterations
f(b) = 72.3617
Frob norm 2 after updating B : 8.12194
Iteration number -------- 198  -----------
lambda : 2.67125
max_diff => 0.0618566
------------------------normalized = 0.305819 ----------------
performed mixing
Frob norm 1 after updating U: 8.12009
200 iterations
f(b) = 72.3579
Frob norm 2 after updating B : 8.12294
Iteration number -------- 199  -----------
lambda : 2.6846
max_diff => 0.0618622
------------------------normalized = 0.305857 ----------------
performed mixing
Frob norm 1 after updating U: 8.12106
200 iterations
f(b) = 72.5252
Frob norm 2 after updating B : 8.12387
Iteration number -------- 200  -----------
lambda : 2.69803
max_diff => 0.0618629
------------------------normalized = 0.305892 ----------------
