performing filtering
Academic license - for non-commercial use only
Frob norm 1 after updating U: 26.3522
200 iterations
f(b) = 147.43
Frob norm 2 after updating B : 11.5624
Iteration number -------- 1  -----------
lambda : 1
max_diff => 0.182731
------------------------normalized = 0.435366 ----------------
performed mixing
Frob norm 1 after updating U: 7.72799
200 iterations
f(b) = 115.231
Frob norm 2 after updating B : 10.328
Iteration number -------- 2  -----------
lambda : 1.005
max_diff => 0.153141
------------------------normalized = 0.388886 ----------------
performed mixing
Frob norm 1 after updating U: 7.31914
200 iterations
f(b) = 94.8171
Frob norm 2 after updating B : 9.37284
Iteration number -------- 3  -----------
lambda : 1.01002
max_diff => 0.146129
------------------------normalized = 0.35292 ----------------
performed mixing
Frob norm 1 after updating U: 7.10929
200 iterations
f(b) = 81.0225
Frob norm 2 after updating B : 8.64338
Iteration number -------- 4  -----------
lambda : 1.01508
max_diff => 0.13548
------------------------normalized = 0.325453 ----------------
performed mixing
Frob norm 1 after updating U: 6.99771
200 iterations
f(b) = 71.2675
Frob norm 2 after updating B : 8.11693
Iteration number -------- 5  -----------
lambda : 1.02015
max_diff => 0.147284
------------------------normalized = 0.305631 ----------------
performed mixing
Frob norm 1 after updating U: 6.91095
200 iterations
f(b) = 64.7682
Frob norm 2 after updating B : 7.72204
Iteration number -------- 6  -----------
lambda : 1.02525
max_diff => 0.194919
------------------------normalized = 0.290762 ----------------
performed mixing
Frob norm 1 after updating U: 6.88083
200 iterations
f(b) = 60.4203
Frob norm 2 after updating B : 7.43831
Iteration number -------- 7  -----------
lambda : 1.03038
max_diff => 0.225953
------------------------normalized = 0.280078 ----------------
performed mixing
Frob norm 1 after updating U: 6.86222
200 iterations
f(b) = 57.4241
Frob norm 2 after updating B : 7.23982
Iteration number -------- 8  -----------
lambda : 1.03553
max_diff => 0.273168
------------------------normalized = 0.272604 ----------------
performed mixing
Frob norm 1 after updating U: 6.82776
200 iterations
f(b) = 55.3678
Frob norm 2 after updating B : 7.09438
Iteration number -------- 9  -----------
lambda : 1.04071
max_diff => 0.294313
------------------------normalized = 0.267128 ----------------
performed mixing
Frob norm 1 after updating U: 6.80927
200 iterations
f(b) = 53.7994
Frob norm 2 after updating B : 6.99005
Iteration number -------- 10  -----------
lambda : 1.04591
max_diff => 0.330489
------------------------normalized = 0.263199 ----------------
performed mixing
Frob norm 1 after updating U: 6.7679
200 iterations
f(b) = 52.4903
Frob norm 2 after updating B : 6.90008
Iteration number -------- 11  -----------
lambda : 1.05114
max_diff => 0.368959
------------------------normalized = 0.259812 ----------------
performed mixing
Frob norm 1 after updating U: 6.71463
200 iterations
f(b) = 51.3944
Frob norm 2 after updating B : 6.82678
Iteration number -------- 12  -----------
lambda : 1.0564
max_diff => 0.382797
------------------------normalized = 0.257052 ----------------
performed mixing
Frob norm 1 after updating U: 6.67174
200 iterations
f(b) = 50.5507
Frob norm 2 after updating B : 6.7658
Iteration number -------- 13  -----------
lambda : 1.06168
max_diff => 0.375901
------------------------normalized = 0.254756 ----------------
performed mixing
Frob norm 1 after updating U: 6.64429
200 iterations
f(b) = 49.7707
Frob norm 2 after updating B : 6.71918
Iteration number -------- 14  -----------
lambda : 1.06699
max_diff => 0.345402
------------------------normalized = 0.253001 ----------------
performed mixing
Frob norm 1 after updating U: 6.61447
200 iterations
f(b) = 49.1225
Frob norm 2 after updating B : 6.67802
Iteration number -------- 15  -----------
lambda : 1.07232
max_diff => 0.301726
------------------------normalized = 0.251451 ----------------
performed mixing
Frob norm 1 after updating U: 6.58983
200 iterations
f(b) = 48.5833
Frob norm 2 after updating B : 6.6489
Iteration number -------- 16  -----------
lambda : 1.07768
max_diff => 0.228731
------------------------normalized = 0.250354 ----------------
performed mixing
Frob norm 1 after updating U: 6.56534
200 iterations
f(b) = 48.194
Frob norm 2 after updating B : 6.62144
Iteration number -------- 17  -----------
lambda : 1.08307
max_diff => 0.208016
------------------------normalized = 0.24932 ----------------
performed mixing
Frob norm 1 after updating U: 6.55879
200 iterations
f(b) = 47.88
Frob norm 2 after updating B : 6.60529
Iteration number -------- 18  -----------
lambda : 1.08849
max_diff => 0.172908
------------------------normalized = 0.248712 ----------------
performed mixing
Frob norm 1 after updating U: 6.55238
200 iterations
f(b) = 47.6232
Frob norm 2 after updating B : 6.58958
Iteration number -------- 19  -----------
lambda : 1.09393
max_diff => 0.152953
------------------------normalized = 0.248121 ----------------
performed mixing
Frob norm 1 after updating U: 6.5478
200 iterations
f(b) = 47.5739
Frob norm 2 after updating B : 6.57715
Iteration number -------- 20  -----------
lambda : 1.0994
max_diff => 0.150719
------------------------normalized = 0.247653 ----------------
performed mixing
Frob norm 1 after updating U: 6.54746
200 iterations
f(b) = 47.4125
Frob norm 2 after updating B : 6.56889
Iteration number -------- 21  -----------
lambda : 1.1049
max_diff => 0.143458
------------------------normalized = 0.247342 ----------------
performed mixing
Frob norm 1 after updating U: 6.5464
200 iterations
f(b) = 47.1222
Frob norm 2 after updating B : 6.56631
Iteration number -------- 22  -----------
lambda : 1.11042
max_diff => 0.0949891
------------------------normalized = 0.247244 ----------------
performed mixing
Frob norm 1 after updating U: 6.53835
200 iterations
f(b) = 46.7704
Frob norm 2 after updating B : 6.57052
Iteration number -------- 23  -----------
lambda : 1.11597
max_diff => 0.0613961
------------------------normalized = 0.247403 ----------------
performed mixing
Frob norm 1 after updating U: 6.52327
200 iterations
f(b) = 46.7157
Frob norm 2 after updating B : 6.55597
Iteration number -------- 24  -----------
lambda : 1.12155
max_diff => 0.0613242
------------------------normalized = 0.246855 ----------------
performed mixing
Frob norm 1 after updating U: 6.52295
200 iterations
f(b) = 46.4654
Frob norm 2 after updating B : 6.54511
Iteration number -------- 25  -----------
lambda : 1.12716
max_diff => 0.0610169
------------------------normalized = 0.246446 ----------------
performed mixing
Frob norm 1 after updating U: 6.52139
200 iterations
f(b) = 46.508
Frob norm 2 after updating B : 6.53876
Iteration number -------- 26  -----------
lambda : 1.1328
max_diff => 0.0609377
------------------------normalized = 0.246207 ----------------
performed mixing
Frob norm 1 after updating U: 6.52158
200 iterations
f(b) = 46.2615
Frob norm 2 after updating B : 6.53284
Iteration number -------- 27  -----------
lambda : 1.13846
max_diff => 0.0595308
------------------------normalized = 0.245984 ----------------
performed mixing
Frob norm 1 after updating U: 6.5162
200 iterations
f(b) = 46.1845
Frob norm 2 after updating B : 6.52887
Iteration number -------- 28  -----------
lambda : 1.14415
max_diff => 0.0587643
------------------------normalized = 0.245835 ----------------
performed mixing
Frob norm 1 after updating U: 6.51433
200 iterations
f(b) = 46.2172
Frob norm 2 after updating B : 6.52479
Iteration number -------- 29  -----------
lambda : 1.14987
max_diff => 0.0586653
------------------------normalized = 0.245681 ----------------
performed mixing
Frob norm 1 after updating U: 6.51403
200 iterations
f(b) = 46.0647
Frob norm 2 after updating B : 6.52176
Iteration number -------- 30  -----------
lambda : 1.15562
max_diff => 0.0570741
------------------------normalized = 0.245567 ----------------
performed mixing
Frob norm 1 after updating U: 6.50969
200 iterations
f(b) = 46.1218
Frob norm 2 after updating B : 6.51848
Iteration number -------- 31  -----------
lambda : 1.1614
max_diff => 0.0569961
------------------------normalized = 0.245443 ----------------
performed mixing
Frob norm 1 after updating U: 6.50955
200 iterations
f(b) = 46.0612
Frob norm 2 after updating B : 6.51627
Iteration number -------- 32  -----------
lambda : 1.16721
max_diff => 0.0566977
------------------------normalized = 0.24536 ----------------
performed mixing
Frob norm 1 after updating U: 6.50889
200 iterations
f(b) = 45.9422
Frob norm 2 after updating B : 6.51413
Iteration number -------- 33  -----------
lambda : 1.17304
max_diff => 0.0549728
------------------------normalized = 0.245279 ----------------
performed mixing
Frob norm 1 after updating U: 6.50514
200 iterations
f(b) = 45.9711
Frob norm 2 after updating B : 6.51157
Iteration number -------- 34  -----------
lambda : 1.17891
max_diff => 0.0547361
------------------------normalized = 0.245183 ----------------
performed mixing
Frob norm 1 after updating U: 6.50472
200 iterations
f(b) = 46.0257
Frob norm 2 after updating B : 6.5098
Iteration number -------- 35  -----------
lambda : 1.1848
max_diff => 0.0546429
------------------------normalized = 0.245117 ----------------
performed mixing
Frob norm 1 after updating U: 6.50462
200 iterations
f(b) = 45.8519
Frob norm 2 after updating B : 6.50822
Iteration number -------- 36  -----------
lambda : 1.19073
max_diff => 0.0528917
------------------------normalized = 0.245057 ----------------
performed mixing
Frob norm 1 after updating U: 6.50149
200 iterations
f(b) = 45.9463
Frob norm 2 after updating B : 6.50641
Iteration number -------- 37  -----------
lambda : 1.19668
max_diff => 0.0527762
------------------------normalized = 0.244989 ----------------
performed mixing
Frob norm 1 after updating U: 6.50135
200 iterations
f(b) = 45.8827
Frob norm 2 after updating B : 6.50509
Iteration number -------- 38  -----------
lambda : 1.20266
max_diff => 0.0524741
------------------------normalized = 0.244939 ----------------
performed mixing
Frob norm 1 after updating U: 6.50089
200 iterations
f(b) = 45.9283
Frob norm 2 after updating B : 6.50401
Iteration number -------- 39  -----------
lambda : 1.20868
max_diff => 0.0523504
------------------------normalized = 0.244898 ----------------
performed mixing
Frob norm 1 after updating U: 6.5007
200 iterations
f(b) = 45.9076
Frob norm 2 after updating B : 6.50329
Iteration number -------- 40  -----------
lambda : 1.21472
max_diff => 0.0520948
------------------------normalized = 0.244872 ----------------
performed mixing
Frob norm 1 after updating U: 6.50039
200 iterations
f(b) = 45.9025
Frob norm 2 after updating B : 6.50266
Iteration number -------- 41  -----------
lambda : 1.22079
max_diff => 0.0517334
------------------------normalized = 0.244848 ----------------
performed mixing
Frob norm 1 after updating U: 6.49993
200 iterations
f(b) = 45.9123
Frob norm 2 after updating B : 6.50193
Iteration number -------- 42  -----------
lambda : 1.2269
max_diff => 0.0515972
------------------------normalized = 0.24482 ----------------
performed mixing
Frob norm 1 after updating U: 6.49974
200 iterations
f(b) = 45.9255
Frob norm 2 after updating B : 6.50147
Iteration number -------- 43  -----------
lambda : 1.23303
max_diff => 0.0513663
------------------------normalized = 0.244803 ----------------
performed mixing
Frob norm 1 after updating U: 6.49952
200 iterations
f(b) = 45.877
Frob norm 2 after updating B : 6.50126
Iteration number -------- 44  -----------
lambda : 1.2392
max_diff => 0.0509144
------------------------normalized = 0.244795 ----------------
performed mixing
Frob norm 1 after updating U: 6.49908
200 iterations
f(b) = 45.7883
Frob norm 2 after updating B : 6.5006
Iteration number -------- 45  -----------
lambda : 1.24539
max_diff => 0.050636
------------------------normalized = 0.24477 ----------------
performed mixing
Frob norm 1 after updating U: 6.49863
200 iterations
f(b) = 45.884
Frob norm 2 after updating B : 6.50037
Iteration number -------- 46  -----------
lambda : 1.25162
max_diff => 0.050264
------------------------normalized = 0.244761 ----------------
performed mixing
Frob norm 1 after updating U: 6.49839
200 iterations
f(b) = 45.9056
Frob norm 2 after updating B : 6.49994
Iteration number -------- 47  -----------
lambda : 1.25788
max_diff => 0.0499559
------------------------normalized = 0.244745 ----------------
performed mixing
Frob norm 1 after updating U: 6.49808
200 iterations
f(b) = 45.8992
Frob norm 2 after updating B : 6.49973
Iteration number -------- 48  -----------
lambda : 1.26417
max_diff => 0.0496486
------------------------normalized = 0.244737 ----------------
performed mixing
Frob norm 1 after updating U: 6.49788
200 iterations
f(b) = 45.917
Frob norm 2 after updating B : 6.49946
Iteration number -------- 49  -----------
lambda : 1.27049
max_diff => 0.0496883
------------------------normalized = 0.244727 ----------------
performed mixing
Frob norm 1 after updating U: 6.49797
200 iterations
f(b) = 45.9104
Frob norm 2 after updating B : 6.49913
Iteration number -------- 50  -----------
lambda : 1.27684
max_diff => 0.0497234
------------------------normalized = 0.244715 ----------------
performed mixing
Frob norm 1 after updating U: 6.49789
200 iterations
f(b) = 45.9261
Frob norm 2 after updating B : 6.4986
Iteration number -------- 51  -----------
lambda : 1.28323
max_diff => 0.049759
------------------------normalized = 0.244695 ----------------
performed mixing
Frob norm 1 after updating U: 6.49758
200 iterations
f(b) = 45.9436
Frob norm 2 after updating B : 6.49847
Iteration number -------- 52  -----------
lambda : 1.28964
max_diff => 0.04979
------------------------normalized = 0.24469 ----------------
performed mixing
Frob norm 1 after updating U: 6.49764
200 iterations
f(b) = 45.943
Frob norm 2 after updating B : 6.49841
Iteration number -------- 53  -----------
lambda : 1.29609
max_diff => 0.0498147
------------------------normalized = 0.244688 ----------------
performed mixing
Frob norm 1 after updating U: 6.4977
200 iterations
f(b) = 45.9775
Frob norm 2 after updating B : 6.49824
Iteration number -------- 54  -----------
lambda : 1.30257
max_diff => 0.0498324
------------------------normalized = 0.244681 ----------------
performed mixing
Frob norm 1 after updating U: 6.49766
200 iterations
f(b) = 45.9743
Frob norm 2 after updating B : 6.49826
Iteration number -------- 55  -----------
lambda : 1.30908
max_diff => 0.0498557
------------------------normalized = 0.244682 ----------------
performed mixing
Frob norm 1 after updating U: 6.49775
200 iterations
f(b) = 46.0144
Frob norm 2 after updating B : 6.49815
Iteration number -------- 56  -----------
lambda : 1.31563
max_diff => 0.0498701
------------------------normalized = 0.244678 ----------------
performed mixing
Frob norm 1 after updating U: 6.49773
200 iterations
f(b) = 45.9786
Frob norm 2 after updating B : 6.49821
Iteration number -------- 57  -----------
lambda : 1.32221
max_diff => 0.0498977
------------------------normalized = 0.24468 ----------------
performed mixing
Frob norm 1 after updating U: 6.49782
200 iterations
f(b) = 45.9905
Frob norm 2 after updating B : 6.49808
Iteration number -------- 58  -----------
lambda : 1.32882
max_diff => 0.049925
------------------------normalized = 0.244675 ----------------
performed mixing
Frob norm 1 after updating U: 6.49773
200 iterations
f(b) = 46.022
Frob norm 2 after updating B : 6.49827
Iteration number -------- 59  -----------
lambda : 1.33546
max_diff => 0.0499495
------------------------normalized = 0.244682 ----------------
performed mixing
Frob norm 1 after updating U: 6.49795
200 iterations
f(b) = 46.0096
Frob norm 2 after updating B : 6.49834
Iteration number -------- 60  -----------
lambda : 1.34214
max_diff => 0.0499709
------------------------normalized = 0.244685 ----------------
performed mixing
Frob norm 1 after updating U: 6.49803
200 iterations
f(b) = 46.0389
Frob norm 2 after updating B : 6.49851
Iteration number -------- 61  -----------
lambda : 1.34885
max_diff => 0.0499909
------------------------normalized = 0.244691 ----------------
performed mixing
Frob norm 1 after updating U: 6.49821
200 iterations
f(b) = 46.0084
Frob norm 2 after updating B : 6.49866
Iteration number -------- 62  -----------
lambda : 1.35559
max_diff => 0.050017
------------------------normalized = 0.244697 ----------------
performed mixing
Frob norm 1 after updating U: 6.49834
200 iterations
f(b) = 45.8113
Frob norm 2 after updating B : 6.49858
Iteration number -------- 63  -----------
lambda : 1.36237
max_diff => 0.0500536
------------------------normalized = 0.244694 ----------------
performed mixing
Frob norm 1 after updating U: 6.49829
200 iterations
f(b) = 46.1202
Frob norm 2 after updating B : 6.49855
Iteration number -------- 64  -----------
lambda : 1.36918
max_diff => 0.0500642
------------------------normalized = 0.244693 ----------------
performed mixing
Frob norm 1 after updating U: 6.49831
200 iterations
f(b) = 46.0984
Frob norm 2 after updating B : 6.49869
Iteration number -------- 65  -----------
lambda : 1.37603
max_diff => 0.0500742
------------------------normalized = 0.244698 ----------------
performed mixing
Frob norm 1 after updating U: 6.49847
200 iterations
f(b) = 46.1125
Frob norm 2 after updating B : 6.49876
Iteration number -------- 66  -----------
lambda : 1.38291
max_diff => 0.0500835
------------------------normalized = 0.244701 ----------------
performed mixing
Frob norm 1 after updating U: 6.49856
200 iterations
f(b) = 46.0992
Frob norm 2 after updating B : 6.49881
Iteration number -------- 67  -----------
lambda : 1.38982
max_diff => 0.0500991
------------------------normalized = 0.244703 ----------------
performed mixing
Frob norm 1 after updating U: 6.49863
200 iterations
f(b) = 46.0315
Frob norm 2 after updating B : 6.49923
Iteration number -------- 68  -----------
lambda : 1.39677
max_diff => 0.0501393
------------------------normalized = 0.244719 ----------------
performed mixing
Frob norm 1 after updating U: 6.49899
200 iterations
f(b) = 46.1076
Frob norm 2 after updating B : 6.49946
Iteration number -------- 69  -----------
lambda : 1.40376
max_diff => 0.0501496
------------------------normalized = 0.244727 ----------------
performed mixing
Frob norm 1 after updating U: 6.49923
200 iterations
f(b) = 46.0495
Frob norm 2 after updating B : 6.50054
Iteration number -------- 70  -----------
lambda : 1.41078
max_diff => 0.0502061
------------------------normalized = 0.244768 ----------------
performed mixing
Frob norm 1 after updating U: 6.50018
200 iterations
f(b) = 45.8995
Frob norm 2 after updating B : 6.50299
Iteration number -------- 71  -----------
lambda : 1.41783
max_diff => 0.0511867
------------------------normalized = 0.24486 ----------------
performed mixing
Frob norm 1 after updating U: 6.50238
200 iterations
f(b) = 45.9047
Frob norm 2 after updating B : 6.50284
Iteration number -------- 72  -----------
lambda : 1.42492
max_diff => 0.051261
------------------------normalized = 0.244854 ----------------
performed mixing
Frob norm 1 after updating U: 6.50242
200 iterations
f(b) = 46.0716
Frob norm 2 after updating B : 6.50273
Iteration number -------- 73  -----------
lambda : 1.43204
max_diff => 0.0513166
------------------------normalized = 0.24485 ----------------
performed mixing
Frob norm 1 after updating U: 6.50245
200 iterations
f(b) = 46.0572
Frob norm 2 after updating B : 6.50267
Iteration number -------- 74  -----------
lambda : 1.4392
max_diff => 0.0513792
------------------------normalized = 0.244848 ----------------
performed mixing
Frob norm 1 after updating U: 6.50248
200 iterations
f(b) = 46.1182
Frob norm 2 after updating B : 6.50287
Iteration number -------- 75  -----------
lambda : 1.4464
max_diff => 0.0514606
------------------------normalized = 0.244856 ----------------
performed mixing
Frob norm 1 after updating U: 6.5027
200 iterations
f(b) = 46.1382
Frob norm 2 after updating B : 6.50295
Iteration number -------- 76  -----------
lambda : 1.45363
max_diff => 0.0515286
------------------------normalized = 0.244859 ----------------
performed mixing
Frob norm 1 after updating U: 6.50282
200 iterations
f(b) = 46.0631
Frob norm 2 after updating B : 6.50298
Iteration number -------- 77  -----------
lambda : 1.4609
max_diff => 0.0516278
------------------------normalized = 0.24486 ----------------
performed mixing
Frob norm 1 after updating U: 6.50289
200 iterations
f(b) = 46.182
Frob norm 2 after updating B : 6.50303
Iteration number -------- 78  -----------
lambda : 1.46821
max_diff => 0.0516794
------------------------normalized = 0.244862 ----------------
performed mixing
Frob norm 1 after updating U: 6.503
200 iterations
f(b) = 46.1156
Frob norm 2 after updating B : 6.50327
Iteration number -------- 79  -----------
lambda : 1.47555
max_diff => 0.0517648
------------------------normalized = 0.24487 ----------------
performed mixing
Frob norm 1 after updating U: 6.5032
200 iterations
f(b) = 46.1319
Frob norm 2 after updating B : 6.50348
Iteration number -------- 80  -----------
lambda : 1.48292
max_diff => 0.0518643
------------------------normalized = 0.244879 ----------------
performed mixing
Frob norm 1 after updating U: 6.50345
200 iterations
f(b) = 46.2185
Frob norm 2 after updating B : 6.50356
Iteration number -------- 81  -----------
lambda : 1.49034
max_diff => 0.0519403
------------------------normalized = 0.244882 ----------------
performed mixing
Frob norm 1 after updating U: 6.50352
200 iterations
f(b) = 46.2073
Frob norm 2 after updating B : 6.50416
Iteration number -------- 82  -----------
lambda : 1.49779
max_diff => 0.0520625
------------------------normalized = 0.244904 ----------------
performed mixing
Frob norm 1 after updating U: 6.5042
200 iterations
f(b) = 46.2198
Frob norm 2 after updating B : 6.50454
Iteration number -------- 83  -----------
lambda : 1.50528
max_diff => 0.0521777
------------------------normalized = 0.244918 ----------------
performed mixing
Frob norm 1 after updating U: 6.50451
200 iterations
f(b) = 46.282
Frob norm 2 after updating B : 6.50471
Iteration number -------- 84  -----------
lambda : 1.51281
max_diff => 0.0522494
------------------------normalized = 0.244925 ----------------
performed mixing
Frob norm 1 after updating U: 6.50468
200 iterations
f(b) = 46.2642
Frob norm 2 after updating B : 6.505
Iteration number -------- 85  -----------
lambda : 1.52037
max_diff => 0.0523268
------------------------normalized = 0.244936 ----------------
performed mixing
Frob norm 1 after updating U: 6.50496
200 iterations
f(b) = 46.2635
Frob norm 2 after updating B : 6.50611
Iteration number -------- 86  -----------
lambda : 1.52797
max_diff => 0.052474
------------------------normalized = 0.244978 ----------------
performed mixing
Frob norm 1 after updating U: 6.50606
200 iterations
f(b) = 46.2363
Frob norm 2 after updating B : 6.50621
Iteration number -------- 87  -----------
lambda : 1.53561
max_diff => 0.0525457
------------------------normalized = 0.244981 ----------------
performed mixing
Frob norm 1 after updating U: 6.50618
200 iterations
f(b) = 46.2209
Frob norm 2 after updating B : 6.50654
Iteration number -------- 88  -----------
lambda : 1.54329
max_diff => 0.0526151
------------------------normalized = 0.244994 ----------------
performed mixing
Frob norm 1 after updating U: 6.5065
200 iterations
f(b) = 46.2489
Frob norm 2 after updating B : 6.50697
Iteration number -------- 89  -----------
lambda : 1.55101
max_diff => 0.0527073
------------------------normalized = 0.24501 ----------------
performed mixing
Frob norm 1 after updating U: 6.50695
200 iterations
f(b) = 46.3745
Frob norm 2 after updating B : 6.50711
Iteration number -------- 90  -----------
lambda : 1.55876
max_diff => 0.0527581
------------------------normalized = 0.245015 ----------------
performed mixing
Frob norm 1 after updating U: 6.50709
200 iterations
f(b) = 46.4022
Frob norm 2 after updating B : 6.50702
Iteration number -------- 91  -----------
lambda : 1.56655
max_diff => 0.052857
------------------------normalized = 0.245012 ----------------
performed mixing
Frob norm 1 after updating U: 6.50703
200 iterations
f(b) = 46.4089
Frob norm 2 after updating B : 6.50742
Iteration number -------- 92  -----------
lambda : 1.57439
max_diff => 0.0529015
------------------------normalized = 0.245027 ----------------
performed mixing
Frob norm 1 after updating U: 6.5074
200 iterations
f(b) = 46.4401
Frob norm 2 after updating B : 6.50759
Iteration number -------- 93  -----------
lambda : 1.58226
max_diff => 0.0529474
------------------------normalized = 0.245033 ----------------
performed mixing
Frob norm 1 after updating U: 6.50757
200 iterations
f(b) = 46.4055
Frob norm 2 after updating B : 6.50841
Iteration number -------- 94  -----------
lambda : 1.59017
max_diff => 0.0530566
------------------------normalized = 0.245064 ----------------
performed mixing
Frob norm 1 after updating U: 6.50839
200 iterations
f(b) = 46.4293
Frob norm 2 after updating B : 6.50846
Iteration number -------- 95  -----------
lambda : 1.59812
max_diff => 0.0531056
------------------------normalized = 0.245066 ----------------
performed mixing
Frob norm 1 after updating U: 6.50847
200 iterations
f(b) = 46.479
Frob norm 2 after updating B : 6.50881
Iteration number -------- 96  -----------
lambda : 1.60611
max_diff => 0.0531472
------------------------normalized = 0.245079 ----------------
performed mixing
Frob norm 1 after updating U: 6.50879
200 iterations
f(b) = 46.4824
Frob norm 2 after updating B : 6.50914
Iteration number -------- 97  -----------
lambda : 1.61414
max_diff => 0.0532137
------------------------normalized = 0.245092 ----------------
performed mixing
Frob norm 1 after updating U: 6.50914
200 iterations
f(b) = 46.4763
Frob norm 2 after updating B : 6.50953
Iteration number -------- 98  -----------
lambda : 1.62221
max_diff => 0.0532886
------------------------normalized = 0.245106 ----------------
performed mixing
Frob norm 1 after updating U: 6.50954
200 iterations
f(b) = 46.4438
Frob norm 2 after updating B : 6.50839
Iteration number -------- 99  -----------
lambda : 1.63032
max_diff => 0.0540637
------------------------normalized = 0.245063 ----------------
performed mixing
Frob norm 1 after updating U: 6.5084
200 iterations
f(b) = 46.4589
Frob norm 2 after updating B : 6.50988
Iteration number -------- 100  -----------
lambda : 1.63848
max_diff => 0.0541374
------------------------normalized = 0.24512 ----------------
performed mixing
Frob norm 1 after updating U: 6.50981
200 iterations
f(b) = 46.497
Frob norm 2 after updating B : 6.51012
Iteration number -------- 101  -----------
lambda : 1.64667
max_diff => 0.054171
------------------------normalized = 0.245129 ----------------
performed mixing
Frob norm 1 after updating U: 6.51006
200 iterations
f(b) = 46.5235
Frob norm 2 after updating B : 6.51067
Iteration number -------- 102  -----------
lambda : 1.6549
max_diff => 0.0542391
------------------------normalized = 0.245149 ----------------
performed mixing
Frob norm 1 after updating U: 6.51062
200 iterations
f(b) = 46.3966
Frob norm 2 after updating B : 6.51111
Iteration number -------- 103  -----------
lambda : 1.66318
max_diff => 0.0543634
------------------------normalized = 0.245166 ----------------
performed mixing
Frob norm 1 after updating U: 6.51107
200 iterations
f(b) = 46.5438
Frob norm 2 after updating B : 6.5114
Iteration number -------- 104  -----------
lambda : 1.67149
max_diff => 0.0544247
------------------------normalized = 0.245177 ----------------
performed mixing
Frob norm 1 after updating U: 6.5114
200 iterations
f(b) = 46.5602
Frob norm 2 after updating B : 6.51168
Iteration number -------- 105  -----------
lambda : 1.67985
max_diff => 0.0544622
------------------------normalized = 0.245187 ----------------
performed mixing
Frob norm 1 after updating U: 6.51165
200 iterations
f(b) = 46.6145
Frob norm 2 after updating B : 6.51188
Iteration number -------- 106  -----------
lambda : 1.68825
max_diff => 0.0544917
------------------------normalized = 0.245195 ----------------
performed mixing
Frob norm 1 after updating U: 6.51185
200 iterations
f(b) = 46.3456
Frob norm 2 after updating B : 6.51205
Iteration number -------- 107  -----------
lambda : 1.69669
max_diff => 0.0545688
------------------------normalized = 0.245201 ----------------
performed mixing
Frob norm 1 after updating U: 6.51206
200 iterations
f(b) = 46.4762
Frob norm 2 after updating B : 6.51246
Iteration number -------- 108  -----------
lambda : 1.70517
max_diff => 0.054701
------------------------normalized = 0.245217 ----------------
performed mixing
Frob norm 1 after updating U: 6.51255
200 iterations
f(b) = 46.6506
Frob norm 2 after updating B : 6.51306
Iteration number -------- 109  -----------
lambda : 1.7137
max_diff => 0.054757
------------------------normalized = 0.245239 ----------------
performed mixing
Frob norm 1 after updating U: 6.51302
200 iterations
f(b) = 46.6737
Frob norm 2 after updating B : 6.51335
Iteration number -------- 110  -----------
lambda : 1.72227
max_diff => 0.0548222
------------------------normalized = 0.24525 ----------------
performed mixing
Frob norm 1 after updating U: 6.51332
200 iterations
f(b) = 46.6597
Frob norm 2 after updating B : 6.5141
Iteration number -------- 111  -----------
lambda : 1.73088
max_diff => 0.054906
------------------------normalized = 0.245279 ----------------
performed mixing
Frob norm 1 after updating U: 6.51406
200 iterations
f(b) = 46.7
Frob norm 2 after updating B : 6.51438
Iteration number -------- 112  -----------
lambda : 1.73953
max_diff => 0.0549502
------------------------normalized = 0.245289 ----------------
performed mixing
Frob norm 1 after updating U: 6.51434
200 iterations
f(b) = 46.6782
Frob norm 2 after updating B : 6.51473
Iteration number -------- 113  -----------
lambda : 1.74823
max_diff => 0.0550138
------------------------normalized = 0.245302 ----------------
performed mixing
Frob norm 1 after updating U: 6.51474
200 iterations
f(b) = 46.6893
Frob norm 2 after updating B : 6.51569
Iteration number -------- 114  -----------
lambda : 1.75697
max_diff => 0.0551184
------------------------normalized = 0.245338 ----------------
performed mixing
Frob norm 1 after updating U: 6.51566
200 iterations
f(b) = 46.474
Frob norm 2 after updating B : 6.51591
Iteration number -------- 115  -----------
lambda : 1.76576
max_diff => 0.0551931
------------------------normalized = 0.245347 ----------------
performed mixing
Frob norm 1 after updating U: 6.51591
200 iterations
f(b) = 46.4048
Frob norm 2 after updating B : 6.51431
Iteration number -------- 116  -----------
lambda : 1.77459
max_diff => 0.0554638
------------------------normalized = 0.245286 ----------------
performed mixing
Frob norm 1 after updating U: 6.5146
200 iterations
f(b) = 46.6953
Frob norm 2 after updating B : 6.51817
Iteration number -------- 117  -----------
lambda : 1.78346
max_diff => 0.055609
------------------------normalized = 0.245431 ----------------
performed mixing
Frob norm 1 after updating U: 6.5181
200 iterations
f(b) = 46.5256
Frob norm 2 after updating B : 6.5192
Iteration number -------- 118  -----------
lambda : 1.79238
max_diff => 0.0557621
------------------------normalized = 0.245471 ----------------
performed mixing
Frob norm 1 after updating U: 6.51908
200 iterations
f(b) = 46.6332
Frob norm 2 after updating B : 6.5233
Iteration number -------- 119  -----------
lambda : 1.80134
max_diff => 0.0562389
------------------------normalized = 0.245625 ----------------
performed mixing
Frob norm 1 after updating U: 6.52313
200 iterations
f(b) = 46.7253
Frob norm 2 after updating B : 6.52336
Iteration number -------- 120  -----------
lambda : 1.81035
max_diff => 0.0563082
------------------------normalized = 0.245627 ----------------
performed mixing
Frob norm 1 after updating U: 6.52324
200 iterations
f(b) = 46.7204
Frob norm 2 after updating B : 6.52367
Iteration number -------- 121  -----------
lambda : 1.8194
max_diff => 0.0563656
------------------------normalized = 0.245639 ----------------
performed mixing
Frob norm 1 after updating U: 6.52357
200 iterations
f(b) = 46.733
Frob norm 2 after updating B : 6.52401
Iteration number -------- 122  -----------
lambda : 1.82849
max_diff => 0.0564444
------------------------normalized = 0.245652 ----------------
performed mixing
Frob norm 1 after updating U: 6.52396
200 iterations
f(b) = 46.7933
Frob norm 2 after updating B : 6.52435
Iteration number -------- 123  -----------
lambda : 1.83764
max_diff => 0.0565052
------------------------normalized = 0.245664 ----------------
performed mixing
Frob norm 1 after updating U: 6.52432
200 iterations
f(b) = 46.7549
Frob norm 2 after updating B : 6.52467
Iteration number -------- 124  -----------
lambda : 1.84682
max_diff => 0.0565609
------------------------normalized = 0.245677 ----------------
performed mixing
Frob norm 1 after updating U: 6.52463
200 iterations
f(b) = 46.7524
Frob norm 2 after updating B : 6.526
Iteration number -------- 125  -----------
lambda : 1.85606
max_diff => 0.0567163
------------------------normalized = 0.245726 ----------------
performed mixing
Frob norm 1 after updating U: 6.52592
200 iterations
f(b) = 46.7745
Frob norm 2 after updating B : 6.52619
Iteration number -------- 126  -----------
lambda : 1.86534
max_diff => 0.0567918
------------------------normalized = 0.245734 ----------------
performed mixing
Frob norm 1 after updating U: 6.52616
200 iterations
f(b) = 46.7364
Frob norm 2 after updating B : 6.52753
Iteration number -------- 127  -----------
lambda : 1.87467
max_diff => 0.0569302
------------------------normalized = 0.245784 ----------------
performed mixing
Frob norm 1 after updating U: 6.52745
200 iterations
f(b) = 46.6398
Frob norm 2 after updating B : 6.53093
Iteration number -------- 128  -----------
lambda : 1.88404
max_diff => 0.0574256
------------------------normalized = 0.245912 ----------------
performed mixing
Frob norm 1 after updating U: 6.53076
200 iterations
f(b) = 46.8068
Frob norm 2 after updating B : 6.531
Iteration number -------- 129  -----------
lambda : 1.89346
max_diff => 0.0574496
------------------------normalized = 0.245915 ----------------
performed mixing
Frob norm 1 after updating U: 6.53087
200 iterations
f(b) = 46.4399
Frob norm 2 after updating B : 6.53122
Iteration number -------- 130  -----------
lambda : 1.90293
max_diff => 0.0576109
------------------------normalized = 0.245923 ----------------
performed mixing
Frob norm 1 after updating U: 6.53113
200 iterations
f(b) = 46.765
Frob norm 2 after updating B : 6.53226
Iteration number -------- 131  -----------
lambda : 1.91244
max_diff => 0.0576891
------------------------normalized = 0.245962 ----------------
performed mixing
Frob norm 1 after updating U: 6.53216
200 iterations
f(b) = 46.7516
Frob norm 2 after updating B : 6.5324
Iteration number -------- 132  -----------
lambda : 1.922
max_diff => 0.0577148
------------------------normalized = 0.245968 ----------------
performed mixing
Frob norm 1 after updating U: 6.53235
200 iterations
f(b) = 46.6078
Frob norm 2 after updating B : 6.53257
Iteration number -------- 133  -----------
lambda : 1.93161
max_diff => 0.0577884
------------------------normalized = 0.245974 ----------------
performed mixing
Frob norm 1 after updating U: 6.5326
200 iterations
f(b) = 46.8934
Frob norm 2 after updating B : 6.53311
Iteration number -------- 134  -----------
lambda : 1.94127
max_diff => 0.057815
------------------------normalized = 0.245994 ----------------
performed mixing
Frob norm 1 after updating U: 6.53304
200 iterations
f(b) = 46.8531
Frob norm 2 after updating B : 6.53328
Iteration number -------- 135  -----------
lambda : 1.95098
max_diff => 0.0578463
------------------------normalized = 0.246001 ----------------
performed mixing
Frob norm 1 after updating U: 6.53325
200 iterations
f(b) = 46.8712
Frob norm 2 after updating B : 6.53354
Iteration number -------- 136  -----------
lambda : 1.96073
max_diff => 0.0578758
------------------------normalized = 0.24601 ----------------
performed mixing
Frob norm 1 after updating U: 6.5335
200 iterations
f(b) = 46.8682
Frob norm 2 after updating B : 6.53384
Iteration number -------- 137  -----------
lambda : 1.97054
max_diff => 0.0579334
------------------------normalized = 0.246022 ----------------
performed mixing
Frob norm 1 after updating U: 6.53381
200 iterations
f(b) = 46.873
Frob norm 2 after updating B : 6.53407
Iteration number -------- 138  -----------
lambda : 1.98039
max_diff => 0.0579713
------------------------normalized = 0.24603 ----------------
performed mixing
Frob norm 1 after updating U: 6.53404
200 iterations
f(b) = 46.9306
Frob norm 2 after updating B : 6.53427
Iteration number -------- 139  -----------
lambda : 1.99029
max_diff => 0.0579946
------------------------normalized = 0.246038 ----------------
performed mixing
Frob norm 1 after updating U: 6.53427
200 iterations
f(b) = 46.9861
Frob norm 2 after updating B : 6.53442
Iteration number -------- 140  -----------
lambda : 2.00024
max_diff => 0.058016
------------------------normalized = 0.246043 ----------------
performed mixing
Frob norm 1 after updating U: 6.53444
200 iterations
f(b) = 46.9634
Frob norm 2 after updating B : 6.53489
Iteration number -------- 141  -----------
lambda : 2.01024
max_diff => 0.0580533
------------------------normalized = 0.246061 ----------------
performed mixing
Frob norm 1 after updating U: 6.53487
200 iterations
f(b) = 47.0156
Frob norm 2 after updating B : 6.53523
Iteration number -------- 142  -----------
lambda : 2.02029
max_diff => 0.0580872
------------------------normalized = 0.246074 ----------------
performed mixing
Frob norm 1 after updating U: 6.53524
200 iterations
f(b) = 47.0035
Frob norm 2 after updating B : 6.53553
Iteration number -------- 143  -----------
lambda : 2.0304
max_diff => 0.0581136
------------------------normalized = 0.246086 ----------------
performed mixing
Frob norm 1 after updating U: 6.53551
200 iterations
f(b) = 47.0767
Frob norm 2 after updating B : 6.53574
Iteration number -------- 144  -----------
lambda : 2.04055
max_diff => 0.0581303
------------------------normalized = 0.246093 ----------------
performed mixing
Frob norm 1 after updating U: 6.53571
200 iterations
f(b) = 47.0781
Frob norm 2 after updating B : 6.53614
Iteration number -------- 145  -----------
lambda : 2.05075
max_diff => 0.058167
------------------------normalized = 0.246108 ----------------
performed mixing
Frob norm 1 after updating U: 6.53611
200 iterations
f(b) = 47.1597
Frob norm 2 after updating B : 6.53628
Iteration number -------- 146  -----------
lambda : 2.061
max_diff => 0.0581873
------------------------normalized = 0.246114 ----------------
performed mixing
Frob norm 1 after updating U: 6.53626
200 iterations
f(b) = 47.0673
Frob norm 2 after updating B : 6.53728
Iteration number -------- 147  -----------
lambda : 2.07131
max_diff => 0.0582442
------------------------normalized = 0.246151 ----------------
performed mixing
Frob norm 1 after updating U: 6.53726
200 iterations
f(b) = 46.8337
Frob norm 2 after updating B : 6.53758
Iteration number -------- 148  -----------
lambda : 2.08167
max_diff => 0.0582797
------------------------normalized = 0.246163 ----------------
performed mixing
Frob norm 1 after updating U: 6.5376
200 iterations
f(b) = 47.1459
Frob norm 2 after updating B : 6.53809
Iteration number -------- 149  -----------
lambda : 2.09207
max_diff => 0.0583242
------------------------normalized = 0.246182 ----------------
performed mixing
Frob norm 1 after updating U: 6.53812
200 iterations
f(b) = 47.0999
Frob norm 2 after updating B : 6.53852
Iteration number -------- 150  -----------
lambda : 2.10253
max_diff => 0.0583557
------------------------normalized = 0.246198 ----------------
performed mixing
Frob norm 1 after updating U: 6.5385
200 iterations
f(b) = 46.9974
Frob norm 2 after updating B : 6.53883
Iteration number -------- 151  -----------
lambda : 2.11305
max_diff => 0.0583685
------------------------normalized = 0.24621 ----------------
performed mixing
Frob norm 1 after updating U: 6.53881
200 iterations
f(b) = 47.1938
Frob norm 2 after updating B : 6.53939
Iteration number -------- 152  -----------
lambda : 2.12361
max_diff => 0.0584102
------------------------normalized = 0.246231 ----------------
performed mixing
Frob norm 1 after updating U: 6.53937
200 iterations
f(b) = 47.102
Frob norm 2 after updating B : 6.53958
Iteration number -------- 153  -----------
lambda : 2.13423
max_diff => 0.0584362
------------------------normalized = 0.246238 ----------------
performed mixing
Frob norm 1 after updating U: 6.53958
200 iterations
f(b) = 47.2281
Frob norm 2 after updating B : 6.54053
Iteration number -------- 154  -----------
lambda : 2.1449
max_diff => 0.0584954
------------------------normalized = 0.246274 ----------------
performed mixing
Frob norm 1 after updating U: 6.54058
200 iterations
f(b) = 47.2717
Frob norm 2 after updating B : 6.54136
Iteration number -------- 155  -----------
lambda : 2.15563
max_diff => 0.0585292
------------------------normalized = 0.246305 ----------------
performed mixing
Frob norm 1 after updating U: 6.54132
200 iterations
f(b) = 47.2647
Frob norm 2 after updating B : 6.54176
Iteration number -------- 156  -----------
lambda : 2.1664
max_diff => 0.0585657
------------------------normalized = 0.24632 ----------------
performed mixing
Frob norm 1 after updating U: 6.54184
200 iterations
f(b) = 47.2667
Frob norm 2 after updating B : 6.54238
Iteration number -------- 157  -----------
lambda : 2.17724
max_diff => 0.0586091
------------------------normalized = 0.246343 ----------------
performed mixing
Frob norm 1 after updating U: 6.54234
200 iterations
f(b) = 46.9919
Frob norm 2 after updating B : 6.5424
Iteration number -------- 158  -----------
lambda : 2.18812
max_diff => 0.0586882
------------------------normalized = 0.246344 ----------------
performed mixing
Frob norm 1 after updating U: 6.54238
200 iterations
f(b) = 47.3574
Frob norm 2 after updating B : 6.54326
Iteration number -------- 159  -----------
lambda : 2.19906
max_diff => 0.0587207
------------------------normalized = 0.246377 ----------------
performed mixing
Frob norm 1 after updating U: 6.54323
200 iterations
f(b) = 47.3384
Frob norm 2 after updating B : 6.54416
Iteration number -------- 160  -----------
lambda : 2.21006
max_diff => 0.0587669
------------------------normalized = 0.24641 ----------------
performed mixing
Frob norm 1 after updating U: 6.54431
200 iterations
f(b) = 46.9624
Frob norm 2 after updating B : 6.54465
Iteration number -------- 161  -----------
lambda : 2.22111
max_diff => 0.0588043
------------------------normalized = 0.246429 ----------------
performed mixing
Frob norm 1 after updating U: 6.54466
200 iterations
f(b) = 47.3733
Frob norm 2 after updating B : 6.54535
Iteration number -------- 162  -----------
lambda : 2.23221
max_diff => 0.0588444
------------------------normalized = 0.246455 ----------------
performed mixing
Frob norm 1 after updating U: 6.54529
200 iterations
f(b) = 47.4039
Frob norm 2 after updating B : 6.54576
Iteration number -------- 163  -----------
lambda : 2.24338
max_diff => 0.0588744
------------------------normalized = 0.246471 ----------------
performed mixing
Frob norm 1 after updating U: 6.54571
200 iterations
f(b) = 47.303
Frob norm 2 after updating B : 6.54616
Iteration number -------- 164  -----------
lambda : 2.25459
max_diff => 0.0588945
------------------------normalized = 0.246486 ----------------
performed mixing
Frob norm 1 after updating U: 6.54611
200 iterations
f(b) = 47.4464
Frob norm 2 after updating B : 6.54658
Iteration number -------- 165  -----------
lambda : 2.26587
max_diff => 0.0589226
------------------------normalized = 0.246501 ----------------
performed mixing
Frob norm 1 after updating U: 6.54654
200 iterations
f(b) = 47.4953
Frob norm 2 after updating B : 6.54701
Iteration number -------- 166  -----------
lambda : 2.27719
max_diff => 0.0589449
------------------------normalized = 0.246518 ----------------
performed mixing
Frob norm 1 after updating U: 6.54697
200 iterations
f(b) = 48.0093
Frob norm 2 after updating B : 6.54365
Iteration number -------- 167  -----------
lambda : 2.28858
max_diff => 0.0587246
------------------------normalized = 0.246391 ----------------
performed mixing
Frob norm 1 after updating U: 6.54394
200 iterations
f(b) = 47.3109
Frob norm 2 after updating B : 6.54733
Iteration number -------- 168  -----------
lambda : 2.30002
max_diff => 0.0594636
------------------------normalized = 0.24653 ----------------
performed mixing
Frob norm 1 after updating U: 6.54708
200 iterations
f(b) = 47.5141
Frob norm 2 after updating B : 6.55138
Iteration number -------- 169  -----------
lambda : 2.31152
max_diff => 0.0595419
------------------------normalized = 0.246682 ----------------
performed mixing
Frob norm 1 after updating U: 6.55118
200 iterations
f(b) = 47.5388
Frob norm 2 after updating B : 6.55184
Iteration number -------- 170  -----------
lambda : 2.32308
max_diff => 0.0595593
------------------------normalized = 0.246699 ----------------
performed mixing
Frob norm 1 after updating U: 6.55176
200 iterations
f(b) = 47.4647
Frob norm 2 after updating B : 6.55272
Iteration number -------- 171  -----------
lambda : 2.3347
max_diff => 0.0595952
------------------------normalized = 0.246733 ----------------
performed mixing
Frob norm 1 after updating U: 6.5526
200 iterations
f(b) = 47.6033
Frob norm 2 after updating B : 6.55334
Iteration number -------- 172  -----------
lambda : 2.34637
max_diff => 0.0596209
------------------------normalized = 0.246756 ----------------
performed mixing
Frob norm 1 after updating U: 6.55331
200 iterations
f(b) = 47.6761
Frob norm 2 after updating B : 6.55369
Iteration number -------- 173  -----------
lambda : 2.3581
max_diff => 0.0596362
------------------------normalized = 0.246769 ----------------
performed mixing
Frob norm 1 after updating U: 6.55365
200 iterations
f(b) = 47.6652
Frob norm 2 after updating B : 6.55416
Iteration number -------- 174  -----------
lambda : 2.36989
max_diff => 0.0596545
------------------------normalized = 0.246787 ----------------
performed mixing
Frob norm 1 after updating U: 6.55407
200 iterations
f(b) = 47.7254
Frob norm 2 after updating B : 6.55446
Iteration number -------- 175  -----------
lambda : 2.38174
max_diff => 0.059669
------------------------normalized = 0.246798 ----------------
performed mixing
Frob norm 1 after updating U: 6.55438
200 iterations
f(b) = 47.671
Frob norm 2 after updating B : 6.55486
Iteration number -------- 176  -----------
lambda : 2.39365
max_diff => 0.0596958
------------------------normalized = 0.246813 ----------------
performed mixing
Frob norm 1 after updating U: 6.5549
200 iterations
f(b) = 47.3286
Frob norm 2 after updating B : 6.55533
Iteration number -------- 177  -----------
lambda : 2.40562
max_diff => 0.0597109
------------------------normalized = 0.246831 ----------------
performed mixing
Frob norm 1 after updating U: 6.55535
200 iterations
f(b) = 47.159
Frob norm 2 after updating B : 6.55555
Iteration number -------- 178  -----------
lambda : 2.41765
max_diff => 0.0597347
------------------------normalized = 0.246839 ----------------
performed mixing
Frob norm 1 after updating U: 6.55557
200 iterations
f(b) = 47.6767
Frob norm 2 after updating B : 6.55663
Iteration number -------- 179  -----------
lambda : 2.42974
max_diff => 0.0597768
------------------------normalized = 0.24688 ----------------
performed mixing
Frob norm 1 after updating U: 6.55661
200 iterations
f(b) = 47.7212
Frob norm 2 after updating B : 6.55789
Iteration number -------- 180  -----------
lambda : 2.44188
max_diff => 0.0598182
------------------------normalized = 0.246927 ----------------
performed mixing
Frob norm 1 after updating U: 6.55782
200 iterations
f(b) = 47.7972
Frob norm 2 after updating B : 6.55853
Iteration number -------- 181  -----------
lambda : 2.45409
max_diff => 0.0598572
------------------------normalized = 0.246951 ----------------
performed mixing
Frob norm 1 after updating U: 6.55844
200 iterations
f(b) = 47.8201
Frob norm 2 after updating B : 6.55882
Iteration number -------- 182  -----------
lambda : 2.46636
max_diff => 0.0598755
------------------------normalized = 0.246962 ----------------
performed mixing
Frob norm 1 after updating U: 6.55875
200 iterations
f(b) = 47.7834
Frob norm 2 after updating B : 6.55901
Iteration number -------- 183  -----------
lambda : 2.4787
max_diff => 0.0598919
------------------------normalized = 0.246969 ----------------
performed mixing
Frob norm 1 after updating U: 6.55899
200 iterations
f(b) = 47.5102
Frob norm 2 after updating B : 6.55977
Iteration number -------- 184  -----------
lambda : 2.49109
max_diff => 0.0599268
------------------------normalized = 0.246998 ----------------
performed mixing
Frob norm 1 after updating U: 6.55971
200 iterations
f(b) = 47.9336
Frob norm 2 after updating B : 6.56024
Iteration number -------- 185  -----------
lambda : 2.50354
max_diff => 0.0599401
------------------------normalized = 0.247016 ----------------
performed mixing
Frob norm 1 after updating U: 6.5602
200 iterations
f(b) = 47.8961
Frob norm 2 after updating B : 6.56086
Iteration number -------- 186  -----------
lambda : 2.51606
max_diff => 0.0599597
------------------------normalized = 0.247039 ----------------
performed mixing
Frob norm 1 after updating U: 6.56082
200 iterations
f(b) = 47.8369
Frob norm 2 after updating B : 6.56127
Iteration number -------- 187  -----------
lambda : 2.52864
max_diff => 0.059987
------------------------normalized = 0.247054 ----------------
performed mixing
Frob norm 1 after updating U: 6.56124
200 iterations
f(b) = 47.853
Frob norm 2 after updating B : 6.56171
Iteration number -------- 188  -----------
lambda : 2.54129
max_diff => 0.0599959
------------------------normalized = 0.247071 ----------------
performed mixing
Frob norm 1 after updating U: 6.56168
200 iterations
f(b) = 48.0121
Frob norm 2 after updating B : 6.56199
Iteration number -------- 189  -----------
lambda : 2.55399
max_diff => 0.0600156
------------------------normalized = 0.247082 ----------------
performed mixing
Frob norm 1 after updating U: 6.562
200 iterations
f(b) = 47.6007
Frob norm 2 after updating B : 6.56284
Iteration number -------- 190  -----------
lambda : 2.56676
max_diff => 0.0600582
------------------------normalized = 0.247114 ----------------
performed mixing
Frob norm 1 after updating U: 6.56283
200 iterations
f(b) = 47.5195
Frob norm 2 after updating B : 6.56478
Iteration number -------- 191  -----------
lambda : 2.5796
max_diff => 0.0601485
------------------------normalized = 0.247187 ----------------
performed mixing
Frob norm 1 after updating U: 6.56475
200 iterations
f(b) = 48.03
Frob norm 2 after updating B : 6.56575
Iteration number -------- 192  -----------
lambda : 2.59249
max_diff => 0.0601728
------------------------normalized = 0.247223 ----------------
performed mixing
Frob norm 1 after updating U: 6.56567
200 iterations
f(b) = 47.8073
Frob norm 2 after updating B : 6.56656
Iteration number -------- 193  -----------
lambda : 2.60546
max_diff => 0.0602154
------------------------normalized = 0.247254 ----------------
performed mixing
Frob norm 1 after updating U: 6.56651
200 iterations
f(b) = 48.0529
Frob norm 2 after updating B : 6.56694
Iteration number -------- 194  -----------
lambda : 2.61848
max_diff => 0.060233
------------------------normalized = 0.247268 ----------------
performed mixing
Frob norm 1 after updating U: 6.56689
200 iterations
f(b) = 48.1036
Frob norm 2 after updating B : 6.56675
Iteration number -------- 195  -----------
lambda : 2.63158
max_diff => 0.0602396
------------------------normalized = 0.247261 ----------------
performed mixing
Frob norm 1 after updating U: 6.56678
200 iterations
f(b) = 48.1715
Frob norm 2 after updating B : 6.56754
Iteration number -------- 196  -----------
lambda : 2.64473
max_diff => 0.0602524
------------------------normalized = 0.247291 ----------------
performed mixing
Frob norm 1 after updating U: 6.56749
200 iterations
f(b) = 48.091
Frob norm 2 after updating B : 6.56781
Iteration number -------- 197  -----------
lambda : 2.65796
max_diff => 0.0602673
------------------------normalized = 0.247301 ----------------
performed mixing
Frob norm 1 after updating U: 6.56778
200 iterations
f(b) = 48.169
Frob norm 2 after updating B : 6.56815
Iteration number -------- 198  -----------
lambda : 2.67125
max_diff => 0.0602842
------------------------normalized = 0.247313 ----------------
performed mixing
Frob norm 1 after updating U: 6.56812
200 iterations
f(b) = 48.1399
Frob norm 2 after updating B : 6.56855
Iteration number -------- 199  -----------
lambda : 2.6846
max_diff => 0.0603097
------------------------normalized = 0.247328 ----------------
performed mixing
Frob norm 1 after updating U: 6.56851
200 iterations
f(b) = 48.202
Frob norm 2 after updating B : 6.56926
Iteration number -------- 200  -----------
lambda : 2.69803
max_diff => 0.060324
------------------------normalized = 0.247355 ----------------
