performing filtering
Academic license - for non-commercial use only
Frob norm 1 after updating U: 26.3552
200 iterations
f(b) = 125.634
Frob norm 2 after updating B : 10.6094
Iteration number -------- 1  -----------
lambda : 1
max_diff => 0.204215
------------------------normalized = 0.399482 ----------------
performed mixing
Frob norm 1 after updating U: 8.16734
200 iterations
f(b) = 107.672
Frob norm 2 after updating B : 9.77214
Iteration number -------- 2  -----------
lambda : 1.005
max_diff => 0.192205
------------------------normalized = 0.367955 ----------------
performed mixing
Frob norm 1 after updating U: 7.83745
200 iterations
f(b) = 93.5818
Frob norm 2 after updating B : 9.09165
Iteration number -------- 3  -----------
lambda : 1.01002
max_diff => 0.139615
------------------------normalized = 0.342332 ----------------
performed mixing
Frob norm 1 after updating U: 7.48801
200 iterations
f(b) = 82.9085
Frob norm 2 after updating B : 8.5502
Iteration number -------- 4  -----------
lambda : 1.01508
max_diff => 0.0981521
------------------------normalized = 0.321944 ----------------
performed mixing
Frob norm 1 after updating U: 7.29536
200 iterations
f(b) = 74.798
Frob norm 2 after updating B : 8.1134
Iteration number -------- 5  -----------
lambda : 1.02015
max_diff => 0.0984498
------------------------normalized = 0.305497 ----------------
performed mixing
Frob norm 1 after updating U: 7.16235
200 iterations
f(b) = 69.3107
Frob norm 2 after updating B : 7.78556
Iteration number -------- 6  -----------
lambda : 1.02525
max_diff => 0.095821
------------------------normalized = 0.293153 ----------------
performed mixing
Frob norm 1 after updating U: 7.12131
200 iterations
f(b) = 64.4428
Frob norm 2 after updating B : 7.52769
Iteration number -------- 7  -----------
lambda : 1.03038
max_diff => 0.0826745
------------------------normalized = 0.283444 ----------------
performed mixing
Frob norm 1 after updating U: 6.98606
200 iterations
f(b) = 61.0622
Frob norm 2 after updating B : 7.32414
Iteration number -------- 8  -----------
lambda : 1.03553
max_diff => 0.0624961
------------------------normalized = 0.275779 ----------------
performed mixing
Frob norm 1 after updating U: 6.91621
200 iterations
f(b) = 58.026
Frob norm 2 after updating B : 7.17783
Iteration number -------- 9  -----------
lambda : 1.04071
max_diff => 0.0664294
------------------------normalized = 0.27027 ----------------
performed mixing
Frob norm 1 after updating U: 6.88663
200 iterations
f(b) = 56.6019
Frob norm 2 after updating B : 7.075
Iteration number -------- 10  -----------
lambda : 1.04591
max_diff => 0.0699836
------------------------normalized = 0.266398 ----------------
performed mixing
Frob norm 1 after updating U: 6.8808
200 iterations
f(b) = 55.3571
Frob norm 2 after updating B : 6.99801
Iteration number -------- 11  -----------
lambda : 1.05114
max_diff => 0.0913504
------------------------normalized = 0.263499 ----------------
performed mixing
Frob norm 1 after updating U: 6.85682
200 iterations
f(b) = 54.4204
Frob norm 2 after updating B : 6.93955
Iteration number -------- 12  -----------
lambda : 1.0564
max_diff => 0.0955206
------------------------normalized = 0.261298 ----------------
performed mixing
Frob norm 1 after updating U: 6.83586
200 iterations
f(b) = 53.8038
Frob norm 2 after updating B : 6.89859
Iteration number -------- 13  -----------
lambda : 1.06168
max_diff => 0.101005
------------------------normalized = 0.259756 ----------------
performed mixing
Frob norm 1 after updating U: 6.82866
200 iterations
f(b) = 53.3581
Frob norm 2 after updating B : 6.86616
Iteration number -------- 14  -----------
lambda : 1.06699
max_diff => 0.119018
------------------------normalized = 0.258535 ----------------
performed mixing
Frob norm 1 after updating U: 6.81075
200 iterations
f(b) = 53.0648
Frob norm 2 after updating B : 6.8416
Iteration number -------- 15  -----------
lambda : 1.07232
max_diff => 0.120289
------------------------normalized = 0.25761 ----------------
performed mixing
Frob norm 1 after updating U: 6.8059
200 iterations
f(b) = 52.3543
Frob norm 2 after updating B : 6.81939
Iteration number -------- 16  -----------
lambda : 1.07768
max_diff => 0.171571
------------------------normalized = 0.256774 ----------------
performed mixing
Frob norm 1 after updating U: 6.76397
200 iterations
f(b) = 52.0364
Frob norm 2 after updating B : 6.79376
Iteration number -------- 17  -----------
lambda : 1.08307
max_diff => 0.166551
------------------------normalized = 0.255808 ----------------
performed mixing
Frob norm 1 after updating U: 6.76111
200 iterations
f(b) = 51.5046
Frob norm 2 after updating B : 6.77337
Iteration number -------- 18  -----------
lambda : 1.08849
max_diff => 0.165351
------------------------normalized = 0.255041 ----------------
performed mixing
Frob norm 1 after updating U: 6.74455
200 iterations
f(b) = 51.4277
Frob norm 2 after updating B : 6.76132
Iteration number -------- 19  -----------
lambda : 1.09393
max_diff => 0.167267
------------------------normalized = 0.254587 ----------------
performed mixing
Frob norm 1 after updating U: 6.74418
200 iterations
f(b) = 51.2979
Frob norm 2 after updating B : 6.75205
Iteration number -------- 20  -----------
lambda : 1.0994
max_diff => 0.171567
------------------------normalized = 0.254238 ----------------
performed mixing
Frob norm 1 after updating U: 6.74198
200 iterations
f(b) = 50.886
Frob norm 2 after updating B : 6.74227
Iteration number -------- 21  -----------
lambda : 1.1049
max_diff => 0.20046
------------------------normalized = 0.25387 ----------------
performed mixing
Frob norm 1 after updating U: 6.73506
200 iterations
f(b) = 50.9862
Frob norm 2 after updating B : 6.7368
Iteration number -------- 22  -----------
lambda : 1.11042
max_diff => 0.20063
------------------------normalized = 0.253664 ----------------
performed mixing
Frob norm 1 after updating U: 6.73474
200 iterations
f(b) = 50.9833
Frob norm 2 after updating B : 6.73363
Iteration number -------- 23  -----------
lambda : 1.11597
max_diff => 0.201259
------------------------normalized = 0.253545 ----------------
performed mixing
Frob norm 1 after updating U: 6.7344
200 iterations
f(b) = 50.9679
Frob norm 2 after updating B : 6.73183
Iteration number -------- 24  -----------
lambda : 1.12155
max_diff => 0.201999
------------------------normalized = 0.253477 ----------------
performed mixing
Frob norm 1 after updating U: 6.73404
200 iterations
f(b) = 50.7696
Frob norm 2 after updating B : 6.72745
Iteration number -------- 25  -----------
lambda : 1.12716
max_diff => 0.219377
------------------------normalized = 0.253312 ----------------
performed mixing
Frob norm 1 after updating U: 6.73086
200 iterations
f(b) = 50.6111
Frob norm 2 after updating B : 6.72293
Iteration number -------- 26  -----------
lambda : 1.1328
max_diff => 0.22726
------------------------normalized = 0.253141 ----------------
performed mixing
Frob norm 1 after updating U: 6.72714
200 iterations
f(b) = 50.3742
Frob norm 2 after updating B : 6.72178
Iteration number -------- 27  -----------
lambda : 1.13846
max_diff => 0.240097
------------------------normalized = 0.253098 ----------------
performed mixing
Frob norm 1 after updating U: 6.72384
200 iterations
f(b) = 50.4483
Frob norm 2 after updating B : 6.71941
Iteration number -------- 28  -----------
lambda : 1.14415
max_diff => 0.240189
------------------------normalized = 0.253009 ----------------
performed mixing
Frob norm 1 after updating U: 6.72312
200 iterations
f(b) = 50.4654
Frob norm 2 after updating B : 6.71892
Iteration number -------- 29  -----------
lambda : 1.14987
max_diff => 0.240456
------------------------normalized = 0.25299 ----------------
performed mixing
Frob norm 1 after updating U: 6.72298
200 iterations
f(b) = 50.1628
Frob norm 2 after updating B : 6.71896
Iteration number -------- 30  -----------
lambda : 1.15562
max_diff => 0.259955
------------------------normalized = 0.252992 ----------------
performed mixing
Frob norm 1 after updating U: 6.7203
200 iterations
f(b) = 50.2271
Frob norm 2 after updating B : 6.71562
Iteration number -------- 31  -----------
lambda : 1.1614
max_diff => 0.258784
------------------------normalized = 0.252866 ----------------
performed mixing
Frob norm 1 after updating U: 6.71985
200 iterations
f(b) = 50.2655
Frob norm 2 after updating B : 6.71525
Iteration number -------- 32  -----------
lambda : 1.16721
max_diff => 0.258627
------------------------normalized = 0.252852 ----------------
performed mixing
Frob norm 1 after updating U: 6.71962
200 iterations
f(b) = 50.0325
Frob norm 2 after updating B : 6.71484
Iteration number -------- 33  -----------
lambda : 1.17304
max_diff => 0.262904
------------------------normalized = 0.252837 ----------------
performed mixing
Frob norm 1 after updating U: 6.7178
200 iterations
f(b) = 49.9919
Frob norm 2 after updating B : 6.71242
Iteration number -------- 34  -----------
lambda : 1.17891
max_diff => 0.26478
------------------------normalized = 0.252746 ----------------
performed mixing
Frob norm 1 after updating U: 6.71428
200 iterations
f(b) = 49.8913
Frob norm 2 after updating B : 6.71247
Iteration number -------- 35  -----------
lambda : 1.1848
max_diff => 0.265373
------------------------normalized = 0.252748 ----------------
performed mixing
Frob norm 1 after updating U: 6.71134
200 iterations
f(b) = 49.9572
Frob norm 2 after updating B : 6.70998
Iteration number -------- 36  -----------
lambda : 1.19073
max_diff => 0.265056
------------------------normalized = 0.252654 ----------------
performed mixing
Frob norm 1 after updating U: 6.7104
200 iterations
f(b) = 49.702
Frob norm 2 after updating B : 6.70775
Iteration number -------- 37  -----------
lambda : 1.19668
max_diff => 0.270938
------------------------normalized = 0.25257 ----------------
performed mixing
Frob norm 1 after updating U: 6.6999
200 iterations
f(b) = 49.7097
Frob norm 2 after updating B : 6.70293
Iteration number -------- 38  -----------
lambda : 1.20266
max_diff => 0.261419
------------------------normalized = 0.252388 ----------------
performed mixing
Frob norm 1 after updating U: 6.69217
200 iterations
f(b) = 49.7304
Frob norm 2 after updating B : 6.6975
Iteration number -------- 39  -----------
lambda : 1.20868
max_diff => 0.259946
------------------------normalized = 0.252184 ----------------
performed mixing
Frob norm 1 after updating U: 6.68928
200 iterations
f(b) = 49.425
Frob norm 2 after updating B : 6.69026
Iteration number -------- 40  -----------
lambda : 1.21472
max_diff => 0.256249
------------------------normalized = 0.251912 ----------------
performed mixing
Frob norm 1 after updating U: 6.66987
200 iterations
f(b) = 49.3885
Frob norm 2 after updating B : 6.68174
Iteration number -------- 41  -----------
lambda : 1.22079
max_diff => 0.245539
------------------------normalized = 0.251591 ----------------
performed mixing
Frob norm 1 after updating U: 6.65869
200 iterations
f(b) = 49.1967
Frob norm 2 after updating B : 6.66857
Iteration number -------- 42  -----------
lambda : 1.2269
max_diff => 0.235933
------------------------normalized = 0.251095 ----------------
performed mixing
Frob norm 1 after updating U: 6.63741
200 iterations
f(b) = 49.3511
Frob norm 2 after updating B : 6.65775
Iteration number -------- 43  -----------
lambda : 1.23303
max_diff => 0.234347
------------------------normalized = 0.250687 ----------------
performed mixing
Frob norm 1 after updating U: 6.63429
200 iterations
f(b) = 48.5991
Frob norm 2 after updating B : 6.64163
Iteration number -------- 44  -----------
lambda : 1.2392
max_diff => 0.212943
------------------------normalized = 0.25008 ----------------
performed mixing
Frob norm 1 after updating U: 6.57356
200 iterations
f(b) = 48.1899
Frob norm 2 after updating B : 6.61405
Iteration number -------- 45  -----------
lambda : 1.24539
max_diff => 0.180325
------------------------normalized = 0.249042 ----------------
performed mixing
Frob norm 1 after updating U: 6.51697
200 iterations
f(b) = 47.8087
Frob norm 2 after updating B : 6.57996
Iteration number -------- 46  -----------
lambda : 1.25162
max_diff => 0.171371
------------------------normalized = 0.247758 ----------------
performed mixing
Frob norm 1 after updating U: 6.49329
200 iterations
f(b) = 46.5645
Frob norm 2 after updating B : 6.54886
Iteration number -------- 47  -----------
lambda : 1.25788
max_diff => 0.0810877
------------------------normalized = 0.246587 ----------------
performed mixing
Frob norm 1 after updating U: 6.33691
200 iterations
f(b) = 45.3645
Frob norm 2 after updating B : 6.498
Iteration number -------- 48  -----------
lambda : 1.26417
max_diff => 0.0515478
------------------------normalized = 0.244672 ----------------
performed mixing
Frob norm 1 after updating U: 6.27976
200 iterations
f(b) = 44.8375
Frob norm 2 after updating B : 6.42602
Iteration number -------- 49  -----------
lambda : 1.27049
max_diff => 0.0515429
------------------------normalized = 0.241962 ----------------
performed mixing
Frob norm 1 after updating U: 6.27802
200 iterations
f(b) = 44.0475
Frob norm 2 after updating B : 6.38027
Iteration number -------- 50  -----------
lambda : 1.27684
max_diff => 0.0515154
------------------------normalized = 0.240239 ----------------
performed mixing
Frob norm 1 after updating U: 6.27111
200 iterations
f(b) = 43.5412
Frob norm 2 after updating B : 6.34714
Iteration number -------- 51  -----------
lambda : 1.28323
max_diff => 0.0514897
------------------------normalized = 0.238992 ----------------
performed mixing
Frob norm 1 after updating U: 6.26819
200 iterations
f(b) = 43.2899
Frob norm 2 after updating B : 6.3218
Iteration number -------- 52  -----------
lambda : 1.28964
max_diff => 0.051478
------------------------normalized = 0.238038 ----------------
performed mixing
Frob norm 1 after updating U: 6.26724
200 iterations
f(b) = 43.0672
Frob norm 2 after updating B : 6.30437
Iteration number -------- 53  -----------
lambda : 1.29609
max_diff => 0.0514683
------------------------normalized = 0.237381 ----------------
performed mixing
Frob norm 1 after updating U: 6.26725
200 iterations
f(b) = 42.9642
Frob norm 2 after updating B : 6.29232
Iteration number -------- 54  -----------
lambda : 1.30257
max_diff => 0.0514653
------------------------normalized = 0.236928 ----------------
performed mixing
Frob norm 1 after updating U: 6.26729
200 iterations
f(b) = 42.721
Frob norm 2 after updating B : 6.28454
Iteration number -------- 55  -----------
lambda : 1.30908
max_diff => 0.0514541
------------------------normalized = 0.236635 ----------------
performed mixing
Frob norm 1 after updating U: 6.26736
200 iterations
f(b) = 42.8218
Frob norm 2 after updating B : 6.27985
Iteration number -------- 56  -----------
lambda : 1.31563
max_diff => 0.0514447
------------------------normalized = 0.236458 ----------------
performed mixing
Frob norm 1 after updating U: 6.268
200 iterations
f(b) = 42.5906
Frob norm 2 after updating B : 6.27637
Iteration number -------- 57  -----------
lambda : 1.32221
max_diff => 0.0514389
------------------------normalized = 0.236327 ----------------
performed mixing
Frob norm 1 after updating U: 6.2682
200 iterations
f(b) = 42.7845
Frob norm 2 after updating B : 6.27409
Iteration number -------- 58  -----------
lambda : 1.32882
max_diff => 0.0514361
------------------------normalized = 0.236241 ----------------
performed mixing
Frob norm 1 after updating U: 6.2684
200 iterations
f(b) = 42.5523
Frob norm 2 after updating B : 6.27869
Iteration number -------- 59  -----------
lambda : 1.33546
max_diff => 0.0513252
------------------------normalized = 0.236415 ----------------
performed mixing
Frob norm 1 after updating U: 6.27258
200 iterations
f(b) = 42.6735
Frob norm 2 after updating B : 6.27695
Iteration number -------- 60  -----------
lambda : 1.34214
max_diff => 0.0513216
------------------------normalized = 0.236349 ----------------
performed mixing
Frob norm 1 after updating U: 6.27289
200 iterations
f(b) = 42.6412
Frob norm 2 after updating B : 6.27604
Iteration number -------- 61  -----------
lambda : 1.34885
max_diff => 0.0513148
------------------------normalized = 0.236315 ----------------
performed mixing
Frob norm 1 after updating U: 6.27326
200 iterations
f(b) = 42.6075
Frob norm 2 after updating B : 6.27618
Iteration number -------- 62  -----------
lambda : 1.35559
max_diff => 0.0512877
------------------------normalized = 0.23632 ----------------
performed mixing
Frob norm 1 after updating U: 6.27424
200 iterations
f(b) = 42.6602
Frob norm 2 after updating B : 6.27578
Iteration number -------- 63  -----------
lambda : 1.36237
max_diff => 0.0512779
------------------------normalized = 0.236305 ----------------
performed mixing
Frob norm 1 after updating U: 6.27459
200 iterations
f(b) = 42.6714
Frob norm 2 after updating B : 6.27534
Iteration number -------- 64  -----------
lambda : 1.36918
max_diff => 0.051271
------------------------normalized = 0.236288 ----------------
performed mixing
Frob norm 1 after updating U: 6.27463
200 iterations
f(b) = 42.6726
Frob norm 2 after updating B : 6.27529
Iteration number -------- 65  -----------
lambda : 1.37603
max_diff => 0.0512591
------------------------normalized = 0.236286 ----------------
performed mixing
Frob norm 1 after updating U: 6.27485
200 iterations
f(b) = 42.5645
Frob norm 2 after updating B : 6.27544
Iteration number -------- 66  -----------
lambda : 1.38291
max_diff => 0.0512481
------------------------normalized = 0.236292 ----------------
performed mixing
Frob norm 1 after updating U: 6.2752
200 iterations
f(b) = 42.7122
Frob norm 2 after updating B : 6.2757
Iteration number -------- 67  -----------
lambda : 1.38982
max_diff => 0.0512382
------------------------normalized = 0.236302 ----------------
performed mixing
Frob norm 1 after updating U: 6.27561
200 iterations
f(b) = 42.7487
Frob norm 2 after updating B : 6.27583
Iteration number -------- 68  -----------
lambda : 1.39677
max_diff => 0.0512321
------------------------normalized = 0.236307 ----------------
performed mixing
Frob norm 1 after updating U: 6.27583
200 iterations
f(b) = 42.7113
Frob norm 2 after updating B : 6.27614
Iteration number -------- 69  -----------
lambda : 1.40376
max_diff => 0.0512248
------------------------normalized = 0.236318 ----------------
performed mixing
Frob norm 1 after updating U: 6.27615
200 iterations
f(b) = 42.8059
Frob norm 2 after updating B : 6.27633
Iteration number -------- 70  -----------
lambda : 1.41078
max_diff => 0.0512193
------------------------normalized = 0.236326 ----------------
performed mixing
Frob norm 1 after updating U: 6.27641
200 iterations
f(b) = 42.7201
Frob norm 2 after updating B : 6.27651
Iteration number -------- 71  -----------
lambda : 1.41783
max_diff => 0.0512131
------------------------normalized = 0.236332 ----------------
performed mixing
Frob norm 1 after updating U: 6.27662
200 iterations
f(b) = 42.7275
Frob norm 2 after updating B : 6.27701
Iteration number -------- 72  -----------
lambda : 1.42492
max_diff => 0.0511995
------------------------normalized = 0.236351 ----------------
performed mixing
Frob norm 1 after updating U: 6.27704
200 iterations
f(b) = 42.7895
Frob norm 2 after updating B : 6.27735
Iteration number -------- 73  -----------
lambda : 1.43204
max_diff => 0.0511917
------------------------normalized = 0.236364 ----------------
performed mixing
Frob norm 1 after updating U: 6.27738
200 iterations
f(b) = 42.8267
Frob norm 2 after updating B : 6.27754
Iteration number -------- 74  -----------
lambda : 1.4392
max_diff => 0.0511837
------------------------normalized = 0.236371 ----------------
performed mixing
Frob norm 1 after updating U: 6.2776
200 iterations
f(b) = 42.6408
Frob norm 2 after updating B : 6.27731
Iteration number -------- 75  -----------
lambda : 1.4464
max_diff => 0.0511513
------------------------normalized = 0.236362 ----------------
performed mixing
Frob norm 1 after updating U: 6.27741
200 iterations
f(b) = 42.8767
Frob norm 2 after updating B : 6.27809
Iteration number -------- 76  -----------
lambda : 1.45363
max_diff => 0.0511442
------------------------normalized = 0.236392 ----------------
performed mixing
Frob norm 1 after updating U: 6.2782
200 iterations
f(b) = 42.8636
Frob norm 2 after updating B : 6.27868
Iteration number -------- 77  -----------
lambda : 1.4609
max_diff => 0.0511323
------------------------normalized = 0.236414 ----------------
performed mixing
Frob norm 1 after updating U: 6.2788
200 iterations
f(b) = 42.8841
Frob norm 2 after updating B : 6.2795
Iteration number -------- 78  -----------
lambda : 1.46821
max_diff => 0.0511185
------------------------normalized = 0.236445 ----------------
performed mixing
Frob norm 1 after updating U: 6.27958
200 iterations
f(b) = 42.8868
Frob norm 2 after updating B : 6.27994
Iteration number -------- 79  -----------
lambda : 1.47555
max_diff => 0.0511098
------------------------normalized = 0.236462 ----------------
performed mixing
Frob norm 1 after updating U: 6.27997
200 iterations
f(b) = 42.7133
Frob norm 2 after updating B : 6.28029
Iteration number -------- 80  -----------
lambda : 1.48292
max_diff => 0.0510982
------------------------normalized = 0.236475 ----------------
performed mixing
Frob norm 1 after updating U: 6.28036
200 iterations
f(b) = 42.891
Frob norm 2 after updating B : 6.28181
Iteration number -------- 81  -----------
lambda : 1.49034
max_diff => 0.0510612
------------------------normalized = 0.236532 ----------------
performed mixing
Frob norm 1 after updating U: 6.28192
200 iterations
f(b) = 42.7729
Frob norm 2 after updating B : 6.28224
Iteration number -------- 82  -----------
lambda : 1.49779
max_diff => 0.0510478
------------------------normalized = 0.236548 ----------------
performed mixing
Frob norm 1 after updating U: 6.28233
200 iterations
f(b) = 42.6837
Frob norm 2 after updating B : 6.28245
Iteration number -------- 83  -----------
lambda : 1.50528
max_diff => 0.0509731
------------------------normalized = 0.236556 ----------------
performed mixing
Frob norm 1 after updating U: 6.28253
200 iterations
f(b) = 42.9483
Frob norm 2 after updating B : 6.28367
Iteration number -------- 84  -----------
lambda : 1.51281
max_diff => 0.0509523
------------------------normalized = 0.236602 ----------------
performed mixing
Frob norm 1 after updating U: 6.28375
200 iterations
f(b) = 42.8996
Frob norm 2 after updating B : 6.28403
Iteration number -------- 85  -----------
lambda : 1.52037
max_diff => 0.0509446
------------------------normalized = 0.236615 ----------------
performed mixing
Frob norm 1 after updating U: 6.28409
200 iterations
f(b) = 42.9784
Frob norm 2 after updating B : 6.28471
Iteration number -------- 86  -----------
lambda : 1.52797
max_diff => 0.0509271
------------------------normalized = 0.236641 ----------------
performed mixing
Frob norm 1 after updating U: 6.28477
200 iterations
f(b) = 42.981
Frob norm 2 after updating B : 6.28662
Iteration number -------- 87  -----------
lambda : 1.53561
max_diff => 0.0508723
------------------------normalized = 0.236713 ----------------
performed mixing
Frob norm 1 after updating U: 6.28668
200 iterations
f(b) = 42.8122
Frob norm 2 after updating B : 6.28755
Iteration number -------- 88  -----------
lambda : 1.54329
max_diff => 0.0508288
------------------------normalized = 0.236748 ----------------
performed mixing
Frob norm 1 after updating U: 6.28773
200 iterations
f(b) = 42.9408
Frob norm 2 after updating B : 6.28791
Iteration number -------- 89  -----------
lambda : 1.55101
max_diff => 0.0508157
------------------------normalized = 0.236762 ----------------
performed mixing
Frob norm 1 after updating U: 6.28804
200 iterations
f(b) = 43.0848
Frob norm 2 after updating B : 6.28848
Iteration number -------- 90  -----------
lambda : 1.55876
max_diff => 0.0507976
------------------------normalized = 0.236783 ----------------
performed mixing
Frob norm 1 after updating U: 6.28859
200 iterations
f(b) = 43.0814
Frob norm 2 after updating B : 6.2888
Iteration number -------- 91  -----------
lambda : 1.56655
max_diff => 0.0507861
------------------------normalized = 0.236795 ----------------
performed mixing
Frob norm 1 after updating U: 6.28892
200 iterations
f(b) = 42.9848
Frob norm 2 after updating B : 6.28905
Iteration number -------- 92  -----------
lambda : 1.57439
max_diff => 0.0507754
------------------------normalized = 0.236805 ----------------
performed mixing
Frob norm 1 after updating U: 6.28912
200 iterations
f(b) = 42.909
Frob norm 2 after updating B : 6.28965
Iteration number -------- 93  -----------
lambda : 1.58226
max_diff => 0.0507406
------------------------normalized = 0.236827 ----------------
performed mixing
Frob norm 1 after updating U: 6.28969
200 iterations
f(b) = 43.1525
Frob norm 2 after updating B : 6.29021
Iteration number -------- 94  -----------
lambda : 1.59017
max_diff => 0.050724
------------------------normalized = 0.236848 ----------------
performed mixing
Frob norm 1 after updating U: 6.29022
200 iterations
f(b) = 43.167
Frob norm 2 after updating B : 6.29064
Iteration number -------- 95  -----------
lambda : 1.59812
max_diff => 0.0507091
------------------------normalized = 0.236864 ----------------
performed mixing
Frob norm 1 after updating U: 6.29064
200 iterations
f(b) = 43.1476
Frob norm 2 after updating B : 6.29105
Iteration number -------- 96  -----------
lambda : 1.60611
max_diff => 0.0506907
------------------------normalized = 0.23688 ----------------
performed mixing
Frob norm 1 after updating U: 6.29104
200 iterations
f(b) = 42.9837
Frob norm 2 after updating B : 6.28616
Iteration number -------- 97  -----------
lambda : 1.61414
max_diff => 0.0505411
------------------------normalized = 0.236696 ----------------
performed mixing
Frob norm 1 after updating U: 6.28533
200 iterations
f(b) = 43.0647
Frob norm 2 after updating B : 6.28979
Iteration number -------- 98  -----------
lambda : 1.62221
max_diff => 0.0504922
------------------------normalized = 0.236832 ----------------
performed mixing
Frob norm 1 after updating U: 6.28915
200 iterations
f(b) = 43.1487
Frob norm 2 after updating B : 6.29566
Iteration number -------- 99  -----------
lambda : 1.63032
max_diff => 0.0503848
------------------------normalized = 0.237053 ----------------
performed mixing
Frob norm 1 after updating U: 6.29537
200 iterations
f(b) = 43.273
Frob norm 2 after updating B : 6.29603
Iteration number -------- 100  -----------
lambda : 1.63848
max_diff => 0.0503724
------------------------normalized = 0.237067 ----------------
performed mixing
Frob norm 1 after updating U: 6.29581
200 iterations
f(b) = 43.1538
Frob norm 2 after updating B : 6.29679
Iteration number -------- 101  -----------
lambda : 1.64667
max_diff => 0.0503532
------------------------normalized = 0.237096 ----------------
performed mixing
Frob norm 1 after updating U: 6.29658
200 iterations
f(b) = 43.2713
Frob norm 2 after updating B : 6.29708
Iteration number -------- 102  -----------
lambda : 1.6549
max_diff => 0.0503391
------------------------normalized = 0.237107 ----------------
performed mixing
Frob norm 1 after updating U: 6.29692
200 iterations
f(b) = 42.9432
Frob norm 2 after updating B : 6.29759
Iteration number -------- 103  -----------
lambda : 1.66318
max_diff => 0.0502768
------------------------normalized = 0.237126 ----------------
performed mixing
Frob norm 1 after updating U: 6.29734
200 iterations
f(b) = 43.2445
Frob norm 2 after updating B : 6.29798
Iteration number -------- 104  -----------
lambda : 1.67149
max_diff => 0.050264
------------------------normalized = 0.237141 ----------------
performed mixing
Frob norm 1 after updating U: 6.29779
200 iterations
f(b) = 43.244
Frob norm 2 after updating B : 6.29899
Iteration number -------- 105  -----------
lambda : 1.67985
max_diff => 0.0502443
------------------------normalized = 0.237179 ----------------
performed mixing
Frob norm 1 after updating U: 6.29885
200 iterations
f(b) = 43.0802
Frob norm 2 after updating B : 6.29983
Iteration number -------- 106  -----------
lambda : 1.68825
max_diff => 0.0502116
------------------------normalized = 0.23721 ----------------
performed mixing
Frob norm 1 after updating U: 6.29968
200 iterations
f(b) = 43.2234
Frob norm 2 after updating B : 6.29994
Iteration number -------- 107  -----------
lambda : 1.69669
max_diff => 0.0501984
------------------------normalized = 0.237214 ----------------
performed mixing
Frob norm 1 after updating U: 6.29984
200 iterations
f(b) = 43.3557
Frob norm 2 after updating B : 6.30077
Iteration number -------- 108  -----------
lambda : 1.70517
max_diff => 0.0501801
------------------------normalized = 0.237246 ----------------
performed mixing
Frob norm 1 after updating U: 6.30068
200 iterations
f(b) = 43.4053
Frob norm 2 after updating B : 6.30124
Iteration number -------- 109  -----------
lambda : 1.7137
max_diff => 0.0501639
------------------------normalized = 0.237263 ----------------
performed mixing
Frob norm 1 after updating U: 6.30115
200 iterations
f(b) = 43.1079
Frob norm 2 after updating B : 6.30247
Iteration number -------- 110  -----------
lambda : 1.72227
max_diff => 0.0500997
------------------------normalized = 0.23731 ----------------
performed mixing
Frob norm 1 after updating U: 6.30221
200 iterations
f(b) = 43.0864
Frob norm 2 after updating B : 6.30304
Iteration number -------- 111  -----------
lambda : 1.73088
max_diff => 0.0500709
------------------------normalized = 0.237331 ----------------
performed mixing
Frob norm 1 after updating U: 6.30278
200 iterations
f(b) = 43.2774
Frob norm 2 after updating B : 6.30384
Iteration number -------- 112  -----------
lambda : 1.73953
max_diff => 0.0500471
------------------------normalized = 0.237362 ----------------
performed mixing
Frob norm 1 after updating U: 6.30363
200 iterations
f(b) = 43.4035
Frob norm 2 after updating B : 6.3043
Iteration number -------- 113  -----------
lambda : 1.74823
max_diff => 0.0500246
------------------------normalized = 0.237379 ----------------
performed mixing
Frob norm 1 after updating U: 6.30412
200 iterations
f(b) = 43.3345
Frob norm 2 after updating B : 6.30486
Iteration number -------- 114  -----------
lambda : 1.75697
max_diff => 0.0499963
------------------------normalized = 0.2374 ----------------
performed mixing
Frob norm 1 after updating U: 6.30469
200 iterations
f(b) = 43.355
Frob norm 2 after updating B : 6.30596
Iteration number -------- 115  -----------
lambda : 1.76576
max_diff => 0.0499467
------------------------normalized = 0.237441 ----------------
performed mixing
Frob norm 1 after updating U: 6.30575
200 iterations
f(b) = 43.4977
Frob norm 2 after updating B : 6.30631
Iteration number -------- 116  -----------
lambda : 1.77459
max_diff => 0.0499285
------------------------normalized = 0.237454 ----------------
performed mixing
Frob norm 1 after updating U: 6.30609
200 iterations
f(b) = 43.4629
Frob norm 2 after updating B : 6.30731
Iteration number -------- 117  -----------
lambda : 1.78346
max_diff => 0.0498767
------------------------normalized = 0.237492 ----------------
performed mixing
Frob norm 1 after updating U: 6.3071
200 iterations
f(b) = 43.3
Frob norm 2 after updating B : 6.30765
Iteration number -------- 118  -----------
lambda : 1.79238
max_diff => 0.0498442
------------------------normalized = 0.237505 ----------------
performed mixing
Frob norm 1 after updating U: 6.3075
200 iterations
f(b) = 43.4242
Frob norm 2 after updating B : 6.30809
Iteration number -------- 119  -----------
lambda : 1.80134
max_diff => 0.0498183
------------------------normalized = 0.237522 ----------------
performed mixing
Frob norm 1 after updating U: 6.30798
200 iterations
f(b) = 43.5018
Frob norm 2 after updating B : 6.30863
Iteration number -------- 120  -----------
lambda : 1.81035
max_diff => 0.0497922
------------------------normalized = 0.237542 ----------------
performed mixing
Frob norm 1 after updating U: 6.30847
200 iterations
f(b) = 43.5438
Frob norm 2 after updating B : 6.30952
Iteration number -------- 121  -----------
lambda : 1.8194
max_diff => 0.0497469
------------------------normalized = 0.237575 ----------------
performed mixing
Frob norm 1 after updating U: 6.3093
200 iterations
f(b) = 43.3447
Frob norm 2 after updating B : 6.30373
Iteration number -------- 122  -----------
lambda : 1.82849
max_diff => 0.0496135
------------------------normalized = 0.237357 ----------------
performed mixing
Frob norm 1 after updating U: 6.30359
200 iterations
f(b) = 43.6263
Frob norm 2 after updating B : 6.30602
Iteration number -------- 123  -----------
lambda : 1.83764
max_diff => 0.0495857
------------------------normalized = 0.237443 ----------------
performed mixing
Frob norm 1 after updating U: 6.30586
200 iterations
f(b) = 43.4069
Frob norm 2 after updating B : 6.3111
Iteration number -------- 124  -----------
lambda : 1.84682
max_diff => 0.0495227
------------------------normalized = 0.237635 ----------------
performed mixing
Frob norm 1 after updating U: 6.31081
200 iterations
f(b) = 43.6585
Frob norm 2 after updating B : 6.31213
Iteration number -------- 125  -----------
lambda : 1.85606
max_diff => 0.0494974
------------------------normalized = 0.237673 ----------------
performed mixing
Frob norm 1 after updating U: 6.31188
200 iterations
f(b) = 43.5968
Frob norm 2 after updating B : 6.31332
Iteration number -------- 126  -----------
lambda : 1.86534
max_diff => 0.0494408
------------------------normalized = 0.237718 ----------------
performed mixing
Frob norm 1 after updating U: 6.31302
200 iterations
f(b) = 43.6371
Frob norm 2 after updating B : 6.31353
Iteration number -------- 127  -----------
lambda : 1.87467
max_diff => 0.0494162
------------------------normalized = 0.237726 ----------------
performed mixing
Frob norm 1 after updating U: 6.3133
200 iterations
f(b) = 43.6738
Frob norm 2 after updating B : 6.31423
Iteration number -------- 128  -----------
lambda : 1.88404
max_diff => 0.0493885
------------------------normalized = 0.237753 ----------------
performed mixing
Frob norm 1 after updating U: 6.31402
200 iterations
f(b) = 43.667
Frob norm 2 after updating B : 6.31471
Iteration number -------- 129  -----------
lambda : 1.89346
max_diff => 0.0493585
------------------------normalized = 0.237771 ----------------
performed mixing
Frob norm 1 after updating U: 6.31454
200 iterations
f(b) = 43.7148
Frob norm 2 after updating B : 6.3152
Iteration number -------- 130  -----------
lambda : 1.90293
max_diff => 0.049331
------------------------normalized = 0.237789 ----------------
performed mixing
Frob norm 1 after updating U: 6.31501
200 iterations
f(b) = 43.6926
Frob norm 2 after updating B : 6.31626
Iteration number -------- 131  -----------
lambda : 1.91244
max_diff => 0.0492783
------------------------normalized = 0.237829 ----------------
performed mixing
Frob norm 1 after updating U: 6.31589
200 iterations
f(b) = 43.7205
Frob norm 2 after updating B : 6.31694
Iteration number -------- 132  -----------
lambda : 1.922
max_diff => 0.0492433
------------------------normalized = 0.237855 ----------------
performed mixing
Frob norm 1 after updating U: 6.3165
200 iterations
f(b) = 43.8036
Frob norm 2 after updating B : 6.31702
Iteration number -------- 133  -----------
lambda : 1.93161
max_diff => 0.0492284
------------------------normalized = 0.237858 ----------------
performed mixing
Frob norm 1 after updating U: 6.31669
200 iterations
f(b) = 43.7008
Frob norm 2 after updating B : 6.31719
Iteration number -------- 134  -----------
lambda : 1.94127
max_diff => 0.0492045
------------------------normalized = 0.237864 ----------------
performed mixing
Frob norm 1 after updating U: 6.31688
200 iterations
f(b) = 43.783
Frob norm 2 after updating B : 6.31805
Iteration number -------- 135  -----------
lambda : 1.95098
max_diff => 0.0491694
------------------------normalized = 0.237896 ----------------
performed mixing
Frob norm 1 after updating U: 6.31776
200 iterations
f(b) = 43.8229
Frob norm 2 after updating B : 6.31825
Iteration number -------- 136  -----------
lambda : 1.96073
max_diff => 0.0491452
------------------------normalized = 0.237904 ----------------
performed mixing
Frob norm 1 after updating U: 6.31798
200 iterations
f(b) = 43.6614
Frob norm 2 after updating B : 6.31881
Iteration number -------- 137  -----------
lambda : 1.97054
max_diff => 0.0491175
------------------------normalized = 0.237925 ----------------
performed mixing
Frob norm 1 after updating U: 6.3185
200 iterations
f(b) = 43.5728
Frob norm 2 after updating B : 6.31347
Iteration number -------- 138  -----------
lambda : 1.98039
max_diff => 0.048757
------------------------normalized = 0.237724 ----------------
performed mixing
Frob norm 1 after updating U: 6.31347
200 iterations
f(b) = 43.7766
Frob norm 2 after updating B : 6.31851
Iteration number -------- 139  -----------
lambda : 1.99029
max_diff => 0.0486735
------------------------normalized = 0.237914 ----------------
performed mixing
Frob norm 1 after updating U: 6.3184
200 iterations
f(b) = 43.7741
Frob norm 2 after updating B : 6.31969
Iteration number -------- 140  -----------
lambda : 2.00024
max_diff => 0.0486391
------------------------normalized = 0.237958 ----------------
performed mixing
Frob norm 1 after updating U: 6.31959
200 iterations
f(b) = 43.608
Frob norm 2 after updating B : 6.32055
Iteration number -------- 141  -----------
lambda : 2.01024
max_diff => 0.0485945
------------------------normalized = 0.237991 ----------------
performed mixing
Frob norm 1 after updating U: 6.32052
200 iterations
f(b) = 43.8305
Frob norm 2 after updating B : 6.32163
Iteration number -------- 142  -----------
lambda : 2.02029
max_diff => 0.0485611
------------------------normalized = 0.238031 ----------------
performed mixing
Frob norm 1 after updating U: 6.32158
200 iterations
f(b) = 43.8648
Frob norm 2 after updating B : 6.32356
Iteration number -------- 143  -----------
lambda : 2.0304
max_diff => 0.0484915
------------------------normalized = 0.238104 ----------------
performed mixing
Frob norm 1 after updating U: 6.32332
200 iterations
f(b) = 43.9087
Frob norm 2 after updating B : 6.32399
Iteration number -------- 144  -----------
lambda : 2.04055
max_diff => 0.048466
------------------------normalized = 0.23812 ----------------
performed mixing
Frob norm 1 after updating U: 6.32377
200 iterations
f(b) = 43.8222
Frob norm 2 after updating B : 6.32423
Iteration number -------- 145  -----------
lambda : 2.05075
max_diff => 0.0484376
------------------------normalized = 0.238129 ----------------
performed mixing
Frob norm 1 after updating U: 6.32403
200 iterations
f(b) = 44.0336
Frob norm 2 after updating B : 6.32475
Iteration number -------- 146  -----------
lambda : 2.061
max_diff => 0.0484157
------------------------normalized = 0.238149 ----------------
performed mixing
Frob norm 1 after updating U: 6.32457
200 iterations
f(b) = 43.8748
Frob norm 2 after updating B : 6.32517
Iteration number -------- 147  -----------
lambda : 2.07131
max_diff => 0.0483909
------------------------normalized = 0.238164 ----------------
performed mixing
Frob norm 1 after updating U: 6.32499
200 iterations
f(b) = 43.7081
Frob norm 2 after updating B : 6.3259
Iteration number -------- 148  -----------
lambda : 2.08167
max_diff => 0.0483373
------------------------normalized = 0.238192 ----------------
performed mixing
Frob norm 1 after updating U: 6.32567
200 iterations
f(b) = 43.8989
Frob norm 2 after updating B : 6.32706
Iteration number -------- 149  -----------
lambda : 2.09207
max_diff => 0.0482866
------------------------normalized = 0.238236 ----------------
performed mixing
Frob norm 1 after updating U: 6.32675
200 iterations
f(b) = 43.8634
Frob norm 2 after updating B : 6.32755
Iteration number -------- 150  -----------
lambda : 2.10253
max_diff => 0.0482551
------------------------normalized = 0.238254 ----------------
performed mixing
Frob norm 1 after updating U: 6.32725
200 iterations
f(b) = 43.7453
Frob norm 2 after updating B : 6.32799
Iteration number -------- 151  -----------
lambda : 2.11305
max_diff => 0.0482169
------------------------normalized = 0.238271 ----------------
performed mixing
Frob norm 1 after updating U: 6.32772
200 iterations
f(b) = 43.8456
Frob norm 2 after updating B : 6.32843
Iteration number -------- 152  -----------
lambda : 2.12361
max_diff => 0.0481797
------------------------normalized = 0.238287 ----------------
performed mixing
Frob norm 1 after updating U: 6.32819
200 iterations
f(b) = 44.0041
Frob norm 2 after updating B : 6.32919
Iteration number -------- 153  -----------
lambda : 2.13423
max_diff => 0.0481131
------------------------normalized = 0.238316 ----------------
performed mixing
Frob norm 1 after updating U: 6.32894
200 iterations
f(b) = 43.9653
Frob norm 2 after updating B : 6.32987
Iteration number -------- 154  -----------
lambda : 2.1449
max_diff => 0.0480688
------------------------normalized = 0.238342 ----------------
performed mixing
Frob norm 1 after updating U: 6.32959
200 iterations
f(b) = 43.9938
Frob norm 2 after updating B : 6.33124
Iteration number -------- 155  -----------
lambda : 2.15563
max_diff => 0.0479823
------------------------normalized = 0.238393 ----------------
performed mixing
Frob norm 1 after updating U: 6.33071
200 iterations
f(b) = 44.0708
Frob norm 2 after updating B : 6.33199
Iteration number -------- 156  -----------
lambda : 2.1664
max_diff => 0.0479224
------------------------normalized = 0.238421 ----------------
performed mixing
Frob norm 1 after updating U: 6.33153
200 iterations
f(b) = 44.1279
Frob norm 2 after updating B : 6.33261
Iteration number -------- 157  -----------
lambda : 2.17724
max_diff => 0.0478609
------------------------normalized = 0.238445 ----------------
performed mixing
Frob norm 1 after updating U: 6.33211
200 iterations
f(b) = 44.1872
Frob norm 2 after updating B : 6.33306
Iteration number -------- 158  -----------
lambda : 2.18812
max_diff => 0.0478338
------------------------normalized = 0.238462 ----------------
performed mixing
Frob norm 1 after updating U: 6.33266
200 iterations
f(b) = 44.1001
Frob norm 2 after updating B : 6.33361
Iteration number -------- 159  -----------
lambda : 2.19906
max_diff => 0.0477963
------------------------normalized = 0.238482 ----------------
performed mixing
Frob norm 1 after updating U: 6.33326
200 iterations
f(b) = 44.1143
Frob norm 2 after updating B : 6.3338
Iteration number -------- 160  -----------
lambda : 2.21006
max_diff => 0.0477539
------------------------normalized = 0.238489 ----------------
performed mixing
Frob norm 1 after updating U: 6.33355
200 iterations
f(b) = 44.151
Frob norm 2 after updating B : 6.33487
Iteration number -------- 161  -----------
lambda : 2.22111
max_diff => 0.047707
------------------------normalized = 0.23853 ----------------
performed mixing
Frob norm 1 after updating U: 6.33441
200 iterations
f(b) = 44.2339
Frob norm 2 after updating B : 6.33514
Iteration number -------- 162  -----------
lambda : 2.23221
max_diff => 0.0476772
------------------------normalized = 0.23854 ----------------
performed mixing
Frob norm 1 after updating U: 6.33475
200 iterations
f(b) = 44.2468
Frob norm 2 after updating B : 6.33532
Iteration number -------- 163  -----------
lambda : 2.24338
max_diff => 0.0476609
------------------------normalized = 0.238547 ----------------
performed mixing
Frob norm 1 after updating U: 6.335
200 iterations
f(b) = 44.1794
Frob norm 2 after updating B : 6.33602
Iteration number -------- 164  -----------
lambda : 2.25459
max_diff => 0.0476204
------------------------normalized = 0.238573 ----------------
performed mixing
Frob norm 1 after updating U: 6.33555
200 iterations
f(b) = 44.1994
Frob norm 2 after updating B : 6.33705
Iteration number -------- 165  -----------
lambda : 2.26587
max_diff => 0.047541
------------------------normalized = 0.238612 ----------------
performed mixing
Frob norm 1 after updating U: 6.33648
200 iterations
f(b) = 44.2339
Frob norm 2 after updating B : 6.3373
Iteration number -------- 166  -----------
lambda : 2.27719
max_diff => 0.0475171
------------------------normalized = 0.238621 ----------------
performed mixing
Frob norm 1 after updating U: 6.33685
200 iterations
f(b) = 43.8588
Frob norm 2 after updating B : 6.33677
Iteration number -------- 167  -----------
lambda : 2.28858
max_diff => 0.0474487
------------------------normalized = 0.238601 ----------------
performed mixing
Frob norm 1 after updating U: 6.33639
200 iterations
f(b) = 44.2943
Frob norm 2 after updating B : 6.33866
Iteration number -------- 168  -----------
lambda : 2.30002
max_diff => 0.0473911
------------------------normalized = 0.238673 ----------------
performed mixing
Frob norm 1 after updating U: 6.33832
200 iterations
f(b) = 44.2195
Frob norm 2 after updating B : 6.33904
Iteration number -------- 169  -----------
lambda : 2.31152
max_diff => 0.0473425
------------------------normalized = 0.238687 ----------------
performed mixing
Frob norm 1 after updating U: 6.33874
200 iterations
f(b) = 43.9646
Frob norm 2 after updating B : 6.339
Iteration number -------- 170  -----------
lambda : 2.32308
max_diff => 0.0471903
------------------------normalized = 0.238685 ----------------
performed mixing
Frob norm 1 after updating U: 6.33858
200 iterations
f(b) = 44.3094
Frob norm 2 after updating B : 6.34171
Iteration number -------- 171  -----------
lambda : 2.3347
max_diff => 0.0471259
------------------------normalized = 0.238787 ----------------
performed mixing
Frob norm 1 after updating U: 6.34133
200 iterations
f(b) = 44.1995
Frob norm 2 after updating B : 6.34204
Iteration number -------- 172  -----------
lambda : 2.34637
max_diff => 0.0470945
------------------------normalized = 0.2388 ----------------
performed mixing
Frob norm 1 after updating U: 6.34172
200 iterations
f(b) = 44.3424
Frob norm 2 after updating B : 6.34241
Iteration number -------- 173  -----------
lambda : 2.3581
max_diff => 0.047059
------------------------normalized = 0.238814 ----------------
performed mixing
Frob norm 1 after updating U: 6.34213
200 iterations
f(b) = 44.3337
Frob norm 2 after updating B : 6.34405
Iteration number -------- 174  -----------
lambda : 2.36989
max_diff => 0.0469612
------------------------normalized = 0.238875 ----------------
performed mixing
Frob norm 1 after updating U: 6.3437
200 iterations
f(b) = 43.8882
Frob norm 2 after updating B : 6.34446
Iteration number -------- 175  -----------
lambda : 2.38174
max_diff => 0.0468223
------------------------normalized = 0.238891 ----------------
performed mixing
Frob norm 1 after updating U: 6.34406
200 iterations
f(b) = 44.3901
Frob norm 2 after updating B : 6.34655
Iteration number -------- 176  -----------
lambda : 2.39365
max_diff => 0.0467352
------------------------normalized = 0.23897 ----------------
performed mixing
Frob norm 1 after updating U: 6.34616
200 iterations
f(b) = 44.1925
Frob norm 2 after updating B : 6.3473
Iteration number -------- 177  -----------
lambda : 2.40562
max_diff => 0.046649
------------------------normalized = 0.238998 ----------------
performed mixing
Frob norm 1 after updating U: 6.3469
200 iterations
f(b) = 44.3569
Frob norm 2 after updating B : 6.34841
Iteration number -------- 178  -----------
lambda : 2.41765
max_diff => 0.0465801
------------------------normalized = 0.23904 ----------------
performed mixing
Frob norm 1 after updating U: 6.34803
200 iterations
f(b) = 44.2855
Frob norm 2 after updating B : 6.34916
Iteration number -------- 179  -----------
lambda : 2.42974
max_diff => 0.0464666
------------------------normalized = 0.239068 ----------------
performed mixing
Frob norm 1 after updating U: 6.34883
200 iterations
f(b) = 46.053
Frob norm 2 after updating B : 6.31783
Iteration number -------- 180  -----------
lambda : 2.44188
max_diff => 0.0532551
------------------------normalized = 0.237888 ----------------
performed mixing
Frob norm 1 after updating U: 6.31431
200 iterations
f(b) = 45.5624
Frob norm 2 after updating B : 6.34711
Iteration number -------- 181  -----------
lambda : 2.45409
max_diff => 0.0492844
------------------------normalized = 0.238991 ----------------
performed mixing
Frob norm 1 after updating U: 6.34556
200 iterations
f(b) = 45.8047
Frob norm 2 after updating B : 6.34873
Iteration number -------- 182  -----------
lambda : 2.46636
max_diff => 0.0488389
------------------------normalized = 0.239052 ----------------
performed mixing
Frob norm 1 after updating U: 6.34766
200 iterations
f(b) = 45.4398
Frob norm 2 after updating B : 6.35005
Iteration number -------- 183  -----------
lambda : 2.4787
max_diff => 0.0482125
------------------------normalized = 0.239101 ----------------
performed mixing
Frob norm 1 after updating U: 6.34932
200 iterations
f(b) = 45.4104
Frob norm 2 after updating B : 6.36016
Iteration number -------- 184  -----------
lambda : 2.49109
max_diff => 0.0467391
------------------------normalized = 0.239482 ----------------
performed mixing
Frob norm 1 after updating U: 6.3593
200 iterations
f(b) = 45.3556
Frob norm 2 after updating B : 6.3649
Iteration number -------- 185  -----------
lambda : 2.50354
max_diff => 0.0462678
------------------------normalized = 0.23966 ----------------
performed mixing
Frob norm 1 after updating U: 6.36388
200 iterations
f(b) = 45.4728
Frob norm 2 after updating B : 6.36518
Iteration number -------- 186  -----------
lambda : 2.51606
max_diff => 0.046185
------------------------normalized = 0.239671 ----------------
performed mixing
Frob norm 1 after updating U: 6.36441
200 iterations
f(b) = 45.4214
Frob norm 2 after updating B : 6.36583
Iteration number -------- 187  -----------
lambda : 2.52864
max_diff => 0.0460666
------------------------normalized = 0.239695 ----------------
performed mixing
Frob norm 1 after updating U: 6.36519
200 iterations
f(b) = 45.4463
Frob norm 2 after updating B : 6.36603
Iteration number -------- 188  -----------
lambda : 2.54129
max_diff => 0.0460094
------------------------normalized = 0.239703 ----------------
performed mixing
Frob norm 1 after updating U: 6.36553
200 iterations
f(b) = 45.5154
Frob norm 2 after updating B : 6.36608
Iteration number -------- 189  -----------
lambda : 2.55399
max_diff => 0.0459505
------------------------normalized = 0.239705 ----------------
performed mixing
Frob norm 1 after updating U: 6.36569
200 iterations
f(b) = 45.3604
Frob norm 2 after updating B : 6.36602
Iteration number -------- 190  -----------
lambda : 2.56676
max_diff => 0.0459131
------------------------normalized = 0.239703 ----------------
performed mixing
Frob norm 1 after updating U: 6.36572
200 iterations
f(b) = 45.158
Frob norm 2 after updating B : 6.36599
Iteration number -------- 191  -----------
lambda : 2.5796
max_diff => 0.0458427
------------------------normalized = 0.239702 ----------------
performed mixing
Frob norm 1 after updating U: 6.36577
200 iterations
f(b) = 45.3365
Frob norm 2 after updating B : 6.36668
Iteration number -------- 192  -----------
lambda : 2.59249
max_diff => 0.0456977
------------------------normalized = 0.239727 ----------------
performed mixing
Frob norm 1 after updating U: 6.36648
200 iterations
f(b) = 45.4992
Frob norm 2 after updating B : 6.36717
Iteration number -------- 193  -----------
lambda : 2.60546
max_diff => 0.0456191
------------------------normalized = 0.239746 ----------------
performed mixing
Frob norm 1 after updating U: 6.36698
200 iterations
f(b) = 45.5377
Frob norm 2 after updating B : 6.36755
Iteration number -------- 194  -----------
lambda : 2.61848
max_diff => 0.045533
------------------------normalized = 0.23976 ----------------
performed mixing
Frob norm 1 after updating U: 6.36738
200 iterations
f(b) = 45.5733
Frob norm 2 after updating B : 6.36848
Iteration number -------- 195  -----------
lambda : 2.63158
max_diff => 0.045454
------------------------normalized = 0.239795 ----------------
performed mixing
Frob norm 1 after updating U: 6.36827
200 iterations
f(b) = 45.4683
Frob norm 2 after updating B : 6.36955
Iteration number -------- 196  -----------
lambda : 2.64473
max_diff => 0.0453447
------------------------normalized = 0.239836 ----------------
performed mixing
Frob norm 1 after updating U: 6.36922
200 iterations
f(b) = 45.39
Frob norm 2 after updating B : 6.37052
Iteration number -------- 197  -----------
lambda : 2.65796
max_diff => 0.0451518
------------------------normalized = 0.239872 ----------------
performed mixing
Frob norm 1 after updating U: 6.3701
200 iterations
f(b) = 44.4216
Frob norm 2 after updating B : 6.3884
Iteration number -------- 198  -----------
lambda : 2.67125
max_diff => 0.0416975
------------------------normalized = 0.240545 ----------------
performed mixing
Frob norm 1 after updating U: 6.38574
200 iterations
f(b) = 44.4177
Frob norm 2 after updating B : 6.39
Iteration number -------- 199  -----------
lambda : 2.6846
max_diff => 0.0416311
------------------------normalized = 0.240606 ----------------
performed mixing
Frob norm 1 after updating U: 6.38827
200 iterations
f(b) = 44.5672
Frob norm 2 after updating B : 6.39011
Iteration number -------- 200  -----------
lambda : 2.69803
max_diff => 0.0415954
------------------------normalized = 0.24061 ----------------
