performing filtering
Academic license - for non-commercial use only
Frob norm 1 after updating U: 26.3878
200 iterations
f(b) = 485.746
Frob norm 2 after updating B : 21.7974
Iteration number -------- 1  -----------
lambda : 1
max_diff => 0.187603
------------------------normalized = 0.820747 ----------------
performed mixing
Frob norm 1 after updating U: 17.3536
200 iterations
f(b) = 388.752
Frob norm 2 after updating B : 19.6354
Iteration number -------- 2  -----------
lambda : 1.005
max_diff => 0.178175
------------------------normalized = 0.739341 ----------------
performed mixing
Frob norm 1 after updating U: 13.993
200 iterations
f(b) = 309.578
Frob norm 2 after updating B : 17.6722
Iteration number -------- 3  -----------
lambda : 1.01002
max_diff => 0.605851
------------------------normalized = 0.665421 ----------------
performed mixing
Frob norm 1 after updating U: 13.1913
200 iterations
f(b) = 259.574
Frob norm 2 after updating B : 16.3097
Iteration number -------- 4  -----------
lambda : 1.01508
max_diff => 1.0082
------------------------normalized = 0.614116 ----------------
performed mixing
Frob norm 1 after updating U: 12.9252
200 iterations
f(b) = 226.427
Frob norm 2 after updating B : 15.3201
Iteration number -------- 5  -----------
lambda : 1.02015
max_diff => 1.34416
------------------------normalized = 0.576855 ----------------
performed mixing
Frob norm 1 after updating U: 12.7942
200 iterations
f(b) = 203.998
Frob norm 2 after updating B : 14.6731
Iteration number -------- 6  -----------
lambda : 1.02525
max_diff => 1.6683
------------------------normalized = 0.552495 ----------------
performed mixing
Frob norm 1 after updating U: 12.6664
200 iterations
f(b) = 188.253
Frob norm 2 after updating B : 14.1686
Iteration number -------- 7  -----------
lambda : 1.03038
max_diff => 1.88657
------------------------normalized = 0.533499 ----------------
performed mixing
Frob norm 1 after updating U: 12.5136
200 iterations
f(b) = 177.208
Frob norm 2 after updating B : 13.6346
Iteration number -------- 8  -----------
lambda : 1.03553
max_diff => 1.92175
------------------------normalized = 0.513391 ----------------
performed mixing
Frob norm 1 after updating U: 12.3978
200 iterations
f(b) = 169.561
Frob norm 2 after updating B : 13.2851
Iteration number -------- 9  -----------
lambda : 1.04071
max_diff => 1.81175
------------------------normalized = 0.50023 ----------------
performed mixing
Frob norm 1 after updating U: 12.2861
200 iterations
f(b) = 164.034
Frob norm 2 after updating B : 13.0016
Iteration number -------- 10  -----------
lambda : 1.04591
max_diff => 1.76247
------------------------normalized = 0.489555 ----------------
performed mixing
Frob norm 1 after updating U: 12.1755
200 iterations
f(b) = 159.945
Frob norm 2 after updating B : 12.7565
Iteration number -------- 11  -----------
lambda : 1.05114
max_diff => 1.66649
------------------------normalized = 0.480327 ----------------
performed mixing
Frob norm 1 after updating U: 12.0907
200 iterations
f(b) = 156.824
Frob norm 2 after updating B : 12.5545
Iteration number -------- 12  -----------
lambda : 1.0564
max_diff => 1.55718
------------------------normalized = 0.47272 ----------------
performed mixing
Frob norm 1 after updating U: 12.0134
200 iterations
f(b) = 154.413
Frob norm 2 after updating B : 12.3842
Iteration number -------- 13  -----------
lambda : 1.06168
max_diff => 1.46156
------------------------normalized = 0.466308 ----------------
performed mixing
Frob norm 1 after updating U: 11.9631
200 iterations
f(b) = 152.599
Frob norm 2 after updating B : 12.2525
Iteration number -------- 14  -----------
lambda : 1.06699
max_diff => 1.3657
------------------------normalized = 0.461348 ----------------
performed mixing
Frob norm 1 after updating U: 11.924
200 iterations
f(b) = 151.149
Frob norm 2 after updating B : 12.1574
Iteration number -------- 15  -----------
lambda : 1.07232
max_diff => 1.27634
------------------------normalized = 0.457769 ----------------
performed mixing
Frob norm 1 after updating U: 11.8935
200 iterations
f(b) = 149.973
Frob norm 2 after updating B : 12.0788
Iteration number -------- 16  -----------
lambda : 1.07768
max_diff => 1.19812
------------------------normalized = 0.454807 ----------------
performed mixing
Frob norm 1 after updating U: 11.8621
200 iterations
f(b) = 149.03
Frob norm 2 after updating B : 12.0167
Iteration number -------- 17  -----------
lambda : 1.08307
max_diff => 1.13057
------------------------normalized = 0.452471 ----------------
performed mixing
Frob norm 1 after updating U: 11.8396
200 iterations
f(b) = 148.24
Frob norm 2 after updating B : 11.9646
Iteration number -------- 18  -----------
lambda : 1.08849
max_diff => 1.06742
------------------------normalized = 0.450509 ----------------
performed mixing
Frob norm 1 after updating U: 11.8136
200 iterations
f(b) = 147.576
Frob norm 2 after updating B : 11.924
Iteration number -------- 19  -----------
lambda : 1.09393
max_diff => 1.01072
------------------------normalized = 0.448978 ----------------
performed mixing
Frob norm 1 after updating U: 11.7944
200 iterations
f(b) = 147.009
Frob norm 2 after updating B : 11.8908
Iteration number -------- 20  -----------
lambda : 1.0994
max_diff => 0.973391
------------------------normalized = 0.44773 ----------------
performed mixing
Frob norm 1 after updating U: 11.7773
200 iterations
f(b) = 146.516
Frob norm 2 after updating B : 11.8646
Iteration number -------- 21  -----------
lambda : 1.1049
max_diff => 0.945008
------------------------normalized = 0.446744 ----------------
performed mixing
Frob norm 1 after updating U: 11.7632
200 iterations
f(b) = 146.073
Frob norm 2 after updating B : 11.839
Iteration number -------- 22  -----------
lambda : 1.11042
max_diff => 0.920708
------------------------normalized = 0.445779 ----------------
performed mixing
Frob norm 1 after updating U: 11.7474
200 iterations
f(b) = 145.67
Frob norm 2 after updating B : 11.8225
Iteration number -------- 23  -----------
lambda : 1.11597
max_diff => 0.894984
------------------------normalized = 0.445159 ----------------
performed mixing
Frob norm 1 after updating U: 11.7388
200 iterations
f(b) = 145.301
Frob norm 2 after updating B : 11.8061
Iteration number -------- 24  -----------
lambda : 1.12155
max_diff => 0.871574
------------------------normalized = 0.444541 ----------------
performed mixing
Frob norm 1 after updating U: 11.7284
200 iterations
f(b) = 144.941
Frob norm 2 after updating B : 11.7955
Iteration number -------- 25  -----------
lambda : 1.12716
max_diff => 0.848116
------------------------normalized = 0.444142 ----------------
performed mixing
Frob norm 1 after updating U: 11.7223
200 iterations
f(b) = 144.619
Frob norm 2 after updating B : 11.7776
Iteration number -------- 26  -----------
lambda : 1.1328
max_diff => 0.82649
------------------------normalized = 0.443467 ----------------
performed mixing
Frob norm 1 after updating U: 11.7088
200 iterations
f(b) = 144.307
Frob norm 2 after updating B : 11.7676
Iteration number -------- 27  -----------
lambda : 1.13846
max_diff => 0.80398
------------------------normalized = 0.443091 ----------------
performed mixing
Frob norm 1 after updating U: 11.7021
200 iterations
f(b) = 143.999
Frob norm 2 after updating B : 11.7608
Iteration number -------- 28  -----------
lambda : 1.14415
max_diff => 0.783069
------------------------normalized = 0.442834 ----------------
performed mixing
Frob norm 1 after updating U: 11.6982
200 iterations
f(b) = 143.715
Frob norm 2 after updating B : 11.7457
Iteration number -------- 29  -----------
lambda : 1.14987
max_diff => 0.762971
------------------------normalized = 0.442264 ----------------
performed mixing
Frob norm 1 after updating U: 11.6861
200 iterations
f(b) = 143.432
Frob norm 2 after updating B : 11.7402
Iteration number -------- 30  -----------
lambda : 1.15562
max_diff => 0.742502
------------------------normalized = 0.442058 ----------------
performed mixing
Frob norm 1 after updating U: 11.6837
200 iterations
f(b) = 143.185
Frob norm 2 after updating B : 11.7301
Iteration number -------- 31  -----------
lambda : 1.1614
max_diff => 0.723883
------------------------normalized = 0.441679 ----------------
performed mixing
Frob norm 1 after updating U: 11.6772
200 iterations
f(b) = 142.961
Frob norm 2 after updating B : 11.7206
Iteration number -------- 32  -----------
lambda : 1.16721
max_diff => 0.704481
------------------------normalized = 0.441323 ----------------
performed mixing
Frob norm 1 after updating U: 11.6715
200 iterations
f(b) = 142.773
Frob norm 2 after updating B : 11.7119
Iteration number -------- 33  -----------
lambda : 1.17304
max_diff => 0.6854
------------------------normalized = 0.440993 ----------------
performed mixing
Frob norm 1 after updating U: 11.6654
200 iterations
f(b) = 142.597
Frob norm 2 after updating B : 11.7049
Iteration number -------- 34  -----------
lambda : 1.17891
max_diff => 0.668367
------------------------normalized = 0.440729 ----------------
performed mixing
Frob norm 1 after updating U: 11.6608
200 iterations
f(b) = 142.423
Frob norm 2 after updating B : 11.7018
Iteration number -------- 35  -----------
lambda : 1.1848
max_diff => 0.650942
------------------------normalized = 0.440613 ----------------
performed mixing
Frob norm 1 after updating U: 11.659
200 iterations
f(b) = 142.267
Frob norm 2 after updating B : 11.6964
Iteration number -------- 36  -----------
lambda : 1.19073
max_diff => 0.634188
------------------------normalized = 0.440408 ----------------
performed mixing
Frob norm 1 after updating U: 11.6551
200 iterations
f(b) = 142.114
Frob norm 2 after updating B : 11.6871
Iteration number -------- 37  -----------
lambda : 1.19668
max_diff => 0.61832
------------------------normalized = 0.440058 ----------------
performed mixing
Frob norm 1 after updating U: 11.6477
200 iterations
f(b) = 141.977
Frob norm 2 after updating B : 11.684
Iteration number -------- 38  -----------
lambda : 1.20266
max_diff => 0.602718
------------------------normalized = 0.439942 ----------------
performed mixing
Frob norm 1 after updating U: 11.6454
200 iterations
f(b) = 141.843
Frob norm 2 after updating B : 11.6789
Iteration number -------- 39  -----------
lambda : 1.20868
max_diff => 0.58714
------------------------normalized = 0.439751 ----------------
performed mixing
Frob norm 1 after updating U: 11.6413
200 iterations
f(b) = 141.702
Frob norm 2 after updating B : 11.674
Iteration number -------- 40  -----------
lambda : 1.21472
max_diff => 0.572753
------------------------normalized = 0.439567 ----------------
performed mixing
Frob norm 1 after updating U: 11.6375
200 iterations
f(b) = 141.574
Frob norm 2 after updating B : 11.6694
Iteration number -------- 41  -----------
lambda : 1.22079
max_diff => 0.558298
------------------------normalized = 0.439394 ----------------
performed mixing
Frob norm 1 after updating U: 11.6337
200 iterations
f(b) = 141.454
Frob norm 2 after updating B : 11.6628
Iteration number -------- 42  -----------
lambda : 1.2269
max_diff => 0.544551
------------------------normalized = 0.439144 ----------------
performed mixing
Frob norm 1 after updating U: 11.6281
200 iterations
f(b) = 141.325
Frob norm 2 after updating B : 11.6626
Iteration number -------- 43  -----------
lambda : 1.23303
max_diff => 0.530999
------------------------normalized = 0.439136 ----------------
performed mixing
Frob norm 1 after updating U: 11.628
200 iterations
f(b) = 141.217
Frob norm 2 after updating B : 11.6551
Iteration number -------- 44  -----------
lambda : 1.2392
max_diff => 0.517619
------------------------normalized = 0.438856 ----------------
performed mixing
Frob norm 1 after updating U: 11.6217
200 iterations
f(b) = 141.102
Frob norm 2 after updating B : 11.6519
Iteration number -------- 45  -----------
lambda : 1.24539
max_diff => 0.504591
------------------------normalized = 0.438733 ----------------
performed mixing
Frob norm 1 after updating U: 11.6189
200 iterations
f(b) = 140.984
Frob norm 2 after updating B : 11.6484
Iteration number -------- 46  -----------
lambda : 1.25162
max_diff => 0.492119
------------------------normalized = 0.438604 ----------------
performed mixing
Frob norm 1 after updating U: 11.616
200 iterations
f(b) = 140.869
Frob norm 2 after updating B : 11.6439
Iteration number -------- 47  -----------
lambda : 1.25788
max_diff => 0.480052
------------------------normalized = 0.438435 ----------------
performed mixing
Frob norm 1 after updating U: 11.6123
200 iterations
f(b) = 140.762
Frob norm 2 after updating B : 11.6424
Iteration number -------- 48  -----------
lambda : 1.26417
max_diff => 0.467699
------------------------normalized = 0.438376 ----------------
performed mixing
Frob norm 1 after updating U: 11.6108
200 iterations
f(b) = 140.647
Frob norm 2 after updating B : 11.6372
Iteration number -------- 49  -----------
lambda : 1.27049
max_diff => 0.456422
------------------------normalized = 0.43818 ----------------
performed mixing
Frob norm 1 after updating U: 11.6066
200 iterations
f(b) = 140.547
Frob norm 2 after updating B : 11.6344
Iteration number -------- 50  -----------
lambda : 1.27684
max_diff => 0.444941
------------------------normalized = 0.438074 ----------------
performed mixing
Frob norm 1 after updating U: 11.6042
200 iterations
f(b) = 140.435
Frob norm 2 after updating B : 11.6311
Iteration number -------- 51  -----------
lambda : 1.28323
max_diff => 0.434078
------------------------normalized = 0.437949 ----------------
performed mixing
Frob norm 1 after updating U: 11.6017
200 iterations
f(b) = 140.33
Frob norm 2 after updating B : 11.6285
Iteration number -------- 52  -----------
lambda : 1.28964
max_diff => 0.423339
------------------------normalized = 0.437853 ----------------
performed mixing
Frob norm 1 after updating U: 11.5993
200 iterations
f(b) = 140.239
Frob norm 2 after updating B : 11.6244
Iteration number -------- 53  -----------
lambda : 1.29609
max_diff => 0.412644
------------------------normalized = 0.4377 ----------------
performed mixing
Frob norm 1 after updating U: 11.5959
200 iterations
f(b) = 140.134
Frob norm 2 after updating B : 11.6252
Iteration number -------- 54  -----------
lambda : 1.30257
max_diff => 0.402213
------------------------normalized = 0.43773 ----------------
performed mixing
Frob norm 1 after updating U: 11.5963
200 iterations
f(b) = 140.029
Frob norm 2 after updating B : 11.6196
Iteration number -------- 55  -----------
lambda : 1.30908
max_diff => 0.392241
------------------------normalized = 0.43752 ----------------
performed mixing
Frob norm 1 after updating U: 11.5918
200 iterations
f(b) = 139.942
Frob norm 2 after updating B : 11.6168
Iteration number -------- 56  -----------
lambda : 1.31563
max_diff => 0.38229
------------------------normalized = 0.437411 ----------------
performed mixing
Frob norm 1 after updating U: 11.5892
200 iterations
f(b) = 139.839
Frob norm 2 after updating B : 11.614
Iteration number -------- 57  -----------
lambda : 1.32221
max_diff => 0.372799
------------------------normalized = 0.437306 ----------------
performed mixing
Frob norm 1 after updating U: 11.5868
200 iterations
f(b) = 139.753
Frob norm 2 after updating B : 11.6094
Iteration number -------- 58  -----------
lambda : 1.32882
max_diff => 0.363735
------------------------normalized = 0.437135 ----------------
performed mixing
Frob norm 1 after updating U: 11.583
200 iterations
f(b) = 139.663
Frob norm 2 after updating B : 11.607
Iteration number -------- 59  -----------
lambda : 1.33546
max_diff => 0.354718
------------------------normalized = 0.437043 ----------------
performed mixing
Frob norm 1 after updating U: 11.5809
200 iterations
f(b) = 139.573
Frob norm 2 after updating B : 11.6049
Iteration number -------- 60  -----------
lambda : 1.34214
max_diff => 0.345956
------------------------normalized = 0.436965 ----------------
performed mixing
Frob norm 1 after updating U: 11.5791
200 iterations
f(b) = 139.492
Frob norm 2 after updating B : 11.6018
Iteration number -------- 61  -----------
lambda : 1.34885
max_diff => 0.337205
------------------------normalized = 0.436847 ----------------
performed mixing
Frob norm 1 after updating U: 11.5763
200 iterations
f(b) = 139.399
Frob norm 2 after updating B : 11.6
Iteration number -------- 62  -----------
lambda : 1.35559
max_diff => 0.328862
------------------------normalized = 0.436781 ----------------
performed mixing
Frob norm 1 after updating U: 11.5749
200 iterations
f(b) = 139.322
Frob norm 2 after updating B : 11.5966
Iteration number -------- 63  -----------
lambda : 1.36237
max_diff => 0.320595
------------------------normalized = 0.436652 ----------------
performed mixing
Frob norm 1 after updating U: 11.5719
200 iterations
f(b) = 139.244
Frob norm 2 after updating B : 11.5941
Iteration number -------- 64  -----------
lambda : 1.36918
max_diff => 0.312507
------------------------normalized = 0.436558 ----------------
performed mixing
Frob norm 1 after updating U: 11.5697
200 iterations
f(b) = 139.154
Frob norm 2 after updating B : 11.5914
Iteration number -------- 65  -----------
lambda : 1.37603
max_diff => 0.305478
------------------------normalized = 0.436458 ----------------
performed mixing
Frob norm 1 after updating U: 11.5677
200 iterations
f(b) = 139.074
Frob norm 2 after updating B : 11.5903
Iteration number -------- 66  -----------
lambda : 1.38291
max_diff => 0.297121
------------------------normalized = 0.436414 ----------------
performed mixing
Frob norm 1 after updating U: 11.5664
200 iterations
f(b) = 138.996
Frob norm 2 after updating B : 11.5865
Iteration number -------- 67  -----------
lambda : 1.38982
max_diff => 0.290057
------------------------normalized = 0.436273 ----------------
performed mixing
Frob norm 1 after updating U: 11.5633
200 iterations
f(b) = 138.914
Frob norm 2 after updating B : 11.5856
Iteration number -------- 68  -----------
lambda : 1.39677
max_diff => 0.28242
------------------------normalized = 0.436239 ----------------
performed mixing
Frob norm 1 after updating U: 11.5623
200 iterations
f(b) = 138.827
Frob norm 2 after updating B : 11.5831
Iteration number -------- 69  -----------
lambda : 1.40376
max_diff => 0.275558
------------------------normalized = 0.436144 ----------------
performed mixing
Frob norm 1 after updating U: 11.5603
200 iterations
f(b) = 138.751
Frob norm 2 after updating B : 11.5804
Iteration number -------- 70  -----------
lambda : 1.41078
max_diff => 0.268785
------------------------normalized = 0.436043 ----------------
performed mixing
Frob norm 1 after updating U: 11.558
200 iterations
f(b) = 138.679
Frob norm 2 after updating B : 11.5782
Iteration number -------- 71  -----------
lambda : 1.41783
max_diff => 0.262075
------------------------normalized = 0.43596 ----------------
performed mixing
Frob norm 1 after updating U: 11.5561
200 iterations
f(b) = 138.605
Frob norm 2 after updating B : 11.5765
Iteration number -------- 72  -----------
lambda : 1.42492
max_diff => 0.255403
------------------------normalized = 0.435894 ----------------
performed mixing
Frob norm 1 after updating U: 11.5546
200 iterations
f(b) = 138.532
Frob norm 2 after updating B : 11.5734
Iteration number -------- 73  -----------
lambda : 1.43204
max_diff => 0.249189
------------------------normalized = 0.435778 ----------------
performed mixing
Frob norm 1 after updating U: 11.552
200 iterations
f(b) = 138.456
Frob norm 2 after updating B : 11.571
Iteration number -------- 74  -----------
lambda : 1.4392
max_diff => 0.242827
------------------------normalized = 0.435689 ----------------
performed mixing
Frob norm 1 after updating U: 11.5499
200 iterations
f(b) = 138.389
Frob norm 2 after updating B : 11.5697
Iteration number -------- 75  -----------
lambda : 1.4464
max_diff => 0.236477
------------------------normalized = 0.43564 ----------------
performed mixing
Frob norm 1 after updating U: 11.5487
200 iterations
f(b) = 138.328
Frob norm 2 after updating B : 11.5654
Iteration number -------- 76  -----------
lambda : 1.45363
max_diff => 0.230894
------------------------normalized = 0.435479 ----------------
performed mixing
Frob norm 1 after updating U: 11.5459
200 iterations
f(b) = 138.273
Frob norm 2 after updating B : 11.5634
Iteration number -------- 77  -----------
lambda : 1.4609
max_diff => 0.225004
------------------------normalized = 0.435402 ----------------
performed mixing
Frob norm 1 after updating U: 11.5449
200 iterations
f(b) = 138.221
Frob norm 2 after updating B : 11.5611
Iteration number -------- 78  -----------
lambda : 1.46821
max_diff => 0.219509
------------------------normalized = 0.435315 ----------------
performed mixing
Frob norm 1 after updating U: 11.5439
200 iterations
f(b) = 138.185
Frob norm 2 after updating B : 11.5591
Iteration number -------- 79  -----------
lambda : 1.47555
max_diff => 0.213832
------------------------normalized = 0.435242 ----------------
performed mixing
Frob norm 1 after updating U: 11.5428
200 iterations
f(b) = 138.157
Frob norm 2 after updating B : 11.5563
Iteration number -------- 80  -----------
lambda : 1.48292
max_diff => 0.208776
------------------------normalized = 0.435135 ----------------
performed mixing
Frob norm 1 after updating U: 11.5409
200 iterations
f(b) = 138.131
Frob norm 2 after updating B : 11.5553
Iteration number -------- 81  -----------
lambda : 1.49034
max_diff => 0.203401
------------------------normalized = 0.435098 ----------------
performed mixing
Frob norm 1 after updating U: 11.5403
200 iterations
f(b) = 138.095
Frob norm 2 after updating B : 11.5549
Iteration number -------- 82  -----------
lambda : 1.49779
max_diff => 0.198066
------------------------normalized = 0.435081 ----------------
performed mixing
Frob norm 1 after updating U: 11.54
200 iterations
f(b) = 138.077
Frob norm 2 after updating B : 11.5519
Iteration number -------- 83  -----------
lambda : 1.50528
max_diff => 0.193298
------------------------normalized = 0.434969 ----------------
performed mixing
Frob norm 1 after updating U: 11.5376
200 iterations
f(b) = 138.058
Frob norm 2 after updating B : 11.551
Iteration number -------- 84  -----------
lambda : 1.51281
max_diff => 0.188414
------------------------normalized = 0.434934 ----------------
performed mixing
Frob norm 1 after updating U: 11.5369
200 iterations
f(b) = 138.044
Frob norm 2 after updating B : 11.5491
Iteration number -------- 85  -----------
lambda : 1.52037
max_diff => 0.18384
------------------------normalized = 0.434864 ----------------
performed mixing
Frob norm 1 after updating U: 11.5354
200 iterations
f(b) = 138.02
Frob norm 2 after updating B : 11.5492
Iteration number -------- 86  -----------
lambda : 1.52797
max_diff => 0.17875
------------------------normalized = 0.434869 ----------------
performed mixing
Frob norm 1 after updating U: 11.5354
200 iterations
f(b) = 138.015
Frob norm 2 after updating B : 11.5459
Iteration number -------- 87  -----------
lambda : 1.53561
max_diff => 0.17484
------------------------normalized = 0.434743 ----------------
performed mixing
Frob norm 1 after updating U: 11.5327
200 iterations
f(b) = 137.983
Frob norm 2 after updating B : 11.5461
Iteration number -------- 88  -----------
lambda : 1.54329
max_diff => 0.169935
------------------------normalized = 0.434751 ----------------
performed mixing
Frob norm 1 after updating U: 11.5327
200 iterations
f(b) = 138.002
Frob norm 2 after updating B : 11.543
Iteration number -------- 89  -----------
lambda : 1.55101
max_diff => 0.166545
------------------------normalized = 0.434633 ----------------
performed mixing
Frob norm 1 after updating U: 11.5303
200 iterations
f(b) = 137.971
Frob norm 2 after updating B : 11.5428
Iteration number -------- 90  -----------
lambda : 1.55876
max_diff => 0.1619
------------------------normalized = 0.434628 ----------------
performed mixing
Frob norm 1 after updating U: 11.53
200 iterations
f(b) = 137.962
Frob norm 2 after updating B : 11.5413
Iteration number -------- 91  -----------
lambda : 1.56655
max_diff => 0.157808
------------------------normalized = 0.434569 ----------------
performed mixing
Frob norm 1 after updating U: 11.5285
200 iterations
f(b) = 137.943
Frob norm 2 after updating B : 11.5409
Iteration number -------- 92  -----------
lambda : 1.57439
max_diff => 0.153617
------------------------normalized = 0.434556 ----------------
performed mixing
Frob norm 1 after updating U: 11.5281
200 iterations
f(b) = 137.943
Frob norm 2 after updating B : 11.5388
Iteration number -------- 93  -----------
lambda : 1.58226
max_diff => 0.149893
------------------------normalized = 0.434476 ----------------
performed mixing
Frob norm 1 after updating U: 11.5262
200 iterations
f(b) = 137.908
Frob norm 2 after updating B : 11.5394
Iteration number -------- 94  -----------
lambda : 1.59017
max_diff => 0.145545
------------------------normalized = 0.434499 ----------------
performed mixing
Frob norm 1 after updating U: 11.5265
200 iterations
f(b) = 137.915
Frob norm 2 after updating B : 11.5365
Iteration number -------- 95  -----------
lambda : 1.59812
max_diff => 0.14227
------------------------normalized = 0.43439 ----------------
performed mixing
Frob norm 1 after updating U: 11.5241
200 iterations
f(b) = 137.883
Frob norm 2 after updating B : 11.537
Iteration number -------- 96  -----------
lambda : 1.60611
max_diff => 0.138147
------------------------normalized = 0.434407 ----------------
performed mixing
Frob norm 1 after updating U: 11.5243
200 iterations
f(b) = 137.878
Frob norm 2 after updating B : 11.5349
Iteration number -------- 97  -----------
lambda : 1.61414
max_diff => 0.13492
------------------------normalized = 0.434328 ----------------
performed mixing
Frob norm 1 after updating U: 11.5226
200 iterations
f(b) = 137.87
Frob norm 2 after updating B : 11.5338
Iteration number -------- 98  -----------
lambda : 1.62221
max_diff => 0.131392
------------------------normalized = 0.434288 ----------------
performed mixing
Frob norm 1 after updating U: 11.5216
200 iterations
f(b) = 137.858
Frob norm 2 after updating B : 11.5333
Iteration number -------- 99  -----------
lambda : 1.63032
max_diff => 0.127612
------------------------normalized = 0.434268 ----------------
performed mixing
Frob norm 1 after updating U: 11.5209
200 iterations
f(b) = 137.837
Frob norm 2 after updating B : 11.5324
Iteration number -------- 100  -----------
lambda : 1.63848
max_diff => 0.124171
------------------------normalized = 0.434236 ----------------
performed mixing
Frob norm 1 after updating U: 11.52
200 iterations
f(b) = 137.845
Frob norm 2 after updating B : 11.5303
Iteration number -------- 101  -----------
lambda : 1.64667
max_diff => 0.121464
------------------------normalized = 0.434155 ----------------
performed mixing
Frob norm 1 after updating U: 11.5185
200 iterations
f(b) = 137.826
Frob norm 2 after updating B : 11.5299
Iteration number -------- 102  -----------
lambda : 1.6549
max_diff => 0.117879
------------------------normalized = 0.43414 ----------------
performed mixing
Frob norm 1 after updating U: 11.5178
200 iterations
f(b) = 137.832
Frob norm 2 after updating B : 11.5274
Iteration number -------- 103  -----------
lambda : 1.66318
max_diff => 0.115423
------------------------normalized = 0.434045 ----------------
performed mixing
Frob norm 1 after updating U: 11.5159
200 iterations
f(b) = 137.883
Frob norm 2 after updating B : 11.5258
Iteration number -------- 104  -----------
lambda : 1.67149
max_diff => 0.112304
------------------------normalized = 0.433987 ----------------
performed mixing
Frob norm 1 after updating U: 11.5143
200 iterations
f(b) = 137.795
Frob norm 2 after updating B : 11.5273
Iteration number -------- 105  -----------
lambda : 1.67985
max_diff => 0.108422
------------------------normalized = 0.434042 ----------------
performed mixing
Frob norm 1 after updating U: 11.5151
200 iterations
f(b) = 137.788
Frob norm 2 after updating B : 11.5254
Iteration number -------- 106  -----------
lambda : 1.68825
max_diff => 0.10591
------------------------normalized = 0.433973 ----------------
performed mixing
Frob norm 1 after updating U: 11.5137
200 iterations
f(b) = 137.782
Frob norm 2 after updating B : 11.5244
Iteration number -------- 107  -----------
lambda : 1.69669
max_diff => 0.103227
------------------------normalized = 0.433933 ----------------
performed mixing
Frob norm 1 after updating U: 11.5128
200 iterations
f(b) = 137.767
Frob norm 2 after updating B : 11.5236
Iteration number -------- 108  -----------
lambda : 1.70517
max_diff => 0.100444
------------------------normalized = 0.433902 ----------------
performed mixing
Frob norm 1 after updating U: 11.5121
200 iterations
f(b) = 137.788
Frob norm 2 after updating B : 11.5212
Iteration number -------- 109  -----------
lambda : 1.7137
max_diff => 0.0980924
------------------------normalized = 0.433814 ----------------
performed mixing
Frob norm 1 after updating U: 11.5101
200 iterations
f(b) = 137.779
Frob norm 2 after updating B : 11.5211
Iteration number -------- 110  -----------
lambda : 1.72227
max_diff => 0.0955848
------------------------normalized = 0.433808 ----------------
performed mixing
Frob norm 1 after updating U: 11.51
200 iterations
f(b) = 137.782
Frob norm 2 after updating B : 11.5195
Iteration number -------- 111  -----------
lambda : 1.73088
max_diff => 0.0931332
------------------------normalized = 0.433749 ----------------
performed mixing
Frob norm 1 after updating U: 11.5086
200 iterations
f(b) = 137.797
Frob norm 2 after updating B : 11.5183
Iteration number -------- 112  -----------
lambda : 1.73953
max_diff => 0.0907361
------------------------normalized = 0.433704 ----------------
performed mixing
Frob norm 1 after updating U: 11.5075
200 iterations
f(b) = 137.772
Frob norm 2 after updating B : 11.5179
Iteration number -------- 113  -----------
lambda : 1.74823
max_diff => 0.0882205
------------------------normalized = 0.433687 ----------------
performed mixing
Frob norm 1 after updating U: 11.5071
200 iterations
f(b) = 137.759
Frob norm 2 after updating B : 11.5174
Iteration number -------- 114  -----------
lambda : 1.75697
max_diff => 0.0857098
------------------------normalized = 0.433669 ----------------
performed mixing
Frob norm 1 after updating U: 11.5066
200 iterations
f(b) = 137.753
Frob norm 2 after updating B : 11.5162
Iteration number -------- 115  -----------
lambda : 1.76576
max_diff => 0.0833714
------------------------normalized = 0.433623 ----------------
performed mixing
Frob norm 1 after updating U: 11.5055
200 iterations
f(b) = 137.756
Frob norm 2 after updating B : 11.5154
Iteration number -------- 116  -----------
lambda : 1.77459
max_diff => 0.081107
------------------------normalized = 0.433596 ----------------
performed mixing
Frob norm 1 after updating U: 11.5049
200 iterations
f(b) = 137.756
Frob norm 2 after updating B : 11.5139
Iteration number -------- 117  -----------
lambda : 1.78346
max_diff => 0.0789193
------------------------normalized = 0.433537 ----------------
performed mixing
Frob norm 1 after updating U: 11.5035
200 iterations
f(b) = 137.722
Frob norm 2 after updating B : 11.514
Iteration number -------- 118  -----------
lambda : 1.79238
max_diff => 0.0764855
------------------------normalized = 0.433542 ----------------
performed mixing
Frob norm 1 after updating U: 11.5035
200 iterations
f(b) = 137.748
Frob norm 2 after updating B : 11.5117
Iteration number -------- 119  -----------
lambda : 1.80134
max_diff => 0.0746976
------------------------normalized = 0.433454 ----------------
performed mixing
Frob norm 1 after updating U: 11.5016
200 iterations
f(b) = 137.7
Frob norm 2 after updating B : 11.5127
Iteration number -------- 120  -----------
lambda : 1.81035
max_diff => 0.0720904
------------------------normalized = 0.433495 ----------------
performed mixing
Frob norm 1 after updating U: 11.5023
200 iterations
f(b) = 137.728
Frob norm 2 after updating B : 11.5104
Iteration number -------- 121  -----------
lambda : 1.8194
max_diff => 0.0703733
------------------------normalized = 0.433407 ----------------
performed mixing
Frob norm 1 after updating U: 11.5004
200 iterations
f(b) = 137.717
Frob norm 2 after updating B : 11.5104
Iteration number -------- 122  -----------
lambda : 1.82849
max_diff => 0.0686203
------------------------normalized = 0.433406 ----------------
performed mixing
Frob norm 1 after updating U: 11.5008
200 iterations
f(b) = 137.692
Frob norm 2 after updating B : 11.5104
Iteration number -------- 123  -----------
lambda : 1.83764
max_diff => 0.0661524
------------------------normalized = 0.433406 ----------------
performed mixing
Frob norm 1 after updating U: 11.5003
200 iterations
f(b) = 137.704
Frob norm 2 after updating B : 11.5084
Iteration number -------- 124  -----------
lambda : 1.84682
max_diff => 0.0643447
------------------------normalized = 0.43333 ----------------
performed mixing
Frob norm 1 after updating U: 11.4986
200 iterations
f(b) = 137.7
Frob norm 2 after updating B : 11.5085
Iteration number -------- 125  -----------
lambda : 1.85606
max_diff => 0.0625178
------------------------normalized = 0.433336 ----------------
performed mixing
Frob norm 1 after updating U: 11.4989
200 iterations
f(b) = 137.682
Frob norm 2 after updating B : 11.5078
Iteration number -------- 126  -----------
lambda : 1.86534
max_diff => 0.0624839
------------------------normalized = 0.43331 ----------------
performed mixing
Frob norm 1 after updating U: 11.4983
200 iterations
f(b) = 137.678
Frob norm 2 after updating B : 11.507
Iteration number -------- 127  -----------
lambda : 1.87467
max_diff => 0.0624862
------------------------normalized = 0.433279 ----------------
performed mixing
Frob norm 1 after updating U: 11.4975
200 iterations
f(b) = 137.702
Frob norm 2 after updating B : 11.5047
Iteration number -------- 128  -----------
lambda : 1.88404
max_diff => 0.0624722
------------------------normalized = 0.43319 ----------------
performed mixing
Frob norm 1 after updating U: 11.4956
200 iterations
f(b) = 137.664
Frob norm 2 after updating B : 11.506
Iteration number -------- 129  -----------
lambda : 1.89346
max_diff => 0.0624943
------------------------normalized = 0.433242 ----------------
performed mixing
Frob norm 1 after updating U: 11.4967
200 iterations
f(b) = 137.676
Frob norm 2 after updating B : 11.5045
Iteration number -------- 130  -----------
lambda : 1.90293
max_diff => 0.0624869
------------------------normalized = 0.433184 ----------------
performed mixing
Frob norm 1 after updating U: 11.4956
200 iterations
f(b) = 137.675
Frob norm 2 after updating B : 11.5043
Iteration number -------- 131  -----------
lambda : 1.91244
max_diff => 0.0624889
------------------------normalized = 0.433176 ----------------
performed mixing
Frob norm 1 after updating U: 11.4955
200 iterations
f(b) = 137.692
Frob norm 2 after updating B : 11.5026
Iteration number -------- 132  -----------
lambda : 1.922
max_diff => 0.0624839
------------------------normalized = 0.433114 ----------------
performed mixing
Frob norm 1 after updating U: 11.4941
200 iterations
f(b) = 137.699
Frob norm 2 after updating B : 11.5026
Iteration number -------- 133  -----------
lambda : 1.93161
max_diff => 0.0624828
------------------------normalized = 0.433114 ----------------
performed mixing
Frob norm 1 after updating U: 11.4943
200 iterations
f(b) = 137.684
Frob norm 2 after updating B : 11.5026
Iteration number -------- 134  -----------
lambda : 1.94127
max_diff => 0.0624856
------------------------normalized = 0.433112 ----------------
performed mixing
Frob norm 1 after updating U: 11.4941
200 iterations
f(b) = 137.694
Frob norm 2 after updating B : 11.5018
Iteration number -------- 135  -----------
lambda : 1.95098
max_diff => 0.0624877
------------------------normalized = 0.433082 ----------------
performed mixing
Frob norm 1 after updating U: 11.4934
200 iterations
f(b) = 137.675
Frob norm 2 after updating B : 11.5018
Iteration number -------- 136  -----------
lambda : 1.96073
max_diff => 0.0624947
------------------------normalized = 0.433082 ----------------
performed mixing
Frob norm 1 after updating U: 11.4935
200 iterations
f(b) = 137.713
Frob norm 2 after updating B : 11.5007
Iteration number -------- 137  -----------
lambda : 1.97054
max_diff => 0.0624904
------------------------normalized = 0.433041 ----------------
performed mixing
Frob norm 1 after updating U: 11.4927
200 iterations
f(b) = 137.677
Frob norm 2 after updating B : 11.5008
Iteration number -------- 138  -----------
lambda : 1.98039
max_diff => 0.062497
------------------------normalized = 0.433044 ----------------
performed mixing
Frob norm 1 after updating U: 11.4926
200 iterations
f(b) = 137.693
Frob norm 2 after updating B : 11.4998
Iteration number -------- 139  -----------
lambda : 1.99029
max_diff => 0.0624971
------------------------normalized = 0.433006 ----------------
performed mixing
Frob norm 1 after updating U: 11.4919
200 iterations
f(b) = 137.742
Frob norm 2 after updating B : 11.4976
Iteration number -------- 140  -----------
lambda : 2.00024
max_diff => 0.0624917
------------------------normalized = 0.432923 ----------------
performed mixing
Frob norm 1 after updating U: 11.4899
200 iterations
f(b) = 137.701
Frob norm 2 after updating B : 11.4988
Iteration number -------- 141  -----------
lambda : 2.01024
max_diff => 0.0624969
------------------------normalized = 0.43297 ----------------
performed mixing
Frob norm 1 after updating U: 11.4911
200 iterations
f(b) = 137.709
Frob norm 2 after updating B : 11.4978
Iteration number -------- 142  -----------
lambda : 2.02029
max_diff => 0.0624977
------------------------normalized = 0.432933 ----------------
performed mixing
Frob norm 1 after updating U: 11.4901
200 iterations
f(b) = 137.738
Frob norm 2 after updating B : 11.4969
Iteration number -------- 143  -----------
lambda : 2.0304
max_diff => 0.0624962
------------------------normalized = 0.432897 ----------------
performed mixing
Frob norm 1 after updating U: 11.4893
200 iterations
f(b) = 137.737
Frob norm 2 after updating B : 11.4959
Iteration number -------- 144  -----------
lambda : 2.04055
max_diff => 0.0624969
------------------------normalized = 0.432862 ----------------
performed mixing
Frob norm 1 after updating U: 11.4884
200 iterations
f(b) = 137.756
Frob norm 2 after updating B : 11.4958
Iteration number -------- 145  -----------
lambda : 2.05075
max_diff => 0.0624964
------------------------normalized = 0.432858 ----------------
performed mixing
Frob norm 1 after updating U: 11.4884
200 iterations
f(b) = 137.727
Frob norm 2 after updating B : 11.4959
Iteration number -------- 146  -----------
lambda : 2.061
max_diff => 0.0624979
------------------------normalized = 0.43286 ----------------
performed mixing
Frob norm 1 after updating U: 11.4883
200 iterations
f(b) = 137.715
Frob norm 2 after updating B : 11.4959
Iteration number -------- 147  -----------
lambda : 2.07131
max_diff => 0.0625
------------------------normalized = 0.432859 ----------------
performed mixing
Frob norm 1 after updating U: 11.4883
200 iterations
f(b) = 137.719
Frob norm 2 after updating B : 11.495
Iteration number -------- 148  -----------
lambda : 2.08167
max_diff => 0.0624997
------------------------normalized = 0.432827 ----------------
performed mixing
Frob norm 1 after updating U: 11.4877
200 iterations
f(b) = 137.725
Frob norm 2 after updating B : 11.4947
Iteration number -------- 149  -----------
lambda : 2.09207
max_diff => 0.0624993
------------------------normalized = 0.432817 ----------------
performed mixing
Frob norm 1 after updating U: 11.4874
200 iterations
f(b) = 137.762
Frob norm 2 after updating B : 11.4933
Iteration number -------- 150  -----------
lambda : 2.10253
max_diff => 0.0625
------------------------normalized = 0.432761 ----------------
performed mixing
Frob norm 1 after updating U: 11.4859
200 iterations
f(b) = 137.766
Frob norm 2 after updating B : 11.493
Iteration number -------- 151  -----------
lambda : 2.11305
max_diff => 0.0625
------------------------normalized = 0.432753 ----------------
performed mixing
Frob norm 1 after updating U: 11.4858
200 iterations
f(b) = 137.778
Frob norm 2 after updating B : 11.4927
Iteration number -------- 152  -----------
lambda : 2.12361
max_diff => 0.0625
------------------------normalized = 0.432741 ----------------
performed mixing
Frob norm 1 after updating U: 11.4855
200 iterations
f(b) = 137.762
Frob norm 2 after updating B : 11.4917
Iteration number -------- 153  -----------
lambda : 2.13423
max_diff => 0.0624998
------------------------normalized = 0.432703 ----------------
performed mixing
Frob norm 1 after updating U: 11.4845
200 iterations
f(b) = 137.741
Frob norm 2 after updating B : 11.492
Iteration number -------- 154  -----------
lambda : 2.1449
max_diff => 0.0624968
------------------------normalized = 0.432713 ----------------
performed mixing
Frob norm 1 after updating U: 11.4848
200 iterations
f(b) = 137.746
Frob norm 2 after updating B : 11.4914
Iteration number -------- 155  -----------
lambda : 2.15563
max_diff => 0.0624941
------------------------normalized = 0.43269 ----------------
performed mixing
Frob norm 1 after updating U: 11.4842
200 iterations
f(b) = 137.78
Frob norm 2 after updating B : 11.4903
Iteration number -------- 156  -----------
lambda : 2.1664
max_diff => 0.0624957
------------------------normalized = 0.432651 ----------------
performed mixing
Frob norm 1 after updating U: 11.4832
200 iterations
f(b) = 137.782
Frob norm 2 after updating B : 11.49
Iteration number -------- 157  -----------
lambda : 2.17724
max_diff => 0.0624954
------------------------normalized = 0.432637 ----------------
performed mixing
Frob norm 1 after updating U: 11.4829
200 iterations
f(b) = 137.766
Frob norm 2 after updating B : 11.4895
Iteration number -------- 158  -----------
lambda : 2.18812
max_diff => 0.0624914
------------------------normalized = 0.432619 ----------------
performed mixing
Frob norm 1 after updating U: 11.4824
200 iterations
f(b) = 137.768
Frob norm 2 after updating B : 11.4891
Iteration number -------- 159  -----------
lambda : 2.19906
max_diff => 0.0624872
------------------------normalized = 0.432605 ----------------
performed mixing
Frob norm 1 after updating U: 11.482
200 iterations
f(b) = 137.793
Frob norm 2 after updating B : 11.4883
Iteration number -------- 160  -----------
lambda : 2.21006
max_diff => 0.0624898
------------------------normalized = 0.432574 ----------------
performed mixing
Frob norm 1 after updating U: 11.4812
200 iterations
f(b) = 137.762
Frob norm 2 after updating B : 11.4884
Iteration number -------- 161  -----------
lambda : 2.22111
max_diff => 0.0624799
------------------------normalized = 0.432579 ----------------
performed mixing
Frob norm 1 after updating U: 11.4816
200 iterations
f(b) = 137.769
Frob norm 2 after updating B : 11.488
Iteration number -------- 162  -----------
lambda : 2.23221
max_diff => 0.0624755
------------------------normalized = 0.432562 ----------------
performed mixing
Frob norm 1 after updating U: 11.4811
200 iterations
f(b) = 137.794
Frob norm 2 after updating B : 11.4873
Iteration number -------- 163  -----------
lambda : 2.24338
max_diff => 0.0624766
------------------------normalized = 0.432535 ----------------
performed mixing
Frob norm 1 after updating U: 11.4805
200 iterations
f(b) = 137.801
Frob norm 2 after updating B : 11.4858
Iteration number -------- 164  -----------
lambda : 2.25459
max_diff => 0.0624765
------------------------normalized = 0.432481 ----------------
performed mixing
Frob norm 1 after updating U: 11.479
200 iterations
f(b) = 137.778
Frob norm 2 after updating B : 11.4868
Iteration number -------- 165  -----------
lambda : 2.26587
max_diff => 0.0624699
------------------------normalized = 0.432518 ----------------
performed mixing
Frob norm 1 after updating U: 11.48
200 iterations
f(b) = 137.799
Frob norm 2 after updating B : 11.4852
Iteration number -------- 166  -----------
lambda : 2.27719
max_diff => 0.0624671
------------------------normalized = 0.432457 ----------------
performed mixing
Frob norm 1 after updating U: 11.4784
200 iterations
f(b) = 137.792
Frob norm 2 after updating B : 11.4857
Iteration number -------- 167  -----------
lambda : 2.28858
max_diff => 0.0624604
------------------------normalized = 0.432477 ----------------
performed mixing
Frob norm 1 after updating U: 11.479
200 iterations
f(b) = 137.815
Frob norm 2 after updating B : 11.4855
Iteration number -------- 168  -----------
lambda : 2.30002
max_diff => 0.0624594
------------------------normalized = 0.432468 ----------------
performed mixing
Frob norm 1 after updating U: 11.4789
200 iterations
f(b) = 137.818
Frob norm 2 after updating B : 11.4845
Iteration number -------- 169  -----------
lambda : 2.31152
max_diff => 0.0624567
------------------------normalized = 0.43243 ----------------
performed mixing
Frob norm 1 after updating U: 11.4779
200 iterations
f(b) = 137.814
Frob norm 2 after updating B : 11.4837
Iteration number -------- 170  -----------
lambda : 2.32308
max_diff => 0.0624544
------------------------normalized = 0.4324 ----------------
performed mixing
Frob norm 1 after updating U: 11.4771
200 iterations
f(b) = 137.834
Frob norm 2 after updating B : 11.484
Iteration number -------- 171  -----------
lambda : 2.3347
max_diff => 0.0624507
------------------------normalized = 0.432413 ----------------
performed mixing
Frob norm 1 after updating U: 11.4775
200 iterations
f(b) = 137.836
Frob norm 2 after updating B : 11.4833
Iteration number -------- 172  -----------
lambda : 2.34637
max_diff => 0.0624455
------------------------normalized = 0.432386 ----------------
performed mixing
Frob norm 1 after updating U: 11.4769
200 iterations
f(b) = 137.842
Frob norm 2 after updating B : 11.4836
Iteration number -------- 173  -----------
lambda : 2.3581
max_diff => 0.0624412
------------------------normalized = 0.432398 ----------------
performed mixing
Frob norm 1 after updating U: 11.4772
200 iterations
f(b) = 137.843
Frob norm 2 after updating B : 11.4832
Iteration number -------- 174  -----------
lambda : 2.36989
max_diff => 0.0624356
------------------------normalized = 0.432382 ----------------
performed mixing
Frob norm 1 after updating U: 11.4767
200 iterations
f(b) = 137.832
Frob norm 2 after updating B : 11.4827
Iteration number -------- 175  -----------
lambda : 2.38174
max_diff => 0.0624363
------------------------normalized = 0.432365 ----------------
performed mixing
Frob norm 1 after updating U: 11.4763
200 iterations
f(b) = 137.842
Frob norm 2 after updating B : 11.4828
Iteration number -------- 176  -----------
lambda : 2.39365
max_diff => 0.0624264
------------------------normalized = 0.432367 ----------------
performed mixing
Frob norm 1 after updating U: 11.4765
200 iterations
f(b) = 137.849
Frob norm 2 after updating B : 11.4823
Iteration number -------- 177  -----------
lambda : 2.40562
max_diff => 0.0624174
------------------------normalized = 0.432347 ----------------
performed mixing
Frob norm 1 after updating U: 11.4759
200 iterations
f(b) = 137.854
Frob norm 2 after updating B : 11.4822
Iteration number -------- 178  -----------
lambda : 2.41765
max_diff => 0.0624103
------------------------normalized = 0.432346 ----------------
performed mixing
Frob norm 1 after updating U: 11.476
200 iterations
f(b) = 137.866
Frob norm 2 after updating B : 11.4819
Iteration number -------- 179  -----------
lambda : 2.42974
max_diff => 0.0624042
------------------------normalized = 0.432334 ----------------
performed mixing
Frob norm 1 after updating U: 11.4758
200 iterations
f(b) = 137.854
Frob norm 2 after updating B : 11.4813
Iteration number -------- 180  -----------
lambda : 2.44188
max_diff => 0.062395
------------------------normalized = 0.432311 ----------------
performed mixing
Frob norm 1 after updating U: 11.4752
200 iterations
f(b) = 137.857
Frob norm 2 after updating B : 11.4816
Iteration number -------- 181  -----------
lambda : 2.45409
max_diff => 0.0623865
------------------------normalized = 0.432322 ----------------
performed mixing
Frob norm 1 after updating U: 11.4754
200 iterations
f(b) = 137.844
Frob norm 2 after updating B : 11.4815
Iteration number -------- 182  -----------
lambda : 2.46636
max_diff => 0.0623773
------------------------normalized = 0.432319 ----------------
performed mixing
Frob norm 1 after updating U: 11.4752
200 iterations
f(b) = 137.853
Frob norm 2 after updating B : 11.4811
Iteration number -------- 183  -----------
lambda : 2.4787
max_diff => 0.0623695
------------------------normalized = 0.432303 ----------------
performed mixing
Frob norm 1 after updating U: 11.4748
200 iterations
f(b) = 137.851
Frob norm 2 after updating B : 11.4811
Iteration number -------- 184  -----------
lambda : 2.49109
max_diff => 0.0623584
------------------------normalized = 0.432302 ----------------
performed mixing
Frob norm 1 after updating U: 11.4748
200 iterations
f(b) = 137.852
Frob norm 2 after updating B : 11.481
Iteration number -------- 185  -----------
lambda : 2.50354
max_diff => 0.0623418
------------------------normalized = 0.432299 ----------------
performed mixing
Frob norm 1 after updating U: 11.4748
200 iterations
f(b) = 137.871
Frob norm 2 after updating B : 11.4808
Iteration number -------- 186  -----------
lambda : 2.51606
max_diff => 0.0623381
------------------------normalized = 0.432291 ----------------
performed mixing
Frob norm 1 after updating U: 11.4746
200 iterations
f(b) = 137.862
Frob norm 2 after updating B : 11.4807
Iteration number -------- 187  -----------
lambda : 2.52864
max_diff => 0.0623249
------------------------normalized = 0.43229 ----------------
performed mixing
Frob norm 1 after updating U: 11.4747
200 iterations
f(b) = 137.842
Frob norm 2 after updating B : 11.4806
Iteration number -------- 188  -----------
lambda : 2.54129
max_diff => 0.0623095
------------------------normalized = 0.432285 ----------------
performed mixing
Frob norm 1 after updating U: 11.4742
200 iterations
f(b) = 137.854
Frob norm 2 after updating B : 11.4805
Iteration number -------- 189  -----------
lambda : 2.55399
max_diff => 0.062294
------------------------normalized = 0.432281 ----------------
performed mixing
Frob norm 1 after updating U: 11.4744
200 iterations
f(b) = 137.862
Frob norm 2 after updating B : 11.4802
Iteration number -------- 190  -----------
lambda : 2.56676
max_diff => 0.0622809
------------------------normalized = 0.432268 ----------------
performed mixing
Frob norm 1 after updating U: 11.4744
200 iterations
f(b) = 137.884
Frob norm 2 after updating B : 11.4798
Iteration number -------- 191  -----------
lambda : 2.5796
max_diff => 0.0622663
------------------------normalized = 0.432256 ----------------
performed mixing
Frob norm 1 after updating U: 11.4741
200 iterations
f(b) = 137.862
Frob norm 2 after updating B : 11.4803
Iteration number -------- 192  -----------
lambda : 2.59249
max_diff => 0.0622541
------------------------normalized = 0.432272 ----------------
performed mixing
Frob norm 1 after updating U: 11.4743
200 iterations
f(b) = 137.873
Frob norm 2 after updating B : 11.4799
Iteration number -------- 193  -----------
lambda : 2.60546
max_diff => 0.0622385
------------------------normalized = 0.432257 ----------------
performed mixing
Frob norm 1 after updating U: 11.4743
200 iterations
f(b) = 137.865
Frob norm 2 after updating B : 11.4795
Iteration number -------- 194  -----------
lambda : 2.61848
max_diff => 0.0622335
------------------------normalized = 0.432243 ----------------
performed mixing
Frob norm 1 after updating U: 11.4737
200 iterations
f(b) = 137.912
Frob norm 2 after updating B : 11.479
Iteration number -------- 195  -----------
lambda : 2.63158
max_diff => 0.0622206
------------------------normalized = 0.432224 ----------------
performed mixing
Frob norm 1 after updating U: 11.4737
200 iterations
f(b) = 137.893
Frob norm 2 after updating B : 11.4793
Iteration number -------- 196  -----------
lambda : 2.64473
max_diff => 0.0622036
------------------------normalized = 0.432237 ----------------
performed mixing
Frob norm 1 after updating U: 11.474
200 iterations
f(b) = 137.888
Frob norm 2 after updating B : 11.4789
Iteration number -------- 197  -----------
lambda : 2.65796
max_diff => 0.0621842
------------------------normalized = 0.432221 ----------------
performed mixing
Frob norm 1 after updating U: 11.4739
200 iterations
f(b) = 137.919
Frob norm 2 after updating B : 11.4788
Iteration number -------- 198  -----------
lambda : 2.67125
max_diff => 0.0621679
------------------------normalized = 0.432216 ----------------
performed mixing
Frob norm 1 after updating U: 11.4738
200 iterations
f(b) = 137.894
Frob norm 2 after updating B : 11.4791
Iteration number -------- 199  -----------
lambda : 2.6846
max_diff => 0.0621495
------------------------normalized = 0.432227 ----------------
performed mixing
Frob norm 1 after updating U: 11.4741
200 iterations
f(b) = 137.904
Frob norm 2 after updating B : 11.4787
Iteration number -------- 200  -----------
lambda : 2.69803
max_diff => 0.0621251
------------------------normalized = 0.432212 ----------------
