performing filtering
Academic license - for non-commercial use only
Frob norm 1 after updating U: 26.3859
200 iterations
f(b) = 464.172
Frob norm 2 after updating B : 21.2584
Iteration number -------- 1  -----------
lambda : 1
max_diff => 0.176238
------------------------normalized = 0.800452 ----------------
performed mixing
Frob norm 1 after updating U: 19.3655
200 iterations
f(b) = 424.552
Frob norm 2 after updating B : 20.3615
Iteration number -------- 2  -----------
lambda : 1.005
max_diff => 0.168472
------------------------normalized = 0.766679 ----------------
performed mixing
Frob norm 1 after updating U: 16.9556
200 iterations
f(b) = 363.086
Frob norm 2 after updating B : 18.9586
Iteration number -------- 3  -----------
lambda : 1.01002
max_diff => 0.0800711
------------------------normalized = 0.713855 ----------------
performed mixing
Frob norm 1 after updating U: 14.4895
200 iterations
f(b) = 300.082
Frob norm 2 after updating B : 17.3458
Iteration number -------- 4  -----------
lambda : 1.01508
max_diff => 0.228582
------------------------normalized = 0.653131 ----------------
performed mixing
Frob norm 1 after updating U: 13.5644
200 iterations
f(b) = 256.353
Frob norm 2 after updating B : 16.0634
Iteration number -------- 5  -----------
lambda : 1.02015
max_diff => 0.517628
------------------------normalized = 0.604841 ----------------
performed mixing
Frob norm 1 after updating U: 13.1797
200 iterations
f(b) = 227.267
Frob norm 2 after updating B : 15.0908
Iteration number -------- 6  -----------
lambda : 1.02525
max_diff => 0.805017
------------------------normalized = 0.568219 ----------------
performed mixing
Frob norm 1 after updating U: 13.0375
200 iterations
f(b) = 208.447
Frob norm 2 after updating B : 14.3903
Iteration number -------- 7  -----------
lambda : 1.03038
max_diff => 0.965231
------------------------normalized = 0.541846 ----------------
performed mixing
Frob norm 1 after updating U: 12.9841
200 iterations
f(b) = 196.372
Frob norm 2 after updating B : 13.9048
Iteration number -------- 8  -----------
lambda : 1.03553
max_diff => 1.04755
------------------------normalized = 0.523563 ----------------
performed mixing
Frob norm 1 after updating U: 12.9461
200 iterations
f(b) = 188.557
Frob norm 2 after updating B : 13.5686
Iteration number -------- 9  -----------
lambda : 1.04071
max_diff => 1.06347
------------------------normalized = 0.510906 ----------------
performed mixing
Frob norm 1 after updating U: 12.9063
200 iterations
f(b) = 183.348
Frob norm 2 after updating B : 13.3338
Iteration number -------- 10  -----------
lambda : 1.04591
max_diff => 1.03179
------------------------normalized = 0.502062 ----------------
performed mixing
Frob norm 1 after updating U: 12.8652
200 iterations
f(b) = 179.785
Frob norm 2 after updating B : 13.1665
Iteration number -------- 11  -----------
lambda : 1.05114
max_diff => 0.97191
------------------------normalized = 0.495762 ----------------
performed mixing
Frob norm 1 after updating U: 12.8208
200 iterations
f(b) = 177.201
Frob norm 2 after updating B : 13.0425
Iteration number -------- 12  -----------
lambda : 1.0564
max_diff => 0.894348
------------------------normalized = 0.491095 ----------------
performed mixing
Frob norm 1 after updating U: 12.7738
200 iterations
f(b) = 175.213
Frob norm 2 after updating B : 12.9464
Iteration number -------- 13  -----------
lambda : 1.06168
max_diff => 0.805941
------------------------normalized = 0.487475 ----------------
performed mixing
Frob norm 1 after updating U: 12.7248
200 iterations
f(b) = 173.59
Frob norm 2 after updating B : 12.8664
Iteration number -------- 14  -----------
lambda : 1.06699
max_diff => 0.726989
------------------------normalized = 0.484466 ----------------
performed mixing
Frob norm 1 after updating U: 12.6779
200 iterations
f(b) = 172.172
Frob norm 2 after updating B : 12.798
Iteration number -------- 15  -----------
lambda : 1.07232
max_diff => 0.653745
------------------------normalized = 0.481888 ----------------
performed mixing
Frob norm 1 after updating U: 12.6319
200 iterations
f(b) = 170.87
Frob norm 2 after updating B : 12.7371
Iteration number -------- 16  -----------
lambda : 1.07768
max_diff => 0.583631
------------------------normalized = 0.479597 ----------------
performed mixing
Frob norm 1 after updating U: 12.5893
200 iterations
f(b) = 169.67
Frob norm 2 after updating B : 12.6794
Iteration number -------- 17  -----------
lambda : 1.08307
max_diff => 0.516799
------------------------normalized = 0.477422 ----------------
performed mixing
Frob norm 1 after updating U: 12.5456
200 iterations
f(b) = 168.533
Frob norm 2 after updating B : 12.6241
Iteration number -------- 18  -----------
lambda : 1.08849
max_diff => 0.468555
------------------------normalized = 0.47534 ----------------
performed mixing
Frob norm 1 after updating U: 12.5077
200 iterations
f(b) = 167.444
Frob norm 2 after updating B : 12.5755
Iteration number -------- 19  -----------
lambda : 1.09393
max_diff => 0.423696
------------------------normalized = 0.473509 ----------------
performed mixing
Frob norm 1 after updating U: 12.4676
200 iterations
f(b) = 166.374
Frob norm 2 after updating B : 12.5294
Iteration number -------- 20  -----------
lambda : 1.0994
max_diff => 0.383913
------------------------normalized = 0.471777 ----------------
performed mixing
Frob norm 1 after updating U: 12.43
200 iterations
f(b) = 165.365
Frob norm 2 after updating B : 12.4877
Iteration number -------- 21  -----------
lambda : 1.1049
max_diff => 0.348688
------------------------normalized = 0.470205 ----------------
performed mixing
Frob norm 1 after updating U: 12.3985
200 iterations
f(b) = 164.495
Frob norm 2 after updating B : 12.4564
Iteration number -------- 22  -----------
lambda : 1.11042
max_diff => 0.305893
------------------------normalized = 0.469027 ----------------
performed mixing
Frob norm 1 after updating U: 12.3688
200 iterations
f(b) = 163.735
Frob norm 2 after updating B : 12.4274
Iteration number -------- 23  -----------
lambda : 1.11597
max_diff => 0.278507
------------------------normalized = 0.467936 ----------------
performed mixing
Frob norm 1 after updating U: 12.3507
200 iterations
f(b) = 163.082
Frob norm 2 after updating B : 12.4016
Iteration number -------- 24  -----------
lambda : 1.12155
max_diff => 0.278407
------------------------normalized = 0.466962 ----------------
performed mixing
Frob norm 1 after updating U: 12.3365
200 iterations
f(b) = 162.516
Frob norm 2 after updating B : 12.3791
Iteration number -------- 25  -----------
lambda : 1.12716
max_diff => 0.277483
------------------------normalized = 0.466117 ----------------
performed mixing
Frob norm 1 after updating U: 12.3237
200 iterations
f(b) = 162.026
Frob norm 2 after updating B : 12.3604
Iteration number -------- 26  -----------
lambda : 1.1328
max_diff => 0.2757
------------------------normalized = 0.465413 ----------------
performed mixing
Frob norm 1 after updating U: 12.3112
200 iterations
f(b) = 161.581
Frob norm 2 after updating B : 12.3436
Iteration number -------- 27  -----------
lambda : 1.13846
max_diff => 0.277489
------------------------normalized = 0.464778 ----------------
performed mixing
Frob norm 1 after updating U: 12.3016
200 iterations
f(b) = 161.186
Frob norm 2 after updating B : 12.3288
Iteration number -------- 28  -----------
lambda : 1.14415
max_diff => 0.27943
------------------------normalized = 0.464221 ----------------
performed mixing
Frob norm 1 after updating U: 12.2911
200 iterations
f(b) = 160.836
Frob norm 2 after updating B : 12.3145
Iteration number -------- 29  -----------
lambda : 1.14987
max_diff => 0.281357
------------------------normalized = 0.463685 ----------------
performed mixing
Frob norm 1 after updating U: 12.2821
200 iterations
f(b) = 160.519
Frob norm 2 after updating B : 12.3017
Iteration number -------- 30  -----------
lambda : 1.15562
max_diff => 0.28361
------------------------normalized = 0.463203 ----------------
performed mixing
Frob norm 1 after updating U: 12.274
200 iterations
f(b) = 160.247
Frob norm 2 after updating B : 12.2899
Iteration number -------- 31  -----------
lambda : 1.1614
max_diff => 0.285591
------------------------normalized = 0.462759 ----------------
performed mixing
Frob norm 1 after updating U: 12.2685
200 iterations
f(b) = 160.021
Frob norm 2 after updating B : 12.2806
Iteration number -------- 32  -----------
lambda : 1.16721
max_diff => 0.288125
------------------------normalized = 0.462408 ----------------
performed mixing
Frob norm 1 after updating U: 12.2621
200 iterations
f(b) = 159.83
Frob norm 2 after updating B : 12.2725
Iteration number -------- 33  -----------
lambda : 1.17304
max_diff => 0.290368
------------------------normalized = 0.462104 ----------------
performed mixing
Frob norm 1 after updating U: 12.2571
200 iterations
f(b) = 159.662
Frob norm 2 after updating B : 12.2658
Iteration number -------- 34  -----------
lambda : 1.17891
max_diff => 0.292326
------------------------normalized = 0.461849 ----------------
performed mixing
Frob norm 1 after updating U: 12.2528
200 iterations
f(b) = 159.524
Frob norm 2 after updating B : 12.2597
Iteration number -------- 35  -----------
lambda : 1.1848
max_diff => 0.293863
------------------------normalized = 0.461621 ----------------
performed mixing
Frob norm 1 after updating U: 12.2493
200 iterations
f(b) = 159.375
Frob norm 2 after updating B : 12.2553
Iteration number -------- 36  -----------
lambda : 1.19073
max_diff => 0.296908
------------------------normalized = 0.461454 ----------------
performed mixing
Frob norm 1 after updating U: 12.2426
200 iterations
f(b) = 159.252
Frob norm 2 after updating B : 12.2512
Iteration number -------- 37  -----------
lambda : 1.19668
max_diff => 0.298656
------------------------normalized = 0.461299 ----------------
performed mixing
Frob norm 1 after updating U: 12.2396
200 iterations
f(b) = 159.15
Frob norm 2 after updating B : 12.2468
Iteration number -------- 38  -----------
lambda : 1.20266
max_diff => 0.298974
------------------------normalized = 0.461135 ----------------
performed mixing
Frob norm 1 after updating U: 12.2382
200 iterations
f(b) = 159.031
Frob norm 2 after updating B : 12.2435
Iteration number -------- 39  -----------
lambda : 1.20868
max_diff => 0.300262
------------------------normalized = 0.46101 ----------------
performed mixing
Frob norm 1 after updating U: 12.2333
200 iterations
f(b) = 158.932
Frob norm 2 after updating B : 12.2406
Iteration number -------- 40  -----------
lambda : 1.21472
max_diff => 0.300567
------------------------normalized = 0.4609 ----------------
performed mixing
Frob norm 1 after updating U: 12.231
200 iterations
f(b) = 158.819
Frob norm 2 after updating B : 12.2381
Iteration number -------- 41  -----------
lambda : 1.22079
max_diff => 0.300902
------------------------normalized = 0.460806 ----------------
performed mixing
Frob norm 1 after updating U: 12.227
200 iterations
f(b) = 158.709
Frob norm 2 after updating B : 12.2356
Iteration number -------- 42  -----------
lambda : 1.2269
max_diff => 0.300376
------------------------normalized = 0.460711 ----------------
performed mixing
Frob norm 1 after updating U: 12.2247
200 iterations
f(b) = 158.603
Frob norm 2 after updating B : 12.2333
Iteration number -------- 43  -----------
lambda : 1.23303
max_diff => 0.299321
------------------------normalized = 0.460628 ----------------
performed mixing
Frob norm 1 after updating U: 12.2222
200 iterations
f(b) = 158.487
Frob norm 2 after updating B : 12.2317
Iteration number -------- 44  -----------
lambda : 1.2392
max_diff => 0.297765
------------------------normalized = 0.460564 ----------------
performed mixing
Frob norm 1 after updating U: 12.2194
200 iterations
f(b) = 158.378
Frob norm 2 after updating B : 12.2295
Iteration number -------- 45  -----------
lambda : 1.24539
max_diff => 0.295894
------------------------normalized = 0.460484 ----------------
performed mixing
Frob norm 1 after updating U: 12.2177
200 iterations
f(b) = 158.258
Frob norm 2 after updating B : 12.2275
Iteration number -------- 46  -----------
lambda : 1.25162
max_diff => 0.293673
------------------------normalized = 0.460409 ----------------
performed mixing
Frob norm 1 after updating U: 12.2145
200 iterations
f(b) = 158.133
Frob norm 2 after updating B : 12.226
Iteration number -------- 47  -----------
lambda : 1.25788
max_diff => 0.290937
------------------------normalized = 0.460353 ----------------
performed mixing
Frob norm 1 after updating U: 12.2122
200 iterations
f(b) = 157.994
Frob norm 2 after updating B : 12.2242
Iteration number -------- 48  -----------
lambda : 1.26417
max_diff => 0.288011
------------------------normalized = 0.460285 ----------------
performed mixing
Frob norm 1 after updating U: 12.2095
200 iterations
f(b) = 157.852
Frob norm 2 after updating B : 12.2226
Iteration number -------- 49  -----------
lambda : 1.27049
max_diff => 0.284615
------------------------normalized = 0.460224 ----------------
performed mixing
Frob norm 1 after updating U: 12.2067
200 iterations
f(b) = 157.7
Frob norm 2 after updating B : 12.2208
Iteration number -------- 50  -----------
lambda : 1.27684
max_diff => 0.280941
------------------------normalized = 0.460157 ----------------
performed mixing
Frob norm 1 after updating U: 12.2038
200 iterations
f(b) = 157.534
Frob norm 2 after updating B : 12.2191
Iteration number -------- 51  -----------
lambda : 1.28323
max_diff => 0.277093
------------------------normalized = 0.460093 ----------------
performed mixing
Frob norm 1 after updating U: 12.2009
200 iterations
f(b) = 157.363
Frob norm 2 after updating B : 12.2176
Iteration number -------- 52  -----------
lambda : 1.28964
max_diff => 0.269351
------------------------normalized = 0.460036 ----------------
performed mixing
Frob norm 1 after updating U: 12.1981
200 iterations
f(b) = 157.183
Frob norm 2 after updating B : 12.216
Iteration number -------- 53  -----------
lambda : 1.29609
max_diff => 0.258906
------------------------normalized = 0.459974 ----------------
performed mixing
Frob norm 1 after updating U: 12.1949
200 iterations
f(b) = 156.978
Frob norm 2 after updating B : 12.2145
Iteration number -------- 54  -----------
lambda : 1.30257
max_diff => 0.248162
------------------------normalized = 0.459916 ----------------
performed mixing
Frob norm 1 after updating U: 12.1912
200 iterations
f(b) = 156.762
Frob norm 2 after updating B : 12.2128
Iteration number -------- 55  -----------
lambda : 1.30908
max_diff => 0.236126
------------------------normalized = 0.459856 ----------------
performed mixing
Frob norm 1 after updating U: 12.1875
200 iterations
f(b) = 156.533
Frob norm 2 after updating B : 12.2105
Iteration number -------- 56  -----------
lambda : 1.31563
max_diff => 0.22408
------------------------normalized = 0.459769 ----------------
performed mixing
Frob norm 1 after updating U: 12.1837
200 iterations
f(b) = 156.296
Frob norm 2 after updating B : 12.2087
Iteration number -------- 57  -----------
lambda : 1.32221
max_diff => 0.211683
------------------------normalized = 0.459698 ----------------
performed mixing
Frob norm 1 after updating U: 12.1801
200 iterations
f(b) = 156.054
Frob norm 2 after updating B : 12.2062
Iteration number -------- 58  -----------
lambda : 1.32882
max_diff => 0.199142
------------------------normalized = 0.459604 ----------------
performed mixing
Frob norm 1 after updating U: 12.1765
200 iterations
f(b) = 155.815
Frob norm 2 after updating B : 12.203
Iteration number -------- 59  -----------
lambda : 1.33546
max_diff => 0.18827
------------------------normalized = 0.459487 ----------------
performed mixing
Frob norm 1 after updating U: 12.1731
200 iterations
f(b) = 155.568
Frob norm 2 after updating B : 12.2007
Iteration number -------- 60  -----------
lambda : 1.34214
max_diff => 0.176087
------------------------normalized = 0.4594 ----------------
performed mixing
Frob norm 1 after updating U: 12.1699
200 iterations
f(b) = 155.32
Frob norm 2 after updating B : 12.1986
Iteration number -------- 61  -----------
lambda : 1.34885
max_diff => 0.164632
------------------------normalized = 0.459318 ----------------
performed mixing
Frob norm 1 after updating U: 12.1666
200 iterations
f(b) = 155.065
Frob norm 2 after updating B : 12.1945
Iteration number -------- 62  -----------
lambda : 1.35559
max_diff => 0.160431
------------------------normalized = 0.459164 ----------------
performed mixing
Frob norm 1 after updating U: 12.1634
200 iterations
f(b) = 154.819
Frob norm 2 after updating B : 12.1927
Iteration number -------- 63  -----------
lambda : 1.36237
max_diff => 0.158945
------------------------normalized = 0.459096 ----------------
performed mixing
Frob norm 1 after updating U: 12.1601
200 iterations
f(b) = 154.578
Frob norm 2 after updating B : 12.1866
Iteration number -------- 64  -----------
lambda : 1.36918
max_diff => 0.15732
------------------------normalized = 0.458866 ----------------
performed mixing
Frob norm 1 after updating U: 12.1564
200 iterations
f(b) = 154.347
Frob norm 2 after updating B : 12.1845
Iteration number -------- 65  -----------
lambda : 1.37603
max_diff => 0.156061
------------------------normalized = 0.458787 ----------------
performed mixing
Frob norm 1 after updating U: 12.1533
200 iterations
f(b) = 154.091
Frob norm 2 after updating B : 12.1818
Iteration number -------- 66  -----------
lambda : 1.38291
max_diff => 0.154776
------------------------normalized = 0.458686 ----------------
performed mixing
Frob norm 1 after updating U: 12.15
200 iterations
f(b) = 153.845
Frob norm 2 after updating B : 12.179
Iteration number -------- 67  -----------
lambda : 1.38982
max_diff => 0.153634
------------------------normalized = 0.458581 ----------------
performed mixing
Frob norm 1 after updating U: 12.1466
200 iterations
f(b) = 153.573
Frob norm 2 after updating B : 12.1751
Iteration number -------- 68  -----------
lambda : 1.39677
max_diff => 0.152146
------------------------normalized = 0.458435 ----------------
performed mixing
Frob norm 1 after updating U: 12.1423
200 iterations
f(b) = 153.295
Frob norm 2 after updating B : 12.1714
Iteration number -------- 69  -----------
lambda : 1.40376
max_diff => 0.149762
------------------------normalized = 0.458296 ----------------
performed mixing
Frob norm 1 after updating U: 12.1372
200 iterations
f(b) = 153.022
Frob norm 2 after updating B : 12.1677
Iteration number -------- 70  -----------
lambda : 1.41078
max_diff => 0.148194
------------------------normalized = 0.458157 ----------------
performed mixing
Frob norm 1 after updating U: 12.1322
200 iterations
f(b) = 152.755
Frob norm 2 after updating B : 12.1618
Iteration number -------- 71  -----------
lambda : 1.41783
max_diff => 0.14727
------------------------normalized = 0.457936 ----------------
performed mixing
Frob norm 1 after updating U: 12.1263
200 iterations
f(b) = 152.468
Frob norm 2 after updating B : 12.1574
Iteration number -------- 72  -----------
lambda : 1.42492
max_diff => 0.144552
------------------------normalized = 0.457766 ----------------
performed mixing
Frob norm 1 after updating U: 12.1182
200 iterations
f(b) = 152.171
Frob norm 2 after updating B : 12.1513
Iteration number -------- 73  -----------
lambda : 1.43204
max_diff => 0.142373
------------------------normalized = 0.457539 ----------------
performed mixing
Frob norm 1 after updating U: 12.1106
200 iterations
f(b) = 151.817
Frob norm 2 after updating B : 12.1506
Iteration number -------- 74  -----------
lambda : 1.4392
max_diff => 0.140586
------------------------normalized = 0.457512 ----------------
performed mixing
Frob norm 1 after updating U: 12.1032
200 iterations
f(b) = 151.454
Frob norm 2 after updating B : 12.1407
Iteration number -------- 75  -----------
lambda : 1.4464
max_diff => 0.138076
------------------------normalized = 0.457139 ----------------
performed mixing
Frob norm 1 after updating U: 12.0925
200 iterations
f(b) = 151.043
Frob norm 2 after updating B : 12.1377
Iteration number -------- 76  -----------
lambda : 1.45363
max_diff => 0.135719
------------------------normalized = 0.457027 ----------------
performed mixing
Frob norm 1 after updating U: 12.083
200 iterations
f(b) = 150.627
Frob norm 2 after updating B : 12.1314
Iteration number -------- 77  -----------
lambda : 1.4609
max_diff => 0.133405
------------------------normalized = 0.456791 ----------------
performed mixing
Frob norm 1 after updating U: 12.0734
200 iterations
f(b) = 150.157
Frob norm 2 after updating B : 12.1231
Iteration number -------- 78  -----------
lambda : 1.46821
max_diff => 0.130508
------------------------normalized = 0.456478 ----------------
performed mixing
Frob norm 1 after updating U: 12.0587
200 iterations
f(b) = 149.673
Frob norm 2 after updating B : 12.112
Iteration number -------- 79  -----------
lambda : 1.47555
max_diff => 0.12726
------------------------normalized = 0.456059 ----------------
performed mixing
Frob norm 1 after updating U: 12.0442
200 iterations
f(b) = 149.161
Frob norm 2 after updating B : 12.1027
Iteration number -------- 80  -----------
lambda : 1.48292
max_diff => 0.123793
------------------------normalized = 0.455707 ----------------
performed mixing
Frob norm 1 after updating U: 12.0298
200 iterations
f(b) = 148.622
Frob norm 2 after updating B : 12.0905
Iteration number -------- 81  -----------
lambda : 1.49034
max_diff => 0.1194
------------------------normalized = 0.45525 ----------------
performed mixing
Frob norm 1 after updating U: 12.0131
200 iterations
f(b) = 148.096
Frob norm 2 after updating B : 12.0788
Iteration number -------- 82  -----------
lambda : 1.49779
max_diff => 0.115441
------------------------normalized = 0.454808 ----------------
performed mixing
Frob norm 1 after updating U: 11.9963
200 iterations
f(b) = 147.562
Frob norm 2 after updating B : 12.0599
Iteration number -------- 83  -----------
lambda : 1.50528
max_diff => 0.110773
------------------------normalized = 0.454097 ----------------
performed mixing
Frob norm 1 after updating U: 11.9701
200 iterations
f(b) = 146.935
Frob norm 2 after updating B : 12.0444
Iteration number -------- 84  -----------
lambda : 1.51281
max_diff => 0.105289
------------------------normalized = 0.453512 ----------------
performed mixing
Frob norm 1 after updating U: 11.9452
200 iterations
f(b) = 146.33
Frob norm 2 after updating B : 12.0177
Iteration number -------- 85  -----------
lambda : 1.52037
max_diff => 0.0997428
------------------------normalized = 0.452507 ----------------
performed mixing
Frob norm 1 after updating U: 11.9098
200 iterations
f(b) = 145.659
Frob norm 2 after updating B : 11.9894
Iteration number -------- 86  -----------
lambda : 1.52797
max_diff => 0.093799
------------------------normalized = 0.451443 ----------------
performed mixing
Frob norm 1 after updating U: 11.8703
200 iterations
f(b) = 144.906
Frob norm 2 after updating B : 11.9624
Iteration number -------- 87  -----------
lambda : 1.53561
max_diff => 0.0867833
------------------------normalized = 0.450425 ----------------
performed mixing
Frob norm 1 after updating U: 11.8335
200 iterations
f(b) = 144.123
Frob norm 2 after updating B : 11.9251
Iteration number -------- 88  -----------
lambda : 1.54329
max_diff => 0.0796466
------------------------normalized = 0.449022 ----------------
performed mixing
Frob norm 1 after updating U: 11.7983
200 iterations
f(b) = 143.357
Frob norm 2 after updating B : 11.8945
Iteration number -------- 89  -----------
lambda : 1.55101
max_diff => 0.0724305
------------------------normalized = 0.44787 ----------------
performed mixing
Frob norm 1 after updating U: 11.7648
200 iterations
f(b) = 142.612
Frob norm 2 after updating B : 11.852
Iteration number -------- 90  -----------
lambda : 1.55876
max_diff => 0.0656535
------------------------normalized = 0.44627 ----------------
performed mixing
Frob norm 1 after updating U: 11.7325
200 iterations
f(b) = 141.877
Frob norm 2 after updating B : 11.8197
Iteration number -------- 91  -----------
lambda : 1.56655
max_diff => 0.0596461
------------------------normalized = 0.445054 ----------------
performed mixing
Frob norm 1 after updating U: 11.7033
200 iterations
f(b) = 141.138
Frob norm 2 after updating B : 11.7892
Iteration number -------- 92  -----------
lambda : 1.57439
max_diff => 0.0526474
------------------------normalized = 0.443905 ----------------
performed mixing
Frob norm 1 after updating U: 11.6716
200 iterations
f(b) = 140.412
Frob norm 2 after updating B : 11.755
Iteration number -------- 93  -----------
lambda : 1.58226
max_diff => 0.0469349
------------------------normalized = 0.442615 ----------------
performed mixing
Frob norm 1 after updating U: 11.6434
200 iterations
f(b) = 139.7
Frob norm 2 after updating B : 11.7246
Iteration number -------- 94  -----------
lambda : 1.59017
max_diff => 0.0446216
------------------------normalized = 0.441473 ----------------
performed mixing
Frob norm 1 after updating U: 11.619
200 iterations
f(b) = 139.044
Frob norm 2 after updating B : 11.6955
Iteration number -------- 95  -----------
lambda : 1.59812
max_diff => 0.0436617
------------------------normalized = 0.440375 ----------------
performed mixing
Frob norm 1 after updating U: 11.5981
200 iterations
f(b) = 138.427
Frob norm 2 after updating B : 11.6691
Iteration number -------- 96  -----------
lambda : 1.60611
max_diff => 0.0463942
------------------------normalized = 0.43938 ----------------
performed mixing
Frob norm 1 after updating U: 11.5809
200 iterations
f(b) = 137.871
Frob norm 2 after updating B : 11.6451
Iteration number -------- 97  -----------
lambda : 1.61414
max_diff => 0.0490426
------------------------normalized = 0.438479 ----------------
performed mixing
Frob norm 1 after updating U: 11.5652
200 iterations
f(b) = 137.383
Frob norm 2 after updating B : 11.6223
Iteration number -------- 98  -----------
lambda : 1.62221
max_diff => 0.0514178
------------------------normalized = 0.437618 ----------------
performed mixing
Frob norm 1 after updating U: 11.5509
200 iterations
f(b) = 136.946
Frob norm 2 after updating B : 11.6019
Iteration number -------- 99  -----------
lambda : 1.63032
max_diff => 0.0532119
------------------------normalized = 0.436851 ----------------
performed mixing
Frob norm 1 after updating U: 11.5406
200 iterations
f(b) = 136.611
Frob norm 2 after updating B : 11.5822
Iteration number -------- 100  -----------
lambda : 1.63848
max_diff => 0.0549423
------------------------normalized = 0.436111 ----------------
performed mixing
Frob norm 1 after updating U: 11.53
200 iterations
f(b) = 136.353
Frob norm 2 after updating B : 11.5641
Iteration number -------- 101  -----------
lambda : 1.64667
max_diff => 0.0564539
------------------------normalized = 0.435428 ----------------
performed mixing
Frob norm 1 after updating U: 11.52
200 iterations
f(b) = 136.145
Frob norm 2 after updating B : 11.5496
Iteration number -------- 102  -----------
lambda : 1.6549
max_diff => 0.0576181
------------------------normalized = 0.434881 ----------------
performed mixing
Frob norm 1 after updating U: 11.5126
200 iterations
f(b) = 136.006
Frob norm 2 after updating B : 11.5364
Iteration number -------- 103  -----------
lambda : 1.66318
max_diff => 0.0586589
------------------------normalized = 0.434384 ----------------
performed mixing
Frob norm 1 after updating U: 11.5049
200 iterations
f(b) = 135.902
Frob norm 2 after updating B : 11.5251
Iteration number -------- 104  -----------
lambda : 1.67149
max_diff => 0.0594836
------------------------normalized = 0.433959 ----------------
performed mixing
Frob norm 1 after updating U: 11.4986
200 iterations
f(b) = 135.826
Frob norm 2 after updating B : 11.515
Iteration number -------- 105  -----------
lambda : 1.67985
max_diff => 0.0600905
------------------------normalized = 0.433579 ----------------
performed mixing
Frob norm 1 after updating U: 11.4929
200 iterations
f(b) = 135.797
Frob norm 2 after updating B : 11.5079
Iteration number -------- 106  -----------
lambda : 1.68825
max_diff => 0.060727
------------------------normalized = 0.433314 ----------------
performed mixing
Frob norm 1 after updating U: 11.4881
200 iterations
f(b) = 135.763
Frob norm 2 after updating B : 11.501
Iteration number -------- 107  -----------
lambda : 1.69669
max_diff => 0.061165
------------------------normalized = 0.433051 ----------------
performed mixing
Frob norm 1 after updating U: 11.4838
200 iterations
f(b) = 135.759
Frob norm 2 after updating B : 11.4954
Iteration number -------- 108  -----------
lambda : 1.70517
max_diff => 0.0615184
------------------------normalized = 0.432842 ----------------
performed mixing
Frob norm 1 after updating U: 11.4803
200 iterations
f(b) = 135.752
Frob norm 2 after updating B : 11.4907
Iteration number -------- 109  -----------
lambda : 1.7137
max_diff => 0.0618194
------------------------normalized = 0.432665 ----------------
performed mixing
Frob norm 1 after updating U: 11.477
200 iterations
f(b) = 135.741
Frob norm 2 after updating B : 11.4871
Iteration number -------- 110  -----------
lambda : 1.72227
max_diff => 0.0619909
------------------------normalized = 0.432528 ----------------
performed mixing
Frob norm 1 after updating U: 11.4755
200 iterations
f(b) = 135.775
Frob norm 2 after updating B : 11.483
Iteration number -------- 111  -----------
lambda : 1.73088
max_diff => 0.0621703
------------------------normalized = 0.432376 ----------------
performed mixing
Frob norm 1 after updating U: 11.4723
200 iterations
f(b) = 135.788
Frob norm 2 after updating B : 11.4806
Iteration number -------- 112  -----------
lambda : 1.73953
max_diff => 0.0622915
------------------------normalized = 0.432285 ----------------
performed mixing
Frob norm 1 after updating U: 11.471
200 iterations
f(b) = 135.79
Frob norm 2 after updating B : 11.4784
Iteration number -------- 113  -----------
lambda : 1.74823
max_diff => 0.0623613
------------------------normalized = 0.432202 ----------------
performed mixing
Frob norm 1 after updating U: 11.47
200 iterations
f(b) = 135.832
Frob norm 2 after updating B : 11.4759
Iteration number -------- 114  -----------
lambda : 1.75697
max_diff => 0.0624327
------------------------normalized = 0.432107 ----------------
performed mixing
Frob norm 1 after updating U: 11.4679
200 iterations
f(b) = 135.867
Frob norm 2 after updating B : 11.4743
Iteration number -------- 115  -----------
lambda : 1.76576
max_diff => 0.0624729
------------------------normalized = 0.432046 ----------------
performed mixing
Frob norm 1 after updating U: 11.4669
200 iterations
f(b) = 135.892
Frob norm 2 after updating B : 11.4727
Iteration number -------- 116  -----------
lambda : 1.77459
max_diff => 0.0624927
------------------------normalized = 0.431987 ----------------
performed mixing
Frob norm 1 after updating U: 11.4659
200 iterations
f(b) = 135.924
Frob norm 2 after updating B : 11.4713
Iteration number -------- 117  -----------
lambda : 1.78346
max_diff => 0.0625
------------------------normalized = 0.431934 ----------------
performed mixing
Frob norm 1 after updating U: 11.4648
200 iterations
f(b) = 135.948
Frob norm 2 after updating B : 11.4705
Iteration number -------- 118  -----------
lambda : 1.79238
max_diff => 0.0624965
------------------------normalized = 0.431903 ----------------
performed mixing
Frob norm 1 after updating U: 11.4646
200 iterations
f(b) = 135.986
Frob norm 2 after updating B : 11.4692
Iteration number -------- 119  -----------
lambda : 1.80134
max_diff => 0.0624851
------------------------normalized = 0.431855 ----------------
performed mixing
Frob norm 1 after updating U: 11.4636
200 iterations
f(b) = 135.986
Frob norm 2 after updating B : 11.4692
Iteration number -------- 120  -----------
lambda : 1.81035
max_diff => 0.0624759
------------------------normalized = 0.431857 ----------------
performed mixing
Frob norm 1 after updating U: 11.4642
200 iterations
f(b) = 136.041
Frob norm 2 after updating B : 11.4675
Iteration number -------- 121  -----------
lambda : 1.8194
max_diff => 0.0624483
------------------------normalized = 0.43179 ----------------
performed mixing
Frob norm 1 after updating U: 11.4623
200 iterations
f(b) = 136.067
Frob norm 2 after updating B : 11.4679
Iteration number -------- 122  -----------
lambda : 1.82849
max_diff => 0.0624238
------------------------normalized = 0.431805 ----------------
performed mixing
Frob norm 1 after updating U: 11.463
200 iterations
f(b) = 136.096
Frob norm 2 after updating B : 11.4665
Iteration number -------- 123  -----------
lambda : 1.83764
max_diff => 0.0623975
------------------------normalized = 0.431753 ----------------
performed mixing
Frob norm 1 after updating U: 11.4618
200 iterations
f(b) = 136.106
Frob norm 2 after updating B : 11.467
Iteration number -------- 124  -----------
lambda : 1.84682
max_diff => 0.0623876
------------------------normalized = 0.431773 ----------------
performed mixing
Frob norm 1 after updating U: 11.4627
200 iterations
f(b) = 136.163
Frob norm 2 after updating B : 11.4652
Iteration number -------- 125  -----------
lambda : 1.85606
max_diff => 0.0623473
------------------------normalized = 0.431703 ----------------
performed mixing
Frob norm 1 after updating U: 11.4607
200 iterations
f(b) = 136.181
Frob norm 2 after updating B : 11.4663
Iteration number -------- 126  -----------
lambda : 1.86534
max_diff => 0.0623213
------------------------normalized = 0.431745 ----------------
performed mixing
Frob norm 1 after updating U: 11.462
200 iterations
f(b) = 136.202
Frob norm 2 after updating B : 11.4655
Iteration number -------- 127  -----------
lambda : 1.87467
max_diff => 0.0622952
------------------------normalized = 0.431715 ----------------
performed mixing
Frob norm 1 after updating U: 11.4613
200 iterations
f(b) = 136.229
Frob norm 2 after updating B : 11.4656
Iteration number -------- 128  -----------
lambda : 1.88404
max_diff => 0.0622715
------------------------normalized = 0.431721 ----------------
performed mixing
Frob norm 1 after updating U: 11.4616
200 iterations
f(b) = 136.26
Frob norm 2 after updating B : 11.4648
Iteration number -------- 129  -----------
lambda : 1.89346
max_diff => 0.0622475
------------------------normalized = 0.431689 ----------------
performed mixing
Frob norm 1 after updating U: 11.4607
200 iterations
f(b) = 136.285
Frob norm 2 after updating B : 11.4655
Iteration number -------- 130  -----------
lambda : 1.90293
max_diff => 0.0622214
------------------------normalized = 0.431716 ----------------
performed mixing
Frob norm 1 after updating U: 11.4615
200 iterations
f(b) = 136.285
Frob norm 2 after updating B : 11.4655
Iteration number -------- 131  -----------
lambda : 1.91244
max_diff => 0.0622391
------------------------normalized = 0.431715 ----------------
performed mixing
Frob norm 1 after updating U: 11.4617
200 iterations
f(b) = 136.34
Frob norm 2 after updating B : 11.4651
Iteration number -------- 132  -----------
lambda : 1.922
max_diff => 0.062193
------------------------normalized = 0.431701 ----------------
performed mixing
Frob norm 1 after updating U: 11.4611
200 iterations
f(b) = 136.367
Frob norm 2 after updating B : 11.4651
Iteration number -------- 133  -----------
lambda : 1.93161
max_diff => 0.0621645
------------------------normalized = 0.4317 ----------------
performed mixing
Frob norm 1 after updating U: 11.4612
200 iterations
f(b) = 136.385
Frob norm 2 after updating B : 11.4647
Iteration number -------- 134  -----------
lambda : 1.94127
max_diff => 0.0621499
------------------------normalized = 0.431687 ----------------
performed mixing
Frob norm 1 after updating U: 11.4609
200 iterations
f(b) = 136.426
Frob norm 2 after updating B : 11.4641
Iteration number -------- 135  -----------
lambda : 1.95098
max_diff => 0.0621469
------------------------normalized = 0.431663 ----------------
performed mixing
Frob norm 1 after updating U: 11.4601
200 iterations
f(b) = 136.397
Frob norm 2 after updating B : 11.4651
Iteration number -------- 136  -----------
lambda : 1.96073
max_diff => 0.0621687
------------------------normalized = 0.431702 ----------------
performed mixing
Frob norm 1 after updating U: 11.4615
200 iterations
f(b) = 136.417
Frob norm 2 after updating B : 11.4648
Iteration number -------- 137  -----------
lambda : 1.97054
max_diff => 0.0621644
------------------------normalized = 0.431691 ----------------
performed mixing
Frob norm 1 after updating U: 11.4613
200 iterations
f(b) = 136.485
Frob norm 2 after updating B : 11.4641
Iteration number -------- 138  -----------
lambda : 1.98039
max_diff => 0.0621603
------------------------normalized = 0.431665 ----------------
performed mixing
Frob norm 1 after updating U: 11.4603
200 iterations
f(b) = 136.476
Frob norm 2 after updating B : 11.4652
Iteration number -------- 139  -----------
lambda : 1.99029
max_diff => 0.0621716
------------------------normalized = 0.431705 ----------------
performed mixing
Frob norm 1 after updating U: 11.4614
200 iterations
f(b) = 136.5
Frob norm 2 after updating B : 11.4639
Iteration number -------- 140  -----------
lambda : 2.00024
max_diff => 0.0621826
------------------------normalized = 0.431655 ----------------
performed mixing
Frob norm 1 after updating U: 11.46
200 iterations
f(b) = 136.527
Frob norm 2 after updating B : 11.4648
Iteration number -------- 141  -----------
lambda : 2.01024
max_diff => 0.0621925
------------------------normalized = 0.431689 ----------------
performed mixing
Frob norm 1 after updating U: 11.4609
200 iterations
f(b) = 136.541
Frob norm 2 after updating B : 11.465
Iteration number -------- 142  -----------
lambda : 2.02029
max_diff => 0.0621928
------------------------normalized = 0.431698 ----------------
performed mixing
Frob norm 1 after updating U: 11.4612
200 iterations
f(b) = 136.537
Frob norm 2 after updating B : 11.4651
Iteration number -------- 143  -----------
lambda : 2.0304
max_diff => 0.0621793
------------------------normalized = 0.431699 ----------------
performed mixing
Frob norm 1 after updating U: 11.4614
200 iterations
f(b) = 136.562
Frob norm 2 after updating B : 11.4652
Iteration number -------- 144  -----------
lambda : 2.04055
max_diff => 0.0621792
------------------------normalized = 0.431704 ----------------
performed mixing
Frob norm 1 after updating U: 11.4615
200 iterations
f(b) = 136.576
Frob norm 2 after updating B : 11.4652
Iteration number -------- 145  -----------
lambda : 2.05075
max_diff => 0.0621738
------------------------normalized = 0.431703 ----------------
performed mixing
Frob norm 1 after updating U: 11.4615
200 iterations
f(b) = 136.599
Frob norm 2 after updating B : 11.4652
Iteration number -------- 146  -----------
lambda : 2.061
max_diff => 0.0621783
------------------------normalized = 0.431704 ----------------
performed mixing
Frob norm 1 after updating U: 11.4615
200 iterations
f(b) = 136.614
Frob norm 2 after updating B : 11.4651
Iteration number -------- 147  -----------
lambda : 2.07131
max_diff => 0.062181
------------------------normalized = 0.431702 ----------------
performed mixing
Frob norm 1 after updating U: 11.4614
200 iterations
f(b) = 136.622
Frob norm 2 after updating B : 11.4653
Iteration number -------- 148  -----------
lambda : 2.08167
max_diff => 0.0621675
------------------------normalized = 0.431707 ----------------
performed mixing
Frob norm 1 after updating U: 11.4617
200 iterations
f(b) = 136.676
Frob norm 2 after updating B : 11.465
Iteration number -------- 149  -----------
lambda : 2.09207
max_diff => 0.0621901
------------------------normalized = 0.431698 ----------------
performed mixing
Frob norm 1 after updating U: 11.4612
200 iterations
f(b) = 136.691
Frob norm 2 after updating B : 11.4651
Iteration number -------- 150  -----------
lambda : 2.10253
max_diff => 0.0621988
------------------------normalized = 0.431701 ----------------
performed mixing
Frob norm 1 after updating U: 11.4612
200 iterations
f(b) = 136.718
Frob norm 2 after updating B : 11.4647
Iteration number -------- 151  -----------
lambda : 2.11305
max_diff => 0.0621987
------------------------normalized = 0.431685 ----------------
performed mixing
Frob norm 1 after updating U: 11.4608
200 iterations
f(b) = 136.717
Frob norm 2 after updating B : 11.4648
Iteration number -------- 152  -----------
lambda : 2.12361
max_diff => 0.0621988
------------------------normalized = 0.431691 ----------------
performed mixing
Frob norm 1 after updating U: 11.4609
200 iterations
f(b) = 136.771
Frob norm 2 after updating B : 11.464
Iteration number -------- 153  -----------
lambda : 2.13423
max_diff => 0.0622002
------------------------normalized = 0.431659 ----------------
performed mixing
Frob norm 1 after updating U: 11.4602
200 iterations
f(b) = 136.747
Frob norm 2 after updating B : 11.4652
Iteration number -------- 154  -----------
lambda : 2.1449
max_diff => 0.0621925
------------------------normalized = 0.431705 ----------------
performed mixing
Frob norm 1 after updating U: 11.4614
200 iterations
f(b) = 136.783
Frob norm 2 after updating B : 11.4648
Iteration number -------- 155  -----------
lambda : 2.15563
max_diff => 0.0621956
------------------------normalized = 0.431691 ----------------
performed mixing
Frob norm 1 after updating U: 11.4609
200 iterations
f(b) = 136.815
Frob norm 2 after updating B : 11.4644
Iteration number -------- 156  -----------
lambda : 2.1664
max_diff => 0.0621952
------------------------normalized = 0.431676 ----------------
performed mixing
Frob norm 1 after updating U: 11.4606
200 iterations
f(b) = 136.808
Frob norm 2 after updating B : 11.4651
Iteration number -------- 157  -----------
lambda : 2.17724
max_diff => 0.0621861
------------------------normalized = 0.431699 ----------------
performed mixing
Frob norm 1 after updating U: 11.4612
200 iterations
f(b) = 136.825
Frob norm 2 after updating B : 11.4642
Iteration number -------- 158  -----------
lambda : 2.18812
max_diff => 0.0621843
------------------------normalized = 0.431665 ----------------
performed mixing
Frob norm 1 after updating U: 11.4603
200 iterations
f(b) = 136.845
Frob norm 2 after updating B : 11.4649
Iteration number -------- 159  -----------
lambda : 2.19906
max_diff => 0.0621804
------------------------normalized = 0.431694 ----------------
performed mixing
Frob norm 1 after updating U: 11.4611
200 iterations
f(b) = 136.872
Frob norm 2 after updating B : 11.4642
Iteration number -------- 160  -----------
lambda : 2.21006
max_diff => 0.0621773
------------------------normalized = 0.431668 ----------------
performed mixing
Frob norm 1 after updating U: 11.4604
200 iterations
f(b) = 136.857
Frob norm 2 after updating B : 11.4645
Iteration number -------- 161  -----------
lambda : 2.22111
max_diff => 0.0621665
------------------------normalized = 0.431679 ----------------
performed mixing
Frob norm 1 after updating U: 11.4607
200 iterations
f(b) = 136.882
Frob norm 2 after updating B : 11.4652
Iteration number -------- 162  -----------
lambda : 2.23221
max_diff => 0.0621654
------------------------normalized = 0.431703 ----------------
performed mixing
Frob norm 1 after updating U: 11.4612
200 iterations
f(b) = 136.905
Frob norm 2 after updating B : 11.4647
Iteration number -------- 163  -----------
lambda : 2.24338
max_diff => 0.0621617
------------------------normalized = 0.431685 ----------------
performed mixing
Frob norm 1 after updating U: 11.4608
200 iterations
f(b) = 136.902
Frob norm 2 after updating B : 11.4651
Iteration number -------- 164  -----------
lambda : 2.25459
max_diff => 0.062148
------------------------normalized = 0.431701 ----------------
performed mixing
Frob norm 1 after updating U: 11.4613
200 iterations
f(b) = 136.914
Frob norm 2 after updating B : 11.4648
Iteration number -------- 165  -----------
lambda : 2.26587
max_diff => 0.062144
------------------------normalized = 0.431691 ----------------
performed mixing
Frob norm 1 after updating U: 11.4612
200 iterations
f(b) = 136.954
Frob norm 2 after updating B : 11.4645
Iteration number -------- 166  -----------
lambda : 2.27719
max_diff => 0.0621348
------------------------normalized = 0.431678 ----------------
performed mixing
Frob norm 1 after updating U: 11.4606
200 iterations
f(b) = 136.963
Frob norm 2 after updating B : 11.465
Iteration number -------- 167  -----------
lambda : 2.28858
max_diff => 0.0621376
------------------------normalized = 0.431696 ----------------
performed mixing
Frob norm 1 after updating U: 11.4611
200 iterations
f(b) = 136.983
Frob norm 2 after updating B : 11.465
Iteration number -------- 168  -----------
lambda : 2.30002
max_diff => 0.0621435
------------------------normalized = 0.431695 ----------------
performed mixing
Frob norm 1 after updating U: 11.4612
200 iterations
f(b) = 136.995
Frob norm 2 after updating B : 11.4648
Iteration number -------- 169  -----------
lambda : 2.31152
max_diff => 0.0621441
------------------------normalized = 0.431689 ----------------
performed mixing
Frob norm 1 after updating U: 11.461
200 iterations
f(b) = 136.999
Frob norm 2 after updating B : 11.4641
Iteration number -------- 170  -----------
lambda : 2.32308
max_diff => 0.0621501
------------------------normalized = 0.431664 ----------------
performed mixing
Frob norm 1 after updating U: 11.4603
200 iterations
f(b) = 137.014
Frob norm 2 after updating B : 11.4651
Iteration number -------- 171  -----------
lambda : 2.3347
max_diff => 0.0621654
------------------------normalized = 0.431701 ----------------
performed mixing
Frob norm 1 after updating U: 11.4615
200 iterations
f(b) = 137.044
Frob norm 2 after updating B : 11.4641
Iteration number -------- 172  -----------
lambda : 2.34637
max_diff => 0.0621693
------------------------normalized = 0.431664 ----------------
performed mixing
Frob norm 1 after updating U: 11.4605
200 iterations
f(b) = 137.049
Frob norm 2 after updating B : 11.4647
Iteration number -------- 173  -----------
lambda : 2.3581
max_diff => 0.0621766
------------------------normalized = 0.431685 ----------------
performed mixing
Frob norm 1 after updating U: 11.4611
200 iterations
f(b) = 137.05
Frob norm 2 after updating B : 11.465
Iteration number -------- 174  -----------
lambda : 2.36989
max_diff => 0.0621858
------------------------normalized = 0.431698 ----------------
performed mixing
Frob norm 1 after updating U: 11.4615
200 iterations
f(b) = 137.051
Frob norm 2 after updating B : 11.4652
Iteration number -------- 175  -----------
lambda : 2.38174
max_diff => 0.0621918
------------------------normalized = 0.431703 ----------------
performed mixing
Frob norm 1 after updating U: 11.4617
200 iterations
f(b) = 137.079
Frob norm 2 after updating B : 11.4646
Iteration number -------- 176  -----------
lambda : 2.39365
max_diff => 0.0621964
------------------------normalized = 0.431682 ----------------
performed mixing
Frob norm 1 after updating U: 11.4611
200 iterations
f(b) = 137.078
Frob norm 2 after updating B : 11.4651
Iteration number -------- 177  -----------
lambda : 2.40562
max_diff => 0.0622043
------------------------normalized = 0.431702 ----------------
performed mixing
Frob norm 1 after updating U: 11.4617
200 iterations
f(b) = 137.103
Frob norm 2 after updating B : 11.4651
Iteration number -------- 178  -----------
lambda : 2.41765
max_diff => 0.0622101
------------------------normalized = 0.4317 ----------------
performed mixing
Frob norm 1 after updating U: 11.4618
200 iterations
f(b) = 137.118
Frob norm 2 after updating B : 11.465
Iteration number -------- 179  -----------
lambda : 2.42974
max_diff => 0.0622163
------------------------normalized = 0.431696 ----------------
performed mixing
Frob norm 1 after updating U: 11.4618
200 iterations
f(b) = 137.137
Frob norm 2 after updating B : 11.465
Iteration number -------- 180  -----------
lambda : 2.44188
max_diff => 0.0622325
------------------------normalized = 0.431699 ----------------
performed mixing
Frob norm 1 after updating U: 11.4621
200 iterations
f(b) = 137.153
Frob norm 2 after updating B : 11.4651
Iteration number -------- 181  -----------
lambda : 2.45409
max_diff => 0.062242
------------------------normalized = 0.431701 ----------------
performed mixing
Frob norm 1 after updating U: 11.4623
200 iterations
f(b) = 137.166
Frob norm 2 after updating B : 11.4649
Iteration number -------- 182  -----------
lambda : 2.46636
max_diff => 0.0622416
------------------------normalized = 0.431694 ----------------
performed mixing
Frob norm 1 after updating U: 11.4621
200 iterations
f(b) = 137.173
Frob norm 2 after updating B : 11.4653
Iteration number -------- 183  -----------
lambda : 2.4787
max_diff => 0.06225
------------------------normalized = 0.431709 ----------------
performed mixing
Frob norm 1 after updating U: 11.4626
200 iterations
f(b) = 137.202
Frob norm 2 after updating B : 11.4653
Iteration number -------- 184  -----------
lambda : 2.49109
max_diff => 0.0622611
------------------------normalized = 0.43171 ----------------
performed mixing
Frob norm 1 after updating U: 11.4628
200 iterations
f(b) = 137.216
Frob norm 2 after updating B : 11.4653
Iteration number -------- 185  -----------
lambda : 2.50354
max_diff => 0.0622659
------------------------normalized = 0.431708 ----------------
performed mixing
Frob norm 1 after updating U: 11.4628
200 iterations
f(b) = 137.242
Frob norm 2 after updating B : 11.4653
Iteration number -------- 186  -----------
lambda : 2.51606
max_diff => 0.0622691
------------------------normalized = 0.431707 ----------------
performed mixing
Frob norm 1 after updating U: 11.463
200 iterations
f(b) = 137.27
Frob norm 2 after updating B : 11.4658
Iteration number -------- 187  -----------
lambda : 2.52864
max_diff => 0.0622689
------------------------normalized = 0.431728 ----------------
performed mixing
Frob norm 1 after updating U: 11.4636
200 iterations
f(b) = 137.291
Frob norm 2 after updating B : 11.4657
Iteration number -------- 188  -----------
lambda : 2.54129
max_diff => 0.0622794
------------------------normalized = 0.431724 ----------------
performed mixing
Frob norm 1 after updating U: 11.4636
200 iterations
f(b) = 137.318
Frob norm 2 after updating B : 11.4659
Iteration number -------- 189  -----------
lambda : 2.55399
max_diff => 0.0622868
------------------------normalized = 0.431731 ----------------
performed mixing
Frob norm 1 after updating U: 11.4639
200 iterations
f(b) = 137.349
Frob norm 2 after updating B : 11.4663
Iteration number -------- 190  -----------
lambda : 2.56676
max_diff => 0.06229
------------------------normalized = 0.431747 ----------------
performed mixing
Frob norm 1 after updating U: 11.4644
200 iterations
f(b) = 137.361
Frob norm 2 after updating B : 11.4667
Iteration number -------- 191  -----------
lambda : 2.5796
max_diff => 0.0622971
------------------------normalized = 0.431761 ----------------
performed mixing
Frob norm 1 after updating U: 11.4649
200 iterations
f(b) = 137.388
Frob norm 2 after updating B : 11.4656
Iteration number -------- 192  -----------
lambda : 2.59249
max_diff => 0.0623085
------------------------normalized = 0.43172 ----------------
performed mixing
Frob norm 1 after updating U: 11.464
200 iterations
f(b) = 137.4
Frob norm 2 after updating B : 11.4666
Iteration number -------- 193  -----------
lambda : 2.60546
max_diff => 0.0623087
------------------------normalized = 0.431758 ----------------
performed mixing
Frob norm 1 after updating U: 11.465
200 iterations
f(b) = 137.42
Frob norm 2 after updating B : 11.4677
Iteration number -------- 194  -----------
lambda : 2.61848
max_diff => 0.0623154
------------------------normalized = 0.431797 ----------------
performed mixing
Frob norm 1 after updating U: 11.4662
200 iterations
f(b) = 137.44
Frob norm 2 after updating B : 11.4679
Iteration number -------- 195  -----------
lambda : 2.63158
max_diff => 0.0623166
------------------------normalized = 0.431806 ----------------
performed mixing
Frob norm 1 after updating U: 11.4663
200 iterations
f(b) = 137.479
Frob norm 2 after updating B : 11.4684
Iteration number -------- 196  -----------
lambda : 2.64473
max_diff => 0.0623271
------------------------normalized = 0.431826 ----------------
performed mixing
Frob norm 1 after updating U: 11.4671
200 iterations
f(b) = 137.508
Frob norm 2 after updating B : 11.469
Iteration number -------- 197  -----------
lambda : 2.65796
max_diff => 0.0623296
------------------------normalized = 0.431847 ----------------
performed mixing
Frob norm 1 after updating U: 11.4678
200 iterations
f(b) = 137.516
Frob norm 2 after updating B : 11.4693
Iteration number -------- 198  -----------
lambda : 2.67125
max_diff => 0.0623316
------------------------normalized = 0.431857 ----------------
performed mixing
Frob norm 1 after updating U: 11.4681
200 iterations
f(b) = 137.565
Frob norm 2 after updating B : 11.47
Iteration number -------- 199  -----------
lambda : 2.6846
max_diff => 0.0623364
------------------------normalized = 0.431884 ----------------
performed mixing
Frob norm 1 after updating U: 11.4689
200 iterations
f(b) = 137.811
Frob norm 2 after updating B : 11.47
Iteration number -------- 200  -----------
lambda : 2.69803
max_diff => 0.0623369
------------------------normalized = 0.431884 ----------------
