performing filtering
Academic license - for non-commercial use only
Frob norm 1 after updating U: 26.3896
200 iterations
f(b) = 412.098
Frob norm 2 after updating B : 19.9881
Iteration number -------- 1  -----------
lambda : 1
max_diff => 0.164209
------------------------normalized = 0.752622 ----------------
performed mixing
Frob norm 1 after updating U: 16.1506
200 iterations
f(b) = 355.064
Frob norm 2 after updating B : 18.5533
Iteration number -------- 2  -----------
lambda : 1.005
max_diff => 0.184715
------------------------normalized = 0.698598 ----------------
performed mixing
Frob norm 1 after updating U: 14.9743
200 iterations
f(b) = 306.846
Frob norm 2 after updating B : 17.2703
Iteration number -------- 3  -----------
lambda : 1.01002
max_diff => 0.423954
------------------------normalized = 0.650287 ----------------
performed mixing
Frob norm 1 after updating U: 14.1229
200 iterations
f(b) = 268.67
Frob norm 2 after updating B : 16.1577
Iteration number -------- 4  -----------
lambda : 1.01508
max_diff => 0.628649
------------------------normalized = 0.608392 ----------------
performed mixing
Frob norm 1 after updating U: 13.3391
200 iterations
f(b) = 237.234
Frob norm 2 after updating B : 15.1693
Iteration number -------- 5  -----------
lambda : 1.02015
max_diff => 0.791867
------------------------normalized = 0.571178 ----------------
performed mixing
Frob norm 1 after updating U: 12.8823
200 iterations
f(b) = 213.507
Frob norm 2 after updating B : 14.3965
Iteration number -------- 6  -----------
lambda : 1.02525
max_diff => 0.865313
------------------------normalized = 0.542078 ----------------
performed mixing
Frob norm 1 after updating U: 12.6306
200 iterations
f(b) = 196.063
Frob norm 2 after updating B : 13.8089
Iteration number -------- 7  -----------
lambda : 1.03038
max_diff => 0.882492
------------------------normalized = 0.519952 ----------------
performed mixing
Frob norm 1 after updating U: 12.4351
200 iterations
f(b) = 183.28
Frob norm 2 after updating B : 13.3644
Iteration number -------- 8  -----------
lambda : 1.03553
max_diff => 0.863705
------------------------normalized = 0.503215 ----------------
performed mixing
Frob norm 1 after updating U: 12.2606
200 iterations
f(b) = 173.677
Frob norm 2 after updating B : 13.0165
Iteration number -------- 9  -----------
lambda : 1.04071
max_diff => 0.823692
------------------------normalized = 0.490115 ----------------
performed mixing
Frob norm 1 after updating U: 12.0875
200 iterations
f(b) = 166.057
Frob norm 2 after updating B : 12.7256
Iteration number -------- 10  -----------
lambda : 1.04591
max_diff => 0.768188
------------------------normalized = 0.479162 ----------------
performed mixing
Frob norm 1 after updating U: 11.9265
200 iterations
f(b) = 159.788
Frob norm 2 after updating B : 12.4806
Iteration number -------- 11  -----------
lambda : 1.05114
max_diff => 0.708483
------------------------normalized = 0.469938 ----------------
performed mixing
Frob norm 1 after updating U: 11.7827
200 iterations
f(b) = 154.591
Frob norm 2 after updating B : 12.2656
Iteration number -------- 12  -----------
lambda : 1.0564
max_diff => 0.651026
------------------------normalized = 0.461844 ----------------
performed mixing
Frob norm 1 after updating U: 11.6826
200 iterations
f(b) = 150.515
Frob norm 2 after updating B : 12.0887
Iteration number -------- 13  -----------
lambda : 1.06168
max_diff => 0.603405
------------------------normalized = 0.455182 ----------------
performed mixing
Frob norm 1 after updating U: 11.6207
200 iterations
f(b) = 147.457
Frob norm 2 after updating B : 11.9605
Iteration number -------- 14  -----------
lambda : 1.06699
max_diff => 0.557442
------------------------normalized = 0.450355 ----------------
performed mixing
Frob norm 1 after updating U: 11.5821
200 iterations
f(b) = 145.142
Frob norm 2 after updating B : 11.8599
Iteration number -------- 15  -----------
lambda : 1.07232
max_diff => 0.516542
------------------------normalized = 0.446566 ----------------
performed mixing
Frob norm 1 after updating U: 11.5602
200 iterations
f(b) = 143.412
Frob norm 2 after updating B : 11.7842
Iteration number -------- 16  -----------
lambda : 1.07768
max_diff => 0.477383
------------------------normalized = 0.443717 ----------------
performed mixing
Frob norm 1 after updating U: 11.547
200 iterations
f(b) = 142.113
Frob norm 2 after updating B : 11.7247
Iteration number -------- 17  -----------
lambda : 1.08307
max_diff => 0.442509
------------------------normalized = 0.441475 ----------------
performed mixing
Frob norm 1 after updating U: 11.5401
200 iterations
f(b) = 141.146
Frob norm 2 after updating B : 11.6802
Iteration number -------- 18  -----------
lambda : 1.08849
max_diff => 0.409804
------------------------normalized = 0.439799 ----------------
performed mixing
Frob norm 1 after updating U: 11.5355
200 iterations
f(b) = 140.413
Frob norm 2 after updating B : 11.6478
Iteration number -------- 19  -----------
lambda : 1.09393
max_diff => 0.379423
------------------------normalized = 0.438579 ----------------
performed mixing
Frob norm 1 after updating U: 11.5321
200 iterations
f(b) = 139.838
Frob norm 2 after updating B : 11.6227
Iteration number -------- 20  -----------
lambda : 1.0994
max_diff => 0.351799
------------------------normalized = 0.437635 ----------------
performed mixing
Frob norm 1 after updating U: 11.5288
200 iterations
f(b) = 139.397
Frob norm 2 after updating B : 11.6025
Iteration number -------- 21  -----------
lambda : 1.1049
max_diff => 0.326286
------------------------normalized = 0.436874 ----------------
performed mixing
Frob norm 1 after updating U: 11.5263
200 iterations
f(b) = 139.045
Frob norm 2 after updating B : 11.5865
Iteration number -------- 22  -----------
lambda : 1.11042
max_diff => 0.303489
------------------------normalized = 0.436272 ----------------
performed mixing
Frob norm 1 after updating U: 11.5238
200 iterations
f(b) = 138.762
Frob norm 2 after updating B : 11.5754
Iteration number -------- 23  -----------
lambda : 1.11597
max_diff => 0.280787
------------------------normalized = 0.435854 ----------------
performed mixing
Frob norm 1 after updating U: 11.5223
200 iterations
f(b) = 138.529
Frob norm 2 after updating B : 11.565
Iteration number -------- 24  -----------
lambda : 1.12155
max_diff => 0.261074
------------------------normalized = 0.435461 ----------------
performed mixing
Frob norm 1 after updating U: 11.5197
200 iterations
f(b) = 138.318
Frob norm 2 after updating B : 11.5584
Iteration number -------- 25  -----------
lambda : 1.12716
max_diff => 0.241869
------------------------normalized = 0.435214 ----------------
performed mixing
Frob norm 1 after updating U: 11.5189
200 iterations
f(b) = 138.15
Frob norm 2 after updating B : 11.5508
Iteration number -------- 26  -----------
lambda : 1.1328
max_diff => 0.224589
------------------------normalized = 0.434929 ----------------
performed mixing
Frob norm 1 after updating U: 11.5162
200 iterations
f(b) = 137.993
Frob norm 2 after updating B : 11.5473
Iteration number -------- 27  -----------
lambda : 1.13846
max_diff => 0.207624
------------------------normalized = 0.434797 ----------------
performed mixing
Frob norm 1 after updating U: 11.5158
200 iterations
f(b) = 137.865
Frob norm 2 after updating B : 11.5402
Iteration number -------- 28  -----------
lambda : 1.14415
max_diff => 0.193316
------------------------normalized = 0.434527 ----------------
performed mixing
Frob norm 1 after updating U: 11.5124
200 iterations
f(b) = 137.738
Frob norm 2 after updating B : 11.5368
Iteration number -------- 29  -----------
lambda : 1.14987
max_diff => 0.179256
------------------------normalized = 0.434399 ----------------
performed mixing
Frob norm 1 after updating U: 11.5112
200 iterations
f(b) = 137.624
Frob norm 2 after updating B : 11.5334
Iteration number -------- 30  -----------
lambda : 1.15562
max_diff => 0.166034
------------------------normalized = 0.434274 ----------------
performed mixing
Frob norm 1 after updating U: 11.5099
200 iterations
f(b) = 137.518
Frob norm 2 after updating B : 11.5303
Iteration number -------- 31  -----------
lambda : 1.1614
max_diff => 0.153807
------------------------normalized = 0.434156 ----------------
performed mixing
Frob norm 1 after updating U: 11.5082
200 iterations
f(b) = 137.431
Frob norm 2 after updating B : 11.5262
Iteration number -------- 32  -----------
lambda : 1.16721
max_diff => 0.142733
------------------------normalized = 0.434003 ----------------
performed mixing
Frob norm 1 after updating U: 11.5059
200 iterations
f(b) = 137.339
Frob norm 2 after updating B : 11.5243
Iteration number -------- 33  -----------
lambda : 1.17304
max_diff => 0.132101
------------------------normalized = 0.433929 ----------------
performed mixing
Frob norm 1 after updating U: 11.505
200 iterations
f(b) = 137.258
Frob norm 2 after updating B : 11.5214
Iteration number -------- 34  -----------
lambda : 1.17891
max_diff => 0.122255
------------------------normalized = 0.433821 ----------------
performed mixing
Frob norm 1 after updating U: 11.5033
200 iterations
f(b) = 137.174
Frob norm 2 after updating B : 11.5196
Iteration number -------- 35  -----------
lambda : 1.1848
max_diff => 0.113103
------------------------normalized = 0.433752 ----------------
performed mixing
Frob norm 1 after updating U: 11.5021
200 iterations
f(b) = 137.097
Frob norm 2 after updating B : 11.5168
Iteration number -------- 36  -----------
lambda : 1.19073
max_diff => 0.104799
------------------------normalized = 0.433649 ----------------
performed mixing
Frob norm 1 after updating U: 11.5004
200 iterations
f(b) = 137.038
Frob norm 2 after updating B : 11.5142
Iteration number -------- 37  -----------
lambda : 1.19668
max_diff => 0.0969981
------------------------normalized = 0.433551 ----------------
performed mixing
Frob norm 1 after updating U: 11.4986
200 iterations
f(b) = 136.977
Frob norm 2 after updating B : 11.5115
Iteration number -------- 38  -----------
lambda : 1.20266
max_diff => 0.0898902
------------------------normalized = 0.433448 ----------------
performed mixing
Frob norm 1 after updating U: 11.4967
200 iterations
f(b) = 136.903
Frob norm 2 after updating B : 11.5105
Iteration number -------- 39  -----------
lambda : 1.20868
max_diff => 0.082647
------------------------normalized = 0.433412 ----------------
performed mixing
Frob norm 1 after updating U: 11.496
200 iterations
f(b) = 136.852
Frob norm 2 after updating B : 11.508
Iteration number -------- 40  -----------
lambda : 1.21472
max_diff => 0.0763313
------------------------normalized = 0.433317 ----------------
performed mixing
Frob norm 1 after updating U: 11.4941
200 iterations
f(b) = 136.793
Frob norm 2 after updating B : 11.5067
Iteration number -------- 41  -----------
lambda : 1.22079
max_diff => 0.0702665
------------------------normalized = 0.433266 ----------------
performed mixing
Frob norm 1 after updating U: 11.4931
200 iterations
f(b) = 136.735
Frob norm 2 after updating B : 11.5046
Iteration number -------- 42  -----------
lambda : 1.2269
max_diff => 0.0646349
------------------------normalized = 0.433187 ----------------
performed mixing
Frob norm 1 after updating U: 11.4916
200 iterations
f(b) = 136.685
Frob norm 2 after updating B : 11.5031
Iteration number -------- 43  -----------
lambda : 1.23303
max_diff => 0.062269
------------------------normalized = 0.433132 ----------------
performed mixing
Frob norm 1 after updating U: 11.4904
200 iterations
f(b) = 136.63
Frob norm 2 after updating B : 11.5014
Iteration number -------- 44  -----------
lambda : 1.2392
max_diff => 0.0622833
------------------------normalized = 0.433068 ----------------
performed mixing
Frob norm 1 after updating U: 11.489
200 iterations
f(b) = 136.596
Frob norm 2 after updating B : 11.4992
Iteration number -------- 45  -----------
lambda : 1.24539
max_diff => 0.0622516
------------------------normalized = 0.432986 ----------------
performed mixing
Frob norm 1 after updating U: 11.4874
200 iterations
f(b) = 136.533
Frob norm 2 after updating B : 11.4985
Iteration number -------- 46  -----------
lambda : 1.25162
max_diff => 0.0623131
------------------------normalized = 0.432958 ----------------
performed mixing
Frob norm 1 after updating U: 11.4866
200 iterations
f(b) = 136.496
Frob norm 2 after updating B : 11.4966
Iteration number -------- 47  -----------
lambda : 1.25788
max_diff => 0.0622978
------------------------normalized = 0.432887 ----------------
performed mixing
Frob norm 1 after updating U: 11.4852
200 iterations
f(b) = 136.447
Frob norm 2 after updating B : 11.4952
Iteration number -------- 48  -----------
lambda : 1.26417
max_diff => 0.0623061
------------------------normalized = 0.432833 ----------------
performed mixing
Frob norm 1 after updating U: 11.484
200 iterations
f(b) = 136.395
Frob norm 2 after updating B : 11.4944
Iteration number -------- 49  -----------
lambda : 1.27049
max_diff => 0.0623627
------------------------normalized = 0.432805 ----------------
performed mixing
Frob norm 1 after updating U: 11.4833
200 iterations
f(b) = 136.366
Frob norm 2 after updating B : 11.4926
Iteration number -------- 50  -----------
lambda : 1.27684
max_diff => 0.0623429
------------------------normalized = 0.432736 ----------------
performed mixing
Frob norm 1 after updating U: 11.4819
200 iterations
f(b) = 136.318
Frob norm 2 after updating B : 11.4912
Iteration number -------- 51  -----------
lambda : 1.28323
max_diff => 0.0623531
------------------------normalized = 0.432685 ----------------
performed mixing
Frob norm 1 after updating U: 11.4805
200 iterations
f(b) = 136.269
Frob norm 2 after updating B : 11.4904
Iteration number -------- 52  -----------
lambda : 1.28964
max_diff => 0.0623821
------------------------normalized = 0.432652 ----------------
performed mixing
Frob norm 1 after updating U: 11.4799
200 iterations
f(b) = 136.23
Frob norm 2 after updating B : 11.4889
Iteration number -------- 53  -----------
lambda : 1.29609
max_diff => 0.0623788
------------------------normalized = 0.432595 ----------------
performed mixing
Frob norm 1 after updating U: 11.4786
200 iterations
f(b) = 136.192
Frob norm 2 after updating B : 11.4877
Iteration number -------- 54  -----------
lambda : 1.30257
max_diff => 0.0623854
------------------------normalized = 0.43255 ----------------
performed mixing
Frob norm 1 after updating U: 11.4775
200 iterations
f(b) = 136.163
Frob norm 2 after updating B : 11.4861
Iteration number -------- 55  -----------
lambda : 1.30908
max_diff => 0.0623725
------------------------normalized = 0.432491 ----------------
performed mixing
Frob norm 1 after updating U: 11.4762
200 iterations
f(b) = 136.129
Frob norm 2 after updating B : 11.4849
Iteration number -------- 56  -----------
lambda : 1.31563
max_diff => 0.0623769
------------------------normalized = 0.432445 ----------------
performed mixing
Frob norm 1 after updating U: 11.4752
200 iterations
f(b) = 136.097
Frob norm 2 after updating B : 11.4835
Iteration number -------- 57  -----------
lambda : 1.32221
max_diff => 0.0623807
------------------------normalized = 0.432395 ----------------
performed mixing
Frob norm 1 after updating U: 11.474
200 iterations
f(b) = 136.044
Frob norm 2 after updating B : 11.4833
Iteration number -------- 58  -----------
lambda : 1.32882
max_diff => 0.0624307
------------------------normalized = 0.432386 ----------------
performed mixing
Frob norm 1 after updating U: 11.4738
200 iterations
f(b) = 136.006
Frob norm 2 after updating B : 11.4822
Iteration number -------- 59  -----------
lambda : 1.33546
max_diff => 0.06243
------------------------normalized = 0.432343 ----------------
performed mixing
Frob norm 1 after updating U: 11.4728
200 iterations
f(b) = 135.993
Frob norm 2 after updating B : 11.4804
Iteration number -------- 60  -----------
lambda : 1.34214
max_diff => 0.062413
------------------------normalized = 0.432277 ----------------
performed mixing
Frob norm 1 after updating U: 11.4713
200 iterations
f(b) = 135.96
Frob norm 2 after updating B : 11.4796
Iteration number -------- 61  -----------
lambda : 1.34885
max_diff => 0.0624149
------------------------normalized = 0.432245 ----------------
performed mixing
Frob norm 1 after updating U: 11.4706
200 iterations
f(b) = 135.905
Frob norm 2 after updating B : 11.479
Iteration number -------- 62  -----------
lambda : 1.35559
max_diff => 0.0624481
------------------------normalized = 0.432225 ----------------
performed mixing
Frob norm 1 after updating U: 11.4701
200 iterations
f(b) = 135.868
Frob norm 2 after updating B : 11.478
Iteration number -------- 63  -----------
lambda : 1.36237
max_diff => 0.0624579
------------------------normalized = 0.432188 ----------------
performed mixing
Frob norm 1 after updating U: 11.4692
200 iterations
f(b) = 135.841
Frob norm 2 after updating B : 11.477
Iteration number -------- 64  -----------
lambda : 1.36918
max_diff => 0.0624632
------------------------normalized = 0.432148 ----------------
performed mixing
Frob norm 1 after updating U: 11.4684
200 iterations
f(b) = 135.799
Frob norm 2 after updating B : 11.4767
Iteration number -------- 65  -----------
lambda : 1.37603
max_diff => 0.0624825
------------------------normalized = 0.432136 ----------------
performed mixing
Frob norm 1 after updating U: 11.4681
200 iterations
f(b) = 135.774
Frob norm 2 after updating B : 11.4751
Iteration number -------- 66  -----------
lambda : 1.38291
max_diff => 0.0624784
------------------------normalized = 0.432079 ----------------
performed mixing
Frob norm 1 after updating U: 11.4668
200 iterations
f(b) = 135.728
Frob norm 2 after updating B : 11.4749
Iteration number -------- 67  -----------
lambda : 1.38982
max_diff => 0.0624911
------------------------normalized = 0.43207 ----------------
performed mixing
Frob norm 1 after updating U: 11.4666
200 iterations
f(b) = 135.718
Frob norm 2 after updating B : 11.4735
Iteration number -------- 68  -----------
lambda : 1.39677
max_diff => 0.0624858
------------------------normalized = 0.432016 ----------------
performed mixing
Frob norm 1 after updating U: 11.4654
200 iterations
f(b) = 135.692
Frob norm 2 after updating B : 11.4727
Iteration number -------- 69  -----------
lambda : 1.40376
max_diff => 0.0624845
------------------------normalized = 0.431987 ----------------
performed mixing
Frob norm 1 after updating U: 11.4646
200 iterations
f(b) = 135.662
Frob norm 2 after updating B : 11.4718
Iteration number -------- 70  -----------
lambda : 1.41078
max_diff => 0.0624893
------------------------normalized = 0.431953 ----------------
performed mixing
Frob norm 1 after updating U: 11.4638
200 iterations
f(b) = 135.642
Frob norm 2 after updating B : 11.4711
Iteration number -------- 71  -----------
lambda : 1.41783
max_diff => 0.0624905
------------------------normalized = 0.431925 ----------------
performed mixing
Frob norm 1 after updating U: 11.4632
200 iterations
f(b) = 135.612
Frob norm 2 after updating B : 11.4704
Iteration number -------- 72  -----------
lambda : 1.42492
max_diff => 0.0624946
------------------------normalized = 0.431899 ----------------
performed mixing
Frob norm 1 after updating U: 11.4626
200 iterations
f(b) = 135.562
Frob norm 2 after updating B : 11.4701
Iteration number -------- 73  -----------
lambda : 1.43204
max_diff => 0.0624999
------------------------normalized = 0.431891 ----------------
performed mixing
Frob norm 1 after updating U: 11.4625
200 iterations
f(b) = 135.536
Frob norm 2 after updating B : 11.4694
Iteration number -------- 74  -----------
lambda : 1.4392
max_diff => 0.0625
------------------------normalized = 0.431862 ----------------
performed mixing
Frob norm 1 after updating U: 11.4618
200 iterations
f(b) = 135.506
Frob norm 2 after updating B : 11.4688
Iteration number -------- 75  -----------
lambda : 1.4464
max_diff => 0.0624991
------------------------normalized = 0.431841 ----------------
performed mixing
Frob norm 1 after updating U: 11.4614
200 iterations
f(b) = 135.486
Frob norm 2 after updating B : 11.4681
Iteration number -------- 76  -----------
lambda : 1.45363
max_diff => 0.0624983
------------------------normalized = 0.431813 ----------------
performed mixing
Frob norm 1 after updating U: 11.4608
200 iterations
f(b) = 135.464
Frob norm 2 after updating B : 11.4669
Iteration number -------- 77  -----------
lambda : 1.4609
max_diff => 0.0624977
------------------------normalized = 0.431769 ----------------
performed mixing
Frob norm 1 after updating U: 11.4601
200 iterations
f(b) = 135.431
Frob norm 2 after updating B : 11.4662
Iteration number -------- 78  -----------
lambda : 1.46821
max_diff => 0.0624909
------------------------normalized = 0.431743 ----------------
performed mixing
Frob norm 1 after updating U: 11.4605
200 iterations
f(b) = 135.42
Frob norm 2 after updating B : 11.4651
Iteration number -------- 79  -----------
lambda : 1.47555
max_diff => 0.0624868
------------------------normalized = 0.431701 ----------------
performed mixing
Frob norm 1 after updating U: 11.4607
200 iterations
f(b) = 135.424
Frob norm 2 after updating B : 11.4645
Iteration number -------- 80  -----------
lambda : 1.48292
max_diff => 0.0624856
------------------------normalized = 0.431678 ----------------
performed mixing
Frob norm 1 after updating U: 11.4609
200 iterations
f(b) = 135.415
Frob norm 2 after updating B : 11.4644
Iteration number -------- 81  -----------
lambda : 1.49034
max_diff => 0.0624736
------------------------normalized = 0.431674 ----------------
performed mixing
Frob norm 1 after updating U: 11.4613
200 iterations
f(b) = 135.434
Frob norm 2 after updating B : 11.4642
Iteration number -------- 82  -----------
lambda : 1.49779
max_diff => 0.0624709
------------------------normalized = 0.431665 ----------------
performed mixing
Frob norm 1 after updating U: 11.4616
200 iterations
f(b) = 135.447
Frob norm 2 after updating B : 11.4639
Iteration number -------- 83  -----------
lambda : 1.50528
max_diff => 0.0624721
------------------------normalized = 0.431654 ----------------
performed mixing
Frob norm 1 after updating U: 11.4615
200 iterations
f(b) = 135.462
Frob norm 2 after updating B : 11.4639
Iteration number -------- 84  -----------
lambda : 1.51281
max_diff => 0.0624687
------------------------normalized = 0.431656 ----------------
performed mixing
Frob norm 1 after updating U: 11.4618
200 iterations
f(b) = 135.482
Frob norm 2 after updating B : 11.4638
Iteration number -------- 85  -----------
lambda : 1.52037
max_diff => 0.0624698
------------------------normalized = 0.431651 ----------------
performed mixing
Frob norm 1 after updating U: 11.4617
200 iterations
f(b) = 135.5
Frob norm 2 after updating B : 11.4642
Iteration number -------- 86  -----------
lambda : 1.52797
max_diff => 0.0624596
------------------------normalized = 0.431668 ----------------
performed mixing
Frob norm 1 after updating U: 11.4623
200 iterations
f(b) = 135.531
Frob norm 2 after updating B : 11.4639
Iteration number -------- 87  -----------
lambda : 1.53561
max_diff => 0.062464
------------------------normalized = 0.431657 ----------------
performed mixing
Frob norm 1 after updating U: 11.462
200 iterations
f(b) = 135.55
Frob norm 2 after updating B : 11.4643
Iteration number -------- 88  -----------
lambda : 1.54329
max_diff => 0.0624591
------------------------normalized = 0.431669 ----------------
performed mixing
Frob norm 1 after updating U: 11.4624
200 iterations
f(b) = 135.566
Frob norm 2 after updating B : 11.4644
Iteration number -------- 89  -----------
lambda : 1.55101
max_diff => 0.0624487
------------------------normalized = 0.431674 ----------------
performed mixing
Frob norm 1 after updating U: 11.4625
200 iterations
f(b) = 135.601
Frob norm 2 after updating B : 11.4644
Iteration number -------- 90  -----------
lambda : 1.55876
max_diff => 0.0624568
------------------------normalized = 0.431673 ----------------
performed mixing
Frob norm 1 after updating U: 11.4624
200 iterations
f(b) = 135.617
Frob norm 2 after updating B : 11.4645
Iteration number -------- 91  -----------
lambda : 1.56655
max_diff => 0.0624521
------------------------normalized = 0.43168 ----------------
performed mixing
Frob norm 1 after updating U: 11.4626
200 iterations
f(b) = 135.63
Frob norm 2 after updating B : 11.4647
Iteration number -------- 92  -----------
lambda : 1.57439
max_diff => 0.0624462
------------------------normalized = 0.431686 ----------------
performed mixing
Frob norm 1 after updating U: 11.4628
200 iterations
f(b) = 135.674
Frob norm 2 after updating B : 11.4645
Iteration number -------- 93  -----------
lambda : 1.58226
max_diff => 0.0624513
------------------------normalized = 0.431678 ----------------
performed mixing
Frob norm 1 after updating U: 11.4625
200 iterations
f(b) = 135.68
Frob norm 2 after updating B : 11.465
Iteration number -------- 94  -----------
lambda : 1.59017
max_diff => 0.0624478
------------------------normalized = 0.431697 ----------------
performed mixing
Frob norm 1 after updating U: 11.463
200 iterations
f(b) = 135.71
Frob norm 2 after updating B : 11.465
Iteration number -------- 95  -----------
lambda : 1.59812
max_diff => 0.0624466
------------------------normalized = 0.431696 ----------------
performed mixing
Frob norm 1 after updating U: 11.4629
200 iterations
f(b) = 135.732
Frob norm 2 after updating B : 11.4651
Iteration number -------- 96  -----------
lambda : 1.60611
max_diff => 0.0624422
------------------------normalized = 0.431701 ----------------
performed mixing
Frob norm 1 after updating U: 11.463
200 iterations
f(b) = 135.754
Frob norm 2 after updating B : 11.4652
Iteration number -------- 97  -----------
lambda : 1.61414
max_diff => 0.0624427
------------------------normalized = 0.431703 ----------------
performed mixing
Frob norm 1 after updating U: 11.463
200 iterations
f(b) = 135.771
Frob norm 2 after updating B : 11.4656
Iteration number -------- 98  -----------
lambda : 1.62221
max_diff => 0.0624349
------------------------normalized = 0.431719 ----------------
performed mixing
Frob norm 1 after updating U: 11.4634
200 iterations
f(b) = 135.797
Frob norm 2 after updating B : 11.4657
Iteration number -------- 99  -----------
lambda : 1.63032
max_diff => 0.062431
------------------------normalized = 0.431722 ----------------
performed mixing
Frob norm 1 after updating U: 11.4634
200 iterations
f(b) = 135.831
Frob norm 2 after updating B : 11.4656
Iteration number -------- 100  -----------
lambda : 1.63848
max_diff => 0.0624405
------------------------normalized = 0.431721 ----------------
performed mixing
Frob norm 1 after updating U: 11.4632
200 iterations
f(b) = 135.849
Frob norm 2 after updating B : 11.4659
Iteration number -------- 101  -----------
lambda : 1.64667
max_diff => 0.0624374
------------------------normalized = 0.43173 ----------------
performed mixing
Frob norm 1 after updating U: 11.4635
200 iterations
f(b) = 135.848
Frob norm 2 after updating B : 11.4666
Iteration number -------- 102  -----------
lambda : 1.6549
max_diff => 0.0624051
------------------------normalized = 0.431755 ----------------
performed mixing
Frob norm 1 after updating U: 11.4641
200 iterations
f(b) = 135.896
Frob norm 2 after updating B : 11.4657
Iteration number -------- 103  -----------
lambda : 1.66318
max_diff => 0.0624274
------------------------normalized = 0.431724 ----------------
performed mixing
Frob norm 1 after updating U: 11.4631
200 iterations
f(b) = 135.913
Frob norm 2 after updating B : 11.4661
Iteration number -------- 104  -----------
lambda : 1.67149
max_diff => 0.0624284
------------------------normalized = 0.43174 ----------------
performed mixing
Frob norm 1 after updating U: 11.4635
200 iterations
f(b) = 135.93
Frob norm 2 after updating B : 11.4662
Iteration number -------- 105  -----------
lambda : 1.67985
max_diff => 0.0624234
------------------------normalized = 0.431742 ----------------
performed mixing
Frob norm 1 after updating U: 11.4636
200 iterations
f(b) = 135.957
Frob norm 2 after updating B : 11.4664
Iteration number -------- 106  -----------
lambda : 1.68825
max_diff => 0.0624219
------------------------normalized = 0.431751 ----------------
performed mixing
Frob norm 1 after updating U: 11.4638
200 iterations
f(b) = 135.97
Frob norm 2 after updating B : 11.4662
Iteration number -------- 107  -----------
lambda : 1.69669
max_diff => 0.0624172
------------------------normalized = 0.431743 ----------------
performed mixing
Frob norm 1 after updating U: 11.4635
200 iterations
f(b) = 135.994
Frob norm 2 after updating B : 11.4666
Iteration number -------- 108  -----------
lambda : 1.70517
max_diff => 0.0624162
------------------------normalized = 0.431758 ----------------
performed mixing
Frob norm 1 after updating U: 11.4639
200 iterations
f(b) = 136.03
Frob norm 2 after updating B : 11.466
Iteration number -------- 109  -----------
lambda : 1.7137
max_diff => 0.0624223
------------------------normalized = 0.431733 ----------------
performed mixing
Frob norm 1 after updating U: 11.4631
200 iterations
f(b) = 136.041
Frob norm 2 after updating B : 11.4667
Iteration number -------- 110  -----------
lambda : 1.72227
max_diff => 0.0624194
------------------------normalized = 0.431761 ----------------
performed mixing
Frob norm 1 after updating U: 11.4638
200 iterations
f(b) = 136.06
Frob norm 2 after updating B : 11.4662
Iteration number -------- 111  -----------
lambda : 1.73088
max_diff => 0.0624136
------------------------normalized = 0.43174 ----------------
performed mixing
Frob norm 1 after updating U: 11.4633
200 iterations
f(b) = 136.088
Frob norm 2 after updating B : 11.4665
Iteration number -------- 112  -----------
lambda : 1.73953
max_diff => 0.0624163
------------------------normalized = 0.431753 ----------------
performed mixing
Frob norm 1 after updating U: 11.4635
200 iterations
f(b) = 136.118
Frob norm 2 after updating B : 11.4664
Iteration number -------- 113  -----------
lambda : 1.74823
max_diff => 0.0624201
------------------------normalized = 0.431748 ----------------
performed mixing
Frob norm 1 after updating U: 11.4634
200 iterations
f(b) = 136.143
Frob norm 2 after updating B : 11.4666
Iteration number -------- 114  -----------
lambda : 1.75697
max_diff => 0.0624211
------------------------normalized = 0.431758 ----------------
performed mixing
Frob norm 1 after updating U: 11.4635
200 iterations
f(b) = 136.166
Frob norm 2 after updating B : 11.4663
Iteration number -------- 115  -----------
lambda : 1.76576
max_diff => 0.0624191
------------------------normalized = 0.431745 ----------------
performed mixing
Frob norm 1 after updating U: 11.4632
200 iterations
f(b) = 136.164
Frob norm 2 after updating B : 11.4667
Iteration number -------- 116  -----------
lambda : 1.77459
max_diff => 0.0624113
------------------------normalized = 0.431759 ----------------
performed mixing
Frob norm 1 after updating U: 11.4636
200 iterations
f(b) = 136.2
Frob norm 2 after updating B : 11.4664
Iteration number -------- 117  -----------
lambda : 1.78346
max_diff => 0.0624153
------------------------normalized = 0.431751 ----------------
performed mixing
Frob norm 1 after updating U: 11.4633
200 iterations
f(b) = 136.225
Frob norm 2 after updating B : 11.4666
Iteration number -------- 118  -----------
lambda : 1.79238
max_diff => 0.0624146
------------------------normalized = 0.431758 ----------------
performed mixing
Frob norm 1 after updating U: 11.4634
200 iterations
f(b) = 136.247
Frob norm 2 after updating B : 11.4667
Iteration number -------- 119  -----------
lambda : 1.80134
max_diff => 0.0624157
------------------------normalized = 0.431761 ----------------
performed mixing
Frob norm 1 after updating U: 11.4634
200 iterations
f(b) = 136.263
Frob norm 2 after updating B : 11.4668
Iteration number -------- 120  -----------
lambda : 1.81035
max_diff => 0.0624166
------------------------normalized = 0.431764 ----------------
performed mixing
Frob norm 1 after updating U: 11.4634
200 iterations
f(b) = 136.275
Frob norm 2 after updating B : 11.4671
Iteration number -------- 121  -----------
lambda : 1.8194
max_diff => 0.062409
------------------------normalized = 0.431776 ----------------
performed mixing
Frob norm 1 after updating U: 11.4637
200 iterations
f(b) = 136.314
Frob norm 2 after updating B : 11.4666
Iteration number -------- 122  -----------
lambda : 1.82849
max_diff => 0.0624095
------------------------normalized = 0.431756 ----------------
performed mixing
Frob norm 1 after updating U: 11.4632
200 iterations
f(b) = 136.328
Frob norm 2 after updating B : 11.4665
Iteration number -------- 123  -----------
lambda : 1.83764
max_diff => 0.062408
------------------------normalized = 0.431755 ----------------
performed mixing
Frob norm 1 after updating U: 11.4631
200 iterations
f(b) = 136.316
Frob norm 2 after updating B : 11.4671
Iteration number -------- 124  -----------
lambda : 1.84682
max_diff => 0.0623839
------------------------normalized = 0.431776 ----------------
performed mixing
Frob norm 1 after updating U: 11.4637
200 iterations
f(b) = 136.339
Frob norm 2 after updating B : 11.4672
Iteration number -------- 125  -----------
lambda : 1.85606
max_diff => 0.062376
------------------------normalized = 0.431779 ----------------
performed mixing
Frob norm 1 after updating U: 11.4638
200 iterations
f(b) = 136.372
Frob norm 2 after updating B : 11.4664
Iteration number -------- 126  -----------
lambda : 1.86534
max_diff => 0.0623861
------------------------normalized = 0.43175 ----------------
performed mixing
Frob norm 1 after updating U: 11.463
200 iterations
f(b) = 136.386
Frob norm 2 after updating B : 11.4672
Iteration number -------- 127  -----------
lambda : 1.87467
max_diff => 0.0623838
------------------------normalized = 0.43178 ----------------
performed mixing
Frob norm 1 after updating U: 11.4637
200 iterations
f(b) = 136.416
Frob norm 2 after updating B : 11.4664
Iteration number -------- 128  -----------
lambda : 1.88404
max_diff => 0.0623855
------------------------normalized = 0.431749 ----------------
performed mixing
Frob norm 1 after updating U: 11.4629
200 iterations
f(b) = 136.424
Frob norm 2 after updating B : 11.4672
Iteration number -------- 129  -----------
lambda : 1.89346
max_diff => 0.0623839
------------------------normalized = 0.431778 ----------------
performed mixing
Frob norm 1 after updating U: 11.4635
200 iterations
f(b) = 136.427
Frob norm 2 after updating B : 11.4669
Iteration number -------- 130  -----------
lambda : 1.90293
max_diff => 0.0623659
------------------------normalized = 0.431769 ----------------
performed mixing
Frob norm 1 after updating U: 11.4634
200 iterations
f(b) = 136.479
Frob norm 2 after updating B : 11.4668
Iteration number -------- 131  -----------
lambda : 1.91244
max_diff => 0.0623749
------------------------normalized = 0.431764 ----------------
performed mixing
Frob norm 1 after updating U: 11.4631
200 iterations
f(b) = 136.452
Frob norm 2 after updating B : 11.4668
Iteration number -------- 132  -----------
lambda : 1.922
max_diff => 0.0623414
------------------------normalized = 0.431766 ----------------
performed mixing
Frob norm 1 after updating U: 11.4633
200 iterations
f(b) = 136.478
Frob norm 2 after updating B : 11.4674
Iteration number -------- 133  -----------
lambda : 1.93161
max_diff => 0.0623458
------------------------normalized = 0.431786 ----------------
performed mixing
Frob norm 1 after updating U: 11.4638
200 iterations
f(b) = 136.522
Frob norm 2 after updating B : 11.4667
Iteration number -------- 134  -----------
lambda : 1.94127
max_diff => 0.0623548
------------------------normalized = 0.431762 ----------------
performed mixing
Frob norm 1 after updating U: 11.463
200 iterations
f(b) = 136.512
Frob norm 2 after updating B : 11.4673
Iteration number -------- 135  -----------
lambda : 1.95098
max_diff => 0.0623387
------------------------normalized = 0.431785 ----------------
performed mixing
Frob norm 1 after updating U: 11.4637
200 iterations
f(b) = 136.515
Frob norm 2 after updating B : 11.4673
Iteration number -------- 136  -----------
lambda : 1.96073
max_diff => 0.0623254
------------------------normalized = 0.431785 ----------------
performed mixing
Frob norm 1 after updating U: 11.4637
200 iterations
f(b) = 136.583
Frob norm 2 after updating B : 11.4667
Iteration number -------- 137  -----------
lambda : 1.97054
max_diff => 0.0623431
------------------------normalized = 0.431759 ----------------
performed mixing
Frob norm 1 after updating U: 11.4629
200 iterations
f(b) = 136.594
Frob norm 2 after updating B : 11.4671
Iteration number -------- 138  -----------
lambda : 1.98039
max_diff => 0.0623452
------------------------normalized = 0.431777 ----------------
performed mixing
Frob norm 1 after updating U: 11.4633
200 iterations
f(b) = 136.606
Frob norm 2 after updating B : 11.4666
Iteration number -------- 139  -----------
lambda : 1.99029
max_diff => 0.0623464
------------------------normalized = 0.431757 ----------------
performed mixing
Frob norm 1 after updating U: 11.4627
200 iterations
f(b) = 136.622
Frob norm 2 after updating B : 11.4672
Iteration number -------- 140  -----------
lambda : 2.00024
max_diff => 0.0623418
------------------------normalized = 0.431778 ----------------
performed mixing
Frob norm 1 after updating U: 11.4633
200 iterations
f(b) = 136.612
Frob norm 2 after updating B : 11.4669
Iteration number -------- 141  -----------
lambda : 2.01024
max_diff => 0.0623188
------------------------normalized = 0.431769 ----------------
performed mixing
Frob norm 1 after updating U: 11.4632
200 iterations
f(b) = 136.62
Frob norm 2 after updating B : 11.4672
Iteration number -------- 142  -----------
lambda : 2.02029
max_diff => 0.0623097
------------------------normalized = 0.431779 ----------------
performed mixing
Frob norm 1 after updating U: 11.4634
200 iterations
f(b) = 136.678
Frob norm 2 after updating B : 11.467
Iteration number -------- 143  -----------
lambda : 2.0304
max_diff => 0.062321
------------------------normalized = 0.431772 ----------------
performed mixing
Frob norm 1 after updating U: 11.4631
200 iterations
f(b) = 136.684
Frob norm 2 after updating B : 11.4672
Iteration number -------- 144  -----------
lambda : 2.04055
max_diff => 0.0623203
------------------------normalized = 0.43178 ----------------
performed mixing
Frob norm 1 after updating U: 11.4633
200 iterations
f(b) = 136.668
Frob norm 2 after updating B : 11.4672
Iteration number -------- 145  -----------
lambda : 2.05075
max_diff => 0.0622909
------------------------normalized = 0.431779 ----------------
performed mixing
Frob norm 1 after updating U: 11.4634
200 iterations
f(b) = 136.713
Frob norm 2 after updating B : 11.4672
Iteration number -------- 146  -----------
lambda : 2.061
max_diff => 0.0623036
------------------------normalized = 0.43178 ----------------
performed mixing
Frob norm 1 after updating U: 11.4632
200 iterations
f(b) = 136.742
Frob norm 2 after updating B : 11.4668
Iteration number -------- 147  -----------
lambda : 2.07131
max_diff => 0.0623089
------------------------normalized = 0.431764 ----------------
performed mixing
Frob norm 1 after updating U: 11.4628
200 iterations
f(b) = 136.758
Frob norm 2 after updating B : 11.4669
Iteration number -------- 148  -----------
lambda : 2.08167
max_diff => 0.0623043
------------------------normalized = 0.431767 ----------------
performed mixing
Frob norm 1 after updating U: 11.4629
200 iterations
f(b) = 136.759
Frob norm 2 after updating B : 11.4668
Iteration number -------- 149  -----------
lambda : 2.09207
max_diff => 0.0622956
------------------------normalized = 0.431765 ----------------
performed mixing
Frob norm 1 after updating U: 11.4629
200 iterations
f(b) = 136.765
Frob norm 2 after updating B : 11.4671
Iteration number -------- 150  -----------
lambda : 2.10253
max_diff => 0.0622827
------------------------normalized = 0.431777 ----------------
performed mixing
Frob norm 1 after updating U: 11.4632
200 iterations
f(b) = 136.806
Frob norm 2 after updating B : 11.4665
Iteration number -------- 151  -----------
lambda : 2.11305
max_diff => 0.0622857
------------------------normalized = 0.431754 ----------------
performed mixing
Frob norm 1 after updating U: 11.4625
200 iterations
f(b) = 136.816
Frob norm 2 after updating B : 11.4669
Iteration number -------- 152  -----------
lambda : 2.12361
max_diff => 0.0622853
------------------------normalized = 0.431768 ----------------
performed mixing
Frob norm 1 after updating U: 11.4629
200 iterations
f(b) = 136.804
Frob norm 2 after updating B : 11.4672
Iteration number -------- 153  -----------
lambda : 2.13423
max_diff => 0.0622544
------------------------normalized = 0.43178 ----------------
performed mixing
Frob norm 1 after updating U: 11.4634
200 iterations
f(b) = 136.837
Frob norm 2 after updating B : 11.4666
Iteration number -------- 154  -----------
lambda : 2.1449
max_diff => 0.0622616
------------------------normalized = 0.431756 ----------------
performed mixing
Frob norm 1 after updating U: 11.4626
200 iterations
f(b) = 136.867
Frob norm 2 after updating B : 11.4669
Iteration number -------- 155  -----------
lambda : 2.15563
max_diff => 0.062263
------------------------normalized = 0.431769 ----------------
performed mixing
Frob norm 1 after updating U: 11.4629
200 iterations
f(b) = 136.873
Frob norm 2 after updating B : 11.4662
Iteration number -------- 156  -----------
lambda : 2.1664
max_diff => 0.0622614
------------------------normalized = 0.431742 ----------------
performed mixing
Frob norm 1 after updating U: 11.4621
200 iterations
f(b) = 136.855
Frob norm 2 after updating B : 11.467
Iteration number -------- 157  -----------
lambda : 2.17724
max_diff => 0.0622286
------------------------normalized = 0.431771 ----------------
performed mixing
Frob norm 1 after updating U: 11.4631
200 iterations
f(b) = 136.898
Frob norm 2 after updating B : 11.4656
Iteration number -------- 158  -----------
lambda : 2.18812
max_diff => 0.0622385
------------------------normalized = 0.431719 ----------------
performed mixing
Frob norm 1 after updating U: 11.4615
200 iterations
f(b) = 136.901
Frob norm 2 after updating B : 11.4666
Iteration number -------- 159  -----------
lambda : 2.19906
max_diff => 0.0622273
------------------------normalized = 0.431757 ----------------
performed mixing
Frob norm 1 after updating U: 11.4626
200 iterations
f(b) = 136.919
Frob norm 2 after updating B : 11.4659
Iteration number -------- 160  -----------
lambda : 2.21006
max_diff => 0.0622251
------------------------normalized = 0.431732 ----------------
performed mixing
Frob norm 1 after updating U: 11.4619
200 iterations
f(b) = 136.955
Frob norm 2 after updating B : 11.4665
Iteration number -------- 161  -----------
lambda : 2.22111
max_diff => 0.062225
------------------------normalized = 0.431753 ----------------
performed mixing
Frob norm 1 after updating U: 11.4624
200 iterations
f(b) = 136.937
Frob norm 2 after updating B : 11.4662
Iteration number -------- 162  -----------
lambda : 2.23221
max_diff => 0.0622071
------------------------normalized = 0.431743 ----------------
performed mixing
Frob norm 1 after updating U: 11.4623
200 iterations
f(b) = 136.974
Frob norm 2 after updating B : 11.4665
Iteration number -------- 163  -----------
lambda : 2.24338
max_diff => 0.062206
------------------------normalized = 0.431754 ----------------
performed mixing
Frob norm 1 after updating U: 11.4625
200 iterations
f(b) = 137.005
Frob norm 2 after updating B : 11.4663
Iteration number -------- 164  -----------
lambda : 2.25459
max_diff => 0.0622032
------------------------normalized = 0.431747 ----------------
performed mixing
Frob norm 1 after updating U: 11.4623
200 iterations
f(b) = 137.018
Frob norm 2 after updating B : 11.4651
Iteration number -------- 165  -----------
lambda : 2.26587
max_diff => 0.0621979
------------------------normalized = 0.4317 ----------------
performed mixing
Frob norm 1 after updating U: 11.461
200 iterations
f(b) = 137.029
Frob norm 2 after updating B : 11.4663
Iteration number -------- 166  -----------
lambda : 2.27719
max_diff => 0.062191
------------------------normalized = 0.431744 ----------------
performed mixing
Frob norm 1 after updating U: 11.4622
200 iterations
f(b) = 137.037
Frob norm 2 after updating B : 11.4664
Iteration number -------- 167  -----------
lambda : 2.28858
max_diff => 0.0621852
------------------------normalized = 0.431749 ----------------
performed mixing
Frob norm 1 after updating U: 11.4623
200 iterations
f(b) = 137.05
Frob norm 2 after updating B : 11.4666
Iteration number -------- 168  -----------
lambda : 2.30002
max_diff => 0.0621766
------------------------normalized = 0.431755 ----------------
performed mixing
Frob norm 1 after updating U: 11.4625
200 iterations
f(b) = 137.078
Frob norm 2 after updating B : 11.4665
Iteration number -------- 169  -----------
lambda : 2.31152
max_diff => 0.062169
------------------------normalized = 0.431752 ----------------
performed mixing
Frob norm 1 after updating U: 11.4624
200 iterations
f(b) = 137.081
Frob norm 2 after updating B : 11.4665
Iteration number -------- 170  -----------
lambda : 2.32308
max_diff => 0.0621604
------------------------normalized = 0.431754 ----------------
performed mixing
Frob norm 1 after updating U: 11.4625
200 iterations
f(b) = 137.1
Frob norm 2 after updating B : 11.4663
Iteration number -------- 171  -----------
lambda : 2.3347
max_diff => 0.0621524
------------------------normalized = 0.431746 ----------------
performed mixing
Frob norm 1 after updating U: 11.4623
200 iterations
f(b) = 137.093
Frob norm 2 after updating B : 11.4661
Iteration number -------- 172  -----------
lambda : 2.34637
max_diff => 0.0621476
------------------------normalized = 0.431737 ----------------
performed mixing
Frob norm 1 after updating U: 11.462
200 iterations
f(b) = 137.097
Frob norm 2 after updating B : 11.4663
Iteration number -------- 173  -----------
lambda : 2.3581
max_diff => 0.0621393
------------------------normalized = 0.431747 ----------------
performed mixing
Frob norm 1 after updating U: 11.4623
200 iterations
f(b) = 137.128
Frob norm 2 after updating B : 11.4661
Iteration number -------- 174  -----------
lambda : 2.36989
max_diff => 0.0621301
------------------------normalized = 0.431739 ----------------
performed mixing
Frob norm 1 after updating U: 11.4623
200 iterations
f(b) = 137.134
Frob norm 2 after updating B : 11.4663
Iteration number -------- 175  -----------
lambda : 2.38174
max_diff => 0.0621444
------------------------normalized = 0.431747 ----------------
performed mixing
Frob norm 1 after updating U: 11.4626
200 iterations
f(b) = 137.131
Frob norm 2 after updating B : 11.4666
Iteration number -------- 176  -----------
lambda : 2.39365
max_diff => 0.0621525
------------------------normalized = 0.431756 ----------------
performed mixing
Frob norm 1 after updating U: 11.4628
200 iterations
f(b) = 137.138
Frob norm 2 after updating B : 11.4664
Iteration number -------- 177  -----------
lambda : 2.40562
max_diff => 0.0621665
------------------------normalized = 0.431749 ----------------
performed mixing
Frob norm 1 after updating U: 11.4627
200 iterations
f(b) = 137.163
Frob norm 2 after updating B : 11.4663
Iteration number -------- 178  -----------
lambda : 2.41765
max_diff => 0.0621768
------------------------normalized = 0.431747 ----------------
performed mixing
Frob norm 1 after updating U: 11.4627
200 iterations
f(b) = 137.168
Frob norm 2 after updating B : 11.4662
Iteration number -------- 179  -----------
lambda : 2.42974
max_diff => 0.0621836
------------------------normalized = 0.431743 ----------------
performed mixing
Frob norm 1 after updating U: 11.4626
200 iterations
f(b) = 137.18
Frob norm 2 after updating B : 11.4663
Iteration number -------- 180  -----------
lambda : 2.44188
max_diff => 0.0621982
------------------------normalized = 0.431744 ----------------
performed mixing
Frob norm 1 after updating U: 11.4628
200 iterations
f(b) = 137.2
Frob norm 2 after updating B : 11.4664
Iteration number -------- 181  -----------
lambda : 2.45409
max_diff => 0.0622034
------------------------normalized = 0.431749 ----------------
performed mixing
Frob norm 1 after updating U: 11.4631
200 iterations
f(b) = 137.225
Frob norm 2 after updating B : 11.4665
Iteration number -------- 182  -----------
lambda : 2.46636
max_diff => 0.0622175
------------------------normalized = 0.431752 ----------------
performed mixing
Frob norm 1 after updating U: 11.4633
200 iterations
f(b) = 137.242
Frob norm 2 after updating B : 11.4659
Iteration number -------- 183  -----------
lambda : 2.4787
max_diff => 0.0622271
------------------------normalized = 0.43173 ----------------
performed mixing
Frob norm 1 after updating U: 11.4629
200 iterations
f(b) = 137.255
Frob norm 2 after updating B : 11.4664
Iteration number -------- 184  -----------
lambda : 2.49109
max_diff => 0.0622355
------------------------normalized = 0.43175 ----------------
performed mixing
Frob norm 1 after updating U: 11.4635
200 iterations
f(b) = 137.287
Frob norm 2 after updating B : 11.4663
Iteration number -------- 185  -----------
lambda : 2.50354
max_diff => 0.0622313
------------------------normalized = 0.431747 ----------------
performed mixing
Frob norm 1 after updating U: 11.4634
200 iterations
f(b) = 137.289
Frob norm 2 after updating B : 11.4664
Iteration number -------- 186  -----------
lambda : 2.51606
max_diff => 0.0622444
------------------------normalized = 0.431751 ----------------
performed mixing
Frob norm 1 after updating U: 11.4638
200 iterations
f(b) = 137.301
Frob norm 2 after updating B : 11.4667
Iteration number -------- 187  -----------
lambda : 2.52864
max_diff => 0.0622548
------------------------normalized = 0.431761 ----------------
performed mixing
Frob norm 1 after updating U: 11.4642
200 iterations
f(b) = 137.323
Frob norm 2 after updating B : 11.4668
Iteration number -------- 188  -----------
lambda : 2.54129
max_diff => 0.0622635
------------------------normalized = 0.431766 ----------------
performed mixing
Frob norm 1 after updating U: 11.4644
200 iterations
f(b) = 137.348
Frob norm 2 after updating B : 11.4668
Iteration number -------- 189  -----------
lambda : 2.55399
max_diff => 0.0622674
------------------------normalized = 0.431766 ----------------
performed mixing
Frob norm 1 after updating U: 11.4644
200 iterations
f(b) = 137.376
Frob norm 2 after updating B : 11.4667
Iteration number -------- 190  -----------
lambda : 2.56676
max_diff => 0.062271
------------------------normalized = 0.431761 ----------------
performed mixing
Frob norm 1 after updating U: 11.4645
200 iterations
f(b) = 137.374
Frob norm 2 after updating B : 11.4674
Iteration number -------- 191  -----------
lambda : 2.5796
max_diff => 0.0622869
------------------------normalized = 0.431787 ----------------
performed mixing
Frob norm 1 after updating U: 11.4654
200 iterations
f(b) = 137.41
Frob norm 2 after updating B : 11.4677
Iteration number -------- 192  -----------
lambda : 2.59249
max_diff => 0.0622875
------------------------normalized = 0.431798 ----------------
performed mixing
Frob norm 1 after updating U: 11.4657
200 iterations
f(b) = 137.416
Frob norm 2 after updating B : 11.4681
Iteration number -------- 193  -----------
lambda : 2.60546
max_diff => 0.0622903
------------------------normalized = 0.431813 ----------------
performed mixing
Frob norm 1 after updating U: 11.466
200 iterations
f(b) = 137.465
Frob norm 2 after updating B : 11.4684
Iteration number -------- 194  -----------
lambda : 2.61848
max_diff => 0.0622967
------------------------normalized = 0.431825 ----------------
performed mixing
Frob norm 1 after updating U: 11.4666
200 iterations
f(b) = 137.764
Frob norm 2 after updating B : 11.4681
Iteration number -------- 195  -----------
lambda : 2.63158
max_diff => 0.0622967
------------------------normalized = 0.431814 ----------------
performed mixing
Frob norm 1 after updating U: 11.4667
200 iterations
f(b) = 137.51
Frob norm 2 after updating B : 11.4687
Iteration number -------- 196  -----------
lambda : 2.64473
max_diff => 0.0623022
------------------------normalized = 0.431837 ----------------
performed mixing
Frob norm 1 after updating U: 11.4671
200 iterations
f(b) = 137.552
Frob norm 2 after updating B : 11.4689
Iteration number -------- 197  -----------
lambda : 2.65796
max_diff => 0.0623071
------------------------normalized = 0.431842 ----------------
performed mixing
Frob norm 1 after updating U: 11.4674
200 iterations
f(b) = 137.545
Frob norm 2 after updating B : 11.4698
Iteration number -------- 198  -----------
lambda : 2.67125
max_diff => 0.0623168
------------------------normalized = 0.431878 ----------------
performed mixing
Frob norm 1 after updating U: 11.4684
200 iterations
f(b) = 137.586
Frob norm 2 after updating B : 11.47
Iteration number -------- 199  -----------
lambda : 2.6846
max_diff => 0.0623241
------------------------normalized = 0.431886 ----------------
performed mixing
Frob norm 1 after updating U: 11.4687
200 iterations
f(b) = 137.623
Frob norm 2 after updating B : 11.4706
Iteration number -------- 200  -----------
lambda : 2.69803
max_diff => 0.0623295
------------------------normalized = 0.431909 ----------------
